txValue= 100
Our nodes starting connections: 
(4618, 2796)
(4618, 1223)
(4618, 235)
(4618, 1163)
(4618, 2693)
(4618, 4083)
(4618, 1352)
(4618, 3653)
(4618, 498)
(4618, 1988)
(4618, 646)
(4618, 2461)
K= 2400
8134.0
K= 2401
7403.17234583
K= 2402
8135.75609756
K= 2403
8059.52159219
K= 2404
8827.0
K= 2405
5497.716733
K= 2406
5219.28686714
K= 2407
5252.31452794
K= 2408
3863.45978759
K= 2409
11031.2633591
K= 2410
4833.3153355
K= 2411
5455.14866949
K= 2412
4747.12099817
K= 2413
3695.14683592
K= 2414
4738.10868302
K= 2415
8132.0
K= 2416
1284.38968695
K= 2417
2571.33722208
K= 2418
12203.8617609
K= 2419
5778.26444652
K= 2420
5850.79061359
K= 2421
6717.72471419
K= 2422
4100.7520718
K= 2423
4081.33885518
K= 2424
4068.23681953
K= 2425
4538.83341643
K= 2426
8138.46615649
K= 2427
1356.26444652
K= 2428
12714.8690584
K= 2429
8032.99393699
K= 2430
8118.91674632
K= 2431
1521.38268571
K= 2432
4825.22861975
K= 2433
9372.24318354
K= 2434
10196.2825073
K= 2435
5544.50025281
K= 2436
12637.7355995
K= 2437
3981.27703606
K= 2438
8102.34083454
K= 2439
4787.09878356
K= 2440
8107.84556699
K= 2441
16263.3333333
K= 2442
5345.33351158
K= 2443
5125.60555625
K= 2444
5423.8182305
K= 2445
4647.12926827
K= 2446
4733.62997515
K= 2447
8125.89189189
K= 2448
3798.51754408
K= 2449
5463.13800507
K= 2450
8129.87112397
K= 2451
8127.1159913
K= 2452
4774.51295362
K= 2453
4297.70538591
K= 2454
5661.99362377
K= 2455
4068.23681953
K= 2456
8827.0
K= 2457
13910.4271941
K= 2458
4923.59784131
K= 2459
8173.58849327
K= 2460
5125.60555625
K= 2461
994.771503947
K= 2462
11224.4114024
K= 2463
5389.94578071
K= 2464
8827.0
K= 2465
8133.72972973
K= 2466
8120.96670007
K= 2467
8032.99393699
K= 2468
4743.82731196
K= 2469
5096.74030381
K= 2470
8130.66666667
K= 2471
3794.45978759
K= 2472
5350.68409794
K= 2473
8063.47088154
K= 2474
9737.22978724
K= 2475
4603.34934173
K= 2476
4719.39594853
K= 2477
7387.56454924
K= 2478
4819.26002817
K= 2479
4605.72290554
K= 2480
5426.78034062
K= 2481
5777.26306867
K= 2482
3675.68010514
K= 2483
5125.60555625
K= 2484
3751.5447075
K= 2485
9747.49724706
K= 2486
8827.0
K= 2487
13855.7784675
K= 2488
5367.97158465
K= 2489
6040.33871655
K= 2490
8086.78864744
K= 2491
3891.2997046
K= 2492
4713.12986972
K= 2493
5392.3302145
K= 2494
8140.0
K= 2495
5129.81571138
K= 2496
8791.66832539
K= 2497
5125.60555625
K= 2498
4068.23681953
K= 2499
5112.70214007
K= 2500
5125.60555625
K= 2501
5125.60555625
K= 2502
3796.45978759
K= 2503
5074.22577591
K= 2504
5125.60555625
K= 2505
5125.60555625
K= 2506
5061.11727809
K= 2507
5125.60555625
K= 2508
5169.76570227
K= 2509
8129.8
K= 2510
5393.29692441
K= 2511
5803.15817982
K= 2512
8134.0
K= 2513
3755.56040151
K= 2514
3925.9559524
K= 2515
3686.0
K= 2516
11709.4654927
K= 2517
6120.81414365
K= 2518
4864.88926062
K= 2519
5125.60555625
K= 2520
11217.1871128
K= 2521
8999.36759821
K= 2522
4872.44021145
K= 2523
5679.31077816
K= 2524
4618.99020198
K= 2525
5029.39511721
K= 2526
3706.96092057
K= 2527
1183.94427368
K= 2528
4906.77243389
K= 2529
8134.0
K= 2530
8140.0
K= 2531
5125.81165386
K= 2532
1550.38258916
K= 2533
8130.59899334
K= 2534
9337.2322474
K= 2535
3799.6554042
K= 2536
3611.69307012
K= 2537
8031.99393699
K= 2538
8131.66666667
K= 2539
8129.87951807
K= 2540
5245.36950679
K= 2541
4835.62940924
K= 2542
4009.90380542
K= 2543
36929.6921334
K= 2544
3735.05456815
K= 2545
8132.8
K= 2546
8131.77777778
K= 2547
8131.33333333
K= 2548
7766.27974467
K= 2549
3787.66615862
K= 2550
8827.0
K= 2551
4068.23681953
K= 2552
8134.0
K= 2553
9485.24296537
K= 2554
5035.20563461
K= 2555
8116.05780643
K= 2556
5397.23697168
K= 2557
6685.425056
K= 2558
5535.01191935
K= 2559
1860.71770334
K= 2560
8091.72241461
K= 2561
4854.91083312
K= 2562
5203.2704699
K= 2563
5900.00310912
K= 2564
8083.59134291
K= 2565
17654.0
K= 2566
5411.20773984
K= 2567
8134.0
K= 2568
5639.81194248
K= 2569
5672.63890908
K= 2570
3892.2997046
K= 2571
8128.88571429
K= 2572
8134.0
K= 2573
8135.0
K= 2574
4949.36907297
K= 2575
13785.3553246
K= 2576
8119.2323116
K= 2577
4044.06516078
K= 2578
8827.0
K= 2579
8406.23681953
K= 2580
8119.53393166
K= 2581
14619.9041106
K= 2582
5096.05747514
K= 2583
6631.47124812
K= 2584
5189.34011207
K= 2585
4538.60250229
K= 2586
8826.0
K= 2587
3832.23810049
K= 2588
9720.55246741
K= 2589
7986.00217936
K= 2590
5528.29660527
K= 2591
8107.93430021
K= 2592
6012.61818586
K= 2593
5179.32059371
K= 2594
5125.60555625
K= 2595
6703.03976918
K= 2596
3891.2997046
K= 2597
1399.52086079
K= 2598
8031.99393699
K= 2599
3809.75
K= 2600
8119.63170814
K= 2601
8123.36457568
K= 2602
9461.27217729
K= 2603
8131.42857143
K= 2604
3217.9007981
K= 2605
2639.1252318
K= 2606
7935.54291523
K= 2607
4068.23681953
K= 2608
10487.6094681
K= 2609
6894.287121
K= 2610
8120.91304348
K= 2611
5982.49846153
K= 2612
5069.11086404
K= 2613
11554.528893
K= 2614
8132.91304348
K= 2615
3675.68010514
K= 2616
4694.67488308
K= 2617
3675.68010514
K= 2618
5134.16625984
K= 2619
8827.0
K= 2620
8133.91549296
K= 2621
7890.31067227
K= 2622
4756.44385385
K= 2623
5627.99236985
K= 2624
5036.38094509
K= 2625
8132.5
K= 2626
8133.75
K= 2627
8193.71851895
K= 2628
9322.02478948
K= 2629
9339.38948577
K= 2630
8133.0
K= 2631
5683.46495983
K= 2632
1429.16397928
K= 2633
8827.0
K= 2634
8132.5
K= 2635
8129.8
K= 2636
8131.77777778
K= 2637
8126.91304348
K= 2638
8083.89623399
K= 2639
3891.2997046
K= 2640
5125.60555625
K= 2641
4068.23681953
K= 2642
8119.42479493
K= 2643
5144.77197543
K= 2644
8140.69436481
K= 2645
1292.86695511
K= 2646
4745.43754413
K= 2647
3831.27703606
K= 2648
5426.99063542
K= 2649
8118.85177818
K= 2650
8128.71428571
K= 2651
5384.65887074
K= 2652
12605.6929878
K= 2653
5104.23604761
K= 2654
8128.72727273
K= 2655
9239.55173154
K= 2656
8128.0
K= 2657
5674.04565364
K= 2658
2443.21037778
K= 2659
3698.57909472
K= 2660
8131.88571429
K= 2661
6336.25384856
K= 2662
3891.2997046
K= 2663
9151.28967155
K= 2664
5972.10330298
K= 2665
8122.59833068
K= 2666
5581.08925133
K= 2667
6250.04145366
K= 2668
4974.54253436
K= 2669
3694.4644461
K= 2670
4949.61400138
K= 2671
5452.95566403
K= 2672
8827.0
K= 2673
8134.72972973
K= 2674
5432.54431571
K= 2675
5463.80360997
K= 2676
3394.74979797
K= 2677
4582.69380658
K= 2678
3891.2997046
K= 2679
7838.08244733
K= 2680
8133.85714286
K= 2681
5679.31077816
K= 2682
10050.5132918
K= 2683
4068.23681953
K= 2684
4068.23681953
K= 2685
5002.19989116
K= 2686
3735.05456815
K= 2687
4068.23681953
K= 2688
9885.2681508
K= 2689
8134.72972973
K= 2690
8116.17828513
K= 2691
8130.68421053
K= 2692
3650.15221187
K= 2693
2992.39792092
K= 2694
8137.68421053
K= 2695
3837.72972973
K= 2696
9823.05468872
K= 2697
8119.38592796
K= 2698
5392.3302145
K= 2699
5427.34604384
K= 2700
5125.24841339
K= 2701
8127.48551701
K= 2702
5169.23553907
K= 2703
6069.87997887
K= 2704
3796.46707241
K= 2705
4860.076127
K= 2706
5414.75448437
K= 2707
4013.27703606
K= 2708
3900.54220534
K= 2709
5125.60555625
K= 2710
11226.5256881
K= 2711
3654.45978759
K= 2712
5896.07918357
K= 2713
4871.8830891
K= 2714
4842.61828982
K= 2715
9519.70963292
K= 2716
3575.66443162
K= 2717
3829.27703606
K= 2718
13827.9578826
K= 2719
4882.37558824
K= 2720
3891.2997046
K= 2721
8106.16339457
K= 2722
8167.40781483
K= 2723
8133.90728477
K= 2724
3735.05456815
K= 2725
8198.23736047
K= 2726
5614.26284406
K= 2727
8127.0
K= 2728
4891.92119658
K= 2729
8137.55074931
K= 2730
8089.41630094
K= 2731
8126.74193548
K= 2732
8125.72222222
K= 2733
4645.80798538
K= 2734
3575.66443162
K= 2735
8134.0
K= 2736
8106.9
K= 2737
5125.60555625
K= 2738
7335.96354117
K= 2739
5611.3453002
K= 2740
8032.99393699
K= 2741
14421.5644676
K= 2742
4819.33345725
K= 2743
5125.60555625
K= 2744
13772.4768608
K= 2745
37080.4676017
K= 2746
4068.23681953
K= 2747
6066.76717952
K= 2748
8134.72972973
K= 2749
8131.53846154
K= 2750
9518.2325548
K= 2751
5125.60555625
K= 2752
5125.60555625
K= 2753
6002.63185046
K= 2754
8153.95132052
K= 2755
3829.30657127
K= 2756
8128.07585702
K= 2757
19461.2059629
K= 2758
8197.72288285
K= 2759
8827.0
K= 2760
7793.6391824
K= 2761
5466.97598983
K= 2762
8140.0
K= 2763
4179.49829063
K= 2764
3666.45978759
K= 2765
4956.30459112
K= 2766
8133.0
K= 2767
3657.6554042
K= 2768
4902.40916546
K= 2769
3799.0
K= 2770
12609.3066616
K= 2771
3797.75
K= 2772
4913.19346958
K= 2773
4804.00549292
K= 2774
4853.17746757
K= 2775
8827.0
K= 2776
4644.50936725
K= 2777
2030.91698921
K= 2778
8133.80392157
K= 2779
3804.0
K= 2780
5169.53824595
K= 2781
5463.14127389
K= 2782
6069.19029646
K= 2783
4913.36782083
K= 2784
8126.5
K= 2785
8125.64841773
K= 2786
5125.60555625
K= 2787
8791.00394326
K= 2788
10209.5644263
K= 2789
4596.30330341
K= 2790
5030.82119515
K= 2791
8134.0
K= 2792
6027.17670166
K= 2793
6232.48872803
K= 2794
5410.66998994
K= 2795
5125.60555625
K= 2796
3694.33839049
K= 2797
18723.0451763
K= 2798
4697.68976025
K= 2799
27923.8307847
K= 2800
5368.04108934
K= 2801
8130.88337693
K= 2802
8132.63636364
K= 2803
9115.15577514
K= 2804
4068.23681953
K= 2805
4815.78079004
K= 2806
5125.60555625
K= 2807
5226.03503637
K= 2808
5148.32128849
K= 2809
5268.69337169
K= 2810
3650.15221187
K= 2811
5506.58302417
K= 2812
2785.29198941
K= 2813
1399.4850674
K= 2814
6890.01569567
K= 2815
4068.23681953
K= 2816
4676.82814887
K= 2817
8087.21016912
K= 2818
17076.0
K= 2819
5449.28117044
K= 2820
3934.70239214
K= 2821
8121.33649121
K= 2822
7851.65299237
K= 2823
8110.26737096
K= 2824
6464.99563977
K= 2825
8105.98503689
K= 2826
494.109540444
K= 2827
3888.05456815
K= 2828
5013.52909988
K= 2829
4844.49233562
K= 2830
3891.2997046
K= 2831
4068.23681953
K= 2832
5996.74164682
K= 2833
4819.26002817
K= 2834
5386.87294998
K= 2835
8827.0
K= 2836
24379.5
K= 2837
3694.38790148
K= 2838
8132.5
K= 2839
8130.0
K= 2840
4793.53264238
K= 2841
8126.5
K= 2842
8132.36539022
K= 2843
8026.33164062
K= 2844
5038.35900479
K= 2845
5930.71662851
K= 2846
7776.49283149
K= 2847
5576.88741009
K= 2848
14123.2273059
K= 2849
1042.35882982
K= 2850
4869.87179274
K= 2851
8186.19561283
K= 2852
8114.66954204
K= 2853
8134.0
K= 2854
5356.11820968
K= 2855
3892.88277074
K= 2856
9409.76222586
K= 2857
6000.90843846
K= 2858
8130.0
K= 2859
4694.15053195
K= 2860
7939.13119266
K= 2861
10278.9644784
K= 2862
3652.23126042
K= 2863
8132.14421761
K= 2864
5541.59427171
K= 2865
7453.89230769
K= 2866
8133.9
K= 2867
8039.42247876
K= 2868
3112.64962021
K= 2869
32238.5069156
K= 2870
4933.08464082
K= 2871
8138.77777778
K= 2872
8140.0
K= 2873
8101.05071894
K= 2874
5614.26284406
K= 2875
8154.48064197
K= 2876
5125.60555625
K= 2877
5125.60555625
K= 2878
5124.85555625
K= 2879
5132.27688874
K= 2880
5614.26284406
K= 2881
8134.0
K= 2882
8112.13297188
K= 2883
8132.82329245
K= 2884
8077.39364406
K= 2885
4396.30976539
K= 2886
5614.26284406
K= 2887
8080.28502745
K= 2888
5669.59300526
K= 2889
5155.64297226
K= 2890
4731.08898028
K= 2891
5371.68946486
K= 2892
5125.60555625
K= 2893
1383.69786425
K= 2894
4068.23681953
K= 2895
7841.37310828
K= 2896
16255.6363636
K= 2897
8131.89189189
K= 2898
6487.24876088
K= 2899
2249.67517113
K= 2900
7774.4601987
K= 2901
7237.65847421
K= 2902
7853.52807781
K= 2903
5614.26284406
K= 2904
5125.60555625
K= 2905
3611.69307012
K= 2906
8133.85714286
K= 2907
9322.35800222
K= 2908
8126.5085382
K= 2909
3651.15221187
K= 2910
12569.1805999
K= 2911
4827.30767977
K= 2912
8119.71719107
K= 2913
4900.23265767
K= 2914
3891.2997046
K= 2915
3650.15221187
K= 2916
5345.26080891
K= 2917
7997.28159514
K= 2918
8132.0
K= 2919
9009.70233613
K= 2920
5125.60555625
K= 2921
8827.0
K= 2922
8129.0
K= 2923
5125.60555625
K= 2924
19793.9673472
K= 2925
6465.38808712
K= 2926
11606.282021
K= 2927
8129.5
K= 2928
8128.72727273
K= 2929
4955.41634604
K= 2930
6388.47486352
K= 2931
2125.23130283
K= 2932
5125.60555625
K= 2933
8134.72972973
K= 2934
5173.97113992
K= 2935
4792.96498448
K= 2936
2165.69641225
K= 2937
5461.18038271
K= 2938
5672.62498439
K= 2939
4958.31885957
K= 2940
5190.57349511
K= 2941
6982.44596836
K= 2942
27871.307524
K= 2943
5019.77699651
K= 2944
5107.43157
K= 2945
3858.68010514
K= 2946
8133.85714286
K= 2947
3822.72972973
K= 2948
5410.34706862
K= 2949
5125.60555625
K= 2950
4068.23681953
K= 2951
10692.3564626
K= 2952
8103.89366949
K= 2953
7794.4391824
K= 2954
3805.0
K= 2955
5235.00099765
K= 2956
4068.23681953
K= 2957
4075.34689844
K= 2958
8134.0
K= 2959
5811.66709802
K= 2960
3826.85714286
K= 2961
8130.47402597
K= 2962
5125.60555625
K= 2963
7958.02433905
K= 2964
8130.1011456
K= 2965
4966.74685745
K= 2966
8142.00799342
K= 2967
10249.2111125
K= 2968
3443.92262421
K= 2969
6226.28317699
K= 2970
8134.0
K= 2971
8137.73333333
K= 2972
4068.23681953
K= 2973
5041.67266826
K= 2974
4849.42694094
K= 2975
5147.9118592
K= 2976
8103.04333772
K= 2977
8117.72768003
K= 2978
3801.89523395
K= 2979
5125.60555625
K= 2980
5044.49190625
K= 2981
3801.5
K= 2982
5125.60555625
K= 2983
5471.85372792
K= 2984
5297.43429897
K= 2985
3797.45978759
K= 2986
4935.94040108
K= 2987
8140.69436481
K= 2988
8241.2997046
K= 2989
3891.2997046
K= 2990
8124.31216931
K= 2991
4068.23681953
K= 2992
4822.17261095
K= 2993
5372.75069974
K= 2994
18349.992
K= 2995
5372.75069974
K= 2996
7966.31333942
K= 2997
1670.02484169
K= 2998
8395.83169758
K= 2999
5424.55788649
K= 3000
4614.7521333
K= 3001
8132.46705882
K= 3002
9220.23603311
K= 3003
4816.5217117
K= 3004
8133.13333333
K= 3005
8102.06869673
K= 3006
5366.77591204
K= 3007
3891.2997046
K= 3008
13930.6102125
K= 3009
5945.24129939
K= 3010
8074.15221187
K= 3011
8128.62318841
K= 3012
8131.99007471
K= 3013
4762.81455772
K= 3014
5125.60555625
K= 3015
8140.0
K= 3016
8134.0
K= 3017
4924.57111352
K= 3018
5524.92062749
K= 3019
8128.81818182
K= 3020
5410.34706862
K= 3021
3819.68421053
K= 3022
5027.15104204
K= 3023
8132.0
K= 3024
8133.80952381
K= 3025
1898.99078298
K= 3026
6128.62326705
K= 3027
3646.08073925
K= 3028
4755.16763375
K= 3029
4068.23681953
K= 3030
3724.75
K= 3031
8129.0
K= 3032
9988.00257676
K= 3033
14052.9617121
K= 3034
5758.38887478
K= 3035
5424.56491193
K= 3036
8182.97373956
K= 3037
8827.0
K= 3038
5389.94578071
K= 3039
5069.04153737
K= 3040
5359.14045877
K= 3041
3891.2997046
K= 3042
8138.84
K= 3043
3891.2997046
K= 3044
3877.05456815
K= 3045
4665.60131805
K= 3046
4735.63777882
K= 3047
9243.01713036
K= 3048
4910.36971359
K= 3049
5233.75755978
K= 3050
8120.71119783
K= 3051
9326.81555204
K= 3052
5125.60555625
K= 3053
8877.74327249
K= 3054
5123.49302989
K= 3055
8134.0
K= 3056
5125.60555625
K= 3057
4068.23681953
K= 3058
8132.01392982
K= 3059
5125.60555625
K= 3060
5125.60555625
K= 3061
8131.66666667
K= 3062
1209.15528643
K= 3063
8132.8
K= 3064
8134.0
K= 3065
4068.23681953
K= 3066
8132.75
K= 3067
5001.94475332
K= 3068
4809.93073682
K= 3069
8087.16064861
K= 3070
3657.6554042
K= 3071
5447.83733627
K= 3072
8134.0
K= 3073
8827.0
K= 3074
8827.0
K= 3075
9211.10441004
K= 3076
4922.49583899
K= 3077
1748.669243
K= 3078
8134.0
K= 3079
3575.66443162
K= 3080
5046.15509129
K= 3081
5767.6766636
K= 3082
4984.38670101
K= 3083
8204.72454126
K= 3084
4068.23681953
K= 3085
5307.94533189
K= 3086
5095.46334715
K= 3087
5279.28790643
K= 3088
5614.26284406
K= 3089
8192.51946203
K= 3090
2031.52882943
K= 3091
3575.66443162
K= 3092
3654.45978759
K= 3093
5455.42565253
K= 3094
8032.99393699
K= 3095
5610.21588052
K= 3096
5154.28150391
K= 3097
5404.10525194
K= 3098
5125.60555625
K= 3099
18853.6179738
K= 3100
4936.34340242
K= 3101
11221.2045302
K= 3102
8127.12049191
K= 3103
8167.49698475
K= 3104
5018.38268071
K= 3105
5125.60555625
K= 3106
5591.17024161
K= 3107
3685.42444085
K= 3108
8132.77777778
K= 3109
5108.80670287
K= 3110
8144.80916089
K= 3111
8827.0
K= 3112
4068.23681953
K= 3113
3943.0
K= 3114
9583.54295118
K= 3115
5386.77294998
K= 3116
5266.00549165
K= 3117
8083.97119938
K= 3118
52962.0
K= 3119
5610.66895591
K= 3120
4783.02931533
K= 3121
8132.36470588
K= 3122
4791.48222012
K= 3123
8133.0
K= 3124
52962.0
K= 3125
8135.0
K= 3126
8130.10451175
K= 3127
523.171799909
K= 3128
3674.34539752
K= 3129
19535.5180289
K= 3130
3657.6554042
K= 3131
1833.1844922
K= 3132
1795.18204908
K= 3133
18262.5520243
K= 3134
4658.47175152
K= 3135
7917.75787428
K= 3136
5984.81875711
K= 3137
5397.13195155
K= 3138
3871.27703606
K= 3139
8134.0
K= 3140
8075.42997498
K= 3141
5125.60555625
K= 3142
4950.44929271
K= 3143
3892.95421261
K= 3144
5687.71428919
K= 3145
5192.22080878
K= 3146
8032.99393699
K= 3147
4068.23681953
K= 3148
5040.11693361
K= 3149
6637.32426022
K= 3150
5367.6723391
K= 3151
8131.0
K= 3152
8024.40589351
K= 3153
7882.2777699
K= 3154
3829.27703606
K= 3155
8135.0
K= 3156
5125.60555625
K= 3157
7521.8943586
K= 3158
5162.08757452
K= 3159
3064.71259724
K= 3160
8103.4277335
K= 3161
5388.30288291
K= 3162
5013.04118019
K= 3163
8127.81818182
K= 3164
4961.40978121
K= 3165
4031.75873254
K= 3166
3659.33468535
K= 3167
9939.16104757
K= 3168
8827.0
K= 3169
4648.70299244
K= 3170
8132.6
K= 3171
900.860334952
K= 3172
5687.97550658
K= 3173
8827.0
K= 3174
9578.50124521
K= 3175
5391.74465901
K= 3176
3972.27703606
K= 3177
5877.69741811
K= 3178
9624.28401482
K= 3179
5406.510106
K= 3180
7938.85073828
K= 3181
3829.27703606
K= 3182
5393.13854995
K= 3183
8134.72972973
K= 3184
1964.69085298
K= 3185
6487.25241524
K= 3186
5306.13101279
K= 3187
4670.58238323
K= 3188
4848.28020177
K= 3189
4680.31737478
K= 3190
4665.8918501
K= 3191
8827.0
K= 3192
8203.36015345
K= 3193
8132.0
K= 3194
4966.20703631
K= 3195
3575.66443162
K= 3196
8142.65958866
K= 3197
12483.0
K= 3198
4678.74524487
K= 3199
8132.48178138
K= 3200
4885.12656844
K= 3201
5574.89048929
K= 3202
3611.69307012
K= 3203
5526.40175746
K= 3204
5610.06191697
K= 3205
3653.15221187
K= 3206
4068.23681953
K= 3207
9708.13443595
K= 3208
3829.27703606
K= 3209
8827.0
K= 3210
11425.0903196
K= 3211
8134.0
K= 3212
11226.1256881
K= 3213
4068.23681953
K= 3214
8135.84126984
K= 3215
8133.5952381
K= 3216
1852.92961399
K= 3217
4068.23681953
K= 3218
4704.36469699
K= 3219
5359.54328656
K= 3220
4701.07005052
K= 3221
8106.2331612
K= 3222
3904.60998572
K= 3223
1391.67033334
K= 3224
23415.4612888
K= 3225
5299.47233525
K= 3226
8120.41316379
K= 3227
8826.0
K= 3228
52962.0
K= 3229
5574.35085881
K= 3230
5298.74060665
K= 3231
8130.81818182
K= 3232
5971.31344703
K= 3233
8132.77777778
K= 3234
8131.47402597
K= 3235
68973.6876298
K= 3236
8827.0
K= 3237
5142.99434371
K= 3238
5996.74164682
K= 3239
4968.81242799
K= 3240
8134.0
K= 3241
5195.95531629
K= 3242
36526.8108296
K= 3243
7498.66801278
K= 3244
3575.66443162
K= 3245
8131.27667019
K= 3246
31836.7991793
K= 3247
4068.23681953
K= 3248
3654.45978759
K= 3249
3739.39396486
K= 3250
5526.36952362
K= 3251
8028.08484608
K= 3252
5506.99091891
K= 3253
5407.33530473
K= 3254
3611.69307012
K= 3255
9620.33289252
K= 3256
4912.87296508
K= 3257
5125.60555625
K= 3258
11305.9946898
K= 3259
5078.08334854
K= 3260
4656.34601822
K= 3261
3575.66443162
K= 3262
5522.66919986
K= 3263
8133.87586207
K= 3264
7662.13840692
K= 3265
52962.0
K= 3266
5523.60575373
K= 3267
2178.02311132
K= 3268
4908.96865215
K= 3269
5363.73008128
K= 3270
8827.0
K= 3271
4614.60176211
K= 3272
3891.2997046
K= 3273
8133.8974359
K= 3274
8069.15814797
K= 3275
4068.23681953
K= 3276
8091.36759572
K= 3277
4887.18311166
K= 3278
4938.9776367
K= 3279
4826.13236174
K= 3280
1634.33722606
K= 3281
5125.60555625
K= 3282
8054.54378283
K= 3283
4918.11566323
K= 3284
8132.66666667
K= 3285
9496.4969994
K= 3286
5477.01377208
K= 3287
3829.27703606
K= 3288
8098.04054321
K= 3289
8130.0
K= 3290
4934.00749068
K= 3291
9214.533285
K= 3292
1383.69786425
K= 3293
4899.73153672
K= 3294
6297.79575647
K= 3295
8187.61352728
K= 3296
8130.7254902
K= 3297
8121.5932651
K= 3298
8125.26140873
K= 3299
5125.23055625
K= 3300
4670.95452889
K= 3301
5615.05744559
K= 3302
4068.23681953
K= 3303
5125.60555625
K= 3304
14562.4762912
K= 3305
8129.71428571
K= 3306
5396.87102491
K= 3307
8130.64529694
K= 3308
5614.59763125
K= 3309
8132.6
K= 3310
5456.29922505
K= 3311
5613.86214009
K= 3312
5125.94525012
K= 3313
4054.01618993
K= 3314
8132.5
K= 3315
5230.50325084
K= 3316
8171.05630399
K= 3317
4960.7351498
K= 3318
3675.68010514
K= 3319
5623.87054051
K= 3320
4835.80090622
K= 3321
8126.84210526
K= 3322
4068.23681953
K= 3323
4897.99731385
K= 3324
9297.90960328
K= 3325
4874.13185543
K= 3326
4886.63947121
K= 3327
17629.7777054
K= 3328
4863.57705648
K= 3329
4844.95686983
K= 3330
4910.68123427
K= 3331
7947.81251134
K= 3332
8132.77777778
K= 3333
5972.61344703
K= 3334
5125.60555625
K= 3335
3829.27703606
K= 3336
18457.8019001
K= 3337
8120.0
K= 3338
3905.61840222
K= 3339
16252.3175592
K= 3340
5288.1033981
K= 3341
3933.0
K= 3342
8827.0
K= 3343
11536.332079
K= 3344
5435.86486326
K= 3345
8088.79674833
K= 3346
8054.79081372
K= 3347
4697.32265922
K= 3348
8112.18779793
K= 3349
17654.0
K= 3350
8124.8531526
K= 3351
5450.24676624
K= 3352
36464.9013421
K= 3353
5125.60555625
K= 3354
17654.0
K= 3355
5059.18366357
K= 3356
624.721444002
K= 3357
13740.0666824
K= 3358
3817.68010514
K= 3359
20885.0403983
K= 3360
3762.70599023
K= 3361
8131.5
K= 3362
5521.09679635
K= 3363
8134.04244312
K= 3364
4068.23681953
K= 3365
4068.23681953
K= 3366
5125.60555625
K= 3367
8131.75
K= 3368
5211.43584195
K= 3369
5070.3525768
K= 3370
3675.68010514
K= 3371
8124.33992095
K= 3372
4760.99601145
K= 3373
8131.0
K= 3374
5679.31077816
K= 3375
3898.75061605
K= 3376
5597.02619405
K= 3377
8134.0
K= 3378
6457.34113302
K= 3379
3829.27703606
K= 3380
5129.81571138
K= 3381
3675.68010514
K= 3382
3892.2997046
K= 3383
4068.23681953
K= 3384
8125.16531896
K= 3385
8091.56402791
K= 3386
3650.15221187
K= 3387
4068.23681953
K= 3388
4068.23681953
K= 3389
8128.0
K= 3390
4813.03281238
K= 3391
8318.1648773
K= 3392
8187.32328381
K= 3393
8132.67164179
K= 3394
6250.04145366
K= 3395
3735.05456815
K= 3396
8044.78677872
K= 3397
4068.23681953
K= 3398
8084.23275034
K= 3399
8120.06869673
K= 3400
8827.0
K= 3401
8827.0
K= 3402
8125.81818182
K= 3403
8133.68774704
K= 3404
8131.6
K= 3405
1688.37383049
K= 3406
1571.53494004
K= 3407
8136.29613782
K= 3408
5379.05460502
K= 3409
4791.42185682
K= 3410
8130.66666667
K= 3411
4878.51219123
K= 3412
4921.17089554
K= 3413
5061.24512839
K= 3414
8134.0
K= 3415
4630.32408296
K= 3416
7688.71082686
K= 3417
4778.0039538
K= 3418
5125.60555625
K= 3419
5132.59823694
K= 3420
5134.27031376
K= 3421
4656.34489027
K= 3422
8116.8974359
K= 3423
5125.60555625
K= 3424
8138.84
K= 3425
8013.38318686
K= 3426
8139.0
K= 3427
4724.73793495
K= 3428
5616.72977527
K= 3429
4677.34442548
K= 3430
3650.15221187
K= 3431
4912.6609324
K= 3432
8132.6
K= 3433
5447.83733627
K= 3434
4912.46102108
K= 3435
6247.96453058
K= 3436
7236.99180754
K= 3437
8120.40645161
K= 3438
5777.26306867
K= 3439
4068.23681953
K= 3440
4068.23681953
K= 3441
7461.85675302
K= 3442
5125.60555625
K= 3443
5024.55186896
K= 3444
8827.0
K= 3445
8134.0
K= 3446
8827.0
K= 3447
5675.1284205
K= 3448
8075.28245839
K= 3449
4863.12673425
K= 3450
6012.06664417
K= 3451
8827.0
K= 3452
9687.08774003
K= 3453
5125.42188278
K= 3454
8022.11796453
K= 3455
5640.41432165
K= 3456
5614.26284406
K= 3457
5385.69274601
K= 3458
4068.23681953
K= 3459
5125.60555625
K= 3460
3650.15221187
K= 3461
5125.60555625
K= 3462
8133.81395349
K= 3463
8172.05630399
K= 3464
4982.58958833
K= 3465
5170.72135319
K= 3466
5313.75422389
K= 3467
6993.6917685
K= 3468
2476.27882272
K= 3469
4068.23681953
K= 3470
13580.9805177
K= 3471
4906.38509958
K= 3472
8130.88571429
K= 3473
8137.68421053
K= 3474
5059.21606109
K= 3475
4068.23681953
K= 3476
8131.72561537
K= 3477
5531.85879212
K= 3478
5139.2068202
K= 3479
4824.3246307
K= 3480
3675.68010514
K= 3481
8122.51215948
K= 3482
8126.0
K= 3483
5479.01481336
K= 3484
5045.0738731
K= 3485
4992.4009979
K= 3486
5125.68519678
K= 3487
3891.2997046
K= 3488
3891.2997046
K= 3489
5125.60555625
K= 3490
7937.05720444
K= 3491
22975.7868727
K= 3492
8827.0
K= 3493
17795.230109
K= 3494
8827.0
K= 3495
8133.85714286
K= 3496
8124.53284725
K= 3497
8147.20916089
K= 3498
5170.90561276
K= 3499
5260.85646193
K= 3500
4932.7510102
K= 3501
3819.68421053
K= 3502
4068.23681953
K= 3503
3829.27703606
K= 3504
8160.6522544
K= 3505
8133.8974359
K= 3506
3829.27703606
K= 3507
3799.2118294
K= 3508
5049.19287586
K= 3509
5125.47512146
K= 3510
8133.34920635
K= 3511
6008.30560315
K= 3512
4068.23681953
K= 3513
5466.69029157
K= 3514
4672.96092551
K= 3515
5210.88864531
K= 3516
6250.04145366
K= 3517
1480.44269629
K= 3518
9183.75305806
K= 3519
4878.52313975
K= 3520
4765.6079014
K= 3521
4068.23681953
K= 3522
5125.60555625
K= 3523
4068.23681953
K= 3524
5731.24065644
K= 3525
5132.00748906
K= 3526
5076.4517596
K= 3527
8133.82857143
K= 3528
5149.16167368
K= 3529
3891.2997046
K= 3530
4037.36317993
K= 3531
8201.87638727
K= 3532
8130.77777778
K= 3533
5607.1206145
K= 3534
6013.95151919
K= 3535
2703.10574493
K= 3536
5125.60555625
K= 3537
3891.2997046
K= 3538
5506.99091891
K= 3539
8139.1767732
K= 3540
11482.0801798
K= 3541
8103.97702242
K= 3542
10162.4589222
K= 3543
6819.51071405
K= 3544
8827.0
K= 3545
7986.03707384
K= 3546
8827.0
K= 3547
4068.23681953
K= 3548
4929.35801887
K= 3549
5125.60555625
K= 3550
3891.2997046
K= 3551
5178.74268294
K= 3552
5772.1316315
K= 3553
5125.60555625
K= 3554
8127.48447255
K= 3555
5125.60555625
K= 3556
8140.0
K= 3557
5775.71369314
K= 3558
9749.23093751
K= 3559
7988.22456565
K= 3560
4692.79186798
K= 3561
4767.20635655
K= 3562
4969.86882297
K= 3563
8129.76
K= 3564
9274.75747783
K= 3565
8133.53846154
K= 3566
4998.11772246
K= 3567
8131.0
K= 3568
8105.3627807
K= 3569
8135.0
K= 3570
4068.23681953
K= 3571
4068.23681953
K= 3572
8032.99393698
K= 3573
8133.0
K= 3574
3977.0580386
K= 3575
8131.71428571
K= 3576
4068.23681953
K= 3577
4869.62281923
K= 3578
8129.83012821
K= 3579
6084.72457716
K= 3580
8133.91780822
K= 3581
32993.5945872
K= 3582
8130.71428571
K= 3583
3650.15221187
K= 3584
8032.99393698
K= 3585
6465.38808712
K= 3586
3896.80226061
K= 3587
8134.0
K= 3588
4771.77092579
K= 3589
5208.08727251
K= 3590
7391.23624906
K= 3591
12600.0
K= 3592
8827.0
K= 3593
8143.59559232
K= 3594
5379.75973759
K= 3595
3816.6554042
K= 3596
5048.89779373
K= 3597
8056.82766545
K= 3598
4068.23681953
K= 3599
5132.9844086
K= 3600
5515.43978541
K= 3601
4816.82379345
K= 3602
7744.12894408
K= 3603
3877.58337069
K= 3604
8140.68753004
K= 3605
8116.09710849
K= 3606
3871.27703606
K= 3607
2665.4026092
K= 3608
8827.0
K= 3609
14165.3231456
K= 3610
8827.0
K= 3611
3704.45978759
K= 3612
3692.46276097
K= 3613
8088.32495524
K= 3614
5520.01698757
K= 3615
8128.0
K= 3616
9353.09750756
K= 3617
3891.2997046
K= 3618
5097.63668285
K= 3619
8119.3197122
K= 3620
5205.62840274
K= 3621
4921.37307521
K= 3622
5259.40301285
K= 3623
6484.99821349
K= 3624
8129.0
K= 3625
4644.02622899
K= 3626
8136.79043124
K= 3627
8132.5
K= 3628
7210.49236868
K= 3629
3784.91304348
K= 3630
4653.73381645
K= 3631
8126.59913642
K= 3632
8131.87951807
K= 3633
4748.83374405
K= 3634
8134.0
K= 3635
5125.60555625
K= 3636
5506.00319273
K= 3637
5476.38178648
K= 3638
4661.32440432
K= 3639
8134.0
K= 3640
5610.94463217
K= 3641
4597.38749796
K= 3642
3324.81381071
K= 3643
3829.27703606
K= 3644
5127.76306201
K= 3645
5451.99449129
K= 3646
3678.26924025
K= 3647
10668.1114665
K= 3648
5778.26444652
K= 3649
8130.04688858
K= 3650
8132.5
K= 3651
8131.79591837
K= 3652
8134.0
K= 3653
2378.90248324
K= 3654
3844.75609756
K= 3655
3650.15221187
K= 3656
3771.0
K= 3657
8128.81818182
K= 3658
7957.31635887
K= 3659
5615.34120944
K= 3660
4068.23681953
K= 3661
4886.22483866
K= 3662
5126.92026512
K= 3663
3611.69307012
K= 3664
8136.66868036
K= 3665
5013.91397979
K= 3666
5153.23518862
K= 3667
8087.66594509
K= 3668
8827.0
K= 3669
4739.53653103
K= 3670
18404.1165711
K= 3671
3822.27703606
K= 3672
8123.8974359
K= 3673
4068.23681953
K= 3674
5028.92573964
K= 3675
5527.95410304
K= 3676
8044.37149009
K= 3677
4656.6737214
K= 3678
8134.0
K= 3679
13015.4297859
K= 3680
5071.21983154
K= 3681
5045.71214597
K= 3682
4477.69401346
K= 3683
7888.97308308
K= 3684
13755.7145226
K= 3685
6250.04145366
K= 3686
5406.22073206
K= 3687
8072.13237814
K= 3688
4068.23681953
K= 3689
5237.66821667
K= 3690
13888.0418558
K= 3691
8136.85714286
K= 3692
8081.06152687
K= 3693
5403.64889409
K= 3694
9250.27362802
K= 3695
5726.6764996
K= 3696
4135.03349779
K= 3697
3675.68010514
K= 3698
8135.81818182
K= 3699
4784.7928008
K= 3700
3790.44112264
K= 3701
7938.84712498
K= 3702
5613.07166759
K= 3703
5203.86343037
K= 3704
5129.47400565
K= 3705
8134.0
K= 3706
5958.08415065
K= 3707
5996.74164682
K= 3708
4857.40402897
K= 3709
4659.12314365
K= 3710
7964.34828447
K= 3711
4959.44631603
K= 3712
8132.0
K= 3713
4739.25362151
K= 3714
12587.5614119
K= 3715
3913.7071426
K= 3716
9453.56233567
K= 3717
8139.85793028
K= 3718
4826.68118981
K= 3719
8827.0
K= 3720
23891.9965075
K= 3721
5131.67370276
K= 3722
8198.20803403
K= 3723
8071.94567372
K= 3724
3929.01209323
K= 3725
8128.71428571
K= 3726
8134.0
K= 3727
5472.2194352
K= 3728
7824.98784092
K= 3729
12586.2416775
K= 3730
5316.53014047
K= 3731
4768.97637513
K= 3732
10430.5024987
K= 3733
5672.5789242
K= 3734
8131.71428571
K= 3735
8126.87951807
K= 3736
8123.72556668
K= 3737
3920.18899197
K= 3738
8074.31335893
K= 3739
8827.0
K= 3740
8133.71428572
K= 3741
5125.60555625
K= 3742
4771.4718234
K= 3743
5526.46500529
K= 3744
9309.60175028
K= 3745
5455.06165811
K= 3746
6026.68618676
K= 3747
2101.88886179
K= 3748
4903.1065079
K= 3749
8131.92405063
K= 3750
5181.69753343
K= 3751
5125.60555625
K= 3752
4839.81972956
K= 3753
2451.7521605
K= 3754
6472.63272314
K= 3755
3786.41428571
K= 3756
4660.60986415
K= 3757
5002.00523794
K= 3758
8827.0
K= 3759
1383.69786425
K= 3760
9482.9295897
K= 3761
5125.27222291
K= 3762
41515.6790989
K= 3763
8153.93082267
K= 3764
4068.23681953
K= 3765
9083.330866
K= 3766
3829.27703606
K= 3767
3650.15221187
K= 3768
2552.70556166
K= 3769
8131.53105965
K= 3770
5386.003503
K= 3771
4958.82685208
K= 3772
4947.63020153
K= 3773
3735.05456815
K= 3774
6013.95151919
K= 3775
5470.86016966
K= 3776
4929.0934988
K= 3777
5141.31119731
K= 3778
8133.12682165
K= 3779
5461.62381706
K= 3780
4466.68854299
K= 3781
8134.0
K= 3782
6001.70099004
K= 3783
8107.13998279
K= 3784
8132.5
K= 3785
4068.23681953
K= 3786
5788.4664669
K= 3787
9590.76047356
K= 3788
5380.16030468
K= 3789
5125.60555625
K= 3790
7989.18345454
K= 3791
8132.5
K= 3792
5216.48259729
K= 3793
8131.3573846
K= 3794
5397.09510657
K= 3795
5125.60555625
K= 3796
9307.50866273
K= 3797
8082.31570095
K= 3798
8132.5
K= 3799
7652.18855899
K= 3800
5772.21111247
K= 3801
8134.0
K= 3802
4704.9593119
K= 3803
8827.0
K= 3804
4084.35520658
K= 3805
4855.24818706
K= 3806
5078.83585471
K= 3807
4766.57302511
K= 3808
7652.63341158
K= 3809
5059.6852865
K= 3810
8827.0
K= 3811
8120.06869673
K= 3812
5650.55103579
K= 3813
15620.3609934
K= 3814
4869.80237083
K= 3815
3851.65929576
K= 3816
9291.56825349
K= 3817
8137.40456179
K= 3818
8133.88571429
K= 3819
8129.26140873
K= 3820
4933.94299541
K= 3821
7794.4391824
K= 3822
5458.60963396
K= 3823
8827.0
K= 3824
8055.09252985
K= 3825
8827.0
K= 3826
13812.7947057
K= 3827
4949.25959935
K= 3828
10494.55512
K= 3829
8140.94637311
K= 3830
5407.33530473
K= 3831
8071.07933883
K= 3832
5683.12992713
K= 3833
4923.71466561
K= 3834
5956.84118859
K= 3835
5124.81767746
K= 3836
5032.37579685
K= 3837
8131.87179487
K= 3838
8118.83384379
K= 3839
8118.18077881
K= 3840
2113.84280235
K= 3841
8140.69436481
K= 3842
8827.0
K= 3843
5125.60555625
K= 3844
2051.91539463
K= 3845
5034.40677847
K= 3846
5125.60555625
K= 3847
8110.01109394
K= 3848
5040.57218116
K= 3849
1086.80246927
K= 3850
8126.68103448
K= 3851
6188.80393874
K= 3852
8130.0
K= 3853
4737.83772519
K= 3854
14110.7605454
K= 3855
8133.85714286
K= 3856
3575.66443162
K= 3857
5419.60669551
K= 3858
8101.2723333
K= 3859
4943.59398226
K= 3860
6705.17657649
K= 3861
4681.30537084
K= 3862
8132.36470588
K= 3863
11125.9400948
K= 3864
18793.2059672
K= 3865
8117.42982455
K= 3866
8827.0
K= 3867
5125.60555625
K= 3868
7836.4358868
K= 3869
8133.52380952
K= 3870
6225.90749851
K= 3871
5130.0601406
K= 3872
8166.10321945
K= 3873
3829.27703606
K= 3874
4929.71020368
K= 3875
5061.50665461
K= 3876
5125.60555625
K= 3877
5125.60555625
K= 3878
8134.0
K= 3879
9258.67559785
K= 3880
5137.83789069
K= 3881
4862.76240097
K= 3882
5085.13151588
K= 3883
4068.23681953
K= 3884
58646.1360736
K= 3885
8128.71428571
K= 3886
5125.60555625
K= 3887
4887.81115681
K= 3888
1596.40204296
K= 3889
5036.44135986
K= 3890
8126.74193548
K= 3891
3892.81435325
K= 3892
7984.32390726
K= 3893
9482.73580458
K= 3894
4950.24190708
K= 3895
3804.0
K= 3896
5125.60555625
K= 3897
3862.77703606
K= 3898
8169.91332056
K= 3899
3820.5
K= 3900
8827.0
K= 3901
5018.54163085
K= 3902
8138.42444085
K= 3903
8132.66666667
K= 3904
519.452675513
K= 3905
8065.12779561
K= 3906
8132.98916296
K= 3907
10750.6522104
K= 3908
8135.0
K= 3909
8133.6
K= 3910
8134.0
K= 3911
5125.60555625
K= 3912
18333.3032847
K= 3913
8134.0
K= 3914
5664.97936915
K= 3915
5616.30597217
K= 3916
8140.0
K= 3917
8130.56521739
K= 3918
3829.27703606
K= 3919
5125.60555625
K= 3920
6010.02875544
K= 3921
644.09658707
K= 3922
3838.0
K= 3923
8121.37665234
K= 3924
8034.01229202
K= 3925
5033.1837753
K= 3926
12473.9756124
K= 3927
7526.14680243
K= 3928
4890.59644721
K= 3929
7684.81526411
K= 3930
4757.32757466
K= 3931
7676.35686686
K= 3932
5455.2629216
K= 3933
5813.4777971
K= 3934
5527.95410304
K= 3935
8132.0
K= 3936
5125.60555625
K= 3937
4644.57957997
K= 3938
51337.1096858
K= 3939
3788.75761253
K= 3940
5996.74164682
K= 3941
8135.33805301
K= 3942
8032.99393699
K= 3943
3856.4796321
K= 3944
5259.11443357
K= 3945
7852.52807781
K= 3946
3802.75609756
K= 3947
8136.55237922
K= 3948
5614.1575809
K= 3949
3762.2997046
K= 3950
8131.78947368
K= 3951
18721.2563089
K= 3952
8104.00777305
K= 3953
5949.35869187
K= 3954
5679.31077816
K= 3955
5380.19470628
K= 3956
8200.91666355
K= 3957
9703.70975593
K= 3958
8112.532169
K= 3959
4068.23681953
K= 3960
8827.0
K= 3961
8031.99393699
K= 3962
6139.30325431
K= 3963
5125.60555625
K= 3964
5996.74164682
K= 3965
10289.9579051
K= 3966
8133.53846154
K= 3967
4985.2154311
K= 3968
9357.50158702
K= 3969
8134.40952381
K= 3970
4710.34015857
K= 3971
8089.59451522
K= 3972
8132.90849673
K= 3973
9877.68846067
K= 3974
4945.59297824
K= 3975
3932.2997046
K= 3976
6009.54921873
K= 3977
3888.27703606
K= 3978
5164.29060733
K= 3979
5125.60555625
K= 3980
8132.9
K= 3981
3657.6554042
K= 3982
3575.66443162
K= 3983
5396.90898859
K= 3984
5128.21575301
K= 3985
5390.78715054
K= 3986
8132.33333333
K= 3987
6758.61811513
K= 3988
5435.86486326
K= 3989
3891.2997046
K= 3990
16256.4878426
K= 3991
5747.18608141
K= 3992
8121.33649121
K= 3993
5443.05491613
K= 3994
3891.2997046
K= 3995
5753.66180823
K= 3996
8135.0
K= 3997
8087.69580997
K= 3998
6826.87170008
K= 3999
6716.09465797
K= 4000
5688.37036524
K= 4001
8133.0
K= 4002
8103.67971564
K= 4003
8131.74285714
K= 4004
9207.75392087
K= 4005
8133.85714286
K= 4006
6015.33144622
K= 4007
8017.47431707
K= 4008
5125.60555625
K= 4009
8131.42857143
K= 4010
1222.64455668
K= 4011
5678.97744483
K= 4012
8132.40645161
K= 4013
7974.55789899
K= 4014
3861.17403236
K= 4015
8122.55077693
K= 4016
3575.66443162
K= 4017
8827.0
K= 4018
3835.27703606
K= 4019
8131.39011549
K= 4020
11702.4019709
K= 4021
1985.55065574
K= 4022
8827.0
K= 4023
4972.03663508
K= 4024
4068.23681953
K= 4025
8130.75
K= 4026
8074.15221187
K= 4027
10249.2111125
K= 4028
5179.64497343
K= 4029
8126.74193548
K= 4030
4806.19675869
K= 4031
8916.67004173
K= 4032
8133.0
K= 4033
5151.37876989
K= 4034
8827.0
K= 4035
9429.52688798
K= 4036
12520.6683097
K= 4037
8133.91780822
K= 4038
8132.82329245
K= 4039
8129.68103448
K= 4040
8133.80952381
K= 4041
4068.23681953
K= 4042
8089.7944318
K= 4043
8133.25595238
K= 4044
6554.12278591
K= 4045
3716.68010514
K= 4046
5006.24866421
K= 4047
2035.45392549
K= 4048
8186.27267901
K= 4049
5427.71161537
K= 4050
5125.60555625
K= 4051
27795.2057569
K= 4052
4068.23681953
K= 4053
4068.23681953
K= 4054
4722.9524464
K= 4055
4033.44364671
K= 4056
8082.48467225
K= 4057
5599.97626597
K= 4058
5182.12218534
K= 4059
5125.60555625
K= 4060
8134.0
K= 4061
4846.38809088
K= 4062
8129.84210526
K= 4063
5324.26274869
K= 4064
4068.23681953
K= 4065
8054.82766545
K= 4066
8125.68421053
K= 4067
5365.72888293
K= 4068
8135.0
K= 4069
1842.40929292
K= 4070
8827.0
K= 4071
8132.0
K= 4072
6250.04145366
K= 4073
5521.41497817
K= 4074
5790.65676458
K= 4075
12827.7807931
K= 4076
5126.95280119
K= 4077
5561.20664086
K= 4078
12675.876993
K= 4079
5614.26284406
K= 4080
8134.77501945
K= 4081
5032.57120827
K= 4082
5426.4486446
K= 4083
2313.76808054
K= 4084
8139.79310345
K= 4085
4757.58425383
K= 4086
10105.1376021
K= 4087
8132.48823408
K= 4088
8131.68774704
K= 4089
8123.33333333
K= 4090
3753.69307012
K= 4091
8131.875
K= 4092
5125.60555625
K= 4093
8135.0
K= 4094
4926.01773254
K= 4095
8151.36141095
K= 4096
3650.15221187
K= 4097
9141.10765932
K= 4098
5527.40523085
K= 4099
5119.30188024
K= 4100
4983.74573871
K= 4101
8131.65521577
K= 4102
5186.89470415
K= 4103
4744.94766247
K= 4104
1123.21683801
K= 4105
3651.19704077
K= 4106
5541.89485867
K= 4107
5044.16606328
K= 4108
8132.0
K= 4109
8827.0
K= 4110
5301.32452046
K= 4111
8132.80949626
K= 4112
8093.34615891
K= 4113
5137.10091152
K= 4114
5096.74030381
K= 4115
8133.25595238
K= 4116
4610.69579082
K= 4117
5378.58054297
K= 4118
8133.88571429
K= 4119
2371.59418993
K= 4120
11303.4445224
K= 4121
8116.9896198
K= 4122
3992.44427249
K= 4123
14288.4523829
K= 4124
3891.2997046
K= 4125
8128.0
K= 4126
4663.25228485
K= 4127
8131.63076923
K= 4128
8132.80645161
K= 4129
5190.9972487
K= 4130
8067.51010507
K= 4131
5679.03805089
K= 4132
20277.1885136
K= 4133
4960.7351498
K= 4134
8104.15953005
K= 4135
8135.0
K= 4136
8131.72222222
K= 4137
8132.5
K= 4138
8133.85714286
K= 4139
4980.81147003
K= 4140
5387.88552435
K= 4141
8827.0
K= 4142
4068.23681953
K= 4143
6770.47732517
K= 4144
8133.0
K= 4145
3575.66443162
K= 4146
3689.0
K= 4147
8032.99393698
K= 4148
8133.89189189
K= 4149
3971.27703606
K= 4150
8133.25893804
K= 4151
11581.9488097
K= 4152
4935.25692247
K= 4153
5368.40770071
K= 4154
4828.82044123
K= 4155
8104.23115005
K= 4156
18517.5386522
K= 4157
1455.12817187
K= 4158
4960.7351498
K= 4159
3834.63931915
K= 4160
8129.5
K= 4161
4688.91706496
K= 4162
8134.0
K= 4163
8121.33649121
K= 4164
8132.6
K= 4165
4975.42811361
K= 4166
8134.0
K= 4167
6628.47124812
K= 4168
3682.85714286
K= 4169
5993.40831349
K= 4170
6388.47486352
K= 4171
6174.97024684
K= 4172
16261.5
K= 4173
5532.77105561
K= 4174
8035.09498959
K= 4175
8069.56413861
K= 4176
9442.94108432
K= 4177
5481.89905363
K= 4178
12810.2731779
K= 4179
8116.58093465
K= 4180
8134.72972973
K= 4181
8129.72972973
K= 4182
20268.1802404
K= 4183
8115.44880768
K= 4184
4017.67873497
K= 4185
4707.6583769
K= 4186
8135.0
K= 4187
4970.72562606
K= 4188
8130.66666667
K= 4189
5239.72605376
K= 4190
9183.6790362
K= 4191
5846.25550926
K= 4192
7628.74913935
K= 4193
4594.05402892
K= 4194
4817.82187357
K= 4195
4068.23681953
K= 4196
10001.4877367
K= 4197
5125.60555625
K= 4198
4648.9036803
K= 4199
4933.77632875
K= 4200
3650.15221187
K= 4201
4928.94517603
K= 4202
4903.91900935
K= 4203
5125.60555625
K= 4204
4619.65290043
K= 4205
5614.26284406
K= 4206
7882.15132962
K= 4207
4879.55821612
K= 4208
8827.0
K= 4209
13786.2120237
K= 4210
8132.46806836
K= 4211
8088.38743941
K= 4212
8135.0
K= 4213
3831.27703606
K= 4214
5079.52757331
K= 4215
3927.999547
K= 4216
5125.60555625
K= 4217
8113.23586207
K= 4218
5314.77262205
K= 4219
4329.0803207
K= 4220
9599.81571138
K= 4221
8298.81875803
K= 4222
4944.63654551
K= 4223
8121.50667969
K= 4224
4959.86167318
K= 4225
3598.16053585
K= 4226
5993.70597583
K= 4227
8129.00373132
K= 4228
8069.78148667
K= 4229
4784.55511296
K= 4230
5125.60555625
K= 4231
3593.50252817
K= 4232
3806.97705474
K= 4233
5125.60555625
K= 4234
4649.36701234
K= 4235
8122.85714286
K= 4236
5372.1308623
K= 4237
5199.25401759
K= 4238
32217.3902568
K= 4239
4825.18377636
K= 4240
7068.07087201
K= 4241
10487.6167008
K= 4242
9367.06037172
K= 4243
18788.957702
K= 4244
4893.91652335
K= 4245
5076.86027073
K= 4246
6465.94521988
K= 4247
8133.92405063
K= 4248
4970.02484538
K= 4249
5996.74164682
K= 4250
8133.0
K= 4251
8145.82890172
K= 4252
8028.47432232
K= 4253
3821.0
K= 4254
4068.23681953
K= 4255
5125.60555625
K= 4256
8086.44297281
K= 4257
3829.45978759
K= 4258
8140.0
K= 4259
4723.73933482
K= 4260
4830.81165899
K= 4261
5380.35155664
K= 4262
3891.2997046
K= 4263
4661.56794316
K= 4264
8139.17325578
K= 4265
5125.60555625
K= 4266
4939.51975864
K= 4267
8132.89473684
K= 4268
5126.07368477
K= 4269
3926.99925874
K= 4270
8129.71428571
K= 4271
8106.00953442
K= 4272
8827.0
K= 4273
5125.60555625
K= 4274
4068.23681953
K= 4275
4795.39453058
K= 4276
5455.06859086
K= 4277
4960.7351498
K= 4278
4825.22635243
K= 4279
8135.66666667
K= 4280
8128.0
K= 4281
5172.12618276
K= 4282
17654.0
K= 4283
4727.68110204
K= 4284
8134.0
K= 4285
4888.95601697
K= 4286
5356.11555066
K= 4287
17629.7777054
K= 4288
8402.48513057
K= 4289
9376.19046672
K= 4290
3900.2997046
K= 4291
4633.55864342
K= 4292
5101.64890906
K= 4293
8267.11682132
K= 4294
6182.79576794
K= 4295
5952.72837204
K= 4296
3669.1258891
K= 4297
8827.0
K= 4298
3575.66443162
K= 4299
4901.26869822
K= 4300
8130.5
K= 4301
8134.0
K= 4302
4924.49581382
K= 4303
5521.9642739
K= 4304
10014.6211724
K= 4305
8110.80115919
K= 4306
5763.22471318
K= 4307
5118.68121525
K= 4308
5125.60555625
K= 4309
5446.63673529
K= 4310
8134.06329688
K= 4311
5137.91986636
K= 4312
4068.23681953
K= 4313
5753.38665157
K= 4314
9339.52932711
K= 4315
5391.58310512
K= 4316
8005.16176915
K= 4317
5146.87876995
K= 4318
5125.60555625
K= 4319
5026.39089425
K= 4320
8032.99393698
K= 4321
8123.38864788
K= 4322
4918.83128186
K= 4323
5105.94377039
K= 4324
5269.68038171
K= 4325
4686.92032418
K= 4326
5471.8781937
K= 4327
7994.89188926
K= 4328
4697.91666852
K= 4329
4884.14367328
K= 4330
18677.0887915
K= 4331
8153.90524889
K= 4332
6128.0393654
K= 4333
22760.6100101
K= 4334
5125.60555625
K= 4335
8120.71119783
K= 4336
1585.61129103
K= 4337
4737.21092042
K= 4338
5074.18301593
K= 4339
3675.68010514
K= 4340
5125.60555625
K= 4341
5077.98440153
K= 4342
3829.27703606
K= 4343
6711.9216028
K= 4344
8130.0947464
K= 4345
5214.22169899
K= 4346
4620.88282102
K= 4347
3654.45978759
K= 4348
3735.05456815
K= 4349
5125.60555625
K= 4350
7445.09413309
K= 4351
4941.34364963
K= 4352
5386.45900671
K= 4353
8029.04008064
K= 4354
4074.2997046
K= 4355
3877.05456815
K= 4356
8826.0
K= 4357
5396.41723034
K= 4358
5509.40297456
K= 4359
5368.64612942
K= 4360
4126.59516673
K= 4361
4950.70074126
K= 4362
8131.82857143
K= 4363
4694.15495503
K= 4364
3800.0
K= 4365
3611.69307012
K= 4366
6122.59693807
K= 4367
9854.77888199
K= 4368
5612.43122077
K= 4369
5372.96731759
K= 4370
8133.8974359
K= 4371
3657.45978759
K= 4372
5181.50973113
K= 4373
8133.81818182
K= 4374
3845.47999157
K= 4375
7974.13375397
K= 4376
9432.60526569
K= 4377
3693.21607939
K= 4378
3796.45978759
K= 4379
3891.2997046
K= 4380
15740.5268967
K= 4381
3891.2997046
K= 4382
8131.5
K= 4383
5419.44743509
K= 4384
14047.0111787
K= 4385
5125.60555625
K= 4386
4962.01736182
K= 4387
8129.41568384
K= 4388
8132.8
K= 4389
11786.5
K= 4390
4669.74776806
K= 4391
5434.95481735
K= 4392
8293.17984339
K= 4393
4987.46988751
K= 4394
8189.10471199
K= 4395
5194.00484933
K= 4396
8827.0
K= 4397
3703.03058134
K= 4398
5125.60555625
K= 4399
8127.85454545
K= 4400
10092.7108586
K= 4401
3891.2997046
K= 4402
8132.5
K= 4403
5600.59301276
K= 4404
8827.0
K= 4405
5125.60555625
K= 4406
5383.70826921
K= 4407
8134.0
K= 4408
3804.0
K= 4409
5125.60555625
K= 4410
3891.2997046
K= 4411
8131.0
K= 4412
10364.6774706
K= 4413
5392.12559285
K= 4414
8135.0
K= 4415
3934.7520718
K= 4416
3796.45978759
K= 4417
4928.39536823
K= 4418
5125.60555625
K= 4419
5904.2524031
K= 4420
8119.80237313
K= 4421
4657.9604686
K= 4422
7827.36329132
K= 4423
4852.10212225
K= 4424
4849.02821529
K= 4425
3735.05456815
K= 4426
8133.85714286
K= 4427
3894.46768812
K= 4428
5125.60555625
K= 4429
5536.99107037
K= 4430
3829.27703606
K= 4431
4989.26820432
K= 4432
5782.88112303
K= 4433
11210.205714
K= 4434
2916.6557734
K= 4435
5849.18342936
K= 4436
5778.26444652
K= 4437
6249.04145366
K= 4438
8131.78947368
K= 4439
7822.25990925
K= 4440
13802.5177485
K= 4441
8133.33333333
K= 4442
19689.8217437
K= 4443
4675.08330222
K= 4444
5416.47265346
K= 4445
8132.91549296
K= 4446
4068.23681953
K= 4447
3735.05456815
K= 4448
8114.2084092
K= 4449
8827.0
K= 4450
5125.60555625
K= 4451
4853.91475561
K= 4452
14039.4518981
K= 4453
5614.26284406
K= 4454
8827.0
K= 4455
9372.60836088
K= 4456
5125.60555625
K= 4457
9337.23411193
K= 4458
3650.15221187
K= 4459
4669.32550177
K= 4460
3891.2997046
K= 4461
4139.13425997
K= 4462
8187.88636207
K= 4463
8082.39268675
K= 4464
5389.19787218
K= 4465
1498.05708506
K= 4466
5380.31009089
K= 4467
3726.03052812
K= 4468
5125.60555625
K= 4469
3810.84
K= 4470
3611.69307012
K= 4471
14606.3688247
K= 4472
5479.9978879
K= 4473
4940.60914608
K= 4474
5409.16571427
K= 4475
8136.51726715
K= 4476
20736.4701671
K= 4477
4068.23681953
K= 4478
8132.82329245
K= 4479
5614.26284406
K= 4480
8027.16508064
K= 4481
5125.60555625
K= 4482
1672.16479304
K= 4483
8126.74193548
K= 4484
8088.55173835
K= 4485
8125.85177818
K= 4486
3844.82183618
K= 4487
5125.60555625
K= 4488
1775.08910846
K= 4489
8134.0
K= 4490
3727.97912497
K= 4491
5396.55786448
K= 4492
8140.0
K= 4493
23474.5987488
K= 4494
5532.40371069
K= 4495
3769.71428571
K= 4496
4978.31733325
K= 4497
2220.31068762
K= 4498
7288.1614785
K= 4499
8127.0
K= 4500
8083.33149496
K= 4501
3149.56585583
K= 4502
5305.22747096
K= 4503
4679.434234
K= 4504
9658.03251186
K= 4505
5026.98313706
K= 4506
14149.2486946
K= 4507
4758.20915211
K= 4508
5991.88570797
K= 4509
3675.68010514
K= 4510
4068.23681953
K= 4511
8133.0
K= 4512
6322.70615001
K= 4513
8132.48178138
K= 4514
5479.60200869
K= 4515
8132.89189189
K= 4516
5125.60555625
K= 4517
5402.80253203
K= 4518
1777.1877308
K= 4519
8022.97695602
K= 4520
8132.87951807
K= 4521
5714.28868901
K= 4522
8133.91304348
K= 4523
3735.05456815
K= 4524
8132.5
K= 4525
5075.71953955
K= 4526
4917.81510068
K= 4527
3735.05456815
K= 4528
13808.2432056
K= 4529
5197.37021659
K= 4530
5125.60555625
K= 4531
8134.0
K= 4532
5412.48192607
K= 4533
4738.24390069
K= 4534
5143.94812231
K= 4535
3895.79667623
K= 4536
8130.6500479
K= 4537
6637.27059158
K= 4538
4800.09244505
K= 4539
5125.60555625
K= 4540
12489.1328032
K= 4541
4492.00178665
K= 4542
5125.60555625
K= 4543
4663.23901789
K= 4544
4068.23681953
K= 4545
8131.54167985
K= 4546
8115.48622434
K= 4547
8135.0
K= 4548
8120.00467651
K= 4549
4727.26021914
K= 4550
5079.49477553
K= 4551
4068.23681953
K= 4552
3796.45978759
K= 4553
3934.66039763
K= 4554
10421.2372002
K= 4555
4081.33885518
K= 4556
4794.91144079
K= 4557
8827.0
K= 4558
3839.48717949
K= 4559
8132.94425487
K= 4560
4068.23681953
K= 4561
8134.0
K= 4562
5125.10555625
K= 4563
8073.98942809
K= 4564
3891.2997046
K= 4565
4925.05946162
K= 4566
3656.45978759
K= 4567
4662.16779933
K= 4568
8132.0
K= 4569
8112.71119783
K= 4570
4068.23681953
K= 4571
23692.4288853
K= 4572
7951.66965419
K= 4573
16246.7260274
K= 4574
4068.23681953
K= 4575
10368.8498136
K= 4576
7993.16517378
K= 4577
8132.19899442
K= 4578
4068.23681953
K= 4579
4865.31735753
K= 4580
12732.188794
K= 4581
5137.01864005
K= 4582
3959.05625534
K= 4583
8118.16424814
K= 4584
9472.6450892
K= 4585
5128.70135457
K= 4586
4717.28935552
K= 4587
3080.08874795
K= 4588
8581.42689661
K= 4589
8125.81818182
K= 4590
2793.63801981
K= 4591
9727.82990174
K= 4592
4748.31450251
K= 4593
4787.7556358
K= 4594
9312.77171085
K= 4595
5953.46886243
K= 4596
5125.60555625
K= 4597
3699.36470588
K= 4598
8134.0
K= 4599
5500.24994949
K= 4600
8827.0
K= 4601
5450.10978382
K= 4602
3675.68010514
K= 4603
4847.62218292
K= 4604
5584.17166525
K= 4605
8132.0
K= 4606
8062.99446393
K= 4607
8115.97120002
K= 4608
5169.04287978
K= 4609
8135.0
K= 4610
5640.41432165
K= 4611
5115.7904655
K= 4612
7826.84134446
K= 4613
4068.23681953
K= 4614
5389.94578071
K= 4615
8125.82982885
K= 4616
4609.2354038
K= 4617
8130.0
Betweenness Centrality Improvement
[    0.            0.            0.        ...,  4609.2354038  8130.            0.       ]
Top 20 BC Improvement
[3235 3884 3118 3124 3228 3265 3938 3762 2745 2543 3242 3352 3581 2869 4238
 3246 2799 2942 4051 2836]
