txValue= 100
Our nodes starting connections: 
(4618, 2796)
(4618, 1223)
(4618, 235)
(4618, 1163)
(4618, 2693)
(4618, 4083)
(4618, 1352)
(4618, 3653)
(4618, 498)
(4618, 1988)
(4618, 646)
(4618, 2461)
K= 0
5509.70987294
K= 1
4874.11475261
K= 2
4808.52067623
K= 3
42280.2984929
K= 4
14115.3628804
K= 5
5125.60555625
K= 6
7855.57274128
K= 7
5286.75745885
K= 8
9678.38764084
K= 9
9319.99372559
K= 10
8133.88571429
K= 11
4706.36045392
K= 12
7957.51105276
K= 13
5125.60555625
K= 14
6214.03132161
K= 15
2213.62023798
K= 16
5125.60555625
K= 17
8827.0
K= 18
4948.93200646
K= 19
4746.85127646
K= 20
919.605556247
K= 21
5461.62381706
K= 22
3819.68421053
K= 23
8028.68087862
K= 24
4704.28622676
K= 25
4813.98550442
K= 26
5496.77023659
K= 27
5346.59103054
K= 28
3920.33861528
K= 29
5139.69924192
K= 30
5125.40254482
K= 31
16222.5269812
K= 32
9482.92904579
K= 33
5401.74450358
K= 34
5294.03222418
K= 35
4772.19065249
K= 36
8138.0
K= 37
4934.07325528
K= 38
5976.9561322
K= 39
5167.27562458
K= 40
8136.23259428
K= 41
3735.05456815
K= 42
3660.45978759
K= 43
4869.67162231
K= 44
5527.95410304
K= 45
5073.88522586
K= 46
3976.27703606
K= 47
4981.69988429
K= 48
8121.72727273
K= 49
3850.16760056
K= 50
9301.83143292
K= 51
3822.72972973
K= 52
4934.71078487
K= 53
5322.19319234
K= 54
5436.77356335
K= 55
8126.74193548
K= 56
8112.0
K= 57
4960.7351498
K= 58
5449.45835327
K= 59
3932.2997046
K= 60
3735.43066628
K= 61
19876.8376229
K= 62
23179.7770491
K= 63
8132.5
K= 64
5580.34317522
K= 65
8129.75
K= 66
4298.37353805
K= 67
8146.57525659
K= 68
8028.05276051
K= 69
5467.6973211
K= 70
8136.85714286
K= 71
4719.88288645
K= 72
3671.69763156
K= 73
4799.07780309
K= 74
4673.5426602
K= 75
5420.05481938
K= 76
11863.9820923
K= 77
4068.23681953
K= 78
5000.15636689
K= 79
8133.91549296
K= 80
14294.7641286
K= 81
3646.08073925
K= 82
8132.2
K= 83
3575.66443162
K= 84
5353.98018026
K= 85
5136.96072203
K= 86
4853.17746757
K= 87
5390.05098491
K= 88
3799.54393069
K= 89
3754.24379258
K= 90
8134.0
K= 91
10313.4552216
K= 92
7643.69987824
K= 93
11221.0991147
K= 94
5125.60555625
K= 95
6327.33902806
K= 96
8134.0
K= 97
8130.89583333
K= 98
5058.17602059
K= 99
4878.91608751
K= 100
3654.57381688
K= 101
5412.57647162
K= 102
5461.47410798
K= 103
4942.63092417
K= 104
3896.91055939
K= 105
3891.2997046
K= 106
5125.60555625
K= 107
6250.04145366
K= 108
8133.0
K= 109
8124.72727273
K= 110
6215.30074641
K= 111
8827.0
K= 112
5125.60555625
K= 113
5443.52798165
K= 114
5392.3302145
K= 115
5124.99949564
K= 116
8130.94882694
K= 117
4068.23681953
K= 118
8137.4414682
K= 119
5241.61228744
K= 120
1994.76048065
K= 121
5130.87828352
K= 122
8131.0
K= 123
8011.26349218
K= 124
8827.0
K= 125
8122.43423074
K= 126
4713.47592302
K= 127
1740.13739074
K= 128
5282.50201493
K= 129
24234.671266
K= 130
5664.19599357
K= 131
10483.2187631
K= 132
5125.60555625
K= 133
4781.6022713
K= 134
5125.60555625
K= 135
9700.17647715
K= 136
5019.68303367
K= 137
4793.52474069
K= 138
1380.62786759
K= 139
3355.33830858
K= 140
8141.0
K= 141
8133.71666667
K= 142
4068.23681953
K= 143
4652.23186452
K= 144
5124.99949564
K= 145
1547.25063214
K= 146
9293.77642199
K= 147
9365.99640284
K= 148
6875.44856633
K= 149
4033.2997046
K= 150
8130.8062954
K= 151
9940.37818363
K= 152
5480.17532251
K= 153
3817.68010514
K= 154
10251.4979476
K= 155
8827.0
K= 156
4609.93781109
K= 157
8126.91549296
K= 158
8134.0
K= 159
8098.16922279
K= 160
4816.19440998
K= 161
8135.0
K= 162
8131.78947368
K= 163
9602.60555625
K= 164
8133.84210526
K= 165
4576.90400337
K= 166
5369.91979021
K= 167
1746.99245892
K= 168
3842.72282325
K= 169
8019.24393699
K= 170
8133.25595238
K= 171
5196.90700451
K= 172
5614.26284406
K= 173
4912.97956436
K= 174
5752.66180823
K= 175
4849.09709705
K= 176
3891.2997046
K= 177
3675.70273578
K= 178
8129.63829787
K= 179
8134.0
K= 180
4683.54499084
K= 181
8827.0
K= 182
4755.73017001
K= 183
22988.0807881
K= 184
4760.3951583
K= 185
8131.99339364
K= 186
8134.0
K= 187
4936.34161564
K= 188
8827.0
K= 189
4857.58567278
K= 190
3829.27703606
K= 191
8103.26737096
K= 192
8133.75
K= 193
8137.66666667
K= 194
5523.70613228
K= 195
8133.88571429
K= 196
11799.6635088
K= 197
9357.48625947
K= 198
6117.49942274
K= 199
4957.01182776
K= 200
5917.15380496
K= 201
9134.24945213
K= 202
5753.66180823
K= 203
3901.59245449
K= 204
8117.91982455
K= 205
5372.08975406
K= 206
8827.0
K= 207
5221.82426476
K= 208
950.463416363
K= 209
8135.0
K= 210
5387.58669956
K= 211
4854.58471559
K= 212
7783.28885773
K= 213
5117.55442107
K= 214
5077.98440152
K= 215
3829.27703606
K= 216
5450.93057306
K= 217
4912.76570681
K= 218
3815.6
K= 219
5763.03499947
K= 220
1995.4326001
K= 221
4714.94280979
K= 222
63760.5637192
K= 223
3829.27703606
K= 224
4951.22644891
K= 225
5321.3374473
K= 226
5186.60677809
K= 227
21462.7270098
K= 228
3988.27703606
K= 229
8128.79891095
K= 230
3713.04445834
K= 231
3697.99007471
K= 232
8134.0
K= 233
8105.83756263
K= 234
9243.18802769
K= 235
4532.9299533
K= 236
4960.7351498
K= 237
7867.16517487
K= 238
3575.66443162
K= 239
2600.75039207
K= 240
8130.66666667
K= 241
4827.87429111
K= 242
4744.70685316
K= 243
5125.60555625
K= 244
5125.60555625
K= 245
8140.0
K= 246
7988.49614074
K= 247
8125.68421053
K= 248
3675.68010514
K= 249
3816.0
K= 250
8132.0
K= 251
4626.51164192
K= 252
8092.36212404
K= 253
5951.83873154
K= 254
4068.23681953
K= 255
8827.0
K= 256
5285.24297235
K= 257
8121.0
K= 258
9428.5815859
K= 259
5137.30963438
K= 260
9614.32310452
K= 261
8055.82766545
K= 262
8827.0
K= 263
8111.56904528
K= 264
8132.5
K= 265
5355.52697498
K= 266
5072.31884905
K= 267
5026.38777897
K= 268
5515.0006384
K= 269
5136.71045663
K= 270
5875.19147163
K= 271
3829.27703606
K= 272
5778.26444652
K= 273
8827.0
K= 274
4810.07881424
K= 275
5686.54609537
K= 276
6131.62368787
K= 277
5125.60555625
K= 278
8132.96100117
K= 279
5125.60555625
K= 280
3829.27703606
K= 281
5562.61585039
K= 282
5380.20326783
K= 283
3735.05456815
K= 284
8131.63076923
K= 285
3777.34919932
K= 286
4808.52067623
K= 287
1077.32571754
K= 288
3818.1210189
K= 289
5136.10704651
K= 290
5213.01475064
K= 291
5125.60555625
K= 292
3891.2997046
K= 293
5446.90876484
K= 294
9901.348982
K= 295
4708.55698466
K= 296
1866.70653606
K= 297
8198.60706529
K= 298
8134.0
K= 299
5618.68164579
K= 300
9251.28683886
K= 301
3650.15221187
K= 302
4811.96905359
K= 303
5988.84303539
K= 304
8827.0
K= 305
4712.23092153
K= 306
5555.43390237
K= 307
1132.20226352
K= 308
5125.60555625
K= 309
7998.08513184
K= 310
4068.23681953
K= 311
5996.30574939
K= 312
8129.0
K= 313
7975.35802554
K= 314
5125.60555625
K= 315
5995.53395451
K= 316
9918.43038518
K= 317
8827.0
K= 318
8107.75458526
K= 319
14341.0284823
K= 320
4839.48990915
K= 321
17332.2929706
K= 322
8187.61352728
K= 323
8134.0
K= 324
8132.66666667
K= 325
4068.23681953
K= 326
3830.27703606
K= 327
5025.54189045
K= 328
4764.11547268
K= 329
4612.81186564
K= 330
5028.8612226
K= 331
8130.14079274
K= 332
8827.0
K= 333
5384.43934212
K= 334
6490.60042595
K= 335
5527.95410304
K= 336
6203.60066396
K= 337
3891.2997046
K= 338
5384.65887074
K= 339
14472.3121839
K= 340
5459.79161989
K= 341
9884.96758954
K= 342
8130.68421053
K= 343
4805.94956174
K= 344
4916.43400121
K= 345
5972.61344704
K= 346
3611.69307012
K= 347
4970.77796162
K= 348
3859.6
K= 349
4723.1028766
K= 350
5462.7315762
K= 351
2394.58048559
K= 352
15760.0340715
K= 353
5294.90109288
K= 354
4913.25842095
K= 355
4068.23681953
K= 356
8134.0
K= 357
4068.23681953
K= 358
4716.69213383
K= 359
3611.69307012
K= 360
7998.08513184
K= 361
4691.87910578
K= 362
4942.94477562
K= 363
5391.72126108
K= 364
9109.82250946
K= 365
8137.68421053
K= 366
8118.40940937
K= 367
8134.0
K= 368
8132.5
K= 369
4752.95875997
K= 370
8827.0
K= 371
10740.2263435
K= 372
5149.34857782
K= 373
8131.44158094
K= 374
8131.82857143
K= 375
8110.16318972
K= 376
7762.56126488
K= 377
5001.86238079
K= 378
5392.3302145
K= 379
5415.47849757
K= 380
4895.17826168
K= 381
5125.60555625
K= 382
5453.96897261
K= 383
5404.64686799
K= 384
4757.73293031
K= 385
5125.60555625
K= 386
5166.44282131
K= 387
3796.45978759
K= 388
2404.84175228
K= 389
16264.0
K= 390
4755.50038708
K= 391
8120.48622434
K= 392
8134.0
K= 393
4951.21072904
K= 394
8827.0
K= 395
5125.60555625
K= 396
5285.57914676
K= 397
8133.87951807
K= 398
8118.80115919
K= 399
8129.6716298
K= 400
5642.76382132
K= 401
4810.11197633
K= 402
5125.60555625
K= 403
4727.15311029
K= 404
7951.66965419
K= 405
8132.92405063
K= 406
8123.37637637
K= 407
8133.0
K= 408
2523.97752525
K= 409
8827.0
K= 410
8129.71428571
K= 411
3675.68010514
K= 412
8130.93796993
K= 413
8827.0
K= 414
5492.17938911
K= 415
5095.97115776
K= 416
7401.91957519
K= 417
8132.72768003
K= 418
5125.60555625
K= 419
9038.30636327
K= 420
4991.14921187
K= 421
19011.7577467
K= 422
31790.5879104
K= 423
3650.15221187
K= 424
8152.58956415
K= 425
5125.60555625
K= 426
5618.11381756
K= 427
8126.0
K= 428
8124.88571429
K= 429
4896.07887795
K= 430
5614.26284406
K= 431
8133.0
K= 432
4828.35804782
K= 433
2355.55715706
K= 434
6950.88260831
K= 435
16264.0
K= 436
8131.47402597
K= 437
5404.72961461
K= 438
5130.02898637
K= 439
5125.60555625
K= 440
8146.22470885
K= 441
5125.60555625
K= 442
5095.83458054
K= 443
8025.40589351
K= 444
9534.92264146
K= 445
8137.32827206
K= 446
3735.05456815
K= 447
3822.72972973
K= 448
5007.11170065
K= 449
8067.48323983
K= 450
8827.0
K= 451
8130.71428571
K= 452
9294.13507427
K= 453
4592.93709363
K= 454
3885.23068899
K= 455
3575.66443162
K= 456
8827.0
K= 457
8132.76
K= 458
5946.36060501
K= 459
5125.60555625
K= 460
8133.91304348
K= 461
3829.27703606
K= 462
5588.87527972
K= 463
5455.2629216
K= 464
3575.66443162
K= 465
5205.3951939
K= 466
3665.34151133
K= 467
12617.0408651
K= 468
5125.60555625
K= 469
5188.16944079
K= 470
13910.8277561
K= 471
5382.54637711
K= 472
4818.88315431
K= 473
4674.88274987
K= 474
5118.71124889
K= 475
3657.15221187
K= 476
3675.68010514
K= 477
5125.60555625
K= 478
5137.03494629
K= 479
8131.0
K= 480
6002.01151162
K= 481
5125.60555625
K= 482
8138.0
K= 483
4925.32458687
K= 484
3069.9435229
K= 485
3735.05456815
K= 486
3891.2997046
K= 487
3597.5523242
K= 488
3788.08073925
K= 489
8133.75
K= 490
12609.75
K= 491
7951.66965419
K= 492
4068.23681953
K= 493
5996.74164682
K= 494
4921.5813428
K= 495
6444.50874349
K= 496
8133.81818182
K= 497
5548.45340662
K= 498
1755.44621091
K= 499
5125.60555625
K= 500
15101.7759433
K= 501
4837.77911569
K= 502
4856.38780871
K= 503
4602.81821178
K= 504
5125.60555625
K= 505
8134.0
K= 506
8061.05206295
K= 507
8075.99310609
K= 508
12822.8354654
K= 509
8129.87951807
K= 510
3735.05456815
K= 511
8134.0
K= 512
3657.6554042
K= 513
1253.74730355
K= 514
5710.58430437
K= 515
14190.7351467
K= 516
8134.0
K= 517
4658.99161112
K= 518
3650.15221187
K= 519
4928.07068003
K= 520
4995.92884214
K= 521
6219.76227715
K= 522
3646.08073925
K= 523
6462.57270711
K= 524
6157.10865202
K= 525
3910.54327763
K= 526
8131.33333333
K= 527
8026.56917396
K= 528
8071.70380771
K= 529
12652.1537922
K= 530
5189.17415737
K= 531
8140.0
K= 532
8074.15221187
K= 533
5125.60555625
K= 534
5125.60555625
K= 535
5125.60555625
K= 536
5674.18394755
K= 537
4963.79060167
K= 538
8131.82857143
K= 539
7794.4391824
K= 540
5752.39536707
K= 541
6022.25213309
K= 542
5331.567836
K= 543
8133.13333333
K= 544
5360.69863464
K= 545
8124.47413793
K= 546
5448.28425459
K= 547
3646.08073925
K= 548
4596.42518138
K= 549
5125.60555625
K= 550
4909.96460881
K= 551
3795.47402597
K= 552
8134.0
K= 553
8133.0
K= 554
7750.28439255
K= 555
5964.4715883
K= 556
8092.72412197
K= 557
5125.60555625
K= 558
3658.70462445
K= 559
8131.66666667
K= 560
5640.41432165
K= 561
5991.27856886
K= 562
3897.34661678
K= 563
3575.66443162
K= 564
10228.1583696
K= 565
8023.99393699
K= 566
4068.23681953
K= 567
9296.82981814
K= 568
5125.60555625
K= 569
2695.04109534
K= 570
7865.736245
K= 571
3896.40006727
K= 572
8123.0
K= 573
5125.60555625
K= 574
6321.43624701
K= 575
8136.23259428
K= 576
8092.78710011
K= 577
5367.21179108
K= 578
8132.0
K= 579
5304.25995444
K= 580
9118.00721948
K= 581
4687.13452304
K= 582
5159.30829199
K= 583
1082.54550797
K= 584
5541.74131894
K= 585
7947.67825372
K= 586
5995.40831349
K= 587
8147.5628761
K= 588
7965.03212047
K= 589
4974.88289566
K= 590
5125.84745154
K= 591
7721.80758021
K= 592
16405.6307358
K= 593
8132.09333333
K= 594
16065.8094373
K= 595
5125.60555625
K= 596
5455.6259943
K= 597
8116.61286694
K= 598
4787.30610027
K= 599
7996.53229395
K= 600
4882.59253137
K= 601
7979.14969901
K= 602
8117.23215524
K= 603
8114.06893263
K= 604
3675.12951676
K= 605
5435.86486326
K= 606
8189.59878915
K= 607
4068.23681953
K= 608
5195.37013004
K= 609
5159.78458087
K= 610
8134.0
K= 611
4068.23681953
K= 612
4644.31019137
K= 613
3657.45978759
K= 614
8144.94909638
K= 615
8123.88235294
K= 616
3611.69307012
K= 617
4846.45729621
K= 618
4768.63144005
K= 619
8130.66666667
K= 620
7620.06326081
K= 621
5130.34494333
K= 622
4942.44357063
K= 623
8098.90590915
K= 624
8133.6
K= 625
15921.0650774
K= 626
8051.82766545
K= 627
5206.26824112
K= 628
8328.96749117
K= 629
3611.69307012
K= 630
8186.44814065
K= 631
8190.96137237
K= 632
5614.26284406
K= 633
3657.6554042
K= 634
8131.63076923
K= 635
8130.47402597
K= 636
8219.70484481
K= 637
3241.54158632
K= 638
3792.96276571
K= 639
19966.716652
K= 640
3796.45978759
K= 641
8133.13872356
K= 642
15026.9454972
K= 643
9093.54091033
K= 644
3891.2997046
K= 645
8131.88571429
K= 646
1396.39598284
K= 647
8141.12744232
K= 648
3575.66443162
K= 649
8198.28908426
K= 650
8132.8442915
K= 651
5059.23940226
K= 652
3599.00299507
K= 653
8094.69375305
K= 654
5071.24375042
K= 655
4068.23681953
K= 656
5125.60555625
K= 657
8134.0
K= 658
5447.83733627
K= 659
8827.0
K= 660
8131.05909988
K= 661
8133.14729868
K= 662
20947.5949903
K= 663
5366.24548053
K= 664
8150.67343304
K= 665
3891.2997046
K= 666
5125.60555625
K= 667
7996.08513184
K= 668
3910.54327763
K= 669
5119.68643044
K= 670
5125.60555625
K= 671
1279.01544876
K= 672
8133.07142857
K= 673
4799.70867413
K= 674
37035.0628909
K= 675
1116.96565601
K= 676
8141.51702786
K= 677
8123.0
K= 678
11103.6852139
K= 679
5125.60555625
K= 680
3675.68010514
K= 681
21776.4679048
K= 682
4961.33050171
K= 683
14444.87698
K= 684
8133.75
K= 685
8033.58556089
K= 686
5050.95216101
K= 687
8101.37999437
K= 688
8131.71428571
K= 689
8124.35834485
K= 690
3837.27703606
K= 691
8132.33333333
K= 692
4745.12733957
K= 693
4068.23681953
K= 694
5345.86684491
K= 695
1296.2238324
K= 696
4830.81165899
K= 697
2041.04670819
K= 698
4068.23681953
K= 699
4955.76871629
K= 700
8133.0
K= 701
3968.27703606
K= 702
4688.04369167
K= 703
4740.18046991
K= 704
5125.60555625
K= 705
5245.59047508
K= 706
3646.08073925
K= 707
4068.23681953
K= 708
8005.49310676
K= 709
5020.22331846
K= 710
8827.0
K= 711
5411.02684651
K= 712
8133.89189189
K= 713
6009.80916155
K= 714
8132.73333333
K= 715
8140.0
K= 716
5471.27578047
K= 717
3799.36
K= 718
5210.75937451
K= 719
5403.38197671
K= 720
9076.38197869
K= 721
8134.0
K= 722
5191.03095422
K= 723
12591.5555556
K= 724
19140.7765964
K= 725
4924.39919772
K= 726
8130.33578431
K= 727
16124.4659944
K= 728
8131.99007471
K= 729
5616.26385172
K= 730
5217.19877904
K= 731
8137.68421053
K= 732
8131.77777778
K= 733
8032.99393699
K= 734
4709.10546744
K= 735
4675.18851931
K= 736
5671.87847265
K= 737
8125.68421053
K= 738
5633.25288015
K= 739
10811.3140618
K= 740
8131.47826087
K= 741
5417.4867973
K= 742
9741.95497532
K= 743
4817.17377737
K= 744
8134.0
K= 745
5447.83733627
K= 746
5126.22200262
K= 747
5125.60555625
K= 748
8132.71122962
K= 749
5125.60555625
K= 750
4916.00370156
K= 751
5578.9714324
K= 752
7629.13038823
K= 753
8143.16913215
K= 754
8907.3838951
K= 755
5406.88583793
K= 756
7789.76931061
K= 757
7853.52807781
K= 758
1577.39376033
K= 759
7942.89896479
K= 760
7993.26695002
K= 761
8211.31763084
K= 762
8132.90269812
K= 763
8827.0
K= 764
8135.0
K= 765
5250.5908
K= 766
8134.0
K= 767
5125.60555625
K= 768
6013.95151919
K= 769
5524.03272539
K= 770
8132.76
K= 771
5247.13394919
K= 772
5078.52870477
K= 773
8109.84556699
K= 774
5523.64952362
K= 775
4933.94299541
K= 776
4972.03548052
K= 777
8133.91304348
K= 778
3799.64705882
K= 779
8140.80210908
K= 780
5004.83860628
K= 781
9467.76095839
K= 782
4074.2997046
K= 783
4617.28107564
K= 784
8144.80916089
K= 785
3650.15221187
K= 786
5037.38491735
K= 787
5753.63292149
K= 788
5373.00939814
K= 789
4807.48451662
K= 790
9395.24943796
K= 791
8133.0
K= 792
7550.81659966
K= 793
8133.44533292
K= 794
4825.28221376
K= 795
7851.52807781
K= 796
7850.06206945
K= 797
12905.9836319
K= 798
3877.05456815
K= 799
8166.08812963
K= 800
3837.27703606
K= 801
3829.27703606
K= 802
5125.60555625
K= 803
5528.21982817
K= 804
5057.42845167
K= 805
5381.36201615
K= 806
4767.84277777
K= 807
5019.45147149
K= 808
8134.0
K= 809
5085.01513884
K= 810
8130.66666667
K= 811
8134.0
K= 812
5049.46028376
K= 813
8133.56803774
K= 814
7985.88814876
K= 815
3829.27703606
K= 816
5642.36242532
K= 817
4068.23681953
K= 818
4844.52889186
K= 819
4853.17746757
K= 820
8032.99393699
K= 821
7969.04902953
K= 822
8827.0
K= 823
5333.89041759
K= 824
8135.04317193
K= 825
4749.67063297
K= 826
8175.30354618
K= 827
8153.05914788
K= 828
9593.0965805
K= 829
7805.65747815
K= 830
2452.64472388
K= 831
8087.65269435
K= 832
5148.66226257
K= 833
5125.60555625
K= 834
4913.33277479
K= 835
5125.60555625
K= 836
5629.73729596
K= 837
9379.70905471
K= 838
4653.05417665
K= 839
4759.31362507
K= 840
8134.0
K= 841
5990.59109679
K= 842
3891.2997046
K= 843
6032.7158598
K= 844
4810.12390345
K= 845
5125.60555625
K= 846
4812.56723452
K= 847
8122.66258235
K= 848
8093.18832361
K= 849
8133.89928058
K= 850
5316.53014047
K= 851
5996.44490251
K= 852
1279.63033415
K= 853
8209.01632898
K= 854
1432.40189171
K= 855
7390.78246807
K= 856
5463.0145557
K= 857
5396.76853643
K= 858
5028.05522239
K= 859
3797.6
K= 860
4972.10253727
K= 861
8115.00808373
K= 862
3692.96566208
K= 863
4934.18476542
K= 864
5768.81711028
K= 865
5980.66100903
K= 866
8135.0
K= 867
8134.0
K= 868
3575.66443162
K= 869
5482.91828536
K= 870
3891.2997046
K= 871
3364.13492125
K= 872
4960.7351498
K= 873
5996.74164682
K= 874
5614.26284406
K= 875
5125.60555625
K= 876
6239.11874418
K= 877
8133.41329543
K= 878
3891.2997046
K= 879
8132.21428571
K= 880
1635.87738172
K= 881
6590.06287634
K= 882
4851.7156982
K= 883
5125.60555625
K= 884
5125.60555625
K= 885
1112.65441611
K= 886
8173.11243844
K= 887
5125.60555625
K= 888
8132.89189189
K= 889
9437.61685264
K= 890
4991.55754206
K= 891
1613.61767606
K= 892
4876.2471792
K= 893
7775.78200425
K= 894
7035.44777441
K= 895
8132.66666667
K= 896
5433.29827637
K= 897
3805.0
K= 898
8129.5
K= 899
5125.60555625
K= 900
9031.00179355
K= 901
5669.0833396
K= 902
3829.27703606
K= 903
4068.23681953
K= 904
5525.07736825
K= 905
2446.50202677
K= 906
6462.04698185
K= 907
4602.36920427
K= 908
5685.55984513
K= 909
8130.71428571
K= 910
4795.32693121
K= 911
8133.0
K= 912
8029.99393699
K= 913
8132.09504633
K= 914
3789.21164733
K= 915
1647.45162911
K= 916
8135.0
K= 917
3717.66443162
K= 918
5129.81571138
K= 919
8009.94140976
K= 920
5122.97810622
K= 921
8135.85714286
K= 922
8135.0
K= 923
8056.82766545
K= 924
8132.45977012
K= 925
4975.79868333
K= 926
5392.3302145
K= 927
2533.49217198
K= 928
6212.43206626
K= 929
5125.60555625
K= 930
9872.49119315
K= 931
5004.8247419
K= 932
4925.97680697
K= 933
9424.97180667
K= 934
5034.53620611
K= 935
4933.08464082
K= 936
8135.0
K= 937
15642.8746588
K= 938
8135.83050848
K= 939
3716.42444085
K= 940
8132.94425487
K= 941
5125.60555625
K= 942
8132.5
K= 943
8133.0
K= 944
8134.18994413
K= 945
5674.64029584
K= 946
670.605556247
K= 947
18565.9985776
K= 948
3799.0
K= 949
3796.45978759
K= 950
5198.15052189
K= 951
4805.43885782
K= 952
4924.39919772
K= 953
8132.86111111
K= 954
4068.23681953
K= 955
8134.84615385
K= 956
5759.87607424
K= 957
5390.24325173
K= 958
9867.04914359
K= 959
5347.36843793
K= 960
5527.28743637
K= 961
8131.47402597
K= 962
8029.99393699
K= 963
5320.23916973
K= 964
8131.75
K= 965
3877.05456815
K= 966
5125.60555625
K= 967
8134.0
K= 968
5029.78675559
K= 969
5614.26284406
K= 970
4891.44176048
K= 971
1759.73805881
K= 972
3891.2997046
K= 973
5752.3284749
K= 974
3796.45978759
K= 975
4033.2997046
K= 976
5756.84290247
K= 977
4989.80365877
K= 978
8032.99393699
K= 979
41828.4626623
K= 980
3829.27703606
K= 981
3891.2997046
K= 982
5149.34857782
K= 983
8827.0
K= 984
4860.14816143
K= 985
8145.58323052
K= 986
8120.0
K= 987
8133.61904762
K= 988
8134.0
K= 989
6013.95151919
K= 990
8115.88519289
K= 991
4698.91556282
K= 992
8135.0
K= 993
4871.75347242
K= 994
5339.38298257
K= 995
13952.65383
K= 996
6041.26931553
K= 997
5785.55581357
K= 998
5377.22836517
K= 999
8027.99393699
K= 1000
4068.23681953
K= 1001
8134.0
K= 1002
8191.05509064
K= 1003
6467.59288856
K= 1004
5415.41437943
K= 1005
5125.60555625
K= 1006
23719.4168163
K= 1007
2030.91160189
K= 1008
4733.01313805
K= 1009
8827.0
K= 1010
5996.74164682
K= 1011
5543.89783336
K= 1012
4082.42521138
K= 1013
4068.23681953
K= 1014
1175.0105488
K= 1015
8127.01384616
K= 1016
5422.62978924
K= 1017
21462.7270098
K= 1018
5125.60555625
K= 1019
3796.45978759
K= 1020
3654.45978759
K= 1021
4068.23681953
K= 1022
8134.0
K= 1023
3890.88891883
K= 1024
5338.22680157
K= 1025
6248.35321836
K= 1026
4820.66489824
K= 1027
8128.71428571
K= 1028
2748.67548246
K= 1029
8827.0
K= 1030
1063.72767868
K= 1031
8131.980707
K= 1032
5451.6640542
K= 1033
8124.85714286
K= 1034
4750.98039152
K= 1035
8135.07912381
K= 1036
5112.78496799
K= 1037
5125.60555625
K= 1038
5351.0272518
K= 1039
9074.49057789
K= 1040
9199.54084415
K= 1041
3646.08073925
K= 1042
4792.62953071
K= 1043
8134.55555556
K= 1044
8833.42012918
K= 1045
12186.8610745
K= 1046
4068.23681953
K= 1047
27717.626765
K= 1048
4657.08779926
K= 1049
6174.92512503
K= 1050
3611.69307012
K= 1051
4926.31472111
K= 1052
8134.0
K= 1053
5312.57583014
K= 1054
1621.25486059
K= 1055
3710.75
K= 1056
3832.27703606
K= 1057
4082.56321492
K= 1058
8157.95908391
K= 1059
5149.65451844
K= 1060
5041.71701056
K= 1061
5063.50105841
K= 1062
5006.57478899
K= 1063
7953.28168279
K= 1064
9582.46707235
K= 1065
8133.84615385
K= 1066
6851.72118821
K= 1067
8191.32501031
K= 1068
4949.24097341
K= 1069
3840.27703606
K= 1070
4847.84778032
K= 1071
8132.0
K= 1072
7995.35485204
K= 1073
5627.1295581
K= 1074
4925.8008968
K= 1075
3819.68421053
K= 1076
5333.62676698
K= 1077
5125.60555625
K= 1078
5154.19844761
K= 1079
3894.83769058
K= 1080
5147.9118592
K= 1081
4959.34992014
K= 1082
5432.08464042
K= 1083
8105.51109394
K= 1084
3575.66443162
K= 1085
5419.44743509
K= 1086
8130.66666667
K= 1087
3575.66443162
K= 1088
5407.33530473
K= 1089
8133.0
K= 1090
8129.76
K= 1091
5005.40818184
K= 1092
6130.5778125
K= 1093
8827.0
K= 1094
1669.16022164
K= 1095
6500.53846388
K= 1096
8131.0
K= 1097
5125.60555625
K= 1098
8134.0
K= 1099
8827.0
K= 1100
4925.26231224
K= 1101
3816.45978759
K= 1102
3828.27703606
K= 1103
3800.91549296
K= 1104
37918.568601
K= 1105
8133.0
K= 1106
5195.89836312
K= 1107
12605.0171078
K= 1108
8827.0
K= 1109
8148.87759024
K= 1110
4728.92516676
K= 1111
8127.81818182
K= 1112
3575.66443162
K= 1113
3264.25649161
K= 1114
5125.60555625
K= 1115
4742.47062029
K= 1116
8136.02582956
K= 1117
9661.41733265
K= 1118
4794.70985508
K= 1119
3796.45978759
K= 1120
8122.0
K= 1121
8158.51114307
K= 1122
5883.10413585
K= 1123
8133.77777778
K= 1124
5614.54263774
K= 1125
8134.72972973
K= 1126
4754.06020451
K= 1127
1534.0361657
K= 1128
8457.62779264
K= 1129
5125.60555625
K= 1130
8134.9
K= 1131
8122.11812507
K= 1132
8074.94979088
K= 1133
5125.60555625
K= 1134
3891.2997046
K= 1135
5138.21595774
K= 1136
4068.23681953
K= 1137
6140.08306474
K= 1138
7942.34323256
K= 1139
5125.60555625
K= 1140
4919.29504383
K= 1141
3936.74287695
K= 1142
3611.69307012
K= 1143
8130.60526316
K= 1144
3934.79854199
K= 1145
8041.29945977
K= 1146
8200.27703606
K= 1147
4753.1287152
K= 1148
8827.0
K= 1149
8227.63619582
K= 1150
4670.22123569
K= 1151
8131.69883041
K= 1152
8116.11287378
K= 1153
8827.0
K= 1154
7992.22798899
K= 1155
4981.68272386
K= 1156
8109.78783899
K= 1157
12584.033532
K= 1158
3989.79316891
K= 1159
4068.23681953
K= 1160
8131.14285714
K= 1161
5087.12455179
K= 1162
8132.74459658
K= 1163
2069.63983514
K= 1164
3898.95306614
K= 1165
8827.0
K= 1166
18685.6459856
K= 1167
4687.44869396
K= 1168
2338.35540631
K= 1169
3849.91307118
K= 1170
4771.97303644
K= 1171
5125.60555625
K= 1172
8074.15221187
K= 1173
8131.75284493
K= 1174
8092.99271864
K= 1175
8127.56043154
K= 1176
8133.0
K= 1177
8827.0
K= 1178
11616.0791436
K= 1179
5935.42108391
K= 1180
4800.75295005
K= 1181
3805.0
K= 1182
14088.1987033
K= 1183
5990.96657814
K= 1184
5545.91917091
K= 1185
8085.42549691
K= 1186
6483.36901112
K= 1187
4711.14608778
K= 1188
5310.70512769
K= 1189
3892.2997046
K= 1190
6010.43666412
K= 1191
8030.99393699
K= 1192
8126.74193548
K= 1193
30475.75
K= 1194
3821.69230769
K= 1195
4469.46970543
K= 1196
8827.0
K= 1197
5125.64350789
K= 1198
5397.40898859
K= 1199
4656.58225803
K= 1200
8133.88571429
K= 1201
8086.92424177
K= 1202
9304.14139527
K= 1203
8133.8974359
K= 1204
4671.69902879
K= 1205
4068.23681953
K= 1206
4908.70864065
K= 1207
8122.6750334
K= 1208
5613.4057012
K= 1209
13726.6569519
K= 1210
14175.5330471
K= 1211
4907.8108922
K= 1212
4834.00782746
K= 1213
8054.82766545
K= 1214
5410.34706862
K= 1215
5608.13634025
K= 1216
5613.86214009
K= 1217
11226.2878995
K= 1218
5419.9534077
K= 1219
1644.23716985
K= 1220
4922.19097457
K= 1221
8028.99393699
K= 1222
4960.7351498
K= 1223
10641.6547739
K= 1224
5116.99936939
K= 1225
5025.92037718
K= 1226
8132.40645161
K= 1227
8137.68421053
K= 1228
19170.9363145
K= 1229
8126.17796372
K= 1230
5125.60555625
K= 1231
14192.5052016
K= 1232
5697.02796275
K= 1233
5371.45516669
K= 1234
8133.0
K= 1235
7094.96615903
K= 1236
9870.02741343
K= 1237
8128.71428571
K= 1238
8120.15650736
K= 1239
5086.95652024
K= 1240
8030.44858643
K= 1241
2358.46483357
K= 1242
3646.08073925
K= 1243
11799.6635088
K= 1244
8131.82608696
K= 1245
5125.60555625
K= 1246
2277.95400841
K= 1247
2257.44364054
K= 1248
5844.89532586
K= 1249
5217.55888251
K= 1250
4793.19768715
K= 1251
5777.26306867
K= 1252
5506.97311335
K= 1253
8130.90825688
K= 1254
8135.0
K= 1255
8132.0
K= 1256
3814.23259428
K= 1257
4741.41196246
K= 1258
3575.66443162
K= 1259
8827.0
K= 1260
5758.71627927
K= 1261
7293.43883811
K= 1262
8140.94637311
K= 1263
5392.3302145
K= 1264
8132.6
K= 1265
5125.60555625
K= 1266
5996.74164682
K= 1267
1329.88727883
K= 1268
1836.90721379
K= 1269
5125.60555625
K= 1270
8132.36470588
K= 1271
9319.55349313
K= 1272
5799.81617585
K= 1273
6240.54786391
K= 1274
5125.60555625
K= 1275
9204.56809191
K= 1276
8131.0
K= 1277
8134.08278895
K= 1278
14051.5835576
K= 1279
6033.6256598
K= 1280
4800.73174418
K= 1281
6239.05703963
K= 1282
4068.23681953
K= 1283
8032.09393699
K= 1284
5125.60555625
K= 1285
4945.92475515
K= 1286
5747.06448499
K= 1287
5125.60555625
K= 1288
3650.15221187
K= 1289
4686.98702817
K= 1290
5125.60555625
K= 1291
3861.60826619
K= 1292
3712.41514834
K= 1293
8140.0
K= 1294
5386.87294998
K= 1295
8050.88178895
K= 1296
8132.5
K= 1297
8135.0
K= 1298
4033.2997046
K= 1299
4591.48597377
K= 1300
4639.40501735
K= 1301
8140.69436481
K= 1302
3709.45978759
K= 1303
8134.0
K= 1304
4711.3896909
K= 1305
4868.28198304
K= 1306
4747.99121688
K= 1307
3867.68010514
K= 1308
5764.39915165
K= 1309
4385.57549975
K= 1310
5482.31144775
K= 1311
4676.55941445
K= 1312
5909.42120844
K= 1313
1383.69786425
K= 1314
8133.89189189
K= 1315
8197.45007317
K= 1316
8129.57705839
K= 1317
5639.6653118
K= 1318
4977.78780327
K= 1319
8132.5
K= 1320
8173.90486934
K= 1321
8135.45454546
K= 1322
8131.33333333
K= 1323
6250.04145366
K= 1324
8126.72727273
K= 1325
4731.77286929
K= 1326
4768.9513562
K= 1327
9707.18427552
K= 1328
8129.0
K= 1329
8132.66666667
K= 1330
4704.34213952
K= 1331
8128.88571429
K= 1332
8137.68421053
K= 1333
5376.36214224
K= 1334
8074.15221187
K= 1335
4219.54889816
K= 1336
5129.81571138
K= 1337
5772.21111247
K= 1338
4728.92359639
K= 1339
6742.14867346
K= 1340
5125.60555625
K= 1341
8127.71428571
K= 1342
5634.57614971
K= 1343
6664.60169831
K= 1344
8132.47755102
K= 1345
8827.0
K= 1346
5130.97212998
K= 1347
3657.6554042
K= 1348
5125.60555625
K= 1349
4948.10909281
K= 1350
4983.0753175
K= 1351
4836.18693135
K= 1352
3138.97068518
K= 1353
7955.12980933
K= 1354
5409.85944957
K= 1355
5536.89912001
K= 1356
6011.75970334
K= 1357
1335.77167378
K= 1358
4673.85786581
K= 1359
4483.07199271
K= 1360
8131.23623011
K= 1361
5125.60555625
K= 1362
12767.870317
K= 1363
2853.81612716
K= 1364
4932.01128479
K= 1365
3935.5
K= 1366
5125.60555625
K= 1367
13996.5893887
K= 1368
3675.68010514
K= 1369
8130.0
K= 1370
10127.8621544
K= 1371
4925.94932592
K= 1372
8190.77422897
K= 1373
6020.38203979
K= 1374
8827.0
K= 1375
6358.30972335
K= 1376
5396.22828384
K= 1377
4833.09706136
K= 1378
9959.21033849
K= 1379
4789.35215471
K= 1380
5409.96364073
K= 1381
9276.74870069
K= 1382
5395.83965153
K= 1383
9347.55603009
K= 1384
3665.45978759
K= 1385
8131.77777778
K= 1386
8074.15221187
K= 1387
8135.0
K= 1388
8174.88089702
K= 1389
3891.2997046
K= 1390
8127.86571822
K= 1391
8133.91780822
K= 1392
8115.73289361
K= 1393
8827.0
K= 1394
9799.71614787
K= 1395
1351.12196016
K= 1396
3923.79039939
K= 1397
5125.60555625
K= 1398
5991.53534082
K= 1399
4068.23681953
K= 1400
8099.49223773
K= 1401
7957.31635887
K= 1402
5125.60555625
K= 1403
3831.27703606
K= 1404
8125.85177818
K= 1405
5051.2557013
K= 1406
5040.7216298
K= 1407
5217.24507305
K= 1408
8134.0
K= 1409
3636.8998683
K= 1410
4068.23681953
K= 1411
8126.3623504
K= 1412
6594.75065162
K= 1413
3839.27703606
K= 1414
5775.51116617
K= 1415
3789.66965419
K= 1416
5623.87054051
K= 1417
4717.7641214
K= 1418
8131.78947368
K= 1419
5115.74484284
K= 1420
1528.86188453
K= 1421
8126.74193548
K= 1422
5496.78043105
K= 1423
8066.33427929
K= 1424
5125.60555625
K= 1425
4919.7040552
K= 1426
8115.39531474
K= 1427
12570.488095
K= 1428
8114.1106396
K= 1429
4339.91543419
K= 1430
9361.73326402
K= 1431
5125.60555625
K= 1432
1147.35315373
K= 1433
5135.92771656
K= 1434
5125.60555625
K= 1435
6851.72118821
K= 1436
8132.75609756
K= 1437
3676.0
K= 1438
5125.60555625
K= 1439
8123.48622434
K= 1440
13920.5875935
K= 1441
8134.0
K= 1442
5148.78500884
K= 1443
3877.05456815
K= 1444
8128.25501957
K= 1445
3575.66443162
K= 1446
3724.80842803
K= 1447
3877.05456815
K= 1448
3671.5
K= 1449
8087.66178317
K= 1450
367.701656961
K= 1451
6447.95697205
K= 1452
3804.45454546
K= 1453
4663.03229969
K= 1454
4922.37374509
K= 1455
27930.1443049
K= 1456
5183.2574408
K= 1457
4925.94254043
K= 1458
8134.57393484
K= 1459
5151.01009498
K= 1460
8120.85177818
K= 1461
5125.60555625
K= 1462
4730.17994001
K= 1463
3799.0
K= 1464
5125.60555625
K= 1465
8140.94637311
K= 1466
8185.42967258
K= 1467
5125.60555625
K= 1468
5972.67594704
K= 1469
4889.27989607
K= 1470
5125.60555625
K= 1471
7853.52807781
K= 1472
8131.0
K= 1473
5612.46719059
K= 1474
8135.0
K= 1475
5065.15333893
K= 1476
4752.69748741
K= 1477
1611.49703864
K= 1478
4068.23681953
K= 1479
8131.29489287
K= 1480
4661.9319483
K= 1481
7269.72796553
K= 1482
8132.71428572
K= 1483
5494.09833877
K= 1484
5778.26444652
K= 1485
5996.74164682
K= 1486
3829.27703606
K= 1487
8126.33913655
K= 1488
9209.25596232
K= 1489
4819.78644693
K= 1490
14327.8292554
K= 1491
4940.13535783
K= 1492
5674.02171311
K= 1493
4784.1510621
K= 1494
3854.41514834
K= 1495
8111.43098895
K= 1496
8133.88405797
K= 1497
4068.23681953
K= 1498
4888.0609812
K= 1499
14005.4680271
K= 1500
5125.51513227
K= 1501
4929.67418803
K= 1502
8175.0423872
K= 1503
8131.7
K= 1504
5010.2621036
K= 1505
5125.66529373
K= 1506
8133.71428572
K= 1507
4934.89364742
K= 1508
17654.0
K= 1509
4068.23681953
K= 1510
4068.23681953
K= 1511
3798.81818182
K= 1512
4081.9116169
K= 1513
4696.63894993
K= 1514
5135.87860122
K= 1515
4051.2997046
K= 1516
11948.8520572
K= 1517
7231.98908804
K= 1518
8112.31417545
K= 1519
8123.84280242
K= 1520
3982.40414847
K= 1521
4068.23681953
K= 1522
13911.2240797
K= 1523
23404.5388103
K= 1524
4766.570383
K= 1525
5125.60555625
K= 1526
6026.71563784
K= 1527
9765.94771354
K= 1528
5014.98511223
K= 1529
5131.56076691
K= 1530
9304.47426468
K= 1531
5526.05388309
K= 1532
8134.0
K= 1533
8126.74193548
K= 1534
6388.47486352
K= 1535
4666.56407058
K= 1536
8109.84556699
K= 1537
4635.37734712
K= 1538
3733.00133314
K= 1539
5148.95246956
K= 1540
4799.06695259
K= 1541
6131.12326705
K= 1542
3611.69307012
K= 1543
5407.51754631
K= 1544
5234.22232573
K= 1545
7957.40945499
K= 1546
4720.99027167
K= 1547
8827.0
K= 1548
5126.55781287
K= 1549
3891.2997046
K= 1550
8124.85177818
K= 1551
8132.43333333
K= 1552
2302.57857825
K= 1553
12599.5759933
K= 1554
3891.2997046
K= 1555
4413.1416193
K= 1556
4801.52985701
K= 1557
18281.9598533
K= 1558
4740.3273024
K= 1559
8132.5
K= 1560
4960.7351498
K= 1561
4068.23681953
K= 1562
7818.19891785
K= 1563
6123.98646684
K= 1564
8176.40950446
K= 1565
8130.47619048
K= 1566
1348.5918869
K= 1567
2773.75375625
K= 1568
7182.79651119
K= 1569
10000.5153108
K= 1570
4790.20947606
K= 1571
5125.60555625
K= 1572
5536.01784322
K= 1573
9308.1244814
K= 1574
4933.72551574
K= 1575
8134.0
K= 1576
4827.03467647
K= 1577
8827.0
K= 1578
4780.9275294
K= 1579
8129.6
K= 1580
5124.76428641
K= 1581
8134.0
K= 1582
3701.72182993
K= 1583
4068.23681953
K= 1584
4068.23681953
K= 1585
7700.07230266
K= 1586
5019.20656502
K= 1587
4733.92724347
K= 1588
4940.8504488
K= 1589
43723.6943648
K= 1590
9948.52718333
K= 1591
8131.71428572
K= 1592
3796.47402597
K= 1593
8134.72972973
K= 1594
5187.20488482
K= 1595
8134.6
K= 1596
8827.0
K= 1597
8135.0
K= 1598
4694.6905917
K= 1599
17654.0
K= 1600
4068.23681953
K= 1601
5392.04235126
K= 1602
8827.0
K= 1603
5388.08218079
K= 1604
4927.00204779
K= 1605
3815.23596674
K= 1606
16264.0
K= 1607
7765.49514951
K= 1608
4696.14733633
K= 1609
4068.23681953
K= 1610
4729.61309334
K= 1611
5125.60555625
K= 1612
4924.39919772
K= 1613
4805.8976245
K= 1614
8134.0
K= 1615
5639.92421038
K= 1616
5538.91010692
K= 1617
3675.68010514
K= 1618
5025.95133515
K= 1619
9109.42559417
K= 1620
5451.7005502
K= 1621
4848.97989648
K= 1622
4807.18317892
K= 1623
8134.0
K= 1624
4360.29635032
K= 1625
8127.63511625
K= 1626
6028.05137956
K= 1627
7275.1614785
K= 1628
15320.4867136
K= 1629
5114.93581537
K= 1630
8121.0665042
K= 1631
4319.85519805
K= 1632
8131.75
K= 1633
8131.42857143
K= 1634
8132.80645161
K= 1635
4796.38405576
K= 1636
4959.22439946
K= 1637
8056.71097287
K= 1638
8132.0
K= 1639
3675.68010514
K= 1640
10679.7763284
K= 1641
3871.27703606
K= 1642
5611.3453002
K= 1643
5339.02680157
K= 1644
4899.72063834
K= 1645
8074.15221187
K= 1646
4068.23681953
K= 1647
3891.2997046
K= 1648
6015.97733367
K= 1649
5229.34540485
K= 1650
3735.05456815
K= 1651
5219.02972428
K= 1652
3654.45978759
K= 1653
3827.84
K= 1654
5429.81440646
K= 1655
8091.9998562
K= 1656
5389.30828071
K= 1657
12613.0
K= 1658
5213.19968421
K= 1659
4898.88633113
K= 1660
4886.19488993
K= 1661
3891.2997046
K= 1662
8135.0
K= 1663
3823.52497198
K= 1664
8133.60634921
K= 1665
4716.17242986
K= 1666
8158.79261901
K= 1667
5125.60555625
K= 1668
5125.60555625
K= 1669
5527.95410304
K= 1670
9613.32278842
K= 1671
3720.0
K= 1672
8134.0
K= 1673
4715.95291743
K= 1674
5539.21879314
K= 1675
6132.7355002
K= 1676
23072.2715657
K= 1677
14217.586769
K= 1678
10198.6890046
K= 1679
8133.92405063
K= 1680
5450.59030863
K= 1681
4751.05673439
K= 1682
3631.08982444
K= 1683
8133.13333333
K= 1684
8132.75609756
K= 1685
4944.17478396
K= 1686
4068.23681953
K= 1687
5126.02810354
K= 1688
4819.731413
K= 1689
4834.98005741
K= 1690
9518.2787722
K= 1691
4959.84874592
K= 1692
15725.3776331
K= 1693
4689.45946257
K= 1694
8827.0
K= 1695
8133.91780822
K= 1696
8146.39462241
K= 1697
8189.84739457
K= 1698
8132.87951807
K= 1699
4893.23366511
K= 1700
7308.91957519
K= 1701
3840.45978759
K= 1702
8131.5
K= 1703
4830.81165899
K= 1704
5125.5592359
K= 1705
5996.74164682
K= 1706
8133.63732289
K= 1707
5279.61504959
K= 1708
4960.35729934
K= 1709
5125.60555625
K= 1710
4901.14799633
K= 1711
7811.33066738
K= 1712
8211.00436117
K= 1713
5378.9384377
K= 1714
5125.60555625
K= 1715
3891.2997046
K= 1716
8151.30585978
K= 1717
4926.01773254
K= 1718
5456.28778069
K= 1719
1765.82210208
K= 1720
4929.59835509
K= 1721
8133.6
K= 1722
9715.24955839
K= 1723
8138.0
K= 1724
4669.94623965
K= 1725
5125.4626991
K= 1726
8154.93824731
K= 1727
8826.0
K= 1728
5125.60555625
K= 1729
3768.32805325
K= 1730
8134.36
K= 1731
3654.45978759
K= 1732
8127.89189189
K= 1733
4758.22598523
K= 1734
4818.9354133
K= 1735
3650.15221187
K= 1736
3829.27703606
K= 1737
4856.49856434
K= 1738
8131.15484976
K= 1739
10366.6348616
K= 1740
4956.06507026
K= 1741
3902.11620749
K= 1742
3830.27703606
K= 1743
8126.5
K= 1744
4818.06225805
K= 1745
5560.87240268
K= 1746
8121.0
K= 1747
8135.23259428
K= 1748
4696.93418575
K= 1749
10685.6190052
K= 1750
5506.99091891
K= 1751
5061.34886541
K= 1752
8100.95285095
K= 1753
4001.27703606
K= 1754
8132.55128205
K= 1755
5058.42650805
K= 1756
5686.27684757
K= 1757
8137.45486935
K= 1758
8138.2386847
K= 1759
3805.66666667
K= 1760
8831.45125327
K= 1761
5116.59606283
K= 1762
4824.21041009
K= 1763
8125.68421053
K= 1764
5055.74502885
K= 1765
8132.78929376
K= 1766
8079.36848974
K= 1767
4068.23681953
K= 1768
5042.91256301
K= 1769
4775.99461497
K= 1770
7968.24318866
K= 1771
3147.9468162
K= 1772
3798.44615385
K= 1773
8135.0
K= 1774
5125.60555625
K= 1775
8827.0
K= 1776
14960.1868462
K= 1777
6805.22282978
K= 1778
2452.4193002
K= 1779
5125.319069
K= 1780
3697.45978759
K= 1781
8132.77777778
K= 1782
10012.1394818
K= 1783
4643.54070792
K= 1784
4917.86655614
K= 1785
8136.1818021
K= 1786
1967.59481844
K= 1787
8072.68328764
K= 1788
4793.59257844
K= 1789
4068.23681953
K= 1790
7928.01296952
K= 1791
5137.12941867
K= 1792
8122.59833068
K= 1793
5334.41388287
K= 1794
5079.11500237
K= 1795
5995.91847319
K= 1796
1053.35572282
K= 1797
9321.02295385
K= 1798
6357.69986189
K= 1799
9649.47900197
K= 1800
5058.01181166
K= 1801
5995.1225992
K= 1802
3735.05456815
K= 1803
9887.48309526
K= 1804
5023.41378506
K= 1805
3546.91170327
K= 1806
5125.60555625
K= 1807
5125.60555625
K= 1808
52131.2665356
K= 1809
4932.77353904
K= 1810
5125.4626991
K= 1811
1923.56585422
K= 1812
8132.5
K= 1813
4682.13498448
K= 1814
5007.35939583
K= 1815
4793.88169832
K= 1816
4057.07704171
K= 1817
3695.89180357
K= 1818
5069.11806991
K= 1819
8131.0
K= 1820
17291.2421494
K= 1821
4813.00297529
K= 1822
5125.60555625
K= 1823
3891.2997046
K= 1824
3694.38790148
K= 1825
8135.0
K= 1826
16318.2834455
K= 1827
9434.07397818
K= 1828
7804.87630264
K= 1829
5460.83287564
K= 1830
5996.74164682
K= 1831
6713.08467928
K= 1832
5133.41510403
K= 1833
3650.15221187
K= 1834
8132.0
K= 1835
5198.59372191
K= 1836
8132.5
K= 1837
8134.0
K= 1838
6244.26962826
K= 1839
4754.85278986
K= 1840
4806.48663066
K= 1841
5704.87700827
K= 1842
6250.04145366
K= 1843
5157.43743723
K= 1844
7868.02576145
K= 1845
5133.69710504
K= 1846
5125.60555625
K= 1847
8133.91358655
K= 1848
5623.0481819
K= 1849
5164.79371743
K= 1850
4835.56270467
K= 1851
4068.23681953
K= 1852
4873.80368004
K= 1853
3829.27703606
K= 1854
7945.66965419
K= 1855
1436.92532947
K= 1856
5440.3681045
K= 1857
5130.16370622
K= 1858
5187.72886578
K= 1859
3675.68010514
K= 1860
4068.23681953
K= 1861
8128.72727273
K= 1862
8134.0
K= 1863
8140.0
K= 1864
9496.23760733
K= 1865
8135.0
K= 1866
13947.9663567
K= 1867
8131.63033395
K= 1868
4068.23681953
K= 1869
1773.31277132
K= 1870
7801.67512827
K= 1871
5069.60396734
K= 1872
4754.08969738
K= 1873
4068.23681953
K= 1874
4752.06141204
K= 1875
3893.51739129
K= 1876
8133.0
K= 1877
5055.67250667
K= 1878
4815.85034968
K= 1879
4791.50409658
K= 1880
1501.18019625
K= 1881
8133.91358655
K= 1882
5162.59756651
K= 1883
5167.40911071
K= 1884
7663.07947236
K= 1885
5136.48543982
K= 1886
9545.65758768
K= 1887
4821.84605527
K= 1888
5384.65887074
K= 1889
8128.91304348
K= 1890
8827.0
K= 1891
5943.13194773
K= 1892
4945.51133745
K= 1893
8135.0
K= 1894
3979.27703606
K= 1895
3828.27703606
K= 1896
8130.5
K= 1897
3709.1565717
K= 1898
8132.5
K= 1899
6517.75061663
K= 1900
2853.00108547
K= 1901
3800.5
K= 1902
9185.70367445
K= 1903
8132.36470588
K= 1904
1577.17527792
K= 1905
4714.0023579
K= 1906
5125.60555625
K= 1907
5088.83627173
K= 1908
5031.81482405
K= 1909
10053.4888223
K= 1910
5031.81276963
K= 1911
5377.9366985
K= 1912
4749.64169359
K= 1913
5129.56795576
K= 1914
8137.91167279
K= 1915
8123.55859381
K= 1916
8093.93173971
K= 1917
5158.15044058
K= 1918
4718.19742382
K= 1919
8134.05309053
K= 1920
3809.85714286
K= 1921
8125.68421053
K= 1922
8092.36212404
K= 1923
7551.55407213
K= 1924
4836.57077947
K= 1925
1549.52079051
K= 1926
8188.84893169
K= 1927
8131.0
K= 1928
3610.11894202
K= 1929
5204.67473714
K= 1930
37821.3737561
K= 1931
5529.82597195
K= 1932
6102.80561101
K= 1933
3575.66443162
K= 1934
8126.86956522
K= 1935
5991.15177569
K= 1936
5674.17115398
K= 1937
4795.16522933
K= 1938
4826.01638653
K= 1939
5062.51073092
K= 1940
8115.0
K= 1941
6210.07618131
K= 1942
3728.86380643
K= 1943
1348.78365729
K= 1944
8134.0
K= 1945
8133.75
K= 1946
5215.29065952
K= 1947
5093.62869273
K= 1948
6152.39274293
K= 1949
5520.52536778
K= 1950
8133.0
K= 1951
3891.2997046
K= 1952
4068.23681953
K= 1953
8132.77777778
K= 1954
974.538632108
K= 1955
7602.55770329
K= 1956
8127.91549296
K= 1957
4737.88564216
K= 1958
9388.92470928
K= 1959
8134.0
K= 1960
1651.14596488
K= 1961
5052.8443495
K= 1962
4940.19730571
K= 1963
4931.48170996
K= 1964
8132.42444085
K= 1965
4967.79088981
K= 1966
4068.23681953
K= 1967
5734.63687885
K= 1968
3835.28502948
K= 1969
6818.32820878
K= 1970
8028.05643699
K= 1971
18531.1205306
K= 1972
3650.15221187
K= 1973
8031.99393699
K= 1974
8133.87586207
K= 1975
8133.9
K= 1976
5545.33188628
K= 1977
8035.77847317
K= 1978
3675.68010514
K= 1979
9180.32074651
K= 1980
8101.0005775
K= 1981
5475.39944694
K= 1982
5125.60555625
K= 1983
7400.94540063
K= 1984
5982.85724421
K= 1985
4912.97956436
K= 1986
3981.81241409
K= 1987
1369.64595845
K= 1988
2792.2113877
K= 1989
8134.0
K= 1990
5766.8931968
K= 1991
8182.61352728
K= 1992
8077.27189447
K= 1993
4839.49183522
K= 1994
8132.5
K= 1995
8031.99393699
K= 1996
3575.66443162
K= 1997
4918.3687767
K= 1998
5045.93734484
K= 1999
5125.60555625
K= 2000
4827.06822939
K= 2001
8133.60634921
K= 2002
8132.80645161
K= 2003
4068.23681953
K= 2004
8132.0
K= 2005
5434.77918283
K= 2006
15508.2234026
K= 2007
3828.42585878
K= 2008
8139.93017957
K= 2009
7777.98418525
K= 2010
4834.13146583
K= 2011
7668.22938657
K= 2012
4947.31989843
K= 2013
4834.00471957
K= 2014
5098.18568804
K= 2015
3891.2997046
K= 2016
7853.49898175
K= 2017
5368.01367921
K= 2018
5036.37626006
K= 2019
5021.39478208
K= 2020
5422.62978924
K= 2021
5096.22689615
K= 2022
4015.27703606
K= 2023
4950.37227301
K= 2024
5921.53405138
K= 2025
3957.40174087
K= 2026
8227.63619582
K= 2027
8119.09433775
K= 2028
5384.65887074
K= 2029
8131.33333333
K= 2030
9491.24429503
K= 2031
4812.42191515
K= 2032
32858.4714449
K= 2033
5078.22633947
K= 2034
12822.8354654
K= 2035
8131.53846154
K= 2036
18908.1506594
K= 2037
8152.16510679
K= 2038
8132.66151043
K= 2039
8133.9
K= 2040
6289.88625039
K= 2041
4068.23681953
K= 2042
10760.6677177
K= 2043
1614.59441289
K= 2044
5676.31215749
K= 2045
3950.82035909
K= 2046
4069.23681953
K= 2047
9650.90738194
K= 2048
8138.42444085
K= 2049
9992.92298545
K= 2050
5125.60555625
K= 2051
3877.05456815
K= 2052
5124.99949564
K= 2053
5125.60555625
K= 2054
5125.60555625
K= 2055
8134.0
K= 2056
8133.0
K= 2057
8126.74193548
K= 2058
9254.38905251
K= 2059
1385.9611219
K= 2060
3674.80645161
K= 2061
16208.0616547
K= 2062
4872.22397384
K= 2063
5218.21307477
K= 2064
8074.15221187
K= 2065
8133.99227137
K= 2066
5100.24124194
K= 2067
5771.62733125
K= 2068
8126.48863783
K= 2069
3940.81241409
K= 2070
7878.91604097
K= 2071
5384.65887074
K= 2072
4684.23209444
K= 2073
766.424151752
K= 2074
5125.60555625
K= 2075
8131.78947368
K= 2076
5125.60555625
K= 2077
8063.53514168
K= 2078
5498.3289405
K= 2079
8827.0
K= 2080
8137.98696813
K= 2081
5003.87616667
K= 2082
8130.66666667
K= 2083
4895.7571792
K= 2084
5614.26284406
K= 2085
4924.27419772
K= 2086
8132.5
K= 2087
29514.1847149
K= 2088
8133.84615385
K= 2089
18976.7885256
K= 2090
5026.72832875
K= 2091
8132.33333333
K= 2092
12821.3201353
K= 2093
8130.41078987
K= 2094
8077.40452651
K= 2095
9698.50268293
K= 2096
8123.92405063
K= 2097
9292.80564313
K= 2098
6138.71460248
K= 2099
3650.15221187
K= 2100
8827.0
K= 2101
8129.91549296
K= 2102
8133.91304348
K= 2103
12605.5887871
K= 2104
8023.93606794
K= 2105
3646.08073925
K= 2106
8133.24705882
K= 2107
8134.0
K= 2108
1578.71353577
K= 2109
5079.98851627
K= 2110
1659.66580903
K= 2111
4865.7627312
K= 2112
8827.0
K= 2113
5091.00439346
K= 2114
4808.05608164
K= 2115
8132.09333333
K= 2116
5368.76225366
K= 2117
8827.0
K= 2118
4824.81964667
K= 2119
9989.90922553
K= 2120
8134.0
K= 2121
8138.42444085
K= 2122
5377.15806792
K= 2123
8133.45454546
K= 2124
2266.33538991
K= 2125
1487.33059047
K= 2126
8827.0
K= 2127
8034.00976833
K= 2128
8134.51726715
K= 2129
6896.09782978
K= 2130
5125.60555625
K= 2131
5316.6037005
K= 2132
8123.71428572
K= 2133
4726.43362238
K= 2134
4925.07129308
K= 2135
6250.04145366
K= 2136
4068.23681953
K= 2137
5526.36952362
K= 2138
6583.0470954
K= 2139
4068.23681953
K= 2140
4842.39000538
K= 2141
18874.2407512
K= 2142
4068.23681953
K= 2143
4907.54680056
K= 2144
5125.60555625
K= 2145
4452.66431385
K= 2146
8123.66666667
K= 2147
5674.33206886
K= 2148
8195.87859985
K= 2149
4899.46347888
K= 2150
8134.0
K= 2151
8130.57575758
K= 2152
3829.27703606
K= 2153
3829.27703606
K= 2154
8010.06192275
K= 2155
4068.23681953
K= 2156
5125.60555625
K= 2157
5125.60555625
K= 2158
8125.68421053
K= 2159
15957.4015123
K= 2160
3822.72972973
K= 2161
23542.5285444
K= 2162
5163.86220011
K= 2163
6461.83195035
K= 2164
5965.64996939
K= 2165
8131.6
K= 2166
5384.21992014
K= 2167
8118.09433775
K= 2168
6924.19829226
K= 2169
8133.38344529
K= 2170
4765.34765305
K= 2171
8020.88515339
K= 2172
9277.82653796
K= 2173
4496.55258803
K= 2174
8131.0
K= 2175
5125.60555625
K= 2176
4959.58422618
K= 2177
5400.85000221
K= 2178
8134.0
K= 2179
4924.39919772
K= 2180
9469.51671605
K= 2181
7951.66965419
K= 2182
5552.42684111
K= 2183
4864.67250979
K= 2184
5125.60555625
K= 2185
8827.0
K= 2186
8134.0
K= 2187
5162.14919565
K= 2188
8237.57479723
K= 2189
8083.76558256
K= 2190
8915.57375977
K= 2191
1649.05395513
K= 2192
5242.34443741
K= 2193
19927.225605
K= 2194
5236.26251537
K= 2195
8140.69436481
K= 2196
8133.79183673
K= 2197
5429.99942603
K= 2198
5372.75069974
K= 2199
6026.21241595
K= 2200
8134.4026274
K= 2201
11607.718059
K= 2202
8827.0
K= 2203
9568.15203916
K= 2204
346.229446569
K= 2205
4708.77451332
K= 2206
3959.27703606
K= 2207
3650.15221187
K= 2208
4960.7351498
K= 2209
8129.76
K= 2210
8114.60541499
K= 2211
8132.5
K= 2212
1257.31209821
K= 2213
4068.23681953
K= 2214
8103.41213427
K= 2215
11790.4594595
K= 2216
8153.05914788
K= 2217
5096.74030381
K= 2218
4933.76953802
K= 2219
4068.23681953
K= 2220
8827.0
K= 2221
5125.60555625
K= 2222
8144.16141093
K= 2223
6130.32326705
K= 2224
22439.4934565
K= 2225
8137.0
K= 2226
5125.60555625
K= 2227
4068.23681953
K= 2228
18279.5352166
K= 2229
52962.0
K= 2230
8128.0
K= 2231
10630.8287298
K= 2232
5065.66208729
K= 2233
3716.68010514
K= 2234
8126.0
K= 2235
8134.0
K= 2236
8827.0
K= 2237
4650.34205653
K= 2238
5746.31332504
K= 2239
5359.00449685
K= 2240
5125.72170609
K= 2241
8128.0
K= 2242
4946.23864862
K= 2243
8121.39531474
K= 2244
3575.66443162
K= 2245
4790.68747218
K= 2246
4903.99361641
K= 2247
5094.98578685
K= 2248
5493.24655699
K= 2249
5450.71373693
K= 2250
8036.24117149
K= 2251
1374.77015356
K= 2252
8133.8974359
K= 2253
1974.43680088
K= 2254
4864.75285935
K= 2255
14152.4573831
K= 2256
8239.74793476
K= 2257
8134.8974359
K= 2258
8134.0
K= 2259
5125.60555625
K= 2260
8827.0
K= 2261
4935.71182161
K= 2262
8135.0
K= 2263
5125.60555625
K= 2264
5407.33530473
K= 2265
4846.38398567
K= 2266
1657.36649354
K= 2267
3772.79385086
K= 2268
4771.90405216
K= 2269
5033.79461105
K= 2270
5219.28686714
K= 2271
3680.32729535
K= 2272
8117.18223734
K= 2273
3897.11836484
K= 2274
6132.243682
K= 2275
12721.6340029
K= 2276
4723.42934107
K= 2277
8096.72412197
K= 2278
8116.06937461
K= 2279
5125.60555625
K= 2280
3698.99007471
K= 2281
8140.0
K= 2282
9161.86194348
K= 2283
5139.22008047
K= 2284
5118.98240113
K= 2285
5002.00523794
K= 2286
4752.56265675
K= 2287
8112.61066757
K= 2288
5144.16794787
K= 2289
8138.35557661
K= 2290
8134.0
K= 2291
329.746555348
K= 2292
8125.68421053
K= 2293
8138.42444085
K= 2294
3891.2997046
K= 2295
7758.08139315
K= 2296
1673.35464759
K= 2297
8134.0
K= 2298
5124.91388958
K= 2299
5435.73665813
K= 2300
8827.0
K= 2301
8133.0
K= 2302
5218.45745194
K= 2303
5527.82910304
K= 2304
8134.0
K= 2305
3650.15221187
K= 2306
4844.15669143
K= 2307
8026.23679413
K= 2308
8084.85675245
K= 2309
4675.45783045
K= 2310
8135.71428572
K= 2311
8138.42444085
K= 2312
8081.70117065
K= 2313
5125.60555625
K= 2314
3650.15221187
K= 2315
3986.62779264
K= 2316
52962.0
K= 2317
8139.04549597
K= 2318
4888.55169277
K= 2319
2095.19152511
K= 2320
4998.75623482
K= 2321
8136.85714286
K= 2322
8029.32585971
K= 2323
1051.84116168
K= 2324
4365.11076091
K= 2325
4987.75001544
K= 2326
5333.76543559
K= 2327
3650.15221187
K= 2328
3911.63454185
K= 2329
8140.0
K= 2330
5037.4216377
K= 2331
13997.2638077
K= 2332
7076.76494175
K= 2333
4772.40697467
K= 2334
5316.53014047
K= 2335
5419.29380561
K= 2336
8129.0
K= 2337
5135.36306853
K= 2338
8132.41811741
K= 2339
12770.8341427
K= 2340
5639.58098831
K= 2341
4068.23681953
K= 2342
4909.20551683
K= 2343
8179.20314359
K= 2344
3891.2997046
K= 2345
8133.85714286
K= 2346
8129.91780822
K= 2347
23291.4652994
K= 2348
8133.0
K= 2349
8133.85714286
K= 2350
8827.0
K= 2351
9423.2697971
K= 2352
5996.74164682
K= 2353
3735.05456815
K= 2354
3664.1060142
K= 2355
5125.60555625
K= 2356
8133.51428571
K= 2357
5125.60555625
K= 2358
17474.1054527
K= 2359
4068.23681953
K= 2360
4065.61589301
K= 2361
5125.60555625
K= 2362
3891.2997046
K= 2363
5104.81340514
K= 2364
27388.4274043
K= 2365
5748.64274952
K= 2366
5640.41432165
K= 2367
9265.79344456
K= 2368
5128.23579089
K= 2369
3700.6835741
K= 2370
5432.49373133
K= 2371
8187.61352728
K= 2372
4800.73174418
K= 2373
8055.88648898
K= 2374
5214.63666179
K= 2375
7142.15348829
K= 2376
8168.93883048
K= 2377
5218.08841481
K= 2378
4068.23681953
K= 2379
3769.71428571
K= 2380
8128.55128205
K= 2381
8134.0
K= 2382
7393.20148907
K= 2383
5125.60555625
K= 2384
4701.28045137
K= 2385
5110.32498309
K= 2386
5081.02575822
K= 2387
9487.82849169
K= 2388
5049.37486592
K= 2389
8131.55555556
K= 2390
7701.719265
K= 2391
5125.60555625
K= 2392
4854.48695605
K= 2393
8128.87951807
K= 2394
3675.68010514
K= 2395
5125.60555625
K= 2396
8126.26059961
K= 2397
5131.87363548
K= 2398
5843.8170367
K= 2399
5477.65656954
K= 2400
8134.0
Betweenness Centrality Improvement
[ 5509.70987294  4874.11475261  4808.52067623 ...,     0.             0.
     0.        ]
Top 20 BC Improvement
[ 222 2229 2316 1808 1589    3  979 1104 1930  674 2032  422 1193 2087 1455
 1047 2364  129 1006 2161]
