txValue= 100
Our nodes starting connections: 
(4618, 2796)
(4618, 1223)
(4618, 235)
(4618, 1163)
(4618, 2693)
(4618, 4083)
(4618, 1352)
(4618, 3653)
(4618, 498)
K= 0
5431.40774904
K= 1
4841.92190141
K= 2
4777.61288362
K= 3
46466.3043396
K= 4
13945.6420467
K= 5
5061.21791331
K= 6
7828.49381906
K= 7
5221.17508098
K= 8
14031.4439304
K= 9
9281.76856981
K= 10
8186.88571429
K= 11
4683.56420526
K= 12
8049.83589637
K= 13
5061.12700422
K= 14
6098.70636091
K= 15
2179.42935912
K= 16
5061.12700422
K= 17
8827.0
K= 18
4911.24821659
K= 19
4730.70297881
K= 20
855.217913308
K= 21
5393.08204166
K= 22
3870.68421053
K= 23
8103.67246564
K= 24
4681.19454499
K= 25
4795.03216296
K= 26
5425.65307346
K= 27
5256.59066582
K= 28
3973.2187624
K= 29
5094.4691484
K= 30
5061.01490189
K= 31
16329.2078435
K= 32
9447.16177971
K= 33
5336.28252883
K= 34
5240.80919978
K= 35
4743.58090711
K= 36
8191.0
K= 37
4900.7977396
K= 38
5899.76715039
K= 39
5127.868774
K= 40
8189.36003979
K= 41
3793.14980782
K= 42
12635.8378378
K= 43
4840.38336935
K= 44
5458.37044116
K= 45
5032.90257319
K= 46
4032.46699647
K= 47
4945.87892189
K= 48
8179.22727273
K= 49
3906.16814371
K= 50
9266.29007543
K= 51
3874.72972973
K= 52
4891.35147347
K= 53
5267.9642358
K= 54
5371.2664968
K= 55
8179.74193548
K= 56
8163.0
K= 57
4921.47699136
K= 58
5383.28499892
K= 59
3990.28854441
K= 60
3768.05336824
K= 61
19737.9963537
K= 62
23095.5908896
K= 63
8185.5
K= 64
5512.45169191
K= 65
8182.75
K= 66
4323.40152366
K= 67
8197.86586952
K= 68
8103.04434754
K= 69
5411.31947921
K= 70
8187.85714286
K= 71
4383.75124593
K= 72
8186.0
K= 73
4770.01369521
K= 74
4680.35144549
K= 75
5350.3576649
K= 76
12040.7005737
K= 77
4123.35692888
K= 78
4964.14157346
K= 79
8186.91549296
K= 80
14210.5947445
K= 81
8394.17622624
K= 82
8185.2
K= 83
3644.18202464
K= 84
5295.75099936
K= 85
5091.11803065
K= 86
4820.41374516
K= 87
5325.44329149
K= 88
3852.54393069
K= 89
3811.05210225
K= 90
8187.0
K= 91
10205.3128392
K= 92
7714.95881137
K= 93
11062.6402909
K= 94
5061.21791331
K= 95
6241.37742275
K= 96
8187.0
K= 97
8183.89583333
K= 98
5013.95998346
K= 99
4851.18107555
K= 100
8192.95186713
K= 101
5340.79163046
K= 102
5394.44270502
K= 103
4907.24896123
K= 104
3954.37889385
K= 105
3949.28854441
K= 106
5061.21791331
K= 107
6145.64602385
K= 108
8186.0
K= 109
8182.22727273
K= 110
6118.44868549
K= 111
8827.0
K= 112
5061.21791331
K= 113
5375.17102236
K= 114
5326.69979381
K= 115
5060.71791331
K= 116
8183.94882694
K= 117
4123.35692888
K= 118
8188.77743608
K= 119
5192.64200176
K= 120
1862.97300731
K= 121
5061.99064058
K= 122
8184.0
K= 123
8083.14984606
K= 124
8827.0
K= 125
8172.76358527
K= 126
4699.73443262
K= 127
1611.58456785
K= 128
5193.25038633
K= 129
23954.1188424
K= 130
5585.24720182
K= 131
10402.585071
K= 132
5061.21791331
K= 133
4760.02689997
K= 134
5061.21791331
K= 135
9644.91388429
K= 136
5233.8876116
K= 137
4759.43291776
K= 138
1284.86202373
K= 139
2977.75126124
K= 140
8189.0
K= 141
8186.71666667
K= 142
4123.35692888
K= 143
4630.5116329
K= 144
5060.71791331
K= 145
1442.88286007
K= 146
9254.99160297
K= 147
9321.57029806
K= 148
6716.91028167
K= 149
4091.28854441
K= 150
8183.8062954
K= 151
9868.88311488
K= 152
5060.56331974
K= 153
3877.63536468
K= 154
10151.8962416
K= 155
8827.0
K= 156
4592.21157471
K= 157
8179.91549296
K= 158
8187.0
K= 159
8153.66922279
K= 160
4782.39909199
K= 161
8188.0
K= 162
8184.78947368
K= 163
9538.21791331
K= 164
8186.84210526
K= 165
4594.77352364
K= 166
5309.6170356
K= 167
1595.69864615
K= 168
3897.91278366
K= 169
8094.23552401
K= 170
8186.25595238
K= 171
5151.9600764
K= 172
5535.03343215
K= 173
4867.95345258
K= 174
5670.51557284
K= 175
4804.00618591
K= 176
3949.28854441
K= 177
3735.65799531
K= 178
8167.8172043
K= 179
8187.0
K= 180
4651.63164396
K= 181
8827.0
K= 182
4969.7330811
K= 183
22916.401576
K= 184
4730.39316773
K= 185
8184.99339364
K= 186
8187.0
K= 187
4888.57511852
K= 188
8827.0
K= 189
4832.54983017
K= 190
3885.46699647
K= 191
8154.22301409
K= 192
8186.75
K= 193
8190.66666667
K= 194
5441.72594412
K= 195
8186.88571429
K= 196
11905.6635088
K= 197
9320.12239014
K= 198
6019.99555413
K= 199
4908.03708519
K= 200
5849.72831643
K= 201
9114.69474582
K= 202
5671.51557284
K= 203
3958.95821282
K= 204
8170.91982455
K= 205
5302.65768961
K= 206
8827.0
K= 207
5171.28176438
K= 208
1049.67676746
K= 209
8188.0
K= 210
5321.66715571
K= 211
4819.39233883
K= 212
7785.87387158
K= 213
5077.08532106
K= 214
5018.3185665
K= 215
3885.46699647
K= 216
5388.42264356
K= 217
4876.22529305
K= 218
3868.6
K= 219
5695.10411538
K= 220
1843.27213313
K= 221
4689.42806792
K= 222
68082.7117626
K= 223
3885.46699647
K= 224
4901.36054881
K= 225
5262.50299564
K= 226
5134.93185878
K= 227
21525.0018516
K= 228
4044.46699647
K= 229
8189.46031772
K= 230
3764.49737682
K= 231
3751.16888243
K= 232
8187.0
K= 233
8171.91549296
K= 234
9207.10688445
K= 235
4147.45321481
K= 236
4921.47699136
K= 237
7838.47233095
K= 238
3644.18202464
K= 239
2310.07629324
K= 240
8183.66666667
K= 241
4786.78882221
K= 242
4718.61750565
K= 243
5061.21791331
K= 244
5061.21791331
K= 245
8193.0
K= 246
8074.14709718
K= 247
8178.68421053
K= 248
3735.63536468
K= 249
3867.0
K= 250
8185.0
K= 251
4612.508857
K= 252
8151.37157821
K= 253
5875.70089293
K= 254
4123.35692888
K= 255
8827.0
K= 256
5231.05237885
K= 257
8173.0
K= 258
9370.28692033
K= 259
5071.31676162
K= 260
9570.18058885
K= 261
8123.89491377
K= 262
8827.0
K= 263
8165.2946869
K= 264
8185.5
K= 265
5291.95400921
K= 266
5032.50880437
K= 267
4970.20344787
K= 268
5445.86376906
K= 269
5086.8240404
K= 270
5797.33508892
K= 271
3885.46699647
K= 272
5716.2556101
K= 273
8827.0
K= 274
4787.99784502
K= 275
5618.20670158
K= 276
6041.55031314
K= 277
5061.21791331
K= 278
8185.9647716
K= 279
5061.21791331
K= 280
3885.46699647
K= 281
5489.62247019
K= 282
5309.50244147
K= 283
3793.14980782
K= 284
8184.63076923
K= 285
3832.93455673
K= 286
4777.57121695
K= 287
987.917820487
K= 288
3746.10786576
K= 289
5083.02080691
K= 290
5117.05745016
K= 291
5061.21791331
K= 292
3949.28854441
K= 293
5372.27150701
K= 294
9837.13312317
K= 295
4686.45907341
K= 296
1747.11669943
K= 297
8253.42996299
K= 298
8187.0
K= 299
5546.66059924
K= 300
9230.73405061
K= 301
3714.83964744
K= 302
4777.8514636
K= 303
5893.17581397
K= 304
8827.0
K= 305
4696.17978
K= 306
5478.86102116
K= 307
1056.22481888
K= 308
5061.21791331
K= 309
8083.27976025
K= 310
4123.35692888
K= 311
5918.97616506
K= 312
8182.0
K= 313
8051.03684112
K= 314
5061.21791331
K= 315
5918.20437019
K= 316
9843.63183952
K= 317
8827.0
K= 318
8160.14963037
K= 319
14281.6767681
K= 320
4818.75652332
K= 321
17361.4184175
K= 322
8243.80348769
K= 323
8187.0
K= 324
8185.66666667
K= 325
4123.35692888
K= 326
3885.46699647
K= 327
4968.5545621
K= 328
4739.09826834
K= 329
4593.48933656
K= 330
4970.63873958
K= 331
8180.88604161
K= 332
8827.0
K= 333
5315.82270049
K= 334
6292.42471341
K= 335
5458.37044116
K= 336
6101.36438558
K= 337
3949.28854441
K= 338
5316.04222911
K= 339
14347.4438669
K= 340
5391.25859524
K= 341
8879.99301143
K= 342
8183.68421053
K= 343
4783.54898229
K= 344
4874.95765463
K= 345
5895.78386271
K= 346
3675.8086861
K= 347
4933.63232348
K= 348
3897.6
K= 349
4701.31110947
K= 350
5399.09187398
K= 351
2182.71071595
K= 352
15474.777927
K= 353
5244.491328
K= 354
4869.93573063
K= 355
4123.35692888
K= 356
8187.0
K= 357
4123.35692888
K= 358
4692.06231405
K= 359
3675.8086861
K= 360
8083.27976025
K= 361
9125.37698669
K= 362
4908.21969663
K= 363
5323.78279963
K= 364
8129.17596465
K= 365
8188.68421053
K= 366
8170.5259834
K= 367
8187.0
K= 368
8185.5
K= 369
4727.91632365
K= 370
8827.0
K= 371
10620.4355629
K= 372
5109.16634835
K= 373
8184.63967722
K= 374
8184.82857143
K= 375
8163.16318972
K= 376
7754.84485956
K= 377
4954.81605372
K= 378
5326.69979381
K= 379
5346.13939342
K= 380
4865.18807663
K= 381
5061.21791331
K= 382
5386.80891563
K= 383
5336.92924981
K= 384
4736.93365688
K= 385
5061.21791331
K= 386
5074.94986112
K= 387
3901.83783784
K= 388
2233.98248154
K= 389
16370.0
K= 390
4728.94695235
K= 391
8175.12258798
K= 392
8187.0
K= 393
4921.82340069
K= 394
8827.0
K= 395
5061.21791331
K= 396
5242.06531793
K= 397
8186.87951807
K= 398
8169.88235294
K= 399
8183.15612649
K= 400
5562.19300791
K= 401
4786.3751053
K= 402
5061.21791331
K= 403
4699.13623523
K= 404
7948.23422347
K= 405
8185.92405063
K= 406
8187.89081517
K= 407
8186.0
K= 408
2343.2004634
K= 409
8827.0
K= 410
8182.71428572
K= 411
3735.63536468
K= 412
8183.93796993
K= 413
8827.0
K= 414
5408.67417743
K= 415
5057.58248047
K= 416
7612.67567568
K= 417
8185.72768003
K= 418
5061.21791331
K= 419
8117.42345457
K= 420
4933.61292338
K= 421
18874.1543388
K= 422
31727.9061256
K= 423
3714.83964744
K= 424
8200.08012536
K= 425
5061.21791331
K= 426
5544.81124517
K= 427
8178.0
K= 428
8177.88571429
K= 429
4851.02724772
K= 430
5535.03343215
K= 431
8186.0
K= 432
4803.50040469
K= 433
2180.99806045
K= 434
6878.49908786
K= 435
16370.0
K= 436
8184.47402597
K= 437
5347.26259392
K= 438
5077.29776948
K= 439
5061.21791331
K= 440
8193.6077551
K= 441
5061.21791331
K= 442
5058.19249758
K= 443
8099.33498053
K= 444
9465.22345016
K= 445
8188.07648144
K= 446
3793.14980782
K= 447
3874.72972973
K= 448
4971.29540316
K= 449
8127.10326096
K= 450
8827.0
K= 451
8183.71428572
K= 452
9258.50763327
K= 453
4572.97986937
K= 454
3922.33367903
K= 455
3644.18202464
K= 456
8827.0
K= 457
8185.76
K= 458
5858.15451412
K= 459
5061.21791331
K= 460
8186.91304348
K= 461
3885.46699647
K= 462
5511.1999073
K= 463
5387.93736242
K= 464
3644.18202464
K= 465
5147.7031429
K= 466
8202.73506149
K= 467
12671.3985757
K= 468
5061.21791331
K= 469
5144.14148963
K= 470
13856.2099885
K= 471
5324.79346231
K= 472
4785.51525369
K= 473
4657.14507453
K= 474
5072.4475345
K= 475
3721.83964744
K= 476
3735.63536468
K= 477
5061.21791331
K= 478
5094.13331271
K= 479
8180.0
K= 480
5920.04420877
K= 481
5061.21791331
K= 482
8187.0
K= 483
4888.46664732
K= 484
2770.8208757
K= 485
3793.14980782
K= 486
3949.28854441
K= 487
3353.19215117
K= 488
3877.0
K= 489
8186.75
K= 490
12662.75
K= 491
7948.23422347
K= 492
4123.35692888
K= 493
5919.4120625
K= 494
4888.19059981
K= 495
6299.87395592
K= 496
8186.81818182
K= 497
5490.03806762
K= 498
1571.47890963
K= 499
5061.21791331
K= 500
14991.7697734
K= 501
9246.16628312
K= 502
4831.71904191
K= 503
4590.77980694
K= 504
5061.21791331
K= 505
8187.0
K= 506
8090.2401888
K= 507
8136.959082
K= 508
12852.3033535
K= 509
8181.87951807
K= 510
3793.14980782
K= 511
8187.0
K= 512
8189.0
K= 513
1145.97833652
K= 514
5621.63849683
K= 515
14116.0326179
K= 516
8187.0
K= 517
4640.96240096
K= 518
3714.83964744
K= 519
4880.73706981
K= 520
4954.85546566
K= 521
6130.43059318
K= 522
8394.17622624
K= 523
6367.6102445
K= 524
6048.05087223
K= 525
3966.99618582
K= 526
8183.33333333
K= 527
8116.16751828
K= 528
8137.26650685
K= 529
12711.2821221
K= 530
5137.47281927
K= 531
8191.0
K= 532
8138.83964744
K= 533
5061.21791331
K= 534
5061.21791331
K= 535
5061.21791331
K= 536
5589.09711708
K= 537
4924.54268346
K= 538
8184.82857143
K= 539
7796.88186821
K= 540
5681.07949547
K= 541
5931.38063257
K= 542
5271.82113224
K= 543
8184.13333333
K= 544
5303.27479312
K= 545
8177.47413793
K= 546
5399.38277678
K= 547
8199.0
K= 548
4216.61874615
K= 549
5061.21791331
K= 550
4879.60324228
K= 551
3848.47402597
K= 552
8187.0
K= 553
8186.0
K= 554
7761.80709474
K= 555
5874.78569522
K= 556
8151.73357613
K= 557
5061.21791331
K= 558
3723.12493273
K= 559
8184.66666667
K= 560
5561.42241215
K= 561
5909.81734366
K= 562
3954.33081979
K= 563
3644.18202464
K= 564
10125.563025
K= 565
8098.98552401
K= 566
4123.35692888
K= 567
9263.19985189
K= 568
5061.21791331
K= 569
2502.86923041
K= 570
7878.77003518
K= 571
3954.1279041
K= 572
8175.0
K= 573
5061.21791331
K= 574
6231.13136129
K= 575
8189.36003979
K= 576
8151.79655428
K= 577
5312.8163071
K= 578
8185.0
K= 579
5254.37236772
K= 580
9102.34407273
K= 581
4676.6310243
K= 582
5082.22834136
K= 583
1178.62521095
K= 584
5481.23571193
K= 585
7944.27691391
K= 586
5918.07872916
K= 587
8196.70967098
K= 588
8060.79198969
K= 589
4922.02286315
K= 590
5061.4598086
K= 591
7743.72833412
K= 592
16511.3542016
K= 593
8185.09333333
K= 594
16216.6953448
K= 595
5061.21791331
K= 596
5388.19278522
K= 597
8170.93639635
K= 598
4764.96038984
K= 599
8081.74201865
K= 600
4841.38165613
K= 601
8065.8791942
K= 602
8170.23215524
K= 603
8164.24994172
K= 604
8409.94685752
K= 605
5365.32525065
K= 606
8242.749251
K= 607
4123.35692888
K= 608
5142.94374473
K= 609
5101.32272347
K= 610
8187.0
K= 611
4123.35692888
K= 612
4625.39019603
K= 613
8190.83783784
K= 614
8197.94909638
K= 615
8176.88235294
K= 616
3675.8086861
K= 617
4815.84601815
K= 618
4739.19690777
K= 619
8183.66666667
K= 620
7642.85723879
K= 621
5067.79470656
K= 622
4902.72683928
K= 623
8152.0196595
K= 624
8186.6
K= 625
15973.6152408
K= 626
8119.89491377
K= 627
5149.9206705
K= 628
8374.8517661
K= 629
3675.8086861
K= 630
8228.82497072
K= 631
8239.31267662
K= 632
5535.03343215
K= 633
8189.0
K= 634
8184.63076923
K= 635
8183.47402597
K= 636
8255.40762258
K= 637
3169.27469835
K= 638
3827.96402903
K= 639
20123.6487748
K= 640
3901.83783784
K= 641
8186.13872356
K= 642
14921.9714813
K= 643
9079.54995004
K= 644
3949.28854441
K= 645
8184.88571429
K= 646
77617.3827071
K= 647
8190.92155996
K= 648
3644.18202464
K= 649
8254.47904467
K= 650
8185.8442915
K= 651
5009.45778786
K= 652
3494.78575618
K= 653
8152.42031606
K= 654
5026.24292674
K= 655
4123.35692888
K= 656
5061.21791331
K= 657
8187.0
K= 658
5372.93817367
K= 659
8827.0
K= 660
8184.05909988
K= 661
8186.15005192
K= 662
20737.4335869
K= 663
4988.6978288
K= 664
8199.76970524
K= 665
3949.28854441
K= 666
5061.21791331
K= 667
8081.27976025
K= 668
3966.99618582
K= 669
5074.08054213
K= 670
5061.21791331
K= 671
1180.17665097
K= 672
8186.07142857
K= 673
4762.03505329
K= 674
36907.2620012
K= 675
1010.42661312
K= 676
8190.51702786
K= 677
8176.0
K= 678
10977.1906559
K= 679
5061.21791331
K= 680
3735.63536468
K= 681
21590.3497425
K= 682
5147.35634641
K= 683
14331.3644954
K= 684
8186.75
K= 685
8108.67768624
K= 686
5007.31386592
K= 687
8152.37999437
K= 688
8184.71428572
K= 689
8401.83257181
K= 690
3892.46699647
K= 691
8185.33333333
K= 692
4718.36990507
K= 693
4123.35692888
K= 694
5291.12667997
K= 695
1184.81596299
K= 696
4796.29868064
K= 697
1919.10036733
K= 698
4123.35692888
K= 699
4917.28056252
K= 700
8186.0
K= 701
4024.46699647
K= 702
4669.84470785
K= 703
4715.45348155
K= 704
5061.21791331
K= 705
5169.26095539
K= 706
8199.0
K= 707
4123.35692888
K= 708
8089.46258009
K= 709
4981.83980838
K= 710
8827.0
K= 711
5344.50673791
K= 712
8186.89189189
K= 713
5929.69330661
K= 714
8185.73333333
K= 715
8193.0
K= 716
5505.52893463
K= 717
3852.36
K= 718
5160.48823421
K= 719
5338.19481269
K= 720
9061.28540815
K= 721
8187.0
K= 722
5146.11930346
K= 723
12644.5555556
K= 724
19027.7135092
K= 725
4884.75680808
K= 726
8183.33578431
K= 727
16240.4849028
K= 728
8185.16888243
K= 729
5537.03443982
K= 730
5169.1311282
K= 731
8188.68421053
K= 732
8184.77777778
K= 733
8107.98552401
K= 734
4688.83619411
K= 735
4655.19152368
K= 736
5609.14235343
K= 737
8178.68421053
K= 738
5561.03107654
K= 739
10741.317304
K= 740
8184.47826087
K= 741
5349.83850366
K= 742
9720.80152271
K= 743
4777.24056916
K= 744
8187.0
K= 745
5372.93817367
K= 746
5077.03651445
K= 747
5061.21791331
K= 748
8185.71122962
K= 749
5061.21791331
K= 750
4877.94304584
K= 751
5506.05176091
K= 752
7716.83707439
K= 753
8196.29657765
K= 754
7943.84484246
K= 755
5338.12737344
K= 756
7795.67353488
K= 757
7828.68599769
K= 758
1441.39396194
K= 759
8042.32781885
K= 760
8077.46157844
K= 761
8268.87640234
K= 762
8185.90978416
K= 763
8827.0
K= 764
8188.0
K= 765
5198.5718844
K= 766
8187.0
K= 767
5061.21791331
K= 768
5932.80979013
K= 769
5454.61467412
K= 770
8185.76
K= 771
5203.43643342
K= 772
5025.48076367
K= 773
8162.84556699
K= 774
5465.90633242
K= 775
4882.44193614
K= 776
4920.30829587
K= 777
8186.91304348
K= 778
3852.64705882
K= 779
8173.69647536
K= 780
4970.12359542
K= 781
9412.28905497
K= 782
4132.28854441
K= 783
4604.59172358
K= 784
8192.03993012
K= 785
3714.83964744
K= 786
4967.97340599
K= 787
5688.0274126
K= 788
5282.27156333
K= 789
4775.41487212
K= 790
9352.11825307
K= 791
8186.0
K= 792
7531.06334721
K= 793
8186.44533292
K= 794
4805.64133618
K= 795
7826.68599769
K= 796
7940.28328157
K= 797
11691.5163726
K= 798
3935.14980782
K= 799
8222.27809004
K= 800
3892.46699647
K= 801
3885.46699647
K= 802
5061.21791331
K= 803
5458.6361663
K= 804
5027.62196625
K= 805
5323.9661032
K= 806
4748.6088724
K= 807
4960.70424609
K= 808
8187.0
K= 809
5049.01543996
K= 810
8183.66666667
K= 811
8187.0
K= 812
5010.5497135
K= 813
8186.56803774
K= 814
8071.08277717
K= 815
3885.46699647
K= 816
5576.86281264
K= 817
4123.35692888
K= 818
4811.30855887
K= 819
4820.47256869
K= 820
8107.98552401
K= 821
8059.92469555
K= 822
8827.0
K= 823
5279.8567758
K= 824
8188.14500857
K= 825
4720.53432127
K= 826
8233.0593414
K= 827
8203.16213316
K= 828
9548.27744273
K= 829
8189.84765626
K= 830
2298.20611525
K= 831
8146.66214852
K= 832
5102.35845336
K= 833
5061.21791331
K= 834
4880.62872889
K= 835
5061.21791331
K= 836
5550.3576259
K= 837
9333.81472752
K= 838
4632.7132513
K= 839
4731.28725361
K= 840
8187.0
K= 841
5913.2448458
K= 842
3949.28854441
K= 843
5901.82886962
K= 844
4786.89521104
K= 845
5061.21791331
K= 846
4786.3939476
K= 847
8165.67505374
K= 848
8152.77307948
K= 849
8186.89928058
K= 850
5260.86572114
K= 851
5919.08214671
K= 852
1207.92303953
K= 853
8266.3039046
K= 854
1386.95611396
K= 855
7499.19674565
K= 856
5389.27608767
K= 857
5329.63023022
K= 858
4965.12989822
K= 859
3850.6
K= 860
4933.67688427
K= 861
8168.40163859
K= 862
3744.84490106
K= 863
4901.1201178
K= 864
5686.06319356
K= 865
5881.82617317
K= 866
8188.0
K= 867
8187.0
K= 868
3644.18202464
K= 869
5413.37930907
K= 870
3949.28854441
K= 871
3163.79784743
K= 872
4921.47699136
K= 873
5919.4120625
K= 874
5535.03343215
K= 875
5061.21791331
K= 876
6136.56004906
K= 877
8186.41329543
K= 878
3949.28854441
K= 879
8185.21428572
K= 880
1499.00131512
K= 881
6491.57792958
K= 882
4826.47095961
K= 883
5061.21791331
K= 884
5061.21791331
K= 885
1040.3136193
K= 886
8219.46374269
K= 887
5061.21791331
K= 888
8185.89189189
K= 889
9380.2867519
K= 890
4945.6721187
K= 891
1506.53829757
K= 892
4848.55594133
K= 893
7590.38101151
K= 894
7007.49458318
K= 895
8185.66666667
K= 896
5368.18407518
K= 897
3858.0
K= 898
8182.5
K= 899
5061.21791331
K= 900
9020.88832065
K= 901
5581.03363595
K= 902
3885.46699647
K= 903
4123.35692888
K= 904
5455.49370638
K= 905
2425.30094979
K= 906
6366.5385757
K= 907
4592.04408166
K= 908
5621.97976543
K= 909
8183.71428572
K= 910
4766.74649306
K= 911
8186.0
K= 912
8104.98552401
K= 913
8182.56473547
K= 914
3842.21164733
K= 915
1533.15342719
K= 916
8188.0
K= 917
3786.18202464
K= 918
5066.83145349
K= 919
8092.24804554
K= 920
5074.85555539
K= 921
8186.85714286
K= 922
8188.0
K= 923
8124.89491377
K= 924
8185.45977012
K= 925
4934.74448725
K= 926
5326.69979381
K= 927
2443.44598007
K= 928
6125.68824162
K= 929
5061.21791331
K= 930
9812.22409254
K= 931
4968.6688836
K= 932
4894.69656098
K= 933
9398.8179748
K= 934
4976.32893712
K= 935
4885.55316923
K= 936
8188.0
K= 937
15386.3234804
K= 938
8188.83050848
K= 939
3769.3278259
K= 940
8185.94425487
K= 941
5061.21791331
K= 942
8185.5
K= 943
8186.0
K= 944
8187.18994413
K= 945
5587.77606899
K= 946
606.217913308
K= 947
18490.2425234
K= 948
3852.0
K= 949
3901.83783784
K= 950
5145.10028492
K= 951
4779.2048693
K= 952
4884.75680808
K= 953
8185.86111111
K= 954
4123.35692888
K= 955
8187.84615385
K= 956
5674.69043966
K= 957
5325.12312962
K= 958
9808.97851909
K= 959
5262.90159601
K= 960
5457.81871703
K= 961
8184.47402597
K= 962
8104.98552401
K= 963
5260.49246597
K= 964
8182.75
K= 965
3935.14980782
K= 966
5061.21791331
K= 967
8187.0
K= 968
4980.67097314
K= 969
5535.03343215
K= 970
4872.1333003
K= 971
1620.40209343
K= 972
3949.28854441
K= 973
5670.84890617
K= 974
3901.83783784
K= 975
4091.28854441
K= 976
5691.23739358
K= 977
4955.57275476
K= 978
8107.98552401
K= 979
41679.1974554
K= 980
3885.46699647
K= 981
3949.28854441
K= 982
5109.16634835
K= 983
8827.0
K= 984
4824.13810226
K= 985
8195.35254513
K= 986
8173.0
K= 987
8186.61904762
K= 988
8187.0
K= 989
5932.80979013
K= 990
8174.36143311
K= 991
4681.03849349
K= 992
8188.0
K= 993
4830.37945093
K= 994
5279.63627882
K= 995
13880.4512981
K= 996
5951.12766997
K= 997
5721.88294503
K= 998
5325.10923577
K= 999
8102.98552401
K= 1000
4123.35692888
K= 1001
8187.0
K= 1002
8233.48409121
K= 1003
6371.97699572
K= 1004
5349.94611996
K= 1005
5061.21791331
K= 1006
23603.5917627
K= 1007
1937.10629704
K= 1008
4716.44264372
K= 1009
8827.0
K= 1010
5919.4120625
K= 1011
5480.74311035
K= 1012
3791.55092059
K= 1013
4123.35692888
K= 1014
1087.69654339
K= 1015
8181.11794215
K= 1016
5353.48146288
K= 1017
21525.0018516
K= 1018
5061.21791331
K= 1019
3901.83783784
K= 1020
8193.83783784
K= 1021
4123.35692888
K= 1022
8187.0
K= 1023
3948.09633935
K= 1024
5278.48009781
K= 1025
6145.64602385
K= 1026
4788.08111761
K= 1027
8181.71428572
K= 1028
2620.46834272
K= 1029
8827.0
K= 1030
995.964675104
K= 1031
8184.98387916
K= 1032
5384.92227879
K= 1033
8176.85714286
K= 1034
4725.91509853
K= 1035
8188.07912381
K= 1036
5064.50756976
K= 1037
5061.21791331
K= 1038
5287.14554387
K= 1039
9057.01179317
K= 1040
9167.72390358
K= 1041
8199.0
K= 1042
4769.54924311
K= 1043
8187.55555556
K= 1044
8832.75296911
K= 1045
12270.2212558
K= 1046
4123.35692888
K= 1047
32044.7576433
K= 1048
4639.48925649
K= 1049
6101.39058377
K= 1050
3675.8086861
K= 1051
4878.54321648
K= 1052
8187.0
K= 1053
5262.15610441
K= 1054
1482.66993198
K= 1055
3763.75
K= 1056
3888.46699647
K= 1057
4071.44755037
K= 1058
8205.7998589
K= 1059
5102.00495861
K= 1060
5004.38291846
K= 1061
5005.5034314
K= 1062
4968.44806564
K= 1063
7947.89309672
K= 1064
9518.31552501
K= 1065
8186.84615385
K= 1066
6735.65373575
K= 1067
8247.63584731
K= 1068
4919.28724141
K= 1069
3895.46699647
K= 1070
4819.5937321
K= 1071
8185.0
K= 1072
8076.66565064
K= 1073
5544.87144992
K= 1074
4893.90268524
K= 1075
3870.68421053
K= 1076
5261.68404642
K= 1077
5061.21791331
K= 1078
5109.55518055
K= 1079
3952.49410743
K= 1080
5080.46178432
K= 1081
4925.15929762
K= 1082
5361.43172082
K= 1083
8158.51109394
K= 1084
3644.18202464
K= 1085
5347.26259392
K= 1086
8183.66666667
K= 1087
3644.18202464
K= 1088
5341.69814071
K= 1089
8186.0
K= 1090
8182.76
K= 1091
4969.58438865
K= 1092
6040.19650147
K= 1093
8827.0
K= 1094
1530.67703797
K= 1095
6410.21825897
K= 1096
8184.0
K= 1097
5061.21791331
K= 1098
8187.0
K= 1099
8827.0
K= 1100
4885.6199226
K= 1101
3920.83783784
K= 1102
3884.46699647
K= 1103
3853.91549296
K= 1104
51143.1450875
K= 1105
8186.0
K= 1106
5141.87003389
K= 1107
12658.0171078
K= 1108
8827.0
K= 1109
8199.98832369
K= 1110
4705.56506386
K= 1111
8180.81818182
K= 1112
3644.18202464
K= 1113
3089.73430285
K= 1114
5061.21791331
K= 1115
4715.03432896
K= 1116
8189.02582956
K= 1117
9605.03445184
K= 1118
4766.01214929
K= 1119
3901.83783784
K= 1120
8175.0
K= 1121
8210.91374047
K= 1122
5438.19095274
K= 1123
8186.77777778
K= 1124
5535.31322584
K= 1125
8186.72972973
K= 1126
4730.51080751
K= 1127
1406.96887581
K= 1128
8515.48170562
K= 1129
5061.21791331
K= 1130
8187.9
K= 1131
8176.47639579
K= 1132
8132.95924505
K= 1133
5061.21791331
K= 1134
3949.28854441
K= 1135
5092.74456104
K= 1136
4123.35692888
K= 1137
6039.08395066
K= 1138
8025.53070626
K= 1139
5061.21791331
K= 1140
4877.19579774
K= 1141
3989.78897623
K= 1142
3675.8086861
K= 1143
8184.0
K= 1144
3987.95215517
K= 1145
8109.67429047
K= 1146
8256.46699648
K= 1147
4716.29110409
K= 1148
8827.0
K= 1149
8285.62503562
K= 1150
4650.51180526
K= 1151
8184.69883041
K= 1152
8168.11287378
K= 1153
8827.0
K= 1154
8076.4226174
K= 1155
4946.98055288
K= 1156
8161.93592647
K= 1157
12664.5294665
K= 1158
4105.76037349
K= 1159
4123.35692888
K= 1160
8184.14285714
K= 1161
5050.21611137
K= 1162
8185.74459658
K= 1163
1776.11083091
K= 1164
4136.3680241
K= 1165
8827.0
K= 1166
18627.0023584
K= 1167
4667.39261114
K= 1168
2191.4297226
K= 1169
3894.89318862
K= 1170
4736.47853227
K= 1171
5061.21791331
K= 1172
8138.83964744
K= 1173
8184.91826215
K= 1174
8147.06090046
K= 1175
8181.23254599
K= 1176
8186.0
K= 1177
8827.0
K= 1178
11464.3856047
K= 1179
5850.76987996
K= 1180
4778.55986074
K= 1181
3858.0
K= 1182
14032.4964326
K= 1183
5913.78122458
K= 1184
5470.83391985
K= 1185
8142.93239648
K= 1186
6385.24413705
K= 1187
4689.74482496
K= 1188
5255.07449746
K= 1189
3950.28854441
K= 1190
5931.1264568
K= 1191
8105.98552401
K= 1192
8179.74193548
K= 1193
30528.75
K= 1194
3874.69230769
K= 1195
4102.76065944
K= 1196
8827.0
K= 1197
5061.25586495
K= 1198
5330.69971697
K= 1199
4639.86217785
K= 1200
8186.88571429
K= 1201
8143.17071139
K= 1202
9267.94646707
K= 1203
8186.8974359
K= 1204
4655.85098641
K= 1205
4123.35692888
K= 1206
4860.50957585
K= 1207
8176.78370265
K= 1208
5534.28343215
K= 1209
13679.9664125
K= 1210
14101.9984965
K= 1211
4862.25408994
K= 1212
4797.50627901
K= 1213
8122.89491377
K= 1214
5342.62945043
K= 1215
5536.86793041
K= 1216
5541.89011315
K= 1217
11087.5831347
K= 1218
5350.99976759
K= 1219
1489.87508225
K= 1220
4891.11543086
K= 1221
8103.98552401
K= 1222
4921.40006829
K= 1223
8849.73289586
K= 1224
5073.09049278
K= 1225
4988.90400236
K= 1226
8185.40645161
K= 1227
8188.68421053
K= 1228
23488.6754735
K= 1229
8181.12428786
K= 1230
5061.21791331
K= 1231
14128.4787138
K= 1232
5599.73082669
K= 1233
5304.12423934
K= 1234
8186.0
K= 1235
7035.21951845
K= 1236
9800.9173648
K= 1237
8181.71428572
K= 1238
8170.79352659
K= 1239
5038.80165595
K= 1240
8104.65751855
K= 1241
2136.88173218
K= 1242
8199.0
K= 1243
11905.6635088
K= 1244
8184.82608696
K= 1245
5061.21791331
K= 1246
2091.86351099
K= 1247
2058.98168785
K= 1248
5762.85757712
K= 1249
5179.66253394
K= 1250
4771.3463884
K= 1251
5691.50471262
K= 1252
9884.33305377
K= 1253
8183.90825688
K= 1254
8188.0
K= 1255
8185.0
K= 1256
3867.36003979
K= 1257
4715.74527497
K= 1258
3644.18202464
K= 1259
8827.0
K= 1260
5691.54488594
K= 1261
7226.02954172
K= 1262
8193.94637311
K= 1263
5326.69979381
K= 1264
8185.6
K= 1265
5061.21791331
K= 1266
5919.4120625
K= 1267
1237.01816659
K= 1268
1718.64910035
K= 1269
5061.21791331
K= 1270
8185.36470588
K= 1271
9287.75616336
K= 1272
5701.80137491
K= 1273
6366.95121471
K= 1274
5061.21791331
K= 1275
9168.11754166
K= 1276
8184.0
K= 1277
8187.08278895
K= 1278
14183.8266636
K= 1279
5924.95770559
K= 1280
4754.92254674
K= 1281
6137.11867898
K= 1282
4123.35692888
K= 1283
8107.08552401
K= 1284
5061.21791331
K= 1285
4914.29698278
K= 1286
5665.12388809
K= 1287
5061.21791331
K= 1288
3714.83964744
K= 1289
9104.4203267
K= 1290
5061.21791331
K= 1291
4106.35970013
K= 1292
3769.52297911
K= 1293
8193.0
K= 1294
5328.41137376
K= 1295
8072.508751
K= 1296
8185.5
K= 1297
8188.0
K= 1298
4091.28854441
K= 1299
4328.23328413
K= 1300
4622.44741185
K= 1301
8193.72945253
K= 1302
3814.83783784
K= 1303
8187.0
K= 1304
4690.31762102
K= 1305
4832.03738282
K= 1306
4731.41539676
K= 1307
3927.63536468
K= 1308
5702.39031523
K= 1309
4386.94899065
K= 1310
5412.84143029
K= 1311
4658.61205615
K= 1312
5843.75199998
K= 1313
1284.26539611
K= 1314
8186.89189189
K= 1315
8252.32861807
K= 1316
8182.57705839
K= 1317
10004.2469647
K= 1318
4924.94086888
K= 1319
8185.5
K= 1320
7454.73226287
K= 1321
8188.45454546
K= 1322
8183.33333333
K= 1323
6145.64602385
K= 1324
8182.22727273
K= 1325
4706.91684481
K= 1326
4737.86123228
K= 1327
9628.011141
K= 1328
8182.0
K= 1329
8185.66666667
K= 1330
4691.01617217
K= 1331
8181.88571429
K= 1332
8188.68421053
K= 1333
5309.75104496
K= 1334
8138.83964744
K= 1335
4260.73885857
K= 1336
5066.83145349
K= 1337
5643.4358266
K= 1338
4704.49025967
K= 1339
6583.82318299
K= 1340
5061.21791331
K= 1341
8178.71428572
K= 1342
5556.28636216
K= 1343
6581.97381681
K= 1344
8185.47755102
K= 1345
8827.0
K= 1346
9531.70126354
K= 1347
8189.0
K= 1348
5061.21791331
K= 1349
4910.15202349
K= 1350
4943.30464067
K= 1351
4799.94026149
K= 1352
2884.72703781
K= 1353
7952.84776365
K= 1354
5342.17779098
K= 1355
5467.31545814
K= 1356
5932.57449601
K= 1357
1236.33920563
K= 1358
4651.42996219
K= 1359
4148.40658564
K= 1360
8186.60465116
K= 1361
5061.21791331
K= 1362
12807.4205092
K= 1363
2583.14572011
K= 1364
4902.37629536
K= 1365
3987.5
K= 1366
5061.21791331
K= 1367
13950.0591886
K= 1368
3735.63536468
K= 1369
8183.0
K= 1370
10043.8837538
K= 1371
4896.54004208
K= 1372
8234.66977425
K= 1373
5936.38953662
K= 1374
8827.0
K= 1375
6266.79550667
K= 1376
5335.00956221
K= 1377
4797.96161015
K= 1378
9889.01429238
K= 1379
4759.05045636
K= 1380
5343.55311389
K= 1381
9245.4019222
K= 1382
5329.27248518
K= 1383
9297.9427165
K= 1384
8184.83783784
K= 1385
8184.77777778
K= 1386
8138.83964744
K= 1387
8188.0
K= 1388
8217.88089702
K= 1389
3949.28854441
K= 1390
8181.40788689
K= 1391
8186.91780822
K= 1392
8168.73289361
K= 1393
8827.0
K= 1394
9737.78607055
K= 1395
1244.10399237
K= 1396
3979.70676971
K= 1397
5061.21791331
K= 1398
5915.21924221
K= 1399
4123.35692888
K= 1400
8153.56018541
K= 1401
8049.64120247
K= 1402
5061.21791331
K= 1403
3887.46699647
K= 1404
8179.92320675
K= 1405
5008.56186114
K= 1406
4988.37652077
K= 1407
5169.54655419
K= 1408
8187.0
K= 1409
3699.8714305
K= 1410
4123.35692888
K= 1411
8179.91113089
K= 1412
6498.7510557
K= 1413
3895.46699647
K= 1414
5689.13785542
K= 1415
3785.23422347
K= 1416
5551.58177871
K= 1417
4691.99242601
K= 1418
8184.78947368
K= 1419
5062.64858318
K= 1420
1578.83222025
K= 1421
8179.74193548
K= 1422
5405.28739498
K= 1423
8127.36313539
K= 1424
5061.21791331
K= 1425
4891.1796778
K= 1426
8164.0
K= 1427
12623.6341989
K= 1428
8184.47288063
K= 1429
4321.27140159
K= 1430
9323.83783414
K= 1431
5061.21791331
K= 1432
1048.25808999
K= 1433
5095.12921775
K= 1434
5061.21791331
K= 1435
6735.65373575
K= 1436
8184.75609756
K= 1437
3729.0
K= 1438
5061.12700422
K= 1439
8178.12258798
K= 1440
13884.5055793
K= 1441
8187.0
K= 1442
5097.10284438
K= 1443
3935.14980782
K= 1444
8181.25501957
K= 1445
3644.18202464
K= 1446
3780.37022228
K= 1447
3935.14980782
K= 1448
3724.5
K= 1449
8147.98160353
K= 1450
330.815534078
K= 1451
6363.97010151
K= 1452
3857.45454545
K= 1453
4645.64557262
K= 1454
4875.75532663
K= 1455
27770.411927
K= 1456
5125.84056032
K= 1457
4892.33239507
K= 1458
8187.57393484
K= 1459
4879.96094211
K= 1460
8174.92320675
K= 1461
5061.21791331
K= 1462
4716.41574901
K= 1463
3852.0
K= 1464
5061.21791331
K= 1465
8193.94637311
K= 1466
8227.85867315
K= 1467
5061.21791331
K= 1468
5919.07872916
K= 1469
4860.93924156
K= 1470
5061.21791331
K= 1471
7828.68599769
K= 1472
8169.0
K= 1473
5540.83455759
K= 1474
8188.0
K= 1475
5026.93517471
K= 1476
4732.9669828
K= 1477
1473.38703792
K= 1478
4123.35692888
K= 1479
8184.29489287
K= 1480
4643.18874668
K= 1481
7223.61068269
K= 1482
8185.71428572
K= 1483
5424.16798883
K= 1484
5716.2556101
K= 1485
5919.4120625
K= 1486
3885.46699647
K= 1487
8179.33913655
K= 1488
9174.20602115
K= 1489
4791.1994325
K= 1490
14260.8413328
K= 1491
4909.46829661
K= 1492
5585.97200946
K= 1493
4761.93223631
K= 1494
3911.52297911
K= 1495
8167.49220234
K= 1496
8186.88405797
K= 1497
4123.35692888
K= 1498
4843.68157517
K= 1499
13979.1419404
K= 1500
5061.12193839
K= 1501
4900.3349981
K= 1502
8217.83934582
K= 1503
8184.7
K= 1504
4978.79793154
K= 1505
5061.27765079
K= 1506
8186.71428572
K= 1507
4897.19161295
K= 1508
17654.0
K= 1509
4123.35692888
K= 1510
4123.35692888
K= 1511
3851.81818182
K= 1512
4136.95152273
K= 1513
4673.69044246
K= 1514
5087.40830069
K= 1515
4109.28854441
K= 1516
11810.0997143
K= 1517
6644.55431062
K= 1518
8167.9679619
K= 1519
8176.84280242
K= 1520
4039.23135284
K= 1521
4123.35692888
K= 1522
13861.4978347
K= 1523
27758.7393012
K= 1524
4737.84996181
K= 1525
5061.21791331
K= 1526
5942.25583832
K= 1527
9707.04312055
K= 1528
4965.15595437
K= 1529
5067.28772081
K= 1530
9276.64315526
K= 1531
5456.54039666
K= 1532
8187.0
K= 1533
8179.74193548
K= 1534
6289.69874208
K= 1535
4647.94605023
K= 1536
8168.89189189
K= 1537
4619.17552491
K= 1538
3792.29010141
K= 1539
5103.7192484
K= 1540
4780.04018584
K= 1541
6040.74195601
K= 1542
3675.8086861
K= 1543
5330.61292615
K= 1544
5179.51621237
K= 1545
7949.94089666
K= 1546
4705.03647008
K= 1547
8827.0
K= 1548
5062.26210682
K= 1549
3949.28854441
K= 1550
8178.92320675
K= 1551
8185.43333333
K= 1552
2167.92120231
K= 1553
12652.5759933
K= 1554
3949.28854441
K= 1555
4312.55260139
K= 1556
4766.16690505
K= 1557
18242.0529769
K= 1558
4710.44918344
K= 1559
8185.5
K= 1560
4921.47699136
K= 1561
4123.35692888
K= 1562
7785.63246724
K= 1563
6034.42459115
K= 1564
8223.76080871
K= 1565
8183.47619048
K= 1566
1236.01571941
K= 1567
2526.72743664
K= 1568
7090.34590184
K= 1569
9927.01513128
K= 1570
4768.57637559
K= 1571
5061.21791331
K= 1572
5465.87157697
K= 1573
9273.85467678
K= 1574
4893.76597952
K= 1575
8187.0
K= 1576
4792.72130558
K= 1577
8827.0
K= 1578
4752.35821027
K= 1579
8182.6
K= 1580
5060.37664347
K= 1581
8187.0
K= 1582
8153.73362137
K= 1583
4123.35692888
K= 1584
4123.35692888
K= 1585
7718.95436755
K= 1586
4983.08401771
K= 1587
9261.96035691
K= 1588
4903.77447241
K= 1589
43776.7294525
K= 1590
9865.27857162
K= 1591
8184.71428572
K= 1592
3849.47402597
K= 1593
8186.72972973
K= 1594
5129.60070847
K= 1595
8187.6
K= 1596
8827.0
K= 1597
8188.0
K= 1598
4672.4941289
K= 1599
17654.0
K= 1600
4123.35692888
K= 1601
5325.7147509
K= 1602
8827.0
K= 1603
5323.35950089
K= 1604
4892.03501674
K= 1605
3873.3692593
K= 1606
16370.0
K= 1607
7773.81247065
K= 1608
4674.21375858
K= 1609
4123.35692888
K= 1610
4705.32543875
K= 1611
5061.21791331
K= 1612
4884.75680808
K= 1613
4782.70166574
K= 1614
8187.0
K= 1615
5574.39064996
K= 1616
5467.67448799
K= 1617
3735.63536468
K= 1618
4986.53000301
K= 1619
9093.31173876
K= 1620
5384.58389889
K= 1621
4813.26593842
K= 1622
13684.8455471
K= 1623
8187.0
K= 1624
4328.75545095
K= 1625
8180.63511625
K= 1626
5937.70831869
K= 1627
16366.0
K= 1628
12982.7708358
K= 1629
5073.08357362
K= 1630
8172.60320613
K= 1631
4299.83983138
K= 1632
8184.75
K= 1633
8184.42857143
K= 1634
8181.80645161
K= 1635
4766.62107109
K= 1636
4915.72889054
K= 1637
8124.7782212
K= 1638
8185.0
K= 1639
3735.63536468
K= 1640
10555.0193787
K= 1641
3927.46699647
K= 1642
5532.11588829
K= 1643
5279.28009781
K= 1644
4870.49903295
K= 1645
8138.83964744
K= 1646
4123.35692888
K= 1647
3949.28854441
K= 1648
5472.65930341
K= 1649
5140.84716715
K= 1650
3793.14980782
K= 1651
5170.43977717
K= 1652
8210.83783784
K= 1653
3878.84
K= 1654
5357.84606856
K= 1655
8148.82425965
K= 1656
5329.22115097
K= 1657
12666.0
K= 1658
5159.91378254
K= 1659
4868.70449043
K= 1660
4841.32355633
K= 1661
3949.28854441
K= 1662
8188.0
K= 1663
3883.26423741
K= 1664
8186.60634921
K= 1665
4690.45879726
K= 1666
8202.35094386
K= 1667
5061.21791331
K= 1668
5061.21791331
K= 1669
5458.37044116
K= 1670
9525.18076511
K= 1671
3769.0
K= 1672
8187.0
K= 1673
4692.64360437
K= 1674
5477.56308716
K= 1675
6038.60891157
K= 1676
27416.6490233
K= 1677
14142.4847882
K= 1678
10105.1071802
K= 1679
8186.92405063
K= 1680
5377.75241701
K= 1681
4732.22670712
K= 1682
3703.95210808
K= 1683
8184.13333333
K= 1684
8184.75609756
K= 1685
4914.86534516
K= 1686
4123.35692888
K= 1687
5061.6404606
K= 1688
4798.3488272
K= 1689
4811.51552233
K= 1690
9462.83016259
K= 1691
4925.1294224
K= 1692
15708.8333244
K= 1693
4670.47811416
K= 1694
8827.0
K= 1695
8186.91780822
K= 1696
8196.36660294
K= 1697
8247.00097809
K= 1698
8185.87951807
K= 1699
4862.25560074
K= 1700
16373.6756757
K= 1701
3945.83783784
K= 1702
8184.5
K= 1703
4796.29868064
K= 1704
5061.26555641
K= 1705
5919.4120625
K= 1706
8186.63732289
K= 1707
5201.62774973
K= 1708
4925.98633621
K= 1709
5061.21791331
K= 1710
4875.62227701
K= 1711
7227.83278895
K= 1712
8265.618774
K= 1713
5319.43570718
K= 1714
5061.21791331
K= 1715
3949.28854441
K= 1716
8202.91230493
K= 1717
4878.2462279
K= 1718
5389.11613385
K= 1719
1663.4187623
K= 1720
4889.33237277
K= 1721
8186.6
K= 1722
9661.25848584
K= 1723
8191.0
K= 1724
4654.18901641
K= 1725
5061.0427981
K= 1726
8201.67188687
K= 1727
8826.0
K= 1728
5061.21791331
K= 1729
3805.07113784
K= 1730
8187.36
K= 1731
8193.83783784
K= 1732
8180.89189189
K= 1733
4733.52228358
K= 1734
4795.08897881
K= 1735
3714.83964744
K= 1736
3885.46699647
K= 1737
4815.92900319
K= 1738
8184.15484976
K= 1739
10251.8011006
K= 1740
4921.34615026
K= 1741
3958.72548539
K= 1742
3886.46699647
K= 1743
8179.5
K= 1744
4798.77477792
K= 1745
5484.5546513
K= 1746
8173.0
K= 1747
8188.36003979
K= 1748
4674.81062943
K= 1749
10577.5050131
K= 1750
5434.48914039
K= 1751
5017.13780662
K= 1752
8154.34769454
K= 1753
4041.46699647
K= 1754
8185.55128205
K= 1755
5013.47449903
K= 1756
5591.42722757
K= 1757
8188.45486935
K= 1758
8191.2386847
K= 1759
3858.66666667
K= 1760
7904.56782352
K= 1761
5065.52470186
K= 1762
4795.16405852
K= 1763
8178.68421053
K= 1764
5011.56405696
K= 1765
8185.80588385
K= 1766
8138.37794391
K= 1767
4123.35692888
K= 1768
5000.56493374
K= 1769
4745.92853368
K= 1770
7959.74982299
K= 1771
2895.47158029
K= 1772
3851.44615385
K= 1773
8188.0
K= 1774
5061.21791331
K= 1775
8827.0
K= 1776
14831.8714321
K= 1777
6929.57418114
K= 1778
2350.42729286
K= 1779
5060.93142606
K= 1780
3802.83783784
K= 1781
8185.77777778
K= 1782
9946.65613522
K= 1783
4630.30408866
K= 1784
5459.73573512
K= 1785
8189.1818021
K= 1786
1827.94003617
K= 1787
8132.70843671
K= 1788
4754.84905348
K= 1789
4123.35692888
K= 1790
7998.48401011
K= 1791
5093.4251015
K= 1792
8182.30701686
K= 1793
5283.89165034
K= 1794
5029.53558337
K= 1795
5918.58888886
K= 1796
978.413424622
K= 1797
9291.53017854
K= 1798
6258.42189496
K= 1799
9584.86651744
K= 1800
4998.52572119
K= 1801
5917.83482672
K= 1802
3793.14980782
K= 1803
9819.29809583
K= 1804
4985.81381404
K= 1805
3378.09922994
K= 1806
5061.21791331
K= 1807
5061.21791331
K= 1808
51749.2748123
K= 1809
4897.94643511
K= 1810
5061.07505616
K= 1811
1710.45269761
K= 1812
8185.5
K= 1813
4661.09437772
K= 1814
4970.86908822
K= 1815
4775.84619993
K= 1816
4113.12260993
K= 1817
3406.54528689
K= 1818
5013.51761268
K= 1819
8184.0
K= 1820
17063.3711613
K= 1821
4780.27730319
K= 1822
5061.21791331
K= 1823
3949.28854441
K= 1824
3752.48314115
K= 1825
8188.0
K= 1826
16424.7979838
K= 1827
9393.11091682
K= 1828
8186.0
K= 1829
5392.29110024
K= 1830
5919.4120625
K= 1831
6636.78499052
K= 1832
5067.36342897
K= 1833
3714.83964744
K= 1834
8185.0
K= 1835
5143.74721086
K= 1836
8185.5
K= 1837
8187.0
K= 1838
6140.43101663
K= 1839
4731.76466855
K= 1840
4777.1507165
K= 1841
5581.73882542
K= 1842
6145.64602385
K= 1843
5103.02650241
K= 1844
8194.58124625
K= 1845
5078.4598145
K= 1846
5061.21791331
K= 1847
8186.91358655
K= 1848
5544.24553076
K= 1849
5107.51309379
K= 1850
4811.20807749
K= 1851
4123.35692888
K= 1852
4834.94695623
K= 1853
3885.46699647
K= 1854
7941.23422347
K= 1855
1328.78616588
K= 1856
5365.61542101
K= 1857
5084.95911043
K= 1858
5130.3119853
K= 1859
3735.63536468
K= 1860
4123.35692888
K= 1861
8172.0
K= 1862
8187.0
K= 1863
8192.0
K= 1864
9449.50870272
K= 1865
8188.0
K= 1866
13879.6020938
K= 1867
8185.65306123
K= 1868
4123.35692888
K= 1869
1623.98309465
K= 1870
7795.07993801
K= 1871
5028.48063845
K= 1872
9153.600148
K= 1873
4123.35692888
K= 1874
4734.1685468
K= 1875
3951.28991531
K= 1876
8186.0
K= 1877
5010.06218036
K= 1878
4782.62923865
K= 1879
4760.9198246
K= 1880
1369.0313581
K= 1881
8186.91358655
K= 1882
5112.99268909
K= 1883
5121.45431727
K= 1884
7623.52245368
K= 1885
5093.69848257
K= 1886
8585.82695531
K= 1887
4782.87487669
K= 1888
5316.04222911
K= 1889
8181.91304348
K= 1890
8827.0
K= 1891
5868.21803988
K= 1892
4913.45521728
K= 1893
8188.0
K= 1894
4020.46699647
K= 1895
3884.46699647
K= 1896
8183.5
K= 1897
3768.60732061
K= 1898
8185.5
K= 1899
6413.02544228
K= 1900
2629.53373963
K= 1901
3853.5
K= 1902
9396.23286598
K= 1903
8185.36470588
K= 1904
1440.80331064
K= 1905
4693.65212738
K= 1906
5061.12700422
K= 1907
5014.22833
K= 1908
4991.88646329
K= 1909
9948.78538506
K= 1910
4994.30524964
K= 1911
5311.24372987
K= 1912
4724.77729977
K= 1913
5064.84972131
K= 1914
8189.87321125
K= 1915
8177.51888203
K= 1916
8152.25937569
K= 1917
5105.55939787
K= 1918
4702.5927004
K= 1919
8187.05309053
K= 1920
3860.85714286
K= 1921
8178.68421053
K= 1922
8151.37157821
K= 1923
7663.93399295
K= 1924
4811.87225754
K= 1925
1428.81783959
K= 1926
8245.34586339
K= 1927
8184.0
K= 1928
3365.24876244
K= 1929
5148.7141092
K= 1930
37573.3726839
K= 1931
5449.29420351
K= 1932
5752.20320137
K= 1933
3644.18202464
K= 1934
8179.86956522
K= 1935
5913.82219136
K= 1936
5599.46799298
K= 1937
4758.16786377
K= 1938
4791.94223906
K= 1939
5015.47775883
K= 1940
8167.0
K= 1941
6108.12226062
K= 1942
8192.0
K= 1943
1275.35808196
K= 1944
8187.0
K= 1945
8186.75
K= 1946
5159.6911229
K= 1947
5029.75050435
K= 1948
6047.22944366
K= 1949
5469.64043745
K= 1950
8186.0
K= 1951
3949.28854441
K= 1952
4123.35692888
K= 1953
8185.77777778
K= 1954
882.260785731
K= 1955
7778.46493842
K= 1956
8180.91549296
K= 1957
4719.61807174
K= 1958
9341.06526138
K= 1959
8187.0
K= 1960
1556.36519762
K= 1961
5002.95260949
K= 1962
9338.28911739
K= 1963
4900.82325171
K= 1964
8185.3278259
K= 1965
4934.00398465
K= 1966
4123.35692888
K= 1967
5658.17179572
K= 1968
3887.69669381
K= 1969
6729.2503825
K= 1970
8102.04802401
K= 1971
18469.5584385
K= 1972
3714.83964744
K= 1973
8106.98552401
K= 1974
8186.87586207
K= 1975
8186.9
K= 1976
5470.79548761
K= 1977
8105.48603407
K= 1978
3735.63536468
K= 1979
9158.34402663
K= 1980
8156.01527926
K= 1981
5407.10700748
K= 1982
5061.21791331
K= 1983
7521.26692732
K= 1984
5906.35019546
K= 1985
4867.95345258
K= 1986
4018.98427309
K= 1987
1288.98333799
K= 1988
89527.2603487
K= 1989
8187.0
K= 1990
5701.75682132
K= 1991
8237.80348769
K= 1992
8139.44786765
K= 1993
4812.99965608
K= 1994
8185.5
K= 1995
8106.98552401
K= 1996
3644.18202464
K= 1997
4870.18062265
K= 1998
5007.02254205
K= 1999
5061.21791331
K= 2000
4796.3579026
K= 2001
8186.60634921
K= 2002
8181.80645161
K= 2003
4123.35692888
K= 2004
8185.0
K= 2005
5361.65206615
K= 2006
15504.6775187
K= 2007
3879.65716518
K= 2008
8192.30156247
K= 2009
7781.1049301
K= 2010
4808.18061886
K= 2011
7695.16290373
K= 2012
4890.06653303
K= 2013
4814.84991242
K= 2014
5018.90027947
K= 2015
3949.28854441
K= 2016
7841.36977966
K= 2017
5317.72532169
K= 2018
4977.39324319
K= 2019
4984.80523202
K= 2020
5353.48146288
K= 2021
5046.673635
K= 2022
4071.46699647
K= 2023
4914.03790862
K= 2024
5895.51302938
K= 2025
3641.32794829
K= 2026
8285.62503562
K= 2027
8173.33796431
K= 2028
5316.04222911
K= 2029
8183.33333333
K= 2030
9439.2274829
K= 2031
4789.76867738
K= 2032
32666.2522653
K= 2033
5028.79361795
K= 2034
12852.3033535
K= 2035
8184.53846154
K= 2036
18786.5250659
K= 2037
8196.53623873
K= 2038
8185.68074897
K= 2039
8186.9
K= 2040
6194.11725683
K= 2041
4123.35692888
K= 2042
10625.1996008
K= 2043
1488.64180869
K= 2044
5589.19995384
K= 2045
4000.76419392
K= 2046
4124.35692888
K= 2047
9577.20320006
K= 2048
8191.3278259
K= 2049
9917.66504188
K= 2050
5061.21791331
K= 2051
3935.14980782
K= 2052
5060.71791331
K= 2053
5061.21791331
K= 2054
5061.21791331
K= 2055
8187.0
K= 2056
8186.0
K= 2057
8179.74193549
K= 2058
9233.43265975
K= 2059
1281.15589182
K= 2060
8181.80645161
K= 2061
16313.1330833
K= 2062
4844.28922141
K= 2063
5162.26031682
K= 2064
8138.83964744
K= 2065
8186.60452102
K= 2066
5049.1612272
K= 2067
5695.14289129
K= 2068
8179.48863783
K= 2069
3977.98427309
K= 2070
7114.7875272
K= 2071
5316.04222911
K= 2072
4668.48220015
K= 2073
695.61722684
K= 2074
5061.21791331
K= 2075
8184.78947369
K= 2076
5061.21791331
K= 2077
8139.6868128
K= 2078
5427.83599098
K= 2079
8827.0
K= 2080
8188.62398736
K= 2081
4967.3172647
K= 2082
8183.66666667
K= 2083
4866.06462258
K= 2084
5535.03343215
K= 2085
4884.63180808
K= 2086
8185.5
K= 2087
38225.4681756
K= 2088
8186.84615385
K= 2089
18869.6383974
K= 2090
4977.22735336
K= 2091
8185.33333333
K= 2092
12853.3367429
K= 2093
8183.31483845
K= 2094
8140.72442891
K= 2095
9646.5670864
K= 2096
8175.92405063
K= 2097
9256.62159996
K= 2098
6036.60279567
K= 2099
3714.83964744
K= 2100
8827.0
K= 2101
8182.91549296
K= 2102
8186.91304348
K= 2103
12658.2236925
K= 2104
8098.92765497
K= 2105
8199.0
K= 2106
8186.24705882
K= 2107
8187.0
K= 2108
1458.56401495
K= 2109
5035.46424622
K= 2110
1597.89020656
K= 2111
4837.54902605
K= 2112
8827.0
K= 2113
5048.95521525
K= 2114
4777.15665731
K= 2115
8185.09333333
K= 2116
5278.88384581
K= 2117
8827.0
K= 2118
4782.74914063
K= 2119
9893.08737106
K= 2120
8187.0
K= 2121
8191.3278259
K= 2122
5313.39155294
K= 2123
8186.45454546
K= 2124
2063.74094774
K= 2125
1401.70514346
K= 2126
8827.0
K= 2127
8105.81330962
K= 2128
8187.51726715
K= 2129
7020.44918114
K= 2130
5061.21791331
K= 2131
5256.85699675
K= 2132
8176.71428572
K= 2133
4699.64752914
K= 2134
4886.08848936
K= 2135
6145.64602385
K= 2136
4123.35692888
K= 2137
5470.98459329
K= 2138
6484.42450279
K= 2139
4123.35692888
K= 2140
4818.3964578
K= 2141
18586.2341152
K= 2142
4123.35692888
K= 2143
4869.77962405
K= 2144
5061.21791331
K= 2145
4426.30468954
K= 2146
8176.66666667
K= 2147
5611.5265052
K= 2148
8238.14498594
K= 2149
4873.99246606
K= 2150
8187.0
K= 2151
8183.57575758
K= 2152
3885.46699647
K= 2153
3885.46699647
K= 2154
8094.66565064
K= 2155
4123.35692888
K= 2156
5061.21791331
K= 2157
5061.21791331
K= 2158
8178.68421053
K= 2159
16125.7907691
K= 2160
3874.72972973
K= 2161
23352.6186246
K= 2162
5112.98873493
K= 2163
6591.72447603
K= 2164
5899.49426072
K= 2165
8184.6
K= 2166
5317.00141678
K= 2167
8172.33796431
K= 2168
6844.54404365
K= 2169
8186.38344529
K= 2170
4740.67695212
K= 2171
8098.94956661
K= 2172
9246.46965815
K= 2173
4142.16309604
K= 2174
8184.0
K= 2175
5061.21791331
K= 2176
4925.72044685
K= 2177
5333.13238403
K= 2178
8187.0
K= 2179
4884.75680808
K= 2180
9409.52292693
K= 2181
7948.23422347
K= 2182
5499.05697737
K= 2183
4827.79318382
K= 2184
5061.21791331
K= 2185
8827.0
K= 2186
8187.0
K= 2187
5107.04208394
K= 2188
8290.29021229
K= 2189
8185.28200512
K= 2190
8770.51310998
K= 2191
1507.9754736
K= 2192
5194.12494691
K= 2193
20139.1181935
K= 2194
5160.73201528
K= 2195
8193.72945253
K= 2196
8186.79183674
K= 2197
5360.87372382
K= 2198
5302.60245581
K= 2199
5940.84786036
K= 2200
8187.4026274
K= 2201
11739.7191002
K= 2202
8827.0
K= 2203
9506.26808094
K= 2204
4757.93103733
K= 2205
4684.92225933
K= 2206
4015.46699647
K= 2207
3714.83964744
K= 2208
4921.47699136
K= 2209
8182.76
K= 2210
8167.60541499
K= 2211
8185.5
K= 2212
1157.87963006
K= 2213
4123.35692888
K= 2214
8159.00822173
K= 2215
11894.4594595
K= 2216
8203.16213316
K= 2217
5033.23456845
K= 2218
4903.33501772
K= 2219
4123.35692888
K= 2220
8827.0
K= 2221
5061.21791331
K= 2222
8196.79509809
K= 2223
6040.07528935
K= 2224
22121.9236814
K= 2225
8186.0
K= 2226
5061.21791331
K= 2227
4123.35692888
K= 2228
18244.1707944
K= 2229
52962.0
K= 2230
8181.0
K= 2231
10504.9241873
K= 2232
4995.84733059
K= 2233
3776.63536468
K= 2234
8179.0
K= 2235
8187.0
K= 2236
8827.0
K= 2237
4627.50346524
K= 2238
5680.70781615
K= 2239
5301.59923789
K= 2240
5061.1068022
K= 2241
8181.0
K= 2242
4916.3070626
K= 2243
8174.39531474
K= 2244
3644.18202464
K= 2245
4759.59461787
K= 2246
4875.78984306
K= 2247
5052.98599599
K= 2248
5422.27826272
K= 2249
5383.47181075
K= 2250
8119.66686494
K= 2251
1205.02721299
K= 2252
8186.8974359
K= 2253
1847.31354182
K= 2254
4807.89226628
K= 2255
14057.5976181
K= 2256
12721.8238383
K= 2257
8187.8974359
K= 2258
8187.0
K= 2259
5061.21791331
K= 2260
8827.0
K= 2261
4898.3637734
K= 2262
8188.0
K= 2263
5061.21791331
K= 2264
5341.69814071
K= 2265
4806.69389959
K= 2266
1467.07750907
K= 2267
3828.23116166
K= 2268
4751.98526888
K= 2269
4992.3873012
K= 2270
5170.53068626
K= 2271
3741.07580885
K= 2272
8170.18223734
K= 2273
3954.66269706
K= 2274
6024.05424864
K= 2275
12759.4996953
K= 2276
4707.688113
K= 2277
8155.73357613
K= 2278
8169.86328643
K= 2279
5061.21791331
K= 2280
3752.16888243
K= 2281
8193.0
K= 2282
9141.8730828
K= 2283
5287.68208343
K= 2284
5065.75413473
K= 2285
4954.95891087
K= 2286
4728.98036768
K= 2287
8164.49961861
K= 2288
5079.32030493
K= 2289
8190.19277706
K= 2290
8187.0
K= 2291
326.530631103
K= 2292
8178.68421053
K= 2293
8191.3278259
K= 2294
3949.28854441
K= 2295
7752.42613592
K= 2296
1597.38676467
K= 2297
8187.0
K= 2298
5060.52624664
K= 2299
5365.19704552
K= 2300
8827.0
K= 2301
8186.0
K= 2302
5175.85042253
K= 2303
5458.24544116
K= 2304
8187.0
K= 2305
3714.83964744
K= 2306
4822.26070873
K= 2307
8101.22838116
K= 2308
8143.86620662
K= 2309
9088.77933315
K= 2310
8187.71428572
K= 2311
8191.3278259
K= 2312
8139.71062482
K= 2313
5061.21791331
K= 2314
3714.83964744
K= 2315
4044.48170562
K= 2316
52962.0
K= 2317
8192.37849758
K= 2318
4862.0368516
K= 2319
1944.3191177
K= 2320
4960.77575643
K= 2321
8187.85714286
K= 2322
8099.08758728
K= 2323
977.369626706
K= 2324
4433.66011623
K= 2325
4950.93826196
K= 2326
5266.36631449
K= 2327
3714.83964744
K= 2328
3967.98446889
K= 2329
8193.0
K= 2330
4995.80839161
K= 2331
18367.2519476
K= 2332
7343.89809519
K= 2333
5005.57614156
K= 2334
5260.86572114
K= 2335
5350.23984188
K= 2336
8180.0
K= 2337
5095.06864384
K= 2338
8185.41811741
K= 2339
12808.8419047
K= 2340
5560.62241215
K= 2341
4123.35692888
K= 2342
4877.87453709
K= 2343
8237.16299456
K= 2344
3949.28854441
K= 2345
8186.85714286
K= 2346
8182.91780822
K= 2347
23170.5398177
K= 2348
8186.0
K= 2349
8186.85714286
K= 2350
8827.0
K= 2351
9372.8219716
K= 2352
5919.4120625
K= 2353
3793.14980782
K= 2354
3725.5049095
K= 2355
5061.21791331
K= 2356
8172.0
K= 2357
5061.21791331
K= 2358
21515.4686734
K= 2359
4123.35692888
K= 2360
4119.56199065
K= 2361
5061.21791331
K= 2362
3949.28854441
K= 2363
5050.37187728
K= 2364
27311.9610656
K= 2365
5683.27724063
K= 2366
5561.42241215
K= 2367
9218.70354485
K= 2368
5083.35035206
K= 2369
3753.6835741
K= 2370
5361.71743511
K= 2371
8243.80348769
K= 2372
4754.92254674
K= 2373
8123.9537373
K= 2374
5166.5879238
K= 2375
7071.45339593
K= 2376
8211.93883048
K= 2377
5140.48556763
K= 2378
4123.35692888
K= 2379
3822.71428571
K= 2380
8181.55128205
K= 2381
8187.0
K= 2382
16393.2395843
K= 2383
5061.21791331
K= 2384
4680.8465219
K= 2385
5046.62262246
K= 2386
5037.88623299
K= 2387
8617.16848099
K= 2388
5004.83938795
K= 2389
8184.55555556
K= 2390
7694.84645482
K= 2391
5061.21791331
K= 2392
4814.49035625
K= 2393
8181.87951807
K= 2394
3735.63536468
K= 2395
5061.21791331
K= 2396
8180.30711124
K= 2397
5066.03210268
K= 2398
5750.37096552
K= 2399
5408.11759326
K= 2400
8187.0
K= 2401
7341.31853568
K= 2402
8188.75609756
K= 2403
8127.16880077
K= 2404
8827.0
K= 2405
5474.70382382
K= 2406
5170.53068626
K= 2407
5192.42304583
K= 2408
3968.83783784
K= 2409
10948.8450843
K= 2410
4791.01956347
K= 2411
5380.36954262
K= 2412
4722.26927189
K= 2413
3754.06322985
K= 2414
4719.56315273
K= 2415
8183.0
K= 2416
1205.9834117
K= 2417
2700.46292686
K= 2418
12369.6851237
K= 2419
5716.2556101
K= 2420
5767.87270472
K= 2421
6625.76290076
K= 2422
4155.90751998
K= 2423
4135.53503897
K= 2424
4123.35692888
K= 2425
4528.80391889
K= 2426
8191.39044528
K= 2427
1294.2556101
K= 2428
12755.7463441
K= 2429
8107.98552401
K= 2430
8173.22873259
K= 2431
1424.13712756
K= 2432
4780.9714641
K= 2433
9332.17823856
K= 2434
9243.62037955
K= 2435
5468.05872264
K= 2436
12685.6068257
K= 2437
4036.46699647
K= 2438
8140.29810056
K= 2439
4758.64290874
K= 2440
8157.40069855
K= 2441
16367.3333333
K= 2442
5290.59334663
K= 2443
5061.21791331
K= 2444
5365.47689
K= 2445
4628.69848284
K= 2446
4716.66176048
K= 2447
8177.89189189
K= 2448
3851.51754408
K= 2449
5394.45681192
K= 2450
8177.25417023
K= 2451
8180.1159913
K= 2452
4759.84001696
K= 2453
4258.23311498
K= 2454
5586.95757933
K= 2455
4123.35692888
K= 2456
8827.0
K= 2457
13870.7395756
K= 2458
4887.86058769
K= 2459
8216.99355999
K= 2460
5061.21791331
K= 2461
77605.5654249
K= 2462
11066.1325786
K= 2463
5329.85865097
K= 2464
8827.0
K= 2465
8185.72972973
K= 2466
8175.07536932
K= 2467
8107.98552401
K= 2468
4719.67598789
K= 2469
5033.23456845
K= 2470
8183.66666667
K= 2471
3899.83783784
K= 2472
5280.53585401
K= 2473
8180.17432905
K= 2474
9662.13563633
K= 2475
4591.46066717
K= 2476
4698.75692724
K= 2477
7351.51304549
K= 2478
4787.36499877
K= 2479
4594.23178655
K= 2480
5351.0728653
K= 2481
5691.50471262
K= 2482
3735.63536468
K= 2483
5061.21791331
K= 2484
3797.37879636
K= 2485
9678.03217215
K= 2486
8827.0
K= 2487
18278.075457
K= 2488
5311.51867101
K= 2489
5955.60192576
K= 2490
8148.79810161
K= 2491
3949.28854441
K= 2492
4687.72916561
K= 2493
5326.69979381
K= 2494
8192.0
K= 2495
5066.83145349
K= 2496
7892.89666077
K= 2497
5061.21791331
K= 2498
4123.35692888
K= 2499
5070.44908084
K= 2500
5061.21791331
K= 2501
5061.21791331
K= 2502
3901.83783784
K= 2503
5031.6149403
K= 2504
5061.21791331
K= 2505
5061.21791331
K= 2506
5015.65365808
K= 2507
5061.21791331
K= 2508
5098.08240439
K= 2509
8182.8
K= 2510
5327.21313373
K= 2511
5702.90971932
K= 2512
8187.0
K= 2513
3808.15056915
K= 2514
3981.84394383
K= 2515
8164.0
K= 2516
11813.4812161
K= 2517
6028.20025242
K= 2518
4828.13538874
K= 2519
5061.21791331
K= 2520
11059.6139708
K= 2521
9078.5304283
K= 2522
4848.9424036
K= 2523
5591.26107451
K= 2524
4604.0266626
K= 2525
4989.36326559
K= 2526
3757.60768115
K= 2527
1081.49952995
K= 2528
4853.13159341
K= 2529
8187.0
K= 2530
8189.0
K= 2531
5061.33310183
K= 2532
1392.01913614
K= 2533
8183.62062795
K= 2534
9308.64536505
K= 2535
3874.0
K= 2536
3675.8086861
K= 2537
8106.98552401
K= 2538
8184.66666667
K= 2539
8182.87951807
K= 2540
5188.40917154
K= 2541
4816.49323565
K= 2542
4061.4125055
K= 2543
41199.6210881
K= 2544
3793.14980782
K= 2545
8185.8
K= 2546
8184.77777778
K= 2547
8183.33333333
K= 2548
7759.4743038
K= 2549
3841.94852319
K= 2550
8827.0
K= 2551
4123.35692888
K= 2552
8187.0
K= 2553
9647.27112517
K= 2554
4827.23130162
K= 2555
8168.05780643
K= 2556
4797.91215663
K= 2557
6587.34353982
K= 2558
5457.9399465
K= 2559
1736.02469621
K= 2560
8151.32992599
K= 2561
4827.45637641
K= 2562
5159.12901269
K= 2563
5744.66869719
K= 2564
8141.60079708
K= 2565
17654.0
K= 2566
5344.10589012
K= 2567
8187.0
K= 2568
5560.78878299
K= 2569
5585.69628844
K= 2570
3950.28854441
K= 2571
8181.88571429
K= 2572
8187.0
K= 2573
8188.0
K= 2574
4910.85849572
K= 2575
13750.9976875
K= 2576
8173.93718038
K= 2577
4101.00137804
K= 2578
8827.0
K= 2579
8461.35692888
K= 2580
8173.83140728
K= 2581
14545.1124246
K= 2582
5045.17088728
K= 2583
6534.38442191
K= 2584
5137.95433023
K= 2585
4513.72166712
K= 2586
8826.0
K= 2587
3888.4280609
K= 2588
9620.04990249
K= 2589
8079.40301252
K= 2590
5451.48218749
K= 2591
8170.0
K= 2592
5931.4764568
K= 2593
5125.45150765
K= 2594
5061.21791331
K= 2595
6610.39239798
K= 2596
3949.28854441
K= 2597
1309.78554485
K= 2598
8106.98552401
K= 2599
3862.75
K= 2600
8173.66078031
K= 2601
8177.50129977
K= 2602
8587.86478867
K= 2603
8184.42857143
K= 2604
2975.67682817
K= 2605
2483.59217175
K= 2606
7938.54859512
K= 2607
4123.35692888
K= 2608
10377.3900614
K= 2609
6810.93428849
K= 2610
8173.91304348
K= 2611
5920.80178453
K= 2612
5008.30773421
K= 2613
11430.5112202
K= 2614
8185.91304348
K= 2615
3735.63536468
K= 2616
4671.34730131
K= 2617
3735.63536468
K= 2618
5089.87776885
K= 2619
8827.0
K= 2620
8186.91549296
K= 2621
7900.09865008
K= 2622
4730.30062447
K= 2623
5548.76323909
K= 2624
4991.77485296
K= 2625
8185.5
K= 2626
8186.75
K= 2627
8238.32174328
K= 2628
9278.61441411
K= 2629
9536.52691329
K= 2630
8186.0
K= 2631
5612.87063705
K= 2632
1416.90288297
K= 2633
8827.0
K= 2634
8185.5
K= 2635
8182.8
K= 2636
8184.77777778
K= 2637
8179.91304348
K= 2638
8143.95219979
K= 2639
3949.28854441
K= 2640
5061.21791331
K= 2641
4123.35692888
K= 2642
8172.42479493
K= 2643
5109.40814176
K= 2644
8193.72945253
K= 2645
1191.85092306
K= 2646
4717.03387778
K= 2647
3887.46699647
K= 2648
5357.23706646
K= 2649
8172.92320675
K= 2650
8181.71428572
K= 2651
5316.04222911
K= 2652
12655.3084135
K= 2653
5059.5786874
K= 2654
8186.22727273
K= 2655
9197.06901063
K= 2656
8179.0
K= 2657
5589.49145339
K= 2658
2242.1808687
K= 2659
3757.09183734
K= 2660
8184.88571429
K= 2661
6243.63612696
K= 2662
3949.28854441
K= 2663
9132.43706469
K= 2664
5918.57751368
K= 2665
8182.30701686
K= 2666
5509.74710858
K= 2667
6145.64602385
K= 2668
4945.10252946
K= 2669
3944.90704288
K= 2670
4905.6733888
K= 2671
5393.54422127
K= 2672
8827.0
K= 2673
8186.72972973
K= 2674
5358.73052842
K= 2675
5407.4511303
K= 2676
3197.14667179
K= 2677
4564.50239366
K= 2678
3949.28854441
K= 2679
7812.24036721
K= 2680
8186.85714286
K= 2681
5591.26107451
K= 2682
8921.80982307
K= 2683
4123.35692888
K= 2684
4123.35692888
K= 2685
4969.67487068
K= 2686
3793.14980782
K= 2687
4123.35692888
K= 2688
9817.20540801
K= 2689
8186.72972973
K= 2690
8176.58106699
K= 2691
8183.68421053
K= 2692
3714.83964744
K= 2693
2802.00074932
K= 2694
8188.68421053
K= 2695
3889.72972973
K= 2696
9721.98134139
K= 2697
8172.76579054
K= 2698
5326.69979381
K= 2699
5358.26585792
K= 2700
5060.910221
K= 2701
8180.48551701
K= 2702
5123.91425817
K= 2703
5970.32457164
K= 2704
3848.90416575
K= 2705
4819.43627784
K= 2706
5345.35781049
K= 2707
4069.46699647
K= 2708
3957.74278322
K= 2709
5061.21791331
K= 2710
11068.0668643
K= 2711
8193.83783784
K= 2712
5142.39554793
K= 2713
4843.99659117
K= 2714
4816.90403017
K= 2715
9461.72935395
K= 2716
3644.18202464
K= 2717
3885.46699647
K= 2718
13773.5935834
K= 2719
4843.58493587
K= 2720
3949.28854441
K= 2721
8159.16339457
K= 2722
8206.56729212
K= 2723
8186.90728477
K= 2724
3793.14980782
K= 2725
8253.10119907
K= 2726
5535.03343215
K= 2727
8178.0
K= 2728
4851.31168918
K= 2729
8191.19360645
K= 2730
8145.01238839
K= 2731
8179.74193549
K= 2732
8178.72222222
K= 2733
4629.12829452
K= 2734
3644.18202464
K= 2735
8187.0
K= 2736
8158.9
K= 2737
5061.21791331
K= 2738
7930.23422347
K= 2739
5532.11588829
K= 2740
8107.98552401
K= 2741
14320.1751998
K= 2742
4797.67393437
K= 2743
5061.21791331
K= 2744
13737.2289337
K= 2745
36927.9439153
K= 2746
4123.35692888
K= 2747
5984.59914571
K= 2748
8186.72972973
K= 2749
8184.53846154
K= 2750
9446.73269595
K= 2751
5061.21791331
K= 2752
5061.21791331
K= 2753
5925.21864681
K= 2754
8199.95132052
K= 2755
3666.83541143
K= 2756
8179.71287625
K= 2757
19363.8800091
K= 2758
8252.00739098
K= 2759
8827.0
K= 2760
7796.13186821
K= 2761
5398.51946816
K= 2762
8191.0
K= 2763
3885.01708487
K= 2764
8179.83783784
K= 2765
4918.18306744
K= 2766
8186.0
K= 2767
8189.0
K= 2768
4868.12024258
K= 2769
3852.0
K= 2770
12661.8167935
K= 2771
3850.75
K= 2772
4871.01440652
K= 2773
4779.6463841
K= 2774
4820.47256869
K= 2775
8827.0
K= 2776
4628.90081083
K= 2777
2201.88381356
K= 2778
8186.80392157
K= 2779
3857.0
K= 2780
5123.3761872
K= 2781
5394.46008073
K= 2782
5973.5425399
K= 2783
4862.44548728
K= 2784
8179.5
K= 2785
8178.64841773
K= 2786
5061.21791331
K= 2787
8794.21822897
K= 2788
10157.7870961
K= 2789
4584.52395353
K= 2790
4959.60667944
K= 2791
8187.0
K= 2792
5941.74786036
K= 2793
6135.01637514
K= 2794
5344.24959085
K= 2795
5061.21791331
K= 2796
3293.09140788
K= 2797
18850.0780682
K= 2798
4678.91069975
K= 2799
27805.3488531
K= 2800
5302.51307606
K= 2801
8183.88337693
K= 2802
8185.63636364
K= 2803
9100.90582938
K= 2804
4123.35692888
K= 2805
4796.38280032
K= 2806
5061.21791331
K= 2807
5171.93880319
K= 2808
5083.83790742
K= 2809
5216.05444837
K= 2810
3714.83964744
K= 2811
5434.09247372
K= 2812
2553.76390214
K= 2813
1296.44792607
K= 2814
6805.71545243
K= 2815
4123.35692888
K= 2816
4657.24924094
K= 2817
8146.21962329
K= 2818
17129.0
K= 2819
5382.19843128
K= 2820
3989.61961574
K= 2821
8174.33649121
K= 2822
7826.81281934
K= 2823
8161.22301409
K= 2824
6369.22602466
K= 2825
8160.37859174
K= 2826
438.687582308
K= 2827
3946.14980782
K= 2828
4968.92872098
K= 2829
4817.65324566
K= 2830
3949.28854441
K= 2831
4123.35692888
K= 2832
5919.4120625
K= 2833
4787.36499877
K= 2834
5328.41137376
K= 2835
8827.0
K= 2836
24538.5
K= 2837
3752.48314115
K= 2838
8185.5
K= 2839
8183.0
K= 2840
4764.06836747
K= 2841
8179.5
K= 2842
8185.36539022
K= 2843
8101.32322765
K= 2844
5004.43921622
K= 2845
10310.381233
K= 2846
7744.15456949
K= 2847
5499.51240997
K= 2848
14073.9857094
K= 2849
966.481338638
K= 2850
4835.47569104
K= 2851
8237.36788174
K= 2852
8166.74276182
K= 2853
8187.0
K= 2854
5278.40326098
K= 2855
3957.03052332
K= 2856
9359.19337933
K= 2857
5923.93572548
K= 2858
8183.0
K= 2859
4672.32414637
K= 2860
7935.77967801
K= 2861
10142.3637315
K= 2862
3716.91869599
K= 2863
8185.26841703
K= 2864
5413.71851477
K= 2865
7559.89230769
K= 2866
8186.9
K= 2867
8190.83783784
K= 2868
2843.34069359
K= 2869
32137.8883756
K= 2870
4885.55316923
K= 2871
8189.77777778
K= 2872
8191.0
K= 2873
8188.0
K= 2874
5535.03343215
K= 2875
8198.15723904
K= 2876
5061.21791331
K= 2877
5061.21791331
K= 2878
5060.55124664
K= 2879
5089.01924887
K= 2880
5535.03343215
K= 2881
8187.0
K= 2882
8166.09041869
K= 2883
8185.82329245
K= 2884
8135.25813206
K= 2885
4376.36599404
K= 2886
5535.03343215
K= 2887
8139.29448162
K= 2888
5582.89596652
K= 2889
5112.8394362
K= 2890
4707.39683082
K= 2891
5316.3048378
K= 2892
5061.21791331
K= 2893
1284.26539611
K= 2894
4123.35692888
K= 2895
7892.60693013
K= 2896
16361.6363636
K= 2897
8184.89189189
K= 2898
6389.22875734
K= 2899
2009.90790713
K= 2900
7778.97490371
K= 2901
7364.65847421
K= 2902
7828.68599769
K= 2903
5535.03343215
K= 2904
5061.21791331
K= 2905
3675.8086861
K= 2906
8186.85714286
K= 2907
8371.23443802
K= 2908
8179.5085382
K= 2909
3715.83964744
K= 2910
12640.8034558
K= 2911
4801.29147283
K= 2912
8170.70857218
K= 2913
4865.66026041
K= 2914
3949.28854441
K= 2915
3714.83964744
K= 2916
5287.46670578
K= 2917
8082.30386939
K= 2918
8185.0
K= 2919
9032.76772886
K= 2920
5061.21791331
K= 2921
8827.0
K= 2922
8182.0
K= 2923
5061.21791331
K= 2924
19629.0344601
K= 2925
6369.61847201
K= 2926
11750.4861035
K= 2927
8187.0
K= 2928
8172.0
K= 2929
4931.72240944
K= 2930
6289.69874207
K= 2931
1994.80570476
K= 2932
5061.21791331
K= 2933
8186.72972973
K= 2934
5118.59216941
K= 2935
4772.46028875
K= 2936
2020.12390593
K= 2937
5392.63860731
K= 2938
5600.02245697
K= 2939
4918.86902856
K= 2940
5138.24765112
K= 2941
6906.48278965
K= 2942
27753.2037008
K= 2943
4980.38993025
K= 2944
5038.88401372
K= 2945
3918.63536468
K= 2946
8186.85714286
K= 2947
3874.72972973
K= 2948
5342.62945043
K= 2949
5061.21791331
K= 2950
4123.35692888
K= 2951
10582.9067488
K= 2952
8161.75145782
K= 2953
7796.88186821
K= 2954
3858.0
K= 2955
5180.92693453
K= 2956
4123.35692888
K= 2957
4131.95612365
K= 2958
8187.0
K= 2959
5715.17041607
K= 2960
3877.85714286
K= 2961
8183.47402597
K= 2962
5061.21791331
K= 2963
8041.8748875
K= 2964
8183.1011456
K= 2965
4914.64065966
K= 2966
8191.22969734
K= 2967
10120.4358266
K= 2968
3194.67820517
K= 2969
6126.88774719
K= 2970
8187.0
K= 2971
8188.73333333
K= 2972
4123.35692888
K= 2973
5001.06608823
K= 2974
4807.75380467
K= 2975
5080.46178432
K= 2976
8156.91780822
K= 2977
8170.72768003
K= 2978
3854.68586295
K= 2979
5061.21791331
K= 2980
5013.78755973
K= 2981
3854.5
K= 2982
5061.21791331
K= 2983
5402.49300299
K= 2984
5248.32524904
K= 2985
3902.83783784
K= 2986
4902.81694211
K= 2987
8193.72945253
K= 2988
8299.28854441
K= 2989
3949.28854441
K= 2990
8183.74074074
K= 2991
4123.35692888
K= 2992
4791.37290399
K= 2993
5302.60245581
K= 2994
18289.0209229
K= 2995
5302.60245581
K= 2996
8063.18554366
K= 2997
1525.01557715
K= 2998
8450.57430244
K= 2999
5376.98363454
K= 3000
4598.79956804
K= 3001
8185.46705882
K= 3002
9198.77664781
K= 3003
4783.17885098
K= 3004
8184.13333333
K= 3005
8155.31232328
K= 3006
5296.62766811
K= 3007
3949.28854441
K= 3008
13874.2102355
K= 3009
5856.79727153
K= 3010
8138.83964744
K= 3011
8179.62318841
K= 3012
8185.16888243
K= 3013
4747.92989092
K= 3014
5061.12700422
K= 3015
8189.0
K= 3016
8187.0
K= 3017
4906.66927817
K= 3018
5470.38808022
K= 3019
8181.81818182
K= 3020
5342.62945043
K= 3021
3870.68421053
K= 3022
4989.55524727
K= 3023
8185.0
K= 3024
8186.80952381
K= 3025
1736.89159401
K= 3026
6038.24195601
K= 3027
8394.17622624
K= 3028
4726.17823645
K= 3029
4123.35692888
K= 3030
3762.75
K= 3031
8182.0
K= 3032
9879.60427818
K= 3033
13999.0120866
K= 3034
5692.83098494
K= 3035
5354.97282623
K= 3036
8238.25787692
K= 3037
8827.0
K= 3038
5329.85865097
K= 3039
5034.87245129
K= 3040
5295.18917957
K= 3041
3949.28854441
K= 3042
8189.84
K= 3043
3949.28854441
K= 3044
3935.14980782
K= 3045
4648.29345857
K= 3046
4718.62261345
K= 3047
9217.47010332
K= 3048
4882.94299803
K= 3049
5185.54461375
K= 3050
8172.71119783
K= 3051
9302.42451658
K= 3052
5061.21791331
K= 3053
7985.61032377
K= 3054
5066.69494881
K= 3055
8187.0
K= 3056
5061.21791331
K= 3057
4123.35692888
K= 3058
8185.01392982
K= 3059
5061.21791331
K= 3060
5061.21791331
K= 3061
8184.66666667
K= 3062
1069.70998874
K= 3063
8185.8
K= 3064
8187.0
K= 3065
4123.35692888
K= 3066
8185.75
K= 3067
4948.66319128
K= 3068
4785.62402502
K= 3069
8146.17285603
K= 3070
8189.0
K= 3071
5372.93817367
K= 3072
8187.0
K= 3073
8827.0
K= 3074
8827.0
K= 3075
9184.51451913
K= 3076
4884.31254502
K= 3077
1610.33497623
K= 3078
8187.0
K= 3079
3644.18202464
K= 3080
5007.83115442
K= 3081
5703.60206702
K= 3082
4932.06245262
K= 3083
8252.98565237
K= 3084
4123.35692888
K= 3085
5205.38857459
K= 3086
5054.19207806
K= 3087
5230.3253381
K= 3088
5535.03343215
K= 3089
8249.35656207
K= 3090
1816.23992734
K= 3091
3644.18202464
K= 3092
8193.83783784
K= 3093
5388.00887713
K= 3094
8107.98552401
K= 3095
5530.98646862
K= 3096
5110.04081966
K= 3097
5338.79370691
K= 3098
5061.21791331
K= 3099
18746.0777528
K= 3100
4903.79531095
K= 3101
11062.7457064
K= 3102
8179.1204919
K= 3103
8233.11881486
K= 3104
4965.50791121
K= 3105
5061.21791331
K= 3106
5524.814971
K= 3107
8172.3278259
K= 3108
8185.77777778
K= 3109
5064.58955508
K= 3110
8192.03993012
K= 3111
8827.0
K= 3112
4123.35692888
K= 3113
3996.0
K= 3114
9520.95036702
K= 3115
5328.31137376
K= 3116
5210.8799471
K= 3117
8126.54353021
K= 3118
52962.0
K= 3119
5531.62990398
K= 3120
4747.71236911
K= 3121
8185.36470588
K= 3122
4769.68401351
K= 3123
8186.0
K= 3124
52962.0
K= 3125
8188.0
K= 3126
8183.10451175
K= 3127
484.577407322
K= 3128
8206.81762471
K= 3129
19430.6589806
K= 3130
8189.0
K= 3131
1685.1128493
K= 3132
1637.04053972
K= 3133
18224.669324
K= 3134
4634.33168702
K= 3135
7997.89923548
K= 3136
5910.84710602
K= 3137
5330.42267994
K= 3138
3927.46699647
K= 3139
8187.0
K= 3140
8140.21852063
K= 3141
5061.21791331
K= 3142
4869.98817602
K= 3143
3948.62316934
K= 3144
5609.43734517
K= 3145
5139.87215589
K= 3146
8107.98552401
K= 3147
4123.35692888
K= 3148
4983.7492585
K= 3149
6567.59768241
K= 3150
5320.20861563
K= 3151
8184.0
K= 3152
8098.33498053
K= 3153
7877.99074249
K= 3154
3885.46699647
K= 3155
8188.0
K= 3156
5061.21791331
K= 3157
7512.56902474
K= 3158
5091.57933771
K= 3159
2826.8304605
K= 3160
8154.96443543
K= 3161
5323.35967658
K= 3162
4972.85096502
K= 3163
8180.81818182
K= 3164
4912.58829081
K= 3165
4062.8342869
K= 3166
8188.0
K= 3167
9834.11646812
K= 3168
8827.0
K= 3169
4632.91657608
K= 3170
8185.6
K= 3171
815.361444382
K= 3172
5611.58642532
K= 3173
8827.0
K= 3174
9537.24897339
K= 3175
5323.71534483
K= 3176
4028.46699647
K= 3177
5794.70918556
K= 3178
9579.40243735
K= 3179
5340.88820171
K= 3180
7935.41530755
K= 3181
3885.46699647
K= 3182
5325.10923577
K= 3183
8186.72972973
K= 3184
1834.08672831
K= 3185
6389.2324117
K= 3186
5241.51826161
K= 3187
4660.2369636
K= 3188
4822.45807666
K= 3189
4658.98552654
K= 3190
4653.34390952
K= 3191
8827.0
K= 3192
7364.74289559
K= 3193
8185.0
K= 3194
4936.53245245
K= 3195
3644.18202464
K= 3196
8195.30353778
K= 3197
12536.0
K= 3198
4667.98345208
K= 3199
8183.48178138
K= 3200
4845.81285046
K= 3201
5458.69232333
K= 3202
3675.8086861
K= 3203
5456.81809559
K= 3204
5538.20893765
K= 3205
3717.83964744
K= 3206
4123.35692888
K= 3207
9656.96139165
K= 3208
3885.46699647
K= 3209
8827.0
K= 3210
11325.1648127
K= 3211
8187.0
K= 3212
11067.6668643
K= 3213
4123.35692888
K= 3214
8188.84126984
K= 3215
8186.5952381
K= 3216
1705.14381221
K= 3217
4123.35692888
K= 3218
4692.79608446
K= 3219
5270.36463852
K= 3220
4679.43705096
K= 3221
8160.01162216
K= 3222
3962.1152655
K= 3223
1308.89291202
K= 3224
36582.2993481
K= 3225
5246.29908356
K= 3226
8173.41316379
K= 3227
8826.0
K= 3228
52962.0
K= 3229
5503.06288273
K= 3230
5277.34641256
K= 3231
8183.81818182
K= 3232
6148.45892002
K= 3233
8185.77777778
K= 3234
8184.47402597
K= 3235
73345.8276951
K= 3236
8827.0
K= 3237
5097.54754806
K= 3238
5919.4120625
K= 3239
4912.57563607
K= 3240
8187.0
K= 3241
9579.16342113
K= 3242
36447.734269
K= 3243
7476.68890862
K= 3244
3644.18202464
K= 3245
8184.27667019
K= 3246
31775.6599599
K= 3247
4123.35692888
K= 3248
8193.83783784
K= 3249
3762.105126
K= 3250
5470.98459329
K= 3251
8102.0764331
K= 3252
5434.48914039
K= 3253
5341.69814071
K= 3254
3675.8086861
K= 3255
9571.48439078
K= 3256
4865.54744127
K= 3257
5061.21791331
K= 3258
11143.2704905
K= 3259
5024.49309319
K= 3260
4636.46790084
K= 3261
3644.18202464
K= 3262
5453.08553799
K= 3263
8186.87586207
K= 3264
7638.69439127
K= 3265
52962.0
K= 3266
5470.58924446
K= 3267
2028.20875049
K= 3268
4862.08439634
K= 3269
5303.61659017
K= 3270
8827.0
K= 3271
4598.87774702
K= 3272
3949.28854441
K= 3273
8186.8974359
K= 3274
8134.40744359
K= 3275
4123.35692888
K= 3276
8150.56836357
K= 3277
4842.12487759
K= 3278
4906.56815562
K= 3279
4802.74291588
K= 3280
1534.53173642
K= 3281
5061.21791331
K= 3282
8122.30389225
K= 3283
9330.17776197
K= 3284
8185.66666667
K= 3285
9456.28896008
K= 3286
5637.38264477
K= 3287
3885.46699647
K= 3288
8170.9922312
K= 3289
8183.0
K= 3290
4881.60333077
K= 3291
9185.40956624
K= 3292
1284.26539611
K= 3293
4872.39230878
K= 3294
6214.19381736
K= 3295
8243.80348769
K= 3296
8183.7254902
K= 3297
8176.82035135
K= 3298
8178.26140873
K= 3299
5060.84291331
K= 3300
4653.37109994
K= 3301
5535.60311963
K= 3302
4123.35692888
K= 3303
5061.21791331
K= 3304
14464.545601
K= 3305
8182.71428572
K= 3306
5330.1617533
K= 3307
8183.64529694
K= 3308
5542.62560431
K= 3309
8185.6
K= 3310
5388.71489646
K= 3311
5541.89011315
K= 3312
5060.67597453
K= 3313
4109.7682925
K= 3314
8185.5
K= 3315
5173.0220849
K= 3316
8214.05630399
K= 3317
4921.40006829
K= 3318
3735.63536468
K= 3319
5551.58177871
K= 3320
4809.86713038
K= 3321
8179.84210526
K= 3322
4123.35692888
K= 3323
4868.98115789
K= 3324
9275.97962324
K= 3325
4835.06963048
K= 3326
4839.9504316
K= 3327
17634.2754597
K= 3328
4824.06178255
K= 3329
4815.54397709
K= 3330
4879.7228557
K= 3331
7944.43422347
K= 3332
8185.77777778
K= 3333
5895.78386271
K= 3334
5061.12700422
K= 3335
3885.46699647
K= 3336
18367.3754458
K= 3337
8172.0
K= 3338
3963.00496808
K= 3339
16358.3175592
K= 3340
5195.47980935
K= 3341
3984.0
K= 3342
8827.0
K= 3343
11465.530479
K= 3344
5365.32525065
K= 3345
8150.58831654
K= 3346
8118.76071427
K= 3347
4676.30462056
K= 3348
8151.0
K= 3349
17654.0
K= 3350
8183.49648172
K= 3351
5374.85347698
K= 3352
36398.8623749
K= 3353
5061.21791331
K= 3354
17654.0
K= 3355
4990.19453823
K= 3356
5058.24479914
K= 3357
13716.8990973
K= 3358
3877.63536468
K= 3359
25000.2585844
K= 3360
3821.7154444
K= 3361
8184.5
K= 3362
5470.21186602
K= 3363
8187.04244312
K= 3364
4123.35692888
K= 3365
4123.35692888
K= 3366
5061.21791331
K= 3367
8182.75
K= 3368
5158.92130473
K= 3369
5026.17540764
K= 3370
3735.63536468
K= 3371
8185.52173913
K= 3372
4737.45898841
K= 3373
8184.0
K= 3374
5591.26107451
K= 3375
3956.09154115
K= 3376
5521.56418082
K= 3377
8187.0
K= 3378
6365.59295611
K= 3379
3885.46699647
K= 3380
5066.83145349
K= 3381
3735.63536468
K= 3382
3950.28854441
K= 3383
4123.35692888
K= 3384
8178.16531896
K= 3385
8150.57348208
K= 3386
3714.83964744
K= 3387
4123.35692888
K= 3388
4123.35692888
K= 3389
8181.0
K= 3390
4783.42576545
K= 3391
7491.51744487
K= 3392
8244.75687078
K= 3393
8185.67164179
K= 3394
6145.64602385
K= 3395
3793.14980782
K= 3396
8118.53473919
K= 3397
4123.35692888
K= 3398
8143.24220451
K= 3399
8174.31232328
K= 3400
8827.0
K= 3401
8827.0
K= 3402
8177.81818182
K= 3403
8186.68774704
K= 3404
8184.6
K= 3405
1560.54497784
K= 3406
1432.3309756
K= 3407
8189.22709843
K= 3408
5311.99893704
K= 3409
4750.59798132
K= 3410
8183.66666667
K= 3411
4840.75041578
K= 3412
5111.16153339
K= 3413
5024.45859522
K= 3414
8187.0
K= 3415
4615.77511394
K= 3416
7784.55512829
K= 3417
4759.39077466
K= 3418
5061.21791331
K= 3419
5067.49154177
K= 3420
5084.67068297
K= 3421
4638.51431218
K= 3422
8169.8974359
K= 3423
5061.21791331
K= 3424
8189.84
K= 3425
8095.86025044
K= 3426
8188.0
K= 3427
4708.12237257
K= 3428
5534.9289348
K= 3429
4655.44206057
K= 3430
3714.83964744
K= 3431
4882.51515768
K= 3432
8185.6
K= 3433
5372.93817367
K= 3434
4860.48976259
K= 3435
6144.14602385
K= 3436
7363.99180754
K= 3437
8173.40645161
K= 3438
5691.50471262
K= 3439
4123.35692888
K= 3440
4123.35692888
K= 3441
7418.8556521
K= 3442
5061.21791331
K= 3443
4986.3429681
K= 3444
8827.0
K= 3445
8187.0
K= 3446
8827.0
K= 3447
5587.8225185
K= 3448
8124.36499738
K= 3449
4836.3759099
K= 3450
5931.65827498
K= 3451
8827.0
K= 3452
9618.06868395
K= 3453
5061.06897714
K= 3454
8090.82086857
K= 3455
5561.42241215
K= 3456
5535.03343215
K= 3457
5327.25486472
K= 3458
4123.35692888
K= 3459
5061.21791331
K= 3460
3714.83964744
K= 3461
5061.21791331
K= 3462
8184.81395349
K= 3463
8215.05630399
K= 3464
4947.22872085
K= 3465
5121.56855912
K= 3466
5265.76368419
K= 3467
6917.36213492
K= 3468
2324.99513442
K= 3469
4123.35692888
K= 3470
13563.9785099
K= 3471
4862.95005711
K= 3472
8183.88571429
K= 3473
8188.68421053
K= 3474
5013.28716384
K= 3475
4123.35692888
K= 3476
8184.72561537
K= 3477
5039.97985639
K= 3478
5086.19584246
K= 3479
4800.50532174
K= 3480
3735.63536468
K= 3481
8179.13066879
K= 3482
8178.0
K= 3483
5410.46903813
K= 3484
4977.86992414
K= 3485
4956.32401358
K= 3486
5079.67984106
K= 3487
3949.28854441
K= 3488
3949.28854441
K= 3489
5061.21791331
K= 3490
7933.95338108
K= 3491
22913.8059763
K= 3492
8827.0
K= 3493
16958.2782732
K= 3494
8827.0
K= 3495
8186.85714286
K= 3496
8177.43623229
K= 3497
8194.43993012
K= 3498
5106.65628064
K= 3499
5232.71969747
K= 3500
4902.90552389
K= 3501
3870.68421053
K= 3502
4123.35692888
K= 3503
3885.46699647
K= 3504
8219.15723904
K= 3505
8186.8974359
K= 3506
3885.46699647
K= 3507
3852.2118294
K= 3508
5003.71513615
K= 3509
5061.12700422
K= 3510
8186.34920635
K= 3511
5924.80813439
K= 3512
4123.35692888
K= 3513
5404.27289643
K= 3514
4651.56161317
K= 3515
5163.2433667
K= 3516
6145.64602385
K= 3517
1377.6281386
K= 3518
9159.94652753
K= 3519
9259.05046246
K= 3520
4736.54317329
K= 3521
4123.35692888
K= 3522
5061.21791331
K= 3523
4123.35692888
K= 3524
5643.2347348
K= 3525
5063.94761064
K= 3526
5034.73806163
K= 3527
8186.82857143
K= 3528
5110.68846305
K= 3529
3949.28854441
K= 3530
4092.33846717
K= 3531
8256.61266303
K= 3532
8183.77777778
K= 3533
5549.60152675
K= 3534
5932.80979013
K= 3535
2527.64556922
K= 3536
5061.21791331
K= 3537
3949.28854441
K= 3538
5434.48914039
K= 3539
8197.27201287
K= 3540
10724.3435163
K= 3541
8162.0
K= 3542
10065.8275407
K= 3543
6735.50356417
K= 3544
8827.0
K= 3545
8077.62657669
K= 3546
8827.0
K= 3547
4123.35692888
K= 3548
4882.08611548
K= 3549
5061.21791331
K= 3550
3949.28854441
K= 3551
5131.84352814
K= 3552
5643.53032326
K= 3553
5061.21791331
K= 3554
8180.48447255
K= 3555
5061.21791331
K= 3556
8191.0
K= 3557
5689.97718583
K= 3558
9671.15078156
K= 3559
8073.41919407
K= 3560
4668.94878705
K= 3561
4740.02939207
K= 3562
4929.7675036
K= 3563
8182.76
K= 3564
9244.77300189
K= 3565
8186.53846154
K= 3566
4956.1662778
K= 3567
8184.0
K= 3568
8153.26018597
K= 3569
8188.0
K= 3570
4123.35692888
K= 3571
4123.35692888
K= 3572
8107.98552401
K= 3573
8186.0
K= 3574
4027.65998112
K= 3575
8184.71428571
K= 3576
4123.35692888
K= 3577
4839.1329331
K= 3578
8186.29166667
K= 3579
5994.34326612
K= 3580
8186.91780822
K= 3581
32836.9996915
K= 3582
8183.71428571
K= 3583
3714.83964744
K= 3584
8107.98552401
K= 3585
6369.61847201
K= 3586
3954.50226847
K= 3587
8187.0
K= 3588
4747.74292658
K= 3589
5293.63824163
K= 3590
7221.09881134
K= 3591
12653.0
K= 3592
8827.0
K= 3593
8194.81693619
K= 3594
5305.56669998
K= 3595
3891.0
K= 3596
5000.4386566
K= 3597
8124.89491377
K= 3598
4123.35692888
K= 3599
5091.71297485
K= 3600
5438.28880606
K= 3601
4783.34240511
K= 3602
7856.3530549
K= 3603
3890.7798806
K= 3604
8192.66593536
K= 3605
8169.70425135
K= 3606
3927.46699647
K= 3607
2640.44992097
K= 3608
8827.0
K= 3609
14087.423659
K= 3610
8827.0
K= 3611
3808.83783784
K= 3612
3745.47893309
K= 3613
8147.33440941
K= 3614
5452.91334933
K= 3615
8181.0
K= 3616
9311.82452947
K= 3617
3949.28854441
K= 3618
5021.57894259
K= 3619
8172.3197122
K= 3620
5153.46800434
K= 3621
4872.30137797
K= 3622
5175.9435122
K= 3623
6386.97820995
K= 3624
8182.0
K= 3625
4629.14594846
K= 3626
8189.79043124
K= 3627
8185.5
K= 3628
7122.66112146
K= 3629
3837.91304348
K= 3630
4629.80876603
K= 3631
8168.03938938
K= 3632
8184.87951807
K= 3633
4727.01523433
K= 3634
8187.0
K= 3635
5061.21791331
K= 3636
5440.21968592
K= 3637
5407.83601125
K= 3638
4642.18560044
K= 3639
8187.0
K= 3640
5543.58538907
K= 3641
4586.67085011
K= 3642
3097.39419341
K= 3643
3885.46699647
K= 3644
5082.20469186
K= 3645
5375.49233583
K= 3646
3741.01586458
K= 3647
9460.89600756
K= 3648
5716.2556101
K= 3649
8178.56527094
K= 3650
8185.5
K= 3651
8180.79591837
K= 3652
8187.0
K= 3653
2242.48525649
K= 3654
3897.75609756
K= 3655
3714.83964744
K= 3656
3824.0
K= 3657
8181.81818182
K= 3658
8049.64120247
K= 3659
5535.95691589
K= 3660
4123.35692888
K= 3661
4861.0861082
K= 3662
5062.53262218
K= 3663
3675.8086861
K= 3664
8189.66868036
K= 3665
4975.07962256
K= 3666
5101.18706765
K= 3667
8143.88968498
K= 3668
8827.0
K= 3669
4714.50907746
K= 3670
18348.3687123
K= 3671
3878.46699647
K= 3672
8176.8974359
K= 3673
4123.35692888
K= 3674
4986.69338568
K= 3675
5458.37044116
K= 3676
8122.0014347
K= 3677
4636.56306104
K= 3678
8187.0
K= 3679
12846.5304527
K= 3680
5029.97816743
K= 3681
5001.79894902
K= 3682
4451.90436826
K= 3683
7859.16893792
K= 3684
18149.9247933
K= 3685
6145.64602385
K= 3686
5338.5621504
K= 3687
8126.96174073
K= 3688
4123.35692888
K= 3689
5183.36377079
K= 3690
11948.8159291
K= 3691
8187.85714286
K= 3692
8128.06392031
K= 3693
5338.59834924
K= 3694
9221.89491301
K= 3695
5653.0807213
K= 3696
4029.60240879
K= 3697
3735.63536468
K= 3698
8187.81818182
K= 3699
4761.7169764
K= 3700
3841.44112264
K= 3701
7935.41169426
K= 3702
5534.20266292
K= 3703
5121.3319722
K= 3704
5084.58856682
K= 3705
8187.0
K= 3706
5881.71456632
K= 3707
5919.4120625
K= 3708
4818.85622682
K= 3709
4640.60186128
K= 3710
8058.48910607
K= 3711
4908.57435802
K= 3712
8185.0
K= 3713
4715.02676219
K= 3714
12640.1033261
K= 3715
3968.28591724
K= 3716
9420.72535762
K= 3717
8191.85793028
K= 3718
4779.51847208
K= 3719
8827.0
K= 3720
23724.7608478
K= 3721
5086.33231728
K= 3722
8250.75701038
K= 3723
8131.5601765
K= 3724
3983.79560454
K= 3725
8181.71428571
K= 3726
8187.0
K= 3727
5403.67365998
K= 3728
7813.14715417
K= 3729
12640.8025623
K= 3730
5260.86572114
K= 3731
4748.91260901
K= 3732
10356.5001389
K= 3733
5585.63630356
K= 3734
8184.71428571
K= 3735
8178.87951807
K= 3736
8176.87700684
K= 3737
3975.89907464
K= 3738
8132.3228131
K= 3739
8827.0
K= 3740
8186.71428571
K= 3741
5061.21791331
K= 3742
4737.21881173
K= 3743
5456.90277199
K= 3744
9265.20961368
K= 3745
5378.66860556
K= 3746
5941.53733404
K= 3747
1959.14265132
K= 3748
4857.74940984
K= 3749
8184.92405063
K= 3750
5117.71354402
K= 3751
5061.21791331
K= 3752
4815.16284959
K= 3753
2273.24572043
K= 3754
6366.10885999
K= 3755
3839.41428571
K= 3756
4643.67650361
K= 3757
4954.95891087
K= 3758
8827.0
K= 3759
1284.26539611
K= 3760
8458.11630849
K= 3761
5060.88457997
K= 3762
41359.8672473
K= 3763
8208.48627559
K= 3764
4123.35692888
K= 3765
9071.48648118
K= 3766
3885.46699647
K= 3767
3714.83964744
K= 3768
2338.221528
K= 3769
8184.87419584
K= 3770
5327.99499559
K= 3771
4920.6011749
K= 3772
4918.4367487
K= 3773
3793.14980782
K= 3774
5932.80979013
K= 3775
5401.34682934
K= 3776
4881.32199416
K= 3777
5088.30021956
K= 3778
8186.12682165
K= 3779
5393.08204166
K= 3780
4459.12953499
K= 3781
8187.0
K= 3782
5917.85152315
K= 3783
8163.25113418
K= 3784
8185.5
K= 3785
4123.35692888
K= 3786
5713.77779774
K= 3787
9542.14375961
K= 3788
5321.888213
K= 3789
5061.21791331
K= 3790
8074.37808295
K= 3791
8185.5
K= 3792
5137.646237
K= 3793
8184.37310795
K= 3794
5335.92141507
K= 3795
5061.21791331
K= 3796
9277.49743011
K= 3797
8140.32515512
K= 3798
8185.5
K= 3799
7706.983387
K= 3800
5643.4358266
K= 3801
8187.0
K= 3802
4684.1756307
K= 3803
8827.0
K= 3804
4141.48384781
K= 3805
9261.46106047
K= 3806
5033.37279372
K= 3807
4740.45874006
K= 3808
7870.52022556
K= 3809
5011.68344286
K= 3810
8827.0
K= 3811
8174.31232328
K= 3812
5562.82842792
K= 3813
14040.3508874
K= 3814
4839.16651792
K= 3815
3608.27127645
K= 3816
9262.52511966
K= 3817
8189.722224
K= 3818
8186.88571429
K= 3819
8182.26140873
K= 3820
4882.44193614
K= 3821
7796.88186821
K= 3822
5380.63286509
K= 3823
8827.0
K= 3824
8122.64698538
K= 3825
8827.0
K= 3826
13774.0077142
K= 3827
4906.75175008
K= 3828
10412.1659946
K= 3829
8193.94637311
K= 3830
5341.69814071
K= 3831
8140.06147169
K= 3832
5614.94842808
K= 3833
4881.8115092
K= 3834
5880.62594281
K= 3835
5060.48457997
K= 3836
4979.60945438
K= 3837
8184.87179487
K= 3838
8172.04375705
K= 3839
8172.85117665
K= 3840
1920.4419226
K= 3841
8193.72945253
K= 3842
8827.0
K= 3843
5061.21791331
K= 3844
1911.14674551
K= 3845
4976.13571832
K= 3846
5061.21791331
K= 3847
8163.01109394
K= 3848
4981.36930282
K= 3849
1004.38254867
K= 3850
8179.68103448
K= 3851
6078.37638588
K= 3852
8183.0
K= 3853
4705.88524772
K= 3854
14027.7476921
K= 3855
8186.85714286
K= 3856
3644.18202464
K= 3857
5346.55382988
K= 3858
8154.31884493
K= 3859
4895.80738156
K= 3860
6600.99232841
K= 3861
4661.0700607
K= 3862
8185.36470588
K= 3863
10959.1221365
K= 3864
18703.2650228
K= 3865
8183.09333333
K= 3866
8827.0
K= 3867
5061.21791331
K= 3868
7824.96194102
K= 3869
8186.52380952
K= 3870
6126.5120687
K= 3871
5090.82585821
K= 3872
8221.71503856
K= 3873
3885.46699647
K= 3874
4893.4061668
K= 3875
5015.97360477
K= 3876
5061.21791331
K= 3877
5061.21791331
K= 3878
8187.0
K= 3879
9229.83359031
K= 3880
5072.56181489
K= 3881
4837.30554941
K= 3882
5026.58219719
K= 3883
4123.35692888
K= 3884
58567.2918115
K= 3885
8181.71428571
K= 3886
5061.21791331
K= 3887
4853.07811525
K= 3888
1520.60968589
K= 3889
5134.25798153
K= 3890
8179.74193548
K= 3891
3950.64931173
K= 3892
8076.09935621
K= 3893
9444.74775129
K= 3894
4922.45124457
K= 3895
3857.0
K= 3896
5061.21791331
K= 3897
3918.96699647
K= 3898
8216.03594803
K= 3899
3872.5
K= 3900
8827.0
K= 3901
4978.45079418
K= 3902
8191.3278259
K= 3903
8185.66666667
K= 3904
481.789369585
K= 3905
8132.08132252
K= 3906
8185.98916296
K= 3907
10637.9101031
K= 3908
8188.0
K= 3909
8186.6
K= 3910
8187.0
K= 3911
5061.12700422
K= 3912
18301.2609058
K= 3913
8187.0
K= 3914
5581.4296655
K= 3915
5537.25166854
K= 3916
8193.0
K= 3917
8183.56521739
K= 3918
3885.46699647
K= 3919
5061.21791331
K= 3920
5920.8359573
K= 3921
5077.83369719
K= 3922
3885.0
K= 3923
8174.37665234
K= 3924
8109.09942289
K= 3925
4992.20971942
K= 3926
12563.7710976
K= 3927
7371.48763377
K= 3928
4857.89096411
K= 3929
7703.45920317
K= 3930
4737.73194468
K= 3931
7788.19029094
K= 3932
5387.93736242
K= 3933
5730.76698979
K= 3934
5458.37044116
K= 3935
8185.0
K= 3936
5061.21791331
K= 3937
4627.09261609
K= 3938
51069.6859471
K= 3939
3851.90600474
K= 3940
5919.4120625
K= 3941
8188.33805301
K= 3942
8107.98552401
K= 3943
3911.66959251
K= 3944
5197.70085116
K= 3945
7827.68599769
K= 3946
3855.75609756
K= 3947
8189.47101201
K= 3948
5534.928169
K= 3949
3820.28854441
K= 3950
8184.78947368
K= 3951
18642.4550984
K= 3952
8089.19636853
K= 3953
5873.72638019
K= 3954
5591.26107451
K= 3955
5320.10757654
K= 3956
8140.20996224
K= 3957
9647.55043496
K= 3958
8159.36646437
K= 3959
4123.35692888
K= 3960
8827.0
K= 3961
8106.98552401
K= 3962
6026.32369128
K= 3963
5292.84679848
K= 3964
5919.4120625
K= 3965
10207.7313882
K= 3966
8186.53846154
K= 3967
4939.06005882
K= 3968
13758.7598382
K= 3969
8186.40952381
K= 3970
4695.41289728
K= 3971
8150.81157056
K= 3972
8185.90849673
K= 3973
9816.10238614
K= 3974
4914.73548322
K= 3975
3990.28854441
K= 3976
5928.60193411
K= 3977
3944.46699647
K= 3978
5116.42533173
K= 3979
5061.21791331
K= 3980
8185.9
K= 3981
8189.0
K= 3982
3644.18202464
K= 3983
5330.25527253
K= 3984
5063.68465432
K= 3985
5334.20833755
K= 3986
8185.33333333
K= 3987
6670.39893405
K= 3988
5365.32525065
K= 3989
3949.28854441
K= 3990
16361.6760779
K= 3991
5685.68811279
K= 3992
8174.33649121
K= 3993
5374.28676889
K= 3994
3949.28854441
K= 3995
5671.51557284
K= 3996
8188.0
K= 3997
8147.24097843
K= 3998
6744.32136995
K= 3999
6618.87170852
K= 4000
5613.35712353
K= 4001
8186.0
K= 4002
8159.43477712
K= 4003
8184.74285714
K= 4004
9179.64195452
K= 4005
8186.85714286
K= 4006
5933.77898074
K= 4007
8035.76600837
K= 4008
5061.21791331
K= 4009
8184.42857143
K= 4010
1160.83381405
K= 4011
5590.92774118
K= 4012
8185.40645161
K= 4013
8058.7525274
K= 4014
3916.46788888
K= 4015
8175.55077693
K= 4016
3644.18202464
K= 4017
8827.0
K= 4018
3891.46699647
K= 4019
8184.39011549
K= 4020
11820.4208792
K= 4021
1837.3008737
K= 4022
8827.0
K= 4023
5152.29515995
K= 4024
4123.35692888
K= 4025
8181.75
K= 4026
8138.83964744
K= 4027
10120.4358266
K= 4028
5125.4210398
K= 4029
8179.74193548
K= 4030
4788.54189369
K= 4031
7777.57827307
K= 4032
8186.0
K= 4033
5100.48975239
K= 4034
8827.0
K= 4035
8431.26991625
K= 4036
12583.375682
K= 4037
8186.91780822
K= 4038
8185.82329245
K= 4039
8182.68103448
K= 4040
8186.80952381
K= 4041
4123.35692888
K= 4042
8151.10118524
K= 4043
8186.25595238
K= 4044
6455.30803555
K= 4045
3776.63536468
K= 4046
4936.67820311
K= 4047
1938.11225996
K= 4048
8241.53634225
K= 4049
5358.48236896
K= 4050
5061.21791331
K= 4051
27698.9145452
K= 4052
4123.35692888
K= 4053
4123.35692888
K= 4054
4697.59068611
K= 4055
4091.420628
K= 4056
8142.11056478
K= 4057
5533.62099536
K= 4058
5107.16354298
K= 4059
5061.21791331
K= 4060
8187.0
K= 4061
4811.88003759
K= 4062
8182.84210526
K= 4063
5268.90601341
K= 4064
4123.35692888
K= 4065
8121.89491377
K= 4066
8178.68421053
K= 4067
5295.70853289
K= 4068
8188.0
K= 4069
1709.53625619
K= 4070
8827.0
K= 4071
8185.0
K= 4072
6145.64602385
K= 4073
5470.58459329
K= 4074
5715.74089298
K= 4075
12854.6345901
K= 4076
5090.79607158
K= 4077
5499.8874629
K= 4078
12718.3491003
K= 4079
5535.03343215
K= 4080
8187.77501944
K= 4081
4995.87747077
K= 4082
5356.80887039
K= 4083
2027.34911737
K= 4084
8189.79310345
K= 4085
4728.17809411
K= 4086
9999.71621967
K= 4087
8184.70035529
K= 4088
8184.68774704
K= 4089
8176.33333333
K= 4090
3817.8086861
K= 4091
8168.22727273
K= 4092
5061.21791331
K= 4093
8188.0
K= 4094
4878.17956123
K= 4095
8197.06591651
K= 4096
3714.83964744
K= 4097
8593.79938417
K= 4098
5457.91744971
K= 4099
5071.8334024
K= 4100
4951.61539737
K= 4101
8184.65521577
K= 4102
5134.4351372
K= 4103
4727.55876447
K= 4104
1042.59243237
K= 4105
3715.8837523
K= 4106
5472.52873198
K= 4107
5003.47332382
K= 4108
8185.0
K= 4109
8827.0
K= 4110
5222.26552165
K= 4111
8185.8531679
K= 4112
8145.39021111
K= 4113
5090.89482105
K= 4114
5033.23456845
K= 4115
8186.25595238
K= 4116
4597.62306408
K= 4117
5319.07781244
K= 4118
8186.88571429
K= 4119
2232.76599098
K= 4120
11149.4220039
K= 4121
8171.44778094
K= 4122
4071.24263717
K= 4123
14221.8880502
K= 4124
3949.28854441
K= 4125
8179.0
K= 4126
4647.01885471
K= 4127
8184.63076923
K= 4128
8181.80645161
K= 4129
5119.15895073
K= 4130
8140.55567591
K= 4131
5590.98834724
K= 4132
20436.3686924
K= 4133
4921.47699136
K= 4134
8157.28453005
K= 4135
8188.0
K= 4136
8184.72222222
K= 4137
8185.5
K= 4138
8186.85714286
K= 4139
4941.96690793
K= 4140
5331.19604368
K= 4141
8827.0
K= 4142
4123.35692888
K= 4143
6672.6611978
K= 4144
8186.0
K= 4145
3644.18202464
K= 4146
8191.0
K= 4147
8107.98552401
K= 4148
8186.89189189
K= 4149
4027.46699647
K= 4150
8185.87118769
K= 4151
11744.6206583
K= 4152
4897.49402412
K= 4153
5298.25945678
K= 4154
4788.42177753
K= 4155
8161.30266799
K= 4156
22920.9279801
K= 4157
1304.72524892
K= 4158
4921.47699136
K= 4159
3550.63164045
K= 4160
8182.5
K= 4161
4666.09589907
K= 4162
8187.0
K= 4163
8174.33649121
K= 4164
8185.6
K= 4165
4922.58117922
K= 4166
8187.0
K= 4167
6531.98442191
K= 4168
8183.85714286
K= 4169
5916.07872916
K= 4170
6289.69874207
K= 4171
6080.63383842
K= 4172
16363.5
K= 4173
5462.49989374
K= 4174
8110.13310086
K= 4175
8275.59263335
K= 4176
9396.91154314
K= 4177
5413.3532784
K= 4178
12845.9171028
K= 4179
8174.4081364
K= 4180
8186.72972973
K= 4181
8181.72972973
K= 4182
20096.4189765
K= 4183
8155.0
K= 4184
4279.28556687
K= 4185
4689.11820192
K= 4186
8188.0
K= 4187
4927.13362914
K= 4188
8183.66666667
K= 4189
5195.73546648
K= 4190
9172.15785454
K= 4191
5764.03958638
K= 4192
7573.47195817
K= 4193
4584.78812483
K= 4194
9244.65220343
K= 4195
4123.35692888
K= 4196
9922.8347511
K= 4197
5061.21791331
K= 4198
4634.88399513
K= 4199
4882.35497961
K= 4200
3714.83964744
K= 4201
4899.90609687
K= 4202
4873.52684954
K= 4203
5061.21791331
K= 4204
4602.88978359
K= 4205
5535.03343215
K= 4206
16549.7820882
K= 4207
4853.13186066
K= 4208
8827.0
K= 4209
13762.8502433
K= 4210
8185.46806836
K= 4211
8140.66082228
K= 4212
8188.0
K= 4213
3887.46699647
K= 4214
5043.32443947
K= 4215
3979.75898383
K= 4216
5061.21791331
K= 4217
8156.86436819
K= 4218
5252.80931536
K= 4219
4354.36236259
K= 4220
9536.83145349
K= 4221
8052.38005184
K= 4222
4915.26742562
K= 4223
8176.4309141
K= 4224
4924.62453669
K= 4225
3665.71249991
K= 4226
5916.3763915
K= 4227
8182.00373132
K= 4228
8129.01851765
K= 4229
4753.95132691
K= 4230
5061.21791331
K= 4231
3381.47552534
K= 4232
3911.35510499
K= 4233
5061.21791331
K= 4234
4632.29628193
K= 4235
8175.85714286
K= 4236
5305.84536525
K= 4237
5168.66055639
K= 4238
32152.8901801
K= 4239
4801.52732409
K= 4240
6784.62828974
K= 4241
9405.38176395
K= 4242
9327.8763948
K= 4243
18775.4342374
K= 4244
4869.43836066
K= 4245
5013.14699596
K= 4246
6369.86162455
K= 4247
8186.92405063
K= 4248
4917.37936493
K= 4249
5919.4120625
K= 4250
8186.0
K= 4251
8194.23906989
K= 4252
8103.46590935
K= 4253
3870.0
K= 4254
4123.35692888
K= 4255
5061.21791331
K= 4256
8148.5943368
K= 4257
3934.83783784
K= 4258
8193.0
K= 4259
4702.29033829
K= 4260
4796.29868064
K= 4261
5326.19905542
K= 4262
3949.28854441
K= 4263
4641.21117006
K= 4264
8192.17325578
K= 4265
5061.21791331
K= 4266
4911.18613158
K= 4267
8185.89473684
K= 4268
5061.89180617
K= 4269
3978.83055405
K= 4270
8182.71428571
K= 4271
8161.60562187
K= 4272
8827.0
K= 4273
5061.21791331
K= 4274
4123.35692888
K= 4275
4775.0944931
K= 4276
5378.24204046
K= 4277
4921.40006829
K= 4278
4800.85442266
K= 4279
8188.66666667
K= 4280
8179.0
K= 4281
5126.26289644
K= 4282
17654.0
K= 4283
4695.06872769
K= 4284
8187.0
K= 4285
4854.11891325
K= 4286
5027.90122462
K= 4287
17634.2754597
K= 4288
8422.7147171
K= 4289
8524.95781723
K= 4290
3958.28854441
K= 4291
4617.37733194
K= 4292
5050.97905561
K= 4293
7423.38629043
K= 4294
6088.75841349
K= 4295
5864.27607301
K= 4296
8190.0
K= 4297
8827.0
K= 4298
3644.18202464
K= 4299
4870.50018377
K= 4300
8183.5
K= 4301
8187.0
K= 4302
4886.31251986
K= 4303
5460.44235721
K= 4304
9944.93069935
K= 4305
8163.9376503
K= 4306
5695.22230131
K= 4307
5074.26571278
K= 4308
5061.21791331
K= 4309
5364.12220922
K= 4310
8185.39926476
K= 4311
5092.51350336
K= 4312
4123.35692888
K= 4313
5691.37781515
K= 4314
9288.70870018
K= 4315
5334.69158061
K= 4316
8078.15335618
K= 4317
5094.83064898
K= 4318
5061.21791331
K= 4319
4978.06162526
K= 4320
8107.98552401
K= 4321
8170.88571429
K= 4322
4890.81005589
K= 4323
5061.15548872
K= 4324
5221.32773954
K= 4325
4665.97745511
K= 4326
5402.36485338
K= 4327
8078.79651645
K= 4328
4677.20636846
K= 4329
4857.75198855
K= 4330
18599.7675804
K= 4331
8206.65547222
K= 4332
6030.5354968
K= 4333
22723.4849685
K= 4334
5061.21791331
K= 4335
8173.71119783
K= 4336
1546.866462
K= 4337
4710.50612658
K= 4338
5018.2964561
K= 4339
3735.63536468
K= 4340
5061.21791331
K= 4341
5018.3185665
K= 4342
3885.46699647
K= 4343
6617.51547182
K= 4344
8183.27833035
K= 4345
5159.46894104
K= 4346
4607.16525687
K= 4347
8193.83783784
K= 4348
3793.14980782
K= 4349
5061.21791331
K= 4350
7374.56089022
K= 4351
4910.29301797
K= 4352
5318.72048619
K= 4353
8098.80180821
K= 4354
4132.28854441
K= 4355
3935.14980782
K= 4356
8826.0
K= 4357
5329.70795873
K= 4358
5436.31692397
K= 4359
5320.65562024
K= 4360
4422.18666052
K= 4361
4914.69256071
K= 4362
8184.82857143
K= 4363
4672.43880853
K= 4364
3853.0
K= 4365
3675.8086861
K= 4366
6014.7350991
K= 4367
9743.46502517
K= 4368
5561.02657882
K= 4369
5305.9876449
K= 4370
8186.8974359
K= 4371
8186.83783784
K= 4372
5132.74387502
K= 4373
8186.81818182
K= 4374
3906.9777674
K= 4375
7969.02335652
K= 4376
9380.13289392
K= 4377
3746.58940032
K= 4378
3901.83783784
K= 4379
3949.28854441
K= 4380
15574.9025542
K= 4381
3949.28854441
K= 4382
8184.5
K= 4383
5347.26259392
K= 4384
14251.6023529
K= 4385
5061.21791331
K= 4386
4922.80818542
K= 4387
8181.47803052
K= 4388
8185.8
K= 4389
11892.5
K= 4390
4713.05810075
K= 4391
5364.41520474
K= 4392
7445.40065788
K= 4393
4939.85637303
K= 4394
8245.70062519
K= 4395
5161.88901083
K= 4396
8827.0
K= 4397
3755.69998982
K= 4398
5061.21791331
K= 4399
8180.85454545
K= 4400
10011.8629319
K= 4401
3949.28854441
K= 4402
8185.5
K= 4403
5485.47451523
K= 4404
8827.0
K= 4405
5061.21791331
K= 4406
5319.22707379
K= 4407
8187.0
K= 4408
3857.0
K= 4409
5061.21791331
K= 4410
3949.28854441
K= 4411
8184.0
K= 4412
10250.746443
K= 4413
5333.00738403
K= 4414
8188.0
K= 4415
3989.90751998
K= 4416
3901.83783784
K= 4417
4896.75192642
K= 4418
5061.21791331
K= 4419
5829.37509656
K= 4420
8172.80237313
K= 4421
4640.78393284
K= 4422
7814.40431332
K= 4423
4827.97306235
K= 4424
4820.63559992
K= 4425
3793.14980782
K= 4426
8186.85714286
K= 4427
3952.23675994
K= 4428
5061.21791331
K= 4429
5455.49374961
K= 4430
3885.46699647
K= 4431
4927.0579534
K= 4432
5679.2661802
K= 4433
11051.7468902
K= 4434
3004.85730749
K= 4435
5767.34298764
K= 4436
5716.2556101
K= 4437
6144.64602385
K= 4438
8184.78947368
K= 4439
7815.88503462
K= 4440
13763.4989574
K= 4441
8186.33333333
K= 4442
19564.6145607
K= 4443
4658.7458998
K= 4444
5348.69892597
K= 4445
8185.91549296
K= 4446
4123.35692888
K= 4447
3793.14980782
K= 4448
8152.87258631
K= 4449
8827.0
K= 4450
5061.21791331
K= 4451
4830.78650644
K= 4452
13975.0890892
K= 4453
5534.83343215
K= 4454
8827.0
K= 4455
9352.06646561
K= 4456
5061.21791331
K= 4457
9293.63443035
K= 4458
3714.83964744
K= 4459
4651.81562269
K= 4460
3949.28854441
K= 4461
3659.44395917
K= 4462
8244.73949807
K= 4463
8148.67078171
K= 4464
5323.79106165
K= 4465
1436.76616308
K= 4466
5320.22296116
K= 4467
3783.37653631
K= 4468
5061.21791331
K= 4469
3861.84
K= 4470
3675.8086861
K= 4471
14480.4443741
K= 4472
5407.04832838
K= 4473
4914.10151036
K= 4474
5341.44809609
K= 4475
8189.51726715
K= 4476
25048.1593284
K= 4477
4123.35692888
K= 4478
8185.82329245
K= 4479
5535.03343215
K= 4480
8096.92680821
K= 4481
5061.21791331
K= 4482
1586.6044061
K= 4483
8179.74193548
K= 4484
8147.56119252
K= 4485
8179.92320675
K= 4486
3896.82183618
K= 4487
5061.21791331
K= 4488
1650.78999233
K= 4489
8187.0
K= 4490
3474.85430194
K= 4491
5341.08882574
K= 4492
8189.0
K= 4493
23433.4399556
K= 4494
5455.50874536
K= 4495
3822.71428571
K= 4496
4929.59506643
K= 4497
2111.46453348
K= 4498
16394.0
K= 4499
8180.0
K= 4500
8141.34094913
K= 4501
3032.09469923
K= 4502
5255.94470806
K= 4503
4662.47300449
K= 4504
9574.56903146
K= 4505
4989.18959276
K= 4506
14096.2305244
K= 4507
4730.84357732
K= 4508
5915.99011368
K= 4509
3735.63536468
K= 4510
4123.35692888
K= 4511
8186.0
K= 4512
6266.00543701
K= 4513
8183.48178138
K= 4514
5410.46481812
K= 4515
8185.89189189
K= 4516
5061.21791331
K= 4517
5344.86544832
K= 4518
1655.43926615
K= 4519
8096.16746606
K= 4520
8185.87951807
K= 4521
5608.7274483
K= 4522
8186.91304348
K= 4523
3793.14980782
K= 4524
8185.5
K= 4525
5025.97354649
K= 4526
4883.32233068
K= 4527
3793.14980782
K= 4528
13767.6487232
K= 4529
5144.57086503
K= 4530
5061.21791331
K= 4531
8187.0
K= 4532
5344.76430789
K= 4533
4715.13333699
K= 4534
5098.63492619
K= 4535
3953.54772958
K= 4536
8183.6500479
K= 4537
6488.13094721
K= 4538
4770.97770226
K= 4539
5061.21791331
K= 4540
12564.1243903
K= 4541
4455.02174322
K= 4542
5061.12700422
K= 4543
4648.6518023
K= 4544
4123.35692888
K= 4545
8184.54167984
K= 4546
8170.12258798
K= 4547
8188.0
K= 4548
8173.34510764
K= 4549
9173.64355983
K= 4550
5032.89921334
K= 4551
4123.35692888
K= 4552
3901.83783784
K= 4553
4200.45875869
K= 4554
10334.0556141
K= 4555
4135.53503897
K= 4556
4758.41830722
K= 4557
8827.0
K= 4558
3892.48717949
K= 4559
8185.94425487
K= 4560
4123.35692888
K= 4561
8187.0
K= 4562
5060.80124664
K= 4563
8132.31690947
K= 4564
3949.28854441
K= 4565
4870.34667106
K= 4566
8185.83783784
K= 4567
4645.7022699
K= 4568
8185.0
K= 4569
8164.71119783
K= 4570
4123.35692888
K= 4571
27941.8774713
K= 4572
7948.23422347
K= 4573
16352.7260274
K= 4574
4123.35692888
K= 4575
9233.98254701
K= 4576
8108.16221574
K= 4577
8185.19899442
K= 4578
4123.35692888
K= 4579
4824.42347872
K= 4580
12772.9916736
K= 4581
5085.24917878
K= 4582
4010.40728545
K= 4583
8173.25727139
K= 4584
9418.20651026
K= 4585
5064.31371163
K= 4586
4696.85871209
K= 4587
3076.19596593
K= 4588
8415.5055476
K= 4589
8187.0
K= 4590
2544.77352923
K= 4591
8796.3552643
K= 4592
4721.40086426
K= 4593
4758.31858905
K= 4594
9279.42468797
K= 4595
5877.0992781
K= 4596
5061.21791331
K= 4597
3752.36470588
K= 4598
8187.0
K= 4599
5429.07170039
K= 4600
8827.0
K= 4601
5375.21062122
K= 4602
3735.63536468
K= 4603
4822.97323278
K= 4604
5506.10583419
K= 4605
8185.0
K= 4606
8130.56307019
K= 4607
8168.97120002
K= 4608
5120.14153522
K= 4609
8188.0
K= 4610
5561.42241215
K= 4611
5053.00733673
K= 4612
7927.51709278
K= 4613
4123.35692888
K= 4614
5329.85865097
K= 4615
8179.47864756
K= 4616
4592.259761
K= 4617
8183.0
Betweenness Centrality Improvement
[ 5431.40774904  4841.92190141  4777.61288362 ...,  4592.259761    8183.
     0.        ]
Top 20 BC Improvement
[1988  646 2461 3235  222 3884 2229 2316 3265 3118 3124 3228 1808 1104 3938
    3 1589  979 3762 2543]
