txValue= 100
Our nodes starting connections: 
(4618, 2796)
(4618, 1223)
(4618, 235)
(4618, 1163)
(4618, 2693)
(4618, 4083)
(4618, 1352)
(4618, 3653)
(4618, 498)
(4618, 1988)
(4618, 646)
K= 0
5490.15568523
K= 1
4865.12977324
K= 2
4801.17557342
K= 3
42215.548222
K= 4
14058.5715603
K= 5
5107.682401
K= 6
7846.38599494
K= 7
5267.83100096
K= 8
9658.43238238
K= 9
9308.85894238
K= 10
8150.88571429
K= 11
4700.11252671
K= 12
7981.24594488
K= 13
5107.682401
K= 14
6187.54204202
K= 15
2180.89411802
K= 16
5107.682401
K= 17
8827.0
K= 18
4938.60493827
K= 19
4741.393423
K= 20
901.682401
K= 21
5442.52183005
K= 22
3836.68421053
K= 23
8049.92405309
K= 24
4697.81409626
K= 25
4809.12696774
K= 26
5476.49236112
K= 27
5321.59487293
K= 28
3939.35268264
K= 29
5129.04489679
K= 30
5107.47938958
K= 31
16256.7796128
K= 32
9472.63819777
K= 33
5382.54503747
K= 34
5282.0935217
K= 35
4764.31019969
K= 36
8155.0
K= 37
4924.45803873
K= 38
5954.11038361
K= 39
5160.11665507
K= 40
8153.23259428
K= 41
3753.05222541
K= 42
3680.53413123
K= 43
4861.53678767
K= 44
5511.12205082
K= 45
5063.64342841
K= 46
3994.30792509
K= 47
4972.55289357
K= 48
8138.72727273
K= 49
3868.19848958
K= 50
9292.63059128
K= 51
3839.72972973
K= 52
4924.63239671
K= 53
5308.61770659
K= 54
5417.98741695
K= 55
8143.74193548
K= 56
8129.0
K= 57
4951.16999255
K= 58
5430.35636626
K= 59
3950.44892701
K= 60
3751.87288377
K= 61
19849.3222733
K= 62
23156.4173359
K= 63
8149.5
K= 64
5561.46057265
K= 65
8146.75
K= 66
4313.62930809
K= 67
8163.29846677
K= 68
8049.29593499
K= 69
5453.28069271
K= 70
8151.85714286
K= 71
4687.75376549
K= 72
3690.15906424
K= 73
4791.73390787
K= 74
4671.20831497
K= 75
5401.82394933
K= 76
11901.1827517
K= 77
4085.65832338
K= 78
4991.71436164
K= 79
8150.91549296
K= 80
14273.1858822
K= 81
8409.9094631
K= 82
8149.2
K= 83
3596.68947395
K= 84
5341.1737872
K= 85
5125.01172623
K= 86
4844.73124965
K= 87
5371.71961243
K= 88
3816.54393069
K= 89
3771.77819662
K= 90
8151.0
K= 91
10285.6884263
K= 92
7699.05831997
K= 93
11181.5439811
K= 94
5107.682401
K= 95
6299.31992045
K= 96
8151.0
K= 97
8147.89583333
K= 98
5045.64717907
K= 99
4871.39993778
K= 100
3674.64816052
K= 101
5391.73681798
K= 102
5442.49783552
K= 103
4933.91577879
K= 104
3914.85486783
K= 105
3909.44892701
K= 106
5107.682401
K= 107
6220.15121863
K= 108
8150.0
K= 109
8141.72727273
K= 110
6189.77937248
K= 111
8827.0
K= 112
5107.682401
K= 113
5427.4689861
K= 114
5373.99884202
K= 115
5107.07634039
K= 116
8147.94882694
K= 117
4085.65832338
K= 118
8154.4414682
K= 119
5229.94367147
K= 120
1974.78378363
K= 121
5112.95512827
K= 122
8148.0
K= 123
8030.03660142
K= 124
8827.0
K= 125
8139.0780668
K= 126
4708.94863222
K= 127
1722.66377661
K= 128
5260.94464066
K= 129
24183.0681473
K= 130
5639.57190021
K= 131
10457.5142931
K= 132
5107.682401
K= 133
4776.03761105
K= 134
5107.682401
K= 135
9685.25512771
K= 136
5278.20098209
K= 137
4783.80145197
K= 138
1363.86861729
K= 139
3310.62489951
K= 140
8158.0
K= 141
8150.71666667
K= 142
4085.65832338
K= 143
4648.074375
K= 144
5107.07634039
K= 145
1535.51429822
K= 146
9285.44243524
K= 147
9355.57336635
K= 148
6833.54707359
K= 149
4051.44892701
K= 150
8147.8062954
K= 151
9923.1052811
K= 152
5472.04862046
K= 153
3836.80268903
K= 154
10221.7941224
K= 155
8827.0
K= 156
4606.73235473
K= 157
8143.91549296
K= 158
8151.0
K= 159
8115.16922279
K= 160
4808.69741067
K= 161
8152.0
K= 162
8148.78947368
K= 163
9584.682401
K= 164
8150.84210526
K= 165
4569.92003497
K= 166
5356.59265239
K= 167
1721.40328222
K= 168
3860.75371227
K= 169
8040.48711146
K= 170
8150.25595238
K= 171
5188.1282878
K= 172
5594.48527727
K= 173
4900.45892716
K= 174
5728.48374689
K= 175
4839.01647825
K= 176
3909.44892701
K= 177
3694.82531967
K= 178
8146.63829787
K= 179
8151.0
K= 180
4676.32045476
K= 181
8827.0
K= 182
5038.780433
K= 183
22968.1248559
K= 184
4753.9893419
K= 185
8148.99339364
K= 186
8151.0
K= 187
4923.34325914
K= 188
8827.0
K= 189
4851.20440165
K= 190
3847.30792509
K= 191
8119.85588133
K= 192
8150.75
K= 193
8154.66666667
K= 194
5500.60621504
K= 195
8150.88571429
K= 196
11833.6635088
K= 197
9351.15900142
K= 198
6084.84841771
K= 199
4945.52970496
K= 200
5897.0181883
K= 201
9129.0764811
K= 202
5729.48374689
K= 203
3919.4151487
K= 204
8134.91982455
K= 205
5350.22269508
K= 206
8827.0
K= 207
5207.45291563
K= 208
929.537352756
K= 209
8152.0
K= 210
5367.28069272
K= 211
4846.14948476
K= 212
7783.36285546
K= 213
5106.91426782
K= 214
5061.63632554
K= 215
3847.30792509
K= 216
5432.10806303
K= 217
4902.50051883
K= 218
3832.6
K= 219
5742.93899302
K= 220
1965.15591684
K= 221
4709.87681922
K= 222
63756.2708119
K= 223
3847.30792509
K= 224
4937.15781916
K= 225
5305.59331859
K= 226
5172.36002041
K= 227
21481.5047876
K= 228
4006.30792509
K= 229
8147.6003944
K= 230
3730.04445834
K= 231
3715.02540824
K= 232
8151.0
K= 233
8122.83756263
K= 234
9235.54039182
K= 235
4451.72198339
K= 236
4951.16999255
K= 237
7857.33002637
K= 238
3596.68947395
K= 239
2541.64450303
K= 240
8147.66666667
K= 241
4818.35817337
K= 242
4737.5692784
K= 243
5107.682401
K= 244
5107.682401
K= 245
8157.0
K= 246
8012.85956437
K= 247
8142.68421053
K= 248
3694.80268903
K= 249
3831.0
K= 250
8149.0
K= 251
4622.3416345
K= 252
8111.72554766
K= 253
5929.78989595
K= 254
4085.65832338
K= 255
8827.0
K= 256
5272.56070118
K= 257
8137.0
K= 258
9415.49480617
K= 259
5119.38647913
K= 260
9601.92114019
K= 261
8076.50328604
K= 262
8827.0
K= 263
8130.06448603
K= 264
8149.5
K= 265
5337.7277433
K= 266
5062.56967932
K= 267
5009.99170682
K= 268
5498.04472329
K= 269
5122.23535518
K= 270
5852.27300377
K= 271
3847.30792509
K= 272
5768.65880451
K= 273
8827.0
K= 274
4803.79385113
K= 275
5667.10447753
K= 276
6108.70925062
K= 277
5107.682401
K= 278
8149.96100117
K= 279
5107.682401
K= 280
3847.30792509
K= 281
5542.56621416
K= 282
5360.23238532
K= 283
3753.05222541
K= 284
8148.63076923
K= 285
3794.78926701
K= 286
4801.17557342
K= 287
1058.22756606
K= 288
3808.03910585
K= 289
5122.23313133
K= 290
5195.08066124
K= 291
5107.682401
K= 292
3909.44892701
K= 293
5425.45183898
K= 294
9885.38457421
K= 295
4702.53510691
K= 296
1857.63966042
K= 297
8215.99683802
K= 298
8151.0
K= 299
5594.32887213
K= 300
9246.0219157
K= 301
3670.54227186
K= 302
4803.53070171
K= 303
5960.95622324
K= 304
8827.0
K= 305
4707.31534789
K= 306
5537.21496309
K= 307
1111.29562655
K= 308
5107.682401
K= 309
8020.73202074
K= 310
4085.65832338
K= 311
5973.06516808
K= 312
8146.0
K= 313
7999.09291765
K= 314
5107.682401
K= 315
5972.29337321
K= 316
9899.83744868
K= 317
8827.0
K= 318
8124.90158198
K= 319
14323.1813123
K= 320
4833.43198247
K= 321
17339.7383442
K= 322
8205.6444163
K= 323
8151.0
K= 324
8149.66666667
K= 325
4085.65832338
K= 326
3848.30792509
K= 327
5009.94461354
K= 328
4757.24421178
K= 329
4607.38260189
K= 330
5012.9797028
K= 331
8146.74912608
K= 332
8827.0
K= 333
5365.506947
K= 334
6435.64342968
K= 335
5511.12205082
K= 336
6175.48676467
K= 337
3909.44892701
K= 338
5365.72647562
K= 339
14444.0043879
K= 340
5440.70928015
K= 341
9825.74294813
K= 342
8147.68421053
K= 343
4799.63836191
K= 344
4906.84320383
K= 345
5949.87286573
K= 346
3631.30740036
K= 347
4960.2956914
K= 348
3876.6
K= 349
4716.95316958
K= 350
5443.66314877
K= 351
2364.21311043
K= 352
15730.496198
K= 353
5281.79579028
K= 354
4903.636202
K= 355
4085.65832338
K= 356
8151.0
K= 357
4085.65832338
K= 358
4709.92646724
K= 359
3631.30740036
K= 360
8020.73202074
K= 361
4687.36323944
K= 362
4933.22972786
K= 363
5370.85625982
K= 364
9076.22159672
K= 365
8154.68421053
K= 366
8135.40940937
K= 367
8151.0
K= 368
8149.5
K= 369
4746.41892476
K= 370
8827.0
K= 371
10705.8109841
K= 372
5140.5085784
K= 373
8148.44668271
K= 374
8148.82857143
K= 375
8127.16318972
K= 376
7760.18033886
K= 377
4990.45034709
K= 378
5373.99884202
K= 379
5395.88822395
K= 380
4886.77064318
K= 381
5107.682401
K= 382
5434.8669856
K= 383
5384.89289097
K= 384
4751.89731404
K= 385
5107.682401
K= 386
5147.6752293
K= 387
3816.53413123
K= 388
2376.82960382
K= 389
16298.0
K= 390
4748.98077034
K= 391
8137.48622434
K= 392
8151.0
K= 393
4943.68571503
K= 394
8827.0
K= 395
5107.682401
K= 396
5274.02998415
K= 397
8150.87951807
K= 398
8135.80115919
K= 399
8146.6716298
K= 400
5622.53727494
K= 401
4803.23571855
K= 402
5107.682401
K= 403
4720.14714041
K= 404
7949.93419913
K= 405
8149.92405063
K= 406
8141.65179677
K= 407
8150.0
K= 408
2537.14581743
K= 409
8827.0
K= 410
8146.71428571
K= 411
3694.80268903
K= 412
8147.93796992
K= 413
8827.0
K= 414
5469.68746502
K= 415
5085.50041921
K= 416
7442.06826246
K= 417
8149.72768003
K= 418
5107.682401
K= 419
9014.01517548
K= 420
4975.57669798
K= 421
18975.2571408
K= 422
31779.2115286
K= 423
3670.54227186
K= 424
8168.73333885
K= 425
5107.682401
K= 426
5593.61256185
K= 427
8143.0
K= 428
8141.88571429
K= 429
4883.04680744
K= 430
5594.48527727
K= 431
8150.0
K= 432
4821.27155348
K= 433
2345.69209574
K= 434
6921.16228003
K= 435
16298.0
K= 436
8148.47402597
K= 437
5383.88996097
K= 438
5114.56207591
K= 439
5107.682401
K= 440
8162.50986708
K= 441
5107.682401
K= 442
5086.12545282
K= 443
8046.64906798
K= 444
9517.64815053
K= 445
8154.07648144
K= 446
3753.05222541
K= 447
3839.72972973
K= 448
4997.56737439
K= 449
8086.84666346
K= 450
8827.0
K= 451
8147.71428571
K= 452
9284.36429527
K= 453
4601.68895507
K= 454
3902.23068899
K= 455
3596.68947395
K= 456
8827.0
K= 457
8149.76
K= 458
5918.87819118
K= 459
5107.682401
K= 460
8150.91304348
K= 461
3847.30792509
K= 462
5569.56156629
K= 463
5436.1609346
K= 464
3596.68947395
K= 465
5186.61295243
K= 466
3685.41585497
K= 467
12634.040865
K= 468
5107.682401
K= 469
5176.70322969
K= 470
13894.9726533
K= 471
5369.02529116
K= 472
4810.97221227
K= 473
4669.8914853
K= 474
5107.85444224
K= 475
3677.54227186
K= 476
3694.80268903
K= 477
5107.682401
K= 478
5130.17616605
K= 479
8148.0
K= 480
5976.32704157
K= 481
5107.682401
K= 482
8155.0
K= 483
4916.18541547
K= 484
3028.25825143
K= 485
3753.05222541
K= 486
3909.44892701
K= 487
3582.63767165
K= 488
3841.0
K= 489
8150.75
K= 490
12626.75
K= 491
7949.93419913
K= 492
4085.65832338
K= 493
5973.50106552
K= 494
4912.8414884
K= 495
6407.95709403
K= 496
8150.81818182
K= 497
5532.34393514
K= 498
1722.79571934
K= 499
5107.682401
K= 500
15076.1368279
K= 501
4829.92581383
K= 502
4849.66461695
K= 503
4600.60131515
K= 504
5107.682401
K= 505
8151.0
K= 506
8070.67091926
K= 507
8095.35652971
K= 508
12833.0579158
K= 509
8145.87951807
K= 510
3753.05222541
K= 511
8151.0
K= 512
3676.52089151
K= 513
1227.14502941
K= 514
5682.99850396
K= 515
14172.9616656
K= 516
8151.0
K= 517
4653.48047406
K= 518
3670.54227186
K= 519
4914.95378466
K= 520
4986.65084349
K= 521
6190.37969271
K= 522
8409.9094631
K= 523
6432.53964234
K= 524
6126.14474922
K= 525
3928.35923366
K= 526
8148.33333333
K= 527
8047.56455858
K= 528
8091.79515295
K= 529
12669.70371
K= 530
5174.92739969
K= 531
8155.0
K= 532
8094.54227186
K= 533
5107.682401
K= 534
5107.682401
K= 535
5107.682401
K= 536
5647.49425104
K= 537
4952.24915043
K= 538
8148.82857143
K= 539
7794.44651347
K= 540
5731.54223714
K= 541
5998.19700112
K= 542
5317.63146588
K= 543
8150.13333333
K= 544
5344.90400951
K= 545
8141.47413793
K= 546
5434.35830586
K= 547
8163.0
K= 548
4555.55670492
K= 549
5107.682401
K= 550
4901.60386105
K= 551
3812.47402597
K= 552
8151.0
K= 553
8150.0
K= 554
7751.60392059
K= 555
5937.08441257
K= 556
8112.08754559
K= 557
5107.682401
K= 558
3679.0030467
K= 559
8148.66666667
K= 560
5615.0368221
K= 561
5967.580063
K= 562
3915.13069543
K= 563
3596.68947395
K= 564
10205.9005832
K= 565
8045.23711146
K= 566
4085.65832338
K= 567
9289.34421315
K= 568
5107.682401
K= 569
2663.39918373
K= 570
7864.59846765
K= 571
3914.4931092
K= 572
8139.0
K= 573
5107.682401
K= 574
6292.62497731
K= 575
8153.23259428
K= 576
8112.15052373
K= 577
5354.18842456
K= 578
8149.0
K= 579
5291.57890187
K= 580
9113.96464951
K= 581
4683.82819911
K= 582
5141.38513675
K= 583
1064.33185487
K= 584
5525.06519761
K= 585
7945.95188957
K= 586
5972.16773219
K= 587
8164.17120944
K= 588
7988.76701259
K= 589
4959.74633587
K= 590
5107.92429629
K= 591
7724.23647984
K= 592
16439.6307358
K= 593
8149.09333333
K= 594
16109.1985196
K= 595
5107.682401
K= 596
5436.87094459
K= 597
8133.61286694
K= 598
4781.40034235
K= 599
8019.17918285
K= 600
4871.1316298
K= 601
8002.52469901
K= 602
8134.23215524
K= 603
8130.06893263
K= 604
8430.85341807
K= 605
5415.28295989
K= 606
8205.15238763
K= 607
4085.65832338
K= 608
5181.07164244
K= 609
5144.72163611
K= 610
8151.0
K= 611
4085.65832338
K= 612
4639.29244329
K= 613
3677.53413123
K= 614
8161.94909638
K= 615
8140.88235294
K= 616
3631.30740036
K= 617
4838.4663442
K= 618
4761.24963469
K= 619
8147.66666667
K= 620
7631.68382729
K= 621
5112.86646133
K= 622
4930.80287568
K= 623
8117.46156289
K= 624
8150.6
K= 625
15933.9288707
K= 626
8072.50328604
K= 627
5190.33835317
K= 628
8344.50282444
K= 629
3631.30740036
K= 630
8202.11013879
K= 631
8205.97934328
K= 632
5594.48527727
K= 633
3676.52089151
K= 634
8148.63076923
K= 635
8147.47402597
K= 636
8233.62151147
K= 637
3251.46725391
K= 638
3811.13247675
K= 639
20012.2316399
K= 640
3816.53413123
K= 641
8150.13872356
K= 642
15003.3436877
K= 643
9089.65529432
K= 644
3909.44892701
K= 645
8148.88571429
K= 646
1370.3507678
K= 647
8158.12744231
K= 648
3596.68947395
K= 649
8216.31997328
K= 650
8149.8442915
K= 651
5045.93583377
K= 652
3580.66826132
K= 653
8111.69375305
K= 654
5060.59287623
K= 655
4085.65832338
K= 656
5107.682401
K= 657
8151.0
K= 658
5426.34707707
K= 659
8827.0
K= 660
8148.05909988
K= 661
8150.15005192
K= 662
20884.8066743
K= 663
5352.54104095
K= 664
8167.16563342
K= 665
3909.44892701
K= 666
5107.682401
K= 667
8018.73202074
K= 668
3928.35923366
K= 669
5109.70039551
K= 670
5107.682401
K= 671
1255.19037747
K= 672
8150.07142857
K= 673
4790.23294178
K= 674
36998.4302144
K= 675
1101.33453534
K= 676
8158.51702786
K= 677
8140.0
K= 678
11067.8895821
K= 679
5107.682401
K= 680
3694.80268903
K= 681
21747.6509787
K= 682
5240.67887201
K= 683
14425.1858741
K= 684
8150.75
K= 685
8054.82873536
K= 686
5041.34454757
K= 687
8117.37999437
K= 688
8148.71428571
K= 689
8422.73913235
K= 690
3854.30792509
K= 691
8149.33333333
K= 692
4737.60941441
K= 693
4085.65832338
K= 694
5333.43437913
K= 695
1271.16521994
K= 696
4821.7688974
K= 697
2025.44658736
K= 698
4085.65832338
K= 699
4946.39749843
K= 700
8150.0
K= 701
3986.30792509
K= 702
4683.1473066
K= 703
4734.14933411
K= 704
5107.682401
K= 705
5227.70578137
K= 706
8163.0
K= 707
4085.65832338
K= 708
8027.49878813
K= 709
5010.64713515
K= 710
8827.0
K= 711
5391.73088917
K= 712
8150.89189189
K= 713
5986.98083456
K= 714
8149.73333333
K= 715
8157.0
K= 716
5582.39306456
K= 717
3816.36
K= 718
5199.48850902
K= 719
5385.86594842
K= 720
9072.83019592
K= 721
8151.0
K= 722
5179.8575138
K= 723
12608.5555556
K= 724
19110.5761186
K= 725
4915.14414996
K= 726
8147.33578431
K= 727
16163.1928417
K= 728
8149.02540824
K= 729
5596.48628494
K= 730
5205.49412115
K= 731
8154.68421053
K= 732
8148.77777778
K= 733
8054.23711146
K= 734
4703.53622354
K= 735
4673.45324357
K= 736
5654.62364975
K= 737
8142.68421053
K= 738
5608.05445405
K= 739
10811.3971125
K= 740
8148.47826087
K= 741
5396.00898223
K= 742
9727.64599022
K= 743
4806.12704389
K= 744
8151.0
K= 745
5426.34707707
K= 746
5111.91380111
K= 747
5107.682401
K= 748
8149.71122962
K= 749
5107.682401
K= 750
4906.9481776
K= 751
5561.22204064
K= 752
7655.66610252
K= 753
8160.16913215
K= 754
8870.00065535
K= 755
5388.85032452
K= 756
7789.77664168
K= 757
7844.34133147
K= 758
1551.83905418
K= 759
7966.33511568
K= 760
8014.91383892
K= 761
8231.13035228
K= 762
8149.90269812
K= 763
8827.0
K= 764
8152.0
K= 765
5240.55880085
K= 766
8151.0
K= 767
5107.682401
K= 768
5990.9006424
K= 769
5507.36628378
K= 770
8149.76
K= 771
5236.58614245
K= 772
5064.5022999
K= 773
8126.84556698
K= 774
5510.75651552
K= 775
4919.58922683
K= 776
4956.96971155
K= 777
8150.91304348
K= 778
3816.64705882
K= 779
8156.75532545
K= 780
4997.41577196
K= 781
9452.56809254
K= 782
4092.44892701
K= 783
4612.84957543
K= 784
8161.80916089
K= 785
3670.54227186
K= 786
5029.84084519
K= 787
5734.78314703
K= 788
5346.70592975
K= 789
4799.73199315
K= 790
9386.35822208
K= 791
8150.0
K= 792
7540.49163612
K= 793
8150.44533292
K= 794
4819.63594293
K= 795
7842.34133147
K= 796
7873.52873612
K= 797
12638.7538099
K= 798
3895.05222541
K= 799
8184.11901865
K= 800
3854.30792509
K= 801
3847.30792509
K= 802
5107.682401
K= 803
5511.38777596
K= 804
5045.2968585
K= 805
5367.96909347
K= 806
4761.78105365
K= 807
5003.55354433
K= 808
8151.0
K= 809
5076.73792585
K= 810
8147.66666667
K= 811
8151.0
K= 812
5039.03427478
K= 813
8150.56803774
K= 814
8008.53503765
K= 815
3847.30792509
K= 816
5627.79948633
K= 817
4085.65832338
K= 818
4835.46815547
K= 819
4844.73124965
K= 820
8054.23711146
K= 821
7992.01121729
K= 822
8827.0
K= 823
5321.45795181
K= 824
8152.04317193
K= 825
4742.51166816
K= 826
8192.86103984
K= 827
8169.76390598
K= 828
9580.90658815
K= 829
8298.44398653
K= 830
2415.97170705
K= 831
8107.01611798
K= 832
5136.7798758
K= 833
5107.682401
K= 834
4904.98772411
K= 835
5107.682401
K= 836
5610.07317455
K= 837
9371.06870641
K= 838
4647.8835893
K= 839
4752.89308482
K= 840
8151.0
K= 841
5967.33384883
K= 842
3909.44892701
K= 843
6007.36779538
K= 844
4803.12578556
K= 845
5107.682401
K= 846
4805.20298837
K= 847
8139.66258235
K= 848
8112.55174723
K= 849
8150.89928058
K= 850
5303.38270918
K= 851
5973.30504143
K= 852
1263.76863536
K= 853
8226.91968799
K= 854
1423.22501518
K= 855
7428.70501534
K= 856
5443.18558457
K= 857
5382.50877414
K= 858
5011.49870072
K= 859
3814.6
K= 860
4962.45954758
K= 861
8132.00808373
K= 862
3711.24108249
K= 863
4925.33263259
K= 864
5749.91488485
K= 865
5952.74989023
K= 866
8152.0
K= 867
8151.0
K= 868
3596.68947395
K= 869
5463.75545862
K= 870
3909.44892701
K= 871
3379.43745471
K= 872
4951.16999255
K= 873
5973.50106552
K= 874
5594.48527727
K= 875
5107.682401
K= 876
6209.22850915
K= 877
8150.41329543
K= 878
3909.44892701
K= 879
8149.21428571
K= 880
1611.84468677
K= 881
6558.64078745
K= 882
4844.61930092
K= 883
5107.682401
K= 884
5107.682401
K= 885
1091.97417855
K= 886
8187.13040935
K= 887
5107.682401
K= 888
8149.89189189
K= 889
9420.38696384
K= 890
4981.12925823
K= 891
1603.43142779
K= 892
4868.56310589
K= 893
7717.33410918
K= 894
7023.14991695
K= 895
8149.66666667
K= 896
5417.3350221
K= 897
3822.0
K= 898
8146.5
K= 899
5107.682401
K= 900
9027.55868578
K= 901
5642.39364308
K= 902
3847.30792509
K= 903
4085.65832338
K= 904
5508.24531604
K= 905
2430.08304945
K= 906
6431.4509016
K= 907
4599.17115289
K= 908
5674.63318788
K= 909
8147.71428571
K= 910
4787.72714789
K= 911
8150.0
K= 912
8051.23711146
K= 913
8148.09504633
K= 914
3806.21164733
K= 915
1625.22558786
K= 916
8152.0
K= 917
3738.68947395
K= 918
5111.89255614
K= 919
8032.58829865
K= 920
5108.33606785
K= 921
8150.85714286
K= 922
8152.0
K= 923
8077.50328604
K= 924
8149.45977011
K= 925
4963.87597945
K= 926
5373.99884202
K= 927
2520.73929422
K= 928
6186.38071049
K= 929
5107.682401
K= 930
9858.26450041
K= 931
4995.64048589
K= 932
4918.00284892
K= 933
9415.92257688
K= 934
5018.84535574
K= 935
4919.47885284
K= 936
8152.0
K= 937
15619.9922259
K= 938
8152.83050847
K= 939
3733.42444085
K= 940
8149.94425487
K= 941
5107.682401
K= 942
8149.5
K= 943
8150.0
K= 944
8151.18994413
K= 945
5648.4436419
K= 946
652.682401
K= 947
18546.0947312
K= 948
3816.0
K= 949
3816.53413123
K= 950
5182.61981844
K= 951
4799.05267598
K= 952
4915.14414996
K= 953
8149.86111111
K= 954
4085.65832338
K= 955
8151.84615385
K= 956
5732.7293896
K= 957
5371.350779
K= 958
9853.52805764
K= 959
5325.03800042
K= 960
5510.45538416
K= 961
8148.47402597
K= 962
8051.23711146
K= 963
5306.30279961
K= 964
8146.75
K= 965
3895.05222541
K= 966
5107.682401
K= 967
8151.0
K= 968
5018.0423005
K= 969
5594.48527727
K= 970
4886.78346705
K= 971
1743.84211361
K= 972
3909.44892701
K= 973
5728.34088975
K= 974
3816.53413123
K= 975
4051.44892701
K= 976
5737.99312801
K= 977
4981.08592824
K= 978
8054.23711146
K= 979
41793.4062419
K= 980
3847.30792509
K= 981
3909.44892701
K= 982
5140.5085784
K= 983
8827.0
K= 984
4851.03811921
K= 985
8162.49371496
K= 986
8137.0
K= 987
8150.61904762
K= 988
8151.0
K= 989
5990.9006424
K= 990
8133.57800338
K= 991
4694.62438617
K= 992
8152.0
K= 993
4864.22319963
K= 994
5325.44661245
K= 995
13939.8949997
K= 996
6015.01251822
K= 997
5775.95017156
K= 998
5372.41027278
K= 999
8049.23711146
K= 1000
4085.65832338
K= 1001
8151.0
K= 1002
8206.71708877
K= 1003
6437.15053058
K= 1004
5396.14868003
K= 1005
5107.682401
K= 1006
23691.076723
K= 1007
2047.83147143
K= 1008
4727.99546832
K= 1009
8827.0
K= 1010
5973.50106552
K= 1011
5528.12804532
K= 1012
4092.92680591
K= 1013
4085.65832338
K= 1014
1157.76083706
K= 1015
8144.14447277
K= 1016
5402.2229559
K= 1017
21481.5047876
K= 1018
5107.682401
K= 1019
3816.53413123
K= 1020
3674.53413123
K= 1021
4085.65832338
K= 1022
8151.0
K= 1023
3908.64776544
K= 1024
5324.29043145
K= 1025
6218.46298333
K= 1026
4812.34929516
K= 1027
8145.71428571
K= 1028
2739.18682124
K= 1029
8827.0
K= 1030
1049.82260563
K= 1031
8148.980707
K= 1032
5432.56206719
K= 1033
8141.85714286
K= 1034
4744.62077111
K= 1035
8152.07912381
K= 1036
5098.9546665
K= 1037
5107.682401
K= 1038
5332.35960121
K= 1039
9071.30892411
K= 1040
9192.73619296
K= 1041
8163.0
K= 1042
4786.02534797
K= 1043
8151.55555556
K= 1044
8833.17839623
K= 1045
12219.4895926
K= 1046
4085.65832338
K= 1047
27701.2962066
K= 1048
4651.60639436
K= 1049
6145.03489
K= 1050
3631.30740036
K= 1051
4912.8635181
K= 1052
8151.0
K= 1053
5304.51141533
K= 1054
1607.86211741
K= 1055
3727.75
K= 1056
3850.30792509
K= 1057
4094.84658137
K= 1058
8174.26644321
K= 1059
5138.52045712
K= 1060
5032.47042267
K= 1061
5052.4729014
K= 1062
4996.98143984
K= 1063
7950.9675171
K= 1064
9564.56679408
K= 1065
8150.84615385
K= 1066
6820.71133101
K= 1067
8208.88617581
K= 1068
4941.23789618
K= 1069
3858.30792509
K= 1070
4841.02494125
K= 1071
8149.0
K= 1072
8016.71827567
K= 1073
5607.35199132
K= 1074
4919.01548451
K= 1075
3836.68421053
K= 1076
5317.89092648
K= 1077
5107.682401
K= 1078
5143.80000498
K= 1079
3912.79427292
K= 1080
5129.68411626
K= 1081
4950.03798178
K= 1082
5410.65266062
K= 1083
8122.51109394
K= 1084
3596.68947395
K= 1085
5398.60778145
K= 1086
8147.66666667
K= 1087
3596.68947395
K= 1088
5389.81927644
K= 1089
8150.0
K= 1090
8146.76
K= 1091
4996.52207245
K= 1092
6107.66337525
K= 1093
8827.0
K= 1094
1645.17487517
K= 1095
6473.8250086
K= 1096
8148.0
K= 1097
5107.682401
K= 1098
8151.0
K= 1099
8827.0
K= 1100
4916.00726447
K= 1101
3836.53413123
K= 1102
3846.30792509
K= 1103
3817.91549296
K= 1104
37887.8477487
K= 1105
8150.0
K= 1106
5180.92585905
K= 1107
12622.0171078
K= 1108
8827.0
K= 1109
8165.87759024
K= 1110
4723.26475512
K= 1111
8144.81818182
K= 1112
3596.68947395
K= 1113
3280.96725054
K= 1114
5107.682401
K= 1115
4735.03951866
K= 1116
8153.02582956
K= 1117
9645.0230856
K= 1118
4787.58576643
K= 1119
3816.53413123
K= 1120
8139.0
K= 1121
8174.91374047
K= 1122
5847.82262192
K= 1123
8150.77777778
K= 1124
5594.76507096
K= 1125
8151.72972973
K= 1126
4746.96938457
K= 1127
1514.26079619
K= 1128
8475.86156526
K= 1129
5107.682401
K= 1130
8151.9
K= 1131
8139.11812507
K= 1132
8093.3132145
K= 1133
5107.682401
K= 1134
3909.44892701
K= 1135
5127.78997845
K= 1136
4085.65832338
K= 1137
6114.05269005
K= 1138
7963.73067204
K= 1139
5107.682401
K= 1140
4910.19931246
K= 1141
3953.74287695
K= 1142
3631.30740036
K= 1143
8147.60526316
K= 1144
3950.15780262
K= 1145
8061.64796221
K= 1146
8218.30792509
K= 1147
4744.25105633
K= 1148
8827.0
K= 1149
8245.78541822
K= 1150
4664.350302
K= 1151
8148.69883041
K= 1152
8133.11287378
K= 1153
8827.0
K= 1154
8013.87487788
K= 1155
4972.28195131
K= 1156
8126.78783899
K= 1157
12612.6824549
K= 1158
4121.65399038
K= 1159
4085.65832338
K= 1160
8148.14285714
K= 1161
5077.07938122
K= 1162
8149.74459658
K= 1163
1992.29556289
K= 1164
3918.13036271
K= 1165
8827.0
K= 1166
18668.052384
K= 1167
4681.99488735
K= 1168
2307.69483391
K= 1169
3865.83932569
K= 1170
4762.09531145
K= 1171
5107.682401
K= 1172
8094.54227186
K= 1173
8148.76219072
K= 1174
8109.99271864
K= 1175
8144.62148492
K= 1176
8150.0
K= 1177
8827.0
K= 1178
11574.818833
K= 1179
5907.93867008
K= 1180
4794.39346412
K= 1181
3822.0
K= 1182
14072.123394
K= 1183
5967.72599684
K= 1184
5526.49361337
K= 1185
8102.90703538
K= 1186
6450.15711611
K= 1187
4705.55209962
K= 1188
5297.55577121
K= 1189
3910.44892701
K= 1190
5987.26078732
K= 1191
8052.23711146
K= 1192
8143.74193548
K= 1193
30492.75
K= 1194
3838.69230769
K= 1195
4419.68560318
K= 1196
8827.0
K= 1197
5107.72035265
K= 1198
5379.53103652
K= 1199
4652.5027563
K= 1200
8150.88571429
K= 1201
8103.92424177
K= 1202
9294.36942678
K= 1203
8150.8974359
K= 1204
4667.65188215
K= 1205
4085.65832338
K= 1206
4898.0703749
K= 1207
8139.6750334
K= 1208
5593.73527727
K= 1209
13716.8162041
K= 1210
14154.6648634
K= 1211
4894.88677802
K= 1212
4825.81349688
K= 1213
8075.50328604
K= 1214
5390.5930916
K= 1215
5584.29782242
K= 1216
5589.55838603
K= 1217
11191.3910703
K= 1218
5403.19830773
K= 1219
1619.6791406
K= 1220
4913.88433711
K= 1221
8050.23711146
K= 1222
4951.16999255
K= 1223
10376.8386903
K= 1224
5106.46902452
K= 1225
5016.81250075
K= 1226
8149.40645161
K= 1227
8154.68421053
K= 1228
23589.4518665
K= 1229
8143.517145
K= 1230
5107.682401
K= 1231
14174.2895118
K= 1232
5674.99927475
K= 1233
5352.52277156
K= 1234
8150.0
K= 1235
7070.69605876
K= 1236
9851.0950183
K= 1237
8145.71428571
K= 1238
8137.15650736
K= 1239
5075.86270732
K= 1240
8051.30043213
K= 1241
2309.61032025
K= 1242
8163.0
K= 1243
11833.6635088
K= 1244
8148.82608696
K= 1245
5107.682401
K= 1246
2234.96078517
K= 1247
2224.57826592
K= 1248
5821.34013019
K= 1249
5206.40680251
K= 1250
4786.57806353
K= 1251
5749.89867928
K= 1252
5493.67506538
K= 1253
8147.90825688
K= 1254
8152.0
K= 1255
8149.0
K= 1256
3831.23259428
K= 1257
4734.57410329
K= 1258
3596.68947395
K= 1259
8827.0
K= 1260
5738.76893749
K= 1261
7272.72870073
K= 1262
8157.94637311
K= 1263
5373.99884202
K= 1264
8149.6
K= 1265
5107.682401
K= 1266
5973.50106552
K= 1267
1315.7706626
K= 1268
1822.54595981
K= 1269
5107.682401
K= 1270
8149.36470588
K= 1271
9310.72945289
K= 1272
5775.9323532
K= 1273
6493.42342522
K= 1274
5107.682401
K= 1275
9197.04960585
K= 1276
8148.0
K= 1277
8151.08278895
K= 1278
14034.9757889
K= 1279
6003.20534546
K= 1280
4787.8613573
K= 1281
6210.9157436
K= 1282
4085.65832338
K= 1283
8053.33711146
K= 1284
5107.682401
K= 1285
4935.46889825
K= 1286
5722.94642366
K= 1287
5107.682401
K= 1288
3670.54227186
K= 1289
4682.99482834
K= 1290
5107.682401
K= 1291
3878.05413654
K= 1292
3731.12591584
K= 1293
8157.0
K= 1294
5373.35186403
K= 1295
8058.08670344
K= 1296
8149.5
K= 1297
8152.0
K= 1298
4051.44892701
K= 1299
4551.09681714
K= 1300
4634.53463102
K= 1301
8157.69436481
K= 1302
3729.53413123
K= 1303
8151.0
K= 1304
4705.38158996
K= 1305
4860.21065936
K= 1306
4742.58211645
K= 1307
3886.80268903
K= 1308
5754.79350964
K= 1309
4395.97549975
K= 1310
5463.14862101
K= 1311
4671.52151717
K= 1312
5881.62688567
K= 1313
1359.30804234
K= 1314
8150.89189189
K= 1315
8214.84064207
K= 1316
8146.57705839
K= 1317
5618.52787561
K= 1318
4962.62479232
K= 1319
8149.5
K= 1320
8144.87689708
K= 1321
8152.45454545
K= 1322
8148.33333333
K= 1323
6220.15121863
K= 1324
8141.72727273
K= 1325
4725.26897321
K= 1326
4761.19641731
K= 1327
9691.24850288
K= 1328
8146.0
K= 1329
8149.66666667
K= 1330
4700.37822725
K= 1331
8145.88571429
K= 1332
8154.68421053
K= 1333
5355.63386508
K= 1334
8094.54227186
K= 1335
4237.57978718
K= 1336
5111.89255614
K= 1337
5736.36480199
K= 1338
4722.74586379
K= 1339
6702.59353988
K= 1340
5107.682401
K= 1341
8143.71428571
K= 1342
5609.565975
K= 1343
6633.39499156
K= 1344
8149.47755102
K= 1345
8827.0
K= 1346
5112.85498848
K= 1347
3676.52089151
K= 1348
5107.682401
K= 1349
4938.74589382
K= 1350
4972.98404009
K= 1351
4824.0566691
K= 1352
3093.63455531
K= 1353
7953.39435426
K= 1354
5390.10547255
K= 1355
5520.0670678
K= 1356
5988.70882654
K= 1357
1311.38185186
K= 1358
4668.30648518
K= 1359
4386.36240628
K= 1360
8148.23623011
K= 1361
5107.682401
K= 1362
12780.972999
K= 1363
2798.7906951
K= 1364
4923.7716066
K= 1365
3951.5
K= 1366
5107.682401
K= 1367
13983.9122402
K= 1368
3694.80268903
K= 1369
8147.0
K= 1370
10107.2905871
K= 1371
4919.47310342
K= 1372
8208.80511799
K= 1373
5994.5292382
K= 1374
8827.0
K= 1375
6329.55943295
K= 1376
5383.09257969
K= 1377
4827.97507358
K= 1378
9943.18226948
K= 1379
4781.65264392
K= 1380
5390.67755564
K= 1381
9271.34989578
K= 1382
5378.10380472
K= 1383
9336.75707068
K= 1384
3685.53413123
K= 1385
8148.77777778
K= 1386
8094.54227186
K= 1387
8152.0
K= 1388
8187.88089701
K= 1389
3909.44892701
K= 1390
8144.86571822
K= 1391
8150.91780822
K= 1392
8132.73289361
K= 1393
8827.0
K= 1394
9782.75636856
K= 1395
1336.2230846
K= 1396
3941.16322495
K= 1397
5107.682401
K= 1398
5968.29475952
K= 1399
4085.65832338
K= 1400
8116.88404254
K= 1401
7981.05125099
K= 1402
5107.682401
K= 1403
3849.30792509
K= 1404
8142.85177818
K= 1405
5039.68230006
K= 1406
5026.95700355
K= 1407
5205.4584381
K= 1408
8151.0
K= 1409
3656.93434851
K= 1410
4085.65832338
K= 1411
8143.3623504
K= 1412
6564.30029943
K= 1413
3857.30792509
K= 1414
5747.69427601
K= 1415
3786.93419913
K= 1416
5599.4496187
K= 1417
4711.57653435
K= 1418
8148.78947368
K= 1419
5100.88442071
K= 1420
1513.76983502
K= 1421
8143.74193548
K= 1422
5477.25329297
K= 1423
8085.69770291
K= 1424
5107.682401
K= 1425
4913.11737784
K= 1426
8132.39531474
K= 1427
12587.488095
K= 1428
8131.1106396
K= 1429
4350.39876752
K= 1430
9352.36024559
K= 1431
5107.682401
K= 1432
1134.01708042
K= 1433
5125.15018454
K= 1434
5107.682401
K= 1435
6820.71133101
K= 1436
8149.75609756
K= 1437
3693.0
K= 1438
5107.682401
K= 1439
8140.48622434
K= 1440
13912.604958
K= 1441
8151.0
K= 1442
5135.07615969
K= 1443
3895.05222541
K= 1444
8145.25501957
K= 1445
3596.68947395
K= 1446
3742.83931705
K= 1447
3895.05222541
K= 1448
3688.5
K= 1449
8107.19958672
K= 1450
359.131979682
K= 1451
6425.05272728
K= 1452
3821.45454545
K= 1453
4658.16862479
K= 1454
4909.19833015
K= 1455
27906.7254247
K= 1456
5166.91262254
K= 1457
4917.19175437
K= 1458
8151.57393484
K= 1459
5094.79362565
K= 1460
8137.85177818
K= 1461
5107.682401
K= 1462
4725.96752898
K= 1463
3816.0
K= 1464
5107.682401
K= 1465
8157.94637311
K= 1466
8201.09167071
K= 1467
5107.682401
K= 1468
5949.93536573
K= 1469
4881.60066182
K= 1470
5107.682401
K= 1471
7844.34133147
K= 1472
8148.0
K= 1473
5588.16343654
K= 1474
8152.0
K= 1475
5056.20696182
K= 1476
4746.70927942
K= 1477
1585.44090645
K= 1478
4085.65832338
K= 1479
8148.29489287
K= 1480
4657.67392834
K= 1481
7246.91540177
K= 1482
8149.71428571
K= 1483
5473.8204633
K= 1484
5768.65880451
K= 1485
5973.50106552
K= 1486
3847.30792509
K= 1487
8143.33913655
K= 1488
9202.35827158
K= 1489
4812.13709382
K= 1490
14308.7523673
K= 1491
4931.94264961
K= 1492
5647.3320166
K= 1493
4777.53099723
K= 1494
3873.12591584
K= 1495
8129.12379944
K= 1496
8150.88405797
K= 1497
4085.65832338
K= 1498
4874.93289045
K= 1499
14001.4719173
K= 1500
5107.59197702
K= 1501
4922.23328195
K= 1502
8190.63867278
K= 1503
8148.7
K= 1504
5003.05473705
K= 1505
5107.74213849
K= 1506
8150.71428571
K= 1507
4923.87087709
K= 1508
17654.0
K= 1509
4085.65832338
K= 1510
4085.65832338
K= 1511
3815.81818182
K= 1512
4099.29579818
K= 1513
4690.19211546
K= 1514
5123.23885858
K= 1515
4069.44892701
K= 1516
11908.4383056
K= 1517
7205.25108184
K= 1518
8129.31417545
K= 1519
8140.84280242
K= 1520
4000.18864035
K= 1521
4085.65832338
K= 1522
13896.3206114
K= 1523
27852.5547496
K= 1524
4758.90299724
K= 1525
5107.682401
K= 1526
6002.38705332
K= 1527
9749.83201218
K= 1528
5004.08195311
K= 1529
5113.69436646
K= 1530
9296.33199692
K= 1531
5509.22183088
K= 1532
8151.0
K= 1533
8143.74193548
K= 1534
6358.89123978
K= 1535
4661.53262132
K= 1536
8126.84556698
K= 1537
4630.35574684
K= 1538
3751.91370517
K= 1539
5138.99771683
K= 1540
4793.89873466
K= 1541
6108.2088298
K= 1542
3631.30740036
K= 1543
5385.39931773
K= 1544
5219.22978124
K= 1545
7955.38692808
K= 1546
4716.06910012
K= 1547
8827.0
K= 1548
5108.63465763
K= 1549
3909.44892701
K= 1550
8141.85177818
K= 1551
8149.43333333
K= 1552
2263.89689826
K= 1553
12616.5759933
K= 1554
3909.44892701
K= 1555
4399.15409784
K= 1556
4793.01221482
K= 1557
18271.4710056
K= 1558
4733.5792241
K= 1559
8149.5
K= 1560
4951.16999255
K= 1561
4085.65832338
K= 1562
7816.87396307
K= 1563
6101.49982462
K= 1564
8191.42747538
K= 1565
8147.47619048
K= 1566
1334.37761557
K= 1567
2744.10577834
K= 1568
7148.30952035
K= 1569
9983.24224044
K= 1570
4784.18975561
K= 1571
5107.682401
K= 1572
5515.89951872
K= 1573
9299.0042822
K= 1574
4923.87137788
K= 1575
8151.0
K= 1576
4818.13670324
K= 1577
8827.0
K= 1578
4773.4190867
K= 1579
8146.6
K= 1580
5106.84113116
K= 1581
8151.0
K= 1582
3718.72182993
K= 1583
4085.65832338
K= 1584
4085.65832338
K= 1585
7703.24630039
K= 1586
5009.1734306
K= 1587
4726.02747633
K= 1588
4931.40242115
K= 1589
43740.6943648
K= 1590
9931.87435972
K= 1591
8148.71428571
K= 1592
3813.47402597
K= 1593
8151.72972973
K= 1594
5170.86006655
K= 1595
8151.6
K= 1596
8827.0
K= 1597
8152.0
K= 1598
4689.03418924
K= 1599
17654.0
K= 1600
4085.65832338
K= 1601
5374.21423308
K= 1602
8827.0
K= 1603
5369.75080832
K= 1604
4916.52384935
K= 1605
3833.31903612
K= 1606
16298.0
K= 1607
7766.48470862
K= 1608
4690.32783141
K= 1609
4085.65832338
K= 1610
4723.3754063
K= 1611
5107.682401
K= 1612
4915.14414996
K= 1613
4799.49307603
K= 1614
8151.0
K= 1615
5622.41590735
K= 1616
5523.88603741
K= 1617
3694.80268903
K= 1618
5016.4798224
K= 1619
9105.09084145
K= 1620
5432.87804017
K= 1621
4839.93472687
K= 1622
13706.844506
K= 1623
8151.0
K= 1624
4370.52968365
K= 1625
8144.63511625
K= 1626
6006.2265403
K= 1627
16294.0
K= 1628
14999.5755158
K= 1629
5104.75698693
K= 1630
8137.85011429
K= 1631
4330.35519805
K= 1632
8148.75
K= 1633
8148.42857143
K= 1634
8147.80645161
K= 1635
4788.63111636
K= 1636
4952.62387489
K= 1637
8077.38659347
K= 1638
8149.0
K= 1639
3694.80268903
K= 1640
10644.9779228
K= 1641
3889.30792509
K= 1642
5591.56773341
K= 1643
5325.09043145
K= 1644
4892.57575809
K= 1645
8094.54227186
K= 1646
4085.65832338
K= 1647
3909.44892701
K= 1648
5954.73970183
K= 1649
5208.22662784
K= 1650
3753.05222541
K= 1651
5207.21559443
K= 1652
3674.53413123
K= 1653
3844.84
K= 1654
5408.99895917
K= 1655
8107.9998562
K= 1656
5375.96406878
K= 1657
12630.0
K= 1658
5204.43127891
K= 1659
4890.94973116
K= 1660
4873.1671663
K= 1661
3909.44892701
K= 1662
8152.0
K= 1663
3842.49142248
K= 1664
8150.60634921
K= 1665
4710.26373376
K= 1666
8172.83908634
K= 1667
5107.682401
K= 1668
5107.682401
K= 1669
5511.12205082
K= 1670
9594.77801055
K= 1671
3737.0
K= 1672
8151.0
K= 1673
4709.96632669
K= 1674
5517.32909663
K= 1675
6103.51155266
K= 1676
23051.7930425
K= 1677
14196.7071388
K= 1678
10177.2289566
K= 1679
8150.92405063
K= 1680
5429.54138936
K= 1681
4745.19504758
K= 1682
3649.4200792
K= 1683
8150.13333333
K= 1684
8149.75609756
K= 1685
4937.6658861
K= 1686
4085.65832338
K= 1687
5108.10494829
K= 1688
4814.24737474
K= 1689
4828.5276422
K= 1690
9504.52775771
K= 1691
4951.29368566
K= 1692
15725.2708016
K= 1693
4684.77720826
K= 1694
8827.0
K= 1695
8150.91780822
K= 1696
8163.58422769
K= 1697
8210.37269392
K= 1698
8149.87951807
K= 1699
4885.2250104
K= 1700
7347.06826246
K= 1701
3860.53413123
K= 1702
8148.5
K= 1703
4821.7688974
K= 1704
5107.63608065
K= 1705
5973.50106552
K= 1706
8150.63732289
K= 1707
5271.32031755
K= 1708
4952.03473715
K= 1709
5107.682401
K= 1710
4894.52807032
K= 1711
7804.65759508
K= 1712
8228.25285967
K= 1713
5365.75586627
K= 1714
5107.682401
K= 1715
3909.44892701
K= 1716
8168.30585978
K= 1717
4912.56652952
K= 1718
5437.46527066
K= 1719
1746.20173164
K= 1720
4917.85959524
K= 1721
8150.6
K= 1722
9699.59436095
K= 1723
8155.0
K= 1724
4665.7426716
K= 1725
5107.50728579
K= 1726
8171.24560662
K= 1727
8826.0
K= 1728
5107.682401
K= 1729
3778.87054484
K= 1730
8151.36
K= 1731
3674.53413123
K= 1732
8144.89189189
K= 1733
4751.21744117
K= 1734
4812.08163722
K= 1735
3670.54227186
K= 1736
3847.30792509
K= 1737
4844.80315595
K= 1738
8148.15484976
K= 1739
10333.9452251
K= 1740
4947.36711873
K= 1741
3919.99702324
K= 1742
3848.30792509
K= 1743
8143.5
K= 1744
4811.68277451
K= 1745
5536.31224709
K= 1746
8138.0
K= 1747
8152.23259428
K= 1748
4690.58111768
K= 1749
10660.7540737
K= 1750
5486.71304344
K= 1751
5049.14749972
K= 1752
8116.95285095
K= 1753
4019.30792509
K= 1754
8149.55128205
K= 1755
5045.92303866
K= 1756
5662.87062006
K= 1757
8154.45486935
K= 1758
8155.2386847
K= 1759
3822.66666667
K= 1760
8802.53160997
K= 1761
5101.34648675
K= 1762
4817.32506001
K= 1763
8142.68421053
K= 1764
5042.27213043
K= 1765
8149.78929376
K= 1766
8098.73191336
K= 1767
4085.65832338
K= 1768
5031.05063969
K= 1769
4768.49658831
K= 1770
7965.84825954
K= 1771
3091.22021612
K= 1772
3815.44615385
K= 1773
8152.0
K= 1774
5107.682401
K= 1775
8827.0
K= 1776
14923.5769639
K= 1777
6835.22282978
K= 1778
2428.86125572
K= 1779
5107.39591375
K= 1780
3717.53413123
K= 1781
8149.77777778
K= 1782
9998.45041601
K= 1783
4639.52218824
K= 1784
5610.96130404
K= 1785
8153.1818021
K= 1786
1944.07169015
K= 1787
8092.29770028
K= 1788
4785.13358376
K= 1789
4085.65832338
K= 1790
7948.19804415
K= 1791
5121.85097732
K= 1792
8141.35301137
K= 1793
5321.98141709
K= 1794
5066.89578148
K= 1795
5972.67789189
K= 1796
1043.91873102
K= 1797
9312.44675734
K= 1798
6329.42305163
K= 1799
9636.64151018
K= 1800
5040.94859732
K= 1801
5971.8820179
K= 1802
3753.05222541
K= 1803
9867.69471399
K= 1804
5014.40051313
K= 1805
3524.22353053
K= 1806
5107.682401
K= 1807
5107.682401
K= 1808
52079.0800398
K= 1809
4923.22905029
K= 1810
5107.53954386
K= 1811
1887.38050451
K= 1812
8149.5
K= 1813
4676.69326249
K= 1814
4998.12631685
K= 1815
4787.20359888
K= 1816
4074.79940842
K= 1817
3684.99560407
K= 1818
5055.43384866
K= 1819
8148.0
K= 1820
17237.6916651
K= 1821
4805.75310392
K= 1822
5107.682401
K= 1823
3909.44892701
K= 1824
3712.38555874
K= 1825
8152.0
K= 1826
16352.4097613
K= 1827
9421.67593565
K= 1828
8151.0
K= 1829
5441.73088863
K= 1830
5973.50106552
K= 1831
6683.51702365
K= 1832
5115.49194878
K= 1833
3670.54227186
K= 1834
8149.0
K= 1835
5183.62121784
K= 1836
8149.5
K= 1837
8151.0
K= 1838
6214.46867895
K= 1839
4748.68565241
K= 1840
4798.99094457
K= 1841
5670.13611822
K= 1842
6220.15121863
K= 1843
5143.34762933
K= 1844
7896.32535151
K= 1845
5118.96451815
K= 1846
5107.682401
K= 1847
8150.91358655
K= 1848
5603.13710584
K= 1849
5151.45876767
K= 1850
4829.5116444
K= 1851
4085.65832338
K= 1852
4862.73930626
K= 1853
3847.30792509
K= 1854
7942.93419913
K= 1855
1415.59569303
K= 1856
5418.8778453
K= 1857
5120.00661743
K= 1858
5171.38404752
K= 1859
3694.80268903
K= 1860
4085.65832338
K= 1861
8145.72727273
K= 1862
8151.0
K= 1863
8157.0
K= 1864
9482.81868136
K= 1865
8152.0
K= 1866
13936.2220152
K= 1867
8148.63033395
K= 1868
4085.65832338
K= 1869
1748.5968695
K= 1870
7795.65859961
K= 1871
5060.01631953
K= 1872
4749.75283393
K= 1873
4085.65832338
K= 1874
4747.09445015
K= 1875
3911.64643931
K= 1876
8150.0
K= 1877
5043.33034537
K= 1878
4806.33802152
K= 1879
4783.33716178
K= 1880
1483.82234151
K= 1881
8150.91358655
K= 1882
5147.63900291
K= 1883
5156.32672888
K= 1884
7651.30645229
K= 1885
5126.33453031
K= 1886
9497.21196502
K= 1887
4810.90234766
K= 1888
5365.72647562
K= 1889
8145.91304348
K= 1890
8827.0
K= 1891
5922.00698806
K= 1892
4937.77416199
K= 1893
8152.0
K= 1894
3997.30792509
K= 1895
3846.30792509
K= 1896
8147.5
K= 1897
3727.78014648
K= 1898
8149.5
K= 1899
6485.47559286
K= 1900
2815.01675591
K= 1901
3817.5
K= 1902
9468.38116329
K= 1903
8149.36470588
K= 1904
1559.10332867
K= 1905
4708.60965162
K= 1906
5107.682401
K= 1907
5080.01750682
K= 1908
5021.71835356
K= 1909
10024.587682
K= 1910
5022.50291602
K= 1911
5357.20842133
K= 1912
4743.82594727
K= 1913
5111.51498926
K= 1914
8154.91167278
K= 1915
8140.55859381
K= 1916
8113.29516333
K= 1917
5157.84114932
K= 1918
4713.88011158
K= 1919
8151.05309053
K= 1920
3824.85714286
K= 1921
8142.68421053
K= 1922
8111.72554766
K= 1923
7587.61585017
K= 1924
4829.82619675
K= 1925
1540.78088746
K= 1926
8206.40642535
K= 1927
8148.0
K= 1928
3593.66540766
K= 1929
5188.72991852
K= 1930
37763.3588829
K= 1931
5509.58933029
K= 1932
6017.36993041
K= 1933
3596.68947395
K= 1934
8143.86956522
K= 1935
5967.91119439
K= 1936
5650.66913856
K= 1937
4788.14716637
K= 1938
4817.0308268
K= 1939
5048.91213236
K= 1940
8131.0
K= 1941
6181.02712028
K= 1942
3746.94760891
K= 1943
1328.74826516
K= 1944
8151.0
K= 1945
8150.75
K= 1946
5198.80755594
K= 1947
5080.54859377
K= 1948
6121.42884013
K= 1949
5507.03735967
K= 1950
8150.0
K= 1951
3909.44892701
K= 1952
4085.65832338
K= 1953
8149.77777778
K= 1954
960.222026809
K= 1955
7622.15573043
K= 1956
8144.91549296
K= 1957
4732.81782425
K= 1958
9375.45222967
K= 1959
8151.0
K= 1960
1636.48082367
K= 1961
5040.96579399
K= 1962
4931.77344893
K= 1963
4923.6517159
K= 1964
8149.42444085
K= 1965
4959.40617542
K= 1966
4085.65832338
K= 1967
5708.39291403
K= 1968
3852.7959548
K= 1969
6784.15936889
K= 1970
8049.29961146
K= 1971
18517.0928709
K= 1972
3670.54227186
K= 1973
8053.23711146
K= 1974
8150.87586207
K= 1975
8150.9
K= 1976
5522.18063932
K= 1977
8056.02089741
K= 1978
3694.80268903
K= 1979
9173.98560323
K= 1980
8118.69338799
K= 1981
5456.2366202
K= 1982
5107.682401
K= 1983
7440.22044629
K= 1984
5959.86212905
K= 1985
4900.45892716
K= 1986
3999.93254223
K= 1987
1356.13309153
K= 1988
2742.66389088
K= 1989
8151.0
K= 1990
5756.73757082
K= 1991
8200.6444163
K= 1992
8096.63531809
K= 1993
4832.77279011
K= 1994
8149.5
K= 1995
8053.23711146
K= 1996
3596.68947395
K= 1997
4907.6539392
K= 1998
5036.30803682
K= 1999
5107.682401
K= 2000
4819.92392867
K= 2001
8150.60634921
K= 2002
8147.80645161
K= 2003
4085.65832338
K= 2004
8149.0
K= 2005
5414.66559809
K= 2006
15495.1302097
K= 2007
3845.3304996
K= 2008
8156.93017956
K= 2009
7778.13437347
K= 2010
4826.86417595
K= 2011
7672.32877551
K= 2012
4933.91656557
K= 2013
4828.33781087
K= 2014
5081.91266525
K= 2015
3909.44892701
K= 2016
7846.2900493
K= 2017
5355.03616927
K= 2018
5020.149556
K= 2019
5018.54417763
K= 2020
5402.2229559
K= 2021
5081.3027758
K= 2022
4033.30792509
K= 2023
4941.25724711
K= 2024
5900.07124785
K= 2025
3939.49427331
K= 2026
8245.78541822
K= 2027
8136.09433775
K= 2028
5365.72647562
K= 2029
8148.33333333
K= 2030
9479.12623139
K= 2031
4805.74023949
K= 2032
32834.1154486
K= 2033
5063.44394969
K= 2034
12833.0579158
K= 2035
8148.53846154
K= 2036
18888.4961777
K= 2037
8167.62144194
K= 2038
8149.66264032
K= 2039
8150.9
K= 2040
6264.37628982
K= 2041
4085.65832338
K= 2042
10724.6600663
K= 2043
1600.71052776
K= 2044
5649.62246097
K= 2045
3967.82035909
K= 2046
4086.65832338
K= 2047
9628.77235674
K= 2048
8155.42444085
K= 2049
9974.47863294
K= 2050
5107.682401
K= 2051
3895.05222541
K= 2052
5107.07634039
K= 2053
5107.682401
K= 2054
5107.682401
K= 2055
8151.0
K= 2056
8150.0
K= 2057
8143.74193548
K= 2058
9248.50982401
K= 2059
1375.69311123
K= 2060
8147.80645161
K= 2061
16240.0616547
K= 2062
4866.58417095
K= 2063
5201.7299712
K= 2064
8094.54227186
K= 2065
8150.99227137
K= 2066
5087.31169208
K= 2067
5748.33441446
K= 2068
8143.48863783
K= 2069
3958.93254223
K= 2070
7845.24361154
K= 2071
5365.72647562
K= 2072
4678.32554714
K= 2073
757.19972619
K= 2074
5107.682401
K= 2075
8148.78947368
K= 2076
5107.682401
K= 2077
8084.97921046
K= 2078
5478.54588843
K= 2079
8827.0
K= 2080
8154.98696813
K= 2081
4994.69605622
K= 2082
8147.66666667
K= 2083
4887.61322729
K= 2084
5594.48527727
K= 2085
4915.01914996
K= 2086
8149.5
K= 2087
38350.1714405
K= 2088
8150.84615385
K= 2089
18951.0393484
K= 2090
5014.84739507
K= 2091
8149.33333333
K= 2092
12832.4404442
K= 2093
8147.37701794
K= 2094
8104.93759813
K= 2095
9686.01719269
K= 2096
8140.92405063
K= 2097
9284.2147378
K= 2098
6107.94483907
K= 2099
3670.54227186
K= 2100
8827.0
K= 2101
8146.91549296
K= 2102
8150.91304348
K= 2103
12622.5887871
K= 2104
8045.17924241
K= 2105
8163.0
K= 2106
8150.24705882
K= 2107
8151.0
K= 2108
1560.73294601
K= 2109
5067.75753289
K= 2110
1679.85896987
K= 2111
4858.85395976
K= 2112
8827.0
K= 2113
5080.98458771
K= 2114
4800.46330858
K= 2115
8149.09333333
K= 2116
5353.57798159
K= 2117
8827.0
K= 2118
4815.4494628
K= 2119
9958.39231029
K= 2120
8151.0
K= 2121
8155.42444085
K= 2122
5362.90513746
K= 2123
8150.45454545
K= 2124
2232.65285345
K= 2125
1461.40187821
K= 2126
8827.0
K= 2127
8055.2529428
K= 2128
8151.51726715
K= 2129
6926.09782978
K= 2130
5107.682401
K= 2131
5302.66733039
K= 2132
8140.71428571
K= 2133
4720.12941881
K= 2134
4915.59448517
K= 2135
6220.15121863
K= 2136
4085.65832338
K= 2137
5512.88151552
K= 2138
6550.18959483
K= 2139
4085.65832338
K= 2140
4835.31514272
K= 2141
18796.7893907
K= 2142
4085.65832338
K= 2143
4898.50050109
K= 2144
5107.682401
K= 2145
4456.37217584
K= 2146
8140.66666667
K= 2147
5657.07724597
K= 2148
8213.21238964
K= 2149
4892.95744549
K= 2150
8151.0
K= 2151
8147.57575758
K= 2152
3847.30792509
K= 2153
3847.30792509
K= 2154
8032.53645749
K= 2155
4085.65832338
K= 2156
5107.682401
K= 2157
5107.682401
K= 2158
8142.68421053
K= 2159
16000.6952901
K= 2160
3839.72972973
K= 2161
23504.932979
K= 2162
5148.90363651
K= 2163
6712.97123811
K= 2164
5948.74790352
K= 2165
8148.6
K= 2166
5363.49164298
K= 2167
8135.09433775
K= 2168
6895.90332464
K= 2169
8150.38344529
K= 2170
4758.19973577
K= 2171
8042.44403907
K= 2172
9270.48143515
K= 2173
4519.31248138
K= 2174
8148.0
K= 2175
5107.682401
K= 2176
4951.28352215
K= 2177
5381.09602519
K= 2178
8151.0
K= 2179
4915.14414996
K= 2180
9453.66030208
K= 2181
7949.93419913
K= 2182
5538.26008665
K= 2183
4855.49427474
K= 2184
5107.682401
K= 2185
8827.0
K= 2186
8151.0
K= 2187
5150.81723885
K= 2188
8253.35134245
K= 2189
8101.11280478
K= 2190
8857.53758099
K= 2191
1638.08795481
K= 2192
5229.87834661
K= 2193
19981.4262644
K= 2194
5218.33936012
K= 2195
8157.69436481
K= 2196
8150.79183673
K= 2197
5411.37475507
K= 2198
5351.85557057
K= 2199
6000.54778718
K= 2200
8151.4026274
K= 2201
11648.324657
K= 2202
8827.0
K= 2203
9551.64000282
K= 2204
339.795232937
K= 2205
4701.74878502
K= 2206
3977.30792509
K= 2207
3670.54227186
K= 2208
4951.16999255
K= 2209
8146.76
K= 2210
8131.60541499
K= 2211
8149.5
K= 2212
1232.9222763
K= 2213
4085.65832338
K= 2214
8120.41213427
K= 2215
11824.4594595
K= 2216
8169.76390598
K= 2217
5078.75792258
K= 2218
4925.32811158
K= 2219
4085.65832338
K= 2220
8827.0
K= 2221
5107.682401
K= 2222
8161.02790165
K= 2223
6107.47198769
K= 2224
22360.472475
K= 2225
8154.0
K= 2226
5107.682401
K= 2227
4085.65832338
K= 2228
18270.2498568
K= 2229
52962.0
K= 2230
8145.0
K= 2231
10594.5408251
K= 2232
5051.28748404
K= 2233
3735.80268903
K= 2234
8143.0
K= 2235
8151.0
K= 2236
8827.0
K= 2237
4646.24546199
K= 2238
5727.46355058
K= 2239
5346.1981038
K= 2240
5107.79855084
K= 2241
8145.0
K= 2242
4938.68482371
K= 2243
8138.39531474
K= 2244
3596.68947395
K= 2245
4782.37003267
K= 2246
4896.93407987
K= 2247
5084.66778599
K= 2248
5472.96868152
K= 2249
5435.14301983
K= 2250
8059.55731778
K= 2251
1349.04480843
K= 2252
8150.8974359
K= 2253
1968.06999764
K= 2254
4848.44567093
K= 2255
14131.2708945
K= 2256
8257.32286839
K= 2257
8151.8974359
K= 2258
8151.0
K= 2259
5107.682401
K= 2260
8827.0
K= 2261
4924.52536843
K= 2262
8152.0
K= 2263
5107.682401
K= 2264
5389.81927644
K= 2265
4835.18491228
K= 2266
1630.54015136
K= 2267
3790.19646395
K= 2268
4766.01356795
K= 2269
5023.4048221
K= 2270
5207.47273729
K= 2271
3699.80308817
K= 2272
8134.18223734
K= 2273
3915.16845765
K= 2274
6101.0007829
K= 2275
12734.413206
K= 2276
4718.51870406
K= 2277
8116.08754559
K= 2278
8134.34561013
K= 2279
5107.682401
K= 2280
3716.02540824
K= 2281
8157.0
K= 2282
9155.61919432
K= 2283
5127.80041759
K= 2284
5103.6580961
K= 2285
4990.59320423
K= 2286
4746.34287129
K= 2287
8129.61066757
K= 2288
5125.78479263
K= 2289
8155.35557661
K= 2290
8151.0
K= 2291
350.847794034
K= 2292
8142.68421053
K= 2293
8155.42444085
K= 2294
3909.44892701
K= 2295
7758.11650199
K= 2296
1690.3792248
K= 2297
8151.0
K= 2298
5106.99073433
K= 2299
5415.15475476
K= 2300
8827.0
Betweenness Centrality Improvement
[ 5490.15568523  4865.12977324  4801.17557342 ...,     0.             0.
     0.        ]
Top 20 BC Improvement
[ 222 2229 1808 1589    3  979 2087 1104 1930  674 2032  422 1193 1455 1523
 1047  129 1006 1228 2161]
