txValue= 100
Our nodes starting connections: 
(4618, 2796)
(4618, 1223)
(4618, 235)
(4618, 1163)
K= 0
5280.30371312
K= 1
4770.42648703
K= 2
4719.20048254
K= 3
50448.895619
K= 4
13538.3629676
K= 5
4951.58801908
K= 6
7786.26840239
K= 7
5097.43663876
K= 8
13849.0468554
K= 9
9210.12557732
K= 10
8357.94285714
K= 11
4640.98783838
K= 12
8302.36576725
K= 13
4951.49710999
K= 14
10294.5885247
K= 15
2061.8765893
K= 16
4951.49710999
K= 17
8827.0
K= 18
4847.1626014
K= 19
9089.46517532
K= 20
745.588019084
K= 21
5249.59806797
K= 22
4039.84210526
K= 23
8318.51584494
K= 24
4641.53329674
K= 25
4754.89397371
K= 26
5282.96739283
K= 27
5101.96237961
K= 28
4143.2079795
K= 29
4993.8392192
K= 30
4951.08801908
K= 31
16670.8401566
K= 32
9378.51355879
K= 33
5213.58686622
K= 34
5133.71027681
K= 35
4691.74744208
K= 36
8360.0
K= 37
4841.23499487
K= 38
5771.8123969
K= 39
5027.0712108
K= 40
8359.38764443
K= 41
8394.0
K= 42
12803.9189189
K= 43
4787.32390078
K= 44
5294.70665839
K= 45
4949.824963
K= 46
4191.65257738
K= 47
4875.28652259
K= 48
8350.0
K= 49
4063.22224526
K= 50
9186.81171474
K= 51
4043.86486486
K= 52
4816.56702017
K= 53
5146.88577731
K= 54
5254.60291661
K= 55
8350.87096774
K= 56
8332.0
K= 57
4842.40325904
K= 58
5249.59806797
K= 59
4168.05222178
K= 60
8331.29617535
K= 61
23893.6181228
K= 62
31721.6137029
K= 63
8356.75
K= 64
5399.25527847
K= 65
8353.875
K= 66
4308.00679515
K= 67
8366.13473917
K= 68
8318.43892186
K= 69
5307.25470754
K= 70
8357.92857143
K= 71
3197.36929639
K= 72
8351.0
K= 73
4708.87464072
K= 74
4701.04900921
K= 75
5217.30675608
K= 76
12377.8389124
K= 77
4296.68199617
K= 78
4887.23313551
K= 79
8357.95774648
K= 80
14041.9242868
K= 81
8354.0
K= 82
8356.45
K= 83
8328.72727273
K= 84
5204.10013291
K= 85
4997.05569978
K= 86
4756.32837206
K= 87
5202.11930916
K= 88
4023.0
K= 89
8371.15484099
K= 90
8358.0
K= 91
10013.2561226
K= 92
7788.3055139
K= 93
10771.1237231
K= 94
4951.58801908
K= 95
6089.85278735
K= 96
8358.0
K= 97
8354.89583333
K= 98
4931.19302712
K= 99
4787.15484222
K= 100
8357.91891892
K= 101
5211.64097512
K= 102
5265.96833174
K= 103
4841.40435422
K= 104
4130.6205768
K= 105
4127.03370327
K= 106
4951.58801908
K= 107
5932.91726771
K= 108
8357.0
K= 109
8354.0
K= 110
5899.24969625
K= 111
8827.0
K= 112
4951.58801908
K= 113
5217.85299706
K= 114
5198.70069445
K= 115
4951.32135242
K= 116
8356.01070606
K= 117
4296.68199617
K= 118
8352.88888889
K= 119
5081.48634605
K= 120
1317.97660275
K= 121
4951.58801908
K= 122
8355.5
K= 123
8353.65164499
K= 124
8827.0
K= 125
8339.92211203
K= 126
4674.40760196
K= 127
1088.14621922
K= 128
5030.90208693
K= 129
32103.422389
K= 130
5446.7589689
K= 131
10257.0366314
K= 132
4951.58801908
K= 133
4722.19235349
K= 134
4951.58801908
K= 135
9535.80796613
K= 136
5066.33335892
K= 137
4704.52411222
K= 138
853.203245917
K= 139
2344.44029891
K= 140
8356.0
K= 141
8358.0
K= 142
4296.68199617
K= 143
4598.79755747
K= 144
4951.32135242
K= 145
924.838267692
K= 146
9192.42981797
K= 147
9193.21110307
K= 148
6357.96610922
K= 149
4269.03370327
K= 150
8354.87772397
K= 151
9723.32811778
K= 152
3518.22463393
K= 153
4048.9047619
K= 154
9988.10850003
K= 155
8827.0
K= 156
4556.92731352
K= 157
8350.95774648
K= 158
8358.0
K= 159
8333.94314411
K= 160
4703.52997906
K= 161
8359.0
K= 162
8353.89473684
K= 163
9428.58801908
K= 164
8357.92105263
K= 165
4679.29842837
K= 166
5170.7034588
K= 167
1271.12714957
K= 168
4070.65257738
K= 169
8309.43892186
K= 170
8356.49404762
K= 171
5036.0668738
K= 172
5386.56186157
K= 173
4790.56341202
K= 174
5497.40179714
K= 175
4783.18205248
K= 176
4127.03370327
K= 177
8340.9047619
K= 178
8338.0
K= 179
8358.0
K= 180
4597.94403595
K= 181
8827.0
K= 182
4703.98056926
K= 183
22768.7573502
K= 184
4672.79108656
K= 185
8356.42731806
K= 186
8358.0
K= 187
4806.24793171
K= 188
8827.0
K= 189
4787.26545793
K= 190
4059.65257738
K= 191
8317.01413172
K= 192
8351.875
K= 193
8359.83333333
K= 194
5265.75892672
K= 195
8357.94285714
K= 196
12242.8400704
K= 197
9234.27669756
K= 198
5832.42808642
K= 199
4825.11302903
K= 200
10178.8908881
K= 201
9077.66840845
K= 202
5498.40179714
K= 203
4132.61919592
K= 204
8347.07659632
K= 205
5175.61977396
K= 206
8827.0
K= 207
5066.65376669
K= 208
705.155949924
K= 209
8359.0
K= 210
5198.67575215
K= 211
4745.85132823
K= 212
7806.76372646
K= 213
4997.10662891
K= 214
4917.8492898
K= 215
4059.65257738
K= 216
5253.29844391
K= 217
4806.79468949
K= 218
4024.8
K= 219
5556.09556562
K= 220
1291.98082568
K= 221
4657.24322198
K= 222
67680.0790535
K= 223
4059.65257738
K= 224
4820.17015943
K= 225
5147.1842854
K= 226
5036.96051561
K= 227
21732.0
K= 228
4203.65257738
K= 229
12853.7166907
K= 230
8351.40822839
K= 231
8343.55113872
K= 232
8358.0
K= 233
8341.95774648
K= 234
9133.27816863
K= 235
2944.08130471
K= 236
4842.40325904
K= 237
7794.45861128
K= 238
8328.72727273
K= 239
1746.28367058
K= 240
8352.83333333
K= 241
4667.49727708
K= 242
4671.30167522
K= 243
4951.58801908
K= 244
4951.58801908
K= 245
8363.0
K= 246
8303.04441395
K= 247
8349.84210526
K= 248
8343.9047619
K= 249
4034.0
K= 250
8356.0
K= 251
4588.16805597
K= 252
8337.04441395
K= 253
5758.83554622
K= 254
4296.68199617
K= 255
8827.0
K= 256
5107.28305445
K= 257
8344.0
K= 258
9243.41466398
K= 259
4958.41332668
K= 260
9488.82516296
K= 261
8329.20378477
K= 262
8827.0
K= 263
8335.80719569
K= 264
8356.75
K= 265
5169.87945401
K= 266
4949.56946668
K= 267
4873.37508141
K= 268
5285.20959755
K= 269
4998.82356953
K= 270
5663.47088651
K= 271
4059.65257738
K= 272
5540.18983828
K= 273
8827.0
K= 274
4740.31327203
K= 275
5500.25294417
K= 276
5840.04563266
K= 277
4951.58801908
K= 278
8357.0
K= 279
4951.58801908
K= 280
4059.65257738
K= 281
5326.90188831
K= 282
5188.72764131
K= 283
8394.0
K= 284
8356.01538462
K= 285
8358.16666667
K= 286
4719.15881588
K= 287
756.446357969
K= 288
3606.83796667
K= 289
4981.50976305
K= 290
4889.7228993
K= 291
4951.58801908
K= 292
4127.03370327
K= 293
5240.74444131
K= 294
9707.17391574
K= 295
4645.81389311
K= 296
1218.56189492
K= 297
8429.11748695
K= 298
8358.0
K= 299
5431.78193813
K= 300
9191.61904445
K= 301
8360.31014092
K= 302
4705.4559144
K= 303
5716.47619946
K= 304
8827.0
K= 305
4670.10482506
K= 306
9725.34266711
K= 307
929.139160691
K= 308
4951.58801908
K= 309
8285.43892186
K= 310
4296.68199617
K= 311
5774.43574848
K= 312
8353.0
K= 313
8285.8967242
K= 314
4951.58801908
K= 315
5773.34261123
K= 316
9700.31831839
K= 317
8827.0
K= 318
8315.90909091
K= 319
14167.1875946
K= 320
4775.77864335
K= 321
17444.6641758
K= 322
8422.81250703
K= 323
8358.0
K= 324
8356.83333333
K= 325
4296.68199617
K= 326
4059.65257738
K= 327
4871.60105814
K= 328
4688.80635436
K= 329
4560.37052313
K= 330
4876.45291429
K= 331
8345.21694415
K= 332
8827.0
K= 333
5187.66707508
K= 334
5988.74516678
K= 335
5294.70665839
K= 336
5887.59098087
K= 337
4127.03370327
K= 338
5187.78100832
K= 339
14062.9693921
K= 340
5247.75365229
K= 341
6623.84262603
K= 342
8354.84210526
K= 343
4745.48946752
K= 344
4794.24369097
K= 345
5764.66643455
K= 346
8359.66666667
K= 347
4867.36912927
K= 348
4067.8
K= 349
4657.46425544
K= 350
5254.05099657
K= 351
1565.12093801
K= 352
14811.1890094
K= 353
5151.75020387
K= 354
4785.43113474
K= 355
4296.68199617
K= 356
8358.0
K= 357
4296.68199617
K= 358
4651.57622265
K= 359
8359.66666667
K= 360
8285.43892186
K= 361
9084.73326093
K= 362
4817.16346173
K= 363
5197.06674616
K= 364
5961.79468543
K= 365
8357.84210526
K= 366
8341.71920604
K= 367
8358.0
K= 368
8356.75
K= 369
4674.86435808
K= 370
8827.0
K= 371
10371.2334544
K= 372
5006.34502813
K= 373
8354.79930261
K= 374
8355.91428571
K= 375
8339.83730275
K= 376
7744.37949563
K= 377
4867.31165402
K= 378
5198.70069445
K= 379
5209.04483079
K= 380
4803.94629425
K= 381
4951.58801908
K= 382
5245.80277214
K= 383
5210.82483354
K= 384
4689.26198884
K= 385
4951.58801908
K= 386
4870.40577278
K= 387
4066.91891892
K= 388
1750.28610549
K= 389
16712.0
K= 390
4680.04290324
K= 391
8355.0
K= 392
8358.0
K= 393
4858.25518012
K= 394
8827.0
K= 395
4951.58801908
K= 396
5143.79688699
K= 397
8357.93975904
K= 398
8339.94117647
K= 399
8356.94505494
K= 400
5405.65401843
K= 401
4720.40052921
K= 402
4951.58801908
K= 403
4650.62219248
K= 404
7958.76007857
K= 405
8356.96202532
K= 406
8347.79516776
K= 407
8357.0
K= 408
1656.50463631
K= 409
8827.0
K= 410
8353.85714286
K= 411
8343.9047619
K= 412
8355.20112782
K= 413
8827.0
K= 414
5240.92070614
K= 415
9393.37657612
K= 416
7942.83783784
K= 417
8357.36142189
K= 418
4951.58801908
K= 419
5940.1735856
K= 420
4835.56683321
K= 421
18643.230037
K= 422
31586.1825941
K= 423
8360.31014092
K= 424
8358.0
K= 425
4951.58801908
K= 426
5430.9420527
K= 427
8348.0
K= 428
8347.94285714
K= 429
4779.35037558
K= 430
5386.56186157
K= 431
8357.0
K= 432
4757.32776098
K= 433
1445.60039563
K= 434
6707.50478462
K= 435
16712.0
K= 436
8356.0
K= 437
5213.53528513
K= 438
4983.46214347
K= 439
4951.58801908
K= 440
8358.50037906
K= 441
4951.58801908
K= 442
4974.19747799
K= 443
8313.68020974
K= 444
9349.704929
K= 445
8352.82487241
K= 446
8394.0
K= 447
4043.86486486
K= 448
4899.66180124
K= 449
8317.55452547
K= 450
8827.0
K= 451
8354.85714286
K= 452
9186.94395825
K= 453
4562.9455468
K= 454
4092.32142857
K= 455
8328.72727273
K= 456
8827.0
K= 457
8356.88
K= 458
5699.75480319
K= 459
4951.58801908
K= 460
8357.95652174
K= 461
4059.65257738
K= 462
5371.84150872
K= 463
5249.59806797
K= 464
8328.72727273
K= 465
5048.71479994
K= 466
8363.85820019
K= 467
12836.7871104
K= 468
4951.58801908
K= 469
5050.19900742
K= 470
13731.3154202
K= 471
5196.20004036
K= 472
4840.6116503
K= 473
4617.63750542
K= 474
4986.58187328
K= 475
8360.31014092
K= 476
8343.9047619
K= 477
4951.58801908
K= 478
4996.14594876
K= 479
8349.0
K= 480
5771.35465176
K= 481
4951.58801908
K= 482
8356.0
K= 483
4815.98819358
K= 484
1822.86129233
K= 485
8394.0
K= 486
4127.03370327
K= 487
2333.40222684
K= 488
4048.0
K= 489
8357.875
K= 490
12833.875
K= 491
7958.76007857
K= 492
4296.68199617
K= 493
5774.43574848
K= 494
4830.16973601
K= 495
6035.7808326
K= 496
8357.90909091
K= 497
5376.139221
K= 498
104117.873783
K= 499
4951.58801908
K= 500
14745.8609953
K= 501
9168.46444913
K= 502
4785.84833915
K= 503
4552.51238209
K= 504
4951.58801908
K= 505
8357.0
K= 506
8177.87547518
K= 507
8323.04441395
K= 508
12984.7602729
K= 509
8352.93975904
K= 510
8357.0
K= 511
8358.0
K= 512
8354.0
K= 513
825.284398123
K= 514
5456.84536526
K= 515
18390.8208132
K= 516
8358.0
K= 517
4604.09156738
K= 518
8360.31014092
K= 519
4799.40897683
K= 520
4870.86630634
K= 521
5928.35334049
K= 522
8354.0
K= 523
6161.87904348
K= 524
5819.56381197
K= 525
4141.75426773
K= 526
8353.66666667
K= 527
8343.3989899
K= 528
12790.7619048
K= 529
12890.7325008
K= 530
5036.96051561
K= 531
8358.0
K= 532
8363.0
K= 533
4951.58801908
K= 534
4951.58801908
K= 535
4951.58801908
K= 536
5440.50445125
K= 537
4858.6096563
K= 538
8355.91428571
K= 539
7817.1055139
K= 540
5541.68220013
K= 541
5771.88721092
K= 542
5157.64997121
K= 543
8352.46666667
K= 544
5180.48374046
K= 545
8349.0
K= 546
5267.88324957
K= 547
8370.0
K= 548
2802.27306251
K= 549
4951.58801908
K= 550
4825.67720723
K= 551
4020.0
K= 552
8358.0
K= 553
8357.0
K= 554
7805.09226567
K= 555
5711.61972231
K= 556
8334.04441395
K= 557
4951.58801908
K= 558
8360.31014092
K= 559
8355.83333333
K= 560
5433.58287012
K= 561
5724.75048234
K= 562
4130.92472897
K= 563
8328.72727273
K= 564
9911.09663202
K= 565
8312.43892186
K= 566
4296.68199617
K= 567
9196.78725703
K= 568
4951.58801908
K= 569
2084.46086573
K= 570
7845.86281681
K= 571
4131.49568432
K= 572
8327.0
K= 573
4951.58801908
K= 574
6066.78803139
K= 575
8359.38764443
K= 576
8336.04441395
K= 577
5196.20004036
K= 578
8356.0
K= 579
5162.10911921
K= 580
9069.33892759
K= 581
4653.47710689
K= 582
4951.58801908
K= 583
825.623044517
K= 584
5378.38405353
K= 585
7952.20329069
K= 586
5773.10241515
K= 587
8357.92307692
K= 588
8297.00338792
K= 589
4835.57822804
K= 590
4951.38801908
K= 591
7780.0991709
K= 592
16861.1436934
K= 593
8355.42666667
K= 594
16640.8778437
K= 595
4951.58801908
K= 596
5253.22743834
K= 597
8323.94871795
K= 598
4726.46536698
K= 599
8321.43892186
K= 600
4769.29921535
K= 601
8282.23354567
K= 602
8326.95774648
K= 603
8331.94594595
K= 604
8349.0
K= 605
5234.22006605
K= 606
8415.45848885
K= 607
4296.68199617
K= 608
5034.6291711
K= 609
4998.97858612
K= 610
8358.0
K= 611
4296.68199617
K= 612
4585.39209622
K= 613
8354.91891892
K= 614
8364.45742971
K= 615
8346.94117647
K= 616
8359.66666667
K= 617
4757.03869521
K= 618
4686.63465831
K= 619
8354.83333333
K= 620
7807.72207987
K= 621
4956.19262901
K= 622
4838.6228078
K= 623
8329.73033075
K= 624
8355.8
K= 625
16119.0782091
K= 626
8323.20378477
K= 627
5042.6901507
K= 628
8533.16133991
K= 629
8359.66666667
K= 630
8448.3636996
K= 631
8394.43858476
K= 632
5386.56186157
K= 633
8354.0
K= 634
8356.01538462
K= 635
8355.0
K= 636
8357.0
K= 637
2375.57317788
K= 638
8321.0
K= 639
20562.6280416
K= 640
4066.91891892
K= 641
8357.56825506
K= 642
14700.7092113
K= 643
9049.46753508
K= 644
4127.03370327
K= 645
8355.94285714
K= 646
98908.4202548
K= 647
8355.88
K= 648
8328.72727273
K= 649
8428.65257738
K= 650
8357.0
K= 651
4906.24847827
K= 652
2354.75068644
K= 653
8334.07403792
K= 654
4942.91668691
K= 655
4296.68199617
K= 656
4951.58801908
K= 657
8358.0
K= 658
5241.35050192
K= 659
8827.0
K= 660
8352.87878788
K= 661
8357.0
K= 662
20317.70779
K= 663
3681.01415089
K= 664
8364.0650367
K= 665
4127.03370327
K= 666
4951.58801908
K= 667
8321.43892186
K= 668
4141.75426773
K= 669
4982.06516813
K= 670
4951.58801908
K= 671
872.485082689
K= 672
8357.32142857
K= 673
4703.65177615
K= 674
41107.1665588
K= 675
746.395984218
K= 676
8356.0
K= 677
8347.0
K= 678
10743.9700638
K= 679
4951.58801908
K= 680
8343.9047619
K= 681
21069.9750103
K= 682
4812.76158151
K= 683
14141.539678
K= 684
8351.875
K= 685
8323.29844743
K= 686
4920.01972964
K= 687
8311.6484323
K= 688
8355.85714286
K= 689
8340.94285714
K= 690
4064.65257738
K= 691
8356.66666667
K= 692
4671.35820892
K= 693
4296.68199617
K= 694
5164.45018779
K= 695
886.05898685
K= 696
4736.69017557
K= 697
1432.57065826
K= 698
4296.68199617
K= 699
4838.75656796
K= 700
8357.0
K= 701
4198.65257738
K= 702
4627.24779121
K= 703
4667.44687446
K= 704
4951.58801908
K= 705
5043.70027362
K= 706
8370.0
K= 707
4296.68199617
K= 708
8288.98360493
K= 709
4900.0276353
K= 710
8827.0
K= 711
5214.81291072
K= 712
8357.94594595
K= 713
5770.25697473
K= 714
8356.86666667
K= 715
8363.0
K= 716
5307.22423277
K= 717
4023.56
K= 718
5038.53452516
K= 719
5211.11460761
K= 720
17847.4826289
K= 721
8358.0
K= 722
5040.58327149
K= 723
12815.7777778
K= 724
18784.9344103
K= 725
4807.4852047
K= 726
8356.9047619
K= 727
16618.878711
K= 728
8352.55113872
K= 729
5386.56186157
K= 730
5064.70998758
K= 731
8357.84210526
K= 732
8355.88888889
K= 733
8323.43892186
K= 734
4649.98134551
K= 735
4601.62899908
K= 736
5494.04601542
K= 737
8349.84210526
K= 738
5433.40455923
K= 739
10694.3716673
K= 740
8355.97826087
K= 741
5226.53512787
K= 742
9674.62838504
K= 743
4707.86175415
K= 744
8358.0
K= 745
5241.35050192
K= 746
4980.94429524
K= 747
4951.58801908
K= 748
8357.0
K= 749
4951.58801908
K= 750
4800.24476771
K= 751
9784.25787581
K= 752
8009.57967956
K= 753
8356.38764443
K= 754
6063.86821755
K= 755
5209.59543282
K= 756
7779.74995834
K= 757
7790.19876256
K= 758
1248.78275633
K= 759
8303.23997728
K= 760
8279.53892186
K= 761
8482.72837153
K= 762
8356.9901755
K= 763
8827.0
K= 764
8359.0
K= 765
5092.37026799
K= 766
8358.0
K= 767
4951.58801908
K= 768
5772.25684135
K= 769
5294.01311
K= 770
8356.88
K= 771
5099.61139676
K= 772
4941.07399001
K= 773
8319.40459732
K= 774
5331.44225324
K= 775
4796.53744422
K= 776
4834.61017291
K= 777
8357.95652174
K= 778
4023.82352941
K= 779
8322.5784012
K= 780
4893.78657327
K= 781
9308.84229421
K= 782
4310.05222178
K= 783
4582.42643849
K= 784
8352.8
K= 785
8360.31014092
K= 786
4907.20740815
K= 787
5573.95519735
K= 788
5107.82092841
K= 789
4711.31345751
K= 790
9265.33189097
K= 791
8357.0
K= 792
7502.73822342
K= 793
8357.0
K= 794
4760.95953902
K= 795
7788.19876256
K= 796
8191.511853
K= 797
8645.04627922
K= 798
4099.0
K= 799
8409.07219288
K= 800
4064.65257738
K= 801
4059.65257738
K= 802
4951.58801908
K= 803
5295.51448366
K= 804
4926.45315712
K= 805
5196.20004036
K= 806
4716.22713786
K= 807
4862.87158219
K= 808
8358.0
K= 809
4962.43286689
K= 810
8354.83333333
K= 811
8358.0
K= 812
4931.11644229
K= 813
8355.9047619
K= 814
8308.61241047
K= 815
4059.65257738
K= 816
5443.85157159
K= 817
4296.68199617
K= 818
4736.09886193
K= 819
4756.38719559
K= 820
8323.43892186
K= 821
8311.16611368
K= 822
8827.0
K= 823
5159.72370071
K= 824
8358.16521445
K= 825
4668.65663809
K= 826
8423.47069261
K= 827
8363.17035564
K= 828
9464.73996938
K= 829
7727.32727431
K= 830
2009.16470645
K= 831
8332.2435297
K= 832
5009.77165699
K= 833
4951.58801908
K= 834
4820.4144266
K= 835
4951.58801908
K= 836
5394.9776084
K= 837
9371.61714287
K= 838
4596.98357131
K= 839
4663.69870143
K= 840
8358.0
K= 841
5771.83397544
K= 842
4127.03370327
K= 843
5579.46825487
K= 844
4745.24115481
K= 845
4951.58801908
K= 846
4741.33726098
K= 847
8337.24414344
K= 848
8336.10722084
K= 849
8357.94964029
K= 850
5130.83732468
K= 851
5772.36481699
K= 852
5445.11339404
K= 853
12827.6936572
K= 854
1020.35666113
K= 855
12328.7707822
K= 856
5244.98100576
K= 857
5173.48977088
K= 858
4854.0360981
K= 859
4021.8
K= 860
4871.16377785
K= 861
8313.94871795
K= 862
8344.88194294
K= 863
4843.75421739
K= 864
5449.93482132
K= 865
5717.27589045
K= 866
8359.0
K= 867
8358.0
K= 868
8328.72727273
K= 869
5276.77112023
K= 870
4127.03370327
K= 871
2184.52444661
K= 872
4842.40325904
K= 873
5774.43574848
K= 874
5386.56186157
K= 875
4951.58801908
K= 876
5926.90311912
K= 877
8356.9113924
K= 878
4127.03370327
K= 879
8356.46428571
K= 880
1248.82092968
K= 881
6286.16670999
K= 882
4776.35002697
K= 883
4951.58801908
K= 884
4951.58801908
K= 885
897.316130887
K= 886
8373.10493676
K= 887
4951.58801908
K= 888
8356.94594595
K= 889
9295.94509768
K= 890
4854.62403369
K= 891
1160.9742034
K= 892
4792.701584
K= 893
7228.44615381
K= 894
6967.04067699
K= 895
8356.83333333
K= 896
5218.81202949
K= 897
4029.0
K= 898
8353.64285714
K= 899
4951.58801908
K= 900
13407.3208178
K= 901
5432.93862814
K= 902
4059.65257738
K= 903
4296.68199617
K= 904
5294.70665839
K= 905
1636.05199165
K= 906
6161.58392978
K= 907
4572.83334863
K= 908
5457.09381636
K= 909
8354.85714286
K= 910
4711.16477415
K= 911
8357.0
K= 912
8320.43892186
K= 913
8346.82864168
K= 914
4011.60645161
K= 915
1143.39093796
K= 916
8359.0
K= 917
4024.72727273
K= 918
4957.78252122
K= 919
8303.62239268
K= 920
4986.10952883
K= 921
8356.92857143
K= 922
8359.0
K= 923
8330.20378477
K= 924
8356.62643678
K= 925
4864.57281397
K= 926
5198.70069445
K= 927
1689.95116755
K= 928
5951.0909153
K= 929
4951.58801908
K= 930
9686.2413898
K= 931
4891.20708736
K= 932
4836.39267214
K= 933
13702.0884523
K= 934
4882.8442463
K= 935
4805.34796688
K= 936
8359.0
K= 937
14754.2072815
K= 938
8359.91525424
K= 939
8355.96178591
K= 940
8354.9047619
K= 941
4951.58801908
K= 942
8356.75
K= 943
8357.0
K= 944
8358.0
K= 945
5442.23618926
K= 946
4951.58801908
K= 947
18363.2814829
K= 948
4023.0
K= 949
4066.91891892
K= 950
5041.12277382
K= 951
4723.87065112
K= 952
4807.4852047
K= 953
8356.93055556
K= 954
4296.68199617
K= 955
8358.92307692
K= 956
5521.47932604
K= 957
5198.37844697
K= 958
9672.73667195
K= 959
5114.06090723
K= 960
5294.41036209
K= 961
8356.0
K= 962
8320.43892186
K= 963
5152.34457983
K= 964
8353.875
K= 965
4099.0
K= 966
4951.58801908
K= 967
8358.0
K= 968
4883.01277864
K= 969
5386.56186157
K= 970
4818.47677573
K= 971
1209.15019549
K= 972
4127.03370327
K= 973
5498.03816077
K= 974
4066.91891892
K= 975
4269.03370327
K= 976
5577.06211637
K= 977
4885.90120259
K= 978
8323.43892186
K= 979
41396.4377462
K= 980
4059.65257738
K= 981
4127.03370327
K= 982
5006.34502813
K= 983
8827.0
K= 984
4755.00623037
K= 985
8360.707465
K= 986
8343.0
K= 987
8357.80952381
K= 988
8358.0
K= 989
5772.25684135
K= 990
8349.61022938
K= 991
4635.67918591
K= 992
8359.0
K= 993
4704.53724262
K= 994
5162.87888359
K= 995
13764.1236888
K= 996
5777.04642469
K= 997
5539.41790845
K= 998
5198.94713262
K= 999
8318.43892186
K= 1000
4296.68199617
K= 1001
8358.0
K= 1002
8444.48128538
K= 1003
6161.71237681
K= 1004
5214.61767263
K= 1005
4951.58801908
K= 1006
23388.6946788
K= 1007
1625.94962405
K= 1008
4685.94908369
K= 1009
8827.0
K= 1010
5774.43574848
K= 1011
5360.58147113
K= 1012
2646.37498185
K= 1013
4296.68199617
K= 1014
847.114951668
K= 1015
8356.96202532
K= 1016
5228.3074197
K= 1017
21732.0
K= 1018
4951.58801908
K= 1019
4066.91891892
K= 1020
8358.91891892
K= 1021
4296.68199617
K= 1022
8357.0
K= 1023
4064.96854649
K= 1024
5162.13770712
K= 1025
5930.52572688
K= 1026
4725.71655624
K= 1027
8352.85714286
K= 1028
1795.47484603
K= 1029
8827.0
K= 1030
767.902470401
K= 1031
8355.91025641
K= 1032
5249.37584574
K= 1033
8346.92857143
K= 1034
4675.69000362
K= 1035
8355.24506787
K= 1036
4980.32113779
K= 1037
4951.58801908
K= 1038
5170.42645072
K= 1039
9077.98177391
K= 1040
9104.06301934
K= 1041
8370.0
K= 1042
4730.18380632
K= 1043
8358.77777778
K= 1044
8831.16798399
K= 1045
12582.25243
K= 1046
4296.68199617
K= 1047
31760.7816615
K= 1048
4607.08282772
K= 1049
5920.93747251
K= 1050
8359.66666667
K= 1051
4800.36178161
K= 1052
8358.0
K= 1053
5249.56858479
K= 1054
1038.89162051
K= 1055
8322.875
K= 1056
4062.65257738
K= 1057
4035.29358149
K= 1058
8362.9022775
K= 1059
5009.33319245
K= 1060
4923.95651605
K= 1061
4900.19811066
K= 1062
4884.57889139
K= 1063
12380.4972133
K= 1064
13787.2967904
K= 1065
8357.92307692
K= 1066
6490.14231437
K= 1067
8424.94498964
K= 1068
4849.39309464
K= 1069
4068.65257738
K= 1070
4752.40222993
K= 1071
8356.0
K= 1072
8313.04441395
K= 1073
5384.20503313
K= 1074
4833.03579107
K= 1075
4039.84210526
K= 1076
5086.33400745
K= 1077
4951.58801908
K= 1078
5012.86329902
K= 1079
4129.58451575
K= 1080
4958.84011258
K= 1081
4862.26411765
K= 1082
5227.50996786
K= 1083
8338.74442728
K= 1084
8328.72727273
K= 1085
5213.53528513
K= 1086
8352.83333333
K= 1087
8328.72727273
K= 1088
5212.93399313
K= 1089
8357.0
K= 1090
8353.88
K= 1091
4893.98166117
K= 1092
5840.50856628
K= 1093
8827.0
K= 1094
1216.22930366
K= 1095
6189.12314404
K= 1096
8355.0
K= 1097
4951.58801908
K= 1098
8358.0
K= 1099
8827.0
K= 1100
4807.25992998
K= 1101
4085.91891892
K= 1102
4058.65257738
K= 1103
4024.95774648
K= 1104
59317.6699218
K= 1105
8357.0
K= 1106
5043.62259848
K= 1107
12825.9315068
K= 1108
8827.0
K= 1109
8363.7438954
K= 1110
4652.97143055
K= 1111
8351.90909091
K= 1112
8328.72727273
K= 1113
2244.17208175
K= 1114
4951.58801908
K= 1115
4669.5078292
K= 1116
8357.9047619
K= 1117
9502.28498121
K= 1118
4709.97608746
K= 1119
4066.91891892
K= 1120
8345.0
K= 1121
8368.44438952
K= 1122
3835.98815472
K= 1123
8357.88888889
K= 1124
5385.56186157
K= 1125
8355.86486486
K= 1126
4678.65620003
K= 1127
1239.53410599
K= 1128
8662.263307
K= 1129
4951.58801908
K= 1130
8358.95
K= 1131
8349.74215621
K= 1132
8315.04441395
K= 1133
4951.58801908
K= 1134
4127.03370327
K= 1135
5000.93512979
K= 1136
4296.68199617
K= 1137
5846.08268263
K= 1138
8358.66666667
K= 1139
4951.58801908
K= 1140
4749.50562299
K= 1141
4160.11951546
K= 1142
8359.66666667
K= 1143
8353.0
K= 1144
4159.77700845
K= 1145
8311.8269354
K= 1146
8430.65257738
K= 1147
4654.43754913
K= 1148
8827.0
K= 1149
8468.19363292
K= 1150
4617.6037032
K= 1151
8355.80994152
K= 1152
8313.0
K= 1153
8827.0
K= 1154
8314.51584494
K= 1155
4870.89820126
K= 1156
8301.95125541
K= 1157
12877.2195496
K= 1158
4120.40903792
K= 1159
4296.68199617
K= 1160
8355.64285714
K= 1161
4956.99929011
K= 1162
8354.89655172
K= 1163
969.601699349
K= 1164
4160.61905491
K= 1165
8827.0
K= 1166
18443.0479528
K= 1167
4624.23735774
K= 1168
1893.50193219
K= 1169
4045.84768933
K= 1170
4678.9178672
K= 1171
4951.58801908
K= 1172
8363.0
K= 1173
8356.91826215
K= 1174
8298.52743902
K= 1175
8353.59330422
K= 1176
8357.0
K= 1177
8827.0
K= 1178
11320.3742937
K= 1179
5696.87970531
K= 1180
4740.36048408
K= 1181
4029.0
K= 1182
13915.4473857
K= 1183
5773.43574848
K= 1184
5334.96789622
K= 1185
8357.85714286
K= 1186
6168.60144824
K= 1187
4648.08343355
K= 1188
5125.76058104
K= 1189
4128.03370327
K= 1190
5769.03424519
K= 1191
8321.43892186
K= 1192
8350.87096774
K= 1193
43920.875
K= 1194
4043.84615385
K= 1195
2673.29519158
K= 1196
8827.0
K= 1197
4951.44516194
K= 1198
5200.82948673
K= 1199
4602.88308122
K= 1200
8357.94285714
K= 1201
8309.95441621
K= 1202
9198.11818158
K= 1203
8357.94871795
K= 1204
4613.77190028
K= 1205
4296.68199617
K= 1206
4757.27452823
K= 1207
8337.93975904
K= 1208
5386.06186157
K= 1209
13595.7981091
K= 1210
13959.2690733
K= 1211
4787.24652354
K= 1212
4727.48084267
K= 1213
8328.20378477
K= 1214
5210.82483354
K= 1215
5425.57168496
K= 1216
5433.58287012
K= 1217
10822.676406
K= 1218
5206.97416651
K= 1219
1082.22668234
K= 1220
4824.72841334
K= 1221
8319.43892186
K= 1222
4842.32633597
K= 1223
3818.51565136
K= 1224
4979.13626064
K= 1225
4912.36350171
K= 1226
8356.60645161
K= 1227
8357.84210526
K= 1228
27739.263739
K= 1229
8356.73559322
K= 1230
4951.58801908
K= 1231
14021.8530884
K= 1232
5404.9279687
K= 1233
5181.54762028
K= 1234
8357.0
K= 1235
6870.70507196
K= 1236
9669.51437083
K= 1237
8352.85714286
K= 1238
8332.19338864
K= 1239
4946.67133448
K= 1240
8317.12302801
K= 1241
1571.57692856
K= 1242
8370.0
K= 1243
12242.8400704
K= 1244
8353.91304348
K= 1245
4951.58801908
K= 1246
1745.28159265
K= 1247
1464.35493717
K= 1248
5604.13377123
K= 1249
5081.36100001
K= 1250
4730.76597398
K= 1251
5523.3859595
K= 1252
9750.61338822
K= 1253
8354.95412844
K= 1254
8359.0
K= 1255
8356.0
K= 1256
4037.38764443
K= 1257
4664.53903406
K= 1258
8328.72727273
K= 1259
8827.0
K= 1260
5563.61383274
K= 1261
6998.01112158
K= 1262
8361.22134515
K= 1263
5198.70069445
K= 1264
8356.8
K= 1265
4951.58801908
K= 1266
5774.43574848
K= 1267
918.852371977
K= 1268
1202.12704767
K= 1269
4951.58801908
K= 1270
8356.56470588
K= 1271
9222.67259791
K= 1272
5477.76085679
K= 1273
5923.58593287
K= 1274
4951.58801908
K= 1275
9072.0569052
K= 1276
8355.0
K= 1277
8357.93761815
K= 1278
13968.6574532
K= 1279
5688.58715147
K= 1280
4679.19376385
K= 1281
5962.02445009
K= 1282
4296.68199617
K= 1283
8322.43892186
K= 1284
4951.58801908
K= 1285
9236.37794102
K= 1286
5493.56192091
K= 1287
4951.58801908
K= 1288
8360.31014092
K= 1289
9077.0930867
K= 1290
4951.58801908
K= 1291
4145.95526374
K= 1292
8342.8852459
K= 1293
8363.0
K= 1294
5196.20004036
K= 1295
8145.74179668
K= 1296
8356.75
K= 1297
8359.0
K= 1298
4269.03370327
K= 1299
3680.18622366
K= 1300
4593.45275657
K= 1301
8361.26022176
K= 1302
8315.91891892
K= 1303
8358.0
K= 1304
4646.28557599
K= 1305
4875.2696844
K= 1306
4696.80585937
K= 1307
4098.9047619
K= 1308
5530.51286773
K= 1309
4369.21355361
K= 1310
5276.27112023
K= 1311
4623.43086977
K= 1312
5692.53300271
K= 1313
973.251531093
K= 1314
8357.94594595
K= 1315
8427.23167938
K= 1316
8328.94202899
K= 1317
9788.21301265
K= 1318
4835.88804694
K= 1319
8356.75
K= 1320
5614.03191949
K= 1321
8359.72727273
K= 1322
8353.66666667
K= 1323
5932.91726771
K= 1324
8350.0
K= 1325
4657.9475066
K= 1326
4684.71782228
K= 1327
9418.734098
K= 1328
8353.0
K= 1329
8356.83333333
K= 1330
4666.95544329
K= 1331
8352.94285714
K= 1332
8357.84210526
K= 1333
5190.18799343
K= 1334
8363.0
K= 1335
4387.65257738
K= 1336
4957.78252122
K= 1337
5424.17603817
K= 1338
9061.02875395
K= 1339
6292.4792787
K= 1340
4951.58801908
K= 1341
8349.85714286
K= 1342
5428.68954447
K= 1343
6389.72677938
K= 1344
8356.67755102
K= 1345
8827.0
K= 1346
9419.25117701
K= 1347
8354.0
K= 1348
4951.58801908
K= 1349
9238.4149071
K= 1350
4867.26512715
K= 1351
4732.62808201
K= 1352
164016.531749
K= 1353
7963.88791404
K= 1354
5210.45097336
K= 1355
5292.04832506
K= 1356
5770.86770108
K= 1357
925.325340617
K= 1358
4598.00311957
K= 1359
3705.93407367
K= 1360
8358.0
K= 1361
4951.58801908
K= 1362
17395.4671499
K= 1363
1930.05744268
K= 1364
4836.29144546
K= 1365
4155.64285714
K= 1366
4951.58801908
K= 1367
13871.3436398
K= 1368
8343.9047619
K= 1369
8353.0
K= 1370
9870.45853397
K= 1371
4834.62159744
K= 1372
8407.85535516
K= 1373
5779.16438937
K= 1374
8827.0
K= 1375
6083.47399947
K= 1376
5191.54226135
K= 1377
4727.77623335
K= 1378
9745.57340075
K= 1379
4702.64634358
K= 1380
5214.57809291
K= 1381
9187.10763338
K= 1382
5200.42159199
K= 1383
9207.47231656
K= 1384
8348.91891892
K= 1385
8353.88888889
K= 1386
8363.0
K= 1387
8359.0
K= 1388
8357.68
K= 1389
4127.03370327
K= 1390
8353.52914825
K= 1391
8357.95890411
K= 1392
8343.0
K= 1393
8827.0
K= 1394
14083.2362108
K= 1395
854.423514067
K= 1396
4154.03093923
K= 1397
4951.58801908
K= 1398
5769.68189694
K= 1399
4296.68199617
K= 1400
8322.07016399
K= 1401
8303.77488148
K= 1402
4951.58801908
K= 1403
4061.65257738
K= 1404
8353.1287234
K= 1405
4925.30285918
K= 1406
4894.50017419
K= 1407
5061.89386406
K= 1408
8358.0
K= 1409
8327.0
K= 1410
4296.68199617
K= 1411
8323.0
K= 1412
6292.11513903
K= 1413
4068.65257738
K= 1414
5520.3708874
K= 1415
3778.98230079
K= 1416
5440.4234993
K= 1417
4641.25939154
K= 1418
8353.89473684
K= 1419
4958.32064873
K= 1420
1183.37862416
K= 1421
8350.87096774
K= 1422
5213.95103831
K= 1423
8314.31212842
K= 1424
4951.58801908
K= 1425
4830.02685694
K= 1426
8334.0
K= 1427
12823.8846154
K= 1428
8356.48623847
K= 1429
4312.31125258
K= 1430
9254.25177216
K= 1431
4951.58801908
K= 1432
711.126635546
K= 1433
5005.5318133
K= 1434
4951.58801908
K= 1435
6490.14231437
K= 1436
8355.87804878
K= 1437
8339.0
K= 1438
4951.49710999
K= 1439
8358.0
K= 1440
18291.5043748
K= 1441
8358.0
K= 1442
5002.42328639
K= 1443
4099.0
K= 1444
8350.0
K= 1445
8328.72727273
K= 1446
3954.11135874
K= 1447
4099.0
K= 1448
8340.0
K= 1449
8335.22230343
K= 1450
4838.07405
K= 1451
6163.34571014
K= 1452
4028.72727273
K= 1453
4611.12566588
K= 1454
4796.49537676
K= 1455
31987.2769349
K= 1456
5027.37718871
K= 1457
4825.05056034
K= 1458
8357.0
K= 1459
5109.94278753
K= 1460
8348.1287234
K= 1461
4951.58801908
K= 1462
4687.6593917
K= 1463
4023.0
K= 1464
4951.58801908
K= 1465
8361.22134515
K= 1466
8438.66857635
K= 1467
4951.58801908
K= 1468
5774.10241515
K= 1469
4805.75150006
K= 1470
4951.58801908
K= 1471
7790.19876257
K= 1472
8339.0
K= 1473
5428.14897381
K= 1474
8359.0
K= 1475
4947.86343219
K= 1476
4701.52233965
K= 1477
1141.42834769
K= 1478
4296.68199617
K= 1479
8355.29489287
K= 1480
4590.69370991
K= 1481
7074.27987341
K= 1482
8356.85714286
K= 1483
5288.65034565
K= 1484
5540.18983828
K= 1485
5774.43574848
K= 1486
4059.65257738
K= 1487
8350.66666667
K= 1488
9102.36871171
K= 1489
4730.03448444
K= 1490
14143.2791025
K= 1491
4849.21747754
K= 1492
5440.15077203
K= 1493
4724.68274402
K= 1494
4065.8852459
K= 1495
8313.61022938
K= 1496
8357.94202899
K= 1497
4296.68199617
K= 1498
4769.18413456
K= 1499
13973.6882717
K= 1500
4951.46123465
K= 1501
4839.2424873
K= 1502
8366.5439717
K= 1503
8356.2
K= 1504
4897.81375147
K= 1505
4951.46301908
K= 1506
8357.85714286
K= 1507
4832.72989345
K= 1508
17654.0
K= 1509
4296.68199617
K= 1510
4296.68199617
K= 1511
4022.90909091
K= 1512
4310.43824272
K= 1513
4636.26440939
K= 1514
5004.34493052
K= 1515
4272.03370327
K= 1516
11474.6646395
K= 1517
4827.21630561
K= 1518
8343.30272176
K= 1519
8348.91455009
K= 1520
4160.42661748
K= 1521
4296.68199617
K= 1522
13800.0513788
K= 1523
27446.5473581
K= 1524
4686.50343664
K= 1525
4951.58801908
K= 1526
5782.10661081
K= 1527
9583.17647728
K= 1528
4928.91531365
K= 1529
4955.30336827
K= 1530
13594.8623366
K= 1531
5294.5301878
K= 1532
8358.0
K= 1533
8350.87096774
K= 1534
6089.85278735
K= 1535
4614.1105454
K= 1536
8336.94594595
K= 1537
4592.82736481
K= 1538
12819.265354
K= 1539
4978.5987275
K= 1540
4742.44762411
K= 1541
5840.90856628
K= 1542
8359.66666667
K= 1543
5199.03996203
K= 1544
5071.95539303
K= 1545
7941.84190183
K= 1546
4676.83238292
K= 1547
8827.0
K= 1548
4951.47690797
K= 1549
4127.03370327
K= 1550
8352.1287234
K= 1551
8356.63333333
K= 1552
1884.34967049
K= 1553
12823.5142857
K= 1554
4127.03370327
K= 1555
4105.72680926
K= 1556
4695.06129485
K= 1557
18152.240285
K= 1558
9076.38002193
K= 1559
12789.75
K= 1560
4842.40325904
K= 1561
4296.68199617
K= 1562
7781.96307626
K= 1563
5830.70337148
K= 1564
8374.78063863
K= 1565
8355.0
K= 1566
956.448564609
K= 1567
1661.30518637
K= 1568
6868.59814147
K= 1569
9781.12281653
K= 1570
4727.87496288
K= 1571
4951.58801908
K= 1572
5336.2336845
K= 1573
9191.84923036
K= 1574
4817.19391051
K= 1575
8358.0
K= 1576
4730.90214291
K= 1577
8827.0
K= 1578
4698.4498088
K= 1579
8351.8
K= 1580
4950.83008258
K= 1581
8358.0
K= 1582
8324.68224691
K= 1583
4296.68199617
K= 1584
4296.68199617
K= 1585
7796.83905956
K= 1586
4910.78661817
K= 1587
9094.81962878
K= 1588
4822.39678712
K= 1589
43942.2602218
K= 1590
9693.31422606
K= 1591
8355.85714286
K= 1592
4021.0
K= 1593
8355.86486486
K= 1594
5031.29870378
K= 1595
8358.8
K= 1596
8827.0
K= 1597
8359.0
K= 1598
4632.30097777
K= 1599
17654.0
K= 1600
4296.68199617
K= 1601
5198.56174396
K= 1602
8827.0
K= 1603
5196.37626949
K= 1604
4824.82355005
K= 1605
8341.0
K= 1606
16712.0
K= 1607
12199.0512937
K= 1608
4633.41105881
K= 1609
4296.68199617
K= 1610
4651.37432447
K= 1611
4951.58801908
K= 1612
9225.59534562
K= 1613
4741.03476875
K= 1614
8358.0
K= 1615
5464.38968731
K= 1616
5280.27534451
K= 1617
8343.9047619
K= 1618
4913.88682659
K= 1619
9059.34873769
K= 1620
5249.2072444
K= 1621
4748.14149707
K= 1622
13711.5542502
K= 1623
8358.0
K= 1624
4317.8318346
K= 1625
8356.0
K= 1626
5732.34546992
K= 1627
16708.0
K= 1628
9390.68382255
K= 1629
9382.23189275
K= 1630
8335.94834098
K= 1631
4245.3711001
K= 1632
8355.875
K= 1633
8355.71428571
K= 1634
8352.90322581
K= 1635
4707.43416776
K= 1636
4826.72153184
K= 1637
8329.20378477
K= 1638
8356.0
K= 1639
8343.9047619
K= 1640
10320.3319467
K= 1641
4101.65257738
K= 1642
5386.56186157
K= 1643
5162.93770712
K= 1644
4808.10966157
K= 1645
8363.0
K= 1646
4296.68199617
K= 1647
4127.03370327
K= 1648
4258.60145472
K= 1649
4993.64853031
K= 1650
8357.0
K= 1651
5064.94682969
K= 1652
8378.91891892
K= 1653
4034.92
K= 1654
5218.68570791
K= 1655
8325.54375691
K= 1656
5201.1694191
K= 1657
12837.0
K= 1658
5100.5245225
K= 1659
4808.96573104
K= 1660
4770.38843517
K= 1661
4127.03370327
K= 1662
8359.0
K= 1663
4048.88888889
K= 1664
8357.71746032
K= 1665
4642.54159799
K= 1666
8354.89384317
K= 1667
4951.58801908
K= 1668
4951.58801908
K= 1669
5294.70665839
K= 1670
9331.62815575
K= 1671
8357.0
K= 1672
8358.0
K= 1673
4652.16512486
K= 1674
5420.65704496
K= 1675
5858.31956031
K= 1676
36395.9622266
K= 1677
14012.4311421
K= 1678
9875.28585685
K= 1679
8357.96202532
K= 1680
5247.9302976
K= 1681
4701.62455861
K= 1682
3860.41003248
K= 1683
8352.46666667
K= 1684
8355.87804878
K= 1685
4858.21383236
K= 1686
4296.68199617
K= 1687
4951.45118041
K= 1688
4754.19378138
K= 1689
4765.10095462
K= 1690
9353.53821113
K= 1691
4859.40869653
K= 1692
15630.2702703
K= 1693
9041.35951481
K= 1694
8827.0
K= 1695
8357.95890411
K= 1696
8350.07051683
K= 1697
8391.8170873
K= 1698
8356.93975904
K= 1699
4800.24182293
K= 1700
16703.8378378
K= 1701
4081.91891892
K= 1702
8355.75
K= 1703
4736.69017557
K= 1704
4951.33801908
K= 1705
5774.43574848
K= 1706
8357.67957641
K= 1707
5177.83952847
K= 1708
4855.69862704
K= 1709
4951.58801908
K= 1710
4822.41794831
K= 1711
5306.6289156
K= 1712
8437.0333553
K= 1713
5193.324313
K= 1714
4951.58801908
K= 1715
4127.03370327
K= 1716
8364.18934425
K= 1717
4800.36178161
K= 1718
5253.10159979
K= 1719
1285.21060559
K= 1720
4813.71402637
K= 1721
8357.8
K= 1722
9544.02190697
K= 1723
8360.0
K= 1724
4615.26219233
K= 1725
4951.41290388
K= 1726
8357.38748669
K= 1727
8826.0
K= 1728
4951.58801908
K= 1729
8353.68
K= 1730
8358.56
K= 1731
8358.91891892
K= 1732
8351.94594595
K= 1733
4684.25650828
K= 1734
4752.56550631
K= 1735
8360.31014092
K= 1736
4059.65257738
K= 1737
4749.43585945
K= 1738
8353.75
K= 1739
10056.3641158
K= 1740
4853.45281685
K= 1741
4134.35099317
K= 1742
4059.65257738
K= 1743
8350.75
K= 1744
4741.82583692
K= 1745
5354.66849146
K= 1746
8344.0
K= 1747
8358.38764443
K= 1748
4637.9885361
K= 1749
10332.9328769
K= 1750
5288.65034565
K= 1751
4934.79814692
K= 1752
8316.46348637
K= 1753
4199.65257738
K= 1754
8356.71794872
K= 1755
4936.25964987
K= 1756
5382.97889555
K= 1757
8357.55164354
K= 1758
8357.23966017
K= 1759
4027.83333333
K= 1760
5795.34490167
K= 1761
4961.16038743
K= 1762
4732.21664153
K= 1763
8349.84210526
K= 1764
4931.45529548
K= 1765
8356.95
K= 1766
8328.63633766
K= 1767
4296.68199617
K= 1768
4923.68541996
K= 1769
4693.32964083
K= 1770
7965.93704704
K= 1771
2228.00835032
K= 1772
4022.64615385
K= 1773
8359.0
K= 1774
4951.58801908
K= 1775
8827.0
K= 1776
14618.423162
K= 1777
8325.0
K= 1778
2100.79347682
K= 1779
4951.15986659
K= 1780
8328.91891892
K= 1781
8354.88888889
K= 1782
9800.12312294
K= 1783
4600.4166825
K= 1784
4950.9367134
K= 1785
8357.0
K= 1786
1341.58343263
K= 1787
8321.04441395
K= 1788
4687.13591383
K= 1789
4296.68199617
K= 1790
8233.25863556
K= 1791
4990.58176713
K= 1792
8354.0
K= 1793
5166.686477
K= 1794
4923.50197565
K= 1795
5773.12193405
K= 1796
694.152674556
K= 1797
9237.65353678
K= 1798
6037.2635264
K= 1799
9462.58042213
K= 1800
4899.59568404
K= 1801
5774.10241515
K= 1802
8394.0
K= 1803
9686.47294757
K= 1804
4912.12896078
K= 1805
2746.69540321
K= 1806
9330.6583289
K= 1807
4951.58801908
K= 1808
50881.8648169
K= 1809
4832.95282715
K= 1810
4951.44516194
K= 1811
1417.70022468
K= 1812
8356.75
K= 1813
4624.87925305
K= 1814
4898.21329237
K= 1815
4725.3774
K= 1816
4287.11132317
K= 1817
2184.36839488
K= 1818
4910.58517077
K= 1819
8355.0
K= 1820
16542.3354429
K= 1821
4700.73001021
K= 1822
4951.58801908
K= 1823
4127.03370327
K= 1824
4001.06100207
K= 1825
8359.0
K= 1826
16769.4973478
K= 1827
13785.6243937
K= 1828
8355.0
K= 1829
5249.59806797
K= 1830
5774.43574848
K= 1831
6449.48310994
K= 1832
4950.82884034
K= 1833
8360.31014092
K= 1834
8356.0
K= 1835
5043.65831277
K= 1836
8356.75
K= 1837
8358.0
K= 1838
5927.75762248
K= 1839
9069.74779285
K= 1840
4705.55845271
K= 1841
9833.97460878
K= 1842
5932.91726771
K= 1843
5008.07250572
K= 1844
8400.37603747
K= 1845
4983.66830699
K= 1846
4951.58801908
K= 1847
8355.0
K= 1848
5393.19890464
K= 1849
4963.2631541
K= 1850
4765.33729415
K= 1851
4296.68199617
K= 1852
4733.41739348
K= 1853
4059.65257738
K= 1854
7949.98230079
K= 1855
940.60756102
K= 1856
5236.17227287
K= 1857
4988.71373084
K= 1858
5027.53103486
K= 1859
8343.9047619
K= 1860
4296.68199617
K= 1861
8342.0
K= 1862
8358.0
K= 1863
8363.0
K= 1864
9351.94326328
K= 1865
8357.0
K= 1866
13730.3241044
K= 1867
8319.0
K= 1868
4296.68199617
K= 1869
1284.5618584
K= 1870
7737.88015711
K= 1871
4928.45459247
K= 1872
9119.42378315
K= 1873
4296.68199617
K= 1874
4703.2150149
K= 1875
4128.37816396
K= 1876
8357.0
K= 1877
4932.52002062
K= 1878
4714.36234529
K= 1879
4703.80203302
K= 1880
1059.92826834
K= 1881
8355.0
K= 1882
5016.9769792
K= 1883
5023.71065564
K= 1884
7520.05974883
K= 1885
5001.42360455
K= 1886
6538.3471224
K= 1887
4712.9256608
K= 1888
5187.78100832
K= 1889
8352.95652174
K= 1890
8827.0
K= 1891
5750.32031288
K= 1892
4849.55034147
K= 1893
8359.0
K= 1894
4193.65257738
K= 1895
4058.65257738
K= 1896
8354.64285714
K= 1897
8357.31014092
K= 1898
8356.75
K= 1899
6182.07186071
K= 1900
1990.63134416
K= 1901
4024.75
K= 1902
9120.995718
K= 1903
8355.56470588
K= 1904
1064.96253687
K= 1905
4651.60338189
K= 1906
4951.49710999
K= 1907
4890.35420374
K= 1908
4919.31683729
K= 1909
9746.76546763
K= 1910
4913.98181565
K= 1911
5198.66675879
K= 1912
4673.41693957
K= 1913
4952.75377283
K= 1914
8357.0
K= 1915
8351.0234991
K= 1916
8337.13707683
K= 1917
4967.29227484
K= 1918
4674.542572
K= 1919
8355.71760797
K= 1920
4030.92857143
K= 1921
8349.84210526
K= 1922
8337.04441395
K= 1923
8010.30515476
K= 1924
4765.59739997
K= 1925
1064.65822643
K= 1926
8424.32016917
K= 1927
8355.0
K= 1928
2387.34170507
K= 1929
5045.2337329
K= 1930
41494.7738697
K= 1931
5297.54375236
K= 1932
4938.13193406
K= 1933
8328.72727273
K= 1934
8348.93478261
K= 1935
5770.6342779
K= 1936
5459.08441892
K= 1937
4709.91876963
K= 1938
4728.88530225
K= 1939
4930.99295903
K= 1940
8336.0
K= 1941
5899.45076391
K= 1942
8353.0
K= 1943
1001.43931358
K= 1944
8358.0
K= 1945
8351.875
K= 1946
5055.26205339
K= 1947
4875.90879839
K= 1948
5810.27474916
K= 1949
5334.75804271
K= 1950
8356.0
K= 1951
4127.03370327
K= 1952
4296.68199617
K= 1953
8356.88888889
K= 1954
652.601152383
K= 1955
7976.48429812
K= 1956
8351.95774648
K= 1957
4686.07470367
K= 1958
9263.1808151
K= 1959
8358.0
K= 1960
1039.36357977
K= 1961
4902.91340964
K= 1962
9274.89165434
K= 1963
4841.07328483
K= 1964
8356.65164499
K= 1965
4866.5795707
K= 1966
4296.68199617
K= 1967
5511.56841641
K= 1968
4057.65257738
K= 1969
6529.25232287
K= 1970
8317.50142186
K= 1971
18337.9771504
K= 1972
8360.31014092
K= 1973
8322.43892186
K= 1974
8357.93793103
K= 1975
8357.95
K= 1976
5324.46126761
K= 1977
8329.0
K= 1978
8343.9047619
K= 1979
9114.77686954
K= 1980
8301.61022938
K= 1981
5275.16510905
K= 1982
4951.58801908
K= 1983
16714.6978934
K= 1984
5767.64556066
K= 1985
4790.56341202
K= 1986
4187.77900232
K= 1987
965.679370047
K= 1988
101275.090347
K= 1989
8358.0
K= 1990
5524.90313152
K= 1991
8416.81250703
K= 1992
8305.26324405
K= 1993
4766.38463012
K= 1994
8356.75
K= 1995
8322.43892186
K= 1996
8328.72727273
K= 1997
4846.53019183
K= 1998
4932.2831211
K= 1999
4951.58801908
K= 2000
4735.19827597
K= 2001
8357.71746032
K= 2002
8352.90322581
K= 2003
4296.68199617
K= 2004
8356.5
K= 2005
5217.92936998
K= 2006
15402.0650175
K= 2007
4043.29537945
K= 2008
8360.75880163
K= 2009
7806.25978592
K= 2010
4760.0498489
K= 2011
7733.46323269
K= 2012
4797.46716421
K= 2013
4771.8123608
K= 2014
4829.65308353
K= 2015
4127.03370327
K= 2016
7773.42633807
K= 2017
5235.05043201
K= 2018
4877.97600071
K= 2019
4891.16359813
K= 2020
5228.3074197
K= 2021
4964.05432474
K= 2022
4216.65257738
K= 2023
4849.05358225
K= 2024
5764.33310121
K= 2025
2416.56350213
K= 2026
8468.19363292
K= 2027
8356.95
K= 2028
5187.78100832
K= 2029
8353.66666667
K= 2030
9330.63496453
K= 2031
4746.17424569
K= 2032
36719.0250447
K= 2033
4945.14693354
K= 2034
12984.7602729
K= 2035
8353.76923077
K= 2036
18634.5211885
K= 2037
8323.30257613
K= 2038
8356.94736842
K= 2039
8357.95
K= 2040
6014.89951806
K= 2041
4296.68199617
K= 2042
10385.1408071
K= 2043
1013.52016485
K= 2044
5440.20127708
K= 2045
4164.68720652
K= 2046
4297.68199617
K= 2047
9443.29609673
K= 2048
8362.65164499
K= 2049
9764.71819369
K= 2050
4951.58801908
K= 2051
4099.0
K= 2052
4951.32135242
K= 2053
4951.58801908
K= 2054
4951.58801908
K= 2055
8358.0
K= 2056
8357.0
K= 2057
8350.87096774
K= 2058
9180.24788448
K= 2059
812.783916037
K= 2060
8352.90322581
K= 2061
16592.0
K= 2062
4796.44043835
K= 2063
5056.12316301
K= 2064
8363.0
K= 2065
8356.86666667
K= 2066
4951.12644185
K= 2067
5569.51202432
K= 2068
8357.0
K= 2069
4146.77093781
K= 2070
5171.78188497
K= 2071
5187.78100832
K= 2072
4635.79794198
K= 2073
512.120399334
K= 2074
4951.58801908
K= 2075
8353.89473684
K= 2076
4951.58801908
K= 2077
8329.04441395
K= 2078
5287.39409629
K= 2079
8827.0
K= 2080
8351.8
K= 2081
4899.14152361
K= 2082
8352.83333333
K= 2083
4809.14997031
K= 2084
5386.56186157
K= 2085
4807.3602047
K= 2086
8356.75
K= 2087
42334.2985934
K= 2088
8357.92307692
K= 2089
18599.8028194
K= 2090
4880.91997882
K= 2091
8356.66666667
K= 2092
12982.885435
K= 2093
8353.30575397
K= 2094
8329.15621858
K= 2095
9542.14447496
K= 2096
8346.96202532
K= 2097
9177.02635315
K= 2098
5845.59471394
K= 2099
8360.31014092
K= 2100
8827.0
K= 2101
8353.95774648
K= 2102
8357.95652174
K= 2103
12828.2628724
K= 2104
8311.43892186
K= 2105
8370.0
K= 2106
8357.44705882
K= 2107
8358.0
K= 2108
1194.32074659
K= 2109
4943.58417984
K= 2110
1240.45695632
K= 2111
4784.68852379
K= 2112
8827.0
K= 2113
4960.09169439
K= 2114
4717.49286794
K= 2115
8355.42666667
K= 2116
5086.14682211
K= 2117
8827.0
K= 2118
4688.4761678
K= 2119
9709.66539162
K= 2120
8358.0
K= 2121
8362.65164499
K= 2122
5195.05947031
K= 2123
8357.72727273
K= 2124
1586.40810084
K= 2125
1250.86615208
K= 2126
8827.0
K= 2127
8320.43892186
K= 2128
8353.0
K= 2129
7366.62901001
K= 2130
4951.58801908
K= 2131
5155.90299612
K= 2132
8347.85714286
K= 2133
4636.11311161
K= 2134
4815.31017365
K= 2135
5932.91726771
K= 2136
4296.68199617
K= 2137
5334.75804271
K= 2138
6272.97226543
K= 2139
4296.68199617
K= 2140
4766.74664864
K= 2141
18046.8961185
K= 2142
4296.68199617
K= 2143
4796.20931584
K= 2144
4951.58801908
K= 2145
4401.38349535
K= 2146
8347.83333333
K= 2147
5496.49323764
K= 2148
8411.63800148
K= 2149
4817.53637619
K= 2150
8358.0
K= 2151
8352.78787879
K= 2152
4059.65257738
K= 2153
4059.65257738
K= 2154
8330.04441395
K= 2155
4296.68199617
K= 2156
4951.58801908
K= 2157
4951.58801908
K= 2158
8349.84210526
K= 2159
16597.5105352
K= 2160
4043.86486486
K= 2161
22977.5382725
K= 2162
5014.18989373
K= 2163
6155.21527536
K= 2164
5794.00896111
K= 2165
8355.8
K= 2166
5194.5031326
K= 2167
8355.95
K= 2168
6668.70185743
K= 2169
8371.45105553
K= 2170
4691.99127248
K= 2171
8320.53565375
K= 2172
9183.04424427
K= 2173
2876.76995066
K= 2174
8355.5
K= 2175
4951.58801908
K= 2176
4859.40235717
K= 2177
5205.86752759
K= 2178
8358.0
K= 2179
4807.4852047
K= 2180
9304.76496746
K= 2181
7958.76007857
K= 2182
5342.67714669
K= 2183
4752.60996966
K= 2184
4951.58801908
K= 2185
8827.0
K= 2186
8358.0
K= 2187
4963.23185861
K= 2188
8471.11845947
K= 2189
8356.2885945
K= 2190
8414.13909952
K= 2191
1100.3041399
K= 2192
5079.09523532
K= 2193
20653.4164365
K= 2194
5037.74037199
K= 2195
8361.26022176
K= 2196
8357.45454545
K= 2197
5228.56793783
K= 2198
5166.74116316
K= 2199
5781.18801574
K= 2200
8356.24725663
K= 2201
12071.4833358
K= 2202
8827.0
K= 2203
9396.24846146
K= 2204
4714.008339
K= 2205
4644.06505267
K= 2206
4189.65257738
K= 2207
8359.31014092
K= 2208
4842.40325904
K= 2209
8353.88
K= 2210
8346.22815973
K= 2211
8356.75
K= 2212
847.096717428
K= 2213
4296.68199617
K= 2214
8311.16925707
K= 2215
12232.7297297
K= 2216
8363.17035564
K= 2217
4928.31880819
K= 2218
4844.24040294
K= 2219
4296.68199617
K= 2220
8827.0
K= 2221
4951.58801908
K= 2222
8365.22004255
K= 2223
5840.40856628
K= 2224
21535.3705336
K= 2225
8355.0
K= 2226
4951.58801908
K= 2227
4296.68199617
K= 2228
18167.6895663
K= 2229
52962.0
K= 2230
8350.0
K= 2231
10279.974455
K= 2232
4875.00945215
K= 2233
8343.9047619
K= 2234
8350.0
K= 2235
8358.0
K= 2236
8827.0
K= 2237
4647.15631949
K= 2238
5569.20783733
K= 2239
5210.80768272
K= 2240
4951.47690797
K= 2241
8351.0
K= 2242
4855.96587385
K= 2243
8358.0
K= 2244
8328.72727273
K= 2245
4704.08744996
K= 2246
4815.87760777
K= 2247
4965.24992236
K= 2248
5283.22457562
K= 2249
5165.36676079
K= 2250
8392.08574238
K= 2251
851.474463138
K= 2252
8357.94871795
K= 2253
1171.10466836
K= 2254
4710.03697566
K= 2255
13871.0850362
K= 2256
12896.5178265
K= 2257
8358.94871795
K= 2258
8358.0
K= 2259
4951.58801908
K= 2260
8827.0
K= 2261
4831.93641857
K= 2262
8359.0
K= 2263
4951.58801908
K= 2264
5212.93399313
K= 2265
4740.85977008
K= 2266
1027.23408111
K= 2267
8394.99586777
K= 2268
4714.18119884
K= 2269
4891.01948349
K= 2270
5064.94682969
K= 2271
8354.31014092
K= 2272
8345.85635037
K= 2273
4131.61931964
K= 2274
5832.3502107
K= 2275
12910.6067782
K= 2276
4681.36842104
K= 2277
8338.04441395
K= 2278
8338.15401384
K= 2279
4951.58801908
K= 2280
8352.55113872
K= 2281
8363.0
K= 2282
9080.91361053
K= 2283
5078.25336108
K= 2284
4970.64575791
K= 2285
4867.45451116
K= 2286
4678.65476595
K= 2287
8339.00259244
K= 2288
4959.65918957
K= 2289
8356.77254806
K= 2290
8358.0
K= 2291
264.332452272
K= 2292
8349.84210526
K= 2293
8362.65164499
K= 2294
4127.03370327
K= 2295
7751.45789002
K= 2296
1221.02508652
K= 2297
8358.0
K= 2298
4950.89635242
K= 2299
5234.1148029
K= 2300
8827.0
K= 2301
8357.0
K= 2302
5056.25768447
K= 2303
5294.58165839
K= 2304
8358.0
K= 2305
8360.31014092
K= 2306
4769.3407583
K= 2307
8316.43892186
K= 2308
8298.04441395
K= 2309
9065.94414438
K= 2310
8358.85714286
K= 2311
8362.65164499
K= 2312
8329.04441395
K= 2313
4951.58801908
K= 2314
8360.31014092
K= 2315
4191.263307
K= 2316
52962.0
K= 2317
8360.37082364
K= 2318
4809.21343899
K= 2319
1395.83550682
K= 2320
4893.9634103
K= 2321
8357.92857143
K= 2322
8336.9
K= 2323
679.275589057
K= 2324
4401.85468522
K= 2325
4877.31554865
K= 2326
5147.18485988
K= 2327
8360.31014092
K= 2328
4140.8555777
K= 2329
8363.0
K= 2330
4916.40572363
K= 2331
27081.9366241
K= 2332
7148.74833047
K= 2333
4874.42243385
K= 2334
5130.83732468
K= 2335
5219.33468824
K= 2336
8351.0
K= 2337
5003.11887269
K= 2338
8356.9047619
K= 2339
12951.1420409
K= 2340
5432.90429869
K= 2341
4296.68199617
K= 2342
4818.11872696
K= 2343
8385.50940235
K= 2344
4127.03370327
K= 2345
8357.92857143
K= 2346
8353.95890411
K= 2347
22927.8431027
K= 2348
8357.0
K= 2349
8357.92857143
K= 2350
8827.0
K= 2351
9280.93268371
K= 2352
5774.43574848
K= 2353
8394.0
K= 2354
8325.78125
K= 2355
4951.58801908
K= 2356
8342.0
K= 2357
4951.58801908
K= 2358
20863.2630791
K= 2359
4296.68199617
K= 2360
4290.47893263
K= 2361
4951.58801908
K= 2362
4127.03370327
K= 2363
4945.67859687
K= 2364
31518.8494029
K= 2365
5573.30278095
K= 2366
5433.58287012
K= 2367
9139.21232158
K= 2368
4984.43015029
K= 2369
8357.93918919
K= 2370
5227.65996786
K= 2371
8422.81250703
K= 2372
4679.19376385
K= 2373
8329.2626083
K= 2374
5062.23913583
K= 2375
6886.29982554
K= 2376
8355.68
K= 2377
5009.36031705
K= 2378
4296.68199617
K= 2379
3993.85714286
K= 2380
8351.71794872
K= 2381
8358.0
K= 2382
16707.4895238
K= 2383
4951.58801908
K= 2384
9104.32944888
K= 2385
4939.49939643
K= 2386
4945.02657037
K= 2387
6621.93429396
K= 2388
4925.59015268
K= 2389
8355.77777778
K= 2390
7661.17237509
K= 2391
4951.58801908
K= 2392
4747.76591103
K= 2393
8350.93975904
K= 2394
8343.9047619
K= 2395
4951.58801908
K= 2396
8329.0
K= 2397
4951.17568142
K= 2398
5580.64263991
K= 2399
5273.05751719
K= 2400
8358.0
K= 2401
7178.40251772
K= 2402
8359.87804878
K= 2403
8319.31662192
K= 2404
8827.0
K= 2405
5450.03826925
K= 2406
5064.94682969
K= 2407
5061.82462812
K= 2408
4069.91891892
K= 2409
10751.9998119
K= 2410
4709.72469781
K= 2411
5241.03921071
K= 2412
4673.24966247
K= 2413
8342.9
K= 2414
4689.43325108
K= 2415
8354.0
K= 2416
913.747365156
K= 2417
2022.27372551
K= 2418
12885.3055778
K= 2419
5540.18983828
K= 2420
5609.44213958
K= 2421
6410.0261923
K= 2422
4330.8638316
K= 2423
4305.91439171
K= 2424
4296.68199617
K= 2425
4511.27075119
K= 2426
8360.66964174
K= 2427
5538.2499792
K= 2428
12905.4752879
K= 2429
8323.43892186
K= 2430
8326.0
K= 2431
1038.95649387
K= 2432
4698.81759299
K= 2433
9247.52547162
K= 2434
6978.56489647
K= 2435
5325.17660072
K= 2436
12850.0700227
K= 2437
4207.65257738
K= 2438
8252.04126852
K= 2439
4703.15694005
K= 2440
8311.94594595
K= 2441
16709.6666667
K= 2442
5166.13092145
K= 2443
4951.58801908
K= 2444
5233.83321609
K= 2445
4570.05296313
K= 2446
4688.36504816
K= 2447
8347.94594595
K= 2448
4022.06666667
K= 2449
5255.56135437
K= 2450
8340.24525596
K= 2451
8356.9047619
K= 2452
4712.86710284
K= 2453
4232.00636284
K= 2454
5439.8996807
K= 2455
4296.68199617
K= 2456
8827.0
K= 2457
18169.0141915
K= 2458
4830.62757594
K= 2459
8336.82651138
K= 2460
4951.58801908
K= 2461
77044.2339664
K= 2462
10769.5545224
K= 2463
5201.1694191
K= 2464
8827.0
K= 2465
8354.86486486
K= 2466
8351.90755032
K= 2467
8323.43892186
K= 2468
4673.11333043
K= 2469
4928.31880819
K= 2470
8352.83333333
K= 2471
4064.91891892
K= 2472
5157.35617795
K= 2473
8350.07884857
K= 2474
9523.57982029
K= 2475
4567.71140915
K= 2476
4654.26120517
K= 2477
7263.20063299
K= 2478
4723.24992683
K= 2479
4574.3467681
K= 2480
5205.72510488
K= 2481
5523.3859595
K= 2482
8343.9047619
K= 2483
4951.58801908
K= 2484
8354.32626995
K= 2485
9571.31627672
K= 2486
8827.0
K= 2487
18176.6597724
K= 2488
5183.94984219
K= 2489
5789.94062297
K= 2490
8337.04441395
K= 2491
4127.03370327
K= 2492
4627.74123342
K= 2493
5198.70069445
K= 2494
8363.0
K= 2495
4957.78252122
K= 2496
5820.01806292
K= 2497
4951.58801908
K= 2498
4296.68199617
K= 2499
4982.08527798
K= 2500
4951.58801908
K= 2501
4951.58801908
K= 2502
4066.91891892
K= 2503
4939.55676266
K= 2504
4951.58801908
K= 2505
4951.58801908
K= 2506
4932.90140491
K= 2507
4951.58801908
K= 2508
5035.31266808
K= 2509
8353.9
K= 2510
5198.40418282
K= 2511
5493.26255612
K= 2512
8358.0
K= 2513
8357.0
K= 2514
4155.96228168
K= 2515
8334.0
K= 2516
12063.0
K= 2517
5850.78635986
K= 2518
4739.95621287
K= 2519
4951.58801908
K= 2520
10769.3354878
K= 2521
9050.86150636
K= 2522
4795.76910953
K= 2523
5440.4234993
K= 2524
4578.67742785
K= 2525
4911.65722974
K= 2526
8349.07092474
K= 2527
787.519448601
K= 2528
4727.86515658
K= 2529
8358.0
K= 2530
8358.0
K= 2531
4951.38599888
K= 2532
931.83084162
K= 2533
8354.88372093
K= 2534
9255.69114882
K= 2535
4039.0
K= 2536
8359.66666667
K= 2537
8322.43892186
K= 2538
8355.83333333
K= 2539
8353.93975904
K= 2540
5098.39075219
K= 2541
4774.68437918
K= 2542
4175.96957715
K= 2543
49635.384763
K= 2544
8394.0
K= 2545
8354.9
K= 2546
8355.88888889
K= 2547
8353.66666667
K= 2548
7779.62514089
K= 2549
4015.71370922
K= 2550
8827.0
K= 2551
4296.68199617
K= 2552
8358.0
K= 2553
9466.57984945
K= 2554
3431.05119331
K= 2555
8308.22158775
K= 2556
3384.93707847
K= 2557
6389.18909056
K= 2558
5323.63400067
K= 2559
1273.83316564
K= 2560
8334.06979279
K= 2561
4777.65094941
K= 2562
5072.14265929
K= 2563
5522.87168849
K= 2564
8325.04441395
K= 2565
17654.0
K= 2566
9662.19485691
K= 2567
8358.0
K= 2568
5433.09120262
K= 2569
5439.01169593
K= 2570
4128.03370327
K= 2571
8352.94285714
K= 2572
8358.0
K= 2573
8359.0
K= 2574
4844.22108445
K= 2575
13677.8666518
K= 2576
8318.0
K= 2577
4276.39113982
K= 2578
8827.0
K= 2579
8634.68199617
K= 2580
8358.0
K= 2581
14380.3766027
K= 2582
4936.12902852
K= 2583
6323.15707836
K= 2584
5036.54467952
K= 2585
4423.85693093
K= 2586
8826.0
K= 2587
4061.65257738
K= 2588
9458.84366133
K= 2589
8333.44300167
K= 2590
5316.10749086
K= 2591
8340.0
K= 2592
5771.13184135
K= 2593
5027.80227083
K= 2594
4951.58801908
K= 2595
6396.53054963
K= 2596
4127.03370327
K= 2597
884.26968509
K= 2598
8322.43892186
K= 2599
4027.875
K= 2600
8350.87397962
K= 2601
8353.96202532
K= 2602
6492.82753395
K= 2603
8355.71428571
K= 2604
1992.15073888
K= 2605
1754.00880885
K= 2606
7945.56788988
K= 2607
4296.68199617
K= 2608
10165.3877529
K= 2609
6626.73172122
K= 2610
8344.95652174
K= 2611
5781.60468241
K= 2612
4907.75049362
K= 2613
11078.3796765
K= 2614
8356.95652174
K= 2615
8343.9047619
K= 2616
4639.30836747
K= 2617
8343.9047619
K= 2618
9398.90191534
K= 2619
8827.0
K= 2620
8357.95774648
K= 2621
7943.68902575
K= 2622
4681.54224351
K= 2623
5393.36453809
K= 2624
4912.47806325
K= 2625
8356.75
K= 2626
8357.875
K= 2627
8395.98419399
K= 2628
9184.32496206
K= 2629
9235.38929992
K= 2630
8356.0
K= 2631
5475.61531474
K= 2632
1031.30474064
K= 2633
8827.0
K= 2634
8356.75
K= 2635
8353.9
K= 2636
8355.88888889
K= 2637
8349.95652174
K= 2638
8329.04441395
K= 2639
4127.03370327
K= 2640
4951.58801908
K= 2641
4296.68199617
K= 2642
8355.94594595
K= 2643
5015.88104481
K= 2644
8361.26022176
K= 2645
901.388189008
K= 2646
4667.0460422
K= 2647
4061.65257738
K= 2648
5227.65996786
K= 2649
8346.1287234
K= 2650
8352.85714286
K= 2651
5187.78100832
K= 2652
12850.5820104
K= 2653
4969.74974042
K= 2654
8325.0
K= 2655
9115.6486033
K= 2656
8350.0
K= 2657
5439.6751533
K= 2658
1800.0609324
K= 2659
8342.88235294
K= 2660
8355.94285714
K= 2661
6036.91732098
K= 2662
4127.03370327
K= 2663
9098.92131211
K= 2664
5773.26890107
K= 2665
8354.0
K= 2666
5438.52859189
K= 2667
5932.91726771
K= 2668
4878.42149878
K= 2669
4037.75211088
K= 2670
4813.90189536
K= 2671
5300.64821631
K= 2672
8827.0
K= 2673
8355.86486486
K= 2674
5216.20570183
K= 2675
5308.75438988
K= 2676
2708.8976927
K= 2677
4534.18128979
K= 2678
4127.03370327
K= 2679
7747.86542923
K= 2680
8357.92857143
K= 2681
5440.4234993
K= 2682
6657.21168081
K= 2683
4296.68199617
K= 2684
4296.68199617
K= 2685
4898.94969249
K= 2686
8394.0
K= 2687
4296.68199617
K= 2688
9673.50542076
K= 2689
8355.86486486
K= 2690
8341.36440596
K= 2691
8354.84210526
K= 2692
8384.6715586
K= 2693
202827.175169
K= 2694
8357.84210526
K= 2695
4058.86486486
K= 2696
9556.07090275
K= 2697
8349.16350302
K= 2698
5198.70069445
K= 2699
5231.93864314
K= 2700
4951.33801908
K= 2701
8353.98979413
K= 2702
5026.74786234
K= 2703
5754.44062719
K= 2704
4019.59558276
K= 2705
4752.72065111
K= 2706
5218.20516097
K= 2707
4243.65257738
K= 2708
4135.31074468
K= 2709
4951.58801908
K= 2710
10771.1237231
K= 2711
8358.91891892
K= 2712
4353.39501936
K= 2713
4791.58215959
K= 2714
4768.55252688
K= 2715
9336.51725791
K= 2716
8328.72727273
K= 2717
4059.65257738
K= 2718
13667.4764452
K= 2719
4770.22205032
K= 2720
4127.03370327
K= 2721
8319.63671429
K= 2722
8353.43996769
K= 2723
8357.95364238
K= 2724
8394.0
K= 2725
8427.45652174
K= 2726
5386.56186157
K= 2727
8349.0
K= 2728
4770.04200364
K= 2729
8356.85678307
K= 2730
8326.95864543
K= 2731
8350.87096774
K= 2732
8349.86111111
K= 2733
4600.57446678
K= 2734
8328.72727273
K= 2735
8358.0
K= 2736
8329.95
K= 2737
4951.58801908
K= 2738
7937.76007857
K= 2739
5386.56186157
K= 2740
8323.43892186
K= 2741
14120.7442832
K= 2742
4746.66711004
K= 2743
4951.58801908
K= 2744
13669.333916
K= 2745
36603.8920444
K= 2746
4296.68199617
K= 2747
5752.11433772
K= 2748
8355.86486486
K= 2749
8353.76923077
K= 2750
18204.3951537
K= 2751
4951.58801908
K= 2752
4951.58801908
K= 2753
5791.47603937
K= 2754
8355.84
K= 2755
2651.41675909
K= 2756
8345.84444444
K= 2757
19334.3721179
K= 2758
8395.52106479
K= 2759
8827.0
K= 2760
7816.43884723
K= 2761
5262.17000506
K= 2762
8358.0
K= 2763
3017.84339909
K= 2764
8344.91891892
K= 2765
4851.59891097
K= 2766
8357.0
K= 2767
8354.0
K= 2768
4809.36192779
K= 2769
4023.0
K= 2770
12831.8831568
K= 2771
4015.875
K= 2772
4808.01154716
K= 2773
9138.54305788
K= 2774
4756.38719559
K= 2775
8827.0
K= 2776
4602.97024875
K= 2777
1688.96810764
K= 2778
8358.1372549
K= 2779
4028.0
K= 2780
5029.89944453
K= 2781
5255.50253085
K= 2782
5793.49891062
K= 2783
4769.82446763
K= 2784
8348.75
K= 2785
8348.64841773
K= 2786
4951.58801908
K= 2787
8826.0
K= 2788
9925.26645457
K= 2789
4562.72151998
K= 2790
4820.05445034
K= 2791
8358.0
K= 2792
5781.93801574
K= 2793
5932.08393437
K= 2794
5214.81291072
K= 2795
4951.58801908
K= 2796
2022.18886067
K= 2797
18519.7305282
K= 2798
4639.96047726
K= 2799
27596.0321475
K= 2800
5175.5801707
K= 2801
8357.0
K= 2802
8356.81818182
K= 2803
9069.6657804
K= 2804
4296.68199617
K= 2805
4757.56541382
K= 2806
4951.58801908
K= 2807
5075.61329161
K= 2808
4957.23379981
K= 2809
5107.12846474
K= 2810
8360.31014092
K= 2811
5288.34122778
K= 2812
2035.3657461
K= 2813
1029.75240051
K= 2814
6611.67755881
K= 2815
4296.68199617
K= 2816
4622.2001083
K= 2817
8330.25823559
K= 2818
17300.0
K= 2819
5246.82177679
K= 2820
4154.74202049
K= 2821
8350.15992965
K= 2822
7788.19876257
K= 2823
8323.01413172
K= 2824
6163.04571014
K= 2825
8342.93181818
K= 2826
350.525328556
K= 2827
4110.0
K= 2828
4851.31573593
K= 2829
4769.64914951
K= 2830
4127.03370327
K= 2831
4296.68199617
K= 2832
5774.43574848
K= 2833
4723.24992683
K= 2834
5196.20004036
K= 2835
8827.0
K= 2836
25052.25
K= 2837
8350.02251859
K= 2838
8356.75
K= 2839
8353.0
K= 2840
4706.93433253
K= 2841
8350.75
K= 2842
8357.51098901
K= 2843
8314.43892186
K= 2844
4927.31327011
K= 2845
10189.295026
K= 2846
7674.76187178
K= 2847
5352.19446403
K= 2848
13976.9194092
K= 2849
685.704111238
K= 2850
4765.39889285
K= 2851
8407.12728876
K= 2852
8339.51139239
K= 2853
8358.0
K= 2854
5132.05365581
K= 2855
4108.0
K= 2856
9248.37226024
K= 2857
5777.99786744
K= 2858
8353.0
K= 2859
4635.08464699
K= 2860
7946.51007857
K= 2861
9901.09946785
K= 2862
8373.99287379
K= 2863
8356.64550506
K= 2864
5150.41794197
K= 2865
7902.29230769
K= 2866
8357.95
K= 2867
8354.91891892
K= 2868
1956.04499431
K= 2869
45129.5226012
K= 2870
4805.34796688
K= 2871
8360.88888889
K= 2872
8358.0
K= 2873
8353.0
K= 2874
5386.56186157
K= 2875
8343.75075381
K= 2876
4951.58801908
K= 2877
4951.58801908
K= 2878
4951.26579686
K= 2879
5007.80056774
K= 2880
5386.56186157
K= 2881
8358.0
K= 2882
8341.56444113
K= 2883
8354.92424242
K= 2884
8320.04441395
K= 2885
4361.5711726
K= 2886
5386.56186157
K= 2887
8330.2897251
K= 2888
5438.21444543
K= 2889
5028.14779493
K= 2890
4662.42806969
K= 2891
5196.20004036
K= 2892
4951.58801908
K= 2893
973.251531093
K= 2894
4296.68199617
K= 2895
7935.04176873
K= 2896
16703.8181818
K= 2897
8355.94594595
K= 2898
6172.95700544
K= 2899
1430.91628162
K= 2900
7806.050599
K= 2901
7713.20136036
K= 2902
7790.19876257
K= 2903
5386.56186157
K= 2904
4951.58801908
K= 2905
8359.66666667
K= 2906
8357.92857143
K= 2907
6214.10012673
K= 2908
8354.90996695
K= 2909
8358.31014092
K= 2910
12871.5042405
K= 2911
4759.41364403
K= 2912
8337.6317507
K= 2913
4779.34228999
K= 2914
4127.03370327
K= 2915
8360.31014092
K= 2916
5167.81604142
K= 2917
8289.60659863
K= 2918
8356.0
K= 2919
9056.01393361
K= 2920
4951.58801908
K= 2921
8827.0
K= 2922
8353.0
K= 2923
4951.58801908
K= 2924
19336.1825288
K= 2925
6163.54571014
K= 2926
16564.6568244
K= 2927
8343.0
K= 2928
8342.0
K= 2929
4865.72072671
K= 2930
6089.85278735
K= 2931
1385.42523145
K= 2932
4951.58801908
K= 2933
8355.86486486
K= 2934
5018.72776584
K= 2935
4780.49055666
K= 2936
1579.50333952
K= 2937
5249.49806797
K= 2938
5472.80956443
K= 2939
4821.93447461
K= 2940
5038.97332642
K= 2941
6744.2449612
K= 2942
40786.1422896
K= 2943
4907.1787741
K= 2944
4989.18189697
K= 2945
4089.9047619
K= 2946
8357.92857143
K= 2947
4043.86486486
K= 2948
5210.82483354
K= 2949
4951.58801908
K= 2950
4296.68199617
K= 2951
10333.7873555
K= 2952
8321.6541866
K= 2953
7817.1055139
K= 2954
4029.0
K= 2955
5072.28959463
K= 2956
4296.68199617
K= 2957
4286.34443183
K= 2958
8358.0
K= 2959
5560.25434371
K= 2960
4032.92857143
K= 2961
8355.0
K= 2962
4951.58801908
K= 2963
8284.78896843
K= 2964
8354.0
K= 2965
4810.11587287
K= 2966
8358.0
K= 2967
9901.17603817
K= 2968
2559.90186054
K= 2969
5932.91726771
K= 2970
8358.0
K= 2971
8359.86666667
K= 2972
4296.68199617
K= 2973
4915.4389035
K= 2974
4720.50574925
K= 2975
4958.84011258
K= 2976
8326.95890411
K= 2977
8341.36142189
K= 2978
4023.00100516
K= 2979
4951.58801908
K= 2980
4929.70091552
K= 2981
4025.75
K= 2982
4951.58801908
K= 2983
5263.55366962
K= 2984
5120.67123441
K= 2985
4067.91891892
K= 2986
4834.73782305
K= 2987
8361.26022176
K= 2988
8477.03370327
K= 2989
4127.03370327
K= 2990
8356.0
K= 2991
4296.68199617
K= 2992
4733.6526338
K= 2993
5166.74116316
K= 2994
18174.8352329
K= 2995
5166.74116316
K= 2996
8325.04441395
K= 2997
1138.31142408
K= 2998
8623.17708176
K= 2999
5253.252907
K= 3000
4562.73361227
K= 3001
8356.64352941
K= 3002
9152.80469136
K= 3003
4724.7144564
K= 3004
8352.46666667
K= 3005
8331.46522824
K= 3006
5162.36070449
K= 3007
4127.03370327
K= 3008
13760.8883116
K= 3009
5699.24273391
K= 3010
8363.0
K= 3011
8348.8115942
K= 3012
8352.55113872
K= 3013
4707.12442697
K= 3014
4951.49710999
K= 3015
8358.0
K= 3016
8358.0
K= 3017
5721.4057585
K= 3018
5334.62617458
K= 3019
8352.90909091
K= 3020
5210.82483354
K= 3021
4039.84210526
K= 3022
4906.99912931
K= 3023
8356.0
K= 3024
8357.9047619
K= 3025
1376.55853181
K= 3026
5829.18307439
K= 3027
8354.0
K= 3028
4670.8690174
K= 3029
4296.68199617
K= 3030
8302.875
K= 3031
8353.0
K= 3032
9685.37639121
K= 3033
13863.9317835
K= 3034
5576.05457215
K= 3035
5226.59823947
K= 3036
8420.36768811
K= 3037
8827.0
K= 3038
5201.1694191
K= 3039
4952.75872985
K= 3040
5165.78088552
K= 3041
4127.03370327
K= 3042
8360.92
K= 3043
4127.03370327
K= 3044
4099.0
K= 3045
4615.78840586
K= 3046
4688.46028343
K= 3047
9166.21700521
K= 3048
4825.74708175
K= 3049
5089.20950902
K= 3050
8346.86436819
K= 3051
9252.40533198
K= 3052
4951.58801908
K= 3053
5865.39027798
K= 3054
4969.4492161
K= 3055
8358.0
K= 3056
4951.58801908
K= 3057
4296.68199617
K= 3058
8355.75
K= 3059
4951.58801908
K= 3060
4951.58801908
K= 3061
8355.83333333
K= 3062
762.008839441
K= 3063
8356.9
K= 3064
8358.0
K= 3065
4296.68199617
K= 3066
8350.875
K= 3067
4859.48212981
K= 3068
4743.10682648
K= 3069
8332.04441395
K= 3070
8354.0
K= 3071
5241.35050192
K= 3072
8358.0
K= 3073
8827.0
K= 3074
8827.0
K= 3075
9135.74808986
K= 3076
4805.23605162
K= 3077
1304.24055059
K= 3078
8358.0
K= 3079
8328.72727273
K= 3080
4927.44402946
K= 3081
5585.77510296
K= 3082
4844.03292005
K= 3083
8626.17182208
K= 3084
4296.68199617
K= 3085
4978.2603851
K= 3086
4971.19474436
K= 3087
5121.90333218
K= 3088
5386.56186157
K= 3089
8426.76028327
K= 3090
1429.58629544
K= 3091
8328.72727273
K= 3092
8358.91891892
K= 3093
5249.37584574
K= 3094
8323.43892186
K= 3095
5383.93932867
K= 3096
5009.14682322
K= 3097
5201.50235346
K= 3098
4951.58801908
K= 3099
27436.594936
K= 3100
4832.61230018
K= 3101
10771.1237231
K= 3102
8346.90996695
K= 3103
8374.46756648
K= 3104
4880.77730459
K= 3105
4951.58801908
K= 3106
5427.53518079
K= 3107
8341.65164499
K= 3108
8356.88888889
K= 3109
4976.75706511
K= 3110
8352.8
K= 3111
8827.0
K= 3112
4296.68199617
K= 3113
8569.0
K= 3114
9409.44608287
K= 3115
5196.10004036
K= 3116
5083.83245066
K= 3117
8306.16239246
K= 3118
52962.0
K= 3119
5386.2701949
K= 3120
4654.97822998
K= 3121
8355.56470588
K= 3122
4727.16112671
K= 3123
8357.0
K= 3124
52962.0
K= 3125
8359.0
K= 3126
8353.94339623
K= 3127
407.265280792
K= 3128
8367.21441414
K= 3129
19230.3316564
K= 3130
8354.0
K= 3131
1303.82259107
K= 3132
1071.76780323
K= 3133
18159.7559345
K= 3134
4593.90836564
K= 3135
8250.00144197
K= 3136
5769.23091887
K= 3137
5200.63782006
K= 3138
4101.65257738
K= 3139
8358.0
K= 3140
8333.26543324
K= 3141
4951.58801908
K= 3142
4755.66111265
K= 3143
4068.0
K= 3144
5461.39975606
K= 3145
5041.2298371
K= 3146
8323.43892186
K= 3147
4296.68199617
K= 3148
4891.10028689
K= 3149
6645.8498684
K= 3150
5203.7364815
K= 3151
8355.5
K= 3152
8312.68020974
K= 3153
7886.57209382
K= 3154
4059.65257738
K= 3155
8359.0
K= 3156
4951.58801908
K= 3157
7746.00163881
K= 3158
4956.65068087
K= 3159
2313.1102352
K= 3160
8314.36773337
K= 3161
5176.6240995
K= 3162
4897.10571729
K= 3163
8351.90909091
K= 3164
4816.15380283
K= 3165
8615.24877675
K= 3166
8353.0
K= 3167
9658.84280746
K= 3168
8827.0
K= 3169
4604.69739032
K= 3170
8356.8
K= 3171
644.722504046
K= 3172
5472.15044043
K= 3173
8827.0
K= 3174
9445.07379629
K= 3175
5197.98882248
K= 3176
4202.65257738
K= 3177
5614.26557927
K= 3178
9495.60006805
K= 3179
5212.60461328
K= 3180
7926.76007857
K= 3181
4059.65257738
K= 3182
5198.94713262
K= 3183
8355.86486486
K= 3184
1296.86864132
K= 3185
6171.95700544
K= 3186
9535.82227113
K= 3187
4641.86431345
K= 3188
4773.00288197
K= 3189
4617.8662661
K= 3190
4687.71741714
K= 3191
8827.0
K= 3192
5290.23368566
K= 3193
8356.0
K= 3194
4871.79613527
K= 3195
8328.72727273
K= 3196
8417.51757578
K= 3197
12707.0
K= 3198
4648.43041857
K= 3199
8354.63562753
K= 3200
4775.31950279
K= 3201
5212.43803866
K= 3202
8359.66666667
K= 3203
5294.70665839
K= 3204
5427.36851412
K= 3205
8360.31014092
K= 3206
4296.68199617
K= 3207
9556.13308886
K= 3208
4059.65257738
K= 3209
8827.0
K= 3210
11056.4576065
K= 3211
8358.0
K= 3212
10770.7237231
K= 3213
4296.68199617
K= 3214
8353.92063492
K= 3215
8358.0
K= 3216
1130.40425635
K= 3217
4296.68199617
K= 3218
4666.03043254
K= 3219
5071.42432084
K= 3220
4636.84343253
K= 3221
8337.84688708
K= 3222
4134.97786299
K= 3223
849.97505139
K= 3224
36343.2744504
K= 3225
5130.3308057
K= 3226
8344.0730618
K= 3227
8826.0
K= 3228
52962.0
K= 3229
5440.4234993
K= 3230
5233.62647172
K= 3231
8354.90909091
K= 3232
5771.53574848
K= 3233
8356.88888889
K= 3234
8356.0
K= 3235
81512.2562652
K= 3236
8827.0
K= 3237
5005.17239999
K= 3238
5774.43574848
K= 3239
4860.90777737
K= 3240
8358.0
K= 3241
9479.71969786
K= 3242
49520.4048444
K= 3243
7330.18781548
K= 3244
8328.72727273
K= 3245
8356.9047619
K= 3246
31660.8191751
K= 3247
4296.68199617
K= 3248
8358.91891892
K= 3249
8346.75293758
K= 3250
5334.75804271
K= 3251
8317.52983095
K= 3252
5288.65034565
K= 3253
5212.93399313
K= 3254
8359.66666667
K= 3255
9476.83108045
K= 3256
4839.09258705
K= 3257
4951.58801908
K= 3258
10757.7658427
K= 3259
5032.08394951
K= 3260
4609.70383289
K= 3261
8328.72727273
K= 3262
5294.70665839
K= 3263
8357.93793103
K= 3264
7535.43680346
K= 3265
52962.0
K= 3266
5334.75804271
K= 3267
1581.16024267
K= 3268
4742.8854829
K= 3269
5182.06471843
K= 3270
8827.0
K= 3271
4574.203976
K= 3272
4127.03370327
K= 3273
8357.94871795
K= 3274
8327.04441395
K= 3275
4296.68199617
K= 3276
8336.21257181
K= 3277
4748.15421506
K= 3278
4839.40643391
K= 3279
4756.08901063
K= 3280
1371.01384957
K= 3281
4951.58801908
K= 3282
8325.2962668
K= 3283
9226.54764164
K= 3284
8356.83333333
K= 3285
9378.72164637
K= 3286
5247.9784759
K= 3287
4059.65257738
K= 3288
8403.23041084
K= 3289
8353.0
K= 3290
4797.40322741
K= 3291
9136.94910027
K= 3292
973.251531093
K= 3293
4814.56668606
K= 3294
6035.54762401
K= 3295
8422.81250703
K= 3296
8352.8627451
K= 3297
8357.96202532
K= 3298
8349.0
K= 3299
4951.21301908
K= 3300
4619.18105228
K= 3301
5371.4201189
K= 3302
4296.68199617
K= 3303
4951.58801908
K= 3304
15084.0732417
K= 3305
8353.85714286
K= 3306
5200.82948673
K= 3307
8355.69862848
K= 3308
5433.58287012
K= 3309
8356.8
K= 3310
5249.59806797
K= 3311
5433.58287012
K= 3312
4950.71301908
K= 3313
4282.69081785
K= 3314
8356.75
K= 3315
5013.5668262
K= 3316
8357.68
K= 3317
4842.32633597
K= 3318
8343.9047619
K= 3319
5440.4234993
K= 3320
4759.43111802
K= 3321
8350.92105263
K= 3322
4296.68199617
K= 3323
4809.32210216
K= 3324
9224.84422773
K= 3325
4757.58547768
K= 3326
4755.67538126
K= 3327
17716.0412493
K= 3328
4718.4200115
K= 3329
4753.26188307
K= 3330
4818.10241677
K= 3331
7955.01007857
K= 3332
8356.88888889
K= 3333
5764.66643455
K= 3334
4951.49710999
K= 3335
4059.65257738
K= 3336
18158.7983792
K= 3337
8341.0
K= 3338
4137.64516512
K= 3339
16696.6587796
K= 3340
5023.61505341
K= 3341
4155.0
K= 3342
8827.0
K= 3343
11281.415801
K= 3344
5234.22006605
K= 3345
8345.36637821
K= 3346
8333.23354567
K= 3347
4637.06896306
K= 3348
8321.0
K= 3349
17654.0
K= 3350
8343.0
K= 3351
5241.1282797
K= 3352
36259.6819143
K= 3353
4951.58801908
K= 3354
17654.0
K= 3355
4858.00334875
K= 3356
4966.21622623
K= 3357
13674.6946626
K= 3358
4048.9047619
K= 3359
33134.7639108
K= 3360
4003.17011285
K= 3361
8355.75
K= 3362
5334.75804271
K= 3363
8357.87272727
K= 3364
4296.68199617
K= 3365
4296.68199617
K= 3366
4951.58801908
K= 3367
8353.875
K= 3368
5054.19134483
K= 3369
4985.94998332
K= 3370
8343.9047619
K= 3371
8358.0
K= 3372
4680.3471408
K= 3373
8355.0
K= 3374
5440.4234993
K= 3375
4131.65578275
K= 3376
5385.88594948
K= 3377
8358.0
K= 3378
6160.87904348
K= 3379
4059.65257738
K= 3380
4957.78252122
K= 3381
8343.9047619
K= 3382
4128.03370327
K= 3383
4296.68199617
K= 3384
8348.76190476
K= 3385
8335.3088612
K= 3386
8360.31014092
K= 3387
4296.68199617
K= 3388
4296.68199617
K= 3389
8351.0
K= 3390
4728.11880239
K= 3391
5632.1623624
K= 3392
8424.04535664
K= 3393
8356.8358209
K= 3394
5932.91726771
K= 3395
8357.0
K= 3396
8328.88523208
K= 3397
4296.68199617
K= 3398
8330.12969579
K= 3399
8350.46522824
K= 3400
8827.0
K= 3401
8827.0
K= 3402
8348.90909091
K= 3403
8357.77865613
K= 3404
8355.8
K= 3405
1052.29009143
K= 3406
932.036469297
K= 3407
8358.65059142
K= 3408
5191.02070511
K= 3409
4679.33379375
K= 3410
8354.83333333
K= 3411
4769.8460084
K= 3412
4809.3650076
K= 3413
4946.19867155
K= 3414
8358.0
K= 3415
4587.13132629
K= 3416
7804.02634723
K= 3417
4721.83355637
K= 3418
4951.58801908
K= 3419
4955.91781968
K= 3420
4974.88858519
K= 3421
4607.0600666
K= 3422
8340.94871795
K= 3423
4951.58801908
K= 3424
8360.92
K= 3425
8343.8247996
K= 3426
8357.0
K= 3427
4678.64469196
K= 3428
5385.8951949
K= 3429
4619.8741754
K= 3430
8360.31014092
K= 3431
4814.12426901
K= 3432
8356.8
K= 3433
5241.35050192
K= 3434
4732.61522937
K= 3435
5931.85844418
K= 3436
7712.86802702
K= 3437
8343.60645161
K= 3438
5523.3859595
K= 3439
4296.68199617
K= 3440
4296.68199617
K= 3441
7342.74240679
K= 3442
4951.58801908
K= 3443
4899.83751026
K= 3444
8827.0
K= 3445
8358.0
K= 3446
8827.0
K= 3447
5440.19987945
K= 3448
8302.90909091
K= 3449
4785.24406157
K= 3450
5770.97489141
K= 3451
8827.0
K= 3452
9488.74904423
K= 3453
4951.49710999
K= 3454
8318.79029867
K= 3455
5433.58287012
K= 3456
5386.56186157
K= 3457
5197.18500693
K= 3458
4296.68199617
K= 3459
4951.58801908
K= 3460
8360.31014092
K= 3461
4951.58801908
K= 3462
8353.90697674
K= 3463
8358.68
K= 3464
4876.08391993
K= 3465
5020.17241129
K= 3466
5154.20569994
K= 3467
6754.73015024
K= 3468
1632.29271604
K= 3469
4296.68199617
K= 3470
13533.4936301
K= 3471
9219.57350697
K= 3472
8353.94285714
K= 3473
8357.84210526
K= 3474
4932.73327841
K= 3475
4296.68199617
K= 3476
8356.16666667
K= 3477
3553.21194332
K= 3478
9415.99404188
K= 3479
4754.82926414
K= 3480
8343.9047619
K= 3481
8336.0
K= 3482
8348.0
K= 3483
5251.59752352
K= 3484
4822.80745864
K= 3485
4878.64954338
K= 3486
4991.78282466
K= 3487
4127.03370327
K= 3488
4127.03370327
K= 3489
4951.58801908
K= 3490
7944.17511125
K= 3491
22793.1559301
K= 3492
8827.0
K= 3493
15578.936041
K= 3494
8827.0
K= 3495
8357.92857143
K= 3496
8350.66343644
K= 3497
8355.0
K= 3498
4975.36591996
K= 3499
5203.0672351
K= 3500
4840.01645531
K= 3501
4039.84210526
K= 3502
4296.68199617
K= 3503
4059.65257738
K= 3504
8367.75075381
K= 3505
8357.94871795
K= 3506
4059.65257738
K= 3507
4023.0
K= 3508
4932.89814442
K= 3509
4951.49710999
K= 3510
8357.46031746
K= 3511
5772.24458872
K= 3512
4296.68199617
K= 3513
5299.80059726
K= 3514
4618.02205621
K= 3515
5059.95790604
K= 3516
5932.91726771
K= 3517
916.632132157
K= 3518
9116.1368273
K= 3519
9160.16227841
K= 3520
4684.67349263
K= 3521
4296.68199617
K= 3522
4951.58801908
K= 3523
4296.68199617
K= 3524
5489.47806368
K= 3525
4950.32135242
K= 3526
4948.2853733
K= 3527
8357.91428571
K= 3528
5022.08635374
K= 3529
4127.03370327
K= 3530
4188.06839166
K= 3531
8429.59636182
K= 3532
8354.88888889
K= 3533
5450.09234623
K= 3534
5772.25684135
K= 3535
1780.58117081
K= 3536
4951.58801908
K= 3537
4127.03370327
K= 3538
5288.65034565
K= 3539
8339.15992965
K= 3540
8283.7530215
K= 3541
8330.0
K= 3542
9899.55947301
K= 3543
6534.88484725
K= 3544
8827.0
K= 3545
8329.04441395
K= 3546
8827.0
K= 3547
4296.68199617
K= 3548
4802.0164886
K= 3549
4951.58801908
K= 3550
4127.03370327
K= 3551
5031.15824627
K= 3552
5423.73159373
K= 3553
4951.58801908
K= 3554
8348.02481362
K= 3555
4951.58801908
K= 3556
8358.0
K= 3557
5522.72780599
K= 3558
9528.31034458
K= 3559
8301.43892186
K= 3560
4627.24380665
K= 3561
4677.37655375
K= 3562
4856.99674825
K= 3563
8353.88
K= 3564
9189.31201891
K= 3565
8357.76923077
K= 3566
4878.60371429
K= 3567
8355.0
K= 3568
8319.18037325
K= 3569
8359.0
K= 3570
4296.68199617
K= 3571
4296.68199617
K= 3572
8323.43892186
K= 3573
8357.0
K= 3574
4200.6508292
K= 3575
8355.85714286
K= 3576
4296.68199617
K= 3577
4773.09152613
K= 3578
8358.0
K= 3579
5824.55830716
K= 3580
8357.95890411
K= 3581
32578.1817773
K= 3582
8354.85714286
K= 3583
8360.31014092
K= 3584
8323.43892186
K= 3585
6163.54571014
K= 3586
4131.74966224
K= 3587
8358.0
K= 3588
4687.82589693
K= 3589
5089.72629334
K= 3590
6908.04758744
K= 3591
12823.0
K= 3592
8827.0
K= 3593
8362.13439997
K= 3594
5151.86349726
K= 3595
4041.0
K= 3596
4855.76355974
K= 3597
8330.20378477
K= 3598
4296.68199617
K= 3599
4997.36487023
K= 3600
5293.95951475
K= 3601
4723.16081706
K= 3602
8343.0
K= 3603
3958.95936003
K= 3604
8361.8712766
K= 3605
8344.07403572
K= 3606
4063.65257738
K= 3607
1941.20530012
K= 3608
8827.0
K= 3609
13962.6706981
K= 3610
8827.0
K= 3611
8324.91891892
K= 3612
8324.0
K= 3613
8334.14243411
K= 3614
5281.93001901
K= 3615
8352.0
K= 3616
9231.92218253
K= 3617
4127.03370327
K= 3618
4901.22207879
K= 3619
8347.965289
K= 3620
5037.01004079
K= 3621
4797.54787763
K= 3622
5038.06930447
K= 3623
6168.07788456
K= 3624
8353.0
K= 3625
4577.25580006
K= 3626
8359.54363636
K= 3627
8356.75
K= 3628
6918.18926938
K= 3629
4008.95652174
K= 3630
4592.00489753
K= 3631
8312.65533871
K= 3632
8354.93975904
K= 3633
4678.18886398
K= 3634
8358.0
K= 3635
4951.58801908
K= 3636
5279.57500163
K= 3637
5251.59752352
K= 3638
4612.49421842
K= 3639
8358.0
K= 3640
5404.99464342
K= 3641
4562.96551796
K= 3642
2072.52165673
K= 3643
4059.65257738
K= 3644
4988.16166854
K= 3645
5217.80572927
K= 3646
8357.31014092
K= 3647
7363.09952042
K= 3648
5540.18983828
K= 3649
8349.0
K= 3650
8356.75
K= 3651
8351.89795918
K= 3652
8358.0
K= 3653
154445.498839
K= 3654
4068.87804878
K= 3655
8360.31014092
K= 3656
3995.0
K= 3657
8352.90909091
K= 3658
8303.77488148
K= 3659
5377.90319133
K= 3660
4296.68199617
K= 3661
4806.50149301
K= 3662
4951.42135242
K= 3663
8359.66666667
K= 3664
8358.0
K= 3665
4901.7805659
K= 3666
4984.42855157
K= 3667
8330.04441395
K= 3668
8827.0
K= 3669
4662.07438233
K= 3670
18237.1526112
K= 3671
4051.65257738
K= 3672
8347.94871795
K= 3673
4296.68199617
K= 3674
4897.77729833
K= 3675
5294.70665839
K= 3676
8341.5687616
K= 3677
4600.01693886
K= 3678
8358.0
K= 3679
12451.0914581
K= 3680
4949.39602665
K= 3681
4916.47070175
K= 3682
4434.72758407
K= 3683
12259.1301901
K= 3684
18069.9507208
K= 3685
5932.91726771
K= 3686
5210.32943379
K= 3687
8277.51307995
K= 3688
4296.68199617
K= 3689
5070.3117172
K= 3690
7615.35731231
K= 3691
8357.92857143
K= 3692
8289.84313725
K= 3693
5220.78486075
K= 3694
9164.99575701
K= 3695
5537.6257186
K= 3696
2988.1243779
K= 3697
8343.9047619
K= 3698
8355.90909091
K= 3699
4713.25496669
K= 3700
4012.95454546
K= 3701
7950.76098779
K= 3702
5385.990433
K= 3703
4980.0606826
K= 3704
4984.43015029
K= 3705
8358.0
K= 3706
5760.6283593
K= 3707
5774.43574848
K= 3708
4753.55520654
K= 3709
4611.04735987
K= 3710
8282.64832357
K= 3711
4815.19907651
K= 3712
8356.5
K= 3713
4666.33918711
K= 3714
12810.7878136
K= 3715
4143.00635839
K= 3716
9352.84258046
K= 3717
8357.95777733
K= 3718
4704.14240638
K= 3719
8827.0
K= 3720
23435.8710145
K= 3721
4990.42091414
K= 3722
8420.38130942
K= 3723
8302.49812643
K= 3724
4157.0199854
K= 3725
8352.85714286
K= 3726
8358.0
K= 3727
5251.59752352
K= 3728
7743.71089813
K= 3729
12824.0987256
K= 3730
5130.83732468
K= 3731
4708.97033772
K= 3732
10230.5139527
K= 3733
5437.71169593
K= 3734
8355.85714286
K= 3735
8347.93975904
K= 3736
8337.53744871
K= 3737
4148.06632149
K= 3738
8306.34429861
K= 3739
8827.0
K= 3740
8356.85714286
K= 3741
4951.58801908
K= 3742
4672.95741491
K= 3743
5294.07902473
K= 3744
9266.16070499
K= 3745
5231.58560185
K= 3746
5781.82036868
K= 3747
1357.96007119
K= 3748
9225.43008143
K= 3749
8355.96202532
K= 3750
4992.2485958
K= 3751
4951.58801908
K= 3752
4766.05443158
K= 3753
1683.62614109
K= 3754
6152.55250836
K= 3755
4010.55714286
K= 3756
4612.28293435
K= 3757
4867.45451116
K= 3758
8827.0
K= 3759
973.251531093
K= 3760
6544.66026294
K= 3761
4951.25468575
K= 3762
45452.7215988
K= 3763
8375.70690525
K= 3764
4296.68199617
K= 3765
9044.6188904
K= 3766
4059.65257738
K= 3767
8360.31014092
K= 3768
1805.79537382
K= 3769
8355.4880956
K= 3770
5195.81960347
K= 3771
4831.4081831
K= 3772
4857.28575283
K= 3773
8357.0
K= 3774
5772.25684135
K= 3775
5263.3846953
K= 3776
4799.50463876
K= 3777
4994.9036102
K= 3778
8357.0
K= 3779
5249.59806797
K= 3780
4505.6431267
K= 3781
8358.0
K= 3782
5769.75579054
K= 3783
8327.95652174
K= 3784
8356.75
K= 3785
4296.68199617
K= 3786
5554.92413705
K= 3787
9463.06838175
K= 3788
5200.63717904
K= 3789
4951.58801908
K= 3790
8311.61241047
K= 3791
8356.75
K= 3792
5007.98666925
K= 3793
8354.94594595
K= 3794
5210.43137769
K= 3795
4951.58801908
K= 3796
9211.77026172
K= 3797
8324.18162394
K= 3798
8356.75
K= 3799
7783.60501068
K= 3800
5424.17603817
K= 3801
8358.0
K= 3802
4643.68785739
K= 3803
8827.0
K= 3804
4315.68659301
K= 3805
9195.38723846
K= 3806
4945.9037423
K= 3807
4686.78706151
K= 3808
7799.59773082
K= 3809
4915.0141247
K= 3810
8827.0
K= 3811
8350.46522824
K= 3812
5393.73272389
K= 3813
11013.8194899
K= 3814
4787.37427454
K= 3815
2896.29195316
K= 3816
9312.33585433
K= 3817
8358.56163524
K= 3818
8357.94285714
K= 3819
8353.0
K= 3820
4796.53744422
K= 3821
7817.1055139
K= 3822
5223.85370782
K= 3823
8827.0
K= 3824
8330.05095338
K= 3825
8827.0
K= 3826
13692.7298025
K= 3827
4824.65362482
K= 3828
10285.6504236
K= 3829
8361.22134515
K= 3830
5212.93399313
K= 3831
8344.29926981
K= 3832
5499.54461083
K= 3833
4799.69320764
K= 3834
5759.88167999
K= 3835
4951.00468575
K= 3836
4884.71807215
K= 3837
8356.20512821
K= 3838
8345.67460696
K= 3839
8348.09457778
K= 3840
1377.21457105
K= 3841
8361.26022176
K= 3842
8827.0
K= 3843
4951.58801908
K= 3844
1295.57040288
K= 3845
4883.30578476
K= 3846
4951.58801908
K= 3847
8342.99442728
K= 3848
4886.58942945
K= 3849
740.297639524
K= 3850
8350.80603448
K= 3851
5856.12384362
K= 3852
8353.0
K= 3853
4622.59392157
K= 3854
13851.6087521
K= 3855
8357.92857143
K= 3856
8328.72727273
K= 3857
5212.72576132
K= 3858
8327.41290575
K= 3859
4817.83319979
K= 3860
6472.58849378
K= 3861
4626.10848595
K= 3862
8355.56470588
K= 3863
10708.2090388
K= 3864
18533.8738253
K= 3865
8354.42666667
K= 3866
8827.0
K= 3867
4951.58801908
K= 3868
7836.83810561
K= 3869
8357.76190476
K= 3870
5925.37497251
K= 3871
9393.60326385
K= 3872
8401.2392849
K= 3873
4059.65257738
K= 3874
4820.91199462
K= 3875
4916.70806308
K= 3876
4951.58801908
K= 3877
4951.58801908
K= 3878
8358.0
K= 3879
9168.26903415
K= 3880
4960.7857355
K= 3881
4786.44967197
K= 3882
4922.70367159
K= 3883
4296.68199617
K= 3884
75989.363141
K= 3885
8352.85714286
K= 3886
4951.58801908
K= 3887
4778.60570277
K= 3888
1109.53192152
K= 3889
4955.96225938
K= 3890
8350.87096774
K= 3891
4128.14638904
K= 3892
8258.60659863
K= 3893
9379.17183137
K= 3894
4856.92096269
K= 3895
4028.0
K= 3896
4951.58801908
K= 3897
4093.65257738
K= 3898
12789.3787035
K= 3899
4042.64285714
K= 3900
8827.0
K= 3901
4901.50680175
K= 3902
8362.65164499
K= 3903
8356.83333333
K= 3904
402.295652666
K= 3905
8331.50006524
K= 3906
8356.99847719
K= 3907
10390.4000807
K= 3908
8359.0
K= 3909
8357.8
K= 3910
8358.0
K= 3911
4951.49710999
K= 3912
18233.6400922
K= 3913
8358.0
K= 3914
5440.4234993
K= 3915
5384.81186157
K= 3916
8363.0
K= 3917
8354.7826087
K= 3918
4059.65257738
K= 3919
4951.58801908
K= 3920
5725.00370028
K= 3921
4977.42462012
K= 3922
4050.0
K= 3923
8345.0
K= 3924
8332.47649744
K= 3925
4911.65722974
K= 3926
12783.2320601
K= 3927
7076.71156732
K= 3928
4795.46228554
K= 3929
7780.77903325
K= 3930
4704.59068646
K= 3931
8109.14713988
K= 3932
5249.59806797
K= 3933
5541.64865178
K= 3934
5294.70665839
K= 3935
8356.0
K= 3936
4951.58801908
K= 3937
4600.2296814
K= 3938
50580.7253127
K= 3939
8358.40364315
K= 3940
5774.43574848
K= 3941
8358.5739474
K= 3942
8323.43892186
K= 3943
4084.14383877
K= 3944
5077.6985404
K= 3945
7789.19876257
K= 3946
4026.87804878
K= 3947
8356.52717994
K= 3948
5386.50630601
K= 3949
3998.03370327
K= 3950
8353.89473684
K= 3951
18528.8534164
K= 3952
8029.7454167
K= 3953
5683.02824106
K= 3954
5440.4234993
K= 3955
5197.51892465
K= 3956
7985.46877012
K= 3957
9589.21376187
K= 3958
8333.95878619
K= 3959
4296.68199617
K= 3960
8827.0
K= 3961
8322.43892186
K= 3962
5830.41836552
K= 3963
4951.27004673
K= 3964
5774.43574848
K= 3965
10046.6095499
K= 3966
8357.76923077
K= 3967
4845.73869053
K= 3968
13644.1741063
K= 3969
8354.60952381
K= 3970
4670.93161786
K= 3971
8334.72441395
K= 3972
8356.95424837
K= 3973
9697.03278862
K= 3974
4849.09392621
K= 3975
4168.05222178
K= 3976
5771.19017468
K= 3977
4065.65257738
K= 3978
5008.57061166
K= 3979
4951.58801908
K= 3980
8356.95
K= 3981
8354.0
K= 3982
8328.72727273
K= 3983
5200.45448673
K= 3984
4953.20859153
K= 3985
5197.09652715
K= 3986
8356.66666667
K= 3987
6455.48413198
K= 3988
5234.22006605
K= 3989
4127.03370327
K= 3990
16703.0
K= 3991
5518.41885556
K= 3992
8350.15992965
K= 3993
5240.461953
K= 3994
4127.03370327
K= 3995
5498.40179714
K= 3996
8359.0
K= 3997
8332.04441395
K= 3998
6560.59732809
K= 3999
6394.51135539
K= 4000
5476.37369062
K= 4001
8357.0
K= 4002
8349.56147152
K= 4003
8355.94285714
K= 4004
9116.92591294
K= 4005
8357.92857143
K= 4006
5774.20275773
K= 4007
8058.91456532
K= 4008
4951.58801908
K= 4009
8355.71428571
K= 4010
817.065347133
K= 4011
5440.1734993
K= 4012
8356.60645161
K= 4013
8294.61241047
K= 4014
4069.07444335
K= 4015
8343.0
K= 4016
8328.72727273
K= 4017
8827.0
K= 4018
4065.65257738
K= 4019
8356.53571429
K= 4020
12126.5149254
K= 4021
1328.0903486
K= 4022
8827.0
K= 4023
4844.72847745
K= 4024
4296.68199617
K= 4025
8352.875
K= 4026
8363.0
K= 4027
9901.17603817
K= 4028
5034.20611261
K= 4029
8350.87096774
K= 4030
4747.76114798
K= 4031
6102.30575692
K= 4032
8357.0
K= 4033
4999.57096312
K= 4034
8827.0
K= 4035
6322.07572814
K= 4036
12751.044414
K= 4037
8357.95890411
K= 4038
8354.92424242
K= 4039
8353.80603448
K= 4040
8357.9047619
K= 4041
4296.68199617
K= 4042
8337.04441395
K= 4043
8356.49404762
K= 4044
6245.53909774
K= 4045
8343.9047619
K= 4046
4748.26988378
K= 4047
1372.84662593
K= 4048
8422.31087015
K= 4049
5232.30704644
K= 4050
4951.58801908
K= 4051
31916.0884784
K= 4052
4296.68199617
K= 4053
4296.68199617
K= 4054
4654.64473299
K= 4055
4269.1420359
K= 4056
8325.04441395
K= 4057
5423.81295857
K= 4058
5038.06930447
K= 4059
4951.58801908
K= 4060
8358.0
K= 4061
4744.29373708
K= 4062
8353.92105263
K= 4063
5134.71009108
K= 4064
4296.68199617
K= 4065
8327.20378477
K= 4066
8349.84210526
K= 4067
5161.59065086
K= 4068
8359.0
K= 4069
1113.67557125
K= 4070
8827.0
K= 4071
8356.0
K= 4072
5932.91726771
K= 4073
5334.50804271
K= 4074
5556.10985133
K= 4075
12931.4860198
K= 4076
5003.43623312
K= 4077
5403.33811967
K= 4078
12876.1139903
K= 4079
5386.56186157
K= 4080
8358.4472524
K= 4081
4917.6886255
K= 4082
5227.55996786
K= 4083
178977.376288
K= 4084
8358.89655172
K= 4085
4662.73719936
K= 4086
9796.54912756
K= 4087
8352.0
K= 4088
8355.77865613
K= 4089
8347.66666667
K= 4090
4038.66666667
K= 4091
8337.0
K= 4092
4951.58801908
K= 4093
8359.0
K= 4094
4800.29511495
K= 4095
8350.875
K= 4096
8360.31014092
K= 4097
5697.20581554
K= 4098
5294.25366694
K= 4099
4982.2164308
K= 4100
4874.45274041
K= 4101
8355.83333333
K= 4102
5038.7450081
K= 4103
4694.30957124
K= 4104
691.822835203
K= 4105
8359.31014092
K= 4106
5322.53206535
K= 4107
4924.71105645
K= 4108
8354.0
K= 4109
8827.0
K= 4110
5056.86478405
K= 4111
8356.94714979
K= 4112
8312.95890411
K= 4113
4997.92229944
K= 4114
4928.31880819
K= 4115
8356.49404762
K= 4116
4578.79974977
K= 4117
5193.01320189
K= 4118
8357.94285714
K= 4119
1613.15620723
K= 4120
10888.7192029
K= 4121
8342.95774648
K= 4122
4069.0443092
K= 4123
14107.4764704
K= 4124
4127.05222179
K= 4125
8350.0
K= 4126
4612.50603569
K= 4127
8356.01538462
K= 4128
8352.90322581
K= 4129
5004.30462745
K= 4130
8347.15612242
K= 4131
5440.15077203
K= 4132
20853.2441884
K= 4133
4842.40325904
K= 4134
8314.91202768
K= 4135
8359.0
K= 4136
8355.86111111
K= 4137
8356.75
K= 4138
8357.92857143
K= 4139
4849.28432567
K= 4140
5199.15728628
K= 4141
8827.0
K= 4142
4296.68199617
K= 4143
6466.70521009
K= 4144
8357.0
K= 4145
8328.72727273
K= 4146
8358.0
K= 4147
8323.43892186
K= 4148
8357.94594595
K= 4149
4201.65257738
K= 4150
8356.0
K= 4151
12150.3281818
K= 4152
4833.85831523
K= 4153
5164.96337888
K= 4154
4720.03453286
K= 4155
8313.8371259
K= 4156
22837.579393
K= 4157
926.259577193
K= 4158
4842.40325904
K= 4159
2984.86361498
K= 4160
8353.64285714
K= 4161
4599.15580559
K= 4162
8358.0
K= 4163
8350.15992965
K= 4164
8357.1
K= 4165
4836.08804694
K= 4166
8358.0
K= 4167
6321.65707836
K= 4168
8353.92857143
K= 4169
5771.13574848
K= 4170
6089.85278735
K= 4171
5903.1536293
K= 4172
16705.75
K= 4173
5296.0553523
K= 4174
8301.29776019
K= 4175
8386.21598093
K= 4176
9277.82550228
K= 4177
5251.59752352
K= 4178
12981.3776596
K= 4179
8349.61022938
K= 4180
8355.86486486
K= 4181
8350.86486486
K= 4182
19777.0323469
K= 4183
8325.0
K= 4184
4166.34488879
K= 4185
4647.23465504
K= 4186
8359.0
K= 4187
4843.18391897
K= 4188
8354.83333333
K= 4189
5092.71627176
K= 4190
9130.82113948
K= 4191
5605.51607426
K= 4192
7485.78693944
K= 4193
4564.25601554
K= 4194
9130.38539166
K= 4195
4296.68199617
K= 4196
9764.4715529
K= 4197
4951.58801908
K= 4198
4601.41660542
K= 4199
4796.53744422
K= 4200
8360.31014092
K= 4201
4836.13661994
K= 4202
4800.13937546
K= 4203
4951.58801908
K= 4204
8995.51834385
K= 4205
5386.56186157
K= 4206
16103.1126143
K= 4207
4795.35494673
K= 4208
8827.0
K= 4209
13676.6775184
K= 4210
8357.0
K= 4211
8312.72727273
K= 4212
8359.0
K= 4213
4061.65257738
K= 4214
4963.96847218
K= 4215
4153.04089009
K= 4216
4951.58801908
K= 4217
8334.0
K= 4218
5146.39281682
K= 4219
4348.81878995
K= 4220
9427.78252122
K= 4221
7533.17597966
K= 4222
4851.94819683
K= 4223
8349.88670619
K= 4224
4853.06522433
K= 4225
8327.59459459
K= 4226
5773.03190233
K= 4227
8354.53683314
K= 4228
8315.19815601
K= 4229
4708.73551325
K= 4230
4951.58801908
K= 4231
2534.61154784
K= 4232
4070.91891892
K= 4233
4951.58801908
K= 4234
4598.10037988
K= 4235
8346.92857143
K= 4236
5187.40600505
K= 4237
5063.26682969
K= 4238
54102.4556001
K= 4239
4749.38340573
K= 4240
10512.926651
K= 4241
7340.57736551
K= 4242
9261.82843511
K= 4243
18673.1794402
K= 4244
4815.37369353
K= 4245
4894.09342405
K= 4246
6149.25625738
K= 4247
8357.96202532
K= 4248
4798.18826613
K= 4249
5774.43574848
K= 4250
8357.0
K= 4251
8361.57430025
K= 4252
8318.43892186
K= 4253
4039.0
K= 4254
4296.68199617
K= 4255
4951.58801908
K= 4256
8329.39666074
K= 4257
4084.91891892
K= 4258
8363.0
K= 4259
4658.72507481
K= 4260
4736.69017557
K= 4261
5190.03560707
K= 4262
4127.03370327
K= 4263
9023.22405087
K= 4264
8360.77841225
K= 4265
4951.58801908
K= 4266
4848.88458598
K= 4267
8356.94736842
K= 4268
4950.41965825
K= 4269
4152.29584467
K= 4270
8353.85714286
K= 4271
8313.95890411
K= 4272
8827.0
K= 4273
4951.58801908
K= 4274
4296.68199617
K= 4275
4733.49174977
K= 4276
5235.35104496
K= 4277
4842.32633597
K= 4278
4756.42942428
K= 4279
8359.83333333
K= 4280
8350.0
K= 4281
5026.74786234
K= 4282
17654.0
K= 4283
4633.05813721
K= 4284
8358.0
K= 4285
4796.32159372
K= 4286
3626.67084593
K= 4287
17716.0412493
K= 4288
8534.75390022
K= 4289
6566.20731666
K= 4290
4136.03370327
K= 4291
4592.83430567
K= 4292
4963.86201705
K= 4293
5573.57061773
K= 4294
5907.53648256
K= 4295
5702.03478154
K= 4296
8355.0
K= 4297
8827.0
K= 4298
8328.72727273
K= 4299
4805.33114651
K= 4300
8354.75
K= 4301
8358.0
K= 4302
4805.99306053
K= 4303
5349.58615389
K= 4304
9826.70096269
K= 4305
8345.94117647
K= 4306
5553.78106484
K= 4307
4977.65819867
K= 4308
4951.58801908
K= 4309
5213.7483614
K= 4310
8350.0
K= 4311
4997.38903311
K= 4312
4296.68199617
K= 4313
5531.54976793
K= 4314
9310.32525802
K= 4315
5202.9945425
K= 4316
8290.60675403
K= 4317
4982.33923929
K= 4318
4951.58801908
K= 4319
4869.60268804
K= 4320
8323.43892186
K= 4321
8340.94285714
K= 4322
4832.82140995
K= 4323
4961.41887815
K= 4324
5117.85126889
K= 4325
4629.7368687
K= 4326
5264.16202875
K= 4327
8284.80243196
K= 4328
4639.04177351
K= 4329
4804.01403928
K= 4330
18414.0602614
K= 4331
8360.86937844
K= 4332
5839.70849311
K= 4333
22650.8141273
K= 4334
4951.58801908
K= 4335
8328.0
K= 4336
1085.30135877
K= 4337
4666.58629913
K= 4338
4912.09061358
K= 4339
8343.9047619
K= 4340
4951.58801908
K= 4341
9351.8492898
K= 4342
4059.65257738
K= 4343
6404.3449423
K= 4344
8355.37398253
K= 4345
5054.07982645
K= 4346
4584.50073825
K= 4347
8358.91891892
K= 4348
8357.0
K= 4349
4951.58801908
K= 4350
7292.68296183
K= 4351
4843.26370832
K= 4352
5166.98437579
K= 4353
8358.0
K= 4354
4310.05222178
K= 4355
4099.0
K= 4356
8826.0
K= 4357
5200.55675946
K= 4358
5260.62929627
K= 4359
5204.18348611
K= 4360
4372.68603666
K= 4361
4834.45006128
K= 4362
8355.91428571
K= 4363
4632.98133008
K= 4364
4024.0
K= 4365
8359.66666667
K= 4366
5824.21150857
K= 4367
13962.332694
K= 4368
5433.32346151
K= 4369
5182.85368758
K= 4370
8357.94871795
K= 4371
8351.91891892
K= 4372
5040.17079687
K= 4373
8357.90909091
K= 4374
4069.0
K= 4375
7975.39574337
K= 4376
9340.5198653
K= 4377
8356.66666667
K= 4378
4066.91891892
K= 4379
4127.03370327
K= 4380
15265.1108297
K= 4381
4127.03370327
K= 4382
8355.75
K= 4383
5213.53528513
K= 4384
22842.28979
K= 4385
4951.58801908
K= 4386
4835.42855163
K= 4387
8348.0
K= 4388
8354.9
K= 4389
12234.75
K= 4390
4655.03854559
K= 4391
5233.82720891
K= 4392
5604.35416946
K= 4393
4828.72371531
K= 4394
8424.92748027
K= 4395
5108.56321267
K= 4396
8827.0
K= 4397
8358.32484466
K= 4398
4951.58801908
K= 4399
8345.92727273
K= 4400
9855.24307638
K= 4401
4127.03370327
K= 4402
8356.75
K= 4403
5291.1725343
K= 4404
8827.0
K= 4405
4951.58801908
K= 4406
5196.23188099
K= 4407
8358.0
K= 4408
4026.0
K= 4409
4951.58801908
K= 4410
4127.03370327
K= 4411
8355.0
K= 4412
10053.0620697
K= 4413
5210.69983354
K= 4414
8359.0
K= 4415
4149.8638316
K= 4416
4066.91891892
K= 4417
4836.1902191
K= 4418
4951.58801908
K= 4419
5670.15054105
K= 4420
8320.0
K= 4421
4608.21350285
K= 4422
7758.18428026
K= 4423
4780.62711102
K= 4424
4767.91576386
K= 4425
8357.0
K= 4426
8357.92857143
K= 4427
4129.61962125
K= 4428
4951.58801908
K= 4429
5321.26912156
K= 4430
4059.65257738
K= 4431
4770.91569953
K= 4432
5472.26440506
K= 4433
10770.4570565
K= 4434
1836.97274661
K= 4435
5607.22456036
K= 4436
5540.18983828
K= 4437
5932.06012485
K= 4438
8353.89473684
K= 4439
7781.95980741
K= 4440
13698.0789131
K= 4441
8357.66666667
K= 4442
19301.872415
K= 4443
4620.8171685
K= 4444
5214.81291072
K= 4445
8356.95774648
K= 4446
4296.68199617
K= 4447
8394.0
K= 4448
8325.22839816
K= 4449
8827.0
K= 4450
4951.58801908
K= 4451
4781.24577159
K= 4452
13837.0662559
K= 4453
5382.75502396
K= 4454
8827.0
K= 4455
9305.73253462
K= 4456
4951.58801908
K= 4457
9209.17996767
K= 4458
8360.31014092
K= 4459
4623.20624273
K= 4460
4127.03370327
K= 4461
2442.77924441
K= 4462
8422.60813451
K= 4463
8331.91914613
K= 4464
5211.2082495
K= 4465
1082.77253186
K= 4466
5197.63430926
K= 4467
8355.31014092
K= 4468
4951.58801908
K= 4469
4032.92
K= 4470
8359.66666667
K= 4471
14264.7497979
K= 4472
5272.77688934
K= 4473
4855.08711189
K= 4474
5210.64301536
K= 4475
8355.0
K= 4476
24871.1356339
K= 4477
4296.68199617
K= 4478
8354.92424242
K= 4479
5386.56186157
K= 4480
8356.0
K= 4481
4951.58801908
K= 4482
1218.80207455
K= 4483
8350.87096774
K= 4484
8331.04441395
K= 4485
8353.1287234
K= 4486
4066.90909091
K= 4487
4951.58801908
K= 4488
1156.50299887
K= 4489
8358.0
K= 4490
2531.97730917
K= 4491
5205.42595866
K= 4492
8356.0
K= 4493
23331.4460766
K= 4494
5292.73232836
K= 4495
3993.85714286
K= 4496
4832.04317537
K= 4497
1653.60557164
K= 4498
16736.0
K= 4499
8351.0
K= 4500
8324.1561783
K= 4501
2716.84401994
K= 4502
5135.12474459
K= 4503
4624.13154043
K= 4504
9439.49479142
K= 4505
4914.14256434
K= 4506
14026.7296353
K= 4507
4679.87101369
K= 4508
5772.25036484
K= 4509
8343.9047619
K= 4510
4296.68199617
K= 4511
8357.0
K= 4512
6045.61226721
K= 4513
8354.63562753
K= 4514
5275.89361935
K= 4515
8356.94594595
K= 4516
4951.58801908
K= 4517
5205.42595866
K= 4518
1191.3491184
K= 4519
8310.0550335
K= 4520
8356.93975904
K= 4521
5426.49296465
K= 4522
8357.95652174
K= 4523
8357.0
K= 4524
8356.75
K= 4525
4942.13944761
K= 4526
4826.38900814
K= 4527
8357.0
K= 4528
13684.1540902
K= 4529
5039.93718188
K= 4530
4951.58801908
K= 4531
8358.0
K= 4532
5210.65816688
K= 4533
4671.23395132
K= 4534
4999.00617806
K= 4535
4130.78756411
K= 4536
8351.9047619
K= 4537
6140.50590899
K= 4538
4714.41707585
K= 4539
4951.58801908
K= 4540
12776.9779918
K= 4541
4310.1048096
K= 4542
4951.49710999
K= 4543
4613.18824551
K= 4544
4296.68199617
K= 4545
8356.0
K= 4546
8350.0
K= 4547
8359.0
K= 4548
8346.92016317
K= 4549
9099.63313088
K= 4550
4952.87691616
K= 4551
4296.68199617
K= 4552
4066.91891892
K= 4553
4143.53285785
K= 4554
10146.7712339
K= 4555
4305.91439171
K= 4556
4731.66703072
K= 4557
8827.0
K= 4558
4064.0
K= 4559
8354.9047619
K= 4560
4296.68199617
K= 4561
8358.0
K= 4562
4951.36579686
K= 4563
8278.04441395
K= 4564
4127.03370327
K= 4565
4758.73260658
K= 4566
8349.91891892
K= 4567
4613.3305447
K= 4568
8327.0
K= 4569
8319.0
K= 4570
4296.68199617
K= 4571
32050.9427987
K= 4572
7958.76007857
K= 4573
16692.8630137
K= 4574
4296.68199617
K= 4575
6945.84809509
K= 4576
8323.56590599
K= 4577
8357.0
K= 4578
4296.68199617
K= 4579
4754.56161457
K= 4580
12922.2695731
K= 4581
4984.29615764
K= 4582
8631.53527374
K= 4583
8348.52743902
K= 4584
9308.57565384
K= 4585
4954.91715074
K= 4586
4654.79639553
K= 4587
2934.59212319
K= 4588
8103.20716506
K= 4589
8343.0
K= 4590
2073.01821917
K= 4591
6553.67324266
K= 4592
4676.80953233
K= 4593
4700.39493322
K= 4594
9209.46428931
K= 4595
5762.71258839
K= 4596
4951.58801908
K= 4597
8354.56470588
K= 4598
8358.0
K= 4599
5288.65034565
K= 4600
8827.0
K= 4601
5241.15050192
K= 4602
8343.9047619
K= 4603
4778.72867961
K= 4604
5389.80592433
K= 4605
8356.0
K= 4606
8331.45405467
K= 4607
8343.12076011
K= 4608
5019.5988158
K= 4609
8359.0
K= 4610
5433.58287012
K= 4611
4945.0827435
K= 4612
8209.78139229
K= 4613
4296.68199617
K= 4614
5201.1694191
K= 4615
8352.04832373
K= 4616
4567.44034836
K= 4617
8353.0
Betweenness Centrality Improvement
[ 5280.30371312  4770.42648703  4719.20048254 ...,  4567.44034836  8353.
     0.        ]
Top 20 BC Improvement
[2693 4083 1352 3653  498 1988  646 3235 2461 3884  222 1104 4238 3265 3118
 2316 2229 3228 3124 1808]
