txValue= 100
Our nodes starting connections: 
(4618, 2796)
(4618, 1223)
(4618, 235)
(4618, 1163)
(4618, 2693)
(4618, 4083)
(4618, 1352)
(4618, 3653)
(4618, 498)
(4618, 1988)
(4618, 646)
K= 2300
8827.0
K= 2301
8150.0
K= 2302
5205.05459041
K= 2303
5510.99705082
K= 2304
8151.0
K= 2305
3670.54227186
K= 2306
4837.8201346
K= 2307
8047.4799686
K= 2308
8104.22017608
K= 2309
4672.15425462
K= 2310
8152.71428571
K= 2311
8155.42444085
K= 2312
8101.06459427
K= 2313
5107.682401
K= 2314
3670.54227186
K= 2315
4004.86156526
K= 2316
52962.0
K= 2317
8155.9739866
K= 2318
4882.23799401
K= 2319
2081.44032887
K= 2320
4989.4360032
K= 2321
8151.85714286
K= 2322
8049.62245062
K= 2323
1071.36892838
K= 2324
4380.95386668
K= 2325
4978.67197947
K= 2326
5313.97771947
K= 2327
3670.54227186
K= 2328
3929.27313629
K= 2329
8157.0
K= 2330
5025.69316939
K= 2331
13980.8984631
K= 2332
7384.94913255
K= 2333
5034.71632242
K= 2334
5303.38270918
K= 2335
5399.53982859
K= 2336
8146.0
K= 2337
5124.92750222
K= 2338
8149.41811741
K= 2339
12783.2602091
K= 2340
5614.20348877
K= 2341
4085.65832338
K= 2342
4900.97389838
K= 2343
8196.75306149
K= 2344
3909.44892701
K= 2345
8150.85714286
K= 2346
8146.91780822
K= 2347
23264.0433682
K= 2348
8150.0
K= 2349
8150.85714286
K= 2350
8827.0
K= 2351
9409.91409365
K= 2352
5973.50106552
K= 2353
3753.05222541
K= 2354
3683.60599088
K= 2355
5107.682401
K= 2356
8150.51428571
K= 2357
5107.682401
K= 2358
17381.2000199
K= 2359
4085.65832338
K= 2360
4080.96835537
K= 2361
5107.682401
K= 2362
3909.44892701
K= 2363
5090.17143864
K= 2364
27374.1803797
K= 2365
5730.03297506
K= 2366
5615.0368221
K= 2367
9251.47091463
K= 2368
5117.38774946
K= 2369
3717.6835741
K= 2370
5410.98078562
K= 2371
8205.6444163
K= 2372
4787.8613573
K= 2373
8076.56210957
K= 2374
5202.93200389
K= 2375
7114.14613871
K= 2376
8181.93883048
K= 2377
5199.34622077
K= 2378
4085.65832338
K= 2379
3786.71428571
K= 2380
8145.55128205
K= 2381
8151.0
K= 2382
16327.2395843
K= 2383
5107.682401
K= 2384
4695.0084442
K= 2385
5092.55907696
K= 2386
5069.42296361
K= 2387
9436.73013281
K= 2388
5037.15137772
K= 2389
8148.55555556
K= 2390
7699.36119953
K= 2391
5107.682401
K= 2392
4843.17431449
K= 2393
8145.87951807
K= 2394
3694.80268903
K= 2395
5107.682401
K= 2396
8143.26059961
K= 2397
5113.95048024
K= 2398
5816.14487468
K= 2399
5458.4937428
K= 2400
8151.0
K= 2401
7380.07286562
K= 2402
8152.75609756
K= 2403
8079.73721278
K= 2404
8827.0
K= 2405
5496.04120916
K= 2406
5207.47273729
K= 2407
5239.58691778
K= 2408
3883.53413123
K= 2409
10998.4059229
K= 2410
4822.52102464
K= 2411
5434.12665886
K= 2412
4740.47946974
K= 2413
3713.81426517
K= 2414
4733.73649725
K= 2415
8147.0
K= 2416
1269.50557566
K= 2417
2537.69773362
K= 2418
12255.9780854
K= 2419
5768.65880451
K= 2420
5827.23541792
K= 2421
6684.41877231
K= 2422
4118.74848827
K= 2423
4098.26280468
K= 2424
4085.65832338
K= 2425
4534.89157604
K= 2426
8155.46615649
K= 2427
1346.65880451
K= 2428
12727.5090467
K= 2429
8054.23711146
K= 2430
8136.09274632
K= 2431
1511.41839638
K= 2432
4814.90684021
K= 2433
9361.14964822
K= 2434
10129.0222353
K= 2435
5524.62480538
K= 2436
12653.479415
K= 2437
3999.30792509
K= 2438
8119.57642232
K= 2439
4780.00065176
K= 2440
8124.84556698
K= 2441
16297.3333333
K= 2442
5332.9010458
K= 2443
5107.682401
K= 2444
5403.34537858
K= 2445
4642.52502375
K= 2446
4728.53493001
K= 2447
8142.89189189
K= 2448
3815.51754408
K= 2449
5444.31549504
K= 2450
8146.1562822
K= 2451
8144.1159913
K= 2452
4769.44031823
K= 2453
4303.96574557
K= 2454
5638.45734564
K= 2455
4085.65832338
K= 2456
8827.0
K= 2457
13897.9920204
K= 2458
4913.37456352
K= 2459
8189.18477885
K= 2460
5107.682401
K= 2461
77827.0721666
K= 2462
11184.9926325
K= 2463
5376.60156878
K= 2464
8827.0
K= 2465
8150.72972973
K= 2466
8137.96670007
K= 2467
8054.23711146
K= 2468
4737.60614128
K= 2469
5078.75792258
K= 2470
8147.66666667
K= 2471
3814.53413123
K= 2472
5329.78896878
K= 2473
8083.54522517
K= 2474
9718.46463399
K= 2475
4599.48423166
K= 2476
4713.39201537
K= 2477
7369.62735402
K= 2478
4811.28289294
K= 2479
4601.8268353
K= 2480
5407.10896606
K= 2481
5749.89867928
K= 2482
3694.80268903
K= 2483
5107.682401
K= 2484
3770.61743526
K= 2485
9727.88535488
K= 2486
8827.0
K= 2487
13843.6789988
K= 2488
5355.65708651
K= 2489
6014.47013667
K= 2490
8106.15207107
K= 2491
3909.44892701
K= 2492
4707.08826537
K= 2493
5373.99884202
K= 2494
8157.0
K= 2495
5111.89255614
K= 2496
8758.07934532
K= 2497
5107.682401
K= 2498
4085.65832338
K= 2499
5103.40156314
K= 2500
5107.682401
K= 2501
5107.682401
K= 2502
3816.53413123
K= 2503
5062.95930764
K= 2504
5107.682401
K= 2505
5107.682401
K= 2506
5048.2815194
K= 2507
5107.682401
K= 2508
5151.84254702
K= 2509
8146.8
K= 2510
5375.22108406
K= 2511
5774.46598767
K= 2512
8151.0
K= 2513
3773.1708468
K= 2514
3943.20406851
K= 2515
3703.0
K= 2516
11743.4654927
K= 2517
6091.59019611
K= 2518
4855.84142823
K= 2519
5107.682401
K= 2520
11178.2979481
K= 2521
8995.70873607
K= 2522
4866.95607322
K= 2523
5652.62108165
K= 2524
4615.01810078
K= 2525
5019.18656376
K= 2526
3721.83294212
K= 2527
1171.6503399
K= 2528
4898.22288917
K= 2529
8151.0
K= 2530
8157.0
K= 2531
5107.88849862
K= 2532
1531.15817661
K= 2533
8147.59899334
K= 2534
9329.31210497
K= 2535
3818.52089151
K= 2536
3631.30740036
K= 2537
8053.23711146
K= 2538
8148.66666667
K= 2539
8146.87951807
K= 2540
5228.22618216
K= 2541
4828.74013571
K= 2542
4027.46203297
K= 2543
41361.2305502
K= 2544
3753.05222541
K= 2545
8149.8
K= 2546
8148.77777778
K= 2547
8148.33333333
K= 2548
7768.63860287
K= 2549
3804.95694613
K= 2550
8827.0
K= 2551
4085.65832338
K= 2552
8151.0
K= 2553
9475.04013485
K= 2554
5015.53411487
K= 2555
8132.05780643
K= 2556
5543.59797852
K= 2557
6651.24876731
K= 2558
5515.15055709
K= 2559
1848.35397035
K= 2560
8111.08583823
K= 2561
4847.00067023
K= 2562
5192.16810006
K= 2563
5871.12514012
K= 2564
8102.95476654
K= 2565
17654.0
K= 2566
5395.29373768
K= 2567
8151.0
K= 2568
5614.43444294
K= 2569
5645.94921257
K= 2570
3910.44892701
K= 2571
8145.88571429
K= 2572
8151.0
K= 2573
8152.0
K= 2574
4938.13925394
K= 2575
13776.4561998
K= 2576
8136.2323116
K= 2577
4061.71295095
K= 2578
8827.0
K= 2579
8423.65832338
K= 2580
8136.53393166
K= 2581
14602.7771393
K= 2582
5083.1542743
K= 2583
6595.63128359
K= 2584
5175.09810033
K= 2585
4548.77449774
K= 2586
8826.0
K= 2587
3850.26898951
K= 2588
9704.18006152
K= 2589
8009.36560299
K= 2590
5508.47035289
K= 2591
8125.43430021
K= 2592
5989.56730906
K= 2593
5163.74072367
K= 2594
5107.682401
K= 2595
6670.9731316
K= 2596
3909.44892701
K= 2597
1385.98728203
K= 2598
8053.23711146
K= 2599
3826.75
K= 2600
8136.63170814
K= 2601
8140.50129977
K= 2602
9409.97427477
K= 2603
8148.42857143
K= 2604
3176.12559946
K= 2605
2658.91336696
K= 2606
7933.80746016
K= 2607
4085.65832338
K= 2608
10455.6894941
K= 2609
6864.56103603
K= 2610
8137.91304348
K= 2611
5956.81399148
K= 2612
5051.84556283
K= 2613
11535.317609
K= 2614
8149.91304348
K= 2615
3694.80268903
K= 2616
4690.10818062
K= 2617
3694.80268903
K= 2618
5124.02127729
K= 2619
8827.0
K= 2620
8150.91549296
K= 2621
7890.23196324
K= 2622
4749.90519202
K= 2623
5608.21489224
K= 2624
5024.67675731
K= 2625
8149.5
K= 2626
8150.75
K= 2627
8209.23763436
K= 2628
9315.08748437
K= 2629
9619.33571567
K= 2630
8150.0
K= 2631
5665.72330635
K= 2632
1450.28114
K= 2633
8827.0
K= 2634
8149.5
K= 2635
8146.8
K= 2636
8148.77777778
K= 2637
8143.91304348
K= 2638
8103.25965761
K= 2639
3909.44892701
K= 2640
5107.682401
K= 2641
4085.65832338
K= 2642
8136.42479493
K= 2643
5138.06027
K= 2644
8157.69436481
K= 2645
1275.1819242
K= 2646
4739.27352525
K= 2647
3849.30792509
K= 2648
5405.4776897
K= 2649
8135.85177818
K= 2650
8145.71428571
K= 2651
5365.72647562
K= 2652
12620.1829373
K= 2653
5093.68899775
K= 2654
8145.72727273
K= 2655
9230.76383256
K= 2656
8145.0
K= 2657
5647.85528495
K= 2658
2402.55964895
K= 2659
3717.33643779
K= 2660
8148.88571429
K= 2661
6308.58090575
K= 2662
3909.44892701
K= 2663
9144.89763093
K= 2664
5949.36272168
K= 2665
8141.35301137
K= 2666
5557.64197906
K= 2667
6220.15121863
K= 2668
4966.7194099
K= 2669
3713.14737804
K= 2670
4940.09054105
K= 2671
5438.66721917
K= 2672
8827.0
K= 2673
8151.72972973
K= 2674
5410.89689218
K= 2675
5449.22843725
K= 2676
3395.78594137
K= 2677
4577.90392531
K= 2678
3909.44892701
K= 2679
7828.89570099
K= 2680
8150.85714286
K= 2681
5652.62108165
K= 2682
9979.09980655
K= 2683
4085.65832338
K= 2684
4085.65832338
K= 2685
4993.70749601
K= 2686
3753.05222541
K= 2687
4085.65832338
K= 2688
9870.08291981
K= 2689
8151.72972973
K= 2690
8134.40270055
K= 2691
8147.68421053
K= 2692
3670.54227186
K= 2693
2940.19661119
K= 2694
8154.68421053
K= 2695
3854.72972973
K= 2696
9801.14871954
K= 2697
8136.38592796
K= 2698
5373.99884202
K= 2699
5407.09831596
K= 2700
5107.32525814
K= 2701
8144.48551701
K= 2702
5158.075972
K= 2703
6045.36310576
K= 2704
3814.38429579
K= 2705
4849.01363671
K= 2706
5395.07292397
K= 2707
4031.30792509
K= 2708
3918.26792419
K= 2709
5107.682401
K= 2710
11186.9705545
K= 2711
3674.53413123
K= 2712
5820.45036663
K= 2713
4864.17239893
K= 2714
4835.24872787
K= 2715
9505.46177838
K= 2716
3596.68947395
K= 2717
3847.30792509
K= 2718
13814.2955266
K= 2719
4872.99301161
K= 2720
3909.44892701
K= 2721
8123.16339457
K= 2722
8184.40781483
K= 2723
8150.90728477
K= 2724
3753.05222541
K= 2725
8215.62374809
K= 2726
5594.48527727
K= 2727
8144.0
K= 2728
4882.23403227
K= 2729
8154.55074931
K= 2730
8106.41630093
K= 2731
8143.74193548
K= 2732
8142.72222222
K= 2733
4640.97206375
K= 2734
3596.68947395
K= 2735
8151.0
K= 2736
8122.9
K= 2737
5107.682401
K= 2738
7343.08522896
K= 2739
5591.56773341
K= 2740
8054.23711146
K= 2741
14401.2928184
K= 2742
4813.32903186
K= 2743
5107.682401
K= 2744
13762.6502887
K= 2745
37045.2579265
K= 2746
4085.65832338
K= 2747
6036.78889899
K= 2748
8151.72972973
K= 2749
8148.53846154
K= 2750
9503.86711586
K= 2751
5107.682401
K= 2752
5107.682401
K= 2753
5980.05893992
K= 2754
8166.95132052
K= 2755
3809.90470454
K= 2756
8145.07585702
K= 2757
19435.1332607
K= 2758
8214.88186021
K= 2759
8827.0
K= 2760
7793.69651347
K= 2761
5447.78940994
K= 2762
8155.0
K= 2763
4131.04794663
K= 2764
3686.53413123
K= 2765
4945.087547
K= 2766
8150.0
K= 2767
3676.52089151
K= 2768
4892.23016386
K= 2769
3816.0
K= 2770
12626.2497705
K= 2771
3814.75
K= 2772
4903.09302916
K= 2773
4797.67887691
K= 2774
4844.73124965
K= 2775
8827.0
K= 2776
4640.20691237
K= 2777
2315.98243248
K= 2778
8150.80392157
K= 2779
3821.0
K= 2780
5158.30895639
K= 2781
5444.31876386
K= 2782
6040.74489987
K= 2783
4899.7488446
K= 2784
8143.5
K= 2785
8142.64841773
K= 2786
5107.682401
K= 2787
8791.00394326
K= 2788
10180.887937
K= 2789
4592.98467111
K= 2790
5018.39768049
K= 2791
8151.0
K= 2792
6001.49223162
K= 2793
6202.598493
K= 2794
5391.3740326
K= 2795
5107.682401
K= 2796
3605.43886522
K= 2797
18722.4988608
K= 2798
4692.64324682
K= 2799
27889.7627262
K= 2800
5349.1133073
K= 2801
8147.88337692
K= 2802
8149.63636364
K= 2803
9111.36525939
K= 2804
4085.65832338
K= 2805
4810.18829321
K= 2806
5107.682401
K= 2807
5211.82057711
K= 2808
5136.24853218
K= 2809
5257.08638695
K= 2810
3670.54227186
K= 2811
5486.3051487
K= 2812
2744.21673465
K= 2813
1374.55394692
K= 2814
6859.66538723
K= 2815
4085.65832338
K= 2816
4671.20618134
K= 2817
8106.57359274
K= 2818
17093.0
K= 2819
5430.45866041
K= 2820
3952.5941649
K= 2821
8138.33649121
K= 2822
7842.46624603
K= 2823
8126.85588133
K= 2824
6434.39955952
K= 2825
8122.98503689
K= 2826
478.09870564
K= 2827
3906.05222541
K= 2828
5002.51732306
K= 2829
4836.98955551
K= 2830
3909.44892701
K= 2831
4085.65832338
K= 2832
5973.50106552
K= 2833
4811.28289294
K= 2834
5373.35186403
K= 2835
8827.0
K= 2836
24430.5
K= 2837
3712.38555874
K= 2838
8149.5
K= 2839
8147.0
K= 2840
4785.83171355
K= 2841
8143.5
K= 2842
8149.36539022
K= 2843
8047.57481509
K= 2844
5029.05202076
K= 2845
5909.32049165
K= 2846
7772.91925177
K= 2847
5557.64584609
K= 2848
14108.5984861
K= 2849
1029.73689685
K= 2850
4861.06533628
K= 2851
8202.19561283
K= 2852
8131.66954204
K= 2853
8151.0
K= 2854
5334.25323251
K= 2855
3913.07870515
K= 2856
9397.64472975
K= 2857
5977.87938967
K= 2858
8147.0
K= 2859
4688.47542399
K= 2860
7937.43419913
K= 2861
10243.1559444
K= 2862
3672.62132042
K= 2863
8149.14421761
K= 2864
5512.29853225
K= 2865
7487.89230769
K= 2866
8150.9
K= 2867
8059.97836086
K= 2868
3077.80121787
K= 2869
32228.700489
K= 2870
4919.47885284
K= 2871
8155.77777778
K= 2872
8155.0
K= 2873
8119.91620626
K= 2874
5594.48527727
K= 2875
8170.39263875
K= 2876
5107.682401
K= 2877
5107.682401
K= 2878
5106.97086254
K= 2879
5121.03352433
K= 2880
5594.48527727
K= 2881
8151.0
K= 2882
8129.13297188
K= 2883
8149.82329245
K= 2884
8096.75706768
K= 2885
4406.79309873
K= 2886
5594.48527727
K= 2887
8099.64845108
K= 2888
5643.66513252
K= 2889
5145.73741187
K= 2890
4724.85635996
K= 2891
5358.54532806
K= 2892
5107.682401
K= 2893
1359.30804234
K= 2894
4085.65832338
K= 2895
7881.27149329
K= 2896
16289.6363636
K= 2897
8148.89189189
K= 2898
6454.2206894
K= 2899
2209.77905952
K= 2900
7774.73294312
K= 2901
7267.65847421
K= 2902
7844.34133147
K= 2903
5594.48527727
K= 2904
5107.682401
K= 2905
3631.30740036
K= 2906
8150.85714286
K= 2907
9234.83910752
K= 2908
8143.5085382
K= 2909
3671.54227186
K= 2910
12590.5080799
K= 2911
4819.90149936
K= 2912
8135.71719107
K= 2913
4891.3905058
K= 2914
3909.44892701
K= 2915
3670.54227186
K= 2916
5331.94982678
K= 2917
8019.85809066
K= 2918
8149.0
K= 2919
9007.951016
K= 2920
5107.682401
K= 2921
8827.0
K= 2922
8146.0
K= 2923
5107.682401
K= 2924
19759.0204073
K= 2925
6434.79200687
K= 2926
11648.2923335
K= 2927
8146.5
K= 2928
8145.72727273
K= 2929
4951.31504598
K= 2930
6358.89123978
K= 2931
2109.90847116
K= 2932
5107.682401
K= 2933
8151.72972973
K= 2934
5158.64759918
K= 2935
4796.94575371
K= 2936
2141.47360737
K= 2937
5442.07839571
K= 2938
5654.96441199
K= 2939
4947.12997755
K= 2940
5174.62472189
K= 2941
6954.97005769
K= 2942
27842.153967
K= 2943
5009.71245623
K= 2944
5092.12296902
K= 2945
3877.80268903
K= 2946
8150.85714286
K= 2947
3839.72972973
K= 2948
5390.5930916
K= 2949
5107.682401
K= 2950
4085.65832338
K= 2951
10667.491531
K= 2952
8125.42792841
K= 2953
7794.44651347
K= 2954
3822.0
K= 2955
5221.08761867
K= 2956
4085.65832338
K= 2957
4092.35626729
K= 2958
8151.0
K= 2959
5781.96864418
K= 2960
3841.85714286
K= 2961
8147.47402597
K= 2962
5107.682401
K= 2963
7980.6085768
K= 2964
8147.1011456
K= 2965
4955.69060146
K= 2966
8158.48802972
K= 2967
10213.364802
K= 2968
3386.44784171
K= 2969
6196.39294196
K= 2970
8151.0
K= 2971
8154.73333333
K= 2972
4085.65832338
K= 2973
5031.98253477
K= 2974
4841.06780702
K= 2975
5129.68411626
K= 2976
8120.04333772
K= 2977
8134.72768003
K= 2978
3818.89523395
K= 2979
5107.682401
K= 2980
5036.10447617
K= 2981
3818.5
K= 2982
5107.682401
K= 2983
5452.66714804
K= 2984
5284.3262919
K= 2985
3817.53413123
K= 2986
4927.47916392
K= 2987
8157.69436481
K= 2988
8259.44892701
K= 2989
3909.44892701
K= 2990
8141.31216931
K= 2991
4085.65832338
K= 2992
4814.6199968
K= 2993
5351.85557057
K= 2994
18339.1195625
K= 2995
5351.85557057
K= 2996
7990.67676304
K= 2997
1640.8558539
K= 2998
8413.56597285
K= 2999
5413.2268701
K= 3000
4612.1196698
K= 3001
8149.46705882
K= 3002
9214.588059
K= 3003
4807.95315082
K= 3004
8150.13333333
K= 3005
8118.06869673
K= 3006
5345.88078288
K= 3007
3909.44892701
K= 3008
13916.5732485
K= 3009
5917.5925134
K= 3010
8094.54227186
K= 3011
8143.62318841
K= 3012
8149.02540824
K= 3013
4758.74955335
K= 3014
5107.682401
K= 3015
8157.0
K= 3016
8151.0
K= 3017
4918.66807166
K= 3018
5511.5086388
K= 3019
8145.81818182
K= 3020
5390.5930916
K= 3021
3836.68421053
K= 3022
5019.1239625
K= 3023
8149.0
K= 3024
8150.80952381
K= 3025
1876.51032534
K= 3026
6105.7088298
K= 3027
8409.9094631
K= 3028
4747.74479386
K= 3029
4085.65832338
K= 3030
3741.75
K= 3031
8146.0
K= 3032
9956.78045096
K= 3033
14038.1638278
K= 3034
5739.53910032
K= 3035
5403.05196622
K= 3036
8200.63425956
K= 3037
8827.0
K= 3038
5376.60156878
K= 3039
5060.5362808
K= 3040
5344.44229433
K= 3041
3909.44892701
K= 3042
8155.84
K= 3043
3909.44892701
K= 3044
3895.05222541
K= 3045
4661.03583167
K= 3046
4730.5929539
K= 3047
9234.09952363
K= 3048
4903.73847211
K= 3049
5221.54565661
K= 3050
8137.71119783
K= 3051
9320.60819327
K= 3052
5107.682401
K= 3053
8835.38317113
K= 3054
5107.74979444
K= 3055
8151.0
K= 3056
5107.682401
K= 3057
4085.65832338
K= 3058
8149.01392982
K= 3059
5107.682401
K= 3060
5107.682401
K= 3061
8148.66666667
K= 3062
1185.89488528
K= 3063
8149.8
K= 3064
8151.0
K= 3065
4085.65832338
K= 3066
8149.75
K= 3067
4987.64367645
K= 3068
4803.24466469
K= 3069
8106.52682548
K= 3070
3676.52089151
K= 3071
5426.34707707
K= 3072
8151.0
K= 3073
8827.0
K= 3074
8827.0
K= 3075
9204.19074262
K= 3076
4913.40613462
K= 3077
1721.60270023
K= 3078
8151.0
K= 3079
3596.68947395
K= 3080
5036.08050055
K= 3081
5749.0544164
K= 3082
4969.23389376
K= 3083
8219.76263649
K= 3084
4085.65832338
K= 3085
5287.34403293
K= 3086
5085.71765012
K= 3087
5266.94130821
K= 3088
5594.48527727
K= 3089
8209.92488725
K= 3090
2001.81761004
K= 3091
3596.68947395
K= 3092
3674.53413123
K= 3093
5436.32366553
K= 3094
8054.23711146
K= 3095
5590.43831373
K= 3096
5143.35420768
K= 3097
5382.78392984
K= 3098
5107.682401
K= 3099
18833.1831214
K= 3100
4928.47197225
K= 3101
11181.6493966
K= 3102
8143.1204919
K= 3103
8183.19900571
K= 3104
5007.55190297
K= 3105
5107.682401
K= 3106
5567.7611596
K= 3107
3702.42444085
K= 3108
8149.77777778
K= 3109
5098.82066794
K= 3110
8161.80916088
K= 3111
8827.0
K= 3112
4085.65832338
K= 3113
3960.0
K= 3114
9564.83137976
K= 3115
5373.25186403
K= 3116
5252.44622797
K= 3117
8103.33462301
K= 3118
52962.0
K= 3119
5590.89138912
K= 3120
4775.25911327
K= 3121
8149.36470588
K= 3122
4785.72689487
K= 3123
8150.0
K= 3124
52962.0
K= 3125
8152.0
K= 3126
8147.10451175
K= 3127
513.441071507
K= 3128
3694.04937214
K= 3129
19508.3894807
K= 3130
3676.52089151
K= 3131
1804.61323707
K= 3132
1765.07235091
K= 3133
18252.7454535
K= 3134
4657.31269288
K= 3135
7944.5165226
K= 3136
5961.78782333
K= 3137
5379.25399948
K= 3138
3889.30792509
K= 3139
8151.0
K= 3140
8095.26943503
K= 3141
5107.682401
K= 3142
4940.68580349
K= 3143
3908.85207835
K= 3144
5662.26727808
K= 3145
5176.69010534
K= 3146
8054.23711146
K= 3147
4085.65832338
K= 3148
5024.42608324
K= 3149
6603.30266044
K= 3150
5356.78004466
K= 3151
8148.0
K= 3152
8045.64906798
K= 3153
7879.55140574
K= 3154
3847.30792509
K= 3155
8152.0
K= 3156
5107.682401
K= 3157
7517.60016195
K= 3158
5143.94703832
K= 3159
3046.00493652
K= 3160
8120.21134359
K= 3161
5374.46670271
K= 3162
5001.67127133
K= 3163
8144.81818182
K= 3164
4947.25055087
K= 3165
4042.68861909
K= 3166
3678.13522722
K= 3167
9909.37434051
K= 3168
8827.0
K= 3169
4644.43655075
K= 3170
8149.6
K= 3171
884.921080001
K= 3172
5668.32127198
K= 3173
8827.0
K= 3174
9567.21798458
K= 3175
5371.01638184
K= 3176
3990.30792509
K= 3177
5857.95117079
K= 3178
9613.43453215
K= 3179
5388.9940777
K= 3180
7937.11528321
K= 3181
3847.30792509
K= 3182
5372.41027278
K= 3183
8151.72972973
K= 3184
1943.65658662
K= 3185
6454.22434376
K= 3186
5291.92475062
K= 3187
4667.36516976
K= 3188
4841.06570087
K= 3189
4675.23215141
K= 3190
4661.73802024
K= 3191
8827.0
K= 3192
8175.67082717
K= 3193
8149.0
K= 3194
4959.75165263
K= 3195
3596.68947395
K= 3196
8158.62831481
K= 3197
12500.0
K= 3198
4674.4293558
K= 3199
8149.48178138
K= 3200
4875.23709924
K= 3201
5548.67046688
K= 3202
3631.30740036
K= 3203
5509.56970525
K= 3204
5585.75816291
K= 3205
3673.54227186
K= 3206
4085.65832338
K= 3207
9693.21074871
K= 3208
3847.30792509
K= 3209
8827.0
K= 3210
11410.3837608
K= 3211
8151.0
K= 3212
11186.5705545
K= 3213
4085.65832338
K= 3214
8152.84126984
K= 3215
8150.59523809
K= 3216
1837.69704948
K= 3217
4085.65832338
K= 3218
4701.09680557
K= 3219
5343.19250761
K= 3220
4694.98755178
K= 3221
8123.52361531
K= 3222
3922.72907268
K= 3223
1387.50421927
K= 3224
27851.1338675
K= 3225
5287.1771354
K= 3226
8137.41316378
K= 3227
8826.0
K= 3228
52962.0
K= 3229
5550.9577532
K= 3230
5284.24670092
K= 3231
8147.81818182
K= 3232
6259.45448359
K= 3233
8149.77777778
K= 3234
8148.47402597
K= 3235
69157.0063387
K= 3236
8827.0
K= 3237
5131.28868522
K= 3238
5973.50106552
K= 3239
4960.53332167
K= 3240
8151.0
K= 3241
5184.14118645
K= 3242
36510.311138
K= 3243
7481.79523493
K= 3244
3596.68947395
K= 3245
8148.27667019
K= 3246
31819.413866
K= 3247
4085.65832338
K= 3248
3674.53413123
K= 3249
3758.75359037
K= 3250
5512.88151552
K= 3251
8048.32802055
K= 3252
5486.71304344
K= 3253
5389.81927644
K= 3254
3631.30740036
K= 3255
9606.99109601
K= 3256
4902.39422817
K= 3257
5107.682401
K= 3258
11266.6148105
K= 3259
5066.50379641
K= 3260
4650.50117087
K= 3261
3596.68947395
K= 3262
5505.83714765
K= 3263
8150.87586207
K= 3264
7651.06578889
K= 3265
52962.0
K= 3266
5510.11774563
K= 3267
2149.48271139
K= 3268
4898.44356375
K= 3269
5350.9730497
K= 3270
8827.0
K= 3271
4610.30991268
K= 3272
3909.44892701
K= 3273
8150.8974359
K= 3274
8091.88907262
K= 3275
4085.65832338
K= 3276
8110.73101935
K= 3277
4876.55672861
K= 3278
4930.46529735
K= 3279
4819.67316742
K= 3280
1601.96079608
K= 3281
5107.682401
K= 3282
8075.00595034
K= 3283
9375.51828302
K= 3284
8149.66666667
K= 3285
9485.84154085
K= 3286
5746.05749015
K= 3287
3847.30792509
K= 3288
8119.36802315
K= 3289
8147.0
K= 3290
4919.3882188
K= 3291
9208.61719117
K= 3292
1359.30804234
K= 3293
4892.8583645
K= 3294
6271.08435211
K= 3295
8205.6444163
K= 3296
8147.7254902
K= 3297
8138.86382961
K= 3298
8142.26140873
K= 3299
5107.307401
K= 3300
4665.43606877
K= 3301
5594.43091146
K= 3302
4085.65832338
K= 3303
5107.682401
K= 3304
14546.4345746
K= 3305
8146.71428571
K= 3306
5378.99307284
K= 3307
8147.64529694
K= 3308
5590.2938772
K= 3309
8149.6
K= 3310
5437.19723805
K= 3311
5589.55838603
K= 3312
5108.02209488
K= 3313
4071.52113499
K= 3314
8149.5
K= 3315
5217.0056604
K= 3316
8184.05630399
K= 3317
4951.16999255
K= 3318
3694.80268903
K= 3319
5599.4496187
K= 3320
4829.07852126
K= 3321
8143.84210526
K= 3322
4085.65832338
K= 3323
4890.40702919
K= 3324
9292.70512002
K= 3325
4865.05458367
K= 3326
4874.02815741
K= 3327
17633.4513973
K= 3328
4855.12365213
K= 3329
4837.79830663
K= 3330
4901.64385188
K= 3331
7946.10086579
K= 3332
8149.77777778
K= 3333
5949.87286573
K= 3334
5107.682401
K= 3335
3847.30792509
K= 3336
18446.60257
K= 3337
8136.0
K= 3338
3923.62050136
K= 3339
16286.3175592
K= 3340
5256.87327206
K= 3341
3950.0
K= 3342
8827.0
K= 3343
11507.8419651
K= 3344
5415.28295989
K= 3345
8107.76810928
K= 3346
8074.10125509
K= 3347
4691.70702341
K= 3348
8129.18779793
K= 3349
17654.0
K= 3350
8142.91778873
K= 3351
5428.75650704
K= 3352
36444.7854638
K= 3353
5107.682401
K= 3354
17654.0
K= 3355
5042.96485145
K= 3356
612.087765804
K= 3357
13733.8747197
K= 3358
3836.80268903
K= 3359
20838.8762887
K= 3360
3782.06941386
K= 3361
8148.5
K= 3362
5507.60878824
K= 3363
8151.04244312
K= 3364
4085.65832338
K= 3365
4085.65832338
K= 3366
5107.682401
K= 3367
8146.75
K= 3368
5194.95273837
K= 3369
5060.04182559
K= 3370
3694.80268903
K= 3371
8141.33992095
K= 3372
4754.58463051
K= 3373
8148.0
K= 3374
5652.62108165
K= 3375
3916.57273305
K= 3376
5577.32396816
K= 3377
8151.0
K= 3378
6427.30806824
K= 3379
3847.30792509
K= 3380
5111.89255614
K= 3381
3694.80268903
K= 3382
3910.44892701
K= 3383
4085.65832338
K= 3384
8142.16531896
K= 3385
8110.92745153
K= 3386
3670.54227186
K= 3387
4085.65832338
K= 3388
4085.65832338
K= 3389
8145.0
K= 3390
4805.26441853
K= 3391
8209.29127267
K= 3392
8205.35417283
K= 3393
8149.67164179
K= 3394
6220.15121863
K= 3395
3753.05222541
K= 3396
8066.02995319
K= 3397
4085.65832338
K= 3398
8103.59617396
K= 3399
8137.06869673
K= 3400
8827.0
K= 3401
8827.0
K= 3402
8142.81818182
K= 3403
8150.68774704
K= 3404
8148.6
K= 3405
1672.48951527
K= 3406
1550.75758681
K= 3407
8153.29613782
K= 3408
5361.33771136
K= 3409
4783.70490435
K= 3410
8147.66666667
K= 3411
4869.73791894
K= 3412
5200.98556869
K= 3413
5051.3767934
K= 3414
8151.0
K= 3415
4626.0460475
K= 3416
7692.01474884
K= 3417
4772.90534358
K= 3418
5107.682401
K= 3419
5114.67508169
K= 3420
5124.12835351
K= 3421
4652.0766543
K= 3422
8133.8974359
K= 3423
5107.682401
K= 3424
8155.84
K= 3425
8037.55693302
K= 3426
8156.0
K= 3427
4720.08472612
K= 3428
5596.95220849
K= 3429
4671.20224374
K= 3430
3670.54227186
K= 3431
4903.5803589
K= 3432
8149.6
K= 3433
5426.34707707
K= 3434
4901.2553828
K= 3435
6218.44851593
K= 3436
7266.99180754
K= 3437
8137.40645161
K= 3438
5749.89867928
K= 3439
4085.65832338
K= 3440
4085.65832338
K= 3441
7445.8822164
K= 3442
5107.682401
K= 3443
5014.19776285
K= 3444
8827.0
K= 3445
8151.0
K= 3446
8827.0
K= 3447
5648.43872398
K= 3448
8092.84970856
K= 3449
4856.3524458
K= 3450
5989.01576737
K= 3451
8827.0
K= 3452
9670.19463102
K= 3453
5107.49872753
K= 3454
8042.41455544
K= 3455
5615.0368221
K= 3456
5594.48527727
K= 3457
5372.17166006
K= 3458
4085.65832338
K= 3459
5107.682401
K= 3460
3670.54227186
K= 3461
5107.682401
K= 3462
8150.81395349
K= 3463
8185.05630399
K= 3464
4974.0049757
K= 3465
5159.12409277
K= 3466
5301.97960993
K= 3467
6966.13182274
K= 3468
2464.1193241
K= 3469
4085.65832338
K= 3470
13576.3418083
K= 3471
4893.84963863
K= 3472
8147.88571429
K= 3473
8154.68421053
K= 3474
5046.46676742
K= 3475
4085.65832338
K= 3476
8148.72561537
K= 3477
5480.56606935
K= 3478
5125.05866728
K= 3479
4817.53841076
K= 3480
3694.80268903
K= 3481
8143.13066879
K= 3482
8143.0
K= 3483
5462.23732296
K= 3484
5032.49324464
K= 3485
4983.05462196
K= 3486
5114.16026768
K= 3487
3909.44892701
K= 3488
3909.44892701
K= 3489
5107.682401
K= 3490
7935.57720879
K= 3491
22963.4459194
K= 3492
8827.0
K= 3493
17574.877877
K= 3494
8827.0
K= 3495
8150.85714286
K= 3496
8141.53284725
K= 3497
8164.20916088
K= 3498
5155.3154595
K= 3499
5254.51110438
K= 3500
4925.03151499
K= 3501
3836.68421053
K= 3502
4085.65832338
K= 3503
3847.30792509
K= 3504
8176.56425118
K= 3505
8150.8974359
K= 3506
3847.30792509
K= 3507
3816.2118294
K= 3508
5034.57221769
K= 3509
5107.55196622
K= 3510
8150.34920635
K= 3511
5982.66875215
K= 3512
4085.65832338
K= 3513
5453.562561
K= 3514
4666.86159791
K= 3515
5199.07451547
K= 3516
6220.15121863
K= 3517
1468.60543382
K= 3518
9176.61916903
K= 3519
4866.33445906
K= 3520
4758.18661342
K= 3521
4085.65832338
K= 3522
5107.682401
K= 3523
4085.65832338
K= 3524
5707.48641314
K= 3525
5113.56437011
K= 3526
5066.08351143
K= 3527
8150.82857143
K= 3528
5138.33128093
K= 3529
3909.44892701
K= 3530
4054.61551093
K= 3531
8219.24444282
K= 3532
8147.77777778
K= 3533
5593.8166701
K= 3534
5990.9006424
K= 3535
2697.16777796
K= 3536
5107.682401
K= 3537
3909.44892701
K= 3538
5486.71304344
K= 3539
8157.17443046
K= 3540
11343.0017866
K= 3541
8120.24110109
K= 3542
10134.2955734
K= 3543
6787.59376825
K= 3544
8827.0
K= 3545
8009.5583922
K= 3546
8827.0
K= 3547
4085.65832338
K= 3548
4915.87909754
K= 3549
5107.682401
K= 3550
3909.44892701
K= 3551
5166.76995316
K= 3552
5736.45929865
K= 3553
5107.682401
K= 3554
8144.48447255
K= 3555
5107.682401
K= 3556
8155.0
K= 3557
5748.34930375
K= 3558
9727.20374203
K= 3559
8010.87145455
K= 3560
4686.62254639
K= 3561
4759.3761249
K= 3562
4958.4528449
K= 3563
8146.76
K= 3564
9265.60961065
K= 3565
8150.53846154
K= 3566
4985.9996013
K= 3567
8148.0
K= 3568
8122.3627807
K= 3569
8152.0
K= 3570
4085.65832338
K= 3571
4085.65832338
K= 3572
8054.23711146
K= 3573
8150.0
K= 3574
3995.45998093
K= 3575
8148.71428571
K= 3576
4085.65832338
K= 3577
4863.2590937
K= 3578
8146.83012821
K= 3579
6061.81013991
K= 3580
8150.91780822
K= 3581
32950.167442
K= 3582
8147.71428571
K= 3583
3670.54227186
K= 3584
8054.23711146
K= 3585
6434.79200687
K= 3586
3914.85635442
K= 3587
8151.0
K= 3588
4765.66584138
K= 3589
5196.19497476
K= 3590
7338.08253211
K= 3591
12617.0
K= 3592
8827.0
K= 3593
8160.59559232
K= 3594
5362.0056746
K= 3595
3835.52089151
K= 3596
5039.15359372
K= 3597
8077.50328604
K= 3598
4085.65832338
K= 3599
5122.74513053
K= 3600
5495.16572994
K= 3601
4808.10566736
K= 3602
7765.48819891
K= 3603
3887.74111132
K= 3604
8157.68753004
K= 3605
8133.09710849
K= 3606
3889.30792509
K= 3607
2682.72546811
K= 3608
8827.0
K= 3609
14143.066728
K= 3610
8827.0
K= 3611
3723.53413123
K= 3612
3709.46276097
K= 3613
8107.68837887
K= 3614
5506.55664882
K= 3615
8145.0
K= 3616
9341.34401778
K= 3617
3909.44892701
K= 3618
5088.11546054
K= 3619
8136.3197122
K= 3620
5192.46038279
K= 3621
4907.69588303
K= 3622
5239.70674836
K= 3623
6451.97014201
K= 3624
8146.0
K= 3625
4638.46096385
K= 3626
8153.79043123
K= 3627
8149.5
K= 3628
7180.27803678
K= 3629
3801.91304348
K= 3630
4647.63875198
K= 3631
8143.59913642
K= 3632
8148.87951807
K= 3633
4743.00556323
K= 3634
8151.0
K= 3635
5107.682401
K= 3636
5492.06919064
K= 3637
5459.60429608
K= 3638
4656.13215921
K= 3639
8151.0
K= 3640
5594.64442236
K= 3641
4594.85279416
K= 3642
3316.34511485
K= 3643
3847.30792509
K= 3644
5117.05480999
K= 3645
5430.65483765
K= 3646
3698.10515027
K= 3647
10601.4315864
K= 3648
5768.65880451
K= 3649
8147.04688858
K= 3650
8149.5
K= 3651
8146.79591837
K= 3652
8151.0
K= 3653
2351.16332903
K= 3654
3861.75609756
K= 3655
3670.54227186
K= 3656
3788.0
K= 3657
8145.81818182
K= 3658
7981.05125099
K= 3659
5595.19036686
K= 3660
4085.65832338
K= 3661
4880.1755982
K= 3662
5108.99710987
K= 3663
3631.30740036
K= 3664
8153.66868036
K= 3665
5004.33693082
K= 3666
5142.22538996
K= 3667
8107.02936872
K= 3668
8827.0
K= 3669
4732.5774807
K= 3670
18393.0707364
K= 3671
3840.30792509
K= 3672
8140.8974359
K= 3673
4085.65832338
K= 3674
5018.17691888
K= 3675
5511.12205082
K= 3676
8065.77227934
K= 3677
4651.1978659
K= 3678
8151.0
K= 3679
12959.9912592
K= 3680
5060.67863222
K= 3681
5032.76845909
K= 3682
4481.17706581
K= 3683
7878.64509315
K= 3684
13752.3097839
K= 3685
6220.15121863
K= 3686
5386.46675505
K= 3687
8087.64365802
K= 3688
4085.65832338
K= 3689
5225.13924506
K= 3690
13506.2754343
K= 3691
8151.85714286
K= 3692
8097.06152687
K= 3693
5386.23276827
K= 3694
9242.81832171
K= 3695
5708.14439979
K= 3696
4146.34427844
K= 3697
3694.80268903
K= 3698
8152.81818182
K= 3699
4778.74692343
K= 3700
3807.44112264
K= 3701
7937.11166992
K= 3702
5593.53073182
K= 3703
5183.33550201
K= 3704
5118.62596421
K= 3705
8151.0
K= 3706
5935.80356935
K= 3707
5973.50106552
K= 3708
4848.3425757
K= 3709
4653.43522324
K= 3710
7988.08317659
K= 3711
4945.77772046
K= 3712
8149.0
K= 3713
4732.52279364
K= 3714
12604.5614119
K= 3715
3929.4904173
K= 3716
9445.3953799
K= 3717
8156.85793028
K= 3718
4817.7714057
K= 3719
8827.0
K= 3720
23844.3054276
K= 3721
5120.15676303
K= 3722
8215.20803403
K= 3723
8093.02436726
K= 3724
3946.36428102
K= 3725
8145.71428571
K= 3726
8151.0
K= 3727
5455.44194481
K= 3728
7818.46797095
K= 3729
12599.6527644
K= 3730
5303.38270918
K= 3731
4763.46061203
K= 3732
10409.9424644
K= 3733
5645.88922769
K= 3734
8148.71428571
K= 3735
8142.87951807
K= 3736
8140.72556668
K= 3737
3937.98530604
K= 3738
8093.67678256
K= 3739
8827.0
K= 3740
8150.71428571
K= 3741
5107.682401
K= 3742
4763.13336891
K= 3743
5509.63295308
K= 3744
9301.46810785
K= 3745
5432.65404036
K= 3746
6001.2817053
K= 3747
2083.06269248
K= 3748
4890.49719947
K= 3749
8148.92405063
K= 3750
5162.9862293
K= 3751
5107.682401
K= 3752
4832.62486054
K= 3753
2415.25570312
K= 3754
6441.99159895
K= 3755
3803.41428571
K= 3756
4655.96615755
K= 3757
4990.59320423
K= 3758
8827.0
K= 3759
1359.30804234
K= 3760
9436.67746461
K= 3761
5107.34906767
K= 3762
41496.6577176
K= 3763
8171.31221721
K= 3764
4085.65832338
K= 3765
9080.12523897
K= 3766
3847.30792509
K= 3767
3670.54227186
K= 3768
2520.84232329
K= 3769
8148.53105965
K= 3770
5372.93548586
K= 3771
4950.14780046
K= 3772
4939.78692623
K= 3773
3753.05222541
K= 3774
5990.9006424
K= 3775
5451.67358977
K= 3776
4915.64229579
K= 3777
5127.16304439
K= 3778
8150.12682165
K= 3779
5442.52183005
K= 3780
4474.56140409
K= 3781
8151.0
K= 3782
5977.88666324
K= 3783
8124.13998279
K= 3784
8149.5
K= 3785
4085.65832338
K= 3786
5767.75409944
K= 3787
9577.03947292
K= 3788
5370.51016154
K= 3789
5107.682401
K= 3790
8011.83034344
K= 3791
8149.5
K= 3792
5196.0994252
K= 3793
8148.3573846
K= 3794
5379.57907828
K= 3795
5107.682401
K= 3796
9298.97741565
K= 3797
8101.67912458
K= 3798
8149.5
K= 3799
7657.28160434
K= 3800
5736.36480199
K= 3801
8151.0
K= 3802
4699.0693961
K= 3803
8827.0
K= 3804
4102.33753065
K= 3805
4847.14081069
K= 3806
5066.62114662
K= 3807
4759.25508728
K= 3808
7646.68073854
K= 3809
5048.30039197
K= 3810
8827.0
K= 3811
8137.06869673
K= 3812
5629.68546578
K= 3813
15364.8264333
K= 3814
4864.3699773
K= 3815
3861.06313292
K= 3816
9285.24304167
K= 3817
8154.31183512
K= 3818
8150.88571429
K= 3819
8146.26140873
K= 3820
4919.58922683
K= 3821
7794.44651347
K= 3822
5437.9099622
K= 3823
8827.0
K= 3824
8075.47917239
K= 3825
8827.0
K= 3826
13803.0520428
K= 3827
4939.4745029
K= 3828
10468.2081628
K= 3829
8157.94637311
K= 3830
5389.81927644
K= 3831
8089.95908968
K= 3832
5663.68830929
K= 3833
4914.06212404
K= 3834
5934.56060729
K= 3835
5106.89452221
K= 3836
5017.52248896
K= 3837
8148.87179487
K= 3838
8135.83384379
K= 3839
8135.18077881
K= 3840
2079.6028419
K= 3841
8157.69436481
K= 3842
8827.0
K= 3843
5107.682401
K= 3844
2030.76964431
K= 3845
5018.7159281
K= 3846
5107.682401
K= 3847
8127.01109394
K= 3848
5024.88133079
K= 3849
1073.00909289
K= 3850
8143.68103448
K= 3851
6154.29602466
K= 3852
8147.0
K= 3853
4731.30927246
K= 3854
14092.5006955
K= 3855
8150.85714286
K= 3856
3596.68947395
K= 3857
5398.76704187
K= 3858
8117.2723333
K= 3859
4932.97320471
K= 3860
6671.95531526
K= 3861
4675.50004487
K= 3862
8149.36470588
K= 3863
11079.7137589
K= 3864
18771.7408645
K= 3865
8147.09333333
K= 3866
8827.0
K= 3867
5107.682401
K= 3868
7832.84056561
K= 3869
8150.52380952
K= 3870
6196.01726348
K= 3871
5119.76198276
K= 3872
8182.49890195
K= 3873
3847.30792509
K= 3874
4920.80555488
K= 3875
5050.92007756
K= 3876
5107.682401
K= 3877
5107.682401
K= 3878
8151.0
K= 3879
9250.97238457
K= 3880
5119.91473544
K= 3881
4856.23795027
K= 3882
5068.62867144
K= 3883
4085.65832338
K= 3884
58635.7569897
K= 3885
8145.71428571
K= 3886
5107.682401
K= 3887
4879.22250429
K= 3888
1615.86239896
K= 3889
5027.73555867
K= 3890
8143.74193548
K= 3891
3910.92403479
K= 3892
8007.97351509
K= 3893
9470.99902133
K= 3894
4944.54728755
K= 3895
3821.0
K= 3896
5107.682401
K= 3897
3880.80792509
K= 3898
8184.11072316
K= 3899
3837.5
K= 3900
8827.0
K= 3901
5007.69215463
K= 3902
8155.42444085
K= 3903
8149.66666667
K= 3904
510.304987564
K= 3905
8085.23177138
K= 3906
8149.98916296
K= 3907
10724.1176142
K= 3908
8152.0
K= 3909
8150.6
K= 3910
8151.0
K= 3911
5107.682401
K= 3912
18325.4604303
K= 3913
8151.0
K= 3914
5638.28967263
K= 3915
5596.52840538
K= 3916
8157.0
K= 3917
8147.56521739
K= 3918
3847.30792509
K= 3919
5107.682401
K= 3920
5982.25378751
K= 3921
633.47782915
K= 3922
3853.0
K= 3923
8138.37665234
K= 3924
8055.7616581
K= 3925
5022.91537053
K= 3926
12496.2348964
K= 3927
7479.66563983
K= 3928
4882.63398662
K= 3929
7688.17630279
K= 3930
4751.26941426
K= 3931
7697.86370784
K= 3932
5436.1609346
K= 3933
5792.47083665
K= 3934
5511.12205082
K= 3935
8149.0
K= 3936
5107.682401
K= 3937
4639.11547153
K= 3938
51292.5278766
K= 3939
3808.28537293
K= 3940
5973.50106552
K= 3941
8152.33805301
K= 3942
8054.23711146
K= 3943
3874.51052113
K= 3944
5243.19260371
K= 3945
7843.34133147
K= 3946
3819.75609756
K= 3947
8153.55237922
K= 3948
5594.38001411
K= 3949
3780.44892701
K= 3950
8148.78947368
K= 3951
18698.3702242
K= 3952
8100.75139067
K= 3953
5927.81583401
K= 3954
5652.62108165
K= 3955
5366.85049435
K= 3956
8189.68057018
K= 3957
9689.69820177
K= 3958
8129.532169
K= 3959
4085.65832338
K= 3960
8827.0
K= 3961
8053.23711146
K= 3962
6107.87547756
K= 3963
5396.21784672
K= 3964
5973.50106552
K= 3965
10267.2868606
K= 3966
8150.53846154
K= 3967
4974.55808165
K= 3968
9346.31292377
K= 3969
8151.40952381
K= 3970
4705.56299238
K= 3971
8108.08966426
K= 3972
8149.90849673
K= 3973
9861.49267653
K= 3974
4937.55385642
K= 3975
3950.44892701
K= 3976
5986.55817099
K= 3977
3906.30792509
K= 3978
5153.05958804
K= 3979
5107.682401
K= 3980
8149.9
K= 3981
3676.52089151
K= 3982
3596.68947395
K= 3983
5379.03103652
K= 3984
5110.29259776
K= 3985
5377.98992919
K= 3986
8149.33333333
K= 3987
6728.24351849
K= 3988
5415.28295989
K= 3989
3909.44892701
K= 3990
16290.4878426
K= 3991
5737.48370509
K= 3992
8138.33649121
K= 3993
5422.37467856
K= 3994
3909.44892701
K= 3995
5729.48374689
K= 3996
8152.0
K= 3997
8107.0592336
K= 3998
6794.54892678
K= 3999
6686.58762189
K= 4000
5670.70979284
K= 4001
8150.0
K= 4002
8121.04339363
K= 4003
8148.74285714
K= 4004
9201.57843051
K= 4005
8150.85714286
K= 4006
5993.06871191
K= 4007
8026.88214224
K= 4008
5107.682401
K= 4009
8148.42857143
K= 4010
1212.46535305
K= 4011
5652.28774832
K= 4012
8149.40645161
K= 4013
7997.20478788
K= 4014
3878.30881749
K= 4015
8139.55077693
K= 4016
3596.68947395
K= 4017
8827.0
K= 4018
3853.30792509
K= 4019
8148.39011549
K= 4020
11741.1288181
K= 4021
1963.88296332
K= 4022
8827.0
K= 4023
5250.66260259
K= 4024
4085.65832338
K= 4025
8145.75
K= 4026
8094.54227186
K= 4027
10213.364802
K= 4028
5163.85605939
K= 4029
8143.74193548
K= 4030
4801.38843572
K= 4031
8793.23099877
K= 4032
8150.0
K= 4033
5137.52508795
K= 4034
8827.0
K= 4035
9388.51048343
K= 4036
12540.0317333
K= 4037
8150.91780822
K= 4038
8149.82329245
K= 4039
8146.68103448
K= 4040
8150.80952381
K= 4041
4085.65832338
K= 4042
8109.15785542
K= 4043
8150.25595238
K= 4044
6522.94334583
K= 4045
3735.80268903
K= 4046
4990.90108952
K= 4047
2038.3731793
K= 4048
8203.82373721
K= 4049
5407.30409193
K= 4050
5107.682401
K= 4051
27774.2704479
K= 4052
4085.65832338
K= 4053
4085.65832338
K= 4054
4716.57367587
K= 4055
4051.59135526
K= 4056
8101.84809588
K= 4057
5576.56718396
K= 4058
5162.86102823
K= 4059
5107.682401
K= 4060
8151.0
K= 4061
4839.57300903
K= 4062
8146.84210526
K= 4063
5311.1153174
K= 4064
4085.65832338
K= 4065
8075.50328604
K= 4066
8142.68421053
K= 4067
5344.92693926
K= 4068
8152.0
K= 4069
1833.26793147
K= 4070
8827.0
K= 4071
8149.0
K= 4072
6220.15121863
K= 4073
5507.92697006
K= 4074
5769.80363465
K= 4075
12836.5544434
K= 4076
5117.34179853
K= 4077
5544.03192751
K= 4078
12688.8059475
K= 4079
5594.48527727
K= 4080
8151.77501944
K= 4081
5023.7838826
K= 4082
5404.97465992
K= 4083
2267.27476477
K= 4084
8156.79310345
K= 4085
4750.94736925
K= 4086
10078.7109451
K= 4087
8149.48823408
K= 4088
8148.68774704
K= 4089
8140.33333333
K= 4090
3773.30740036
K= 4091
8148.875
K= 4092
5107.682401
K= 4093
8152.0
K= 4094
4912.56652952
K= 4095
8167.54168166
K= 4096
3670.54227186
K= 4097
9023.50344939
K= 4098
5510.66905937
K= 4099
5107.12033885
K= 4100
4974.430178
K= 4101
8148.65521576
K= 4102
5171.80548048
K= 4103
4740.08498257
K= 4104
1112.05841583
K= 4105
3671.58704789
K= 4106
5522.94709793
K= 4107
5033.38619193
K= 4108
8149.0
K= 4109
8827.0
K= 4110
5282.40932711
K= 4111
8149.80949626
K= 4112
8109.34615891
K= 4113
5125.502155
K= 4114
5078.75792258
K= 4115
8150.25595238
K= 4116
4607.05603274
K= 4117
5365.39797154
K= 4118
8150.88571429
K= 4119
2349.48827469
K= 4120
11254.1963356
K= 4121
8133.9896198
K= 4122
4041.12177151
K= 4123
14270.326958
K= 4124
3909.44892701
K= 4125
8145.0
K= 4126
4657.98820862
K= 4127
8148.63076923
K= 4128
8147.80645161
K= 4129
5174.30972743
K= 4130
8086.74637007
K= 4131
5652.34835438
K= 4132
20302.2564603
K= 4133
4951.16999255
K= 4134
8121.15953005
K= 4135
8152.0
K= 4136
8148.72222222
K= 4137
8149.5
K= 4138
8150.85714286
K= 4139
4971.29460024
K= 4140
5375.08830301
K= 4141
8827.0
K= 4142
4085.65832338
K= 4143
6740.62472474
K= 4144
8150.0
K= 4145
3596.68947395
K= 4146
8155.0
K= 4147
8054.23711146
K= 4148
8150.89189189
K= 4149
3989.30792509
K= 4150
8150.25893804
K= 4151
11625.5562882
K= 4152
4924.25290913
K= 4153
5347.51257155
K= 4154
4817.35697017
K= 4155
8123.09258222
K= 4156
22954.1682831
K= 4157
1440.08814804
K= 4158
4951.16999255
K= 4159
3763.85022654
K= 4160
8146.5
K= 4161
4682.63793581
K= 4162
8151.0
K= 4163
8138.33649121
K= 4164
8149.6
K= 4165
4960.26510266
K= 4166
8151.0
K= 4167
6592.63128359
K= 4168
8147.85714286
K= 4169
5970.16773219
K= 4170
6358.89123978
K= 4171
6146.22610367
K= 4172
16291.5
K= 4173
5515.98067006
K= 4174
8056.79533607
K= 4175
8088.91026602
K= 4176
9432.38210045
K= 4177
5465.12156323
K= 4178
12822.5422347
K= 4179
8134.27374514
K= 4180
8151.72972973
K= 4181
8146.72972973
K= 4182
20224.711517
K= 4183
8132.44880768
K= 4184
4297.74272006
K= 4185
4703.02248979
K= 4186
8152.0
K= 4187
4960.70296039
K= 4188
8147.66666667
K= 4189
5229.12996331
K= 4190
9177.42218383
K= 4191
5822.70031359
K= 4192
7613.2754885
K= 4193
4591.21221058
K= 4194
4809.1884716
K= 4195
4085.65832338
K= 4196
9983.69579502
K= 4197
5107.682401
K= 4198
4644.74298419
K= 4199
4919.42256016
K= 4200
3670.54227186
K= 4201
4921.69468213
K= 4202
4896.16165706
K= 4203
5107.682401
K= 4204
4616.36704634
K= 4205
5594.48527727
K= 4206
16727.6583218
K= 4207
4873.6136141
K= 4208
8827.0
K= 4209
13780.0502697
K= 4210
8149.46806836
K= 4211
8105.38743941
K= 4212
8152.0
K= 4213
3849.30792509
K= 4214
5069.83997514
K= 4215
3945.78932452
K= 4216
5107.682401
K= 4217
8130.23586207
K= 4218
5300.59560592
K= 4219
4344.1149922
K= 4220
9581.89255614
K= 4221
8226.28457401
K= 4222
4937.05999188
K= 4223
8138.69622217
K= 4224
4950.26572141
K= 4225
3618.82311759
K= 4226
5970.46539452
K= 4227
8146.00373132
K= 4228
8089.14491029
K= 4229
4778.09857408
K= 4230
5107.682401
K= 4231
3569.23313829
K= 4232
3827.05139838
K= 4233
5107.682401
K= 4234
4644.8493887
K= 4235
8139.85714286
K= 4236
5354.96064491
K= 4237
5193.73000868
K= 4238
32200.0862734
K= 4239
4818.9758021
K= 4240
7039.17480469
K= 4241
10389.3815935
K= 4242
9356.01069453
K= 4243
18771.2194863
K= 4244
4888.12460359
K= 4245
5060.13931136
K= 4246
6435.21932838
K= 4247
8150.92405063
K= 4248
4954.56895276
K= 4249
5973.50106552
K= 4250
8150.0
K= 4251
8163.21422845
K= 4252
8049.7174968
K= 4253
3838.0
K= 4254
4085.65832338
K= 4255
5107.682401
K= 4256
8105.46652715
K= 4257
3849.53413123
K= 4258
8157.0
K= 4259
4718.08732213
K= 4260
4821.7688974
K= 4261
5367.6428904
K= 4262
3909.44892701
K= 4263
4656.57580152
K= 4264
8156.17325578
K= 4265
5107.682401
K= 4266
4933.61379711
K= 4267
8149.89473684
K= 4268
5108.15276836
K= 4269
3944.80666037
K= 4270
8146.71428571
K= 4271
8123.00953442
K= 4272
8827.0
K= 4273
5107.682401
K= 4274
4085.65832338
K= 4275
4789.57251103
K= 4276
5432.73560677
K= 4277
4951.16999255
K= 4278
4817.96712497
K= 4279
8152.66666667
K= 4280
8145.0
K= 4281
5160.96661569
K= 4282
17654.0
K= 4283
4720.3775533
K= 4284
8151.0
K= 4285
4878.81139016
K= 4286
5302.7434732
K= 4287
17633.4513973
K= 4288
8409.30995837
K= 4289
9317.43669925
K= 4290
3918.44892701
K= 4291
4628.76449009
K= 4292
5086.72478872
K= 4293
8239.90493214
K= 4294
6154.25073526
K= 4295
5925.24595821
K= 4296
3687.72258934
K= 4297
8827.0
K= 4298
3596.68947395
K= 4299
4892.88836247
K= 4300
8147.5
K= 4301
8151.0
K= 4302
4915.40610946
K= 4303
5507.69448585
K= 4304
9998.95696874
K= 4305
8127.80115919
K= 4306
5743.03495672
K= 4307
5107.50807952
K= 4308
5107.682401
K= 4309
5424.5976451
K= 4310
8151.06329688
K= 4311
5125.97087056
K= 4312
4085.65832338
K= 4313
5743.78100956
K= 4314
9328.3452966
K= 4315
5378.06201917
K= 4316
8024.40494363
K= 4317
5135.86897129
K= 4318
5107.682401
K= 4319
5016.03137595
K= 4320
8054.23711146
K= 4321
8140.38864788
K= 4322
4911.25426362
K= 4323
5095.4814079
K= 4324
5257.63544512
K= 4325
4680.8083383
K= 4326
5452.69161381
K= 4327
8017.46838478
K= 4328
4692.02451443
K= 4329
4877.14627634
K= 4330
18663.1302565
K= 4331
8170.01057685
K= 4332
6095.38836038
K= 4333
22749.5977191
K= 4334
5107.682401
K= 4335
8137.71119783
K= 4336
1605.95921367
K= 4337
4729.99710981
K= 4338
5061.45682855
K= 4339
3694.80268903
K= 4340
5107.682401
K= 4341
5061.63632554
K= 4342
3847.30792509
K= 4343
6678.61566092
K= 4344
8147.0947464
K= 4345
5197.73859541
K= 4346
4616.76714343
K= 4347
3674.53413123
K= 4348
3753.05222541
K= 4349
5107.682401
K= 4350
7436.49787862
K= 4351
4932.76772534
K= 4352
5371.33175558
K= 4353
8049.33667155
K= 4354
4092.44892701
K= 4355
3895.05222541
K= 4356
8826.0
K= 4357
5378.53927827
K= 4358
5497.0895564
K= 4359
5357.75383498
K= 4360
4134.4366377
K= 4361
4941.51049482
K= 4362
8148.82857143
K= 4363
4688.47937844
K= 4364
3817.0
K= 4365
3631.30740036
K= 4366
6091.3873723
K= 4367
9833.86518205
K= 4368
5614.64098877
K= 4369
5354.03492247
K= 4370
8150.8974359
K= 4371
3677.53413123
K= 4372
5168.7643458
K= 4373
8150.81818182
K= 4374
3864.66574124
K= 4375
7971.8019736
K= 4376
9420.50983137
K= 4377
3709.97761785
K= 4378
3816.53413123
K= 4379
3909.44892701
K= 4380
15698.6096052
K= 4381
3909.44892701
K= 4382
8148.5
K= 4383
5398.60778145
K= 4384
14306.4223669
K= 4385
5107.682401
K= 4386
4952.30839415
K= 4387
8146.41568384
K= 4388
8149.8
K= 4389
11820.5
K= 4390
4665.59346285
K= 4391
5414.37291398
K= 4392
8239.13189087
K= 4393
4975.16373153
K= 4394
8206.86204214
K= 4395
5186.78611076
K= 4396
8827.0
K= 4397
3719.90077008
K= 4398
5107.682401
K= 4399
8144.85454545
K= 4400
10073.9472698
K= 4401
3909.44892701
K= 4402
8149.5
K= 4403
5570.08752995
K= 4404
8827.0
K= 4405
5107.682401
K= 4406
5365.40681126
K= 4407
8151.0
K= 4408
3821.0
K= 4409
5107.682401
K= 4410
3909.44892701
K= 4411
8148.0
K= 4412
10332.8905674
K= 4413
5372.37161583
K= 4414
8152.0
K= 4415
3952.74848827
K= 4416
3816.53413123
K= 4417
4919.48714796
K= 4418
5107.682401
K= 4419
5879.4427809
K= 4420
8136.80237313
K= 4421
4653.01813779
K= 4422
7821.45903324
K= 4423
4846.00151873
K= 4424
4841.6832832
K= 4425
3753.05222541
K= 4426
8150.85714286
K= 4427
3912.54560823
K= 4428
5107.682401
K= 4429
5513.31558388
K= 4430
3847.30792509
K= 4431
4975.45459946
K= 4432
5752.89483561
K= 4433
11170.6505804
K= 4434
3227.61568194
K= 4435
5825.79309574
K= 4436
5768.65880451
K= 4437
6219.15121863
K= 4438
8148.78947368
K= 4439
7818.34421398
K= 4440
13790.7045217
K= 4441
8150.33333333
K= 4442
19657.1470891
K= 4443
4670.45921986
K= 4444
5397.17669612
K= 4445
8149.91549296
K= 4446
4085.65832338
K= 4447
3753.05222541
K= 4448
8130.2084092
K= 4449
8827.0
K= 4450
5107.682401
K= 4451
4848.77454253
K= 4452
14030.1313564
K= 4453
5594.48527727
K= 4454
8827.0
K= 4455
9365.28814727
K= 4456
5107.682401
K= 4457
9324.22927592
K= 4458
3670.54227186
K= 4459
4663.63434915
K= 4460
3909.44892701
K= 4461
4091.19780195
K= 4462
8205.35408694
K= 4463
8101.60808344
K= 4464
5373.7398866
K= 4465
1518.74208152
K= 4466
5366.96587897
K= 4467
3744.68687002
K= 4468
5107.682401
K= 4469
3827.84
K= 4470
3631.30740036
K= 4471
14573.2400307
K= 4472
5459.13003853
K= 4473
4933.55086746
K= 4474
5389.41173726
K= 4475
8153.51726715
K= 4476
20712.1893895
K= 4477
4085.65832338
K= 4478
8149.82329245
K= 4479
5594.48527727
K= 4480
8047.46167155
K= 4481
5107.682401
K= 4482
1657.9371902
K= 4483
8143.74193548
K= 4484
8107.91516198
K= 4485
8142.85177818
K= 4486
3861.82183618
K= 4487
5107.682401
K= 4488
1749.75369044
K= 4489
8151.0
K= 4490
3700.79902706
K= 4491
5383.76064314
K= 4492
8155.0
K= 4493
23454.3586804
K= 4494
5511.12583522
K= 4495
3786.71428571
K= 4496
4965.27020689
K= 4497
2233.8041522
K= 4498
16322.0
K= 4499
8144.0
K= 4500
8102.69491859
K= 4501
3114.64902795
K= 4502
5290.52424322
K= 4503
4675.0583689
K= 4504
9636.10049906
K= 4505
5018.14183958
K= 4506
14136.4451068
K= 4507
4751.87112403
K= 4508
5968.91215669
K= 4509
3694.80268903
K= 4510
4085.65832338
K= 4511
8150.0
K= 4512
6291.47652893
K= 4513
8149.48178138
K= 4514
5460.43918195
K= 4515
8149.89189189
K= 4516
5107.682401
K= 4517
5390.00531068
K= 4518
1767.52113894
K= 4519
8042.81037964
K= 4520
8149.87951807
K= 4521
5687.28376344
K= 4522
8150.91304348
K= 4523
3753.05222541
K= 4524
8149.5
K= 4525
5061.30630696
K= 4526
4906.96798395
K= 4527
3753.05222541
K= 4528
13797.9490717
K= 4529
5182.23751361
K= 4530
5107.682401
K= 4531
8151.0
K= 4532
5392.72794905
K= 4533
4731.71271632
K= 4534
5133.02347966
K= 4535
3913.86858534
K= 4536
8147.6500479
K= 4537
6609.81448766
K= 4538
4793.26770523
K= 4539
5107.682401
K= 4540
12510.3759777
K= 4541
4501.23305768
K= 4542
5107.682401
K= 4543
4659.13095595
K= 4544
4085.65832338
K= 4545
8148.54167984
K= 4546
8132.48622434
K= 4547
8152.0
K= 4548
8137.1309923
K= 4549
4721.84248162
K= 4550
5066.60418286
K= 4551
4085.65832338
K= 4552
3816.53413123
K= 4553
4219.35822321
K= 4554
10397.8280684
K= 4555
4098.26280468
K= 4556
4790.35771242
K= 4557
8827.0
K= 4558
3856.48717949
K= 4559
8149.94425487
K= 4560
4085.65832338
K= 4561
8151.0
K= 4562
5107.22086254
K= 4563
8093.67087892
K= 4564
3909.44892701
K= 4565
4912.79661695
K= 4566
3676.53413123
K= 4567
4657.26329157
K= 4568
8149.0
K= 4569
8129.71119783
K= 4570
4085.65832338
K= 4571
23666.3990177
K= 4572
7949.93419913
K= 4573
16280.7260274
K= 4574
4085.65832338
K= 4575
10263.1361446
K= 4576
8054.41380319
K= 4577
8149.19899442
K= 4578
4085.65832338
K= 4579
4854.66793687
K= 4580
12745.5591924
K= 4581
5121.90826491
K= 4582
3975.53997797
K= 4583
8135.16424814
K= 4584
9459.3855232
K= 4585
5110.77819932
K= 4586
4711.62349072
K= 4587
3068.42885708
K= 4588
8515.08319413
K= 4589
8142.81818182
K= 4590
2735.57253579
K= 4591
9686.13193182
K= 4592
4740.80203652
K= 4593
4780.02037743
K= 4594
9303.92026257
K= 4595
5931.18828112
K= 4596
5107.682401
K= 4597
3716.36470588
K= 4598
8151.0
K= 4599
5479.97207403
K= 4600
8827.0
K= 4601
5428.61952462
K= 4602
3694.80268903
K= 4603
4840.78998927
K= 4604
5562.32131705
K= 4605
8149.0
K= 4606
8083.37290226
K= 4607
8132.97120002
K= 4608
5157.90881846
K= 4609
8152.0
K= 4610
5615.0368221
K= 4611
5098.58805571
K= 4612
7860.04332499
K= 4613
4085.65832338
K= 4614
5376.60156878
K= 4615
8142.89658417
K= 4616
4604.93281648
K= 4617
8147.0
Betweenness Centrality Improvement
[    0.             0.             0.         ...,  4604.93281648  8147.
     0.        ]
Top 20 BC Improvement
[2461 3235 3884 3228 2316 3124 3118 3265 3938 3762 2543 2745 3242 3352 3581
 2869 4238 3246 2799 3224]
