txValue= 100
Our nodes starting connections: 
(4618, 2796)
(4618, 1223)
(4618, 235)
K= 0
5189.50267451
K= 1
4738.48716332
K= 2
4691.36648222
K= 3
54634.1320524
K= 4
13089.8845796
K= 5
4893.59153637
K= 6
7612.75101619
K= 7
5031.39786941
K= 8
13803.1175131
K= 9
9182.12425227
K= 10
8424.94285714
K= 11
4629.51267286
K= 12
8373.33087772
K= 13
4893.50062728
K= 14
10137.8603689
K= 15
1835.34288861
K= 16
4893.50062728
K= 17
8827.0
K= 18
4809.31615591
K= 19
9074.98194044
K= 20
687.591536367
K= 21
5151.6531307
K= 22
4105.84210526
K= 23
8389.48095541
K= 24
4624.89554288
K= 25
4734.52559832
K= 26
5178.97928678
K= 27
5030.47383499
K= 28
4210.91589346
K= 29
4942.72815038
K= 30
4893.19153637
K= 31
16804.9296386
K= 32
13718.1053201
K= 33
5126.01456892
K= 34
5069.95630511
K= 35
4669.77359001
K= 36
8426.0
K= 37
4806.66465771
K= 38
5612.46676927
K= 39
4970.09963423
K= 40
8424.39744835
K= 41
8457.0
K= 42
12870.9189189
K= 43
4760.00865122
K= 44
5176.10180248
K= 45
4897.29853592
K= 46
4136.66666667
K= 47
4836.72683925
K= 48
8355.0
K= 49
8358.23633454
K= 50
9162.53246903
K= 51
4110.86486486
K= 52
4777.09503378
K= 53
5077.67737094
K= 54
5157.14452334
K= 55
8417.87096774
K= 56
8399.0
K= 57
4802.17355495
K= 58
5151.6531307
K= 59
4237.26225725
K= 60
8397.91919123
K= 61
23788.5999271
K= 62
31664.2423776
K= 63
8423.75
K= 64
5293.58666829
K= 65
8420.875
K= 66
4350.95781081
K= 67
8431.05433407
K= 68
8389.40403233
K= 69
5225.87908425
K= 70
8424.92857143
K= 71
3166.12249778
K= 72
8417.0
K= 73
4684.4634942
K= 74
4685.13181289
K= 75
5134.8300081
K= 76
12511.9283944
K= 77
4364.35066367
K= 78
4849.21081987
K= 79
8424.95774648
K= 80
13979.4416671
K= 81
8420.0
K= 82
8423.45
K= 83
8394.72727273
K= 84
5137.8998767
K= 85
4939.79920915
K= 86
4725.29562098
K= 87
5116.35905935
K= 88
4090.0
K= 89
8433.30448105
K= 90
8425.0
K= 91
18628.6635806
K= 92
7675.40801719
K= 93
10562.0377116
K= 94
4893.59153637
K= 95
5897.42439571
K= 96
8425.0
K= 97
8421.89583333
K= 98
4885.13029544
K= 99
4762.81883546
K= 100
8424.91891892
K= 101
5120.45558598
K= 102
5167.28134978
K= 103
4803.81244726
K= 104
4198.54314795
K= 105
4196.24373874
K= 106
4893.59153637
K= 107
5755.29444596
K= 108
8420.0
K= 109
8421.0
K= 110
5933.25437027
K= 111
8827.0
K= 112
4893.59153637
K= 113
5116.41853375
K= 114
5112.94044464
K= 115
4893.3248697
K= 116
8423.01070606
K= 117
4364.35066367
K= 118
8419.88888889
K= 119
5014.00309269
K= 120
1296.81073338
K= 121
4893.59153637
K= 122
8422.5
K= 123
8420.83913789
K= 124
8827.0
K= 125
8406.66580642
K= 126
4663.75424241
K= 127
1034.78672218
K= 128
5180.52922999
K= 129
31977.5038899
K= 130
5338.92678517
K= 131
10104.16952
K= 132
4893.59153637
K= 133
4701.44438679
K= 134
4893.59153637
K= 135
9479.33685806
K= 136
5003.21025527
K= 137
4679.92590334
K= 138
808.86494823
K= 139
2303.10204239
K= 140
8422.0
K= 141
8425.0
K= 142
4364.35066367
K= 143
4589.3933555
K= 144
4893.3248697
K= 145
885.02428314
K= 146
9165.76103937
K= 147
9165.37587153
K= 148
6137.66618824
K= 149
4338.24373874
K= 150
8421.87772397
K= 151
9650.33347501
K= 152
3426.92003561
K= 153
4115.9047619
K= 154
9869.93739676
K= 155
8827.0
K= 156
4551.95993396
K= 157
8417.95774648
K= 158
8425.0
K= 159
8400.94314411
K= 160
4680.78931887
K= 161
8426.0
K= 162
8419.89473684
K= 163
9370.59153637
K= 164
8424.92105263
K= 165
4661.44705274
K= 166
5092.53915982
K= 167
1150.43000839
K= 168
8360.66666667
K= 169
8380.40403233
K= 170
8423.49404762
K= 171
4978.07283541
K= 172
5282.01885581
K= 173
4754.81913972
K= 174
5345.91611795
K= 175
4759.03509436
K= 176
4196.24373874
K= 177
8407.9047619
K= 178
8405.0
K= 179
8425.0
K= 180
4571.04009678
K= 181
8827.0
K= 182
4688.95074624
K= 183
22737.9645875
K= 184
4649.47467468
K= 185
8423.42731806
K= 186
8425.0
K= 187
4769.03713391
K= 188
8827.0
K= 189
4762.35669975
K= 190
8376.66666667
K= 191
8380.79530918
K= 192
8418.875
K= 193
8426.83333333
K= 194
5168.53672612
K= 195
8424.94285714
K= 196
12376.8400704
K= 197
9205.79694095
K= 198
5667.87601144
K= 199
4793.00396801
K= 200
10049.6096486
K= 201
9067.02916405
K= 202
5346.34468938
K= 203
4200.91822175
K= 204
8414.07659632
K= 205
5086.52275457
K= 206
8827.0
K= 207
4999.26313951
K= 208
542.61180251
K= 209
8426.0
K= 210
5110.88286023
K= 211
4713.80612087
K= 212
7648.80258263
K= 213
4945.05817814
K= 214
4864.03467806
K= 215
8376.66666667
K= 216
5156.00665114
K= 217
4769.37190243
K= 218
4091.8
K= 219
5424.30707322
K= 220
1268.08580863
K= 221
4649.3108109
K= 222
67650.7325912
K= 223
8376.66666667
K= 224
4777.89021068
K= 225
5071.0309464
K= 226
4974.11758049
K= 227
21799.0
K= 228
4148.66666667
K= 229
12912.8183681
K= 230
8418.40822839
K= 231
8410.55113872
K= 232
8363.0
K= 233
8408.95774648
K= 234
9118.0796206
K= 235
2718.9459875
K= 236
4802.17355495
K= 237
7620.94122508
K= 238
8394.72727273
K= 239
1546.23683939
K= 240
8419.83333333
K= 241
4648.21587086
K= 242
4650.75854026
K= 243
4893.59153637
K= 244
4893.59153637
K= 245
8430.0
K= 246
8374.00952443
K= 247
8416.84210526
K= 248
8410.9047619
K= 249
4099.0
K= 250
8423.0
K= 251
4578.72364183
K= 252
8408.00952443
K= 253
5633.14345196
K= 254
4364.35066367
K= 255
8827.0
K= 256
5035.59627212
K= 257
8411.0
K= 258
9225.37328155
K= 259
4900.41684396
K= 260
9447.37214967
K= 261
8400.16889524
K= 262
8827.0
K= 263
8406.77230616
K= 264
8423.75
K= 265
5087.21351953
K= 266
4898.69344053
K= 267
4824.58623852
K= 268
5167.45909102
K= 269
4944.65572703
K= 270
5534.03811216
K= 271
8376.66666667
K= 272
5424.12166799
K= 273
8827.0
K= 274
4719.67752992
K= 275
5398.43267846
K= 276
5677.35576592
K= 277
4893.59153637
K= 278
8424.0
K= 279
4893.59153637
K= 280
8376.66666667
K= 281
5245.08984252
K= 282
5104.64061332
K= 283
8457.0
K= 284
8423.01538462
K= 285
8419.16666667
K= 286
4691.32481556
K= 287
689.98323882
K= 288
3406.64792827
K= 289
9294.10529297
K= 290
9203.49005963
K= 291
4893.59153637
K= 292
4196.24373874
K= 293
5145.7267052
K= 294
9636.02925776
K= 295
4628.41802548
K= 296
1221.85460524
K= 297
8375.66666667
K= 298
8425.0
K= 299
5318.57521549
K= 300
9171.67121683
K= 301
8427.31014092
K= 302
4680.04781423
K= 303
5570.81645156
K= 304
8827.0
K= 305
4658.16050839
K= 306
9646.7468706
K= 307
9590.3347437
K= 308
4893.59153637
K= 309
8356.40403233
K= 310
4364.35066367
K= 311
5642.95423616
K= 312
8419.0
K= 313
8356.86183467
K= 314
4893.59153637
K= 315
5641.91256949
K= 316
9611.13956036
K= 317
8827.0
K= 318
8382.90909091
K= 319
14110.3312223
K= 320
4754.43587574
K= 321
17495.6643904
K= 322
8375.66666667
K= 323
8425.0
K= 324
8423.83333333
K= 325
4364.35066367
K= 326
8374.66666667
K= 327
4821.02274484
K= 328
4665.1074549
K= 329
4540.06349966
K= 330
4834.28722455
K= 331
8412.21694415
K= 332
8827.0
K= 333
5096.31475647
K= 334
5803.99761675
K= 335
5176.10180248
K= 336
5713.08483838
K= 337
4196.24373874
K= 338
5096.37282585
K= 339
13976.7183765
K= 340
5149.98163961
K= 341
6517.84958322
K= 342
8421.84210526
K= 343
4724.99981807
K= 344
4755.67985124
K= 345
5633.18492222
K= 346
8424.66666667
K= 347
4829.92364255
K= 348
4134.8
K= 349
4640.94185027
K= 350
5155.22005706
K= 351
1511.30677394
K= 352
14850.1641554
K= 353
5083.90762689
K= 354
4753.628706
K= 355
4364.35066367
K= 356
8425.0
K= 357
4364.35066367
K= 358
4634.04920073
K= 359
8424.66666667
K= 360
8356.40403233
K= 361
9070.24622578
K= 362
4777.57464178
K= 363
5109.00247377
K= 364
5887.443549
K= 365
8423.84210526
K= 366
8408.71920603
K= 367
8425.0
K= 368
8423.75
K= 369
4654.96064267
K= 370
8827.0
K= 371
10203.6469208
K= 372
4953.32802503
K= 373
8421.84741013
K= 374
8421.91428571
K= 375
8406.83730275
K= 376
7584.67445533
K= 377
4821.16528534
K= 378
5112.94044464
K= 379
5115.01811535
K= 380
4773.51511606
K= 381
4893.59153637
K= 382
5148.187149
K= 383
5120.17198857
K= 384
4668.46388908
K= 385
4893.59153637
K= 386
4815.1283531
K= 387
4133.91891892
K= 388
1490.07661098
K= 389
16846.0
K= 390
4656.94824246
K= 391
8422.0
K= 392
8425.0
K= 393
4823.46132323
K= 394
8827.0
K= 395
4893.59153637
K= 396
5077.99036461
K= 397
8424.93975904
K= 398
8406.94117647
K= 399
8423.94505494
K= 400
5301.11101268
K= 401
9059.34475479
K= 402
4893.59153637
K= 403
4632.84043294
K= 404
7842.14661833
K= 405
8423.96202532
K= 406
8418.76027824
K= 407
8424.0
K= 408
1613.54426608
K= 409
8827.0
K= 410
8420.85714286
K= 411
8410.9047619
K= 412
8422.20112782
K= 413
8827.0
K= 414
5145.9121141
K= 415
9347.21698345
K= 416
8076.83783784
K= 417
8424.36142189
K= 418
4893.59153637
K= 419
5873.91229348
K= 420
4794.33541721
K= 421
18536.0982952
K= 422
31574.7558764
K= 423
8427.31014092
K= 424
8425.0
K= 425
4893.59153637
K= 426
5316.11467015
K= 427
8415.0
K= 428
8414.94285714
K= 429
4744.79774302
K= 430
5282.01885581
K= 431
8424.0
K= 432
4733.97614654
K= 433
1413.86418278
K= 434
6465.21931003
K= 435
16846.0
K= 436
8423.0
K= 437
5122.34989598
K= 438
4923.7286118
K= 439
4893.59153637
K= 440
8425.50037906
K= 441
4893.59153637
K= 442
4922.96635466
K= 443
8384.64532021
K= 444
9308.87737771
K= 445
8419.82487241
K= 446
8457.0
K= 447
4110.86486486
K= 448
4855.89521841
K= 449
8328.23499005
K= 450
8827.0
K= 451
8421.85714286
K= 452
9168.82908734
K= 453
4565.24773819
K= 454
4159.32142857
K= 455
8394.72727273
K= 456
8827.0
K= 457
8423.88
K= 458
5557.14729012
K= 459
4893.59153637
K= 460
8424.95652174
K= 461
8376.66666667
K= 462
5269.1071445
K= 463
5151.6531307
K= 464
8394.72727273
K= 465
4982.2785045
K= 466
8430.85820019
K= 467
12903.7871104
K= 468
4893.59153637
K= 469
4988.85520027
K= 470
13709.365148
K= 471
5106.20393116
K= 472
4791.06078474
K= 473
4605.20108917
K= 474
4932.57468613
K= 475
8427.31014092
K= 476
8410.9047619
K= 477
4893.59153637
K= 478
4939.96746401
K= 479
8415.0
K= 480
5627.7443531
K= 481
4893.59153637
K= 482
8422.0
K= 483
4778.92699575
K= 484
1663.28565721
K= 485
8457.0
K= 486
4196.24373874
K= 487
2332.21658933
K= 488
4114.0
K= 489
8424.875
K= 490
12900.875
K= 491
7842.14661833
K= 492
4364.35066367
K= 493
5642.95423616
K= 494
4796.75447149
K= 495
5870.52220748
K= 496
8424.90909091
K= 497
5295.13647343
K= 498
112653.941949
K= 499
4893.59153637
K= 500
14589.1468222
K= 501
9143.41158694
K= 502
4761.3846863
K= 503
4545.7743321
K= 504
4893.59153637
K= 505
8424.0
K= 506
8129.80044659
K= 507
8332.00952443
K= 508
13035.6426823
K= 509
8419.93975904
K= 510
8420.0
K= 511
8425.0
K= 512
8420.0
K= 513
749.955116284
K= 514
5337.31510124
K= 515
18335.0723584
K= 516
8425.0
K= 517
4593.16915537
K= 518
8427.31014092
K= 519
4761.58385136
K= 520
4834.56752387
K= 521
5754.00068241
K= 522
8420.0
K= 523
5976.36591903
K= 524
5636.58138171
K= 525
4209.51495713
K= 526
8420.66666667
K= 527
8409.46127137
K= 528
12856.7619048
K= 529
12838.8504577
K= 530
4974.11758049
K= 531
8423.0
K= 532
8430.0
K= 533
4893.59153637
K= 534
4893.59153637
K= 535
4893.59153637
K= 536
5325.97868534
K= 537
4818.64954853
K= 538
8421.91428571
K= 539
7699.13591597
K= 540
5418.98542528
K= 541
5619.74868685
K= 542
5081.24976298
K= 543
8419.46666667
K= 544
5098.06289849
K= 545
8416.0
K= 546
5175.38917521
K= 547
8436.0
K= 548
2765.02478422
K= 549
4893.59153637
K= 550
4794.94123869
K= 551
4087.0
K= 552
8425.0
K= 553
8424.0
K= 554
7687.17028679
K= 555
5567.13564476
K= 556
8405.00952443
K= 557
4893.59153637
K= 558
8427.31014092
K= 559
8422.83333333
K= 560
5318.75548756
K= 561
5577.24172235
K= 562
4199.4395266
K= 563
8394.72727273
K= 564
9781.09149439
K= 565
8383.40403233
K= 566
4364.35066367
K= 567
9168.80469295
K= 568
4893.59153637
K= 569
1875.08796323
K= 570
7651.7863391
K= 571
4199.56884072
K= 572
8394.0
K= 573
4893.59153637
K= 574
5876.26445665
K= 575
8424.39744835
K= 576
8407.00952443
K= 577
5106.33436594
K= 578
8423.0
K= 579
5091.89660977
K= 580
9060.09183438
K= 581
4645.19039911
K= 582
4893.59153637
K= 583
755.923606864
K= 584
5283.59549574
K= 585
7836.75856202
K= 586
5641.62090282
K= 587
8424.92307692
K= 588
8367.96849839
K= 589
4791.07441245
K= 590
4893.44867922
K= 591
7667.24283333
K= 592
16743.9889846
K= 593
8422.42666667
K= 594
16782.8080647
K= 595
4893.59153637
K= 596
5155.69958715
K= 597
8390.94871795
K= 598
4705.71066258
K= 599
8392.40403233
K= 600
4735.93051845
K= 601
8355.13785977
K= 602
8393.95774648
K= 603
8398.94594595
K= 604
8415.0
K= 605
5141.95936351
K= 606
8361.66666667
K= 607
4364.35066367
K= 608
4976.24039719
K= 609
4939.12946029
K= 610
8425.0
K= 611
4364.35066367
K= 612
4575.58809407
K= 613
8421.91891892
K= 614
8431.45742971
K= 615
8413.94117647
K= 616
8424.66666667
K= 617
4731.47755376
K= 618
4664.37102764
K= 619
8420.83333333
K= 620
7878.43719034
K= 621
4898.1961463
K= 622
4801.69310209
K= 623
8400.69544122
K= 624
8422.8
K= 625
16042.143409
K= 626
8394.16889524
K= 627
4978.15479027
K= 628
8596.86039641
K= 629
8424.66666667
K= 630
8515.55119251
K= 631
8658.72382356
K= 632
5282.01885581
K= 633
8420.0
K= 634
8423.01538462
K= 635
8422.0
K= 636
8424.0
K= 637
2322.27632215
K= 638
8387.0
K= 639
20759.6280416
K= 640
4133.91891892
K= 641
8424.56825506
K= 642
14580.7362355
K= 643
9038.95436554
K= 644
4196.24373874
K= 645
8422.94285714
K= 646
103129.229785
K= 647
8422.88
K= 648
8394.72727273
K= 649
12769.6666667
K= 650
8424.0
K= 651
4861.34525007
K= 652
2344.32857721
K= 653
8401.07403792
K= 654
4894.66746207
K= 655
4364.35066367
K= 656
4893.59153637
K= 657
8425.0
K= 658
5146.26003854
K= 659
8827.0
K= 660
8419.87878788
K= 661
8424.0
K= 662
20036.7028236
K= 663
3614.05243268
K= 664
8431.0650367
K= 665
4196.24373874
K= 666
4893.59153637
K= 667
8392.40403233
K= 668
4209.51495713
K= 669
4929.0419198
K= 670
4893.59153637
K= 671
772.899729956
K= 672
8424.32142857
K= 673
4675.23874088
K= 674
41036.1768859
K= 675
651.251554555
K= 676
8422.0
K= 677
8414.0
K= 678
10534.8840523
K= 679
4893.59153637
K= 680
8410.9047619
K= 681
20722.3323145
K= 682
4773.20221898
K= 683
14064.645829
K= 684
8418.875
K= 685
8394.2635579
K= 686
4881.87058585
K= 687
8378.6484323
K= 688
8422.85714286
K= 689
8407.94285714
K= 690
8367.66666667
K= 691
8423.66666667
K= 692
4650.58098861
K= 693
4364.35066367
K= 694
5087.6480748
K= 695
831.906460433
K= 696
4708.77213393
K= 697
1350.08936333
K= 698
4364.35066367
K= 699
4798.94226791
K= 700
8424.0
K= 701
4143.66666667
K= 702
4613.5993986
K= 703
4646.15130385
K= 704
4893.59153637
K= 705
4984.94119041
K= 706
8436.0
K= 707
4364.35066367
K= 708
8359.94871541
K= 709
4859.21269352
K= 710
8827.0
K= 711
5126.90672578
K= 712
8424.94594595
K= 713
5611.80466452
K= 714
8423.86666667
K= 715
8430.0
K= 716
5172.33955006
K= 717
4089.56
K= 718
4982.1104888
K= 719
5128.63785964
K= 720
17833.3123895
K= 721
8425.0
K= 722
4981.30569631
K= 723
12881.7777778
K= 724
18691.5031491
K= 725
4767.88434019
K= 726
8423.9047619
K= 727
16640.3451257
K= 728
8419.55113872
K= 729
5282.01885581
K= 730
5001.27866745
K= 731
8423.84210526
K= 732
8420.88888889
K= 733
8394.40403233
K= 734
4632.19838318
K= 735
4591.63422528
K= 736
5398.38562141
K= 737
8416.84210526
K= 738
5324.624866
K= 739
10675.1073256
K= 740
8422.97826087
K= 741
5136.11647942
K= 742
9801.74251114
K= 743
4681.47861411
K= 744
8425.0
K= 745
5146.26003854
K= 746
4927.75542137
K= 747
4893.59153637
K= 748
8424.0
K= 749
4893.59153637
K= 750
4773.71253377
K= 751
9657.72891101
K= 752
8137.1321701
K= 753
8421.39744835
K= 754
5962.08162664
K= 755
5127.67976986
K= 756
7661.87758264
K= 757
7616.68137636
K= 758
1116.75210113
K= 759
8303.85888548
K= 760
8350.50403233
K= 761
8549.13291967
K= 762
8424.67150067
K= 763
8827.0
K= 764
8426.0
K= 765
5025.69095401
K= 766
8425.0
K= 767
4893.59153637
K= 768
5612.46676927
K= 769
5175.3488613
K= 770
8423.88
K= 771
5034.24989917
K= 772
4895.84858258
K= 773
8387.4407419
K= 774
5236.61696566
K= 775
4753.12958139
K= 776
4793.28943743
K= 777
8424.95652174
K= 778
4090.82352941
K= 779
8389.5784012
K= 780
4854.23761231
K= 781
13629.2525845
K= 782
4379.26225725
K= 783
4575.71200575
K= 784
8419.8
K= 785
8427.31014092
K= 786
4900.21891806
K= 787
5469.84624425
K= 788
5033.52888678
K= 789
4683.56948926
K= 790
9229.78343217
K= 791
8424.0
K= 792
7292.60472176
K= 793
8424.0
K= 794
4743.08483441
K= 795
7615.74042893
K= 796
8306.43804348
K= 797
8247.97001177
K= 798
4162.0
K= 799
8360.66109394
K= 800
8367.66666667
K= 801
8376.66666667
K= 802
4893.59153637
K= 803
5176.90962774
K= 804
4891.26634542
K= 805
5106.33436594
K= 806
4700.09187921
K= 807
4815.01540501
K= 808
8425.0
K= 809
4912.16192543
K= 810
8420.83333333
K= 811
8425.0
K= 812
4884.02639547
K= 813
8422.9047619
K= 814
8328.40403233
K= 815
8376.66666667
K= 816
5347.63439714
K= 817
4364.35066367
K= 818
4708.76608113
K= 819
4725.35444451
K= 820
8394.40403233
K= 821
8381.13122415
K= 822
8827.0
K= 823
5087.52174999
K= 824
8423.17246083
K= 825
4649.39534573
K= 826
8374.66666667
K= 827
8430.17035564
K= 828
9423.32942722
K= 829
7563.90083559
K= 830
1819.12816226
K= 831
8403.20864018
K= 832
4963.71128633
K= 833
4893.59153637
K= 834
4788.38023967
K= 835
4893.59153637
K= 836
5290.49085264
K= 837
9322.80117187
K= 838
4583.24161836
K= 839
4647.57465371
K= 840
8425.0
K= 841
5640.67997805
K= 842
4196.24373874
K= 843
5447.71928727
K= 844
4723.88773427
K= 845
4893.59153637
K= 846
4721.52330317
K= 847
8404.24414344
K= 848
8407.07233131
K= 849
8424.94964029
K= 850
5058.7052798
K= 851
5641.67176606
K= 852
5350.22573815
K= 853
12890.6936572
K= 854
983.397199284
K= 855
12462.7707822
K= 856
5147.48537365
K= 857
5097.45268484
K= 858
4811.4587182
K= 859
4088.8
K= 860
4826.07929016
K= 861
8380.94871795
K= 862
8417.83603581
K= 863
4812.33569812
K= 864
5374.62357572
K= 865
5554.42156467
K= 866
8426.0
K= 867
8425.0
K= 868
8394.72727273
K= 869
5176.36449979
K= 870
4196.24373874
K= 871
2179.52258869
K= 872
4802.17355495
K= 873
5642.95423616
K= 874
5282.01885581
K= 875
4893.59153637
K= 876
5751.2780653
K= 877
8423.9113924
K= 878
4196.24373874
K= 879
8423.46428571
K= 880
1120.63328733
K= 881
6058.99004962
K= 882
4751.81502952
K= 883
4893.59153637
K= 884
4893.59153637
K= 885
795.883469576
K= 886
8639.38567432
K= 887
4893.59153637
K= 888
8423.94594595
K= 889
9260.09168078
K= 890
4821.2751632
K= 891
1107.16134199
K= 892
4765.45831917
K= 893
6898.19495247
K= 894
6792.32329078
K= 895
8423.83333333
K= 896
5115.09471006
K= 897
4096.0
K= 898
8420.64285714
K= 899
4893.59153637
K= 900
13398.9439089
K= 901
5319.48879661
K= 902
8376.66666667
K= 903
4364.35066367
K= 904
5176.10180248
K= 905
1613.00831215
K= 906
5976.45623102
K= 907
4566.92605988
K= 908
5343.34671823
K= 909
8421.85714286
K= 910
4687.97285557
K= 911
8424.0
K= 912
8391.40403233
K= 913
8413.84575683
K= 914
4078.60645161
K= 915
1066.82787367
K= 916
8426.0
K= 917
4090.72727273
K= 918
4900.5735314
K= 919
8374.58750315
K= 920
4930.77283975
K= 921
8423.92857143
K= 922
8426.0
K= 923
8401.16889524
K= 924
8423.62643678
K= 925
4824.40720235
K= 926
5112.94044464
K= 927
1692.05323269
K= 928
5786.5753053
K= 929
4893.59153637
K= 930
9609.23093416
K= 931
4847.48956867
K= 932
4803.87890693
K= 933
13690.0007734
K= 934
4833.72067656
K= 935
4766.86048185
K= 936
8426.0
K= 937
14797.4864606
K= 938
8424.91525424
K= 939
8423.14927881
K= 940
8421.9047619
K= 941
4893.59153637
K= 942
8423.75
K= 943
8424.0
K= 944
8425.0
K= 945
5328.42605507
K= 946
4893.59153637
K= 947
18313.2371949
K= 948
4090.0
K= 949
4133.91891892
K= 950
4978.25208569
K= 951
4697.67608795
K= 952
4767.88434019
K= 953
8423.93055556
K= 954
4364.35066367
K= 955
8425.92307692
K= 956
5387.68133552
K= 957
5112.5310719
K= 958
9583.33192616
K= 959
5040.7010111
K= 960
5175.80550618
K= 961
8423.0
K= 962
8391.40403233
K= 963
5078.08078827
K= 964
8420.875
K= 965
4162.0
K= 966
4893.59153637
K= 967
8425.0
K= 968
4834.99320654
K= 969
5282.01885581
K= 970
4791.37620559
K= 971
1111.16259253
K= 972
4196.24373874
K= 973
5346.34468938
K= 974
4133.91891892
K= 975
4338.24373874
K= 976
5472.95316327
K= 977
4846.86135535
K= 978
8394.40403233
K= 979
45643.69325
K= 980
8376.66666667
K= 981
4196.24373874
K= 982
4953.32802503
K= 983
8827.0
K= 984
4724.82190474
K= 985
8427.707465
K= 986
8410.0
K= 987
8424.80952381
K= 988
8425.0
K= 989
5612.46676927
K= 990
8417.57206886
K= 991
4620.89733712
K= 992
8426.0
K= 993
4678.48867764
K= 994
5083.45569181
K= 995
13747.8851651
K= 996
5625.1329487
K= 997
5423.34973816
K= 998
5110.88286023
K= 999
8389.40403233
K= 1000
4364.35066367
K= 1001
8425.0
K= 1002
8511.48128538
K= 1003
5975.36245583
K= 1004
5126.75833869
K= 1005
4893.59153637
K= 1006
32050.1069871
K= 1007
1519.45380101
K= 1008
4671.42432617
K= 1009
8827.0
K= 1010
5642.95423616
K= 1011
5267.84980377
K= 1012
2608.64915808
K= 1013
4364.35066367
K= 1014
744.97410227
K= 1015
8423.96202532
K= 1016
5136.04671716
K= 1017
21799.0
K= 1018
4893.59153637
K= 1019
4133.91891892
K= 1020
8425.91891892
K= 1021
4364.35066367
K= 1022
8424.0
K= 1023
4127.96854649
K= 1024
5082.68599484
K= 1025
5754.90067306
K= 1026
4697.34867095
K= 1027
8418.85714286
K= 1028
1816.5604647
K= 1029
8827.0
K= 1030
679.645415385
K= 1031
8422.91025641
K= 1032
5151.34029647
K= 1033
8413.92857143
K= 1034
4654.07421495
K= 1035
8422.24506787
K= 1036
4926.27518901
K= 1037
4893.59153637
K= 1038
5074.56156748
K= 1039
9074.43232051
K= 1040
9088.11263289
K= 1041
8436.0
K= 1042
4708.95830684
K= 1043
8424.77777778
K= 1044
8830.60496416
K= 1045
12680.935958
K= 1046
4364.35066367
K= 1047
40427.7697627
K= 1048
4595.52307056
K= 1049
5754.91944596
K= 1050
8424.66666667
K= 1051
4761.7707257
K= 1052
8425.0
K= 1053
5157.4423534
K= 1054
990.400254527
K= 1055
8389.875
K= 1056
8375.66666667
K= 1057
4074.051192
K= 1058
8429.9022775
K= 1059
4952.72385163
K= 1060
4877.71042921
K= 1061
4861.40518722
K= 1062
4842.39118896
K= 1063
12260.2192482
K= 1064
13750.6976532
K= 1065
8424.92307692
K= 1066
6267.55682727
K= 1067
8375.66666667
K= 1068
4815.12700848
K= 1069
8366.66666667
K= 1070
4723.63715041
K= 1071
8421.0
K= 1072
8384.00952443
K= 1073
5283.03553165
K= 1074
4797.1806661
K= 1075
4105.84210526
K= 1076
5016.99347319
K= 1077
4893.59153637
K= 1078
4951.74930811
K= 1079
4198.53323675
K= 1080
4900.84362986
K= 1081
4828.44890694
K= 1082
5136.42749624
K= 1083
8405.74442728
K= 1084
8394.72727273
K= 1085
5122.34989598
K= 1086
8419.83333333
K= 1087
8394.72727273
K= 1088
5130.45724515
K= 1089
8424.0
K= 1090
8420.88
K= 1091
4853.11188874
K= 1092
5677.52981065
K= 1093
8827.0
K= 1094
1088.11530695
K= 1095
6003.6954355
K= 1096
8420.0
K= 1097
4893.59153637
K= 1098
8425.0
K= 1099
8827.0
K= 1100
4767.72957828
K= 1101
4152.91891892
K= 1102
8375.66666667
K= 1103
4091.95774648
K= 1104
63711.3079815
K= 1105
8424.0
K= 1106
4980.15386401
K= 1107
12892.9315068
K= 1108
8827.0
K= 1109
8430.7438954
K= 1110
4638.63285116
K= 1111
8418.90909091
K= 1112
8394.72727273
K= 1113
2232.79263553
K= 1114
4893.59153637
K= 1115
4650.19205379
K= 1116
8424.9047619
K= 1117
9442.46081928
K= 1118
4685.73362717
K= 1119
4133.91891892
K= 1120
8412.0
K= 1121
8431.3091352
K= 1122
3754.49807768
K= 1123
8424.88888889
K= 1124
5281.01885581
K= 1125
8422.86486486
K= 1126
4662.75579648
K= 1127
1104.45244014
K= 1128
8730.75030116
K= 1129
4893.59153637
K= 1130
8425.95
K= 1131
8417.66688739
K= 1132
8386.00952443
K= 1133
4893.59153637
K= 1134
4196.24373874
K= 1135
4945.09717872
K= 1136
4364.35066367
K= 1137
5705.68460419
K= 1138
8423.66666667
K= 1139
4893.59153637
K= 1140
4717.15756921
K= 1141
4227.11951546
K= 1142
8424.66666667
K= 1143
8420.0
K= 1144
4225.4814124
K= 1145
8383.45172166
K= 1146
12791.6666667
K= 1147
4637.72718078
K= 1148
8827.0
K= 1149
8537.40366838
K= 1150
4604.16312336
K= 1151
8422.80994152
K= 1152
8380.0
K= 1153
8827.0
K= 1154
8385.48095541
K= 1155
4831.23306156
K= 1156
12701.9512554
K= 1157
17062.244688
K= 1158
4137.2871799
K= 1159
4364.35066367
K= 1160
8422.64285714
K= 1161
4907.90927473
K= 1162
8421.89655172
K= 1163
294024.822541
K= 1164
4208.54387313
K= 1165
8827.0
K= 1166
18403.4219032
K= 1167
4611.0392796
K= 1168
1708.09442653
K= 1169
4112.84768933
K= 1170
4654.02962533
K= 1171
4893.59153637
K= 1172
8430.0
K= 1173
8423.91826215
K= 1174
8365.52743902
K= 1175
8420.78972429
K= 1176
8424.0
K= 1177
8827.0
K= 1178
11022.6659094
K= 1179
5553.13619357
K= 1180
4720.89661264
K= 1181
4096.0
K= 1182
13868.3111291
K= 1183
5642.06534727
K= 1184
5240.19345841
K= 1185
8424.85714286
K= 1186
5956.13226558
K= 1187
4631.76755879
K= 1188
5056.00590436
K= 1189
4197.24373874
K= 1190
5610.32253075
K= 1191
8392.40403233
K= 1192
8417.87096774
K= 1193
43987.875
K= 1194
4110.84615385
K= 1195
2622.57072099
K= 1196
8827.0
K= 1197
4893.44867922
K= 1198
5112.91706498
K= 1199
4588.75501606
K= 1200
8424.94285714
K= 1201
8376.95441621
K= 1202
9183.8980908
K= 1203
8424.94871795
K= 1204
8931.42418002
K= 1205
4364.35066367
K= 1206
4726.03486764
K= 1207
8404.93975904
K= 1208
5281.66591464
K= 1209
13583.0074771
K= 1210
13906.8933182
K= 1211
4751.24472228
K= 1212
4700.76662999
K= 1213
8399.16889524
K= 1214
5120.17198857
K= 1215
5311.1134669
K= 1216
5318.75548756
K= 1217
10606.3334927
K= 1218
5130.22984981
K= 1219
959.570333508
K= 1220
4790.38370081
K= 1221
8390.40403233
K= 1222
4802.09663187
K= 1223
3429.28827232
K= 1224
4931.41152633
K= 1225
4870.68090779
K= 1226
8423.60645161
K= 1227
8423.84210526
K= 1228
27641.6607149
K= 1229
8423.73559322
K= 1230
4893.59153637
K= 1231
13960.6435646
K= 1232
5300.38496295
K= 1233
5090.47070075
K= 1234
8424.0
K= 1235
6604.51230406
K= 1236
9578.13829576
K= 1237
8418.85714286
K= 1238
8399.19338864
K= 1239
4886.44210837
K= 1240
8388.08813848
K= 1241
1437.41462972
K= 1242
8436.0
K= 1243
12376.8400704
K= 1244
8419.91304348
K= 1245
4893.59153637
K= 1246
1574.71185177
K= 1247
1384.47222906
K= 1248
5484.11577266
K= 1249
5019.53745203
K= 1250
4712.16800402
K= 1251
5388.12414494
K= 1252
9657.05623922
K= 1253
8421.95412844
K= 1254
8426.0
K= 1255
8423.0
K= 1256
4102.39744835
K= 1257
4646.90772276
K= 1258
8394.72727273
K= 1259
8827.0
K= 1260
5433.14581407
K= 1261
6770.45364715
K= 1262
8428.22134515
K= 1263
5112.94044464
K= 1264
8422.8
K= 1265
4893.59153637
K= 1266
5642.95423616
K= 1267
898.304655539
K= 1268
1193.45600141
K= 1269
4893.59153637
K= 1270
8423.56470588
K= 1271
9189.10720984
K= 1272
5363.74102055
K= 1273
5747.02983049
K= 1274
4893.59153637
K= 1275
9057.33669501
K= 1276
8422.0
K= 1277
8424.93761815
K= 1278
13882.5380564
K= 1279
5520.4740936
K= 1280
4638.62478723
K= 1281
5771.94194237
K= 1282
4364.35066367
K= 1283
8393.40403233
K= 1284
4893.59153637
K= 1285
9206.55451656
K= 1286
5343.56061097
K= 1287
4893.59153637
K= 1288
8427.31014092
K= 1289
9069.92171698
K= 1290
4893.59153637
K= 1291
4159.00088876
K= 1292
8408.8852459
K= 1293
8430.0
K= 1294
5106.33436594
K= 1295
8081.34791828
K= 1296
8423.75
K= 1297
8426.0
K= 1298
4338.24373874
K= 1299
3275.46543117
K= 1300
4583.6675806
K= 1301
8428.27560637
K= 1302
8382.91891892
K= 1303
8425.0
K= 1304
4631.18664031
K= 1305
4821.18664208
K= 1306
4682.62360646
K= 1307
4165.9047619
K= 1308
5417.21352319
K= 1309
4405.29089849
K= 1310
5175.96677252
K= 1311
4611.10325899
K= 1312
5551.22333466
K= 1313
867.374609533
K= 1314
8424.94594595
K= 1315
8373.66666667
K= 1316
8395.94202899
K= 1317
9679.6073268
K= 1318
4791.36329349
K= 1319
8423.75
K= 1320
5549.39194109
K= 1321
8425.72727273
K= 1322
8420.66666667
K= 1323
5755.29444596
K= 1324
8415.0
K= 1325
4640.20732855
K= 1326
4661.34781373
K= 1327
9360.03845489
K= 1328
8420.0
K= 1329
8423.83333333
K= 1330
4655.37016635
K= 1331
8419.94285714
K= 1332
8423.84210526
K= 1333
5111.01035688
K= 1334
8430.0
K= 1335
4332.66666667
K= 1336
4900.5735314
K= 1337
5308.18307273
K= 1338
9043.26982809
K= 1339
6083.39326717
K= 1340
4893.59153637
K= 1341
8416.85714286
K= 1342
5314.44326336
K= 1343
6152.43670769
K= 1344
8423.67755102
K= 1345
8827.0
K= 1346
9360.55812503
K= 1347
8420.0
K= 1348
4893.59153637
K= 1349
9199.39436216
K= 1350
4827.84240953
K= 1351
4704.79560342
K= 1352
167932.100276
K= 1353
7848.12861337
K= 1354
5119.89994556
K= 1355
5173.77680248
K= 1356
5611.63147515
K= 1357
884.622688063
K= 1358
4570.75704339
K= 1359
3322.37807438
K= 1360
8425.0
K= 1361
4893.59153637
K= 1362
17451.1192778
K= 1363
1692.23461219
K= 1364
4800.92266046
K= 1365
4222.64285714
K= 1366
4893.59153637
K= 1367
13836.302377
K= 1368
8410.9047619
K= 1369
8420.0
K= 1370
9771.90113557
K= 1371
4802.83388807
K= 1372
8355.66666667
K= 1373
5625.96340072
K= 1374
8827.0
K= 1375
5896.2163149
K= 1376
5107.94916647
K= 1377
9068.70137631
K= 1378
9652.79910884
K= 1379
4677.1300741
K= 1380
5126.86672578
K= 1381
9178.20181474
K= 1382
5112.71706498
K= 1383
9183.42055774
K= 1384
8415.91891892
K= 1385
8420.88888889
K= 1386
8430.0
K= 1387
8426.0
K= 1388
8424.68
K= 1389
4196.24373874
K= 1390
8420.52914825
K= 1391
8424.95890411
K= 1392
8410.0
K= 1393
8827.0
K= 1394
14005.2038148
K= 1395
789.662684637
K= 1396
4222.08379108
K= 1397
4893.59153637
K= 1398
5641.87685521
K= 1399
4364.35066367
K= 1400
8389.07016399
K= 1401
8374.73999196
K= 1402
4893.59153637
K= 1403
8369.66666667
K= 1404
8420.1287234
K= 1405
4880.78854448
K= 1406
4850.08688034
K= 1407
4998.66232971
K= 1408
8425.0
K= 1409
8393.0
K= 1410
4364.35066367
K= 1411
8390.0
K= 1412
6074.1063462
K= 1413
8369.66666667
K= 1414
9735.64209675
K= 1415
3612.27995167
K= 1416
5325.59611675
K= 1417
4624.39700444
K= 1418
8419.89473684
K= 1419
4894.47382447
K= 1420
1110.7696528
K= 1421
8417.87096774
K= 1422
5107.92380197
K= 1423
8385.27723889
K= 1424
4893.59153637
K= 1425
4799.15716706
K= 1426
8401.0
K= 1427
12889.8846154
K= 1428
8423.48623847
K= 1429
4333.27597617
K= 1430
9224.36938503
K= 1431
4893.59153637
K= 1432
658.826508518
K= 1433
4950.7574275
K= 1434
4893.59153637
K= 1435
6267.55682727
K= 1436
8422.87804878
K= 1437
8406.0
K= 1438
4893.50062728
K= 1439
8425.0
K= 1440
18249.583803
K= 1441
8425.0
K= 1442
4946.03965079
K= 1443
4162.0
K= 1444
8417.0
K= 1445
8394.72727273
K= 1446
8284.17127181
K= 1447
4162.0
K= 1448
8407.0
K= 1449
8406.1874139
K= 1450
4811.6629746
K= 1451
5977.59578916
K= 1452
4094.72727273
K= 1453
4599.32748606
K= 1454
4758.48469734
K= 1455
31969.2882065
K= 1456
4966.11388815
K= 1457
4790.9042079
K= 1458
8424.0
K= 1459
4804.95796505
K= 1460
8415.1287234
K= 1461
4893.59153637
K= 1462
4674.99353417
K= 1463
4090.0
K= 1464
4893.59153637
K= 1465
8428.22134515
K= 1466
8505.66857635
K= 1467
4893.59153637
K= 1468
5642.62090282
K= 1469
4775.81401201
K= 1470
4893.59153637
K= 1471
7616.68137636
K= 1472
8406.0
K= 1473
5313.60620678
K= 1474
8426.0
K= 1475
4901.21757181
K= 1476
4687.07033421
K= 1477
991.340250734
K= 1478
4364.35066367
K= 1479
8422.29489287
K= 1480
4582.84160729
K= 1481
6874.31707593
K= 1482
8423.85714286
K= 1483
5184.66223959
K= 1484
5424.12166799
K= 1485
5642.95423616
K= 1486
8376.66666667
K= 1487
8417.66666667
K= 1488
9089.25987354
K= 1489
4704.60614137
K= 1490
14081.9486003
K= 1491
4816.77973791
K= 1492
5325.32338947
K= 1493
4704.73469396
K= 1494
4131.8852459
K= 1495
8381.57206886
K= 1496
8424.94202899
K= 1497
4364.35066367
K= 1498
4734.62971589
K= 1499
13901.4498047
K= 1500
4893.44807274
K= 1501
4807.77963643
K= 1502
8431.5439717
K= 1503
8423.2
K= 1504
4859.67888724
K= 1505
4893.46653637
K= 1506
8424.85714286
K= 1507
4796.25394386
K= 1508
17654.0
K= 1509
4364.35066367
K= 1510
4364.35066367
K= 1511
4089.90909091
K= 1512
4378.52425872
K= 1513
4620.95169474
K= 1514
4949.00781363
K= 1515
4341.24373874
K= 1516
11172.0565702
K= 1517
4758.40798188
K= 1518
8412.13250899
K= 1519
8415.91455009
K= 1520
4228.39803536
K= 1521
4364.35066367
K= 1522
13758.5707139
K= 1523
27374.6820446
K= 1524
4664.77248673
K= 1525
4893.59153637
K= 1526
5651.86408088
K= 1527
9522.83568632
K= 1528
4888.74275242
K= 1529
4897.33291158
K= 1530
13573.6167643
K= 1531
5175.97680248
K= 1532
8424.0
K= 1533
8417.87096774
K= 1534
5897.42439571
K= 1535
4604.74826317
K= 1536
8403.94594595
K= 1537
4582.89878577
K= 1538
12882.2254713
K= 1539
4923.8389156
K= 1540
4724.72464762
K= 1541
5677.75203287
K= 1542
8424.66666667
K= 1543
5128.00335948
K= 1544
5006.22333944
K= 1545
7777.40193133
K= 1546
4664.39915093
K= 1547
8827.0
K= 1548
4893.48042526
K= 1549
4196.24373874
K= 1550
8419.1287234
K= 1551
8423.63333333
K= 1552
1683.82860352
K= 1553
12890.5142857
K= 1554
4196.24373874
K= 1555
3888.42781278
K= 1556
4672.03923504
K= 1557
22496.1085395
K= 1558
9058.90022493
K= 1559
12856.75
K= 1560
4802.17355495
K= 1561
4364.35066367
K= 1562
7666.96052379
K= 1563
5672.68125082
K= 1564
8639.0812705
K= 1565
8422.0
K= 1566
825.562481399
K= 1567
1605.72892258
K= 1568
6608.04260834
K= 1569
9700.94506529
K= 1570
4708.18029051
K= 1571
4893.59153637
K= 1572
5233.81483187
K= 1573
9167.85830198
K= 1574
4774.43470595
K= 1575
8425.0
K= 1576
4703.40850508
K= 1577
8827.0
K= 1578
4678.46592912
K= 1579
8418.8
K= 1580
4893.03796494
K= 1581
8425.0
K= 1582
8393.67774567
K= 1583
4364.35066367
K= 1584
4364.35066367
K= 1585
7684.77377574
K= 1586
4865.23054348
K= 1587
9068.91249252
K= 1588
4778.32836764
K= 1589
44009.2756064
K= 1590
9621.18019531
K= 1591
8422.85714286
K= 1592
4088.0
K= 1593
8422.86486486
K= 1594
4970.03540322
K= 1595
8424.8
K= 1596
8827.0
K= 1597
8426.0
K= 1598
4616.34584041
K= 1599
17654.0
K= 1600
4364.35066367
K= 1601
9459.83923818
K= 1602
8827.0
K= 1603
5111.34000113
K= 1604
4793.41815382
K= 1605
8404.0
K= 1606
16846.0
K= 1607
12046.4377184
K= 1608
4614.67008533
K= 1609
4364.35066367
K= 1610
4634.66745059
K= 1611
4893.59153637
K= 1612
9185.99448111
K= 1613
4720.2075341
K= 1614
8425.0
K= 1615
5361.36875635
K= 1616
5194.98005288
K= 1617
8410.9047619
K= 1618
4870.14124237
K= 1619
9048.36192769
K= 1620
5151.60093168
K= 1621
4718.35043968
K= 1622
13674.57494
K= 1623
8425.0
K= 1624
4338.73937429
K= 1625
8423.0
K= 1626
5589.87978959
K= 1627
16840.0
K= 1628
8918.83123203
K= 1629
9328.10960458
K= 1630
8396.12234341
K= 1631
4225.35848503
K= 1632
8422.875
K= 1633
8422.71428571
K= 1634
8419.90322581
K= 1635
4682.469431
K= 1636
4799.38979374
K= 1637
8400.16889524
K= 1638
8423.0
K= 1639
8410.9047619
K= 1640
10155.7605896
K= 1641
8375.66666667
K= 1642
5282.01885581
K= 1643
5083.48599484
K= 1644
9153.36890938
K= 1645
8430.0
K= 1646
4364.35066367
K= 1647
4196.24373874
K= 1648
4086.28372315
K= 1649
4935.80021142
K= 1650
8420.0
K= 1651
5001.45747539
K= 1652
8445.91891892
K= 1653
4099.92
K= 1654
5127.51544773
K= 1655
8392.54375691
K= 1656
5113.92426021
K= 1657
12904.0
K= 1658
5056.15591072
K= 1659
4776.91172112
K= 1660
4736.92437254
K= 1661
4196.24373874
K= 1662
8426.0
K= 1663
4115.88888889
K= 1664
8422.71746032
K= 1665
4621.49487852
K= 1666
8421.89384317
K= 1667
4893.59153637
K= 1668
4893.59153637
K= 1669
5176.10180248
K= 1670
9283.69606115
K= 1671
8423.0
K= 1672
8425.0
K= 1673
4633.93501931
K= 1674
5311.73397652
K= 1675
5693.02729298
K= 1676
40679.6948611
K= 1677
13950.5468731
K= 1678
9778.80218032
K= 1679
8424.96202532
K= 1680
5161.51321317
K= 1681
4685.74319216
K= 1682
3931.33307296
K= 1683
8419.46666667
K= 1684
8422.87804878
K= 1685
4823.41090252
K= 1686
4364.35066367
K= 1687
4893.70806176
K= 1688
4732.04063795
K= 1689
4742.92502436
K= 1690
9309.21299963
K= 1691
4823.36035834
K= 1692
15439.8203051
K= 1693
9032.14849877
K= 1694
8827.0
K= 1695
8424.95890411
K= 1696
8417.07051683
K= 1697
8456.50532065
K= 1698
8423.93975904
K= 1699
4769.34956361
K= 1700
16837.8378378
K= 1701
4148.91891892
K= 1702
8422.75
K= 1703
4708.77213393
K= 1704
4893.34153637
K= 1705
5642.95423616
K= 1706
8424.67957641
K= 1707
5099.5802042
K= 1708
4819.95308663
K= 1709
4893.59153637
K= 1710
4793.48180771
K= 1711
5303.60553798
K= 1712
8379.86005531
K= 1713
5106.77388234
K= 1714
4893.59153637
K= 1715
4196.24373874
K= 1716
8430.26461307
K= 1717
4761.7707257
K= 1718
5155.69552017
K= 1719
1183.76659196
K= 1720
4772.50845242
K= 1721
8424.8
K= 1722
9494.54261943
K= 1723
8426.0
K= 1724
4606.00876366
K= 1725
4893.59153637
K= 1726
8423.50993567
K= 1727
8826.0
K= 1728
4893.59153637
K= 1729
8418.68
K= 1730
8424.56
K= 1731
8425.91891892
K= 1732
8418.94594595
K= 1733
4664.45305712
K= 1734
4731.17493202
K= 1735
8427.31014092
K= 1736
8376.66666667
K= 1737
4718.04016426
K= 1738
8420.75
K= 1739
9933.83751464
K= 1740
4814.10018879
K= 1741
4203.32210647
K= 1742
8363.66666667
K= 1743
8417.75
K= 1744
9063.76137257
K= 1745
5250.21197012
K= 1746
8411.0
K= 1747
8423.39744835
K= 1748
4621.48656948
K= 1749
10175.2849274
K= 1750
5184.66223959
K= 1751
4887.80425592
K= 1752
8383.46348637
K= 1753
4144.66666667
K= 1754
8423.71794872
K= 1755
4888.49217037
K= 1756
5254.94844724
K= 1757
8423.55670772
K= 1758
8423.23966017
K= 1759
4094.83333333
K= 1760
5689.99957156
K= 1761
4904.64121758
K= 1762
4702.13232173
K= 1763
8416.84210526
K= 1764
4881.51089143
K= 1765
8423.95
K= 1766
8399.60144813
K= 1767
4364.35066367
K= 1768
4879.12464347
K= 1769
4669.30849622
K= 1770
7850.15692014
K= 1771
2015.75854893
K= 1772
4089.64615385
K= 1773
8426.0
K= 1774
4893.59153637
K= 1775
8827.0
K= 1776
14487.7476077
K= 1777
8392.0
K= 1778
1975.69663118
K= 1779
4893.22702024
K= 1780
8395.91891892
K= 1781
8421.88888889
K= 1782
9718.41264564
K= 1783
4590.74476392
K= 1784
4892.97248875
K= 1785
8424.0
K= 1786
1232.31257147
K= 1787
8392.00952443
K= 1788
4664.07912063
K= 1789
4364.35066367
K= 1790
8320.54719835
K= 1791
4929.42279269
K= 1792
8421.0
K= 1793
5087.86250224
K= 1794
4857.02232979
K= 1795
5642.47375506
K= 1796
657.386177789
K= 1797
9215.60640832
K= 1798
5859.77251218
K= 1799
9424.18664787
K= 1800
4849.15901201
K= 1801
5641.87090282
K= 1802
8457.0
K= 1803
9595.84625644
K= 1804
4870.8880288
K= 1805
2544.63480665
K= 1806
9272.66184618
K= 1807
4893.59153637
K= 1808
50914.8679539
K= 1809
4797.00999863
K= 1810
4893.44867922
K= 1811
1126.80353662
K= 1812
8423.75
K= 1813
4612.62050719
K= 1814
4856.55712139
K= 1815
4706.83463053
K= 1816
4354.64238376
K= 1817
2191.3469112
K= 1818
4864.39685505
K= 1819
8422.0
K= 1820
16205.6811533
K= 1821
4687.75112051
K= 1822
4893.59153637
K= 1823
4196.24373874
K= 1824
4063.91570293
K= 1825
8426.0
K= 1826
16840.0094754
K= 1827
13748.9274701
K= 1828
8422.0
K= 1829
5151.6531307
K= 1830
5642.95423616
K= 1831
6235.87321273
K= 1832
4892.83235762
K= 1833
8427.31014092
K= 1834
8423.0
K= 1835
4980.1895783
K= 1836
8423.75
K= 1837
8425.0
K= 1838
5750.9359912
K= 1839
9049.68602849
K= 1840
4684.19349733
K= 1841
9722.28088795
K= 1842
5755.29444596
K= 1843
4950.52226651
K= 1844
8462.27680944
K= 1845
4925.3397669
K= 1846
4893.59153637
K= 1847
8422.0
K= 1848
5288.98490321
K= 1849
4899.30889421
K= 1850
4739.59308503
K= 1851
4364.35066367
K= 1852
4705.4677044
K= 1853
8376.66666667
K= 1854
7833.47995167
K= 1855
865.186141057
K= 1856
5142.02355953
K= 1857
4936.30855464
K= 1858
4966.2677343
K= 1859
8410.9047619
K= 1860
4364.35066367
K= 1861
8409.0
K= 1862
8425.0
K= 1863
8430.0
K= 1864
9311.99143864
K= 1865
8424.0
K= 1866
18076.7144425
K= 1867
8386.0
K= 1868
4364.35066367
K= 1869
1151.47824342
K= 1870
7528.94018947
K= 1871
4867.91176714
K= 1872
9107.03359394
K= 1873
4364.35066367
K= 1874
4687.20710744
K= 1875
4197.3887746
K= 1876
8424.0
K= 1877
4886.34934931
K= 1878
4691.1382245
K= 1879
4678.99459064
K= 1880
984.813773905
K= 1881
8422.0
K= 1882
4959.85521846
K= 1883
4966.84653471
K= 1884
7351.29144489
K= 1885
4945.47246801
K= 1886
6466.01781658
K= 1887
4681.49454997
K= 1888
5096.37282585
K= 1889
8419.95652174
K= 1890
8827.0
K= 1891
5619.97388678
K= 1892
4815.81106289
K= 1893
8426.0
K= 1894
4138.66666667
K= 1895
8375.66666667
K= 1896
8421.64285714
K= 1897
8424.31014092
K= 1898
8423.75
K= 1899
5994.43889895
K= 1900
1829.57185537
K= 1901
4091.75
K= 1902
9105.00306265
K= 1903
8422.56470588
K= 1904
1004.1361314
K= 1905
4633.95518799
K= 1906
4893.50062728
K= 1907
4847.4148615
K= 1908
4874.69724053
K= 1909
9663.47101916
K= 1910
4868.73487938
K= 1911
5110.7413508
K= 1912
4654.55866704
K= 1913
4894.75729011
K= 1914
8424.0
K= 1915
8418.0234991
K= 1916
8408.1021873
K= 1917
4910.46709262
K= 1918
4662.06950076
K= 1919
8422.71760797
K= 1920
4097.92857143
K= 1921
8416.84210526
K= 1922
8408.00952443
K= 1923
12256.3333333
K= 1924
4742.40933471
K= 1925
1061.76381154
K= 1926
8375.66666667
K= 1927
8422.0
K= 1928
2328.09692476
K= 1929
4980.17539498
K= 1930
45682.8632228
K= 1931
5205.78176808
K= 1932
4500.67153168
K= 1933
8394.72727273
K= 1934
8415.93478261
K= 1935
5642.82923616
K= 1936
5307.38445402
K= 1937
4688.85728135
K= 1938
4701.96566421
K= 1939
4880.78717458
K= 1940
8403.0
K= 1941
5725.88233341
K= 1942
8417.0
K= 1943
916.911237114
K= 1944
8425.0
K= 1945
8418.875
K= 1946
4990.65636184
K= 1947
4828.70331421
K= 1948
5627.41999171
K= 1949
5239.93275514
K= 1950
8423.0
K= 1951
4196.24373874
K= 1952
4364.35066367
K= 1953
8423.88888889
K= 1954
589.517069363
K= 1955
7982.15331715
K= 1956
8418.95774648
K= 1957
4672.42993118
K= 1958
9224.70405903
K= 1959
8425.0
K= 1960
1000.68714537
K= 1961
4852.97495273
K= 1962
9241.85869073
K= 1963
4808.66801931
K= 1964
8423.83913789
K= 1965
4828.64836982
K= 1966
4364.35066367
K= 1967
5379.61561307
K= 1968
8364.66666667
K= 1969
6283.79709521
K= 1970
8388.46653233
K= 1971
22654.7533474
K= 1972
8427.31014092
K= 1973
8393.40403233
K= 1974
8424.93793103
K= 1975
8424.95
K= 1976
5222.29827792
K= 1977
8396.0
K= 1978
8410.9047619
K= 1979
9101.07728136
K= 1980
8369.57206886
K= 1981
5174.75848861
K= 1982
4893.59153637
K= 1983
16848.6978934
K= 1984
5636.90575242
K= 1985
4754.81913972
K= 1986
4254.81541457
K= 1987
916.716448838
K= 1988
100898.761217
K= 1989
8425.0
K= 1990
5409.05198575
K= 1991
8369.66666667
K= 1992
8376.22835452
K= 1993
4740.0802533
K= 1994
8423.75
K= 1995
8393.40403233
K= 1996
8394.72727273
K= 1997
4814.61738081
K= 1998
4885.47256027
K= 1999
4893.59153637
K= 2000
4705.56054622
K= 2001
8422.71746032
K= 2002
8419.90322581
K= 2003
4364.35066367
K= 2004
8423.5
K= 2005
5130.6417119
K= 2006
15100.1074885
K= 2007
4109.98826053
K= 2008
8427.31777599
K= 2009
7688.790188
K= 2010
4734.98505147
K= 2011
7623.1393002
K= 2012
4772.67989733
K= 2013
4750.18883684
K= 2014
4781.51294429
K= 2015
4196.24373874
K= 2016
7623.54371893
K= 2017
5164.06796126
K= 2018
4826.17919872
K= 2019
4851.07050343
K= 2020
5136.04671716
K= 2021
4908.49923423
K= 2022
4161.66666667
K= 2023
4811.10320226
K= 2024
5632.85158889
K= 2025
2395.27968451
K= 2026
8537.40366838
K= 2027
8423.95
K= 2028
5096.37282585
K= 2029
8420.66666667
K= 2030
9296.3917799
K= 2031
4724.76281366
K= 2032
36623.2791909
K= 2033
4893.45872314
K= 2034
13035.6426823
K= 2035
8420.76923077
K= 2036
18571.3787974
K= 2037
8316.23786401
K= 2038
8423.94736842
K= 2039
8424.95
K= 2040
5852.12757078
K= 2041
4364.35066367
K= 2042
10230.5662984
K= 2043
989.503237894
K= 2044
5325.47111675
K= 2045
4231.68720652
K= 2046
4365.35066367
K= 2047
9590.32517596
K= 2048
8429.83913789
K= 2049
9680.50968828
K= 2050
4893.59153637
K= 2051
4162.0
K= 2052
4893.3248697
K= 2053
4893.59153637
K= 2054
4893.59153637
K= 2055
8425.0
K= 2056
8424.0
K= 2057
8417.87096774
K= 2058
9160.56564007
K= 2059
776.874672368
K= 2060
8419.90322581
K= 2061
16726.0
K= 2062
4771.666872
K= 2063
4991.27748503
K= 2064
8430.0
K= 2065
8423.86666667
K= 2066
4898.39327978
K= 2067
5443.70498191
K= 2068
8424.0
K= 2069
4213.80735005
K= 2070
5097.92725805
K= 2071
5096.37282585
K= 2072
4622.41178379
K= 2073
482.974226236
K= 2074
4893.59153637
K= 2075
8419.89473684
K= 2076
4893.59153637
K= 2077
8400.00952443
K= 2078
5184.08499945
K= 2079
8827.0
K= 2080
8417.8
K= 2081
4859.00640927
K= 2082
8419.83333333
K= 2083
4777.98136319
K= 2084
5282.01885581
K= 2085
4767.81767352
K= 2086
8423.75
K= 2087
41848.4564135
K= 2088
8424.92307692
K= 2089
22879.5062853
K= 2090
4833.20752565
K= 2091
8423.66666667
K= 2092
13034.7773648
K= 2093
8419.94724799
K= 2094
8397.11177413
K= 2095
9495.69667682
K= 2096
8413.96202532
K= 2097
9154.19009006
K= 2098
5673.88914891
K= 2099
8427.31014092
K= 2100
8827.0
K= 2101
8420.95774648
K= 2102
8424.95652174
K= 2103
12895.2628724
K= 2104
8382.40403233
K= 2105
8436.0
K= 2106
8424.44705882
K= 2107
8425.0
K= 2108
1095.9834098
K= 2109
4898.79458691
K= 2110
1239.564098
K= 2111
4759.50964627
K= 2112
8827.0
K= 2113
4906.94090159
K= 2114
4687.83949347
K= 2115
8422.42666667
K= 2116
5031.79639368
K= 2117
8827.0
K= 2118
4669.39841904
K= 2119
9647.18275246
K= 2120
8425.0
K= 2121
8429.83913789
K= 2122
5102.91346201
K= 2123
8423.72727273
K= 2124
1434.14526027
K= 2125
1122.22906335
K= 2126
8827.0
K= 2127
8391.40403233
K= 2128
8420.0
K= 2129
7505.24301561
K= 2130
4893.59153637
K= 2131
5083.48599484
K= 2132
8414.85714286
K= 2133
4644.41242689
K= 2134
4779.6232747
K= 2135
5755.29444596
K= 2136
4364.35066367
K= 2137
5239.93275514
K= 2138
6054.74754885
K= 2139
4364.35066367
K= 2140
4741.74066559
K= 2141
21922.7353518
K= 2142
4364.35066367
K= 2143
4758.70801592
K= 2144
4893.59153637
K= 2145
4374.23753179
K= 2146
8414.83333333
K= 2147
5399.96545334
K= 2148
8353.66666667
K= 2149
4787.01426957
K= 2150
8425.0
K= 2151
8419.78787879
K= 2152
8376.66666667
K= 2153
8376.66666667
K= 2154
8401.00952443
K= 2155
4364.35066367
K= 2156
4893.59153637
K= 2157
4893.59153637
K= 2158
8416.84210526
K= 2159
16739.4407562
K= 2160
4110.86486486
K= 2161
22912.6620004
K= 2162
4957.00690412
K= 2163
5970.36721773
K= 2164
5650.21167365
K= 2165
8422.8
K= 2166
5106.43886021
K= 2167
8422.95
K= 2168
6441.74169092
K= 2169
8438.45105553
K= 2170
4669.24825559
K= 2171
8391.50076422
K= 2172
9155.21024395
K= 2173
2871.58112547
K= 2174
8422.5
K= 2175
4893.59153637
K= 2176
4823.51260739
K= 2177
5115.26872193
K= 2178
8425.0
K= 2179
4767.88434019
K= 2180
9269.95374262
K= 2181
7842.14661833
K= 2182
5248.31482208
K= 2183
4722.57443545
K= 2184
4893.59153637
K= 2185
8827.0
K= 2186
8425.0
K= 2187
4913.12759381
K= 2188
8539.30672437
K= 2189
8423.2885945
K= 2190
7986.91930508
K= 2191
1036.01112125
K= 2192
5010.25678869
K= 2193
20728.8390821
K= 2194
4979.74388927
K= 2195
8428.27560637
K= 2196
8424.45454545
K= 2197
5137.96733871
K= 2198
5077.5425385
K= 2199
5627.96239821
K= 2200
8423.24725663
K= 2201
12213.4135568
K= 2202
8827.0
K= 2203
9345.55956022
K= 2204
4698.82908198
K= 2205
4627.9552335
K= 2206
4134.66666667
K= 2207
8426.31014092
K= 2208
4802.17355495
K= 2209
8420.88
K= 2210
8413.22815973
K= 2211
8423.75
K= 2212
806.394064875
K= 2213
4364.35066367
K= 2214
8378.16925707
K= 2215
12366.7297297
K= 2216
8430.17035564
K= 2217
4873.08576286
K= 2218
4812.1152025
K= 2219
4364.35066367
K= 2220
8827.0
K= 2221
4893.59153637
K= 2222
8432.22004255
K= 2223
5677.46631858
K= 2224
21117.305104
K= 2225
8421.0
K= 2226
4893.59153637
K= 2227
4364.35066367
K= 2228
18145.7564849
K= 2229
52962.0
K= 2230
8416.0
K= 2231
10124.1782784
K= 2232
4838.26542943
K= 2233
8410.9047619
K= 2234
8417.0
K= 2235
8425.0
K= 2236
8827.0
K= 2237
4641.72120495
K= 2238
5467.21109552
K= 2239
5144.60742651
K= 2240
4893.48042526
K= 2241
8418.0
K= 2242
4822.69092332
K= 2243
8425.0
K= 2244
8394.72727273
K= 2245
4679.78657763
K= 2246
4786.14670129
K= 2247
4912.27926068
K= 2248
5179.35313623
K= 2249
5073.93347102
K= 2250
8364.28947565
K= 2251
741.149511639
K= 2252
8424.94871795
K= 2253
1154.06240113
K= 2254
4661.69737638
K= 2255
13847.731288
K= 2256
12965.0053716
K= 2257
8425.94871795
K= 2258
8425.0
K= 2259
4893.59153637
K= 2260
8827.0
K= 2261
4797.59646076
K= 2262
8426.0
K= 2263
4893.59153637
K= 2264
5130.45724515
K= 2265
4709.87667891
K= 2266
893.410687461
K= 2267
8457.99586777
K= 2268
4697.32485631
K= 2269
4835.1444235
K= 2270
5001.45747539
K= 2271
8421.31014092
K= 2272
8412.85635037
K= 2273
4200.52032382
K= 2274
5660.65122278
K= 2275
12968.2397428
K= 2276
4668.80334033
K= 2277
8409.00952443
K= 2278
8407.41697041
K= 2279
4893.59153637
K= 2280
8419.55113872
K= 2281
8430.0
K= 2282
9061.2182253
K= 2283
4985.28246296
K= 2284
4911.98803252
K= 2285
4821.30814248
K= 2286
4658.79219231
K= 2287
8406.958148
K= 2288
4903.29995287
K= 2289
8423.77254806
K= 2290
8425.0
K= 2291
4609.77508515
K= 2292
8416.84210526
K= 2293
8429.83913789
K= 2294
4196.24373874
K= 2295
7601.47945949
K= 2296
1127.63481375
K= 2297
8425.0
K= 2298
4892.95344113
K= 2299
5141.87828243
K= 2300
8827.0
K= 2301
8424.0
K= 2302
5004.40874165
K= 2303
5175.97680248
K= 2304
8425.0
K= 2305
8427.31014092
K= 2306
4745.96505081
K= 2307
8387.40403233
K= 2308
8369.00952443
K= 2309
9058.38732769
K= 2310
8425.85714286
K= 2311
8429.83913789
K= 2312
8400.00952443
K= 2313
4893.59153637
K= 2314
8427.31014092
K= 2315
4259.75030116
K= 2316
52962.0
K= 2317
8427.13867899
K= 2318
4782.84652535
K= 2319
1355.39866317
K= 2320
4850.92785446
K= 2321
8424.92857143
K= 2322
8402.9
K= 2323
607.054255383
K= 2324
4433.4223379
K= 2325
4838.97491038
K= 2326
5069.54286938
K= 2327
8427.31014092
K= 2328
4208.60090716
K= 2329
8430.0
K= 2330
4873.24764248
K= 2331
27049.2477006
K= 2332
6927.29443228
K= 2333
4835.84663646
K= 2334
5058.7052798
K= 2335
5128.81888457
K= 2336
8418.0
K= 2337
4952.19285299
K= 2338
8423.9047619
K= 2339
13007.49442
K= 2340
5318.17215423
K= 2341
4364.35066367
K= 2342
4784.74742674
K= 2343
8337.66666667
K= 2344
4196.24373874
K= 2345
8424.92857143
K= 2346
8420.95890411
K= 2347
22859.3493844
K= 2348
8424.0
K= 2349
8424.92857143
K= 2350
8827.0
K= 2351
9241.19881357
K= 2352
5642.95423616
K= 2353
8457.0
K= 2354
8390.78125
K= 2355
4893.59153637
K= 2356
8409.0
K= 2357
4893.59153637
K= 2358
20573.7311723
K= 2359
4364.35066367
K= 2360
4356.45613919
K= 2361
4893.59153637
K= 2362
4196.24373874
K= 2363
4894.39851019
K= 2364
40168.5460819
K= 2365
5469.19382785
K= 2366
5318.75548756
K= 2367
9103.74924061
K= 2368
4931.6309112
K= 2369
8424.93918919
K= 2370
5136.52919115
K= 2371
8375.66666667
K= 2372
4638.62478723
K= 2373
8400.22771877
K= 2374
4998.80781569
K= 2375
6649.92748717
K= 2376
8422.68
K= 2377
4956.94942262
K= 2378
4364.35066367
K= 2379
8422.85714286
K= 2380
8418.71794872
K= 2381
8425.0
K= 2382
16841.4895238
K= 2383
4893.59153637
K= 2384
9091.97670736
K= 2385
4882.81613242
K= 2386
4904.78482547
K= 2387
6521.41775467
K= 2388
9246.90125826
K= 2389
8422.77777778
K= 2390
7525.00178828
K= 2391
4893.59153637
K= 2392
4718.21904028
K= 2393
8417.93975904
K= 2394
8410.9047619
K= 2395
4893.59153637
K= 2396
8396.0
K= 2397
4893.1791987
K= 2398
5441.85666607
K= 2399
5172.65089675
K= 2400
8425.0
K= 2401
6916.32643959
K= 2402
8426.87804878
K= 2403
8390.89654252
K= 2404
8827.0
K= 2405
5374.13851188
K= 2406
5001.45747539
K= 2407
4999.43826806
K= 2408
4136.91891892
K= 2409
10548.0013612
K= 2410
4684.739135
K= 2411
5148.97811845
K= 2412
4653.02836016
K= 2413
8409.9
K= 2414
4674.64406632
K= 2415
8421.0
K= 2416
825.764692875
K= 2417
1797.39488204
K= 2418
13082.8065408
K= 2419
5424.12166799
K= 2420
5488.11702698
K= 2421
6160.55287144
K= 2422
4398.45442696
K= 2423
4370.47765111
K= 2424
4364.35066367
K= 2425
4503.87420683
K= 2426
8427.66964174
K= 2427
5422.18180891
K= 2428
12965.0325169
K= 2429
8394.40403233
K= 2430
8393.0
K= 2431
1028.49017158
K= 2432
4703.17813097
K= 2433
9223.93722882
K= 2434
6875.22716923
K= 2435
5240.92611854
K= 2436
12915.4465661
K= 2437
4152.66666667
K= 2438
8323.00637899
K= 2439
4679.24246208
K= 2440
8378.94594595
K= 2441
16843.6666667
K= 2442
5087.61647049
K= 2443
4893.59153637
K= 2444
5140.5657406
K= 2445
4559.30528303
K= 2446
4674.36746048
K= 2447
8414.94594595
K= 2448
4089.06666667
K= 2449
5157.95504165
K= 2450
8407.24525596
K= 2451
8423.9047619
K= 2452
4697.37943852
K= 2453
4261.42840431
K= 2454
5296.88608014
K= 2455
4364.35066367
K= 2456
8827.0
K= 2457
18140.0432453
K= 2458
4795.19217019
K= 2459
8403.82651138
K= 2460
4893.59153637
K= 2461
81256.9496294
K= 2462
10560.6279311
K= 2463
5114.04426021
K= 2464
8827.0
K= 2465
8421.86486486
K= 2466
8418.90755032
K= 2467
8394.40403233
K= 2468
4652.91137255
K= 2469
4873.08576286
K= 2470
8419.83333333
K= 2471
4131.91891892
K= 2472
5069.12384542
K= 2473
8417.07884857
K= 2474
9461.32704997
K= 2475
4561.68510087
K= 2476
4637.36162092
K= 2477
7041.65114314
K= 2478
4692.97223499
K= 2479
4567.88664197
K= 2480
5119.96485507
K= 2481
5388.12414494
K= 2482
8410.9047619
K= 2483
4893.59153637
K= 2484
8420.32626995
K= 2485
9503.66899761
K= 2486
8827.0
K= 2487
18150.7008998
K= 2488
5095.04875189
K= 2489
5636.70992329
K= 2490
8346.00952443
K= 2491
4196.24373874
K= 2492
4616.40593722
K= 2493
5112.94044464
K= 2494
8430.0
K= 2495
4900.5735314
K= 2496
5729.98014707
K= 2497
4893.59153637
K= 2498
4364.35066367
K= 2499
4927.63987559
K= 2500
4893.59153637
K= 2501
4893.59153637
K= 2502
4133.91891892
K= 2503
4888.52135889
K= 2504
4893.59153637
K= 2505
4893.59153637
K= 2506
4887.78659708
K= 2507
4893.59153637
K= 2508
4973.69473146
K= 2509
8418.9
K= 2510
5112.64393301
K= 2511
5369.26603961
K= 2512
8425.0
K= 2513
8419.0
K= 2514
4223.40759814
K= 2515
8401.0
K= 2516
12197.0
K= 2517
5685.66108263
K= 2518
4702.69322115
K= 2519
4893.59153637
K= 2520
10560.3837986
K= 2521
9041.02331027
K= 2522
4769.2168421
K= 2523
5325.59611675
K= 2524
4570.3761059
K= 2525
4862.77921917
K= 2526
8414.52812008
K= 2527
674.294167262
K= 2528
4711.65852255
K= 2529
8425.0
K= 2530
8424.0
K= 2531
4893.38951616
K= 2532
861.137821849
K= 2533
8421.88372093
K= 2534
9227.46143756
K= 2535
4105.0
K= 2536
8424.66666667
K= 2537
8393.40403233
K= 2538
8422.83333333
K= 2539
8420.93975904
K= 2540
5028.26301428
K= 2541
4741.10664262
K= 2542
4242.44585334
K= 2543
58320.1702904
K= 2544
8457.0
K= 2545
8421.9
K= 2546
8421.88888889
K= 2547
8419.66666667
K= 2548
7625.6893204
K= 2549
4083.52537784
K= 2550
8827.0
K= 2551
4364.35066367
K= 2552
8425.0
K= 2553
9388.87579057
K= 2554
3341.72976154
K= 2555
8375.22158775
K= 2556
3099.84634561
K= 2557
6176.01964281
K= 2558
5231.77205393
K= 2559
1192.04834965
K= 2560
8405.03490326
K= 2561
4751.78306445
K= 2562
5014.96507213
K= 2563
5478.46179385
K= 2564
8396.00952443
K= 2565
17654.0
K= 2566
9578.86068174
K= 2567
8425.0
K= 2568
5318.26382007
K= 2569
5324.18431338
K= 2570
4197.24373874
K= 2571
8419.94285714
K= 2572
8425.0
K= 2573
8426.0
K= 2574
4809.02904228
K= 2575
13649.5017596
K= 2576
8385.0
K= 2577
4344.50872608
K= 2578
8827.0
K= 2579
8702.35066367
K= 2580
8425.0
K= 2581
14302.8974016
K= 2582
4871.73607141
K= 2583
6094.15423747
K= 2584
4973.94275407
K= 2585
4445.43145807
K= 2586
8826.0
K= 2587
8372.66666667
K= 2588
9410.21705445
K= 2589
8403.53056113
K= 2590
5225.38240225
K= 2591
8407.0
K= 2592
5611.60962641
K= 2593
4968.11765483
K= 2594
4893.59153637
K= 2595
6159.72724264
K= 2596
4196.24373874
K= 2597
832.457455322
K= 2598
8393.40403233
K= 2599
4094.875
K= 2600
8416.87397962
K= 2601
8420.96202532
K= 2602
6402.79096439
K= 2603
8422.71428571
K= 2604
1933.53214214
K= 2605
1756.52742417
K= 2606
7828.98403491
K= 2607
4364.35066367
K= 2608
10025.5325005
K= 2609
6419.9090012
K= 2610
8411.95652174
K= 2611
5628.33959119
K= 2612
4854.86197989
K= 2613
10846.243336
K= 2614
8423.95652174
K= 2615
8410.9047619
K= 2616
4631.24607323
K= 2617
8410.9047619
K= 2618
9343.92342911
K= 2619
8827.0
K= 2620
8424.95774648
K= 2621
7827.07556551
K= 2622
4660.12215724
K= 2623
5288.8216716
K= 2624
4865.58561134
K= 2625
8423.75
K= 2626
8424.875
K= 2627
8460.63258193
K= 2628
9169.24559162
K= 2629
9208.4212456
K= 2630
8423.0
K= 2631
5365.72717276
K= 2632
987.946725282
K= 2633
8827.0
K= 2634
8423.75
K= 2635
8420.9
K= 2636
8422.88888889
K= 2637
8416.95652174
K= 2638
8400.00952443
K= 2639
4196.24373874
K= 2640
4893.59153637
K= 2641
4364.35066367
K= 2642
12755.9459459
K= 2643
4962.79156298
K= 2644
8428.27560637
K= 2645
826.909037424
K= 2646
4648.03487961
K= 2647
8372.66666667
K= 2648
5136.52919115
K= 2649
8413.1287234
K= 2650
8418.85714286
K= 2651
5096.37282585
K= 2652
12915.3627227
K= 2653
4919.86876447
K= 2654
8392.0
K= 2655
9102.83863422
K= 2656
8417.0
K= 2657
5324.97846969
K= 2658
1614.57331646
K= 2659
8409.88235294
K= 2660
8422.94285714
K= 2661
5858.60666204
K= 2662
4196.24373874
K= 2663
9089.88846052
K= 2664
5641.78738875
K= 2665
8421.0
K= 2666
5325.32186925
K= 2667
5755.29444596
K= 2668
4840.92178929
K= 2669
4100.994019
K= 2670
4778.23764948
K= 2671
5213.87498056
K= 2672
8827.0
K= 2673
8422.86486486
K= 2674
5127.93041059
K= 2675
5226.64778025
K= 2676
2409.82308506
K= 2677
4521.67132444
K= 2678
4196.24373874
K= 2679
7586.32376952
K= 2680
8424.92857143
K= 2681
5325.59611675
K= 2682
6498.79742874
K= 2683
4364.35066367
K= 2684
4364.35066367
K= 2685
4860.03171971
K= 2686
8457.0
K= 2687
4364.35066367
K= 2688
9603.52819473
K= 2689
8422.86486486
K= 2690
8408.36440596
K= 2691
8421.84210526
K= 2692
8451.6715586
K= 2693
202413.804334
K= 2694
8423.84210526
K= 2695
4125.86486486
K= 2696
9484.03918978
K= 2697
8416.16350302
K= 2698
5112.94044464
K= 2699
5139.76841678
K= 2700
4893.34153637
K= 2701
8420.98979413
K= 2702
4962.81513757
K= 2703
5628.25671298
K= 2704
4087.8974758
K= 2705
4720.68786298
K= 2706
5127.51605434
K= 2707
4188.66666667
K= 2708
4204.19641769
K= 2709
4893.59153637
K= 2710
10562.0377116
K= 2711
8425.91891892
K= 2712
4137.62083245
K= 2713
4764.27645179
K= 2714
4743.47430903
K= 2715
9297.84239279
K= 2716
8394.72727273
K= 2717
8376.66666667
K= 2718
13650.9993868
K= 2719
4738.21811414
K= 2720
4196.24373874
K= 2721
8386.63671429
K= 2722
8420.43996769
K= 2723
8424.95364238
K= 2724
8457.0
K= 2725
8371.8
K= 2726
5282.01885581
K= 2727
8416.0
K= 2728
4738.91561847
K= 2729
8424.0357471
K= 2730
8393.95864543
K= 2731
8417.87096774
K= 2732
8416.86111111
K= 2733
4589.09792481
K= 2734
8394.72727273
K= 2735
8425.0
K= 2736
8396.95
K= 2737
4893.59153637
K= 2738
7821.14661833
K= 2739
5282.01885581
K= 2740
8394.40403233
K= 2741
14051.6578462
K= 2742
4724.17169438
K= 2743
4893.59153637
K= 2744
13648.0057683
K= 2745
36507.1940801
K= 2746
4364.35066367
K= 2747
5601.39682551
K= 2748
8422.86486486
K= 2749
8420.76923077
K= 2750
18377.403491
K= 2751
4893.59153637
K= 2752
4893.59153637
K= 2753
5659.79011806
K= 2754
8422.84
K= 2755
2632.50097347
K= 2756
8410.84444444
K= 2757
19184.9269896
K= 2758
8336.8
K= 2759
8827.0
K= 2760
7698.63591597
K= 2761
5166.00309713
K= 2762
8423.0
K= 2763
2818.64186489
K= 2764
8411.91891892
K= 2765
4813.96209367
K= 2766
8424.0
K= 2767
8420.0
K= 2768
4777.03058784
K= 2769
4090.0
K= 2770
12898.8831568
K= 2771
4082.875
K= 2772
4778.25196928
K= 2773
9117.57181456
K= 2774
4725.35444451
K= 2775
8827.0
K= 2776
4592.82435832
K= 2777
1565.78394136
K= 2778
8425.1372549
K= 2779
4095.0
K= 2780
4971.59467178
K= 2781
5157.89621812
K= 2782
5635.40827597
K= 2783
4740.41583546
K= 2784
8415.75
K= 2785
8415.65348192
K= 2786
4893.59153637
K= 2787
8826.0
K= 2788
9820.90553607
K= 2789
4557.18359089
K= 2790
4812.0665284
K= 2791
8425.0
K= 2792
5628.67292453
K= 2793
5755.29444596
K= 2794
5126.90672578
K= 2795
4893.59153637
K= 2796
1777.53851186
K= 2797
18411.7274374
K= 2798
4624.54737272
K= 2799
31883.9546237
K= 2800
5090.62034942
K= 2801
8424.0
K= 2802
8423.81818182
K= 2803
9060.16864986
K= 2804
4364.35066367
K= 2805
4737.22235318
K= 2806
4893.59153637
K= 2807
5008.59233727
K= 2808
4899.23731709
K= 2809
5039.99411397
K= 2810
8427.31014092
K= 2811
5184.36599899
K= 2812
1880.87527511
K= 2813
922.986122548
K= 2814
6371.73797096
K= 2815
4364.35066367
K= 2816
4608.54722323
K= 2817
8401.22334606
K= 2818
17367.0
K= 2819
5157.83504165
K= 2820
4221.51803731
K= 2821
8417.15992965
K= 2822
7614.68137636
K= 2823
8386.79530918
K= 2824
5977.46245583
K= 2825
8409.93181818
K= 2826
13439.5102006
K= 2827
4173.0
K= 2828
4817.73203953
K= 2829
4745.01751415
K= 2830
4196.24373874
K= 2831
4364.35066367
K= 2832
5642.95423616
K= 2833
4692.97223499
K= 2834
5106.33436594
K= 2835
8827.0
K= 2836
25253.25
K= 2837
8413.02251859
K= 2838
8423.75
K= 2839
8420.0
K= 2840
4682.35130832
K= 2841
8417.75
K= 2842
8424.51098901
K= 2843
8385.40403233
K= 2844
4884.86787163
K= 2845
10057.8135136
K= 2846
7511.49090709
K= 2847
5251.28249169
K= 2848
13936.0200513
K= 2849
641.871563213
K= 2850
4732.31567046
K= 2851
8349.0
K= 2852
8404.51139239
K= 2853
8425.0
K= 2854
5052.06946056
K= 2855
4175.0
K= 2856
9217.4044822
K= 2857
5646.72058899
K= 2858
8420.0
K= 2859
4619.86006954
K= 2860
7833.75376119
K= 2861
9787.29825641
K= 2862
8440.99287379
K= 2863
8423.64550506
K= 2864
5057.36193544
K= 2865
8036.29230769
K= 2866
8424.95
K= 2867
8421.91891892
K= 2868
1919.29698365
K= 2869
49430.2182513
K= 2870
4766.86048185
K= 2871
8425.88888889
K= 2872
8423.0
K= 2873
8419.0
K= 2874
5282.01885581
K= 2875
8410.75075381
K= 2876
4893.59153637
K= 2877
4893.59153637
K= 2878
4893.36653637
K= 2879
4955.05986551
K= 2880
5282.01885581
K= 2881
8425.0
K= 2882
8408.56444113
K= 2883
8421.92424242
K= 2884
8391.00952443
K= 2885
4382.80620995
K= 2886
5282.01885581
K= 2887
8341.09480626
K= 2888
5323.51776181
K= 2889
4973.29353751
K= 2890
4644.87817746
K= 2891
5106.33436594
K= 2892
4893.59153637
K= 2893
867.374609533
K= 2894
4364.35066367
K= 2895
7818.4283085
K= 2896
16837.8181818
K= 2897
8422.94594595
K= 2898
5958.42512034
K= 2899
1409.68544424
K= 2900
7688.79528679
K= 2901
7833.28469369
K= 2902
7616.68137636
K= 2903
5282.01885581
K= 2904
4893.59153637
K= 2905
8424.66666667
K= 2906
8424.92857143
K= 2907
6107.36654123
K= 2908
8421.90996695
K= 2909
8425.31014092
K= 2910
12843.0265178
K= 2911
4736.33438913
K= 2912
8404.88953526
K= 2913
4744.18035849
K= 2914
4196.24373874
K= 2915
8427.31014092
K= 2916
5088.6794145
K= 2917
8360.5717091
K= 2918
8423.0
K= 2919
9039.0875776
K= 2920
4893.59153637
K= 2921
8827.0
K= 2922
8420.0
K= 2923
4893.59153637
K= 2924
19184.0905222
K= 2925
5977.79578916
K= 2926
16593.4135568
K= 2927
8410.0
K= 2928
8409.0
K= 2929
4832.10066761
K= 2930
5897.42439571
K= 2931
1311.8267288
K= 2932
4893.59153637
K= 2933
8422.86486486
K= 2934
4959.46150841
K= 2935
4772.17959954
K= 2936
1426.22275206
K= 2937
5151.5531307
K= 2938
5362.81713814
K= 2939
4772.27190206
K= 2940
4976.21170758
K= 2941
6527.69002916
K= 2942
40737.9447613
K= 2943
4861.0547806
K= 2944
4919.18873582
K= 2945
4156.9047619
K= 2946
8424.92857143
K= 2947
4110.86486486
K= 2948
5120.17198857
K= 2949
4893.59153637
K= 2950
4364.35066367
K= 2951
10176.2593811
K= 2952
8388.6541866
K= 2953
7699.13591597
K= 2954
4096.0
K= 2955
4996.2908161
K= 2956
4364.35066367
K= 2957
4349.44392032
K= 2958
8425.0
K= 2959
5439.64997413
K= 2960
4099.92857143
K= 2961
8422.0
K= 2962
4893.59153637
K= 2963
8355.7540789
K= 2964
8421.0
K= 2965
4770.8998619
K= 2966
8424.0
K= 2967
9785.18307273
K= 2968
2324.93594947
K= 2969
5755.29444596
K= 2970
8425.0
K= 2971
8424.86666667
K= 2972
4364.35066367
K= 2973
4868.13477255
K= 2974
4684.06311174
K= 2975
4900.84362986
K= 2976
8393.95890411
K= 2977
8408.36142189
K= 2978
4090.00100516
K= 2979
4893.59153637
K= 2980
4882.3409793
K= 2981
4092.75
K= 2982
4893.59153637
K= 2983
5167.68262081
K= 2984
5050.77864089
K= 2985
4134.91891892
K= 2986
4800.11990538
K= 2987
8428.27560637
K= 2988
8546.24373874
K= 2989
4196.24373874
K= 2990
8421.0
K= 2991
4364.35066367
K= 2992
4706.50318153
K= 2993
5077.5425385
K= 2994
22508.4639904
K= 2995
5077.5425385
K= 2996
8396.00952443
K= 2997
1043.17902289
K= 2998
8690.63273853
K= 2999
5176.04231534
K= 3000
4555.03920056
K= 3001
8423.64352941
K= 3002
13477.4623856
K= 3003
4697.44425239
K= 3004
8419.46666667
K= 3005
8399.34277926
K= 3006
5077.36348444
K= 3007
4196.24373874
K= 3008
13734.9861172
K= 3009
5556.41569259
K= 3010
8430.0
K= 3011
8414.8115942
K= 3012
8419.55113872
K= 3013
4693.12757324
K= 3014
4893.50062728
K= 3015
8424.0
K= 3016
8425.0
K= 3017
5637.44473995
K= 3018
5239.86533941
K= 3019
8419.90909091
K= 3020
5120.17198857
K= 3021
4105.84210526
K= 3022
4866.6865477
K= 3023
8423.0
K= 3024
8424.9047619
K= 3025
1268.00117084
K= 3026
5669.05709942
K= 3027
8420.0
K= 3028
4653.33362661
K= 3029
4364.35066367
K= 3030
8369.875
K= 3031
8420.0
K= 3032
9591.71223813
K= 3033
18177.8323623
K= 3034
5472.00056411
K= 3035
5136.52919115
K= 3036
8371.21976269
K= 3037
8827.0
K= 3038
5114.04426021
K= 3039
4904.93530316
K= 3040
5076.84599251
K= 3041
4196.24373874
K= 3042
8425.92
K= 3043
4196.24373874
K= 3044
4162.0
K= 3045
4602.74610178
K= 3046
4674.70314671
K= 3047
9148.82676317
K= 3048
4794.39391542
K= 3049
5024.01979698
K= 3050
8414.99594714
K= 3051
9227.15766095
K= 3052
4893.59153637
K= 3053
5758.94799347
K= 3054
4911.73186731
K= 3055
8425.0
K= 3056
4893.59153637
K= 3057
4364.35066367
K= 3058
8422.75
K= 3059
4893.59153637
K= 3060
4893.59153637
K= 3061
8422.83333333
K= 3062
733.553061368
K= 3063
8423.9
K= 3064
8425.0
K= 3065
4364.35066367
K= 3066
8417.875
K= 3067
4818.38072613
K= 3068
4722.82784656
K= 3069
8403.00952443
K= 3070
8420.0
K= 3071
5146.26003854
K= 3072
8425.0
K= 3073
8827.0
K= 3074
8827.0
K= 3075
9114.47038911
K= 3076
4767.68005837
K= 3077
1193.8177418
K= 3078
8425.0
K= 3079
8394.72727273
K= 3080
4880.06258012
K= 3081
5484.50216475
K= 3082
4801.45554015
K= 3083
8662.0142824
K= 3084
4364.35066367
K= 3085
4908.9477191
K= 3086
4919.41632707
K= 3087
5045.28379547
K= 3088
5282.01885581
K= 3089
8375.85714286
K= 3090
1324.86005145
K= 3091
8394.72727273
K= 3092
8425.91891892
K= 3093
5151.47666011
K= 3094
8394.40403233
K= 3095
5279.39632292
K= 3096
4959.16767235
K= 3097
5113.50615453
K= 3098
4893.59153637
K= 3099
27369.0092568
K= 3100
4800.84154326
K= 3101
10562.0377116
K= 3102
8413.90996695
K= 3103
8439.4773704
K= 3104
4841.78099079
K= 3105
4893.59153637
K= 3106
5318.75548756
K= 3107
8408.83913789
K= 3108
8423.88888889
K= 3109
4924.66837112
K= 3110
8419.8
K= 3111
8827.0
K= 3112
4364.35066367
K= 3113
8636.0
K= 3114
13728.5660294
K= 3115
5106.23436594
K= 3116
5013.48928831
K= 3117
8316.02427924
K= 3118
52962.0
K= 3119
5281.72718915
K= 3120
4636.37230216
K= 3121
8422.56470588
K= 3122
4709.19295226
K= 3123
8424.0
K= 3124
52962.0
K= 3125
8426.0
K= 3126
8419.94339623
K= 3127
4743.07503915
K= 3128
8433.47758766
K= 3129
19107.0922264
K= 3130
8420.0
K= 3131
1150.73427287
K= 3132
992.430830005
K= 3133
18139.1564578
K= 3134
4592.5053857
K= 3135
8266.13105584
K= 3136
5611.58923569
K= 3137
5112.81745023
K= 3138
8376.66666667
K= 3139
8425.0
K= 3140
8404.23054372
K= 3141
4893.59153637
K= 3142
4737.55666527
K= 3143
4131.0
K= 3144
5333.24342873
K= 3145
4978.35914897
K= 3146
8394.40403233
K= 3147
4364.35066367
K= 3148
4842.03600493
K= 3149
6397.89036828
K= 3150
5124.87861202
K= 3151
8422.5
K= 3152
8383.64532021
K= 3153
7770.51601663
K= 3154
8376.66666667
K= 3155
8426.0
K= 3156
4893.59153637
K= 3157
7625.78505698
K= 3158
4898.76612511
K= 3159
2298.22393029
K= 3160
8317.82234341
K= 3161
5097.80012473
K= 3162
4857.7863687
K= 3163
8418.90909091
K= 3164
4776.25831789
K= 3165
8654.8747849
K= 3166
8419.0
K= 3167
9572.83496534
K= 3168
8827.0
K= 3169
4593.2684065
K= 3170
8423.8
K= 3171
576.916883621
K= 3172
5365.65106267
K= 3173
8827.0
K= 3174
9389.40969659
K= 3175
5109.92455009
K= 3176
4147.66666667
K= 3177
5483.78016244
K= 3178
9455.93993125
K= 3179
5130.27771247
K= 3180
7818.1252866
K= 3181
8376.66666667
K= 3182
5110.88286023
K= 3183
8422.86486486
K= 3184
1216.29174127
K= 3185
5957.42512034
K= 3186
9497.9639227
K= 3187
4635.90356339
K= 3188
4741.28109879
K= 3189
4604.8295665
K= 3190
4676.69065636
K= 3191
8827.0
K= 3192
5200.92837835
K= 3193
8423.0
K= 3194
4836.73267828
K= 3195
8394.72727273
K= 3196
8477.42876426
K= 3197
12774.0
K= 3198
4641.1330807
K= 3199
8421.63562753
K= 3200
4742.40628751
K= 3201
5117.36166591
K= 3202
8424.66666667
K= 3203
5175.80180248
K= 3204
5318.5888209
K= 3205
8427.31014092
K= 3206
4364.35066367
K= 3207
9489.03500954
K= 3208
8376.66666667
K= 3209
8827.0
K= 3210
10669.7612891
K= 3211
8425.0
K= 3212
10561.6377116
K= 3213
4364.35066367
K= 3214
8414.92063492
K= 3215
8425.0
K= 3216
1124.48859353
K= 3217
4364.35066367
K= 3218
4657.47633355
K= 3219
5006.57447348
K= 3220
4620.33709519
K= 3221
8406.77947135
K= 3222
4204.06844162
K= 3223
827.676749857
K= 3224
36300.4107407
K= 3225
5055.99525671
K= 3226
8349.0730618
K= 3227
8826.0
K= 3228
52962.0
K= 3229
5325.59611675
K= 3230
5154.6725375
K= 3231
8421.90909091
K= 3232
5640.45423616
K= 3233
8422.88888889
K= 3234
8423.0
K= 3235
81371.9717626
K= 3236
8827.0
K= 3237
4948.58715572
K= 3238
5642.95423616
K= 3239
4844.79551722
K= 3240
8425.0
K= 3241
9416.30177214
K= 3242
49468.5934654
K= 3243
7134.28973195
K= 3244
8394.72727273
K= 3245
8423.9047619
K= 3246
31629.1507415
K= 3247
4364.35066367
K= 3248
8425.91891892
K= 3249
8413.41261336
K= 3250
5239.93275514
K= 3251
8388.49494142
K= 3252
5184.66223959
K= 3253
5130.45724515
K= 3254
8424.66666667
K= 3255
9433.56632052
K= 3256
4809.13887102
K= 3257
4893.59153637
K= 3258
10506.4510774
K= 3259
4958.56433359
K= 3260
4596.96865847
K= 3261
8394.72727273
K= 3262
5176.10180248
K= 3263
8424.93793103
K= 3264
7350.85717208
K= 3265
52962.0
K= 3266
5239.93275514
K= 3267
1412.62694903
K= 3268
4711.2649181
K= 3269
5090.87601859
K= 3270
8827.0
K= 3271
4564.40637396
K= 3272
4196.24373874
K= 3273
8424.94871795
K= 3274
8398.00952443
K= 3275
4364.35066367
K= 3276
8407.17768228
K= 3277
4922.53875901
K= 3278
4807.16365731
K= 3279
4733.39392713
K= 3280
1242.53144718
K= 3281
4893.59153637
K= 3282
8396.26137727
K= 3283
9207.80192565
K= 3284
8423.83333333
K= 3285
9344.56343915
K= 3286
5134.04278425
K= 3287
8371.66666667
K= 3288
8375.66666667
K= 3289
8420.0
K= 3290
4763.13760638
K= 3291
9128.43739727
K= 3292
867.374609533
K= 3293
4787.51449888
K= 3294
5857.60110649
K= 3295
8375.66666667
K= 3296
8418.8627451
K= 3297
8424.96202532
K= 3298
8416.0
K= 3299
4893.21653637
K= 3300
4607.30699817
K= 3301
5266.71545354
K= 3302
4364.35066367
K= 3303
4893.59153637
K= 3304
14952.5325382
K= 3305
8420.85714286
K= 3306
5112.91706498
K= 3307
8422.69862848
K= 3308
5318.75548756
K= 3309
8423.8
K= 3310
5151.6531307
K= 3311
5318.75548756
K= 3312
4892.7701078
K= 3313
4350.12017956
K= 3314
8423.75
K= 3315
4953.48885832
K= 3316
8424.68
K= 3317
4802.09663187
K= 3318
8410.9047619
K= 3319
5325.59611675
K= 3320
4735.47585209
K= 3321
8417.92105263
K= 3322
4364.35066367
K= 3323
4776.98803575
K= 3324
9207.52550017
K= 3325
4733.19045265
K= 3326
4725.12896283
K= 3327
17744.0454089
K= 3328
4697.58610629
K= 3329
4722.45966459
K= 3330
4786.02052916
K= 3331
7838.39661833
K= 3332
8422.88888889
K= 3333
5633.18492222
K= 3334
4893.50062728
K= 3335
8376.66666667
K= 3336
18117.2696009
K= 3337
8408.0
K= 3338
4206.37472075
K= 3339
16830.6587796
K= 3340
4891.49803258
K= 3341
4222.0
K= 3342
8827.0
K= 3343
11020.3840515
K= 3344
5141.95936351
K= 3345
8353.41373955
K= 3346
8406.13785977
K= 3347
4620.71185847
K= 3348
8388.0
K= 3349
17654.0
K= 3350
8410.0
K= 3351
5146.03781631
K= 3352
44938.9264725
K= 3353
4893.59153637
K= 3354
17654.0
K= 3355
4813.377275
K= 3356
4917.9096553
K= 3357
13653.9164595
K= 3358
4115.9047619
K= 3359
33110.447583
K= 3360
4074.13522333
K= 3361
8422.75
K= 3362
5239.93275514
K= 3363
8424.87272727
K= 3364
4364.35066367
K= 3365
4364.35066367
K= 3366
4893.59153637
K= 3367
8420.875
K= 3368
4989.34566684
K= 3369
4926.76986424
K= 3370
8410.9047619
K= 3371
8425.0
K= 3372
4660.04910203
K= 3373
8422.0
K= 3374
5325.59611675
K= 3375
4199.96054341
K= 3376
5279.36691123
K= 3377
8425.0
K= 3378
5975.36591903
K= 3379
8376.66666667
K= 3380
4900.5735314
K= 3381
8410.9047619
K= 3382
4197.24373874
K= 3383
4364.35066367
K= 3384
8415.76190476
K= 3385
8406.27397167
K= 3386
8427.31014092
K= 3387
4364.35066367
K= 3388
4364.35066367
K= 3389
8418.0
K= 3390
4699.10606773
K= 3391
5370.66164205
K= 3392
8375.66666667
K= 3393
8423.8358209
K= 3394
5755.29444596
K= 3395
8420.0
K= 3396
8398.97279153
K= 3397
4364.35066367
K= 3398
8401.09480626
K= 3399
8418.34277926
K= 3400
8827.0
K= 3401
8827.0
K= 3402
8415.90909091
K= 3403
8424.77865613
K= 3404
8422.8
K= 3405
1055.15618384
K= 3406
937.289369154
K= 3407
8425.65059142
K= 3408
5113.97757545
K= 3409
4658.13798094
K= 3410
8420.83333333
K= 3411
4738.71962324
K= 3412
4981.06136406
K= 3413
4902.16127267
K= 3414
8425.0
K= 3415
4578.10930168
K= 3416
7688.50712809
K= 3417
4703.33113398
K= 3418
4893.59153637
K= 3419
4897.92133696
K= 3420
4910.16436298
K= 3421
4595.32185125
K= 3422
8407.94871795
K= 3423
4893.59153637
K= 3424
8425.92
K= 3425
8375.66666667
K= 3426
8423.0
K= 3427
4665.12667951
K= 3428
5281.35218915
K= 3429
4604.46598987
K= 3430
8427.31014092
K= 3431
4987.06345679
K= 3432
8423.8
K= 3433
5146.26003854
K= 3434
4709.69242249
K= 3435
5754.47626414
K= 3436
7832.95136036
K= 3437
8410.60645161
K= 3438
5388.12414494
K= 3439
4364.35066367
K= 3440
4364.35066367
K= 3441
7128.69662751
K= 3442
4893.59153637
K= 3443
4853.63268366
K= 3444
8827.0
K= 3445
8425.0
K= 3446
8827.0
K= 3447
5325.47997798
K= 3448
8369.90909091
K= 3449
4758.73958886
K= 3450
5611.47670051
K= 3451
8827.0
K= 3452
9424.19247299
K= 3453
4893.52176892
K= 3454
8351.0
K= 3455
5318.75548756
K= 3456
5282.01885581
K= 3457
5107.18889772
K= 3458
4364.35066367
K= 3459
4893.59153637
K= 3460
8427.31014092
K= 3461
4893.59153637
K= 3462
8419.90697674
K= 3463
8425.68
K= 3464
4839.59159693
K= 3465
4968.60945006
K= 3466
5082.42007676
K= 3467
6538.1752182
K= 3468
1602.44341207
K= 3469
4364.35066367
K= 3470
13522.4335562
K= 3471
9183.32935058
K= 3472
8420.94285714
K= 3473
8423.84210526
K= 3474
4887.48028302
K= 3475
4364.35066367
K= 3476
8423.16666667
K= 3477
3533.41208255
K= 3478
9362.15141446
K= 3479
4732.08264838
K= 3480
8410.9047619
K= 3481
8403.0
K= 3482
8415.0
K= 3483
5137.24278425
K= 3484
4796.31087486
K= 3485
4840.50885963
K= 3486
4936.40026253
K= 3487
4196.24373874
K= 3488
4196.24373874
K= 3489
4893.59153637
K= 3490
7828.37468851
K= 3491
22756.4845447
K= 3492
8827.0
K= 3493
14888.5028617
K= 3494
8827.0
K= 3495
8424.92857143
K= 3496
8419.79955487
K= 3497
8422.0
K= 3498
4920.01044625
K= 3499
5166.2883322
K= 3500
4807.87854448
K= 3501
4105.84210526
K= 3502
4364.35066367
K= 3503
8376.66666667
K= 3504
8434.75075381
K= 3505
8424.94871795
K= 3506
8375.66666667
K= 3507
4090.0
K= 3508
4882.45973397
K= 3509
4893.50062728
K= 3510
8424.46031746
K= 3511
5619.53184614
K= 3512
4364.35066367
K= 3513
5213.80355199
K= 3514
4603.83698486
K= 3515
4996.46855174
K= 3516
5755.29444596
K= 3517
898.876014936
K= 3518
17835.1428247
K= 3519
9099.68165754
K= 3520
4661.51703403
K= 3521
4364.35066367
K= 3522
4893.59153637
K= 3523
4364.35066367
K= 3524
5375.40804498
K= 3525
4892.3248697
K= 3526
4900.07710784
K= 3527
8424.91428571
K= 3528
4968.97916939
K= 3529
4196.24373874
K= 3530
4249.37144549
K= 3531
8375.66666667
K= 3532
8421.88888889
K= 3533
5342.37397737
K= 3534
5612.46676927
K= 3535
1764.06762226
K= 3536
4893.59153637
K= 3537
4196.24373874
K= 3538
5184.66223959
K= 3539
8402.15992965
K= 3540
7947.97745626
K= 3541
8397.0
K= 3542
9785.34993331
K= 3543
6332.49168399
K= 3544
8827.0
K= 3545
8338.00952443
K= 3546
8827.0
K= 3547
4364.35066367
K= 3548
4764.73975673
K= 3549
4893.59153637
K= 3550
4196.24373874
K= 3551
4969.72577966
K= 3552
5307.93307273
K= 3553
4893.59153637
K= 3554
8415.02481362
K= 3555
4893.59153637
K= 3556
8423.0
K= 3557
5387.74530896
K= 3558
9460.74690977
K= 3559
8372.40403233
K= 3560
4611.28301331
K= 3561
4668.66864165
K= 3562
4824.2026615
K= 3563
8420.88
K= 3564
9168.0167772
K= 3565
8424.76923077
K= 3566
4834.51213098
K= 3567
8422.0
K= 3568
8386.18037325
K= 3569
8426.0
K= 3570
4364.35066367
K= 3571
4364.35066367
K= 3572
8394.40403233
K= 3573
8424.0
K= 3574
4268.97920931
K= 3575
8422.85714286
K= 3576
4364.35066367
K= 3577
4750.45714559
K= 3578
8425.0
K= 3579
5663.2728142
K= 3580
8424.95890411
K= 3581
32457.045592
K= 3582
8421.85714286
K= 3583
8427.31014092
K= 3584
8394.40403233
K= 3585
5977.79578916
K= 3586
4200.81912652
K= 3587
8425.0
K= 3588
4669.58042236
K= 3589
5009.05045876
K= 3590
6622.48989515
K= 3591
12890.0
K= 3592
8827.0
K= 3593
8429.13439996
K= 3594
5079.53423927
K= 3595
4107.0
K= 3596
4817.81605593
K= 3597
8401.16889524
K= 3598
4364.35066367
K= 3599
4945.50610627
K= 3600
5194.06847693
K= 3601
9045.40320337
K= 3602
8410.0
K= 3603
3993.04369908
K= 3604
8428.8712766
K= 3605
8411.07403572
K= 3606
8338.66666667
K= 3607
1906.77322289
K= 3608
8827.0
K= 3609
13912.7426367
K= 3610
8827.0
K= 3611
8391.91891892
K= 3612
8391.0
K= 3613
8406.94065978
K= 3614
5205.1880569
K= 3615
8419.0
K= 3616
9205.21239952
K= 3617
4196.24373874
K= 3618
4856.83471981
K= 3619
8414.965289
K= 3620
4974.69075266
K= 3621
4758.26158396
K= 3622
4980.13692431
K= 3623
5957.35693852
K= 3624
8420.0
K= 3625
4560.28174668
K= 3626
8426.54363636
K= 3627
8423.75
K= 3628
6685.88206994
K= 3629
4075.95652174
K= 3630
4579.72535281
K= 3631
8379.65533871
K= 3632
8421.93975904
K= 3633
4657.40820534
K= 3634
8425.0
K= 3635
4893.59153637
K= 3636
5162.32641461
K= 3637
5137.24278425
K= 3638
4603.03287763
K= 3639
8425.0
K= 3640
5292.45812936
K= 3641
4557.36362116
K= 3642
2058.92895934
K= 3643
8376.66666667
K= 3644
4931.77117774
K= 3645
5126.94222396
K= 3646
8424.31014092
K= 3647
7294.49402342
K= 3648
5424.12166799
K= 3649
8416.0
K= 3650
8423.75
K= 3651
8418.89795918
K= 3652
8425.0
K= 3653
154147.027107
K= 3654
4135.87804878
K= 3655
8427.31014092
K= 3656
8425.0
K= 3657
8419.90909091
K= 3658
8374.73999196
K= 3659
5274.22099486
K= 3660
4364.35066367
K= 3661
4779.66851457
K= 3662
4893.4248697
K= 3663
8424.66666667
K= 3664
8425.0
K= 3665
4859.95162904
K= 3666
4916.69080125
K= 3667
8401.00952443
K= 3668
8827.0
K= 3669
4643.76915298
K= 3670
18212.4287254
K= 3671
8366.66666667
K= 3672
8414.94871795
K= 3673
4364.35066367
K= 3674
4853.71601816
K= 3675
5176.10180248
K= 3676
8412.53387207
K= 3677
4590.73286005
K= 3678
8425.0
K= 3679
16402.2824533
K= 3680
4900.76883619
K= 3681
4867.92793181
K= 3682
4428.37954209
K= 3683
12048.3629272
K= 3684
18035.2152113
K= 3685
5755.29444596
K= 3686
5119.78789628
K= 3687
8344.51307995
K= 3688
4364.35066367
K= 3689
5006.83224263
K= 3690
7105.80296599
K= 3691
8424.92857143
K= 3692
8356.0
K= 3693
5115.21697935
K= 3694
9148.39001552
K= 3695
5428.94305563
K= 3696
2970.36216415
K= 3697
8410.9047619
K= 3698
8422.90909091
K= 3699
4699.18151226
K= 3700
4079.95454545
K= 3701
7791.94661833
K= 3702
5281.58337194
K= 3703
4922.19126865
K= 3704
4931.6309112
K= 3705
8425.0
K= 3706
5635.0167404
K= 3707
5642.95423616
K= 3708
4721.61297775
K= 3709
4598.95488204
K= 3710
8353.61343404
K= 3711
4780.61104863
K= 3712
8423.5
K= 3713
4646.92810205
K= 3714
12877.7650864
K= 3715
4211.29886416
K= 3716
9313.52990478
K= 3717
8424.95777733
K= 3718
4691.8906144
K= 3719
8827.0
K= 3720
23323.0478807
K= 3721
4935.38915212
K= 3722
8360.82352941
K= 3723
8373.34421455
K= 3724
4225.05842845
K= 3725
8418.85714286
K= 3726
8425.0
K= 3727
5137.24278425
K= 3728
7534.73089695
K= 3729
12863.091641
K= 3730
5058.7052798
K= 3731
4691.42880916
K= 3732
10075.3450104
K= 3733
5322.93431338
K= 3734
8422.85714286
K= 3735
8414.93975904
K= 3736
8404.53744871
K= 3737
4214.74835573
K= 3738
8377.30940908
K= 3739
8827.0
K= 3740
8423.85714286
K= 3741
4893.59153637
K= 3742
4652.34934047
K= 3743
5175.54137144
K= 3744
9251.64355276
K= 3745
5141.28317107
K= 3746
5628.61042453
K= 3747
1327.45288669
K= 3748
9192.10957115
K= 3749
8422.96202532
K= 3750
4941.74359216
K= 3751
4893.59153637
K= 3752
4742.68030983
K= 3753
1546.81725536
K= 3754
5967.00788351
K= 3755
4077.55714286
K= 3756
4598.59725651
K= 3757
4821.30814248
K= 3758
8827.0
K= 3759
867.374609533
K= 3760
6459.55358257
K= 3761
4893.39153637
K= 3762
45375.962663
K= 3763
8642.95725453
K= 3764
4364.35066367
K= 3765
9035.2999818
K= 3766
8376.66666667
K= 3767
8427.31014092
K= 3768
1639.52430984
K= 3769
8422.4880956
K= 3770
5106.28240353
K= 3771
4802.07290543
K= 3772
4823.35212962
K= 3773
8420.0
K= 3774
5612.46676927
K= 3775
5167.12056514
K= 3776
4760.91358284
K= 3777
4941.08729856
K= 3778
8424.0
K= 3779
5151.6531307
K= 3780
4536.57090416
K= 3781
8425.0
K= 3782
5647.25192548
K= 3783
8394.95652174
K= 3784
8423.75
K= 3785
4364.35066367
K= 3786
5423.94173227
K= 3787
9420.37387049
K= 3788
5112.91706498
K= 3789
4893.59153637
K= 3790
8382.57752095
K= 3791
8423.75
K= 3792
4950.17588143
K= 3793
8421.94594595
K= 3794
5130.11689785
K= 3795
4893.59153637
K= 3796
9189.73998585
K= 3797
8395.14673441
K= 3798
8423.75
K= 3799
7673.82343898
K= 3800
5308.18307273
K= 3801
8425.0
K= 3802
4627.21550422
K= 3803
8827.0
K= 3804
4384.19607949
K= 3805
9171.88204986
K= 3806
4893.17058023
K= 3807
4664.1830298
K= 3808
7647.13148642
K= 3809
4858.49269897
K= 3810
8827.0
K= 3811
8418.34277926
K= 3812
5289.18971814
K= 3813
10535.560059
K= 3814
4771.53690678
K= 3815
2885.48575212
K= 3816
9270.33342927
K= 3817
8425.56163524
K= 3818
8424.94285714
K= 3819
8420.0
K= 3820
4753.12958139
K= 3821
7699.13591597
K= 3822
5136.0890064
K= 3823
8827.0
K= 3824
8401.01606385
K= 3825
8827.0
K= 3826
13659.685655
K= 3827
4785.1836798
K= 3828
10151.327697
K= 3829
8428.22134515
K= 3830
5130.45724515
K= 3831
8411.29926981
K= 3832
5397.8160118
K= 3833
4760.47719667
K= 3834
5628.84335121
K= 3835
4893.00820303
K= 3836
9180.89189592
K= 3837
8423.20512821
K= 3838
8412.67460696
K= 3839
8415.09457778
K= 3840
1158.60343656
K= 3841
8428.27560637
K= 3842
8827.0
K= 3843
4893.59153637
K= 3844
1219.41408485
K= 3845
4834.0540099
K= 3846
4893.59153637
K= 3847
8409.99442728
K= 3848
4837.36606368
K= 3849
737.851040209
K= 3850
8417.80603448
K= 3851
5695.45721322
K= 3852
8420.0
K= 3853
4609.98516475
K= 3854
13807.0376141
K= 3855
8424.92857143
K= 3856
8394.72727273
K= 3857
5121.57846741
K= 3858
8394.41290575
K= 3859
4788.76462758
K= 3860
6229.4577961
K= 3861
4610.9614829
K= 3862
8422.56470588
K= 3863
10469.7962567
K= 3864
18449.6344071
K= 3865
8421.42666667
K= 3866
8827.0
K= 3867
4893.59153637
K= 3868
7717.28581454
K= 3869
8424.76190476
K= 3870
5747.75215075
K= 3871
9341.0518408
K= 3872
8346.32177489
K= 3873
8376.66666667
K= 3874
4783.86637023
K= 3875
4867.92696111
K= 3876
4893.59153637
K= 3877
4893.59153637
K= 3878
8425.0
K= 3879
9150.38402439
K= 3880
4903.26449506
K= 3881
4762.69142291
K= 3882
4868.81971466
K= 3883
4364.35066367
K= 3884
75971.5730908
K= 3885
8418.85714286
K= 3886
4893.59153637
K= 3887
4746.02723489
K= 3888
1036.79231868
K= 3889
4899.10614521
K= 3890
8417.87096774
K= 3891
4197.27452937
K= 3892
8329.5717091
K= 3893
9349.03758829
K= 3894
4824.13212548
K= 3895
4095.0
K= 3896
4893.59153637
K= 3897
8376.66666667
K= 3898
12847.4040151
K= 3899
4109.64285714
K= 3900
8827.0
K= 3901
4857.67545215
K= 3902
8429.83913789
K= 3903
8423.83333333
K= 3904
359.993738677
K= 3905
8401.63950824
K= 3906
8423.99847719
K= 3907
10210.6687319
K= 3908
8426.0
K= 3909
8424.8
K= 3910
8425.0
K= 3911
4893.50062728
K= 3912
18206.1083213
K= 3913
8425.0
K= 3914
5325.59611675
K= 3915
5280.26885581
K= 3916
8430.0
K= 3917
8421.7826087
K= 3918
8376.66666667
K= 3919
4893.59153637
K= 3920
5570.0510895
K= 3921
9263.29882422
K= 3922
4114.0
K= 3923
8412.0
K= 3924
8402.91721767
K= 3925
4862.77921917
K= 3926
12847.9036219
K= 3927
6813.74854268
K= 3928
4767.79573044
K= 3929
7668.71374943
K= 3930
4688.19281848
K= 3931
8236.69963042
K= 3932
5151.6531307
K= 3933
5435.65542136
K= 3934
5176.10180248
K= 3935
12756.0
K= 3936
4893.59153637
K= 3937
4589.53491803
K= 3938
50433.8173612
K= 3939
8421.40364315
K= 3940
5642.95423616
K= 3941
8425.5739474
K= 3942
8394.40403233
K= 3943
8374.41327165
K= 3944
5008.44845891
K= 3945
7615.68137636
K= 3946
4093.87804878
K= 3947
8423.48995152
K= 3948
5282.01885581
K= 3949
4067.24373874
K= 3950
8419.89473684
K= 3951
18472.5829084
K= 3952
7901.87575709
K= 3953
5541.1367354
K= 3954
5325.59611675
K= 3955
5110.42915037
K= 3956
7837.5117496
K= 3957
9542.28085689
K= 3958
8400.95878619
K= 3959
4364.35066367
K= 3960
8827.0
K= 3961
8393.40403233
K= 3962
5659.15629999
K= 3963
4893.30582208
K= 3964
5642.95423616
K= 3965
9920.715536
K= 3966
8424.76923077
K= 3967
4803.79226048
K= 3968
13824.2717939
K= 3969
8420.60952381
K= 3970
4659.32682989
K= 3971
8405.68952443
K= 3972
8423.95424837
K= 3973
9630.43164135
K= 3974
4815.73937644
K= 3975
4237.26225725
K= 3976
5611.63343593
K= 3977
8323.66666667
K= 3978
4957.71864978
K= 3979
4893.59153637
K= 3980
8423.95
K= 3981
8420.0
K= 3982
8394.72727273
K= 3983
5112.54206498
K= 3984
4895.28262164
K= 3985
5113.55267252
K= 3986
8423.66666667
K= 3987
6244.15899666
K= 3988
5141.95936351
K= 3989
4196.24373874
K= 3990
16837.0
K= 3991
5402.49956165
K= 3992
8417.15992965
K= 3993
5139.02929169
K= 3994
4196.24373874
K= 3995
5346.34468938
K= 3996
8426.0
K= 3997
8403.00952443
K= 3998
6340.06251374
K= 3999
6197.6660303
K= 4000
5366.26221672
K= 4001
8424.0
K= 4002
8416.56147152
K= 4003
8422.94285714
K= 4004
9100.63657558
K= 4005
8424.92857143
K= 4006
5624.58982993
K= 4007
7960.61267635
K= 4008
4893.59153637
K= 4009
8422.71428571
K= 4010
807.292288576
K= 4011
5325.34611675
K= 4012
8423.60645161
K= 4013
8365.57752095
K= 4014
8377.38565116
K= 4015
8410.0
K= 4016
8394.72727273
K= 4017
8827.0
K= 4018
8373.66666667
K= 4019
8423.53571429
K= 4020
12268.4451463
K= 4021
1261.81671452
K= 4022
8827.0
K= 4023
4811.87129512
K= 4024
4364.35066367
K= 4025
8419.875
K= 4026
8430.0
K= 4027
9785.18307273
K= 4028
4989.16916708
K= 4029
8417.87096774
K= 4030
4729.36312611
K= 4031
5894.1963576
K= 4032
8424.0
K= 4033
4936.36270045
K= 4034
8827.0
K= 4035
6256.97966995
K= 4036
12822.0095244
K= 4037
8424.95890411
K= 4038
8421.92424242
K= 4039
8420.80603448
K= 4040
8424.9047619
K= 4041
4364.35066367
K= 4042
8408.00952443
K= 4043
8423.49404762
K= 4044
6037.49727849
K= 4045
8410.9047619
K= 4046
4711.2892796
K= 4047
1251.40172466
K= 4048
8370.13747899
K= 4049
5140.0463439
K= 4050
4893.59153637
K= 4051
31853.0014557
K= 4052
4364.35066367
K= 4053
4364.35066367
K= 4054
4637.84695695
K= 4055
4338.33892433
K= 4056
8396.00952443
K= 4057
5312.30010593
K= 4058
4980.13692431
K= 4059
4893.59153637
K= 4060
8425.0
K= 4061
4722.90713809
K= 4062
8420.92105263
K= 4063
5062.66950193
K= 4064
4364.35066367
K= 4065
8398.16889524
K= 4066
8416.84210526
K= 4067
5073.08811823
K= 4068
8426.0
K= 4069
1089.31405607
K= 4070
8827.0
K= 4071
8423.0
K= 4072
5755.29444596
K= 4073
5239.68275514
K= 4074
5424.36375339
K= 4075
12981.0804074
K= 4076
4952.98699097
K= 4077
5311.80208153
K= 4078
12939.0282277
K= 4079
5282.01885581
K= 4080
8425.4472524
K= 4081
4871.90238405
K= 4082
5136.47655957
K= 4083
196167.539867
K= 4084
8423.89655172
K= 4085
4644.7436035
K= 4086
9703.45087432
K= 4087
8419.0
K= 4088
8422.77865613
K= 4089
8414.66666667
K= 4090
4103.66666667
K= 4091
8404.0
K= 4092
4893.59153637
K= 4093
8426.0
K= 4094
4761.70405903
K= 4095
8417.875
K= 4096
8427.31014092
K= 4097
4956.09843073
K= 4098
5175.75866522
K= 4099
4928.04380921
K= 4100
4837.59758694
K= 4101
8422.83333333
K= 4102
4975.40881542
K= 4103
4679.31382227
K= 4104
653.767544124
K= 4105
8426.31014092
K= 4106
5216.35064291
K= 4107
4883.93332412
K= 4108
8421.0
K= 4109
8827.0
K= 4110
4996.29661813
K= 4111
8423.94714979
K= 4112
8379.95890411
K= 4113
4943.88346177
K= 4114
4873.08576286
K= 4115
8423.49404762
K= 4116
4570.63956145
K= 4117
5106.66277123
K= 4118
8424.94285714
K= 4119
1524.24812645
K= 4120
10673.0548354
K= 4121
8409.95774648
K= 4122
4093.69909035
K= 4123
14036.8527806
K= 4124
4196.26225725
K= 4125
8417.0
K= 4126
4601.28041055
K= 4127
8423.01538462
K= 4128
8419.90322581
K= 4129
4951.49741486
K= 4130
8414.15612242
K= 4131
5325.40564056
K= 4132
20966.2872145
K= 4133
4802.17355495
K= 4134
8381.91202768
K= 4135
8426.0
K= 4136
8422.86111111
K= 4137
8423.75
K= 4138
8424.92857143
K= 4139
4801.94354344
K= 4140
5114.62855
K= 4141
8827.0
K= 4142
4364.35066367
K= 4143
6218.15516385
K= 4144
8424.0
K= 4145
8394.72727273
K= 4146
8423.0
K= 4147
8394.40403233
K= 4148
8424.94594595
K= 4149
4146.66666667
K= 4150
8423.0
K= 4151
12290.5157705
K= 4152
4799.23211849
K= 4153
5075.82875043
K= 4154
4687.57681378
K= 4155
8383.00507317
K= 4156
22795.3377718
K= 4157
922.52405804
K= 4158
4802.17355495
K= 4159
2643.12874112
K= 4160
8420.64285714
K= 4161
4589.86743326
K= 4162
8425.0
K= 4163
8417.15992965
K= 4164
8424.1
K= 4165
4791.56329349
K= 4166
8425.0
K= 4167
6092.65423747
K= 4168
8420.92857143
K= 4169
5640.78756949
K= 4170
5897.42439571
K= 4171
5743.40975678
K= 4172
16839.75
K= 4173
5177.77280642
K= 4174
8372.26287066
K= 4175
8438.10590962
K= 4176
9251.45502605
K= 4177
5137.24278425
K= 4178
13033.7805379
K= 4179
8417.57206886
K= 4180
8422.86486486
K= 4181
8417.86486486
K= 4182
19583.9147774
K= 4183
8392.0
K= 4184
4233.18429312
K= 4185
4630.36722845
K= 4186
8426.0
K= 4187
4802.95421487
K= 4188
8420.83333333
K= 4189
5045.6744346
K= 4190
9110.1705243
K= 4191
5484.21096167
K= 4192
7270.5721762
K= 4193
4557.65055172
K= 4194
9107.89691634
K= 4195
4364.35066367
K= 4196
9690.78960334
K= 4197
4893.59153637
K= 4198
4592.3408465
K= 4199
4753.12958139
K= 4200
8427.31014092
K= 4201
4805.78351513
K= 4202
4764.16972895
K= 4203
4893.59153637
K= 4204
8987.87476541
K= 4205
5282.01885581
K= 4206
15790.6109881
K= 4207
4770.18962817
K= 4208
8827.0
K= 4209
13654.3847435
K= 4210
8424.0
K= 4211
8379.72727273
K= 4212
8426.0
K= 4213
8376.66666667
K= 4214
4917.02339518
K= 4215
4219.91295695
K= 4216
4893.59153637
K= 4217
8401.0
K= 4218
9418.91788264
K= 4219
4381.39157083
K= 4220
9370.5735314
K= 4221
7078.67205516
K= 4222
4815.84576584
K= 4223
8416.90382134
K= 4224
4814.40003646
K= 4225
8393.59459459
K= 4226
5642.21137901
K= 4227
8421.53683314
K= 4228
8386.16326649
K= 4229
4695.17361234
K= 4230
4893.59153637
K= 4231
2458.27724456
K= 4232
4137.91891892
K= 4233
4893.59153637
K= 4234
4588.62114871
K= 4235
8413.92857143
K= 4236
5108.48121894
K= 4237
4999.77747539
K= 4238
53990.9823808
K= 4239
4728.32327767
K= 4240
10521.5673262
K= 4241
7230.30325236
K= 4242
9239.46756819
K= 4243
18623.6126548
K= 4244
4788.46793123
K= 4245
4844.44787267
K= 4246
5965.29002133
K= 4247
8424.96202532
K= 4248
4721.19526994
K= 4249
5642.95423616
K= 4250
8424.0
K= 4251
8427.57430025
K= 4252
8389.40403233
K= 4253
4105.0
K= 4254
4364.35066367
K= 4255
4893.59153637
K= 4256
8400.36177122
K= 4257
4151.91891892
K= 4258
8430.0
K= 4259
4640.16994777
K= 4260
4708.77213393
K= 4261
5107.59689194
K= 4262
4196.24373874
K= 4263
9005.27552461
K= 4264
8427.77841225
K= 4265
4893.59153637
K= 4266
4816.61752822
K= 4267
8423.94736842
K= 4268
4892.6553207
K= 4269
4219.23663888
K= 4270
8420.85714286
K= 4271
8380.95890411
K= 4272
8827.0
K= 4273
4893.59153637
K= 4274
4364.35066367
K= 4275
4713.40503128
K= 4276
5144.22026824
K= 4277
4802.09663187
K= 4278
4736.16464016
K= 4279
8426.83333333
K= 4280
8417.0
K= 4281
4962.81513757
K= 4282
17654.0
K= 4283
4620.68690051
K= 4284
8425.0
K= 4285
4765.55726708
K= 4286
3528.79744703
K= 4287
17744.0454089
K= 4288
8578.13918252
K= 4289
6417.78437616
K= 4290
4205.24373874
K= 4291
4583.19792443
K= 4292
4908.30692654
K= 4293
5507.56520321
K= 4294
5746.55423444
K= 4295
5558.17222217
K= 4296
8420.0
K= 4297
8827.0
K= 4298
8394.72727273
K= 4299
4774.62146919
K= 4300
8421.75
K= 4301
8425.0
K= 4302
4768.43706727
K= 4303
5260.45396819
K= 4304
9735.65064656
K= 4305
8412.94117647
K= 4306
5422.92726966
K= 4307
4922.22078707
K= 4308
4893.59153637
K= 4309
5122.58239871
K= 4310
8417.0
K= 4311
4940.0802549
K= 4312
4364.35066367
K= 4313
5415.48159764
K= 4314
9245.94293805
K= 4315
5113.74493241
K= 4316
8361.5718645
K= 4317
4914.60148897
K= 4318
4893.59153637
K= 4319
4837.67351989
K= 4320
8394.40403233
K= 4321
8407.94285714
K= 4322
4802.26887658
K= 4323
4912.16034669
K= 4324
5054.79132558
K= 4325
4615.28329093
K= 4326
5167.89789859
K= 4327
8355.76754243
K= 4328
4623.13089198
K= 4329
4777.33059327
K= 4330
18370.300674
K= 4331
8427.86937844
K= 4332
5680.53012774
K= 4333
22632.1081604
K= 4334
4893.59153637
K= 4335
8395.0
K= 4336
1072.11333932
K= 4337
4647.1210572
K= 4338
4859.91564012
K= 4339
8410.9047619
K= 4340
4893.59153637
K= 4341
9298.03467806
K= 4342
8376.66666667
K= 4343
6156.83779208
K= 4344
8422.38847528
K= 4345
4991.01010033
K= 4346
4575.89691564
K= 4347
8425.91891892
K= 4348
8420.0
K= 4349
4893.59153637
K= 4350
6922.85974125
K= 4351
4806.50483119
K= 4352
5082.83455486
K= 4353
8425.0
K= 4354
4379.26225725
K= 4355
4162.0
K= 4356
8826.0
K= 4357
5112.64433771
K= 4358
5159.13729761
K= 4359
5125.29765964
K= 4360
4387.44603134
K= 4361
4790.15723062
K= 4362
8421.91428571
K= 4363
4616.78518235
K= 4364
4091.0
K= 4365
8424.66666667
K= 4366
5655.40882649
K= 4367
13902.3072302
K= 4368
5318.49607896
K= 4369
5092.20307371
K= 4370
8424.94871795
K= 4371
8418.91891892
K= 4372
4984.78036427
K= 4373
8424.90909091
K= 4374
4135.0
K= 4375
7857.60651037
K= 4376
9310.14916228
K= 4377
8423.66666667
K= 4378
4133.91891892
K= 4379
4196.24373874
K= 4380
15052.6952948
K= 4381
4196.24373874
K= 4382
8422.75
K= 4383
5122.34989598
K= 4384
27153.8817997
K= 4385
4893.59153637
K= 4386
4801.78883782
K= 4387
8414.0
K= 4388
8421.9
K= 4389
12368.75
K= 4390
4629.84800266
K= 4391
5141.70222066
K= 4392
5523.45586227
K= 4393
4778.56015124
K= 4394
8375.66666667
K= 4395
5064.37748635
K= 4396
8827.0
K= 4397
8425.32484466
K= 4398
4893.59153637
K= 4399
8412.92727273
K= 4400
9768.76680561
K= 4401
4196.24373874
K= 4402
8423.75
K= 4403
5193.67270143
K= 4404
8827.0
K= 4405
4893.59153637
K= 4406
5110.57210717
K= 4407
8425.0
K= 4408
4092.0
K= 4409
4893.59153637
K= 4410
4196.24373874
K= 4411
8422.0
K= 4412
9930.53546861
K= 4413
5120.04698857
K= 4414
8426.0
K= 4415
4217.45442696
K= 4416
4133.91891892
K= 4417
4803.03155167
K= 4418
4893.59153637
K= 4419
5523.72989381
K= 4420
8387.0
K= 4421
4596.4178179
K= 4422
7552.46678188
K= 4423
4756.90069245
K= 4424
4742.12612571
K= 4425
8420.0
K= 4426
8424.92857143
K= 4427
4198.69310046
K= 4428
4893.59153637
K= 4429
5215.29713158
K= 4430
8376.66666667
K= 4431
4735.17437069
K= 4432
5351.5327084
K= 4433
10561.371045
K= 4434
1840.89067801
K= 4435
5485.66747589
K= 4436
5424.12166799
K= 4437
5754.4373031
K= 4438
8419.89473684
K= 4439
7637.67985329
K= 4440
13670.5731307
K= 4441
8424.66666667
K= 4442
19148.5428696
K= 4443
4607.28481651
K= 4444
5126.90672578
K= 4445
8423.95774648
K= 4446
4364.35066367
K= 4447
8457.0
K= 4448
8392.22839816
K= 4449
8827.0
K= 4450
4893.59153637
K= 4451
4757.11643925
K= 4452
13766.8527436
K= 4453
5281.48552248
K= 4454
8827.0
K= 4455
9289.46987556
K= 4456
4893.59153637
K= 4457
9184.74171621
K= 4458
8427.31014092
K= 4459
4610.79240229
K= 4460
4196.24373874
K= 4461
2372.95823303
K= 4462
8373.43013803
K= 4463
8402.8842566
K= 4464
5140.06316471
K= 4465
1053.65415201
K= 4466
5110.50915037
K= 4467
8422.31014092
K= 4468
4893.59153637
K= 4469
4097.92
K= 4470
8424.66666667
K= 4471
14181.3492619
K= 4472
5173.95783048
K= 4473
4822.87267864
K= 4474
5120.07198857
K= 4475
8422.0
K= 4476
24835.5987706
K= 4477
4364.35066367
K= 4478
8421.92424242
K= 4479
5282.01885581
K= 4480
8423.0
K= 4481
4893.59153637
K= 4482
1160.31934863
K= 4483
8417.87096774
K= 4484
8402.00952443
K= 4485
8420.1287234
K= 4486
4133.90909091
K= 4487
4893.59153637
K= 4488
1068.03996857
K= 4489
8425.0
K= 4490
2474.47083943
K= 4491
5120.89722238
K= 4492
8421.0
K= 4493
23257.012317
K= 4494
5189.28894502
K= 4495
8422.85714286
K= 4496
4792.39661692
K= 4497
1604.76815013
K= 4498
16868.0
K= 4499
8418.0
K= 4500
8395.12128877
K= 4501
2461.92513406
K= 4502
5079.07219554
K= 4503
4609.99533881
K= 4504
9384.14419219
K= 4505
4871.04546129
K= 4506
13970.557817
K= 4507
4659.12054957
K= 4508
5640.19263906
K= 4509
8410.9047619
K= 4510
4364.35066367
K= 4511
8424.0
K= 4512
5844.97634323
K= 4513
8421.63562753
K= 4514
5176.06449979
K= 4515
8423.94594595
K= 4516
4893.59153637
K= 4517
5120.89722238
K= 4518
1133.8849166
K= 4519
8381.02014398
K= 4520
8423.93975904
K= 4521
5320.12541551
K= 4522
8424.95652174
K= 4523
8420.0
K= 4524
8423.75
K= 4525
4890.52828304
K= 4526
4792.42394689
K= 4527
8420.0
K= 4528
13655.9024028
K= 4529
4976.23819094
K= 4530
4893.59153637
K= 4531
8425.0
K= 4532
5120.00532191
K= 4533
4652.82533454
K= 4534
4942.98476792
K= 4535
4199.82117028
K= 4536
8417.9047619
K= 4537
5932.81320341
K= 4538
4688.38693621
K= 4539
4893.59153637
K= 4540
12847.9431023
K= 4541
4345.81431245
K= 4542
4893.50062728
K= 4543
4601.68986756
K= 4544
4364.35066367
K= 4545
8423.0
K= 4546
8417.0
K= 4547
8426.0
K= 4548
8413.92016317
K= 4549
13454.6703165
K= 4550
4903.35916733
K= 4551
4364.35066367
K= 4552
4133.91891892
K= 4553
4210.60808724
K= 4554
10001.8617154
K= 4555
4370.47765111
K= 4556
4734.83989204
K= 4557
8827.0
K= 4558
4131.0
K= 4559
8421.9047619
K= 4560
4364.35066367
K= 4561
8425.0
K= 4562
4893.46653637
K= 4563
8349.00952443
K= 4564
4196.24373874
K= 4565
4722.72373517
K= 4566
8416.91891892
K= 4567
4601.42089206
K= 4568
8332.0
K= 4569
8386.0
K= 4570
4364.35066367
K= 4571
31955.1746954
K= 4572
7842.14661833
K= 4573
16826.8630137
K= 4574
4364.35066367
K= 4575
6819.17487246
K= 4576
8394.53101646
K= 4577
8424.0
K= 4578
4364.35066367
K= 4579
4728.60132999
K= 4580
12981.3404084
K= 4581
4924.89184969
K= 4582
8694.30060909
K= 4583
8415.52743902
K= 4584
9270.05822309
K= 4585
4896.92066802
K= 4586
4637.2296565
K= 4587
2888.60800913
K= 4588
7696.53447338
K= 4589
8410.0
K= 4590
1745.45602776
K= 4591
6477.60470441
K= 4592
4656.53437267
K= 4593
4676.5834842
K= 4594
9191.69101795
K= 4595
5641.10423616
K= 4596
4893.59153637
K= 4597
8421.56470588
K= 4598
8425.0
K= 4599
5184.66223959
K= 4600
8827.0
K= 4601
5146.06003854
K= 4602
8410.9047619
K= 4603
4756.05172085
K= 4604
5292.03682976
K= 4605
8423.0
K= 4606
8402.41916514
K= 4607
8356.0
K= 4608
4962.86801749
K= 4609
8426.0
K= 4610
5318.75548756
K= 4611
4888.18213778
K= 4612
8333.95866485
K= 4613
4364.35066367
K= 4614
5114.04426021
K= 4615
8419.20892923
K= 4616
4556.65594994
K= 4617
8420.0
Betweenness Centrality Improvement
[ 5189.50267451  4738.48716332  4691.36648222 ...,  4556.65594994  8420.
     0.        ]
Top 20 BC Improvement
[1163 2693 4083 1352 3653  498  646 1988 3235 2461 3884  222 1104 2543    3
 4238 2229 3124 3265 3228]
