txValue= 100
Our nodes starting connections: 
(4618, 2796)
(4618, 1223)
(4618, 235)
(4618, 1163)
(4618, 2693)
(4618, 4083)
(4618, 1352)
(4618, 3653)
(4618, 498)
(4618, 1988)
K= 0
5454.92538339
K= 1
4851.7959368
K= 2
4785.96978311
K= 3
46575.6759425
K= 4
13982.1811521
K= 5
5077.9820061
K= 6
7831.72413421
K= 7
5238.20442744
K= 8
9633.76652951
K= 9
9292.44933593
K= 10
8167.88571429
K= 11
4692.77776633
K= 12
8006.19299041
K= 13
5077.89109701
K= 14
6128.52933589
K= 15
2234.20962871
K= 16
5077.89109701
K= 17
8827.0
K= 18
4919.70361166
K= 19
4735.98099309
K= 20
871.982006101
K= 21
5405.99230797
K= 22
3851.68421053
K= 23
8071.34803288
K= 24
4686.86649792
K= 25
4800.24688642
K= 26
5438.51568738
K= 27
5279.68100974
K= 28
3956.65090354
K= 29
5107.49493428
K= 30
5077.77899468
K= 31
16291.2078435
K= 32
9459.579983
K= 33
5347.80477726
K= 34
5256.34010339
K= 35
4751.30359502
K= 36
8172.0
K= 37
4907.74285556
K= 38
5912.46963557
K= 39
5137.06889181
K= 40
8170.23259428
K= 41
3771.72623238
K= 42
3700.28981561
K= 43
4847.4157983
K= 44
5472.60108664
K= 45
5040.7406662
K= 46
4012.03434444
K= 47
4955.73784955
K= 48
8155.72727273
K= 49
3885.73549167
K= 50
9280.07323771
K= 51
3856.72972973
K= 52
4904.07934923
K= 53
5282.35398873
K= 54
5381.57546518
K= 55
8160.74193548
K= 56
8144.0
K= 57
4934.02684466
K= 58
5393.82684417
K= 59
3968.38321512
K= 60
3752.7344188
K= 61
19814.5572026
K= 62
23130.4955887
K= 63
8166.5
K= 64
5527.93908659
K= 65
8163.75
K= 66
4300.52497238
K= 67
8180.02419007
K= 68
8070.71991478
K= 69
5428.02961135
K= 70
8168.85714286
K= 71
4461.56637594
K= 72
8167.0
K= 73
4777.61132192
K= 74
4667.69587728
K= 75
5366.21015177
K= 76
11938.1525514
K= 77
4103.34463745
K= 78
4973.1771127
K= 79
8167.91549296
K= 80
14243.1593364
K= 81
8416.08531715
K= 82
8166.2
K= 83
3620.17564767
K= 84
5318.81636676
K= 85
5100.72551437
K= 86
4831.23929201
K= 87
5337.09117491
K= 88
3833.54393069
K= 89
3790.12276562
K= 90
8168.0
K= 91
10231.5568479
K= 92
7697.38117555
K= 93
11103.9104437
K= 94
5077.9820061
K= 95
6251.18941541
K= 96
8168.0
K= 97
8164.89583333
K= 98
5022.0135728
K= 99
4859.41286126
K= 100
3694.40384489
K= 101
5356.76782976
K= 102
5405.68823257
K= 103
4915.84479963
K= 104
3932.61955719
K= 105
3927.38321512
K= 106
5077.9820061
K= 107
6169.34955872
K= 108
8167.0
K= 109
8158.72727273
K= 110
6142.83219337
K= 111
8827.0
K= 112
5077.9820061
K= 113
5390.90726866
K= 114
5339.37040451
K= 115
5077.4820061
K= 116
8164.94882694
K= 117
4103.34463745
K= 118
8171.24360038
K= 119
5203.18901929
K= 120
1893.9182477
K= 121
5083.25473337
K= 122
8165.0
K= 123
8049.14984605
K= 124
8827.0
K= 125
8154.62613451
K= 126
4703.8584275
K= 127
1653.70328775
K= 128
5228.9823402
K= 129
24129.1612249
K= 130
5602.56156432
K= 131
10414.6767108
K= 132
5077.9820061
K= 133
4765.80799892
K= 134
5077.9820061
K= 135
9659.06861433
K= 136
5257.6874649
K= 137
4768.19236656
K= 138
1313.78664684
K= 139
3146.11223363
K= 140
8172.0
K= 141
8167.71666667
K= 142
4103.34463745
K= 143
4641.94319379
K= 144
5077.4820061
K= 145
1482.30415146
K= 146
9270.14759898
K= 147
9344.33343819
K= 148
6771.22094338
K= 149
4069.38321512
K= 150
8164.8062954
K= 151
9886.54708913
K= 152
5201.49010355
K= 153
3856.02615086
K= 154
10180.4954281
K= 155
8827.0
K= 156
4603.66670884
K= 157
8160.91549296
K= 158
8168.0
K= 159
8132.16922279
K= 160
4795.65297326
K= 161
8169.0
K= 162
8165.78947368
K= 163
9554.9820061
K= 164
8167.84210526
K= 165
4563.17261783
K= 166
5325.19659925
K= 167
1655.51418084
K= 168
3877.48013162
K= 169
8061.91109125
K= 170
8167.25595238
K= 171
5162.93942202
K= 172
5555.66850858
K= 173
4879.52264271
K= 174
5688.87761495
K= 175
4822.22890475
K= 176
3927.38321512
K= 177
3714.0487815
K= 178
8148.8172043
K= 179
8168.0
K= 180
4660.67744295
K= 181
8827.0
K= 182
5019.3432782
K= 183
22954.1923296
K= 184
4741.78489634
K= 185
8165.99339364
K= 186
8168.0
K= 187
4901.012496
K= 188
8827.0
K= 189
4839.06201625
K= 190
3865.03434444
K= 191
8136.59879475
K= 192
8167.75
K= 193
8171.66666667
K= 194
5463.49918351
K= 195
8167.88571429
K= 196
11867.6635088
K= 197
9339.26084981
K= 198
6038.77451015
K= 199
4928.69627251
K= 200
5862.26931163
K= 201
9122.01312125
K= 202
5689.87761495
K= 203
3937.08587622
K= 204
8151.91982455
K= 205
5314.87755115
K= 206
8827.0
K= 207
5181.08856523
K= 208
1116.55214857
K= 209
8169.0
K= 210
5332.37594118
K= 211
4830.02088394
K= 212
7779.60347481
K= 213
5088.60189132
K= 214
5033.98262084
K= 215
3865.03434444
K= 216
5398.92591272
K= 217
4888.51681152
K= 218
3849.6
K= 219
5705.0457484
K= 220
1897.16774362
K= 221
4703.35968885
K= 222
68176.3150152
K= 223
3865.03434444
K= 224
4914.28288414
K= 225
5276.60784678
K= 226
5143.82974711
K= 227
21506.0018516
K= 228
4024.03434444
K= 229
8166.92988089
K= 230
3747.48388053
K= 231
3732.02540824
K= 232
8168.0
K= 233
8152.91549296
K= 234
9226.81727216
K= 235
4407.80888424
K= 236
4934.02684466
K= 237
7841.93463516
K= 238
3620.17564767
K= 239
2461.74439541
K= 240
8164.66666667
K= 241
4808.64016167
K= 242
4724.98717641
K= 243
5077.9820061
K= 244
5077.9820061
K= 245
8174.0
K= 246
8030.64842199
K= 247
8159.68421053
K= 248
3714.02615086
K= 249
3848.0
K= 250
8166.0
K= 251
4616.95441806
K= 252
8130.37290302
K= 253
5895.67382794
K= 254
4103.34463745
K= 255
8827.0
K= 256
5243.74820477
K= 257
8154.0
K= 258
9403.79825947
K= 259
5089.45280268
K= 260
9581.44877603
K= 261
8096.42437711
K= 262
8827.0
K= 263
8147.52479682
K= 264
8166.5
K= 265
5304.79066082
K= 266
5041.11680159
K= 267
4985.31260578
K= 268
5459.53423532
K= 269
5096.22539668
K= 270
5817.38672997
K= 271
3865.03434444
K= 272
5731.48393279
K= 273
8827.0
K= 274
4794.08970012
K= 275
5637.56429871
K= 276
6065.11030727
K= 277
5077.9820061
K= 278
8166.96100117
K= 279
5077.9820061
K= 280
3865.03434444
K= 281
5507.8252146
K= 282
5328.0267351
K= 283
3771.72623238
K= 284
8165.63076923
K= 285
3812.74746587
K= 286
4785.92811644
K= 287
1018.7338347
K= 288
3780.70680931
K= 289
5097.23561622
K= 290
5168.52094892
K= 291
5077.9820061
K= 292
3927.38321512
K= 293
5388.71253562
K= 294
9855.07094658
K= 295
4691.9606708
K= 296
1770.97122537
K= 297
8233.57453369
K= 298
8168.0
K= 299
5558.04395614
K= 300
9236.83537333
K= 301
3691.67772434
K= 302
4790.61318586
K= 303
5914.5377962
K= 304
8827.0
K= 305
4700.70091171
K= 306
5501.20305754
K= 307
1073.59106995
K= 308
5077.9820061
K= 309
8044.16203745
K= 310
4103.34463745
K= 311
5938.94910007
K= 312
8163.0
K= 313
8023.03996318
K= 314
5077.9820061
K= 315
5938.1773052
K= 316
9867.0482961
K= 317
8827.0
K= 318
8141.14963037
K= 319
14297.6933284
K= 320
4825.27990189
K= 321
17350.1800029
K= 322
8223.37083565
K= 323
8168.0
K= 324
8166.66666667
K= 325
4103.34463745
K= 326
3865.03434444
K= 327
4984.23566914
K= 328
4745.85281587
K= 329
4597.94358201
K= 330
4988.30942606
K= 331
8164.01054229
K= 332
8827.0
K= 333
5329.17912568
K= 334
6343.91227926
K= 335
5472.60108664
K= 336
6125.78846465
K= 337
3927.38321512
K= 338
5329.3986543
K= 339
14406.4409866
K= 340
5404.26807547
K= 341
9173.31538324
K= 342
8164.68421053
K= 343
4789.24474786
K= 344
4886.72227265
K= 345
5915.75679772
K= 346
3652.53627285
K= 347
4941.95544006
K= 348
3878.6
K= 349
4708.74695093
K= 350
5406.94700076
K= 351
2244.51672152
K= 352
15681.5862999
K= 353
5259.69706028
K= 354
4888.24465228
K= 355
4103.34463745
K= 356
8168.0
K= 357
4103.34463745
K= 358
4698.48835782
K= 359
3652.53627285
K= 360
8044.16203745
K= 361
9131.12019445
K= 362
4919.01683863
K= 363
5335.95150828
K= 364
8405.93313873
K= 365
8169.68421053
K= 366
8151.5259834
K= 367
8168.0
K= 368
8166.5
K= 369
4737.32659453
K= 370
8827.0
K= 371
10654.5875507
K= 372
5117.84283961
K= 373
8165.45693912
K= 374
8165.82857143
K= 375
8144.16318972
K= 376
7754.45179671
K= 377
4968.21147233
K= 378
5339.37040451
K= 379
5359.73756193
K= 380
4872.53348981
K= 381
5077.9820061
K= 382
5398.70360552
K= 383
5351.43937715
K= 384
4744.32400349
K= 385
5077.9820061
K= 386
5119.88858417
K= 387
3836.28981561
K= 388
2299.80786649
K= 389
16332.0
K= 390
4736.83111523
K= 391
8154.48622434
K= 392
8168.0
K= 393
4929.63232407
K= 394
8827.0
K= 395
5077.9820061
K= 396
5255.02513759
K= 397
8167.87951807
K= 398
8150.88235294
K= 399
8164.15612649
K= 400
5582.82808433
K= 401
4794.16574052
K= 402
5077.9820061
K= 403
4709.05474246
K= 404
7944.80787239
K= 405
8166.92405063
K= 406
8158.78212331
K= 407
8167.0
K= 408
2403.88619689
K= 409
8827.0
K= 410
8163.71428571
K= 411
3714.02615086
K= 412
8164.93796993
K= 413
8827.0
K= 414
5432.88851255
K= 415
5068.98182954
K= 416
7481.57963122
K= 417
8166.72768003
K= 418
5077.9820061
K= 419
8354.40643204
K= 420
4952.67767137
K= 421
18912.6987868
K= 422
31772.6660643
K= 423
3691.67772434
K= 424
8184.83012536
K= 425
5077.9820061
K= 426
5557.59115379
K= 427
8159.0
K= 428
8158.88571429
K= 429
4861.84562307
K= 430
5555.66850858
K= 431
8167.0
K= 432
4809.61643175
K= 433
2214.56161636
K= 434
6884.01912483
K= 435
16332.0
K= 436
8165.47402597
K= 437
5363.23879322
K= 438
5088.76061895
K= 439
5077.9820061
K= 440
8178.38271652
K= 441
5077.9820061
K= 442
5065.40164306
K= 443
8067.01054777
K= 444
9489.30783204
K= 445
8169.07648144
K= 446
3771.72623238
K= 447
3856.72972973
K= 448
4977.47117536
K= 449
8104.08518384
K= 450
8827.0
K= 451
8164.71428571
K= 452
9272.66147683
K= 453
4598.88103721
K= 454
3904.23068899
K= 455
3620.17564767
K= 456
8827.0
K= 457
8166.76
K= 458
5876.80389218
K= 459
5077.9820061
K= 460
8167.91304348
K= 461
3865.03434444
K= 462
5530.93119357
K= 463
5399.63141251
K= 464
3620.17564767
K= 465
5158.21645921
K= 466
3705.17153935
K= 467
12652.3985757
K= 468
5077.9820061
K= 469
5156.54039526
K= 470
13880.6428545
K= 471
5336.59745918
K= 472
4798.72399842
K= 473
4663.53069514
K= 474
5083.20060351
K= 475
3698.67772434
K= 476
3714.02615086
K= 477
5077.9820061
K= 478
5105.10819852
K= 479
8162.0
K= 480
5933.73945923
K= 481
5077.9820061
K= 482
8169.0
K= 483
4900.33561091
K= 484
2907.23528053
K= 485
3771.72623238
K= 486
3927.38321512
K= 487
3383.67636612
K= 488
3858.0
K= 489
8167.75
K= 490
12643.75
K= 491
7944.80787239
K= 492
4103.34463745
K= 493
5939.38499751
K= 494
4896.16121472
K= 495
6338.06985517
K= 496
8167.81818182
K= 497
5505.49777389
K= 498
1693.94680823
K= 499
5077.9820061
K= 500
15017.1113403
K= 501
4816.07230124
K= 502
4838.08778193
K= 503
4597.44598106
K= 504
5077.9820061
K= 505
8168.0
K= 506
8077.25474962
K= 507
8114.00388507
K= 508
12839.6036805
K= 509
8162.87951807
K= 510
3771.72623238
K= 511
8168.0
K= 512
8170.0
K= 513
1186.82173484
K= 514
5644.3476113
K= 515
14140.2272774
K= 516
8168.0
K= 517
4646.50743399
K= 518
3691.67772434
K= 519
4891.95507828
K= 520
4969.02612014
K= 521
6145.59312531
K= 522
8416.08531715
K= 523
6384.69939677
K= 524
6072.49343825
K= 525
3945.70678087
K= 526
8165.33333333
K= 527
8071.45614631
K= 528
8111.09196745
K= 529
12687.9966242
K= 530
5146.39712639
K= 531
8172.0
K= 532
8115.67772434
K= 533
5077.9820061
K= 534
5077.9820061
K= 535
5077.9820061
K= 536
5609.23673408
K= 537
4932.6659104
K= 538
8165.82857143
K= 539
7790.62998996
K= 540
5692.42112849
K= 541
5955.34881272
K= 542
5286.51328549
K= 543
8165.13333333
K= 544
5319.78911041
K= 545
8158.47413793
K= 546
5404.5722273
K= 547
8180.0
K= 548
4314.24145831
K= 549
5077.9820061
K= 550
4886.54088629
K= 551
3829.47402597
K= 552
8168.0
K= 553
8167.0
K= 554
7749.08335502
K= 555
5894.70644252
K= 556
8130.73490095
K= 557
5077.9820061
K= 558
3700.04071549
K= 559
8165.66666667
K= 560
5577.65966515
K= 561
5925.2092104
K= 562
3932.67480915
K= 563
3620.17564767
K= 564
10153.1088126
K= 565
8066.66109125
K= 566
4103.34463745
K= 567
9274.94774772
K= 568
5077.9820061
K= 569
2575.70120679
K= 570
7861.89516698
K= 571
3932.34212401
K= 572
8156.0
K= 573
5077.9820061
K= 574
6245.92549108
K= 575
8170.23259428
K= 576
8130.79787909
K= 577
5321.76059259
K= 578
8166.0
K= 579
5269.17663994
K= 580
9108.27078097
K= 581
4679.54323952
K= 582
5111.68474185
K= 583
1011.1499756
K= 584
5498.38328502
K= 585
7940.83667394
K= 586
5938.05166417
K= 587
8181.17120944
K= 588
8021.67426689
K= 589
4935.65972267
K= 590
5078.22390139
K= 591
7734.42591236
K= 592
16473.9164501
K= 593
8166.09333333
K= 594
16152.0464792
K= 595
5077.9820061
K= 596
5399.91762467
K= 597
8150.61286694
K= 598
4770.63596826
K= 599
8042.60919956
K= 600
4852.63313677
K= 601
8024.3791942
K= 602
8151.23215524
K= 603
8145.24994172
K= 604
8435.94685752
K= 605
5378.20275841
K= 606
8222.76036211
K= 607
4103.34463745
K= 608
5156.10225888
K= 609
5120.25389392
K= 610
8168.0
K= 611
4103.34463745
K= 612
4635.21483678
K= 613
3697.28981561
K= 614
8178.94909638
K= 615
8157.88235294
K= 616
3652.53627285
K= 617
4827.4201442
K= 618
4748.05564599
K= 619
8164.66666667
K= 620
7644.3585636
K= 621
5083.27212704
K= 622
4913.15264925
K= 623
8134.9019367
K= 624
8167.6
K= 625
15949.6783806
K= 626
8092.42437711
K= 627
5161.93365666
K= 628
8359.40755589
K= 629
3652.53627285
K= 630
8217.32497072
K= 631
8220.33410519
K= 632
5555.66850858
K= 633
8170.0
K= 634
8165.63076923
K= 635
8164.47402597
K= 636
8245.40762258
K= 637
3093.27592644
K= 638
3806.92358311
K= 639
20064.6443652
K= 640
3836.28981561
K= 641
8167.13872356
K= 642
14954.8102724
K= 643
9084.82523431
K= 644
3927.38321512
K= 645
8165.88571429
K= 646
77784.6898074
K= 647
8175.12744232
K= 648
3620.17564767
K= 649
8234.04639263
K= 650
8166.8442915
K= 651
5026.14678887
K= 652
3416.38691278
K= 653
8129.32940697
K= 654
5039.47052852
K= 655
4103.34463745
K= 656
5077.9820061
K= 657
8168.0
K= 658
5389.47444038
K= 659
8827.0
K= 660
8165.05909988
K= 661
8167.15005192
K= 662
20781.9116812
K= 663
5141.92836738
K= 664
8183.28105181
K= 665
3927.38321512
K= 666
5077.9820061
K= 667
8042.16203745
K= 668
3945.70678087
K= 669
5086.5140754
K= 670
5077.9820061
K= 671
1218.12750093
K= 672
8167.07142857
K= 673
4776.47806877
K= 674
36957.7799835
K= 675
1069.15299034
K= 676
8172.51702786
K= 677
8157.0
K= 678
10995.8092936
K= 679
5077.9820061
K= 680
3714.02615086
K= 681
21636.1263636
K= 682
5209.1269194
K= 683
14396.4804601
K= 684
8167.75
K= 685
8076.3020249
K= 686
5020.08305027
K= 687
8133.37999437
K= 688
8165.71428571
K= 689
8427.83257181
K= 690
3872.03434444
K= 691
8166.33333333
K= 692
4724.41149672
K= 693
4103.34463745
K= 694
5302.93166675
K= 695
1220.58217987
K= 696
4805.74313976
K= 697
1963.28783995
K= 698
4103.34463745
K= 699
4929.23874915
K= 700
8167.0
K= 701
4004.03434444
K= 702
4676.84303143
K= 703
4721.81052768
K= 704
5077.9820061
K= 705
5198.05025827
K= 706
8180.0
K= 707
4103.34463745
K= 708
8050.36194412
K= 709
4991.02531049
K= 710
8827.0
K= 711
5356.52059416
K= 712
8167.89189189
K= 713
5945.59084673
K= 714
8166.73333333
K= 715
8174.0
K= 716
5542.606487
K= 717
3833.36
K= 718
5177.15923777
K= 719
5351.15650337
K= 720
9066.72180825
K= 721
8168.0
K= 722
5156.2602637
K= 723
12625.5555556
K= 724
19066.5663473
K= 725
4895.56542456
K= 726
8164.33578431
K= 727
16198.4875524
K= 728
8166.02540824
K= 729
5557.66951624
K= 730
5179.79179305
K= 731
8169.68421053
K= 732
8165.77777778
K= 733
8075.66109125
K= 734
4694.76104369
K= 735
4668.34352993
K= 736
5626.28530496
K= 737
8159.68421053
K= 738
5577.26832953
K= 739
10805.5023385
K= 740
8165.47826087
K= 741
5359.92457617
K= 742
9697.16171024
K= 743
4789.01680234
K= 744
8168.0
K= 745
5389.47444038
K= 746
5088.30427415
K= 747
5077.9820061
K= 748
8166.71122962
K= 749
5077.9820061
K= 750
4891.08519079
K= 751
5521.00031582
K= 752
7687.38471724
K= 753
8177.16913215
K= 754
8187.84769236
K= 755
5355.60128535
K= 756
7785.96011817
K= 757
7829.67947073
K= 758
1499.34154624
K= 759
7991.32914366
K= 760
8038.34385563
K= 761
8237.15010102
K= 762
8166.90269812
K= 763
8827.0
K= 764
8169.0
K= 765
5213.52034679
K= 766
8168.0
K= 767
5077.9820061
K= 768
5948.72656102
K= 769
5468.8453196
K= 770
8166.76
K= 771
5212.88960214
K= 772
5041.15009306
K= 773
8143.84556699
K= 774
5480.93645634
K= 775
4895.34957013
K= 776
4934.48645552
K= 777
8167.91304348
K= 778
3833.64705882
K= 779
8159.19647536
K= 780
4981.10236874
K= 781
9428.41270824
K= 782
4110.38321512
K= 783
4608.86136647
K= 784
8178.80916089
K= 785
3691.67772434
K= 786
5015.24787223
K= 787
5705.03556747
K= 788
5305.53116805
K= 789
4784.53693079
K= 790
9368.14834304
K= 791
8167.0
K= 792
7527.31408451
K= 793
8167.44533292
K= 794
4811.29571094
K= 795
7827.67947073
K= 796
7898.61661491
K= 797
12133.8157185
K= 798
3913.72623238
K= 799
8201.845438
K= 800
3872.03434444
K= 801
3865.03434444
K= 802
5077.9820061
K= 803
5472.86681177
K= 804
5045.08069699
K= 805
5335.54126149
K= 806
4753.43674866
K= 807
4978.78350805
K= 808
8168.0
K= 809
5056.00430812
K= 810
8164.66666667
K= 811
8168.0
K= 812
5018.09440686
K= 813
8167.56803774
K= 814
8031.96505436
K= 815
3865.03434444
K= 816
5599.84529337
K= 817
4103.34463745
K= 818
4821.04113232
K= 819
4831.29811554
K= 820
8075.66109125
K= 821
8016.29773089
K= 822
8827.0
K= 823
5291.23848995
K= 824
8169.04317193
K= 825
4730.71197516
K= 826
8210.47524345
K= 827
8186.25606173
K= 828
9560.10198268
K= 829
8270.2018946
K= 830
2363.49149386
K= 831
8125.66347333
K= 832
5114.27213631
K= 833
5077.9820061
K= 834
4889.1585668
K= 835
5077.9820061
K= 836
5571.05585641
K= 837
9359.69136201
K= 838
4639.60947601
K= 839
4744.27296759
K= 840
8168.0
K= 841
5933.21778081
K= 842
3927.38321512
K= 843
5956.6594731
K= 844
4792.59915571
K= 845
5077.9820061
K= 846
4794.5679118
K= 847
8146.67505374
K= 848
8131.19910259
K= 849
8167.89928058
K= 850
5273.9961901
K= 851
5939.26312584
K= 852
1224.03410562
K= 853
8245.26036162
K= 854
1408.78616794
K= 855
7468.48853496
K= 856
5405.95461406
K= 857
5350.06368998
K= 858
4986.59222086
K= 859
3831.6
K= 860
4945.6637913
K= 861
8148.26527799
K= 862
3728.37140902
K= 863
4907.7829643
K= 864
5710.85821758
K= 865
5907.11035568
K= 866
8169.0
K= 867
8168.0
K= 868
3620.17564767
K= 869
5426.59389417
K= 870
3927.38321512
K= 871
3196.1908979
K= 872
4934.02684466
K= 873
5939.38499751
K= 874
5555.66850858
K= 875
5077.9820061
K= 876
6158.42684924
K= 877
8167.41329543
K= 878
3927.38321512
K= 879
8166.21428571
K= 880
1555.94949164
K= 881
6510.31171043
K= 882
4831.69299191
K= 883
5077.9820061
K= 884
5077.9820061
K= 885
1054.78598614
K= 886
8200.48517126
K= 887
5077.9820061
K= 888
8166.89189189
K= 889
9396.11743885
K= 890
4961.13923888
K= 891
1535.51913453
K= 892
4855.16649425
K= 893
7623.28758721
K= 894
7008.48805622
K= 895
8166.66666667
K= 896
5382.2600918
K= 897
3839.0
K= 898
8163.5
K= 899
5077.9820061
K= 900
9025.14613778
K= 901
5603.74275042
K= 902
3865.03434444
K= 903
4103.34463745
K= 904
5469.72435185
K= 905
2324.78070929
K= 906
6383.50350463
K= 907
4595.74135852
K= 908
5637.58811825
K= 909
8164.71428571
K= 910
4775.94784709
K= 911
8167.0
K= 912
8072.66109125
K= 913
8165.09504633
K= 914
3823.21164733
K= 915
1564.87745473
K= 916
8169.0
K= 917
3762.17564767
K= 918
5083.59554628
K= 919
8056.01831536
K= 920
5084.07159235
K= 921
8167.85714286
K= 922
8169.0
K= 923
8097.42437711
K= 924
8166.45977011
K= 925
4944.04918526
K= 926
5339.37040451
K= 927
2360.70007251
K= 928
6154.49572932
K= 929
5077.9820061
K= 930
9830.94077752
K= 931
4976.26368182
K= 932
4901.25291517
K= 933
9405.97802596
K= 934
4991.78491303
K= 935
4896.93530342
K= 936
8169.0
K= 937
15578.1832229
K= 938
8169.83050848
K= 939
3750.3278259
K= 940
8166.94425487
K= 941
5077.9820061
K= 942
8166.5
K= 943
8167.0
K= 944
8168.18994413
K= 945
5610.48518346
K= 946
622.982006101
K= 947
18513.3666669
K= 948
3833.0
K= 949
3836.28981561
K= 950
5154.15230079
K= 951
4787.88890845
K= 952
4895.56542456
K= 953
8166.86111111
K= 954
4103.34463745
K= 955
8168.84615385
K= 956
5692.79682959
K= 957
5336.35971212
K= 958
9821.24589191
K= 959
5285.98138878
K= 960
5472.0493625
K= 961
8165.47402597
K= 962
8072.66109125
K= 963
5275.18461922
K= 964
8163.75
K= 965
3913.72623238
K= 966
5077.9820061
K= 967
8168.0
K= 968
4994.00277506
K= 969
5555.66850858
K= 970
4878.20131335
K= 971
1673.35118084
K= 972
3927.38321512
K= 973
5689.21094828
K= 974
3836.28981561
K= 975
4069.38321512
K= 976
5708.24554845
K= 977
4963.24584289
K= 978
8075.66109125
K= 979
41728.8045362
K= 980
3865.03434444
K= 981
3927.38321512
K= 982
5117.84283961
K= 983
8827.0
K= 984
4835.09846688
K= 985
8177.72427052
K= 986
8154.0
K= 987
8167.61904762
K= 988
8168.0
K= 989
5948.72656102
K= 990
8150.94829378
K= 991
4687.7888658
K= 992
8169.0
K= 993
4852.88318219
K= 994
5294.32843207
K= 995
13922.5644617
K= 996
5971.72801644
K= 997
5738.57743203
K= 998
5337.50552124
K= 999
8070.66109125
K= 1000
4103.34463745
K= 1001
8168.0
K= 1002
8221.98409121
K= 1003
6389.20313362
K= 1004
5360.73127776
K= 1005
5077.9820061
K= 1006
23656.7202297
K= 1007
1968.48012225
K= 1008
4721.07525109
K= 1009
8827.0
K= 1010
5939.38499751
K= 1011
5499.4924869
K= 1012
3847.3969999
K= 1013
4103.34463745
K= 1014
1118.83259329
K= 1015
8161.14447277
K= 1016
5365.14275442
K= 1017
21506.0018516
K= 1018
5077.9820061
K= 1019
3836.28981561
K= 1020
3694.28981561
K= 1021
4103.34463745
K= 1022
8168.0
K= 1023
3927.01928662
K= 1024
5293.17225107
K= 1025
6167.66132343
K= 1026
4796.31879333
K= 1027
8162.71428571
K= 1028
2656.10858497
K= 1029
8827.0
K= 1030
1014.91293538
K= 1031
8165.98387916
K= 1032
5396.0325451
K= 1033
8157.85714286
K= 1034
4732.80555648
K= 1035
8169.07912381
K= 1036
5073.75138441
K= 1037
5077.9820061
K= 1038
5301.6481396
K= 1039
9068.05162214
K= 1040
9181.97849534
K= 1041
8180.0
K= 1042
4775.24960871
K= 1043
8168.55555556
K= 1044
8832.99282306
K= 1045
12242.1501246
K= 1046
4103.34463745
K= 1047
32123.3652691
K= 1048
4644.83977277
K= 1049
6116.09411864
K= 1050
3652.53627285
K= 1051
4892.18566933
K= 1052
8168.0
K= 1053
5278.65949254
K= 1054
1513.92480261
K= 1055
3744.75
K= 1056
3868.03434444
K= 1057
4096.07132781
K= 1058
8190.3470643
K= 1059
5113.28010395
K= 1060
5011.5396035
K= 1061
5032.12381258
K= 1062
4978.34937114
K= 1063
7944.82672715
K= 1064
9545.90822388
K= 1065
8167.84615385
K= 1066
6769.92443762
K= 1067
8226.51046731
K= 1068
4927.49906488
K= 1069
3875.03434444
K= 1070
4828.68188196
K= 1071
8166.0
K= 1072
8037.66697545
K= 1073
5568.00860628
K= 1074
4901.88455064
K= 1075
3851.68421053
K= 1076
5282.70460032
K= 1077
5077.9820061
K= 1078
5118.59866512
K= 1079
3930.63155863
K= 1080
5099.47587711
K= 1081
4932.48992277
K= 1082
5374.46112822
K= 1083
8139.51109394
K= 1084
3620.17564767
K= 1085
5363.23879322
K= 1086
8164.66666667
K= 1087
3620.17564767
K= 1088
5355.10983139
K= 1089
8167.0
K= 1090
8163.76
K= 1091
4979.23695174
K= 1092
6063.7564956
K= 1093
8827.0
K= 1094
1589.08872866
K= 1095
6430.31018231
K= 1096
8165.0
K= 1097
5077.9820061
K= 1098
8168.0
K= 1099
8827.0
K= 1100
4896.42853908
K= 1101
3855.28981561
K= 1102
3864.03434444
K= 1103
3834.91549296
K= 1104
46686.3402735
K= 1105
8167.0
K= 1106
5150.37795333
K= 1107
12639.0171078
K= 1108
8827.0
K= 1109
8182.67972242
K= 1110
4714.86648273
K= 1111
8161.81818182
K= 1112
3620.17564767
K= 1113
3140.62039905
K= 1114
5077.9820061
K= 1115
4723.03512805
K= 1116
8170.02582956
K= 1117
9617.63895333
K= 1118
4776.39494254
K= 1119
3836.28981561
K= 1120
8156.0
K= 1121
8191.91374047
K= 1122
5614.73390924
K= 1123
8167.77777778
K= 1124
5555.94830227
K= 1125
8168.72972973
K= 1126
4739.37928295
K= 1127
1461.87318312
K= 1128
8493.65951591
K= 1129
5077.9820061
K= 1130
8168.9
K= 1131
8156.35139579
K= 1132
8111.96056986
K= 1133
5077.9820061
K= 1134
3927.38321512
K= 1135
5103.81638628
K= 1136
4103.34463745
K= 1137
6069.15586995
K= 1138
7987.25829301
K= 1139
5077.9820061
K= 1140
4897.08382732
K= 1141
3970.78897623
K= 1142
3652.53627285
K= 1143
8164.60526316
K= 1144
3967.39690428
K= 1145
8081.12443458
K= 1146
8236.03434444
K= 1147
4730.67717903
K= 1148
8827.0
K= 1149
8263.71970633
K= 1150
4656.10117841
K= 1151
8165.69883041
K= 1152
8149.11287378
K= 1153
8827.0
K= 1154
8037.30489459
K= 1155
4956.74598841
K= 1156
8142.93592647
K= 1157
12632.5291619
K= 1158
4121.2904896
K= 1159
4103.34463745
K= 1160
8165.14285714
K= 1161
5056.01494945
K= 1162
8166.74459658
K= 1163
1934.42931231
K= 1164
3936.30726753
K= 1165
8827.0
K= 1166
18661.120828
K= 1167
4673.83367946
K= 1168
2253.7145493
K= 1169
3880.74708473
K= 1170
4747.31365832
K= 1171
5077.9820061
K= 1172
8115.67772434
K= 1173
8165.76219072
K= 1174
8124.99271864
K= 1175
8161.69159071
K= 1176
8167.0
K= 1177
8827.0
K= 1178
11495.7285838
K= 1179
5866.37363011
K= 1180
4784.27857737
K= 1181
3839.0
K= 1182
14051.9049778
K= 1183
5933.69921454
K= 1184
5490.71397284
K= 1185
8120.71811076
K= 1186
6405.11069161
K= 1187
4697.29088423
K= 1188
5268.20496641
K= 1189
3928.38321512
K= 1190
5945.08670595
K= 1191
8073.66109125
K= 1192
8160.74193548
K= 1193
30509.75
K= 1194
3855.69230769
K= 1195
4199.13203093
K= 1196
8827.0
K= 1197
5078.01995775
K= 1198
5345.68335377
K= 1199
4646.41572838
K= 1200
8167.88571429
K= 1201
8120.92424177
K= 1202
9285.2609395
K= 1203
8167.8974359
K= 1204
4662.21769154
K= 1205
4103.34463745
K= 1206
4881.17412685
K= 1207
8156.6750334
K= 1208
5554.91850858
K= 1209
13707.4194282
K= 1210
14126.2527445
K= 1211
4873.2889068
K= 1212
4812.03643882
K= 1213
8095.42437711
K= 1214
5357.13957778
K= 1215
5548.15064011
K= 1216
5553.27347004
K= 1217
11119.8644057
K= 1218
5368.68845576
K= 1219
1553.72919058
K= 1220
4898.39698969
K= 1221
8071.66109125
K= 1222
4933.94992158
K= 1223
9953.94516496
K= 1224
5082.99006618
K= 1225
4997.68920461
K= 1226
8166.40645161
K= 1227
8169.68421053
K= 1228
23552.6667964
K= 1229
8160.517145
K= 1230
5077.9820061
K= 1231
14144.5292332
K= 1232
5635.39413156
K= 1233
5316.19495025
K= 1234
8167.0
K= 1235
7041.0547428
K= 1236
9815.33972668
K= 1237
8162.71428571
K= 1238
8153.15650736
K= 1239
5052.91212107
K= 1240
8072.3469386
K= 1241
2227.7561138
K= 1242
8180.0
K= 1243
11867.6635088
K= 1244
8165.82608696
K= 1245
5077.9820061
K= 1246
2165.23558205
K= 1247
2137.99720105
K= 1248
5785.07041506
K= 1249
5183.3239634
K= 1250
4776.85422368
K= 1251
5709.61110255
K= 1252
5463.38528975
K= 1253
8164.90825688
K= 1254
8169.0
K= 1255
8166.0
K= 1256
3848.23259428
K= 1257
4724.31952333
K= 1258
3620.17564767
K= 1259
8827.0
K= 1260
5700.26928084
K= 1261
7240.04549088
K= 1262
8174.94637311
K= 1263
5339.37040451
K= 1264
8166.6
K= 1265
5077.9820061
K= 1266
5939.38499751
K= 1267
1269.577185
K= 1268
1748.72076648
K= 1269
5077.9820061
K= 1270
8166.36470588
K= 1271
9295.48546007
K= 1272
5732.09585693
K= 1273
6430.71520477
K= 1274
5077.9820061
K= 1275
9186.42947974
K= 1276
8165.0
K= 1277
8168.08278895
K= 1278
14236.8770865
K= 1279
5959.90496598
K= 1280
4765.74688032
K= 1281
6163.43780603
K= 1282
4103.34463745
K= 1283
8074.76109125
K= 1284
5077.9820061
K= 1285
4925.29457185
K= 1286
5683.47594389
K= 1287
5077.9820061
K= 1288
3691.67772434
K= 1289
4680.31145
K= 1290
5077.9820061
K= 1291
4117.58931109
K= 1292
3748.11461785
K= 1293
8174.0
K= 1294
5340.92403206
K= 1295
8062.97752145
K= 1296
8166.5
K= 1297
8169.0
K= 1298
4069.38321512
K= 1299
4401.80350142
K= 1300
4628.37820239
K= 1301
8174.69436481
K= 1302
3749.28981561
K= 1303
8168.0
K= 1304
4697.10743841
K= 1305
4845.34900793
K= 1306
4735.73390144
K= 1307
3906.02615086
K= 1308
5717.61863793
K= 1309
4389.74372832
K= 1310
5426.05601538
K= 1311
4664.6567553
K= 1312
5840.63383689
K= 1313
1321.51976865
K= 1314
8167.89189189
K= 1315
8232.55976886
K= 1316
8163.57705839
K= 1317
5577.92250638
K= 1318
4938.59590375
K= 1319
8166.5
K= 1320
7560.54729385
K= 1321
8169.45454546
K= 1322
8165.33333333
K= 1323
6169.34955872
K= 1324
8158.72727273
K= 1325
4716.55863925
K= 1326
4747.55789419
K= 1327
9661.47592766
K= 1328
8163.0
K= 1329
8166.66666667
K= 1330
4694.90982342
K= 1331
8162.88571429
K= 1332
8169.68421053
K= 1333
5320.81098488
K= 1334
8115.67772434
K= 1335
4240.30620653
K= 1336
5083.59554628
K= 1337
5676.96401219
K= 1338
4712.83914167
K= 1339
6625.09333585
K= 1340
5077.9820061
K= 1341
8159.71428571
K= 1342
5572.29792534
K= 1343
6593.21027708
K= 1344
8166.47755102
K= 1345
8827.0
K= 1346
9550.1821041
K= 1347
8170.0
K= 1348
5077.9820061
K= 1349
4922.33940997
K= 1350
4954.06248416
K= 1351
4806.41522069
K= 1352
2998.77131112
K= 1353
7949.42141257
K= 1354
5356.68791833
K= 1355
5481.54610362
K= 1356
5946.53474516
K= 1357
1273.59357818
K= 1358
4657.75461047
K= 1359
4261.83813279
K= 1360
8165.23623011
K= 1361
5077.9820061
K= 1362
12793.2557079
K= 1363
2698.5856148
K= 1364
4909.82671006
K= 1365
3968.5
K= 1366
5077.9820061
K= 1367
13965.4249328
K= 1368
3714.02615086
K= 1369
8164.0
K= 1370
10065.5730475
K= 1371
4903.69140228
K= 1372
8214.23712221
K= 1373
5951.98332252
K= 1374
8827.0
K= 1375
6281.4289279
K= 1376
5349.72638812
K= 1377
4820.32848815
K= 1378
9907.24427918
K= 1379
4766.43275049
K= 1380
5355.48848177
K= 1381
9263.66191518
K= 1382
5344.25612197
K= 1383
9318.86487954
K= 1384
3704.28981561
K= 1385
8165.77777778
K= 1386
8115.67772434
K= 1387
8169.0
K= 1388
8204.88089702
K= 1389
3927.38321512
K= 1390
8161.86571822
K= 1391
8167.91780822
K= 1392
8149.73289361
K= 1393
8827.0
K= 1394
9753.52734459
K= 1395
1281.95908393
K= 1396
3958.53316786
K= 1397
5077.9820061
K= 1398
5935.19217722
K= 1399
4103.34463745
K= 1400
8134.56018541
K= 1401
8005.99829652
K= 1402
5077.9820061
K= 1403
3867.03434444
K= 1404
8159.85177818
K= 1405
5018.07760119
K= 1406
5002.67992705
K= 1407
5179.84140184
K= 1408
8168.0
K= 1409
3677.56225521
K= 1410
4103.34463745
K= 1411
8160.3623504
K= 1412
6520.42706006
K= 1413
3875.03434444
K= 1414
5707.24424535
K= 1415
3781.80787239
K= 1416
5563.04089318
K= 1417
4701.518558
K= 1418
8165.78947368
K= 1419
5075.61480433
K= 1420
1444.72707977
K= 1421
8160.74193548
K= 1422
5432.12141619
K= 1423
8104.34505827
K= 1424
5077.9820061
K= 1425
4899.29937824
K= 1426
8145.0
K= 1427
12604.488095
K= 1428
8148.1106396
K= 1429
4347.43806826
K= 1430
9336.16614065
K= 1431
5077.9820061
K= 1432
1085.56407353
K= 1433
5106.755934
K= 1434
5077.9820061
K= 1435
6769.92443762
K= 1436
8166.75609756
K= 1437
3710.0
K= 1438
5077.89109701
K= 1439
8157.48622434
K= 1440
13896.4832125
K= 1441
8168.0
K= 1442
5109.31095334
K= 1443
3913.72623238
K= 1444
8162.25501957
K= 1445
3620.17564767
K= 1446
3759.99430783
K= 1447
3913.72623238
K= 1448
3705.5
K= 1449
8125.84694208
K= 1450
341.206743288
K= 1451
6377.10533032
K= 1452
3838.45454546
K= 1453
4651.03559969
K= 1454
4886.97262429
K= 1455
27870.7096903
K= 1456
5141.21741016
K= 1457
4901.60593371
K= 1458
8168.57393484
K= 1459
5023.24526265
K= 1460
8154.85177818
K= 1461
5077.9820061
K= 1462
4720.58928207
K= 1463
3833.0
K= 1464
5077.9820061
K= 1465
8174.94637311
K= 1466
8216.35867315
K= 1467
5077.9820061
K= 1468
5939.05166417
K= 1469
4869.98511647
K= 1470
5077.9820061
K= 1471
7829.67947073
K= 1472
8150.0
K= 1473
5552.21791449
K= 1474
8169.0
K= 1475
5037.16052147
K= 1476
4739.44127977
K= 1477
1534.91257574
K= 1478
4103.34463745
K= 1479
8165.29489287
K= 1480
4652.73912419
K= 1481
7227.12444184
K= 1482
8166.71428571
K= 1483
5435.84378956
K= 1484
5731.48393279
K= 1485
5939.38499751
K= 1486
3865.03434444
K= 1487
8160.33913655
K= 1488
9192.74245234
K= 1489
4800.28535104
K= 1490
14276.0248139
K= 1491
4916.78261036
K= 1492
5608.68112393
K= 1493
4767.43476216
K= 1494
3890.11461785
K= 1495
8146.49408985
K= 1496
8167.88405797
K= 1497
4103.34463745
K= 1498
4855.83077652
K= 1499
13977.5559739
K= 1500
5077.88579274
K= 1501
4907.5974928
K= 1502
8205.63263586
K= 1503
8165.7
K= 1504
4985.70040814
K= 1505
5078.04174359
K= 1506
8167.71428571
K= 1507
4906.28817123
K= 1508
17654.0
K= 1509
4103.34463745
K= 1510
4103.34463745
K= 1511
3832.81818182
K= 1512
4116.67600948
K= 1513
4679.8050959
K= 1514
5099.08794684
K= 1515
4087.38321512
K= 1516
11825.0821414
K= 1517
6736.44695179
K= 1518
8146.77283995
K= 1519
8157.84280242
K= 1520
4017.84374681
K= 1521
4103.34463745
K= 1522
13876.398015
K= 1523
27813.0687749
K= 1524
4746.16554572
K= 1525
5077.9820061
K= 1526
5966.75395648
K= 1527
9722.31564825
K= 1528
4985.20580766
K= 1529
5084.02192855
K= 1530
9286.75355185
K= 1531
5470.73420003
K= 1532
8168.0
K= 1533
8160.74193548
K= 1534
6310.76073474
K= 1535
4655.36434399
K= 1536
8143.84556699
K= 1537
4624.32460363
K= 1538
3770.45199572
K= 1539
5118.11007395
K= 1540
4785.28586626
K= 1541
6064.30195015
K= 1542
3652.53627285
K= 1543
5349.43399707
K= 1544
5187.8359285
K= 1545
7948.99616323
K= 1546
4709.55203066
K= 1547
8827.0
K= 1548
5078.93426273
K= 1549
3927.38321512
K= 1550
8158.85177818
K= 1551
8166.43333333
K= 1552
2188.92663553
K= 1553
12633.5759933
K= 1554
3927.38321512
K= 1555
4359.91087075
K= 1556
4778.76732846
K= 1557
18258.4399919
K= 1558
4723.60881127
K= 1559
8166.5
K= 1560
4934.02684466
K= 1561
4103.34463745
K= 1562
7801.25936927
K= 1563
6057.76279675
K= 1564
8204.78223728
K= 1565
8164.47619048
K= 1566
1291.96601806
K= 1567
2592.04829777
K= 1568
7110.02833802
K= 1569
9944.56367495
K= 1570
4774.35712643
K= 1571
5077.9820061
K= 1572
5483.3737525
K= 1573
9286.86520751
K= 1574
4905.2984536
K= 1575
8168.0
K= 1576
4801.31099997
K= 1577
8827.0
K= 1578
4761.24149749
K= 1579
8163.6
K= 1580
5077.14073626
K= 1581
8168.0
K= 1582
8134.73362137
K= 1583
4103.34463745
K= 1584
4103.34463745
K= 1585
7701.4524893
K= 1586
4990.01869752
K= 1587
4715.93717479
K= 1588
4912.85998346
K= 1589
43757.6943648
K= 1590
9901.00872573
K= 1591
8165.71428571
K= 1592
3830.47402597
K= 1593
8168.72972973
K= 1594
5144.97755831
K= 1595
8168.6
K= 1596
8827.0
K= 1597
8169.0
K= 1598
4680.77106458
K= 1599
17654.0
K= 1600
4103.34463745
K= 1601
5340.6983877
K= 1602
8827.0
K= 1603
5335.67664153
K= 1604
4901.24200473
K= 1605
3851.92241888
K= 1606
16332.0
K= 1607
7763.02812487
K= 1608
4681.08625062
K= 1609
4103.34463745
K= 1610
4715.27526265
K= 1611
5077.9820061
K= 1612
4895.56542456
K= 1613
4788.56172752
K= 1614
8168.0
K= 1615
5592.86185263
K= 1616
5493.36024023
K= 1617
3714.02615086
K= 1618
4995.28282175
K= 1619
9098.74908154
K= 1620
5396.16573269
K= 1621
4823.20073089
K= 1622
13685.3335912
K= 1623
8168.0
K= 1624
4354.75545095
K= 1625
8161.63511625
K= 1626
5965.7715902
K= 1627
16328.0
K= 1628
13950.4227295
K= 1629
5081.48492487
K= 1630
8153.85805145
K= 1631
4324.76105955
K= 1632
8165.75
K= 1633
8165.42857143
K= 1634
8164.80645161
K= 1635
4774.88684682
K= 1636
4939.19429385
K= 1637
8097.30768454
K= 1638
8166.0
K= 1639
3714.02615086
K= 1640
10577.8053021
K= 1641
3907.03434444
K= 1642
5552.75096472
K= 1643
5293.97225107
K= 1644
4881.33176285
K= 1645
8115.67772434
K= 1646
4103.34463745
K= 1647
3927.38321512
K= 1648
5675.36612338
K= 1649
5174.74686117
K= 1650
3771.72623238
K= 1651
5181.59393861
K= 1652
3694.28981561
K= 1653
3859.84
K= 1654
5373.64260034
K= 1655
8125.70009933
K= 1656
5343.79870334
K= 1657
12647.0
K= 1658
5186.18572567
K= 1659
4876.07686104
K= 1660
4852.54684555
K= 1661
3927.38321512
K= 1662
8169.0
K= 1663
3861.70575112
K= 1664
8167.60634921
K= 1665
4697.12960216
K= 1666
8188.74684538
K= 1667
5077.9820061
K= 1668
5077.9820061
K= 1669
5472.60108664
K= 1670
9572.28441966
K= 1671
3751.0
K= 1672
8168.0
K= 1673
4699.17216887
K= 1674
5482.27220163
K= 1675
6056.32252628
K= 1676
23024.181278
K= 1677
14163.6220909
K= 1678
10134.3467742
K= 1679
8167.92405063
K= 1680
5397.10911184
K= 1681
4737.0822709
K= 1682
3683.95711668
K= 1683
8165.13333333
K= 1684
8166.75609756
K= 1685
4922.53526367
K= 1686
4103.34463745
K= 1687
5078.40455339
K= 1688
4805.96505275
K= 1689
4818.52743219
K= 1690
9478.45499153
K= 1691
4933.8394662
K= 1692
15696.244581
K= 1693
4678.37609104
K= 1694
8827.0
K= 1695
8167.91780822
K= 1696
8180.8281414
K= 1697
8229.50362245
K= 1698
8166.87951807
K= 1699
4869.97562017
K= 1700
7386.57963122
K= 1701
3880.28981561
K= 1702
8165.5
K= 1703
4805.74313976
K= 1704
5078.0296492
K= 1705
5939.38499751
K= 1706
8167.63732289
K= 1707
5257.03275607
K= 1708
4934.93317141
K= 1709
5077.9820061
K= 1710
4883.41669879
K= 1711
7210.04254175
K= 1712
8245.84252626
K= 1713
5333.66193258
K= 1714
5077.9820061
K= 1715
3927.38321512
K= 1716
8185.04866552
K= 1717
4891.88868075
K= 1718
5400.79337958
K= 1719
1679.70000511
K= 1720
4898.97633031
K= 1721
8167.6
K= 1722
9677.96152293
K= 1723
8172.0
K= 1724
4660.01744199
K= 1725
5077.80689089
K= 1726
8186.10532842
K= 1727
8826.0
K= 1728
5077.9820061
K= 1729
3795.13931966
K= 1730
8168.36
K= 1731
3694.28981561
K= 1732
8161.89189189
K= 1733
4741.4931908
K= 1734
4800.59880666
K= 1735
3691.67772434
K= 1736
3865.03434444
K= 1737
4825.02186553
K= 1738
8165.15484976
K= 1739
10282.5548003
K= 1740
4930.07287089
K= 1741
3937.61123398
K= 1742
3866.03434444
K= 1743
8160.5
K= 1744
4804.27191949
K= 1745
5501.58590806
K= 1746
8154.0
K= 1747
8169.23259428
K= 1748
4680.62931894
K= 1749
10599.9461555
K= 1750
5448.7363697
K= 1751
5026.99170019
K= 1752
8132.84854894
K= 1753
4021.03434444
K= 1754
8166.55128205
K= 1755
5022.71424334
K= 1756
5610.39366269
K= 1757
8169.45486935
K= 1758
8172.2386847
K= 1759
3839.66666667
K= 1760
8131.27666751
K= 1761
5076.66351419
K= 1762
4804.95754619
K= 1763
8159.68421053
K= 1764
5022.96094574
K= 1765
8166.79089883
K= 1766
8117.37926872
K= 1767
4103.34463745
K= 1768
5008.86327422
K= 1769
4753.5267435
K= 1770
7959.55225702
K= 1771
2998.52106994
K= 1772
3832.44615385
K= 1773
8169.0
K= 1774
5077.9820061
K= 1775
8827.0
K= 1776
14866.9506129
K= 1777
6869.22282978
K= 1778
2410.22970173
K= 1779
5077.69551885
K= 1780
3737.28981561
K= 1781
8166.77777778
K= 1782
9966.7011195
K= 1783
4634.89287443
K= 1784
5558.99982792
K= 1785
8170.1818021
K= 1786
1863.71739932
K= 1787
8109.94505564
K= 1788
4772.36587239
K= 1789
4103.34463745
K= 1790
7966.29006066
K= 1791
5095.32134339
K= 1792
8160.45167915
K= 1793
5294.05029566
K= 1794
5041.21544358
K= 1795
5938.56182387
K= 1796
1005.52764925
K= 1797
9300.6769603
K= 1798
6282.42805071
K= 1799
9618.44953459
K= 1800
5014.57165525
K= 1801
5937.80776173
K= 1802
3771.72623238
K= 1803
9834.24120017
K= 1804
4994.63645322
K= 1805
3427.82985211
K= 1806
5077.9820061
K= 1807
5077.9820061
K= 1808
52016.2561028
K= 1809
4906.50082711
K= 1810
5077.83914896
K= 1811
1839.30324713
K= 1812
8166.5
K= 1813
4669.75922969
K= 1814
4978.40506384
K= 1815
4781.76325389
K= 1816
4092.04509469
K= 1817
3444.53215784
K= 1818
5030.93624646
K= 1819
8165.0
K= 1820
17130.4408614
K= 1821
4796.48700829
K= 1822
5077.9820061
K= 1823
3927.38321512
K= 1824
3731.05956571
K= 1825
8169.0
K= 1826
16386.7667338
K= 1827
9406.78437521
K= 1828
8168.0
K= 1829
5405.20136654
K= 1830
5939.38499751
K= 1831
6643.24725292
K= 1832
5085.59368606
K= 1833
3691.67772434
K= 1834
8166.0
K= 1835
5153.07331212
K= 1836
8166.5
K= 1837
8168.0
K= 1838
6163.66701904
K= 1839
4739.09171952
K= 1840
4789.1054742
K= 1841
5614.32879111
K= 1842
6169.34955872
K= 1843
5116.14850678
K= 1844
8160.40435594
K= 1845
5091.49335393
K= 1846
5077.9820061
K= 1847
8167.91358655
K= 1848
5564.50484961
K= 1849
5126.67493898
K= 1850
4817.30751351
K= 1851
4103.34463745
K= 1852
4858.12108812
K= 1853
3865.03434444
K= 1854
7937.80787239
K= 1855
1370.70938862
K= 1856
5382.15168772
K= 1857
5096.00884871
K= 1858
5145.68883514
K= 1859
3714.02615086
K= 1860
4103.34463745
K= 1861
8153.0
K= 1862
8168.0
K= 1863
8173.0
K= 1864
9465.08082372
K= 1865
8169.0
K= 1866
13919.0467538
K= 1867
8165.63033395
K= 1868
4103.34463745
K= 1869
1691.21747424
K= 1870
7788.30759243
K= 1871
5037.87646658
K= 1872
9158.06833047
K= 1873
4103.34463745
K= 1874
4738.08124216
K= 1875
3929.44242037
K= 1876
8167.0
K= 1877
5019.93533884
K= 1878
4794.00448598
K= 1879
4768.47704063
K= 1880
1425.12727359
K= 1881
8167.91358655
K= 1882
5121.17673064
K= 1883
5132.68102731
K= 1884
7626.16047213
K= 1885
5102.57236217
K= 1886
8742.2661322
K= 1887
4793.27287529
K= 1888
5329.3986543
K= 1889
8162.91304348
K= 1890
8827.0
K= 1891
5887.30132379
K= 1892
4920.5212083
K= 1893
8169.0
K= 1894
4000.03434444
K= 1895
3864.03434444
K= 1896
8164.5
K= 1897
3746.9940431
K= 1898
8166.5
K= 1899
6436.08900351
K= 1900
2708.27177356
K= 1901
3834.5
K= 1902
9450.18558639
K= 1903
8166.36470588
K= 1904
1492.1957284
K= 1905
4699.45442431
K= 1906
5077.89109701
K= 1907
5066.30802358
K= 1908
5000.96787988
K= 1909
9984.08486155
K= 1910
5002.26797735
K= 1911
5322.30366979
K= 1912
4734.35260393
K= 1913
5081.6138141
K= 1914
8171.91167279
K= 1915
8157.39388203
K= 1916
8131.94251869
K= 1917
5125.65111034
K= 1918
4707.28347022
K= 1919
8168.05309053
K= 1920
3841.85714286
K= 1921
8159.68421053
K= 1922
8130.37290302
K= 1923
7623.06868887
K= 1924
4818.30158204
K= 1925
1451.96879469
K= 1926
8224.02062896
K= 1927
8165.0
K= 1928
3421.15886408
K= 1929
5160.81821786
K= 1930
37712.4755327
K= 1931
5471.70271778
K= 1932
5831.49099106
K= 1933
3620.17564767
K= 1934
8160.86956522
K= 1935
5933.79512637
K= 1936
5612.53591745
K= 1937
4773.11549348
K= 1938
4801.37028784
K= 1939
5026.72459689
K= 1940
8148.0
K= 1941
6130.29513085
K= 1942
8174.0
K= 1943
1283.19611529
K= 1944
8168.0
K= 1945
8167.75
K= 1946
5169.55183636
K= 1947
5060.86129901
K= 1948
6069.52915254
K= 1949
5477.2173005
K= 1950
8167.0
K= 1951
3927.38321512
K= 1952
4103.34463745
K= 1953
8166.77777778
K= 1954
937.275624921
K= 1955
7640.66697138
K= 1956
8161.91549296
K= 1957
4724.9673197
K= 1958
9354.70771423
K= 1959
8168.0
K= 1960
1595.99849401
K= 1961
5017.1679319
K= 1962
4917.32287359
K= 1963
4907.47343956
K= 1964
8166.3278259
K= 1965
4941.41691442
K= 1966
4103.34463745
K= 1967
5669.79128089
K= 1968
3869.76404177
K= 1969
6745.59595984
K= 1970
8069.72359125
K= 1971
18500.8941342
K= 1972
3691.67772434
K= 1973
8074.66109125
K= 1974
8167.87586207
K= 1975
8167.9
K= 1976
5486.92413951
K= 1977
8075.16027649
K= 1978
3714.02615086
K= 1979
9165.9622313
K= 1980
8136.0636784
K= 1981
5419.28906332
K= 1982
5077.9820061
K= 1983
7478.72947208
K= 1984
5926.30225864
K= 1985
4879.52264271
K= 1986
3997.85635998
K= 1987
1305.33816482
K= 1988
2686.12957473
K= 1989
8168.0
K= 1990
5718.53220539
K= 1991
8217.37083565
K= 1992
8115.28267345
K= 1993
4820.58250538
K= 1994
8166.5
K= 1995
8074.66109125
K= 1996
3620.17564767
K= 1997
4887.43620539
K= 1998
5017.04105038
K= 1999
5077.9820061
K= 2000
4804.54374425
K= 2001
8167.60634921
K= 2002
8164.80645161
K= 2003
4103.34463745
K= 2004
8166.0
K= 2005
5378.43885102
K= 2006
15474.155891
K= 2007
3861.88384697
K= 2008
8173.81880385
K= 2009
7773.71784996
K= 2010
4814.24224781
K= 2011
7671.79152218
K= 2012
4916.23701652
K= 2013
4820.45708011
K= 2014
5062.12991018
K= 2015
3927.38321512
K= 2016
7840.91357114
K= 2017
5332.71380402
K= 2018
4993.32604601
K= 2019
5000.47585143
K= 2020
5365.14275442
K= 2021
5057.46696453
K= 2022
4051.03434444
K= 2023
4923.03190102
K= 2024
5915.48596439
K= 2025
3689.90178176
K= 2026
8263.71970633
K= 2027
8153.31523703
K= 2028
5329.3986543
K= 2029
8165.33333333
K= 2030
9463.20826043
K= 2031
4795.41728167
K= 2032
32802.3441829
K= 2033
5039.96134357
K= 2034
12839.6036805
K= 2035
8165.53846154
K= 2036
18859.3814493
K= 2037
8182.3162672
K= 2038
8166.66264032
K= 2039
8167.9
K= 2040
6217.90395132
K= 2041
4103.34463745
K= 2042
10660.7545288
K= 2043
1521.74502832
K= 2044
5610.97156831
K= 2045
3984.40349011
K= 2046
4104.34463745
K= 2047
9594.42963705
K= 2048
8172.3278259
K= 2049
9937.89260463
K= 2050
5077.9820061
K= 2051
3913.72623238
K= 2052
5077.4820061
K= 2053
5077.9820061
K= 2054
5077.9820061
K= 2055
8168.0
K= 2056
8167.0
K= 2057
8160.74193548
K= 2058
9241.17560754
K= 2059
1313.16632501
K= 2060
8164.80645161
K= 2061
16274.0616547
K= 2062
4854.59346786
K= 2063
5172.34734616
K= 2064
8115.67772434
K= 2065
8167.99227137
K= 2066
5063.2299145
K= 2067
5710.56833611
K= 2068
8160.48863783
K= 2069
3956.85635998
K= 2070
7308.81110594
K= 2071
5329.3986543
K= 2072
4672.53682179
K= 2073
717.749906266
K= 2074
5077.9820061
K= 2075
8165.78947368
K= 2076
5077.9820061
K= 2077
8106.33447614
K= 2078
5440.75969088
K= 2079
8827.0
K= 2080
8171.98696813
K= 2081
4975.99444033
K= 2082
8164.66666667
K= 2083
4873.59146604
K= 2084
5555.66850858
K= 2085
4895.44042456
K= 2086
8166.5
K= 2087
38265.6723596
K= 2088
8167.84615385
K= 2089
18909.5789554
K= 2090
4990.87598745
K= 2091
8166.33333333
K= 2092
12841.6544519
K= 2093
8164.34281464
K= 2094
8119.4167366
K= 2095
9661.49478712
K= 2096
8156.92405063
K= 2097
9271.90267061
K= 2098
6063.12656821
K= 2099
3691.67772434
K= 2100
8827.0
K= 2101
8163.91549296
K= 2102
8167.91304348
K= 2103
12639.8004184
K= 2104
8066.6032222
K= 2105
8180.0
K= 2106
8167.24705882
K= 2107
8168.0
K= 2108
1499.08005127
K= 2109
5045.01100845
K= 2110
1631.73463289
K= 2111
4845.63526978
K= 2112
8827.0
K= 2113
5059.0331192
K= 2114
4786.33494604
K= 2115
8166.09333333
K= 2116
5336.61047139
K= 2117
8827.0
K= 2118
4800.19961082
K= 2119
9925.04757585
K= 2120
8168.0
K= 2121
8172.3278259
K= 2122
5331.01619127
K= 2123
8167.45454546
K= 2124
2134.22531495
K= 2125
1421.02288439
K= 2126
8827.0
K= 2127
8076.67692259
K= 2128
8168.51726715
K= 2129
6960.09782978
K= 2130
5077.9820061
K= 2131
5271.54915
K= 2132
8157.71428571
K= 2133
4712.23047322
K= 2134
4900.77771449
K= 2135
6169.34955872
K= 2136
4103.34463745
K= 2137
5483.06145634
K= 2138
6504.81089872
K= 2139
4103.34463745
K= 2140
4825.32794354
K= 2141
18656.474132
K= 2142
4103.34463745
K= 2143
4881.97234679
K= 2144
5077.9820061
K= 2145
4453.57529722
K= 2146
8157.66666667
K= 2147
5628.73890118
K= 2148
8217.8206951
K= 2149
4880.75820484
K= 2150
8168.0
K= 2151
8164.57575758
K= 2152
3865.03434444
K= 2153
3865.03434444
K= 2154
8055.66697545
K= 2155
4103.34463745
K= 2156
5077.9820061
K= 2157
5077.9820061
K= 2158
8159.68421053
K= 2159
16047.5553235
K= 2160
3856.72972973
K= 2161
23465.1793161
K= 2162
5122.44136424
K= 2163
6653.1172806
K= 2164
5915.65563857
K= 2165
8165.6
K= 2166
5328.58689144
K= 2167
8152.31523703
K= 2168
6856.32526506
K= 2169
8167.38344529
K= 2170
4747.52653621
K= 2171
8064.35702695
K= 2172
9255.27564484
K= 2173
4232.10593182
K= 2174
8165.0
K= 2175
5077.9820061
K= 2176
4933.45628326
K= 2177
5347.64251137
K= 2178
8168.0
K= 2179
4895.56542456
K= 2180
9428.70192025
K= 2181
7944.80787239
K= 2182
5506.43399056
K= 2183
4837.61947634
K= 2184
5077.9820061
K= 2185
8827.0
K= 2186
8168.0
K= 2187
5130.61194323
K= 2188
8270.87125313
K= 2189
8166.28200512
K= 2190
8778.91578607
K= 2191
1568.55035702
K= 2192
5203.97795328
K= 2193
20035.5389212
K= 2194
5188.63896522
K= 2195
8174.69436481
K= 2196
8167.79183673
K= 2197
5376.67718964
K= 2198
5317.5337562
K= 2199
5957.98157235
K= 2200
8168.4026274
K= 2201
11686.3959922
K= 2202
8827.0
K= 2203
9522.09729041
K= 2204
331.469449915
K= 2205
4690.96877636
K= 2206
3995.03434444
K= 2207
3691.67772434
K= 2208
4934.02684466
K= 2209
8163.76
K= 2210
8148.60541499
K= 2211
8166.5
K= 2212
1195.13400261
K= 2213
4103.34463745
K= 2214
8137.41213427
K= 2215
11858.4594595
K= 2216
8186.25606173
K= 2217
5050.1368529
K= 2218
4909.35479392
K= 2219
4103.34463745
K= 2220
8827.0
K= 2221
5077.9820061
K= 2222
8177.79509809
K= 2223
6063.63528348
K= 2224
22205.0958767
K= 2225
8168.0
K= 2226
5077.9820061
K= 2227
4103.34463745
K= 2228
18258.3709049
K= 2229
52962.0
K= 2230
8162.0
K= 2231
10527.3730334
K= 2232
5030.95100391
K= 2233
3755.02615086
K= 2234
8160.0
K= 2235
8168.0
K= 2236
8827.0
K= 2237
4641.30201675
K= 2238
5697.71597102
K= 2239
5323.56119908
K= 2240
5078.09815595
K= 2241
8162.0
K= 2242
4923.1141485
K= 2243
8155.39531474
K= 2244
3620.17564767
K= 2245
4767.08221269
K= 2246
4882.3854772
K= 2247
5061.80095917
K= 2248
5434.99200778
K= 2249
5403.66142809
K= 2250
8081.11516529
K= 2251
1302.58703999
K= 2252
8167.8974359
K= 2253
1851.97154558
K= 2254
4820.45635208
K= 2255
14105.760465
K= 2256
8274.61994492
K= 2257
8168.8974359
K= 2258
8168.0
K= 2259
5077.9820061
K= 2260
8827.0
K= 2261
4906.69158572
K= 2262
8169.0
K= 2263
5077.9820061
K= 2264
5355.10983139
K= 2265
4817.11448955
K= 2266
1581.03586601
K= 2267
3807.79462647
K= 2268
4757.29301705
K= 2269
5001.71553936
K= 2270
5181.7704092
K= 2271
3718.21078885
K= 2272
8151.18223734
K= 2273
3932.93972588
K= 2274
6051.81508771
K= 2275
12744.9222162
K= 2276
4712.26088678
K= 2277
8134.73490095
K= 2278
8151.77849604
K= 2279
5077.9820061
K= 2280
3733.02540824
K= 2281
8174.0
K= 2282
9147.40664364
K= 2283
5331.93548378
K= 2284
5076.89222564
K= 2285
4968.35432947
K= 2286
4736.62865449
K= 2287
8146.85483097
K= 2288
5096.08439773
K= 2289
8172.35557661
K= 2290
8168.0
K= 2291
334.30696082
K= 2292
8159.68421053
K= 2293
8172.3278259
K= 2294
3927.38321512
K= 2295
7753.44283563
K= 2296
1619.17682387
K= 2297
8168.0
K= 2298
5077.29033943
K= 2299
5378.07455328
K= 2300
8827.0
K= 2301
8167.0
K= 2302
5178.38140615
K= 2303
5472.47608664
K= 2304
8168.0
K= 2305
3691.67772434
K= 2306
4828.23491458
K= 2307
8068.90394839
K= 2308
8122.86753144
K= 2309
4668.98271169
K= 2310
8168.71428571
K= 2311
8172.3278259
K= 2312
8118.71194963
K= 2313
5077.9820061
K= 2314
3691.67772434
K= 2315
4022.65951591
K= 2316
52962.0
K= 2317
8174.36996036
K= 2318
4868.19058966
K= 2319
1984.38166756
K= 2320
4971.26527156
K= 2321
8168.85714286
K= 2322
8068.76182971
K= 2323
1033.97123362
K= 2324
4425.15341451
K= 2325
4959.08802378
K= 2326
5281.38635199
K= 2327
3691.67772434
K= 2328
3946.61262853
K= 2329
8174.0
K= 2330
5005.44580094
K= 2331
13963.3415335
K= 2332
7355.77305537
K= 2333
5023.60648658
K= 2334
5273.9961901
K= 2335
5366.08631477
K= 2336
8161.0
K= 2337
5107.16428922
K= 2338
8166.41811741
K= 2339
12794.2757716
K= 2340
5576.85966515
K= 2341
4103.34463745
K= 2342
4885.77863706
K= 2343
8214.87470517
K= 2344
3927.38321512
K= 2345
8167.85714286
K= 2346
8163.91780822
K= 2347
23229.3370579
K= 2348
8167.0
K= 2349
8167.85714286
K= 2350
8827.0
K= 2351
9387.40859622
K= 2352
5939.38499751
K= 2353
3771.72623238
K= 2354
3703.94894012
K= 2355
5077.9820061
K= 2356
8153.0
K= 2357
5077.9820061
K= 2358
21661.7603123
K= 2359
4103.34463745
K= 2360
4098.33452346
K= 2361
5077.9820061
K= 2362
3927.38321512
K= 2363
5069.07322262
K= 2364
27351.2787714
K= 2365
5700.2853955
K= 2366
5577.65966515
K= 2367
9229.01708631
K= 2368
5093.94057412
K= 2369
3734.6835741
K= 2370
5374.7468425
K= 2371
8223.37083565
K= 2372
4765.74688032
K= 2373
8096.48320064
K= 2374
5177.2296758
K= 2375
7084.38604469
K= 2376
8198.93883048
K= 2377
5172.02539525
K= 2378
4103.34463745
K= 2379
3803.71428571
K= 2380
8162.55128205
K= 2381
8168.0
K= 2382
16361.2395843
K= 2383
5077.9820061
K= 2384
4688.30783253
K= 2385
5063.15131383
K= 2386
5050.95203715
K= 2387
8764.48153503
K= 2388
5015.19525555
K= 2389
8165.55555556
K= 2390
7694.43438498
K= 2391
5077.9820061
K= 2392
4825.23882786
K= 2393
8162.87951807
K= 2394
3714.02615086
K= 2395
5077.9820061
K= 2396
8160.26059961
K= 2397
5084.15917625
K= 2398
5771.00633541
K= 2399
5421.33217835
K= 2400
8168.0
K= 2401
7353.94875178
K= 2402
8169.75609756
K= 2403
8099.69826411
K= 2404
8827.0
K= 2405
5493.67936206
K= 2406
5181.7704092
K= 2407
5211.62593094
K= 2408
3903.28981561
K= 2409
10957.7736149
K= 2410
4808.21240025
K= 2411
5396.3152322
K= 2412
4728.64073938
K= 2413
3732.61640657
K= 2414
4726.89785712
K= 2415
8164.0
K= 2416
1225.20148693
K= 2417
2438.40016717
K= 2418
12307.8570317
K= 2419
5731.48393279
K= 2420
5791.15566461
K= 2421
6644.09500329
K= 2422
4134.35133886
K= 2423
4115.12928682
K= 2424
4103.34463745
K= 2425
4531.35869783
K= 2426
8172.39044528
K= 2427
1309.48393279
K= 2428
12740.2941715
K= 2429
8075.66109125
K= 2430
8153.09274632
K= 2431
1448.31085402
K= 2432
4800.48379654
K= 2433
9346.37990802
K= 2434
9427.55945757
K= 2435
5485.74459294
K= 2436
12668.8579864
K= 2437
4016.03434444
K= 2438
8123.07400224
K= 2439
4766.48369739
K= 2440
8138.40069855
K= 2441
16331.3333333
K= 2442
5302.39833342
K= 2443
5077.9820061
K= 2444
5366.74927051
K= 2445
4638.02294277
K= 2446
4721.46234784
K= 2447
8158.89189189
K= 2448
3832.51754408
K= 2449
5407.36217513
K= 2450
8162.02913164
K= 2451
8161.1159913
K= 2452
4768.12335149
K= 2453
4284.18955137
K= 2454
5600.97346873
K= 2455
4103.34463745
K= 2456
8827.0
K= 2457
13885.1218519
K= 2458
4896.13436593
K= 2459
8204.17874193
K= 2460
5077.9820061
K= 2461
77770.4783281
K= 2462
11107.3806262
K= 2463
5344.43620334
K= 2464
8827.0
K= 2465
8167.72972973
K= 2466
8154.96670007
K= 2467
8075.66109125
K= 2468
4726.16974091
K= 2469
5050.1368529
K= 2470
8164.66666667
K= 2471
3834.28981561
K= 2472
5295.4671544
K= 2473
8103.30090955
K= 2474
9682.4152467
K= 2475
4595.73180271
K= 2476
4705.44121997
K= 2477
7348.43132513
K= 2478
4797.72360455
K= 2479
4598.03203266
K= 2480
5370.25358016
K= 2481
5709.61110255
K= 2482
3714.02615086
K= 2483
5077.9820061
K= 2484
3776.01559255
K= 2485
9697.24051938
K= 2486
8827.0
K= 2487
18299.688807
K= 2488
5323.37302984
K= 2489
5973.98727266
K= 2490
8124.79942642
K= 2491
3927.38321512
K= 2492
4700.06383564
K= 2493
5339.37040451
K= 2494
8173.0
K= 2495
5083.59554628
K= 2496
8110.54667494
K= 2497
5077.9820061
K= 2498
4103.34463745
K= 2499
5080.76544452
K= 2500
5077.9820061
K= 2501
5077.9820061
K= 2502
3836.28981561
K= 2503
5041.33125814
K= 2504
5077.9820061
K= 2505
5077.9820061
K= 2506
5025.63292897
K= 2507
5077.9820061
K= 2508
5121.13997106
K= 2509
8163.8
K= 2510
5340.64792182
K= 2511
5730.87052495
K= 2512
8168.0
K= 2513
3788.64741687
K= 2514
3960.51060934
K= 2515
8145.0
K= 2516
11775.4812161
K= 2517
6044.65354027
K= 2518
4843.46090878
K= 2519
5077.9820061
K= 2520
11100.772408
K= 2521
9086.51209614
K= 2522
4855.46759856
K= 2523
5613.97018899
K= 2524
4609.83763223
K= 2525
4999.87658625
K= 2526
3738.60768115
K= 2527
1135.40881535
K= 2528
4888.09817694
K= 2529
8168.0
K= 2530
8171.0
K= 2531
5078.09719463
K= 2532
1493.58354951
K= 2533
8164.59899334
K= 2534
9315.38213597
K= 2535
3855.0
K= 2536
3652.53627285
K= 2537
8074.66109125
K= 2538
8165.66666667
K= 2539
8163.87951807
K= 2540
5201.96162118
K= 2541
4816.60491742
K= 2542
4041.80994187
K= 2543
41328.6057349
K= 2544
3771.72623238
K= 2545
8166.8
K= 2546
8165.77777778
K= 2547
8165.33333333
K= 2548
7764.82207936
K= 2549
3822.11438611
K= 2550
8827.0
K= 2551
4103.34463745
K= 2552
8168.0
K= 2553
9684.73772395
K= 2554
4796.22131508
K= 2555
8149.05780643
K= 2556
5358.57914062
K= 2557
6605.95929671
K= 2558
5478.14521729
K= 2559
1759.8168312
K= 2560
8129.73319359
K= 2561
4834.39892154
K= 2562
5172.96205558
K= 2563
5833.64521666
K= 2564
8120.60212189
K= 2565
17654.0
K= 2566
5361.85338374
K= 2567
8168.0
K= 2568
5577.02603599
K= 2569
5607.2983199
K= 2570
3928.38321512
K= 2571
8162.88571429
K= 2572
8168.0
K= 2573
8169.0
K= 2574
4919.42612681
K= 2575
13761.0828349
K= 2576
8153.47366621
K= 2577
4079.27024369
K= 2578
8827.0
K= 2579
8441.34463745
K= 2580
8153.53393166
K= 2581
14564.0151659
K= 2582
5057.94039858
K= 2583
6552.4626
K= 2584
5146.70762395
K= 2585
4542.95603409
K= 2586
8826.0
K= 2587
3867.99540886
K= 2588
9679.88530638
K= 2589
8034.84927
K= 2590
5471.62422126
K= 2591
8151.0
K= 2592
5947.39322769
K= 2593
5135.1320507
K= 2594
5077.9820061
K= 2595
6629.18114583
K= 2596
3927.38321512
K= 2597
1327.89137737
K= 2598
8074.66109125
K= 2599
3843.75
K= 2600
8151.63170814
K= 2601
8157.50129977
K= 2602
8745.08638733
K= 2603
8165.42857143
K= 2604
3092.4098423
K= 2605
2511.65643206
K= 2606
7928.68397433
K= 2607
4103.34463745
K= 2608
10398.1712981
K= 2609
6828.85308802
K= 2610
8154.91304348
K= 2611
5934.49703499
K= 2612
5024.75383752
K= 2613
11460.9678656
K= 2614
8166.91304348
K= 2615
3714.02615086
K= 2616
4683.69407984
K= 2617
3714.02615086
K= 2618
5100.40828702
K= 2619
8827.0
K= 2620
8167.91549296
K= 2621
7888.04954476
K= 2622
4738.06563161
K= 2623
5569.39821718
K= 2624
5000.43905568
K= 2625
8166.5
K= 2626
8167.75
K= 2627
8224.34702837
K= 2628
9304.74830874
K= 2629
9595.01412509
K= 2630
8167.0
K= 2631
5630.13082458
K= 2632
1428.02847382
K= 2633
8827.0
K= 2634
8166.5
K= 2635
8163.8
K= 2636
8165.77777778
K= 2637
8160.91304348
K= 2638
8121.90701297
K= 2639
3927.38321512
K= 2640
5077.9820061
K= 2641
4103.34463745
K= 2642
8153.42479493
K= 2643
5121.42032672
K= 2644
8174.69436481
K= 2645
1225.9180349
K= 2646
4729.05657638
K= 2647
3867.03434444
K= 2648
5369.24374659
K= 2649
8152.85177818
K= 2650
8162.71428571
K= 2651
5329.3986543
K= 2652
12635.4207975
K= 2653
5069.61000388
K= 2654
8162.72727273
K= 2655
9219.30578293
K= 2656
8160.0
K= 2657
5609.28742067
K= 2658
2344.79744876
K= 2659
3736.11914
K= 2660
8165.88571429
K= 2661
6263.97267611
K= 2662
3927.38321512
K= 2663
9139.2038225
K= 2664
5938.55044869
K= 2665
8160.45167915
K= 2666
5521.13046548
K= 2667
6169.34955872
K= 2668
4953.80971899
K= 2669
3728.34090883
K= 2670
4923.34135462
K= 2671
5405.90355541
K= 2672
8827.0
K= 2673
8168.72972973
K= 2674
5374.41941443
K= 2675
5424.15948086
K= 2676
3282.2296916
K= 2677
4570.02958704
K= 2678
3927.38321512
K= 2679
7813.23384025
K= 2680
8167.85714286
K= 2681
5613.97018899
K= 2682
9238.40144489
K= 2683
4103.34463745
K= 2684
4103.34463745
K= 2685
4978.27932712
K= 2686
3771.72623238
K= 2687
4103.34463745
K= 2688
9838.83692209
K= 2689
8168.72972973
K= 2690
8153.28523366
K= 2691
8164.68421053
K= 2692
3691.67772434
K= 2693
2874.30167658
K= 2694
8169.68421053
K= 2695
3871.72972973
K= 2696
9759.29574525
K= 2697
8153.76579054
K= 2698
5339.37040451
K= 2699
5370.01811448
K= 2700
5077.62486324
K= 2701
8161.48551701
K= 2702
5132.80170839
K= 2703
5996.10990144
K= 2704
3830.79200124
K= 2705
4829.9762532
K= 2706
5358.28289877
K= 2707
4049.03434444
K= 2708
3936.03793723
K= 2709
5077.9820061
K= 2710
11109.3370172
K= 2711
3694.28981561
K= 2712
5674.14626239
K= 2713
4850.58446181
K= 2714
4822.06638407
K= 2715
9488.80503459
K= 2716
3620.17564767
K= 2717
3865.03434444
K= 2718
13802.2750673
K= 2719
4854.70201379
K= 2720
3927.38321512
K= 2721
8140.16339457
K= 2722
8201.20498059
K= 2723
8167.90728477
K= 2724
3771.72623238
K= 2725
8233.20708142
K= 2726
5555.66850858
K= 2727
8159.0
K= 2728
4863.70149436
K= 2729
8171.55074931
K= 2730
8123.41630094
K= 2731
8160.74193548
K= 2732
8159.72222222
K= 2733
4634.16288229
K= 2734
3620.17564767
K= 2735
8168.0
K= 2736
8139.9
K= 2737
5077.9820061
K= 2738
7355.12556888
K= 2739
5552.75096472
K= 2740
8075.66109125
K= 2741
14394.9324098
K= 2742
4804.60191953
K= 2743
5077.9820061
K= 2744
13750.6720191
K= 2745
36991.7495435
K= 2746
4103.34463745
K= 2747
6013.26332946
K= 2748
8168.72972973
K= 2749
8165.53846154
K= 2750
9485.89322142
K= 2751
5077.9820061
K= 2752
5077.9820061
K= 2753
5945.59335003
K= 2754
8183.95132052
K= 2755
3594.85120147
K= 2756
8162.07585702
K= 2757
19389.4396371
K= 2758
8232.43546116
K= 2759
8827.0
K= 2760
7789.87998996
K= 2761
5410.83869082
K= 2762
8172.0
K= 2763
3967.53362998
K= 2764
3706.28981561
K= 2765
4926.59670488
K= 2766
8167.0
K= 2767
8170.0
K= 2768
4875.52925405
K= 2769
3833.0
K= 2770
12643.2497705
K= 2771
3831.75
K= 2772
4887.00343432
K= 2773
4786.94697163
K= 2774
4831.29811554
K= 2775
8827.0
K= 2776
4633.46322471
K= 2777
2239.11509554
K= 2778
8167.80392157
K= 2779
3838.0
K= 2780
5134.30609914
K= 2781
5407.36544394
K= 2782
5993.96621344
K= 2783
4883.19473177
K= 2784
8160.5
K= 2785
8159.64841773
K= 2786
5077.9820061
K= 2787
8791.00394326
K= 2788
10194.7251504
K= 2789
4589.87466337
K= 2790
5001.75798416
K= 2791
8168.0
K= 2792
5958.90464928
K= 2793
6151.79683309
K= 2794
5356.18495874
K= 2795
5077.9820061
K= 2796
3499.69495634
K= 2797
18913.4931673
K= 2798
4685.25652875
K= 2799
27839.7867823
K= 2800
5315.72211205
K= 2801
8164.88337693
K= 2802
8166.63636364
K= 2803
9105.62178824
K= 2804
4103.34463745
K= 2805
4801.71094265
K= 2806
5077.9820061
K= 2807
5184.76893379
K= 2808
5105.45589632
K= 2809
5229.4426412
K= 2810
3691.67772434
K= 2811
5448.33970303
K= 2812
2634.75735522
K= 2813
1335.35447739
K= 2814
6821.25203847
K= 2815
4103.34463745
K= 2816
4662.69560661
K= 2817
8125.2209481
K= 2818
17110.0
K= 2819
5393.7667567
K= 2820
3969.96695807
K= 2821
8155.33649121
K= 2822
7827.80438529
K= 2823
8143.59879475
K= 2824
6386.45216256
K= 2825
8140.24223114
K= 2826
457.27629332
K= 2827
3924.72623238
K= 2828
4987.28297672
K= 2829
4824.04479841
K= 2830
3927.38321512
K= 2831
4103.34463745
K= 2832
5939.38499751
K= 2833
4797.72360455
K= 2834
5340.92403206
K= 2835
8827.0
K= 2836
24481.5
K= 2837
3731.05956571
K= 2838
8166.5
K= 2839
8164.0
K= 2840
4772.38377577
K= 2841
8160.5
K= 2842
8166.36539022
K= 2843
8068.99879488
K= 2844
5013.01314531
K= 2845
5875.20442364
K= 2846
7762.23375823
K= 2847
5519.59075196
K= 2848
14088.1145901
K= 2849
981.44195893
K= 2850
4844.56607068
K= 2851
8218.33846997
K= 2852
8148.66954204
K= 2853
8168.0
K= 2854
5299.12416677
K= 2855
3934.0744371
K= 2856
9380.06225988
K= 2857
5943.88688872
K= 2858
8164.0
K= 2859
4678.69459412
K= 2860
7932.35332693
K= 2861
10181.9780585
K= 2862
3693.75677289
K= 2863
8166.15640637
K= 2864
5467.92427423
K= 2865
7521.89230769
K= 2866
8167.9
K= 2867
8080.54512062
K= 2868
2931.26265815
K= 2869
32215.5857692
K= 2870
4896.93530342
K= 2871
8170.77777778
K= 2872
8172.0
K= 2873
8169.0
K= 2874
5555.66850858
K= 2875
8185.87560993
K= 2876
5077.9820061
K= 2877
5077.9820061
K= 2878
5077.31533943
K= 2879
5102.31515641
K= 2880
5555.66850858
K= 2881
8168.0
K= 2882
8146.13297188
K= 2883
8166.82329245
K= 2884
8114.69856179
K= 2885
4402.36599404
K= 2886
5555.66850858
K= 2887
8118.29580643
K= 2888
5605.5044338
K= 2889
5126.18702179
K= 2890
4715.82789955
K= 2891
5326.11749609
K= 2892
5077.9820061
K= 2893
1321.51976865
K= 2894
4103.34463745
K= 2895
7877.85482148
K= 2896
16323.6363636
K= 2897
8165.89189189
K= 2898
6408.85191932
K= 2899
2139.84223699
K= 2900
7770.75116398
K= 2901
7300.65847421
K= 2902
7829.67947073
K= 2903
5555.66850858
K= 2904
5077.9820061
K= 2905
3652.53627285
K= 2906
8167.85714286
K= 2907
8602.00786444
K= 2908
8160.5085382
K= 2909
3692.67772434
K= 2910
12610.1257628
K= 2911
4807.05866617
K= 2912
8152.71719107
K= 2913
4877.40435433
K= 2914
3927.38321512
K= 2915
3691.67772434
K= 2916
5302.37819327
K= 2917
8043.18614658
K= 2918
8166.0
K= 2919
9005.63551889
K= 2920
5077.9820061
K= 2921
8827.0
K= 2922
8163.0
K= 2923
5077.9820061
K= 2924
19700.8757375
K= 2925
6386.84460991
K= 2926
11690.3697055
K= 2927
8163.5
K= 2928
8153.0
K= 2929
4937.22860128
K= 2930
6310.76073474
K= 2931
2022.95769626
K= 2932
5077.9820061
K= 2933
8168.72972973
K= 2934
5131.7312266
K= 2935
4795.13757197
K= 2936
2068.87527835
K= 2937
5405.54887362
K= 2938
5619.37193022
K= 2939
4934.46403584
K= 2940
5148.80209133
K= 2941
6919.06591466
K= 2942
27811.6765817
K= 2943
4990.67504146
K= 2944
5066.4596682
K= 2945
3897.02615086
K= 2946
8167.85714286
K= 2947
3856.72972973
K= 2948
5357.13957778
K= 2949
5077.9820061
K= 2950
4103.34463745
K= 2951
10606.9921105
K= 2952
8141.42792841
K= 2953
7790.62998996
K= 2954
3839.0
K= 2955
5196.243748
K= 2956
4103.34463745
K= 2957
4110.11583503
K= 2958
8168.0
K= 2959
5733.13920904
K= 2960
3858.85714286
K= 2961
8164.47402597
K= 2962
5077.9820061
K= 2963
8005.88084459
K= 2964
8164.1011456
K= 2965
4933.34051696
K= 2966
8174.72969734
K= 2967
10153.9640122
K= 2968
3250.70323234
K= 2969
6145.59128206
K= 2970
8168.0
K= 2971
8169.73333333
K= 2972
4103.34463745
K= 2973
5011.64626109
K= 2974
4824.68019459
K= 2975
5099.47587711
K= 2976
8137.91780822
K= 2977
8151.72768003
K= 2978
3835.68586295
K= 2979
5077.9820061
K= 2980
5016.71314741
K= 2981
3835.5
K= 2982
5077.9820061
K= 2983
5415.8690443
K= 2984
5262.42590788
K= 2985
3837.28981561
K= 2986
4910.53611212
K= 2987
8174.69436481
K= 2988
8277.38321512
K= 2989
3927.38321512
K= 2990
8158.31216931
K= 2991
4103.34463745
K= 2992
4802.07504413
K= 2993
5317.5337562
K= 2994
18332.2331663
K= 2995
5317.5337562
K= 2996
8016.38132933
K= 2997
1583.12007721
K= 2998
8429.08283815
K= 2999
5389.00886905
K= 3000
4608.00108271
K= 3001
8166.46705882
K= 3002
9205.63071585
K= 3003
4791.44911853
K= 3004
8165.13333333
K= 3005
8135.28959601
K= 3006
5311.5589685
K= 3007
3927.38321512
K= 3008
13896.1299007
K= 3009
5875.63696208
K= 3010
8115.67772434
K= 3011
8160.62318841
K= 3012
8166.02540824
K= 3013
4753.0179664
K= 3014
5077.89109701
K= 3015
8171.0
K= 3016
8168.0
K= 3017
4910.65791655
K= 3018
5481.68857963
K= 3019
8162.81818182
K= 3020
5357.13957778
K= 3021
3851.68421053
K= 3022
4999.54907829
K= 3023
8166.0
K= 3024
8167.80952381
K= 3025
1800.81413066
K= 3026
6061.80195015
K= 3027
8416.08531715
K= 3028
4737.93968539
K= 3029
4103.34463745
K= 3030
3743.75
K= 3031
8163.0
K= 3032
9908.58934049
K= 3033
14021.8231998
K= 3034
5709.83913981
K= 3035
5366.8180231
K= 3036
8218.16939249
K= 3037
8827.0
K= 3038
5344.43620334
K= 3039
5041.31392352
K= 3040
5310.12047996
K= 3041
3927.38321512
K= 3042
8170.84
K= 3043
3927.38321512
K= 3044
3913.72623238
K= 3045
4653.78214307
K= 3046
4723.32187074
K= 3047
9225.66739735
K= 3048
4889.99033923
K= 3049
5199.64527259
K= 3050
8153.71119783
K= 3051
9308.17181159
K= 3052
5077.9820061
K= 3053
8211.19425967
K= 3054
5080.33303971
K= 3055
8168.0
K= 3056
5077.9820061
K= 3057
4103.34463745
K= 3058
8166.01392982
K= 3059
5077.9820061
K= 3060
5077.9820061
K= 3061
8165.66666667
K= 3062
1128.78564192
K= 3063
8166.8
K= 3064
8168.0
K= 3065
4103.34463745
K= 3066
8166.75
K= 3067
4964.54453881
K= 3068
4791.85612059
K= 3069
8125.17418084
K= 3070
8170.0
K= 3071
5389.47444038
K= 3072
8168.0
K= 3073
8827.0
K= 3074
8827.0
K= 3075
9190.91883324
K= 3076
4894.65255842
K= 3077
1676.3911879
K= 3078
8168.0
K= 3079
3620.17564767
K= 3080
5015.58408822
K= 3081
5720.61022189
K= 3082
4946.33345082
K= 3083
8234.00708094
K= 3084
4103.34463745
K= 3085
5255.38626651
K= 3086
5064.44668684
K= 3087
5239.29922475
K= 3088
5555.66850858
K= 3089
8227.78590505
K= 3090
1909.37209574
K= 3091
3620.17564767
K= 3092
3694.28981561
K= 3093
5399.79414344
K= 3094
8075.66109125
K= 3095
5551.62154504
K= 3096
5125.23022671
K= 3097
5353.75421615
K= 3098
5077.9820061
K= 3099
18810.7107841
K= 3100
4912.34433495
K= 3101
11104.0158593
K= 3102
8160.1204919
K= 3103
8198.46233477
K= 3104
4985.40949544
K= 3105
5077.9820061
K= 3106
5532.42375103
K= 3107
8153.3278259
K= 3108
8166.77777778
K= 3109
5075.87088353
K= 3110
8178.80916089
K= 3111
8827.0
K= 3112
4103.34463745
K= 3113
3977.0
K= 3114
9539.60185099
K= 3115
5340.82403206
K= 3116
5224.04644432
K= 3117
8121.05556177
K= 3118
52962.0
K= 3119
5552.26498041
K= 3120
4764.89615885
K= 3121
8166.36470588
K= 3122
4777.74242971
K= 3123
8167.0
K= 3124
52962.0
K= 3125
8169.0
K= 3126
8164.10451175
K= 3127
494.698710678
K= 3128
3713.61377009
K= 3129
19469.3761878
K= 3130
8170.0
K= 3131
1749.00834765
K= 3132
1716.71134639
K= 3133
18238.9577357
K= 3134
4653.8118935
K= 3135
7973.04113754
K= 3136
5919.63528041
K= 3137
5345.40631673
K= 3138
3907.03434444
K= 3139
8168.0
K= 3140
8114.68737791
K= 3141
5077.9820061
K= 3142
4926.52787104
K= 3143
3927.41071794
K= 3144
5623.6917188
K= 3145
5148.11547611
K= 3146
8075.66109125
K= 3147
4103.34463745
K= 3148
4999.20523441
K= 3149
6552.02052645
K= 3150
5329.45272094
K= 3151
8165.0
K= 3152
8066.01054777
K= 3153
7874.48582589
K= 3154
3865.03434444
K= 3155
8169.0
K= 3156
5077.9820061
K= 3157
7512.12188986
K= 3158
5114.28299094
K= 3159
2884.86060026
K= 3160
8136.21928075
K= 3161
5341.95795341
K= 3162
4982.09740736
K= 3163
8161.81818182
K= 3164
4930.7688056
K= 3165
4050.53611528
K= 3166
8169.0
K= 3167
9862.34616601
K= 3168
8827.0
K= 3169
4638.2395192
K= 3170
8166.6
K= 3171
853.429188512
K= 3172
5632.59452972
K= 3173
8827.0
K= 3174
9547.10362067
K= 3175
5336.1116303
K= 3176
4008.03434444
K= 3177
5819.36849179
K= 3178
9590.63975263
K= 3179
5354.29989239
K= 3180
7931.98895647
K= 3181
3865.03434444
K= 3182
5337.50552124
K= 3183
8168.72972973
K= 3184
1871.32099801
K= 3185
6408.85557368
K= 3186
5274.1549315
K= 3187
4664.14283367
K= 3188
4828.53546655
K= 3189
4667.12012165
K= 3190
4657.9745702
K= 3191
8827.0
K= 3192
7567.66988237
K= 3193
8166.0
K= 3194
4943.99863196
K= 3195
3620.17564767
K= 3196
8173.86033495
K= 3197
12517.0
K= 3198
4671.13975527
K= 3199
8164.48178138
K= 3200
4856.10640426
K= 3201
5507.39178884
K= 3202
3652.53627285
K= 3203
5471.04874107
K= 3204
5549.59229454
K= 3205
3694.67772434
K= 3206
4103.34463745
K= 3207
9664.78083805
K= 3208
3865.03434444
K= 3209
8827.0
K= 3210
11344.1973665
K= 3211
8168.0
K= 3212
11108.9370172
K= 3213
4103.34463745
K= 3214
8169.84126984
K= 3215
8167.5952381
K= 3216
1759.40892738
K= 3217
4103.34463745
K= 3218
4697.2150014
K= 3219
5323.55640637
K= 3220
4685.87252781
K= 3221
8141.01162216
K= 3222
3940.2506616
K= 3223
1323.15812438
K= 3224
27821.8033473
K= 3225
5257.75621344
K= 3226
8154.41316379
K= 3227
8826.0
K= 3228
52962.0
K= 3229
5514.44623962
K= 3230
5254.1066001
K= 3231
8164.81818182
K= 3232
6213.43185503
K= 3233
8166.77777778
K= 3234
8165.47402597
K= 3235
69102.4279457
K= 3236
8827.0
K= 3237
5110.75375425
K= 3238
5939.38499751
K= 3239
4944.22710845
K= 3240
8168.0
K= 3241
5158.43885835
K= 3242
36484.683923
K= 3243
7463.98598239
K= 3244
3620.17564767
K= 3245
8165.27667019
K= 3246
31799.5861563
K= 3247
4103.34463745
K= 3248
3694.28981561
K= 3249
3742.80608295
K= 3250
5483.06145634
K= 3251
8069.75200034
K= 3252
5448.7363697
K= 3253
5355.10983139
K= 3254
3652.53627285
K= 3255
9584.78936958
K= 3256
4882.87373379
K= 3257
5077.9820061
K= 3258
11181.3465075
K= 3259
5043.23619879
K= 3260
4642.31029132
K= 3261
3620.17564767
K= 3262
5467.31618347
K= 3263
8167.87586207
K= 3264
7639.02970646
K= 3265
52962.0
K= 3266
5480.29768645
K= 3267
2078.49765996
K= 3268
4882.79864279
K= 3269
5314.59902419
K= 3270
8827.0
K= 3271
4603.96642908
K= 3272
3927.38321512
K= 3273
8167.8974359
K= 3274
8110.53642797
K= 3275
4103.34463745
K= 3276
8129.56968839
K= 3277
4858.52970829
K= 3278
4914.08462496
K= 3279
4810.34757801
K= 3280
1601.56369838
K= 3281
5077.9820061
K= 3282
8094.8383123
K= 3283
9361.28776457
K= 3284
8166.66666667
K= 3285
9467.75925668
K= 3286
5696.5531473
K= 3287
3865.03434444
K= 3288
8139.23382158
K= 3289
8164.0
K= 3290
4897.54691865
K= 3291
9203.13946645
K= 3292
1321.51976865
K= 3293
4879.25596304
K= 3294
6228.10179508
K= 3295
8223.37083565
K= 3296
8164.7254902
K= 3297
8155.86382961
K= 3298
8159.26140873
K= 3299
5077.6070061
K= 3300
4659.17200134
K= 3301
5556.72805976
K= 3302
4103.34463745
K= 3303
5077.9820061
K= 3304
14520.8566104
K= 3305
8163.71428571
K= 3306
5345.14539009
K= 3307
8164.64529694
K= 3308
5554.00896121
K= 3309
8166.6
K= 3310
5400.66771596
K= 3311
5553.27347004
K= 3312
5078.32169998
K= 3313
4088.81136944
K= 3314
8166.5
K= 3315
5191.06684096
K= 3316
8201.05630399
K= 3317
4933.94992158
K= 3318
3714.02615086
K= 3319
5563.04089318
K= 3320
4817.14475763
K= 3321
8160.84210526
K= 3322
4103.34463745
K= 3323
4875.26908411
K= 3324
9284.25480362
K= 3325
4848.73435391
K= 3326
4853.97841655
K= 3327
17631.2275323
K= 3328
4843.50534732
K= 3329
4825.15516723
K= 3330
4886.42771942
K= 3331
7941.00787239
K= 3332
8166.77777778
K= 3333
5915.75679772
K= 3334
5077.89109701
K= 3335
3865.03434444
K= 3336
18427.3166219
K= 3337
8153.0
K= 3338
3941.31997519
K= 3339
16320.3175592
K= 3340
5218.10664667
K= 3341
3965.0
K= 3342
8827.0
K= 3343
11476.9280169
K= 3344
5378.20275841
K= 3345
8126.763813
K= 3346
8092.26071427
K= 3347
4682.11168497
K= 3348
8132.0
K= 3349
17654.0
K= 3350
8161.82355976
K= 3351
5391.88387035
K= 3352
36437.3157801
K= 3353
5077.9820061
K= 3354
17654.0
K= 3355
5016.88128892
K= 3356
5071.22980435
K= 3357
13723.8922288
K= 3358
3856.02615086
K= 3359
25209.7785246
K= 3360
3800.71676921
K= 3361
8165.5
K= 3362
5477.78872907
K= 3363
8168.04244312
K= 3364
4103.34463745
K= 3365
4103.34463745
K= 3366
5077.9820061
K= 3367
8163.75
K= 3368
5165.57011334
K= 3369
5036.20524039
K= 3370
3714.02615086
K= 3371
8158.33992095
K= 3372
4744.61178539
K= 3373
8165.0
K= 3374
5613.97018899
K= 3375
3934.22685573
K= 3376
5540.56842051
K= 3377
8168.0
K= 3378
6379.46782267
K= 3379
3865.03434444
K= 3380
5083.59554628
K= 3381
3714.02615086
K= 3382
3928.38321512
K= 3383
4103.34463745
K= 3384
8159.16531896
K= 3385
8129.57480689
K= 3386
3691.67772434
K= 3387
4103.34463745
K= 3388
4103.34463745
K= 3389
8162.0
K= 3390
4790.88779131
K= 3391
7871.99552492
K= 3392
8223.30149146
K= 3393
8166.67164179
K= 3394
6169.34955872
K= 3395
3771.72623238
K= 3396
8087.2330337
K= 3397
4103.34463745
K= 3398
8122.24352932
K= 3399
8154.28959601
K= 3400
8827.0
K= 3401
8827.0
K= 3402
8159.81818182
K= 3403
8167.68774704
K= 3404
8165.6
K= 3405
1595.29765648
K= 3406
1480.10608828
K= 3407
8170.0884002
K= 3408
5329.77443605
K= 3409
4770.77141453
K= 3410
8164.66666667
K= 3411
4851.86537953
K= 3412
5173.92380552
K= 3413
5034.76940508
K= 3414
8168.0
K= 3415
4620.88221263
K= 3416
7778.26277385
K= 3417
4764.17077245
K= 3418
5077.9820061
K= 3419
5085.18745274
K= 3420
5100.13526573
K= 3421
4645.48234693
K= 3422
8150.8974359
K= 3423
5077.9820061
K= 3424
8170.84
K= 3425
8060.4275984
K= 3426
8170.0
K= 3427
4712.77641242
K= 3428
5558.1354398
K= 3429
4662.28292844
K= 3430
3691.67772434
K= 3431
4888.96834402
K= 3432
8166.6
K= 3433
5389.47444038
K= 3434
4886.13084943
K= 3435
6167.64685602
K= 3436
7299.99180754
K= 3437
8154.40645161
K= 3438
5709.61110255
K= 3439
4103.34463745
K= 3440
4103.34463745
K= 3441
7414.540214
K= 3442
5077.9820061
K= 3443
4996.75037707
K= 3444
8827.0
K= 3445
8168.0
K= 3446
8827.0
K= 3447
5609.78783132
K= 3448
8105.36499738
K= 3449
4843.9174738
K= 3450
5947.24001131
K= 3451
8827.0
K= 3452
9636.88834599
K= 3453
5077.81533943
K= 3454
8060.495111
K= 3455
5577.65966515
K= 3456
5555.66850858
K= 3457
5339.74382808
K= 3458
4103.34463745
K= 3459
5077.9820061
K= 3460
3691.67772434
K= 3461
5077.9820061
K= 3462
8165.81395349
K= 3463
8202.05630399
K= 3464
4956.17384059
K= 3465
5141.12418715
K= 3466
5276.59321031
K= 3467
6930.02101751
K= 3468
2357.89282579
K= 3469
4103.34463745
K= 3470
13569.1788328
K= 3471
4873.92483173
K= 3472
8164.88571429
K= 3473
8169.68421053
K= 3474
5023.53276107
K= 3475
4103.34463745
K= 3476
8165.72561537
K= 3477
5167.0873394
K= 3478
5098.78406753
K= 3479
4806.63650014
K= 3480
3714.02615086
K= 3481
8160.13066879
K= 3482
8159.0
K= 3483
5424.63954065
K= 3484
5011.5284041
K= 3485
4966.2525253
K= 3486
5090.4673371
K= 3487
3927.38321512
K= 3488
3927.38321512
K= 3489
5077.9820061
K= 3490
7930.48822734
K= 3491
22941.5811616
K= 3492
8827.0
K= 3493
17245.3337871
K= 3494
8827.0
K= 3495
8167.85714286
K= 3496
8158.43623229
K= 3497
8181.20916089
K= 3498
5125.39632725
K= 3499
5239.06546916
K= 3500
4910.42765578
K= 3501
3851.68421053
K= 3502
4103.34463745
K= 3503
3865.03434444
K= 3504
8192.04722236
K= 3505
8167.8974359
K= 3506
3865.03434444
K= 3507
3833.2118294
K= 3508
5012.11620565
K= 3509
5077.89109701
K= 3510
8167.34920635
K= 3511
5940.13611486
K= 3512
4103.34463745
K= 3513
5420.63223058
K= 3514
4657.27210672
K= 3515
5173.41166106
K= 3516
6169.34955872
K= 3517
1398.48725147
K= 3518
9170.11843975
K= 3519
4841.86757248
K= 3520
4744.90324982
K= 3521
4103.34463745
K= 3522
5077.9820061
K= 3523
4103.34463745
K= 3524
5669.27788363
K= 3525
5083.21170344
K= 3526
5045.84760701
K= 3527
8167.82857143
K= 3528
5122.15061909
K= 3529
3927.38321512
K= 3530
4071.8520871
K= 3531
8236.7813659
K= 3532
8164.77777778
K= 3533
5571.91360944
K= 3534
5948.72656102
K= 3535
2540.03457496
K= 3536
5077.9820061
K= 3537
3927.38321512
K= 3538
5448.7363697
K= 3539
8175.84843743
K= 3540
10832.417197
K= 3541
8143.0
K= 3542
10092.6812833
K= 3543
6751.87399095
K= 3544
8827.0
K= 3545
8034.1279015
K= 3546
8827.0
K= 3547
4103.34463745
K= 3548
4893.5483344
K= 3549
5077.9820061
K= 3550
3927.38321512
K= 3551
5142.02560002
K= 3552
5677.05850884
K= 3553
5077.9820061
K= 3554
8161.48447255
K= 3555
5077.9820061
K= 3556
8172.0
K= 3557
5708.08357576
K= 3558
9692.54626999
K= 3559
8034.30147126
K= 3560
4677.64745485
K= 3561
4750.34710306
K= 3562
4940.16577998
K= 3563
8163.76
K= 3564
9253.64073564
K= 3565
8167.53846154
K= 3566
4964.82756096
K= 3567
8165.0
K= 3568
8139.3627807
K= 3569
8169.0
K= 3570
4103.34463745
K= 3571
4103.34463745
K= 3572
8075.66109125
K= 3573
8167.0
K= 3574
4013.30843559
K= 3575
8165.71428571
K= 3576
4103.34463745
K= 3577
4851.82278764
K= 3578
8163.83012821
K= 3579
6017.90326026
K= 3580
8167.91780822
K= 3581
32888.9923978
K= 3582
8164.71428571
K= 3583
3691.67772434
K= 3584
8075.66109125
K= 3585
6386.84460991
K= 3586
3932.73411672
K= 3587
8168.0
K= 3588
4757.6633941
K= 3589
5169.56879841
K= 3590
7253.57948637
K= 3591
12634.0
K= 3592
8827.0
K= 3593
8177.59559232
K= 3594
5329.70679325
K= 3595
3872.0
K= 3596
5021.6249706
K= 3597
8097.42437711
K= 3598
4103.34463745
K= 3599
5098.38549287
K= 3600
5458.50723052
K= 3601
4791.89439839
K= 3602
7789.78187476
K= 3603
3893.42275926
K= 3604
8174.68753004
K= 3605
8149.09710849
K= 3606
3907.03434444
K= 3607
2543.03154539
K= 3608
8827.0
K= 3609
14112.8337329
K= 3610
8827.0
K= 3611
3743.28981561
K= 3612
3726.47893309
K= 3613
8126.33573422
K= 3614
5473.1355838
K= 3615
8162.0
K= 3616
9326.39305712
K= 3617
3927.38321512
K= 3618
5073.20193789
K= 3619
8153.3197122
K= 3620
5166.31994949
K= 3621
4885.06873688
K= 3622
5207.70760499
K= 3623
6406.60137193
K= 3624
8163.0
K= 3625
4629.19770892
K= 3626
8170.79043124
K= 3627
8166.5
K= 3628
7142.76027945
K= 3629
3818.91304348
K= 3630
4638.27518739
K= 3631
8148.99873454
K= 3632
8165.87951807
K= 3633
4734.36940291
K= 3634
8168.0
K= 3635
5077.9820061
K= 3636
5453.60626506
K= 3637
5422.00651377
K= 3638
4649.09143597
K= 3639
8168.0
K= 3640
5558.98916965
K= 3641
4591.39651075
K= 3642
3115.56657179
K= 3643
3865.03434444
K= 3644
5092.32488299
K= 3645
5397.46853513
K= 3646
3718.98204257
K= 3647
9866.7148999
K= 3648
5731.48393279
K= 3649
8162.04688858
K= 3650
8166.5
K= 3651
8163.79591837
K= 3652
8168.0
K= 3653
2315.65735175
K= 3654
3878.75609756
K= 3655
3691.67772434
K= 3656
3805.0
K= 3657
8162.81818182
K= 3658
8005.99829652
K= 3659
5557.16404592
K= 3660
4103.34463745
K= 3661
4867.55829539
K= 3662
5079.29671498
K= 3663
3652.53627285
K= 3664
8170.66868036
K= 3665
4984.92343494
K= 3666
5115.09967432
K= 3667
8125.67672407
K= 3668
8827.0
K= 3669
4720.69590107
K= 3670
18377.4290814
K= 3671
3858.03434444
K= 3672
8157.8974359
K= 3673
4103.34463745
K= 3674
4997.31085208
K= 3675
5472.60108664
K= 3676
8087.85665562
K= 3677
4643.69562425
K= 3678
8168.0
K= 3679
12877.478802
K= 3680
5039.47048272
K= 3681
5011.09725379
K= 3682
4479.06715412
K= 3683
7862.46754507
K= 3684
13742.5974445
K= 3685
6169.34955872
K= 3686
5353.07227775
K= 3687
8104.50020227
K= 3688
4103.34463745
K= 3689
5198.37845514
K= 3690
13073.9011583
K= 3691
8168.85714286
K= 3692
8109.06392031
K= 3693
5353.00009362
K= 3694
9234.6069709
K= 3695
5676.01782509
K= 3696
3939.31852068
K= 3697
3714.02615086
K= 3698
8169.81818182
K= 3699
4771.61061165
K= 3700
3822.44112264
K= 3701
7931.98534318
K= 3702
5554.71396313
K= 3703
5149.7323447
K= 3704
5095.17878888
K= 3705
8168.0
K= 3706
5901.68750133
K= 3707
5939.38499751
K= 3708
4831.15687879
K= 3709
4645.95046295
K= 3710
8019.37138326
K= 3711
4924.70593842
K= 3712
8166.0
K= 3713
4721.95467025
K= 3714
12621.3614119
K= 3715
3946.98887548
K= 3716
9428.43380421
K= 3717
8173.85793028
K= 3718
4806.43280223
K= 3719
8827.0
K= 3720
23770.7271327
K= 3721
5095.70339854
K= 3722
8231.47420614
K= 3723
8110.59368534
K= 3724
3963.70927777
K= 3725
8162.71428571
K= 3726
8168.0
K= 3727
5417.8441625
K= 3728
7809.00260526
K= 3729
12613.3965233
K= 3730
5273.9961901
K= 3731
4754.98462701
K= 3732
10369.1566719
K= 3733
5607.23833503
K= 3734
8165.71428571
K= 3735
8159.87951807
K= 3736
8157.87700684
K= 3737
3955.26563698
K= 3738
8111.32413791
K= 3739
8827.0
K= 3740
8167.71428571
K= 3741
5077.9820061
K= 3742
4749.45655697
K= 3743
5471.13341747
K= 3744
9289.99586286
K= 3745
5395.47258983
K= 3746
5958.69412296
K= 3747
1993.99554725
K= 3748
4869.2476737
K= 3749
8165.92405063
K= 3750
5138.70682491
K= 3751
5077.9820061
K= 3752
4820.86692585
K= 3753
2321.28982813
K= 3754
6393.71340461
K= 3755
3820.41428571
K= 3756
4648.54233984
K= 3757
4968.35432947
K= 3758
8827.0
K= 3759
1321.51976865
K= 3760
8750.56872799
K= 3761
5077.64867277
K= 3762
41466.1010463
K= 3763
8187.50902898
K= 3764
4103.34463745
K= 3765
9075.97366908
K= 3766
3865.03434444
K= 3767
3691.67772434
K= 3768
2419.72316516
K= 3769
8165.53105965
K= 3770
5340.50765389
K= 3771
4934.8249142
K= 3772
4927.87233693
K= 3773
3771.72623238
K= 3774
5948.72656102
K= 3775
5414.72287065
K= 3776
4894.96444701
K= 3777
5100.88844464
K= 3778
8167.12682165
K= 3779
5405.99230796
K= 3780
4474.14404179
K= 3781
8168.0
K= 3782
5942.67835427
K= 3783
8141.65376954
K= 3784
8166.5
K= 3785
4103.34463745
K= 3786
5728.71041014
K= 3787
9554.1300102
K= 3788
5336.87184979
K= 3789
5077.9820061
K= 3790
8035.26036015
K= 3791
8166.5
K= 3792
5161.69366259
K= 3793
8165.37310795
K= 3794
5345.4759629
K= 3795
5077.9820061
K= 3796
9286.86938588
K= 3797
8119.32647994
K= 3798
8166.5
K= 3799
7689.44103256
K= 3800
5676.96401219
K= 3801
8168.0
K= 3802
4690.15022362
K= 3803
8827.0
K= 3804
4119.91825902
K= 3805
9274.52787034
K= 3806
5043.6665196
K= 3807
4747.79015319
K= 3808
7642.85726925
K= 3809
5025.56298479
K= 3810
8827.0
K= 3811
8154.28959601
K= 3812
5589.35166827
K= 3813
14590.9267642
K= 3814
4857.15298162
K= 3815
3681.39566932
K= 3816
9279.07604697
K= 3817
8171.31183512
K= 3818
8167.88571429
K= 3819
8163.26140873
K= 3820
4895.34957013
K= 3821
7790.62998996
K= 3822
5400.48652302
K= 3823
8827.0
K= 3824
8095.98345512
K= 3825
8827.0
K= 3826
13785.7752053
K= 3827
4919.31704413
K= 3828
10431.8850717
K= 3829
8174.94637311
K= 3830
5355.10983139
K= 3831
8109.73571411
K= 3832
5634.24813047
K= 3833
4893.71807645
K= 3834
5900.59887782
K= 3835
5077.24867277
K= 3836
4992.28070838
K= 3837
8165.87179487
K= 3838
8153.04375705
K= 3839
8152.39956375
K= 3840
2036.93651882
K= 3841
8174.69436481
K= 3842
8827.0
K= 3843
5077.9820061
K= 3844
1951.18106139
K= 3845
4991.59169423
K= 3846
5077.9820061
K= 3847
8144.01109394
K= 3848
4997.75709692
K= 3849
1038.87869105
K= 3850
8160.68103448
K= 3851
6105.7697445
K= 3852
8164.0
K= 3853
4723.67798014
K= 3854
14066.0536556
K= 3855
8167.85714286
K= 3856
3620.17564767
K= 3857
5363.42703915
K= 3858
8134.2723333
K= 3859
4915.56017193
K= 3860
6624.26944571
K= 3861
4667.02552647
K= 3862
8166.36470588
K= 3863
11018.0708016
K= 3864
18729.5136064
K= 3865
8164.09333333
K= 3866
8827.0
K= 3867
5077.9820061
K= 3868
7821.00577731
K= 3869
8167.52380952
K= 3870
6145.21560357
K= 3871
5101.38263562
K= 3872
8200.08329348
K= 3873
3865.03434444
K= 3874
4905.15223239
K= 3875
5031.61010005
K= 3876
5077.9820061
K= 3877
5077.9820061
K= 3878
8168.0
K= 3879
9243.02926339
K= 3880
5090.47166982
K= 3881
4844.36287965
K= 3882
5042.60705106
K= 3883
4103.34463745
K= 3884
58624.1058531
K= 3885
8162.71428571
K= 3886
5077.9820061
K= 3887
4864.78058452
K= 3888
1567.74038617
K= 3889
5007.40882744
K= 3890
8160.74193548
K= 3891
3928.80854302
K= 3892
8032.79227115
K= 3893
9455.24607256
K= 3894
4928.16573742
K= 3895
3838.0
K= 3896
5077.9820061
K= 3897
3898.53434444
K= 3898
8200.15348534
K= 3899
3853.5
K= 3900
8827.0
K= 3901
4988.35793901
K= 3902
8172.3278259
K= 3903
8166.66666667
K= 3904
489.679355548
K= 3905
8104.81529018
K= 3906
8166.98916296
K= 3907
10659.2619503
K= 3908
8169.0
K= 3909
8167.6
K= 3910
8168.0
K= 3911
5077.89109701
K= 3912
18309.8138881
K= 3913
8168.0
K= 3914
5599.63877997
K= 3915
5557.88674497
K= 3916
8174.0
K= 3917
8164.56521739
K= 3918
3865.03434444
K= 3919
5077.9820061
K= 3920
5939.22716783
K= 3921
5089.17202368
K= 3922
3867.0
K= 3923
8155.37665234
K= 3924
8076.77499013
K= 3925
5003.60539302
K= 3926
12518.5010218
K= 3927
7411.4335038
K= 3928
4868.21965564
K= 3929
7686.49915836
K= 3930
4742.8984252
K= 3931
7725.69029094
K= 3932
5399.63141251
K= 3933
5753.67643034
K= 3934
5472.60108664
K= 3935
8166.0
K= 3936
5077.9820061
K= 3937
4632.09465004
K= 3938
51226.2341748
K= 3939
3829.033207
K= 3940
5939.38499751
K= 3941
8169.33805301
K= 3942
8075.66109125
K= 3943
3891.23694048
K= 3944
5212.16688341
K= 3945
7828.67947073
K= 3946
3836.75609756
K= 3947
8170.55237922
K= 3948
5555.56324542
K= 3949
3798.38321512
K= 3950
8165.78947368
K= 3951
18667.2027336
K= 3952
8092.63485193
K= 3953
5888.68022659
K= 3954
5613.97018899
K= 3955
5334.68512891
K= 3956
8171.39975066
K= 3957
9666.4567956
K= 3958
8140.36646437
K= 3959
4103.34463745
K= 3960
8827.0
K= 3961
8074.66109125
K= 3962
6057.64152124
K= 3963
5354.61089127
K= 3964
5939.38499751
K= 3965
10225.9830246
K= 3966
8167.53846154
K= 3967
4952.77389426
K= 3968
13780.634619
K= 3969
8168.40952381
K= 3970
4699.45086526
K= 3971
8128.31289538
K= 3972
8166.90849673
K= 3973
9829.41417392
K= 3974
4922.00569918
K= 3975
3968.38321512
K= 3976
5944.518705
K= 3977
3924.03434444
K= 3978
5134.71907864
K= 3979
5077.9820061
K= 3980
8166.9
K= 3981
8170.0
K= 3982
3620.17564767
K= 3983
5345.23890932
K= 3984
5080.44874712
K= 3985
5345.61588393
K= 3986
8166.33333333
K= 3987
6685.72937827
K= 3988
5378.20275841
K= 3989
3927.38321512
K= 3990
16324.4878426
K= 3991
5699.96349687
K= 3992
8155.33649121
K= 3993
5385.29759726
K= 3994
3927.38321512
K= 3995
5689.87761495
K= 3996
8169.0
K= 3997
8125.70658895
K= 3998
6758.58090696
K= 3999
6644.78711742
K= 4000
5635.11731107
K= 4001
8167.0
K= 4002
8138.04339363
K= 4003
8165.74285714
K= 4004
9191.84553272
K= 4005
8167.85714286
K= 4006
5950.86522779
K= 4007
8028.85264624
K= 4008
5077.9820061
K= 4009
8165.42857143
K= 4010
1170.00341144
K= 4011
5613.63685565
K= 4012
8166.40645161
K= 4013
8019.63480459
K= 4014
3896.03523684
K= 4015
8156.55077693
K= 4016
3620.17564767
K= 4017
8827.0
K= 4018
3871.03434444
K= 4019
8165.39011549
K= 4020
11778.4235288
K= 4021
1886.13091383
K= 4022
8827.0
K= 4023
5219.74442085
K= 4024
4103.34463745
K= 4025
8162.75
K= 4026
8115.67772434
K= 4027
10153.9640122
K= 4028
5138.32941278
K= 4029
8160.74193548
K= 4030
4793.87263451
K= 4031
8374.09261379
K= 4032
8167.0
K= 4033
5112.10595361
K= 4034
8827.0
K= 4035
8714.53868246
K= 4036
12558.4639633
K= 4037
8167.91780822
K= 4038
8166.82329245
K= 4039
8163.68103448
K= 4040
8167.80952381
K= 4041
4103.34463745
K= 4042
8128.18761643
K= 4043
8167.25595238
K= 4044
6479.06869078
K= 4045
3755.02615086
K= 4046
4975.72589269
K= 4047
1993.01596689
K= 4048
8221.44745336
K= 4049
5370.22389045
K= 4050
5077.9820061
K= 4051
27744.3895811
K= 4052
4103.34463745
K= 4053
4103.34463745
K= 4054
4704.35607703
K= 4055
4069.51839789
K= 4056
8120.49545124
K= 4057
5541.22977539
K= 4058
5131.42763577
K= 4059
5077.9820061
K= 4060
8168.0
K= 4061
4827.12775185
K= 4062
8163.84210526
K= 4063
5281.8913569
K= 4064
4103.34463745
K= 4065
8094.42437711
K= 4066
8159.68421053
K= 4067
5310.60687581
K= 4068
8169.0
K= 4069
1744.34551282
K= 4070
8827.0
K= 4071
8166.0
K= 4072
6169.34955872
K= 4073
5478.16145634
K= 4074
5730.682526
K= 4075
12842.0490835
K= 4076
5101.68765758
K= 4077
5517.31532284
K= 4078
12703.0322897
K= 4079
5555.66850858
K= 4080
8168.77501944
K= 4081
5003.11306746
K= 4082
5368.74071681
K= 4083
2215.12605098
K= 4084
8171.79310345
K= 4085
4738.84095085
K= 4086
10036.7180434
K= 4087
8166.48823408
K= 4088
8165.68774704
K= 4089
8157.33333333
K= 4090
3794.53627285
K= 4091
8165.875
K= 4092
5077.9820061
K= 4093
8169.0
K= 4094
4891.82201408
K= 4095
8183.42305937
K= 4096
3691.67772434
K= 4097
8729.50723214
K= 4098
5472.14809519
K= 4099
5083.18124077
K= 4100
4965.35744717
K= 4101
8165.65521577
K= 4102
5142.88520763
K= 4103
4732.85114836
K= 4104
1057.93512811
K= 4105
3692.72243034
K= 4106
5488.23496163
K= 4107
5012.67458048
K= 4108
8166.0
K= 4109
8827.0
K= 4110
5255.59911899
K= 4111
8166.81592362
K= 4112
8125.05386556
K= 4113
5102.60823217
K= 4114
5050.1368529
K= 4115
8167.25595238
K= 4116
4601.67789556
K= 4117
5333.30403785
K= 4118
8167.88571429
K= 4119
2264.42921747
K= 4120
11180.8082859
K= 4121
8151.25137905
K= 4122
4059.47134607
K= 4123
14238.2332338
K= 4124
3927.38321512
K= 4125
8160.0
K= 4126
4652.22011278
K= 4127
8165.63076923
K= 4128
8164.80645161
K= 4129
5146.09972295
K= 4130
8107.31758067
K= 4131
5613.69746171
K= 4132
20326.2762942
K= 4133
4934.02684466
K= 4134
8137.15953005
K= 4135
8169.0
K= 4136
8165.72222222
K= 4137
8166.5
K= 4138
8167.85714286
K= 4139
4950.69109691
K= 4140
5343.38149164
K= 4141
8827.0
K= 4142
4103.34463745
K= 4143
6701.78128611
K= 4144
8167.0
K= 4145
3620.17564767
K= 4146
8172.0
K= 4147
8075.66109125
K= 4148
8167.89189189
K= 4149
4007.03434444
K= 4150
8167.25893804
K= 4151
11679.9992231
K= 4152
4905.45476145
K= 4153
5313.19075717
K= 4154
4798.08559994
K= 4155
8141.13880161
K= 4156
22932.0756013
K= 4157
1363.11671046
K= 4158
4934.02684466
K= 4159
3621.4091695
K= 4160
8163.5
K= 4161
4674.66371098
K= 4162
8168.0
K= 4163
8155.33649121
K= 4164
8166.6
K= 4165
4936.23621409
K= 4166
8168.0
K= 4167
6550.0626
K= 4168
8164.85714286
K= 4169
5936.05166417
K= 4170
6310.76073474
K= 4171
6097.51212167
K= 4172
16325.5
K= 4173
5477.29303921
K= 4174
8077.8086681
K= 4175
8108.75546625
K= 4176
9420.06971082
K= 4177
5427.52378092
K= 4178
12833.5041973
K= 4179
8151.64403554
K= 4180
8168.72972973
K= 4181
8163.72972973
K= 4182
20139.4736227
K= 4183
8136.0
K= 4184
4303.32943563
K= 4185
4694.81027292
K= 4186
8169.0
K= 4187
4942.75166426
K= 4188
8164.66666667
K= 4189
5205.88236833
K= 4190
9186.38821171
K= 4191
5786.25242432
K= 4192
7580.22823415
K= 4193
4588.3991391
K= 4194
9269.49527385
K= 4195
4103.34463745
K= 4196
9946.80948547
K= 4197
5077.9820061
K= 4198
4639.42745394
K= 4199
4895.26261361
K= 4200
3691.67772434
K= 4201
4906.25217095
K= 4202
4882.10035801
K= 4203
5077.9820061
K= 4204
4611.94944912
K= 4205
5555.66850858
K= 4206
16611.8197234
K= 4207
4861.43741454
K= 4208
8827.0
K= 4209
13773.0770002
K= 4210
8166.46806836
K= 4211
8121.38743942
K= 4212
8169.0
K= 4213
3867.03434444
K= 4214
5053.01610321
K= 4215
3960.17577779
K= 4216
5077.9820061
K= 4217
8147.23586207
K= 4218
5279.05573435
K= 4219
4341.66791008
K= 4220
9553.59554628
K= 4221
8107.46617818
K= 4222
4922.69187537
K= 4223
8157.92276343
K= 4224
4933.142794
K= 4225
3642.01811928
K= 4226
5936.34932651
K= 4227
8163.00373132
K= 4228
8106.79226565
K= 4229
4768.71340343
K= 4230
5077.9820061
K= 4231
3422.4507213
K= 4232
3845.80708275
K= 4233
5077.9820061
K= 4234
4639.19986072
K= 4235
8156.85714286
K= 4236
5322.91743561
K= 4237
5168.02768059
K= 4238
32167.947327
K= 4239
4808.23551372
K= 4240
6983.08706375
K= 4241
9633.27543581
K= 4242
9340.34784467
K= 4243
18793.0420059
K= 4244
4875.79708541
K= 4245
5033.22957965
K= 4246
6387.07115115
K= 4247
8167.92405063
K= 4248
4928.57836455
K= 4249
5939.38499751
K= 4250
8167.0
K= 4251
8177.21422845
K= 4252
8071.14147659
K= 4253
3852.0
K= 4254
4103.34463745
K= 4255
5077.9820061
K= 4256
8125.00363315
K= 4257
3869.28981561
K= 4258
8174.0
K= 4259
4708.47483472
K= 4260
4805.74313976
K= 4261
5335.72175357
K= 4262
3927.38321512
K= 4263
4650.02294827
K= 4264
8173.17325578
K= 4265
5077.9820061
K= 4266
4918.03683331
K= 4267
8166.89473684
K= 4268
5078.65459031
K= 4269
3959.2213539
K= 4270
8163.71428571
K= 4271
8140.00953442
K= 4272
8827.0
K= 4273
5077.9820061
K= 4274
4103.34463745
K= 4275
4780.585624
K= 4276
5395.03304765
K= 4277
4933.94992158
K= 4278
4806.55076563
K= 4279
8169.66666667
K= 4280
8160.0
K= 4281
5135.69235208
K= 4282
17654.0
K= 4283
4710.5695307
K= 4284
8168.0
K= 4285
4862.83017755
K= 4286
5013.83455136
K= 4287
17631.2275323
K= 4288
8413.48165626
K= 4289
8700.89266011
K= 4290
3936.38321512
K= 4291
4622.19377372
K= 4292
5062.92458998
K= 4293
7625.70168905
K= 4294
6106.13410436
K= 4295
5883.11610365
K= 4296
8171.0
K= 4297
8827.0
K= 4298
3620.17564767
K= 4299
4877.69337619
K= 4300
8164.5
K= 4301
8168.0
K= 4302
4896.65253326
K= 4303
5479.19173376
K= 4304
9966.8019711
K= 4305
8143.80115919
K= 4306
5705.16393433
K= 4307
5086.15827794
K= 4308
5077.9820061
K= 4309
5388.03881818
K= 4310
8167.86542906
K= 4311
5101.6846587
K= 4312
4103.34463745
K= 4313
5706.60613785
K= 4314
9303.85839777
K= 4315
5347.2042389
K= 4316
8045.82892342
K= 4317
5108.74325565
K= 4318
5077.9820061
K= 4319
4999.53397111
K= 4320
8075.66109125
K= 4321
8151.88571429
K= 4322
4898.57634195
K= 4323
5072.58185288
K= 4324
5234.51583158
K= 4325
4672.40492173
K= 4326
5415.74089469
K= 4327
8039.67879364
K= 4328
4683.07937598
K= 4329
4864.06760021
K= 4330
18630.2037582
K= 4331
8192.50936833
K= 4332
6049.31445282
K= 4333
22743.591941
K= 4334
5077.9820061
K= 4335
8154.71119783
K= 4336
1553.18908663
K= 4337
4718.28521294
K= 4338
5035.49213932
K= 4339
3714.02615086
K= 4340
5077.9820061
K= 4341
5033.98262084
K= 4342
3865.03434444
K= 4343
6635.78433325
K= 4344
8164.0947464
K= 4345
5168.35597038
K= 4346
4611.53542539
K= 4347
3694.28981561
K= 4348
3771.72623238
K= 4349
5077.9820061
K= 4350
7397.33586035
K= 4351
4917.89579144
K= 4352
5342.72206625
K= 4353
8068.47605064
K= 4354
4110.38321512
K= 4355
3913.72623238
K= 4356
8826.0
K= 4357
5344.69159552
K= 4358
5462.66114336
K= 4359
5329.75686841
K= 4360
4138.92139633
K= 4361
4924.6881681
K= 4362
8165.82857143
K= 4363
4678.96358258
K= 4364
3834.0
K= 4365
3652.53627285
K= 4366
6042.32457961
K= 4367
9809.65157617
K= 4368
5577.26383182
K= 4369
5317.51824543
K= 4370
8167.8974359
K= 4371
3697.28981561
K= 4372
5148.55868863
K= 4373
8167.81818182
K= 4374
3884.71944427
K= 4375
7966.23076351
K= 4376
9402.69574442
K= 4377
3726.97761785
K= 4378
3836.28981561
K= 4379
3927.38321512
K= 4380
15618.2944587
K= 4381
3927.38321512
K= 4382
8165.5
K= 4383
5363.23879322
K= 4384
14292.8632892
K= 4385
5077.9820061
K= 4386
4936.36189769
K= 4387
8163.41568384
K= 4388
8166.8
K= 4389
11854.5
K= 4390
4659.80478251
K= 4391
5377.2927125
K= 4392
7565.28509092
K= 4393
4960.63417711
K= 4394
8224.48317832
K= 4395
5173.03119211
K= 4396
8827.0
K= 4397
3736.69998982
K= 4398
5077.9820061
K= 4399
8161.85454545
K= 4400
10035.1135897
K= 4401
3927.38321512
K= 4402
8166.5
K= 4403
5516.15971612
K= 4404
8827.0
K= 4405
5077.9820061
K= 4406
5330.82112156
K= 4407
8168.0
K= 4408
3838.0
K= 4409
5077.9820061
K= 4410
3927.38321512
K= 4411
8165.0
K= 4412
10281.5001427
K= 4413
5347.51751137
K= 4414
8169.0
K= 4415
3968.35133886
K= 4416
3836.28981561
K= 4417
4903.55916556
K= 4418
5077.9820061
K= 4419
5839.91957199
K= 4420
8153.80237313
K= 4421
4646.74855791
K= 4422
7812.28135902
K= 4423
4834.45566971
K= 4424
4828.64140803
K= 4425
3771.72623238
K= 4426
8167.85714286
K= 4427
3930.42744081
K= 4428
5077.9820061
K= 4429
5475.90729327
K= 4430
3865.03434444
K= 4431
4951.67727219
K= 4432
5712.31353375
K= 4433
11093.017043
K= 4434
3068.56404304
K= 4435
5789.27708865
K= 4436
5731.48393279
K= 4437
6168.34955872
K= 4438
8165.78947368
K= 4439
7812.44143718
K= 4440
13775.1227436
K= 4441
8167.33333333
K= 4442
19593.0578352
K= 4443
4664.05533485
K= 4444
5361.75929385
K= 4445
8166.91549296
K= 4446
4103.34463745
K= 4447
3771.72623238
K= 4448
8147.2084092
K= 4449
8827.0
K= 4450
5077.9820061
K= 4451
4836.61719213
K= 4452
14003.4780781
K= 4453
5555.46850858
K= 4454
8827.0
K= 4455
9359.64707147
K= 4456
5077.9820061
K= 4457
9309.14502628
K= 4458
3691.67772434
K= 4459
4657.66036606
K= 4460
3927.38321512
K= 4461
3997.039872
K= 4462
8223.20307385
K= 4463
8122.6987299
K= 4464
5349.09232639
K= 4465
1466.00504736
K= 4466
5334.80051353
K= 4467
3763.44816278
K= 4468
5077.9820061
K= 4469
3842.84
K= 4470
3652.53627285
K= 4471
14523.7767495
K= 4472
5423.90501253
K= 4473
4922.4107612
K= 4474
5355.95822344
K= 4475
8170.51726715
K= 4476
20687.4942369
K= 4477
4103.34463745
K= 4478
8166.82329245
K= 4479
5555.66850858
K= 4480
8066.60105064
K= 4481
5077.9820061
K= 4482
1620.93526198
K= 4483
8160.74193548
K= 4484
8126.56251734
K= 4485
8159.85177818
K= 4486
3878.82183618
K= 4487
5077.9820061
K= 4488
1688.62430641
K= 4489
8168.0
K= 4490
3525.1218082
K= 4491
5351.57591758
K= 4492
8170.0
K= 4493
23424.0848955
K= 4494
5473.14916148
K= 4495
3803.71428571
K= 4496
4945.58991229
K= 4497
2131.77579982
K= 4498
16356.0
K= 4499
8161.0
K= 4500
8120.34227394
K= 4501
3076.44667556
K= 4502
5270.41998315
K= 4503
4667.72366091
K= 4504
9599.80245405
K= 4505
4998.85647012
K= 4506
14115.2820702
K= 4507
4741.96076571
K= 4508
5935.97065477
K= 4509
3714.02615086
K= 4510
4103.34463745
K= 4511
8167.0
K= 4512
6287.36608193
K= 4513
8164.48178138
K= 4514
5423.27761749
K= 4515
8166.89189189
K= 4516
5077.9820061
K= 4517
5357.39799471
K= 4518
1683.12603819
K= 4519
8063.85688611
K= 4520
8166.87951807
K= 4521
5641.3684581
K= 4522
8167.91304348
K= 4523
3771.72623238
K= 4524
8166.5
K= 4525
5037.56648894
K= 4526
4890.59229234
K= 4527
3771.72623238
K= 4528
13781.4628746
K= 4529
5155.62721482
K= 4530
5077.9820061
K= 4531
8168.0
K= 4532
5359.27443523
K= 4533
4722.39198106
K= 4534
5109.31881175
K= 4535
3931.73764235
K= 4536
8164.6500479
K= 4537
6556.84094135
K= 4538
4779.42635715
K= 4539
5077.9820061
K= 4540
12531.7999575
K= 4541
4486.64810913
K= 4542
5077.89109701
K= 4543
4653.93983459
K= 4544
4103.34463745
K= 4545
8165.54167985
K= 4546
8149.48622434
K= 4547
8169.0
K= 4548
8154.34510764
K= 4549
9190.48208443
K= 4550
5042.05898482
K= 4551
4103.34463745
K= 4552
3836.28981561
K= 4553
4224.83489619
K= 4554
10355.5463748
K= 4555
4115.12928682
K= 4556
4790.48598032
K= 4557
8827.0
K= 4558
3873.48717949
K= 4559
8166.94425487
K= 4560
4103.34463745
K= 4561
8168.0
K= 4562
5077.56533943
K= 4563
8111.31823428
K= 4564
3927.38321512
K= 4565
4894.07421015
K= 4566
3696.28981561
K= 4567
4651.61971808
K= 4568
8166.0
K= 4569
8145.71119783
K= 4570
4103.34463745
K= 4571
23626.3093334
K= 4572
7944.80787239
K= 4573
16314.7260274
K= 4574
4103.34463745
K= 4575
9564.31390562
K= 4576
8075.83778298
K= 4577
8166.19899442
K= 4578
4103.34463745
K= 4579
4840.72413769
K= 4580
12758.3475734
K= 4581
5096.21910012
K= 4582
3990.08496085
K= 4583
8152.16424814
K= 4584
9438.1108175
K= 4585
5081.07780442
K= 4586
4703.62373528
K= 4587
3047.19598067
K= 4588
8434.30695607
K= 4589
8159.81818182
K= 4590
2640.38736405
K= 4591
8970.01615243
K= 4592
4728.84226611
K= 4593
4766.63965105
K= 4594
9295.68557769
K= 4595
5897.07221311
K= 4596
5077.9820061
K= 4597
3733.36470588
K= 4598
8168.0
K= 4599
5441.99540028
K= 4600
8827.0
K= 4601
5391.74688793
K= 4602
3714.02615086
K= 4603
4828.46609598
K= 4604
5525.61441714
K= 4605
8166.0
K= 4606
8103.09749024
K= 4607
8149.97120002
K= 4608
5132.75302611
K= 4609
8169.0
K= 4610
5577.65966515
K= 4611
5069.00213122
K= 4612
7891.96094067
K= 4613
4103.34463745
K= 4614
5344.43620334
K= 4615
8159.91887275
K= 4616
4598.01256565
K= 4617
8164.0
Betweenness Centrality Improvement
[ 5454.92538339  4851.7959368   4785.96978311 ...,  4598.01256565  8164.
     0.        ]
Top 20 BC Improvement
[ 646 2461 3235  222 3884 3228 3265 3124 3118 2316 2229 1808 3938 1104    3
 1589  979 3762 2543 2087]
