txValue= 100
Our nodes starting connections: 
(4618, 2796)
(4618, 1223)
(4618, 235)
(4618, 1163)
(4618, 2693)
K= 0
5277.58893848
K= 1
4770.13126927
K= 2
4718.98204871
K= 3
50503.489848
K= 4
13535.5785351
K= 5
4945.57956091
K= 6
7772.73926429
K= 7
5098.72514025
K= 8
13873.0897242
K= 9
9212.57525676
K= 10
8312.94285714
K= 11
4642.4999154
K= 12
8234.83526394
K= 13
4945.48865182
K= 14
10299.5099925
K= 15
1890.68764044
K= 16
4945.48865182
K= 17
8827.0
K= 18
4849.91257173
K= 19
9090.36076039
K= 20
739.579560911
K= 21
5256.17989208
K= 22
3994.84210526
K= 23
8262.43014127
K= 24
4643.64600759
K= 25
4756.5462344
K= 26
5287.61507387
K= 27
5098.39166606
K= 28
4098.93178683
K= 29
4994.53164929
K= 30
4945.07956091
K= 31
16580.8401566
K= 32
9379.04751391
K= 33
5218.96896889
K= 34
5121.25900608
K= 35
4693.4063491
K= 36
8315.0
K= 37
4842.96792324
K= 38
5728.38529064
K= 39
5031.73061501
K= 40
8314.38764443
K= 41
8350.0
K= 42
12758.9189189
K= 43
4792.23976249
K= 44
5290.81523302
K= 45
4951.71342312
K= 46
4146.5496201
K= 47
4876.60775783
K= 48
8305.0
K= 49
4018.11928797
K= 50
9196.67035312
K= 51
3999.86486486
K= 52
4809.76070674
K= 53
5149.3888627
K= 54
5261.5030006
K= 55
8305.87096774
K= 56
8287.0
K= 57
4834.09030811
K= 58
5253.34369504
K= 59
4123.56946923
K= 60
8289.10752245
K= 61
19547.4156773
K= 62
27329.937056
K= 63
8311.75
K= 64
5370.0383856
K= 65
8308.875
K= 66
4280.54846181
K= 67
8319.07091361
K= 68
8262.41204172
K= 69
5278.82040555
K= 70
8312.92857143
K= 71
3218.58000722
K= 72
8308.0
K= 73
4713.50774598
K= 74
4687.90914354
K= 75
5223.0374513
K= 76
12287.8389124
K= 77
4251.48150899
K= 78
4890.56933886
K= 79
8312.95774648
K= 80
14040.7841423
K= 81
8379.3941516
K= 82
8311.45
K= 83
8283.72727273
K= 84
5202.51675092
K= 85
4999.40303183
K= 86
4750.24441053
K= 87
5203.5954864
K= 88
3978.54393069
K= 89
8327.26464491
K= 90
8313.0
K= 91
10015.2979158
K= 92
7768.37027547
K= 93
10754.5902365
K= 94
4945.57956091
K= 95
6057.5774673
K= 96
8313.0
K= 97
8309.89583333
K= 98
4933.87317538
K= 99
4795.64735809
K= 100
8312.91891892
K= 101
5214.03675788
K= 102
5268.39954179
K= 103
4845.23622556
K= 104
4086.07718092
K= 105
4082.56946923
K= 106
4945.57956091
K= 107
5935.14026394
K= 108
8312.0
K= 109
8309.0
K= 110
5900.74504034
K= 111
8827.0
K= 112
4945.57956091
K= 113
5214.67960098
K= 114
5201.62449432
K= 115
4945.19246414
K= 116
8311.01070606
K= 117
4251.48150899
K= 118
8309.8400639
K= 119
5083.16596874
K= 120
1338.71430501
K= 121
4945.57956091
K= 122
8310.5
K= 123
8221.93959038
K= 124
8827.0
K= 125
8295.57387091
K= 126
4675.34898546
K= 127
1115.83893966
K= 128
5050.0383432
K= 129
32317.5333041
K= 130
5422.86256318
K= 131
10230.3804707
K= 132
4945.57956091
K= 133
4724.01702069
K= 134
4945.57956091
K= 135
9540.43477692
K= 136
5106.30084172
K= 137
4703.55618341
K= 138
877.64768242
K= 139
2426.70714868
K= 140
8312.0
K= 141
8313.0
K= 142
4251.48150899
K= 143
4601.44054839
K= 144
4945.19246414
K= 145
956.818340477
K= 146
9192.09593932
K= 147
9224.65682734
K= 148
6387.86977919
K= 149
4224.56946923
K= 150
8309.87772397
K= 151
9735.35782739
K= 152
3557.25023015
K= 153
4003.9047619
K= 154
9985.95972809
K= 155
8827.0
K= 156
4562.96881613
K= 157
8305.95774648
K= 158
8313.0
K= 159
8286.0367881
K= 160
4715.50990878
K= 161
8314.0
K= 162
8308.89473684
K= 163
9422.57956091
K= 164
8312.92105263
K= 165
4619.94133786
K= 166
5177.16823859
K= 167
1305.36056689
K= 168
4025.5496201
K= 169
8253.60321819
K= 170
8312.49404762
K= 171
5049.76456993
K= 172
5378.29511823
K= 173
4788.77805525
K= 174
5478.36879638
K= 175
4802.89394261
K= 176
4082.56946923
K= 177
8295.9047619
K= 178
8293.0
K= 179
8313.0
K= 180
4604.21466612
K= 181
8827.0
K= 182
4784.34814158
K= 183
22788.8908466
K= 184
4674.08321473
K= 185
8311.42731806
K= 186
8313.0
K= 187
4805.09212105
K= 188
8827.0
K= 189
4789.48654065
K= 190
4014.5496201
K= 191
8274.79753633
K= 192
8308.875
K= 193
8314.83333333
K= 194
5288.65993089
K= 195
8312.94285714
K= 196
12156.4492231
K= 197
9239.5378722
K= 198
5836.0239526
K= 199
4821.92386905
K= 200
10145.5217056
K= 201
9081.0420676
K= 202
5479.36879638
K= 203
4088.98770772
K= 204
8298.46744359
K= 205
5174.05112533
K= 206
8827.0
K= 207
5066.29546587
K= 208
781.56004928
K= 209
8314.0
K= 210
5199.08312626
K= 211
4744.67568471
K= 212
7786.76380489
K= 213
4995.16109327
K= 214
4910.63304443
K= 215
4014.5496201
K= 216
5261.60037819
K= 217
4798.9163703
K= 218
3979.8
K= 219
5551.8207311
K= 220
1394.69410554
K= 221
4669.90578695
K= 222
67773.2181966
K= 223
4014.5496201
K= 224
4814.62713995
K= 225
5149.23755929
K= 226
5042.44408818
K= 227
21676.7550042
K= 228
4158.5496201
K= 229
8327.67228428
K= 230
8307.70722826
K= 231
8298.55113872
K= 232
8313.0
K= 233
8296.95774648
K= 234
9141.98585151
K= 235
3185.18637768
K= 236
4834.09030811
K= 237
7783.35209135
K= 238
8283.72727273
K= 239
1896.47484122
K= 240
8307.83333333
K= 241
4702.45005982
K= 242
4673.08251812
K= 243
4945.57956091
K= 244
4945.57956091
K= 245
8319.0
K= 246
8240.78388413
K= 247
8304.84210526
K= 248
8298.9047619
K= 249
3989.0
K= 250
8311.0
K= 251
4588.9834926
K= 252
8289.75807388
K= 253
5727.62159508
K= 254
4251.48150899
K= 255
8827.0
K= 256
5120.89994459
K= 257
8299.0
K= 258
9275.9705215
K= 259
4953.91902938
K= 260
9491.98265989
K= 261
8275.12420733
K= 262
8827.0
K= 263
8293.24019744
K= 264
8311.75
K= 265
5172.06169949
K= 266
4952.62221558
K= 267
4866.37929315
K= 268
5281.32336324
K= 269
5001.4544061
K= 270
5635.54240546
K= 271
4014.5496201
K= 272
5549.79321235
K= 273
8827.0
K= 274
4745.42660267
K= 275
5470.67299726
K= 276
5841.54308903
K= 277
4945.57956091
K= 278
8311.99410794
K= 279
4945.57956091
K= 280
4014.5496201
K= 281
5332.48302659
K= 282
5185.67733731
K= 283
8350.0
K= 284
8311.01538462
K= 285
8314.16666667
K= 286
4718.94038204
K= 287
788.350066948
K= 288
3620.79225108
K= 289
4984.16172638
K= 290
4941.00233374
K= 291
4945.57956091
K= 292
4082.56946923
K= 293
5241.04568793
K= 294
9716.58815978
K= 295
4648.36623836
K= 296
1233.71302606
K= 297
8383.20809945
K= 298
8313.0
K= 299
5420.35259173
K= 300
9193.24462027
K= 301
3861.67380476
K= 302
4713.54176693
K= 303
5711.82980088
K= 304
8827.0
K= 305
4672.72768124
K= 306
9749.56465307
K= 307
931.513487887
K= 308
4945.57956091
K= 309
8229.55321819
K= 310
4251.48150899
K= 311
5750.18757161
K= 312
8308.0
K= 313
8222.89540183
K= 314
4945.57956091
K= 315
5748.75765708
K= 316
9707.2813773
K= 317
8827.0
K= 318
8270.90909091
K= 319
14172.7054522
K= 320
4778.56887927
K= 321
17401.4925727
K= 322
8374.10039702
K= 323
8313.0
K= 324
8311.83333333
K= 325
4251.48150899
K= 326
4014.5496201
K= 327
4863.67610132
K= 328
4691.21412003
K= 329
4559.43263541
K= 330
4874.64668883
K= 331
8306.27839104
K= 332
8827.0
K= 333
5190.4981084
K= 334
5970.38819797
K= 335
5290.81523302
K= 336
5887.6372113
K= 337
4082.56946923
K= 338
5190.61204164
K= 339
14111.7046618
K= 340
5254.56695488
K= 341
6699.35648015
K= 342
8309.84210526
K= 343
4746.36389493
K= 344
4789.54212514
K= 345
5736.65807115
K= 346
8314.66666667
K= 347
4868.83280376
K= 348
4022.8
K= 349
4657.13306004
K= 350
5262.01094612
K= 351
1602.8254517
K= 352
15042.261265
K= 353
5138.80769813
K= 354
4785.84312979
K= 355
4251.48150899
K= 356
8313.0
K= 357
4251.48150899
K= 358
4652.62078929
K= 359
8314.66666667
K= 360
8229.55321819
K= 361
9085.87164964
K= 362
4818.18362326
K= 363
5199.82187593
K= 364
6012.92390843
K= 365
8312.84210526
K= 366
8296.71920604
K= 367
8313.0
K= 368
8311.75
K= 369
4676.56190546
K= 370
8827.0
K= 371
10380.0235964
K= 372
5017.14105058
K= 373
8310.79930261
K= 374
8310.91428571
K= 375
8293.06410035
K= 376
7718.88833179
K= 377
4859.75906532
K= 378
5201.62449432
K= 379
5213.032214
K= 380
4808.36430145
K= 381
4945.57956091
K= 382
5251.59280364
K= 383
5214.14415178
K= 384
4687.76709699
K= 385
4945.57956091
K= 386
4919.59280699
K= 387
4021.91891892
K= 388
1810.69001735
K= 389
16622.0
K= 390
4678.9277686
K= 391
8310.0
K= 392
8313.0
K= 393
4860.19604198
K= 394
8827.0
K= 395
4945.57956091
K= 396
5138.32677646
K= 397
8312.93975904
K= 398
8294.94117647
K= 399
8311.94505494
K= 400
5397.38727509
K= 401
4722.15388916
K= 402
4945.57956091
K= 403
4652.36018026
K= 404
7937.04075171
K= 405
8311.96202532
K= 406
8308.83445577
K= 407
8312.0
K= 408
1556.55251371
K= 409
8827.0
K= 410
8308.85714286
K= 411
8298.9047619
K= 412
8310.20112782
K= 413
8827.0
K= 414
5253.17107243
K= 415
4967.86251791
K= 416
7852.83783784
K= 417
8312.36142189
K= 418
4945.57956091
K= 419
5994.03521323
K= 420
4837.58443201
K= 421
18646.4654059
K= 422
31628.5930477
K= 423
3861.67380476
K= 424
8317.44215193
K= 425
4945.57956091
K= 426
5418.74080384
K= 427
8303.0
K= 428
8302.94285714
K= 429
4776.83986462
K= 430
5378.29511823
K= 431
8312.0
K= 432
4758.93437361
K= 433
1457.81190588
K= 434
6696.54478182
K= 435
16622.0
K= 436
8311.0
K= 437
5217.48143143
K= 438
4987.93161089
K= 439
4945.57956091
K= 440
8317.28122144
K= 441
4945.57956091
K= 442
4976.25942147
K= 443
8257.59450607
K= 444
9353.5007388
K= 445
8311.57948464
K= 446
8350.0
K= 447
3999.86486486
K= 448
4900.55087864
K= 449
8268.91088448
K= 450
8827.0
K= 451
8309.85714286
K= 452
9190.12033124
K= 453
4572.21272144
K= 454
4047.32142857
K= 455
8283.72727273
K= 456
8827.0
K= 457
8311.88
K= 458
5677.10294849
K= 459
4945.57956091
K= 460
8312.95652174
K= 461
4014.5496201
K= 462
5363.52147732
K= 463
5254.72182091
K= 464
8283.72727273
K= 465
5043.65887762
K= 466
8318.85820019
K= 467
12793.52583
K= 468
4945.57956091
K= 469
5049.08724392
K= 470
13756.3046386
K= 471
5199.64634798
K= 472
4892.72882275
K= 473
4620.25431562
K= 474
4988.53621064
K= 475
3868.67380476
K= 476
8298.9047619
K= 477
4945.57956091
K= 478
5000.52631171
K= 479
8304.0
K= 480
5746.35129022
K= 481
4945.57956091
K= 482
8311.0
K= 483
4806.622157
K= 484
2013.0935998
K= 485
8350.0
K= 486
4082.56946923
K= 487
2351.56298201
K= 488
4003.0
K= 489
8312.875
K= 490
12788.875
K= 491
7937.04075171
K= 492
4251.48150899
K= 493
5750.18757161
K= 494
4831.47582036
K= 495
6026.89151787
K= 496
8312.90909091
K= 497
5362.90235549
K= 498
104334.452279
K= 499
4945.57956091
K= 500
14752.6848132
K= 501
9173.71292309
K= 502
4787.76815903
K= 503
4559.67011222
K= 504
4945.57956091
K= 505
8313.0
K= 506
8145.06228694
K= 507
8274.33803357
K= 508
12942.5514889
K= 509
8307.93975904
K= 510
8313.0
K= 511
8313.0
K= 512
8311.0
K= 513
847.644190812
K= 514
5456.77188996
K= 515
13980.0726333
K= 516
8313.0
K= 517
4608.3001212
K= 518
3861.67380476
K= 519
4799.18460764
K= 520
4878.58522826
K= 521
5925.03343244
K= 522
8379.3941516
K= 523
6146.33874908
K= 524
5802.91332131
K= 525
4096.64315662
K= 526
8309.66666667
K= 527
8298.40096618
K= 528
12746.7619048
K= 529
12841.3476325
K= 530
5041.71756113
K= 531
8313.0
K= 532
8285.67380476
K= 533
4945.57956091
K= 534
4945.57956091
K= 535
4945.57956091
K= 536
5437.78432511
K= 537
4860.75684137
K= 538
8310.91428571
K= 539
7797.19380489
K= 540
5537.13501922
K= 541
5751.79505705
K= 542
5154.5108054
K= 543
8308.46666667
K= 544
5180.23424915
K= 545
8304.0
K= 546
5267.10266931
K= 547
8325.0
K= 548
2882.86310258
K= 549
4945.57956091
K= 550
4826.77467024
K= 551
3975.0
K= 552
8313.0
K= 553
8312.0
K= 554
7776.94159562
K= 555
5690.44491591
K= 556
8288.16808326
K= 557
4945.57956091
K= 558
3869.2589235
K= 559
8310.83333333
K= 560
5421.98685705
K= 561
5730.50195624
K= 562
4086.12234953
K= 563
8283.72727273
K= 564
9901.93746282
K= 565
8256.35321819
K= 566
4251.48150899
K= 567
9198.59212755
K= 568
4945.57956091
K= 569
2099.31599888
K= 570
7809.76918453
K= 571
4086.9584401
K= 572
8282.0
K= 573
4945.57956091
K= 574
6049.05575653
K= 575
8314.38764443
K= 576
8288.23106141
K= 577
5194.98517376
K= 578
8311.0
K= 579
5153.4501625
K= 580
9070.4392666
K= 581
4656.88771095
K= 582
4960.35635356
K= 583
875.684221627
K= 584
5347.61358674
K= 585
7931.97637794
K= 586
5748.85423828
K= 587
8318.98452381
K= 588
8234.51721707
K= 589
4830.89933562
K= 590
4945.37956091
K= 591
7753.8530629
K= 592
16771.1436934
K= 593
8311.42666667
K= 594
16531.0461484
K= 595
4945.57956091
K= 596
5260.07335565
K= 597
8278.94871795
K= 598
4728.19352035
K= 599
8265.55321819
K= 600
4767.32595423
K= 601
8213.33910122
K= 602
8281.95774648
K= 603
8286.94594595
K= 604
8381.43356676
K= 605
5236.6135802
K= 606
8369.2319127
K= 607
4251.48150899
K= 608
5042.85197619
K= 609
4973.87613342
K= 610
8313.0
K= 611
4251.48150899
K= 612
4595.11937032
K= 613
8309.91891892
K= 614
8322.81576304
K= 615
8301.94117647
K= 616
8314.66666667
K= 617
4754.43328154
K= 618
4686.10365882
K= 619
8309.83333333
K= 620
7757.35291326
K= 621
4951.72087029
K= 622
4838.52627779
K= 623
8288.87444244
K= 624
8310.8
K= 625
16060.8118215
K= 626
8269.12420733
K= 627
5048.1672114
K= 628
8489.926202
K= 629
8314.66666667
K= 630
8346.23949981
K= 631
8349.9814419
K= 632
5378.29511823
K= 633
8311.0
K= 634
8311.01538461
K= 635
8310.0
K= 636
8329.1
K= 637
2393.44438581
K= 638
8278.0
K= 639
20436.2335972
K= 640
4021.91891892
K= 641
8312.56825506
K= 642
14709.2005578
K= 643
9049.43485483
K= 644
4082.56946923
K= 645
8310.94285714
K= 646
90300.636422
K= 647
8313.56752572
K= 648
8283.72727273
K= 649
8383.56166829
K= 650
8312.0
K= 651
4903.36225869
K= 652
2373.69080461
K= 653
8284.77230782
K= 654
4939.8500242
K= 655
4251.48150899
K= 656
4945.57956091
K= 657
8313.0
K= 658
5241.65174854
K= 659
8827.0
K= 660
8308.56033534
K= 661
8312.0
K= 662
20316.7018593
K= 663
3750.04637251
K= 664
8322.77702495
K= 665
4082.56946923
K= 666
4945.57956091
K= 667
8265.55321819
K= 668
4096.64315662
K= 669
4983.74291998
K= 670
4945.57956091
K= 671
892.219296108
K= 672
8312.32142857
K= 673
4724.01026045
K= 674
41133.2808481
K= 675
796.788242364
K= 676
8311.0
K= 677
8302.0
K= 678
10707.0178312
K= 679
4945.57956091
K= 680
8298.9047619
K= 681
21090.4861498
K= 682
4898.3802238
K= 683
14184.4684343
K= 684
8308.875
K= 685
8267.82177682
K= 686
4928.78368416
K= 687
8265.60302056
K= 688
8310.85714286
K= 689
8373.3764239
K= 690
4019.5496201
K= 691
8311.66666667
K= 692
4672.10555689
K= 693
4251.48150899
K= 694
5167.62184295
K= 695
916.965642791
K= 696
4735.78820969
K= 697
1438.30624917
K= 698
4251.48150899
K= 699
4830.98857477
K= 700
8312.0
K= 701
4153.5496201
K= 702
4631.00900035
K= 703
4668.78470272
K= 704
4945.57956091
K= 705
5056.71869968
K= 706
8325.0
K= 707
4251.48150899
K= 708
8233.21587496
K= 709
4908.40650386
K= 710
8827.0
K= 711
5218.94586391
K= 712
8312.94594595
K= 713
5748.01033002
K= 714
8311.86666667
K= 715
8319.0
K= 716
5336.11163476
K= 717
3978.56
K= 718
5057.4446402
K= 719
5213.16261952
K= 720
13429.2055238
K= 721
8313.0
K= 722
5042.53961362
K= 723
12770.7777778
K= 724
18798.6005448
K= 725
4804.80767971
K= 726
8311.9047619
K= 727
16521.3416509
K= 728
8307.55113872
K= 729
5378.29511823
K= 730
5067.40164854
K= 731
8312.84210526
K= 732
8310.88888889
K= 733
8267.35321819
K= 734
4652.50124462
K= 735
4610.36138843
K= 736
5463.70960265
K= 737
8304.84210526
K= 738
5421.63979094
K= 739
10702.1251985
K= 740
8310.97826087
K= 741
5223.74033122
K= 742
9631.83037195
K= 743
4712.70173888
K= 744
8313.0
K= 745
5241.65174854
K= 746
4982.66139311
K= 747
4945.57956091
K= 748
8312.0
K= 749
4945.57956091
K= 750
4810.09588014
K= 751
5330.04517332
K= 752
7912.57015575
K= 753
8318.78909458
K= 754
6121.04209272
K= 755
5207.4940875
K= 756
7759.82713822
K= 757
7774.68945359
K= 758
1304.08943909
K= 759
8229.6789424
K= 760
8223.65321819
K= 761
8424.49329515
K= 762
8311.9901755
K= 763
8827.0
K= 764
8314.0
K= 765
5088.83488894
K= 766
8313.0
K= 767
4945.57956091
K= 768
5750.72337886
K= 769
5290.12168463
K= 770
8311.88
K= 771
5101.25119683
K= 772
4941.8733466
K= 773
8274.40459732
K= 774
5330.50968047
K= 775
4794.53993062
K= 776
4830.84329041
K= 777
8312.95652174
K= 778
3978.82352941
K= 779
8282.5309929
K= 780
4898.93665704
K= 781
9306.85092751
K= 782
4265.56946923
K= 783
4582.71195396
K= 784
8318.88259449
K= 785
3861.67380476
K= 786
4980.6603054
K= 787
5544.28085468
K= 788
5112.34507629
K= 789
4710.72623128
K= 790
9266.30834043
K= 791
8312.0
K= 792
7499.86587917
K= 793
8312.30935075
K= 794
4764.66867817
K= 795
7772.68945359
K= 796
8121.761853
K= 797
8908.03855001
K= 798
4055.0
K= 799
8354.54821366
K= 800
4019.5496201
K= 801
4014.5496201
K= 802
4945.57956091
K= 803
5291.62305828
K= 804
4942.00740867
K= 805
5198.77051827
K= 806
4717.83345951
K= 807
4857.08066112
K= 808
8313.0
K= 809
4964.26525347
K= 810
8309.83333333
K= 811
8313.0
K= 812
4934.1889452
K= 813
8310.9047619
K= 814
8245.61108811
K= 815
4014.5496201
K= 816
5413.93754605
K= 817
4251.48150899
K= 818
4743.8282701
K= 819
4750.30323406
K= 820
8267.35321819
K= 821
8243.35048877
K= 822
8827.0
K= 823
5161.96520061
K= 824
8313.16521445
K= 825
4670.46994067
K= 826
8376.62502135
K= 827
8322.43640566
K= 828
9472.71103817
K= 829
7852.20176337
K= 830
2033.25260522
K= 831
8286.36719901
K= 832
5018.42194377
K= 833
4945.57956091
K= 834
4821.5114205
K= 835
4945.57956091
K= 836
5390.78819169
K= 837
9424.79039489
K= 838
4599.51226997
K= 839
4673.82760223
K= 840
8313.0
K= 841
5747.58579856
K= 842
4082.56946923
K= 843
5634.34330294
K= 844
4747.55069915
K= 845
4945.57956091
K= 846
4746.9616369
K= 847
8291.14230726
K= 848
8289.50069006
K= 849
8312.94964029
K= 850
5144.50982398
K= 851
5748.06597598
K= 852
5446.57511435
K= 853
12783.6936572
K= 854
1031.47732721
K= 855
7777.48087514
K= 856
5256.28038821
K= 857
5186.992629
K= 858
4857.06627849
K= 859
3976.8
K= 860
4853.61740526
K= 861
8268.94871795
K= 862
8304.00987386
K= 863
4845.73767218
K= 864
5497.2056257
K= 865
5696.12258464
K= 866
8314.0
K= 867
8313.0
K= 868
8283.72727273
K= 869
5281.43297221
K= 870
4082.56946923
K= 871
2193.78879963
K= 872
4834.09030811
K= 873
5750.18757161
K= 874
5378.29511823
K= 875
4945.57956091
K= 876
5928.01193435
K= 877
8311.9113924
K= 878
4082.56946923
K= 879
8311.46428571
K= 880
1303.71800428
K= 881
6277.17322358
K= 882
4778.61885821
K= 883
4945.57956091
K= 884
4945.57956091
K= 885
901.790882599
K= 886
8328.64779391
K= 887
4945.57956091
K= 888
8311.94594595
K= 889
9294.67319463
K= 890
4866.56849016
K= 891
1061.45600047
K= 892
4795.52413476
K= 893
7193.74154258
K= 894
6951.80409528
K= 895
8311.83333333
K= 896
5213.22205931
K= 897
3984.0
K= 898
8308.64285714
K= 899
4945.57956091
K= 900
13409.5791586
K= 901
5429.54586183
K= 902
4014.5496201
K= 903
4251.48150899
K= 904
5290.81523302
K= 905
1645.18958439
K= 906
6146.04363538
K= 907
4573.39626725
K= 908
5466.45616457
K= 909
8309.85714286
K= 910
4708.46757207
K= 911
8312.0
K= 912
8264.35321819
K= 913
8303.1772428
K= 914
3966.60645161
K= 915
1150.25787661
K= 916
8314.0
K= 917
3979.72727273
K= 918
4951.77406305
K= 919
8248.30664881
K= 920
4988.53070347
K= 921
8311.92857143
K= 922
8314.0
K= 923
8276.12420733
K= 924
8311.62643678
K= 925
4865.23424944
K= 926
5201.62449432
K= 927
1706.34837563
K= 928
5919.85804584
K= 929
4945.57956091
K= 930
9680.41715835
K= 931
4895.15711681
K= 932
4838.20575955
K= 933
13739.2156617
K= 934
4877.05422525
K= 935
4804.10317716
K= 936
8314.0
K= 937
14970.3114853
K= 938
8314.91525424
K= 939
3895.65164499
K= 940
8309.9047619
K= 941
4945.57956091
K= 942
8311.75
K= 943
8312.0
K= 944
8313.0
K= 945
5440.76328015
K= 946
4945.57956091
K= 947
18363.641788
K= 948
3978.0
K= 949
4021.91891892
K= 950
5044.78630256
K= 951
4719.79827921
K= 952
4804.80767971
K= 953
8311.93055556
K= 954
4251.48150899
K= 955
8313.92307692
K= 956
5519.41391964
K= 957
5202.30649013
K= 958
9678.16148337
K= 959
5111.065238
K= 960
5290.38666159
K= 961
8311.0
K= 962
8264.35321819
K= 963
5147.86108156
K= 964
8308.875
K= 965
4055.0
K= 966
4945.57956091
K= 967
8313.0
K= 968
4880.42522033
K= 969
5378.29511823
K= 970
4818.74460297
K= 971
1221.98762936
K= 972
4082.56946923
K= 973
5478.70212971
K= 974
4021.91891892
K= 975
4224.56946923
K= 976
5548.2807648
K= 977
4887.91264975
K= 978
8267.35321819
K= 979
41419.8265514
K= 980
4014.5496201
K= 981
4082.56946923
K= 982
5017.14105058
K= 983
8827.0
K= 984
4753.68406467
K= 985
8315.44034585
K= 986
8298.0
K= 987
8312.80952381
K= 988
8313.0
K= 989
5750.72337886
K= 990
8304.43165795
K= 991
4638.86705387
K= 992
8314.0
K= 993
4724.75710668
K= 994
5161.01438084
K= 995
13810.3259928
K= 996
5761.67182916
K= 997
5550.97245754
K= 998
5201.69742855
K= 999
8262.35321819
K= 1000
4251.48150899
K= 1001
8313.0
K= 1002
8415.98128538
K= 1003
6146.79638501
K= 1004
5220.47617084
K= 1005
4945.57956091
K= 1006
23420.6447555
K= 1007
1661.61736836
K= 1008
4687.90062159
K= 1009
8827.0
K= 1010
5750.18757161
K= 1011
5350.37812026
K= 1012
2664.7618726
K= 1013
4251.48150899
K= 1014
877.479602535
K= 1015
8311.88362489
K= 1016
5229.09085361
K= 1017
21676.7550042
K= 1018
4945.57956091
K= 1019
4021.91891892
K= 1020
8313.91891892
K= 1021
4251.48150899
K= 1022
8313.0
K= 1023
4021.75413676
K= 1024
5160.27320437
K= 1025
5932.74872311
K= 1026
4726.73441313
K= 1027
8307.85714286
K= 1028
1810.81272322
K= 1029
8827.0
K= 1030
769.430047478
K= 1031
8310.91025641
K= 1032
5253.72550815
K= 1033
8301.92857143
K= 1034
4676.34615876
K= 1035
8311.51104337
K= 1036
4981.21834043
K= 1037
4945.57956091
K= 1038
5163.74145828
K= 1039
9096.97794107
K= 1040
9119.55232858
K= 1041
8325.0
K= 1042
4731.81392468
K= 1043
8313.77777778
K= 1044
8831.23056064
K= 1045
12476.1824898
K= 1046
4251.48150899
K= 1047
31870.8263972
K= 1048
4609.5611978
K= 1049
5918.43819934
K= 1050
8314.66666667
K= 1051
4796.05964646
K= 1052
8313.0
K= 1053
5307.86539669
K= 1054
1062.35559143
K= 1055
8279.875
K= 1056
4017.5496201
K= 1057
4039.88120516
K= 1058
8320.86149606
K= 1059
5011.38644463
K= 1060
4928.47906638
K= 1061
4913.353919
K= 1062
4893.47386908
K= 1063
12359.3996899
K= 1064
13796.2401678
K= 1065
8312.92307692
K= 1066
6485.73195178
K= 1067
8379.89235806
K= 1068
4852.38136926
K= 1069
4023.5496201
K= 1070
4750.58362354
K= 1071
8311.0
K= 1072
8250.26873262
K= 1073
5379.15371618
K= 1074
4836.15396436
K= 1075
3994.84210526
K= 1076
5103.01471997
K= 1077
4945.57956091
K= 1078
5017.27199235
K= 1079
4085.04009582
K= 1080
4957.09770442
K= 1081
4865.13581342
K= 1082
5227.37941341
K= 1083
8287.02776061
K= 1084
8283.72727273
K= 1085
5217.48143143
K= 1086
8307.83333333
K= 1087
8283.72727273
K= 1088
5215.50479751
K= 1089
8312.0
K= 1090
8308.88
K= 1091
4895.46454519
K= 1092
5842.04065469
K= 1093
8827.0
K= 1094
1271.80010804
K= 1095
6202.3556599
K= 1096
8310.0
K= 1097
4945.57956091
K= 1098
8313.0
K= 1099
8827.0
K= 1100
4804.90824744
K= 1101
4040.91891892
K= 1102
4013.5496201
K= 1103
3979.95774648
K= 1104
59533.7740797
K= 1105
8312.0
K= 1106
5047.91053768
K= 1107
12781.7295658
K= 1108
8827.0
K= 1109
8321.04846739
K= 1110
4655.12362297
K= 1111
8306.90909091
K= 1112
8283.72727273
K= 1113
2257.38300862
K= 1114
4945.57956091
K= 1115
4671.91887613
K= 1116
8312.9047619
K= 1117
9504.53185455
K= 1118
4706.01021911
K= 1119
4021.91891892
K= 1120
8300.0
K= 1121
8327.86592079
K= 1122
3901.79068058
K= 1123
8312.88888889
K= 1124
5378.2719769
K= 1125
8311.86486486
K= 1126
4682.11076877
K= 1127
1295.71708609
K= 1128
8649.73809164
K= 1129
4945.57956091
K= 1130
8313.95
K= 1131
8303.20767784
K= 1132
8268.20327599
K= 1133
4945.57956091
K= 1134
4082.56946923
K= 1135
5004.38506677
K= 1136
4251.48150899
K= 1137
5822.91198133
K= 1138
8313.66666667
K= 1139
4945.57956091
K= 1140
4763.44625861
K= 1141
4115.11951546
K= 1142
8314.66666667
K= 1143
8308.0
K= 1144
4114.65826375
K= 1145
8260.34402077
K= 1146
8385.5496201
K= 1147
4661.76167632
K= 1148
8827.0
K= 1149
8420.12024616
K= 1150
4618.16330059
K= 1151
8310.80994152
K= 1152
8268.0
K= 1153
8827.0
K= 1154
8258.63014127
K= 1155
4873.76394292
K= 1156
8256.95125541
K= 1157
12785.7476935
K= 1158
4118.64566655
K= 1159
4251.48150899
K= 1160
8310.64285714
K= 1161
4966.54459772
K= 1162
8309.89655172
K= 1163
1210.92681902
K= 1164
4165.49237082
K= 1165
8827.0
K= 1166
18472.5156524
K= 1167
4626.80883877
K= 1168
1949.87114637
K= 1169
4007.66934393
K= 1170
4678.9970548
K= 1171
4945.57956091
K= 1172
8285.67380476
K= 1173
8311.91826215
K= 1174
8250.38428752
K= 1175
8308.59330422
K= 1176
8312.0
K= 1177
8827.0
K= 1178
11371.4914879
K= 1179
5671.54228054
K= 1180
4742.90298408
K= 1181
3984.0
K= 1182
13916.2381577
K= 1183
5749.18757161
K= 1184
5328.62062409
K= 1185
8312.85714286
K= 1186
6178.02655451
K= 1187
4647.40287976
K= 1188
5139.33308034
K= 1189
4083.56946923
K= 1190
5747.50078271
K= 1191
8265.35321819
K= 1192
8305.87096774
K= 1193
39468.875
K= 1194
3998.84615385
K= 1195
2747.15501622
K= 1196
8827.0
K= 1197
4945.43670377
K= 1198
5204.17602134
K= 1199
4604.34743965
K= 1200
8312.94285714
K= 1201
8264.95441621
K= 1202
9208.47962679
K= 1203
8312.94871795
K= 1204
4621.60472714
K= 1205
4251.48150899
K= 1206
4772.40677828
K= 1207
8292.93975904
K= 1208
5377.79511823
K= 1209
13615.7776481
K= 1210
13972.2351601
K= 1211
4785.35624046
K= 1212
4728.61116659
K= 1213
8274.12420733
K= 1214
5216.55322401
K= 1215
5408.91266905
K= 1216
5422.15352372
K= 1217
10806.0957437
K= 1218
5213.3925116
K= 1219
1138.48793364
K= 1220
4828.98743394
K= 1221
8263.35321819
K= 1222
4834.01338503
K= 1223
5143.56017748
K= 1224
4988.88353442
K= 1225
4915.83413156
K= 1226
8311.60645161
K= 1227
8312.84210526
K= 1228
27848.3558454
K= 1229
8311.73559322
K= 1230
4945.57956091
K= 1231
14026.2922683
K= 1232
5414.23459106
K= 1233
5182.88143972
K= 1234
8312.0
K= 1235
6867.66295593
K= 1236
9672.23429304
K= 1237
8307.85714286
K= 1238
8290.52272695
K= 1239
4933.61653592
K= 1240
8261.15529803
K= 1241
1602.10832697
K= 1242
8325.0
K= 1243
12156.4492231
K= 1244
8308.91304348
K= 1245
4945.57956091
K= 1246
1780.84093598
K= 1247
1483.08213428
K= 1248
5579.20665546
K= 1249
5076.20647919
K= 1250
4732.87612644
K= 1251
5521.32055309
K= 1252
9749.56073176
K= 1253
8309.95412844
K= 1254
8314.0
K= 1255
8311.0
K= 1256
3992.38764443
K= 1257
4669.21596019
K= 1258
8283.72727273
K= 1259
8827.0
K= 1260
5563.32055027
K= 1261
6999.90931704
K= 1262
8316.22134515
K= 1263
5201.62449432
K= 1264
8311.8
K= 1265
4945.57956091
K= 1266
5750.18757161
K= 1267
927.385365631
K= 1268
1215.5835255
K= 1269
4945.57956091
K= 1270
8311.56470588
K= 1271
9226.48102497
K= 1272
5503.19406202
K= 1273
6003.04641743
K= 1274
4945.57956091
K= 1275
9093.14225716
K= 1276
8310.0
K= 1277
8312.93761815
K= 1278
14018.8081732
K= 1279
5680.13689861
K= 1280
4674.46159107
K= 1281
5942.77280055
K= 1282
4251.48150899
K= 1283
8266.45321819
K= 1284
4945.57956091
K= 1285
9238.77814968
K= 1286
5473.52161825
K= 1287
4945.57956091
K= 1288
3861.67380476
K= 1289
9079.5347572
K= 1290
4945.57956091
K= 1291
4136.72739622
K= 1292
8297.8852459
K= 1293
8319.0
K= 1294
5200.18078013
K= 1295
8116.89417949
K= 1296
8311.75
K= 1297
8314.0
K= 1298
4224.56946923
K= 1299
3816.15043941
K= 1300
4594.44103451
K= 1301
8317.26022176
K= 1302
8270.91891892
K= 1303
8313.0
K= 1304
4649.52385209
K= 1305
4930.90547512
K= 1306
4699.41128818
K= 1307
4053.9047619
K= 1308
5537.11396399
K= 1309
4351.38022028
K= 1310
5280.91359236
K= 1311
4623.960191
K= 1312
5688.27252403
K= 1313
992.99307292
K= 1314
8312.94594595
K= 1315
8382.19167937
K= 1316
8283.94202898
K= 1317
9809.88900429
K= 1318
4832.20194817
K= 1319
8311.75
K= 1320
5522.52746125
K= 1321
8314.72727273
K= 1322
8309.66666667
K= 1323
5935.14026394
K= 1324
8305.0
K= 1325
4659.03446633
K= 1326
4682.59715182
K= 1327
9445.8973579
K= 1328
8308.0
K= 1329
8311.83333333
K= 1330
4667.93378515
K= 1331
8307.94285714
K= 1332
8312.84210526
K= 1333
5191.10843511
K= 1334
8285.67380476
K= 1335
4342.5496201
K= 1336
4951.77406305
K= 1337
5412.15912182
K= 1338
4657.25729199
K= 1339
6275.94579201
K= 1340
4945.57956091
K= 1341
8304.85714286
K= 1342
5416.99451392
K= 1343
6373.28011573
K= 1344
8311.67755102
K= 1345
8827.0
K= 1346
9413.20896261
K= 1347
8311.0
K= 1348
4945.57956091
K= 1349
4824.91316006
K= 1350
4871.33446884
K= 1351
4732.85884007
K= 1352
164159.26424
K= 1353
7942.16858718
K= 1354
5216.17936383
K= 1355
5296.10228053
K= 1356
5749.33423859
K= 1357
945.066882444
K= 1358
4596.79810264
K= 1359
3519.65620365
K= 1360
8313.0
K= 1361
4945.57956091
K= 1362
17351.0175926
K= 1363
2038.36722336
K= 1364
4839.27928997
K= 1365
4110.64285714
K= 1366
4945.57956091
K= 1367
13874.2068947
K= 1368
8298.9047619
K= 1369
8309.0
K= 1370
9873.16193459
K= 1371
4839.03187853
K= 1372
8362.75239787
K= 1373
5757.56123611
K= 1374
8827.0
K= 1375
6067.80779253
K= 1376
5201.09116022
K= 1377
4758.20832667
K= 1378
9749.98345648
K= 1379
4704.07374827
K= 1380
5218.63859861
K= 1381
9208.55660938
K= 1382
5203.7681266
K= 1383
9222.33024422
K= 1384
8303.91891892
K= 1385
8310.88888889
K= 1386
8285.67380476
K= 1387
8314.0
K= 1388
8323.54260051
K= 1389
4082.56946923
K= 1390
8307.68657542
K= 1391
8312.95890411
K= 1392
8298.0
K= 1393
8827.0
K= 1394
9612.32908974
K= 1395
907.95859058
K= 1396
4109.91982812
K= 1397
4945.57956091
K= 1398
5745.38796844
K= 1399
4251.48150899
K= 1400
8277.07016399
K= 1401
8235.76929751
K= 1402
4945.57956091
K= 1403
4016.5496201
K= 1404
8306.47159384
K= 1405
4930.29566126
K= 1406
4901.21861845
K= 1407
5065.631736
K= 1408
8313.0
K= 1409
8282.0
K= 1410
4251.48150899
K= 1411
8278.0
K= 1412
6282.91786402
K= 1413
4023.5496201
K= 1414
5518.99040943
K= 1415
3757.26297393
K= 1416
5423.05642221
K= 1417
4647.01197299
K= 1418
8308.89473684
K= 1419
4955.18959903
K= 1420
1197.12492867
K= 1421
8305.87096774
K= 1422
5208.16260309
K= 1423
8267.76192393
K= 1424
4945.57956091
K= 1425
4833.69847791
K= 1426
8289.0
K= 1427
12778.8846154
K= 1428
8311.48623847
K= 1429
4320.14458591
K= 1430
9254.67360125
K= 1431
4945.57956091
K= 1432
740.047726745
K= 1433
5004.37179964
K= 1434
4945.57956091
K= 1435
6485.73195178
K= 1436
8310.87804878
K= 1437
8294.0
K= 1438
4945.48865182
K= 1439
8313.0
K= 1440
18232.5857269
K= 1441
8313.0
K= 1442
5002.28780702
K= 1443
4055.0
K= 1444
8305.0
K= 1445
8283.72727273
K= 1446
3909.00840146
K= 1447
4055.0
K= 1448
8295.0
K= 1449
8287.90296281
K= 1450
4842.1003458
K= 1451
6147.80541574
K= 1452
3983.72727273
K= 1453
4614.10448759
K= 1454
4796.35686282
K= 1455
27596.813612
K= 1456
5021.66858108
K= 1457
4828.32900743
K= 1458
8312.0
K= 1459
5329.79982128
K= 1460
8301.47159384
K= 1461
4945.57956091
K= 1462
4687.86809846
K= 1463
3978.0
K= 1464
4945.57956091
K= 1465
8316.22134515
K= 1466
8410.16857635
K= 1467
4945.57956091
K= 1468
5749.85423828
K= 1469
4801.5326685
K= 1470
4945.57956091
K= 1471
7774.68945359
K= 1472
8294.0
K= 1473
5416.71962741
K= 1474
8314.0
K= 1475
4946.9942737
K= 1476
4703.56243843
K= 1477
1185.83651589
K= 1478
4251.48150899
K= 1479
8310.29489287
K= 1480
4597.92728795
K= 1481
7071.47952826
K= 1482
8311.85714286
K= 1483
5290.10229424
K= 1484
5549.79321235
K= 1485
5750.18757161
K= 1486
4014.5496201
K= 1487
8305.66666667
K= 1488
9118.24302497
K= 1489
4727.952796
K= 1490
14145.7912912
K= 1491
4852.66419519
K= 1492
5434.14633199
K= 1493
4726.35113354
K= 1494
4020.8852459
K= 1495
8268.43165795
K= 1496
8312.94202899
K= 1497
4251.48150899
K= 1498
4765.99472812
K= 1499
13929.1955247
K= 1500
4945.45277648
K= 1501
4841.34040116
K= 1502
8328.4595904
K= 1503
8311.2
K= 1504
4900.45619883
K= 1505
4945.45456091
K= 1506
8312.85714286
K= 1507
4834.47319606
K= 1508
17654.0
K= 1509
4251.48150899
K= 1510
4251.48150899
K= 1511
3977.90909091
K= 1512
4266.31932009
K= 1513
4638.82012117
K= 1514
5006.69101039
K= 1515
4227.56946923
K= 1516
11433.2346425
K= 1517
4743.828451
K= 1518
8295.32693626
K= 1519
8302.84280242
K= 1520
4115.33570839
K= 1521
4251.48150899
K= 1522
13792.0734305
K= 1523
27509.410816
K= 1524
4685.58503684
K= 1525
4945.57956091
K= 1526
5762.86269554
K= 1527
9594.82333864
K= 1528
4937.10236272
K= 1529
4951.14136653
K= 1530
9213.75476474
K= 1531
5290.63876243
K= 1532
8313.0
K= 1533
8305.87096774
K= 1534
6074.24718647
K= 1535
4619.32273663
K= 1536
8291.94594595
K= 1537
4594.66767149
K= 1538
3924.17117845
K= 1539
4995.67351905
K= 1540
4745.32585938
K= 1541
5842.44065469
K= 1542
8314.66666667
K= 1543
5203.20957173
K= 1544
5078.74733365
K= 1545
7924.07311448
K= 1546
4679.24040412
K= 1547
8827.0
K= 1548
4945.90804262
K= 1549
4082.56946923
K= 1550
8305.47159384
K= 1551
8311.63333333
K= 1552
1897.45679127
K= 1553
12778.5142857
K= 1554
4082.56946923
K= 1555
4138.85222587
K= 1556
4699.00373346
K= 1557
18161.9264586
K= 1558
4654.67882388
K= 1559
12744.75
K= 1560
4834.09030811
K= 1561
4251.48150899
K= 1562
7767.35545795
K= 1563
5832.08679276
K= 1564
8330.32349577
K= 1565
8310.0
K= 1566
1011.20097584
K= 1567
1708.08937844
K= 1568
6868.37753079
K= 1569
9783.35058417
K= 1570
4730.48960735
K= 1571
4945.57956091
K= 1572
5330.27686379
K= 1573
9196.94070255
K= 1574
4813.44716241
K= 1575
8313.0
K= 1576
4730.08527126
K= 1577
8827.0
K= 1578
4700.5673091
K= 1579
8307.8
K= 1580
4944.8216244
K= 1581
8313.0
K= 1582
8279.68224691
K= 1583
4251.48150899
K= 1584
4251.48150899
K= 1585
7752.53290611
K= 1586
4910.52598673
K= 1587
9159.62325048
K= 1588
4825.50946888
K= 1589
43898.2602218
K= 1590
9703.99562559
K= 1591
8310.85714286
K= 1592
3976.0
K= 1593
8311.86486486
K= 1594
5025.59009616
K= 1595
8313.8
K= 1596
8827.0
K= 1597
8314.0
K= 1598
4630.4730582
K= 1599
17654.0
K= 1600
4251.48150899
K= 1601
5201.80174996
K= 1602
8827.0
K= 1603
5199.11052186
K= 1604
4830.92338028
K= 1605
8297.0
K= 1606
16622.0
K= 1607
7784.27849127
K= 1608
4631.5392424
K= 1609
4251.48150899
K= 1610
4652.59814165
K= 1611
4945.57956091
K= 1612
4804.80767971
K= 1613
4742.70131389
K= 1614
8313.0
K= 1615
5435.28018442
K= 1616
5298.13772835
K= 1617
8298.9047619
K= 1618
4916.89190994
K= 1619
9059.84368565
K= 1620
5256.10732838
K= 1621
4746.62425324
K= 1622
13658.2875069
K= 1623
8313.0
K= 1624
4324.8318346
K= 1625
8311.0
K= 1626
5740.10898094
K= 1627
16618.0
K= 1628
9418.86248132
K= 1629
9388.67972467
K= 1630
8291.51549335
K= 1631
4249.97933688
K= 1632
8310.875
K= 1633
8310.71428571
K= 1634
8307.90322581
K= 1635
4707.73627746
K= 1636
4846.91502973
K= 1637
8275.46857567
K= 1638
8311.0
K= 1639
8298.9047619
K= 1640
10328.3142338
K= 1641
4056.5496201
K= 1642
5378.29511823
K= 1643
5161.07320437
K= 1644
4816.58869911
K= 1645
8285.67380476
K= 1646
4251.48150899
K= 1647
4082.56946923
K= 1648
4140.34850931
K= 1649
5005.98571772
K= 1650
8313.0
K= 1651
5068.4258609
K= 1652
8333.91891892
K= 1653
3989.92
K= 1654
5225.58161628
K= 1655
8278.17625141
K= 1656
5204.64015443
K= 1657
12792.0
K= 1658
5113.52576468
K= 1659
4812.37564199
K= 1660
4768.48439086
K= 1661
4082.56946923
K= 1662
8314.0
K= 1663
4003.88888889
K= 1664
8312.71746032
K= 1665
4644.17592767
K= 1666
8316.4693289
K= 1667
4945.57956091
K= 1668
4945.57956091
K= 1669
5290.81523302
K= 1670
9380.15887777
K= 1671
8312.0
K= 1672
8313.0
K= 1673
4651.73559781
K= 1674
5393.36983421
K= 1675
5839.62693023
K= 1676
36461.7567091
K= 1677
14011.6561258
K= 1678
9901.20101009
K= 1679
8312.96202532
K= 1680
5247.39538347
K= 1681
4703.02633183
K= 1682
3813.82882374
K= 1683
8308.46666667
K= 1684
8310.87804878
K= 1685
4858.32755395
K= 1686
4251.48150899
K= 1687
4945.44272223
K= 1688
4752.83072592
K= 1689
4768.89609932
K= 1690
9360.34272501
K= 1691
4862.79432755
K= 1692
15602.7046353
K= 1693
9049.35028062
K= 1694
8827.0
K= 1695
8312.95890411
K= 1696
8312.93148657
K= 1697
8355.18502497
K= 1698
8311.93975904
K= 1699
4806.8673642
K= 1700
16613.8378378
K= 1701
4036.91891892
K= 1702
8310.75
K= 1703
4735.78820969
K= 1704
4945.32956091
K= 1705
5750.18757161
K= 1706
8312.67957641
K= 1707
5285.65248283
K= 1708
4860.72781542
K= 1709
4945.57956091
K= 1710
4823.92666956
K= 1711
5169.30785826
K= 1712
8393.48730787
K= 1713
5196.7810407
K= 1714
4945.57956091
K= 1715
4082.56946923
K= 1716
8320.74913064
K= 1717
4796.05964646
K= 1718
5260.00168378
K= 1719
1306.22380687
K= 1720
4813.72097027
K= 1721
8312.8
K= 1722
9560.83685103
K= 1723
8315.0
K= 1724
4621.50563997
K= 1725
4945.4044457
K= 1726
8316.79277683
K= 1727
8826.0
K= 1728
4945.57956091
K= 1729
8319.54260051
K= 1730
8313.56
K= 1731
8313.91891892
K= 1732
8306.94594595
K= 1733
4683.17892669
K= 1734
4754.87452749
K= 1735
3861.67380476
K= 1736
4014.5496201
K= 1737
4748.98407344
K= 1738
8308.75
K= 1739
10044.9469005
K= 1740
4857.23748135
K= 1741
4089.78472039
K= 1742
4014.5496201
K= 1743
8305.75
K= 1744
4749.40027831
K= 1745
5343.90777013
K= 1746
8299.0
K= 1747
8313.38764443
K= 1748
4637.06865665
K= 1749
10337.9096185
K= 1750
5293.29802669
K= 1751
4938.38599879
K= 1752
8268.25581874
K= 1753
4154.5496201
K= 1754
8311.71794872
K= 1755
4939.74875701
K= 1756
5387.71949492
K= 1757
8312.55164354
K= 1758
8312.70783408
K= 1759
3982.83333333
K= 1760
5843.62491931
K= 1761
4973.01394667
K= 1762
4732.42120468
K= 1763
8304.84210526
K= 1764
4930.10916295
K= 1765
8311.93024233
K= 1766
8282.76000697
K= 1767
4251.48150899
K= 1768
4926.3737198
K= 1769
4694.04511789
K= 1770
7950.86667221
K= 1771
2300.68289874
K= 1772
3977.64615385
K= 1773
8314.0
K= 1774
4945.57956091
K= 1775
8827.0
K= 1776
14606.7714081
K= 1777
8280.0
K= 1778
2132.77934522
K= 1779
4945.65220412
K= 1780
8283.91891892
K= 1781
8311.88888889
K= 1782
9807.25760564
K= 1783
4601.58321202
K= 1784
5081.11604521
K= 1785
8312.0
K= 1786
1399.18339469
K= 1787
8272.50603121
K= 1788
4702.3570811
K= 1789
4251.48150899
K= 1790
8165.73773157
K= 1791
4996.48959842
K= 1792
8317.29773129
K= 1793
5167.74054435
K= 1794
4919.15118526
K= 1795
5748.87375718
K= 1796
714.599976548
K= 1797
9241.97030493
K= 1798
6035.33508127
K= 1799
9480.65999074
K= 1800
4892.77544495
K= 1801
5749.85423828
K= 1802
8350.0
K= 1803
9692.20133803
K= 1804
4914.48838336
K= 1805
2855.33389742
K= 1806
4945.57956091
K= 1807
4945.57956091
K= 1808
51171.3526634
K= 1809
4834.78427661
K= 1810
4945.43670377
K= 1811
1564.06937863
K= 1812
8311.75
K= 1813
4624.30682905
K= 1814
4901.70605396
K= 1815
4729.65814922
K= 1816
4242.0344001
K= 1817
2196.42345385
K= 1818
4920.18103265
K= 1819
8310.0
K= 1820
16537.8607931
K= 1821
4714.46816966
K= 1822
4945.57956091
K= 1823
4082.56946923
K= 1824
3957.39433541
K= 1825
8314.0
K= 1826
16679.4973478
K= 1827
13781.460268
K= 1828
8311.0
K= 1829
5256.17989208
K= 1830
5750.18757161
K= 1831
6435.10302471
K= 1832
4946.6937794
K= 1833
3861.67380476
K= 1834
8311.0
K= 1835
5047.9795032
K= 1836
8311.75
K= 1837
8313.0
K= 1838
5929.98061871
K= 1839
9069.8314632
K= 1840
4715.37199716
K= 1841
9819.63269651
K= 1842
5935.14026394
K= 1843
5009.09340234
K= 1844
8342.05981152
K= 1845
4983.67337861
K= 1846
4945.57956091
K= 1847
8312.16797252
K= 1848
5384.9321613
K= 1849
4974.13249223
K= 1850
4766.13012543
K= 1851
4251.48150899
K= 1852
4748.22331519
K= 1853
4014.5496201
K= 1854
7928.26297393
K= 1855
954.501469918
K= 1856
5236.30230987
K= 1857
4991.9557511
K= 1858
5021.82242724
K= 1859
8298.9047619
K= 1860
4251.48150899
K= 1861
8297.0
K= 1862
8313.0
K= 1863
8318.0
K= 1864
9348.84356282
K= 1865
8312.0
K= 1866
13776.4234211
K= 1867
8274.0
K= 1868
4251.48150899
K= 1869
1339.35961976
K= 1870
7725.01486884
K= 1871
4926.91265321
K= 1872
9123.52639496
K= 1873
4251.48150899
K= 1874
4706.3991135
K= 1875
4084.07002322
K= 1876
8312.0
K= 1877
4935.85346435
K= 1878
4721.04745308
K= 1879
4704.65557457
K= 1880
1091.03572598
K= 1881
8312.16797252
K= 1882
5018.56241629
K= 1883
5025.20870931
K= 1884
7514.19313133
K= 1885
5005.44537711
K= 1886
6449.25470623
K= 1887
4714.65223024
K= 1888
5190.61204164
K= 1889
8307.95652174
K= 1890
8827.0
K= 1891
5718.42374013
K= 1892
4852.44995774
K= 1893
8314.0
K= 1894
4148.5496201
K= 1895
4013.5496201
K= 1896
8309.64285714
K= 1897
3904.61991739
K= 1898
8311.75
K= 1899
6175.20281437
K= 1900
2014.35306611
K= 1901
3979.75
K= 1902
9198.97674403
K= 1903
8310.56470588
K= 1904
1118.99042023
K= 1905
4652.66037784
K= 1906
4945.48865182
K= 1907
4943.49318692
K= 1908
4922.12074302
K= 1909
9770.33335136
K= 1910
4918.16727381
K= 1911
5201.41705471
K= 1912
4672.75328966
K= 1913
4946.74531466
K= 1914
8313.34860113
K= 1915
8306.0234991
K= 1916
8289.34008165
K= 1917
4971.17726294
K= 1918
4678.03368071
K= 1919
8310.71760797
K= 1920
3985.92857143
K= 1921
8304.84210526
K= 1922
8289.75807388
K= 1923
7920.09924019
K= 1924
4767.5902909
K= 1925
1083.03459733
K= 1926
8377.44031492
K= 1927
8310.0
K= 1928
2463.42381159
K= 1929
5048.93039089
K= 1930
41647.8343451
K= 1931
5303.77015865
K= 1932
4849.67997258
K= 1933
8283.72727273
K= 1934
8303.93478261
K= 1935
5746.34034939
K= 1936
5429.36122484
K= 1937
4721.45096099
K= 1938
4727.97452451
K= 1939
4932.88962677
K= 1940
8291.0
K= 1941
5900.88563878
K= 1942
8310.0
K= 1943
981.04400842
K= 1944
8313.0
K= 1945
8308.875
K= 1946
5057.74414508
K= 1947
4889.78587503
K= 1948
5793.62425849
K= 1949
5333.82546994
K= 1950
8311.0
K= 1951
4082.56946923
K= 1952
4251.48150899
K= 1953
8311.88888889
K= 1954
709.334011634
K= 1955
7917.51694067
K= 1956
8306.95774648
K= 1957
4689.60810774
K= 1958
9258.87867994
K= 1959
8313.0
K= 1960
1090.92939284
K= 1961
4897.49280318
K= 1962
9277.02852281
K= 1963
4840.63342562
K= 1964
8311.65164499
K= 1965
4870.45667152
K= 1966
4251.48150899
K= 1967
5502.54629937
K= 1968
4012.5496201
K= 1969
6523.03668838
K= 1970
8261.41571819
K= 1971
18372.1129303
K= 1972
3861.67380476
K= 1973
8266.35321819
K= 1974
8312.93793103
K= 1975
8312.95
K= 1976
5326.81336951
K= 1977
8284.0
K= 1978
8298.9047619
K= 1979
9123.63836347
K= 1980
8256.43165795
K= 1981
5278.41689719
K= 1982
4945.57956091
K= 1983
7792.34256457
K= 1984
5741.88373957
K= 1985
4788.77805525
K= 1986
4145.09370995
K= 1987
979.595335002
K= 1988
101550.54053
K= 1989
8313.0
K= 1990
5535.1302525
K= 1991
8368.10039702
K= 1992
8256.94468491
K= 1993
4766.55880472
K= 1994
8311.75
K= 1995
8266.35321819
K= 1996
8283.72727273
K= 1997
4788.56599931
K= 1998
4934.57405153
K= 1999
4945.57956091
K= 2000
4734.83739829
K= 2001
8312.71746032
K= 2002
8307.90322581
K= 2003
4251.48150899
K= 2004
8311.5
K= 2005
5228.88031234
K= 2006
15353.2532226
K= 2007
4001.57032962
K= 2008
8316.46666123
K= 2009
7784.84103759
K= 2010
4762.56261858
K= 2011
7698.53094359
K= 2012
4817.73339803
K= 2013
4775.42280487
K= 2014
4874.36963582
K= 2015
4082.56946923
K= 2016
7763.93256654
K= 2017
5202.66864466
K= 2018
4870.70740214
K= 2019
4899.74614668
K= 2020
5229.09085361
K= 2021
4962.36998209
K= 2022
4171.5496201
K= 2023
4850.76503013
K= 2024
5736.38723782
K= 2025
2430.17080017
K= 2026
8420.12024616
K= 2027
8311.95
K= 2028
5190.61204164
K= 2029
8309.66666667
K= 2030
9343.47231399
K= 2031
4750.51731264
K= 2032
32435.6393424
K= 2033
4942.79268986
K= 2034
12942.5514889
K= 2035
8309.76923077
K= 2036
18714.6166698
K= 2037
8279.86013678
K= 2038
8311.90426479
K= 2039
8312.95
K= 2040
5996.62771346
K= 2041
4251.48150899
K= 2042
10367.4620676
K= 2043
1042.33146028
K= 2044
5435.42907177
K= 2045
4122.46888666
K= 2046
4252.48150899
K= 2047
9442.60187179
K= 2048
8317.65164499
K= 2049
9765.12395785
K= 2050
4945.57956091
K= 2051
4055.0
K= 2052
4945.19246414
K= 2053
4945.57956091
K= 2054
4945.57956091
K= 2055
8313.0
K= 2056
8312.0
K= 2057
8305.87096774
K= 2058
9180.92292175
K= 2059
865.544073706
K= 2060
8307.90322581
K= 2061
16502.0
K= 2062
4798.28077897
K= 2063
5059.50925312
K= 2064
8285.67380476
K= 2065
8311.86666667
K= 2066
4958.93749014
K= 2067
5540.91141996
K= 2068
8312.0
K= 2069
4104.09370995
K= 2070
5223.85059702
K= 2071
5190.61204164
K= 2072
4637.04884042
K= 2073
538.917010572
K= 2074
4945.57956091
K= 2075
8308.89473684
K= 2076
4945.57956091
K= 2077
8283.16808326
K= 2078
5290.3930234
K= 2079
8827.0
K= 2080
8308.63692421
K= 2081
4902.30455657
K= 2082
8307.83333333
K= 2083
4811.96771712
K= 2084
5378.29511823
K= 2085
4804.68267971
K= 2086
8311.75
K= 2087
42302.9002495
K= 2088
8312.92307692
K= 2089
18624.4903892
K= 2090
4877.83921977
K= 2091
8311.66666667
K= 2092
12939.6144805
K= 2093
8308.47037056
K= 2094
8282.5635992
K= 2095
9556.1886809
K= 2096
8301.96202532
K= 2097
9185.85745315
K= 2098
5849.01546716
K= 2099
3861.67380476
K= 2100
8827.0
K= 2101
8308.95774648
K= 2102
8312.95652174
K= 2103
12783.2628724
K= 2104
8255.75641006
K= 2105
8325.0
K= 2106
8312.44705882
K= 2107
8313.0
K= 2108
1208.5242071
K= 2109
4951.67948572
K= 2110
1140.26426445
K= 2111
4789.5628833
K= 2112
8827.0
K= 2113
4963.71358995
K= 2114
4713.36537639
K= 2115
8311.42666667
K= 2116
5143.67921312
K= 2117
8827.0
K= 2118
4704.16783534
K= 2119
9719.57077666
K= 2120
8313.0
K= 2121
8317.65164499
K= 2122
5186.43692583
K= 2123
8312.72727273
K= 2124
1625.4432268
K= 2125
1226.12314779
K= 2126
8827.0
K= 2127
8264.35321819
K= 2128
8308.0
K= 2129
7267.62901001
K= 2130
4945.57956091
K= 2131
5152.64041352
K= 2132
8302.85714286
K= 2133
4647.40722519
K= 2134
4807.01593369
K= 2135
5935.14026394
K= 2136
4251.48150899
K= 2137
5333.82546994
K= 2138
6261.32682208
K= 2139
4251.48150899
K= 2140
4769.65064052
K= 2141
17990.8180962
K= 2142
4251.48150899
K= 2143
4787.16555435
K= 2144
4945.57956091
K= 2145
4410.71682869
K= 2146
8302.83333333
K= 2147
5466.15682487
K= 2148
8366.63800148
K= 2149
4820.31496446
K= 2150
8313.0
K= 2151
8308.78787879
K= 2152
4014.5496201
K= 2153
4014.5496201
K= 2154
8267.26873262
K= 2155
4251.48150899
K= 2156
4945.57956091
K= 2157
4945.57956091
K= 2158
8304.84210526
K= 2159
16471.5078905
K= 2160
3999.86486486
K= 2161
23068.8858481
K= 2162
5016.61810563
K= 2163
6217.10854772
K= 2164
5762.67029819
K= 2165
8310.8
K= 2166
5196.17829404
K= 2167
8310.95
K= 2168
6662.27159747
K= 2169
8334.57238295
K= 2170
4694.29503135
K= 2171
8262.53859299
K= 2172
9183.38765793
K= 2173
2912.66773509
K= 2174
8310.5
K= 2175
4945.57956091
K= 2176
4862.17487854
K= 2177
5210.80243328
K= 2178
8313.0
K= 2179
4804.80767971
K= 2180
9314.67835872
K= 2181
7937.04075171
K= 2182
5348.66019261
K= 2183
4757.8649016
K= 2184
4945.57956091
K= 2185
8827.0
K= 2186
8313.0
K= 2187
4987.54418551
K= 2188
8422.35242951
K= 2189
8311.2885945
K= 2190
8382.92631075
K= 2191
1125.74276769
K= 2192
5083.13444051
K= 2193
20518.4164365
K= 2194
5050.83657582
K= 2195
8317.26022176
K= 2196
8312.45454545
K= 2197
5230.8774637
K= 2198
5172.92936083
K= 2199
5761.06014758
K= 2200
8312.03612147
K= 2201
11969.5213015
K= 2202
8827.0
K= 2203
9396.3743546
K= 2204
4721.77140072
K= 2205
4647.64274891
K= 2206
4144.5496201
K= 2207
3861.67380476
K= 2208
4834.09030811
K= 2209
8308.88
K= 2210
8298.13782606
K= 2211
8311.75
K= 2212
866.838259255
K= 2213
4251.48150899
K= 2214
8264.37166089
K= 2215
12144.7297297
K= 2216
8322.43640566
K= 2217
4922.29317116
K= 2218
4846.25156619
K= 2219
4251.48150899
K= 2220
8827.0
K= 2221
4945.57956091
K= 2222
8320.22004255
K= 2223
5841.94065469
K= 2224
21502.8384855
K= 2225
8310.0
K= 2226
4945.57956091
K= 2227
4251.48150899
K= 2228
18172.5666845
K= 2229
52962.0
K= 2230
8305.0
K= 2231
10283.5769454
K= 2232
4889.62719039
K= 2233
8298.9047619
K= 2234
8305.0
K= 2235
8313.0
K= 2236
8827.0
K= 2237
4590.54457261
K= 2238
5538.45232317
K= 2239
5212.52727922
K= 2240
4945.4684498
K= 2241
8306.0
K= 2242
4857.15124038
K= 2243
8313.0
K= 2244
8283.72727273
K= 2245
4703.74266029
K= 2246
4821.93418439
K= 2247
4969.34548596
K= 2248
5285.96721344
K= 2249
5178.83337778
K= 2250
8323.44817568
K= 2251
908.804414822
K= 2252
8312.94871795
K= 2253
1182.53884733
K= 2254
4707.48441345
K= 2255
13889.328204
K= 2256
12849.6741203
K= 2257
8313.94871795
K= 2258
8313.0
K= 2259
4945.57956091
K= 2260
8827.0
K= 2261
4834.00116409
K= 2262
8314.0
K= 2263
4945.57956091
K= 2264
5215.50479751
K= 2265
4738.82384042
K= 2266
1151.40438182
K= 2267
8351.99586777
K= 2268
4716.98203656
K= 2269
4893.64154553
K= 2270
5068.4258609
K= 2271
3881.57187749
K= 2272
8299.08314797
K= 2273
4087.08827237
K= 2274
5835.42850423
K= 2275
12866.0003552
K= 2276
4682.48025606
K= 2277
8292.16808326
K= 2278
8294.52145165
K= 2279
4945.57956091
K= 2280
8307.55113872
K= 2281
8319.0
K= 2282
9090.21970408
K= 2283
5117.18065398
K= 2284
4975.37367671
K= 2285
4859.90192246
K= 2286
4677.627528
K= 2287
8292.51334889
K= 2288
4956.88319193
K= 2289
8313.27189776
K= 2290
8313.0
K= 2291
264.038796701
K= 2292
8304.84210526
K= 2293
8317.65164499
K= 2294
4082.56946923
K= 2295
7729.50236698
K= 2296
1260.6204547
K= 2297
8313.0
K= 2298
4944.88789424
K= 2299
5236.50831704
K= 2300
8827.0
K= 2301
8312.0
K= 2302
5066.34116019
K= 2303
5290.69023302
K= 2304
8313.0
K= 2305
3861.67380476
K= 2306
4775.30289729
K= 2307
8260.45321819
K= 2308
8247.02551472
K= 2309
9067.27856181
K= 2310
8313.85714286
K= 2311
8317.65164499
K= 2312
8277.93460563
K= 2313
4945.57956091
K= 2314
3861.67380476
K= 2315
4178.73809164
K= 2316
52962.0
K= 2317
8315.38669666
K= 2318
4812.53382094
K= 2319
1432.93717391
K= 2320
4894.10184997
K= 2321
8312.92857143
K= 2322
8291.9
K= 2323
704.75349909
K= 2324
4408.64980718
K= 2325
4883.33751643
K= 2326
5145.15867538
K= 2327
3861.67380476
K= 2328
4095.71239748
K= 2329
8319.0
K= 2330
4919.69716749
K= 2331
27094.8719227
K= 2332
7147.52236536
K= 2333
4921.75981112
K= 2334
5144.50982398
K= 2335
5224.14788541
K= 2336
8306.0
K= 2337
4995.93451823
K= 2338
8311.9047619
K= 2339
12909.7423484
K= 2340
5421.30828562
K= 2341
4251.48150899
K= 2342
4819.43052506
K= 2343
8338.9255558
K= 2344
4082.56946923
K= 2345
8312.92857143
K= 2346
8308.95890411
K= 2347
22980.635848
K= 2348
8312.0
K= 2349
8312.92857143
K= 2350
8827.0
K= 2351
9283.02297566
K= 2352
5750.18757161
K= 2353
8350.0
K= 2354
8280.78125
K= 2355
4945.57956091
K= 2356
8297.0
K= 2357
4945.57956091
K= 2358
20903.5596057
K= 2359
4251.48150899
K= 2360
4245.64447317
K= 2361
4945.57956091
K= 2362
4082.56946923
K= 2363
4932.85950219
K= 2364
31567.326725
K= 2365
5542.66437624
K= 2366
5421.98685705
K= 2367
9139.828402
K= 2368
4994.48154994
K= 2369
8312.93918919
K= 2370
5227.52941341
K= 2371
8374.10039702
K= 2372
4674.46159107
K= 2373
8275.18303086
K= 2374
5064.87559421
K= 2375
6880.12989819
K= 2376
8321.54260051
K= 2377
5026.9777094
K= 2378
4251.48150899
K= 2379
3948.85714286
K= 2380
8306.71794872
K= 2381
8313.0
K= 2382
16628.3521243
K= 2383
4945.57956091
K= 2384
9115.95697171
K= 2385
4933.05817731
K= 2386
4949.21679613
K= 2387
6535.06494082
K= 2388
4926.5886442
K= 2389
8310.77777778
K= 2390
7641.99484814
K= 2391
4945.57956091
K= 2392
4746.60325751
K= 2393
8305.93975904
K= 2394
8298.9047619
K= 2395
4945.57956091
K= 2396
8284.0
K= 2397
4947.00414746
K= 2398
5574.32753129
K= 2399
5276.59625639
K= 2400
8313.0
K= 2401
7176.09292908
K= 2402
8314.87804878
K= 2403
8268.89446527
K= 2404
8827.0
K= 2405
5444.79791921
K= 2406
5068.4258609
K= 2407
5077.80311569
K= 2408
4024.91891892
K= 2409
10754.1711179
K= 2410
4722.36234967
K= 2411
5245.08813369
K= 2412
4675.58460413
K= 2413
8297.9
K= 2414
4690.37110415
K= 2415
8309.0
K= 2416
963.878048638
K= 2417
2134.78258313
K= 2418
12750.8176936
K= 2419
5549.79321235
K= 2420
5584.46518562
K= 2421
6403.15362763
K= 2422
4285.67398354
K= 2423
4260.69638163
K= 2424
4251.48150899
K= 2425
4512.55526533
K= 2426
8315.63407151
K= 2427
1127.79321235
K= 2428
12862.0790611
K= 2429
8267.35321819
K= 2430
8281.0
K= 2431
1062.91687266
K= 2432
4714.90882013
K= 2433
9257.68206201
K= 2434
7060.47524333
K= 2435
5332.06698144
K= 2436
12805.4155061
K= 2437
4162.5496201
K= 2438
8211.43719617
K= 2439
4703.98495548
K= 2440
8266.94594595
K= 2441
16619.6666667
K= 2442
5169.32100798
K= 2443
4945.57956091
K= 2444
5234.17015528
K= 2445
4584.48787585
K= 2446
4689.85184976
K= 2447
8302.94594595
K= 2448
3977.06666667
K= 2449
5262.46143836
K= 2450
8299.77660482
K= 2451
8311.9047619
K= 2452
4718.28327908
K= 2453
4226.03290351
K= 2454
5412.32066937
K= 2455
4251.48150899
K= 2456
8827.0
K= 2457
18181.4853796
K= 2458
4831.38817472
K= 2459
8298.74213008
K= 2460
4945.57956091
K= 2461
77237.0629314
K= 2462
10753.0210357
K= 2463
5204.64015443
K= 2464
8827.0
K= 2465
8310.86486486
K= 2466
8305.29992188
K= 2467
8267.35321819
K= 2468
4673.63779193
K= 2469
4922.29317116
K= 2470
8307.83333333
K= 2471
4019.91891892
K= 2472
5163.54437562
K= 2473
8301.46969585
K= 2474
9520.87149085
K= 2475
4569.7636307
K= 2476
4654.30355491
K= 2477
7214.39888771
K= 2478
4719.8694857
K= 2479
4574.64107815
K= 2480
5213.58391388
K= 2481
5521.32055309
K= 2482
8298.9047619
K= 2483
4945.57956091
K= 2484
3925.56973296
K= 2485
9565.82646743
K= 2486
8827.0
K= 2487
18190.1673774
K= 2488
5185.95533033
K= 2489
5771.45330801
K= 2490
8291.16808326
K= 2491
4082.56946923
K= 2492
4636.22280784
K= 2493
5201.62449432
K= 2494
8318.0
K= 2495
4951.77406305
K= 2496
5867.91740138
K= 2497
4945.57956091
K= 2498
4251.48150899
K= 2499
4985.61113313
K= 2500
4945.57956091
K= 2501
4945.57956091
K= 2502
4021.91891892
K= 2503
4944.77391807
K= 2504
4945.57956091
K= 2505
4945.57956091
K= 2506
4935.01722689
K= 2507
4945.57956091
K= 2508
4979.60234608
K= 2509
8308.9
K= 2510
5201.3279827
K= 2511
5495.61178584
K= 2512
8313.0
K= 2513
8313.0
K= 2514
4110.83629541
K= 2515
8289.0
K= 2516
11973.0
K= 2517
5832.09372977
K= 2518
4754.04911676
K= 2519
4945.57956091
K= 2520
10752.8020012
K= 2521
9052.62682896
K= 2522
4799.17128093
K= 2523
5437.03073299
K= 2524
4581.35482082
K= 2525
4911.10966751
K= 2526
8305.40454559
K= 2527
841.703272605
K= 2528
4775.89006972
K= 2529
8313.0
K= 2530
8313.0
K= 2531
4945.37754071
K= 2532
1041.36420013
K= 2533
8309.84734223
K= 2534
9258.64722721
K= 2535
3996.0
K= 2536
8314.66666667
K= 2537
8266.35321819
K= 2538
8310.83333333
K= 2539
8308.93975904
K= 2540
5092.73941059
K= 2541
4761.81171218
K= 2542
4130.91075362
K= 2543
49746.5872675
K= 2544
8350.0
K= 2545
8309.9
K= 2546
8310.88888889
K= 2547
8309.66666667
K= 2548
7757.53624048
K= 2549
3970.71370922
K= 2550
8827.0
K= 2551
4251.48150899
K= 2552
8313.0
K= 2553
9507.5577226
K= 2554
3464.47883291
K= 2555
8261.40961408
K= 2556
3693.41244332
K= 2557
6378.22648328
K= 2558
5313.61459944
K= 2559
1322.27834498
K= 2560
8288.1934621
K= 2561
4779.92510815
K= 2562
5058.12265749
K= 2563
5527.43184687
K= 2564
8278.49762133
K= 2565
17654.0
K= 2566
9659.76491308
K= 2567
8313.0
K= 2568
5421.30471337
K= 2569
5434.33909325
K= 2570
4083.56946923
K= 2571
8307.94285714
K= 2572
8313.0
K= 2573
8314.0
K= 2574
4845.88630378
K= 2575
13681.9049864
K= 2576
8273.0
K= 2577
4231.83197257
K= 2578
8827.0
K= 2579
8589.48150899
K= 2580
8313.0
K= 2581
14392.5640046
K= 2582
4937.95863838
K= 2583
6315.54906948
K= 2584
5041.43092045
K= 2585
4431.85693093
K= 2586
8826.0
K= 2587
4016.5496201
K= 2588
9484.19064128
K= 2589
8263.39836805
K= 2590
5307.63283426
K= 2591
8295.0
K= 2592
5749.59837886
K= 2593
5031.39339438
K= 2594
4945.57956091
K= 2595
6386.48338187
K= 2596
4082.56946923
K= 2597
907.294437809
K= 2598
8266.35321819
K= 2599
3984.875
K= 2600
8305.87397962
K= 2601
8307.36178588
K= 2602
6546.7359173
K= 2603
8310.71428571
K= 2604
2083.91971507
K= 2605
1767.98074548
K= 2606
7923.83352543
K= 2607
4251.48150899
K= 2608
10170.9758749
K= 2609
6620.21776011
K= 2610
8299.95652174
K= 2611
5761.51252853
K= 2612
4901.59289938
K= 2613
11097.5864247
K= 2614
8311.95652174
K= 2615
8298.9047619
K= 2616
4653.1298615
K= 2617
8298.9047619
K= 2618
9403.56726621
K= 2619
8827.0
K= 2620
8312.95774648
K= 2621
7911.76914944
K= 2622
4680.95331401
K= 2623
5388.04615213
K= 2624
4916.2486488
K= 2625
8311.75
K= 2626
8312.875
K= 2627
8353.88826181
K= 2628
9216.62494033
K= 2629
9311.94854537
K= 2630
8312.0
K= 2631
5484.5696826
K= 2632
1041.39115035
K= 2633
8827.0
K= 2634
8311.75
K= 2635
8308.9
K= 2636
8310.88888889
K= 2637
8304.95652174
K= 2638
8281.67014889
K= 2639
4082.56946923
K= 2640
4945.57956091
K= 2641
4251.48150899
K= 2642
8301.42869371
K= 2643
5014.41967893
K= 2644
8317.26022176
K= 2645
930.903678916
K= 2646
4669.76441221
K= 2647
4016.5496201
K= 2648
5226.22414164
K= 2649
8299.47159385
K= 2650
8307.85714286
K= 2651
5190.61204164
K= 2652
12805.2976993
K= 2653
4979.33937495
K= 2654
8280.0
K= 2655
9129.90522862
K= 2656
8305.0
K= 2657
5436.28238699
K= 2658
1901.85221445
K= 2659
8298.88235294
K= 2660
8310.94285714
K= 2661
6029.64154673
K= 2662
4082.56946923
K= 2663
9100.83207234
K= 2664
5749.46912048
K= 2665
8317.29773129
K= 2666
5435.13582558
K= 2667
5935.14026394
K= 2668
4879.76699131
K= 2669
3993.67999331
K= 2670
4811.36106719
K= 2671
5300.3052317
K= 2672
8827.0
K= 2673
8311.86486486
K= 2674
5225.26858167
K= 2675
5278.87926015
K= 2676
2757.32072436
K= 2677
4536.51006267
K= 2678
4082.56946923
K= 2679
7730.43052866
K= 2680
8312.92857143
K= 2681
5437.03073299
K= 2682
6720.55320731
K= 2683
4251.48150899
K= 2684
4251.48150899
K= 2685
4901.53615673
K= 2686
8350.0
K= 2687
4251.48150899
K= 2688
9679.13380951
K= 2689
8311.86486486
K= 2690
8296.36440596
K= 2691
8309.84210526
K= 2692
3861.67380476
K= 2693
2292.99604394
K= 2694
8312.84210526
K= 2695
4014.86486486
K= 2696
9566.97977362
K= 2697
8304.16350302
K= 2698
5201.62449432
K= 2699
5232.96855093
K= 2700
4945.32956091
K= 2701
8307.11514664
K= 2702
5029.81641253
K= 2703
5758.40208949
K= 2704
3978.0242932
K= 2705
4751.11669833
K= 2706
5220.54853375
K= 2707
4198.5496201
K= 2708
4090.09356146
K= 2709
4945.57956091
K= 2710
10754.5902365
K= 2711
8313.91891892
K= 2712
4974.05630143
K= 2713
4792.19807879
K= 2714
4771.09725671
K= 2715
9371.31690352
K= 2716
8283.72727273
K= 2717
4014.5496201
K= 2718
13687.5650583
K= 2719
4770.28831616
K= 2720
4082.56946923
K= 2721
8274.63671429
K= 2722
8324.48621048
K= 2723
8312.95364238
K= 2724
8350.0
K= 2725
8382.41304348
K= 2726
5378.29511823
K= 2727
8304.0
K= 2728
4772.95388893
K= 2729
8311.85678307
K= 2730
8278.49147842
K= 2731
8305.87096774
K= 2732
8304.86111111
K= 2733
4601.08797897
K= 2734
8283.72727273
K= 2735
8313.0
K= 2736
8284.95
K= 2737
4945.57956091
K= 2738
7916.04075171
K= 2739
5378.29511823
K= 2740
8267.35321819
K= 2741
14176.1824805
K= 2742
4750.81274008
K= 2743
4945.57956091
K= 2744
13670.9526002
K= 2745
36632.6913123
K= 2746
4251.48150899
K= 2747
5765.52859461
K= 2748
8311.86486486
K= 2749
8309.76923077
K= 2750
13809.2296676
K= 2751
4945.57956091
K= 2752
4945.57956091
K= 2753
5765.34125227
K= 2754
8316.27130026
K= 2755
2552.05596801
K= 2756
8302.68136866
K= 2757
19345.7965501
K= 2758
8350.49932566
K= 2759
8827.0
K= 2760
7796.52713822
K= 2761
5266.34138239
K= 2762
8313.0
K= 2763
3065.63193343
K= 2764
8299.91891892
K= 2765
4854.28330666
K= 2766
8312.0
K= 2767
8311.0
K= 2768
4811.83652807
K= 2769
3978.0
K= 2770
12786.8831568
K= 2771
3972.875
K= 2772
4811.97257597
K= 2773
4736.27357048
K= 2774
4750.30323406
K= 2775
8827.0
K= 2776
4604.27004709
K= 2777
1795.63253657
K= 2778
8313.1372549
K= 2779
3983.0
K= 2780
5029.81629441
K= 2781
5262.40261483
K= 2782
5774.52189476
K= 2783
4779.39154486
K= 2784
8303.75
K= 2785
8303.64841773
K= 2786
4945.57956091
K= 2787
8826.0
K= 2788
9959.36382846
K= 2789
4563.90572754
K= 2790
4859.80298324
K= 2791
8313.0
K= 2792
5761.84586187
K= 2793
5934.30693061
K= 2794
5218.87341643
K= 2795
4945.57956091
K= 2796
2431.34476442
K= 2797
18584.0983865
K= 2798
4640.0971621
K= 2799
27616.4055153
K= 2800
5179.71654338
K= 2801
8312.0
K= 2802
8311.81818182
K= 2803
9072.3235021
K= 2804
4251.48150899
K= 2805
4758.75798972
K= 2806
4945.57956091
K= 2807
5072.860535
K= 2808
4957.15375555
K= 2809
5103.20751715
K= 2810
3861.67380476
K= 2811
5292.98890882
K= 2812
2051.57284522
K= 2813
1049.39562808
K= 2814
6603.94165445
K= 2815
4251.48150899
K= 2816
4623.47472666
K= 2817
8284.3819049
K= 2818
17255.0
K= 2819
5253.72186077
K= 2820
4111.83393337
K= 2821
8301.55077693
K= 2822
7772.68945359
K= 2823
8280.79753633
K= 2824
6147.50541574
K= 2825
8297.93181818
K= 2826
359.13936464
K= 2827
4066.0
K= 2828
4868.62600372
K= 2829
4772.78494769
K= 2830
4082.56946923
K= 2831
4251.48150899
K= 2832
5750.18757161
K= 2833
4719.8694857
K= 2834
5200.18078013
K= 2835
8827.0
K= 2836
24917.25
K= 2837
8306.35585193
K= 2838
8311.75
K= 2839
8309.0
K= 2840
4707.4252352
K= 2841
8305.75
K= 2842
8312.11825633
K= 2843
8258.69622483
K= 2844
4930.2678797
K= 2845
10158.054202
K= 2846
7661.98762653
K= 2847
5344.09623573
K= 2848
13982.9414974
K= 2849
707.908322218
K= 2850
4765.73527251
K= 2851
8362.12728876
K= 2852
8291.9610632
K= 2853
8313.0
K= 2854
5140.90150088
K= 2855
4033.45231947
K= 2856
9263.67928192
K= 2857
5751.63944046
K= 2858
8309.0
K= 2859
4635.74866799
K= 2860
7924.79075171
K= 2861
9897.18657707
K= 2862
3863.67380476
K= 2863
8311.55779081
K= 2864
5189.95344817
K= 2865
7812.29230769
K= 2866
8312.95
K= 2867
8309.91891892
K= 2868
2003.07550479
K= 2869
40819.4074036
K= 2870
4804.10317716
K= 2871
8315.88888889
K= 2872
8313.0
K= 2873
8310.0
K= 2874
5378.29511823
K= 2875
8305.6663725
K= 2876
4945.57956091
K= 2877
4945.57956091
K= 2878
4945.17956091
K= 2879
4993.40387156
K= 2880
5378.29511823
K= 2881
8313.0
K= 2882
8295.3060763
K= 2883
8309.92424242
K= 2884
8273.22209643
K= 2885
4369.5711726
K= 2886
5378.29511823
K= 2887
8281.40317897
K= 2888
5434.82167912
K= 2889
5019.54157172
K= 2890
4660.57384049
K= 2891
5197.43865683
K= 2892
4945.57956091
K= 2893
992.99307292
K= 2894
4251.48150899
K= 2895
7903.12189243
K= 2896
16613.8181818
K= 2897
8310.94594595
K= 2898
6182.54074255
K= 2899
1535.91176242
K= 2900
7782.88823494
K= 2901
7614.20136036
K= 2902
7774.68945359
K= 2903
5378.29511823
K= 2904
4945.57956091
K= 2905
8314.66666667
K= 2906
8312.92857143
K= 2907
6283.41674356
K= 2908
8309.90996695
K= 2909
3862.67380476
K= 2910
12803.360276
K= 2911
4760.93578206
K= 2912
8292.6317507
K= 2913
4781.48075848
K= 2914
4082.56946923
K= 2915
3861.67380476
K= 2916
5170.1517753
K= 2917
8233.72089496
K= 2918
8311.0
K= 2919
9036.3141321
K= 2920
4945.57956091
K= 2921
8827.0
K= 2922
8308.0
K= 2923
4945.57956091
K= 2924
19384.1642748
K= 2925
6148.00541574
K= 2926
16456.7791714
K= 2927
8298.0
K= 2928
8297.0
K= 2929
4869.90725877
K= 2930
6074.24718647
K= 2931
1415.82998523
K= 2932
4945.57956091
K= 2933
8311.86486486
K= 2934
5019.56114906
K= 2935
4784.17468778
K= 2936
1597.06992951
K= 2937
5256.07989208
K= 2938
5480.51077652
K= 2939
4819.61906955
K= 2940
5042.63854349
K= 2941
6731.22800116
K= 2942
36402.4364484
K= 2943
4907.95971911
K= 2944
5054.91360728
K= 2945
4044.9047619
K= 2946
8312.92857143
K= 2947
3999.86486486
K= 2948
5216.55322401
K= 2949
4945.57956091
K= 2950
4251.48150899
K= 2951
10340.0618891
K= 2952
8276.68159688
K= 2953
7797.19380489
K= 2954
3984.0
K= 2955
5062.06638105
K= 2956
4251.48150899
K= 2957
4248.46857203
K= 2958
8313.0
K= 2959
5534.82576307
K= 2960
3987.92857143
K= 2961
8310.0
K= 2962
4945.57956091
K= 2963
8216.90866189
K= 2964
8309.0
K= 2965
4812.50450848
K= 2966
8313.0
K= 2967
9889.15912182
K= 2968
2625.35590377
K= 2969
5923.16046874
K= 2970
8313.0
K= 2971
8314.86666667
K= 2972
4251.48150899
K= 2973
4916.69514435
K= 2974
4725.60508506
K= 2975
4957.09770442
K= 2976
8281.95890411
K= 2977
8296.36142189
K= 2978
3978.00100516
K= 2979
4945.57956091
K= 2980
4931.9794126
K= 2981
3980.75
K= 2982
4945.57956091
K= 2983
5267.54512769
K= 2984
5121.25551689
K= 2985
4022.91891892
K= 2986
4839.2075929
K= 2987
8317.26022176
K= 2988
8432.56946923
K= 2989
4082.56946923
K= 2990
8311.0
K= 2991
4251.48150899
K= 2992
4727.74728638
K= 2993
5172.92936083
K= 2994
18215.4591567
K= 2995
5172.92936083
K= 2996
8255.63607989
K= 2997
1193.72646965
K= 2998
8578.0231749
K= 2999
5255.0790417
K= 3000
4568.56979633
K= 3001
8311.64352941
K= 3002
9151.21978827
K= 3003
4724.22265753
K= 3004
8308.46666667
K= 3005
8285.01915666
K= 3006
5168.54890216
K= 3007
4082.56946923
K= 3008
13783.0238449
K= 3009
5677.63361009
K= 3010
8285.67380476
K= 3011
8303.8115942
K= 3012
8307.55113872
K= 3013
4711.98178446
K= 3014
4945.48865182
K= 3015
8313.0
K= 3016
8313.0
K= 3017
5776.39493381
K= 3018
5333.69360181
K= 3019
8307.90909091
K= 3020
5216.55322401
K= 3021
3994.84210526
K= 3022
4914.54517078
K= 3023
8311.0
K= 3024
8312.9047619
K= 3025
1401.71602155
K= 3026
5830.35801994
K= 3027
8379.3941516
K= 3028
4675.62658389
K= 3029
4251.48150899
K= 3030
8259.875
K= 3031
8308.0
K= 3032
9682.65090328
K= 3033
13876.85122
K= 3034
5547.27322059
K= 3035
5224.91598493
K= 3036
8367.73624448
K= 3037
8827.0
K= 3038
5204.64015443
K= 3039
4953.58768743
K= 3040
5171.96908318
K= 3041
4082.56946923
K= 3042
8315.92
K= 3043
4082.56946923
K= 3044
4055.0
K= 3045
4616.95976382
K= 3046
4691.46399036
K= 3047
9168.35557019
K= 3048
4829.56266619
K= 3049
5076.44482793
K= 3050
8301.86436819
K= 3051
9254.81818508
K= 3052
4945.57956091
K= 3053
5925.67530513
K= 3054
4974.17713491
K= 3055
8313.0
K= 3056
4945.57956091
K= 3057
4251.48150899
K= 3058
8310.75
K= 3059
4945.57956091
K= 3060
4945.57956091
K= 3061
8310.83333333
K= 3062
811.851854997
K= 3063
8311.9
K= 3064
8313.0
K= 3065
4251.48150899
K= 3066
8307.875
K= 3067
4857.04755019
K= 3068
4747.58029929
K= 3069
8283.40175568
K= 3070
8311.0
K= 3071
5241.65174854
K= 3072
8313.0
K= 3073
8827.0
K= 3074
8827.0
K= 3075
9137.4927744
K= 3076
4804.90121506
K= 3077
1357.21397038
K= 3078
8313.0
K= 3079
8283.72727273
K= 3080
4929.56386035
K= 3081
5556.39390837
K= 3082
4840.28081507
K= 3083
8631.80515541
K= 3084
4251.48150899
K= 3085
5019.23604969
K= 3086
4974.40104777
K= 3087
5122.66942239
K= 3088
5378.29511823
K= 3089
8380.15421064
K= 3090
1438.17720277
K= 3091
8283.72727273
K= 3092
8313.91891892
K= 3093
5254.57823728
K= 3094
8267.35321819
K= 3095
5375.67258533
K= 3096
5009.97958259
K= 3097
5208.67418659
K= 3098
4945.57956091
K= 3099
18633.134023
K= 3100
4839.49223374
K= 3101
10754.5902365
K= 3102
8301.90996695
K= 3103
8338.26572125
K= 3104
4891.15824864
K= 3105
4945.57956091
K= 3106
5410.29646809
K= 3107
8296.65164499
K= 3108
8311.88888889
K= 3109
4976.48903821
K= 3110
8318.88259449
K= 3111
8827.0
K= 3112
4251.48150899
K= 3113
8524.0
K= 3114
9408.50813707
K= 3115
5200.08078013
K= 3116
5097.38251741
K= 3117
8260.70059733
K= 3118
52962.0
K= 3119
5377.88440394
K= 3120
4680.37478325
K= 3121
8310.56470588
K= 3122
4732.28680572
K= 3123
8312.0
K= 3124
52962.0
K= 3125
8314.0
K= 3126
8308.94339623
K= 3127
406.317213141
K= 3128
8324.10694973
K= 3129
19215.9129205
K= 3130
8311.0
K= 3131
1364.17743946
K= 3132
1184.15271192
K= 3133
18164.0918752
K= 3134
4613.37238458
K= 3135
8179.72551878
K= 3136
5744.29071616
K= 3137
5203.98435467
K= 3138
4056.5496201
K= 3139
8313.0
K= 3140
8284.09534827
K= 3141
4945.57956091
K= 3142
4781.67217575
K= 3143
4024.0
K= 3144
5453.99818679
K= 3145
5043.90883622
K= 3146
8267.35321819
K= 3147
4251.48150899
K= 3148
4885.31026585
K= 3149
6637.99223384
K= 3150
5202.2305649
K= 3151
8310.5
K= 3152
8256.59450607
K= 3153
7859.21380436
K= 3154
4014.5496201
K= 3155
8314.0
K= 3156
4945.57956091
K= 3157
7745.17245805
K= 3158
4961.50482321
K= 3159
2212.70190947
K= 3160
8266.58499079
K= 3161
5186.72980472
K= 3162
4899.90779133
K= 3163
8306.90909091
K= 3164
4815.78751392
K= 3165
8566.36310247
K= 3166
8310.0
K= 3167
9650.98344973
K= 3168
8827.0
K= 3169
4604.82485619
K= 3170
8311.8
K= 3171
662.488592146
K= 3172
5445.24563328
K= 3173
8827.0
K= 3174
9443.62236853
K= 3175
5200.73911841
K= 3176
4157.5496201
K= 3177
5611.09553901
K= 3178
9500.1750458
K= 3179
5215.05159805
K= 3180
7905.04075171
K= 3181
4014.5496201
K= 3182
5201.69742855
K= 3183
8311.86486486
K= 3184
1307.54748473
K= 3185
6181.89190396
K= 3186
9574.34056394
K= 3187
4642.58846223
K= 3188
4765.72945762
K= 3189
4620.28683428
K= 3190
4621.64505472
K= 3191
8827.0
K= 3192
5337.70490549
K= 3193
8311.0
K= 3194
4873.70144336
K= 3195
8283.72727273
K= 3196
8372.30143362
K= 3197
12662.0
K= 3198
4650.18883341
K= 3199
8309.63562753
K= 3200
4772.06640641
K= 3201
5260.51217241
K= 3202
8314.66666667
K= 3203
5290.81523302
K= 3204
5409.84408714
K= 3205
3864.67380476
K= 3206
4251.48150899
K= 3207
9561.53559196
K= 3208
4014.5496201
K= 3209
8827.0
K= 3210
11045.1989163
K= 3211
8313.0
K= 3212
10754.1902365
K= 3213
4251.48150899
K= 3214
8310.92063492
K= 3215
8313.0
K= 3216
1157.40941449
K= 3217
4251.48150899
K= 3218
4666.96184648
K= 3219
5125.63735779
K= 3220
4639.59177673
K= 3221
8292.84688708
K= 3222
4090.44020297
K= 3223
871.253714768
K= 3224
36409.0241916
K= 3225
5132.83113477
K= 3226
8299.0730618
K= 3227
8826.0
K= 3228
52962.0
K= 3229
5437.03073299
K= 3230
5191.24750625
K= 3231
8309.90909091
K= 3232
5824.72113837
K= 3233
8311.88888889
K= 3234
8311.0
K= 3235
77252.0020434
K= 3236
8827.0
K= 3237
5003.16613455
K= 3238
5750.18757161
K= 3239
4906.69024283
K= 3240
8313.0
K= 3241
9478.62794642
K= 3242
45136.6693698
K= 3243
7316.60075863
K= 3244
8283.72727273
K= 3245
8311.9047619
K= 3246
31676.3578636
K= 3247
4251.48150899
K= 3248
8313.91891892
K= 3249
3893.27474279
K= 3250
5333.82546994
K= 3251
8261.44412728
K= 3252
5293.29802669
K= 3253
5215.50479751
K= 3254
8314.66666667
K= 3255
9487.80897714
K= 3256
4786.65513738
K= 3257
4945.57956091
K= 3258
10760.4735091
K= 3259
5081.54352342
K= 3260
4608.60139376
K= 3261
8283.72727273
K= 3262
5290.81523302
K= 3263
8312.93793103
K= 3264
7527.64755925
K= 3265
52962.0
K= 3266
5333.82546994
K= 3267
1604.91561298
K= 3268
4768.52442169
K= 3269
5182.21189741
K= 3270
8827.0
K= 3271
4574.65035316
K= 3272
4082.56946923
K= 3273
8312.94871795
K= 3274
8278.68007936
K= 3275
4251.48150899
K= 3276
8290.33624112
K= 3277
4755.64126906
K= 3278
4846.33966886
K= 3279
4755.01288818
K= 3280
1419.4605691
K= 3281
4945.57956091
K= 3282
8271.28910954
K= 3283
9256.56462767
K= 3284
8311.83333333
K= 3285
9383.68980268
K= 3286
5321.28945325
K= 3287
4014.5496201
K= 3288
8333.55523133
K= 3289
8308.0
K= 3290
4804.71166388
K= 3291
9157.0375277
K= 3292
992.99307292
K= 3293
4818.66415887
K= 3294
6015.85639729
K= 3295
8374.10039702
K= 3296
8307.8627451
K= 3297
8311.39303588
K= 3298
8304.0
K= 3299
4945.20456091
K= 3300
4620.07491936
K= 3301
5370.77284539
K= 3302
4251.48150899
K= 3303
4945.57956091
K= 3304
15193.531311
K= 3305
8308.85714286
K= 3306
5204.17602134
K= 3307
8310.69862848
K= 3308
5421.98685705
K= 3309
8311.8
K= 3310
5254.8754835
K= 3311
5422.15352372
K= 3312
4944.70456091
K= 3313
4238.62153917
K= 3314
8311.75
K= 3315
5032.89701842
K= 3316
8323.54260051
K= 3317
4834.01338503
K= 3318
8298.9047619
K= 3319
5423.05642221
K= 3320
4761.29652803
K= 3321
8305.92105263
K= 3322
4251.48150899
K= 3323
4813.14161023
K= 3324
9228.08020973
K= 3325
4771.5377033
K= 3326
4760.30491422
K= 3327
17666.9124226
K= 3328
4734.1785305
K= 3329
4749.24396488
K= 3330
4820.99915785
K= 3331
7933.29075171
K= 3332
8311.88888889
K= 3333
5736.65807115
K= 3334
4945.48865182
K= 3335
4014.5496201
K= 3336
18210.7399142
K= 3337
8296.0
K= 3338
4093.02243856
K= 3339
16606.6587796
K= 3340
5019.43174696
K= 3341
4110.0
K= 3342
8827.0
K= 3343
11277.271688
K= 3344
5236.6135802
K= 3345
8299.46733202
K= 3346
8268.70621341
K= 3347
4638.29119293
K= 3348
8276.0
K= 3349
17654.0
K= 3350
8298.0
K= 3351
5242.12249519
K= 3352
36261.0050307
K= 3353
4945.57956091
K= 3354
17654.0
K= 3355
4869.93019546
K= 3356
4967.88830482
K= 3357
13676.298111
K= 3358
4003.9047619
K= 3359
28905.6895137
K= 3360
3958.18174998
K= 3361
8310.75
K= 3362
5333.82546994
K= 3363
8312.87272727
K= 3364
4251.48150899
K= 3365
4251.48150899
K= 3366
4945.57956091
K= 3367
8308.875
K= 3368
5056.69948768
K= 3369
4926.05278699
K= 3370
8298.9047619
K= 3371
8313.0
K= 3372
4680.19815077
K= 3373
8310.0
K= 3374
5437.03073299
K= 3375
4087.18498425
K= 3376
5380.48478156
K= 3377
8313.0
K= 3378
6147.55307574
K= 3379
4014.5496201
K= 3380
4951.77406305
K= 3381
8298.9047619
K= 3382
4083.56946923
K= 3383
4251.48150899
K= 3384
8303.76190476
K= 3385
8289.43253051
K= 3386
3861.67380476
K= 3387
4251.48150899
K= 3388
4251.48150899
K= 3389
8307.0
K= 3390
4729.68031119
K= 3391
5758.39908949
K= 3392
8377.49632778
K= 3393
8311.8358209
K= 3394
5935.14026394
K= 3395
8313.0
K= 3396
8274.24559999
K= 3397
4251.48150899
K= 3398
8282.70300155
K= 3399
8304.01915666
K= 3400
8827.0
K= 3401
8827.0
K= 3402
8303.90909091
K= 3403
8312.77865613
K= 3404
8310.8
K= 3405
1085.15800031
K= 3406
996.095506854
K= 3407
8314.86431345
K= 3408
5181.91397569
K= 3409
4694.61171243
K= 3410
8309.83333333
K= 3411
4769.84628804
K= 3412
4895.43054251
K= 3413
4945.60239223
K= 3414
8313.0
K= 3415
4590.17112992
K= 3416
7783.12900563
K= 3417
4725.25297537
K= 3418
4945.57956091
K= 3419
4951.33415175
K= 3420
4973.32548135
K= 3421
4609.05243165
K= 3422
8295.94871795
K= 3423
4945.57956091
K= 3424
8315.92
K= 3425
8273.76350898
K= 3426
8312.0
K= 3427
4680.73057624
K= 3428
5377.62845156
K= 3429
4618.67969444
K= 3430
3861.67380476
K= 3431
4818.31491651
K= 3432
8311.8
K= 3433
5241.65174854
K= 3434
4754.55764169
K= 3435
5934.08144041
K= 3436
7613.86802702
K= 3437
8298.60645161
K= 3438
5521.32055309
K= 3439
4251.48150899
K= 3440
4251.48150899
K= 3441
7329.00785919
K= 3442
4945.57956091
K= 3443
4903.96862718
K= 3444
8827.0
K= 3445
8313.0
K= 3446
8827.0
K= 3447
5435.83991207
K= 3448
8257.90909091
K= 3449
4786.94522621
K= 3450
5749.44142893
K= 3451
8827.0
K= 3452
9483.8258642
K= 3453
4945.4684498
K= 3454
8249.21807644
K= 3455
5421.98685705
K= 3456
5378.29511823
K= 3457
5200.50069617
K= 3458
4251.48150899
K= 3459
4945.57956091
K= 3460
3861.67380476
K= 3461
4945.57956091
K= 3462
8308.90697674
K= 3463
8324.54260051
K= 3464
4876.65911448
K= 3465
5023.96948191
K= 3466
5150.20426675
K= 3467
6741.90763465
K= 3468
1647.01126224
K= 3469
4251.48150899
K= 3470
13537.0132527
K= 3471
9219.27361138
K= 3472
8308.94285714
K= 3473
8312.84210526
K= 3474
4934.40690623
K= 3475
4251.48150899
K= 3476
8311.16666667
K= 3477
3597.41144867
K= 3478
4993.17844014
K= 3479
4759.39996623
K= 3480
8298.9047619
K= 3481
8291.0
K= 3482
8303.0
K= 3483
5247.47493411
K= 3484
4856.53661911
K= 3485
4879.78966286
K= 3486
4994.06795875
K= 3487
4082.56946923
K= 3488
4082.56946923
K= 3489
4945.57956091
K= 3490
7922.38923656
K= 3491
22801.1506199
K= 3492
8827.0
K= 3493
15453.3424784
K= 3494
8827.0
K= 3495
8312.92857143
K= 3496
8305.66343644
K= 3497
8321.08259449
K= 3498
4975.8929973
K= 3499
5164.32428617
K= 3500
4846.67015112
K= 3501
3994.84210526
K= 3502
4251.48150899
K= 3503
4014.5496201
K= 3504
8329.6663725
K= 3505
8312.94871795
K= 3506
4014.5496201
K= 3507
3978.0
K= 3508
4931.28541693
K= 3509
4945.48865182
K= 3510
8312.46031746
K= 3511
5749.75792563
K= 3512
4251.48150899
K= 3513
5305.5150309
K= 3514
4619.83004754
K= 3515
5061.77980769
K= 3516
5935.14026394
K= 3517
930.646122967
K= 3518
9117.62444974
K= 3519
9155.91068002
K= 3520
4683.69858867
K= 3521
4251.48150899
K= 3522
4945.57956091
K= 3523
4251.48150899
K= 3524
5469.30772367
K= 3525
4944.19246414
K= 3526
4952.51441878
K= 3527
8312.91428571
K= 3528
5020.21168094
K= 3529
4082.56946923
K= 3530
4143.99696308
K= 3531
8384.55636182
K= 3532
8309.88888889
K= 3533
5454.37472214
K= 3534
5750.72337886
K= 3535
1787.72970187
K= 3536
4945.57956091
K= 3537
4082.56946923
K= 3538
5293.29802669
K= 3539
8291.60960046
K= 3540
8764.00060783
K= 3541
8285.0
K= 3542
9898.05185426
K= 3543
6525.55510225
K= 3544
8827.0
K= 3545
8261.31614091
K= 3546
8827.0
K= 3547
4251.48150899
K= 3548
4799.33712399
K= 3549
4945.57956091
K= 3550
4082.56946923
K= 3551
5033.80913028
K= 3552
5411.71467737
K= 3553
4945.57956091
K= 3554
8306.31915302
K= 3555
4945.57956091
K= 3556
8313.0
K= 3557
5520.43401463
K= 3558
9521.50669493
K= 3559
8245.35321819
K= 3560
4627.79884079
K= 3561
4690.47361082
K= 3562
4863.92892897
K= 3563
8308.88
K= 3564
9194.32388915
K= 3565
8312.76923077
K= 3566
4883.60322597
K= 3567
8310.0
K= 3568
8272.55550176
K= 3569
8314.0
K= 3570
4251.48150899
K= 3571
4251.48150899
K= 3572
8267.35321819
K= 3573
8312.0
K= 3574
4155.48733831
K= 3575
8310.85714286
K= 3576
4251.48150899
K= 3577
4781.49493196
K= 3578
8313.0
K= 3579
5821.93428864
K= 3580
8312.95890411
K= 3581
32568.7612384
K= 3582
8309.85714286
K= 3583
3861.67380476
K= 3584
8267.35321819
K= 3585
6148.00541574
K= 3586
4087.26037809
K= 3587
8313.0
K= 3588
4692.72093665
K= 3589
5144.68675585
K= 3590
6858.79651289
K= 3591
12778.0
K= 3592
8827.0
K= 3593
8318.87665892
K= 3594
5140.77709081
K= 3595
3998.0
K= 3596
4883.38110871
K= 3597
8276.12420733
K= 3598
4251.48150899
K= 3599
4999.64307743
K= 3600
5285.67739172
K= 3601
4721.5700325
K= 3602
8298.0
K= 3603
3945.00157018
K= 3604
8318.52840615
K= 3605
8296.59898819
K= 3606
4018.5496201
K= 3607
1955.8497907
K= 3608
8827.0
K= 3609
13963.084605
K= 3610
8827.0
K= 3611
8279.91891892
K= 3612
8279.0
K= 3613
8286.69996878
K= 3614
5305.86910087
K= 3615
8307.0
K= 3616
9245.2236754
K= 3617
4082.56946923
K= 3618
4954.12887273
K= 3619
8301.53943137
K= 3620
5049.29787218
K= 3621
4792.1405832
K= 3622
5047.89417963
K= 3623
6177.62915414
K= 3624
8308.0
K= 3625
4584.5091083
K= 3626
8314.54363636
K= 3627
8311.75
K= 3628
6914.4616527
K= 3629
3963.95652174
K= 3630
4596.80807148
K= 3631
8268.09493153
K= 3632
8309.93975904
K= 3633
4676.87472321
K= 3634
8313.0
K= 3635
4945.57956091
K= 3636
5275.64236858
K= 3637
5247.47493411
K= 3638
4613.15265687
K= 3639
8313.0
K= 3640
5396.0317486
K= 3641
4565.35000587
K= 3642
2084.39705367
K= 3643
4014.5496201
K= 3644
4991.31363483
K= 3645
5232.61447609
K= 3646
3886.07588351
K= 3647
7489.47269615
K= 3648
5549.79321235
K= 3649
8304.0
K= 3650
8311.75
K= 3651
8306.89795918
K= 3652
8313.0
K= 3653
154791.403859
K= 3654
4023.87804878
K= 3655
3861.67380476
K= 3656
3950.0
K= 3657
8307.90909091
K= 3658
8235.76929751
K= 3659
5373.41643966
K= 3660
4251.48150899
K= 3661
4808.37361106
K= 3662
4945.41289424
K= 3663
8314.66666667
K= 3664
8313.87031106
K= 3665
4903.32028938
K= 3666
4979.89920338
K= 3667
8278.93460563
K= 3668
8827.0
K= 3669
4664.64045427
K= 3670
18264.6508233
K= 3671
4006.5496201
K= 3672
8302.94871795
K= 3673
4251.48150899
K= 3674
4905.51073659
K= 3675
5290.81523302
K= 3676
8284.72149418
K= 3677
4603.85370707
K= 3678
8313.0
K= 3679
12443.8019206
K= 3680
4951.88063374
K= 3681
4921.7343574
K= 3682
4444.08994966
K= 3683
12243.7445592
K= 3684
18088.188071
K= 3685
5935.14026394
K= 3686
5214.64781488
K= 3687
8229.44726503
K= 3688
4251.48150899
K= 3689
5078.2490312
K= 3690
8908.9423532
K= 3691
8312.92857143
K= 3692
8246.19718046
K= 3693
5190.71769176
K= 3694
9167.35153149
K= 3695
5507.00683144
K= 3696
2888.13954903
K= 3697
8298.9047619
K= 3698
8310.90909091
K= 3699
4720.31324201
K= 3700
3967.95454546
K= 3701
7925.43250821
K= 3702
5377.72368966
K= 3703
4992.58243657
K= 3704
4994.48154994
K= 3705
8313.0
K= 3706
5729.38753537
K= 3707
5750.18757161
K= 3708
4749.69414849
K= 3709
4611.62571468
K= 3710
8227.45570619
K= 3711
4818.0002756
K= 3712
8311.5
K= 3713
4668.61104475
K= 3714
12765.7878136
K= 3715
4097.87535036
K= 3716
9354.76742365
K= 3717
8313.70828381
K= 3718
4720.64431359
K= 3719
8827.0
K= 3720
23461.6051313
K= 3721
4994.93732513
K= 3722
8375.38130942
K= 3723
8254.56615363
K= 3724
4112.92183071
K= 3725
8307.85714286
K= 3726
8313.0
K= 3727
5247.47493411
K= 3728
7737.1695137
K= 3729
12780.422313
K= 3730
5144.50982398
K= 3731
4713.00742704
K= 3732
10207.6398624
K= 3733
5433.03909325
K= 3734
8310.85714286
K= 3735
8302.93975904
K= 3736
8292.53744871
K= 3737
4103.24164673
K= 3738
8259.19330486
K= 3739
8827.0
K= 3740
8312.85714286
K= 3741
4945.57956091
K= 3742
4679.06803396
K= 3743
5289.96785926
K= 3744
9220.58586242
K= 3745
5235.78261999
K= 3746
5761.72821481
K= 3747
1368.95310304
K= 3748
9226.84447727
K= 3749
8310.96202532
K= 3750
4986.63997325
K= 3751
4945.57956091
K= 3752
4770.65734975
K= 3753
1704.50607373
K= 3754
6137.91505183
K= 3755
3965.55714286
K= 3756
4613.10087416
K= 3757
4859.90192246
K= 3758
8827.0
K= 3759
992.99307292
K= 3760
6453.11548079
K= 3761
4945.24622758
K= 3762
41155.8693938
K= 3763
8330.37343171
K= 3764
4251.48150899
K= 3765
9045.07635826
K= 3766
4014.5496201
K= 3767
3861.67380476
K= 3768
1882.21103144
K= 3769
8310.4880956
K= 3770
5199.80034324
K= 3771
4841.94438805
K= 3772
4854.74130782
K= 3773
8313.0
K= 3774
5750.72337886
K= 3775
5267.55607262
K= 3776
4795.2025036
K= 3777
4994.17844014
K= 3778
8312.0
K= 3779
5256.17989208
K= 3780
4497.23142157
K= 3781
8313.0
K= 3782
5747.67584106
K= 3783
8282.95652174
K= 3784
8311.75
K= 3785
4251.48150899
K= 3786
5553.91818636
K= 3787
9466.7850118
K= 3788
5203.98371365
K= 3789
4945.57956091
K= 3790
8248.72219922
K= 3791
8311.75
K= 3792
5004.95286218
K= 3793
8309.94594595
K= 3794
5210.27569514
K= 3795
4945.57956091
K= 3796
9219.05913675
K= 3797
8278.30529325
K= 3798
8311.75
K= 3799
7739.8930512
K= 3800
5412.15912182
K= 3801
8313.0
K= 3802
4644.34025749
K= 3803
8827.0
K= 3804
4270.98802792
K= 3805
9205.04317352
K= 3806
4949.18344173
K= 3807
4691.87824606
K= 3808
7794.73614978
K= 3809
4913.9653348
K= 3810
8827.0
K= 3811
8304.01915666
K= 3812
5392.26038274
K= 3813
10951.4636238
K= 3814
4806.53378574
K= 3815
2791.77954337
K= 3816
9370.11349938
K= 3817
8314.3530491
K= 3818
8312.94285714
K= 3819
8308.0
K= 3820
4794.53993062
K= 3821
7797.19380489
K= 3822
5236.34223824
K= 3823
8827.0
K= 3824
8277.76191408
K= 3825
8827.0
K= 3826
13695.5450406
K= 3827
4819.96416892
K= 3828
10261.3199199
K= 3829
8316.22134515
K= 3830
5215.50479751
K= 3831
8289.08989683
K= 3832
5469.02123142
K= 3833
4795.16622455
K= 3834
5728.44467823
K= 3835
4944.99622758
K= 3836
4885.73805265
K= 3837
8311.20512821
K= 3838
8300.67460696
K= 3839
8301.57452781
K= 3840
1502.74166805
K= 3841
8317.26022176
K= 3842
8827.0
K= 3843
4945.57956091
K= 3844
1317.07266441
K= 3845
4877.51576371
K= 3846
4945.57956091
K= 3847
8291.27776061
K= 3848
4882.13901889
K= 3849
764.950401774
K= 3850
8305.80603448
K= 3851
5868.36659617
K= 3852
8309.0
K= 3853
4641.54817458
K= 3854
13869.5369666
K= 3855
8312.92857143
K= 3856
8283.72727273
K= 3857
5216.67190762
K= 3858
8280.92598779
K= 3859
4835.92532136
K= 3860
6518.26209695
K= 3861
4626.26108577
K= 3862
8310.56470588
K= 3863
10789.2387764
K= 3864
18528.4766513
K= 3865
8309.42666667
K= 3866
8827.0
K= 3867
4945.57956091
K= 3868
7815.17398785
K= 3869
8312.76190476
K= 3870
5922.78479025
K= 3871
5004.21210428
K= 3872
8353.8694368
K= 3873
4014.5496201
K= 3874
4812.26251517
K= 3875
4925.72800778
K= 3876
4945.57956091
K= 3877
4945.57956091
K= 3878
8313.0
K= 3879
9170.49922562
K= 3880
4954.77727733
K= 3881
4790.30001974
K= 3882
4915.88779823
K= 3883
4251.48150899
K= 3884
71685.0644384
K= 3885
8307.85714286
K= 3886
4945.57956091
K= 3887
4773.59066496
K= 3888
1140.52392821
K= 3889
5010.74325856
K= 3890
8305.87096774
K= 3891
4083.66162564
K= 3892
8202.92089496
K= 3893
9386.62931869
K= 3894
4860.98630502
K= 3895
3983.0
K= 3896
4945.57956091
K= 3897
4048.0496201
K= 3898
12748.1552436
K= 3899
3997.64285714
K= 3900
8827.0
K= 3901
4904.33581219
K= 3902
8317.65164499
K= 3903
8311.83333333
K= 3904
406.470548765
K= 3905
8280.75065644
K= 3906
8311.99847719
K= 3907
10395.5410365
K= 3908
8314.0
K= 3909
8312.8
K= 3910
8313.0
K= 3911
4945.48865182
K= 3912
18240.4541551
K= 3913
8313.0
K= 3914
5437.03073299
K= 3915
5378.89322066
K= 3916
8319.0
K= 3917
8309.7826087
K= 3918
4014.5496201
K= 3919
4945.57956091
K= 3920
5724.93482093
K= 3921
4978.7795055
K= 3922
4005.0
K= 3923
8300.0
K= 3924
8278.56358667
K= 3925
4912.47875527
K= 3926
12720.6627954
K= 3927
7031.8243663
K= 3928
4801.3950516
K= 3929
7736.29510201
K= 3930
4706.25833904
K= 3931
8013.82677136
K= 3932
5254.72182091
K= 3933
5540.7791967
K= 3934
5290.81523302
K= 3935
8311.0
K= 3936
4945.57956091
K= 3937
4600.91536542
K= 3938
50689.6789212
K= 3939
3913.43235739
K= 3940
5750.18757161
K= 3941
8313.5739474
K= 3942
8267.35321819
K= 3943
4040.49911428
K= 3944
5090.11786541
K= 3945
7773.68945359
K= 3946
3981.87804878
K= 3947
8312.52717994
K= 3948
5378.23956267
K= 3949
3953.56946923
K= 3950
8308.89473684
K= 3951
18530.3795957
K= 3952
8023.54684747
K= 3953
5683.32027527
K= 3954
5437.03073299
K= 3955
5200.98965998
K= 3956
8011.8663609
K= 3957
9612.10865791
K= 3958
8287.58618354
K= 3959
4251.48150899
K= 3960
8827.0
K= 3961
8266.35321819
K= 3962
5835.86163591
K= 3963
5022.69515532
K= 3964
5750.18757161
K= 3965
10039.3880545
K= 3966
8312.76923077
K= 3967
4844.20575381
K= 3968
13664.3719592
K= 3969
8309.60952381
K= 3970
4672.32510595
K= 3971
8287.60677658
K= 3972
8311.95424837
K= 3973
9700.46913839
K= 3974
4852.58037405
K= 3975
4123.56946923
K= 3976
5749.5567122
K= 3977
4020.5496201
K= 3978
5014.05971459
K= 3979
4945.57956091
K= 3980
8311.95
K= 3981
8311.0
K= 3982
8283.72727273
K= 3983
5203.80102134
K= 3984
4947.20013336
K= 3985
5201.90400342
K= 3986
8311.66666667
K= 3987
6450.45422142
K= 3988
5236.6135802
K= 3989
4082.56946923
K= 3990
16613.4851166
K= 3991
5524.25474608
K= 3992
8301.55077693
K= 3993
5243.4054491
K= 3994
4082.56946923
K= 3995
5479.36879638
K= 3996
8314.0
K= 3997
8285.47112735
K= 3998
6554.67986133
K= 3999
6383.64939089
K= 4000
5485.32805849
K= 4001
8312.0
K= 4002
8302.9552107
K= 4003
8310.94285714
K= 4004
9126.4675266
K= 4005
8312.92857143
K= 4006
5753.83882087
K= 4007
8042.1805783
K= 4008
4945.57956091
K= 4009
8310.71428571
K= 4010
836.155029426
K= 4011
5436.78073299
K= 4012
8311.60645161
K= 4013
8231.61108811
K= 4014
4030.60378297
K= 4015
8298.0
K= 4016
8283.72727273
K= 4017
8827.0
K= 4018
4020.5496201
K= 4019
8311.14298161
K= 4020
12034.3047757
K= 4021
1358.89887323
K= 4022
8827.0
K= 4023
4932.80519487
K= 4024
4251.48150899
K= 4025
8307.875
K= 4026
8285.67380476
K= 4027
9889.15912182
K= 4028
5036.65252792
K= 4029
8305.87096774
K= 4030
4751.33742215
K= 4031
6030.12837179
K= 4032
8312.0
K= 4033
5003.31121678
K= 4034
8827.0
K= 4035
6368.86096735
K= 4036
12701.2803266
K= 4037
8312.95890411
K= 4038
8309.92424242
K= 4039
8308.80603448
K= 4040
8312.9047619
K= 4041
4251.48150899
K= 4042
8288.59819237
K= 4043
8312.49404762
K= 4044
6233.55053002
K= 4045
8298.9047619
K= 4046
4803.91736636
K= 4047
1423.71762013
K= 4048
8374.16171295
K= 4049
5233.25755066
K= 4050
4945.57956091
K= 4051
31951.5261528
K= 4052
4251.48150899
K= 4053
4251.48150899
K= 4054
4659.24376654
K= 4055
4224.6644454
K= 4056
8278.44176033
K= 4057
5406.24957055
K= 4058
5048.56084629
K= 4059
4945.57956091
K= 4060
8313.0
K= 4061
4758.89527831
K= 4062
8308.92105263
K= 4063
5148.38259038
K= 4064
4251.48150899
K= 4065
8273.12420733
K= 4066
8304.84210526
K= 4067
5167.77491146
K= 4068
8314.0
K= 4069
1129.75307969
K= 4070
8827.0
K= 4071
8311.0
K= 4072
5935.14026394
K= 4073
5333.57546994
K= 4074
5555.35589782
K= 4075
12887.4541281
K= 4076
5002.0471233
K= 4077
5371.81974383
K= 4078
12831.1937977
K= 4079
5378.29511823
K= 4080
8313.4472524
K= 4081
4921.81276048
K= 4082
5226.05182273
K= 4083
174956.070745
K= 4084
8314.89655172
K= 4085
4673.88411897
K= 4086
9785.07952833
K= 4087
8308.31740006
K= 4088
8310.77865613
K= 4089
8302.66666667
K= 4090
3993.66666667
K= 4091
8292.0
K= 4092
4945.57956091
K= 4093
8314.0
K= 4094
4795.99297979
K= 4095
8313.21917958
K= 4096
3861.67380476
K= 4097
6462.30977622
K= 4098
5290.36224156
K= 4099
4983.32725015
K= 4100
4881.03149202
K= 4101
8310.83333333
K= 4102
5041.44367109
K= 4103
4696.65051502
K= 4104
706.466649893
K= 4105
3861.68859704
K= 4106
5327.15527365
K= 4107
4928.83748323
K= 4108
8309.0
K= 4109
8827.0
K= 4110
5075.79233899
K= 4111
8311.88347093
K= 4112
8267.95890411
K= 4113
4997.78132742
K= 4114
4922.29317116
K= 4115
8312.49404762
K= 4116
4578.87848446
K= 4117
5196.46992959
K= 4118
8312.94285714
K= 4119
1627.27605169
K= 4120
10832.8988662
K= 4121
8297.95774648
K= 4122
4064.73929081
K= 4123
14109.2253845
K= 4124
4082.56946923
K= 4125
8305.0
K= 4126
4614.15936027
K= 4127
8311.01538462
K= 4128
8307.90322581
K= 4129
5019.26467752
K= 4130
8294.71316258
K= 4131
5436.75800571
K= 4132
20694.3879959
K= 4133
4834.09030811
K= 4134
8269.0806566
K= 4135
8314.0
K= 4136
8310.86111111
K= 4137
8311.75
K= 4138
8312.92857143
K= 4139
4852.85831343
K= 4140
5202.8629834
K= 4141
8827.0
K= 4142
4251.48150899
K= 4143
6464.05226015
K= 4144
8312.0
K= 4145
8283.72727273
K= 4146
8313.0
K= 4147
8267.35321819
K= 4148
8312.94594595
K= 4149
4156.5496201
K= 4150
8311.0
K= 4151
12044.8518222
K= 4152
4835.81455229
K= 4153
5171.15157654
K= 4154
4720.25638718
K= 4155
8266.77944146
K= 4156
22838.6812016
K= 4157
968.533662273
K= 4158
4834.09030811
K= 4159
3014.39974663
K= 4160
8308.64285714
K= 4161
4612.70989707
K= 4162
8313.0
K= 4163
8301.55077693
K= 4164
8312.1
K= 4165
4831.40915452
K= 4166
8313.0
K= 4167
6313.14906948
K= 4168
8308.92857143
K= 4169
5746.88757161
K= 4170
6074.24718647
K= 4171
5882.83478141
K= 4172
16615.75
K= 4173
5292.94868837
K= 4174
8247.38484941
K= 4175
8380.00359317
K= 4176
9301.60720615
K= 4177
5247.47493411
K= 4178
12936.5118748
K= 4179
8304.43165795
K= 4180
8311.86486486
K= 4181
8306.86486486
K= 4182
19771.7088444
K= 4183
8280.0
K= 4184
4198.70702699
K= 4185
4647.97263691
K= 4186
8314.0
K= 4187
4834.87096803
K= 4188
8309.83333333
K= 4189
5102.55711018
K= 4190
9122.47873231
K= 4191
5580.60578697
K= 4192
7478.68215826
K= 4193
4568.35068579
K= 4194
9157.36453753
K= 4195
4251.48150899
K= 4196
9770.23155228
K= 4197
4945.57956091
K= 4198
4606.5832924
K= 4199
4794.53993062
K= 4200
3861.67380476
K= 4201
4841.99685997
K= 4202
4802.11086181
K= 4203
4945.57956091
K= 4204
8996.69428474
K= 4205
5378.29511823
K= 4206
16081.3236918
K= 4207
4798.26103252
K= 4208
8827.0
K= 4209
13691.2830998
K= 4210
8312.0
K= 4211
8269.56419694
K= 4212
8314.0
K= 4213
4016.5496201
K= 4214
4961.31720125
K= 4215
4107.89271441
K= 4216
4945.57956091
K= 4217
8289.0
K= 4218
5164.57254365
K= 4219
4355.23545662
K= 4220
9421.77406305
K= 4221
7476.07697737
K= 4222
4852.96300304
K= 4223
8304.69553065
K= 4224
4857.09907248
K= 4225
8282.59459459
K= 4226
5748.78372546
K= 4227
8308.44255842
K= 4228
8267.72641974
K= 4229
4720.76306324
K= 4230
4945.57956091
K= 4231
2593.18356981
K= 4232
4025.91891892
K= 4233
4945.57956091
K= 4234
4601.56512366
K= 4235
8301.92857143
K= 4236
5184.33387506
K= 4237
5066.7458609
K= 4238
40814.4423318
K= 4239
4755.02069137
K= 4240
10720.2632817
K= 4241
7180.52605879
K= 4242
9265.92727641
K= 4243
18676.5946389
K= 4244
4817.24320891
K= 4245
4895.38430549
K= 4246
6133.13043667
K= 4247
8312.96202532
K= 4248
4794.28794977
K= 4249
5750.18757161
K= 4250
8312.0
K= 4251
8318.0978542
K= 4252
8262.35321819
K= 4253
3994.0
K= 4254
4251.48150899
K= 4255
4945.57956091
K= 4256
8285.08410008
K= 4257
4039.91891892
K= 4258
8319.0
K= 4259
4659.77311336
K= 4260
4735.78820969
K= 4261
5194.2919466
K= 4262
4082.56946923
K= 4263
4609.28067607
K= 4264
8317.62486868
K= 4265
4945.57956091
K= 4266
4850.96644346
K= 4267
8311.94736842
K= 4268
4946.69756576
K= 4269
4107.12900942
K= 4270
8308.85714286
K= 4271
8268.95890411
K= 4272
8827.0
K= 4273
4945.57956091
K= 4274
4251.48150899
K= 4275
4737.03216162
K= 4276
5238.86124228
K= 4277
4834.01338503
K= 4278
4758.40151212
K= 4279
8314.83333333
K= 4280
8305.0
K= 4281
5030.58833405
K= 4282
17654.0
K= 4283
4641.95433104
K= 4284
8313.0
K= 4285
4796.76729504
K= 4286
3637.18902661
K= 4287
17666.9124226
K= 4288
8493.43282147
K= 4289
6479.73573485
K= 4290
4091.56946923
K= 4291
4593.37646326
K= 4292
4963.63716596
K= 4293
5480.10698864
K= 4294
5888.70265539
K= 4295
5679.38292684
K= 4296
8312.0
K= 4297
8827.0
K= 4298
8283.72727273
K= 4299
4811.85629812
K= 4300
8309.75
K= 4301
8313.0
K= 4302
4805.65822397
K= 4303
5333.68005128
K= 4304
9832.35385318
K= 4305
8300.94117647
K= 4306
5549.40984632
K= 4307
4981.9440497
K= 4308
4945.57956091
K= 4309
5227.77552183
K= 4310
8306.95117501
K= 4311
5000.22259158
K= 4312
4251.48150899
K= 4313
5537.40281281
K= 4314
9368.19134485
K= 4315
5206.97528227
K= 4316
8234.52105036
K= 4317
4977.8098911
K= 4318
4945.57956091
K= 4319
4886.71664132
K= 4320
8267.35321819
K= 4321
8295.94285714
K= 4322
4834.13637244
K= 4323
4970.89695888
K= 4324
5112.9077359
K= 4325
4630.35577604
K= 4326
5268.33340607
K= 4327
8228.91672829
K= 4328
4639.45003951
K= 4329
4806.97944056
K= 4330
18441.8258844
K= 4331
8321.62903714
K= 4332
5843.3043593
K= 4333
22660.7315082
K= 4334
4945.57956091
K= 4335
8283.0
K= 4336
1096.13537313
K= 4337
4668.35201926
K= 4338
4907.069775
K= 4339
8298.9047619
K= 4340
4945.57956091
K= 4341
9344.63304443
K= 4342
4014.5496201
K= 4343
6396.30504835
K= 4344
8310.37398253
K= 4345
5056.67484144
K= 4346
4584.90948361
K= 4347
8313.91891892
K= 4348
8313.0
K= 4349
4945.57956091
K= 4350
7283.13047621
K= 4351
4845.5881807
K= 4352
5176.24006149
K= 4353
8313.0
K= 4354
4265.56946923
K= 4355
4055.0
K= 4356
8826.0
K= 4357
5203.90329407
K= 4358
5280.54576192
K= 4359
5202.67756951
K= 4360
4374.3052449
K= 4361
4835.19903526
K= 4362
8310.91428571
K= 4363
4633.51211415
K= 4364
3979.0
K= 4365
8314.66666667
K= 4366
5826.32746571
K= 4367
14023.9335265
K= 4368
5421.72744845
K= 4369
5184.27987271
K= 4370
8312.94871795
K= 4371
8306.91891892
K= 4372
5028.80262715
K= 4373
8312.90909091
K= 4374
4025.0
K= 4375
7953.87840077
K= 4376
9362.79880412
K= 4377
8313.49718792
K= 4378
4021.91891892
K= 4379
4082.56946923
K= 4380
15249.7461998
K= 4381
4082.56946923
K= 4382
8310.75
K= 4383
5217.48143143
K= 4384
22925.6180255
K= 4385
4945.57956091
K= 4386
4849.3110879
K= 4387
8304.06659902
K= 4388
8309.9
K= 4389
12144.75
K= 4390
4668.9354133
K= 4391
5236.22072306
K= 4392
5513.51738213
K= 4393
4853.68448601
K= 4394
8378.23482774
K= 4395
5073.98778588
K= 4396
8827.0
K= 4397
8313.32484466
K= 4398
4945.57956091
K= 4399
8302.92727273
K= 4400
9847.0272646
K= 4401
4082.56946923
K= 4402
8311.75
K= 4403
5287.6113535
K= 4404
8827.0
K= 4405
4945.57956091
K= 4406
5197.64675108
K= 4407
8313.0
K= 4408
3981.0
K= 4409
4945.57956091
K= 4410
4082.56946923
K= 4411
8310.0
K= 4412
10043.9845665
K= 4413
5216.42822401
K= 4414
8314.0
K= 4415
4104.67398354
K= 4416
4021.91891892
K= 4417
4838.57307744
K= 4418
4945.57956091
K= 4419
5668.25436078
K= 4420
8275.0
K= 4421
4607.93216873
K= 4422
7748.84118964
K= 4423
4784.92961564
K= 4424
4770.39988377
K= 4425
8313.0
K= 4426
8312.92857143
K= 4427
4085.11727409
K= 4428
4945.57956091
K= 4429
5310.35450988
K= 4430
4014.5496201
K= 4431
4791.43788085
K= 4432
5492.10384925
K= 4433
10753.9235698
K= 4434
1923.91803033
K= 4435
5582.8074738
K= 4436
5549.79321235
K= 4437
5934.14026394
K= 4438
8308.89473684
K= 4439
7770.47953875
K= 4440
13697.7209464
K= 4441
8312.66666667
K= 4442
19308.9534865
K= 4443
4622.40590389
K= 4444
5220.19501338
K= 4445
8311.95774648
K= 4446
4251.48150899
K= 4447
8350.0
K= 4448
8278.64612723
K= 4449
8827.0
K= 4450
4945.57956091
K= 4451
4786.05145913
K= 4452
13837.2849452
K= 4453
5374.48828062
K= 4454
8827.0
K= 4455
9311.75533722
K= 4456
4945.57956091
K= 4457
9220.83470898
K= 4458
3861.67380476
K= 4459
4622.96477457
K= 4460
4082.56946923
K= 4461
2775.16443166
K= 4462
8377.60813451
K= 4463
8290.3051957
K= 4464
5189.27340197
K= 4465
1109.88113579
K= 4466
5201.1050446
K= 4467
3915.64578356
K= 4468
4945.57956091
K= 4469
3987.92
K= 4470
8314.66666667
K= 4471
14283.6251961
K= 4472
5271.19419591
K= 4473
4853.86957883
K= 4474
5216.37140583
K= 4475
8310.0
K= 4476
24889.7095063
K= 4477
4251.48150899
K= 4478
8309.92424242
K= 4479
5378.29511823
K= 4480
8311.0
K= 4481
4945.57956091
K= 4482
1238.53308245
K= 4483
8305.87096774
K= 4484
8285.16808326
K= 4485
8306.47159385
K= 4486
4022.26025232
K= 4487
4945.57956091
K= 4488
1183.39943212
K= 4489
8313.0
K= 4490
2544.99006422
K= 4491
5209.12462405
K= 4492
8311.0
K= 4493
23324.7756939
K= 4494
5306.62718932
K= 4495
3948.85714286
K= 4496
4830.48536217
K= 4497
1489.49941939
K= 4498
16646.0
K= 4499
8306.0
K= 4500
8278.27984761
K= 4501
2755.71332642
K= 4502
5141.11378535
K= 4503
4627.63825482
K= 4504
9446.62794908
K= 4505
4917.37934289
K= 4506
13995.966451
K= 4507
4680.96154338
K= 4508
5750.34225842
K= 4509
8298.9047619
K= 4510
4251.48150899
K= 4511
8312.0
K= 4512
6037.71650638
K= 4513
8309.63562753
K= 4514
5280.00447265
K= 4515
8311.94594595
K= 4516
4945.57956091
K= 4517
5211.7679133
K= 4518
1210.7366023
K= 4519
8254.08730353
K= 4520
8311.93975904
K= 4521
5442.19412414
K= 4522
8312.95652174
K= 4523
8313.0
K= 4524
8311.75
K= 4525
4945.75567931
K= 4526
4827.15253477
K= 4527
8313.0
K= 4528
13692.511441
K= 4529
5046.20871249
K= 4530
4945.57956091
K= 4531
8313.0
K= 4532
5217.0681048
K= 4533
4668.60004122
K= 4534
5004.79075343
K= 4535
4086.28434859
K= 4536
8306.9047619
K= 4537
6194.33799739
K= 4538
4713.28714264
K= 4539
4945.57956091
K= 4540
12720.8922882
K= 4541
4315.96040818
K= 4542
4945.48865182
K= 4543
4615.71604098
K= 4544
4251.48150899
K= 4545
8311.0
K= 4546
8305.0
K= 4547
8314.0
K= 4548
8301.92016317
K= 4549
9112.06526809
K= 4550
4955.92193096
K= 4551
4251.48150899
K= 4552
4021.91891892
K= 4553
4175.86642461
K= 4554
10154.3212836
K= 4555
4260.69638163
K= 4556
4780.47982406
K= 4557
8827.0
K= 4558
4019.0
K= 4559
8309.9047619
K= 4560
4251.48150899
K= 4561
8313.0
K= 4562
4945.27956091
K= 4563
8232.16808326
K= 4564
4082.56946923
K= 4565
4769.06335018
K= 4566
8304.91891892
K= 4567
4612.60821074
K= 4568
8282.0
K= 4569
8274.0
K= 4570
4251.48150899
K= 4571
27726.6546246
K= 4572
7937.04075171
K= 4573
16602.8630137
K= 4574
4251.48150899
K= 4575
7008.67959861
K= 4576
8267.48020232
K= 4577
8312.0
K= 4578
4251.48150899
K= 4579
4752.16605515
K= 4580
12878.6857101
K= 4581
4990.1857059
K= 4582
8587.17888027
K= 4583
8300.31977139
K= 4584
9314.24196237
K= 4585
4948.90869256
K= 4586
4653.76691868
K= 4587
2951.19187775
K= 4588
8122.94419709
K= 4589
8298.0
K= 4590
2086.08682311
K= 4591
6597.52962342
K= 4592
4675.91439338
K= 4593
4700.24162188
K= 4594
9217.99561173
K= 4595
5734.704225
K= 4596
4945.57956091
K= 4597
8309.56470588
K= 4598
8313.0
K= 4599
5291.64927276
K= 4600
8827.0
K= 4601
5242.28134099
K= 4602
8298.9047619
K= 4603
4782.35188656
K= 4604
5357.97117468
K= 4605
8311.0
K= 4606
8277.45595035
K= 4607
8298.12076011
K= 4608
5023.59730684
K= 4609
8314.0
K= 4610
5421.98685705
K= 4611
4939.11245737
K= 4612
8132.39042452
K= 4613
4251.48150899
K= 4614
5204.64015443
K= 4615
8307.02219969
K= 4616
4566.63623583
K= 4617
8309.0
Betweenness Centrality Improvement
[ 5277.58893848  4770.13126927  4718.98204871 ...,  4566.63623583  8309.
     0.        ]
Top 20 BC Improvement
[4083 1352 3653  498 1988  646 3235 2461 3884  222 1104 3124 3228 2229 2316
 3118 3265 1808 3938    3]
