txValue= 100
Our nodes starting connections: 
(4618, 2796)
(4618, 1223)
(4618, 235)
(4618, 1163)
(4618, 2693)
(4618, 4083)
(4618, 1352)
K= 0
5361.66115301
K= 1
4811.60271478
K= 2
4748.61118184
K= 3
50719.6148863
K= 4
13781.7325264
K= 5
5005.21872895
K= 6
7820.50420568
K= 7
5164.02423082
K= 8
13953.7013912
K= 9
9248.11303104
K= 10
8237.94285714
K= 11
4666.43265822
K= 12
8129.5995248
K= 13
5005.12781985
K= 14
5985.99459952
K= 15
2031.10659651
K= 16
5005.12781985
K= 17
8827.0
K= 18
4884.11158835
K= 19
9108.77863147
K= 20
799.218728947
K= 21
5331.5806339
K= 22
3919.84210526
K= 23
8171.53362324
K= 24
4663.37854469
K= 25
4776.64801604
K= 26
5362.74675211
K= 27
5181.92262887
K= 28
4023.77463462
K= 29
5047.79572231
K= 30
5005.01571752
K= 31
16431.6861984
K= 32
9414.06963558
K= 33
5280.84468231
K= 34
5183.08597017
K= 35
4722.1804792
K= 36
8241.0
K= 37
4877.18760556
K= 38
5819.66049122
K= 39
5085.09577844
K= 40
8241.37964763
K= 41
3846.98103192
K= 42
12683.9189189
K= 43
4818.05093313
K= 44
5379.20012375
K= 45
4994.9879335
K= 46
4070.60174023
K= 47
4916.43152757
K= 48
8231.0
K= 49
3943.8314589
K= 50
9236.21377187
K= 51
3924.86486487
K= 52
4850.4070429
K= 53
5210.4544197
K= 54
5332.50327929
K= 55
8230.87096774
K= 56
8214.0
K= 57
4878.20212613
K= 58
5324.28683121
K= 59
4045.12911564
K= 60
8218.62932865
K= 61
19629.7938315
K= 62
23013.1441393
K= 63
8236.75
K= 64
5447.8764359
K= 65
8233.875
K= 66
4228.31046669
K= 67
8247.13796942
K= 68
8170.90550514
K= 69
5344.48809522
K= 70
8237.92857143
K= 71
3167.59440541
K= 72
8234.0
K= 73
4742.52067976
K= 74
4684.79614996
K= 75
5287.97534985
K= 76
12139.6528669
K= 77
4175.93830017
K= 78
4930.00760243
K= 79
8237.95774648
K= 80
14129.7860144
K= 81
8386.45172736
K= 82
8236.45
K= 83
3707.20993137
K= 84
5261.21274672
K= 85
5048.17092388
K= 86
4785.71466389
K= 87
5269.25776838
K= 88
3903.54393069
K= 89
3863.9247374
K= 90
8238.0
K= 91
10117.7930217
K= 92
7773.97839778
K= 93
10918.6347186
K= 94
5005.21872895
K= 95
6160.1284565
K= 96
8238.0
K= 97
8234.89583333
K= 98
4981.44409866
K= 99
4827.27966304
K= 100
8237.91891892
K= 101
5283.0216748
K= 102
5334.78384747
K= 103
4878.75810908
K= 104
4008.88011952
K= 105
4004.12911564
K= 106
5005.21872895
K= 107
6048.13240024
K= 108
8237.0
K= 109
8234.0
K= 110
6020.62537028
K= 111
8827.0
K= 112
5005.21872895
K= 113
5300.14578163
K= 114
5269.88464107
K= 115
5004.83163217
K= 116
8234.94882694
K= 117
4175.93830017
K= 118
8238.25281804
K= 119
5143.40382501
K= 120
1376.03474182
K= 121
5005.21872895
K= 122
8235.5
K= 123
8144.41254447
K= 124
8827.0
K= 125
8222.74139888
K= 126
4689.78048269
K= 127
1195.05560475
K= 128
5122.30261637
K= 129
23754.5557172
K= 130
5507.15431426
K= 131
10325.6547186
K= 132
5005.21872895
K= 133
4742.70144132
K= 134
5005.21872895
K= 135
9597.82597777
K= 136
5164.25163525
K= 137
4732.94343301
K= 138
944.632677717
K= 139
2359.17400037
K= 140
8239.0
K= 141
8238.0
K= 142
4175.93830017
K= 143
4616.45266879
K= 144
5004.83163217
K= 145
1013.20794221
K= 146
9224.12345883
K= 147
9277.79746583
K= 148
6581.15962334
K= 149
4146.12911564
K= 150
8234.87772397
K= 151
9805.85534839
K= 152
3702.29249915
K= 153
3934.90476191
K= 154
10072.5243979
K= 155
8827.0
K= 156
4581.35379865
K= 157
8230.95774648
K= 158
8238.0
K= 159
8205.84163658
K= 160
4753.93641691
K= 161
8239.0
K= 162
8235.89473684
K= 163
9482.21872895
K= 164
8237.92105263
K= 165
4598.81666235
K= 166
5250.9321163
K= 167
1420.03314652
K= 168
3950.04752742
K= 169
8162.09668161
K= 170
8237.49404762
K= 171
5103.00183748
K= 172
5463.03064602
K= 173
4830.56950157
K= 174
5586.87373751
K= 175
4767.15372227
K= 176
4004.12911564
K= 177
8226.90476191
K= 178
8218.0
K= 179
8238.0
K= 180
4625.52843438
K= 181
8827.0
K= 182
4891.27903665
K= 183
22857.2817292
K= 184
4703.09054193
K= 185
8235.99339364
K= 186
8238.0
K= 187
4848.42896757
K= 188
8827.0
K= 189
4811.7540764
K= 190
3938.60174023
K= 191
8203.9033439
K= 192
8235.875
K= 193
8239.83333333
K= 194
5372.58339947
K= 195
8237.94285714
K= 196
12006.4492231
K= 197
9281.39764177
K= 198
5930.877811
K= 199
4864.51745839
K= 200
5774.00278456
K= 201
9100.04211311
K= 202
5587.87373751
K= 203
4012.66684737
K= 204
8223.46744359
K= 205
5244.27925349
K= 206
8827.0
K= 207
5119.84614841
K= 208
933.937437475
K= 209
8239.0
K= 210
5267.31515382
K= 211
4783.77765089
K= 212
7789.08526053
K= 213
5037.89297589
K= 214
4965.35966663
K= 215
3938.60174023
K= 216
5328.13929949
K= 217
4839.56423612
K= 218
3904.8
K= 219
5623.84190405
K= 220
1562.84665797
K= 221
4687.24783062
K= 222
67955.1107819
K= 223
3938.60174023
K= 224
4858.72761141
K= 225
5207.79266117
K= 226
5097.39506515
K= 227
21576.0018516
K= 228
4082.60174023
K= 229
8247.00870801
K= 230
3814.64466014
K= 231
3802.50221576
K= 232
8238.0
K= 233
8221.95774648
K= 234
9181.55341683
K= 235
3745.08310443
K= 236
4878.20212613
K= 237
7831.4001735
K= 238
3707.20993137
K= 239
1988.65532861
K= 240
8234.83333333
K= 241
4748.63806597
K= 242
4696.43890035
K= 243
5005.21872895
K= 244
5005.21872895
K= 245
8244.0
K= 246
8141.29096055
K= 247
8229.84210526
K= 248
8229.90476191
K= 249
3916.0
K= 250
8236.0
K= 251
4601.59303462
K= 252
8208.84796146
K= 253
5796.91102868
K= 254
4175.93830017
K= 255
8827.0
K= 256
5178.38480023
K= 257
8224.0
K= 258
9331.44065823
K= 259
5014.64004102
K= 260
9533.5217258
K= 261
8188.13611912
K= 262
8827.0
K= 263
8219.13646455
K= 264
8236.75
K= 265
5237.63520003
K= 266
4995.43210972
K= 267
4922.28306257
K= 268
5367.1095129
K= 269
5049.4312867
K= 270
5718.18573145
K= 271
3938.60174023
K= 272
5639.50434028
K= 273
8827.0
K= 274
4769.25504765
K= 275
5544.85311913
K= 276
5951.43592089
K= 277
5005.21872895
K= 278
8236.9647716
K= 279
5005.21872895
K= 280
3938.60174023
K= 281
5424.40728336
K= 282
5249.38466051
K= 283
3846.98103192
K= 284
8236.01538462
K= 285
3885.42622451
K= 286
4748.56951517
K= 287
866.606372846
K= 288
3659.83738844
K= 289
5035.66327479
K= 290
5040.74446142
K= 291
5005.21872895
K= 292
4004.12911564
K= 293
5311.9643834
K= 294
9785.06604262
K= 295
4667.22953373
K= 296
1268.72389401
K= 297
8306.0885838
K= 298
8238.0
K= 299
5493.82520828
K= 300
9213.52349503
K= 301
3776.44316907
K= 302
4746.44390099
K= 303
5805.49883651
K= 304
8827.0
K= 305
4686.52809474
K= 306
5400.38587863
K= 307
997.503249581
K= 308
5005.21872895
K= 309
8158.05693248
K= 310
4175.93830017
K= 311
5838.56566052
K= 312
8233.0
K= 313
8122.92683387
K= 314
5005.21872895
K= 315
5837.35796821
K= 316
9774.00601698
K= 317
8827.0
K= 318
8198.90909091
K= 319
14230.8667031
K= 320
4798.88783681
K= 321
17393.6249378
K= 322
8298.15251716
K= 323
8238.0
K= 324
8236.83333333
K= 325
4175.93830017
K= 326
3938.60174023
K= 327
4916.50195383
K= 328
4718.07916271
K= 329
4575.95987356
K= 330
4923.86713434
K= 331
8228.12744963
K= 332
8827.0
K= 333
5257.22872151
K= 334
6119.1285454
K= 335
5379.20012375
K= 336
6006.62765647
K= 337
4004.12911564
K= 338
5257.39643639
K= 339
14240.7412293
K= 340
5329.83677838
K= 341
6996.72938109
K= 342
8234.84210526
K= 343
4766.57001683
K= 344
4832.88258585
K= 345
5815.88190518
K= 346
8241.66666667
K= 347
4903.31655854
K= 348
3947.8
K= 349
4680.35781205
K= 350
5336.50283073
K= 351
1671.14419466
K= 352
15247.0218631
K= 353
5189.9902157
K= 354
4830.2932585
K= 355
4175.93830017
K= 356
8238.0
K= 357
4175.93830017
K= 358
4674.46769913
K= 359
8241.66666667
K= 360
8158.05693248
K= 361
9105.8584017
K= 362
4867.61414467
K= 363
5269.10050097
K= 364
6242.39014031
K= 365
8237.84210526
K= 366
8221.5259834
K= 367
8238.0
K= 368
8236.75
K= 369
4704.30822586
K= 370
8827.0
K= 371
10509.9127761
K= 372
5067.99280832
K= 373
8236.71080003
K= 374
8235.91428571
K= 375
8214.94457368
K= 376
7755.59352641
K= 377
4908.05845973
K= 378
5269.88464107
K= 379
5285.70618194
K= 380
4840.5981189
K= 381
5005.21872895
K= 382
5325.74284909
K= 383
5279.81824337
K= 384
4712.29500365
K= 385
5005.21872895
K= 386
5006.38442809
K= 387
3946.91891892
K= 388
1973.36414286
K= 389
16472.0
K= 390
4704.27128613
K= 391
8235.0
K= 392
8238.0
K= 393
4892.58210055
K= 394
8827.0
K= 395
5005.21872895
K= 396
5192.49982439
K= 397
8237.93975904
K= 398
8219.94117647
K= 399
8234.7134183
K= 400
5485.58823161
K= 401
4757.45448572
K= 402
5005.21872895
K= 403
4677.22021207
K= 404
7958.18539439
K= 405
8236.96202532
K= 406
8238.33836328
K= 407
8237.0
K= 408
1674.40665819
K= 409
8827.0
K= 410
8233.85714286
K= 411
8229.90476191
K= 412
8235.20112782
K= 413
8827.0
K= 414
5336.72377886
K= 415
5014.02972831
K= 416
7702.83783784
K= 417
8236.72768003
K= 418
5005.21872895
K= 419
6244.81335764
K= 420
4888.88884219
K= 421
18759.4609465
K= 422
31679.7291582
K= 423
3776.44316907
K= 424
8246.96341196
K= 425
5005.21872895
K= 426
5483.05467885
K= 427
8229.0
K= 428
8228.94285714
K= 429
4815.09380451
K= 430
5463.03064602
K= 431
8237.0
K= 432
4783.4056209
K= 433
1524.07075156
K= 434
6808.86091045
K= 435
16472.0
K= 436
8235.97402597
K= 437
5288.86300864
K= 438
5042.22014656
K= 439
5005.21872895
K= 440
8241.18695822
K= 441
5005.21872895
K= 442
5021.15002335
K= 443
8167.15463616
K= 444
9408.81607629
K= 445
8239.20981478
K= 446
3846.98103192
K= 447
3924.86486487
K= 448
4942.36834075
K= 449
8185.75205801
K= 450
8827.0
K= 451
8234.85714286
K= 452
9225.64752825
K= 453
4571.7163199
K= 454
3972.32142857
K= 455
3707.20993137
K= 456
8827.0
K= 457
8236.88
K= 458
5776.8130169
K= 459
5005.21872895
K= 460
8237.95652174
K= 461
3938.60174023
K= 462
5439.43127087
K= 463
5327.72713397
K= 464
3707.20993137
K= 465
5099.2759892
K= 466
8247.00661876
K= 467
12721.9927786
K= 468
5005.21872895
K= 469
5098.26775906
K= 470
13816.6428381
K= 471
5266.63377506
K= 472
4760.73800347
K= 473
4639.68098503
K= 474
5034.55220263
K= 475
3783.44316907
K= 476
8229.90476191
K= 477
5005.21872895
K= 478
5051.1261646
K= 479
8231.0
K= 480
5842.94230252
K= 481
5005.21872895
K= 482
8238.0
K= 483
4848.03812387
K= 484
2288.38364829
K= 485
3846.98103192
K= 486
4004.12911564
K= 487
2362.16851344
K= 488
3928.0
K= 489
8237.875
K= 490
12713.875
K= 491
7958.18539439
K= 492
4175.93830017
K= 493
5838.56566052
K= 494
4864.94688328
K= 495
6175.93930297
K= 496
8237.90909091
K= 497
5428.7424171
K= 498
95855.0217656
K= 499
5005.21872895
K= 500
14880.4799593
K= 501
9210.30603179
K= 502
4810.84820404
K= 503
4580.23936979
K= 504
5005.21872895
K= 505
8238.0
K= 506
8121.33242317
K= 507
8195.37990969
K= 508
12887.6453523
K= 509
8232.93975904
K= 510
3846.98103192
K= 511
8238.0
K= 512
8237.0
K= 513
939.675619757
K= 514
5546.95918942
K= 515
14051.94096
K= 516
8238.0
K= 517
4627.57701371
K= 518
3776.44316907
K= 519
4841.84371174
K= 520
4917.8154368
K= 521
6037.17723538
K= 522
8386.45172736
K= 523
6277.71135928
K= 524
5942.98171153
K= 525
4019.92828096
K= 526
8234.66666667
K= 527
8192.45099345
K= 528
8200.24645675
K= 529
12765.7449026
K= 530
5095.38928358
K= 531
8240.0
K= 532
8200.44316907
K= 533
5005.21872895
K= 534
5005.21872895
K= 535
5005.21872895
K= 536
5515.77416505
K= 537
4894.72502677
K= 538
8235.91428571
K= 539
7799.80192719
K= 540
5607.63470896
K= 541
5850.87441497
K= 542
5216.78826672
K= 543
8235.46666667
K= 544
5242.51247068
K= 545
8228.97413793
K= 546
5340.35996379
K= 547
8250.0
K= 548
3064.29210531
K= 549
5005.21872895
K= 550
4854.37406789
K= 551
3899.97402597
K= 552
8238.0
K= 553
8237.0
K= 554
7771.5197536
K= 555
5788.1876232
K= 556
8209.20995938
K= 557
5005.21872895
K= 558
3784.44631446
K= 559
8235.83333333
K= 560
5495.12499085
K= 561
5821.61704929
K= 562
4008.38358176
K= 563
3707.20993137
K= 564
10019.1095193
K= 565
8166.84668161
K= 566
4175.93830017
K= 567
9231.30121546
K= 568
5005.21872895
K= 569
2264.22446117
K= 570
7877.60989755
K= 571
4008.74129415
K= 572
8210.0
K= 573
5005.21872895
K= 574
6143.34792377
K= 575
8241.37964763
K= 576
8209.27293753
K= 577
5256.66858248
K= 578
8236.0
K= 579
5207.79159785
K= 580
9086.0021863
K= 581
4668.20041994
K= 582
5019.52482893
K= 583
964.462885717
K= 584
5415.45918502
K= 585
7954.44500923
K= 586
5837.23232719
K= 587
8243.98452381
K= 588
8134.5486491
K= 589
4877.79788293
K= 590
5005.36876582
K= 591
7750.35259568
K= 592
16615.6399159
K= 593
8236.42666667
K= 594
16351.7659933
K= 595
5005.21872895
K= 596
5329.97006479
K= 597
8206.94871795
K= 598
4748.44790562
K= 599
8156.5350716
K= 600
4806.47204037
K= 601
8141.18188275
K= 602
8209.95774648
K= 603
8213.30399577
K= 604
8396.34990875
K= 605
5306.41471639
K= 606
8294.65981674
K= 607
4175.93830017
K= 608
5098.55441161
K= 609
5048.40139251
K= 610
8238.0
K= 611
4175.93830017
K= 612
4610.48239723
K= 613
8235.91891892
K= 614
8247.81576304
K= 615
8227.94117647
K= 616
8241.66666667
K= 617
4784.35976478
K= 618
4712.4254661
K= 619
8234.83333333
K= 620
7695.03825863
K= 621
5011.36003833
K= 622
4872.093295
K= 623
8208.85575264
K= 624
8237.8
K= 625
16016.41787
K= 626
8184.13611912
K= 627
5105.56180598
K= 628
8420.21651084
K= 629
8241.66666667
K= 630
8273.13550933
K= 631
8284.59725454
K= 632
5463.03064602
K= 633
8237.0
K= 634
8236.01538462
K= 635
8234.97402597
K= 636
8288.96952734
K= 637
2434.23333622
K= 638
8210.38785183
K= 639
20274.0316673
K= 640
3946.91891892
K= 641
8237.13872356
K= 642
14818.4788483
K= 643
9064.54332263
K= 644
4004.12911564
K= 645
8235.94285714
K= 646
86236.7120545
K= 647
8240.63889798
K= 648
3707.20993137
K= 649
8307.61378842
K= 650
8236.8442915
K= 651
4956.40835036
K= 652
2406.34543065
K= 653
8205.46031606
K= 654
4988.09152095
K= 655
4175.93830017
K= 656
5005.21872895
K= 657
8238.0
K= 658
5312.63105007
K= 659
8827.0
K= 660
8234.64872483
K= 661
8237.0
K= 662
20541.1456392
K= 663
3925.72789509
K= 664
8247.95064239
K= 665
4004.12911564
K= 666
5005.21872895
K= 667
8156.05693248
K= 668
4019.92828096
K= 669
5030.43843171
K= 670
5005.21872895
K= 671
977.540838765
K= 672
8237.32142857
K= 673
4740.10660563
K= 674
36811.5164755
K= 675
900.451117235
K= 676
8241.51702786
K= 677
8227.0
K= 678
10853.3815986
K= 679
5005.21872895
K= 680
8229.90476191
K= 681
21362.7555201
K= 682
5037.78658327
K= 683
14267.9076892
K= 684
8235.875
K= 685
8176.31524024
K= 686
4971.84063333
K= 687
8191.60302056
K= 688
8235.85714286
K= 689
8388.29276589
K= 690
3944.60174023
K= 691
8236.66666667
K= 692
4695.32997441
K= 693
4175.93830017
K= 694
5236.18948604
K= 695
1015.93505126
K= 696
4768.97957435
K= 697
1474.6526038
K= 698
4175.93830017
K= 699
4874.44095871
K= 700
8237.0
K= 701
4077.60174023
K= 702
4653.24672494
K= 703
4692.73053793
K= 704
5005.21872895
K= 705
5097.39393734
K= 706
8250.0
K= 707
4175.93830017
K= 708
8164.1601981
K= 709
4951.70672575
K= 710
8827.0
K= 711
5288.93524951
K= 712
8237.94594595
K= 713
5845.6517687
K= 714
8236.86666667
K= 715
8244.0
K= 716
5430.44628667
K= 717
3903.56
K= 718
5113.89158962
K= 719
5278.87222614
K= 720
9043.96826908
K= 721
8238.0
K= 722
5099.95773097
K= 723
12695.7777778
K= 724
18921.1767372
K= 725
4845.08394624
K= 726
8234.43102241
K= 727
16357.6206223
K= 728
8236.50221576
K= 729
5465.03165369
K= 730
5127.0920647
K= 731
8237.84210526
K= 732
8235.88888889
K= 733
8175.84668161
K= 734
4671.66501747
K= 735
4640.26972131
K= 736
5539.04439294
K= 737
8229.84210526
K= 738
5494.75295847
K= 739
10722.3797668
K= 740
8235.97826087
K= 741
5292.90891543
K= 742
9686.8243036
K= 743
4747.1761515
K= 744
8238.0
K= 745
5312.63105007
K= 746
5034.19963787
K= 747
5005.21872895
K= 748
8236.71122962
K= 749
5005.21872895
K= 750
4847.07234732
K= 751
5422.94724294
K= 752
7819.04562418
K= 753
8245.78109778
K= 754
6129.55053441
K= 755
5277.62591885
K= 756
7799.30192719
K= 757
7821.85713917
K= 758
1368.15431734
K= 759
8130.60161828
K= 760
8152.23875066
K= 761
8335.31568465
K= 762
8236.90978416
K= 763
8827.0
K= 764
8239.0
K= 765
5145.32119222
K= 766
8238.0
K= 767
5005.21872895
K= 768
5848.18481754
K= 769
5375.37984057
K= 770
8236.88
K= 771
5155.21468558
K= 772
4984.06817846
K= 773
8200.19388304
K= 774
5402.94456379
K= 775
4838.94342427
K= 776
4877.60286129
K= 777
8237.95652174
K= 778
3903.82352941
K= 779
8216.44172905
K= 780
4940.3046022
K= 781
9365.88167679
K= 782
4187.12911564
K= 783
4595.90196984
K= 784
8240.0749663
K= 785
3776.44316907
K= 786
5010.30392921
K= 787
5616.85492389
K= 788
5203.86749277
K= 789
4743.8055937
K= 790
9313.10935915
K= 791
8237.0
K= 792
7508.46166523
K= 793
8237.30935075
K= 794
4786.53059588
K= 795
7819.85713917
K= 796
8017.78566253
K= 797
9953.57336512
K= 798
3988.98103192
K= 799
8278.6003338
K= 800
3944.60174023
K= 801
3938.60174023
K= 802
5005.21872895
K= 803
5381.42589767
K= 804
4989.86638192
K= 805
5266.00957099
K= 806
4735.40495878
K= 807
4909.84096533
K= 808
8238.0
K= 809
5009.33371708
K= 810
8234.83333333
K= 811
8238.0
K= 812
4974.86978362
K= 813
8237.66327584
K= 814
8145.64252014
K= 815
3938.60174023
K= 816
5506.84303211
K= 817
4175.93830017
K= 818
4777.32476001
K= 819
4785.77348742
K= 820
8175.84668161
K= 821
8139.78384302
K= 822
8827.0
K= 823
5226.15931482
K= 824
8240.15950132
K= 825
4697.02563252
K= 826
8286.67543182
K= 827
8250.98417478
K= 828
9512.64304226
K= 829
8060.2785901
K= 830
2163.44241833
K= 831
8204.81853177
K= 832
5063.52638222
K= 833
5005.21872895
K= 834
4856.37764948
K= 835
5005.21872895
K= 836
5476.2389057
K= 837
9307.37193033
K= 838
4615.59162036
K= 839
4707.15147467
K= 840
8238.0
K= 841
5835.85321154
K= 842
4004.12911564
K= 843
5782.97520271
K= 844
4770.93236456
K= 845
5005.21872895
K= 846
4769.76808699
K= 847
8216.14230726
K= 848
8210.54256617
K= 849
8237.94964029
K= 850
5206.87818018
K= 851
5838.34686392
K= 852
1131.27514804
K= 853
8319.80179536
K= 854
1035.38847374
K= 855
7611.67709443
K= 856
5327.48090663
K= 857
5265.67322158
K= 858
4914.40506916
K= 859
3901.8
K= 860
4892.65059247
K= 861
8220.13292064
K= 862
3797.24039553
K= 863
4875.05833815
K= 864
5593.04390372
K= 865
5798.97444313
K= 866
8239.0
K= 867
8238.0
K= 868
3707.20993137
K= 869
5351.89571574
K= 870
4004.12911564
K= 871
2191.19159776
K= 872
4878.20212613
K= 873
5838.56566052
K= 874
5463.03064602
K= 875
5005.21872895
K= 876
6041.44851509
K= 877
8237.50190302
K= 878
4004.12911564
K= 879
8236.46428572
K= 880
1361.50448807
K= 881
6398.9348273
K= 882
4807.15077313
K= 883
5005.21872895
K= 884
5005.21872895
K= 885
979.136728713
K= 886
8263.53701109
K= 887
5005.21872895
K= 888
8236.94594595
K= 889
9337.3493222
K= 890
4907.70597772
K= 891
1126.30039089
K= 892
4824.83861615
K= 893
7412.12551655
K= 894
6999.41622531
K= 895
8236.83333333
K= 896
5294.80618154
K= 897
3909.0
K= 898
8233.64285714
K= 899
5005.21872895
K= 900
9009.67492352
K= 901
5508.65139254
K= 902
3938.60174023
K= 903
4175.93830017
K= 904
5376.32338896
K= 905
1712.31082495
K= 906
6277.53011206
K= 907
4583.93629885
K= 908
5548.20471937
K= 909
8234.85714286
K= 910
4738.24206688
K= 911
8237.0
K= 912
8172.84668161
K= 913
8231.640861
K= 914
3893.24983504
K= 915
1228.68648507
K= 916
8239.0
K= 917
3849.20993137
K= 918
5010.83226913
K= 919
8156.80011223
K= 920
5035.03756793
K= 921
8236.92857143
K= 922
8239.0
K= 923
8189.13611912
K= 924
8236.62643678
K= 925
4901.12519293
K= 926
5269.88464107
K= 927
1713.94682253
K= 928
6031.39479515
K= 929
5005.21872895
K= 930
9753.69388151
K= 931
4935.99268557
K= 932
4867.70796266
K= 933
13817.4068414
K= 934
4927.85298409
K= 935
4845.68032718
K= 936
8239.0
K= 937
15157.8691046
K= 938
8239.91525424
K= 939
3820.47068304
K= 940
8237.03949296
K= 941
5005.21872895
K= 942
8236.75
K= 943
8237.0
K= 944
8238.0
K= 945
5516.31240091
K= 946
5005.21872895
K= 947
18429.5827667
K= 948
3903.0
K= 949
3946.91891892
K= 950
5100.64999408
K= 951
4749.95110282
K= 952
4845.08394624
K= 953
8236.93055556
K= 954
4175.93830017
K= 955
8238.92307692
K= 956
5609.50122407
K= 957
5269.6887518
K= 958
9749.86992885
K= 959
5189.60608825
K= 960
5378.77155232
K= 961
8235.97402597
K= 962
8172.84668161
K= 963
5205.53524005
K= 964
8233.875
K= 965
3988.98103192
K= 966
5005.21872895
K= 967
8238.0
K= 968
4931.4602712
K= 969
5463.03064602
K= 970
4846.91198523
K= 971
1335.16019878
K= 972
4004.12911564
K= 973
5587.20707084
K= 974
3946.91891892
K= 975
4146.12911564
K= 976
5622.66604045
K= 977
4924.70600704
K= 978
8175.84668161
K= 979
41548.2154944
K= 980
3938.60174023
K= 981
4004.12911564
K= 982
5067.99280832
K= 983
8827.0
K= 984
4790.99651074
K= 985
8240.65210033
K= 986
8224.0
K= 987
8237.80952381
K= 988
8238.0
K= 989
5848.18481754
K= 990
8228.31107624
K= 991
4663.32019046
K= 992
8239.0
K= 993
4782.79525273
K= 994
5223.41478068
K= 995
13865.142221
K= 996
5867.74203188
K= 997
5643.49594606
K= 998
5269.92945611
K= 999
8170.84668161
K= 1000
4175.93830017
K= 1001
8238.0
K= 1002
8277.88254191
K= 1003
6282.35950705
K= 1004
5293.31979214
K= 1005
5005.21872895
K= 1006
23520.7595809
K= 1007
1723.6453492
K= 1008
4704.02768024
K= 1009
8827.0
K= 1010
5838.56566052
K= 1011
5414.84801823
K= 1012
2614.53594775
K= 1013
4175.93830017
K= 1014
965.318304972
K= 1015
8236.54888917
K= 1016
5295.74260732
K= 1017
21576.0018516
K= 1018
5005.21872895
K= 1019
3946.91891892
K= 1020
8238.91891892
K= 1021
4175.93830017
K= 1022
8238.0
K= 1023
4001.2673439
K= 1024
5222.3504581
K= 1025
6046.18530385
K= 1026
4758.29558863
K= 1027
8232.85714286
K= 1028
1848.66107134
K= 1029
8827.0
K= 1030
857.16799051
K= 1031
8235.91025641
K= 1032
5325.18557885
K= 1033
8227.92857143
K= 1034
4701.81556972
K= 1035
8239.16245715
K= 1036
5024.47067117
K= 1037
5005.21872895
K= 1038
5223.56689081
K= 1039
9044.85923904
K= 1040
9142.00121674
K= 1041
8250.0
K= 1042
4752.60417412
K= 1043
8238.77777778
K= 1044
8832.02852634
K= 1045
12349.4825027
K= 1046
4175.93830017
K= 1047
31968.4660145
K= 1048
4625.51230672
K= 1049
6027.23485637
K= 1050
8241.66666667
K= 1051
4837.38862574
K= 1052
8238.0
K= 1053
5211.874244
K= 1054
1092.57564887
K= 1055
8209.875
K= 1056
3941.60174023
K= 1057
4005.66234005
K= 1058
8253.0652147
K= 1059
5059.50889779
K= 1060
4969.91246877
K= 1061
4955.71072828
K= 1062
4933.12734494
K= 1063
7956.46448114
K= 1064
13857.0700296
K= 1065
8237.92307692
K= 1066
6637.30389533
K= 1067
8301.03955915
K= 1068
4888.85717745
K= 1069
3948.60174023
K= 1070
4785.44862225
K= 1071
8236.0
K= 1072
8151.30016465
K= 1073
5470.10346485
K= 1074
4866.52682671
K= 1075
3919.84210526
K= 1076
5196.70253292
K= 1077
5005.21872895
K= 1078
5066.76317504
K= 1079
4006.77695832
K= 1080
5020.28464158
K= 1081
4897.29947858
K= 1082
5300.39780696
K= 1083
8212.02776061
K= 1084
3707.20993137
K= 1085
5288.86300864
K= 1086
8234.83333333
K= 1087
3707.20993137
K= 1088
5282.13269702
K= 1089
8237.0
K= 1090
8233.88
K= 1091
4935.79740874
K= 1092
5949.83253994
K= 1093
8827.0
K= 1094
1392.32817726
K= 1095
6313.8097464
K= 1096
8235.0
K= 1097
5005.21872895
K= 1098
8238.0
K= 1099
8827.0
K= 1100
4845.76625197
K= 1101
3965.91891892
K= 1102
3937.60174023
K= 1103
3904.95774648
K= 1104
50979.0857968
K= 1105
8237.0
K= 1106
5098.20094621
K= 1107
12708.085601
K= 1108
8827.0
K= 1109
8249.25501971
K= 1110
4684.93626055
K= 1111
8231.90909091
K= 1112
3707.20993137
K= 1113
2273.40961541
K= 1114
5005.21872895
K= 1115
4695.79264993
K= 1116
8240.12106766
K= 1117
9560.36878306
K= 1118
4736.19987341
K= 1119
3946.91891892
K= 1120
8226.0
K= 1121
8259.87141209
K= 1122
4123.18239503
K= 1123
8237.88888889
K= 1124
5463.0075047
K= 1125
8236.86486487
K= 1126
4710.19565322
K= 1127
1335.70890807
K= 1128
8570.69058583
K= 1129
5005.21872895
K= 1130
8238.95
K= 1131
8228.20767784
K= 1132
8190.24515211
K= 1133
5005.21872895
K= 1134
4004.12911564
K= 1135
5051.13929622
K= 1136
4175.93830017
K= 1137
5928.83128308
K= 1138
8240.66666667
K= 1139
5005.21872895
K= 1140
4824.83671071
K= 1141
4040.93183337
K= 1142
8241.66666667
K= 1143
8233.0
K= 1144
4040.84199177
K= 1145
8173.35874423
K= 1146
8309.60174023
K= 1147
4690.47709544
K= 1148
8827.0
K= 1149
8341.67989257
K= 1150
4635.86661347
K= 1151
8235.80994152
K= 1152
8197.0
K= 1153
8827.0
K= 1154
8150.19978963
K= 1155
4915.11740764
K= 1156
8213.46717647
K= 1157
12736.9837574
K= 1158
4102.92780557
K= 1159
4175.93830017
K= 1160
8235.64285714
K= 1161
5012.23782282
K= 1162
8236.43394229
K= 1163
1555.29094284
K= 1164
4154.45539334
K= 1165
8827.0
K= 1166
18554.6057275
K= 1167
4648.82310636
K= 1168
2100.69830441
K= 1169
3939.50428527
K= 1170
4709.05953888
K= 1171
5005.21872895
K= 1172
8200.44316907
K= 1173
8236.91826215
K= 1174
8179.38428752
K= 1175
8233.44795103
K= 1176
8237.0
K= 1177
8827.0
K= 1178
11313.1015847
K= 1179
5767.15579777
K= 1180
4762.77380659
K= 1181
3909.0
K= 1182
13975.4567082
K= 1183
5832.99892517
K= 1184
5408.56211629
K= 1185
8198.67274145
K= 1186
6297.77840526
K= 1187
4670.01543412
K= 1188
5201.68296264
K= 1189
4005.12911564
K= 1190
5844.11620282
K= 1191
8173.84668161
K= 1192
8230.87096774
K= 1193
34993.875
K= 1194
3923.84615385
K= 1195
2900.83332571
K= 1196
8827.0
K= 1197
5005.0758718
K= 1198
5272.60567978
K= 1199
4621.78660258
K= 1200
8237.94285714
K= 1201
8179.70121299
K= 1202
9241.6934699
K= 1203
8237.94871795
K= 1204
4641.96642453
K= 1205
4175.93830017
K= 1206
4821.44791073
K= 1207
8218.93975904
K= 1208
5462.28064602
K= 1209
13653.0981218
K= 1210
14048.5297389
K= 1211
4825.29674885
K= 1212
4763.51193708
K= 1213
8187.13611912
K= 1214
5285.518444
K= 1215
5475.71317239
K= 1216
5480.77012177
K= 1217
10960.82314
K= 1218
5292.07631249
K= 1219
1255.51892493
K= 1220
4864.43295913
K= 1221
8171.84668161
K= 1222
4878.12520305
K= 1223
7148.57475893
K= 1224
5033.12359942
K= 1225
4959.45656382
K= 1226
8236.60645161
K= 1227
8237.84210526
K= 1228
27776.3646323
K= 1229
8233.64273608
K= 1230
5005.21872895
K= 1231
14082.8309585
K= 1232
5510.23010424
K= 1233
5246.08558948
K= 1234
8237.0
K= 1235
6980.3564156
K= 1236
9742.91797551
K= 1237
8232.85714286
K= 1238
8220.02963328
K= 1239
4989.62749831
K= 1240
8172.45653372
K= 1241
1749.96165563
K= 1242
8250.0
K= 1243
12006.4492231
K= 1244
8235.91304348
K= 1245
5005.21872895
K= 1246
1948.22224933
K= 1247
1605.47572854
K= 1248
5677.86918588
K= 1249
5130.75755135
K= 1250
4756.08343383
K= 1251
5611.09206805
K= 1252
9821.73909542
K= 1253
8234.95412844
K= 1254
8239.0
K= 1255
8236.0
K= 1256
3919.37964763
K= 1257
4695.85309179
K= 1258
3707.20993137
K= 1259
8827.0
K= 1260
5617.7298778
K= 1261
7146.74700473
K= 1262
8245.04161121
K= 1263
5269.88464107
K= 1264
8236.8
K= 1265
5005.21872895
K= 1266
5838.56566052
K= 1267
946.795892591
K= 1268
1263.22784125
K= 1269
5005.21872895
K= 1270
8236.56470588
K= 1271
9260.21772435
K= 1272
5610.84126573
K= 1273
6204.89064232
K= 1274
5005.21872895
K= 1275
9129.1987766
K= 1276
8235.0
K= 1277
8238.14814836
K= 1278
14123.4781055
K= 1279
5825.36748939
K= 1280
4713.67613035
K= 1281
6047.94689945
K= 1282
4175.93830017
K= 1283
8174.94668161
K= 1284
5005.21872895
K= 1285
9276.78837298
K= 1286
5581.56935195
K= 1287
5005.21872895
K= 1288
3776.44316907
K= 1289
9095.55051774
K= 1290
5005.21872895
K= 1291
4118.86791112
K= 1292
8228.8852459
K= 1293
8244.0
K= 1294
5269.84123563
K= 1295
8092.2229067
K= 1296
8236.75
K= 1297
8239.0
K= 1298
4146.12911564
K= 1299
3962.66092103
K= 1300
4609.59021273
K= 1301
8244.26022176
K= 1302
8198.91891892
K= 1303
8238.0
K= 1304
4672.28401935
K= 1305
4803.22581907
K= 1306
4718.11137682
K= 1307
3984.90476191
K= 1308
5626.82509193
K= 1309
4318.46490963
K= 1310
5351.3763359
K= 1311
4643.55099214
K= 1312
5794.99307484
K= 1313
1083.54547926
K= 1314
8237.94594595
K= 1315
8305.05637995
K= 1316
8211.94202899
K= 1317
9915.60385591
K= 1318
4880.34799888
K= 1319
8236.75
K= 1320
5690.61886853
K= 1321
8239.72727273
K= 1322
8234.66666667
K= 1323
6048.13240024
K= 1324
8232.0
K= 1325
4685.89573853
K= 1326
4713.28862214
K= 1327
9538.95447754
K= 1328
8233.0
K= 1329
8236.83333333
K= 1330
4680.40481135
K= 1331
8232.94285714
K= 1332
8237.84210526
K= 1333
5256.99800499
K= 1334
8200.44316907
K= 1335
4272.55441865
K= 1336
5010.83226913
K= 1337
5531.43745789
K= 1338
4682.65444394
K= 1339
6439.97316626
K= 1340
5005.21872895
K= 1341
8229.85714286
K= 1342
5489.44007254
K= 1343
6496.17238665
K= 1344
8236.67755102
K= 1345
8827.0
K= 1346
9473.94941181
K= 1347
8237.0
K= 1348
5005.21872895
K= 1349
4867.82942265
K= 1350
4910.91859439
K= 1351
4769.8751985
K= 1352
2646.69644746
K= 1353
7962.79893457
K= 1354
5285.14092804
K= 1355
5385.610053
K= 1356
5845.80666628
K= 1357
1035.61928878
K= 1358
4623.36371552
K= 1359
3816.71895804
K= 1360
8238.0
K= 1361
5005.21872895
K= 1362
12842.6745283
K= 1363
2264.96547867
K= 1364
4874.93044892
K= 1365
4037.64285714
K= 1366
5005.21872895
K= 1367
13914.541818
K= 1368
8229.90476191
K= 1369
8234.0
K= 1370
9964.27871473
K= 1371
4869.94747435
K= 1372
8286.80451801
K= 1373
5858.18981354
K= 1374
8827.0
K= 1375
6179.0787127
K= 1376
5272.05433613
K= 1377
4763.64778492
K= 1378
9824.64676849
K= 1379
4732.3112517
K= 1380
5288.17344898
K= 1381
9239.94527472
K= 1382
5271.17844799
K= 1383
9259.76412458
K= 1384
8229.91891892
K= 1385
8235.88888889
K= 1386
8200.44316907
K= 1387
8239.0
K= 1388
8259.75635147
K= 1389
4004.12911564
K= 1390
8232.68657542
K= 1391
8237.95890411
K= 1392
8220.54241742
K= 1393
8827.0
K= 1394
9683.91469634
K= 1395
981.098465156
K= 1396
4033.05382835
K= 1397
5005.21872895
K= 1398
5836.39299351
K= 1399
4175.93830017
K= 1400
8198.36039442
K= 1401
8129.612084
K= 1402
5005.21872895
K= 1403
3940.60174023
K= 1404
8231.47159385
K= 1405
4975.70550452
K= 1406
4948.05559182
K= 1407
5126.87393854
K= 1408
8238.0
K= 1409
3758.54421353
K= 1410
4175.93830017
K= 1411
8206.0
K= 1412
6399.52800977
K= 1413
3948.60174023
K= 1414
5613.68063067
K= 1415
3779.38539439
K= 1416
5490.35961467
K= 1417
4670.52052486
K= 1418
8235.89473684
K= 1419
5013.62920687
K= 1420
1265.07536305
K= 1421
8230.87096774
K= 1422
5311.63506127
K= 1423
8185.01193244
K= 1424
5005.21872895
K= 1425
4863.65652644
K= 1426
8214.0
K= 1427
12678.6211578
K= 1428
8235.63478539
K= 1429
4269.17518893
K= 1430
9291.16593381
K= 1431
5005.21872895
K= 1432
814.915579669
K= 1433
5052.63966963
K= 1434
5005.21872895
K= 1435
6637.30389533
K= 1436
8235.87804878
K= 1437
8219.0
K= 1438
5005.12781985
K= 1439
8238.0
K= 1440
18277.2769498
K= 1441
8238.0
K= 1442
5052.42102248
K= 1443
3988.98103192
K= 1444
8232.25501957
K= 1445
3707.20993137
K= 1446
3833.06052159
K= 1447
3988.98103192
K= 1448
8220.0
K= 1449
8206.52285191
K= 1450
357.892252578
K= 1451
6279.66765001
K= 1452
3908.72727273
K= 1453
4631.228787
K= 1454
4837.9387453
K= 1455
27691.3949594
K= 1456
5076.03284357
K= 1457
4863.6824436
K= 1458
8238.57393484
K= 1459
5670.26682158
K= 1460
8226.47159385
K= 1461
5005.21872895
K= 1462
4702.56818874
K= 1463
3903.0
K= 1464
5005.21872895
K= 1465
8245.04161121
K= 1466
8272.06983288
K= 1467
5005.21872895
K= 1468
5838.23232719
K= 1469
4832.2242012
K= 1470
5005.21872895
K= 1471
7821.85713917
K= 1472
8219.0
K= 1473
5479.71456621
K= 1474
8239.0
K= 1475
4990.66101392
K= 1476
4720.51795768
K= 1477
1327.16958756
K= 1478
4175.93830017
K= 1479
8235.29489287
K= 1480
4626.67705931
K= 1481
7176.60669236
K= 1482
8236.85714286
K= 1483
5363.86929621
K= 1484
5639.50434028
K= 1485
5838.56566052
K= 1486
3938.60174023
K= 1487
8230.66666667
K= 1488
9145.99225489
K= 1489
4760.32518817
K= 1490
14203.8256219
K= 1491
4881.82947922
K= 1492
5515.25382405
K= 1493
4745.64913203
K= 1494
3951.8852459
K= 1495
8195.31107624
K= 1496
8237.94202899
K= 1497
4175.93830017
K= 1498
4807.19880198
K= 1499
13946.925041
K= 1500
5005.10555522
K= 1501
4872.93388473
K= 1502
8261.92162179
K= 1503
8236.2
K= 1504
4943.03135191
K= 1505
5005.09372895
K= 1506
8237.85714286
K= 1507
4868.13980655
K= 1508
17654.0
K= 1509
4175.93830017
K= 1510
4175.93830017
K= 1511
3902.90909091
K= 1512
4189.44162511
K= 1513
4658.50962917
K= 1514
5045.9420209
K= 1515
4149.12911564
K= 1516
11638.2480278
K= 1517
4899.31155719
K= 1518
8220.32693626
K= 1519
8227.84280242
K= 1520
4044.54478535
K= 1521
4175.93830017
K= 1522
13814.7288104
K= 1523
27649.9037471
K= 1524
4711.55384019
K= 1525
5005.21872895
K= 1526
5857.42943
K= 1527
9656.72875613
K= 1528
4983.5102647
K= 1529
5010.75587833
K= 1530
9247.90047906
K= 1531
5377.41101492
K= 1532
8238.0
K= 1533
8230.87096774
K= 1534
6191.5171751
K= 1535
4635.05860784
K= 1536
8216.94594595
K= 1537
4608.49363074
K= 1538
3846.26923003
K= 1539
5058.45529418
K= 1540
4763.35096614
K= 1541
5950.37799449
K= 1542
8241.66666667
K= 1543
5269.60099344
K= 1544
5131.6053308
K= 1545
7945.19328307
K= 1546
4694.63920751
K= 1547
8827.0
K= 1548
5006.21640095
K= 1549
4004.12911564
K= 1550
8230.47159385
K= 1551
8236.63333333
K= 1552
2041.60727266
K= 1553
12703.8617076
K= 1554
4004.12911564
K= 1555
4217.09014897
K= 1556
4736.77158459
K= 1557
18204.667678
K= 1558
4684.64098077
K= 1559
8236.75
K= 1560
4878.20212613
K= 1561
4175.93830017
K= 1562
7778.37634425
K= 1563
5940.03996913
K= 1564
8268.74228513
K= 1565
8234.97619048
K= 1566
1081.77420513
K= 1567
1829.59033614
K= 1568
7007.71110703
K= 1569
9857.90886305
K= 1570
4752.08085142
K= 1571
5005.21872895
K= 1572
5398.42171116
K= 1573
9238.29595392
K= 1574
4854.39399939
K= 1575
8238.0
K= 1576
4762.30596537
K= 1577
8827.0
K= 1578
4726.68669149
K= 1579
8233.8
K= 1580
5004.3774591
K= 1581
8238.0
K= 1582
8203.73362137
K= 1583
4175.93830017
K= 1584
4175.93830017
K= 1585
7736.47651509
K= 1586
4944.51732188
K= 1587
9211.05797789
K= 1588
4868.3641385
K= 1589
43827.2602218
K= 1590
9788.62401965
K= 1591
8235.85714286
K= 1592
3900.97402597
K= 1593
8236.86486487
K= 1594
5079.26288419
K= 1595
8238.8
K= 1596
8827.0
K= 1597
8239.0
K= 1598
4651.12912402
K= 1599
17654.0
K= 1600
4175.93830017
K= 1601
5268.24658784
K= 1602
8827.0
K= 1603
5267.4644186
K= 1604
4864.40896572
K= 1605
3881.19469507
K= 1606
16472.0
K= 1607
7781.48373931
K= 1608
4653.98801025
K= 1609
4175.93830017
K= 1610
4681.03408189
K= 1611
5005.21872895
K= 1612
4845.08394624
K= 1613
4764.68849091
K= 1614
8238.0
K= 1615
5508.707793
K= 1616
5390.92730302
K= 1617
8229.90476191
K= 1618
4953.16543292
K= 1619
9077.41253409
K= 1620
5324.03729994
K= 1621
4780.81445021
K= 1622
13664.5750254
K= 1623
8238.0
K= 1624
4295.91218998
K= 1625
8232.06011625
K= 1626
5842.62811859
K= 1627
16468.0
K= 1628
10245.8613645
K= 1629
5032.45294505
K= 1630
8220.23395787
K= 1631
4216.46593618
K= 1632
8235.875
K= 1633
8235.71428571
K= 1634
8232.90322581
K= 1635
4738.61351495
K= 1636
4866.77305883
K= 1637
8189.04528029
K= 1638
8236.0
K= 1639
8229.90476191
K= 1640
10449.4727063
K= 1641
3980.60174023
K= 1642
5460.11310216
K= 1643
5223.1504581
K= 1644
4842.38398521
K= 1645
8200.44316907
K= 1646
4175.93830017
K= 1647
4004.12911564
K= 1648
4246.90734139
K= 1649
5069.27753766
K= 1650
3846.98103192
K= 1651
5128.13917522
K= 1652
8258.91891892
K= 1653
3914.92
K= 1654
5299.21804472
K= 1655
8199.86425965
K= 1656
5271.86136887
K= 1657
12717.0
K= 1658
5147.00722497
K= 1659
4843.56735413
K= 1660
4806.66328549
K= 1661
4004.12911564
K= 1662
8239.0
K= 1663
3934.88888889
K= 1664
8237.71746032
K= 1665
4667.36499286
K= 1666
8247.75159355
K= 1667
5005.21872895
K= 1668
5005.21872895
K= 1669
5379.20012375
K= 1670
9463.76801521
K= 1671
3820.0
K= 1672
8238.0
K= 1673
4672.4821619
K= 1674
5427.30084375
K= 1675
5950.23675275
K= 1676
32099.9435669
K= 1677
14077.2923669
K= 1678
10016.2227946
K= 1679
8237.96202532
K= 1680
5314.12668635
K= 1681
4718.56803891
K= 1682
3736.03744258
K= 1683
8235.46666667
K= 1684
8235.87804878
K= 1685
4886.77765749
K= 1686
4175.93830017
K= 1687
5006.08675324
K= 1688
4776.9383822
K= 1689
4790.52160288
K= 1690
9412.8217169
K= 1691
4894.83556184
K= 1692
15692.5311362
K= 1693
4656.3014273
K= 1694
8827.0
K= 1695
8237.95890411
K= 1696
8244.19567644
K= 1697
8289.02562003
K= 1698
8236.93975904
K= 1699
4835.15559999
K= 1700
16463.8378378
K= 1701
3964.91891892
K= 1702
8235.75
K= 1703
4768.97957435
K= 1704
5004.96872895
K= 1705
5838.56566052
K= 1706
8237.67957641
K= 1707
5174.28438344
K= 1708
4895.94031085
K= 1709
5005.21872895
K= 1710
4850.62631862
K= 1711
5231.97196979
K= 1712
8318.33870278
K= 1713
5261.38896063
K= 1714
5005.21872895
K= 1715
4004.12911564
K= 1716
8253.32754302
K= 1717
4837.09163717
K= 1718
5328.61366963
K= 1719
1393.68240548
K= 1720
4855.84474484
K= 1721
8237.8
K= 1722
9623.97547732
K= 1723
8241.0
K= 1724
4640.45365223
K= 1725
5005.04361374
K= 1726
8248.51585706
K= 1727
8826.0
K= 1728
5005.21872895
K= 1729
3846.45137604
K= 1730
8238.56
K= 1731
8238.91891892
K= 1732
8231.94594595
K= 1733
4709.86280487
K= 1734
4778.23007191
K= 1735
3776.44316907
K= 1736
3938.60174023
K= 1737
4783.17876851
K= 1738
8235.58712753
K= 1739
10152.1856671
K= 1740
4890.6825207
K= 1741
4013.02337474
K= 1742
3939.60174023
K= 1743
8230.75
K= 1744
4778.76023252
K= 1745
5418.62983811
K= 1746
8224.0
K= 1747
8240.37964763
K= 1748
4656.59544533
K= 1749
10468.1126478
K= 1750
5371.58281905
K= 1751
4981.7966282
K= 1752
8195.15486093
K= 1753
4078.60174023
K= 1754
8236.71794872
K= 1755
4979.39741982
K= 1756
5495.91817063
K= 1757
8237.55164354
K= 1758
8242.31560778
K= 1759
3907.83333333
K= 1760
6037.84579849
K= 1761
5023.54014611
K= 1762
4766.24099984
K= 1763
8229.84210526
K= 1764
4971.35451171
K= 1765
8236.86870436
K= 1766
8195.85432716
K= 1767
4175.93830017
K= 1768
4966.99606391
K= 1769
4720.76786387
K= 1770
7971.53142614
K= 1771
2515.96045332
K= 1772
3902.64615385
K= 1773
8239.0
K= 1774
5005.21872895
K= 1775
8827.0
K= 1776
14723.2551675
K= 1777
8208.0
K= 1778
2243.44402628
K= 1779
5004.82564584
K= 1780
8211.91891892
K= 1781
8236.88888889
K= 1782
9881.65829833
K= 1783
4616.80560506
K= 1784
5288.35779866
K= 1785
8237.0
K= 1786
1508.20023363
K= 1787
8191.34736639
K= 1788
4729.61433856
K= 1789
4175.93830017
K= 1790
8066.54372838
K= 1791
5051.43757704
K= 1792
8238.72059929
K= 1793
5230.70144666
K= 1794
4978.94627567
K= 1795
5837.55784269
K= 1796
771.696229454
K= 1797
9267.26205453
K= 1798
6157.75249351
K= 1799
9513.9275346
K= 1800
4947.78127336
K= 1801
5838.23232719
K= 1802
3846.98103192
K= 1803
9761.31208939
K= 1804
4952.71635946
K= 1805
3092.23439521
K= 1806
5005.21872895
K= 1807
5005.21872895
K= 1808
51468.1968246
K= 1809
4869.62105232
K= 1810
5005.0758718
K= 1811
1778.7379867
K= 1812
8236.75
K= 1813
4642.91502038
K= 1814
4939.07697462
K= 1815
4756.86138748
K= 1816
4165.7747289
K= 1817
2234.41286641
K= 1818
4969.85290304
K= 1819
8235.0
K= 1820
16823.3223943
K= 1821
4752.09447765
K= 1822
5005.21872895
K= 1823
4004.12911564
K= 1824
3858.53533172
K= 1825
8239.0
K= 1826
16527.8120531
K= 1827
9356.55337638
K= 1828
8236.0
K= 1829
5330.78969248
K= 1830
5838.56566052
K= 1831
6554.31708085
K= 1832
5009.61818433
K= 1833
3776.44316907
K= 1834
8236.0
K= 1835
5100.07812318
K= 1836
8236.75
K= 1837
8238.0
K= 1838
6042.91739302
K= 1839
9095.70000371
K= 1840
4747.42685258
K= 1841
9933.93201101
K= 1842
6048.13240024
K= 1843
5059.1956717
K= 1844
8253.95578977
K= 1845
5032.68577274
K= 1846
5005.21872895
K= 1847
8237.16797252
K= 1848
5471.63560177
K= 1849
5051.31365778
K= 1850
4791.49834123
K= 1851
4175.93830017
K= 1852
4802.29324856
K= 1853
3938.60174023
K= 1854
7950.38539439
K= 1855
1030.73234367
K= 1856
5305.62469959
K= 1857
5042.32140392
K= 1858
5080.50426855
K= 1859
8229.90476191
K= 1860
4175.93830017
K= 1861
8222.0
K= 1862
8238.0
K= 1863
8243.0
K= 1864
9399.1326353
K= 1865
8237.0
K= 1866
13837.1472254
K= 1867
8237.0
K= 1868
4175.93830017
K= 1869
1479.31111688
K= 1870
7778.6820099
K= 1871
4981.58682669
K= 1872
9141.91670731
K= 1873
4175.93830017
K= 1874
4722.48569254
K= 1875
4005.80405023
K= 1876
8237.0
K= 1877
4976.15765283
K= 1878
4753.46556517
K= 1879
4733.57119924
K= 1880
1182.83630261
K= 1881
8237.16797252
K= 1882
5070.29830685
K= 1883
5080.41563184
K= 1884
7575.67876566
K= 1885
5053.06049687
K= 1886
6657.25144318
K= 1887
4750.01913707
K= 1888
5257.39643639
K= 1889
8232.95652174
K= 1890
8827.0
K= 1891
5789.20702939
K= 1892
4887.83557789
K= 1893
8239.0
K= 1894
4072.60174023
K= 1895
3937.60174023
K= 1896
8234.64285714
K= 1897
3825.49278119
K= 1898
8236.75
K= 1899
6315.66812804
K= 1900
2234.59155646
K= 1901
3904.75
K= 1902
9312.08031079
K= 1903
8236.56470588
K= 1904
1203.08508562
K= 1905
4673.80453649
K= 1906
5005.12781985
K= 1907
4991.30855584
K= 1908
4958.32771116
K= 1909
9862.52134443
K= 1910
4963.19408865
K= 1911
5269.37899739
K= 1912
4698.67249334
K= 1913
5008.32042942
K= 1914
8239.80165737
K= 1915
8228.81187691
K= 1916
8210.38195777
K= 1917
5043.07874286
K= 1918
4692.71031601
K= 1919
8238.19594767
K= 1920
3910.92857143
K= 1921
8229.84210526
K= 1922
8208.84796146
K= 1923
7770.20348046
K= 1924
4790.83016923
K= 1925
1072.95635907
K= 1926
8299.12986221
K= 1927
8235.0
K= 1928
2529.95929943
K= 1929
5104.65273526
K= 1930
37419.1936988
K= 1931
5376.27166345
K= 1932
5176.23858664
K= 1933
3707.20993137
K= 1934
8228.93478261
K= 1935
5833.38055129
K= 1936
5528.8209952
K= 1937
4747.09202266
K= 1938
4760.12437207
K= 1939
4976.15894784
K= 1940
8217.0
K= 1941
6011.93199504
K= 1942
8238.0
K= 1943
1097.39754933
K= 1944
8238.0
K= 1945
8235.875
K= 1946
5114.25214358
K= 1947
4968.28369097
K= 1948
5942.23171153
K= 1949
5406.57313522
K= 1950
8237.0
K= 1951
4004.12911564
K= 1952
4175.93830017
K= 1953
8236.88888889
K= 1954
812.825609785
K= 1955
7860.11437986
K= 1956
8231.95774648
K= 1957
4708.01472016
K= 1958
9299.91067065
K= 1959
8238.0
K= 1960
1162.80856382
K= 1961
4951.23139516
K= 1962
9309.29192367
K= 1963
4870.85165477
K= 1964
8236.47068304
K= 1965
4904.50172977
K= 1966
4175.93830017
K= 1967
5584.23295991
K= 1968
3938.24647328
K= 1969
6649.75394381
K= 1970
8169.90918161
K= 1971
18426.085927
K= 1972
3776.44316907
K= 1973
8174.84668161
K= 1974
8237.93793103
K= 1975
8237.95
K= 1976
5403.82445396
K= 1977
8212.0
K= 1978
8229.90476191
K= 1979
9142.45469665
K= 1980
8183.31107624
K= 1981
5346.65311203
K= 1982
5005.21872895
K= 1983
7632.94578357
K= 1984
5830.38176826
K= 1985
4830.56950157
K= 1986
4069.32404384
K= 1987
1042.36677451
K= 1988
102142.494302
K= 1989
8238.0
K= 1990
5623.49257139
K= 1991
8292.15251716
K= 1992
8176.57264773
K= 1993
4790.17784868
K= 1994
8236.75
K= 1995
8174.84668161
K= 1996
3707.20993137
K= 1997
4828.13351535
K= 1998
4973.9820664
K= 1999
5005.21872895
K= 2000
4765.17387979
K= 2001
8237.71746032
K= 2002
8232.90322581
K= 2003
4175.93830017
K= 2004
8236.5
K= 2005
5301.45296463
K= 2006
15494.5921554
K= 2007
3927.84194594
K= 2008
8242.72238133
K= 2009
7785.47801169
K= 2010
4788.00461825
K= 2011
7711.192364
K= 2012
4866.29600906
K= 2013
4795.67307564
K= 2014
4956.96083031
K= 2015
4004.12911564
K= 2016
7809.09182087
K= 2017
5260.51381231
K= 2018
4925.64135606
K= 2019
4950.48321233
K= 2020
5295.74260732
K= 2021
5006.69602411
K= 2022
4098.60174023
K= 2023
4883.22435907
K= 2024
5815.61107185
K= 2025
2463.25249646
K= 2026
8341.67989257
K= 2027
8225.62769725
K= 2028
5257.39643639
K= 2029
8234.66666667
K= 2030
9388.75522256
K= 2031
4771.84015753
K= 2032
32577.6314384
K= 2033
4987.74642511
K= 2034
12887.6453523
K= 2035
8235.76923077
K= 2036
18724.3612593
K= 2037
8241.28826713
K= 2038
8236.74393725
K= 2039
8237.95
K= 2040
6103.06215967
K= 2041
4175.93830017
K= 2042
10502.8916116
K= 2043
1106.47501252
K= 2044
5516.59716989
K= 2045
4050.79665769
K= 2046
4176.93830017
K= 2047
9512.89189497
K= 2048
8242.47068304
K= 2049
9848.830706
K= 2050
5005.21872895
K= 2051
3988.98103192
K= 2052
5004.83163217
K= 2053
5005.21872895
K= 2054
5005.21872895
K= 2055
8238.0
K= 2056
8237.0
K= 2057
8230.87096774
K= 2058
9207.92359303
K= 2059
908.64166379
K= 2060
8232.90322581
K= 2061
16413.4715938
K= 2062
4822.01415886
K= 2063
5115.9458377
K= 2064
8200.44316907
K= 2065
8237.73785435
K= 2066
5006.82423591
K= 2067
5624.98476919
K= 2068
8230.81556091
K= 2069
4028.32404384
K= 2070
5402.33069359
K= 2071
5257.39643639
K= 2072
4654.9275079
K= 2073
552.583248226
K= 2074
5005.21872895
K= 2075
8235.89473684
K= 2076
5005.21872895
K= 2077
8204.20995938
K= 2078
5366.23621994
K= 2079
8827.0
K= 2080
8238.06009405
K= 2081
4936.70191094
K= 2082
8234.83333333
K= 2083
4841.5802936
K= 2084
5463.03064602
K= 2085
4844.95894624
K= 2086
8236.75
K= 2087
38073.2541021
K= 2088
8237.92307692
K= 2089
18751.0884792
K= 2090
4928.39687235
K= 2091
8236.66666667
K= 2092
12886.9748043
K= 2093
8233.89081433
K= 2094
8193.12619992
K= 2095
9600.63470219
K= 2096
8226.96202532
K= 2097
9228.82299957
K= 2098
5949.00289843
K= 2099
3776.44316907
K= 2100
8827.0
K= 2101
8233.95774648
K= 2102
8237.95652174
K= 2103
12709.7272208
K= 2104
8166.81466631
K= 2105
8250.0
K= 2106
8237.44705882
K= 2107
8238.0
K= 2108
1257.24097077
K= 2109
4998.14629329
K= 2110
1213.82011054
K= 2111
4817.85444155
K= 2112
8827.0
K= 2113
5009.40549182
K= 2114
4745.31310804
K= 2115
8236.42666667
K= 2116
5217.32740084
K= 2117
8827.0
K= 2118
4749.16198162
K= 2119
9815.56665749
K= 2120
8238.0
K= 2121
8242.47068304
K= 2122
5269.56362304
K= 2123
8237.72727273
K= 2124
1768.14583482
K= 2125
1319.46567885
K= 2126
8827.0
K= 2127
8172.84668161
K= 2128
8233.0
K= 2129
7119.29567667
K= 2130
5005.21872895
K= 2131
5201.98661629
K= 2132
8227.85714286
K= 2133
4681.8430832
K= 2134
4847.85123761
K= 2135
6048.13240024
K= 2136
4175.93830017
K= 2137
5407.14456379
K= 2138
6389.00062486
K= 2139
4175.93830017
K= 2140
4796.61294293
K= 2141
18312.5568135
K= 2142
4175.93830017
K= 2143
4828.71541771
K= 2144
5005.21872895
K= 2145
4410.07873498
K= 2146
8227.83333333
K= 2147
5541.19462658
K= 2148
8289.53116053
K= 2149
4848.94808014
K= 2150
8238.0
K= 2151
8234.78787879
K= 2152
3938.60174023
K= 2153
3938.60174023
K= 2154
8169.30016465
K= 2155
4175.93830017
K= 2156
5005.21872895
K= 2157
5005.21872895
K= 2158
8229.84210526
K= 2159
16273.5707546
K= 2160
3924.86486487
K= 2161
23240.9889954
K= 2162
5069.91081344
K= 2163
6438.56212397
K= 2164
5829.76848026
K= 2165
8235.8
K= 2166
5262.6722254
K= 2167
8224.62769725
K= 2168
6777.95563284
K= 2169
8259.57238295
K= 2170
4722.18049175
K= 2171
8168.75867057
K= 2172
9217.36912963
K= 2173
2940.35676418
K= 2174
8235.5
K= 2175
5005.21872895
K= 2176
4896.39785002
K= 2177
5276.02137759
K= 2178
8238.0
K= 2179
4845.08394624
K= 2180
9363.96891601
K= 2181
7958.18539439
K= 2182
5430.31311272
K= 2183
4794.15314181
K= 2184
5005.21872895
K= 2185
8827.0
K= 2186
8238.0
K= 2187
5053.920905
K= 2188
8344.97709568
K= 2189
8236.28200512
K= 2190
8611.5668114
K= 2191
1185.09115611
K= 2192
5143.74250306
K= 2193
20287.9492746
K= 2194
5089.76658231
K= 2195
8244.26022176
K= 2196
8238.06456401
K= 2197
5300.28460329
K= 2198
5245.85715338
K= 2199
5861.58372325
K= 2200
8237.59930205
K= 2201
11865.056641
K= 2202
8827.0
K= 2203
9452.19338735
K= 2204
4743.56116501
K= 2205
4668.68646863
K= 2206
4068.60174023
K= 2207
3776.44316907
K= 2208
4878.20212613
K= 2209
8233.88
K= 2210
8218.66255785
K= 2211
8236.75
K= 2212
957.243046547
K= 2213
4175.93830017
K= 2214
8212.61993205
K= 2215
11994.7297297
K= 2216
8250.98417478
K= 2217
4979.8062094
K= 2218
4876.43399255
K= 2219
4175.93830017
K= 2220
8827.0
K= 2221
5005.21872895
K= 2222
8247.18795523
K= 2223
5949.7897592
K= 2224
21833.1779386
K= 2225
8237.0
K= 2226
5005.21872895
K= 2227
4175.93830017
K= 2228
18209.6172953
K= 2229
52962.0
K= 2230
8232.0
K= 2231
10404.3858932
K= 2232
4935.94752619
K= 2233
3833.90476191
K= 2234
8230.0
K= 2235
8238.0
K= 2236
8827.0
K= 2237
4611.4322734
K= 2238
5610.12153434
K= 2239
5267.06098525
K= 2240
5005.10761784
K= 2241
8231.0
K= 2242
4887.94029889
K= 2243
8226.60960046
K= 2244
3707.20993137
K= 2245
4732.33050673
K= 2246
4851.17110755
K= 2247
5014.86700476
K= 2248
5360.99321569
K= 2249
5296.56650516
K= 2250
8195.88943348
K= 2251
1035.84973512
K= 2252
8237.94871795
K= 2253
1232.62344146
K= 2254
4756.67878402
K= 2255
13983.6639457
K= 2256
12775.9390685
K= 2257
8238.94871795
K= 2258
8238.0
K= 2259
5005.21872895
K= 2260
8827.0
K= 2261
4868.66782258
K= 2262
8239.0
K= 2263
5005.21872895
K= 2264
5282.13269702
K= 2265
4774.17493883
K= 2266
1314.90069666
K= 2267
3879.87959422
K= 2268
4737.70387208
K= 2269
4947.85746491
K= 2270
5128.23008431
K= 2271
3800.65049566
K= 2272
8221.9636213
K= 2273
4009.18361132
K= 2274
5930.9349632
K= 2275
12803.1624485
K= 2276
4696.83322594
K= 2277
8213.20995938
K= 2278
8220.40094944
K= 2279
5005.21872895
K= 2280
3803.50221576
K= 2281
8244.0
K= 2282
9121.25124028
K= 2283
5210.41030229
K= 2284
5024.61703409
K= 2285
4908.20131687
K= 2286
4704.12859228
K= 2287
8216.13004572
K= 2288
5022.47609133
K= 2289
8240.12036171
K= 2290
8238.0
K= 2291
293.37253928
K= 2292
8229.84210526
K= 2293
8242.47068304
K= 2294
4004.12911564
K= 2295
7732.45428852
K= 2296
1350.42100623
K= 2297
8238.0
K= 2298
5004.52706228
K= 2299
5306.28651127
K= 2300
8827.0
K= 2301
8237.0
K= 2302
5121.90532941
K= 2303
5379.07512375
K= 2304
8238.0
K= 2305
3776.44316907
K= 2306
4801.59304132
K= 2307
8169.08953875
K= 2308
8203.89258987
K= 2309
9081.18640205
K= 2310
8238.85714286
K= 2311
8242.47068304
K= 2312
8198.97648175
K= 2313
5005.21872895
K= 2314
3776.44316907
K= 2315
4099.69058583
K= 2316
52962.0
K= 2317
8240.91776036
K= 2318
4838.86917
K= 2319
1506.29983192
K= 2320
4926.11194282
K= 2321
8237.92857143
K= 2322
8218.9
K= 2323
779.215348598
K= 2324
4362.12230019
K= 2325
4918.22797219
K= 2326
5210.97661958
K= 2327
3776.44316907
K= 2328
4021.19076567
K= 2329
8244.0
K= 2330
4961.06655269
K= 2331
18321.4537444
K= 2332
7282.15250538
K= 2333
4958.45813183
K= 2334
5206.87818018
K= 2335
5291.93104668
K= 2336
8231.0
K= 2337
5050.37966278
K= 2338
8236.5133555
K= 2339
12847.95281
K= 2340
5494.40832418
K= 2341
4175.93830017
K= 2342
4850.11321413
K= 2343
8291.04457849
K= 2344
4004.12911564
K= 2345
8237.92857143
K= 2346
8233.95890411
K= 2347
23087.7066739
K= 2348
8237.0
K= 2349
8237.92857143
K= 2350
8827.0
K= 2351
9329.972615
K= 2352
5838.56566052
K= 2353
3846.98103192
K= 2354
3780.61794403
K= 2355
5005.21872895
K= 2356
8222.0
K= 2357
5005.21872895
K= 2358
21183.164616
K= 2359
4175.93830017
K= 2360
4170.99840147
K= 2361
5005.21872895
K= 2362
4004.12911564
K= 2363
4991.73628689
K= 2364
27227.7494808
K= 2365
5612.56421138
K= 2366
5495.12499085
K= 2367
9181.69920836
K= 2368
5042.7127433
K= 2369
3804.58257261
K= 2370
5300.63974244
K= 2371
8298.15251716
K= 2372
4713.67613035
K= 2373
8188.19494265
K= 2374
5124.56601037
K= 2375
6996.78775425
K= 2376
8257.63887796
K= 2377
5069.64171991
K= 2378
4175.93830017
K= 2379
3873.85714286
K= 2380
8231.71794872
K= 2381
8238.0
K= 2382
16490.130108
K= 2383
5005.21872895
K= 2384
9119.59302058
K= 2385
4991.58818664
K= 2386
4995.88902865
K= 2387
6729.12684909
K= 2388
4967.71657557
K= 2389
8235.77777778
K= 2390
7688.43612094
K= 2391
5005.21872895
K= 2392
4782.69682097
K= 2393
8232.93975904
K= 2394
8229.90476191
K= 2395
5005.21872895
K= 2396
8212.0
K= 2397
5009.26902502
K= 2398
5667.6762191
K= 2399
5347.05899993
K= 2400
8238.0
K= 2401
7280.16821131
K= 2402
8239.87804878
K= 2403
8190.60762057
K= 2404
8827.0
K= 2405
5462.81080891
K= 2406
5128.23008431
K= 2407
5138.67004531
K= 2408
3987.91891892
K= 2409
10869.1675631
K= 2410
4757.44480988
K= 2411
5318.88726587
K= 2412
4698.60254005
K= 2413
8228.9
K= 2414
4705.87543029
K= 2415
8234.0
K= 2416
1050.21341028
K= 2417
2334.46930778
K= 2418
12528.9985501
K= 2419
5639.50434028
K= 2420
5683.66046136
K= 2421
6539.53216955
K= 2422
4208.04878041
K= 2423
4187.0385012
K= 2424
4175.93830017
K= 2425
4520.45238643
K= 2426
8242.30156702
K= 2427
1217.50434028
K= 2428
12797.4149329
K= 2429
8175.84668161
K= 2430
8209.0
K= 2431
1065.84704595
K= 2432
4753.43693866
K= 2433
9294.97895464
K= 2434
7392.62291574
K= 2435
5404.74826022
K= 2436
12733.885121
K= 2437
4088.60174023
K= 2438
8176.34789305
K= 2439
4732.1934291
K= 2440
8194.94594595
K= 2441
16469.6666667
K= 2442
5235.65615271
K= 2443
5005.21872895
K= 2444
5304.46782092
K= 2445
4609.71656203
K= 2446
4705.58291727
K= 2447
8228.94594595
K= 2448
3902.85087741
K= 2449
5333.91021297
K= 2450
8224.92289716
K= 2451
8231.21122939
K= 2452
4741.57008235
K= 2453
4212.82349659
K= 2454
5511.74147164
K= 2455
4175.93830017
K= 2456
8827.0
K= 2457
18228.5617309
K= 2458
4861.52341344
K= 2459
8235.20416147
K= 2460
5005.21872895
K= 2461
77466.9333056
K= 2462
10922.3947939
K= 2463
5271.86136887
K= 2464
8827.0
K= 2465
8235.86486487
K= 2466
8226.84394362
K= 2467
8175.84668161
K= 2468
4697.33230931
K= 2469
4979.8062094
K= 2470
8234.83333333
K= 2471
3944.91891892
K= 2472
5234.40960076
K= 2473
8226.46969585
K= 2474
9593.02053571
K= 2475
4581.14191355
K= 2476
4677.16231457
K= 2477
7315.10167239
K= 2478
4753.78184882
K= 2479
4585.41704486
K= 2480
5289.12634015
K= 2481
5611.09206805
K= 2482
8229.90476191
K= 2483
5005.21872895
K= 2484
3848.61280667
K= 2485
9621.28455678
K= 2486
8827.0
K= 2487
18239.2541088
K= 2488
5252.90831064
K= 2489
5875.09851622
K= 2490
8206.27448486
K= 2491
4004.12911564
K= 2492
4667.2831413
K= 2493
5269.88464107
K= 2494
8243.0
K= 2495
5010.83226913
K= 2496
6048.48230971
K= 2497
5005.21872895
K= 2498
4175.93830017
K= 2499
5030.50853512
K= 2500
5005.21872895
K= 2501
5005.21872895
K= 2502
3946.91891892
K= 2503
4993.98998014
K= 2504
5005.21872895
K= 2505
5005.21872895
K= 2506
4978.16840868
K= 2507
5005.21872895
K= 2508
5038.90818078
K= 2509
8233.9
K= 2510
5269.54373198
K= 2511
5612.55780038
K= 2512
8238.0
K= 2513
3861.32988865
K= 2514
4034.52133378
K= 2515
8214.0
K= 2516
11833.4812161
K= 2517
5939.96060054
K= 2518
4795.14704029
K= 2519
5005.21872895
K= 2520
10915.6311012
K= 2521
9066.51336058
K= 2522
4826.00840545
K= 2523
5518.19883111
K= 2524
4594.46092596
K= 2525
4951.72165604
K= 2526
8236.47624905
K= 2527
907.470651986
K= 2528
4794.77173375
K= 2529
8238.0
K= 2530
8240.0
K= 2531
5005.33391747
K= 2532
1144.74532726
K= 2533
8234.74593925
K= 2534
9288.1598603
K= 2535
3922.0
K= 2536
8241.66666667
K= 2537
8174.84668161
K= 2538
8235.83333333
K= 2539
8233.93975904
K= 2540
5138.81139694
K= 2541
4787.48555987
K= 2542
4062.84799358
K= 2543
45536.5078786
K= 2544
3846.98103192
K= 2545
8234.9
K= 2546
8235.88888889
K= 2547
8234.66666667
K= 2548
7759.72769612
K= 2549
3894.88350744
K= 2550
8827.0
K= 2551
4175.93830017
K= 2552
8238.0
K= 2553
9589.14566287
K= 2554
3591.27896027
K= 2555
8219.12030643
K= 2556
4255.05642821
K= 2557
6495.99935926
K= 2558
5389.27531049
K= 2559
1349.87896743
K= 2560
8207.80630924
K= 2561
4807.8792406
K= 2562
5110.44589089
K= 2563
5655.09282017
K= 2564
8199.40410341
K= 2565
17654.0
K= 2566
9727.05211437
K= 2567
8238.0
K= 2568
5494.46916295
K= 2569
5513.13404503
K= 2570
4005.12911564
K= 2571
8232.94285714
K= 2572
8238.0
K= 2573
8239.0
K= 2574
4879.5878747
K= 2575
13718.2788663
K= 2576
8225.67631081
K= 2577
4154.78916375
K= 2578
8827.0
K= 2579
8513.93830017
K= 2580
8225.43855014
K= 2581
14474.3458377
K= 2582
4996.83094247
K= 2583
6450.26156806
K= 2584
5095.89523218
K= 2585
4405.5054149
K= 2586
8826.0
K= 2587
3941.56280466
K= 2588
9564.08928009
K= 2589
8159.78494287
K= 2590
5383.90877459
K= 2591
8220.0
K= 2592
5847.05981754
K= 2593
5083.11664821
K= 2594
5005.21872895
K= 2595
6518.2035425
K= 2596
4004.12911564
K= 2597
983.234523887
K= 2598
8174.84668161
K= 2599
3911.875
K= 2600
8224.5496692
K= 2601
8229.21249767
K= 2602
6749.80641439
K= 2603
8235.71428571
K= 2604
2263.09138321
K= 2605
1765.0461937
K= 2606
7949.77096164
K= 2607
4175.93830017
K= 2608
10284.6729433
K= 2609
6723.81326738
K= 2610
8224.95652174
K= 2611
5862.09821601
K= 2612
4956.87332931
K= 2613
11277.0086806
K= 2614
8236.95652174
K= 2615
8229.90476191
K= 2616
4670.58797192
K= 2617
8229.90476191
K= 2618
5047.43490377
K= 2619
8827.0
K= 2620
8237.95774648
K= 2621
7920.40704609
K= 2622
4706.76615792
K= 2623
5476.08302
K= 2624
4955.83288332
K= 2625
8236.75
K= 2626
8237.875
K= 2627
8284.70157029
K= 2628
9260.74307033
K= 2629
9440.19225109
K= 2630
8237.0
K= 2631
5562.04206337
K= 2632
1051.02566158
K= 2633
8827.0
K= 2634
8236.75
K= 2635
8233.9
K= 2636
8235.88888889
K= 2637
8230.95652174
K= 2638
8202.00072844
K= 2639
4004.12911564
K= 2640
5005.21872895
K= 2641
4175.93830017
K= 2642
8224.21797942
K= 2643
5065.42023746
K= 2644
8244.26022176
K= 2645
975.88680215
K= 2646
4695.18762284
K= 2647
3940.60174023
K= 2648
5297.2368476
K= 2649
8224.47159385
K= 2650
8232.85714286
K= 2651
5257.39643639
K= 2652
12706.8684502
K= 2653
5022.44516339
K= 2654
8238.0
K= 2655
9167.38988229
K= 2656
8230.0
K= 2657
5517.05102789
K= 2658
2088.16907866
K= 2659
8229.88235294
K= 2660
8235.94285714
K= 2661
6147.09297319
K= 2662
4004.12911564
K= 2663
9119.10386367
K= 2664
5837.74720939
K= 2665
8238.72059929
K= 2666
5516.6039237
K= 2667
6048.13240024
K= 2668
4913.60781447
K= 2669
3924.93340872
K= 2670
4860.86771751
K= 2671
5357.55817137
K= 2672
8827.0
K= 2673
8236.86486487
K= 2674
5298.59197245
K= 2675
5343.40570438
K= 2676
2909.62323159
K= 2677
4550.73724248
K= 2678
4004.12911564
K= 2679
7781.59821425
K= 2680
8237.92857143
K= 2681
5518.19883111
K= 2682
6968.97404783
K= 2683
4175.93830017
K= 2684
4175.93830017
K= 2685
4938.04495719
K= 2686
3846.98103192
K= 2687
4175.93830017
K= 2688
9751.65830988
K= 2689
8236.86486487
K= 2690
8227.36440596
K= 2691
8234.84210526
K= 2692
3776.44316907
K= 2693
2572.37749847
K= 2694
8237.84210526
K= 2695
3939.86486487
K= 2696
9655.84351892
K= 2697
8224.93399331
K= 2698
5269.88464107
K= 2699
5300.43830972
K= 2700
5004.91103664
K= 2701
8232.11514664
K= 2702
5081.00556578
K= 2703
5872.57944759
K= 2704
3906.9372828
K= 2705
4785.87099901
K= 2706
5285.83820931
K= 2707
4122.60174023
K= 2708
4012.14951806
K= 2709
5005.21872895
K= 2710
10924.061292
K= 2711
8238.91891892
K= 2712
5431.59019624
K= 2713
4821.85526837
K= 2714
4798.02803327
K= 2715
9405.45077247
K= 2716
3707.20993137
K= 2717
3938.60174023
K= 2718
13735.2174615
K= 2719
4807.85849081
K= 2720
4004.12911564
K= 2721
8196.99653083
K= 2722
8250.34885115
K= 2723
8237.95364238
K= 2724
3846.98103192
K= 2725
8305.76460615
K= 2726
5463.03064602
K= 2727
8229.0
K= 2728
4812.57618049
K= 2729
8240.76522324
K= 2730
8198.62409872
K= 2731
8230.87096774
K= 2732
8229.86111111
K= 2733
4615.63828356
K= 2734
3707.20993137
K= 2735
8238.0
K= 2736
8209.95
K= 2737
5005.21872895
K= 2738
7937.18539439
K= 2739
5460.11310216
K= 2740
8175.84668161
K= 2741
14261.2087303
K= 2742
4775.77779478
K= 2743
5005.21872895
K= 2744
13708.4343476
K= 2745
36794.0072347
K= 2746
4175.93830017
K= 2747
5891.27984354
K= 2748
8236.86486487
K= 2749
8235.76923077
K= 2750
13882.5359467
K= 2751
5005.21872895
K= 2752
5005.21872895
K= 2753
5845.65004085
K= 2754
8247.87817574
K= 2755
2575.05281815
K= 2756
8230.1045385
K= 2757
19280.7650193
K= 2758
8279.34575067
K= 2759
8827.0
K= 2760
7799.13526053
K= 2761
5337.26718595
K= 2762
8240.0
K= 2763
3272.08815759
K= 2764
8224.91891892
K= 2765
4888.44919768
K= 2766
8237.0
K= 2767
8237.0
K= 2768
4842.65960961
K= 2769
3903.0
K= 2770
12712.0529047
K= 2771
3899.875
K= 2772
4841.68578954
K= 2773
4760.98692131
K= 2774
4785.77348742
K= 2775
8827.0
K= 2776
4617.62684673
K= 2777
1865.25785994
K= 2778
8238.1372549
K= 2779
3908.0
K= 2780
5083.86819287
K= 2781
5333.98152807
K= 2782
5883.88263752
K= 2783
4823.7855409
K= 2784
8230.75
K= 2785
8229.64841773
K= 2786
5005.21872895
K= 2787
8798.73654239
K= 2788
10061.9488789
K= 2789
4574.43667158
K= 2790
4918.63551695
K= 2791
8238.0
K= 2792
5862.43154934
K= 2793
6041.16708431
K= 2794
5288.73456009
K= 2795
5005.21872895
K= 2796
2964.24443261
K= 2797
18733.3345652
K= 2798
4660.06715761
K= 2799
27711.8217864
K= 2800
5245.0670206
K= 2801
8235.86904762
K= 2802
8236.81818182
K= 2803
9087.62605803
K= 2804
4175.93830017
K= 2805
4778.22714517
K= 2806
5005.21872895
K= 2807
5127.88625238
K= 2808
5022.62786492
K= 2809
5161.55449057
K= 2810
3776.44316907
K= 2811
5371.20953138
K= 2812
2205.06847774
K= 2813
1093.27621384
K= 2814
6728.02422776
K= 2815
4175.93830017
K= 2816
4642.03901908
K= 2817
8203.37600654
K= 2818
17180.0
K= 2819
5321.65183233
K= 2820
4041.1831014
K= 2821
8226.55077693
K= 2822
7819.85713917
K= 2823
8210.9033439
K= 2824
6279.71151355
K= 2825
8212.12677356
K= 2826
400.649862835
K= 2827
3999.98103192
K= 2828
4920.36952696
K= 2829
4798.38682395
K= 2830
4004.12911564
K= 2831
4175.93830017
K= 2832
5838.56566052
K= 2833
4753.78184882
K= 2834
5269.84123563
K= 2835
8827.0
K= 2836
24692.25
K= 2837
3806.31436525
K= 2838
8236.75
K= 2839
8234.0
K= 2840
4736.84611869
K= 2841
8230.75
K= 2842
8236.50824736
K= 2843
8169.18968825
K= 2844
4969.85007343
K= 2845
10231.3243047
K= 2846
7723.09505055
K= 2847
5424.34596236
K= 2848
14032.1706692
K= 2849
731.777208335
K= 2850
4800.98223158
K= 2851
8288.70121507
K= 2852
8218.95704753
K= 2853
8238.0
K= 2854
5215.2006518
K= 2855
3955.06596508
K= 2856
9312.12966005
K= 2857
5843.74850971
K= 2858
8234.0
K= 2859
4654.63325788
K= 2860
7945.85206106
K= 2861
10023.6773054
K= 2862
3778.44316907
K= 2863
8236.33448423
K= 2864
5311.60713085
K= 2865
7662.29230769
K= 2866
8237.95
K= 2867
8234.91891892
K= 2868
2114.29025395
K= 2869
36499.593689
K= 2870
4845.68032718
K= 2871
8240.88888889
K= 2872
8240.0
K= 2873
8236.0
K= 2874
5463.03064602
K= 2875
8239.12840389
K= 2876
5005.21872895
K= 2877
5005.21872895
K= 2878
5004.6732744
K= 2879
5043.38960052
K= 2880
5463.03064602
K= 2881
8238.0
K= 2882
8218.26226128
K= 2883
8236.89905002
K= 2884
8193.8693009
K= 2885
4348.52881358
K= 2886
5463.03064602
K= 2887
8197.98515059
K= 2888
5510.94517236
K= 2889
5067.40302826
K= 2890
4683.82663354
K= 2891
5262.59104249
K= 2892
5005.21872895
K= 2893
1083.54547926
K= 2894
4175.93830017
K= 2895
7912.82645574
K= 2896
16463.8181818
K= 2897
8235.94594595
K= 2898
6300.75660943
K= 2899
1678.02598817
K= 2900
7783.65503847
K= 2901
7469.51402976
K= 2902
7821.85713917
K= 2903
5463.03064602
K= 2904
5005.21872895
K= 2905
8241.66666667
K= 2906
8237.92857143
K= 2907
6552.47310115
K= 2908
8231.12710067
K= 2909
3777.44316907
K= 2910
12708.0865153
K= 2911
4781.36376826
K= 2912
8221.03103594
K= 2913
4826.9544033
K= 2914
4004.12911564
K= 2915
3776.44316907
K= 2916
5231.10777124
K= 2917
8145.29769171
K= 2918
8236.0
K= 2919
9033.33826506
K= 2920
5005.21872895
K= 2921
8827.0
K= 2922
8233.0
K= 2923
5005.21872895
K= 2924
19527.2062888
K= 2925
6280.00098334
K= 2926
11882.8524795
K= 2927
8223.0
K= 2928
8222.0
K= 2929
4904.69569534
K= 2930
6191.5171751
K= 2931
1497.54766271
K= 2932
5005.21872895
K= 2933
8236.86486487
K= 2934
5072.94203698
K= 2935
4782.76699548
K= 2936
1751.37211142
K= 2937
5331.4806339
K= 2938
5557.87126789
K= 2939
4879.55335291
K= 2940
5095.61558644
K= 2941
6834.67422995
K= 2942
32091.9725165
K= 2943
4943.85766881
K= 2944
4978.50122057
K= 2945
3975.90476191
K= 2946
8237.92857143
K= 2947
3924.86486487
K= 2948
5285.518444
K= 2949
5005.21872895
K= 2950
4175.93830017
K= 2951
10473.7173155
K= 2952
8212.98102548
K= 2953
7799.80192719
K= 2954
3909.0
K= 2955
5121.16437661
K= 2956
4175.93830017
K= 2957
4180.97063063
K= 2958
8238.0
K= 2959
5627.96667904
K= 2960
3912.92857143
K= 2961
8234.97402597
K= 2962
5005.21872895
K= 2963
8115.2524415
K= 2964
8234.0
K= 2965
4864.95129505
K= 2966
8239.64473305
K= 2967
10008.4374579
K= 2968
2864.01726078
K= 2969
6031.95712577
K= 2970
8238.0
K= 2971
8239.86666667
K= 2972
4175.93830017
K= 2973
4961.1924551
K= 2974
4770.07779592
K= 2975
5020.28464158
K= 2976
8206.95890411
K= 2977
8221.72768003
K= 2978
3905.26205343
K= 2979
5005.21872895
K= 2980
4977.51104819
K= 2981
3905.75
K= 2982
5005.21872895
K= 2983
5340.89175683
K= 2984
5190.62416904
K= 2985
3947.91891892
K= 2986
4875.00972768
K= 2987
8244.26022176
K= 2988
8354.12911564
K= 2989
4004.12911564
K= 2990
8236.0
K= 2991
4175.93830017
K= 2992
4758.96259227
K= 2993
5245.85715338
K= 2994
18266.6055462
K= 2995
5245.85715338
K= 2996
8146.61673076
K= 2997
1287.85218866
K= 2998
8502.5569055
K= 2999
5317.78866962
K= 3000
4586.9834914
K= 3001
8236.64352941
K= 3002
9174.9274108
K= 3003
4753.92462431
K= 3004
8235.46666667
K= 3005
8207.60205622
K= 3006
5240.30619609
K= 3007
4004.12911564
K= 3008
13833.9222761
K= 3009
5775.72250881
K= 3010
8200.44316907
K= 3011
8230.8115942
K= 3012
8236.50221576
K= 3013
4732.59211477
K= 3014
5005.12781985
K= 3015
8240.0
K= 3016
8238.0
K= 3017
5867.41755042
K= 3018
5406.83528544
K= 3019
8232.90909091
K= 3020
5285.518444
K= 3021
3919.84210526
K= 3022
4954.61835922
K= 3023
8236.0
K= 3024
8237.90476191
K= 3025
1508.55553847
K= 3026
5943.74129786
K= 3027
8386.45172736
K= 3028
4701.1690575
K= 3029
4175.93830017
K= 3030
3810.875
K= 3031
8233.0
K= 3032
9787.320874
K= 3033
13941.0483494
K= 3034
5621.65849623
K= 3035
5295.16683066
K= 3036
8292.96742793
K= 3037
8827.0
K= 3038
5271.86136887
K= 3039
4998.16282455
K= 3040
5238.97392366
K= 3041
4004.12911564
K= 3042
8240.92
K= 3043
4004.12911564
K= 3044
3988.98103192
K= 3045
4632.85542223
K= 3046
4707.31620693
K= 3047
9196.49591015
K= 3048
4857.19910605
K= 3049
5133.84805579
K= 3050
8223.71119783
K= 3051
9281.4373103
K= 3052
5005.21872895
K= 3053
6162.01148163
K= 3054
5023.5955858
K= 3055
8238.0
K= 3056
5005.21872895
K= 3057
4175.93830017
K= 3058
8236.26392982
K= 3059
5005.21872895
K= 3060
5005.21872895
K= 3061
8235.83333333
K= 3062
917.029752204
K= 3063
8236.9
K= 3064
8238.0
K= 3065
4175.93830017
K= 3066
8234.875
K= 3067
4907.20654404
K= 3068
4769.83756285
K= 3069
8204.4436318
K= 3070
8237.0
K= 3071
5312.63105007
K= 3072
8238.0
K= 3073
8827.0
K= 3074
8827.0
K= 3075
9161.8886998
K= 3076
4844.57019328
K= 3077
1477.44478992
K= 3078
8238.0
K= 3079
3707.20993137
K= 3080
4976.52909516
K= 3081
5632.92752958
K= 3082
4888.32953563
K= 3083
8580.88015541
K= 3084
4175.93830017
K= 3085
5122.29499619
K= 3086
5014.62656007
K= 3087
5183.66053465
K= 3088
5463.03064602
K= 3089
8302.50825971
K= 3090
1529.72705578
K= 3091
3707.20993137
K= 3092
8238.91891892
K= 3093
5327.71345843
K= 3094
8175.84668161
K= 3095
5458.98368248
K= 3096
5065.08146066
K= 3097
5280.11400944
K= 3098
5005.21872895
K= 3099
18701.4251032
K= 3100
4874.90515583
K= 3101
10918.7401341
K= 3102
8229.1204919
K= 3103
8276.21042833
K= 3104
4938.64065737
K= 3105
5005.21872895
K= 3106
5467.8503204
K= 3107
8222.47068304
K= 3108
8236.88888889
K= 3109
5022.30051064
K= 3110
8240.0749663
K= 3111
8827.0
K= 3112
4175.93830017
K= 3113
4047.0
K= 3114
9472.50840837
K= 3115
5269.74123563
K= 3116
5158.92472889
K= 3117
8181.35024038
K= 3118
52962.0
K= 3119
5459.60516565
K= 3120
4717.48808341
K= 3121
8236.56470588
K= 3122
4756.67302645
K= 3123
8237.0
K= 3124
52962.0
K= 3125
8239.0
K= 3126
8233.94339623
K= 3127
448.026030187
K= 3128
8250.28601305
K= 3129
19314.9550321
K= 3130
8237.0
K= 3131
1496.41181292
K= 3132
1335.11656496
K= 3133
18200.414321
K= 3134
4640.45018047
K= 3135
8069.48949221
K= 3136
5832.86022149
K= 3137
5272.32864274
K= 3138
3980.60174023
K= 3139
8238.0
K= 3140
8201.05084308
K= 3141
5005.21872895
K= 3142
4842.12141467
K= 3143
4001.14464377
K= 3144
5537.98046892
K= 3145
5096.33957489
K= 3146
8175.84668161
K= 3147
4175.93830017
K= 3148
4935.27330548
K= 3149
6786.39543091
K= 3150
5265.35632568
K= 3151
8235.5
K= 3152
8166.15463616
K= 3153
7881.02938721
K= 3154
3938.60174023
K= 3155
8239.0
K= 3156
5005.21872895
K= 3157
7530.58211866
K= 3158
5030.31812867
K= 3159
2164.47820312
K= 3160
8195.3034553
K= 3161
5261.39364751
K= 3162
4941.002291
K= 3163
8231.90909091
K= 3164
4865.8326355
K= 3165
4092.84437647
K= 3166
8236.0
K= 3167
9745.55273636
K= 3168
8827.0
K= 3169
4619.36341108
K= 3170
8236.8
K= 3171
738.90091319
K= 3172
5531.57538237
K= 3173
8827.0
K= 3174
9493.34605409
K= 3175
5268.53556517
K= 3176
4081.60174023
K= 3177
5706.89646927
K= 3178
9541.54258062
K= 3179
5281.56098761
K= 3180
7929.18539439
K= 3181
3938.60174023
K= 3182
5269.92945611
K= 3183
8236.86486487
K= 3184
1391.41305537
K= 3185
6300.7602638
K= 3186
5168.35614271
K= 3187
4653.42776095
K= 3188
4790.80615873
K= 3189
4640.44237565
K= 3190
4637.6846908
K= 3191
8827.0
K= 3192
5519.20490331
K= 3193
8236.0
K= 3194
4907.05853474
K= 3195
3707.20993137
K= 3196
8247.6786058
K= 3197
12587.0
K= 3198
4660.67514386
K= 3199
8234.63562753
K= 3200
4809.86514943
K= 3201
5369.58877373
K= 3202
8241.66666667
K= 3203
5377.64777818
K= 3204
5477.1472796
K= 3205
3779.44316907
K= 3206
4175.93830017
K= 3207
9611.06227821
K= 3208
3938.60174023
K= 3209
8827.0
K= 3210
11163.38663
K= 3211
8238.0
K= 3212
10923.661292
K= 3213
4175.93830017
K= 3214
8237.92063492
K= 3215
8238.0
K= 3216
1216.16893793
K= 3217
4175.93830017
K= 3218
4683.82885256
K= 3219
5203.02522048
K= 3220
4660.06829739
K= 3221
8212.46253125
K= 3222
4015.8147208
K= 3223
894.984934626
K= 3224
36520.577858
K= 3225
5194.1371119
K= 3226
8224.59024712
K= 3227
8826.0
K= 3228
52962.0
K= 3229
5444.72693983
K= 3230
5244.13021985
K= 3231
8234.90909091
K= 3232
6003.01556927
K= 3233
8236.88888889
K= 3234
8235.97402597
K= 3235
77515.0967279
K= 3236
8827.0
K= 3237
5053.40980263
K= 3238
5838.56566052
K= 3239
4939.19291899
K= 3240
8238.0
K= 3241
9538.40827372
K= 3242
40783.5292086
K= 3243
7439.282563
K= 3244
3707.20993137
K= 3245
8235.37190829
K= 3246
31726.1879832
K= 3247
4175.93830017
K= 3248
8238.91891892
K= 3249
3815.5296889
K= 3250
5407.14456379
K= 3251
8169.9375907
K= 3252
5371.58281905
K= 3253
5282.13269702
K= 3254
8241.66666667
K= 3255
9531.54705602
K= 3256
4824.96265675
K= 3257
5005.21872895
K= 3258
10965.4129595
K= 3259
4975.34848071
K= 3260
4623.68630693
K= 3261
3707.20993137
K= 3262
5373.91522057
K= 3263
8237.93793103
K= 3264
7588.39034938
K= 3265
52962.0
K= 3266
5407.14456379
K= 3267
1741.17740747
K= 3268
4818.41710117
K= 3269
5246.09673131
K= 3270
8827.0
K= 3271
4586.45023359
K= 3272
4004.12911564
K= 3273
8237.94871795
K= 3274
8194.06352375
K= 3275
4175.93830017
K= 3276
8208.64123805
K= 3277
4802.4401272
K= 3278
4882.48279185
K= 3279
4779.69653254
K= 3280
1463.65440385
K= 3281
5005.21872895
K= 3282
8186.52503693
K= 3283
9290.7356685
K= 3284
8236.83333333
K= 3285
9421.68596019
K= 3286
5496.01273895
K= 3287
3938.60174023
K= 3288
8238.90298307
K= 3289
8233.0
K= 3290
4839.0174193
K= 3291
9180.53649942
K= 3292
1083.54547926
K= 3293
4848.28663648
K= 3294
6126.12392268
K= 3295
8298.15251716
K= 3296
8234.8627451
K= 3297
8229.17999455
K= 3298
8229.0
K= 3299
5004.84372895
K= 3300
4638.83763719
K= 3301
5461.48013347
K= 3302
4175.93830017
K= 3303
5005.21872895
K= 3304
15367.2900026
K= 3305
8233.85714286
K= 3306
5272.06771611
K= 3307
8234.69075148
K= 3308
5495.12499085
K= 3309
8236.8
K= 3310
5328.44025639
K= 3311
5480.77012177
K= 3312
5004.34372895
K= 3313
4162.19988022
K= 3314
8236.75
K= 3315
5108.2670274
K= 3316
8259.75635147
K= 3317
4878.12520305
K= 3318
8229.90476191
K= 3319
5490.35961467
K= 3320
4787.06332862
K= 3321
8230.92105263
K= 3322
4175.93830017
K= 3323
4843.81976525
K= 3324
9257.27952811
K= 3325
4800.16764013
K= 3326
4802.07558208
K= 3327
17642.9824756
K= 3328
4786.03931798
K= 3329
4782.46748786
K= 3330
4855.22576593
K= 3331
7954.38539439
K= 3332
8236.88888889
K= 3333
5815.88190518
K= 3334
5005.12781985
K= 3335
3938.60174023
K= 3336
18303.9826201
K= 3337
8222.0
K= 3338
4015.25439774
K= 3339
16456.6587796
K= 3340
5115.46332396
K= 3341
4035.0
K= 3342
8827.0
K= 3343
11399.3126614
K= 3344
5306.41471639
K= 3345
8209.35321418
K= 3346
8180.28873312
K= 3347
4657.36754939
K= 3348
8201.0
K= 3349
17654.0
K= 3350
8229.0
K= 3351
5314.24871028
K= 3352
36340.4760295
K= 3353
5005.21872895
K= 3354
17654.0
K= 3355
4933.21844544
K= 3356
5012.43874552
K= 3357
13699.3525627
K= 3358
3934.90476191
K= 3359
24703.9821433
K= 3360
3879.2236261
K= 3361
8235.75
K= 3362
5407.14456379
K= 3363
8238.16971585
K= 3364
4175.93830017
K= 3365
4175.93830017
K= 3366
5005.21872895
K= 3367
8233.875
K= 3368
5113.22773624
K= 3369
4980.04685258
K= 3370
8229.90476191
K= 3371
8238.0
K= 3372
4706.7275309
K= 3373
8235.0
K= 3374
5518.19883111
K= 3375
4009.83866663
K= 3376
5456.65043255
K= 3377
8238.0
K= 3378
6278.92568594
K= 3379
3938.60174023
K= 3380
5010.83226913
K= 3381
8229.90476191
K= 3382
4005.12911564
K= 3383
4175.93830017
K= 3384
8228.76190476
K= 3385
8208.04986533
K= 3386
3776.44316907
K= 3387
4175.93830017
K= 3388
4175.93830017
K= 3389
8232.0
K= 3390
4756.8791643
K= 3391
6199.01104125
K= 3392
8299.13134747
K= 3393
8236.8358209
K= 3394
6048.13240024
K= 3395
3846.98103192
K= 3396
8185.15616385
K= 3397
4175.93830017
K= 3398
8201.34821739
K= 3399
8226.60205622
K= 3400
8827.0
K= 3401
8827.0
K= 3402
8228.90909091
K= 3403
8237.77865613
K= 3404
8235.8
K= 3405
1143.52534462
K= 3406
1112.09843123
K= 3407
8239.74725972
K= 3408
5251.12836253
K= 3409
4720.25134952
K= 3410
8234.83333333
K= 3411
4805.460024
K= 3412
5025.96007202
K= 3413
4990.23748515
K= 3414
8238.0
K= 3415
4604.94368978
K= 3416
7787.34539997
K= 3417
4744.7752129
K= 3418
5005.21872895
K= 3419
5011.53563769
K= 3420
5032.01451176
K= 3421
4625.23557779
K= 3422
8220.94871795
K= 3423
5005.21872895
K= 3424
8240.92
K= 3425
8169.20610531
K= 3426
8239.0
K= 3427
4695.40683488
K= 3428
5462.36397935
K= 3429
4639.17698872
K= 3430
3776.44316907
K= 3431
4855.09521283
K= 3432
8236.8
K= 3433
5312.63105007
K= 3434
4807.57385811
K= 3435
6046.63240024
K= 3436
7469.18069643
K= 3437
8224.60645161
K= 3438
5611.09206805
K= 3439
4175.93830017
K= 3440
4175.93830017
K= 3441
7387.77447103
K= 3442
5005.21872895
K= 3443
4950.12796018
K= 3444
8827.0
K= 3445
8238.0
K= 3446
8827.0
K= 3447
5515.24604314
K= 3448
8172.96756438
K= 3449
4815.46026868
K= 3450
5847.06953428
K= 3451
8827.0
K= 3452
9550.81543747
K= 3453
5005.08829416
K= 3454
8156.55537471
K= 3455
5495.12499085
K= 3456
5463.03064602
K= 3457
5268.68472659
K= 3458
4175.93830017
K= 3459
5005.21872895
K= 3460
3776.44316907
K= 3461
5005.21872895
K= 3462
8233.90697674
K= 3463
8260.75635147
K= 3464
4914.54742221
K= 3465
5070.24963537
K= 3466
5210.80891694
K= 3467
6845.38825497
K= 3468
1682.46645567
K= 3469
4175.93830017
K= 3470
13551.7455911
K= 3471
4825.81384017
K= 3472
8233.94285714
K= 3473
8237.84210526
K= 3474
4976.56986955
K= 3475
4175.93830017
K= 3476
8236.0589487
K= 3477
3701.25016298
K= 3478
5041.74527717
K= 3479
4781.39877564
K= 3480
8229.90476191
K= 3481
8217.0
K= 3482
8229.0
K= 3483
5333.69608107
K= 3484
4925.31494199
K= 3485
4926.48866342
K= 3486
5039.27610329
K= 3487
4004.12911564
K= 3488
4004.12911564
K= 3489
5005.21872895
K= 3490
7943.33055568
K= 3491
22868.5150059
K= 3492
8827.0
K= 3493
16254.7059773
K= 3494
8827.0
K= 3495
8237.92857143
K= 3496
8228.57908944
K= 3497
8242.2749663
K= 3498
5044.99669298
K= 3499
5195.61657909
K= 3500
4876.41387294
K= 3501
3919.84210526
K= 3502
4175.93830017
K= 3503
3938.60174023
K= 3504
8263.12840389
K= 3505
8237.94871795
K= 3506
3938.60174023
K= 3507
3903.2118294
K= 3508
4968.68654263
K= 3509
5005.12781986
K= 3510
8237.46031746
K= 3511
5846.72529859
K= 3512
4175.93830017
K= 3513
5366.27587673
K= 3514
4636.28951533
K= 3515
5121.58403109
K= 3516
6048.13240024
K= 3517
999.840506516
K= 3518
9139.73278369
K= 3519
9206.790649
K= 3520
4712.67520315
K= 3521
4175.93830017
K= 3522
5005.21872895
K= 3523
4175.93830017
K= 3524
5560.5511968
K= 3525
5005.47636522
K= 3526
4997.27950571
K= 3527
8237.91428571
K= 3528
5067.96650794
K= 3529
4004.12911564
K= 3530
4145.14359747
K= 3531
8309.19658738
K= 3532
8234.88888889
K= 3533
5497.74090592
K= 3534
5848.18481754
K= 3535
1767.84054906
K= 3536
5005.21872895
K= 3537
4004.12911564
K= 3538
5371.58281905
K= 3539
8253.36990364
K= 3540
8951.56533324
K= 3541
8211.0
K= 3542
9985.68021866
K= 3543
6654.59394061
K= 3544
8827.0
K= 3545
8157.15892739
K= 3546
8827.0
K= 3547
4175.93830017
K= 3548
4842.42291907
K= 3549
5005.21872895
K= 3550
4004.12911564
K= 3551
5091.6203506
K= 3552
5531.53195454
K= 3553
5005.21872895
K= 3554
8230.60276654
K= 3555
5005.21872895
K= 3556
8240.0
K= 3557
5609.96816616
K= 3558
9596.40488479
K= 3559
8153.84668161
K= 3560
4649.22196177
K= 3561
4715.88117892
K= 3562
4900.20830717
K= 3563
8233.88
K= 3564
9220.74481243
K= 3565
8237.76923077
K= 3566
4923.53769437
K= 3567
8235.0
K= 3568
8200.99904926
K= 3569
8239.0
K= 3570
4175.93830017
K= 3571
4175.93830017
K= 3572
8175.84668161
K= 3573
8237.0
K= 3574
4078.42331245
K= 3575
8235.85714286
K= 3576
4175.93830017
K= 3577
4812.65275949
K= 3578
8238.0
K= 3579
5925.04073711
K= 3580
8237.95890411
K= 3581
32706.8533219
K= 3582
8234.85714286
K= 3583
3776.44316907
K= 3584
8175.84668161
K= 3585
6280.00098334
K= 3586
4009.13100502
K= 3587
8238.0
K= 3588
4725.00430438
K= 3589
5223.33417382
K= 3590
7049.19502145
K= 3591
12704.0
K= 3592
8827.0
K= 3593
8245.8169362
K= 3594
5223.21701479
K= 3595
3924.0
K= 3596
4951.5791366
K= 3597
8189.13611912
K= 3598
4175.93830017
K= 3599
5049.54892249
K= 3600
5369.37044288
K= 3601
4753.19429844
K= 3602
8229.0
K= 3603
3914.18338603
K= 3604
8243.15182245
K= 3605
8221.59898819
K= 3606
3980.60174023
K= 3607
1962.97032869
K= 3608
8827.0
K= 3609
14034.5347376
K= 3610
8827.0
K= 3611
8207.91891892
K= 3612
3796.47893309
K= 3613
8205.45562025
K= 3614
5386.26300855
K= 3615
8232.0
K= 3616
9279.36048078
K= 3617
4004.12911564
K= 3618
4997.54623124
K= 3619
8223.97355836
K= 3620
5106.13142521
K= 3621
4832.53464199
K= 3622
5109.82448657
K= 3623
6296.84502102
K= 3624
8233.0
K= 3625
4607.62186698
K= 3626
8240.79043124
K= 3627
8236.75
K= 3628
7029.6639275
K= 3629
3888.95652174
K= 3630
4613.89457819
K= 3631
8196.85301072
K= 3632
8234.93975904
K= 3633
4702.43863248
K= 3634
8238.0
K= 3635
5005.21872895
K= 3636
5361.79109085
K= 3637
5331.06305419
K= 3638
4629.75988083
K= 3639
8238.0
K= 3640
5473.21869402
K= 3641
4579.43629471
K= 3642
2116.60258707
K= 3643
3938.60174023
K= 3644
5039.37873764
K= 3645
5311.79279802
K= 3646
3801.1889205
K= 3647
7502.40004864
K= 3648
5639.50434028
K= 3649
8229.0
K= 3650
8236.75
K= 3651
8231.89795918
K= 3652
8238.0
K= 3653
142118.152956
K= 3654
3948.87804878
K= 3655
3776.44316907
K= 3656
3875.0
K= 3657
8232.90909091
K= 3658
8129.612084
K= 3659
5464.07895074
K= 3660
4175.93830017
K= 3661
4835.47842115
K= 3662
5006.53343782
K= 3663
8241.66666667
K= 3664
8240.36026236
K= 3665
4946.00639507
K= 3666
5044.96399442
K= 3667
8199.97648175
K= 3668
8827.0
K= 3669
4693.84905636
K= 3670
18296.5662968
K= 3671
3931.60174023
K= 3672
8227.94871795
K= 3673
4175.93830017
K= 3674
4948.9377857
K= 3675
5379.20012375
K= 3676
8191.40018545
K= 3677
4621.35120056
K= 3678
8238.0
K= 3679
12654.13624
K= 3680
4992.37302105
K= 3681
4966.62438159
K= 3682
4443.71287942
K= 3683
12292.855483
K= 3684
18117.6065107
K= 3685
6048.13240024
K= 3686
5281.60245761
K= 3687
8178.83084697
K= 3688
4175.93830017
K= 3689
5138.19954694
K= 3690
10395.7310273
K= 3691
8237.92857143
K= 3692
8174.24734595
K= 3693
5271.78146277
K= 3694
9194.5682864
K= 3695
5575.96590747
K= 3696
2909.83612064
K= 3697
8229.90476191
K= 3698
8238.90909091
K= 3699
4744.09007283
K= 3700
3892.94112264
K= 3701
7946.57715089
K= 3702
5462.19987679
K= 3703
5056.51434599
K= 3704
5043.83135206
K= 3705
8238.0
K= 3706
5802.65763803
K= 3707
5838.56566052
K= 3708
4786.49895648
K= 3709
4626.62788144
K= 3710
8137.15689072
K= 3711
4864.66713945
K= 3712
8236.5
K= 3713
4692.47865822
K= 3714
12690.7800938
K= 3715
4021.02866066
K= 3716
9389.78464262
K= 3717
8242.94883937
K= 3718
4746.67625133
K= 3719
8827.0
K= 3720
23609.6110797
K= 3721
5045.23436224
K= 3722
8303.03988709
K= 3723
8175.67977736
K= 3724
4036.21263193
K= 3725
8232.85714286
K= 3726
8238.0
K= 3727
5326.90070292
K= 3728
7791.93400162
K= 3729
12690.3148439
K= 3730
5206.87818018
K= 3731
4732.44393389
K= 3732
10276.0367018
K= 3733
5512.29555429
K= 3734
8235.85714286
K= 3735
8228.93975904
K= 3736
8214.87039299
K= 3737
4028.92377696
K= 3738
8178.18612997
K= 3739
8827.0
K= 3740
8237.85714286
K= 3741
5005.21872895
K= 3742
4708.89519556
K= 3743
5378.12396033
K= 3744
9248.86741653
K= 3745
5313.41420906
K= 3746
5862.26488267
K= 3747
1434.63503078
K= 3748
9266.14489034
K= 3749
8235.96202532
K= 3750
5053.20687762
K= 3751
5005.21872895
K= 3752
4794.7986077
K= 3753
1846.05696893
K= 3754
6269.53804916
K= 3755
3890.55714286
K= 3756
4628.55254798
K= 3757
4908.20131687
K= 3758
8827.0
K= 3759
1083.54547926
K= 3760
6700.72872345
K= 3761
5004.88539561
K= 3762
41295.0434676
K= 3763
8260.3930701
K= 3764
4175.93830017
K= 3765
9058.61130121
K= 3766
3938.60174023
K= 3767
3776.44316907
K= 3768
1996.82531316
K= 3769
8236.23209057
K= 3770
5269.41471254
K= 3771
4882.56081003
K= 3772
4886.94684984
K= 3773
3846.98103192
K= 3774
5848.18481754
K= 3775
5339.76148591
K= 3776
4840.16740343
K= 3777
5043.84965427
K= 3778
8237.0
K= 3779
5331.5806339
K= 3780
4473.68906371
K= 3781
8238.0
K= 3782
5832.71380237
K= 3783
8199.06600274
K= 3784
8236.75
K= 3785
4175.93830017
K= 3786
5636.53343438
K= 3787
9509.86399536
K= 3788
5272.41337209
K= 3789
5005.21872895
K= 3790
8149.01807569
K= 3791
8236.75
K= 3792
5072.63823712
K= 3793
8235.427162
K= 3794
5278.17739995
K= 3795
5005.21872895
K= 3796
9249.49796941
K= 3797
8198.09978399
K= 3798
8236.75
K= 3799
7723.91588885
K= 3800
5531.43745789
K= 3801
8238.0
K= 3802
4665.88495735
K= 3803
8827.0
K= 3804
4195.41947904
K= 3805
9234.67934329
K= 3806
4995.12745401
K= 3807
4720.79957809
K= 3808
7857.25537456
K= 3809
4963.7358601
K= 3810
8827.0
K= 3811
8226.60205622
K= 3812
5485.06419304
K= 3813
11871.6755047
K= 3814
4806.10834207
K= 3815
2706.4697073
K= 3816
9240.46096446
K= 3817
8240.56320582
K= 3818
8237.94285714
K= 3819
8233.0
K= 3820
4838.94342427
K= 3821
7799.8019272
K= 3822
5316.43856704
K= 3823
8827.0
K= 3824
8187.56924835
K= 3825
8827.0
K= 3826
13736.5596333
K= 3827
4864.08699863
K= 3828
10327.7599473
K= 3829
8245.04161121
K= 3830
5282.13269702
K= 3831
8201.54148413
K= 3832
5542.04553674
K= 3833
4839.15097973
K= 3834
5801.90414966
K= 3835
5004.63539561
K= 3836
4937.31681073
K= 3837
8236.20512821
K= 3838
8223.71042372
K= 3839
8224.59030709
K= 3840
1664.02518046
K= 3841
8244.26022176
K= 3842
8827.0
K= 3843
5005.21872895
K= 3844
1409.90148482
K= 3845
4927.6597653
K= 3846
5005.21872895
K= 3847
8216.27776061
K= 3848
4932.28302047
K= 3849
815.927089308
K= 3850
8230.80603448
K= 3851
5978.30278025
K= 3852
8234.0
K= 3853
4678.1243425
K= 3854
13950.8024084
K= 3855
8237.92857143
K= 3856
3707.20993137
K= 3857
5287.96528136
K= 3858
8205.92598779
K= 3859
4849.85654893
K= 3860
6501.25579716
K= 3861
4645.98129254
K= 3862
8236.56470588
K= 3863
10819.9048544
K= 3864
18614.4641288
K= 3865
8234.42666667
K= 3866
8827.0
K= 3867
5005.21872895
K= 3868
7821.65341202
K= 3869
8237.76190476
K= 3870
6031.58144728
K= 3871
5048.96967588
K= 3872
8274.81670312
K= 3873
3938.60174023
K= 3874
4853.17416727
K= 3875
4973.59527671
K= 3876
5005.21872895
K= 3877
5005.21872895
K= 3878
8238.0
K= 3879
9201.11866298
K= 3880
5016.70993166
K= 3881
4815.98140808
K= 3882
4973.31651002
K= 3883
4175.93830017
K= 3884
62927.3472681
K= 3885
8232.85714286
K= 3886
5005.21872895
K= 3887
4816.04438762
K= 3888
1173.42556556
K= 3889
5074.47888891
K= 3890
8230.87096774
K= 3891
4005.37404456
K= 3892
8131.7074855
K= 3893
9421.95828939
K= 3894
4894.70667799
K= 3895
3908.0
K= 3896
5005.21872895
K= 3897
3972.10174023
K= 3898
12680.8407283
K= 3899
3923.64285714
K= 3900
8827.0
K= 3901
4948.39059173
K= 3902
8242.47068304
K= 3903
8236.83333333
K= 3904
445.67986557
K= 3905
8195.97478345
K= 3906
8236.98916296
K= 3907
10530.019142
K= 3908
8239.0
K= 3909
8237.8
K= 3910
8238.0
K= 3911
5005.12781986
K= 3912
18273.5066133
K= 3913
8238.0
K= 3914
5510.80940908
K= 3915
5464.25072556
K= 3916
8244.0
K= 3917
8234.7826087
K= 3918
3938.60174023
K= 3919
5005.21872895
K= 3920
5840.98920378
K= 3921
5025.52558588
K= 3922
3934.0
K= 3923
8225.37665234
K= 3924
8178.51805817
K= 3925
4953.9858893
K= 3926
12627.6747452
K= 3927
7208.58054412
K= 3928
4832.22949868
K= 3929
7720.03218926
K= 3930
4724.97966644
K= 3931
7890.7221254
K= 3932
5327.72713397
K= 3933
5645.01746519
K= 3934
5379.20012375
K= 3935
8236.0
K= 3936
5005.21872895
K= 3937
4616.59554377
K= 3938
50897.0446607
K= 3939
3912.40726639
K= 3940
5838.56566052
K= 3941
8239.455161
K= 3942
8175.84668161
K= 3943
3964.55123441
K= 3944
5146.98802615
K= 3945
7820.85713917
K= 3946
3906.87804878
K= 3947
8239.19655517
K= 3948
5462.92538286
K= 3949
3875.12911564
K= 3950
8235.89473684
K= 3951
18585.911697
K= 3952
8075.50424303
K= 3953
5787.88464452
K= 3954
5518.19883111
K= 3955
5263.41798675
K= 3956
8079.48899786
K= 3957
9599.09857139
K= 3958
8210.02031052
K= 3959
4175.93830017
K= 3960
8827.0
K= 3961
8174.84668161
K= 3962
5930.83967138
K= 3963
5172.25066535
K= 3964
5838.56566052
K= 3965
10128.4279353
K= 3966
8237.76923077
K= 3967
4892.88914565
K= 3968
13717.3440998
K= 3969
8236.60952381
K= 3970
4685.79247837
K= 3971
8212.4101448
K= 3972
8236.95424837
K= 3973
9760.45371313
K= 3974
4886.64000612
K= 3975
4045.12911564
K= 3976
5844.66019134
K= 3977
3982.60174023
K= 3978
5069.84398285
K= 3979
5005.21872895
K= 3980
8236.95
K= 3981
8237.0
K= 3982
3707.20993137
K= 3983
5272.16123534
K= 3984
5007.1585452
K= 3985
5274.72008404
K= 3986
8236.66666667
K= 3987
6579.99858409
K= 3988
5306.41471639
K= 3989
4004.12911564
K= 3990
16463.4851166
K= 3991
5611.14239151
K= 3992
8226.55077693
K= 3993
5316.02761434
K= 3994
4004.12911564
K= 3995
5587.87373751
K= 3996
8239.0
K= 3997
8205.31129447
K= 3998
6665.79454543
K= 3999
6517.3629371
K= 4000
5562.68854986
K= 4001
8237.0
K= 4002
8213.24781452
K= 4003
8235.94285714
K= 4004
9154.6442327
K= 4005
8237.92857143
K= 4006
5854.58701224
K= 4007
8051.69070763
K= 4008
5005.21872895
K= 4009
8235.71428572
K= 4010
884.102162772
K= 4011
5517.86549778
K= 4012
8236.60645161
K= 4013
8133.64252014
K= 4014
3966.16414006
K= 4015
8223.0
K= 4016
3707.20993137
K= 4017
8827.0
K= 4018
3944.60174023
K= 4019
8235.53297264
K= 4020
11884.3885279
K= 4021
1486.83655403
K= 4022
8827.0
K= 4023
5063.97122283
K= 4024
4175.93830017
K= 4025
8232.875
K= 4026
8200.44316907
K= 4027
10008.4374579
K= 4028
5087.81120683
K= 4029
8230.87096774
K= 4030
4770.93285746
K= 4031
6285.99275563
K= 4032
8237.0
K= 4033
5057.24924995
K= 4034
8827.0
K= 4035
6568.29871726
K= 4036
12619.4660119
K= 4037
8237.95890411
K= 4038
8236.89905002
K= 4039
8233.80603448
K= 4040
8237.90476191
K= 4041
4175.93830017
K= 4042
8209.64006849
K= 4043
8237.49404762
K= 4044
6364.08498331
K= 4045
3833.90476191
K= 4046
4879.85164745
K= 4047
1529.70124166
K= 4048
8294.00222439
K= 4049
5300.63669983
K= 4050
5005.21872895
K= 4051
27596.2759341
K= 4052
4175.93830017
K= 4053
4175.93830017
K= 4054
4679.63100675
K= 4055
4146.24170135
K= 4056
8200.20452535
K= 4057
5476.73604116
K= 4058
5044.33204009
K= 4059
5005.21872895
K= 4060
8238.0
K= 4061
4785.14533155
K= 4062
8233.92105263
K= 4063
5214.91847245
K= 4064
4175.93830017
K= 4065
8186.13611912
K= 4066
8229.84210526
K= 4067
5239.39919919
K= 4068
8239.0
K= 4069
1189.96110638
K= 4070
8827.0
K= 4071
8236.0
K= 4072
6048.13240024
K= 4073
5406.89456379
K= 4074
5638.40456047
K= 4075
12863.9896763
K= 4076
5048.42708933
K= 4077
5438.44440851
K= 4078
12762.879572
K= 4079
5463.03064602
K= 4080
8239.12859046
K= 4081
4962.01692702
K= 4082
5296.91487778
K= 4083
1814.21442212
K= 4084
8239.89655172
K= 4085
4701.50154462
K= 4086
9890.45701243
K= 4087
8234.79847757
K= 4088
8235.77865613
K= 4089
8227.66666667
K= 4090
3920.66666667
K= 4091
8217.0
K= 4092
5005.21872895
K= 4093
8239.0
K= 4094
4837.0249705
K= 4095
8241.67553078
K= 4096
3776.44316907
K= 4097
7632.67338535
K= 4098
5378.74713229
K= 4099
5031.7786141
K= 4100
4923.07927586
K= 4101
8235.82188243
K= 4102
5091.48933124
K= 4103
4715.56567935
K= 4104
748.29723443
K= 4105
3777.48688724
K= 4106
5403.15059172
K= 4107
4970.86129497
K= 4108
8234.0
K= 4109
8827.0
K= 4110
5153.36490111
K= 4111
8236.88347094
K= 4112
8193.95890411
K= 4113
5051.34485805
K= 4114
4979.8062094
K= 4115
8237.49404762
K= 4116
4589.35909523
K= 4117
5261.07784952
K= 4118
8237.94285714
K= 4119
1731.93006408
K= 4120
10997.541326
K= 4121
8222.95774648
K= 4122
4015.83069825
K= 4123
14168.8796551
K= 4124
4004.12911564
K= 4125
8230.0
K= 4126
4631.42064766
K= 4127
8236.01538462
K= 4128
8232.90322581
K= 4129
5053.64561892
K= 4130
8208.17682082
K= 4131
5517.92610384
K= 4132
20542.7687783
K= 4133
4878.20212613
K= 4134
8196.0806566
K= 4135
8239.0
K= 4136
8235.86111111
K= 4137
8236.75
K= 4138
8237.92857143
K= 4139
4902.61637839
K= 4140
5272.13748686
K= 4141
8827.0
K= 4142
4175.93830017
K= 4143
6585.65775982
K= 4144
8237.0
K= 4145
3707.20993137
K= 4146
8240.0
K= 4147
8175.84668161
K= 4148
8237.94594595
K= 4149
4080.60174023
K= 4150
8236.87118769
K= 4151
11870.3043928
K= 4152
4866.54218536
K= 4153
5242.20248547
K= 4154
4754.79271501
K= 4155
8192.50684261
K= 4156
22881.2463609
K= 4157
1014.13863984
K= 4158
4878.20212613
K= 4159
3279.9165763
K= 4160
8233.64285714
K= 4161
4646.27533522
K= 4162
8238.0
K= 4163
8226.55077693
K= 4164
8237.1
K= 4165
4878.33428517
K= 4166
8238.0
K= 4167
6447.86156806
K= 4168
8233.92857143
K= 4169
5835.56566052
K= 4170
6191.5171751
K= 4171
5986.17976362
K= 4172
16465.75
K= 4173
5382.79244564
K= 4174
8163.43124396
K= 4175
8315.46007911
K= 4176
9351.87278994
K= 4177
5331.06305419
K= 4178
12879.6853868
K= 4179
8228.31107624
K= 4180
8236.86486487
K= 4181
8231.86486487
K= 4182
19939.9249324
K= 4183
8205.0
K= 4184
4218.33223081
K= 4185
4668.74359394
K= 4186
8239.0
K= 4187
4881.55907051
K= 4188
8234.83333333
K= 4189
5153.16601702
K= 4190
9151.47278787
K= 4191
5679.26831739
K= 4192
7546.98603911
K= 4193
4577.45657214
K= 4194
9205.25972431
K= 4195
4175.93830017
K= 4196
9850.11009897
K= 4197
5005.21872895
K= 4198
4623.08336215
K= 4199
4838.94342427
K= 4200
3776.44316907
K= 4201
4874.16813024
K= 4202
4839.75176247
K= 4203
5005.21872895
K= 4204
9011.52707218
K= 4205
5463.03064602
K= 4206
16332.3887966
K= 4207
4826.57360994
K= 4208
8827.0
K= 4209
13733.7462041
K= 4210
8236.46806836
K= 4211
8197.98736678
K= 4212
8239.0
K= 4213
3940.60174023
K= 4214
5004.88721791
K= 4215
4033.15866932
K= 4216
5005.21872895
K= 4217
8204.86436819
K= 4218
5208.56896364
K= 4219
4307.55298666
K= 4220
9480.83226913
K= 4221
7801.45454584
K= 4222
4889.64329331
K= 4223
8227.52052899
K= 4224
4895.83081748
K= 4225
3727.82107553
K= 4226
5834.71480668
K= 4227
8233.44255842
K= 4228
8187.66560512
K= 4229
4747.02897429
K= 4230
5005.21872895
K= 4231
2641.82341738
K= 4232
3950.91891892
K= 4233
5005.21872895
K= 4234
4619.13050674
K= 4235
8226.92857143
K= 4236
5246.69451026
K= 4237
5126.04826613
K= 4238
36497.1614666
K= 4239
4783.20364344
K= 4240
6520.21894675
K= 4241
7431.51313071
K= 4242
9300.84857579
K= 4243
18733.8802502
K= 4244
4845.23283798
K= 4245
4957.22562949
K= 4246
6279.73144996
K= 4247
8237.96202532
K= 4248
4857.53239977
K= 4249
5838.56566052
K= 4250
8237.0
K= 4251
8244.75611534
K= 4252
8171.32706695
K= 4253
3921.0
K= 4254
4175.93830017
K= 4255
5005.21872895
K= 4256
8207.28500576
K= 4257
3964.91891892
K= 4258
8244.0
K= 4259
4681.96962047
K= 4260
4768.97957435
K= 4261
5266.98084091
K= 4262
4004.12911564
K= 4263
4627.62042622
K= 4264
8242.62486868
K= 4265
5005.21872895
K= 4266
4883.4254602
K= 4267
8236.94736842
K= 4268
5006.33503924
K= 4269
4032.29521212
K= 4270
8233.85714286
K= 4271
8196.95890411
K= 4272
8827.0
K= 4273
5005.21872895
K= 4274
4175.93830017
K= 4275
4757.83336537
K= 4276
5315.41184382
K= 4277
4878.12520305
K= 4278
4783.16035616
K= 4279
8239.83333333
K= 4280
8230.0
K= 4281
5083.03522729
K= 4282
17654.0
K= 4283
4671.75370552
K= 4284
8238.0
K= 4285
4826.16048153
K= 4286
3744.70151021
K= 4287
17642.9824756
K= 4288
8447.43772538
K= 4289
6787.70601837
K= 4290
4013.12911564
K= 4291
4607.47475748
K= 4292
5009.86523061
K= 4293
5649.22421313
K= 4294
5994.88298933
K= 4295
5778.25789918
K= 4296
8238.0
K= 4297
8827.0
K= 4298
3707.20993137
K= 4299
4844.70932684
K= 4300
8234.75
K= 4301
8238.0
K= 4302
4846.88056154
K= 4303
5395.03784515
K= 4304
9901.83360206
K= 4305
8214.80599764
K= 4306
5626.54044663
K= 4307
5031.70058771
K= 4308
5005.21872895
K= 4309
5300.68033208
K= 4310
8234.76353561
K= 4311
5049.56639658
K= 4312
4175.93830017
K= 4313
5616.893212
K= 4314
9248.32011123
K= 4315
5276.12144248
K= 4316
8144.01451378
K= 4317
5039.41709956
K= 4318
5005.21872895
K= 4319
4933.05520308
K= 4320
8175.84668161
K= 4321
8220.94285714
K= 4322
4864.962146
K= 4323
5020.27669747
K= 4324
5168.75748529
K= 4325
4648.792829
K= 4326
5340.43257117
K= 4327
8141.56019171
K= 4328
4659.48676125
K= 4329
4834.66988725
K= 4330
18527.0083692
K= 4331
8252.43901221
K= 4332
5940.53393579
K= 4333
22700.9121524
K= 4334
5005.21872895
K= 4335
8211.0
K= 4336
1135.29465515
K= 4337
4692.118788
K= 4338
4964.06521927
K= 4339
8229.90476191
K= 4340
5005.21872895
K= 4341
4965.35966663
K= 4342
3938.60174023
K= 4343
6531.71164631
K= 4344
8235.30731586
K= 4345
5114.41379756
K= 4346
4596.36705266
K= 4347
8238.91891892
K= 4348
3846.98103192
K= 4349
5005.21872895
K= 4350
7305.03177373
K= 4351
4882.43709582
K= 4352
5252.61429362
K= 4353
8164.52810872
K= 4354
4187.12911564
K= 4355
3988.98103192
K= 4356
8826.0
K= 4357
5272.27234645
K= 4358
5366.38501915
K= 4359
5265.80333029
K= 4360
4368.79618542
K= 4361
4877.76398188
K= 4362
8235.91428572
K= 4363
4653.3358774
K= 4364
3904.0
K= 4365
8241.66666667
K= 4366
5921.47819904
K= 4367
14112.063682
K= 4368
5494.69891558
K= 4369
5247.56615102
K= 4370
8237.94871795
K= 4371
8231.91891892
K= 4372
5080.75369095
K= 4373
8237.90909091
K= 4374
3963.70801715
K= 4375
7977.24758942
K= 4376
9339.93559873
K= 4377
3797.45051144
K= 4378
3946.91891892
K= 4379
4004.12911564
K= 4380
15426.2596918
K= 4381
4004.12911564
K= 4382
8235.75
K= 4383
5288.86300864
K= 4384
18625.2411231
K= 4385
5005.21872895
K= 4386
4893.28139679
K= 4387
8231.49391124
K= 4388
8234.9
K= 4389
11994.75
K= 4390
4701.12317432
K= 4391
5305.6001761
K= 4392
5659.11123274
K= 4393
4901.92861105
K= 4394
8299.4012249
K= 4395
5114.92715049
K= 4396
8827.0
K= 4397
3806.26079139
K= 4398
5005.21872895
K= 4399
8229.92727273
K= 4400
9935.56717328
K= 4401
4004.12911564
K= 4402
8236.75
K= 4403
5387.49182177
K= 4404
8827.0
K= 4405
5005.21872895
K= 4406
5263.14351492
K= 4407
8238.0
K= 4408
3907.0
K= 4409
5005.21872895
K= 4410
4004.12911564
K= 4411
8235.0
K= 4412
10152.3317238
K= 4413
5285.393444
K= 4414
8239.0
K= 4415
4027.04878041
K= 4416
3946.91891892
K= 4417
4873.53702317
K= 4418
5005.21872895
K= 4419
5752.28636521
K= 4420
8203.0
K= 4421
4624.98571196
K= 4422
7794.19949719
K= 4423
4807.59948963
K= 4424
4799.82413985
K= 4425
3846.98103192
K= 4426
8237.92857143
K= 4427
4006.91163986
K= 4428
5005.21872895
K= 4429
5386.88184806
K= 4430
3938.60174023
K= 4431
4870.08995053
K= 4432
5591.97631577
K= 4433
10908.0746512
K= 4434
2019.41929774
K= 4435
5682.24051733
K= 4436
5639.50434028
K= 4437
6047.13240024
K= 4438
8235.89473684
K= 4439
7809.24267054
K= 4440
13729.3916967
K= 4441
8237.66666667
K= 4442
19447.8228578
K= 4443
4641.04297731
K= 4444
5292.10434418
K= 4445
8236.95774648
K= 4446
4175.93830017
K= 4447
3846.98103192
K= 4448
8200.92972917
K= 4449
8827.0
K= 4450
5005.21872895
K= 4451
4808.53901142
K= 4452
13906.1974374
K= 4453
5462.83064602
K= 4454
8827.0
K= 4455
9336.26494521
K= 4456
5005.21872895
K= 4457
9269.04735569
K= 4458
3776.44316907
K= 4459
4637.12802384
K= 4460
4004.12911564
K= 4461
3117.7494041
K= 4462
8299.12680954
K= 4463
8209.12881219
K= 4464
5256.97966851
K= 4465
1204.2947949
K= 4466
5263.53337137
K= 4467
3836.86730618
K= 4468
5005.21872895
K= 4469
3912.92
K= 4470
8241.66666667
K= 4471
14389.5971499
K= 4472
5344.45534063
K= 4473
4885.90390264
K= 4474
5284.33708966
K= 4475
8235.0
K= 4476
24978.3052632
K= 4477
4175.93830017
K= 4478
8236.89905002
K= 4479
5463.03064602
K= 4480
8162.65310872
K= 4481
5005.21872895
K= 4482
1260.50940895
K= 4483
8230.87096774
K= 4484
8205.27368688
K= 4485
8231.47159385
K= 4486
3947.91274527
K= 4487
5005.21872895
K= 4488
1286.19861747
K= 4489
8238.0
K= 4490
2593.42109437
K= 4491
5281.99844096
K= 4492
8238.0
K= 4493
23379.3852901
K= 4494
5391.69926579
K= 4495
3873.85714286
K= 4496
4882.46185611
K= 4497
1505.21867602
K= 4498
16496.0
K= 4499
8231.0
K= 4500
8199.12090381
K= 4501
2927.49834151
K= 4502
5204.72458429
K= 4503
4645.57255382
K= 4504
9509.83091596
K= 4505
4959.1634335
K= 4506
14043.4132813
K= 4507
4705.98714412
K= 4508
5835.30574838
K= 4509
8229.90476191
K= 4510
4175.93830017
K= 4511
8237.0
K= 4512
6174.58183389
K= 4513
8234.63562753
K= 4514
5349.39349183
K= 4515
8236.94594595
K= 4516
5005.21872895
K= 4517
5284.64173021
K= 4518
1274.92371982
K= 4519
8163.96648123
K= 4520
8236.93975904
K= 4521
5522.96752698
K= 4522
8237.95652174
K= 4523
3846.98103192
K= 4524
8236.75
K= 4525
4985.49374605
K= 4526
4856.74655205
K= 4527
3846.98103192
K= 4528
13732.3301708
K= 4529
5100.54437392
K= 4530
5005.21872895
K= 4531
8238.0
K= 4532
5287.12171428
K= 4533
4692.16885672
K= 4534
5056.10794181
K= 4535
4008.14724572
K= 4536
8234.745286
K= 4537
6344.88525783
K= 4538
4742.89391256
K= 4539
5005.21872895
K= 4540
12631.9855479
K= 4541
4286.60006459
K= 4542
5005.12781986
K= 4543
4633.0838855
K= 4544
4175.93830017
K= 4545
8235.54167985
K= 4546
8230.0
K= 4547
8239.0
K= 4548
8224.95225049
K= 4549
9147.49842837
K= 4550
4996.35167262
K= 4551
4175.93830017
K= 4552
3946.91891892
K= 4553
4189.12955139
K= 4554
10244.4905886
K= 4555
4187.0385012
K= 4556
4792.93716267
K= 4557
8827.0
K= 4558
3943.98717949
K= 4559
8237.03949296
K= 4560
4175.93830017
K= 4561
8238.0
K= 4562
5004.85509258
K= 4563
8191.20995938
K= 4564
4004.12911564
K= 4565
4820.70727755
K= 4566
8230.91891892
K= 4567
4629.66539717
K= 4568
8210.0
K= 4569
8202.0
K= 4570
4175.93830017
K= 4571
27826.1435355
K= 4572
7958.18539439
K= 4573
16452.8630137
K= 4574
4175.93830017
K= 4575
7311.98426497
K= 4576
8175.97366574
K= 4577
8236.19899442
K= 4578
4175.93830017
K= 4579
4788.33392396
K= 4580
12814.256529
K= 4581
5043.78169433
K= 4582
4061.29552934
K= 4583
8225.31977139
K= 4584
9369.18167515
K= 4585
5008.5478606
K= 4586
4675.49834505
K= 4587
3026.04306737
K= 4588
8252.34352666
K= 4589
8223.0
K= 4590
2320.19635372
K= 4591
6827.4106996
K= 4592
4700.62217237
K= 4593
4731.21164871
K= 4594
9251.65052753
K= 4595
5812.73904804
K= 4596
5005.21872895
K= 4597
3803.56470588
K= 4598
8238.0
K= 4599
5367.50759827
K= 4600
8827.0
K= 4601
5314.55686641
K= 4602
8229.90476191
K= 4603
4802.79353905
K= 4604
5434.44219636
K= 4605
8236.0
K= 4606
8191.76514765
K= 4607
8219.97120002
K= 4608
5076.08497039
K= 4609
8239.0
K= 4610
5495.12499085
K= 4611
4997.39162586
K= 4612
8010.74223712
K= 4613
4175.93830017
K= 4614
5271.86136887
K= 4615
8231.68965694
K= 4616
4580.78415969
K= 4617
8234.0
Betweenness Centrality Improvement
[ 5361.66115301  4811.60271478  4748.61118184 ...,  4580.78415969  8234.
     0.        ]
Top 20 BC Improvement
[3653 1988  498  646 3235 2461  222 3884 3228 2316 3124 3118 2229 3265 1808
 1104 3938    3 2543 1589]
