greedyBC_final.py:214: SyntaxWarning: name 'maxRewFee' is used prior to global declaration
  global maxRewFee
greedyBC_final.py:215: SyntaxWarning: name 'maxRew' is used prior to global declaration
  global maxRew
txValue= 1000000
Input graph
IGRAPH D--- 4619 68733 -- 
+ attr: pub_key (v), base_fee (e), capacity (e), fee_rate (e), txCost (e)
None
Graph after edges deleted
IGRAPH D--- 4619 32193 -- 
+ attr: pub_key (v), base_fee (e), capacity (e), fee_rate (e), txCost (e)
None
Our nodes starting connections: 
(4618, 2796)
(4618, 1223)
(4618, 697)
(4618, 1163)
(4618, 222)
(4618, 3265)
(4618, 2745)
(4618, 3884)
igraph.Edge(<igraph.Graph object at 0x7f976070f718>, 32189, {'txCost': 2000, 'base_fee': 1, 'capacity': 5000000, 'fee_rate': 1, 'edgebetweenness': 8815.0})
igraph.Edge(<igraph.Graph object at 0x7f976070f718>, 32191, {'txCost': 2000, 'base_fee': 1, 'capacity': 5000000, 'fee_rate': 1, 'edgebetweenness': 11043.0})
igraph.Edge(<igraph.Graph object at 0x7f976070f718>, 32193, {'txCost': 3996, 'base_fee': 3996, 'capacity': 100000000, 'fee_rate': 0, 'edgebetweenness': 404289.50000000006})
igraph.Edge(<igraph.Graph object at 0x7f976070f718>, 32195, {'txCost': 2999, 'base_fee': 2999, 'capacity': 100000000, 'fee_rate': 0, 'edgebetweenness': 5187.0})
igraph.Edge(<igraph.Graph object at 0x7f976070f718>, 32197, {'txCost': 3998, 'base_fee': 3998, 'capacity': 100000000, 'fee_rate': 0, 'edgebetweenness': 5330.0})
igraph.Edge(<igraph.Graph object at 0x7f976070f718>, 32199, {'txCost': 8192, 'base_fee': 8192, 'capacity': 100000000, 'fee_rate': 0, 'edgebetweenness': 12280.0})
igraph.Edge(<igraph.Graph object at 0x7f976070f718>, 32201, {'txCost': 3997, 'base_fee': 3997, 'capacity': 100000000, 'fee_rate': 0, 'edgebetweenness': 1207.5})
igraph.Edge(<igraph.Graph object at 0x7f976070f718>, 32203, {'txCost': 2999, 'base_fee': 2999, 'capacity': 100000000, 'fee_rate': 0, 'edgebetweenness': 1360.0})
Initial reward: 1801624772.5
Starting Time: 1569054460.31
K= 962 0 0 , Degree=0
K= 963 1801625132.5 3998.0
K= 964 0 0 , Degree=0
K= 965 0 0 , Degree=0
K= 966 1821492187.5 8192.0
K= 967 0 0 , Degree=0
K= 968 0.0 1.0
K= 969 0.0 1.0
K= 970 0.0 1.0
K= 971 0.0 1.0
K= 972 0 0 , Degree=0
K= 973 0 0 , Degree=0
K= 974 1821562092.5 8192.0
K= 975 0.0 1.0
K= 976 0 0 , Degree=0
K= 977 0.0 1.0
K= 978 0 0 , Degree=0
K= 979 0.0 1.0
K= 980 0 0 , Degree=0
K= 981 0 0 , Degree=0
K= 982 0.0 1.0
K= 983 0 0 , Degree=0
K= 984 0.0 1.0
K= 985 0 0 , Degree=0
K= 986 0 0 , Degree=0
K= 987 0.0 1.0
K= 988 0.0 1.0
K= 989 0 0 , Degree=0
K= 990 0 0 , Degree=0
K= 991 0.0 1.0
K= 992 0 0 , Degree=0
K= 993 0.0 1.0
K= 994 0 0 , Degree=0
K= 995 0.0 1.0
K= 996 0 0 , Degree=0
K= 997 0.0 1.0
K= 998 0.0 1.0
K= 1369 0 0 , Degree=0
K= 1370 0.0 1.0
K= 1371 0.0 1.0
K= 1372 0.0 1.0
K= 1373 0 0 , Degree=0
K= 1374 0 0 , Degree=0
K= 1375 0 0 , Degree=0
K= 1376 0.0 1.0
K= 1377 0.0 1.0
K= 1378 0.0 1.0
K= 1379 0.0 1.0
K= 1380 0 0 , Degree=0
K= 1381 0.0 1.0
K= 1382 0.0 1.0
K= 1383 0.0 1.0
K= 1384 0 0 , Degree=0
K= 1385 0.0 1.0
K= 1386 0 0 , Degree=0
K= 1387 0 0 , Degree=0
K= 1388 1830553565.0 8192.0
K= 1389 0 0 , Degree=0
K= 1390 0.0 1.0
K= 1391 0 0 , Degree=0
K= 1392 0.0 1.0
K= 1393 0 0 , Degree=0
K= 1394 0.0 1.0
K= 1395 0.0 1.0
K= 1396 0 0 , Degree=0
K= 1397 0.0 1.0
K= 1398 0 0 , Degree=0
K= 1399 0 0 , Degree=0
K= 1400 0 0 , Degree=0
K= 1401 0.0 1.0
K= 1402 0 0 , Degree=0
K= 1403 0 0 , Degree=0
K= 1404 0 0 , Degree=0
K= 1405 0.0 1.0
K= 2479 0.0 1.0
K= 2480 0.0 1.0
K= 2481 0 0 , Degree=0
K= 2482 0 0 , Degree=0
K= 2483 0 0 , Degree=0
K= 2484 0.0 1.0
K= 2485 0.0 1.0
K= 2486 0 0 , Degree=0
K= 2487 0.0 1.0
K= 2488 0.0 1.0
K= 2489 0.0 1.0
K= 2490 0 0 , Degree=0
K= 2491 0 0 , Degree=0
K= 2492 0.0 1.0
K= 2493 0.0 1.0
K= 2494 0.0 1.0
K= 2495 0 0 , Degree=0
K= 2496 0.0 1.0
K= 2497 0 0 , Degree=0
K= 2498 0 0 , Degree=0
K= 2499 0.0 1.0
K= 2500 0 0 , Degree=0
K= 2501 0 0 , Degree=0
K= 2502 0 0 , Degree=0
K= 2503 0.0 1.0
K= 2504 0 0 , Degree=0
K= 2505 0.0 1.0
K= 2506 0.0 1.0
K= 2507 0 0 , Degree=0
K= 2508 0.0 1.0
K= 2509 0 0 , Degree=0
K= 2510 0.0 1.0
K= 2511 0 0 , Degree=0
K= 2512 0 0 , Degree=0
K= 2513 0.0 1.0
K= 2514 0 0 , Degree=0
K= 2515 0.0 1.0
K= 3552 0.0 1.0
K= 3553 0.0 1.0
K= 3554 0 0 , Degree=0
K= 3555 0 0 , Degree=0
K= 3556 0.0 1.0
K= 3557 0 0 , Degree=0
K= 3558 0.0 1.0
K= 3559 1831358961.0 8192.0
K= 3560 0.0 1.0
K= 3561 0.0 1.0
K= 3562 0.0 1.0
K= 3563 0 0 , Degree=0
K= 3564 0.0 1.0
K= 3565 0 0 , Degree=0
K= 3566 0.0 1.0
K= 3567 0 0 , Degree=0
K= 3568 0.0 1.0
K= 3569 0 0 , Degree=0
K= 3570 0 0 , Degree=0
K= 3571 0 0 , Degree=0
K= 3572 0 0 , Degree=0
K= 3573 0 0 , Degree=0
K= 3574 0.0 1.0
K= 3575 0 0 , Degree=0
K= 3576 0 0 , Degree=0
K= 3577 0.0 1.0
K= 3578 0.0 1.0
K= 3579 0.0 1.0
K= 3580 0 0 , Degree=0
K= 3581 0.0 1.0
K= 3582 0 0 , Degree=0
K= 3583 0 0 , Degree=0
K= 3584 0.0 1.0
K= 3585 0 0 , Degree=0
K= 3586 0.0 1.0
K= 3587 0.0 1.0
K= 3588 0.0 1.0
K= 851 1802167419.5 4987.0
K= 852 0.0 1.0
K= 853 1830662446.0 5996.0
K= 854 0.0 1.0
K= 855 0 0 , Degree=0
K= 856 0.0 1.0
K= 857 0.0 1.0
K= 858 0 0 , Degree=0
K= 859 0.0 1.0
K= 860 0.0 1.0
K= 861 0 0 , Degree=0
K= 862 0 0 , Degree=0
K= 863 0.0 1.0
K= 864 0.0 1.0
K= 865 0 0 , Degree=0
K= 866 0 0 , Degree=0
K= 867 0.0 1.0
K= 868 0 0 , Degree=0
K= 869 0.0 1.0
K= 870 0 0 , Degree=0
K= 871 0.0 1.0
K= 872 0.0 1.0
K= 873 0 0 , Degree=0
K= 874 0 0 , Degree=0
K= 875 0 0 , Degree=0
K= 876 0 0 , Degree=0
K= 877 0.0 1.0
K= 878 0 0 , Degree=0
K= 879 0 0 , Degree=0
K= 880 0.0 1.0
K= 881 0 0 , Degree=0
K= 882 0.0 1.0
K= 883 0 0 , Degree=0
K= 884 0 0 , Degree=0
K= 885 0.0 1.0
K= 886 0.0 1.0
K= 887 0 0 , Degree=0
K= 1850 0.0 1.0
K= 1851 0 0 , Degree=0
K= 1852 0.0 1.0
K= 1853 0.0 1.0
K= 1854 0 0 , Degree=0
K= 1855 0.0 1.0
K= 1856 0.0 1.0
K= 1857 0.0 1.0
K= 1858 0 0 , Degree=0
K= 1859 0 0 , Degree=0
K= 1860 0 0 , Degree=0
K= 1861 0 0 , Degree=0
K= 1862 0 0 , Degree=0
K= 1863 0.0 1.0
K= 1864 0.0 1.0
K= 1865 0.0 1.0
K= 1866 0.0 1.0
K= 1867 0.0 1.0
K= 1868 0.0 1.0
K= 1869 0.0 1.0
K= 1870 0 0 , Degree=0
K= 1871 0.0 1.0
K= 1872 0.0 1.0
K= 1873 0 0 , Degree=0
K= 1874 0.0 1.0
K= 1875 0 0 , Degree=0
K= 1876 0.0 1.0
K= 1877 0.0 1.0
K= 1878 0.0 1.0
K= 1879 0.0 1.0
K= 1880 0 0 , Degree=0
K= 1881 0 0 , Degree=0
K= 1882 0.0 1.0
K= 1883 0.0 1.0
K= 1884 0 0 , Degree=0
K= 1885 0.0 1.0
K= 1886 0.0 1.0
K= 3256 0.0 1.0
K= 3257 0 0 , Degree=0
K= 3258 0.0 1.0
K= 3259 0.0 1.0
K= 3260 0.0 1.0
K= 3261 0 0 , Degree=0
K= 3262 0.0 1.0
K= 3263 0 0 , Degree=0
K= 3264 0 0 , Degree=0
K= 3265 0.0 1.0
K= 3266 0 0 , Degree=0
K= 3267 0.0 1.0
K= 3268 0.0 1.0
K= 3269 0.0 1.0
K= 3270 0 0 , Degree=0
K= 3271 0.0 1.0
K= 3272 0 0 , Degree=0
K= 3273 0 0 , Degree=0
K= 3274 0.0 1.0
K= 3275 0.0 1.0
K= 3276 0.0 1.0
K= 3277 0.0 1.0
K= 3278 0.0 1.0
K= 3279 0.0 1.0
K= 3280 0 0 , Degree=0
K= 3281 0 0 , Degree=0
K= 3282 0.0 1.0
K= 3283 0.0 1.0
K= 3284 0 0 , Degree=0
K= 3285 0.0 1.0
K= 3286 0.0 1.0
K= 3287 0.0 1.0
K= 3288 0.0 1.0
K= 3289 0 0 , Degree=0
K= 3290 0.0 1.0
K= 3291 0.0 1.0
K= 3292 0 0 , Degree=0
K= 407 0 0 , Degree=0
K= 408 1849458911.0 3998.0
K= 409 0 0 , Degree=0
K= 410 0 0 , Degree=0
K= 411 0 0 , Degree=0
K= 412 0 0 , Degree=0
K= 413 0 0 , Degree=0
K= 414 0.0 1.0
K= 415 0.0 1.0
K= 416 0.0 1.0
K= 417 0.0 1.0
K= 418 0 0 , Degree=0
K= 419 0.0 1.0
K= 420 0.0 1.0
K= 421 0.0 1.0
K= 422 0.0 1.0
K= 423 0 0 , Degree=0
K= 424 0 0 , Degree=0
K= 425 0 0 , Degree=0
K= 426 0.0 1.0
K= 427 0 0 , Degree=0
K= 428 0 0 , Degree=0
K= 429 0.0 1.0
K= 430 0.0 1.0
K= 431 0 0 , Degree=0
K= 432 0.0 1.0
K= 433 0.0 1.0
K= 434 0 0 , Degree=0
K= 435 0 0 , Degree=0
K= 436 0 0 , Degree=0
K= 437 0 0 , Degree=0
K= 438 0.0 1.0
K= 439 0 0 , Degree=0
K= 440 0 0 , Degree=0
K= 441 0.0 1.0
K= 442 0.0 1.0
K= 443 0 0 , Degree=0
K= 1295 0.0 1.0
K= 1296 0 0 , Degree=0
K= 1297 0 0 , Degree=0
K= 1298 0.0 1.0
K= 1299 0.0 1.0
K= 1300 0.0 1.0
K= 1301 0 0 , Degree=0
K= 1302 0.0 1.0
K= 1303 0 0 , Degree=0
K= 1304 0.0 1.0
K= 1305 0.0 1.0
K= 1306 0.0 1.0
K= 1307 0.0 1.0
K= 1308 0.0 1.0
K= 1309 0 0 , Degree=0
K= 1310 0 0 , Degree=0
K= 1311 0.0 1.0
K= 1312 0.0 1.0
K= 1313 0 0 , Degree=0
K= 1314 0.0 1.0
K= 1315 0 0 , Degree=0
K= 1316 0.0 1.0
K= 1317 0.0 1.0
K= 1318 0.0 1.0
K= 1319 0 0 , Degree=0
K= 1320 0.0 1.0
K= 1321 0.0 1.0
K= 1322 0 0 , Degree=0
K= 1323 0 0 , Degree=0
K= 1324 0 0 , Degree=0
K= 1325 0 0 , Degree=0
K= 1326 0.0 1.0
K= 1327 0.0 1.0
K= 1328 0.0 1.0
K= 1329 0 0 , Degree=0
K= 1330 0.0 1.0
K= 1331 0 0 , Degree=0
K= 2516 0 0 , Degree=0
K= 2517 0.0 1.0
K= 2518 0.0 1.0
K= 2519 0 0 , Degree=0
K= 2520 0.0 1.0
K= 2521 0.0 1.0
K= 2522 0.0 1.0
K= 2523 0.0 1.0
K= 2524 0.0 1.0
K= 2525 0.0 1.0
K= 2526 0 0 , Degree=0
K= 2527 0.0 1.0
K= 2528 0.0 1.0
K= 2529 0 0 , Degree=0
K= 2530 0 0 , Degree=0
K= 2531 0 0 , Degree=0
K= 2532 0.0 1.0
K= 2533 0 0 , Degree=0
K= 2534 0.0 1.0
K= 2535 0 0 , Degree=0
K= 2536 0 0 , Degree=0
K= 2537 0 0 , Degree=0
K= 2538 0 0 , Degree=0
K= 2539 0 0 , Degree=0
K= 2540 0 0 , Degree=0
K= 2541 0.0 1.0
K= 2542 0.0 1.0
K= 2543 0.0 1.0
K= 2544 0 0 , Degree=0
K= 2545 0 0 , Degree=0
K= 2546 0 0 , Degree=0
K= 2547 0 0 , Degree=0
K= 2548 0.0 1.0
K= 2549 0.0 1.0
K= 2550 0 0 , Degree=0
K= 2551 0.0 1.0
K= 2552 0 0 , Degree=0
K= 3404 0 0 , Degree=0
K= 3405 0.0 1.0
K= 3406 0.0 1.0
K= 3407 0.0 1.0
K= 3408 0.0 1.0
K= 3409 0.0 1.0
K= 3410 0.0 1.0
K= 3411 0.0 1.0
K= 3412 0.0 1.0
K= 3413 0.0 1.0
K= 3414 0 0 , Degree=0
K= 3415 0.0 1.0
K= 3416 0.0 1.0
K= 3417 0.0 1.0
K= 3418 0 0 , Degree=0
K= 3419 0.0 1.0
K= 3420 0.0 1.0
K= 3421 0.0 1.0
K= 3422 0 0 , Degree=0
K= 3423 0 0 , Degree=0
K= 3424 0.0 1.0
K= 3425 0 0 , Degree=0
K= 3426 0 0 , Degree=0
K= 3427 0.0 1.0
K= 3428 0.0 1.0
K= 3429 0.0 1.0
K= 3430 0 0 , Degree=0
K= 3431 0.0 1.0
K= 3432 0 0 , Degree=0
K= 3433 0 0 , Degree=0
K= 3434 0.0 1.0
K= 3435 0.0 1.0
K= 3436 0 0 , Degree=0
K= 3437 0.0 1.0
K= 3438 0 0 , Degree=0
K= 3439 0 0 , Degree=0
K= 3440 0.0 1.0
K= 1036 1801625132.5 3998.0
K= 1037 1821351804.5 8192.0
K= 1038 0.0 1.0
K= 1039 1850141467.0 2999.0
K= 1040 0.0 1.0
K= 1041 0.0 1.0
K= 1042 0.0 1.0
K= 1043 0 0 , Degree=0
K= 1044 0.0 1.0
K= 1045 0.0 1.0
K= 1046 0 0 , Degree=0
K= 1047 0.0 1.0
K= 1048 0.0 1.0
K= 1049 0.0 1.0
K= 1050 0 0 , Degree=0
K= 1051 0 0 , Degree=0
K= 1052 0 0 , Degree=0
K= 1053 0.0 1.0
K= 1054 0.0 1.0
K= 1055 0 0 , Degree=0
K= 1056 0 0 , Degree=0
K= 1057 0 0 , Degree=0
K= 1058 0.0 1.0
K= 1059 0.0 1.0
K= 1060 0.0 1.0
K= 1061 0.0 1.0
K= 1062 0.0 1.0
K= 1063 0.0 1.0
K= 1064 0.0 1.0
K= 1065 0 0 , Degree=0
K= 1066 0 0 , Degree=0
K= 1067 0 0 , Degree=0
K= 1068 0.0 1.0
K= 1069 0.0 1.0
K= 1070 0.0 1.0
K= 1071 0 0 , Degree=0
K= 1072 0.0 1.0
K= 1998 0.0 1.0
K= 1999 0 0 , Degree=0
K= 2000 0.0 1.0
K= 2001 0 0 , Degree=0
K= 2002 0 0 , Degree=0
K= 2003 0.0 1.0
K= 2004 0.0 1.0
K= 2005 0.0 1.0
K= 2006 0.0 1.0
K= 2007 0 0 , Degree=0
K= 2008 0.0 1.0
K= 2009 0.0 1.0
K= 2010 0.0 1.0
K= 2011 0.0 1.0
K= 2012 0.0 1.0
K= 2013 0.0 1.0
K= 2014 0.0 1.0
K= 2015 0 0 , Degree=0
K= 2016 0 0 , Degree=0
K= 2017 0.0 1.0
K= 2018 0.0 1.0
K= 2019 0.0 1.0
K= 2020 0.0 1.0
K= 2021 0.0 1.0
K= 2022 0.0 1.0
K= 2023 0.0 1.0
K= 2024 0 0 , Degree=0
K= 2025 0.0 1.0
K= 2026 0 0 , Degree=0
K= 2027 0.0 1.0
K= 2028 0.0 1.0
K= 2029 0 0 , Degree=0
K= 2030 0.0 1.0
K= 2031 0.0 1.0
K= 2032 0.0 1.0
K= 2033 0.0 1.0
K= 2034 0 0 , Degree=0
K= 3700 0 0 , Degree=0
K= 3701 0 0 , Degree=0
K= 3702 0 0 , Degree=0
K= 3703 0.0 1.0
K= 3704 0.0 1.0
K= 3705 0 0 , Degree=0
K= 3706 0 0 , Degree=0
K= 3707 0 0 , Degree=0
K= 3708 0 0 , Degree=0
K= 3709 0.0 1.0
K= 3710 0.0 1.0
K= 3711 0.0 1.0
K= 3712 0.0 1.0
K= 3713 0.0 1.0
K= 3714 0 0 , Degree=0
K= 3715 0.0 1.0
K= 3716 0.0 1.0
K= 3717 0 0 , Degree=0
K= 3718 0.0 1.0
K= 3719 0 0 , Degree=0
K= 3720 0.0 1.0
K= 3721 0.0 1.0
K= 3722 0 0 , Degree=0
K= 3723 0.0 1.0
K= 3724 0.0 1.0
K= 3725 0 0 , Degree=0
K= 3726 0.0 1.0
K= 3727 0.0 1.0
K= 3728 0.0 1.0
K= 3729 0.0 1.0
K= 3730 0.0 1.0
K= 3731 0.0 1.0
K= 3732 0 0 , Degree=0
K= 3733 0 0 , Degree=0
K= 3734 0 0 , Degree=0
K= 3735 0.0 1.0
K= 3736 0 0 , Degree=0
K= 777 0 0 , Degree=0
K= 778 1801990965.83 5998.0
K= 779 0 0 , Degree=0
K= 780 0.0 1.0
K= 781 1821442277.5 8192.0
K= 782 0 0 , Degree=0
K= 783 0.0 1.0
K= 784 0 0 , Degree=0
K= 785 0 0 , Degree=0
K= 786 0 0 , Degree=0
K= 787 0 0 , Degree=0
K= 788 0.0 1.0
K= 789 0.0 1.0
K= 790 0.0 1.0
K= 791 0 0 , Degree=0
K= 792 0.0 1.0
K= 793 0 0 , Degree=0
K= 794 0.0 1.0
K= 795 0 0 , Degree=0
K= 796 0.0 1.0
K= 797 1849375143.0 3998.0
K= 798 0 0 , Degree=0
K= 799 0 0 , Degree=0
K= 800 0.0 1.0
K= 801 0 0 , Degree=0
K= 802 0 0 , Degree=0
K= 803 0.0 1.0
K= 804 0.0 1.0
K= 805 0.0 1.0
K= 806 0.0 1.0
K= 807 0.0 1.0
K= 808 0 0 , Degree=0
K= 809 0.0 1.0
K= 810 0 0 , Degree=0
K= 811 0 0 , Degree=0
K= 812 0.0 1.0
K= 813 0 0 , Degree=0
K= 1406 0.0 1.0
K= 1407 0.0 1.0
K= 1408 0 0 , Degree=0
K= 1409 0 0 , Degree=0
K= 1410 0 0 , Degree=0
K= 1411 0 0 , Degree=0
K= 1412 0 0 , Degree=0
K= 1413 0 0 , Degree=0
K= 1414 0.0 1.0
K= 1415 0.0 1.0
K= 1416 0.0 1.0
K= 1417 0.0 1.0
K= 1418 0 0 , Degree=0
K= 1419 0.0 1.0
K= 1420 0.0 1.0
K= 1421 0 0 , Degree=0
K= 1422 0.0 1.0
K= 1423 0 0 , Degree=0
K= 1424 0 0 , Degree=0
K= 1425 0.0 1.0
K= 1426 0.0 1.0
K= 1427 0.0 1.0
K= 1428 0 0 , Degree=0
K= 1429 0 0 , Degree=0
K= 1430 0.0 1.0
K= 1431 0 0 , Degree=0
K= 1432 0.0 1.0
K= 1433 0.0 1.0
K= 1434 0.0 1.0
K= 1435 0 0 , Degree=0
K= 1436 0 0 , Degree=0
K= 1437 0 0 , Degree=0
K= 1438 0 0 , Degree=0
K= 1439 0 0 , Degree=0
K= 1440 1849408403.0 3998.0
K= 1441 0 0 , Degree=0
K= 1442 0 0 , Degree=0
K= 2294 0 0 , Degree=0
K= 2295 0.0 1.0
K= 2296 0.0 1.0
K= 2297 0 0 , Degree=0
K= 2298 0 0 , Degree=0
K= 2299 0.0 1.0
K= 2300 0 0 , Degree=0
K= 2301 0.0 1.0
K= 2302 0.0 1.0
K= 2303 0 0 , Degree=0
K= 2304 0 0 , Degree=0
K= 2305 0.0 1.0
K= 2306 0.0 1.0
K= 2307 0.0 1.0
K= 2308 0.0 1.0
K= 2309 0.0 1.0
K= 2310 0 0 , Degree=0
K= 2311 0 0 , Degree=0
K= 2312 0.0 1.0
K= 2313 0 0 , Degree=0
K= 2314 0 0 , Degree=0
K= 2315 0 0 , Degree=0
K= 2316 0.0 1.0
K= 2317 0 0 , Degree=0
K= 2318 0.0 1.0
K= 2319 0.0 1.0
K= 2320 0.0 1.0
K= 2321 0.0 1.0
K= 2322 0.0 1.0
K= 2323 0.0 1.0
K= 2324 0 0 , Degree=0
K= 2325 0.0 1.0
K= 2326 0.0 1.0
K= 2327 0 0 , Degree=0
K= 2328 0.0 1.0
K= 2329 0 0 , Degree=0
K= 2330 0.0 1.0
K= 3589 0.0 1.0
K= 3590 0.0 1.0
K= 3591 0 0 , Degree=0
K= 3592 0 0 , Degree=0
K= 3593 0 0 , Degree=0
K= 3594 0.0 1.0
K= 3595 0 0 , Degree=0
K= 3596 0.0 1.0
K= 3597 0 0 , Degree=0
K= 3598 0 0 , Degree=0
K= 3599 0.0 1.0
K= 3600 0 0 , Degree=0
K= 3601 0.0 1.0
K= 3602 0 0 , Degree=0
K= 3603 0.0 1.0
K= 3604 0 0 , Degree=0
K= 3605 0 0 , Degree=0
K= 3606 0 0 , Degree=0
K= 3607 0.0 1.0
K= 3608 0 0 , Degree=0
K= 3609 0.0 1.0
K= 3610 0 0 , Degree=0
K= 3611 0.0 1.0
K= 3612 0 0 , Degree=0
K= 3613 0 0 , Degree=0
K= 3614 0.0 1.0
K= 3615 0.0 1.0
K= 3616 0.0 1.0
K= 3617 0 0 , Degree=0
K= 3618 0.0 1.0
K= 3619 0 0 , Degree=0
K= 3620 0.0 1.0
K= 3621 0 0 , Degree=0
K= 3622 0 0 , Degree=0
K= 3623 0 0 , Degree=0
K= 3624 0 0 , Degree=0
K= 3625 0.0 1.0
K= 925 1801625132.5 3998.0
K= 926 1801625132.5 3998.0
K= 927 0.0 1.0
K= 928 1801805312.5 4999.0
K= 929 0 0 , Degree=0
K= 930 1802165852.5 4998.0
K= 931 0.0 1.0
K= 932 0.0 1.0
K= 933 0.0 1.0
K= 934 0 0 , Degree=0
K= 935 0.0 1.0
K= 936 0 0 , Degree=0
K= 937 0.0 1.0
K= 938 0 0 , Degree=0
K= 939 1830684837.0 8192.0
K= 940 0 0 , Degree=0
K= 941 0 0 , Degree=0
K= 942 0 0 , Degree=0
K= 943 0 0 , Degree=0
K= 944 0.0 1.0
K= 945 0.0 1.0
K= 946 0 0 , Degree=0
K= 947 0.0 1.0
K= 948 0 0 , Degree=0
K= 949 0 0 , Degree=0
K= 950 0.0 1.0
K= 951 0.0 1.0
K= 952 0.0 1.0
K= 953 0 0 , Degree=0
K= 954 0.0 1.0
K= 955 0 0 , Degree=0
K= 956 0 0 , Degree=0
K= 957 0.0 1.0
K= 958 0.0 1.0
K= 959 0.0 1.0
K= 960 0.0 1.0
K= 961 0 0 , Degree=0
K= 2553 0.0 1.0
K= 2554 0.0 1.0
K= 2555 0 0 , Degree=0
K= 2556 0.0 1.0
K= 2557 0.0 1.0
K= 2558 0.0 1.0
K= 2559 0.0 1.0
K= 2560 0.0 1.0
K= 2561 0.0 1.0
K= 2562 0.0 1.0
K= 2563 0.0 1.0
K= 2564 0 0 , Degree=0
K= 2565 1861191453.5 8192.0
K= 2566 0.0 1.0
K= 2567 0.0 1.0
K= 2568 0 0 , Degree=0
K= 2569 0 0 , Degree=0
K= 2570 0.0 1.0
K= 2571 0 0 , Degree=0
K= 2572 0 0 , Degree=0
K= 2573 0.0 1.0
K= 2574 0.0 1.0
K= 2575 0.0 1.0
K= 2576 0.0 1.0
K= 2577 0 0 , Degree=0
K= 2578 0 0 , Degree=0
K= 2579 0 0 , Degree=0
K= 2580 0 0 , Degree=0
K= 2581 0.0 1.0
K= 2582 0.0 1.0
K= 2583 0 0 , Degree=0
K= 2584 0.0 1.0
K= 2585 0 0 , Degree=0
K= 2586 0 0 , Degree=0
K= 2587 0 0 , Degree=0
K= 2588 0.0 1.0
K= 2589 0.0 1.0
K= 3922 0.0 1.0
K= 3923 0.0 1.0
K= 3924 0 0 , Degree=0
K= 3925 0.0 1.0
K= 3926 0.0 1.0
K= 3927 0 0 , Degree=0
K= 3928 0.0 1.0
K= 3929 0.0 1.0
K= 3930 0.0 1.0
K= 3931 0 0 , Degree=0
K= 3932 0.0 1.0
K= 3933 0.0 1.0
K= 3934 0 0 , Degree=0
K= 3935 0 0 , Degree=0
K= 3936 0 0 , Degree=0
K= 3937 0.0 1.0
K= 3938 0.0 1.0
K= 3939 0 0 , Degree=0
K= 3940 0 0 , Degree=0
K= 3941 0 0 , Degree=0
K= 3942 0 0 , Degree=0
K= 3943 0.0 1.0
K= 3944 0.0 1.0
K= 3945 0 0 , Degree=0
K= 3946 0 0 , Degree=0
K= 3947 0 0 , Degree=0
K= 3948 0.0 1.0
K= 3949 0 0 , Degree=0
K= 3950 0 0 , Degree=0
K= 3951 0.0 1.0
K= 3952 0 0 , Degree=0
K= 3953 0 0 , Degree=0
K= 3954 0 0 , Degree=0
K= 3955 0.0 1.0
K= 3956 0 0 , Degree=0
K= 3957 0.0 1.0
K= 3958 0 0 , Degree=0
K= 1147 1801625852.5 3998.0
K= 1148 0 0 , Degree=0
K= 1149 1830635685.0 8192.0
K= 1150 0.0 1.0
K= 1151 0 0 , Degree=0
K= 1152 0.0 1.0
K= 1153 0 0 , Degree=0
K= 1154 0 0 , Degree=0
K= 1155 0.0 1.0
K= 1156 0.0 1.0
K= 1157 0.0 1.0
K= 1158 0.0 1.0
K= 1159 0 0 , Degree=0
K= 1160 1830982769.0 8192.0
K= 1161 0.0 1.0
K= 1162 0.0 1.0
K= 1163 0.0 1.0
K= 1164 0.0 1.0
K= 1165 0 0 , Degree=0
K= 1166 0.0 1.0
K= 1167 0.0 1.0
K= 1168 0.0 1.0
K= 1169 0.0 1.0
K= 1170 0.0 1.0
K= 1171 0 0 , Degree=0
K= 1172 0 0 , Degree=0
K= 1173 0.0 1.0
K= 1174 0.0 1.0
K= 1175 0 0 , Degree=0
K= 1176 0 0 , Degree=0
K= 1177 0 0 , Degree=0
K= 1178 0.0 1.0
K= 1179 0.0 1.0
K= 1180 0.0 1.0
K= 1181 0 0 , Degree=0
K= 1182 0.0 1.0
K= 1183 0 0 , Degree=0
K= 1443 0.0 1.0
K= 1444 0 0 , Degree=0
K= 1445 0 0 , Degree=0
K= 1446 0.0 1.0
K= 1447 0 0 , Degree=0
K= 1448 0 0 , Degree=0
K= 1449 0 0 , Degree=0
K= 1450 0.0 1.0
K= 1451 0.0 1.0
K= 1452 0 0 , Degree=0
K= 1453 0.0 1.0
K= 1454 0.0 1.0
K= 1455 0.0 1.0
K= 1456 0 0 , Degree=0
K= 1457 0.0 1.0
K= 1458 0 0 , Degree=0
K= 1459 0.0 1.0
K= 1460 0 0 , Degree=0
K= 1461 0 0 , Degree=0
K= 1462 0.0 1.0
K= 1463 0.0 1.0
K= 1464 0 0 , Degree=0
K= 1465 1861191453.5 8192.0
K= 1466 0.0 1.0
K= 1467 0 0 , Degree=0
K= 1468 0 0 , Degree=0
K= 1469 0.0 1.0
K= 1470 0 0 , Degree=0
K= 1471 0 0 , Degree=0
K= 1472 0.0 1.0
K= 1473 0 0 , Degree=0
K= 1474 0 0 , Degree=0
K= 1475 0.0 1.0
K= 1476 0.0 1.0
K= 1477 0 0 , Degree=0
K= 1478 0.0 1.0
K= 1479 0 0 , Degree=0
K= 2442 0 0 , Degree=0
K= 2443 0 0 , Degree=0
K= 2444 0.0 1.0
K= 2445 0.0 1.0
K= 2446 0.0 1.0
K= 2447 0 0 , Degree=0
K= 2448 0.0 1.0
K= 2449 0.0 1.0
K= 2450 0.0 1.0
K= 2451 0 0 , Degree=0
K= 2452 0.0 1.0
K= 2453 0.0 1.0
K= 2454 0.0 1.0
K= 2455 0 0 , Degree=0
K= 2456 0 0 , Degree=0
K= 2457 0.0 1.0
K= 2458 0.0 1.0
K= 2459 0 0 , Degree=0
K= 2460 0 0 , Degree=0
K= 2461 0.0 1.0
K= 2462 0.0 1.0
K= 2463 0.0 1.0
K= 2464 0 0 , Degree=0
K= 2465 0.0 1.0
K= 2466 0.0 1.0
K= 2467 0 0 , Degree=0
K= 2468 0.0 1.0
K= 2469 0 0 , Degree=0
K= 2470 0 0 , Degree=0
K= 2471 0.0 1.0
K= 2472 0.0 1.0
K= 2473 0 0 , Degree=0
K= 2474 0.0 1.0
K= 2475 0.0 1.0
K= 2476 0 0 , Degree=0
K= 2477 0 0 , Degree=0
K= 2478 0 0 , Degree=0
K= 3737 0.0 1.0
K= 3738 0 0 , Degree=0
K= 3739 0 0 , Degree=0
K= 3740 0 0 , Degree=0
K= 3741 0 0 , Degree=0
K= 3742 0.0 1.0
K= 3743 0 0 , Degree=0
K= 3744 0.0 1.0
K= 3745 0.0 1.0
K= 3746 0.0 1.0
K= 3747 0.0 1.0
K= 3748 0.0 1.0
K= 3749 0.0 1.0
K= 3750 0.0 1.0
K= 3751 0 0 , Degree=0
K= 3752 0.0 1.0
K= 3753 0 0 , Degree=0
K= 3754 0.0 1.0
K= 3755 0 0 , Degree=0
K= 3756 0.0 1.0
K= 3757 0 0 , Degree=0
K= 3758 0 0 , Degree=0
K= 3759 0.0 1.0
K= 3760 0.0 1.0
K= 3761 0 0 , Degree=0
K= 3762 0.0 1.0
K= 3763 0 0 , Degree=0
K= 3764 0 0 , Degree=0
K= 3765 0.0 1.0
K= 3766 0 0 , Degree=0
K= 3767 0 0 , Degree=0
K= 3768 0.0 1.0
K= 3769 0.0 1.0
K= 3770 0.0 1.0
K= 3771 0.0 1.0
K= 3772 0.0 1.0
K= 3773 0 0 , Degree=0
K= 74 1801625132.5 3998.0
K= 75 0.0 1.0
K= 76 1821562092.5 8192.0
K= 77 0.0 1.0
K= 78 0.0 1.0
K= 79 0 0 , Degree=0
K= 80 0.0 1.0
K= 81 0.0 1.0
K= 82 0 0 , Degree=0
K= 83 0 0 , Degree=0
K= 84 0.0 1.0
K= 85 0.0 1.0
K= 86 0 0 , Degree=0
K= 87 0.0 1.0
K= 88 0.0 1.0
K= 89 0.0 1.0
K= 90 0.0 1.0
K= 91 0.0 1.0
K= 92 0.0 1.0
K= 93 0.0 1.0
K= 94 0 0 , Degree=0
K= 95 0 0 , Degree=0
K= 96 0 0 , Degree=0
K= 97 0.0 1.0
K= 98 0.0 1.0
K= 99 0.0 1.0
K= 100 0.0 1.0
K= 101 0.0 1.0
K= 102 0.0 1.0
K= 103 0.0 1.0
K= 104 0 0 , Degree=0
K= 105 0 0 , Degree=0
K= 106 0 0 , Degree=0
K= 107 0 0 , Degree=0
K= 108 1821876092.5 8192.0
K= 109 0 0 , Degree=0
K= 110 0 0 , Degree=0
K= 1665 0.0 1.0
K= 1666 0 0 , Degree=0
K= 1667 0 0 , Degree=0
K= 1668 0 0 , Degree=0
K= 1669 0 0 , Degree=0
K= 1670 0.0 1.0
K= 1671 0.0 1.0
K= 1672 0 0 , Degree=0
K= 1673 0.0 1.0
K= 1674 0 0 , Degree=0
K= 1675 0 0 , Degree=0
K= 1676 0.0 1.0
K= 1677 0.0 1.0
K= 1678 0.0 1.0
K= 1679 0 0 , Degree=0
K= 1680 0 0 , Degree=0
K= 1681 0.0 1.0
K= 1682 0 0 , Degree=0
K= 1683 0 0 , Degree=0
K= 1684 0 0 , Degree=0
K= 1685 0.0 1.0
K= 1686 0 0 , Degree=0
K= 1687 0.0 1.0
K= 1688 0.0 1.0
K= 1689 0.0 1.0
K= 1690 0.0 1.0
K= 1691 0.0 1.0
K= 1692 0 0 , Degree=0
K= 1693 0.0 1.0
K= 1694 0 0 , Degree=0
K= 1695 0 0 , Degree=0
K= 1696 0.0 1.0
K= 1697 0.0 1.0
K= 1698 0 0 , Degree=0
K= 1699 0.0 1.0
K= 1700 0.0 1.0
K= 1701 0.0 1.0
K= 2886 0 0 , Degree=0
K= 2887 0 0 , Degree=0
K= 2888 0 0 , Degree=0
K= 2889 0.0 1.0
K= 2890 0.0 1.0
K= 2891 0.0 1.0
K= 2892 0 0 , Degree=0
K= 2893 0 0 , Degree=0
K= 2894 0 0 , Degree=0
K= 2895 0.0 1.0
K= 2896 0 0 , Degree=0
K= 2897 0 0 , Degree=0
K= 2898 0.0 1.0
K= 2899 0.0 1.0
K= 2900 0 0 , Degree=0
K= 2901 1830485753.0 8192.0
K= 2902 0 0 , Degree=0
K= 2903 0 0 , Degree=0
K= 2904 0 0 , Degree=0
K= 2905 0 0 , Degree=0
K= 2906 0.0 1.0
K= 2907 0.0 1.0
K= 2908 0 0 , Degree=0
K= 2909 0 0 , Degree=0
K= 2910 0.0 1.0
K= 2911 0.0 1.0
K= 2912 0.0 1.0
K= 2913 0.0 1.0
K= 2914 0 0 , Degree=0
K= 2915 0 0 , Degree=0
K= 2916 0.0 1.0
K= 2917 0.0 1.0
K= 2918 0.0 1.0
K= 2919 0.0 1.0
K= 2920 0 0 , Degree=0
K= 2921 0 0 , Degree=0
K= 2922 0 0 , Degree=0
K= 3959 0.0 1.0
K= 3960 0 0 , Degree=0
K= 3961 0 0 , Degree=0
K= 3962 0.0 1.0
K= 3963 0.0 1.0
K= 3964 0 0 , Degree=0
K= 3965 0 0 , Degree=0
K= 3966 0 0 , Degree=0
K= 3967 0.0 1.0
K= 3968 0.0 1.0
K= 3969 0.0 1.0
K= 3970 0.0 1.0
K= 3971 0 0 , Degree=0
K= 3972 0 0 , Degree=0
K= 3973 0.0 1.0
K= 3974 0.0 1.0
K= 3975 0 0 , Degree=0
K= 3976 0 0 , Degree=0
K= 3977 0 0 , Degree=0
K= 3978 0.0 1.0
K= 3979 0 0 , Degree=0
K= 3980 0 0 , Degree=0
K= 3981 0 0 , Degree=0
K= 3982 0 0 , Degree=0
K= 3983 0.0 1.0
K= 3984 0 0 , Degree=0
K= 3985 0.0 1.0
K= 3986 0 0 , Degree=0
K= 3987 0 0 , Degree=0
K= 3988 0.0 1.0
K= 3989 0 0 , Degree=0
K= 3990 0 0 , Degree=0
K= 3991 0.0 1.0
K= 3992 0 0 , Degree=0
K= 3993 0.0 1.0
K= 3994 0 0 , Degree=0
K= 3995 0 0 , Degree=0
K= 481 0 0 , Degree=0
K= 482 0 0 , Degree=0
K= 483 1821267262.5 8192.0
K= 484 0.0 1.0
K= 485 0 0 , Degree=0
K= 486 0 0 , Degree=0
K= 487 0.0 1.0
K= 488 1821325757.5 8192.0
K= 489 0 0 , Degree=0
K= 490 0 0 , Degree=0
K= 491 0 0 , Degree=0
K= 492 1821562092.5 8192.0
K= 493 0 0 , Degree=0
K= 494 0.0 1.0
K= 495 0 0 , Degree=0
K= 496 0 0 , Degree=0
K= 497 0.0 1.0
K= 498 1849435100.0 3998.0
K= 499 0 0 , Degree=0
K= 500 0.0 1.0
K= 501 0.0 1.0
K= 502 0.0 1.0
K= 503 0.0 1.0
K= 504 0.0 1.0
K= 505 0 0 , Degree=0
K= 506 0 0 , Degree=0
K= 507 0.0 1.0
K= 508 0 0 , Degree=0
K= 509 0.0 1.0
K= 510 0.0 1.0
K= 511 0 0 , Degree=0
K= 512 0 0 , Degree=0
K= 513 0.0 1.0
K= 514 0.0 1.0
K= 515 0.0 1.0
K= 516 0 0 , Degree=0
K= 517 0.0 1.0
K= 1221 0 0 , Degree=0
K= 1222 0 0 , Degree=0
K= 1223 0.0 1.0
K= 1224 0.0 1.0
K= 1225 0.0 1.0
K= 1226 0 0 , Degree=0
K= 1227 0 0 , Degree=0
K= 1228 0.0 1.0
K= 1229 0 0 , Degree=0
K= 1230 0.0 1.0
K= 1231 0.0 1.0
K= 1232 0.0 1.0
K= 1233 0.0 1.0
K= 1234 0 0 , Degree=0
K= 1235 0 0 , Degree=0
K= 1236 0.0 1.0
K= 1237 0 0 , Degree=0
K= 1238 0 0 , Degree=0
K= 1239 0 0 , Degree=0
K= 1240 0.0 1.0
K= 1241 0.0 1.0
K= 1242 0 0 , Degree=0
K= 1243 0 0 , Degree=0
K= 1244 0 0 , Degree=0
K= 1245 0 0 , Degree=0
K= 1246 0.0 1.0
K= 1247 0.0 1.0
K= 1248 0 0 , Degree=0
K= 1249 0.0 1.0
K= 1250 0.0 1.0
K= 1251 0 0 , Degree=0
K= 1252 0.0 1.0
K= 1253 0 0 , Degree=0
K= 1254 0 0 , Degree=0
K= 1255 0 0 , Degree=0
K= 1256 0 0 , Degree=0
K= 1257 0.0 1.0
K= 2368 0.0 1.0
K= 2369 0.0 1.0
K= 2370 0.0 1.0
K= 2371 0 0 , Degree=0
K= 2372 0.0 1.0
K= 2373 0 0 , Degree=0
K= 2374 0.0 1.0
K= 2375 0 0 , Degree=0
K= 2376 0.0 1.0
K= 2377 0.0 1.0
K= 2378 0 0 , Degree=0
K= 2379 0 0 , Degree=0
K= 2380 0 0 , Degree=0
K= 2381 0.0 1.0
K= 2382 0.0 1.0
K= 2383 0 0 , Degree=0
K= 2384 0.0 1.0
K= 2385 0.0 1.0
K= 2386 0.0 1.0
K= 2387 0.0 1.0
K= 2388 0.0 1.0
K= 2389 0 0 , Degree=0
K= 2390 0.0 1.0
K= 2391 0 0 , Degree=0
K= 2392 0.0 1.0
K= 2393 0 0 , Degree=0
K= 2394 0.0 1.0
K= 2395 0 0 , Degree=0
K= 2396 0 0 , Degree=0
K= 2397 0 0 , Degree=0
K= 2398 0 0 , Degree=0
K= 2399 0.0 1.0
K= 2400 0 0 , Degree=0
K= 2401 0.0 1.0
K= 2402 0 0 , Degree=0
K= 2403 0.0 1.0
K= 2404 0 0 , Degree=0
K= 3515 0.0 1.0
K= 3516 0.0 1.0
K= 3517 0.0 1.0
K= 3518 0.0 1.0
K= 3519 0.0 1.0
K= 3520 0.0 1.0
K= 3521 0 0 , Degree=0
K= 3522 0.0 1.0
K= 3523 0 0 , Degree=0
K= 3524 0.0 1.0
K= 3525 0.0 1.0
K= 3526 0.0 1.0
K= 3527 0 0 , Degree=0
K= 3528 0.0 1.0
K= 3529 0 0 , Degree=0
K= 3530 0.0 1.0
K= 3531 0 0 , Degree=0
K= 3532 0 0 , Degree=0
K= 3533 0.0 1.0
K= 3534 0.0 1.0
K= 3535 0.0 1.0
K= 3536 0 0 , Degree=0
K= 3537 0 0 , Degree=0
K= 3538 0.0 1.0
K= 3539 0.0 1.0
K= 3540 0.0 1.0
K= 3541 0 0 , Degree=0
K= 3542 0.0 1.0
K= 3543 0 0 , Degree=0
K= 3544 0 0 , Degree=0
K= 3545 0.0 1.0
K= 3546 0 0 , Degree=0
K= 3547 0 0 , Degree=0
K= 3548 0.0 1.0
K= 3549 0 0 , Degree=0
K= 3550 0 0 , Degree=0
K= 3551 0.0 1.0
K= 888 0 0 , Degree=0
K= 889 1801625492.5 3998.0
K= 890 0.0 1.0
K= 891 0.0 1.0
K= 892 0.0 1.0
K= 893 0 0 , Degree=0
K= 894 0 0 , Degree=0
K= 895 1811563005.0 5998.0
K= 896 0 0 , Degree=0
K= 897 1821562092.5 8192.0
K= 898 0.0 1.0
K= 899 0 0 , Degree=0
K= 900 0.0 1.0
K= 901 0 0 , Degree=0
K= 902 0.0 1.0
K= 903 0 0 , Degree=0
K= 904 0 0 , Degree=0
K= 905 0.0 1.0
K= 906 0 0 , Degree=0
K= 907 0.0 1.0
K= 908 0.0 1.0
K= 909 0 0 , Degree=0
K= 910 0.0 1.0
K= 911 0 0 , Degree=0
K= 912 0.0 1.0
K= 913 0 0 , Degree=0
K= 914 1830566553.0 8192.0
K= 915 0.0 1.0
K= 916 0 0 , Degree=0
K= 917 0 0 , Degree=0
K= 918 0.0 1.0
K= 919 0.0 1.0
K= 920 0.0 1.0
K= 921 0.0 1.0
K= 922 0 0 , Degree=0
K= 923 0 0 , Degree=0
K= 924 0 0 , Degree=0
K= 1887 0.0 1.0
K= 1888 0.0 1.0
K= 1889 0.0 1.0
K= 1890 0 0 , Degree=0
K= 1891 0.0 1.0
K= 1892 0.0 1.0
K= 1893 1830684837.0 8192.0
K= 1894 0 0 , Degree=0
K= 1895 0.0 1.0
K= 1896 0.0 1.0
K= 1897 0 0 , Degree=0
K= 1898 0 0 , Degree=0
K= 1899 0.0 1.0
K= 1900 0.0 1.0
K= 1901 0 0 , Degree=0
K= 1902 0.0 1.0
K= 1903 0 0 , Degree=0
K= 1904 0.0 1.0
K= 1905 0.0 1.0
K= 1906 0 0 , Degree=0
K= 1907 0.0 1.0
K= 1908 0.0 1.0
K= 1909 0.0 1.0
K= 1910 0.0 1.0
K= 1911 0.0 1.0
K= 1912 0.0 1.0
K= 1913 0.0 1.0
K= 1914 0 0 , Degree=0
K= 1915 0 0 , Degree=0
K= 1916 0.0 1.0
K= 1917 0 0 , Degree=0
K= 1918 0.0 1.0
K= 1919 0.0 1.0
K= 1920 0.0 1.0
K= 1921 0 0 , Degree=0
K= 1922 0.0 1.0
K= 1923 0.0 1.0
K= 3182 0.0 1.0
K= 3183 0 0 , Degree=0
K= 3184 0 0 , Degree=0
K= 3185 0 0 , Degree=0
K= 3186 0.0 1.0
K= 3187 0.0 1.0
K= 3188 0.0 1.0
K= 3189 0.0 1.0
K= 3190 0.0 1.0
K= 3191 0 0 , Degree=0
K= 3192 0.0 1.0
K= 3193 0 0 , Degree=0
K= 3194 0.0 1.0
K= 3195 0 0 , Degree=0
K= 3196 0 0 , Degree=0
K= 3197 0 0 , Degree=0
K= 3198 0.0 1.0
K= 3199 0 0 , Degree=0
K= 3200 0.0 1.0
K= 3201 0.0 1.0
K= 3202 0 0 , Degree=0
K= 3203 0 0 , Degree=0
K= 3204 0.0 1.0
K= 3205 0 0 , Degree=0
K= 3206 0 0 , Degree=0
K= 3207 0.0 1.0
K= 3208 0 0 , Degree=0
K= 3209 0 0 , Degree=0
K= 3210 0.0 1.0
K= 3211 0 0 , Degree=0
K= 3212 0 0 , Degree=0
K= 3213 0 0 , Degree=0
K= 3214 0 0 , Degree=0
K= 3215 0 0 , Degree=0
K= 3216 0.0 1.0
K= 3217 0 0 , Degree=0
K= 3218 0.0 1.0
K= 4440 0.0 1.0
K= 4441 0 0 , Degree=0
K= 4442 0.0 1.0
K= 4443 0.0 1.0
K= 4444 0.0 1.0
K= 4445 0 0 , Degree=0
K= 4446 0.0 1.0
K= 4447 0 0 , Degree=0
K= 4448 0.0 1.0
K= 4449 0 0 , Degree=0
K= 4450 0 0 , Degree=0
K= 4451 0.0 1.0
K= 4452 0.0 1.0
K= 4453 0 0 , Degree=0
K= 4454 0 0 , Degree=0
K= 4455 0.0 1.0
K= 4456 0 0 , Degree=0
K= 4457 0.0 1.0
K= 4458 0 0 , Degree=0
K= 4459 0.0 1.0
K= 4460 0 0 , Degree=0
K= 4461 0.0 1.0
K= 4462 0.0 1.0
K= 4463 0.0 1.0
K= 4464 0 0 , Degree=0
K= 4465 0.0 1.0
K= 4466 0.0 1.0
K= 4467 0 0 , Degree=0
K= 4468 0 0 , Degree=0
K= 4469 0 0 , Degree=0
K= 4470 0 0 , Degree=0
K= 4471 0.0 1.0
K= 4472 0 0 , Degree=0
K= 4473 0.0 1.0
K= 4474 0.0 1.0
K= 4475 0 0 , Degree=0
K= 4476 0.0 1.0
K= 666 0 0 , Degree=0
K= 667 0 0 , Degree=0
K= 668 0 0 , Degree=0
K= 669 1801625132.5 3998.0
K= 670 1821049620.5 8192.0
K= 671 0 0 , Degree=0
K= 672 0.0 1.0
K= 673 0.0 1.0
K= 674 0.0 1.0
K= 675 0.0 1.0
K= 676 0 0 , Degree=0
K= 677 0 0 , Degree=0
K= 678 0.0 1.0
K= 679 0 0 , Degree=0
K= 680 0 0 , Degree=0
K= 681 0.0 1.0
K= 682 0.0 1.0
K= 683 0 0 , Degree=0
K= 684 0 0 , Degree=0
K= 685 0 0 , Degree=0
K= 686 0.0 1.0
K= 687 0.0 1.0
K= 688 0 0 , Degree=0
K= 689 0.0 1.0
K= 690 0 0 , Degree=0
K= 691 0.0 1.0
K= 692 0.0 1.0
K= 693 0 0 , Degree=0
K= 694 0.0 1.0
K= 695 0.0 1.0
K= 696 0 0 , Degree=0
K= 697 0.0 1.0
K= 698 0 0 , Degree=0
K= 699 0 0 , Degree=0
K= 700 0 0 , Degree=0
K= 701 1821053616.5 8192.0
K= 702 0.0 1.0
K= 1554 0 0 , Degree=0
K= 1555 0 0 , Degree=0
K= 1556 0.0 1.0
K= 1557 0.0 1.0
K= 1558 0.0 1.0
K= 1559 0 0 , Degree=0
K= 1560 0.0 1.0
K= 1561 0 0 , Degree=0
K= 1562 0 0 , Degree=0
K= 1563 1821147212.5 8192.0
K= 1564 0.0 1.0
K= 1565 0 0 , Degree=0
K= 1566 0.0 1.0
K= 1567 0.0 1.0
K= 1568 0 0 , Degree=0
K= 1569 0.0 1.0
K= 1570 0.0 1.0
K= 1571 0 0 , Degree=0
K= 1572 0.0 1.0
K= 1573 0.0 1.0
K= 1574 0 0 , Degree=0
K= 1575 0 0 , Degree=0
K= 1576 0.0 1.0
K= 1577 0 0 , Degree=0
K= 1578 0.0 1.0
K= 1579 0 0 , Degree=0
K= 1580 0.0 1.0
K= 1581 0 0 , Degree=0
K= 1582 0 0 , Degree=0
K= 1583 0 0 , Degree=0
K= 1584 0 0 , Degree=0
K= 1585 0 0 , Degree=0
K= 1586 0.0 1.0
K= 1587 0.0 1.0
K= 1588 0.0 1.0
K= 1589 0 0 , Degree=0
K= 1590 0.0 1.0
K= 2849 0.0 1.0
K= 2850 0.0 1.0
K= 2851 0 0 , Degree=0
K= 2852 0 0 , Degree=0
K= 2853 0 0 , Degree=0
K= 2854 0.0 1.0
K= 2855 0.0 1.0
K= 2856 0.0 1.0
K= 2857 0.0 1.0
K= 2858 0 0 , Degree=0
K= 2859 0.0 1.0
K= 2860 0.0 1.0
K= 2861 0.0 1.0
K= 2862 0 0 , Degree=0
K= 2863 1861191453.5 8192.0
K= 2864 0.0 1.0
K= 2865 0.0 1.0
K= 2866 0 0 , Degree=0
K= 2867 0 0 , Degree=0
K= 2868 0.0 1.0
K= 2869 0.0 1.0
K= 2870 0.0 1.0
K= 2871 0.0 1.0
K= 2872 0.0 1.0
K= 2873 0 0 , Degree=0
K= 2874 0 0 , Degree=0
K= 2875 0 0 , Degree=0
K= 2876 0 0 , Degree=0
K= 2877 0.0 1.0
K= 2878 0.0 1.0
K= 2879 0 0 , Degree=0
K= 2880 0 0 , Degree=0
K= 2881 0 0 , Degree=0
K= 2882 0 0 , Degree=0
K= 2883 0 0 , Degree=0
K= 2884 0.0 1.0
K= 2885 0.0 1.0
K= 4033 0.0 1.0
K= 4034 0 0 , Degree=0
K= 4035 0.0 1.0
K= 4036 0.0 1.0
K= 4037 0 0 , Degree=0
K= 4038 0 0 , Degree=0
K= 4039 0 0 , Degree=0
K= 4040 0 0 , Degree=0
K= 4041 0.0 1.0
K= 4042 0 0 , Degree=0
K= 4043 0 0 , Degree=0
K= 4044 0.0 1.0
K= 4045 0 0 , Degree=0
K= 4046 0.0 1.0
K= 4047 0.0 1.0
K= 4048 0.0 1.0
K= 4049 0.0 1.0
K= 4050 0 0 , Degree=0
K= 4051 0.0 1.0
K= 4052 0 0 , Degree=0
K= 4053 0 0 , Degree=0
K= 4054 0.0 1.0
K= 4055 0 0 , Degree=0
K= 4056 0.0 1.0
K= 4057 0 0 , Degree=0
K= 4058 0 0 , Degree=0
K= 4059 0.0 1.0
K= 4060 0 0 , Degree=0
K= 4061 0.0 1.0
K= 4062 0 0 , Degree=0
K= 4063 0 0 , Degree=0
K= 4064 0 0 , Degree=0
K= 4065 0.0 1.0
K= 4066 0 0 , Degree=0
K= 4067 0.0 1.0
K= 4068 0 0 , Degree=0
K= 4069 0.0 1.0
K= 703 1801625132.5 3998.0
K= 704 0 0 , Degree=0
K= 705 1802165952.5 5997.0
K= 706 1821489757.5 8192.0
K= 707 0 0 , Degree=0
K= 708 0.0 1.0
K= 709 0.0 1.0
K= 710 0 0 , Degree=0
K= 711 0.0 1.0
K= 712 0 0 , Degree=0
K= 713 0.0 1.0
K= 714 0 0 , Degree=0
K= 715 0 0 , Degree=0
K= 716 0.0 1.0
K= 717 0 0 , Degree=0
K= 718 1830323858.0 3998.0
K= 719 0.0 1.0
K= 720 0.0 1.0
K= 721 0.0 1.0
K= 722 0.0 1.0
K= 723 0.0 1.0
K= 724 1839881758.5 3998.0
K= 725 0 0 , Degree=0
K= 726 0.0 1.0
K= 727 0.0 1.0
K= 728 0 0 , Degree=0
K= 729 0 0 , Degree=0
K= 730 0.0 1.0
K= 731 0 0 , Degree=0
K= 732 0.0 1.0
K= 733 0 0 , Degree=0
K= 734 0.0 1.0
K= 735 0.0 1.0
K= 736 0 0 , Degree=0
K= 737 0 0 , Degree=0
K= 738 0 0 , Degree=0
K= 739 0.0 1.0
K= 1776 0.0 1.0
K= 1777 0 0 , Degree=0
K= 1778 0 0 , Degree=0
K= 1779 0.0 1.0
K= 1780 0.0 1.0
K= 1781 0 0 , Degree=0
K= 1782 0.0 1.0
K= 1783 0.0 1.0
K= 1784 0.0 1.0
K= 1785 0.0 1.0
K= 1786 0.0 1.0
K= 1787 0.0 1.0
K= 1788 0.0 1.0
K= 1789 0 0 , Degree=0
K= 1790 0.0 1.0
K= 1791 0.0 1.0
K= 1792 0 0 , Degree=0
K= 1793 0.0 1.0
K= 1794 0 0 , Degree=0
K= 1795 0.0 1.0
K= 1796 0.0 1.0
K= 1797 0.0 1.0
K= 1798 0 0 , Degree=0
K= 1799 0.0 1.0
K= 1800 0 0 , Degree=0
K= 1801 0 0 , Degree=0
K= 1802 0 0 , Degree=0
K= 1803 0.0 1.0
K= 1804 0.0 1.0
K= 1805 0.0 1.0
K= 1806 0 0 , Degree=0
K= 1807 0 0 , Degree=0
K= 1808 0.0 1.0
K= 1809 0.0 1.0
K= 1810 0.0 1.0
K= 1811 0.0 1.0
K= 1812 0 0 , Degree=0
K= 3219 0.0 1.0
K= 3220 0.0 1.0
K= 3221 0.0 1.0
K= 3222 0 0 , Degree=0
K= 3223 0.0 1.0
K= 3224 0.0 1.0
K= 3225 0.0 1.0
K= 3226 0 0 , Degree=0
K= 3227 0 0 , Degree=0
K= 3228 0.0 1.0
K= 3229 0 0 , Degree=0
K= 3230 0 0 , Degree=0
K= 3231 0.0 1.0
K= 3232 0.0 1.0
K= 3233 0 0 , Degree=0
K= 3234 0 0 , Degree=0
K= 3235 0.0 1.0
K= 3236 0 0 , Degree=0
K= 3237 0.0 1.0
K= 3238 0 0 , Degree=0
K= 3239 0 0 , Degree=0
K= 3240 0 0 , Degree=0
K= 3241 0.0 1.0
K= 3242 0.0 1.0
K= 3243 0 0 , Degree=0
K= 3244 0 0 , Degree=0
K= 3245 0 0 , Degree=0
K= 3246 0.0 1.0
K= 3247 0 0 , Degree=0
K= 3248 0.0 1.0
K= 3249 0.0 1.0
K= 3250 0.0 1.0
K= 3251 0 0 , Degree=0
K= 3252 0.0 1.0
K= 3253 0 0 , Degree=0
K= 3254 0.0 1.0
K= 3255 0.0 1.0
K= 4292 0.0 1.0
K= 4293 0.0 1.0
K= 4294 0.0 1.0
K= 4295 0 0 , Degree=0
K= 4296 0 0 , Degree=0
K= 4297 0 0 , Degree=0
K= 4298 0 0 , Degree=0
K= 4299 0.0 1.0
K= 4300 0.0 1.0
K= 4301 0.0 1.0
K= 4302 0.0 1.0
K= 4303 0 0 , Degree=0
K= 4304 0.0 1.0
K= 4305 0.0 1.0
K= 4306 0.0 1.0
K= 4307 0.0 1.0
K= 4308 0 0 , Degree=0
K= 4309 0.0 1.0
K= 4310 0 0 , Degree=0
K= 4311 0.0 1.0
K= 4312 0 0 , Degree=0
K= 4313 0.0 1.0
K= 4314 0.0 1.0
K= 4315 0 0 , Degree=0
K= 4316 0 0 , Degree=0
K= 4317 0 0 , Degree=0
K= 4318 0.0 1.0
K= 4319 0.0 1.0
K= 4320 0 0 , Degree=0
K= 4321 0.0 1.0
K= 4322 0.0 1.0
K= 4323 0.0 1.0
K= 4324 0.0 1.0
K= 4325 0.0 1.0
K= 4326 0.0 1.0
K= 4327 0.0 1.0
K= 4328 0.0 1.0
K= 222 0.0 1.0
K= 223 0 0 , Degree=0
K= 224 0 0 , Degree=0
K= 225 1801625132.5 3998.0
K= 226 0.0 1.0
K= 227 0 0 , Degree=0
K= 228 1821521132.5 8192.0
K= 229 0 0 , Degree=0
K= 230 0.0 1.0
K= 231 0 0 , Degree=0
K= 232 0 0 , Degree=0
K= 233 0.0 1.0
K= 234 0.0 1.0
K= 235 0.0 1.0
K= 236 0 0 , Degree=0
K= 237 0 0 , Degree=0
K= 238 0.0 1.0
K= 239 0.0 1.0
K= 240 0 0 , Degree=0
K= 241 0.0 1.0
K= 242 0.0 1.0
K= 243 0 0 , Degree=0
K= 244 0 0 , Degree=0
K= 245 0 0 , Degree=0
K= 246 0.0 1.0
K= 247 0 0 , Degree=0
K= 248 0 0 , Degree=0
K= 249 1821562092.5 8192.0
K= 250 0 0 , Degree=0
K= 251 0.0 1.0
K= 252 0 0 , Degree=0
K= 253 0.0 1.0
K= 254 0 0 , Degree=0
K= 255 0 0 , Degree=0
K= 256 0.0 1.0
K= 257 0.0 1.0
K= 258 0.0 1.0
K= 1517 0.0 1.0
K= 1518 0.0 1.0
K= 1519 0 0 , Degree=0
K= 1520 0 0 , Degree=0
K= 1521 0 0 , Degree=0
K= 1522 0 0 , Degree=0
K= 1523 0.0 1.0
K= 1524 0.0 1.0
K= 1525 0 0 , Degree=0
K= 1526 0.0 1.0
K= 1527 0.0 1.0
K= 1528 0.0 1.0
K= 1529 0.0 1.0
K= 1530 0.0 1.0
K= 1531 0 0 , Degree=0
K= 1532 0 0 , Degree=0
K= 1533 0 0 , Degree=0
K= 1534 0 0 , Degree=0
K= 1535 0.0 1.0
K= 1536 0.0 1.0
K= 1537 0.0 1.0
K= 1538 0 0 , Degree=0
K= 1539 0.0 1.0
K= 1540 0.0 1.0
K= 1541 0 0 , Degree=0
K= 1542 0 0 , Degree=0
K= 1543 0.0 1.0
K= 1544 0.0 1.0
K= 1545 0.0 1.0
K= 1546 0.0 1.0
K= 1547 0 0 , Degree=0
K= 1548 0.0 1.0
K= 1549 0 0 , Degree=0
K= 1550 0 0 , Degree=0
K= 1551 0.0 1.0
K= 1552 1821827653.5 8192.0
K= 1553 0.0 1.0
K= 3034 0 0 , Degree=0
K= 3035 0.0 1.0
K= 3036 0.0 1.0
K= 3037 0 0 , Degree=0
K= 3038 0.0 1.0
K= 3039 0.0 1.0
K= 3040 0.0 1.0
K= 3041 0 0 , Degree=0
K= 3042 0 0 , Degree=0
K= 3043 0 0 , Degree=0
K= 3044 0 0 , Degree=0
K= 3045 0.0 1.0
K= 3046 0.0 1.0
K= 3047 0.0 1.0
K= 3048 0.0 1.0
K= 3049 0 0 , Degree=0
K= 3050 0.0 1.0
K= 3051 0.0 1.0
K= 3052 0.0 1.0
K= 3053 0.0 1.0
K= 3054 0.0 1.0
K= 3055 0 0 , Degree=0
K= 3056 0 0 , Degree=0
K= 3057 0 0 , Degree=0
K= 3058 0 0 , Degree=0
K= 3059 0 0 , Degree=0
K= 3060 0 0 , Degree=0
K= 3061 0 0 , Degree=0
K= 3062 0.0 1.0
K= 3063 0 0 , Degree=0
K= 3064 0 0 , Degree=0
K= 3065 0 0 , Degree=0
K= 3066 0.0 1.0
K= 3067 0.0 1.0
K= 3068 0.0 1.0
K= 3069 0 0 , Degree=0
K= 3070 0 0 , Degree=0
K= 4366 0.0 1.0
K= 4367 0.0 1.0
K= 4368 0.0 1.0
K= 4369 0.0 1.0
K= 4370 0 0 , Degree=0
K= 4371 0.0 1.0
K= 4372 0.0 1.0
K= 4373 0.0 1.0
K= 4374 0.0 1.0
K= 4375 0 0 , Degree=0
K= 4376 0.0 1.0
K= 4377 0 0 , Degree=0
K= 4378 0.0 1.0
K= 4379 0 0 , Degree=0
K= 4380 0 0 , Degree=0
K= 4381 0 0 , Degree=0
K= 4382 0.0 1.0
K= 4383 0.0 1.0
K= 4384 1849447603.0 3998.0
K= 4385 0 0 , Degree=0
K= 4386 0.0 1.0
K= 4387 0.0 1.0
K= 4388 0.0 1.0
K= 4389 0 0 , Degree=0
K= 4390 0.0 1.0
K= 4391 0.0 1.0
K= 4392 0.0 1.0
K= 4393 0.0 1.0
K= 4394 0 0 , Degree=0
K= 4395 0 0 , Degree=0
K= 4396 0 0 , Degree=0
K= 4397 0 0 , Degree=0
K= 4398 0 0 , Degree=0
K= 4399 0 0 , Degree=0
K= 4400 0.0 1.0
K= 4401 0 0 , Degree=0
K= 4402 0 0 , Degree=0
K= 999 0 0 , Degree=0
K= 1000 0 0 , Degree=0
K= 1001 0 0 , Degree=0
K= 1002 0 0 , Degree=0
K= 1003 1801985132.5 5998.0
K= 1004 0.0 1.0
K= 1005 1802154965.83 5998.0
K= 1006 0.0 1.0
K= 1007 0.0 1.0
K= 1008 0.0 1.0
K= 1009 0 0 , Degree=0
K= 1010 0 0 , Degree=0
K= 1011 1860503090.5 8192.0
K= 1012 0.0 1.0
K= 1013 0 0 , Degree=0
K= 1014 0.0 1.0
K= 1015 0.0 1.0
K= 1016 0.0 1.0
K= 1017 0 0 , Degree=0
K= 1018 0 0 , Degree=0
K= 1019 0 0 , Degree=0
K= 1020 0.0 1.0
K= 1021 0 0 , Degree=0
K= 1022 0 0 , Degree=0
K= 1023 0.0 1.0
K= 1024 0.0 1.0
K= 1025 0 0 , Degree=0
K= 1026 0.0 1.0
K= 1027 0 0 , Degree=0
K= 1028 0.0 1.0
K= 1029 0 0 , Degree=0
K= 1030 0.0 1.0
K= 1031 0.0 1.0
K= 1032 0.0 1.0
K= 1033 0 0 , Degree=0
K= 1034 0.0 1.0
K= 1035 0 0 , Degree=0
K= 2072 0.0 1.0
K= 2073 0.0 1.0
K= 2074 0.0 1.0
K= 2075 0 0 , Degree=0
K= 2076 0 0 , Degree=0
K= 2077 0.0 1.0
K= 2078 0.0 1.0
K= 2079 0 0 , Degree=0
K= 2080 0 0 , Degree=0
K= 2081 0.0 1.0
K= 2082 0 0 , Degree=0
K= 2083 0.0 1.0
K= 2084 0.0 1.0
K= 2085 0.0 1.0
K= 2086 0 0 , Degree=0
K= 2087 0.0 1.0
K= 2088 0 0 , Degree=0
K= 2089 0.0 1.0
K= 2090 0.0 1.0
K= 2091 0 0 , Degree=0
K= 2092 0.0 1.0
K= 2093 0 0 , Degree=0
K= 2094 0.0 1.0
K= 2095 0.0 1.0
K= 2096 0.0 1.0
K= 2097 0.0 1.0
K= 2098 0.0 1.0
K= 2099 0 0 , Degree=0
K= 2100 0 0 , Degree=0
K= 2101 0 0 , Degree=0
K= 2102 0 0 , Degree=0
K= 2103 0 0 , Degree=0
K= 2104 0 0 , Degree=0
K= 2105 0.0 1.0
K= 2106 0 0 , Degree=0
K= 2107 0 0 , Degree=0
K= 2108 0.0 1.0
K= 3108 0 0 , Degree=0
K= 3109 0.0 1.0
K= 3110 0 0 , Degree=0
K= 3111 0 0 , Degree=0
K= 3112 0 0 , Degree=0
K= 3113 0.0 1.0
K= 3114 0.0 1.0
K= 3115 0.0 1.0
K= 3116 0.0 1.0
K= 3117 0.0 1.0
K= 3118 0 0 , Degree=0
K= 3119 0 0 , Degree=0
K= 3120 0.0 1.0
K= 3121 0 0 , Degree=0
K= 3122 0.0 1.0
K= 3123 0.0 1.0
K= 3124 0.0 1.0
K= 3125 0 0 , Degree=0
K= 3126 0 0 , Degree=0
K= 3127 0.0 1.0
K= 3128 0.0 1.0
K= 3129 0.0 1.0
K= 3130 0.0 1.0
K= 3131 0.0 1.0
K= 3132 0.0 1.0
K= 3133 0.0 1.0
K= 3134 0.0 1.0
K= 3135 0.0 1.0
K= 3136 0.0 1.0
K= 3137 0 0 , Degree=0
K= 3138 0.0 1.0
K= 3139 0.0 1.0
K= 3140 0 0 , Degree=0
K= 3141 0 0 , Degree=0
K= 3142 0.0 1.0
K= 3143 0.0 1.0
K= 3144 0 0 , Degree=0
K= 4514 0.0 1.0
K= 4515 0 0 , Degree=0
K= 4516 0 0 , Degree=0
K= 4517 0.0 1.0
K= 4518 0.0 1.0
K= 4519 0.0 1.0
K= 4520 0 0 , Degree=0
K= 4521 0.0 1.0
K= 4522 0 0 , Degree=0
K= 4523 0 0 , Degree=0
K= 4524 0 0 , Degree=0
K= 4525 0.0 1.0
K= 4526 0.0 1.0
K= 4527 0.0 1.0
K= 4528 0.0 1.0
K= 4529 0.0 1.0
K= 4530 0.0 1.0
K= 4531 0 0 , Degree=0
K= 4532 0 0 , Degree=0
K= 4533 0.0 1.0
K= 4534 0.0 1.0
K= 4535 0 0 , Degree=0
K= 4536 0 0 , Degree=0
K= 4537 0 0 , Degree=0
K= 4538 0.0 1.0
K= 4539 0 0 , Degree=0
K= 4540 0.0 1.0
K= 4541 0 0 , Degree=0
K= 4542 0.0 1.0
K= 4543 0.0 1.0
K= 4544 0.0 1.0
K= 4545 0 0 , Degree=0
K= 4546 0 0 , Degree=0
K= 4547 0 0 , Degree=0
K= 4548 0 0 , Degree=0
K= 4549 0.0 1.0
K= 4550 0.0 1.0
K= 1073 0 0 , Degree=0
K= 1074 1811203005.0 3998.0
K= 1075 0 0 , Degree=0
K= 1076 0.0 1.0
K= 1077 0 0 , Degree=0
K= 1078 0.0 1.0
K= 1079 0 0 , Degree=0
K= 1080 1821351804.5 8192.0
K= 1081 0.0 1.0
K= 1082 0 0 , Degree=0
K= 1083 1821562092.5 8192.0
K= 1084 0 0 , Degree=0
K= 1085 0.0 1.0
K= 1086 0.0 1.0
K= 1087 0 0 , Degree=0
K= 1088 0.0 1.0
K= 1089 0 0 , Degree=0
K= 1090 0.0 1.0
K= 1091 0.0 1.0
K= 1092 0.0 1.0
K= 1093 0 0 , Degree=0
K= 1094 0.0 1.0
K= 1095 0 0 , Degree=0
K= 1096 0 0 , Degree=0
K= 1097 0 0 , Degree=0
K= 1098 0 0 , Degree=0
K= 1099 0 0 , Degree=0
K= 1100 0.0 1.0
K= 1101 0.0 1.0
K= 1102 0.0 1.0
K= 1103 0 0 , Degree=0
K= 1104 0.0 1.0
K= 1105 0 0 , Degree=0
K= 1106 0.0 1.0
K= 1107 0 0 , Degree=0
K= 1108 0 0 , Degree=0
K= 1109 0 0 , Degree=0
K= 1332 0.0 1.0
K= 1333 0.0 1.0
K= 1334 0.0 1.0
K= 1335 0.0 1.0
K= 1336 0.0 1.0
K= 1337 0.0 1.0
K= 1338 0.0 1.0
K= 1339 0.0 1.0
K= 1340 0 0 , Degree=0
K= 1341 0 0 , Degree=0
K= 1342 0 0 , Degree=0
K= 1343 0 0 , Degree=0
K= 1344 0.0 1.0
K= 1345 0 0 , Degree=0
K= 1346 0 0 , Degree=0
K= 1347 0 0 , Degree=0
K= 1348 0.0 1.0
K= 1349 0 0 , Degree=0
K= 1350 0.0 1.0
K= 1351 0.0 1.0
K= 1352 0.0 1.0
K= 1353 0.0 1.0
K= 1354 0.0 1.0
K= 1355 0 0 , Degree=0
K= 1356 0.0 1.0
K= 1357 0 0 , Degree=0
K= 1358 0.0 1.0
K= 1359 0.0 1.0
K= 1360 0 0 , Degree=0
K= 1361 0 0 , Degree=0
K= 1362 1859467573.5 8192.0
K= 1363 0.0 1.0
K= 1364 0.0 1.0
K= 1365 0 0 , Degree=0
K= 1366 0 0 , Degree=0
K= 1367 0.0 1.0
K= 1368 0 0 , Degree=0
K= 2775 0 0 , Degree=0
K= 2776 0.0 1.0
K= 2777 0.0 1.0
K= 2778 0 0 , Degree=0
K= 2779 0.0 1.0
K= 2780 0.0 1.0
K= 2781 0.0 1.0
K= 2782 0.0 1.0
K= 2783 0.0 1.0
K= 2784 0.0 1.0
K= 2785 0 0 , Degree=0
K= 2786 0 0 , Degree=0
K= 2787 0 0 , Degree=0
K= 2788 0.0 1.0
K= 2789 0.0 1.0
K= 2790 0.0 1.0
K= 2791 0 0 , Degree=0
K= 2792 0 0 , Degree=0
K= 2793 0 0 , Degree=0
K= 2794 0.0 1.0
K= 2795 0 0 , Degree=0
K= 2796 0.0 1.0
K= 2797 0.0 1.0
K= 2798 0.0 1.0
K= 2799 0.0 1.0
K= 2800 0.0 1.0
K= 2801 0 0 , Degree=0
K= 2802 0.0 1.0
K= 2803 0.0 1.0
K= 2804 0 0 , Degree=0
K= 2805 0.0 1.0
K= 2806 0 0 , Degree=0
K= 2807 0.0 1.0
K= 2808 0 0 , Degree=0
K= 2809 0 0 , Degree=0
K= 2810 0 0 , Degree=0
K= 2811 0.0 1.0
K= 4255 0 0 , Degree=0
K= 4256 0 0 , Degree=0
K= 4257 0.0 1.0
K= 4258 0 0 , Degree=0
K= 4259 0.0 1.0
K= 4260 0 0 , Degree=0
K= 4261 0.0 1.0
K= 4262 0 0 , Degree=0
K= 4263 0.0 1.0
K= 4264 0 0 , Degree=0
K= 4265 0 0 , Degree=0
K= 4266 0.0 1.0
K= 4267 0 0 , Degree=0
K= 4268 0 0 , Degree=0
K= 4269 0 0 , Degree=0
K= 4270 0.0 1.0
K= 4271 0 0 , Degree=0
K= 4272 0 0 , Degree=0
K= 4273 0 0 , Degree=0
K= 4274 0.0 1.0
K= 4275 0.0 1.0
K= 4276 0.0 1.0
K= 4277 0.0 1.0
K= 4278 0.0 1.0
K= 4279 0 0 , Degree=0
K= 4280 0.0 1.0
K= 4281 0.0 1.0
K= 4282 1861191453.5 8192.0
K= 4283 0.0 1.0
K= 4284 0 0 , Degree=0
K= 4285 0.0 1.0
K= 4286 0.0 1.0
K= 4287 0 0 , Degree=0
K= 4288 0 0 , Degree=0
K= 4289 0.0 1.0
K= 4290 0.0 1.0
K= 4291 0.0 1.0
K= 148 1802342952.5 5997.0
K= 149 0 0 , Degree=0
K= 150 0 0 , Degree=0
K= 151 1811203005.0 3998.0
K= 152 0.0 1.0
K= 153 0 0 , Degree=0
K= 154 1812932513.4 999.0
K= 155 0 0 , Degree=0
K= 156 0.0 1.0
K= 157 1821141652.0 8192.0
K= 158 0 0 , Degree=0
K= 159 0.0 1.0
K= 160 0.0 1.0
K= 161 0 0 , Degree=0
K= 162 0 0 , Degree=0
K= 163 0.0 1.0
K= 164 0 0 , Degree=0
K= 165 0 0 , Degree=0
K= 166 0.0 1.0
K= 167 0.0 1.0
K= 168 0 0 , Degree=0
K= 169 0 0 , Degree=0
K= 170 0 0 , Degree=0
K= 171 0.0 1.0
K= 172 0 0 , Degree=0
K= 173 0.0 1.0
K= 174 0 0 , Degree=0
K= 175 0.0 1.0
K= 176 0 0 , Degree=0
K= 177 1830558361.0 8192.0
K= 178 0 0 , Degree=0
K= 179 0 0 , Degree=0
K= 180 0.0 1.0
K= 181 0 0 , Degree=0
K= 182 0.0 1.0
K= 183 0.0 1.0
K= 184 0.0 1.0
K= 1813 0.0 1.0
K= 1814 0.0 1.0
K= 1815 0.0 1.0
K= 1816 0 0 , Degree=0
K= 1817 0.0 1.0
K= 1818 0.0 1.0
K= 1819 0.0 1.0
K= 1820 1839851032.5 3999.0
K= 1821 0.0 1.0
K= 1822 0 0 , Degree=0
K= 1823 0 0 , Degree=0
K= 1824 0.0 1.0
K= 1825 0 0 , Degree=0
K= 1826 0 0 , Degree=0
K= 1827 0.0 1.0
K= 1828 0.0 1.0
K= 1829 0.0 1.0
K= 1830 0 0 , Degree=0
K= 1831 0 0 , Degree=0
K= 1832 0.0 1.0
K= 1833 0.0 1.0
K= 1834 0 0 , Degree=0
K= 1835 0.0 1.0
K= 1836 0 0 , Degree=0
K= 1837 0 0 , Degree=0
K= 1838 0.0 1.0
K= 1839 0.0 1.0
K= 1840 0.0 1.0
K= 1841 0 0 , Degree=0
K= 1842 0.0 1.0
K= 1843 0.0 1.0
K= 1844 0.0 1.0
K= 1845 0.0 1.0
K= 1846 0 0 , Degree=0
K= 1847 0 0 , Degree=0
K= 1848 0 0 , Degree=0
K= 1849 0.0 1.0
K= 3441 0 0 , Degree=0
K= 3442 0.0 1.0
K= 3443 0.0 1.0
K= 3444 0 0 , Degree=0
K= 3445 0.0 1.0
K= 3446 0 0 , Degree=0
K= 3447 0.0 1.0
K= 3448 0.0 1.0
K= 3449 0.0 1.0
K= 3450 0 0 , Degree=0
K= 3451 0 0 , Degree=0
K= 3452 0 0 , Degree=0
K= 3453 0.0 1.0
K= 3454 0.0 1.0
K= 3455 0 0 , Degree=0
K= 3456 0.0 1.0
K= 3457 0.0 1.0
K= 3458 0 0 , Degree=0
K= 3459 0 0 , Degree=0
K= 3460 0 0 , Degree=0
K= 3461 0.0 1.0
K= 3462 0 0 , Degree=0
K= 3463 0 0 , Degree=0
K= 3464 0.0 1.0
K= 3465 0 0 , Degree=0
K= 3466 0.0 1.0
K= 3467 0 0 , Degree=0
K= 3468 0.0 1.0
K= 3469 0 0 , Degree=0
K= 3470 0.0 1.0
K= 3471 0.0 1.0
K= 3472 0 0 , Degree=0
K= 3473 0 0 , Degree=0
K= 3474 0.0 1.0
K= 3475 0 0 , Degree=0
K= 3476 0 0 , Degree=0
K= 3477 0.0 1.0
K= 4329 0.0 1.0
K= 4330 0.0 1.0
K= 4331 0 0 , Degree=0
K= 4332 0 0 , Degree=0
K= 4333 0.0 1.0
K= 4334 0 0 , Degree=0
K= 4335 0 0 , Degree=0
K= 4336 0.0 1.0
K= 4337 0.0 1.0
K= 4338 0 0 , Degree=0
K= 4339 0 0 , Degree=0
K= 4340 0 0 , Degree=0
K= 4341 0.0 1.0
K= 4342 0 0 , Degree=0
K= 4343 0 0 , Degree=0
K= 4344 0 0 , Degree=0
K= 4345 0.0 1.0
K= 4346 0.0 1.0
K= 4347 0.0 1.0
K= 4348 0 0 , Degree=0
K= 4349 0 0 , Degree=0
K= 4350 0.0 1.0
K= 4351 0.0 1.0
K= 4352 0.0 1.0
K= 4353 0 0 , Degree=0
K= 4354 0 0 , Degree=0
K= 4355 0 0 , Degree=0
K= 4356 0 0 , Degree=0
K= 4357 0.0 1.0
K= 4358 0.0 1.0
K= 4359 0.0 1.0
K= 4360 0.0 1.0
K= 4361 0.0 1.0
K= 4362 0 0 , Degree=0
K= 4363 0.0 1.0
K= 4364 0 0 , Degree=0
K= 4365 0 0 , Degree=0
K= 259 1821280964.88 8192.0
K= 260 0.0 1.0
K= 261 0 0 , Degree=0
K= 262 0 0 , Degree=0
K= 263 1860503090.5 8192.0
K= 264 0 0 , Degree=0
K= 265 0.0 1.0
K= 266 0.0 1.0
K= 267 0.0 1.0
K= 268 0 0 , Degree=0
K= 269 0.0 1.0
K= 270 0.0 1.0
K= 271 0 0 , Degree=0
K= 272 0 0 , Degree=0
K= 273 0 0 , Degree=0
K= 274 0.0 1.0
K= 275 0.0 1.0
K= 276 0.0 1.0
K= 277 0 0 , Degree=0
K= 278 0 0 , Degree=0
K= 279 0.0 1.0
K= 280 0 0 , Degree=0
K= 281 0.0 1.0
K= 282 0.0 1.0
K= 283 0 0 , Degree=0
K= 284 0.0 1.0
K= 285 0.0 1.0
K= 286 0.0 1.0
K= 287 0.0 1.0
K= 288 0 0 , Degree=0
K= 289 0.0 1.0
K= 290 0.0 1.0
K= 291 0 0 , Degree=0
K= 292 0 0 , Degree=0
K= 293 0.0 1.0
K= 294 0.0 1.0
K= 295 0.0 1.0
K= 1591 0 0 , Degree=0
K= 1592 0 0 , Degree=0
K= 1593 0 0 , Degree=0
K= 1594 0 0 , Degree=0
K= 1595 0 0 , Degree=0
K= 1596 0 0 , Degree=0
K= 1597 0 0 , Degree=0
K= 1598 0.0 1.0
K= 1599 0 0 , Degree=0
K= 1600 0 0 , Degree=0
K= 1601 0 0 , Degree=0
K= 1602 0 0 , Degree=0
K= 1603 0.0 1.0
K= 1604 0.0 1.0
K= 1605 0.0 1.0
K= 1606 0 0 , Degree=0
K= 1607 0.0 1.0
K= 1608 0.0 1.0
K= 1609 0 0 , Degree=0
K= 1610 0.0 1.0
K= 1611 0 0 , Degree=0
K= 1612 0.0 1.0
K= 1613 0.0 1.0
K= 1614 0 0 , Degree=0
K= 1615 0.0 1.0
K= 1616 0.0 1.0
K= 1617 0 0 , Degree=0
K= 1618 0.0 1.0
K= 1619 0.0 1.0
K= 1620 0.0 1.0
K= 1621 0.0 1.0
K= 1622 0.0 1.0
K= 1623 0 0 , Degree=0
K= 1624 0 0 , Degree=0
K= 1625 0.0 1.0
K= 1626 0.0 1.0
K= 1627 0 0 , Degree=0
K= 2664 0.0 1.0
K= 2665 0 0 , Degree=0
K= 2666 0 0 , Degree=0
K= 2667 0.0 1.0
K= 2668 0.0 1.0
K= 2669 0.0 1.0
K= 2670 0.0 1.0
K= 2671 0 0 , Degree=0
K= 2672 0 0 , Degree=0
K= 2673 0 0 , Degree=0
K= 2674 0.0 1.0
K= 2675 0 0 , Degree=0
K= 2676 0 0 , Degree=0
K= 2677 0.0 1.0
K= 2678 0 0 , Degree=0
K= 2679 0 0 , Degree=0
K= 2680 0 0 , Degree=0
K= 2681 0 0 , Degree=0
K= 2682 0.0 1.0
K= 2683 0 0 , Degree=0
K= 2684 0.0 1.0
K= 2685 0.0 1.0
K= 2686 0 0 , Degree=0
K= 2687 0 0 , Degree=0
K= 2688 0.0 1.0
K= 2689 0 0 , Degree=0
K= 2690 0.0 1.0
K= 2691 0 0 , Degree=0
K= 2692 0 0 , Degree=0
K= 2693 0.0 1.0
K= 2694 0 0 , Degree=0
K= 2695 0.0 1.0
K= 2696 0.0 1.0
K= 2697 0 0 , Degree=0
K= 2698 0.0 1.0
K= 2699 0.0 1.0
K= 2700 0.0 1.0
K= 3848 0.0 1.0
K= 3849 0.0 1.0
K= 3850 0 0 , Degree=0
K= 3851 0 0 , Degree=0
K= 3852 0 0 , Degree=0
K= 3853 0.0 1.0
K= 3854 0.0 1.0
K= 3855 0 0 , Degree=0
K= 3856 0 0 , Degree=0
K= 3857 0.0 1.0
K= 3858 0.0 1.0
K= 3859 0.0 1.0
K= 3860 0 0 , Degree=0
K= 3861 0.0 1.0
K= 3862 0 0 , Degree=0
K= 3863 0.0 1.0
K= 3864 0.0 1.0
K= 3865 0.0 1.0
K= 3866 0 0 , Degree=0
K= 3867 0.0 1.0
K= 3868 0.0 1.0
K= 3869 0 0 , Degree=0
K= 3870 0 0 , Degree=0
K= 3871 0.0 1.0
K= 3872 0 0 , Degree=0
K= 3873 0 0 , Degree=0
K= 3874 0.0 1.0
K= 3875 0.0 1.0
K= 3876 0 0 , Degree=0
K= 3877 0 0 , Degree=0
K= 3878 0 0 , Degree=0
K= 3879 0.0 1.0
K= 3880 0.0 1.0
K= 3881 0.0 1.0
K= 3882 0.0 1.0
K= 3883 0 0 , Degree=0
K= 3884 0.0 1.0
K= 740 0 0 , Degree=0
K= 741 1801625132.5 3998.0
K= 742 1811383005.0 4998.0
K= 743 0.0 1.0
K= 744 0 0 , Degree=0
K= 745 0.0 1.0
K= 746 0.0 1.0
K= 747 0 0 , Degree=0
K= 748 0 0 , Degree=0
K= 749 0 0 , Degree=0
K= 750 0.0 1.0
K= 751 0.0 1.0
K= 752 0.0 1.0
K= 753 0 0 , Degree=0
K= 754 0.0 1.0
K= 755 0 0 , Degree=0
K= 756 0.0 1.0
K= 757 0 0 , Degree=0
K= 758 0 0 , Degree=0
K= 759 0.0 1.0
K= 760 0.0 1.0
K= 761 0 0 , Degree=0
K= 762 0 0 , Degree=0
K= 763 0 0 , Degree=0
K= 764 0 0 , Degree=0
K= 765 0.0 1.0
K= 766 0 0 , Degree=0
K= 767 0 0 , Degree=0
K= 768 0 0 , Degree=0
K= 769 0.0 1.0
K= 770 0 0 , Degree=0
K= 771 0.0 1.0
K= 772 0.0 1.0
K= 773 0 0 , Degree=0
K= 774 0.0 1.0
K= 775 0 0 , Degree=0
K= 776 1821378225.5 8192.0
K= 1924 0.0 1.0
K= 1925 0.0 1.0
K= 1926 0 0 , Degree=0
K= 1927 0 0 , Degree=0
K= 1928 0.0 1.0
K= 1929 0.0 1.0
K= 1930 0.0 1.0
K= 1931 0.0 1.0
K= 1932 0.0 1.0
K= 1933 0 0 , Degree=0
K= 1934 0 0 , Degree=0
K= 1935 0.0 1.0
K= 1936 0 0 , Degree=0
K= 1937 0.0 1.0
K= 1938 0.0 1.0
K= 1939 0.0 1.0
K= 1940 0 0 , Degree=0
K= 1941 0 0 , Degree=0
K= 1942 0 0 , Degree=0
K= 1943 0.0 1.0
K= 1944 1830635685.0 8192.0
K= 1945 0 0 , Degree=0
K= 1946 0.0 1.0
K= 1947 0 0 , Degree=0
K= 1948 0.0 1.0
K= 1949 0.0 1.0
K= 1950 0 0 , Degree=0
K= 1951 0 0 , Degree=0
K= 1952 0 0 , Degree=0
K= 1953 0 0 , Degree=0
K= 1954 0.0 1.0
K= 1955 0.0 1.0
K= 1956 0 0 , Degree=0
K= 1957 0.0 1.0
K= 1958 0.0 1.0
K= 1959 0.0 1.0
K= 1960 0.0 1.0
K= 3145 0.0 1.0
K= 3146 0 0 , Degree=0
K= 3147 0 0 , Degree=0
K= 3148 0 0 , Degree=0
K= 3149 0 0 , Degree=0
K= 3150 0.0 1.0
K= 3151 0 0 , Degree=0
K= 3152 0 0 , Degree=0
K= 3153 0.0 1.0
K= 3154 0.0 1.0
K= 3155 0 0 , Degree=0
K= 3156 0.0 1.0
K= 3157 0.0 1.0
K= 3158 0 0 , Degree=0
K= 3159 0.0 1.0
K= 3160 0 0 , Degree=0
K= 3161 0.0 1.0
K= 3162 0.0 1.0
K= 3163 0 0 , Degree=0
K= 3164 1841223486.5 8192.0
K= 3165 0.0 1.0
K= 3166 0 0 , Degree=0
K= 3167 0.0 1.0
K= 3168 0 0 , Degree=0
K= 3169 0.0 1.0
K= 3170 0 0 , Degree=0
K= 3171 0.0 1.0
K= 3172 0 0 , Degree=0
K= 3173 0 0 , Degree=0
K= 3174 0.0 1.0
K= 3175 0.0 1.0
K= 3176 0 0 , Degree=0
K= 3177 0.0 1.0
K= 3178 0.0 1.0
K= 3179 0.0 1.0
K= 3180 0.0 1.0
K= 3181 0.0 1.0
K= 4218 0.0 1.0
K= 4219 0 0 , Degree=0
K= 4220 0 0 , Degree=0
K= 4221 0 0 , Degree=0
K= 4222 0.0 1.0
K= 4223 0 0 , Degree=0
K= 4224 0.0 1.0
K= 4225 0 0 , Degree=0
K= 4226 0.0 1.0
K= 4227 0 0 , Degree=0
K= 4228 0 0 , Degree=0
K= 4229 0.0 1.0
K= 4230 0.0 1.0
K= 4231 0.0 1.0
K= 4232 0.0 1.0
K= 4233 0 0 , Degree=0
K= 4234 0.0 1.0
K= 4235 0.0 1.0
K= 4236 0.0 1.0
K= 4237 0.0 1.0
K= 4238 0.0 1.0
K= 4239 0.0 1.0
K= 4240 0.0 1.0
K= 4241 0.0 1.0
K= 4242 0.0 1.0
K= 4243 0.0 1.0
K= 4244 0.0 1.0
K= 4245 0.0 1.0
K= 4246 0.0 1.0
K= 4247 0 0 , Degree=0
K= 4248 0.0 1.0
K= 4249 0 0 , Degree=0
K= 4250 0 0 , Degree=0
K= 4251 0 0 , Degree=0
K= 4252 0 0 , Degree=0
K= 4253 0 0 , Degree=0
K= 4254 0 0 , Degree=0
K= 111 0 0 , Degree=0
K= 112 0 0 , Degree=0
K= 113 1801984592.5 3999.0
K= 114 0.0 1.0
K= 115 0 0 , Degree=0
K= 116 0 0 , Degree=0
K= 117 1821562092.5 8192.0
K= 118 0 0 , Degree=0
K= 119 0.0 1.0
K= 120 0.0 1.0
K= 121 0.0 1.0
K= 122 0 0 , Degree=0
K= 123 0.0 1.0
K= 124 0 0 , Degree=0
K= 125 0 0 , Degree=0
K= 126 0.0 1.0
K= 127 0.0 1.0
K= 128 0 0 , Degree=0
K= 129 0.0 1.0
K= 130 0 0 , Degree=0
K= 131 0 0 , Degree=0
K= 132 0.0 1.0
K= 133 0.0 1.0
K= 134 0 0 , Degree=0
K= 135 0.0 1.0
K= 136 0.0 1.0
K= 137 0.0 1.0
K= 138 0.0 1.0
K= 139 0.0 1.0
K= 140 0.0 1.0
K= 141 0 0 , Degree=0
K= 142 0 0 , Degree=0
K= 143 0.0 1.0
K= 144 0 0 , Degree=0
K= 145 0.0 1.0
K= 146 0.0 1.0
K= 147 0.0 1.0
K= 2220 0 0 , Degree=0
K= 2221 0 0 , Degree=0
K= 2222 0 0 , Degree=0
K= 2223 0.0 1.0
K= 2224 0.0 1.0
K= 2225 0 0 , Degree=0
K= 2226 0 0 , Degree=0
K= 2227 0 0 , Degree=0
K= 2228 0.0 1.0
K= 2229 0.0 1.0
K= 2230 0 0 , Degree=0
K= 2231 0.0 1.0
K= 2232 0.0 1.0
K= 2233 0 0 , Degree=0
K= 2234 0 0 , Degree=0
K= 2235 0 0 , Degree=0
K= 2236 0 0 , Degree=0
K= 2237 0.0 1.0
K= 2238 0 0 , Degree=0
K= 2239 0 0 , Degree=0
K= 2240 0 0 , Degree=0
K= 2241 0 0 , Degree=0
K= 2242 0.0 1.0
K= 2243 0.0 1.0
K= 2244 0 0 , Degree=0
K= 2245 0.0 1.0
K= 2246 0.0 1.0
K= 2247 0.0 1.0
K= 2248 0.0 1.0
K= 2249 0 0 , Degree=0
K= 2250 0.0 1.0
K= 2251 0.0 1.0
K= 2252 0 0 , Degree=0
K= 2253 0.0 1.0
K= 2254 0.0 1.0
K= 2255 0.0 1.0
K= 2256 1849932461.0 8192.0
K= 3478 0 0 , Degree=0
K= 3479 0.0 1.0
K= 3480 0 0 , Degree=0
K= 3481 0.0 1.0
K= 3482 0 0 , Degree=0
K= 3483 0 0 , Degree=0
K= 3484 0.0 1.0
K= 3485 0.0 1.0
K= 3486 0.0 1.0
K= 3487 0 0 , Degree=0
K= 3488 0.0 1.0
K= 3489 0 0 , Degree=0
K= 3490 0.0 1.0
K= 3491 0.0 1.0
K= 3492 0 0 , Degree=0
K= 3493 0.0 1.0
K= 3494 0 0 , Degree=0
K= 3495 0 0 , Degree=0
K= 3496 0 0 , Degree=0
K= 3497 0 0 , Degree=0
K= 3498 0.0 1.0
K= 3499 0 0 , Degree=0
K= 3500 0.0 1.0
K= 3501 0.0 1.0
K= 3502 0 0 , Degree=0
K= 3503 0 0 , Degree=0
K= 3504 0 0 , Degree=0
K= 3505 0 0 , Degree=0
K= 3506 0.0 1.0
K= 3507 0.0 1.0
K= 3508 0.0 1.0
K= 3509 0.0 1.0
K= 3510 0 0 , Degree=0
K= 3511 0.0 1.0
K= 3512 0.0 1.0
K= 3513 0.0 1.0
K= 3514 0.0 1.0
K= 4403 0.0 1.0
K= 4404 0 0 , Degree=0
K= 4405 0 0 , Degree=0
K= 4406 0.0 1.0
K= 4407 0 0 , Degree=0
K= 4408 0.0 1.0
K= 4409 0 0 , Degree=0
K= 4410 0 0 , Degree=0
K= 4411 0 0 , Degree=0
K= 4412 0 0 , Degree=0
K= 4413 0.0 1.0
K= 4414 0 0 , Degree=0
K= 4415 0 0 , Degree=0
K= 4416 0.0 1.0
K= 4417 0.0 1.0
K= 4418 0 0 , Degree=0
K= 4419 0.0 1.0
K= 4420 0.0 1.0
K= 4421 0.0 1.0
K= 4422 0 0 , Degree=0
K= 4423 0.0 1.0
K= 4424 0.0 1.0
K= 4425 0 0 , Degree=0
K= 4426 0 0 , Degree=0
K= 4427 0 0 , Degree=0
K= 4428 0 0 , Degree=0
K= 4429 0 0 , Degree=0
K= 4430 0.0 1.0
K= 4431 0.0 1.0
K= 4432 0 0 , Degree=0
K= 4433 0 0 , Degree=0
K= 4434 0.0 1.0
K= 4435 0 0 , Degree=0
K= 4436 0.0 1.0
K= 4437 0.0 1.0
K= 4438 0.0 1.0
K= 4439 0 0 , Degree=0
K= 518 0 0 , Degree=0
K= 519 1820571027.5 7999.0
K= 520 0.0 1.0
K= 521 0 0 , Degree=0
K= 522 0.0 1.0
K= 523 0 0 , Degree=0
K= 524 0.0 1.0
K= 525 0 0 , Degree=0
K= 526 0 0 , Degree=0
K= 527 0.0 1.0
K= 528 0.0 1.0
K= 529 0.0 1.0
K= 530 0.0 1.0
K= 531 0 0 , Degree=0
K= 532 0 0 , Degree=0
K= 533 0.0 1.0
K= 534 0 0 , Degree=0
K= 535 0 0 , Degree=0
K= 536 0 0 , Degree=0
K= 537 0.0 1.0
K= 538 0.0 1.0
K= 539 1821057812.5 8192.0
K= 540 0.0 1.0
K= 541 1821419033.03 8192.0
K= 542 0.0 1.0
K= 543 0 0 , Degree=0
K= 544 0 0 , Degree=0
K= 545 0 0 , Degree=0
K= 546 0.0 1.0
K= 547 1821489757.5 8192.0
K= 548 0.0 1.0
K= 549 0.0 1.0
K= 550 0.0 1.0
K= 551 0 0 , Degree=0
K= 552 0 0 , Degree=0
K= 553 1830357157.0 8192.0
K= 554 0 0 , Degree=0
K= 1480 0.0 1.0
K= 1481 0 0 , Degree=0
K= 1482 0 0 , Degree=0
K= 1483 0.0 1.0
K= 1484 0.0 1.0
K= 1485 0 0 , Degree=0
K= 1486 0 0 , Degree=0
K= 1487 0.0 1.0
K= 1488 0.0 1.0
K= 1489 0.0 1.0
K= 1490 0.0 1.0
K= 1491 0.0 1.0
K= 1492 0 0 , Degree=0
K= 1493 0.0 1.0
K= 1494 0 0 , Degree=0
K= 1495 0.0 1.0
K= 1496 0 0 , Degree=0
K= 1497 0 0 , Degree=0
K= 1498 0 0 , Degree=0
K= 1499 0 0 , Degree=0
K= 1500 0.0 1.0
K= 1501 0.0 1.0
K= 1502 0.0 1.0
K= 1503 0 0 , Degree=0
K= 1504 0.0 1.0
K= 1505 0 0 , Degree=0
K= 1506 0 0 , Degree=0
K= 1507 0.0 1.0
K= 1508 0 0 , Degree=0
K= 1509 0 0 , Degree=0
K= 1510 0 0 , Degree=0
K= 1511 0 0 , Degree=0
K= 1512 0.0 1.0
K= 1513 0.0 1.0
K= 1514 0.0 1.0
K= 1515 0.0 1.0
K= 1516 0.0 1.0
K= 2738 0.0 1.0
K= 2739 0.0 1.0
K= 2740 0 0 , Degree=0
K= 2741 0.0 1.0
K= 2742 0.0 1.0
K= 2743 0 0 , Degree=0
K= 2744 0.0 1.0
K= 2745 0.0 1.0
K= 2746 0.0 1.0
K= 2747 0 0 , Degree=0
K= 2748 0 0 , Degree=0
K= 2749 0 0 , Degree=0
K= 2750 0.0 1.0
K= 2751 0 0 , Degree=0
K= 2752 0.0 1.0
K= 2753 0.0 1.0
K= 2754 0 0 , Degree=0
K= 2755 0.0 1.0
K= 2756 0.0 1.0
K= 2757 0.0 1.0
K= 2758 0 0 , Degree=0
K= 2759 0 0 , Degree=0
K= 2760 0.0 1.0
K= 2761 0.0 1.0
K= 2762 0 0 , Degree=0
K= 2763 0.0 1.0
K= 2764 0.0 1.0
K= 2765 0.0 1.0
K= 2766 0 0 , Degree=0
K= 2767 0 0 , Degree=0
K= 2768 0.0 1.0
K= 2769 0 0 , Degree=0
K= 2770 0 0 , Degree=0
K= 2771 0 0 , Degree=0
K= 2772 0.0 1.0
K= 2773 0.0 1.0
K= 2774 0 0 , Degree=0
K= 3774 0 0 , Degree=0
K= 3775 0.0 1.0
K= 3776 0.0 1.0
K= 3777 0.0 1.0
K= 3778 0 0 , Degree=0
K= 3779 0.0 1.0
K= 3780 0.0 1.0
K= 3781 0 0 , Degree=0
K= 3782 0.0 1.0
K= 3783 0.0 1.0
K= 3784 0 0 , Degree=0
K= 3785 0 0 , Degree=0
K= 3786 0 0 , Degree=0
K= 3787 0.0 1.0
K= 3788 0.0 1.0
K= 3789 0.0 1.0
K= 3790 0.0 1.0
K= 3791 0 0 , Degree=0
K= 3792 0.0 1.0
K= 3793 0.0 1.0
K= 3794 0.0 1.0
K= 3795 0 0 , Degree=0
K= 3796 0.0 1.0
K= 3797 0 0 , Degree=0
K= 3798 0 0 , Degree=0
K= 3799 0 0 , Degree=0
K= 3800 0 0 , Degree=0
K= 3801 0 0 , Degree=0
K= 3802 0.0 1.0
K= 3803 0 0 , Degree=0
K= 3804 0.0 1.0
K= 3805 0.0 1.0
K= 3806 0.0 1.0
K= 3807 0.0 1.0
K= 3808 0.0 1.0
K= 3809 0.0 1.0
K= 3810 0 0 , Degree=0
K= 296 1801625132.5 3998.0
K= 297 0 0 , Degree=0
K= 298 0 0 , Degree=0
K= 299 0 0 , Degree=0
K= 300 0.0 1.0
K= 301 0 0 , Degree=0
K= 302 0.0 1.0
K= 303 0 0 , Degree=0
K= 304 0 0 , Degree=0
K= 305 0.0 1.0
K= 306 1820753265.5 3998.0
K= 307 0.0 1.0
K= 308 0 0 , Degree=0
K= 309 0.0 1.0
K= 310 0 0 , Degree=0
K= 311 1825146914.0 5999.0
K= 312 0.0 1.0
K= 313 0.0 1.0
K= 314 0 0 , Degree=0
K= 315 0 0 , Degree=0
K= 316 0.0 1.0
K= 317 0 0 , Degree=0
K= 318 0 0 , Degree=0
K= 319 0.0 1.0
K= 320 0.0 1.0
K= 321 0.0 1.0
K= 322 0 0 , Degree=0
K= 323 0 0 , Degree=0
K= 324 0 0 , Degree=0
K= 325 0 0 , Degree=0
K= 326 0 0 , Degree=0
K= 327 0.0 1.0
K= 328 0.0 1.0
K= 329 0.0 1.0
K= 330 0.0 1.0
K= 331 0 0 , Degree=0
K= 332 0 0 , Degree=0
K= 1961 0.0 1.0
K= 1962 0.0 1.0
K= 1963 0.0 1.0
K= 1964 0.0 1.0
K= 1965 0.0 1.0
K= 1966 0 0 , Degree=0
K= 1967 0 0 , Degree=0
K= 1968 0.0 1.0
K= 1969 0 0 , Degree=0
K= 1970 0 0 , Degree=0
K= 1971 0.0 1.0
K= 1972 0 0 , Degree=0
K= 1973 0 0 , Degree=0
K= 1974 0 0 , Degree=0
K= 1975 0 0 , Degree=0
K= 1976 0 0 , Degree=0
K= 1977 0 0 , Degree=0
K= 1978 0 0 , Degree=0
K= 1979 0.0 1.0
K= 1980 0.0 1.0
K= 1981 0.0 1.0
K= 1982 0.0 1.0
K= 1983 0 0 , Degree=0
K= 1984 0 0 , Degree=0
K= 1985 0.0 1.0
K= 1986 0 0 , Degree=0
K= 1987 0.0 1.0
K= 1988 0.0 1.0
K= 1989 0 0 , Degree=0
K= 1990 0.0 1.0
K= 1991 0 0 , Degree=0
K= 1992 0.0 1.0
K= 1993 0.0 1.0
K= 1994 0 0 , Degree=0
K= 1995 0 0 , Degree=0
K= 1996 0 0 , Degree=0
K= 1997 0.0 1.0
K= 2923 0.0 1.0
K= 2924 0.0 1.0
K= 2925 0.0 1.0
K= 2926 0.0 1.0
K= 2927 0 0 , Degree=0
K= 2928 0 0 , Degree=0
K= 2929 0.0 1.0
K= 2930 0.0 1.0
K= 2931 0.0 1.0
K= 2932 0 0 , Degree=0
K= 2933 0 0 , Degree=0
K= 2934 0 0 , Degree=0
K= 2935 0 0 , Degree=0
K= 2936 0 0 , Degree=0
K= 2937 0.0 1.0
K= 2938 0 0 , Degree=0
K= 2939 0.0 1.0
K= 2940 0.0 1.0
K= 2941 0 0 , Degree=0
K= 2942 0.0 1.0
K= 2943 0.0 1.0
K= 2944 0.0 1.0
K= 2945 0.0 1.0
K= 2946 0 0 , Degree=0
K= 2947 0 0 , Degree=0
K= 2948 0 0 , Degree=0
K= 2949 0 0 , Degree=0
K= 2950 0 0 , Degree=0
K= 2951 0.0 1.0
K= 2952 0.0 1.0
K= 2953 0 0 , Degree=0
K= 2954 0.0 1.0
K= 2955 0.0 1.0
K= 2956 0 0 , Degree=0
K= 2957 0.0 1.0
K= 2958 0 0 , Degree=0
K= 2959 0 0 , Degree=0
K= 4107 0.0 1.0
K= 4108 1830558361.0 8192.0
K= 4109 0 0 , Degree=0
K= 4110 0.0 1.0
K= 4111 0 0 , Degree=0
K= 4112 0.0 1.0
K= 4113 0.0 1.0
K= 4114 0 0 , Degree=0
K= 4115 0 0 , Degree=0
K= 4116 0.0 1.0
K= 4117 0.0 1.0
K= 4118 0 0 , Degree=0
K= 4119 0.0 1.0
K= 4120 1861191453.5 8192.0
K= 4121 0.0 1.0
K= 4122 0.0 1.0
K= 4123 0.0 1.0
K= 4124 0 0 , Degree=0
K= 4125 0.0 1.0
K= 4126 0.0 1.0
K= 4127 0 0 , Degree=0
K= 4128 0 0 , Degree=0
K= 4129 0.0 1.0
K= 4130 0 0 , Degree=0
K= 4131 0 0 , Degree=0
K= 4132 0.0 1.0
K= 4133 0 0 , Degree=0
K= 4134 0 0 , Degree=0
K= 4135 0 0 , Degree=0
K= 4136 0 0 , Degree=0
K= 4137 0 0 , Degree=0
K= 4138 0 0 , Degree=0
K= 4139 0.0 1.0
K= 4140 0.0 1.0
K= 4141 0 0 , Degree=0
K= 4142 0 0 , Degree=0
K= 4143 0.0 1.0
K= 592 0 0 , Degree=0
K= 593 0 0 , Degree=0
K= 594 1813172544.73 1099.0
K= 595 0 0 , Degree=0
K= 596 0.0 1.0
K= 597 0 0 , Degree=0
K= 598 0.0 1.0
K= 599 0.0 1.0
K= 600 0.0 1.0
K= 601 0.0 1.0
K= 602 0 0 , Degree=0
K= 603 0 0 , Degree=0
K= 604 0.0 1.0
K= 605 0.0 1.0
K= 606 0.0 1.0
K= 607 1821562092.5 8192.0
K= 608 0.0 1.0
K= 609 0.0 1.0
K= 610 0 0 , Degree=0
K= 611 0 0 , Degree=0
K= 612 0.0 1.0
K= 613 0.0 1.0
K= 614 0 0 , Degree=0
K= 615 0 0 , Degree=0
K= 616 0 0 , Degree=0
K= 617 0.0 1.0
K= 618 0.0 1.0
K= 619 0 0 , Degree=0
K= 620 0 0 , Degree=0
K= 621 0.0 1.0
K= 622 0.0 1.0
K= 623 0.0 1.0
K= 624 0 0 , Degree=0
K= 625 0 0 , Degree=0
K= 626 0 0 , Degree=0
K= 627 0.0 1.0
K= 628 0 0 , Degree=0
K= 1258 0 0 , Degree=0
K= 1259 0 0 , Degree=0
K= 1260 0.0 1.0
K= 1261 0.0 1.0
K= 1262 0 0 , Degree=0
K= 1263 0.0 1.0
K= 1264 0.0 1.0
K= 1265 0.0 1.0
K= 1266 0 0 , Degree=0
K= 1267 0.0 1.0
K= 1268 0.0 1.0
K= 1269 0 0 , Degree=0
K= 1270 0 0 , Degree=0
K= 1271 0.0 1.0
K= 1272 0 0 , Degree=0
K= 1273 0.0 1.0
K= 1274 0 0 , Degree=0
K= 1275 0.0 1.0
K= 1276 0.0 1.0
K= 1277 0.0 1.0
K= 1278 0.0 1.0
K= 1279 0.0 1.0
K= 1280 0.0 1.0
K= 1281 0 0 , Degree=0
K= 1282 0 0 , Degree=0
K= 1283 0 0 , Degree=0
K= 1284 0 0 , Degree=0
K= 1285 0.0 1.0
K= 1286 0 0 , Degree=0
K= 1287 0 0 , Degree=0
K= 1288 0 0 , Degree=0
K= 1289 0.0 1.0
K= 1290 0 0 , Degree=0
K= 1291 0.0 1.0
K= 1292 0 0 , Degree=0
K= 1293 0 0 , Degree=0
K= 1294 0.0 1.0
K= 2405 1830148903.0 7999.0
K= 2406 0.0 1.0
K= 2407 0.0 1.0
K= 2408 0.0 1.0
K= 2409 0.0 1.0
K= 2410 0.0 1.0
K= 2411 0.0 1.0
K= 2412 0.0 1.0
K= 2413 0 0 , Degree=0
K= 2414 0.0 1.0
K= 2415 1830627493.0 8192.0
K= 2416 0.0 1.0
K= 2417 0.0 1.0
K= 2418 0 0 , Degree=0
K= 2419 0.0 1.0
K= 2420 0.0 1.0
K= 2421 0 0 , Degree=0
K= 2422 0.0 1.0
K= 2423 0 0 , Degree=0
K= 2424 0.0 1.0
K= 2425 0.0 1.0
K= 2426 0.0 1.0
K= 2427 0 0 , Degree=0
K= 2428 0 0 , Degree=0
K= 2429 0 0 , Degree=0
K= 2430 0 0 , Degree=0
K= 2431 0.0 1.0
K= 2432 0.0 1.0
K= 2433 0.0 1.0
K= 2434 0.0 1.0
K= 2435 0.0 1.0
K= 2436 0.0 1.0
K= 2437 0 0 , Degree=0
K= 2438 0.0 1.0
K= 2439 0.0 1.0
K= 2440 0 0 , Degree=0
K= 2441 0.0 1.0
K= 3996 0 0 , Degree=0
K= 3997 0.0 1.0
K= 3998 0 0 , Degree=0
K= 3999 0.0 1.0
K= 4000 0 0 , Degree=0
K= 4001 0 0 , Degree=0
K= 4002 0 0 , Degree=0
K= 4003 0 0 , Degree=0
K= 4004 0.0 1.0
K= 4005 0 0 , Degree=0
K= 4006 0 0 , Degree=0
K= 4007 0 0 , Degree=0
K= 4008 0.0 1.0
K= 4009 0 0 , Degree=0
K= 4010 0.0 1.0
K= 4011 0 0 , Degree=0
K= 4012 0.0 1.0
K= 4013 0.0 1.0
K= 4014 0.0 1.0
K= 4015 0 0 , Degree=0
K= 4016 0 0 , Degree=0
K= 4017 0 0 , Degree=0
K= 4018 0.0 1.0
K= 4019 0 0 , Degree=0
K= 4020 0.0 1.0
K= 4021 0.0 1.0
K= 4022 0 0 , Degree=0
K= 4023 0.0 1.0
K= 4024 0.0 1.0
K= 4025 0.0 1.0
K= 4026 0 0 , Degree=0
K= 4027 0 0 , Degree=0
K= 4028 0.0 1.0
K= 4029 0 0 , Degree=0
K= 4030 0.0 1.0
K= 4031 0.0 1.0
K= 4032 0.0 1.0
K= 185 0 0 , Degree=0
K= 186 0 0 , Degree=0
K= 187 1801625132.5 3998.0
K= 188 0 0 , Degree=0
K= 189 0.0 1.0
K= 190 1821492187.5 8192.0
K= 191 0 0 , Degree=0
K= 192 0 0 , Degree=0
K= 193 0 0 , Degree=0
K= 194 0.0 1.0
K= 195 0 0 , Degree=0
K= 196 0 0 , Degree=0
K= 197 0.0 1.0
K= 198 0.0 1.0
K= 199 0.0 1.0
K= 200 0.0 1.0
K= 201 0.0 1.0
K= 202 0.0 1.0
K= 203 0 0 , Degree=0
K= 204 0 0 , Degree=0
K= 205 0.0 1.0
K= 206 0 0 , Degree=0
K= 207 0.0 1.0
K= 208 0.0 1.0
K= 209 0 0 , Degree=0
K= 210 0 0 , Degree=0
K= 211 0.0 1.0
K= 212 0 0 , Degree=0
K= 213 0.0 1.0
K= 214 0 0 , Degree=0
K= 215 0.0 1.0
K= 216 0.0 1.0
K= 217 0.0 1.0
K= 218 1821521132.5 8192.0
K= 219 0.0 1.0
K= 220 0.0 1.0
K= 221 0.0 1.0
K= 2109 0.0 1.0
K= 2110 0.0 1.0
K= 2111 0.0 1.0
K= 2112 0 0 , Degree=0
K= 2113 0.0 1.0
K= 2114 0.0 1.0
K= 2115 0 0 , Degree=0
K= 2116 0.0 1.0
K= 2117 0 0 , Degree=0
K= 2118 0.0 1.0
K= 2119 0.0 1.0
K= 2120 0.0 1.0
K= 2121 0 0 , Degree=0
K= 2122 0 0 , Degree=0
K= 2123 0.0 1.0
K= 2124 0.0 1.0
K= 2125 0.0 1.0
K= 2126 0 0 , Degree=0
K= 2127 0.0 1.0
K= 2128 1830566353.0 8192.0
K= 2129 0 0 , Degree=0
K= 2130 0.0 1.0
K= 2131 0 0 , Degree=0
K= 2132 0 0 , Degree=0
K= 2133 0.0 1.0
K= 2134 0.0 1.0
K= 2135 0 0 , Degree=0
K= 2136 0.0 1.0
K= 2137 0.0 1.0
K= 2138 0 0 , Degree=0
K= 2139 0 0 , Degree=0
K= 2140 0.0 1.0
K= 2141 0.0 1.0
K= 2142 0.0 1.0
K= 2143 0.0 1.0
K= 2144 0 0 , Degree=0
K= 2145 0 0 , Degree=0
K= 3071 0.0 1.0
K= 3072 1830635685.0 8192.0
K= 3073 0 0 , Degree=0
K= 3074 0 0 , Degree=0
K= 3075 0.0 1.0
K= 3076 0 0 , Degree=0
K= 3077 0.0 1.0
K= 3078 0 0 , Degree=0
K= 3079 0 0 , Degree=0
K= 3080 0.0 1.0
K= 3081 0.0 1.0
K= 3082 0.0 1.0
K= 3083 0 0 , Degree=0
K= 3084 0 0 , Degree=0
K= 3085 0.0 1.0
K= 3086 0.0 1.0
K= 3087 0 0 , Degree=0
K= 3088 0 0 , Degree=0
K= 3089 0.0 1.0
K= 3090 0.0 1.0
K= 3091 0 0 , Degree=0
K= 3092 0.0 1.0
K= 3093 0.0 1.0
K= 3094 0 0 , Degree=0
K= 3095 0 0 , Degree=0
K= 3096 0.0 1.0
K= 3097 0.0 1.0
K= 3098 0 0 , Degree=0
K= 3099 0.0 1.0
K= 3100 0.0 1.0
K= 3101 0.0 1.0
K= 3102 0.0 1.0
K= 3103 0 0 , Degree=0
K= 3104 0.0 1.0
K= 3105 0.0 1.0
K= 3106 0.0 1.0
K= 3107 1830684837.0 8192.0
K= 4477 0 0 , Degree=0
K= 4478 0 0 , Degree=0
K= 4479 0.0 1.0
K= 4480 0 0 , Degree=0
K= 4481 0 0 , Degree=0
K= 4482 0.0 1.0
K= 4483 0 0 , Degree=0
K= 4484 0 0 , Degree=0
K= 4485 0.0 1.0
K= 4486 0.0 1.0
K= 4487 0.0 1.0
K= 4488 0.0 1.0
K= 4489 0 0 , Degree=0
K= 4490 0.0 1.0
K= 4491 0.0 1.0
K= 4492 0.0 1.0
K= 4493 0.0 1.0
K= 4494 0.0 1.0
K= 4495 0 0 , Degree=0
K= 4496 0.0 1.0
K= 4497 0.0 1.0
K= 4498 0.0 1.0
K= 4499 0 0 , Degree=0
K= 4500 0 0 , Degree=0
K= 4501 0.0 1.0
K= 4502 0.0 1.0
K= 4503 0.0 1.0
K= 4504 0.0 1.0
K= 4505 0.0 1.0
K= 4506 0 0 , Degree=0
K= 4507 0.0 1.0
K= 4508 0 0 , Degree=0
K= 4509 0 0 , Degree=0
K= 4510 0 0 , Degree=0
K= 4511 0 0 , Degree=0
K= 4512 0 0 , Degree=0
K= 4513 0 0 , Degree=0
K= 629 0 0 , Degree=0
K= 630 1830684837.0 8192.0
K= 631 0 0 , Degree=0
K= 632 0 0 , Degree=0
K= 633 0 0 , Degree=0
K= 634 0 0 , Degree=0
K= 635 0 0 , Degree=0
K= 636 0 0 , Degree=0
K= 637 0.0 1.0
K= 638 0 0 , Degree=0
K= 639 0.0 1.0
K= 640 0.0 1.0
K= 641 0 0 , Degree=0
K= 642 0.0 1.0
K= 643 0.0 1.0
K= 644 0 0 , Degree=0
K= 645 0 0 , Degree=0
K= 646 0.0 1.0
K= 647 0 0 , Degree=0
K= 648 0 0 , Degree=0
K= 649 0 0 , Degree=0
K= 650 0 0 , Degree=0
K= 651 0.0 1.0
K= 652 0.0 1.0
K= 653 0 0 , Degree=0
K= 654 0.0 1.0
K= 655 0.0 1.0
K= 656 0 0 , Degree=0
K= 657 0.0 1.0
K= 658 0.0 1.0
K= 659 0 0 , Degree=0
K= 660 0 0 , Degree=0
K= 661 0 0 , Degree=0
K= 662 0 0 , Degree=0
K= 663 0.0 1.0
K= 664 0 0 , Degree=0
K= 665 0 0 , Degree=0
K= 1184 0.0 1.0
K= 1185 0 0 , Degree=0
K= 1186 0.0 1.0
K= 1187 0.0 1.0
K= 1188 0.0 1.0
K= 1189 0.0 1.0
K= 1190 0.0 1.0
K= 1191 0 0 , Degree=0
K= 1192 0.0 1.0
K= 1193 0 0 , Degree=0
K= 1194 0.0 1.0
K= 1195 0.0 1.0
K= 1196 0 0 , Degree=0
K= 1197 0.0 1.0
K= 1198 0.0 1.0
K= 1199 0.0 1.0
K= 1200 0 0 , Degree=0
K= 1201 0 0 , Degree=0
K= 1202 0.0 1.0
K= 1203 0 0 , Degree=0
K= 1204 0.0 1.0
K= 1205 0 0 , Degree=0
K= 1206 0.0 1.0
K= 1207 0 0 , Degree=0
K= 1208 0 0 , Degree=0
K= 1209 0.0 1.0
K= 1210 0.0 1.0
K= 1211 0.0 1.0
K= 1212 0.0 1.0
K= 1213 0.0 1.0
K= 1214 0.0 1.0
K= 1215 0.0 1.0
K= 1216 0 0 , Degree=0
K= 1217 0 0 , Degree=0
K= 1218 0.0 1.0
K= 1219 0.0 1.0
K= 1220 0.0 1.0
K= 2331 0.0 1.0
K= 2332 0.0 1.0
K= 2333 0.0 1.0
K= 2334 0.0 1.0
K= 2335 0.0 1.0
K= 2336 0 0 , Degree=0
K= 2337 0 0 , Degree=0
K= 2338 0 0 , Degree=0
K= 2339 0.0 1.0
K= 2340 0.0 1.0
K= 2341 0 0 , Degree=0
K= 2342 0.0 1.0
K= 2343 0 0 , Degree=0
K= 2344 0 0 , Degree=0
K= 2345 0 0 , Degree=0
K= 2346 0 0 , Degree=0
K= 2347 0.0 1.0
K= 2348 0 0 , Degree=0
K= 2349 0 0 , Degree=0
K= 2350 0 0 , Degree=0
K= 2351 0.0 1.0
K= 2352 0 0 , Degree=0
K= 2353 0 0 , Degree=0
K= 2354 0 0 , Degree=0
K= 2355 0 0 , Degree=0
K= 2356 0 0 , Degree=0
K= 2357 0 0 , Degree=0
K= 2358 0.0 1.0
K= 2359 0.0 1.0
K= 2360 0 0 , Degree=0
K= 2361 0 0 , Degree=0
K= 2362 0 0 , Degree=0
K= 2363 0 0 , Degree=0
K= 2364 0.0 1.0
K= 2365 0.0 1.0
K= 2366 0 0 , Degree=0
K= 2367 0.0 1.0
K= 3330 0.0 1.0
K= 3331 0 0 , Degree=0
K= 3332 0 0 , Degree=0
K= 3333 0 0 , Degree=0
K= 3334 0.0 1.0
K= 3335 0 0 , Degree=0
K= 3336 0.0 1.0
K= 3337 0 0 , Degree=0
K= 3338 0 0 , Degree=0
K= 3339 0 0 , Degree=0
K= 3340 0.0 1.0
K= 3341 0.0 1.0
K= 3342 0 0 , Degree=0
K= 3343 0 0 , Degree=0
K= 3344 0.0 1.0
K= 3345 0 0 , Degree=0
K= 3346 0.0 1.0
K= 3347 0.0 1.0
K= 3348 0 0 , Degree=0
K= 3349 0 0 , Degree=0
K= 3350 0 0 , Degree=0
K= 3351 0.0 1.0
K= 3352 0.0 1.0
K= 3353 0 0 , Degree=0
K= 3354 0 0 , Degree=0
K= 3355 0.0 1.0
K= 3356 0.0 1.0
K= 3357 0.0 1.0
K= 3358 0 0 , Degree=0
K= 3359 0.0 1.0
K= 3360 0 0 , Degree=0
K= 3361 0 0 , Degree=0
K= 3362 0 0 , Degree=0
K= 3363 0 0 , Degree=0
K= 3364 0 0 , Degree=0
K= 3365 0 0 , Degree=0
K= 3366 0.0 1.0
K= 4181 0.0 1.0
K= 4182 0 0 , Degree=0
K= 4183 0 0 , Degree=0
K= 4184 0.0 1.0
K= 4185 0.0 1.0
K= 4186 0 0 , Degree=0
K= 4187 0.0 1.0
K= 4188 0 0 , Degree=0
K= 4189 0.0 1.0
K= 4190 0.0 1.0
K= 4191 0 0 , Degree=0
K= 4192 0.0 1.0
K= 4193 0.0 1.0
K= 4194 0.0 1.0
K= 4195 0 0 , Degree=0
K= 4196 0.0 1.0
K= 4197 0 0 , Degree=0
K= 4198 0.0 1.0
K= 4199 0.0 1.0
K= 4200 0.0 1.0
K= 4201 0.0 1.0
K= 4202 0.0 1.0
K= 4203 0 0 , Degree=0
K= 4204 0.0 1.0
K= 4205 0 0 , Degree=0
K= 4206 0.0 1.0
K= 4207 0.0 1.0
K= 4208 0 0 , Degree=0
K= 4209 1859025149.5 3998.0
K= 4210 0 0 , Degree=0
K= 4211 0 0 , Degree=0
K= 4212 0.0 1.0
K= 4213 0.0 1.0
K= 4214 0.0 1.0
K= 4215 0 0 , Degree=0
K= 4216 0 0 , Degree=0
K= 4217 0 0 , Degree=0
K= 333 1801625132.5 3998.0
K= 334 0 0 , Degree=0
K= 335 0 0 , Degree=0
K= 336 0 0 , Degree=0
K= 337 1802166132.5 5998.0
K= 338 0 0 , Degree=0
K= 339 0.0 1.0
K= 340 0.0 1.0
K= 341 0.0 1.0
K= 342 1830623497.0 8192.0
K= 343 0.0 1.0
K= 344 0.0 1.0
K= 345 0 0 , Degree=0
K= 346 0 0 , Degree=0
K= 347 0.0 1.0
K= 348 0 0 , Degree=0
K= 349 0.0 1.0
K= 350 0.0 1.0
K= 351 0.0 1.0
K= 352 0.0 1.0
K= 353 0 0 , Degree=0
K= 354 0 0 , Degree=0
K= 355 0 0 , Degree=0
K= 356 1830635685.0 8192.0
K= 357 0 0 , Degree=0
K= 358 0.0 1.0
K= 359 0 0 , Degree=0
K= 360 0.0 1.0
K= 361 0.0 1.0
K= 362 0 0 , Degree=0
K= 363 0.0 1.0
K= 364 0.0 1.0
K= 365 0.0 1.0
K= 366 0 0 , Degree=0
K= 367 0 0 , Degree=0
K= 368 0 0 , Degree=0
K= 369 0.0 1.0
K= 2183 0.0 1.0
K= 2184 0 0 , Degree=0
K= 2185 0 0 , Degree=0
K= 2186 0.0 1.0
K= 2187 0 0 , Degree=0
K= 2188 0.0 1.0
K= 2189 0 0 , Degree=0
K= 2190 0 0 , Degree=0
K= 2191 0.0 1.0
K= 2192 0.0 1.0
K= 2193 0 0 , Degree=0
K= 2194 0.0 1.0
K= 2195 0 0 , Degree=0
K= 2196 0 0 , Degree=0
K= 2197 0.0 1.0
K= 2198 0.0 1.0
K= 2199 0 0 , Degree=0
K= 2200 0 0 , Degree=0
K= 2201 0.0 1.0
K= 2202 0 0 , Degree=0
K= 2203 0.0 1.0
K= 2204 0.0 1.0
K= 2205 0.0 1.0
K= 2206 0 0 , Degree=0
K= 2207 0 0 , Degree=0
K= 2208 0 0 , Degree=0
K= 2209 0 0 , Degree=0
K= 2210 0 0 , Degree=0
K= 2211 0 0 , Degree=0
K= 2212 0.0 1.0
K= 2213 0 0 , Degree=0
K= 2214 0 0 , Degree=0
K= 2215 0 0 , Degree=0
K= 2216 0 0 , Degree=0
K= 2217 0.0 1.0
K= 2218 0.0 1.0
K= 2219 0 0 , Degree=0
K= 2701 0 0 , Degree=0
K= 2702 0.0 1.0
K= 2703 0.0 1.0
K= 2704 0 0 , Degree=0
K= 2705 0.0 1.0
K= 2706 0.0 1.0
K= 2707 0 0 , Degree=0
K= 2708 0 0 , Degree=0
K= 2709 0 0 , Degree=0
K= 2710 1861191453.5 8192.0
K= 2711 0.0 1.0
K= 2712 0.0 1.0
K= 2713 0.0 1.0
K= 2714 0.0 1.0
K= 2715 0.0 1.0
K= 2716 0 0 , Degree=0
K= 2717 0 0 , Degree=0
K= 2718 0.0 1.0
K= 2719 0.0 1.0
K= 2720 0 0 , Degree=0
K= 2721 0.0 1.0
K= 2722 0 0 , Degree=0
K= 2723 0 0 , Degree=0
K= 2724 0 0 , Degree=0
K= 2725 0.0 1.0
K= 2726 0 0 , Degree=0
K= 2727 0.0 1.0
K= 2728 0.0 1.0
K= 2729 0 0 , Degree=0
K= 2730 0 0 , Degree=0
K= 2731 0 0 , Degree=0
K= 2732 0 0 , Degree=0
K= 2733 0.0 1.0
K= 2734 0 0 , Degree=0
K= 2735 0.0 1.0
K= 2736 0 0 , Degree=0
K= 2737 0 0 , Degree=0
K= 3626 0 0 , Degree=0
K= 3627 0 0 , Degree=0
K= 3628 0.0 1.0
K= 3629 0 0 , Degree=0
K= 3630 0.0 1.0
K= 3631 0 0 , Degree=0
K= 3632 0 0 , Degree=0
K= 3633 0.0 1.0
K= 3634 0 0 , Degree=0
K= 3635 0 0 , Degree=0
K= 3636 0.0 1.0
K= 3637 0.0 1.0
K= 3638 0.0 1.0
K= 3639 0 0 , Degree=0
K= 3640 0.0 1.0
K= 3641 0.0 1.0
K= 3642 0.0 1.0
K= 3643 0 0 , Degree=0
K= 3644 0.0 1.0
K= 3645 0.0 1.0
K= 3646 0 0 , Degree=0
K= 3647 0.0 1.0
K= 3648 0 0 , Degree=0
K= 3649 0.0 1.0
K= 3650 0 0 , Degree=0
K= 3651 0 0 , Degree=0
K= 3652 0 0 , Degree=0
K= 3653 0.0 1.0
K= 3654 0 0 , Degree=0
K= 3655 0 0 , Degree=0
K= 3656 0 0 , Degree=0
K= 3657 0.0 1.0
K= 3658 0.0 1.0
K= 3659 0.0 1.0
K= 3660 0 0 , Degree=0
K= 3661 0.0 1.0
K= 3662 0 0 , Degree=0
K= 0 1801804952.5 4997.0
K= 1 0.0 1.0
K= 2 0.0 1.0
K= 3 0.0 1.0
K= 4 0 0 , Degree=0
K= 5 1811382825.0 4997.0
K= 6 0.0 1.0
K= 7 0.0 1.0
K= 8 0.0 1.0
K= 9 0.0 1.0
K= 10 0 0 , Degree=0
K= 11 0.0 1.0
K= 12 1860518085.5 8192.0
K= 13 0.0 1.0
K= 14 0.0 1.0
K= 15 0.0 1.0
K= 16 0.0 1.0
K= 17 0 0 , Degree=0
K= 18 0.0 1.0
K= 19 0.0 1.0
K= 20 0.0 1.0
K= 21 0.0 1.0
K= 22 0 0 , Degree=0
K= 23 0 0 , Degree=0
K= 24 0.0 1.0
K= 25 0.0 1.0
K= 26 0.0 1.0
K= 27 0.0 1.0
K= 28 0 0 , Degree=0
K= 29 0.0 1.0
K= 30 0 0 , Degree=0
K= 31 0 0 , Degree=0
K= 32 0.0 1.0
K= 33 0.0 1.0
K= 34 0 0 , Degree=0
K= 35 0.0 1.0
K= 36 0.0 1.0
K= 2590 0.0 1.0
K= 2591 0 0 , Degree=0
K= 2592 0 0 , Degree=0
K= 2593 0.0 1.0
K= 2594 0.0 1.0
K= 2595 0 0 , Degree=0
K= 2596 0 0 , Degree=0
K= 2597 0.0 1.0
K= 2598 0 0 , Degree=0
K= 2599 0 0 , Degree=0
K= 2600 0 0 , Degree=0
K= 2601 0 0 , Degree=0
K= 2602 0.0 1.0
K= 2603 0 0 , Degree=0
K= 2604 0.0 1.0
K= 2605 0.0 1.0
K= 2606 0.0 1.0
K= 2607 0 0 , Degree=0
K= 2608 0.0 1.0
K= 2609 0.0 1.0
K= 2610 0.0 1.0
K= 2611 0 0 , Degree=0
K= 2612 0 0 , Degree=0
K= 2613 0 0 , Degree=0
K= 2614 0.0 1.0
K= 2615 0.0 1.0
K= 2616 0.0 1.0
K= 2617 0 0 , Degree=0
K= 2618 0.0 1.0
K= 2619 0 0 , Degree=0
K= 2620 0 0 , Degree=0
K= 2621 0 0 , Degree=0
K= 2622 0.0 1.0
K= 2623 0 0 , Degree=0
K= 2624 0.0 1.0
K= 2625 0 0 , Degree=0
K= 2626 0.0 1.0
K= 3663 0 0 , Degree=0
K= 3664 0 0 , Degree=0
K= 3665 0.0 1.0
K= 3666 0.0 1.0
K= 3667 0 0 , Degree=0
K= 3668 0 0 , Degree=0
K= 3669 0.0 1.0
K= 3670 0.0 1.0
K= 3671 0.0 1.0
K= 3672 0.0 1.0
K= 3673 0 0 , Degree=0
K= 3674 0.0 1.0
K= 3675 0 0 , Degree=0
K= 3676 0 0 , Degree=0
K= 3677 0.0 1.0
K= 3678 0.0 1.0
K= 3679 0 0 , Degree=0
K= 3680 0.0 1.0
K= 3681 0.0 1.0
K= 3682 0 0 , Degree=0
K= 3683 0.0 1.0
K= 3684 0.0 1.0
K= 3685 0 0 , Degree=0
K= 3686 0.0 1.0
K= 3687 0.0 1.0
K= 3688 0 0 , Degree=0
K= 3689 0.0 1.0
K= 3690 0.0 1.0
K= 3691 0.0 1.0
K= 3692 0.0 1.0
K= 3693 0.0 1.0
K= 3694 0.0 1.0
K= 3695 0.0 1.0
K= 3696 0.0 1.0
K= 3697 0 0 , Degree=0
K= 3698 0 0 , Degree=0
K= 3699 0.0 1.0
K= 370 0 0 , Degree=0
K= 371 0 0 , Degree=0
K= 372 1801625132.5 3998.0
K= 373 0 0 , Degree=0
K= 374 0 0 , Degree=0
K= 375 1801985132.5 5998.0
K= 376 0 0 , Degree=0
K= 377 0.0 1.0
K= 378 0.0 1.0
K= 379 0.0 1.0
K= 380 0.0 1.0
K= 381 0 0 , Degree=0
K= 382 1811203005.0 3998.0
K= 383 0 0 , Degree=0
K= 384 0.0 1.0
K= 385 0 0 , Degree=0
K= 386 0.0 1.0
K= 387 1821419033.03 8192.0
K= 388 0.0 1.0
K= 389 0 0 , Degree=0
K= 390 0.0 1.0
K= 391 0 0 , Degree=0
K= 392 0.0 1.0
K= 393 0.0 1.0
K= 394 0 0 , Degree=0
K= 395 0 0 , Degree=0
K= 396 0.0 1.0
K= 397 0 0 , Degree=0
K= 398 0 0 , Degree=0
K= 399 0.0 1.0
K= 400 0 0 , Degree=0
K= 401 0.0 1.0
K= 402 0 0 , Degree=0
K= 403 0.0 1.0
K= 404 0 0 , Degree=0
K= 405 0 0 , Degree=0
K= 406 0 0 , Degree=0
K= 2146 0.0 1.0
K= 2147 0 0 , Degree=0
K= 2148 0.0 1.0
K= 2149 0.0 1.0
K= 2150 0 0 , Degree=0
K= 2151 0 0 , Degree=0
K= 2152 0 0 , Degree=0
K= 2153 0 0 , Degree=0
K= 2154 0.0 1.0
K= 2155 0 0 , Degree=0
K= 2156 0 0 , Degree=0
K= 2157 0 0 , Degree=0
K= 2158 0 0 , Degree=0
K= 2159 0 0 , Degree=0
K= 2160 0 0 , Degree=0
K= 2161 0.0 1.0
K= 2162 0.0 1.0
K= 2163 0.0 1.0
K= 2164 0.0 1.0
K= 2165 0 0 , Degree=0
K= 2166 0.0 1.0
K= 2167 0.0 1.0
K= 2168 0 0 , Degree=0
K= 2169 0 0 , Degree=0
K= 2170 0.0 1.0
K= 2171 0 0 , Degree=0
K= 2172 0.0 1.0
K= 2173 0.0 1.0
K= 2174 0 0 , Degree=0
K= 2175 0 0 , Degree=0
K= 2176 0.0 1.0
K= 2177 0.0 1.0
K= 2178 0 0 , Degree=0
K= 2179 0.0 1.0
K= 2180 0.0 1.0
K= 2181 0 0 , Degree=0
K= 2182 0.0 1.0
K= 3367 0 0 , Degree=0
K= 3368 0.0 1.0
K= 3369 0.0 1.0
K= 3370 0 0 , Degree=0
K= 3371 0 0 , Degree=0
K= 3372 0.0 1.0
K= 3373 0 0 , Degree=0
K= 3374 0 0 , Degree=0
K= 3375 0 0 , Degree=0
K= 3376 0 0 , Degree=0
K= 3377 0 0 , Degree=0
K= 3378 0.0 1.0
K= 3379 0 0 , Degree=0
K= 3380 1830684837.0 8192.0
K= 3381 0 0 , Degree=0
K= 3382 0 0 , Degree=0
K= 3383 0 0 , Degree=0
K= 3384 0.0 1.0
K= 3385 0.0 1.0
K= 3386 0 0 , Degree=0
K= 3387 0 0 , Degree=0
K= 3388 0 0 , Degree=0
K= 3389 0 0 , Degree=0
K= 3390 0.0 1.0
K= 3391 0.0 1.0
K= 3392 0.0 1.0
K= 3393 0 0 , Degree=0
K= 3394 0 0 , Degree=0
K= 3395 0.0 1.0
K= 3396 0 0 , Degree=0
K= 3397 0.0 1.0
K= 3398 0 0 , Degree=0
K= 3399 0.0 1.0
K= 3400 0 0 , Degree=0
K= 3401 0 0 , Degree=0
K= 3402 0.0 1.0
K= 3403 0.0 1.0
K= 4144 0 0 , Degree=0
K= 4145 0 0 , Degree=0
K= 4146 0.0 1.0
K= 4147 0 0 , Degree=0
K= 4148 0 0 , Degree=0
K= 4149 0.0 1.0
K= 4150 0 0 , Degree=0
K= 4151 0 0 , Degree=0
K= 4152 0.0 1.0
K= 4153 0.0 1.0
K= 4154 0.0 1.0
K= 4155 0.0 1.0
K= 4156 0.0 1.0
K= 4157 0.0 1.0
K= 4158 0 0 , Degree=0
K= 4159 0.0 1.0
K= 4160 0.0 1.0
K= 4161 0.0 1.0
K= 4162 0 0 , Degree=0
K= 4163 0 0 , Degree=0
K= 4164 0 0 , Degree=0
K= 4165 0 0 , Degree=0
K= 4166 0 0 , Degree=0
K= 4167 0 0 , Degree=0
K= 4168 0.0 1.0
K= 4169 0.0 1.0
K= 4170 0.0 1.0
K= 4171 0.0 1.0
K= 4172 0 0 , Degree=0
K= 4173 0 0 , Degree=0
K= 4174 0 0 , Degree=0
K= 4175 0.0 1.0
K= 4176 0.0 1.0
K= 4177 0 0 , Degree=0
K= 4178 0 0 , Degree=0
K= 4179 0 0 , Degree=0
K= 4180 0.0 1.0
K= 555 1802167132.5 5998.0
K= 556 0.0 1.0
K= 557 0 0 , Degree=0
K= 558 0.0 1.0
K= 559 0 0 , Degree=0
K= 560 0 0 , Degree=0
K= 561 0.0 1.0
K= 562 0.0 1.0
K= 563 0 0 , Degree=0
K= 564 1811563005.0 5998.0
K= 565 0.0 1.0
K= 566 0 0 , Degree=0
K= 567 0.0 1.0
K= 568 0 0 , Degree=0
K= 569 0.0 1.0
K= 570 0.0 1.0
K= 571 0 0 , Degree=0
K= 572 0.0 1.0
K= 573 0 0 , Degree=0
K= 574 0 0 , Degree=0
K= 575 0.0 1.0
K= 576 0 0 , Degree=0
K= 577 0.0 1.0
K= 578 0 0 , Degree=0
K= 579 0 0 , Degree=0
K= 580 0.0 1.0
K= 581 0.0 1.0
K= 582 0 0 , Degree=0
K= 583 0.0 1.0
K= 584 0 0 , Degree=0
K= 585 0 0 , Degree=0
K= 586 0 0 , Degree=0
K= 587 0 0 , Degree=0
K= 588 0 0 , Degree=0
K= 589 0.0 1.0
K= 590 0 0 , Degree=0
K= 591 0.0 1.0
K= 2257 1830684837.0 8192.0
K= 2258 0 0 , Degree=0
K= 2259 0 0 , Degree=0
K= 2260 0 0 , Degree=0
K= 2261 0.0 1.0
K= 2262 0 0 , Degree=0
K= 2263 0 0 , Degree=0
K= 2264 0.0 1.0
K= 2265 0.0 1.0
K= 2266 0.0 1.0
K= 2267 0 0 , Degree=0
K= 2268 0.0 1.0
K= 2269 0.0 1.0
K= 2270 0 0 , Degree=0
K= 2271 0.0 1.0
K= 2272 0.0 1.0
K= 2273 0.0 1.0
K= 2274 0 0 , Degree=0
K= 2275 0.0 1.0
K= 2276 0.0 1.0
K= 2277 0 0 , Degree=0
K= 2278 0 0 , Degree=0
K= 2279 0 0 , Degree=0
K= 2280 0 0 , Degree=0
K= 2281 0 0 , Degree=0
K= 2282 0.0 1.0
K= 2283 0.0 1.0
K= 2284 0.0 1.0
K= 2285 0 0 , Degree=0
K= 2286 0.0 1.0
K= 2287 0 0 , Degree=0
K= 2288 0 0 , Degree=0
K= 2289 0 0 , Degree=0
K= 2290 0 0 , Degree=0
K= 2291 0.0 1.0
K= 2292 0 0 , Degree=0
K= 2293 0 0 , Degree=0
K= 3293 0.0 1.0
K= 3294 0.0 1.0
K= 3295 0 0 , Degree=0
K= 3296 0 0 , Degree=0
K= 3297 0 0 , Degree=0
K= 3298 0 0 , Degree=0
K= 3299 0.0 1.0
K= 3300 0.0 1.0
K= 3301 0.0 1.0
K= 3302 0 0 , Degree=0
K= 3303 0 0 , Degree=0
K= 3304 0.0 1.0
K= 3305 0 0 , Degree=0
K= 3306 0.0 1.0
K= 3307 0 0 , Degree=0
K= 3308 0 0 , Degree=0
K= 3309 0 0 , Degree=0
K= 3310 0.0 1.0
K= 3311 0.0 1.0
K= 3312 0 0 , Degree=0
K= 3313 0 0 , Degree=0
K= 3314 0 0 , Degree=0
K= 3315 0.0 1.0
K= 3316 0.0 1.0
K= 3317 0 0 , Degree=0
K= 3318 0 0 , Degree=0
K= 3319 0 0 , Degree=0
K= 3320 0.0 1.0
K= 3321 0 0 , Degree=0
K= 3322 0.0 1.0
K= 3323 0.0 1.0
K= 3324 0.0 1.0
K= 3325 0.0 1.0
K= 3326 0.0 1.0
K= 3327 0 0 , Degree=0
K= 3328 0.0 1.0
K= 3329 0.0 1.0
K= 4588 0.0 1.0
K= 4589 0 0 , Degree=0
K= 4590 0.0 1.0
K= 4591 0.0 1.0
K= 4592 0.0 1.0
K= 4593 0.0 1.0
K= 4594 0.0 1.0
K= 4595 0 0 , Degree=0
K= 4596 0.0 1.0
K= 4597 0 0 , Degree=0
K= 4598 0.0 1.0
K= 4599 0.0 1.0
K= 4600 0 0 , Degree=0
K= 4601 0.0 1.0
K= 4602 0 0 , Degree=0
K= 4603 0.0 1.0
K= 4604 0.0 1.0
K= 4605 0 0 , Degree=0
K= 4606 0 0 , Degree=0
K= 4607 0 0 , Degree=0
K= 4608 0.0 1.0
K= 4609 0 0 , Degree=0
K= 4610 0 0 , Degree=0
K= 4611 0 0 , Degree=0
K= 4612 0 0 , Degree=0
K= 4613 0.0 1.0
K= 4614 0.0 1.0
K= 4615 0.0 1.0
K= 4616 0.0 1.0
K= 4617 0 0 , Degree=0
K= 444 1801625852.5 3998.0
K= 445 0 0 , Degree=0
K= 446 0 0 , Degree=0
K= 447 0 0 , Degree=0
K= 448 0.0 1.0
K= 449 1821181390.5 8192.0
K= 450 0 0 , Degree=0
K= 451 0 0 , Degree=0
K= 452 0.0 1.0
K= 453 0.0 1.0
K= 454 0.0 1.0
K= 455 0 0 , Degree=0
K= 456 0 0 , Degree=0
K= 457 0.0 1.0
K= 458 0 0 , Degree=0
K= 459 0 0 , Degree=0
K= 460 0 0 , Degree=0
K= 461 0 0 , Degree=0
K= 462 0 0 , Degree=0
K= 463 0.0 1.0
K= 464 0 0 , Degree=0
K= 465 0.0 1.0
K= 466 0.0 1.0
K= 467 0.0 1.0
K= 468 0 0 , Degree=0
K= 469 0.0 1.0
K= 470 0.0 1.0
K= 471 0.0 1.0
K= 472 0.0 1.0
K= 473 0.0 1.0
K= 474 0.0 1.0
K= 475 0 0 , Degree=0
K= 476 0 0 , Degree=0
K= 477 0 0 , Degree=0
K= 478 1821489757.5 8192.0
K= 479 0 0 , Degree=0
K= 480 0.0 1.0
K= 1628 0.0 1.0
K= 1629 0.0 1.0
K= 1630 0 0 , Degree=0
K= 1631 0.0 1.0
K= 1632 0 0 , Degree=0
K= 1633 0 0 , Degree=0
K= 1634 0 0 , Degree=0
K= 1635 0.0 1.0
K= 1636 0.0 1.0
K= 1637 0 0 , Degree=0
K= 1638 0 0 , Degree=0
K= 1639 0 0 , Degree=0
K= 1640 0.0 1.0
K= 1641 0 0 , Degree=0
K= 1642 1830623297.0 8192.0
K= 1643 0 0 , Degree=0
K= 1644 0.0 1.0
K= 1645 0.0 1.0
K= 1646 0 0 , Degree=0
K= 1647 0 0 , Degree=0
K= 1648 0.0 1.0
K= 1649 0 0 , Degree=0
K= 1650 0.0 1.0
K= 1651 0.0 1.0
K= 1652 0.0 1.0
K= 1653 0 0 , Degree=0
K= 1654 0.0 1.0
K= 1655 0.0 1.0
K= 1656 0.0 1.0
K= 1657 0 0 , Degree=0
K= 1658 0.0 1.0
K= 1659 0.0 1.0
K= 1660 0.0 1.0
K= 1661 0 0 , Degree=0
K= 1662 1830684837.0 8192.0
K= 1663 0 0 , Degree=0
K= 1664 0 0 , Degree=0
K= 2812 0.0 1.0
K= 2813 0.0 1.0
K= 2814 0 0 , Degree=0
K= 2815 0 0 , Degree=0
K= 2816 0.0 1.0
K= 2817 0 0 , Degree=0
K= 2818 0 0 , Degree=0
K= 2819 0.0 1.0
K= 2820 0 0 , Degree=0
K= 2821 0.0 1.0
K= 2822 0 0 , Degree=0
K= 2823 0 0 , Degree=0
K= 2824 0.0 1.0
K= 2825 0.0 1.0
K= 2826 0.0 1.0
K= 2827 0 0 , Degree=0
K= 2828 0.0 1.0
K= 2829 0.0 1.0
K= 2830 0 0 , Degree=0
K= 2831 0 0 , Degree=0
K= 2832 0 0 , Degree=0
K= 2833 0 0 , Degree=0
K= 2834 0.0 1.0
K= 2835 0 0 , Degree=0
K= 2836 0 0 , Degree=0
K= 2837 0 0 , Degree=0
K= 2838 0 0 , Degree=0
K= 2839 0.0 1.0
K= 2840 0.0 1.0
K= 2841 0 0 , Degree=0
K= 2842 0 0 , Degree=0
K= 2843 0 0 , Degree=0
K= 2844 0.0 1.0
K= 2845 0.0 1.0
K= 2846 0.0 1.0
K= 2847 0.0 1.0
K= 2848 0.0 1.0
K= 3811 0 0 , Degree=0
K= 3812 0.0 1.0
K= 3813 0.0 1.0
K= 3814 0.0 1.0
K= 3815 0.0 1.0
K= 3816 0.0 1.0
K= 3817 0.0 1.0
K= 3818 0 0 , Degree=0
K= 3819 0 0 , Degree=0
K= 3820 0 0 , Degree=0
K= 3821 0 0 , Degree=0
K= 3822 0.0 1.0
K= 3823 0 0 , Degree=0
K= 3824 0.0 1.0
K= 3825 0 0 , Degree=0
K= 3826 0.0 1.0
K= 3827 0 0 , Degree=0
K= 3828 0.0 1.0
K= 3829 1861191453.5 8192.0
K= 3830 0.0 1.0
K= 3831 0 0 , Degree=0
K= 3832 0 0 , Degree=0
K= 3833 0 0 , Degree=0
K= 3834 0.0 1.0
K= 3835 0 0 , Degree=0
K= 3836 0.0 1.0
K= 3837 0 0 , Degree=0
K= 3838 0 0 , Degree=0
K= 3839 0.0 1.0
K= 3840 0.0 1.0
K= 3841 0 0 , Degree=0
K= 3842 0 0 , Degree=0
K= 3843 0 0 , Degree=0
K= 3844 0.0 1.0
K= 3845 0 0 , Degree=0
K= 3846 0 0 , Degree=0
K= 3847 0 0 , Degree=0
K= 1110 1801625492.5 3998.0
K= 1111 0 0 , Degree=0
K= 1112 0 0 , Degree=0
K= 1113 0.0 1.0
K= 1114 0 0 , Degree=0
K= 1115 0.0 1.0
K= 1116 0 0 , Degree=0
K= 1117 0.0 1.0
K= 1118 1801804952.5 4997.0
K= 1119 1830635685.0 8192.0
K= 1120 0 0 , Degree=0
K= 1121 1830684837.0 8192.0
K= 1122 0.0 1.0
K= 1123 0 0 , Degree=0
K= 1124 0.0 1.0
K= 1125 0 0 , Degree=0
K= 1126 0.0 1.0
K= 1127 0.0 1.0
K= 1128 0 0 , Degree=0
K= 1129 0 0 , Degree=0
K= 1130 0.0 1.0
K= 1131 0 0 , Degree=0
K= 1132 0.0 1.0
K= 1133 0 0 , Degree=0
K= 1134 0 0 , Degree=0
K= 1135 0.0 1.0
K= 1136 0.0 1.0
K= 1137 0 0 , Degree=0
K= 1138 0.0 1.0
K= 1139 0.0 1.0
K= 1140 0.0 1.0
K= 1141 0.0 1.0
K= 1142 0.0 1.0
K= 1143 0 0 , Degree=0
K= 1144 0 0 , Degree=0
K= 1145 0.0 1.0
K= 1146 0 0 , Degree=0
K= 1702 0.0 1.0
K= 1703 0.0 1.0
K= 1704 0 0 , Degree=0
K= 1705 0.0 1.0
K= 1706 0 0 , Degree=0
K= 1707 0.0 1.0
K= 1708 0.0 1.0
K= 1709 0 0 , Degree=0
K= 1710 0.0 1.0
K= 1711 0.0 1.0
K= 1712 0 0 , Degree=0
K= 1713 0.0 1.0
K= 1714 0 0 , Degree=0
K= 1715 0 0 , Degree=0
K= 1716 0 0 , Degree=0
K= 1717 0 0 , Degree=0
K= 1718 0.0 1.0
K= 1719 0.0 1.0
K= 1720 0.0 1.0
K= 1721 0 0 , Degree=0
K= 1722 0.0 1.0
K= 1723 0.0 1.0
K= 1724 0.0 1.0
K= 1725 0.0 1.0
K= 1726 0.0 1.0
K= 1727 0 0 , Degree=0
K= 1728 0 0 , Degree=0
K= 1729 0.0 1.0
K= 1730 0 0 , Degree=0
K= 1731 0 0 , Degree=0
K= 1732 0 0 , Degree=0
K= 1733 0.0 1.0
K= 1734 0.0 1.0
K= 1735 0 0 , Degree=0
K= 1736 0 0 , Degree=0
K= 1737 0.0 1.0
K= 1738 0 0 , Degree=0
K= 2627 0 0 , Degree=0
K= 2628 0.0 1.0
K= 2629 0.0 1.0
K= 2630 0 0 , Degree=0
K= 2631 0 0 , Degree=0
K= 2632 0.0 1.0
K= 2633 0 0 , Degree=0
K= 2634 0 0 , Degree=0
K= 2635 0 0 , Degree=0
K= 2636 0 0 , Degree=0
K= 2637 0 0 , Degree=0
K= 2638 0.0 1.0
K= 2639 0 0 , Degree=0
K= 2640 0 0 , Degree=0
K= 2641 0 0 , Degree=0
K= 2642 0 0 , Degree=0
K= 2643 0.0 1.0
K= 2644 0 0 , Degree=0
K= 2645 0.0 1.0
K= 2646 0.0 1.0
K= 2647 0.0 1.0
K= 2648 0.0 1.0
K= 2649 0.0 1.0
K= 2650 0 0 , Degree=0
K= 2651 0 0 , Degree=0
K= 2652 0 0 , Degree=0
K= 2653 0.0 1.0
K= 2654 0 0 , Degree=0
K= 2655 0.0 1.0
K= 2656 0.0 1.0
K= 2657 0 0 , Degree=0
K= 2658 0.0 1.0
K= 2659 0 0 , Degree=0
K= 2660 0 0 , Degree=0
K= 2661 0 0 , Degree=0
K= 2662 0 0 , Degree=0
K= 2663 0.0 1.0
K= 3885 0 0 , Degree=0
K= 3886 0.0 1.0
K= 3887 0.0 1.0
K= 3888 0.0 1.0
K= 3889 0.0 1.0
K= 3890 0 0 , Degree=0
K= 3891 0 0 , Degree=0
K= 3892 0 0 , Degree=0
K= 3893 0.0 1.0
K= 3894 0.0 1.0
K= 3895 0.0 1.0
K= 3896 0.0 1.0
K= 3897 0 0 , Degree=0
K= 3898 0.0 1.0
K= 3899 0.0 1.0
K= 3900 0 0 , Degree=0
K= 3901 0.0 1.0
K= 3902 0.0 1.0
K= 3903 0 0 , Degree=0
K= 3904 0.0 1.0
K= 3905 0 0 , Degree=0
K= 3906 0 0 , Degree=0
K= 3907 0.0 1.0
K= 3908 0 0 , Degree=0
K= 3909 0.0 1.0
K= 3910 0 0 , Degree=0
K= 3911 0.0 1.0
K= 3912 0.0 1.0
K= 3913 0 0 , Degree=0
K= 3914 0 0 , Degree=0
K= 3915 0 0 , Degree=0
K= 3916 0 0 , Degree=0
K= 3917 0.0 1.0
K= 3918 0 0 , Degree=0
K= 3919 0 0 , Degree=0
K= 3920 0.0 1.0
K= 3921 0.0 1.0
K= 37 1801625132.5 3998.0
K= 38 0 0 , Degree=0
K= 39 1801625492.5 3998.0
K= 40 0 0 , Degree=0
K= 41 0 0 , Degree=0
K= 42 0 0 , Degree=0
K= 43 0.0 1.0
K= 44 0 0 , Degree=0
K= 45 1811203005.0 3998.0
K= 46 0 0 , Degree=0
K= 47 0.0 1.0
K= 48 1821378225.5 8192.0
K= 49 0 0 , Degree=0
K= 50 0.0 1.0
K= 51 0 0 , Degree=0
K= 52 0.0 1.0
K= 53 0.0 1.0
K= 54 0.0 1.0
K= 55 0 0 , Degree=0
K= 56 0.0 1.0
K= 57 0 0 , Degree=0
K= 58 0.0 1.0
K= 59 0 0 , Degree=0
K= 60 0.0 1.0
K= 61 0.0 1.0
K= 62 0.0 1.0
K= 63 0 0 , Degree=0
K= 64 0.0 1.0
K= 65 0 0 , Degree=0
K= 66 0.0 1.0
K= 67 0 0 , Degree=0
K= 68 0 0 , Degree=0
K= 69 0.0 1.0
K= 70 0.0 1.0
K= 71 0.0 1.0
K= 72 0.0 1.0
K= 73 0.0 1.0
K= 2035 0 0 , Degree=0
K= 2036 0.0 1.0
K= 2037 1821562092.5 8192.0
K= 2038 0 0 , Degree=0
K= 2039 0 0 , Degree=0
K= 2040 0.0 1.0
K= 2041 0 0 , Degree=0
K= 2042 0 0 , Degree=0
K= 2043 0.0 1.0
K= 2044 0 0 , Degree=0
K= 2045 1861191453.5 8192.0
K= 2046 0.0 1.0
K= 2047 0.0 1.0
K= 2048 0 0 , Degree=0
K= 2049 0.0 1.0
K= 2050 0 0 , Degree=0
K= 2051 0.0 1.0
K= 2052 0 0 , Degree=0
K= 2053 0 0 , Degree=0
K= 2054 0 0 , Degree=0
K= 2055 0 0 , Degree=0
K= 2056 0 0 , Degree=0
K= 2057 0 0 , Degree=0
K= 2058 0.0 1.0
K= 2059 0.0 1.0
K= 2060 0.0 1.0
K= 2061 0 0 , Degree=0
K= 2062 0.0 1.0
K= 2063 0.0 1.0
K= 2064 0 0 , Degree=0
K= 2065 0 0 , Degree=0
K= 2066 0.0 1.0
K= 2067 0.0 1.0
K= 2068 0 0 , Degree=0
K= 2069 0 0 , Degree=0
K= 2070 0.0 1.0
K= 2071 0.0 1.0
K= 2997 0.0 1.0
K= 2998 0 0 , Degree=0
K= 2999 0.0 1.0
K= 3000 0.0 1.0
K= 3001 0.0 1.0
K= 3002 0.0 1.0
K= 3003 0.0 1.0
K= 3004 0 0 , Degree=0
K= 3005 0.0 1.0
K= 3006 0.0 1.0
K= 3007 0 0 , Degree=0
K= 3008 0.0 1.0
K= 3009 0.0 1.0
K= 3010 0 0 , Degree=0
K= 3011 0 0 , Degree=0
K= 3012 0 0 , Degree=0
K= 3013 0.0 1.0
K= 3014 0.0 1.0
K= 3015 0 0 , Degree=0
K= 3016 0 0 , Degree=0
K= 3017 0.0 1.0
K= 3018 0.0 1.0
K= 3019 0.0 1.0
K= 3020 0.0 1.0
K= 3021 0.0 1.0
K= 3022 0.0 1.0
K= 3023 0.0 1.0
K= 3024 0 0 , Degree=0
K= 3025 0.0 1.0
K= 3026 0.0 1.0
K= 3027 0.0 1.0
K= 3028 0.0 1.0
K= 3029 0 0 , Degree=0
K= 3030 0.0 1.0
K= 3031 0 0 , Degree=0
K= 3032 0.0 1.0
K= 3033 0.0 1.0
K= 4551 0 0 , Degree=0
K= 4552 0.0 1.0
K= 4553 0.0 1.0
K= 4554 0.0 1.0
K= 4555 0 0 , Degree=0
K= 4556 0 0 , Degree=0
K= 4557 0 0 , Degree=0
K= 4558 0.0 1.0
K= 4559 0 0 , Degree=0
K= 4560 0 0 , Degree=0
K= 4561 0 0 , Degree=0
K= 4562 0 0 , Degree=0
K= 4563 0.0 1.0
K= 4564 0 0 , Degree=0
K= 4565 0.0 1.0
K= 4566 0 0 , Degree=0
K= 4567 0.0 1.0
K= 4568 0 0 , Degree=0
K= 4569 0.0 1.0
K= 4570 0 0 , Degree=0
K= 4571 0.0 1.0
K= 4572 0 0 , Degree=0
K= 4573 0.0 1.0
K= 4574 0 0 , Degree=0
K= 4575 0.0 1.0
K= 4576 0.0 1.0
K= 4577 0 0 , Degree=0
K= 4578 0 0 , Degree=0
K= 4579 0.0 1.0
K= 4580 0 0 , Degree=0
K= 4581 0.0 1.0
K= 4582 0 0 , Degree=0
K= 4583 0 0 , Degree=0
K= 4584 0.0 1.0
K= 4585 0.0 1.0
K= 4586 0.0 1.0
K= 4587 0.0 1.0
K= 814 0 0 , Degree=0
K= 815 0 0 , Degree=0
K= 816 1801805132.5 4998.0
K= 817 0 0 , Degree=0
K= 818 1839848686.5 3997.0
K= 819 0.0 1.0
K= 820 0 0 , Degree=0
K= 821 0 0 , Degree=0
K= 822 0 0 , Degree=0
K= 823 0.0 1.0
K= 824 0 0 , Degree=0
K= 825 0.0 1.0
K= 826 0 0 , Degree=0
K= 827 0 0 , Degree=0
K= 828 0.0 1.0
K= 829 0.0 1.0
K= 830 0.0 1.0
K= 831 0 0 , Degree=0
K= 832 0.0 1.0
K= 833 0 0 , Degree=0
K= 834 0.0 1.0
K= 835 0 0 , Degree=0
K= 836 0.0 1.0
K= 837 0.0 1.0
K= 838 0.0 1.0
K= 839 0.0 1.0
K= 840 0.0 1.0
K= 841 0.0 1.0
K= 842 0.0 1.0
K= 843 0.0 1.0
K= 844 0.0 1.0
K= 845 0 0 , Degree=0
K= 846 0.0 1.0
K= 847 0 0 , Degree=0
K= 848 0.0 1.0
K= 849 0 0 , Degree=0
K= 850 0 0 , Degree=0
K= 1739 0 0 , Degree=0
K= 1740 0.0 1.0
K= 1741 0.0 1.0
K= 1742 0.0 1.0
K= 1743 0 0 , Degree=0
K= 1744 0.0 1.0
K= 1745 0.0 1.0
K= 1746 0.0 1.0
K= 1747 0.0 1.0
K= 1748 0.0 1.0
K= 1749 0.0 1.0
K= 1750 0.0 1.0
K= 1751 0.0 1.0
K= 1752 0 0 , Degree=0
K= 1753 0 0 , Degree=0
K= 1754 0 0 , Degree=0
K= 1755 0.0 1.0
K= 1756 0.0 1.0
K= 1757 0.0 1.0
K= 1758 0.0 1.0
K= 1759 0 0 , Degree=0
K= 1760 0.0 1.0
K= 1761 0.0 1.0
K= 1762 0.0 1.0
K= 1763 0 0 , Degree=0
K= 1764 0.0 1.0
K= 1765 0 0 , Degree=0
K= 1766 0 0 , Degree=0
K= 1767 0.0 1.0
K= 1768 0.0 1.0
K= 1769 0.0 1.0
K= 1770 0.0 1.0
K= 1771 0.0 1.0
K= 1772 0 0 , Degree=0
K= 1773 0 0 , Degree=0
K= 1774 0 0 , Degree=0
K= 1775 0 0 , Degree=0
K= 2960 0.0 1.0
K= 2961 0 0 , Degree=0
K= 2962 0.0 1.0
K= 2963 0.0 1.0
K= 2964 0 0 , Degree=0
K= 2965 0.0 1.0
K= 2966 0 0 , Degree=0
K= 2967 0 0 , Degree=0
K= 2968 0.0 1.0
K= 2969 0 0 , Degree=0
K= 2970 0 0 , Degree=0
K= 2971 0 0 , Degree=0
K= 2972 0.0 1.0
K= 2973 0.0 1.0
K= 2974 0.0 1.0
K= 2975 0 0 , Degree=0
K= 2976 0 0 , Degree=0
K= 2977 0.0 1.0
K= 2978 0 0 , Degree=0
K= 2979 0 0 , Degree=0
K= 2980 0.0 1.0
K= 2981 0 0 , Degree=0
K= 2982 0.0 1.0
K= 2983 0.0 1.0
K= 2984 0.0 1.0
K= 2985 0.0 1.0
K= 2986 0.0 1.0
K= 2987 0 0 , Degree=0
K= 2988 0 0 , Degree=0
K= 2989 0 0 , Degree=0
K= 2990 0.0 1.0
K= 2991 0 0 , Degree=0
K= 2992 0 0 , Degree=0
K= 2993 0.0 1.0
K= 2994 0.0 1.0
K= 2995 0.0 1.0
K= 2996 0.0 1.0
K= 4070 0 0 , Degree=0
K= 4071 0 0 , Degree=0
K= 4072 0 0 , Degree=0
K= 4073 0 0 , Degree=0
K= 4074 0 0 , Degree=0
K= 4075 0.0 1.0
K= 4076 0.0 1.0
K= 4077 0.0 1.0
K= 4078 0 0 , Degree=0
K= 4079 0 0 , Degree=0
K= 4080 0 0 , Degree=0
K= 4081 0.0 1.0
K= 4082 0.0 1.0
K= 4083 0.0 1.0
K= 4084 0 0 , Degree=0
K= 4085 0.0 1.0
K= 4086 0.0 1.0
K= 4087 0 0 , Degree=0
K= 4088 0 0 , Degree=0
K= 4089 0 0 , Degree=0
K= 4090 0 0 , Degree=0
K= 4091 0.0 1.0
K= 4092 0 0 , Degree=0
K= 4093 0 0 , Degree=0
K= 4094 0.0 1.0
K= 4095 0 0 , Degree=0
K= 4096 0 0 , Degree=0
K= 4097 0.0 1.0
K= 4098 0 0 , Degree=0
K= 4099 0.0 1.0
K= 4100 0.0 1.0
K= 4101 0 0 , Degree=0
K= 4102 0.0 1.0
K= 4103 0.0 1.0
K= 4104 0.0 1.0
K= 4105 0 0 , Degree=0
K= 4106 0 0 , Degree=0
Ending Time: 1569063397.68
----Computaion Time---- 8937.37564707
Top 20 Nodes
[1465 2045 3829 2565 2863 4120 4282 2710   12  263 1011 1362 4209 1039 2256
  408 4384  498 1440  797]
Top 20 Rewards
[  1.86119145e+09   1.86119145e+09   1.86119145e+09   1.86119145e+09
   1.86119145e+09   1.86119145e+09   1.86119145e+09   1.86119145e+09
   1.86051808e+09   1.86050309e+09   1.86050309e+09   1.85946757e+09
   1.85902515e+09   1.85014147e+09   1.84993246e+09   1.84945891e+09
   1.84944760e+09   1.84943510e+09   1.84940840e+09   1.84937514e+09]
Top 20 Reward Fees
[ 8192.  8192.  8192.  8192.  8192.  8192.  8192.  8192.  8192.  8192.
  8192.  8192.  3998.  2999.  8192.  3998.  3998.  3998.  3998.  3998.]
