txValue= 1000000
IGRAPH D--- 4619 68733 -- 
+ attr: pub_key (v), base_fee (e), capacity (e), fee_rate (e), txCost (e)
None
IGRAPH D--- 4619 50297 -- 
+ attr: pub_key (v), base_fee (e), capacity (e), fee_rate (e), txCost (e)
None
Our nodes starting connections: 
(4618, 2796)
(4618, 1223)
(4618, 1163)
(4618, 222)
K= 2400
7445.0
K= 2401
3952.92857143
K= 2402
7445.0
K= 2403
7162.0
K= 2404
7446.0
K= 2405
7190.0
K= 2406
18.3333333336
K= 2407
54.1087144174
K= 2408
667.041525153
K= 2409
710.575082605
K= 2410
92.1237049834
K= 2411
45.0899071411
K= 2412
3764.5
K= 2413
7191.3
K= 2414
60.899093381
K= 2415
7190.94594595
K= 2416
20.0255006608
K= 2417
3715.72679739
K= 2418
14790.5
K= 2419
3749.16666667
K= 2420
3540.74701314
K= 2421
7445.0
K= 2422
3596.5
K= 2423
7444.16666667
K= 2424
3596.5
K= 2425
32.8858282882
K= 2426
754.357730007
K= 2427
7191.33333333
K= 2428
7445.0
K= 2429
7445.0
K= 2430
7191.77380952
K= 2431
52.6006390627
K= 2432
78.0485148767
K= 2433
5230.46802629
K= 2434
27631.1916245
K= 2435
3750.86403509
K= 2436
719.810343734
K= 2437
7264.66666667
K= 2438
254.777616695
K= 2439
3747.69401544
K= 2440
7191.3
K= 2441
10913.3
K= 2442
7192.0
K= 2443
7267.02097902
K= 2444
5220.80135962
K= 2445
3753.47668845
K= 2446
45.4939983162
K= 2447
7445.0
K= 2448
3596.5
K= 2449
46.300527517
K= 2450
4198.85040209
K= 2451
7445.0
K= 2452
54.9263207621
K= 2453
225.652173913
K= 2454
3449.0
K= 2455
7329.5
K= 2456
7446.0
K= 2457
146.530730366
K= 2458
33.384558009
K= 2459
7191.86111111
K= 2460
7328.5
K= 2461
3369.35729363
K= 2462
14382.25
K= 2463
20.3968965712
K= 2464
7446.0
K= 2465
680.642706708
K= 2466
3596.5
K= 2467
7445.0
K= 2468
39.0800355662
K= 2469
7190.83333333
K= 2470
7445.0
K= 2471
698.243503695
K= 2472
22.2738497485
K= 2473
7328.66666667
K= 2474
44.5833939086
K= 2475
46.8950304012
K= 2476
7194.0
K= 2477
7191.58333333
K= 2478
7445.0
K= 2479
3746.88783322
K= 2480
3762.21668104
K= 2481
7193.0
K= 2482
7192.3
K= 2483
7192.0
K= 2484
3970.25522533
K= 2485
151.877823327
K= 2486
7446.0
K= 2487
157.816963616
K= 2488
25.0740930761
K= 2489
117.484628004
K= 2490
7191.7081448
K= 2491
7445.0
K= 2492
231.60475593
K= 2493
22.74846386
K= 2494
3471.5
K= 2495
7192.0
K= 2496
27606.9915941
K= 2497
7445.0
K= 2498
7329.5
K= 2499
23.4749134085
K= 2500
7190.87575758
K= 2501
7445.0
K= 2502
7328.5
K= 2503
20.9958470493
K= 2504
7328.5
K= 2505
3775.56428349
K= 2506
21.1198941222
K= 2507
7191.85714286
K= 2508
3985.7535962
K= 2509
7192.0
K= 2510
3751.01721015
K= 2511
7205.26727038
K= 2512
7191.58333333
K= 2513
3944.39125085
K= 2514
7328.5
K= 2515
3522.5
K= 2516
7329.0
K= 2517
3484.5
K= 2518
64.3115439938
K= 2519
7191.1
K= 2520
514.234736869
K= 2521
112.33340432
K= 2522
3745.49281644
K= 2523
3967.0
K= 2524
3745.32430508
K= 2525
20.8280718928
K= 2526
7191.81818182
K= 2527
5271.17343592
K= 2528
112.397219146
K= 2529
7192.95238095
K= 2530
7192.4
K= 2531
7192.0
K= 2532
5272.41721534
K= 2533
7445.0
K= 2534
42.4802995404
K= 2535
7328.5
K= 2536
7445.0
K= 2537
7191.46666667
K= 2538
7445.0
K= 2539
7445.0
K= 2540
7192.0
K= 2541
652.308725349
K= 2542
702.922878336
K= 2543
686.077764635
K= 2544
7192.66666667
K= 2545
7445.0
K= 2546
7192.0952381
K= 2547
3574.0
K= 2548
383.031155864
K= 2549
656.162634533
K= 2550
7446.0
K= 2551
3596.5
K= 2552
7193.0
K= 2553
134.172648857
K= 2554
5715.29729955
K= 2555
7334.0
K= 2556
5348.14477671
K= 2557
7184.25714286
K= 2558
4401.23522623
K= 2559
5251.83166882
K= 2560
4036.60026738
K= 2561
5219.79024851
K= 2562
70.6683749951
K= 2563
5239.82358184
K= 2564
7191.87804878
K= 2565
14892.0
K= 2566
32.7804062823
K= 2567
7187.76190476
K= 2568
7190.58333333
K= 2569
7191.84
K= 2570
7188.51428571
K= 2571
7191.0952381
K= 2572
7445.0
K= 2573
7192.5
K= 2574
25.0555310632
K= 2575
96.5953604393
K= 2576
653.041525153
K= 2577
7328.5
K= 2578
7446.0
K= 2579
7446.0
K= 2580
7193.0
K= 2581
70.3663486395
K= 2582
33.3290708545
K= 2583
7445.0
K= 2584
28.5841807398
K= 2585
7445.0
K= 2586
7446.0
K= 2587
7445.0
K= 2588
172.051232741
K= 2589
7197.17271062
K= 2590
707.651057199
K= 2591
7453.97385621
K= 2592
7192.0
K= 2593
24.6584752912
K= 2594
51.1818157731
K= 2595
7191.41666667
K= 2596
7445.0
K= 2597
5271.08470985
K= 2598
7445.0
K= 2599
7329.5
K= 2600
7445.0
K= 2601
7328.8
K= 2602
27623.8170693
K= 2603
7192.85714286
K= 2604
5445.10325008
K= 2605
5225.59640848
K= 2606
1711.31615308
K= 2607
7329.5
K= 2608
38.4013988213
K= 2609
2364.34526285
K= 2610
688.603333788
K= 2611
7445.0
K= 2612
7191.85
K= 2613
10650.0588235
K= 2614
260.920425279
K= 2615
693.528325094
K= 2616
73.9083452581
K= 2617
7192.3
K= 2618
3751.0
K= 2619
7446.0
K= 2620
7192.86403509
K= 2621
7191.66666667
K= 2622
27.7244240287
K= 2623
7191.80645161
K= 2624
29.96112179
K= 2625
7193.0
K= 2626
3967.0
K= 2627
7456.83333333
K= 2628
14957.3760566
K= 2629
164.36997892
K= 2630
7445.0
K= 2631
7191.5
K= 2632
7293.51887348
K= 2633
7446.0
K= 2634
7193.0
K= 2635
7192.0
K= 2636
7192.625
K= 2637
7192.85026738
K= 2638
3463.34976359
K= 2639
7445.0
K= 2640
7445.0
K= 2641
7329.5
K= 2642
7190.33333333
K= 2643
58.911595477
K= 2644
7191.6
K= 2645
27536.3147346
K= 2646
50.9146210282
K= 2647
3972.44607843
K= 2648
20.2288197505
K= 2649
7162.0
K= 2650
7445.0
K= 2651
7192.95238095
K= 2652
7192.0
K= 2653
45.7274215509
K= 2654
7191.1
K= 2655
163.02528358
K= 2656
3928.6
K= 2657
7190.93984962
K= 2658
205.100379942
K= 2659
7192.3
K= 2660
7192.0
K= 2661
7445.0
K= 2662
7192.25
K= 2663
84.9367826182
K= 2664
731.186042072
K= 2665
7192.35
K= 2666
7191.94017094
K= 2667
172.045175489
K= 2668
24.7298335247
K= 2669
664.487051883
K= 2670
159.590099407
K= 2671
7191.02597403
K= 2672
7446.0
K= 2673
7192.60714286
K= 2674
75.5427046224
K= 2675
7191.74089069
K= 2676
7191.0
K= 2677
145.087882173
K= 2678
7445.0
K= 2679
7328.83333333
K= 2680
7445.0
K= 2681
7191.58333333
K= 2682
27653.4576193
K= 2683
7329.5
K= 2684
3596.5
K= 2685
3748.85898942
K= 2686
7192.66666667
K= 2687
7329.5
K= 2688
77.9757546087
K= 2689
7192.60714286
K= 2690
693.461639992
K= 2691
7445.0
K= 2692
7190.33333333
K= 2693
5692.39486611
K= 2694
7445.0
K= 2695
5130.43420154
K= 2696
137.622969186
K= 2697
7328.5
K= 2698
22.7484638601
K= 2699
34.0164050334
K= 2700
3451.7
K= 2701
7328.75
K= 2702
24.7298335247
K= 2703
37.3333333333
K= 2704
7336.5
K= 2705
3750.07142857
K= 2706
51.1248997342
K= 2707
3675.66666667
K= 2708
7190.0
K= 2709
7192.0
K= 2710
14383.0285714
K= 2711
3975.49845656
K= 2712
5528.15855967
K= 2713
19.0175775143
K= 2714
34.0729386687
K= 2715
109.26623605
K= 2716
7445.0
K= 2717
3786.0
K= 2718
159.969376771
K= 2719
962.544511485
K= 2720
7445.0
K= 2721
3888.71504265
K= 2722
7197.36904762
K= 2723
7445.0
K= 2724
7192.66666667
K= 2725
3465.20337411
K= 2726
7192.51428571
K= 2727
3484.5
K= 2728
3750.66666667
K= 2729
7191.40990072
K= 2730
7328.6
K= 2731
7445.0
K= 2732
7445.0
K= 2733
3745.53856209
K= 2734
7191.5
K= 2735
7192.0
K= 2736
7192.0
K= 2737
7445.0
K= 2738
3975.49845656
K= 2739
712.663437951
K= 2740
7445.0
K= 2741
160.272869292
K= 2742
226.584844672
K= 2743
7445.0
K= 2744
89.0091732953
K= 2745
56031.0574001
K= 2746
3596.5
K= 2747
7189.875
K= 2748
7192.60714286
K= 2749
7445.0
K= 2750
162.077515648
K= 2751
7445.0
K= 2752
3971.48737374
K= 2753
497.483805155
K= 2754
7445.0
K= 2755
5396.39458892
K= 2756
4008.12011599
K= 2757
259.339307622
K= 2758
7191.76489533
K= 2759
7446.0
K= 2760
706.0494095
K= 2761
28.0611983921
K= 2762
7192.8
K= 2763
3758.88130203
K= 2764
3975.49845656
K= 2765
33.4599690125
K= 2766
7191.85748792
K= 2767
7192.43333333
K= 2768
36.5614433544
K= 2769
7328.5
K= 2770
7192.0
K= 2771
7192.0
K= 2772
55.165793209
K= 2773
3746.51634367
K= 2774
7191.51428571
K= 2775
7446.0
K= 2776
3746.36240032
K= 2777
5375.72657431
K= 2778
7445.0
K= 2779
3596.5
K= 2780
26.9582084584
K= 2781
40.5798882992
K= 2782
143.260102845
K= 2783
104.313600144
K= 2784
3949.89488844
K= 2785
7192.0
K= 2786
7191.5
K= 2787
7446.0
K= 2788
117.925935427
K= 2789
32.0131238084
K= 2790
92.5482430853
K= 2791
7192.5
K= 2792
7445.0
K= 2793
7191.22222222
K= 2794
24.7366148754
K= 2795
7192.0
K= 2796
320.128223769
K= 2797
80.2203112181
K= 2798
28.3393419451
K= 2799
161.354835531
K= 2800
38.8104630322
K= 2801
7445.0
K= 2802
7189.07315952
K= 2803
70.0844255638
K= 2804
3975.0
K= 2805
73.0654576813
K= 2806
7445.0
K= 2807
41.6672196389
K= 2808
7191.52380952
K= 2809
7191.56521739
K= 2810
7191.33333333
K= 2811
23.8700407728
K= 2812
5226.23469295
K= 2813
728.726929421
K= 2814
7191.5
K= 2815
3975.0
K= 2816
44.914948068
K= 2817
7192.0
K= 2818
7446.0
K= 2819
3750.52380952
K= 2820
7204.84083074
K= 2821
3596.5
K= 2822
7191.66666667
K= 2823
7445.0
K= 2824
27.3532342894
K= 2825
730.157935261
K= 2826
5273.13396035
K= 2827
6989.48695077
K= 2828
5236.18609223
K= 2829
80.8385783195
K= 2830
7445.0
K= 2831
3975.0
K= 2832
7445.0
K= 2833
7446.0
K= 2834
3750.44444444
K= 2835
7446.0
K= 2836
14657.0
K= 2837
7192.66666667
K= 2838
7446.0
K= 2839
4914.26084519
K= 2840
3749.16666667
K= 2841
7193.0
K= 2842
7445.0
K= 2843
7191.85026738
K= 2844
23.9503602196
K= 2845
349.653839757
K= 2846
3484.5
K= 2847
3473.75238095
K= 2848
81.6516832418
K= 2849
5265.38979018
K= 2850
86.1996156374
K= 2851
7191.87121212
K= 2852
7190.8
K= 2853
7192.5
K= 2854
23.35971079
K= 2855
419.91943142
K= 2856
7508.87970807
K= 2857
1287.84517675
K= 2858
7193.0
K= 2859
31.8508993177
K= 2860
653.256509139
K= 2861
777.331154353
K= 2862
7198.97777778
K= 2863
14888.0
K= 2864
7181.4047619
K= 2865
3596.5
K= 2866
7445.0
K= 2867
7445.0
K= 2868
7490.44480519
K= 2869
145.258849008
K= 2870
3748.81850566
K= 2871
743.513888889
K= 2872
671.303292496
K= 2873
7191.5
K= 2874
7191.51428571
K= 2875
7192.0
K= 2876
7445.0
K= 2877
276.494731566
K= 2878
66.5144566225
K= 2879
7191.78799489
K= 2880
7192.51428571
K= 2881
7192.5
K= 2882
7191.86111111
K= 2883
7444.0
K= 2884
744.496621383
K= 2885
8679.67578228
K= 2886
7191.2627451
K= 2887
7445.0
K= 2888
7191.7
K= 2889
161.221787335
K= 2890
25.3144852172
K= 2891
20.8280718927
K= 2892
7445.0
K= 2893
7445.0
K= 2894
7329.5
K= 2895
5130.43420154
K= 2896
10652.1555556
K= 2897
7192.0
K= 2898
7190.91666667
K= 2899
5275.13407331
K= 2900
7444.0
K= 2901
7167.1047619
K= 2902
7192.66666667
K= 2903
7192.51428571
K= 2904
7191.86363636
K= 2905
7445.0
K= 2906
3464.70277983
K= 2907
27640.3474373
K= 2908
7191.77777778
K= 2909
7445.0
K= 2910
6583.50616985
K= 2911
3746.87748918
K= 2912
264.079550052
K= 2913
2434.44265758
K= 2914
7445.0
K= 2915
7445.0
K= 2916
24.8139512754
K= 2917
727.561638392
K= 2918
698.772652999
K= 2919
123.917168511
K= 2920
7192.46666667
K= 2921
7446.0
K= 2922
7192.0
K= 2923
54.7349647748
K= 2924
66.474027087
K= 2925
27.3532342894
K= 2926
3536.16666667
K= 2927
7191.30555556
K= 2928
7191.1
K= 2929
48.0365086305
K= 2930
113.174803806
K= 2931
3747.53787879
K= 2932
7191.47368421
K= 2933
7192.60714286
K= 2934
7191.51428571
K= 2935
7192.0
K= 2936
7192.51428571
K= 2937
24.2818897273
K= 2938
7445.0
K= 2939
510.327662338
K= 2940
49.0489304139
K= 2941
3978.0
K= 2942
5325.95551657
K= 2943
22.8968965712
K= 2944
42.5666614502
K= 2945
3776.71504265
K= 2946
7445.0
K= 2947
7329.66666667
K= 2948
7445.0
K= 2949
7445.0
K= 2950
3975.0
K= 2951
37.3333333333
K= 2952
3484.5
K= 2953
7191.58333333
K= 2954
469.331545105
K= 2955
23.5891025643
K= 2956
3975.0
K= 2957
4036.60026738
K= 2958
7193.0
K= 2959
7191.3452381
K= 2960
691.479704924
K= 2961
7191.4
K= 2962
54.7349647748
K= 2963
1125.79625905
K= 2964
7192.93478261
K= 2965
107.811434652
K= 2966
7190.75
K= 2967
10649.8
K= 2968
5232.06802629
K= 2969
7190.33333333
K= 2970
7192.875
K= 2971
7445.0
K= 2972
3596.5
K= 2973
43.4812130213
K= 2974
141.932879456
K= 2975
7190.33333333
K= 2976
7191.45714286
K= 2977
709.649395482
K= 2978
7444.0
K= 2979
7445.0
K= 2980
157.725724649
K= 2981
7192.0
K= 2982
778.877651515
K= 2983
23.2052636836
K= 2984
2138.32663537
K= 2985
3853.24845656
K= 2986
27.207409507
K= 2987
7191.6
K= 2988
7446.0
K= 2989
7445.0
K= 2990
3469.67450244
K= 2991
3975.0
K= 2992
7190.58333333
K= 2993
25.7881937671
K= 2994
172.099220084
K= 2995
3750.38888889
K= 2996
3915.96686508
K= 2997
5249.60064326
K= 2998
7191.8974359
K= 2999
3749.16666667
K= 3000
148.223598973
K= 3001
8659.06802629
K= 3002
35.4257533561
K= 3003
29.2085420128
K= 3004
7192.90740741
K= 3005
680.274126407
K= 3006
25.7881937671
K= 3007
7445.0
K= 3008
55.2823819525
K= 3009
709.645612631
K= 3010
7446.0
K= 3011
7196.0
K= 3012
7445.0
K= 3013
53.8149135723
K= 3014
732.216916228
K= 3015
7445.0
K= 3016
7192.86542443
K= 3017
74.8747954217
K= 3018
57.7520778984
K= 3019
7188.57777778
K= 3020
469.729321195
K= 3021
439.417176852
K= 3022
72.4666907594
K= 3023
754.765828232
K= 3024
7192.51428571
K= 3025
5225.73469295
K= 3026
110.403741923
K= 3027
1899.67751046
K= 3028
38.190512426
K= 3029
3975.0
K= 3030
678.610002485
K= 3031
7191.9047619
K= 3032
3414.30532518
K= 3033
138.880415582
K= 3034
7445.0
K= 3035
20.2288197505
K= 3036
3466.69450502
K= 3037
7446.0
K= 3038
3750.875
K= 3039
36.6084629837
K= 3040
30.0342149502
K= 3041
7445.0
K= 3042
7445.0
K= 3043
7445.0
K= 3044
3723.66666667
K= 3045
68.8712272864
K= 3046
3745.17708286
K= 3047
102.452792497
K= 3048
3747.36883117
K= 3049
7191.78787879
K= 3050
3466.6995633
K= 3051
50.0036936244
K= 3052
51.1818157731
K= 3053
27609.232177
K= 3054
3750.38888889
K= 3055
7192.89473684
K= 3056
7445.0
K= 3057
3975.0
K= 3058
7191.5
K= 3059
7445.0
K= 3060
7192.46666667
K= 3061
7445.0
K= 3062
27.5524155578
K= 3063
7445.0
K= 3064
7445.0
K= 3065
3975.0
K= 3066
657.769558512
K= 3067
20.704761905
K= 3068
39.1362122995
K= 3069
7190.52941176
K= 3070
7192.43333333
K= 3071
29.5275901749
K= 3072
7191.5
K= 3073
7446.0
K= 3074
7446.0
K= 3075
41.9779693035
K= 3076
7191.48837209
K= 3077
5222.31564534
K= 3078
7193.0
K= 3079
7445.0
K= 3080
22.3237887789
K= 3081
4026.77593985
K= 3082
5952.47098151
K= 3083
7190.3
K= 3084
3975.0
K= 3085
3944.91011236
K= 3086
52.507488098
K= 3087
7191.51048951
K= 3088
7192.51428571
K= 3089
3531.0
K= 3090
5375.84226278
K= 3091
7445.0
K= 3092
3975.49845656
K= 3093
24.2818897273
K= 3094
7445.0
K= 3095
7191.59627329
K= 3096
42.9587933061
K= 3097
28.0307694509
K= 3098
7192.46666667
K= 3099
116.383293409
K= 3100
42.1464693201
K= 3101
1088.05946247
K= 3102
716.824687368
K= 3103
7191.25
K= 3104
615.127291753
K= 3105
54.7349647748
K= 3106
3531.0
K= 3107
7192.0
K= 3108
7193.0
K= 3109
5222.56802629
K= 3110
7452.78571429
K= 3111
7446.0
K= 3112
7329.5
K= 3113
4747.25666607
K= 3114
436.644268782
K= 3115
24.1798930253
K= 3116
54.9147118377
K= 3117
3968.06594517
K= 3118
26111.0
K= 3119
7190.51428571
K= 3120
3755.85634534
K= 3121
7193.0
K= 3122
67.9992429896
K= 3123
281.902380952
K= 3124
40943.0
K= 3125
7193.0
K= 3126
7445.0
K= 3127
3750.44444444
K= 3128
7931.99691313
K= 3129
55.8333333334
K= 3130
3970.25522533
K= 3131
5238.62958052
K= 3132
486.193365721
K= 3133
182.85386824
K= 3134
171.247532029
K= 3135
388.188579622
K= 3136
693.46957672
K= 3137
7445.0
K= 3138
7263.0
K= 3139
3461.67781503
K= 3140
7445.0
K= 3141
7192.47368421
K= 3142
5246.15135962
K= 3143
398.247112996
K= 3144
7191.7
K= 3145
24.1922236083
K= 3146
7445.0
K= 3147
3858.5
K= 3148
7191.44444444
K= 3149
10648.6
K= 3150
3768.85890332
K= 3151
7445.0
K= 3152
7444.17575758
K= 3153
7117.05821238
K= 3154
3531.0
K= 3155
7446.0
K= 3156
54.8682981081
K= 3157
7885.0
K= 3158
7445.0
K= 3159
5233.52966465
K= 3160
7264.66666667
K= 3161
3750.66666667
K= 3162
38.6399002435
K= 3163
7192.6
K= 3164
7466.17300595
K= 3165
3888.71504265
K= 3166
7455.13333333
K= 3167
6969.0
K= 3168
7446.0
K= 3169
60.3011253879
K= 3170
7446.0
K= 3171
30.0072445679
K= 3172
7190.83333333
K= 3173
7446.0
K= 3174
48.3546178795
K= 3175
26.0424509172
K= 3176
7191.84637068
K= 3177
191.440970456
K= 3178
81.6456331376
K= 3179
3750.99275362
K= 3180
745.416593627
K= 3181
3531.0
K= 3182
20.6589745792
K= 3183
7192.60714286
K= 3184
7191.73069498
K= 3185
7192.0
K= 3186
5265.34067121
K= 3187
51.4134554589
K= 3188
7533.49631905
K= 3189
52.087608708
K= 3190
117.684343824
K= 3191
7446.0
K= 3192
27551.2947289
K= 3193
7445.0
K= 3194
3749.33333333
K= 3195
7445.0
K= 3196
7192.0
K= 3197
7446.0
K= 3198
77.6097935039
K= 3199
7445.0
K= 3200
49.1755608092
K= 3201
39.1923015149
K= 3202
7445.0
K= 3203
7445.0
K= 3204
3531.0
K= 3205
7192.0
K= 3206
3975.0
K= 3207
49.7207214299
K= 3208
3786.0
K= 3209
7446.0
K= 3210
802.110341014
K= 3211
7191.58333333
K= 3212
10650.0285714
K= 3213
3975.0
K= 3214
7445.0
K= 3215
7191.1
K= 3216
5374.15446016
K= 3217
3975.0
K= 3218
62.6423285584
K= 3219
5232.38816889
K= 3220
32.8500311922
K= 3221
3596.5
K= 3222
7191.86666667
K= 3223
5226.01457418
K= 3224
228.731158539
K= 3225
40.1860789142
K= 3226
7191.40106952
K= 3227
7446.0
K= 3228
40943.0
K= 3229
7192.46666667
K= 3230
7191.25
K= 3231
728.37830399
K= 3232
685.866331458
K= 3233
7445.0
K= 3234
10922.4666667
K= 3235
470.188363896
K= 3236
7446.0
K= 3237
86.0044302895
K= 3238
7445.0
K= 3239
7190.60714286
K= 3240
7192.5
K= 3241
419.626014535
K= 3242
61.7133095344
K= 3243
7192.0
K= 3244
7445.0
K= 3245
7445.0
K= 3246
14965.2356322
K= 3247
3975.0
K= 3248
3971.48737374
K= 3249
672.98423677
K= 3250
48.3546178795
K= 3251
7445.0
K= 3252
23.8700407727
K= 3253
7445.0
K= 3254
7161.66666667
K= 3255
3760.20087657
K= 3256
111.177077703
K= 3257
7191.86226204
K= 3258
352.036888357
K= 3259
7193.0
K= 3260
52.2326898385
K= 3261
7445.0
K= 3262
3955.99314917
K= 3263
7191.85714286
K= 3264
7329.0
K= 3265
40943.0
K= 3266
7191.1
K= 3267
5521.6519371
K= 3268
3755.25666667
K= 3269
5222.73469295
K= 3270
7446.0
K= 3271
55.5222183025
K= 3272
7445.0
K= 3273
7192.5
K= 3274
232.579483968
K= 3275
3596.5
K= 3276
3462.11883399
K= 3277
69.6680076591
K= 3278
29.9028207796
K= 3279
32.3474768394
K= 3280
7191.46666667
K= 3281
7445.0
K= 3282
398.744384775
K= 3283
60.0812325319
K= 3284
7445.0
K= 3285
45.3804933389
K= 3286
1899.67751046
K= 3287
3531.0
K= 3288
6874.58333333
K= 3289
7191.89473684
K= 3290
37.2118529826
K= 3291
193.035038049
K= 3292
7445.0
K= 3293
46.6457616414
K= 3294
739.644512564
K= 3295
3534.5
K= 3296
7445.0
K= 3297
7191.66666667
K= 3298
7191.6
K= 3299
59.1915497333
K= 3300
30.8166456345
K= 3301
771.352089172
K= 3302
3975.0
K= 3303
7445.0
K= 3304
5291.12708747
K= 3305
7445.0
K= 3306
23.3694464929
K= 3307
7192.0
K= 3308
7190.58333333
K= 3309
7445.0
K= 3310
24.2818897273
K= 3311
3888.71504265
K= 3312
7452.32081807
K= 3313
7190.6
K= 3314
7446.0
K= 3315
127.737483165
K= 3316
7186.5
K= 3317
7191.46666667
K= 3318
7192.3
K= 3319
7190.58333333
K= 3320
21.1530732994
K= 3321
7445.0
K= 3322
3596.5
K= 3323
28.2082441685
K= 3324
98.3096408363
K= 3325
73.6369115835
K= 3326
40.1080098373
K= 3327
7463.33333333
K= 3328
57.541437991
K= 3329
3445.57142857
K= 3330
50.6564062961
K= 3331
7191.66666667
K= 3332
7445.0
K= 3333
7445.0
K= 3334
3775.10004107
K= 3335
3786.0
K= 3336
182.229947632
K= 3337
7191.3
K= 3338
7445.0
K= 3339
10641.2666667
K= 3340
3782.58690476
K= 3341
675.193121245
K= 3342
7446.0
K= 3343
7446.0
K= 3344
26.7010182523
K= 3345
7192.0
K= 3346
4016.85714286
K= 3347
3746.35855127
K= 3348
7200.4234997
K= 3349
11159.0
K= 3350
7191.5
K= 3351
3748.57559524
K= 3352
119.74913041
K= 3353
7191.47368421
K= 3354
11159.0
K= 3355
770.318265521
K= 3356
45.2718456308
K= 3357
59.545364078
K= 3358
7329.66666667
K= 3359
145.317121523
K= 3360
3723.675
K= 3361
7192.94791667
K= 3362
3723.1
K= 3363
7411.0
K= 3364
3975.0
K= 3365
3975.0
K= 3366
54.7349647747
K= 3367
7445.0
K= 3368
49.0434631854
K= 3369
3745.33333333
K= 3370
7192.3
K= 3371
7191.1
K= 3372
44.0831028618
K= 3373
7191.60185185
K= 3374
7191.58333333
K= 3375
7191.1
K= 3376
7445.0
K= 3377
7192.5
K= 3378
668.3737806
K= 3379
3786.0
K= 3380
7192.0
K= 3381
7192.3
K= 3382
7445.0
K= 3383
3975.0
K= 3384
229.1869527
K= 3385
3466.69956329
K= 3386
7191.33333333
K= 3387
3975.0
K= 3388
3975.0
K= 3389
7445.0
K= 3390
26.0831452864
K= 3391
5891.90714385
K= 3392
8664.06802629
K= 3393
7192.0
K= 3394
7191.33333333
K= 3395
3955.99314917
K= 3396
7192.0
K= 3397
3596.5
K= 3398
7445.0
K= 3399
3596.5
K= 3400
7446.0
K= 3401
7446.0
K= 3402
724.606318908
K= 3403
725.283333333
K= 3404
7445.0
K= 3405
5331.13382929
K= 3406
5272.8430231
K= 3407
323.374684176
K= 3408
697.813038257
K= 3409
42.1104055751
K= 3410
734.762886375
K= 3411
19.8333333335
K= 3412
53.4899890322
K= 3413
3750.33333333
K= 3414
7192.86542443
K= 3415
78.4508224399
K= 3416
759.528291317
K= 3417
3745.4120915
K= 3418
7445.0
K= 3419
3958.74711898
K= 3420
48.3546178795
K= 3421
58.0164666405
K= 3422
7445.0
K= 3423
7445.0
K= 3424
668.3737806
K= 3425
7088.0
K= 3426
7191.5
K= 3427
48.2939688917
K= 3428
7171.9
K= 3429
176.327296627
K= 3430
7191.33333333
K= 3431
45.0557115289
K= 3432
7445.0
K= 3433
7191.58808933
K= 3434
57.1328905725
K= 3435
3814.33015873
K= 3436
7192.7
K= 3437
7188.68421053
K= 3438
7193.0
K= 3439
3975.0
K= 3440
3596.5
K= 3441
7191.0
K= 3442
3604.0
K= 3443
28.5936943587
K= 3444
7446.0
K= 3445
372.049311927
K= 3446
7446.0
K= 3447
3484.5
K= 3448
261.498266481
K= 3449
24.1011343743
K= 3450
7191.95238095
K= 3451
7446.0
K= 3452
10922.2627451
K= 3453
748.922423323
K= 3454
3531.0
K= 3455
7183.66666667
K= 3456
3484.5
K= 3457
46.3235447441
K= 3458
3975.0
K= 3459
7192.0
K= 3460
7445.0
K= 3461
3775.43095016
K= 3462
7192.0
K= 3463
7446.0
K= 3464
19.8333333335
K= 3465
7202.21060273
K= 3466
48.3546178795
K= 3467
7445.0
K= 3468
5250.5576406
K= 3469
3975.0
K= 3470
71.5303711668
K= 3471
740.489920125
K= 3472
7191.8
K= 3473
7445.0
K= 3474
29.4889177916
K= 3475
3975.0
K= 3476
7445.0
K= 3477
1261.84639889
K= 3478
7190.51428571
K= 3479
31.3994356489
K= 3480
7192.3
K= 3481
272.871027341
K= 3482
7191.54980843
K= 3483
7191.44444444
K= 3484
46.5429976101
K= 3485
52.9567318382
K= 3486
3748.57559524
K= 3487
7445.0
K= 3488
688.671411674
K= 3489
7445.0
K= 3490
7148.04040404
K= 3491
2956.85913034
K= 3492
7446.0
K= 3493
6508.83372953
K= 3494
7446.0
K= 3495
11156.0
K= 3496
7445.0
K= 3497
7452.78571429
K= 3498
40.0497325931
K= 3499
7445.0
K= 3500
34.0804978944
K= 3501
440.081777724
K= 3502
3975.0
K= 3503
3786.0
K= 3504
7192.89473684
K= 3505
7445.0
K= 3506
4020.83333333
K= 3507
3858.5
K= 3508
24.7366148754
K= 3509
624.290091896
K= 3510
7192.84444444
K= 3511
3438.53754137
K= 3512
3596.5
K= 3513
4004.47174603
K= 3514
50.5991013596
K= 3515
3596.5452381
K= 3516
172.045175489
K= 3517
27533.2354417
K= 3518
3792.63890056
K= 3519
53.2543384846
K= 3520
39.2170855944
K= 3521
3975.0
K= 3522
7193.53440285
K= 3523
3975.0
K= 3524
670.597896507
K= 3525
3530.0
K= 3526
26.3843234248
K= 3527
7193.0
K= 3528
34.5517787561
K= 3529
7445.0
K= 3530
653.041525153
K= 3531
7445.0
K= 3532
7445.0
K= 3533
3986.93723014
K= 3534
4100.41666667
K= 3535
27554.0077938
K= 3536
7192.0
K= 3537
7445.0
K= 3538
23.8700407727
K= 3539
3955.99314917
K= 3540
28016.6003583
K= 3541
7191.86542443
K= 3542
472.713431239
K= 3543
7445.0
K= 3544
7446.0
K= 3545
1403.73213604
K= 3546
7446.0
K= 3547
3975.0
K= 3548
20.2288197505
K= 3549
7445.0
K= 3550
7445.0
K= 3551
54.349523586
K= 3552
3901.16958051
K= 3553
54.7349647747
K= 3554
7445.0
K= 3555
7191.46666667
K= 3556
671.303292496
K= 3557
7445.0
K= 3558
1595.20993443
K= 3559
7445.0
K= 3560
76.4482188423
K= 3561
5240.68142318
K= 3562
51.5584950713
K= 3563
7445.0
K= 3564
3757.18051578
K= 3565
7446.0
K= 3566
25.5347738093
K= 3567
7191.86542443
K= 3568
3974.49845656
K= 3569
7446.0
K= 3570
3975.0
K= 3571
3975.0
K= 3572
7445.0
K= 3573
7445.0
K= 3574
752.958463758
K= 3575
7445.0
K= 3576
3975.0
K= 3577
63.8370222586
K= 3578
3481.50723655
K= 3579
76.5385551156
K= 3580
7445.0
K= 3581
115.324822927
K= 3582
7445.0
K= 3583
7445.0
K= 3584
724.05952381
K= 3585
7445.0
K= 3586
702.693633896
K= 3587
292.271039424
K= 3588
5239.97278819
K= 3589
22.2370358822
K= 3590
3952.82049202
K= 3591
7191.89473684
K= 3592
7446.0
K= 3593
7446.0
K= 3594
706.96951255
K= 3595
7445.0
K= 3596
77.7177017879
K= 3597
7190.58333333
K= 3598
3975.0
K= 3599
22.1549773782
K= 3600
7191.51428571
Betweenness Centrality Improvement
[ 0.  0.  0. ...,  0.  0.  0.]
Top 20 BC Improvement
[2745 3265 3228 3124 3540 2682 2907 2434 2602 3053 2496 3535 3192 2645 3517
 3118 3246 2628 2565 2863]
Top 20 BC Improvement
[ 56031.05740012  40943.          40943.          40943.          28016.60035832
  27653.4576193   27640.34743731  27631.19162455  27623.8170693
  27609.23217697  27606.99159411  27554.00779385  27551.29472886
  27536.31473463  27533.2354417   26111.          14965.23563218
  14957.37605664  14892.          14888.        ]
