txValue= 1000000
IGRAPH D--- 4619 68733 -- 
+ attr: pub_key (v), base_fee (e), capacity (e), fee_rate (e), txCost (e)
None
IGRAPH D--- 4619 50297 -- 
+ attr: pub_key (v), base_fee (e), capacity (e), fee_rate (e), txCost (e)
None
Our nodes starting connections: 
(4618, 2796)
(4618, 1223)
(4618, 1163)
(4618, 222)
(4618, 498)
(4618, 797)
K= 0
209.048329777
K= 1
90.5498904451
K= 2
65.8184963712
K= 3
211.24324759
K= 4
10874.8769841
K= 5
3776.88256639
K= 6
372.445293083
K= 7
53.7787960302
K= 8
3751.26666667
K= 9
24.3691196707
K= 10
7152.75
K= 11
49.5461168415
K= 12
21373.3
K= 13
82.5946948181
K= 14
30.5730362015
K= 15
368.334080676
K= 16
7112.43333333
K= 17
7446.0
K= 18
33.5248603642
K= 19
74.5241389098
K= 20
57.217990973
K= 21
25.3818897274
K= 22
7288.25
K= 23
7141.1
K= 24
3745.37060198
K= 25
53.2672035669
K= 26
24.9700407726
K= 27
3441.61904762
K= 28
7152.54761905
K= 29
23.8747830682
K= 30
7288.5
K= 31
7151.81233363
K= 32
2007.2405267
K= 33
41.5283450754
K= 34
7142.21428571
K= 35
20.3119064788
K= 36
7148.51428571
K= 37
27.3865809948
K= 38
7150.33333333
K= 39
41.6059913146
K= 40
7152.84615385
K= 41
7152.66666667
K= 42
7152.4
K= 43
24.7458471553
K= 44
7150.65714286
K= 45
3750.0952381
K= 46
7252.0
K= 47
722.098059305
K= 48
3490.0
K= 49
7248.66666667
K= 50
54.5883112687
K= 51
7289.4
K= 52
782.100956486
K= 53
87.0839088268
K= 54
68.1818233507
K= 55
7152.33333333
K= 56
3481.25
K= 57
7161.66666667
K= 58
25.3818897274
K= 59
7152.6
K= 60
691.154403729
K= 61
99.6354817625
K= 62
100.61738668
K= 63
7153.0
K= 64
121.827570575
K= 65
7153.0
K= 66
8752.99735571
K= 67
10568.0
K= 68
7139.66666667
K= 69
799.171812596
K= 70
763.720051564
K= 71
5905.61146683
K= 72
741.165633939
K= 73
3748.79120879
K= 74
40.4641581783
K= 75
51.8521673274
K= 76
3555.25
K= 77
3556.25
K= 78
3750.01190476
K= 79
7152.86403509
K= 80
72.3359332923
K= 81
3984.94207811
K= 82
7152.87234043
K= 83
7152.70731707
K= 84
72.2730341742
K= 85
21.9604881341
K= 86
7163.21428571
K= 87
3752.11721015
K= 88
3556.25
K= 89
722.098059305
K= 90
339.123320621
K= 91
5214.74584336
K= 92
5101.38366042
K= 93
3560.46616359
K= 94
7152.46666667
K= 95
7289.25
K= 96
7151.2
K= 97
4008.54268526
K= 98
33.4007649724
K= 99
28.7804728877
K= 100
3974.49845656
K= 101
3751.96403509
K= 102
21.3349669836
K= 103
35.4125373866
K= 104
7152.35
K= 105
7152.25
K= 106
7152.46666667
K= 107
7151.33333333
K= 108
3904.06857041
K= 109
7152.3
K= 110
7144.15064103
K= 111
7446.0
K= 112
7445.0
K= 113
23.2512237763
K= 114
23.8484638599
K= 115
7151.46666667
K= 116
7152.94736842
K= 117
3556.25
K= 118
7153.0
K= 119
22.4072251359
K= 120
5223.64079285
K= 121
6977.0
K= 122
7176.25
K= 123
806.940256603
K= 124
7446.0
K= 125
7151.62637363
K= 126
53.8024273163
K= 127
5223.72319378
K= 128
10884.0
K= 129
125.156311982
K= 130
7153.0
K= 131
10872.6666667
K= 132
3780.14747581
K= 133
36.2764398148
K= 134
7140.73333333
K= 135
38.8632001916
K= 136
1999.2557052
K= 137
31.9626496916
K= 138
30459.2811659
K= 139
5213.40927437
K= 140
754.688446016
K= 141
7152.86324786
K= 142
7289.25
K= 143
122.391837523
K= 144
7152.5
K= 145
5292.32301088
K= 146
5212.74108145
K= 147
70.6464241124
K= 148
1218.01677859
K= 149
7289.25
K= 150
7153.0
K= 151
7484.11693405
K= 152
5895.85062528
K= 153
7289.4
K= 154
5362.24190024
K= 155
7446.0
K= 156
345.340764376
K= 157
7122.0
K= 158
7152.5
K= 159
271.604129246
K= 160
3749.33095238
K= 161
7446.0
K= 162
7152.71428571
K= 163
3780.14747581
K= 164
7152.83333333
K= 165
7289.66666667
K= 166
19.7666666668
K= 167
5217.24584336
K= 168
7224.33333333
K= 169
7138.66666667
K= 170
7153.0
K= 171
68.2938846981
K= 172
7152.51428571
K= 173
23.8484638599
K= 174
7149.875
K= 175
144.158194852
K= 176
7152.25
K= 177
7142.33333333
K= 178
7289.0
K= 179
7152.5
K= 180
30.7950429027
K= 181
7446.0
K= 182
52.7452005218
K= 183
128.684487687
K= 184
41.5877410283
K= 185
7153.0
K= 186
7153.0
K= 187
21.3288197508
K= 188
7446.0
K= 189
44.4516667947
K= 190
3563.0
K= 191
7152.98611111
K= 192
7153.0
K= 193
7152.93548387
K= 194
59.7925130718
K= 195
7152.75
K= 196
10883.5
K= 197
5242.62203383
K= 198
95.4458486349
K= 199
28.9458535446
K= 200
489.974808812
K= 201
3746.43300654
K= 202
80.3549945832
K= 203
10897.0
K= 204
7289.4
K= 205
21.3288197508
K= 206
7446.0
K= 207
5214.41251002
K= 208
33.7384447097
K= 209
7446.0
K= 210
7288.57142857
K= 211
165.898283027
K= 212
7225.43636364
K= 213
29.9986639665
K= 214
7152.6
K= 215
3563.0
K= 216
29.8410237022
K= 217
727.866100274
K= 218
3556.25
K= 219
65.9017044744
K= 220
5237.47394162
K= 221
37.1211123036
K= 222
17.3814786256
K= 223
7223.0
K= 224
7224.7
K= 225
5214.07917669
K= 226
29.6794188346
K= 227
7152.94444444
K= 228
3556.25
K= 229
7151.79166667
K= 230
778.555954278
K= 231
7152.88888889
K= 232
7227.0
K= 233
3424.96231743
K= 234
78.9125899943
K= 235
852.678738891
K= 236
7161.66666667
K= 237
7152.89090909
K= 238
780.952456533
K= 239
5327.22774861
K= 240
7153.0
K= 241
48.4692361269
K= 242
64.9773601575
K= 243
7445.0
K= 244
7289.45454545
K= 245
7152.58333333
K= 246
3996.98174048
K= 247
7445.0
K= 248
7445.0
K= 249
3556.25
K= 250
7151.95238095
K= 251
82.5722906187
K= 252
7141.80555556
K= 253
569.853195781
K= 254
7289.25
K= 255
7446.0
K= 256
42.2351717909
K= 257
763.720051564
K= 258
139.989865221
K= 259
3841.91512732
K= 260
96.3282780452
K= 261
7144.58333333
K= 262
7446.0
K= 263
21347.3
K= 264
7446.0
K= 265
49.5900980229
K= 266
26.3478380747
K= 267
88.5553533132
K= 268
7149.96428571
K= 269
42.3072707853
K= 270
3481.0
K= 271
7223.0
K= 272
7446.0
K= 273
7446.0
K= 274
7477.23611111
K= 275
3437.16081347
K= 276
715.87654321
K= 277
7152.46666667
K= 278
7153.0
K= 279
3499.84027778
K= 280
7223.0
K= 281
122.318664297
K= 282
318.456959665
K= 283
7152.66666667
K= 284
4052.57142857
K= 285
950.886089663
K= 286
89.2789041046
K= 287
47.900064609
K= 288
3683.61904762
K= 289
4078.31111111
K= 290
101.639555637
K= 291
7152.46666667
K= 292
7152.0
K= 293
31.0222353598
K= 294
340.057112476
K= 295
98.8495422625
K= 296
5371.60364615
K= 297
7226.48484849
K= 298
7152.85748792
K= 299
7144.58333333
K= 300
5210.77084336
K= 301
7151.33333333
K= 302
5218.74108145
K= 303
7152.16666667
K= 304
7446.0
K= 305
45.9662270502
K= 306
7495.61095162
K= 307
33.4874256556
K= 308
7289.45454545
K= 309
341.735474707
K= 310
7289.25
K= 311
3460.0
K= 312
814.196355367
K= 313
735.76537109
K= 314
7152.46666667
K= 315
7160.0
K= 316
212.206544037
K= 317
7446.0
K= 318
3459.63636364
K= 319
39.9617004409
K= 320
47.8439550134
K= 321
713.104576744
K= 322
7224.66666667
K= 323
7153.0
K= 324
7151.83333333
K= 325
7289.25
K= 326
7223.0
K= 327
736.293049932
K= 328
77.7610443998
K= 329
24.4707681967
K= 330
74.8450414736
K= 331
10843.1428571
K= 332
7446.0
K= 333
21.4444816932
K= 334
13991.4
K= 335
7150.85714286
K= 336
7152.62781955
K= 337
754.301353477
K= 338
7152.94871795
K= 339
75.495013505
K= 340
25.3818897274
K= 341
30553.6881441
K= 342
7147.66666667
K= 343
5208.96453023
K= 344
23.6103787059
K= 345
3454.25
K= 346
7166.66666667
K= 347
3747.44137396
K= 348
7152.49705882
K= 349
109.577291473
K= 350
51.2416493285
K= 351
8802.62211908
K= 352
84.1695739529
K= 353
10600.0
K= 354
7241.46964286
K= 355
7289.25
K= 356
7151.8422619
K= 357
7289.25
K= 358
32.0488739749
K= 359
7166.66666667
K= 360
341.735474707
K= 361
52.6670467469
K= 362
7150.30718954
K= 363
21.7589745792
K= 364
30554.369882
K= 365
779.338010185
K= 366
7289.7
K= 367
7152.86542443
K= 368
7446.0
K= 369
44.8455294627
K= 370
7446.0
K= 371
7287.86363636
K= 372
33.8125387186
K= 373
7153.0
K= 374
7153.0
K= 375
280.481040176
K= 376
7152.69230769
K= 377
312.895768841
K= 378
23.8484638599
K= 379
24.3052636834
K= 380
33.6325417468
K= 381
3494.46666667
K= 382
3751.62415459
K= 383
7145.30555556
K= 384
544.75338467
K= 385
7445.0
K= 386
3749.33095238
K= 387
3974.49845656
K= 388
5268.3119992
K= 389
10572.0
K= 390
53.8671563733
K= 391
7151.60714286
K= 392
3437.84320367
K= 393
35.1211215719
K= 394
7446.0
K= 395
7152.46666667
K= 396
68.2523298974
K= 397
7152.85054348
K= 398
7152.73655914
K= 399
843.178291317
K= 400
10868.6666667
K= 401
48.1181890354
K= 402
7152.46666667
K= 403
3750.01190476
K= 404
7446.0
K= 405
7152.94736842
K= 406
7446.0
K= 407
7152.96
K= 408
22389.4
K= 409
7446.0
K= 410
7445.0
K= 411
7152.3
K= 412
7152.0
K= 413
7446.0
K= 414
28.3254942875
K= 415
59.8305837342
K= 416
3849.24845656
K= 417
429.968237635
K= 418
7152.46666667
K= 419
30541.7881105
K= 420
121.009523117
K= 421
3803.44117092
K= 422
294.27412038
K= 423
7151.33333333
K= 424
7446.0
K= 425
7152.46666667
K= 426
777.463215824
K= 427
7152.9
K= 428
7152.76923077
K= 429
47.0629358052
K= 430
76.9849392052
K= 431
7151.0
K= 432
87.6508388065
K= 433
5216.16965288
K= 434
7143.4952381
K= 435
10572.0
K= 436
10882.4666667
K= 437
7152.78206897
K= 438
26.9172835262
K= 439
7152.46666667
K= 440
7152.0
K= 441
4052.57142857
K= 442
24.2132671117
K= 443
7139.66666667
K= 444
76.3416357399
K= 445
3462.0
K= 446
7152.66666667
K= 447
7289.4
K= 448
23.7680266364
K= 449
3443.25
K= 450
7446.0
K= 451
7153.0
K= 452
39.4647968996
K= 453
3772.59596787
K= 454
459.022166137
K= 455
7152.70731707
K= 456
7446.0
K= 457
767.962325072
K= 458
7151.68965517
K= 459
7445.0
K= 460
7152.85714286
K= 461
7223.0
K= 462
7141.4952381
K= 463
3751.62415459
K= 464
7152.70731707
K= 465
21.3288197506
K= 466
896.921591566
K= 467
276.386049001
K= 468
7152.46666667
K= 469
24.9700407726
K= 470
187.59550898
K= 471
37.3382780517
K= 472
5211.97679574
K= 473
67.1976618986
K= 474
25.8366148754
K= 475
7152.26666667
K= 476
7152.3
K= 477
7445.0
K= 478
5101.38366042
K= 479
7152.42857143
K= 480
115.931484847
K= 481
3435.46666667
K= 482
7152.4
K= 483
7112.43333333
K= 484
5280.96343433
K= 485
7152.66666667
K= 486
7445.0
K= 487
5246.38395511
K= 488
4702.59124201
K= 489
7446.0
K= 490
7446.0
K= 491
7446.0
K= 492
3556.25
K= 493
7160.0
K= 494
20.9598435115
K= 495
11008.1666667
K= 496
7152.74637681
K= 497
767.941364428
K= 498
24.1676547506
K= 499
7152.46666667
K= 500
23.7703337974
K= 501
3770.57157439
K= 502
20.9040119431
K= 503
3745.62012987
K= 504
722.098059305
K= 505
7445.0
K= 506
7288.66666667
K= 507
7112.43333333
K= 508
10884.0
K= 509
763.720051563
K= 510
722.098059305
K= 511
7152.86956522
K= 512
7152.43333333
K= 513
3443.25
K= 514
2612.20263031
K= 515
78.0794077592
K= 516
7152.8422619
K= 517
35.3848559454
K= 518
7151.33333333
K= 519
7114.74621212
K= 520
3749.62089419
K= 521
7290.0
K= 522
3984.94207811
K= 523
7153.0
K= 524
161.674473007
K= 525
7151.33333333
K= 526
7152.0
K= 527
494.228045153
K= 528
7762.86565041
K= 529
743.745812159
K= 530
29.6794188349
K= 531
7445.0
K= 532
7446.0
K= 533
65.8220152394
K= 534
7152.46666667
K= 535
7152.72727273
K= 536
7145.0970696
K= 537
29.1753684194
K= 538
765.671024418
K= 539
3421.82564125
K= 540
45.5597924839
K= 541
3974.49845656
K= 542
21.4801783732
K= 543
7152.90740741
K= 544
7145.13636364
K= 545
7151.5
K= 546
68.6570773248
K= 547
5101.38366042
K= 548
5885.38270732
K= 549
7122.0
K= 550
65.7494363342
K= 551
7289.25
K= 552
7445.0
K= 553
7151.0
K= 554
7144.58333333
K= 555
771.15155998
K= 556
250.017854008
K= 557
7151.72222222
K= 558
770.487040006
K= 559
7445.0
K= 560
7142.66666667
K= 561
560.523229548
K= 562
780.07908014
K= 563
7152.70731707
K= 564
7801.88333333
K= 565
809.756545105
K= 566
7289.25
K= 567
184.753337919
K= 568
7152.46666667
K= 569
177.678743002
K= 570
585.694487822
K= 571
7151.84637068
K= 572
292.735529645
K= 573
7151.77419355
K= 574
7226.21428571
K= 575
758.786182682
K= 576
7141.00779221
K= 577
28.8913357607
K= 578
7153.0
K= 579
3447.0
K= 580
50.4169890697
K= 581
106.175352185
K= 582
7148.46666667
K= 583
94.8920121549
K= 584
7159.0
K= 585
7288.82352941
K= 586
7445.0
K= 587
7446.0
K= 588
7289.25
K= 589
58.6449881312
K= 590
7151.5
K= 591
4047.96257631
K= 592
10958.0952381
K= 593
7445.0
K= 594
10866.8167488
K= 595
7153.0
K= 596
28.196177318
K= 597
7152.68645161
K= 598
50.1548954425
K= 599
2386.19845026
K= 600
3752.11721015
K= 601
747.687439223
K= 602
7152.77714286
K= 603
7152.88235294
K= 604
735.439475134
K= 605
3751.61693405
K= 606
3990.7572205
K= 607
3556.25
K= 608
23.1082275221
K= 609
236.221113561
K= 610
7153.0
K= 611
7289.25
K= 612
3744.92756016
K= 613
793.744850426
K= 614
7151.52941176
K= 615
7152.78206897
K= 616
7166.66666667
K= 617
28.1534583666
K= 618
33.6874996885
K= 619
7153.0
K= 620
7139.58333333
K= 621
695.410231827
K= 622
27.2061800929
K= 623
284.160417009
K= 624
7153.0
K= 625
10883.6470588
K= 626
7143.58333333
K= 627
28.1873244036
K= 628
7301.00714286
K= 629
7166.66666667
K= 630
7153.0
K= 631
7290.0
K= 632
7152.51428571
K= 633
7152.43333333
K= 634
7446.0
K= 635
7151.74637681
K= 636
7152.88059701
K= 637
5276.31151359
K= 638
3435.85714286
K= 639
7764.06518294
K= 640
3974.49845656
K= 641
7153.0
K= 642
71.4183355214
K= 643
5209.47917669
K= 644
7445.0
K= 645
7152.76592593
K= 646
656.609879718
K= 647
7151.6
K= 648
7152.70731707
K= 649
7152.0
K= 650
7151.05555556
K= 651
806.92866071
K= 652
5727.82234795
K= 653
7289.25
K= 654
4007.64892647
K= 655
3556.25
K= 656
7152.46666667
K= 657
3424.95186408
K= 658
30.627590175
K= 659
7446.0
K= 660
7152.30555556
K= 661
7152.85982906
K= 662
18350.4
K= 663
5979.73180963
K= 664
7446.0
K= 665
7445.0
K= 666
7141.21428571
K= 667
7146.25
K= 668
7151.33333333
K= 669
35.2064042827
K= 670
3453.72123482
K= 671
7292.4
K= 672
778.822954823
K= 673
40.4175555222
K= 674
170.062634303
K= 675
63.291709519
K= 676
7151.4
K= 677
7151.82608696
K= 678
1364.93229493
K= 679
7139.73333333
K= 680
7152.3
K= 681
14945.2619048
K= 682
79.2358326167
K= 683
7180.27380952
K= 684
7445.0
K= 685
7138.66666667
K= 686
32.5740728253
K= 687
282.116993961
K= 688
7153.0
K= 689
261.699249631
K= 690
7225.7
K= 691
4064.50476191
K= 692
34.4086931832
K= 693
7289.25
K= 694
19.7666666668
K= 695
5234.54114193
K= 696
7289.7
K= 697
30492.4808128
K= 698
7289.25
K= 699
7161.33333333
K= 700
7153.0
K= 701
3420.0
K= 702
3749.34749035
K= 703
66.4939872525
K= 704
7152.46666667
K= 705
1070.27848098
K= 706
5101.38366042
K= 707
7289.25
K= 708
722.098059305
K= 709
25.1269104155
K= 710
7446.0
K= 711
25.8366148754
K= 712
7152.72222222
K= 713
75.0404580717
K= 714
7445.0
K= 715
7152.58333333
K= 716
21.496896571
K= 717
7289.25
K= 718
11278.3010695
K= 719
36.564833656
K= 720
128.244803737
K= 721
3427.93079925
K= 722
53.1590965616
K= 723
837.315567333
K= 724
22441.7318296
K= 725
7289.0
K= 726
7105.0
K= 727
3442.25
K= 728
7445.0
K= 729
7153.51428571
K= 730
19.4333333336
K= 731
7445.0
K= 732
4007.34612258
K= 733
7139.66666667
K= 734
45.8791993852
K= 735
3747.95449989
K= 736
7222.0
K= 737
7153.0
K= 738
7224.06666667
K= 739
10996.2833333
K= 740
7152.83673469
K= 741
23.839759178
K= 742
3780.20638415
K= 743
71.192682635
K= 744
7151.58333333
K= 745
3749.67559524
K= 746
60.7929850533
K= 747
7152.56521739
K= 748
7151.05555556
K= 749
7161.23871509
K= 750
56.6920871446
K= 751
30.4179510181
K= 752
483.864725972
K= 753
7151.84615385
K= 754
30557.9669649
K= 755
7140.18333333
K= 756
701.63264252
K= 757
7152.66666667
K= 758
7151.66666667
K= 759
502.028456175
K= 760
725.046710402
K= 761
7287.4
K= 762
7152.91891892
K= 763
7446.0
K= 764
7446.0
K= 765
82.1137308977
K= 766
7445.0
K= 767
7152.46666667
K= 768
7152.25
K= 769
26.2588966589
K= 770
7153.0
K= 771
3771.06216672
K= 772
32.3843597285
K= 773
7289.625
K= 774
72.903098508
K= 775
7151.46666667
K= 776
3490.0
K= 777
7152.85026738
K= 778
530.004543548
K= 779
7148.98507463
K= 780
35.0512675804
K= 781
3666.85
K= 782
7292.4
K= 783
61.9005207645
K= 784
7160.78571429
K= 785
7445.0
K= 786
10569.2142857
K= 787
7162.21428571
K= 788
99.0157224389
K= 789
82.7594609067
K= 790
102.404368827
K= 791
7152.86666667
K= 792
7117.74844804
K= 793
7152.8422619
K= 794
26.0264702193
K= 795
7152.62790698
K= 796
557.273889513
K= 797
30.3150184767
K= 798
7293.4
K= 799
7371.0
K= 800
667.876802156
K= 801
7223.0
K= 802
7151.6
K= 803
3482.66666667
K= 804
3745.78717949
K= 805
21.9280718926
K= 806
65.6436577505
K= 807
502.892507464
K= 808
7152.1
K= 809
3751.04444444
K= 810
7445.0
K= 811
7151.89473684
K= 812
26.6033548519
K= 813
7445.0
K= 814
7222.06666667
K= 815
7223.0
K= 816
187.223998738
K= 817
7289.25
K= 818
14921.658365
K= 819
3771.39630558
K= 820
7139.66666667
K= 821
7289.30769231
K= 822
7446.0
K= 823
34.7611161075
K= 824
7152.86666667
K= 825
3490.0
K= 826
7226.0
K= 827
7152.0
K= 828
58.3916086184
K= 829
304.094197494
K= 830
3460.0
K= 831
7138.66666667
K= 832
21.4444816932
K= 833
7141.53517787
K= 834
25.0191375478
K= 835
7289.5
K= 836
7151.0
K= 837
58.497223181
K= 838
86.0100784805
K= 839
74.0734084046
K= 840
7150.58333333
K= 841
3428.0
K= 842
791.716703287
K= 843
275.349712627
K= 844
3746.3746732
K= 845
7152.0
K= 846
42.2257083962
K= 847
7151.75
K= 848
760.804115511
K= 849
7152.79421769
K= 850
7152.59
K= 851
625.12199388
K= 852
22.3855006609
K= 853
11464.0496833
K= 854
30478.4393391
K= 855
10570.5833333
K= 856
59.8442717895
K= 857
341.666066296
K= 858
7289.0
K= 859
3556.25
K= 860
141.454159544
K= 861
7152.0
K= 862
7153.66666667
K= 863
47.1472816342
K= 864
40.091656294
K= 865
7145.66013072
K= 866
7152.5
K= 867
3427.70164788
K= 868
7152.70731707
K= 869
3749.901839
K= 870
7445.0
K= 871
5881.74717855
K= 872
3428.0
K= 873
7162.2627451
K= 874
7152.22222222
K= 875
7152.46666667
K= 876
7288.4
K= 877
856.278915701
K= 878
7445.0
K= 879
7445.0
K= 880
5252.90518706
K= 881
7151.44791667
K= 882
28.0013324856
K= 883
7152.46666667
K= 884
7289.5
K= 885
727.165633939
K= 886
728.244466634
K= 887
7152.52380952
K= 888
7152.72222222
K= 889
60.7768604551
K= 890
47.3962849921
K= 891
5301.18582003
K= 892
5211.16449138
K= 893
7152.86403509
K= 894
7152.66666667
K= 895
4040.54404762
K= 896
7149.97297297
K= 897
3556.25
K= 898
4063.79563492
K= 899
7371.0
K= 900
131.052037487
K= 901
7292.25
K= 902
3490.0
K= 903
7289.25
K= 904
7289.4
K= 905
5473.74690192
K= 906
7154.0
K= 907
60.3237319402
K= 908
31.0517342295
K= 909
7153.0
K= 910
71.55993138
K= 911
7152.20454545
K= 912
790.511374006
K= 913
7151.82065728
K= 914
7148.01754386
K= 915
384.244200841
K= 916
7446.0
K= 917
7291.0
K= 918
3780.14747581
K= 919
3969.48737374
K= 920
25.872310994
K= 921
4007.64892647
K= 922
7446.0
K= 923
7143.66666667
K= 924
7152.92105263
K= 925
24.8683918852
K= 926
23.8484638599
K= 927
5214.3764547
K= 928
278.253393388
K= 929
7152.46666667
K= 930
637.495379317
K= 931
28.9068844651
K= 932
40.3996400465
K= 933
276.069125323
K= 934
7151.57777778
K= 935
21.3349669836
K= 936
7446.0
K= 937
141.058781034
K= 938
7445.0
K= 939
7152.0
K= 940
7153.0
K= 941
7152.46666667
K= 942
7153.0
K= 943
7152.0
K= 944
4044.56877308
K= 945
3420.36138614
K= 946
3436.0
K= 947
83.3368355294
K= 948
7289.25
K= 949
7289.4
K= 950
26.0815093226
K= 951
86.7790172421
K= 952
3763.15769481
K= 953
7152.79166667
K= 954
3556.25
K= 955
7446.0
K= 956
7151.89361702
K= 957
3752.11693405
K= 958
5214.07917669
K= 959
82.145206545
K= 960
807.261638392
K= 961
7446.0
K= 962
7139.66666667
K= 963
21.4801783732
K= 964
7152.375
K= 965
7293.4
K= 966
3563.0
K= 967
7152.86542443
K= 968
3792.78584675
K= 969
7122.0
K= 970
92.6271983567
K= 971
280.98671389
K= 972
7445.0
K= 973
7445.0
K= 974
3556.25
K= 975
3556.25
K= 976
3454.43333333
K= 977
34.8968683633
K= 978
7139.66666667
K= 979
126.869308662
K= 980
7223.0
K= 981
7445.0
K= 982
32.0734630881
K= 983
7446.0
K= 984
512.846632674
K= 985
7153.0
K= 986
7151.92198582
K= 987
1650.13366416
K= 988
3421.39689657
K= 989
7152.70707071
K= 990
7140.66666667
K= 991
45.8685221309
K= 992
7446.0
K= 993
5241.7256702
K= 994
7152.0
K= 995
234.835087063
K= 996
7151.76190476
K= 997
67.1377195879
K= 998
3751.88571429
K= 999
7139.66666667
K= 1000
7289.25
K= 1001
7152.80567376
K= 1002
7446.0
K= 1003
450.771535885
K= 1004
25.8366148754
K= 1005
794.999445875
K= 1006
213.162961584
K= 1007
5496.86444795
K= 1008
59.9968830992
K= 1009
7446.0
K= 1010
7160.0
K= 1011
21337.3
K= 1012
5609.54453142
K= 1013
7289.25
K= 1014
5222.68388126
K= 1015
7151.55555556
K= 1016
27.8010182523
K= 1017
7152.94444444
K= 1018
7152.46666667
K= 1019
7289.4
K= 1020
3974.49845656
K= 1021
7289.25
K= 1022
7445.0
K= 1023
3556.25
K= 1024
5213.82917669
K= 1025
7152.09926471
K= 1026
3749.95634921
K= 1027
7445.0
K= 1028
5213.36103522
K= 1029
7446.0
K= 1030
5599.18643172
K= 1031
4081.85784314
K= 1032
25.3818897274
K= 1033
7152.78974359
K= 1034
93.3066024662
K= 1035
7151.0
K= 1036
31.9816056851
K= 1037
6523.07759649
K= 1038
60.9264009891
K= 1039
19147.25
K= 1040
5247.47203383
K= 1041
7151.34210526
K= 1042
45.268670141
K= 1043
7153.0
K= 1044
4227.94455532
K= 1045
3970.48737374
K= 1046
7289.25
K= 1047
662.142445312
K= 1048
3746.36836007
K= 1049
192.828104781
K= 1050
3727.0
K= 1051
7152.41666667
K= 1052
7151.84444444
K= 1053
53.0255683032
K= 1054
5305.82250952
K= 1055
7152.45714286
K= 1056
7223.0
K= 1057
7140.94920635
K= 1058
1624.55463118
K= 1059
42.7826147415
K= 1060
50.1074367287
K= 1061
80.9127800302
K= 1062
27.1307632294
K= 1063
3357.40702904
K= 1064
101.954206095
K= 1065
7153.0
K= 1066
7151.83333333
K= 1067
7225.21428571
K= 1068
24.5405816117
K= 1069
3490.0
K= 1070
74.2179619479
K= 1071
7445.0
K= 1072
3988.20653701
K= 1073
7152.0
K= 1074
3747.54404762
K= 1075
7288.25
K= 1076
48.3298234297
K= 1077
7152.46666667
K= 1078
21.9280718926
K= 1079
7445.0
K= 1080
6523.07759649
K= 1081
25.50212908
K= 1082
7152.76923077
K= 1083
3556.25
K= 1084
7152.70731707
K= 1085
25.0623174326
K= 1086
795.20945354
K= 1087
7152.70731707
K= 1088
22.3855006609
K= 1089
7153.0
K= 1090
781.584124068
K= 1091
70.0665165007
K= 1092
73.5114221901
K= 1093
7446.0
K= 1094
5234.59721823
K= 1095
7151.90625
K= 1096
7445.0
K= 1097
7152.47368421
K= 1098
7151.8422619
K= 1099
7446.0
K= 1100
67.8332301953
K= 1101
492.011392273
K= 1102
3489.0
K= 1103
7150.5
K= 1104
446.464398193
K= 1105
7153.0
K= 1106
32.472723926
K= 1107
10886.0
K= 1108
7446.0
K= 1109
7152.95238095
K= 1110
47.8729606415
K= 1111
7152.6
K= 1112
7152.70731707
K= 1113
5245.78082179
K= 1114
7151.44444444
K= 1115
27.6608431651
K= 1116
7446.0
K= 1117
54.4953320259
K= 1118
60.6877265915
K= 1119
7151.25
K= 1120
7151.15
K= 1121
7152.5
K= 1122
5879.96090982
K= 1123
7446.0
K= 1124
7067.97777778
K= 1125
7152.60714286
K= 1126
79.4081342649
K= 1127
3750.54444444
K= 1128
10881.0
K= 1129
7152.46666667
K= 1130
7148.91666667
K= 1131
7445.0
K= 1132
405.179676325
K= 1133
7445.0
K= 1134
7445.0
K= 1135
7151.71497585
K= 1136
3556.25
K= 1137
10557.0155844
K= 1138
4139.83333333
K= 1139
7144.03369556
K= 1140
3751.975
K= 1141
500.286428103
K= 1142
3433.66666667
K= 1143
7152.0
K= 1144
7151.85714286
K= 1145
3443.25
K= 1146
7446.0
K= 1147
106.897840392
K= 1148
7446.0
K= 1149
7151.5
K= 1150
5208.67127626
K= 1151
7153.0
K= 1152
7151.71291866
K= 1153
7446.0
K= 1154
7146.4
K= 1155
5215.74584336
K= 1156
785.254823369
K= 1157
7218.06124342
K= 1158
3931.65793733
K= 1159
7289.25
K= 1160
7144.5
K= 1161
27.1307632294
K= 1162
760.246526414
K= 1163
180.548695429
K= 1164
499.854674318
K= 1165
7446.0
K= 1166
106.439525865
K= 1167
520.07835833
K= 1168
117.017280587
K= 1169
512.868440902
K= 1170
3973.49845656
K= 1171
7152.46666667
K= 1172
7446.0
K= 1173
3912.24195749
K= 1174
584.857861666
K= 1175
7148.5
K= 1176
7151.78662614
K= 1177
7446.0
K= 1178
4453.18799172
K= 1179
796.134684123
K= 1180
44.6667856728
K= 1181
3684.0
K= 1182
45.7810842972
K= 1183
7288.47058824
K= 1184
7024.0
K= 1185
7152.86542443
K= 1186
1313.90626271
K= 1187
93.7311231403
K= 1188
3752.1320911
K= 1189
7154.53440285
K= 1190
85.9361426265
K= 1191
7139.66666667
K= 1192
785.912273579
K= 1193
7151.16666667
K= 1194
529.412952089
K= 1195
5851.03567406
K= 1196
7446.0
K= 1197
74.0363009539
K= 1198
24.4694464926
K= 1199
7495.50281765
Betweenness Centrality Improvement
[ 209.04832978   90.54989045   65.81849637 ...,    0.            0.            0.        ]
Top 20 BC Improvement
[ 754  364  341  419  697  854  138  724  408   12  263 1011 1039  662  681
  818  334  853  718  495]
Top 20 BC Improvement
[ 30557.96696494  30554.36988204  30553.6881441   30541.78811047
  30492.4808128   30478.43933913  30459.28116586  22441.73182957  22389.4
  21373.3         21347.3         21337.3         19147.25        18350.4
  14945.26190476  14921.65836496  13991.4         11464.04968332
  11278.30106952  11008.16666667]
