txValue= 1000000
IGRAPH D--- 4619 68733 -- 
+ attr: pub_key (v), base_fee (e), capacity (e), fee_rate (e), txCost (e)
None
IGRAPH D--- 4619 50297 -- 
+ attr: pub_key (v), base_fee (e), capacity (e), fee_rate (e), txCost (e)
None
Our nodes starting connections: 
(4618, 2796)
(4618, 1223)
K= 1200
7300.83333333
K= 1201
7445.0
K= 1202
7467.67965368
K= 1203
7300.91304348
K= 1204
7392.84444444
K= 1205
7445.0
K= 1206
15.0746931637
K= 1207
7300.0
K= 1208
7299.80645161
K= 1209
101.543425243
K= 1210
24.1810399846
K= 1211
15.0057675753
K= 1212
22.6344162034
K= 1213
617.249624729
K= 1214
3739.16666667
K= 1215
544.458002914
K= 1216
7299.0
K= 1217
11030.3333333
K= 1218
13.8
K= 1219
2464.97187778
K= 1220
14.4371601375
K= 1221
7297.16666667
K= 1222
7300.0
K= 1223
290.538097387
K= 1224
20.3972213661
K= 1225
7.33333333337
K= 1226
7445.0
K= 1227
7445.0
K= 1228
224.03923746
K= 1229
7445.0
K= 1230
28.3157913147
K= 1231
23.2446455894
K= 1232
6947.33333333
K= 1233
7.33333333337
K= 1234
7300.0
K= 1235
7299.82978723
K= 1236
2449.01901954
K= 1237
7445.0
K= 1238
7300.0
K= 1239
7299.70833333
K= 1240
525.854302663
K= 1241
478.481175948
K= 1242
7300.5
K= 1243
11031.5
K= 1244
7301.0
K= 1245
7445.0
K= 1246
3738.46666667
K= 1247
2531.93222321
K= 1248
7300.33333333
K= 1249
24.5586103442
K= 1250
20.4265963834
K= 1251
7301.0
K= 1252
22.6344162034
K= 1253
7299.88235294
K= 1254
7446.0
K= 1255
7445.0
K= 1256
7445.0
K= 1257
14.2977218842
K= 1258
7300.70731707
K= 1259
7446.0
K= 1260
26.2739625819
K= 1261
517.576715263
K= 1262
7299.71428571
K= 1263
9.35664753139
K= 1264
3987.30928571
K= 1265
41.191130757
K= 1266
7301.0
K= 1267
2473.32526887
K= 1268
2494.17719733
K= 1269
7300.46666667
K= 1270
7445.0
K= 1271
54.5315196606
K= 1272
7442.43333333
K= 1273
1841.30984703
K= 1274
7300.46666667
K= 1275
23.799002442
K= 1276
515.696318913
K= 1277
3931.62738095
K= 1278
83.0601861558
K= 1279
402.750641442
K= 1280
85.2990614483
K= 1281
7299.25151515
K= 1282
7445.0
K= 1283
7300.0
K= 1284
7300.46666667
K= 1285
134.810090348
K= 1286
7299.4
K= 1287
7299.46666667
K= 1288
7300.33333333
K= 1289
3729.83909774
K= 1290
7300.55555556
K= 1291
279.418304962
K= 1292
7299.5
K= 1293
7300.75
K= 1294
7.36507936509
K= 1295
3570.63176656
K= 1296
7301.0
K= 1297
7446.0
K= 1298
3712.0
K= 1299
2462.72441674
K= 1300
19.5019789194
K= 1301
7300.6
K= 1302
512.203142312
K= 1303
7301.0
K= 1304
2445.15235288
K= 1305
3736.65959596
K= 1306
3737.45751634
K= 1307
3723.0
K= 1308
19.2819005895
K= 1309
7299.92
K= 1310
7299.91304348
K= 1311
31.6544843076
K= 1312
3921.4540404
K= 1313
7300.46666667
K= 1314
3570.0085567
K= 1315
7299.83673469
K= 1316
196.856507885
K= 1317
30.2407461475
K= 1318
203.665164547
K= 1319
7446.0
K= 1320
5906.31106248
K= 1321
772.838906601
K= 1322
7300.5
K= 1323
7299.33333333
K= 1324
7444.0
K= 1325
7300.0
K= 1326
376.7426754
K= 1327
54.3062548609
K= 1328
1217.85231614
K= 1329
7445.0
K= 1330
3735.50736715
K= 1331
7299.83333333
K= 1332
525.673417834
K= 1333
7.33333333337
K= 1334
3919.36352814
K= 1335
130.889957272
K= 1336
28.3157913147
K= 1337
647.544232941
K= 1338
13.4776846301
K= 1339
3711.0
K= 1340
7300.46666667
K= 1341
7300.5
K= 1342
7299.45454545
K= 1343
7445.0
K= 1344
537.284637589
K= 1345
7446.0
K= 1346
7298.46666667
K= 1347
7445.0
K= 1348
313.846828995
K= 1349
7298.7
K= 1350
16.9248368588
K= 1351
39.4326783021
K= 1352
196.68067594
K= 1353
3898.04554865
K= 1354
10.0677551365
K= 1355
7300.0
K= 1356
31.7655760308
K= 1357
7299.46666667
K= 1358
27.639043792
K= 1359
63.4932247721
K= 1360
7445.0
K= 1361
7445.0
K= 1362
14577.6666667
K= 1363
2449.01901954
K= 1364
3738.46666667
K= 1365
7444.0
K= 1366
7300.46666667
K= 1367
25.3998156508
K= 1368
7300.5
K= 1369
7301.0
K= 1370
50.0698033542
K= 1371
16.0363802475
K= 1372
182.166356596
K= 1373
7296.16666667
K= 1374
7446.0
K= 1375
7300.0
K= 1376
21.5123533409
K= 1377
2462.62377068
K= 1378
7.33333333337
K= 1379
14.1133383156
K= 1380
7299.80645161
K= 1381
7466.45430672
K= 1382
541.064989711
K= 1383
36.1641637919
K= 1384
7299.5
K= 1385
524.608545015
K= 1386
7300.33333333
K= 1387
7446.0
K= 1388
7293.0
K= 1389
7445.0
K= 1390
3903.08388226
K= 1391
7445.0
K= 1392
544.161956611
K= 1393
7446.0
K= 1394
35.2805562628
K= 1395
2450.85235288
K= 1396
7300.58333333
K= 1397
100.439477289
K= 1398
7299.75
K= 1399
7445.0
K= 1400
7444.0
K= 1401
3712.0
K= 1402
7299.5862069
K= 1403
7300.0
K= 1404
7445.0
K= 1405
18.013857541
K= 1406
3739.24242424
K= 1407
13.2804017118
K= 1408
7445.0
K= 1409
7300.0
K= 1410
7445.0
K= 1411
7300.0
K= 1412
7446.0
K= 1413
7300.0
K= 1414
7059.05
K= 1415
246.140257017
K= 1416
523.257421724
K= 1417
15.456766282
K= 1418
7300.71428571
K= 1419
40.8608160975
K= 1420
2541.65639663
K= 1421
7300.33333333
K= 1422
7231.17179487
K= 1423
7298.42857143
K= 1424
7300.5
K= 1425
26.8840129966
K= 1426
7231.17179487
K= 1427
3731.33697691
K= 1428
7300.5
K= 1429
7301.0
K= 1430
30.4351871152
K= 1431
7300.46666667
K= 1432
2466.03854772
K= 1433
24.1115474405
K= 1434
7299.33333333
K= 1435
7300.33333333
K= 1436
7300.5
K= 1437
7300.2
K= 1438
7300.0
K= 1439
7300.75
K= 1440
18657.0
K= 1441
7445.0
K= 1442
7300.0
K= 1443
3794.78063516
K= 1444
7299.0
K= 1445
7445.0
K= 1446
7167.76244474
K= 1447
7445.0
K= 1448
7443.0
K= 1449
7444.0
K= 1450
18.6991072422
K= 1451
5236.66040258
K= 1452
7445.0
K= 1453
2444.97068793
K= 1454
22.1451008213
K= 1455
1254.30945306
K= 1456
7444.0
K= 1457
8.31075449736
K= 1458
7299.0
K= 1459
2453.32146891
K= 1460
7300.0
K= 1461
7445.0
K= 1462
44.6231327881
K= 1463
301.895899096
K= 1464
7299.46666667
K= 1465
14599.0
K= 1466
7251.16197445
K= 1467
7300.44444444
K= 1468
7299.6
K= 1469
30.2860559794
K= 1470
7299.55555556
K= 1471
7300.75
K= 1472
186.193026822
K= 1473
7298.0
K= 1474
7446.0
K= 1475
22.6344162034
K= 1476
28.9174172308
K= 1477
7299.33333333
K= 1478
3974.0
K= 1479
7445.0
K= 1480
142.070021949
K= 1481
7300.4
K= 1482
7301.0
K= 1483
10.5373194263
K= 1484
3737.96666667
K= 1485
7445.0
K= 1486
7445.0
K= 1487
3883.58333333
K= 1488
31.2856122815
K= 1489
9.71693662356
K= 1490
15.5637166157
K= 1491
19.7868448602
K= 1492
7299.44
K= 1493
25.8577425893
K= 1494
7444.0
K= 1495
7265.0
K= 1496
7300.84
K= 1497
7445.0
K= 1498
7299.0
K= 1499
11031.7777778
K= 1500
7251.04444444
K= 1501
48.0638301944
K= 1502
3932.3
K= 1503
7300.84
K= 1504
285.547250937
K= 1505
7299.5
K= 1506
7445.0
K= 1507
13.2173172012
K= 1508
11179.0
K= 1509
7445.0
K= 1510
7445.0
K= 1511
7445.0
K= 1512
5236.66040258
K= 1513
3737.51666667
K= 1514
9.62491222407
K= 1515
3712.0
K= 1516
226.474692754
K= 1517
3480.39571442
K= 1518
206.237994367
K= 1519
7300.0
K= 1520
7299.6
K= 1521
7445.0
K= 1522
7299.0
K= 1523
89.4113080619
K= 1524
22.5970613926
K= 1525
7299.46666667
K= 1526
495.0
K= 1527
16.1909980956
K= 1528
332.203037158
K= 1529
788.802667373
K= 1530
49.1928454777
K= 1531
7299.83333333
K= 1532
7445.0
K= 1533
7300.33333333
K= 1534
7301.0
K= 1535
96.1589719336
K= 1536
4037.49845656
K= 1537
20.5291366921
K= 1538
11031.6666667
K= 1539
39.4806820708
K= 1540
41.6184381888
K= 1541
7301.0
K= 1542
7445.0
K= 1543
3738.33900709
K= 1544
17.2233862796
K= 1545
694.08030303
K= 1546
31.8426848552
K= 1547
7446.0
K= 1548
31.5792439656
K= 1549
7445.0
K= 1550
7445.0
K= 1551
198.362362163
K= 1552
10850.8333333
K= 1553
546.60200862
K= 1554
7300.5
K= 1555
7300.75
K= 1556
27.7443649209
K= 1557
232.393917617
K= 1558
67.3960146516
K= 1559
7301.0
K= 1560
31.5563692087
K= 1561
7445.0
K= 1562
7443.43333333
K= 1563
3904.53063516
K= 1564
505.616444847
K= 1565
7300.75
K= 1566
3739.33333333
K= 1567
2583.33946238
K= 1568
7446.0
K= 1569
20.1059213016
K= 1570
33.4462913881
K= 1571
7300.46666667
K= 1572
339.177265279
K= 1573
11153.3333333
K= 1574
7297.67857143
K= 1575
7300.5
K= 1576
35.2233344868
K= 1577
7446.0
K= 1578
72.4424954237
K= 1579
7445.0
K= 1580
187.591035063
K= 1581
7300.2
K= 1582
7299.52380952
K= 1583
7445.0
K= 1584
7445.0
K= 1585
7299.33333333
K= 1586
23.5793720086
K= 1587
2455.05823523
K= 1588
15.6598082726
K= 1589
7300.6
K= 1590
524.39400521
K= 1591
7301.0
K= 1592
7445.0
K= 1593
7300.75
K= 1594
7299.42857143
K= 1595
7300.2
K= 1596
7446.0
K= 1597
7446.0
K= 1598
37.4330007049
K= 1599
11179.0
K= 1600
3975.0
K= 1601
7300.45238095
K= 1602
7446.0
K= 1603
33.018797427
K= 1604
12.0335228292
K= 1605
494.628875322
K= 1606
10868.826087
K= 1607
7162.33333333
K= 1608
2463.68568621
K= 1609
7445.0
K= 1610
81.0695314425
K= 1611
7299.5
K= 1612
3711.0
K= 1613
24.1666434351
K= 1614
7300.5
K= 1615
7282.33333333
K= 1616
27.3109729799
K= 1617
7300.5
K= 1618
19.3899948834
K= 1619
3742.18681319
K= 1620
12.8005868569
K= 1621
41.6497842762
K= 1622
10823.547532
K= 1623
7300.5
K= 1624
7444.0
K= 1625
3585.84320367
K= 1626
47.1240878143
K= 1627
7300.5
K= 1628
3438.74488726
K= 1629
3738.37142857
K= 1630
7300.33333333
K= 1631
251.137132038
K= 1632
7301.0
K= 1633
7300.9047619
K= 1634
7300.6
K= 1635
15.7719983271
K= 1636
37.8985543895
K= 1637
7299.33333333
K= 1638
7301.0
K= 1639
7300.5
K= 1640
22.197428857
K= 1641
7299.66666667
K= 1642
7298.0
K= 1643
7300.0
K= 1644
2445.15235288
K= 1645
3919.36352814
K= 1646
7445.0
K= 1647
7445.0
K= 1648
5919.46514892
K= 1649
7445.0
K= 1650
494.628875322
K= 1651
7.33333333337
K= 1652
3906.22308802
K= 1653
7444.0
K= 1654
3707.58333333
K= 1655
3714.35883399
K= 1656
7.33333333331
K= 1657
7300.5
K= 1658
594.821666242
K= 1659
15.3358569338
K= 1660
11.2339910854
K= 1661
7300.5
K= 1662
7300.5
K= 1663
7444.0
K= 1664
7301.0
K= 1665
20.8011902904
K= 1666
7298.89010989
K= 1667
7299.33333333
K= 1668
7300.0
K= 1669
7445.0
K= 1670
2447.92943735
K= 1671
494.522751457
K= 1672
7300.91304348
K= 1673
3737.84444444
K= 1674
7299.46666667
K= 1675
11174.0
K= 1676
58.3694231911
K= 1677
2449.68568621
K= 1678
23.9339699717
K= 1679
7301.0
K= 1680
7300.46153846
K= 1681
26.2383008547
K= 1682
7300.0
K= 1683
7445.0
K= 1684
7300.5
K= 1685
27.7772262202
K= 1686
3974.0
K= 1687
3946.62857143
K= 1688
2446.01901954
K= 1689
47.1002732103
K= 1690
2447.66187669
K= 1691
14.8915403654
K= 1692
11157.0
K= 1693
68.9447074494
K= 1694
7446.0
K= 1695
7445.0
K= 1696
505.530062875
K= 1697
5236.66040258
K= 1698
7445.0
K= 1699
16.3749581784
K= 1700
706.224602591
K= 1701
268.237713505
K= 1702
553.802622259
K= 1703
7231.17179487
K= 1704
7300.0495098
K= 1705
7250.39711646
K= 1706
7300.92307692
K= 1707
3737.59340659
K= 1708
34.9663792602
K= 1709
7300.47368421
K= 1710
3739.33333333
K= 1711
2453.95420262
K= 1712
7299.83333333
K= 1713
3739.33333333
K= 1714
7445.0
K= 1715
7445.0
K= 1716
7302.21650327
K= 1717
7299.33333333
K= 1718
12.3958249522
K= 1719
2540.43146746
K= 1720
2462.19397906
K= 1721
7445.0
K= 1722
11.0901388291
K= 1723
7293.42857143
K= 1724
15.1344264339
K= 1725
516.559088449
K= 1726
547.223435503
K= 1727
7446.0
K= 1728
7444.0
K= 1729
564.720707071
K= 1730
7301.0
K= 1731
7300.5
K= 1732
7300.84615385
K= 1733
47.6576062636
K= 1734
29.1562102817
K= 1735
7300.33333333
K= 1736
7445.0
K= 1737
14.4367619642
K= 1738
7299.71428571
K= 1739
10868.047619
K= 1740
13.4633459222
K= 1741
507.893270501
K= 1742
7162.33333333
K= 1743
7301.0
K= 1744
25.1766361318
K= 1745
501.928571429
K= 1746
7265.5
K= 1747
3914.89328729
K= 1748
10.6180640576
K= 1749
10.358833994
K= 1750
3739.23333333
K= 1751
16.6070908559
K= 1752
7444.0
K= 1753
7299.53846154
K= 1754
7301.0
K= 1755
15.9003192658
K= 1756
2446.01901954
K= 1757
541.360495581
K= 1758
7833.52880395
K= 1759
7444.0
K= 1760
5900.69682666
K= 1761
31.7705452339
K= 1762
2625.97905812
K= 1763
7301.0
K= 1764
9.95317503833
K= 1765
7445.0
K= 1766
7444.0
K= 1767
3712.0
K= 1768
3738.46666667
K= 1769
32.0875861865
K= 1770
3571.49106305
K= 1771
3737.46666667
K= 1772
7445.0
K= 1773
7446.0
K= 1774
7445.0
K= 1775
7446.0
K= 1776
1606.04232187
K= 1777
7299.625
K= 1778
7444.0
K= 1779
3953.07575758
K= 1780
605.41794023
K= 1781
7445.0
K= 1782
10.0677551365
K= 1783
28.7310027789
K= 1784
1839.09169318
K= 1785
7298.0
K= 1786
2509.08761586
K= 1787
7231.17179487
K= 1788
70.0214903011
K= 1789
7445.0
K= 1790
194.25037928
K= 1791
20.4061002416
K= 1792
7445.0
K= 1793
7.33333333337
K= 1794
7299.71428571
K= 1795
355.013256388
K= 1796
2487.78024057
K= 1797
35.3390908931
K= 1798
7443.0
K= 1799
31.6975405834
K= 1800
7300.0
K= 1801
7444.0
K= 1802
7300.66666667
K= 1803
3739.16666667
K= 1804
14.6767834642
K= 1805
5856.60913429
K= 1806
7299.66666667
K= 1807
7299.46666667
K= 1808
139.000107091
K= 1809
12.0393259259
K= 1810
581.874861712
K= 1811
7.19722222228
K= 1812
7445.0
K= 1813
63.9025345909
K= 1814
23.2218690288
K= 1815
24.7723972881
K= 1816
7444.0
K= 1817
2617.58068823
K= 1818
33.2935210757
K= 1819
3574.69450502
K= 1820
14938.3333333
K= 1821
13.811298917
K= 1822
7445.0
K= 1823
7300.5
K= 1824
3712.0
K= 1825
7446.0
K= 1826
7445.73809524
K= 1827
75.0218280297
K= 1828
256.727246337
K= 1829
10.5741264298
K= 1830
7299.91666667
K= 1831
7299.0
K= 1832
7073.34005913
K= 1833
3919.36352814
K= 1834
7445.0
K= 1835
3738.37364341
K= 1836
7446.0
K= 1837
7299.75757576
K= 1838
3574.16697698
K= 1839
24.4620925465
K= 1840
3867.98763853
K= 1841
11154.0
K= 1842
123.715298602
K= 1843
10.6364155957
K= 1844
507.574672999
K= 1845
19.1857913895
K= 1846
7445.0
K= 1847
7445.0
K= 1848
7300.0
K= 1849
22.9419902338
K= 1850
18.4010761006
K= 1851
7445.0
K= 1852
7245.45751634
K= 1853
7235.33333333
K= 1854
7300.0
K= 1855
2620.53534597
K= 1856
16.0956109384
K= 1857
3738.46666667
K= 1858
7298.71428571
K= 1859
7300.5
K= 1860
7445.0
K= 1861
7299.4
K= 1862
7300.2
K= 1863
7195.17179487
K= 1864
31.5061894153
K= 1865
517.576715263
K= 1866
40.5021384583
K= 1867
494.628875322
K= 1868
3712.0
K= 1869
160.090391383
K= 1870
7297.53846154
K= 1871
22.6344162034
K= 1872
29.9219579422
K= 1873
7445.0
K= 1874
36.0418951418
K= 1875
7445.0
K= 1876
7298.91666667
K= 1877
42.6015115352
K= 1878
97.278812484
K= 1879
11.3167608569
K= 1880
7299.9047619
K= 1881
7445.0
K= 1882
12.1316641149
K= 1883
9.47389180248
K= 1884
7444.0
K= 1885
3737.98447205
K= 1886
5901.89209485
K= 1887
23.8809623766
K= 1888
7.33333333337
K= 1889
203.05437003
K= 1890
7446.0
K= 1891
3901.91011236
K= 1892
13.0950814236
K= 1893
7300.5
K= 1894
7300.0
K= 1895
7162.33333333
K= 1896
7265.0
K= 1897
7299.33333333
K= 1898
7301.0
K= 1899
41.2949216214
K= 1900
553.258241758
K= 1901
7445.0
K= 1902
17.2876056114
K= 1903
7301.0
K= 1904
2497.32780822
K= 1905
18.6099814613
K= 1906
7300.0
K= 1907
18.3188090165
K= 1908
3737.95021645
K= 1909
32.5607738628
K= 1910
9.86745976319
K= 1911
8.79999999999
K= 1912
29.963814616
K= 1913
7162.33333333
K= 1914
7301.0
K= 1915
7299.84615385
K= 1916
7301.06944444
K= 1917
7300.0
K= 1918
18.7220384235
K= 1919
7289.96204906
K= 1920
3910.11433698
K= 1921
7301.0
K= 1922
3570.7344218
K= 1923
560.125082605
K= 1924
36.4717878575
K= 1925
3739.16666667
K= 1926
7445.0
K= 1927
7300.0
K= 1928
2700.72750205
K= 1929
12.8346897649
K= 1930
194.905807489
K= 1931
1148.00020499
K= 1932
505.242297833
K= 1933
7445.0
K= 1934
7300.0
K= 1935
534.816527465
K= 1936
7444.0
K= 1937
20.1036489838
K= 1938
29.7597353834
K= 1939
10.0677551365
K= 1940
7300.0
K= 1941
7299.88888889
K= 1942
7445.0
K= 1943
3848.0
K= 1944
7299.5
K= 1945
7301.0
K= 1946
11.4793917249
K= 1947
7298.33333333
K= 1948
3887.13355846
K= 1949
33.4049079517
K= 1950
7299.90909091
K= 1951
7445.0
K= 1952
3975.0
K= 1953
7301.0
K= 1954
6.07142857142
K= 1955
4037.49845656
K= 1956
7299.76923077
K= 1957
26.5645652745
K= 1958
516.559088449
K= 1959
7089.46049852
K= 1960
2447.54481807
K= 1961
108.821428572
K= 1962
3738.34166667
K= 1963
17.7026157492
K= 1964
3943.15238095
K= 1965
16.5000018055
K= 1966
7445.0
K= 1967
7444.0
K= 1968
7235.33333333
K= 1969
7445.0
K= 1970
7445.0
K= 1971
113.268211892
K= 1972
7300.33333333
K= 1973
7300.0
K= 1974
7300.86363636
K= 1975
7301.0
K= 1976
7445.36263736
K= 1977
7300.38461538
K= 1978
7300.5
K= 1979
7476.16968922
K= 1980
195.653181957
K= 1981
7.97187873878
K= 1982
28.3157913147
K= 1983
10868.3333333
K= 1984
7300.78947368
K= 1985
9.35664753139
K= 1986
7299.66666667
K= 1987
2488.73075712
K= 1988
115.655727554
K= 1989
7300.9047619
K= 1990
3737.96666667
K= 1991
7299.5
K= 1992
3712.0
K= 1993
19.0934995534
K= 1994
7446.0
K= 1995
7300.0
K= 1996
7445.0
K= 1997
52.8106574872
K= 1998
19.0596329665
K= 1999
7445.0
K= 2000
22.6999277656
K= 2001
7301.0
K= 2002
7300.6
K= 2003
3712.0
K= 2004
592.677723808
K= 2005
10.6364155957
K= 2006
914.449527508
K= 2007
7444.0
K= 2008
653.488802864
K= 2009
7231.17179487
K= 2010
15.0952131955
K= 2011
111.813214424
K= 2012
19.8439056008
K= 2013
28.4659995187
K= 2014
19.4507258447
K= 2015
7445.0
K= 2016
7299.83333333
K= 2017
524.53733603
K= 2018
495.348296792
K= 2019
112.752360402
K= 2020
11.9402862797
K= 2021
10.5373194263
K= 2022
3702.0
K= 2023
19.8425414613
K= 2024
7300.44444444
K= 2025
2448.15235288
K= 2026
7299.5
K= 2027
3884.29730182
K= 2028
12.387742945
K= 2029
7300.5
K= 2030
77.7185414002
K= 2031
24.8171880543
K= 2032
14924.8998272
K= 2033
8.89548641705
K= 2034
7306.46666667
K= 2035
7445.0
K= 2036
52.3945223494
K= 2037
3712.0
K= 2038
7445.0
K= 2039
7301.0
K= 2040
60.8723634642
K= 2041
7445.0
K= 2042
10864.0
K= 2043
2502.84493683
K= 2044
7300.16236559
K= 2045
14884.0
K= 2046
3823.6938358
K= 2047
49.1115567359
K= 2048
7446.0
K= 2049
18.9852558757
K= 2050
7444.0
K= 2051
3712.0
K= 2052
7445.0
K= 2053
7445.0
K= 2054
7445.0
K= 2055
7446.0
K= 2056
7301.0
K= 2057
7445.0
K= 2058
35.0633591563
K= 2059
5849.40796832
K= 2060
522.910945828
K= 2061
11030.0
K= 2062
18.9958138333
K= 2063
11.4793917249
K= 2064
7446.0
K= 2065
7300.88571429
K= 2066
21.523221057
K= 2067
7232.56282051
K= 2068
7301.0
K= 2069
7445.0
K= 2070
5895.29894598
K= 2071
7.33333333337
K= 2072
32.4917714586
K= 2073
2527.12420891
K= 2074
45.0195639236
K= 2075
7445.0
K= 2076
7300.46666667
K= 2077
362.475686263
K= 2078
10.5373194263
K= 2079
7446.0
K= 2080
7299.82608696
K= 2081
7.33333333337
K= 2082
7445.0
K= 2083
3736.50905833
K= 2084
35.7278204635
K= 2085
22.6344162034
K= 2086
7446.0
K= 2087
27128.8950641
K= 2088
7445.0
K= 2089
64.5712549497
K= 2090
3712.0
K= 2091
7446.0
K= 2092
14576.1666667
K= 2093
7300.71428571
K= 2094
3910.11433698
K= 2095
11130.3939394
K= 2096
2621.36872589
K= 2097
187.787973989
K= 2098
479.05
K= 2099
7300.33333333
K= 2100
7446.0
K= 2101
7299.91666667
K= 2102
7300.90909091
K= 2103
7300.0
K= 2104
7445.0
K= 2105
5236.66040258
K= 2106
7300.86363636
K= 2107
7301.0
K= 2108
2524.76260187
K= 2109
3738.46536797
K= 2110
2451.18602859
K= 2111
3737.6969697
K= 2112
7446.0
K= 2113
9.86745976313
K= 2114
3748.92787879
K= 2115
7445.0
K= 2116
22.1133880911
K= 2117
7446.0
K= 2118
18.3482408139
K= 2119
2446.75711478
K= 2120
3568.0
K= 2121
7446.0
K= 2122
7298.0
K= 2123
3964.0
K= 2124
2450.53013066
K= 2125
523.349669883
K= 2126
7446.0
K= 2127
566.833105109
K= 2128
7298.0
K= 2129
7299.5
K= 2130
3712.0
K= 2131
7300.0
K= 2132
7300.6
K= 2133
2459.20660848
K= 2134
525.384207623
K= 2135
7300.33333333
K= 2136
3712.0
K= 2137
22.6344162034
K= 2138
7299.91304348
K= 2139
7445.0
K= 2140
3737.84444444
K= 2141
338.730198807
K= 2142
3712.0
K= 2143
3748.67699213
K= 2144
7299.83333333
K= 2145
7445.0
K= 2146
806.162760765
K= 2147
7300.0
K= 2148
188.649055308
K= 2149
3738.07142857
K= 2150
7300.5
K= 2151
7445.0
K= 2152
7445.0
K= 2153
7445.0
K= 2154
444.270460178
K= 2155
7445.0
K= 2156
7300.0
K= 2157
7444.0
K= 2158
7445.0
K= 2159
11175.0
K= 2160
3831.75
K= 2161
110.027464242
K= 2162
10.2983307816
K= 2163
174.750238095
K= 2164
2448.15235288
K= 2165
7445.0
K= 2166
7.33333333337
K= 2167
3899.28063516
K= 2168
7300.75
K= 2169
7300.28571429
K= 2170
13.7814290731
K= 2171
7444.0
K= 2172
68.1935290606
K= 2173
3119.69180105
K= 2174
7301.0
K= 2175
7445.0
K= 2176
14.4856352189
K= 2177
2446.01901954
K= 2178
7300.5
K= 2179
27.1488238281
K= 2180
12.5076214499
K= 2181
7446.0
K= 2182
22.6344162034
K= 2183
2446.01901954
K= 2184
7445.0
K= 2185
7446.0
K= 2186
7299.5
K= 2187
7447.66666667
K= 2188
7250.0
K= 2189
7301.0
K= 2190
7444.0
K= 2191
2506.15456621
K= 2192
16.7319438276
K= 2193
7690.34118738
K= 2194
530.318881634
K= 2195
7300.6
K= 2196
7446.0
K= 2197
17.306713858
K= 2198
3739.16666667
K= 2199
7299.9047619
K= 2200
7299.90909091
K= 2201
7265.5
K= 2202
7446.0
K= 2203
27.5255236773
K= 2204
471.750039275
K= 2205
15.1263034004
K= 2206
7445.0
K= 2207
7300.5
K= 2208
7299.91666667
K= 2209
7301.0
K= 2210
7444.0
K= 2211
7301.0
K= 2212
7170.76244474
K= 2213
7445.0
K= 2214
7444.0
K= 2215
11031.75
K= 2216
7446.0
K= 2217
4946.55594134
K= 2218
13.5336471522
K= 2219
7445.0
K= 2220
7446.0
K= 2221
7445.0
K= 2222
11031.9130435
K= 2223
3572.12935413
K= 2224
8125.0
K= 2225
7300.6
K= 2226
7444.0
K= 2227
7445.0
K= 2228
11198.0462074
K= 2229
40943.0
K= 2230
7445.0
K= 2231
38.8173854159
K= 2232
785.065008738
K= 2233
7300.6
K= 2234
7299.4
K= 2235
7300.5
K= 2236
7446.0
K= 2237
39.588938918
K= 2238
7300.2
K= 2239
7299.75
K= 2240
7444.0
K= 2241
7299.77142857
K= 2242
27.5906318525
K= 2243
6006.68568621
K= 2244
7445.0
K= 2245
8.32120070286
K= 2246
21.0596551929
K= 2247
15.4239027499
K= 2248
10.5373194263
K= 2249
7297.95121951
K= 2250
501.314815055
K= 2251
2460.98252113
K= 2252
7445.0
K= 2253
2563.58970059
K= 2254
52.0010144642
K= 2255
2469.68272824
K= 2256
10832.0
K= 2257
7300.91304348
K= 2258
7301.0
K= 2259
7445.0
K= 2260
7446.0
K= 2261
23.4367116634
K= 2262
7300.5
K= 2263
7298.75
K= 2264
9.45216732734
K= 2265
9.35664753133
K= 2266
11186.8801302
K= 2267
7301.0
K= 2268
26.9152092859
K= 2269
7476.49275362
K= 2270
7301.0
K= 2271
516.725271074
K= 2272
193.253004771
K= 2273
636.21952492
K= 2274
7445.0
K= 2275
4048.0222316
K= 2276
28.117748929
K= 2277
7446.0
K= 2278
7299.0
K= 2279
7445.0
K= 2280
7299.66666667
K= 2281
7300.75
K= 2282
33.8352641283
K= 2283
54.466356749
K= 2284
14.3517801384
K= 2285
7445.0
K= 2286
35.1496539258
K= 2287
7444.0
K= 2288
7302.01428571
K= 2289
7300.0
K= 2290
7445.0
K= 2291
349.54967366
K= 2292
7301.0
K= 2293
7301.0
K= 2294
7300.0
K= 2295
4036.78737374
K= 2296
2468.08092563
K= 2297
7301.0
K= 2298
7300.0
K= 2299
12.3402862797
K= 2300
7446.0
K= 2301
546.623101672
K= 2302
114.608712408
K= 2303
7445.0
K= 2304
7300.0
K= 2305
516.725271074
K= 2306
2450.20473193
K= 2307
493.463376157
K= 2308
181.950758797
K= 2309
3736.04535507
K= 2310
7446.0
K= 2311
7446.0
K= 2312
181.350938308
K= 2313
7445.0
K= 2314
7445.0
K= 2315
7299.33333333
K= 2316
40943.0
K= 2317
7445.0
K= 2318
2444.75711478
K= 2319
2454.77719158
K= 2320
9.6993500868
K= 2321
516.559088449
K= 2322
3742.26352882
K= 2323
2474.8558887
K= 2324
7299.58333333
K= 2325
2445.15235288
K= 2326
3737.97142857
K= 2327
7445.0
K= 2328
7293.39377289
K= 2329
7300.75
K= 2330
3737.9305835
K= 2331
105.454598308
K= 2332
164.574613172
K= 2333
31.0199090706
K= 2334
17.1771626544
K= 2335
7269.6969697
K= 2336
7445.0
K= 2337
7445.14220779
K= 2338
7445.0
K= 2339
7652.3452381
K= 2340
7290.4637037
K= 2341
7445.0
K= 2342
9.31280236755
K= 2343
7299.66666667
K= 2344
7445.0
K= 2345
7300.91666667
K= 2346
7299.91666667
K= 2347
66.6921736869
K= 2348
7300.42857143
K= 2349
7445.0
K= 2350
7446.0
K= 2351
33.8515241618
K= 2352
7445.0
K= 2353
7300.66666667
K= 2354
7445.0
K= 2355
7445.0
K= 2356
7299.46153846
K= 2357
7299.46666667
K= 2358
2484.45887511
K= 2359
3974.0
K= 2360
7444.0
K= 2361
7445.0
K= 2362
7445.0
K= 2363
7444.0
K= 2364
178.395686565
K= 2365
564.85368716
K= 2366
7299.33333333
K= 2367
24.8985055589
K= 2368
13.954732098
K= 2369
3898.44730182
K= 2370
8.89548641705
K= 2371
7299.5
K= 2372
48.0895623132
K= 2373
7299.45454545
K= 2374
7.33333333337
K= 2375
7300.875
K= 2376
7287.31919192
K= 2377
517.507399218
K= 2378
7445.0
K= 2379
7300.91011236
K= 2380
7300.0
K= 2381
3571.88650837
K= 2382
10460.2914401
K= 2383
7300.46666667
K= 2384
31.650163753
K= 2385
510.452067165
K= 2386
19.6994420726
K= 2387
5906.04413573
K= 2388
18.697950963
K= 2389
7445.0
K= 2390
494.628875322
K= 2391
7446.0
K= 2392
45.583857823
K= 2393
7299.5
K= 2394
514.913016581
K= 2395
7300.0
K= 2396
7301.0
K= 2397
7299.6
K= 2398
7299.85714286
K= 2399
7.97187873878
K= 2400
7445.0
Betweenness Centrality Improvement
[ 0.  0.  0. ...,  0.  0.  0.]
Top 20 BC Improvement
[2229 2316 2087 1440 1820 2032 2045 1465 1362 2092 2228 2266 1599 1508 2159
 1675 1692 1841 1573 2095]
Top 20 BC Improvement
[ 40943.          40943.          27128.89506409  18657.          14938.33333333
  14924.89982722  14884.          14599.          14577.66666667
  14576.16666667  11198.04620742  11186.88013025  11179.          11179.
  11175.          11174.          11157.          11154.          11153.33333333
  11130.39393939]
