txValue= 1000000
IGRAPH D--- 4619 68733 -- 
+ attr: pub_key (v), base_fee (e), capacity (e), fee_rate (e), txCost (e)
None
IGRAPH D--- 4619 50297 -- 
+ attr: pub_key (v), base_fee (e), capacity (e), fee_rate (e), txCost (e)
None
Our nodes starting connections: 
(4618, 2796)
(4618, 1223)
(4618, 1163)
(4618, 222)
(4618, 498)
(4618, 797)
K= 1200
7152.75
K= 1201
7293.75
K= 1202
7498.85670996
K= 1203
7152.85748792
K= 1204
3747.95209235
K= 1205
7289.25
K= 1206
43.220381655
K= 1207
7152.0
K= 1208
7151.80645161
K= 1209
204.35598616
K= 1210
61.9747396768
K= 1211
30.5899397898
K= 1212
68.6570773248
K= 1213
834.241749272
K= 1214
3752.01666667
K= 1215
809.265640277
K= 1216
7146.25
K= 1217
10882.3333333
K= 1218
39.5452398125
K= 1219
5233.6987016
K= 1220
31.3606081421
K= 1221
7139.66666667
K= 1222
7152.0
K= 1223
447.879919779
K= 1224
43.6060422119
K= 1225
19.4333333336
K= 1226
7445.0
K= 1227
7445.0
K= 1228
581.304612117
K= 1229
7445.0
K= 1230
65.8220152394
K= 1231
51.358439957
K= 1232
3267.83333333
K= 1233
21.4444816932
K= 1234
7152.0
K= 1235
7151.82978723
K= 1236
5222.24584336
K= 1237
7445.0
K= 1238
7152.0
K= 1239
7151.70833333
K= 1240
779.591379501
K= 1241
984.152515793
K= 1242
7152.34210526
K= 1243
10883.5
K= 1244
7153.0
K= 1245
7445.0
K= 1246
3750.52857143
K= 1247
5447.6208453
K= 1248
7151.95833333
K= 1249
71.4253677998
K= 1250
35.2271309372
K= 1251
7153.0
K= 1252
51.5532194979
K= 1253
7151.81092437
K= 1254
7446.0
K= 1255
7445.0
K= 1256
7289.4
K= 1257
33.7231901004
K= 1258
7152.70731707
K= 1259
7446.0
K= 1260
60.5903009707
K= 1261
760.155434932
K= 1262
7151.51428571
K= 1263
23.8484638599
K= 1264
3922.97595238
K= 1265
69.755184219
K= 1266
7160.0
K= 1267
5288.02840687
K= 1268
5346.22827041
K= 1269
7152.46666667
K= 1270
7445.0
K= 1271
109.999425186
K= 1272
7291.28095238
K= 1273
1934.98363326
K= 1274
7152.46666667
K= 1275
63.0845318385
K= 1276
756.876809656
K= 1277
4044.36936508
K= 1278
178.738225208
K= 1279
630.888253822
K= 1280
292.433982083
K= 1281
7151.30707071
K= 1282
7289.25
K= 1283
7152.0
K= 1284
7152.46666667
K= 1285
293.141420635
K= 1286
7151.4
K= 1287
7151.46666667
K= 1288
7151.33333333
K= 1289
3738.89876396
K= 1290
7152.55555556
K= 1291
535.838141558
K= 1292
7151.3
K= 1293
7152.58333333
K= 1294
22.0204239851
K= 1295
3426.41607174
K= 1296
7153.0
K= 1297
7446.0
K= 1298
3556.25
K= 1299
5262.02856755
K= 1300
36.3675704238
K= 1301
7153.43333333
K= 1302
761.495436776
K= 1303
7153.0
K= 1304
5212.49108145
K= 1305
3747.11388889
K= 1306
3747.78558726
K= 1307
3584.75
K= 1308
38.2728281873
K= 1309
7151.88
K= 1310
7151.8604119
K= 1311
55.1908740748
K= 1312
3847.8040404
K= 1313
7152.46666667
K= 1314
3423.60718308
K= 1315
3494.74977817
K= 1316
308.127381284
K= 1317
76.0499065404
K= 1318
318.312257072
K= 1319
7446.0
K= 1320
30562.4235566
K= 1321
1302.09749613
K= 1322
7152.0
K= 1323
7150.33333333
K= 1324
7289.0
K= 1325
7153.0
K= 1326
534.471246829
K= 1327
125.063337689
K= 1328
1681.8063601
K= 1329
7445.0
K= 1330
3744.82932716
K= 1331
7151.75
K= 1332
779.338010185
K= 1333
21.7589745792
K= 1334
4025.82128705
K= 1335
270.920984654
K= 1336
65.8220152394
K= 1337
872.183518655
K= 1338
29.0425284868
K= 1339
3555.25
K= 1340
7152.46666667
K= 1341
7152.2
K= 1342
7150.95454545
K= 1343
7445.0
K= 1344
782.530808967
K= 1345
7446.0
K= 1346
7150.46666667
K= 1347
7445.0
K= 1348
532.952752647
K= 1349
7150.7
K= 1350
38.4655251007
K= 1351
76.5583541307
K= 1352
405.299392731
K= 1353
3899.74581216
K= 1354
24.5405816117
K= 1355
7152.0
K= 1356
71.6938018589
K= 1357
3494.46666667
K= 1358
48.8092551299
K= 1359
147.420491836
K= 1360
7290.0
K= 1361
7445.0
K= 1362
14286.0833333
K= 1363
5217.41251002
K= 1364
3749.81092437
K= 1365
7292.4
K= 1366
7152.46666667
K= 1367
65.8428806479
K= 1368
7152.3
K= 1369
7153.0
K= 1370
104.623803432
K= 1371
36.782490476
K= 1372
254.961739784
K= 1373
7138.66666667
K= 1374
7446.0
K= 1375
7152.0
K= 1376
51.8738918025
K= 1377
5272.7648802
K= 1378
21.496896571
K= 1379
32.1846998997
K= 1380
7151.80645161
K= 1381
7484.7173927
K= 1382
798.845545267
K= 1383
82.7670938112
K= 1384
7151.25
K= 1385
772.961335625
K= 1386
7151.33333333
K= 1387
7446.0
K= 1388
7145.0
K= 1389
7445.0
K= 1390
3901.57797765
K= 1391
7445.0
K= 1392
794.674664523
K= 1393
7446.0
K= 1394
77.2945391512
K= 1395
5227.39682395
K= 1396
7152.41091954
K= 1397
167.585204522
K= 1398
7152.75
K= 1399
7289.25
K= 1400
3572.45454545
K= 1401
3556.25
K= 1402
7151.5862069
K= 1403
3495.0
K= 1404
7289.5
K= 1405
44.6970501649
K= 1406
3751.61693405
K= 1407
28.987252481
K= 1408
7445.0
K= 1409
7152.0
K= 1410
7289.25
K= 1411
7152.0
K= 1412
7446.0
K= 1413
3494.84615385
K= 1414
7106.425
K= 1415
481.876802156
K= 1416
773.425163001
K= 1417
31.223918736
K= 1418
7152.71428571
K= 1419
80.3549945832
K= 1420
5442.79864856
K= 1421
7152.33333333
K= 1422
3443.25
K= 1423
7150.42857143
K= 1424
7152.5
K= 1425
57.9050831518
K= 1426
3443.25
K= 1427
3779.20364358
K= 1428
7152.35714286
K= 1429
7153.0
K= 1430
63.5126112916
K= 1431
7152.46666667
K= 1432
5243.3016113
K= 1433
48.7780694526
K= 1434
7150.58333333
K= 1435
7151.83333333
K= 1436
7152.16666667
K= 1437
7155.05714286
K= 1438
7152.88888889
K= 1439
7152.59615385
K= 1440
18714.0
K= 1441
7445.0
K= 1442
7151.93478261
K= 1443
3774.46504265
K= 1444
7151.0
K= 1445
7445.0
K= 1446
3501.67032967
K= 1447
7293.4
K= 1448
3571.7
K= 1449
7292.625
K= 1450
34.367183012
K= 1451
5101.38366042
K= 1452
7289.25
K= 1453
5210.93087009
K= 1454
38.6596989243
K= 1455
1858.08828212
K= 1456
7292.33333333
K= 1457
25.5096811396
K= 1458
7149.65714286
K= 1459
5246.9539385
K= 1460
7152.0
K= 1461
7445.0
K= 1462
80.9453923255
K= 1463
570.414616013
K= 1464
7151.46666667
K= 1465
14302.25
K= 1466
7117.84955209
K= 1467
7152.44444444
K= 1468
3454.43333333
K= 1469
60.0030441144
K= 1470
7151.55555556
K= 1471
7152.66666667
K= 1472
288.060443133
K= 1473
7145.25
K= 1474
7446.0
K= 1475
68.6570773248
K= 1476
53.5418295474
K= 1477
7151.33333333
K= 1478
3818.25
K= 1479
7289.625
K= 1480
318.759803034
K= 1481
7152.1
K= 1482
7153.0
K= 1483
24.9700407726
K= 1484
3750.26190476
K= 1485
3746.0
K= 1486
3786.0
K= 1487
3847.83333333
K= 1488
54.3662050022
K= 1489
24.3052636834
K= 1490
34.4195190854
K= 1491
36.2184470044
K= 1492
7151.44
K= 1493
56.7465708177
K= 1494
7288.4
K= 1495
7122.0
K= 1496
7152.74697674
K= 1497
7289.25
K= 1498
7149.93442623
K= 1499
10883.5777778
K= 1500
7104.41349206
K= 1501
70.8845741956
K= 1502
4043.825
K= 1503
7152.7447619
K= 1504
573.997287013
K= 1505
7151.5
K= 1506
7445.0
K= 1507
29.7079108998
K= 1508
11179.0
K= 1509
7289.25
K= 1510
7289.25
K= 1511
7289.57142857
K= 1512
5101.38366042
K= 1513
3747.9859944
K= 1514
25.1244391396
K= 1515
3556.25
K= 1516
377.222297332
K= 1517
7270.68875642
K= 1518
323.905851509
K= 1519
7152.0
K= 1520
7151.43333333
K= 1521
7289.25
K= 1522
7151.0
K= 1523
205.313430212
K= 1524
41.4121525097
K= 1525
7151.46666667
K= 1526
715.905311355
K= 1527
34.2137613918
K= 1528
530.939408289
K= 1529
1311.39308875
K= 1530
105.479613592
K= 1531
7151.74637681
K= 1532
7445.0
K= 1533
7152.33333333
K= 1534
7153.0
K= 1535
234.780510607
K= 1536
3974.49845656
K= 1537
47.5320036612
K= 1538
10883.1666667
K= 1539
94.7950039222
K= 1540
78.9918574777
K= 1541
7153.0
K= 1542
3727.0
K= 1543
3750.55924519
K= 1544
43.0696934392
K= 1545
893.196969697
K= 1546
64.6141408656
K= 1547
7446.0
K= 1548
61.1234639937
K= 1549
7445.0
K= 1550
7289.5
K= 1551
304.885241577
K= 1552
10565.0833333
K= 1553
799.352652321
K= 1554
7152.25
K= 1555
7152.59
K= 1556
60.5517782441
K= 1557
569.44735803
K= 1558
130.123119697
K= 1559
7153.0
K= 1560
61.7482561506
K= 1561
7289.25
K= 1562
7292.35
K= 1563
3899.96504265
K= 1564
742.817369871
K= 1565
7152.55
K= 1566
3751.76666667
K= 1567
5466.86997571
K= 1568
7446.0
K= 1569
43.4215472466
K= 1570
79.4614472548
K= 1571
7152.46666667
K= 1572
498.043786176
K= 1573
7477.83333333
K= 1574
7149.67857143
K= 1575
7152.5
K= 1576
57.80539489
K= 1577
7446.0
K= 1578
136.826340885
K= 1579
7445.0
K= 1580
363.802615853
K= 1581
7151.2
K= 1582
7151.2965368
K= 1583
7289.25
K= 1584
7289.25
K= 1585
7150.58333333
K= 1586
41.0122106406
K= 1587
5244.27460778
K= 1588
41.3614476216
K= 1589
7153.43333333
K= 1590
793.220195686
K= 1591
7153.0
K= 1592
7289.25
K= 1593
7152.60714286
K= 1594
7150.92857143
K= 1595
7152.2
K= 1596
7446.0
K= 1597
7446.0
K= 1598
76.0241394904
K= 1599
11179.0
K= 1600
3975.0
K= 1601
7151.01601732
K= 1602
7446.0
K= 1603
75.5777497885
K= 1604
29.1678409022
K= 1605
722.098059305
K= 1606
10572.7308489
K= 1607
3490.0
K= 1608
5255.33271204
K= 1609
7289.25
K= 1610
162.146643588
K= 1611
7151.5
K= 1612
3555.25
K= 1613
49.9726654943
K= 1614
7152.5
K= 1615
3447.66666667
K= 1616
70.5046963724
K= 1617
7152.3
K= 1618
40.9929467235
K= 1619
3763.90732601
K= 1620
28.0978690472
K= 1621
84.3236195107
K= 1622
10643.7924184
K= 1623
7152.5
K= 1624
7288.7
K= 1625
3437.84320367
K= 1626
85.0367517937
K= 1627
7152.34210526
K= 1628
7892.22301553
K= 1629
3749.95238095
K= 1630
7151.58333333
K= 1631
472.620832109
K= 1632
7153.0
K= 1633
7152.85714286
K= 1634
7152.4
K= 1635
31.3456796028
K= 1636
80.2624163181
K= 1637
7150.58333333
K= 1638
7153.0
K= 1639
7152.3
K= 1640
56.0611408246
K= 1641
3496.66666667
K= 1642
7150.75
K= 1643
7151.89473684
K= 1644
5212.15241012
K= 1645
4025.82128705
K= 1646
7289.25
K= 1647
7445.0
K= 1648
30585.7962453
K= 1649
7445.0
K= 1650
722.098059305
K= 1651
19.4333333336
K= 1652
4009.42700633
K= 1653
7288.25
K= 1654
3730.63070175
K= 1655
3558.60883399
K= 1656
21.496896571
K= 1657
7152.5
K= 1658
867.302483342
K= 1659
32.2202251581
K= 1660
27.9847338125
K= 1661
7152.25
K= 1662
7152.5
K= 1663
7288.33333333
K= 1664
7153.0
K= 1665
52.6984139152
K= 1666
7150.8283815
K= 1667
7151.33333333
K= 1668
7152.0
K= 1669
7445.0
K= 1670
5223.82692801
K= 1671
730.335034407
K= 1672
7152.86542443
K= 1673
3748.92828283
K= 1674
7151.46666667
K= 1675
11018.5714286
K= 1676
148.614164161
K= 1677
5227.60417669
K= 1678
69.4385424266
K= 1679
7152.94444444
K= 1680
7151.99487179
K= 1681
57.1378421593
K= 1682
7151.83333333
K= 1683
7445.0
K= 1684
7152.16666667
K= 1685
49.7860972793
K= 1686
3818.25
K= 1687
4072.20927318
K= 1688
5214.24584336
K= 1689
96.5040603857
K= 1690
5222.96012907
K= 1691
28.4904356266
K= 1692
11157.0
K= 1693
158.509898112
K= 1694
7446.0
K= 1695
7445.0
K= 1696
734.24896707
K= 1697
5101.38366042
K= 1698
7445.0
K= 1699
34.977543399
K= 1700
1054.85092364
K= 1701
527.873165722
K= 1702
814.307297137
K= 1703
3443.25
K= 1704
7160.56013072
K= 1705
3428.0
K= 1706
7152.87545788
K= 1707
3749.01318681
K= 1708
65.0127732633
K= 1709
7152.47368421
K= 1710
3751.88571429
K= 1711
5229.67300666
K= 1712
7151.75
K= 1713
3751.975
K= 1714
7445.0
K= 1715
7445.0
K= 1716
7162.86002179
K= 1717
7150.58333333
K= 1718
27.8728690471
K= 1719
5362.2042347
K= 1720
5253.67390993
K= 1721
7445.0
K= 1722
27.4994600967
K= 1723
7148.51428571
K= 1724
49.6989998494
K= 1725
763.720051564
K= 1726
798.537452674
K= 1727
7446.0
K= 1728
7289.0
K= 1729
849.53975469
K= 1730
7153.0
K= 1731
7152.25
K= 1732
7152.75524476
K= 1733
84.4116036601
K= 1734
63.2899184099
K= 1735
7151.33333333
K= 1736
3786.0
K= 1737
33.5021895124
K= 1738
7151.51428571
K= 1739
10580.1134921
K= 1740
29.7026074212
K= 1741
740.77978577
K= 1742
3490.0
K= 1743
7153.0
K= 1744
48.3694491526
K= 1745
735.849350649
K= 1746
7176.25
K= 1747
4009.05435888
K= 1748
30.3289993368
K= 1749
23.2921673274
K= 1750
3751.61111111
K= 1751
35.3171130826
K= 1752
7288.625
K= 1753
7177.06666667
K= 1754
7153.0
K= 1755
34.1187731132
K= 1756
5214.24584336
K= 1757
796.428070135
K= 1758
8029.67571734
K= 1759
7288.25
K= 1760
30569.3762641
K= 1761
50.2459168707
K= 1762
5484.6861104
K= 1763
7153.0
K= 1764
24.5328966284
K= 1765
7445.0
K= 1766
7292.57142857
K= 1767
3556.25
K= 1768
3750.04395604
K= 1769
65.8220152394
K= 1770
3425.86810714
K= 1771
3749.60915751
K= 1772
7289.25
K= 1773
7446.0
K= 1774
7445.0
K= 1775
7446.0
K= 1776
2363.00747005
K= 1777
7151.325
K= 1778
7292.25
K= 1779
4083.51693405
K= 1780
848.227859744
K= 1781
7445.0
K= 1782
24.5405816117
K= 1783
53.8233727389
K= 1784
1931.75598876
K= 1785
7150.0
K= 1786
5302.93919847
K= 1787
3443.25
K= 1788
135.334442636
K= 1789
7289.25
K= 1790
318.842380098
K= 1791
44.636754019
K= 1792
7445.0
K= 1793
19.7666666668
K= 1794
7151.71428571
K= 1795
532.148136777
K= 1796
5278.88619143
K= 1797
77.6445916311
K= 1798
7291.75
K= 1799
66.0242010062
K= 1800
7152.0
K= 1801
7289.0
K= 1802
7152.66666667
K= 1803
3752.01666667
K= 1804
27.7112767857
K= 1805
30466.824023
K= 1806
7151.66666667
K= 1807
7151.46666667
K= 1808
332.693992008
K= 1809
36.2100115463
K= 1810
856.984385522
K= 1811
20.9472222221
K= 1812
7445.0
K= 1813
118.604663652
K= 1814
53.2870381693
K= 1815
53.9748776667
K= 1816
7288.25
K= 1817
5468.56127978
K= 1818
71.2870522849
K= 1819
3426.69450502
K= 1820
15003.9761905
K= 1821
38.4032636229
K= 1822
7445.0
K= 1823
7152.25
K= 1824
3556.25
K= 1825
7446.0
K= 1826
7444.55555556
K= 1827
154.015030428
K= 1828
411.094609629
K= 1829
27.8045959577
K= 1830
3454.86904762
K= 1831
7150.75
K= 1832
6709.22149502
K= 1833
4025.82128705
K= 1834
7445.0
K= 1835
3749.94958326
K= 1836
7446.0
K= 1837
7151.6285435
K= 1838
3451.21154252
K= 1839
57.0368338847
K= 1840
4031.55496295
K= 1841
10844.4
K= 1842
192.828104781
K= 1843
25.8366148754
K= 1844
745.097982371
K= 1845
33.2969397495
K= 1846
7445.0
K= 1847
7445.0
K= 1848
7151.83333333
K= 1849
42.1420939132
K= 1850
40.6543103277
K= 1851
7289.25
K= 1852
7112.97423461
K= 1853
3563.0
K= 1854
7151.84313725
K= 1855
5469.08389806
K= 1856
35.2780433912
K= 1857
3749.8452381
K= 1858
7150.51428571
K= 1859
7152.3
K= 1860
7289.25
K= 1861
7151.1
K= 1862
7151.2
K= 1863
3430.25
K= 1864
59.4369348688
K= 1865
760.155434932
K= 1866
109.782473366
K= 1867
722.098059305
K= 1868
3556.25
K= 1869
340.461364601
K= 1870
7149.78076923
K= 1871
68.6570773248
K= 1872
78.7446277943
K= 1873
7289.25
K= 1874
57.7679880164
K= 1875
7445.0
K= 1876
7150.86666667
K= 1877
63.8426532736
K= 1878
192.888601116
K= 1879
26.6033548522
K= 1880
7151.85714286
K= 1881
7445.0
K= 1882
27.4918167251
K= 1883
22.4072251359
K= 1884
7288.7
K= 1885
3749.901839
K= 1886
30554.6728109
K= 1887
37.1286389297
K= 1888
21.4444816932
K= 1889
318.498330543
K= 1890
7446.0
K= 1891
3975.85816431
K= 1892
26.7392250856
K= 1893
7152.5
K= 1894
7152.0
K= 1895
3490.0
K= 1896
7122.0
K= 1897
7150.33333333
K= 1898
7153.0
K= 1899
82.7942835344
K= 1900
801.269667986
K= 1901
7289.25
K= 1902
29.8065026118
K= 1903
7153.0
K= 1904
5378.53312443
K= 1905
33.9441108408
K= 1906
7151.69230769
K= 1907
37.1805248952
K= 1908
3749.05744141
K= 1909
72.0171053726
K= 1910
23.8090576469
K= 1911
21.7589745792
K= 1912
60.7157403328
K= 1913
3490.0
K= 1914
7152.89473684
K= 1915
7152.74089069
K= 1916
7160.62301587
K= 1917
7151.86324786
K= 1918
41.4874512304
K= 1919
7174.47582083
K= 1920
4007.64892647
K= 1921
7153.0
K= 1922
3424.27391495
K= 1923
760.241749272
K= 1924
70.3886561613
K= 1925
3751.6
K= 1926
7445.0
K= 1927
7151.89473684
K= 1928
5701.79153684
K= 1929
28.6029169483
K= 1930
489.987807565
K= 1931
1703.68441552
K= 1932
745.307292301
K= 1933
7445.0
K= 1934
7152.0
K= 1935
754.21971815
K= 1936
7288.25
K= 1937
57.6275126196
K= 1938
51.3577630015
K= 1939
24.5405816117
K= 1940
7151.76470588
K= 1941
7152.84722222
K= 1942
7445.0
K= 1943
3890.0
K= 1944
7151.5
K= 1945
7153.0
K= 1946
24.8733286099
K= 1947
7157.86666667
K= 1948
3965.80208384
K= 1949
79.5696368092
K= 1950
7151.85503686
K= 1951
7445.0
K= 1952
3975.0
K= 1953
7153.0
K= 1954
17.9976190475
K= 1955
3974.49845656
K= 1956
7151.64923077
K= 1957
53.3860163402
K= 1958
763.720051564
K= 1959
6946.07759649
K= 1960
5214.49504434
K= 1961
183.126192193
K= 1962
3749.93214286
K= 1963
37.9901848678
K= 1964
4066.01269841
K= 1965
37.3253007769
K= 1966
7289.25
K= 1967
7288.4
K= 1968
3563.0
K= 1969
7445.0
K= 1970
7445.0
K= 1971
253.929563193
K= 1972
7151.33333333
K= 1973
7151.92857143
K= 1974
7152.86363636
K= 1975
7153.0
K= 1976
7298.77289377
K= 1977
7151.94017094
K= 1978
7152.3
K= 1979
7514.866474
K= 1980
300.859614136
K= 1981
21.3349669839
K= 1982
65.8220152394
K= 1983
10571.3333333
K= 1984
7162.30555556
K= 1985
23.8484638599
K= 1986
7151.66666667
K= 1987
5341.34709849
K= 1988
429.355727554
K= 1989
7152.8422619
K= 1990
3750.26190476
K= 1991
7151.5
K= 1992
3556.25
K= 1993
42.2714763428
K= 1994
7446.0
K= 1995
7152.0
K= 1996
7445.0
K= 1997
100.147454896
K= 1998
39.1458305824
K= 1999
7445.0
K= 2000
35.821639043
K= 2001
7153.0
K= 2002
7152.4
K= 2003
3556.25
K= 2004
853.694388892
K= 2005
26.0866148754
K= 2006
1325.47759768
K= 2007
7288.25
K= 2008
877.429675879
K= 2009
3443.25
K= 2010
36.4034232539
K= 2011
345.132985742
K= 2012
49.4048631955
K= 2013
54.0742078249
K= 2014
49.8848573901
K= 2015
7445.0
K= 2016
7151.83333333
K= 2017
789.028404405
K= 2018
714.721923165
K= 2019
197.392166327
K= 2020
27.8010182523
K= 2021
24.9700407726
K= 2022
3546.25
K= 2023
48.7025002304
K= 2024
7161.93333333
K= 2025
5215.82822905
K= 2026
7151.5
K= 2027
3884.21770372
K= 2028
29.8415040888
K= 2029
7152.0
K= 2030
166.921846854
K= 2031
49.4746857912
K= 2032
15010.9784961
K= 2033
21.3288197506
K= 2034
7169.87857143
K= 2035
7445.0
K= 2036
131.687101055
K= 2037
3556.25
K= 2038
7445.0
K= 2039
7153.0
K= 2040
123.274087445
K= 2041
7289.25
K= 2042
10567.1111111
K= 2043
5369.43018213
K= 2044
7151.14449953
K= 2045
14572.5
K= 2046
3795.89243812
K= 2047
88.8091600644
K= 2048
7446.0
K= 2049
46.5249154042
K= 2050
7292.4
K= 2051
3556.25
K= 2052
7445.0
K= 2053
7445.0
K= 2054
7445.0
K= 2055
7446.0
K= 2056
7152.95652174
K= 2057
7445.0
K= 2058
88.0890282777
K= 2059
30456.5023058
K= 2060
770.851470936
K= 2061
10882.0
K= 2062
46.154994834
K= 2063
24.8733286099
K= 2064
7446.0
K= 2065
7152.81904762
K= 2066
61.9361144695
K= 2067
3452.72435897
K= 2068
7153.0
K= 2069
7445.0
K= 2070
30549.6545112
K= 2071
21.4444816932
K= 2072
83.2435027207
K= 2073
5283.49107484
K= 2074
80.5357362351
K= 2075
7445.0
K= 2076
7152.46666667
K= 2077
600.643411264
K= 2078
24.9700407726
K= 2079
7446.0
K= 2080
7151.82608696
K= 2081
21.7589745792
K= 2082
7445.0
K= 2083
3746.89478864
K= 2084
73.3871191095
K= 2085
68.6570773248
K= 2086
7446.0
K= 2087
27818.1800749
K= 2088
7445.0
K= 2089
182.717175352
K= 2090
3556.25
K= 2091
7446.0
K= 2092
14279.1666667
K= 2093
7152.62337662
K= 2094
4007.64892647
K= 2095
7494.33439646
K= 2096
5479.92821479
K= 2097
315.687507625
K= 2098
686.333333333
K= 2099
7151.33333333
K= 2100
7446.0
K= 2101
7151.86403509
K= 2102
7152.85026738
K= 2103
7152.0
K= 2104
7445.0
K= 2105
5101.38366042
K= 2106
7152.86363636
K= 2107
7153.0
K= 2108
5421.17025254
K= 2109
3758.16298701
K= 2110
5225.30642418
K= 2111
3748.5043623
K= 2112
7446.0
K= 2113
26.2098340527
K= 2114
3771.06216672
K= 2115
7445.0
K= 2116
51.1853721791
K= 2117
7446.0
K= 2118
47.6100645866
K= 2119
5213.67679574
K= 2120
3420.0
K= 2121
7446.0
K= 2122
7149.96212121
K= 2123
4110.65714286
K= 2124
5223.70745952
K= 2125
790.883369953
K= 2126
7446.0
K= 2127
829.14212424
K= 2128
7152.0
K= 2129
7151.25
K= 2130
3556.25
K= 2131
7152.0
K= 2132
7153.43333333
K= 2133
5264.98445808
K= 2134
779.674165364
K= 2135
7151.33333333
K= 2136
3556.25
K= 2137
68.6570773248
K= 2138
7151.85421995
K= 2139
7289.25
K= 2140
3748.8551121
K= 2141
696.824646897
K= 2142
3556.25
K= 2143
3772.42099519
K= 2144
7151.74637681
K= 2145
7445.0
K= 2146
1234.82898884
K= 2147
7152.0
K= 2148
287.297499237
K= 2149
3749.21141215
K= 2150
7152.5
K= 2151
7445.0
K= 2152
3786.0
K= 2153
3786.0
K= 2154
682.189916647
K= 2155
7289.25
K= 2156
7152.0
K= 2157
7288.25
K= 2158
7445.0
K= 2159
11019.4
K= 2160
3683.60714286
K= 2161
273.486657443
K= 2162
23.7637465496
K= 2163
257.074565455
K= 2164
5223.07441479
K= 2165
7445.0
K= 2166
23.5028915349
K= 2167
3886.71504265
K= 2168
7152.67307692
K= 2169
7151.86904762
K= 2170
25.0175357261
K= 2171
7444.15
K= 2172
109.350050566
K= 2173
6478.85118192
K= 2174
7152.93233083
K= 2175
7445.0
K= 2176
32.3573073775
K= 2177
5214.74584336
K= 2178
7152.5
K= 2179
54.8858096134
K= 2180
37.3559809118
K= 2181
7446.0
K= 2182
68.6570773248
K= 2183
5213.74584336
K= 2184
7445.0
K= 2185
7446.0
K= 2186
7151.5
K= 2187
7309.56944444
K= 2188
7128.8
K= 2189
7154.0
K= 2190
7292.33333333
K= 2191
5364.10373662
K= 2192
36.5943054389
K= 2193
7698.70930333
K= 2194
713.990786396
K= 2195
7153.43333333
K= 2196
7446.0
K= 2197
43.9870289103
K= 2198
3751.48888889
K= 2199
7151.85714286
K= 2200
7151.85026738
K= 2201
3481.25
K= 2202
7446.0
K= 2203
54.7469871303
K= 2204
580.664955143
K= 2205
32.6605089144
K= 2206
7445.0
K= 2207
7152.0
K= 2208
7151.86403509
K= 2209
7153.0
K= 2210
7288.45454545
K= 2211
7153.0
K= 2212
3490.0
K= 2213
7289.25
K= 2214
7292.4
K= 2215
10883.6071429
K= 2216
7446.0
K= 2217
4689.65738243
K= 2218
30.9853419699
K= 2219
7289.25
K= 2220
7446.0
K= 2221
7445.0
K= 2222
10883.8654244
K= 2223
3426.86409656
K= 2224
8523.25
K= 2225
7152.4
K= 2226
7288.25
K= 2227
7289.25
K= 2228
11226.2002165
K= 2229
40943.0
K= 2230
7445.0
K= 2231
81.1125390283
K= 2232
1179.27338312
K= 2233
7152.6
K= 2234
7151.1
K= 2235
7152.5
K= 2236
7446.0
K= 2237
84.0373803107
K= 2238
7159.0
K= 2239
3454.60714286
K= 2240
7288.7
K= 2241
7151.62328042
K= 2242
62.4394952324
K= 2243
8614.47917669
K= 2244
7445.0
K= 2245
21.4739981235
K= 2246
44.5691408957
K= 2247
40.4155299459
K= 2248
24.9700407726
K= 2249
7148.95121951
K= 2250
692.971198741
K= 2251
5234.462671
K= 2252
7445.0
K= 2253
5408.83686149
K= 2254
83.7987245121
K= 2255
5295.74247964
K= 2256
10535.5
K= 2257
7152.85748792
K= 2258
7153.0
K= 2259
7445.0
K= 2260
7446.0
K= 2261
45.9364750534
K= 2262
7152.5
K= 2263
7150.75
K= 2264
22.3855006609
K= 2265
23.8484638599
K= 2266
11235.1377005
K= 2267
7153.88888889
K= 2268
49.7886238806
K= 2269
7501.24830918
K= 2270
7153.0
K= 2271
770.487040006
K= 2272
296.992739502
K= 2273
891.534530382
K= 2274
7445.0
K= 2275
4046.0222316
K= 2276
54.3865364282
K= 2277
7446.0
K= 2278
7151.0
K= 2279
7445.0
K= 2280
7151.66666667
K= 2281
7152.58333333
K= 2282
60.332618115
K= 2283
119.461434657
K= 2284
25.7786116533
K= 2285
7445.0
K= 2286
70.2938818517
K= 2287
7288.4
K= 2288
7163.97539683
K= 2289
7151.94444444
K= 2290
7445.0
K= 2291
549.964903412
K= 2292
7153.0
K= 2293
7153.0
K= 2294
7152.0
K= 2295
3970.48737374
K= 2296
5247.58310795
K= 2297
7153.0
K= 2298
7152.0
K= 2299
29.118373624
K= 2300
7446.0
K= 2301
790.997378386
K= 2302
225.675327852
K= 2303
7445.0
K= 2304
7152.0
K= 2305
770.487040006
K= 2306
5237.66273123
K= 2307
711.351288245
K= 2308
273.985535282
K= 2309
3745.5701602
K= 2310
7446.0
K= 2311
7446.0
K= 2312
269.548545341
K= 2313
7445.0
K= 2314
7445.0
K= 2315
7150.33333333
K= 2316
40943.0
K= 2317
7445.0
K= 2318
5212.47679574
K= 2319
5242.47375751
K= 2320
23.5564042826
K= 2321
763.720051564
K= 2322
3878.12180327
K= 2323
5252.02778375
K= 2324
7151.58333333
K= 2325
5212.74108145
K= 2326
3749.67559524
K= 2327
7445.0
K= 2328
7146.59996525
K= 2329
7152.58333333
K= 2330
3749.85677398
K= 2331
243.358518148
K= 2332
285.818305284
K= 2333
68.874914516
K= 2334
37.2666284051
K= 2335
7137.03650516
K= 2336
3751.0
K= 2337
7294.32554113
K= 2338
7445.0
K= 2339
7758.48982387
K= 2340
7143.03369556
K= 2341
7289.25
K= 2342
24.8211234233
K= 2343
7151.66666667
K= 2344
7445.0
K= 2345
7152.86666667
K= 2346
7151.86666667
K= 2347
175.467590431
K= 2348
7152.14285714
K= 2349
7445.0
K= 2350
7446.0
K= 2351
60.994017055
K= 2352
3746.0
K= 2353
7152.66666667
K= 2354
7445.0
K= 2355
7445.0
K= 2356
7151.46153846
K= 2357
7151.46666667
K= 2358
5361.8351227
K= 2359
3818.25
K= 2360
7288.4
K= 2361
7445.0
K= 2362
7445.0
K= 2363
7294.57142857
K= 2364
410.530337318
K= 2365
776.756545105
K= 2366
7150.58333333
K= 2367
69.8239416801
K= 2368
30.5774230568
K= 2369
3886.38170932
K= 2370
21.3288197506
K= 2371
3494.5
K= 2372
76.2325781598
K= 2373
7150.95454545
K= 2374
19.4333333336
K= 2375
7152.80523256
K= 2376
7163.19010655
K= 2377
717.301230821
K= 2378
7289.25
K= 2379
7152.85816431
K= 2380
7151.9
K= 2381
3426.69956329
K= 2382
10200.0641568
K= 2383
7152.46666667
K= 2384
75.3208768794
K= 2385
741.165633939
K= 2386
42.1312432259
K= 2387
30568.950764
K= 2388
40.4688423828
K= 2389
7445.0
K= 2390
722.098059305
K= 2391
7446.0
K= 2392
83.9709399268
K= 2393
7150.5
K= 2394
767.713214236
K= 2395
7152.0
K= 2396
7153.0
K= 2397
7151.475
K= 2398
7152.76190476
K= 2399
21.3349669839
K= 2400
7445.0
Betweenness Centrality Improvement
[ 0.  0.  0. ...,  0.  0.  0.]
Top 20 BC Improvement
[2316 2229 1648 1760 2387 1320 1886 2070 1805 2059 2087 1440 2032 1820 2045
 1465 1362 2092 2266 2228]
Top 20 BC Improvement
[ 40943.          40943.          30585.79624534  30569.37626413
  30568.95076405  30562.42355659  30554.67281086  30549.65451123
  30466.82402301  30456.50230583  27818.18007491  18714.          15010.97849614
  15003.97619048  14572.5         14302.25        14286.08333333
  14279.16666667  11235.13770054  11226.20021645]
