txValue= 1000000
IGRAPH D--- 4619 68733 -- 
+ attr: pub_key (v), base_fee (e), capacity (e), fee_rate (e), txCost (e)
None
IGRAPH D--- 4619 50297 -- 
+ attr: pub_key (v), base_fee (e), capacity (e), fee_rate (e), txCost (e)
None
Our nodes starting connections: 
(4618, 2796)
(4618, 1223)
(4618, 1163)
(4618, 222)
K= 1200
7192.75
K= 1201
7333.9
K= 1202
7494.61147186
K= 1203
7192.85748792
K= 1204
3746.93888889
K= 1205
7329.5
K= 1206
40.5749271096
K= 1207
7192.0
K= 1208
7191.80645161
K= 1209
196.251735148
K= 1210
58.0548409481
K= 1211
29.6103240681
K= 1212
48.3546178795
K= 1213
748.575082605
K= 1214
3750.91666667
K= 1215
731.153735514
K= 1216
7187.5
K= 1217
10921.3333333
K= 1218
37.3500017172
K= 1219
5242.18755119
K= 1220
30.2878808692
K= 1221
7180.66666667
K= 1222
7192.0
K= 1223
446.381695835
K= 1224
42.5851245333
K= 1225
18.3333333336
K= 1226
7445.0
K= 1227
7445.0
K= 1228
535.642997714
K= 1229
7445.0
K= 1230
54.7349647748
K= 1231
49.1798685286
K= 1232
3274.83333333
K= 1233
20.3444816932
K= 1234
7192.0
K= 1235
7191.82978723
K= 1236
5227.73469295
K= 1237
7445.0
K= 1238
7192.0
K= 1239
7191.70833333
K= 1240
703.701262734
K= 1241
850.89238104
K= 1242
7192.34210526
K= 1243
10923.5
K= 1244
7193.0
K= 1245
7445.0
K= 1246
3749.43333333
K= 1247
5371.927963
K= 1248
7191.95833333
K= 1249
51.1229083545
K= 1250
33.9199880803
K= 1251
7193.0
K= 1252
50.271168216
K= 1253
7191.81092437
K= 1254
7446.0
K= 1255
7445.0
K= 1256
7329.66666667
K= 1257
32.6398567673
K= 1258
7192.70731707
K= 1259
7446.0
K= 1260
57.436982068
K= 1261
688.631873013
K= 1262
7191.51428571
K= 1263
22.7484638601
K= 1264
3922.97595238
K= 1265
65.3923761786
K= 1266
7193.6
K= 1267
5259.07073968
K= 1268
5283.69819449
K= 1269
7192.46666667
K= 1270
7445.0
K= 1271
108.63475568
K= 1272
7331.28095238
K= 1273
1899.67751046
K= 1274
7192.46666667
K= 1275
59.7773889814
K= 1276
683.924429402
K= 1277
4004.47174603
K= 1278
180.216351098
K= 1279
560.991944576
K= 1280
246.497474147
K= 1281
7191.30707071
K= 1282
7329.5
K= 1283
7192.0
K= 1284
7192.46666667
K= 1285
284.558326722
K= 1286
7191.4
K= 1287
7191.46666667
K= 1288
7191.33333333
K= 1289
3737.60763841
K= 1290
7192.55555556
K= 1291
458.272643167
K= 1292
7191.3
K= 1293
7192.58333333
K= 1294
20.9204239851
K= 1295
3466.53599655
K= 1296
7193.0
K= 1297
7446.0
K= 1298
3596.5
K= 1299
5267.87462251
K= 1300
35.3162883726
K= 1301
7191.6
K= 1302
688.409373375
K= 1303
7193.0
K= 1304
5220.98469295
K= 1305
3746.04570707
K= 1306
3746.48880364
K= 1307
3619.0
K= 1308
37.3666959089
K= 1309
7191.88
K= 1310
7191.8604119
K= 1311
55.8506150407
K= 1312
3849.0540404
K= 1313
7192.46666667
K= 1314
3463.60718308
K= 1315
3534.74977817
K= 1316
272.86580704
K= 1317
72.8499065405
K= 1318
289.241146793
K= 1319
7446.0
K= 1320
27615.0251892
K= 1321
1143.4856094
K= 1322
7192.0
K= 1323
7190.33333333
K= 1324
7329.0
K= 1325
7193.0
K= 1326
493.837913495
K= 1327
118.06333769
K= 1328
1557.43684579
K= 1329
7445.0
K= 1330
3743.55976934
K= 1331
7191.75
K= 1332
702.417176852
K= 1333
20.6589745792
K= 1334
3988.43856976
K= 1335
231.657193357
K= 1336
54.7349647748
K= 1337
784.600185322
K= 1338
27.9737865306
K= 1339
3595.5
K= 1340
7192.46666667
K= 1341
7192.2
K= 1342
7190.95454545
K= 1343
7445.0
K= 1344
707.126091593
K= 1345
7446.0
K= 1346
7190.46666667
K= 1347
7445.0
K= 1348
461.184895504
K= 1349
7190.7
K= 1350
37.3821917675
K= 1351
74.5400042748
K= 1352
380.908615243
K= 1353
3899.74581216
K= 1354
23.4405816117
K= 1355
7192.0
K= 1356
65.2303597452
K= 1357
3534.46666667
K= 1358
50.9593766985
K= 1359
132.770328274
K= 1360
7330.0
K= 1361
7445.0
K= 1362
14364.8333333
K= 1363
5225.90135962
K= 1364
3748.71568627
K= 1365
7332.66666667
K= 1366
7192.46666667
K= 1367
62.8158226181
K= 1368
7192.3
K= 1369
7193.0
K= 1370
103.246090421
K= 1371
35.7097632035
K= 1372
239.154328909
K= 1373
7179.66666667
K= 1374
7446.0
K= 1375
7192.0
K= 1376
32.7738918025
K= 1377
5275.82277742
K= 1378
20.3968965712
K= 1379
31.1013665666
K= 1380
7191.80645161
K= 1381
7482.53948908
K= 1382
720.547926219
K= 1383
79.2394016885
K= 1384
7191.25
K= 1385
699.104389695
K= 1386
7191.33333333
K= 1387
7446.0
K= 1388
7185.0
K= 1389
7445.0
K= 1390
3901.57797765
K= 1391
7445.0
K= 1392
717.395497856
K= 1393
7446.0
K= 1394
74.2850153421
K= 1395
5231.26911263
K= 1396
7192.41091954
K= 1397
152.98476473
K= 1398
7190.75
K= 1399
7329.5
K= 1400
7328.71428571
K= 1401
3596.5
K= 1402
7191.5862069
K= 1403
3535.0
K= 1404
7329.75
K= 1405
42.3470501652
K= 1406
3750.51693405
K= 1407
27.9204581004
K= 1408
7445.0
K= 1409
7192.0
K= 1410
7329.5
K= 1411
7192.0
K= 1412
7446.0
K= 1413
3534.84615385
K= 1414
7097.425
K= 1415
413.303292496
K= 1416
706.695221198
K= 1417
30.1511914633
K= 1418
7192.71428571
K= 1419
71.4012692384
K= 1420
5354.3577843
K= 1421
7192.33333333
K= 1422
3484.5
K= 1423
7190.42857143
K= 1424
7192.5
K= 1425
55.9103559493
K= 1426
3484.5
K= 1427
3726.70364358
K= 1428
7192.35714286
K= 1429
7193.0
K= 1430
58.3070903583
K= 1431
7192.46666667
K= 1432
5245.71136797
K= 1433
49.6681134485
K= 1434
7190.58333333
K= 1435
7191.83333333
K= 1436
7192.16666667
K= 1437
7195.05714286
K= 1438
7191.0
K= 1439
7192.59615385
K= 1440
18708.0
K= 1441
7445.0
K= 1442
7191.93478261
K= 1443
3776.71504265
K= 1444
7191.0
K= 1445
7445.0
K= 1446
3537.67032967
K= 1447
7333.66666667
K= 1448
7327.875
K= 1449
7332.83333333
K= 1450
33.267183012
K= 1451
5130.43420154
K= 1452
7329.5
K= 1453
5219.47498285
K= 1454
37.8488492977
K= 1455
1716.56448965
K= 1456
7332.6
K= 1457
24.1763478064
K= 1458
7189.85714286
K= 1459
5250.41114447
K= 1460
7192.0
K= 1461
7445.0
K= 1462
80.8787391641
K= 1463
485.861647977
K= 1464
7191.46666667
K= 1465
14382.25
K= 1466
7156.8100264
K= 1467
7192.44444444
K= 1468
7191.43333333
K= 1469
61.0287387341
K= 1470
7191.55555556
K= 1471
7192.66666667
K= 1472
261.421661048
K= 1473
7186.5
K= 1474
7446.0
K= 1475
48.3546178795
K= 1476
52.5037860691
K= 1477
7191.33333333
K= 1478
3858.5
K= 1479
7329.83333333
K= 1480
338.084366917
K= 1481
7192.1
K= 1482
7193.0
K= 1483
23.8700407727
K= 1484
3749.16666667
K= 1485
7445.0
K= 1486
3786.0
K= 1487
3848.41666667
K= 1488
51.3089705697
K= 1489
23.2052636836
K= 1490
33.3467918129
K= 1491
35.3059973689
K= 1492
7191.44
K= 1493
54.4475512096
K= 1494
7328.66666667
K= 1495
7162.0
K= 1496
7192.74697674
K= 1497
7329.5
K= 1498
7189.93442623
K= 1499
10923.5777778
K= 1500
7142.58015873
K= 1501
71.4451085838
K= 1502
4002.78809524
K= 1503
7192.7447619
K= 1504
492.622287013
K= 1505
7191.5
K= 1506
7445.0
K= 1507
28.6126728047
K= 1508
11179.0
K= 1509
7329.5
K= 1510
7329.5
K= 1511
7329.8
K= 1512
5130.43420154
K= 1513
3746.68452381
K= 1514
23.7792010447
K= 1515
3596.5
K= 1516
330.360961431
K= 1517
6729.49895926
K= 1518
282.368946748
K= 1519
7192.0
K= 1520
7191.43333333
K= 1521
7329.5
K= 1522
7191.0
K= 1523
193.570586574
K= 1524
40.4949524424
K= 1525
7191.46666667
K= 1526
653.905311355
K= 1527
33.1304280586
K= 1528
473.527719056
K= 1529
1164.22685386
K= 1530
100.052138581
K= 1531
7191.74637681
K= 1532
7445.0
K= 1533
7192.33333333
K= 1534
7193.0
K= 1535
232.884955052
K= 1536
3975.49845656
K= 1537
46.2372668188
K= 1538
10923.1666667
K= 1539
85.5450039225
K= 1540
77.6439335177
K= 1541
7193.0
K= 1542
7445.0
K= 1543
3749.46400709
K= 1544
40.969693439
K= 1545
808.53030303
K= 1546
63.3310720825
K= 1547
7446.0
K= 1548
56.6606559532
K= 1549
7445.0
K= 1550
7329.75
K= 1551
266.94714634
K= 1552
10645.0833333
K= 1553
722.572231572
K= 1554
7192.25
K= 1555
7192.59
K= 1556
58.195825863
K= 1557
571.537532447
K= 1558
126.893571468
K= 1559
7193.0
K= 1560
57.3478637645
K= 1561
7329.5
K= 1562
7332.5
K= 1563
3901.96504265
K= 1564
674.072400951
K= 1565
7192.55
K= 1566
3750.66666667
K= 1567
5413.49339628
K= 1568
7446.0
K= 1569
40.7310710562
K= 1570
76.1624276469
K= 1571
7192.46666667
K= 1572
427.035849668
K= 1573
7476.83333333
K= 1574
7189.67857143
K= 1575
7192.5
K= 1576
56.5805410731
K= 1577
7446.0
K= 1578
133.632089098
K= 1579
7445.0
K= 1580
291.449380461
K= 1581
7191.2
K= 1582
7191.2965368
K= 1583
7329.5
K= 1584
7329.5
K= 1585
7190.58333333
K= 1586
39.9746262953
K= 1587
5247.7231065
K= 1588
39.3934989037
K= 1589
7191.6
K= 1590
723.45352902
K= 1591
7193.0
K= 1592
7329.5
K= 1593
7192.60714286
K= 1594
7190.92857143
K= 1595
7192.2
K= 1596
7446.0
K= 1597
7446.0
K= 1598
72.6242939088
K= 1599
11179.0
K= 1600
3975.0
K= 1601
7191.31601732
K= 1602
7446.0
K= 1603
73.7624529771
K= 1604
28.1661539928
K= 1605
653.041525154
K= 1606
10652.7308489
K= 1607
3531.0
K= 1608
5259.01247073
K= 1609
7329.5
K= 1610
156.827818739
K= 1611
7191.5
K= 1612
3595.5
K= 1613
48.6758818687
K= 1614
7192.5
K= 1615
7174.33333333
K= 1616
50.2022369271
K= 1617
7192.3
K= 1618
39.8977086283
K= 1619
3761.79304029
K= 1620
26.9978690472
K= 1621
80.9955589746
K= 1622
10698.4059736
K= 1623
7192.5
K= 1624
7328.875
K= 1625
3477.84320367
K= 1626
80.3505371481
K= 1627
7192.34210526
K= 1628
7437.81950218
K= 1629
3748.85714286
K= 1630
7191.58333333
K= 1631
423.586633166
K= 1632
7193.0
K= 1633
7192.85714286
K= 1634
7192.4
K= 1635
30.2563938886
K= 1636
75.2639564447
K= 1637
7190.58333333
K= 1638
7193.0
K= 1639
7192.3
K= 1640
52.0250050304
K= 1641
3536.66666667
K= 1642
7190.75
K= 1643
7191.89473684
K= 1644
5220.35135962
K= 1645
3988.43856976
K= 1646
7329.5
K= 1647
7445.0
K= 1648
27655.4809296
K= 1649
7445.0
K= 1650
653.041525154
K= 1651
18.3333333336
K= 1652
3972.72109002
K= 1653
7328.5
K= 1654
3727.53070175
K= 1655
3598.85883399
K= 1656
20.3968965712
K= 1657
7192.5
K= 1658
781.845340485
K= 1659
31.1474978856
K= 1660
27.0556175102
K= 1661
7192.25
K= 1662
7192.5
K= 1663
7328.6
K= 1664
7193.0
K= 1665
46.4067472484
K= 1666
7190.8283815
K= 1667
7191.33333333
K= 1668
7192.0
K= 1669
7445.0
K= 1670
5230.85370864
K= 1671
664.056436329
K= 1672
7192.86542443
K= 1673
3747.85555556
K= 1674
7191.46666667
K= 1675
11058.8
K= 1676
149.274198862
K= 1677
5234.19302629
K= 1678
65.1213707097
K= 1679
7192.94444444
K= 1680
7191.99487179
K= 1681
55.8524575435
K= 1682
7191.83333333
K= 1683
7445.0
K= 1684
7192.16666667
K= 1685
48.8332948189
K= 1686
3858.5
K= 1687
4027.77593985
K= 1688
5222.73469295
K= 1689
92.2507897659
K= 1690
5230.22040724
K= 1691
27.1722538082
K= 1692
11157.0
K= 1693
157.747621099
K= 1694
7446.0
K= 1695
7445.0
K= 1696
672.455750892
K= 1697
5130.43420154
K= 1698
7445.0
K= 1699
33.8775433991
K= 1700
950.7916975
K= 1701
454.992163366
K= 1702
735.509637039
K= 1703
3484.5
K= 1704
7199.36965453
K= 1705
7145.56580157
K= 1706
7192.87545788
K= 1707
3747.95604396
K= 1708
63.9400459907
K= 1709
7192.47368421
K= 1710
3750.78571429
K= 1711
5236.05618556
K= 1712
7191.75
K= 1713
3750.875
K= 1714
7445.0
K= 1715
7445.0
K= 1716
7201.61002179
K= 1717
7190.58333333
K= 1718
26.7728690472
K= 1719
5322.28395339
K= 1720
5258.55903418
K= 1721
7445.0
K= 1722
26.4267328242
K= 1723
7188.51428571
K= 1724
44.1868007742
K= 1725
691.479704924
K= 1726
722.252139726
K= 1727
7446.0
K= 1728
7329.0
K= 1729
760.88975469
K= 1730
7193.0
K= 1731
7192.25
K= 1732
7192.75524476
K= 1733
85.6363453805
K= 1734
61.3094769215
K= 1735
7191.33333333
K= 1736
3786.0
K= 1737
32.4069514173
K= 1738
7191.51428571
K= 1739
10658.8634921
K= 1740
28.6073693264
K= 1741
678.428198113
K= 1742
3531.0
K= 1743
7193.0
K= 1744
49.1281078671
K= 1745
671.59935065
K= 1746
7217.5
K= 1747
3978.05912922
K= 1748
29.0062720643
K= 1749
22.1921673275
K= 1750
3750.51111111
K= 1751
34.2337797493
K= 1752
7328.83333333
K= 1753
7218.33333333
K= 1754
7193.0
K= 1755
33.03543978
K= 1756
5222.73469295
K= 1757
718.806371002
K= 1758
7963.38631756
K= 1759
7328.5
K= 1760
27617.8230675
K= 1761
49.1506787755
K= 1762
5458.94974216
K= 1763
7193.0
K= 1764
23.4328966284
K= 1765
7445.0
K= 1766
7332.8
K= 1767
3596.5
K= 1768
3748.94871795
K= 1769
54.7349647747
K= 1770
3465.86810714
K= 1771
3748.44960317
K= 1772
7329.5
K= 1773
7446.0
K= 1774
7445.0
K= 1775
7446.0
K= 1776
2137.39251757
K= 1777
7191.325
K= 1778
7332.5
K= 1779
4037.60026738
K= 1780
764.061193077
K= 1781
7445.0
K= 1782
23.4405816117
K= 1783
52.9610079677
K= 1784
1896.91286914
K= 1785
7190.0
K= 1786
5301.03582896
K= 1787
3484.5
K= 1788
132.261284061
K= 1789
7329.5
K= 1790
267.643316037
K= 1791
43.5415159239
K= 1792
7445.0
K= 1793
18.6666666669
K= 1794
7191.71428571
K= 1795
477.430757369
K= 1796
5270.48626443
K= 1797
71.0510243797
K= 1798
7331.9
K= 1799
63.6887923833
K= 1800
7192.0
K= 1801
7329.0
K= 1802
7192.66666667
K= 1803
3750.91666667
K= 1804
26.3779434524
K= 1805
27544.7790203
K= 1806
7191.66666667
K= 1807
7191.46666667
K= 1808
319.215931472
K= 1809
33.614773451
K= 1810
771.384385522
K= 1811
18.0043650795
K= 1812
7445.0
K= 1813
120.323176115
K= 1814
52.2812845733
K= 1815
51.8385140302
K= 1816
7328.5
K= 1817
5423.54906336
K= 1818
69.1725866732
K= 1819
3466.69450502
K= 1820
14998.5
K= 1821
36.1294540991
K= 1822
7445.0
K= 1823
7192.25
K= 1824
3596.5
K= 1825
7446.0
K= 1826
7444.55555556
K= 1827
153.350735368
K= 1828
363.858171432
K= 1829
26.7045959578
K= 1830
7191.86904762
K= 1831
7190.75
K= 1832
6784.89072579
K= 1833
3988.43856976
K= 1834
7445.0
K= 1835
3748.85434517
K= 1836
7446.0
K= 1837
7191.6285435
K= 1838
3472.19113436
K= 1839
56.9121592656
K= 1840
3986.51829628
K= 1841
10923.75
K= 1842
172.045175489
K= 1843
24.7366148754
K= 1844
684.057620596
K= 1845
32.1969397495
K= 1846
7445.0
K= 1847
7445.0
K= 1848
7191.83333333
K= 1849
41.1500380231
K= 1850
37.5590722325
K= 1851
7329.5
K= 1852
7147.92745098
K= 1853
3604.0
K= 1854
7191.84313725
K= 1855
5448.85370004
K= 1856
34.2100946732
K= 1857
3748.5
K= 1858
7190.51428571
K= 1859
7192.3
K= 1860
7329.5
K= 1861
7191.1
K= 1862
7191.2
K= 1863
3471.5
K= 1864
59.5273602402
K= 1865
688.631873013
K= 1866
101.84675908
K= 1867
653.041525153
K= 1868
3596.5
K= 1869
310.108011529
K= 1870
7189.71551782
K= 1871
48.3546178795
K= 1872
74.1789415199
K= 1873
7329.5
K= 1874
56.7299445376
K= 1875
7445.0
K= 1876
7190.86666667
K= 1877
62.7593199402
K= 1878
188.355267783
K= 1879
25.5255770743
K= 1880
7191.85714286
K= 1881
7445.0
K= 1882
26.4025310108
K= 1883
21.3072251359
K= 1884
7328.875
K= 1885
3748.81850566
K= 1886
27608.8614275
K= 1887
36.2537888519
K= 1888
20.3444816932
K= 1889
280.073330542
K= 1890
7446.0
K= 1891
3953.85816431
K= 1892
25.6558917523
K= 1893
7192.5
K= 1894
7192.0
K= 1895
3531.0
K= 1896
7162.0
K= 1897
7190.33333333
K= 1898
7193.0
K= 1899
80.1907605866
K= 1900
710.196940714
K= 1901
7329.5
K= 1902
28.8614045726
K= 1903
7193.0
K= 1904
5301.99056829
K= 1905
32.8759290228
K= 1906
7191.69230769
K= 1907
35.6939209419
K= 1908
3747.97410808
K= 1909
68.7530028085
K= 1910
22.7138195519
K= 1911
22.1256412459
K= 1912
61.2971867248
K= 1913
3531.0
K= 1914
7192.89473684
K= 1915
7192.74089069
K= 1916
7200.39444444
K= 1917
7191.86324786
K= 1918
40.4303083733
K= 1919
7210.08945719
K= 1920
3975.40857983
K= 1921
7193.0
K= 1922
3464.27391494
K= 1923
674.575082605
K= 1924
69.4466364369
K= 1925
3750.5
K= 1926
7445.0
K= 1927
7191.89473684
K= 1928
5531.12531101
K= 1929
27.5076788533
K= 1930
467.662501592
K= 1931
1525.65108218
K= 1932
676.691047598
K= 1933
7445.0
K= 1934
7192.0
K= 1935
710.432434804
K= 1936
7328.5
K= 1937
41.4130645678
K= 1938
50.4533609549
K= 1939
23.4405816117
K= 1940
7191.76470588
K= 1941
7190.88888889
K= 1942
7445.0
K= 1943
3868.0
K= 1944
7191.5
K= 1945
7193.0
K= 1946
23.7840428955
K= 1947
7196.74358974
K= 1948
3942.68054705
K= 1949
59.4887459914
K= 1950
7191.85503686
K= 1951
7445.0
K= 1952
3975.0
K= 1953
7193.0
K= 1954
16.9142857142
K= 1955
3975.49845656
K= 1956
7191.64923077
K= 1957
52.2702295127
K= 1958
691.479704924
K= 1959
6984.15281017
K= 1960
5223.01979138
K= 1961
161.826192193
K= 1962
3748.83690476
K= 1963
36.8901848678
K= 1964
4022.94365079
K= 1965
36.2525735042
K= 1966
7329.5
K= 1967
7328.66666667
K= 1968
3604.0
K= 1969
7445.0
K= 1970
7445.0
K= 1971
240.514044257
K= 1972
7191.33333333
K= 1973
7191.92857143
K= 1974
7192.86363636
K= 1975
7193.0
K= 1976
7337.58241758
K= 1977
7191.94017094
K= 1978
7192.3
K= 1979
7509.92365827
K= 1980
265.945526834
K= 1981
20.314049305
K= 1982
54.7349647748
K= 1983
10651.3333333
K= 1984
7193.68421053
K= 1985
22.7484638601
K= 1986
7191.66666667
K= 1987
5279.31702257
K= 1988
386.820879069
K= 1989
7192.8422619
K= 1990
3749.16666667
K= 1991
7191.5
K= 1992
3596.5
K= 1993
41.1762382479
K= 1994
7446.0
K= 1995
7192.0
K= 1996
7445.0
K= 1997
98.2845058405
K= 1998
38.2107326395
K= 1999
7445.0
K= 2000
34.726400948
K= 2001
7193.0
K= 2002
7192.4
K= 2003
3596.5
K= 2004
766.143313624
K= 2005
24.9866148754
K= 2006
1205.37759768
K= 2007
7328.5
K= 2008
789.989199689
K= 2009
3484.5
K= 2010
35.096280397
K= 2011
283.978944468
K= 2012
46.9839455164
K= 2013
53.0137682646
K= 2014
48.5348573901
K= 2015
7445.0
K= 2016
7191.83333333
K= 2017
718.574301842
K= 2018
652.721923165
K= 2019
194.442206775
K= 2020
26.7010182523
K= 2021
23.8700407727
K= 2022
3586.5
K= 2023
46.5025002307
K= 2024
7193.20634921
K= 2025
5224.15135962
K= 2026
7191.5
K= 2027
3885.16623313
K= 2028
28.7415040889
K= 2029
7192.0
K= 2030
158.732097873
K= 2031
48.4256661831
K= 2032
15010.3760576
K= 2033
20.2288197505
K= 2034
7208.78333333
K= 2035
7445.0
K= 2036
125.165332585
K= 2037
3596.5
K= 2038
7445.0
K= 2039
7193.0
K= 2040
112.04059055
K= 2041
7329.5
K= 2042
10647.1111111
K= 2043
5302.87120634
K= 2044
7191.17575758
K= 2045
14653.0
K= 2046
3796.17100955
K= 2047
85.492075671
K= 2048
7446.0
K= 2049
44.3249154044
K= 2050
7332.66666667
K= 2051
3596.5
K= 2052
7445.0
K= 2053
7445.0
K= 2054
7445.0
K= 2055
7446.0
K= 2056
7192.95652174
K= 2057
7445.0
K= 2058
82.9870802256
K= 2059
27534.3131473
K= 2060
696.63821336
K= 2061
10922.0
K= 2062
44.0597567391
K= 2063
23.7840428955
K= 2064
7446.0
K= 2065
7192.81904762
K= 2066
42.8408763744
K= 2067
3492.97435897
K= 2068
7193.0
K= 2069
7445.0
K= 2070
27603.7226581
K= 2071
20.3444816932
K= 2072
81.6142493471
K= 2073
5272.38202451
K= 2074
77.7801878938
K= 2075
7445.0
K= 2076
7192.46666667
K= 2077
537.506885768
K= 2078
23.8700407727
K= 2079
7446.0
K= 2080
7191.82608696
K= 2081
20.6589745792
K= 2082
7445.0
K= 2083
3745.82660683
K= 2084
65.5310204241
K= 2085
48.3546178795
K= 2086
7446.0
K= 2087
27634.3119472
K= 2088
7445.0
K= 2089
169.328214314
K= 2090
3596.5
K= 2091
7446.0
K= 2092
14359.1666667
K= 2093
7192.62337662
K= 2094
3975.40857983
K= 2095
7491.70619133
K= 2096
5460.1254739
K= 2097
318.789953263
K= 2098
632.083333333
K= 2099
7191.33333333
K= 2100
7446.0
K= 2101
7191.86403509
K= 2102
7192.85026738
K= 2103
7192.0
K= 2104
7445.0
K= 2105
5130.43420154
K= 2106
7192.86363636
K= 2107
7193.0
K= 2108
5329.22881951
K= 2109
3755.86536797
K= 2110
5232.04841508
K= 2111
3747.44025974
K= 2112
7446.0
K= 2113
25.1145959577
K= 2114
3769.78011544
K= 2115
7445.0
K= 2116
51.2732611482
K= 2117
7446.0
K= 2118
45.4646100414
K= 2119
5222.182312
K= 2120
3460.0
K= 2121
7446.0
K= 2122
7189.97878788
K= 2123
4058.85714286
K= 2124
5229.22358184
K= 2125
729.640837677
K= 2126
7446.0
K= 2127
745.616851016
K= 2128
7192.0
K= 2129
7191.25
K= 2130
3596.5
K= 2131
7192.0
K= 2132
7191.6
K= 2133
5268.50590841
K= 2134
705.854486491
K= 2135
7191.33333333
K= 2136
3596.5
K= 2137
48.3546178795
K= 2138
7191.85421995
K= 2139
7329.5
K= 2140
3747.78238482
K= 2141
621.397447858
K= 2142
3596.5
K= 2143
3769.42371012
K= 2144
7191.74637681
K= 2145
7445.0
K= 2146
1093.79053854
K= 2147
7192.0
K= 2148
254.345118983
K= 2149
3748.12807882
K= 2150
7192.5
K= 2151
7445.0
K= 2152
3786.0
K= 2153
3786.0
K= 2154
604.598249981
K= 2155
7329.5
K= 2156
7192.0
K= 2157
7328.5
K= 2158
7445.0
K= 2159
11059.6666667
K= 2160
3723.60714286
K= 2161
257.541166823
K= 2162
22.6744608353
K= 2163
232.717901525
K= 2164
5228.56802629
K= 2165
7445.0
K= 2166
22.4028915348
K= 2167
3888.71504265
K= 2168
7192.67307692
K= 2169
7191.86904762
K= 2170
24.017535726
K= 2171
7444.16666667
K= 2172
109.562795697
K= 2173
6158.76288826
K= 2174
7192.93233083
K= 2175
7445.0
K= 2176
31.0391255594
K= 2177
5223.23469295
K= 2178
7192.5
K= 2179
48.1926793361
K= 2180
35.0945870427
K= 2181
7446.0
K= 2182
48.3546178795
K= 2183
5222.23469295
K= 2184
7445.0
K= 2185
7446.0
K= 2186
7191.5
K= 2187
7347.27777778
K= 2188
7145.8
K= 2189
7194.0
K= 2190
7332.6
K= 2191
5297.14360261
K= 2192
35.4943054391
K= 2193
7697.51882714
K= 2194
636.452214968
K= 2195
7191.6
K= 2196
7446.0
K= 2197
41.7870289102
K= 2198
3750.38888889
K= 2199
7191.85714286
K= 2200
7191.85026738
K= 2201
3522.5
K= 2202
7446.0
K= 2203
52.6768952181
K= 2204
538.620482851
K= 2205
31.5771755812
K= 2206
7445.0
K= 2207
7192.0
K= 2208
7191.86403509
K= 2209
7193.0
K= 2210
7328.71428571
K= 2211
7193.0
K= 2212
3531.0
K= 2213
7329.5
K= 2214
7332.66666667
K= 2215
10923.6071429
K= 2216
7446.0
K= 2217
4747.25666607
K= 2218
29.9126146971
K= 2219
7329.5
K= 2220
7446.0
K= 2221
7445.0
K= 2222
10923.8654244
K= 2223
3466.86409656
K= 2224
8380.5
K= 2225
7192.4
K= 2226
7328.5
K= 2227
7329.5
K= 2228
11222.3741295
K= 2229
40943.0
K= 2230
7445.0
K= 2231
78.4303014514
K= 2232
1050.2730174
K= 2233
7192.6
K= 2234
7191.1
K= 2235
7192.5
K= 2236
7446.0
K= 2237
80.5439523007
K= 2238
7192.86666667
K= 2239
7191.60714286
K= 2240
7328.875
K= 2241
7191.62328042
K= 2242
60.2490190419
K= 2243
8664.06802629
K= 2244
7445.0
K= 2245
20.134712409
K= 2246
43.5087013354
K= 2247
38.1298156603
K= 2248
23.8700407727
K= 2249
7188.95121951
K= 2250
616.546412416
K= 2251
5239.27516909
K= 2252
7445.0
K= 2253
5366.38772259
K= 2254
80.6536264728
K= 2255
5293.52092062
K= 2256
10615.5
K= 2257
7192.85748792
K= 2258
7193.0
K= 2259
7445.0
K= 2260
7446.0
K= 2261
44.8769647493
K= 2262
7192.5
K= 2263
7190.75
K= 2264
21.2855006608
K= 2265
22.74846386
K= 2266
11238.8332004
K= 2267
7192.0
K= 2268
48.4918402549
K= 2269
7499.04830918
K= 2270
7193.0
K= 2271
693.104322724
K= 2272
263.575646661
K= 2273
801.017863715
K= 2274
7445.0
K= 2275
4046.0222316
K= 2276
53.4147640488
K= 2277
7446.0
K= 2278
7191.0
K= 2279
7445.0
K= 2280
7191.66666667
K= 2281
7192.58333333
K= 2282
67.836564461
K= 2283
117.987315103
K= 2284
24.6786116533
K= 2285
7445.0
K= 2286
67.9286512949
K= 2287
7328.66666667
K= 2288
7202.70873016
K= 2289
7191.94444444
K= 2290
7445.0
K= 2291
508.68285213
K= 2292
7193.0
K= 2293
7193.0
K= 2294
7192.0
K= 2295
3971.48737374
K= 2296
5247.24721228
K= 2297
7193.0
K= 2298
7192.0
K= 2299
28.0183736242
K= 2300
7446.0
K= 2301
715.121196399
K= 2302
219.950973454
K= 2303
7445.0
K= 2304
7192.0
K= 2305
693.104322724
K= 2306
5240.95890683
K= 2307
649.351288245
K= 2308
242.92900113
K= 2309
3744.29644225
K= 2310
7446.0
K= 2311
7446.0
K= 2312
241.80680588
K= 2313
7445.0
K= 2314
7445.0
K= 2315
7190.33333333
K= 2316
40943.0
K= 2317
7445.0
K= 2318
5220.982312
K= 2319
5247.04689518
K= 2320
22.4564042827
K= 2321
691.479704924
K= 2322
3830.28035027
K= 2323
5253.03568097
K= 2324
7191.58333333
K= 2325
5221.23469295
K= 2326
3748.57559524
K= 2327
7445.0
K= 2328
7186.59996525
K= 2329
7192.58333333
K= 2330
3748.77344064
K= 2331
234.030370676
K= 2332
249.923772382
K= 2333
64.5511049925
K= 2334
36.1666284051
K= 2335
7175.7224026
K= 2336
3751.0
K= 2337
7333.28506493
K= 2338
7445.0
K= 2339
7722.25649054
K= 2340
7183.03369556
K= 2341
7329.5
K= 2342
23.731837709
K= 2343
7191.66666667
K= 2344
7445.0
K= 2345
7192.86666667
K= 2346
7191.86666667
K= 2347
164.552112771
K= 2348
7192.14285714
K= 2349
7445.0
K= 2350
7446.0
K= 2351
58.3485625096
K= 2352
7445.0
K= 2353
7192.66666667
K= 2354
7445.0
K= 2355
7445.0
K= 2356
7191.46153846
K= 2357
7191.46666667
K= 2358
5357.69869758
K= 2359
3858.5
K= 2360
7328.66666667
K= 2361
7445.0
K= 2362
7445.0
K= 2363
7332.8
K= 2364
385.423483484
K= 2365
728.922905861
K= 2366
7190.58333333
K= 2367
65.3153282346
K= 2368
29.4821849618
K= 2369
3888.38170932
K= 2370
20.2288197505
K= 2371
3534.5
K= 2372
74.947486109
K= 2373
7190.95454545
K= 2374
18.3333333336
K= 2375
7192.80523256
K= 2376
7200.05374291
K= 2377
644.41519186
K= 2378
7329.5
K= 2379
7192.85816431
K= 2380
7191.9
K= 2381
3466.6995633
K= 2382
10254.165239
K= 2383
7192.46666667
K= 2384
71.7898423965
K= 2385
678.610002485
K= 2386
40.8837296285
K= 2387
27621.7249692
K= 2388
38.1295566685
K= 2389
7445.0
K= 2390
653.041525153
K= 2391
7446.0
K= 2392
81.7806037923
K= 2393
7190.5
K= 2394
693.461639992
K= 2395
7192.0
K= 2396
7193.0
K= 2397
7191.475
K= 2398
7192.76190476
K= 2399
20.314049305
K= 2400
7445.0
Betweenness Centrality Improvement
[ 0.  0.  0. ...,  0.  0.  0.]
Top 20 BC Improvement
[2316 2229 1648 2087 2387 1760 1320 1886 2070 1805 2059 1440 2032 1820 2045
 1465 1362 2092 2266 2228]
Top 20 BC Improvement
[ 40943.          40943.          27655.48092962  27634.3119472
  27621.72496925  27617.82306753  27615.02518917  27608.86142751
  27603.72265809  27544.77902035  27534.31314733  18708.          15010.37605757
  14998.5         14653.          14382.25        14364.83333333
  14359.16666667  11238.83320043  11222.37412949]
