txValue= 1000000
IGRAPH D--- 4619 68733 -- 
+ attr: pub_key (v), base_fee (e), capacity (e), fee_rate (e), txCost (e)
None
IGRAPH D--- 4619 50297 -- 
+ attr: pub_key (v), base_fee (e), capacity (e), fee_rate (e), txCost (e)
None
Our nodes starting connections: 
(4618, 2796)
(4618, 1223)
(4618, 1163)
(4618, 222)
K= 3600
7191.51428571
K= 3601
24.6432330686
K= 3602
7191.3
K= 3603
3484.5
K= 3604
7200.45555556
K= 3605
7192.0
K= 3606
3534.66666667
K= 3607
5632.75216173
K= 3608
7446.0
K= 3609
78.3728301937
K= 3610
7446.0
K= 3611
696.440743807
K= 3612
7445.0
K= 3613
3751.0
K= 3614
5233.7791374
K= 3615
653.384658083
K= 3616
7487.94531038
K= 3617
7445.0
K= 3618
58.3093505938
K= 3619
3724.90909091
K= 3620
54.6088531379
K= 3621
7191.6
K= 3622
7191.46666667
K= 3623
7191.77492878
K= 3624
7191.86542443
K= 3625
96.29935647
K= 3626
7445.0
K= 3627
7446.0
K= 3628
753.058505886
K= 3629
7191.85714286
K= 3630
5252.20212052
K= 3631
7191.88
K= 3632
7445.0
K= 3633
5223.06802629
K= 3634
7192.86542443
K= 3635
7190.0
K= 3636
30.5428883687
K= 3637
20.1891025642
K= 3638
64.5614224444
K= 3639
7191.58333333
K= 3640
786.360167855
K= 3641
3748.02772781
K= 3642
5608.24469671
K= 3643
3786.0
K= 3644
43.3806636981
K= 3645
33.2090546308
K= 3646
7445.0
K= 3647
27724.8966388
K= 3648
7446.0
K= 3649
710.916218882
K= 3650
7193.0
K= 3651
7445.0
K= 3652
7445.0
K= 3653
906.682757461
K= 3654
3723.6
K= 3655
7191.33333333
K= 3656
7445.0
K= 3657
7188.57777778
K= 3658
3596.5
K= 3659
268.190806404
K= 3660
3975.0
K= 3661
116.610161699
K= 3662
7445.0
K= 3663
7445.0
K= 3664
7186.23636364
K= 3665
30.9184947861
K= 3666
40.3782051281
K= 3667
7445.0
K= 3668
7446.0
K= 3669
3765.71666667
K= 3670
5265.80482644
K= 3671
3172.98032542
K= 3672
290.916160304
K= 3673
3975.0
K= 3674
3952.33333333
K= 3675
7445.0
K= 3676
11161.9850746
K= 3677
43.0352342378
K= 3678
3466.69450502
K= 3679
10648.5
K= 3680
49.0014926711
K= 3681
43.3439331061
K= 3682
7193.0
K= 3683
3479.51648606
K= 3684
11210.5833333
K= 3685
7445.0
K= 3686
25.2949267769
K= 3687
3929.0
K= 3688
3975.0
K= 3689
43.0178447475
K= 3690
4886.07805472
K= 3691
691.479704924
K= 3692
960.231563354
K= 3693
3596.5
K= 3694
39.6686213755
K= 3695
3928.58242633
K= 3696
5492.81974187
K= 3697
7445.0
K= 3698
7445.0
K= 3699
42.8542228993
K= 3700
7192.0
K= 3701
7191.66666667
K= 3702
7190.71428571
K= 3703
490.118904096
K= 3704
29.4821849618
K= 3705
7445.0
K= 3706
4077.0
K= 3707
7445.0
K= 3708
7191.79096774
K= 3709
59.1747175552
K= 3710
693.196010475
K= 3711
537.209235209
K= 3712
740.482968439
K= 3713
3756.72460317
K= 3714
7192.0
K= 3715
3975.40857983
K= 3716
38.2320919177
K= 3717
7444.0
K= 3718
56.2893835893
K= 3719
7446.0
K= 3720
116.120887072
K= 3721
21.3072251359
K= 3722
7191.86542443
K= 3723
558.531252019
K= 3724
655.660994941
K= 3725
7445.0
K= 3726
692.594778843
K= 3727
653.041525153
K= 3728
3461.58339391
K= 3729
729.801030948
K= 3730
26.0307632295
K= 3731
65.6000701134
K= 3732
7191.46666667
K= 3733
7191.95238095
K= 3734
7445.0
K= 3735
247.073452922
K= 3736
7196.0
K= 3737
730.157935261
K= 3738
7194.33333333
K= 3739
7446.0
K= 3740
7445.0
K= 3741
7445.0
K= 3742
5222.29024851
K= 3743
7191.1
K= 3744
3531.0
K= 3745
5234.86802629
K= 3746
113.094548638
K= 3747
5234.62358184
K= 3748
34.3270720931
K= 3749
265.72829805
K= 3750
3748.33333333
K= 3751
7445.0
K= 3752
40.4853507665
K= 3753
7191.60292581
K= 3754
4038.83333333
K= 3755
7445.0
K= 3756
28.6472414003
K= 3757
7445.0
K= 3758
7446.0
K= 3759
6984.15281017
K= 3760
27639.665117
K= 3761
7445.0
K= 3762
254.515939231
K= 3763
7191.86363636
K= 3764
3975.0
K= 3765
5228.40500108
K= 3766
3786.0
K= 3767
7445.0
K= 3768
5306.05136377
K= 3769
490.59408247
K= 3770
20.8280718928
K= 3771
43.6812188542
K= 3772
35.2840985847
K= 3773
7192.66666667
K= 3774
7445.0
K= 3775
3463.06891576
K= 3776
223.893481551
K= 3777
3750.99275362
K= 3778
7191.58333333
K= 3779
24.2818897273
K= 3780
265.560660604
K= 3781
7445.0
K= 3782
3540.36111111
K= 3783
3466.86810714
K= 3784
7193.0
K= 3785
3975.0
K= 3786
7191.74089069
K= 3787
49.1450846329
K= 3788
28.7827538382
K= 3789
759.989398201
K= 3790
3596.5
K= 3791
7193.0
K= 3792
30.9803030305
K= 3793
282.083090673
K= 3794
677.541390108
K= 3795
7445.0
K= 3796
92.4333770855
K= 3797
7198.2348174
K= 3798
7445.0
K= 3799
7200.7797619
K= 3800
7445.0
K= 3801
7445.0
K= 3802
32.9335131434
K= 3803
7446.0
K= 3804
440.991622258
K= 3805
86.6563415088
K= 3806
3750.38888889
K= 3807
3745.08333333
K= 3808
714.624601276
K= 3809
713.239784325
K= 3810
7446.0
K= 3811
7445.0
K= 3812
685.14564872
K= 3813
6363.82804658
K= 3814
27.3976930381
K= 3815
5633.28665157
K= 3816
5272.32588717
K= 3817
780.88317642
K= 3818
7445.0
K= 3819
7191.78974359
K= 3820
7191.89473684
K= 3821
7445.0
K= 3822
45.0921704307
K= 3823
7446.0
K= 3824
3485.66666667
K= 3825
7446.0
K= 3826
83.8583041901
K= 3827
7202.01159764
K= 3828
696.743664493
K= 3829
14383.0285714
K= 3830
21.2855006609
K= 3831
7445.0
K= 3832
7188.0
K= 3833
7190.6
K= 3834
422.12129095
K= 3835
7190.89550547
K= 3836
69.6737700475
K= 3837
7445.0
K= 3838
7191.86542443
K= 3839
14653.0
K= 3840
95.612674656
K= 3841
7445.0
K= 3842
7446.0
K= 3843
7192.46666667
K= 3844
5256.30592785
K= 3845
7445.0
K= 3846
7445.0
K= 3847
7445.0
K= 3848
4023.10277778
K= 3849
40.9881388029
K= 3850
7192.0
K= 3851
7190.93023256
K= 3852
7445.0
K= 3853
117.238349324
K= 3854
103.617462549
K= 3855
7445.0
K= 3856
7445.0
K= 3857
39.2635584449
K= 3858
691.479704924
K= 3859
5221.80374057
K= 3860
7445.0
K= 3861
53.8937141991
K= 3862
7193.0
K= 3863
901.853081786
K= 3864
680.096602595
K= 3865
4007.01666667
K= 3866
7446.0
K= 3867
54.7349647747
K= 3868
681.184300495
K= 3869
7193.0
K= 3870
7329.5
K= 3871
23.4405816117
K= 3872
7191.85026738
K= 3873
3786.0
K= 3874
693.461639992
K= 3875
20.8280718928
K= 3876
7445.0
K= 3877
7445.0
K= 3878
7445.0
K= 3879
90.6060962876
K= 3880
71.6877425525
K= 3881
54.3611854452
K= 3882
7192.13333333
K= 3883
3975.0
K= 3884
44568.5296284
K= 3885
7445.0
K= 3886
54.7349647747
K= 3887
130.931106972
K= 3888
448.537280927
K= 3889
60.6650982646
K= 3890
7445.0
K= 3891
7445.0
K= 3892
7191.66666667
K= 3893
61.4058305104
K= 3894
52.0299548848
K= 3895
387.151288245
K= 3896
7192.0
K= 3897
3534.86403509
K= 3898
296.595220326
K= 3899
405.046820794
K= 3900
7446.0
K= 3901
3748.83333333
K= 3902
7193.0
K= 3903
7445.0
K= 3904
24.1493885188
K= 3905
7210.49160822
K= 3906
7445.0
K= 3907
7498.88888889
K= 3908
7446.0
K= 3909
4018.14166667
K= 3910
7191.1
K= 3911
717.131345922
K= 3912
50.5592709625
K= 3913
7445.0
K= 3914
7445.0
K= 3915
7454.40819964
K= 3916
7445.0
K= 3917
7190.58333333
K= 3918
3786.0
K= 3919
7191.66666667
K= 3920
775.99665755
K= 3921
256.974509361
K= 3922
401.31986476
K= 3923
280.177906022
K= 3924
7191.66666667
K= 3925
25.1369894096
K= 3926
7429.42070707
K= 3927
7191.6
K= 3928
48.9627501252
K= 3929
514.987602493
K= 3930
42.0520210402
K= 3931
7191.58333333
K= 3932
24.2818897273
K= 3933
62.885331228
K= 3934
7445.0
K= 3935
7445.0
K= 3936
7445.0
K= 3937
3743.75482456
K= 3938
233.535241217
K= 3939
7191.66666667
K= 3940
7445.0
K= 3941
7446.0
K= 3942
7445.0
K= 3943
592.592534337
K= 3944
28.080130324
K= 3945
7191.66666667
K= 3946
3723.3
K= 3947
7445.0
K= 3948
689.662952379
K= 3949
7445.0
K= 3950
7446.0
K= 3951
56.5553994314
K= 3952
7200.44642857
K= 3953
7445.0
K= 3954
7445.0
K= 3955
3750.875
K= 3956
7191.86542443
K= 3957
80.2900843546
K= 3958
7191.89473684
K= 3959
3596.5
K= 3960
7446.0
K= 3961
7445.0
K= 3962
782.401340593
K= 3963
1899.67751046
K= 3964
7445.0
K= 3965
7192.0
K= 3966
7445.0
K= 3967
651.927528161
K= 3968
152.284285905
K= 3969
714.597353907
K= 3970
60.7366139386
K= 3971
7445.0
K= 3972
7445.0
K= 3973
50.2547929419
K= 3974
30.7934277573
K= 3975
7191.66666667
K= 3976
7445.0
K= 3977
3547.66666667
K= 3978
51.2801256825
K= 3979
7191.71428571
K= 3980
7445.0
K= 3981
7445.0
K= 3982
7445.0
K= 3983
23.9408750643
K= 3984
7191.8
K= 3985
21.3072251359
K= 3986
7191.33333333
K= 3987
7445.0
K= 3988
26.7010182523
K= 3989
7445.0
K= 3990
7191.94915254
K= 3991
3749.16666667
K= 3992
7445.0
K= 3993
33.8314442815
K= 3994
7445.0
K= 3995
7445.0
K= 3996
7446.0
K= 3997
250.281009456
K= 3998
7445.0
K= 3999
428.25952381
K= 4000
7192.60714286
K= 4001
7191.1
K= 4002
7445.0
K= 4003
7453.92941176
K= 4004
77.3243304079
K= 4005
7445.0
K= 4006
7191.34065934
K= 4007
7448.2
K= 4008
87.2098973296
K= 4009
7193.0
K= 4010
5300.23474779
K= 4011
7191.6285435
K= 4012
7186.92105263
K= 4013
3484.66666667
K= 4014
3531.0
K= 4015
7445.0
K= 4016
7445.0
K= 4017
7446.0
K= 4018
4058.85714286
K= 4019
7445.0
K= 4020
658.81976461
K= 4021
5239.23469295
K= 4022
7446.0
K= 4023
3757.95712853
K= 4024
3596.5
K= 4025
276.857804683
K= 4026
7446.0
K= 4027
10650.4927536
K= 4028
22.8171741841
K= 4029
7445.0
K= 4030
44.0049180321
K= 4031
7133.17688957
K= 4032
702.50839368
K= 4033
22.2738497485
K= 4034
7446.0
K= 4035
27608.4826197
K= 4036
3484.5
K= 4037
7445.0
K= 4038
7444.0
K= 4039
7445.0
K= 4040
7445.0
K= 4041
3596.5
K= 4042
7191.83333333
K= 4043
7445.0
K= 4044
3948.5112052
K= 4045
7191.66666667
K= 4046
112.596798605
K= 4047
5401.34524506
K= 4048
3601.12468418
K= 4049
26.7010182523
K= 4050
7445.0
K= 4051
11268.7306651
K= 4052
3975.0
K= 4053
3975.0
K= 4054
58.8600423136
K= 4055
7445.0
K= 4056
708.260865115
K= 4057
7445.0
K= 4058
7192.46666667
K= 4059
4432.40614292
K= 4060
7446.0
K= 4061
79.5029865982
K= 4062
7445.0
K= 4063
7201.3320911
K= 4064
3975.0
K= 4065
748.818265521
K= 4066
7445.0
K= 4067
25.7881937671
K= 4068
7446.0
K= 4069
5341.03876461
K= 4070
7446.0
K= 4071
7191.12941176
K= 4072
7445.0
K= 4073
7444.0452381
K= 4074
7445.0
K= 4075
1052.19614524
K= 4076
49.6772496431
K= 4077
98.5801049228
K= 4078
7445.0
K= 4079
7445.0
K= 4080
7445.0
K= 4081
30.2484619981
K= 4082
20.2288197505
K= 4083
771.747727985
K= 4084
7445.0
K= 4085
66.3663595313
K= 4086
4256.51507609
K= 4087
7445.0
K= 4088
7445.0
K= 4089
7445.0
K= 4090
3990.0
K= 4091
3624.20480547
K= 4092
7445.0
K= 4093
7192.5
K= 4094
748.818265521
K= 4095
7445.0
K= 4096
7191.33333333
K= 4097
335.281202847
K= 4098
7445.0
K= 4099
21.8765551848
K= 4100
22.74846386
K= 4101
7450.33333333
K= 4102
30.9138865984
K= 4103
3756.40635496
K= 4104
540.446897547
K= 4105
7454.75238095
K= 4106
7445.0
K= 4107
80.7263431877
K= 4108
7182.33333333
K= 4109
7446.0
K= 4110
727.139981022
K= 4111
7445.61060606
K= 4112
657.810345492
K= 4113
64.9618557573
K= 4114
7192.0
K= 4115
7445.0
K= 4116
3743.93499804
K= 4117
36.9040851608
K= 4118
7445.0
K= 4119
3747.17301587
K= 4120
14888.0
K= 4121
7161.66666667
K= 4122
301.460733384
K= 4123
59.0345494075
K= 4124
7445.0
K= 4125
3484.5
K= 4126
44.0861656821
K= 4127
7446.0
K= 4128
7445.0
K= 4129
3456.0
K= 4130
7445.0
K= 4131
7445.0
K= 4132
745.294191618
K= 4133
7445.0
K= 4134
7445.0
K= 4135
7446.0
K= 4136
7446.0
K= 4137
7446.0
K= 4138
7445.0
K= 4139
40.9822128508
K= 4140
51.0097892383
K= 4141
7446.0
K= 4142
3975.0
K= 4143
3503.36403509
K= 4144
7445.0
K= 4145
7445.0
K= 4146
7191.34210526
K= 4147
7445.0
K= 4148
7445.0
K= 4149
3596.5
K= 4150
7445.0
K= 4151
10923.3333333
K= 4152
25.5347738093
K= 4153
22.2738497485
K= 4154
5223.06802629
K= 4155
271.094191646
K= 4156
7493.26966967
K= 4157
5353.81337091
K= 4158
7191.77575758
K= 4159
3764.15119048
K= 4160
7162.0
K= 4161
155.256515733
K= 4162
7445.0
K= 4163
3723.5
K= 4164
7446.0
K= 4165
7192.0
K= 4166
7445.0
K= 4167
7445.0
K= 4168
3975.40857983
K= 4169
262.370371698
K= 4170
85.4685727474
K= 4171
247.103776072
K= 4172
11157.0
K= 4173
7191.92982456
K= 4174
7445.0
K= 4175
696.557934609
K= 4176
141.292613299
K= 4177
7445.0
K= 4178
7445.0
K= 4179
7445.0
K= 4180
680.642706708
K= 4181
680.642706708
K= 4182
18599.0
K= 4183
7445.0
K= 4184
1899.67751046
K= 4185
51.5603731337
K= 4186
7446.0
K= 4187
701.32839459
K= 4188
7445.0
K= 4189
69.7626295704
K= 4190
40.0744789335
K= 4191
7445.0
K= 4192
663.256104524
K= 4193
3745.09761905
K= 4194
75.0366017666
K= 4195
3975.0
K= 4196
56.1011769936
K= 4197
7192.46666667
K= 4198
99.0549170704
K= 4199
732.380847446
K= 4200
693.104322724
K= 4201
38.3685001443
K= 4202
67.5868881355
K= 4203
7445.0
K= 4204
121.539952417
K= 4205
7445.0
K= 4206
7162.0
K= 4207
62.3474435214
K= 4208
7446.0
K= 4209
26141.55
K= 4210
7445.0
K= 4211
7191.15555556
K= 4212
7192.5
K= 4213
3531.0
K= 4214
66.0589216204
K= 4215
7445.0
K= 4216
7445.0
K= 4217
7191.8422619
K= 4218
235.963051251
K= 4219
7445.0
K= 4220
7192.0
K= 4221
10651.0
K= 4222
54.792819769
K= 4223
7445.0
K= 4224
3748.19761905
K= 4225
7445.0
K= 4226
270.295385051
K= 4227
7191.85026738
K= 4228
7445.0
K= 4229
31.1530077255
K= 4230
729.56385133
K= 4231
5314.37861954
K= 4232
3963.24845656
K= 4233
7445.0
K= 4234
135.926581547
K= 4235
759.918590176
K= 4236
141.390654972
K= 4237
4002.64934597
K= 4238
206.858132445
K= 4239
45.8616103731
K= 4240
54.240858827
K= 4241
27691.3149391
K= 4242
491.519402122
K= 4243
5251.03273761
K= 4244
3748.24025974
K= 4245
681.863888906
K= 4246
59.2886054629
K= 4247
7445.0
K= 4248
92.5311970538
K= 4249
7445.0
K= 4250
7445.0
K= 4251
7445.0
K= 4252
7445.0
K= 4253
7445.0
K= 4254
3975.0
K= 4255
7445.0
K= 4256
7445.0
K= 4257
3698.61601264
K= 4258
7445.0
K= 4259
5220.282312
K= 4260
7445.0
K= 4261
3751.0
K= 4262
7192.25
K= 4263
3777.14285714
K= 4264
7455.6
K= 4265
7445.0
K= 4266
55.5077367788
K= 4267
7445.0
K= 4268
7445.0
K= 4269
7445.0
K= 4270
720.943106704
K= 4271
7445.0
K= 4272
7446.0
K= 4273
7445.0
K= 4274
3596.5
K= 4275
47.3723597217
K= 4276
32.4282906498
K= 4277
3944.5
K= 4278
24.2166266202
K= 4279
7445.0
K= 4280
3484.5
K= 4281
24.7298335247
K= 4282
14892.0
K= 4283
65.3194729048
K= 4284
7445.0
K= 4285
29.05917616
K= 4286
5625.08434636
K= 4287
7463.33333333
K= 4288
7445.0
K= 4289
27555.7355925
K= 4290
684.330616587
K= 4291
62.9538916034
K= 4292
35.0367074393
K= 4293
27598.9021938
K= 4294
180.547815052
K= 4295
7445.0
K= 4296
7192.0
K= 4297
7446.0
K= 4298
7445.0
K= 4299
4023.41304348
K= 4300
720.16807915
K= 4301
3464.03859702
K= 4302
3748.26388889
K= 4303
7193.46666667
K= 4304
3773.89767818
K= 4305
264.808842934
K= 4306
63.3903288663
K= 4307
51.0343442075
K= 4308
7445.0
K= 4309
478.750146788
K= 4310
7192.0
K= 4311
20.8712024196
K= 4312
3975.0
K= 4313
24.3611716863
K= 4314
77.0967771227
K= 4315
7445.0
K= 4316
7445.0
K= 4317
7445.0
K= 4318
54.7349647747
K= 4319
55.5610591148
K= 4320
7445.0
K= 4321
7191.0
K= 4322
5235.11524851
K= 4323
41.885855064
K= 4324
48.3546178795
K= 4325
5219.95691518
K= 4326
3489.12468418
K= 4327
683.12129095
K= 4328
82.9420321594
K= 4329
35.2080580888
K= 4330
110.543176631
K= 4331
7445.0
K= 4332
7445.0
K= 4333
153.652727037
K= 4334
7445.0
K= 4335
7445.0
K= 4336
5280.09096741
K= 4337
59.2911677143
K= 4338
7209.18360071
K= 4339
7192.3
K= 4340
7445.0
K= 4341
4031.6984127
K= 4342
3786.0
K= 4343
7445.0
K= 4344
7446.0
K= 4345
23.7840428957
K= 4346
71.5649876191
K= 4347
3971.48737374
K= 4348
7445.0
K= 4349
7445.0
K= 4350
427.571010496
K= 4351
48.3269082111
K= 4352
118.526140331
K= 4353
7445.0
K= 4354
7445.0
K= 4355
7445.0
K= 4356
7446.0
K= 4357
615.041525153
K= 4358
107.34718377
K= 4359
167.557687995
K= 4360
3844.43427517
K= 4361
30.9806815448
K= 4362
7445.0
K= 4363
11839.1718764
K= 4364
3723.92592593
K= 4365
7445.0
K= 4366
62.2855210842
K= 4367
5366.97421205
K= 4368
755.043366285
K= 4369
39.0111483599
K= 4370
7445.0
K= 4371
716.14971655
K= 4372
229.11481442
K= 4373
3463.95640428
K= 4374
432.217281198
K= 4375
7445.0
K= 4376
163.32034207
K= 4377
7445.0
K= 4378
768.309806904
K= 4379
7445.0
K= 4380
11169.4
K= 4381
7445.0
K= 4382
4052.68358974
K= 4383
23.9623174325
K= 4384
22398.2857143
K= 4385
7445.0
K= 4386
3748.11428571
K= 4387
702.241597294
K= 4388
734.420147118
K= 4389
7445.0
K= 4390
192.832275365
K= 4391
26.7010182523
K= 4392
27603.9272264
K= 4393
74.4437060878
K= 4394
3534.85026738
K= 4395
7445.0
K= 4396
7446.0
K= 4397
7445.0
K= 4398
7445.0
K= 4399
7445.0
K= 4400
83.3505919416
K= 4401
7191.5
K= 4402
7446.0
K= 4403
105.128215412
K= 4404
7446.0
K= 4405
7191.89473684
K= 4406
22.7484638601
K= 4407
7445.0
K= 4408
3593.07142857
K= 4409
7445.0
K= 4410
7445.0
K= 4411
7445.0
K= 4412
11157.0
K= 4413
31.3038912093
K= 4414
7446.0
K= 4415
7445.0
K= 4416
3853.24845656
K= 4417
3748.08095238
K= 4418
7445.0
K= 4419
254.716978886
K= 4420
275.164924522
K= 4421
105.022318334
K= 4422
7191.0
K= 4423
3745.00967804
K= 4424
28.4665642871
K= 4425
7445.0
K= 4426
7445.0
K= 4427
7192.25
K= 4428
7445.0
K= 4429
7191.85026738
K= 4430
3531.0
K= 4431
60.7877062301
K= 4432
7452.58333333
K= 4433
11157.0
K= 4434
5276.39839308
K= 4435
7191.89473684
K= 4436
3749.16666667
K= 4437
175.61660406
K= 4438
4000.55952381
K= 4439
7445.0
K= 4440
70.129089682
K= 4441
7446.0
K= 4442
1044.64290985
K= 4443
28.5596070389
K= 4444
26.3099820345
K= 4445
7445.0
K= 4446
3596.5
K= 4447
7445.0
K= 4448
439.24637159
K= 4449
7446.0
K= 4450
7192.46666667
K= 4451
39.0080067684
K= 4452
2568.02873573
K= 4453
7196.0
K= 4454
7446.0
K= 4455
139.838139332
K= 4456
7445.0
K= 4457
5250.31304305
K= 4458
7445.0
K= 4459
30.039529728
K= 4460
7445.0
K= 4461
5362.12089613
K= 4462
310.034773809
K= 4463
7186.5
K= 4464
7201.67077922
K= 4465
5224.15135962
K= 4466
20.3968965712
K= 4467
7191.0
K= 4468
7192.46666667
K= 4469
7445.0
K= 4470
7445.0
K= 4471
5258.9281273
K= 4472
7445.0
K= 4473
77.1472776441
K= 4474
25.6905816117
K= 4475
7445.0
K= 4476
201.316522844
K= 4477
3975.0
K= 4478
18578.0
K= 4479
57.5512648593
K= 4480
7445.0
K= 4481
7445.0
K= 4482
5286.85381649
K= 4483
7445.0
K= 4484
7191.0
K= 4485
3460.0
K= 4486
462.614488324
K= 4487
54.7349647747
K= 4488
5238.96954144
K= 4489
7445.0
K= 4490
5253.88460883
K= 4491
748.861647976
K= 4492
4021.13410925
K= 4493
7512.61426025
K= 4494
23.8700407727
K= 4495
7445.0
K= 4496
216.894379725
K= 4497
5468.71814656
K= 4498
8589.66277297
K= 4499
7192.0
K= 4500
7191.3
K= 4501
3458.61244962
K= 4502
462.596997431
K= 4503
3747.27777778
K= 4504
66.0003112183
K= 4505
3748.83333333
K= 4506
7201.29404762
K= 4507
79.7984001429
K= 4508
7445.0
K= 4509
7445.0
K= 4510
3975.0
K= 4511
7445.0
K= 4512
7453.0
K= 4513
7445.0
K= 4514
30.4617751895
K= 4515
7445.0
K= 4516
7445.0
K= 4517
21.3072251359
K= 4518
27536.1123537
K= 4519
402.770246366
K= 4520
7445.0
K= 4521
78.0108965501
K= 4522
7192.85026738
K= 4523
7445.0
K= 4524
7446.0
K= 4525
5224.59733032
K= 4526
76.0055460132
K= 4527
653.041525153
K= 4528
116.493213811
K= 4529
35.9145908783
K= 4530
1392.06178588
K= 4531
7445.0
K= 4532
7445.0
K= 4533
26.8717723374
K= 4534
24.4241498121
K= 4535
7445.0
K= 4536
7445.0
K= 4537
7455.41666667
K= 4538
41.4712199691
K= 4539
7445.0
K= 4540
718.507429048
K= 4541
7445.0
K= 4542
60.6652476789
K= 4543
7508.79220779
K= 4544
3858.5
K= 4545
7445.0
K= 4546
7445.0
K= 4547
7446.0
K= 4548
7445.0
K= 4549
217.336270286
K= 4550
38.9108490854
K= 4551
3975.0
K= 4552
3972.74845656
K= 4553
3960.58541418
K= 4554
516.530591631
K= 4555
7444.16666667
K= 4556
7193.90909091
K= 4557
7446.0
K= 4558
474.471404667
K= 4559
7445.0
K= 4560
3975.0
K= 4561
7445.0
K= 4562
7445.0
K= 4563
3948.99313827
K= 4564
7445.0
K= 4565
107.917177097
K= 4566
7445.0
K= 4567
89.7441600842
K= 4568
7263.0
K= 4569
3484.5
K= 4570
3975.0
K= 4571
249.308733953
K= 4572
7446.0
K= 4573
10612.0
K= 4574
3975.0
K= 4575
27660.4012634
K= 4576
5130.43420154
K= 4577
7445.0
K= 4578
3975.0
K= 4579
5226.38944409
K= 4580
11156.0
K= 4581
25.4109528342
K= 4582
7445.0
K= 4583
7445.0
K= 4584
83.0167992067
K= 4585
3896.86294733
K= 4586
49.4661143399
K= 4587
5220.80135962
K= 4588
1422.99506923
K= 4589
7445.0
K= 4590
112.909610969
K= 4591
27615.7183483
K= 4592
29.3914838799
K= 4593
3764.0
K= 4594
130.342726889
K= 4595
7445.0
K= 4596
254.540316165
K= 4597
7445.0
K= 4598
3469.67450244
K= 4599
3750.51111111
K= 4600
7446.0
K= 4601
23.4328966284
K= 4602
7445.0
K= 4603
44.7533923114
K= 4604
3531.17575758
K= 4605
7192.79661017
K= 4606
7445.0
K= 4607
7267.0
K= 4608
44.7369042905
K= 4609
7446.0
K= 4610
7445.0
K= 4611
7192.0
K= 4612
7444.16666667
K= 4613
3596.5
K= 4614
20.3968965712
K= 4615
767.364118561
K= 4616
21.3455770004
K= 4617
7445.0
Betweenness Centrality Improvement
[    0.           0.           0.       ...,    21.345577  7445.           0.      ]
Top 20 BC Improvement
[3884 3647 4241 4575 3760 4591 4035 4392 4293 4289 4518 4209 4384 4182 4478
 4282 4120 3839 3829 4363]
Top 20 BC Improvement
[ 44568.52962838  27724.89663877  27691.31493911  27660.40126338
  27639.66511705  27615.71834827  27608.48261969  27603.92722641
  27598.90219378  27555.73559255  27536.11235368  26141.55        22398.28571429
  18599.          18578.          14892.          14888.          14653.
  14383.02857143  11839.1718764 ]
