txValue= 1000000
IGRAPH D--- 4619 68733 -- 
+ attr: pub_key (v), base_fee (e), capacity (e), fee_rate (e), txCost (e)
None
IGRAPH D--- 4619 50297 -- 
+ attr: pub_key (v), base_fee (e), capacity (e), fee_rate (e), txCost (e)
None
Our nodes starting connections: 
(4618, 2796)
(4618, 1223)
K= 2400
7445.0
K= 2401
3901.0
K= 2402
7445.0
K= 2403
7265.0
K= 2404
7446.0
K= 2405
7298.0
K= 2406
7.33333333337
K= 2407
23.4273660208
K= 2408
500.128875322
K= 2409
621.021419601
K= 2410
43.9921292081
K= 2411
19.1069529465
K= 2412
3743.93333333
K= 2413
7299.5
K= 2414
31.8568242857
K= 2415
7299.0
K= 2416
8.69216732739
K= 2417
3704.56339869
K= 2418
14906.0
K= 2419
3737.96666667
K= 2420
7163.82234432
K= 2421
7445.0
K= 2422
3712.0
K= 2423
7444.0
K= 2424
3712.0
K= 2425
18.4954708786
K= 2426
573.880890471
K= 2427
7300.33333333
K= 2428
7445.0
K= 2429
7445.0
K= 2430
7299.85714286
K= 2431
25.3066384256
K= 2432
45.609250541
K= 2433
2446.80235288
K= 2434
5914.97369288
K= 2435
3739.25
K= 2436
538.474433754
K= 2437
7300.66666667
K= 2438
181.695320799
K= 2439
3737.8011583
K= 2440
7299.5
K= 2441
11021.4666667
K= 2442
7300.0
K= 2443
7302.71428571
K= 2444
2444.75235288
K= 2445
3737.41650327
K= 2446
21.3450780212
K= 2447
7445.0
K= 2448
3712.0
K= 2449
23.7944597097
K= 2450
3520.51821655
K= 2451
7445.0
K= 2452
29.4631523549
K= 2453
171.652173913
K= 2454
7125.0
K= 2455
7445.0
K= 2456
7446.0
K= 2457
74.2985573576
K= 2458
17.2717919175
K= 2459
7300.0
K= 2460
7444.0
K= 2461
626.98930021
K= 2462
14599.0
K= 2463
7.33333333331
K= 2464
7446.0
K= 2465
509.536475645
K= 2466
3712.0
K= 2467
7445.0
K= 2468
20.1986776176
K= 2469
7299.33333333
K= 2470
7445.0
K= 2471
512.523037558
K= 2472
9.34189002845
K= 2473
7444.0
K= 2474
21.9167272421
K= 2475
26.7242940516
K= 2476
7301.0
K= 2477
7299.75
K= 2478
7445.0
K= 2479
3737.41052632
K= 2480
3741.86595353
K= 2481
7301.0
K= 2482
7300.5
K= 2483
7300.0
K= 2484
3909.47422757
K= 2485
74.3575475025
K= 2486
7446.0
K= 2487
91.7621647801
K= 2488
10.0055555556
K= 2489
59.0315516356
K= 2490
7299.82352941
K= 2491
7445.0
K= 2492
137.449367906
K= 2493
9.35664753139
K= 2494
7195.17179487
K= 2495
7300.0
K= 2496
5902.03369018
K= 2497
7445.0
K= 2498
7445.0
K= 2499
9.4144061656
K= 2500
7299.86236559
K= 2501
7445.0
K= 2502
7444.0
K= 2503
8.70599259262
K= 2504
7444.0
K= 2505
3752.69825903
K= 2506
9.58169180993
K= 2507
7299.9047619
K= 2508
4040.09501034
K= 2509
7300.0
K= 2510
3739.24637681
K= 2511
7304.06788767
K= 2512
7300.33333333
K= 2513
3886.63130933
K= 2514
7444.0
K= 2515
7228.5
K= 2516
7444.0
K= 2517
7231.17179487
K= 2518
31.8821547573
K= 2519
7299.4
K= 2520
386.35442004
K= 2521
3742.4299161
K= 2522
3736.26906797
K= 2523
3909.0
K= 2524
3736.41052632
K= 2525
7.33333333337
K= 2526
7300.0
K= 2527
2482.50607093
K= 2528
54.6848486679
K= 2529
7301.0
K= 2530
7300.6
K= 2531
7300.0
K= 2532
2484.11716808
K= 2533
7445.0
K= 2534
19.9339132183
K= 2535
7444.0
K= 2536
7445.0
K= 2537
7299.46666667
K= 2538
7445.0
K= 2539
7445.0
K= 2540
7300.0
K= 2541
504.390950945
K= 2542
547.097872394
K= 2543
287.055229432
K= 2544
7300.66666667
K= 2545
7445.0
K= 2546
7300.42857143
K= 2547
7299.5
K= 2548
260.37754844
K= 2549
483.707677399
K= 2550
7446.0
K= 2551
3712.0
K= 2552
7301.0
K= 2553
73.608916431
K= 2554
2840.84637962
K= 2555
7444.0
K= 2556
2509.67294253
K= 2557
7293.25714286
K= 2558
4134.65846776
K= 2559
2471.49616972
K= 2560
3952.07575758
K= 2561
2444.53013066
K= 2562
34.8771541989
K= 2563
2452.43846399
K= 2564
7300.0
K= 2565
14892.0
K= 2566
10.6666666667
K= 2567
7296.04761905
K= 2568
7299.33333333
K= 2569
7300.0
K= 2570
7293.42857143
K= 2571
7299.42857143
K= 2572
7445.0
K= 2573
7300.5
K= 2574
10.6260275327
K= 2575
45.9527322598
K= 2576
494.628875322
K= 2577
7444.0
K= 2578
7446.0
K= 2579
7446.0
K= 2580
7301.0
K= 2581
37.3270479513
K= 2582
12.5753700996
K= 2583
7445.0
K= 2584
13.1461249721
K= 2585
7445.0
K= 2586
7446.0
K= 2587
7445.0
K= 2588
105.982631251
K= 2589
7296.41721612
K= 2590
535.383769394
K= 2591
7446.8627451
K= 2592
7300.0
K= 2593
11.5804982341
K= 2594
28.3157913147
K= 2595
7299.66666667
K= 2596
7445.0
K= 2597
2489.82661472
K= 2598
7445.0
K= 2599
7445.0
K= 2600
7445.0
K= 2601
7444.0
K= 2602
5909.1942692
K= 2603
7300.9047619
K= 2604
2642.2349032
K= 2605
2450.71934909
K= 2606
1438.67142892
K= 2607
7445.0
K= 2608
14.6666666667
K= 2609
2290.23093176
K= 2610
517.197210999
K= 2611
7445.0
K= 2612
7300.0
K= 2613
10866.0588235
K= 2614
191.791546874
K= 2615
512.961144194
K= 2616
38.3521628416
K= 2617
7300.5
K= 2618
3739.16666667
K= 2619
7446.0
K= 2620
7300.91666667
K= 2621
7299.75
K= 2622
15.4957561797
K= 2623
7299.80645161
K= 2624
13.6785111039
K= 2625
7301.0
K= 2626
3909.0
K= 2627
7448.33333333
K= 2628
14916.2357236
K= 2629
91.0625092662
K= 2630
7445.0
K= 2631
7299.66666667
K= 2632
2868.77936952
K= 2633
7446.0
K= 2634
7301.0
K= 2635
7300.0
K= 2636
7300.75
K= 2637
7300.90909091
K= 2638
3569.90045017
K= 2639
7445.0
K= 2640
7445.0
K= 2641
7445.0
K= 2642
7299.33333333
K= 2643
33.5722840907
K= 2644
7300.6
K= 2645
5850.03019054
K= 2646
26.7799023892
K= 2647
3974.1127451
K= 2648
8.89548641705
K= 2649
7265.0
K= 2650
7445.0
K= 2651
7301.0
K= 2652
7300.0
K= 2653
22.940341216
K= 2654
7299.4
K= 2655
84.2335143469
K= 2656
3999.77179487
K= 2657
7299.36842105
K= 2658
107.886211515
K= 2659
7300.5
K= 2660
7300.0
K= 2661
7445.0
K= 2662
7300.5
K= 2663
49.0872749628
K= 2664
575.549993617
K= 2665
7300.6
K= 2666
7300.38461538
K= 2667
123.715298602
K= 2668
9.85247094149
K= 2669
380.908809551
K= 2670
91.6023318559
K= 2671
7299.45454545
K= 2672
7446.0
K= 2673
7300.75
K= 2674
34.2416111811
K= 2675
7299.84615385
K= 2676
7299.0
K= 2677
80.258709617
K= 2678
7445.0
K= 2679
7444.0
K= 2680
7445.0
K= 2681
7300.33333333
K= 2682
5929.20803802
K= 2683
7445.0
K= 2684
3712.0
K= 2685
3738.37971015
K= 2686
7300.66666667
K= 2687
7445.0
K= 2688
40.1492410182
K= 2689
7300.75
K= 2690
514.913016581
K= 2691
7445.0
K= 2692
7299.33333333
K= 2693
2572.74124177
K= 2694
7445.0
K= 2695
5236.66040258
K= 2696
76.3549364662
K= 2697
7444.0
K= 2698
9.35664753139
K= 2699
15.6644677838
K= 2700
3493.7
K= 2701
7444.0
K= 2702
9.85247094149
K= 2703
14.6666666668
K= 2704
7445.66666667
K= 2705
3739.23809524
K= 2706
24.1721833104
K= 2707
7444.0
K= 2708
7299.0
K= 2709
7300.0
K= 2710
14599.4285714
K= 2711
4037.49845656
K= 2712
2578.06072737
K= 2713
10.0675775145
K= 2714
13.8235242835
K= 2715
49.7696165388
K= 2716
7445.0
K= 2717
7445.0
K= 2718
68.4449616302
K= 2719
721.397483454
K= 2720
7445.0
K= 2721
3899.28063516
K= 2722
7299.97619048
K= 2723
7445.0
K= 2724
7300.66666667
K= 2725
3571.20398609
K= 2726
7300.71428571
K= 2727
7231.17179487
K= 2728
3739.33333333
K= 2729
7300.64507198
K= 2730
7444.0
K= 2731
7445.0
K= 2732
7445.0
K= 2733
3736.45751634
K= 2734
7299.5
K= 2735
7300.0
K= 2736
7300.0
K= 2737
7445.0
K= 2738
4037.49845656
K= 2739
549.586686413
K= 2740
7445.0
K= 2741
65.6320534144
K= 2742
120.419329887
K= 2743
7445.0
K= 2744
42.8364611406
K= 2745
70435.9249538
K= 2746
3712.0
K= 2747
7298.0
K= 2748
7300.75
K= 2749
7445.0
K= 2750
67.1385275798
K= 2751
7445.0
K= 2752
4036.78737374
K= 2753
372.018673623
K= 2754
7445.0
K= 2755
2577.81169353
K= 2756
3934.79642857
K= 2757
186.854421374
K= 2758
7299.85185185
K= 2759
7446.0
K= 2760
531.838137128
K= 2761
12.3207827774
K= 2762
7301.0
K= 2763
3739.78481241
K= 2764
4037.49845656
K= 2765
15.6175815258
K= 2766
7299.91304348
K= 2767
7300.6
K= 2768
15.5727999299
K= 2769
7444.0
K= 2770
7300.0
K= 2771
7300.0
K= 2772
25.4135859737
K= 2773
3737.51666667
K= 2774
7299.71428571
K= 2775
7446.0
K= 2776
3737.41052632
K= 2777
2614.78536391
K= 2778
7445.0
K= 2779
3712.0
K= 2780
13.1699300699
K= 2781
21.5940236978
K= 2782
76.865690527
K= 2783
52.4459621581
K= 2784
3979.15441225
K= 2785
7300.0
K= 2786
7299.5
K= 2787
7446.0
K= 2788
64.2574131633
K= 2789
12.7322233741
K= 2790
46.187842801
K= 2791
7300.5
K= 2792
7445.0
K= 2793
7299.55555556
K= 2794
10.6364155957
K= 2795
7300.0
K= 2796
290.538097387
K= 2797
28.4109573632
K= 2798
12.4115144585
K= 2799
61.1784395756
K= 2800
15.3720154283
K= 2801
7445.0
K= 2802
7296.66666667
K= 2803
32.8581880605
K= 2804
3975.0
K= 2805
47.3578854954
K= 2806
7445.0
K= 2807
21.4283825027
K= 2808
7299.52380952
K= 2809
7299.56521739
K= 2810
7300.33333333
K= 2811
10.5373194263
K= 2812
2449.01901954
K= 2813
315.061064705
K= 2814
7299.5
K= 2815
3975.0
K= 2816
21.7074419429
K= 2817
7300.0
K= 2818
7446.0
K= 2819
3739.23809524
K= 2820
7303.72611212
K= 2821
3712.0
K= 2822
7299.75
K= 2823
7445.0
K= 2824
15.3199009563
K= 2825
546.662202661
K= 2826
2462.65271918
K= 2827
7166.59212338
K= 2828
2450.74350192
K= 2829
37.9328673931
K= 2830
7445.0
K= 2831
3975.0
K= 2832
7445.0
K= 2833
7446.0
K= 2834
3739.33333333
K= 2835
7446.0
K= 2836
14765.0
K= 2837
7300.66666667
K= 2838
7446.0
K= 2839
4357.58444592
K= 2840
3738.46666667
K= 2841
7301.0
K= 2842
7445.0
K= 2843
7299.90909091
K= 2844
10.6004630376
K= 2845
181.666594244
K= 2846
7231.17179487
K= 2847
3572.04761905
K= 2848
34.340787445
K= 2849
2481.10123397
K= 2850
49.8053191605
K= 2851
7299.91666667
K= 2852
7299.8
K= 2853
7300.5
K= 2854
10.4098817609
K= 2855
247.07919771
K= 2856
7474.60563686
K= 2857
975.228681058
K= 2858
7301.0
K= 2859
13.3658387351
K= 2860
492.063161746
K= 2861
561.629380545
K= 2862
7301.01944444
K= 2863
14888.0
K= 2864
7288.95238095
K= 2865
3712.0
K= 2866
7445.0
K= 2867
7445.0
K= 2868
7469.39393939
K= 2869
54.587912616
K= 2870
3737.98447205
K= 2871
582.466666667
K= 2872
504.140257017
K= 2873
7299.5
K= 2874
7299.71428571
K= 2875
7300.0
K= 2876
7445.0
K= 2877
101.628707108
K= 2878
34.7564538567
K= 2879
7299.86206897
K= 2880
7300.71428571
K= 2881
7300.5
K= 2882
7299.91666667
K= 2883
7444.0
K= 2884
559.286628599
K= 2885
6019.82186544
K= 2886
7299.52941176
K= 2887
7445.0
K= 2888
7299.7
K= 2889
82.4794345158
K= 2890
11.3627162516
K= 2891
7.33333333337
K= 2892
7445.0
K= 2893
7445.0
K= 2894
7445.0
K= 2895
5236.66040258
K= 2896
10868.5555556
K= 2897
7300.0
K= 2898
7298.66666667
K= 2899
2463.74875208
K= 2900
7444.0
K= 2901
7272.63809524
K= 2902
7300.75
K= 2903
7300.71428571
K= 2904
7299.86363636
K= 2905
7445.0
K= 2906
3570.79389335
K= 2907
5918.3725789
K= 2908
7299.77777778
K= 2909
7445.0
K= 2910
6939.0138582
K= 2911
3737.37229437
K= 2912
191.752584031
K= 2913
1758.63460213
K= 2914
7445.0
K= 2915
7445.0
K= 2916
12.0568970795
K= 2917
554.21324373
K= 2918
530.377942431
K= 2919
69.1684476153
K= 2920
7300.46666667
K= 2921
7446.0
K= 2922
7300.0
K= 2923
28.3157913147
K= 2924
23.6414513294
K= 2925
15.3199009563
K= 2926
7163.0
K= 2927
7299.55555556
K= 2928
7299.4
K= 2929
29.9528508644
K= 2930
77.8845844195
K= 2931
3737.6969697
K= 2932
7299.47368421
K= 2933
7300.75
K= 2934
7299.71428571
K= 2935
7300.0
K= 2936
7300.71428571
K= 2937
10.5741264298
K= 2938
7445.0
K= 2939
412.681522367
K= 2940
26.2574409394
K= 2941
3978.0
K= 2942
2478.31557022
K= 2943
8.83333333331
K= 2944
21.8276894673
K= 2945
3794.78063516
K= 2946
7445.0
K= 2947
7445.0
K= 2948
7445.0
K= 2949
7445.0
K= 2950
3975.0
K= 2951
14.6666666668
K= 2952
7231.17179487
K= 2953
7300.33333333
K= 2954
307.147774709
K= 2955
7.87051282061
K= 2956
3975.0
K= 2957
3952.07575758
K= 2958
7301.0
K= 2959
7299.58333333
K= 2960
516.559088449
K= 2961
7299.6
K= 2962
28.3157913147
K= 2963
841.704094044
K= 2964
7301.0
K= 2965
53.4400187844
K= 2966
7299.75
K= 2967
10866.2
K= 2968
2452.6745751
K= 2969
7299.33333333
K= 2970
7301.0
K= 2971
7445.0
K= 2972
3712.0
K= 2973
21.9469820977
K= 2974
65.0230538395
K= 2975
7299.33333333
K= 2976
7299.6
K= 2977
531.139193051
K= 2978
7444.0
K= 2979
7445.0
K= 2980
64.4692914357
K= 2981
7300.0
K= 2982
588.744318182
K= 2983
9.71693662356
K= 2984
1423.90609809
K= 2985
3922.24845656
K= 2986
13.4009325796
K= 2987
7300.6
K= 2988
7446.0
K= 2989
7445.0
K= 2990
3573.10653742
K= 2991
3975.0
K= 2992
7299.33333333
K= 2993
11.2691100102
K= 2994
92.2789364339
K= 2995
3739.16666667
K= 2996
3939.24464286
K= 2997
2469.36396349
K= 2998
7299.8974359
K= 2999
3737.96666667
K= 3000
75.7093874343
K= 3001
6001.68568621
K= 3002
13.5260683773
K= 3003
13.6276654139
K= 3004
7301.0
K= 3005
508.575263364
K= 3006
11.2691100102
K= 3007
7445.0
K= 3008
31.0682120341
K= 3009
532.571964982
K= 3010
7446.0
K= 3011
7302.0
K= 3012
7445.0
K= 3013
26.3313456597
K= 3014
544.102752614
K= 3015
7445.0
K= 3016
7300.91304348
K= 3017
30.4522664238
K= 3018
27.3601498419
K= 3019
7296.77777778
K= 3020
362.442987251
K= 3021
262.673417834
K= 3022
40.5439709637
K= 3023
587.060260339
K= 3024
7300.71428571
K= 3025
2449.01901954
K= 3026
70.359891588
K= 3027
1841.30984703
K= 3028
20.4135467779
K= 3029
3975.0
K= 3030
510.452067165
K= 3031
7300.0
K= 3032
2012.70207543
K= 3033
63.3884379006
K= 3034
7445.0
K= 3035
8.89548641705
K= 3036
3574.69450502
K= 3037
7446.0
K= 3038
3739.33333333
K= 3039
18.2853975295
K= 3040
17.7131271043
K= 3041
7445.0
K= 3042
7445.0
K= 3043
7445.0
K= 3044
3831.66666667
K= 3045
37.5076407926
K= 3046
3736.23909774
K= 3047
48.1569572359
K= 3048
3737.6969697
K= 3049
7300.0
K= 3050
3571.88650837
K= 3051
23.6176614625
K= 3052
28.3157913147
K= 3053
5899.88755357
K= 3054
3739.16666667
K= 3055
7301.0
K= 3056
7445.0
K= 3057
3975.0
K= 3058
7299.5
K= 3059
7445.0
K= 3060
7300.46666667
K= 3061
7445.0
K= 3062
11.2402862798
K= 3063
7445.0
K= 3064
7445.0
K= 3065
3975.0
K= 3066
497.806140351
K= 3067
8.63571428577
K= 3068
20.9627360579
K= 3069
7298.52941176
K= 3070
7300.6
K= 3071
17.1864587982
K= 3072
7299.5
K= 3073
7446.0
K= 3074
7446.0
K= 3075
21.2383800397
K= 3076
7299.48837209
K= 3077
2446.75711478
K= 3078
7301.0
K= 3079
7445.0
K= 3080
9.85247094149
K= 3081
3945.62857143
K= 3082
6081.68568621
K= 3083
7298.5
K= 3084
3975.0
K= 3085
3894.91011236
K= 3086
27.075120291
K= 3087
7299.69230769
K= 3088
7300.71428571
K= 3089
7162.33333333
K= 3090
2551.63766531
K= 3091
7445.0
K= 3092
4037.49845656
K= 3093
10.5741264298
K= 3094
7445.0
K= 3095
7299.73913043
K= 3096
14.6061979215
K= 3097
10.7051282052
K= 3098
7300.46666667
K= 3099
40.0208481281
K= 3100
18.833813673
K= 3101
822.942966772
K= 3102
539.245351911
K= 3103
7299.5
K= 3104
487.998175476
K= 3105
28.3157913147
K= 3106
7162.33333333
K= 3107
7300.0
K= 3108
7301.0
K= 3109
2446.01901954
K= 3110
7446.64285714
K= 3111
7446.0
K= 3112
7445.0
K= 3113
4946.55594134
K= 3114
168.514720505
K= 3115
8.0
K= 3116
31.2700078122
K= 3117
4007.48297813
K= 3118
26111.0
K= 3119
7298.71428571
K= 3120
3738.96244245
K= 3121
7301.0
K= 3122
29.0253302551
K= 3123
204.442857143
K= 3124
40943.0
K= 3125
7301.0
K= 3126
7445.0
K= 3127
3739.33333333
K= 3128
8064.49691313
K= 3129
22.5000000001
K= 3130
3909.47422757
K= 3131
2461.91390711
K= 3132
664.91367307
K= 3133
89.3233633147
K= 3134
111.749726989
K= 3135
267.528144078
K= 3136
520.41957672
K= 3137
7445.0
K= 3138
7234.33333333
K= 3139
3568.0
K= 3140
7445.0
K= 3141
7300.47368421
K= 3142
2453.71901954
K= 3143
230.593413762
K= 3144
7300.0
K= 3145
11.5125304864
K= 3146
7445.0
K= 3147
3974.0
K= 3148
7299.44444444
K= 3149
10865.0
K= 3150
3748.32846154
K= 3151
7445.0
K= 3152
7445.16236559
K= 3153
7222.29350649
K= 3154
7162.33333333
K= 3155
7446.0
K= 3156
28.4491246481
K= 3157
7787.0
K= 3158
7445.0
K= 3159
2450.61832024
K= 3160
7300.6
K= 3161
3739.33333333
K= 3162
20.6752359153
K= 3163
7300.6
K= 3164
7356.54051849
K= 3165
3899.28063516
K= 3166
7447.3
K= 3167
10764.5717949
K= 3168
7446.0
K= 3169
36.350133396
K= 3170
7446.0
K= 3171
13.9335025203
K= 3172
7299.33333333
K= 3173
7446.0
K= 3174
22.6344162034
K= 3175
8.23524141032
K= 3176
7299.90697674
K= 3177
122.880956734
K= 3178
37.5087240091
K= 3179
3739.15942029
K= 3180
587.331501812
K= 3181
7162.33333333
K= 3182
7.33333333337
K= 3183
7300.75
K= 3184
7299.83783784
K= 3185
7300.0
K= 3186
2460.91901954
K= 3187
23.8454317849
K= 3188
7490.12787835
K= 3189
23.4049055055
K= 3190
68.6412310528
K= 3191
7446.0
K= 3192
5845.56352388
K= 3193
7445.0
K= 3194
3738.46666667
K= 3195
7445.0
K= 3196
7300.0
K= 3197
7446.0
K= 3198
39.3157507142
K= 3199
7445.0
K= 3200
27.4476986452
K= 3201
16.8459772844
K= 3202
7445.0
K= 3203
7445.0
K= 3204
7162.33333333
K= 3205
7300.33333333
K= 3206
3975.0
K= 3207
30.3556796719
K= 3208
7445.0
K= 3209
7446.0
K= 3210
565.950106258
K= 3211
7300.33333333
K= 3212
10866.4285714
K= 3213
3975.0
K= 3214
7445.0
K= 3215
7299.4
K= 3216
2565.81053421
K= 3217
3975.0
K= 3218
34.5708560433
K= 3219
2448.76898984
K= 3220
16.0761371269
K= 3221
3712.0
K= 3222
7299.91666667
K= 3223
2449.45957898
K= 3224
106.182883259
K= 3225
18.9543152045
K= 3226
7299.63636364
K= 3227
7446.0
K= 3228
40943.0
K= 3229
7300.46666667
K= 3230
7299.5
K= 3231
576.54577679
K= 3232
519.510376226
K= 3233
7445.0
K= 3234
11030.4666667
K= 3235
195.831306464
K= 3236
7446.0
K= 3237
39.4956283246
K= 3238
7445.0
K= 3239
7298.75
K= 3240
7300.5
K= 3241
249.739710654
K= 3242
22.688861877
K= 3243
7300.0
K= 3244
7445.0
K= 3245
7445.0
K= 3246
14900.5333333
K= 3247
3975.0
K= 3248
4036.78737374
K= 3249
505.82630145
K= 3250
22.6344162034
K= 3251
7445.0
K= 3252
10.5373194263
K= 3253
7445.0
K= 3254
7269.66666667
K= 3255
3740.51516228
K= 3256
51.8441339507
K= 3257
7299.91489362
K= 3258
234.899053153
K= 3259
7299.0
K= 3260
34.9703770786
K= 3261
7445.0
K= 3262
3895.01490683
K= 3263
7299.9047619
K= 3264
7444.0
K= 3265
40943.0
K= 3266
7299.4
K= 3267
2673.68860026
K= 3268
3741.05
K= 3269
2446.01901954
K= 3270
7446.0
K= 3271
32.7955047364
K= 3272
7445.0
K= 3273
7300.5
K= 3274
176.116703049
K= 3275
3712.0
K= 3276
3570.11883399
K= 3277
35.6930969417
K= 3278
14.3607826979
K= 3279
15.87697559
K= 3280
7299.46666667
K= 3281
7445.0
K= 3282
279.575041574
K= 3283
27.8700806929
K= 3284
7445.0
K= 3285
25.3160731057
K= 3286
1841.30984703
K= 3287
7162.33333333
K= 3288
7233.33333333
K= 3289
7300.0
K= 3290
21.7392162482
K= 3291
112.456775938
K= 3292
7445.0
K= 3293
26.2479973787
K= 3294
558.004036374
K= 3295
7299.5
K= 3296
7445.0
K= 3297
7299.66666667
K= 3298
7300.6
K= 3299
29.8369270418
K= 3300
14.5335771118
K= 3301
610.066212548
K= 3302
3975.0
K= 3303
7445.0
K= 3304
2467.84968156
K= 3305
7445.0
K= 3306
13.8990215503
K= 3307
7300.0
K= 3308
7299.33333333
K= 3309
7445.0
K= 3310
10.5741264298
K= 3311
3899.28063516
K= 3312
7446.33867521
K= 3313
7299.6
K= 3314
7446.0
K= 3315
72.1345740036
K= 3316
7294.66666667
K= 3317
7299.46666667
K= 3318
7300.5
K= 3319
7299.33333333
K= 3320
10.4530732998
K= 3321
7445.0
K= 3322
3712.0
K= 3323
11.6142330511
K= 3324
38.070086233
K= 3325
31.4475836027
K= 3326
16.2986345678
K= 3327
7452.33333333
K= 3328
25.2881213662
K= 3329
7116.28571429
K= 3330
29.4098291791
K= 3331
7299.75
K= 3332
7445.0
K= 3333
7445.0
K= 3334
3752.52978077
K= 3335
7445.0
K= 3336
84.5371913934
K= 3337
7299.5
K= 3338
7445.0
K= 3339
10852.6
K= 3340
3758.38849206
K= 3341
525.542366378
K= 3342
7446.0
K= 3343
7446.0
K= 3344
11.9402862797
K= 3345
7300.0
K= 3346
3937.32142857
K= 3347
3737.41052632
K= 3348
7301.47853535
K= 3349
11159.0
K= 3350
7299.5
K= 3351
3737.97142857
K= 3352
46.2985510433
K= 3353
7299.47368421
K= 3354
11159.0
K= 3355
578.695822819
K= 3356
22.8839811803
K= 3357
26.1883088521
K= 3358
7445.0
K= 3359
55.7393881682
K= 3360
3831.8
K= 3361
7301.0
K= 3362
3831.4
K= 3363
7444.0
K= 3364
3975.0
K= 3365
3975.0
K= 3366
28.3157913147
K= 3367
7445.0
K= 3368
24.23405011
K= 3369
3736.33333333
K= 3370
7300.5
K= 3371
7299.4
K= 3372
23.9940966688
K= 3373
7299.75
K= 3374
7300.33333333
K= 3375
7299.4
K= 3376
7445.0
K= 3377
7300.5
K= 3378
501.999372668
K= 3379
7445.0
K= 3380
7300.0
K= 3381
7300.5
K= 3382
7445.0
K= 3383
3975.0
K= 3384
174.204661033
K= 3385
3571.88650837
K= 3386
7300.33333333
K= 3387
3975.0
K= 3388
3975.0
K= 3389
7445.0
K= 3390
12.5425972646
K= 3391
2790.79380839
K= 3392
5940.68568621
K= 3393
7300.0
K= 3394
7300.33333333
K= 3395
3895.01490683
K= 3396
7300.0
K= 3397
3712.0
K= 3398
7445.0
K= 3399
3712.0
K= 3400
7446.0
K= 3401
7446.0
K= 3402
554.07866977
K= 3403
538.416666667
K= 3404
7445.0
K= 3405
2524.96179457
K= 3406
2497.42127269
K= 3407
233.215191034
K= 3408
519.225755115
K= 3409
23.1937494714
K= 3410
551.324058536
K= 3411
8.16666666669
K= 3412
26.5942388334
K= 3413
3739.33333333
K= 3414
7300.91304348
K= 3415
44.6370956363
K= 3416
570.004761905
K= 3417
3736.34264706
K= 3418
7445.0
K= 3419
3969.23722473
K= 3420
22.6344162034
K= 3421
29.6494157445
K= 3422
7445.0
K= 3423
7445.0
K= 3424
501.999372668
K= 3425
7445.0
K= 3426
7299.5
K= 3427
24.8013086297
K= 3428
7265.9
K= 3429
71.4939632934
K= 3430
7300.33333333
K= 3431
21.5361365445
K= 3432
7445.0
K= 3433
7299.74193548
K= 3434
19.9043093749
K= 3435
3779.07222222
K= 3436
7300.7
K= 3437
7294.0
K= 3438
7301.0
K= 3439
3975.0
K= 3440
3712.0
K= 3441
7299.0
K= 3442
7235.33333333
K= 3443
16.7116656206
K= 3444
7446.0
K= 3445
232.147370961
K= 3446
7446.0
K= 3447
7231.17179487
K= 3448
195.559881987
K= 3449
9.94841269852
K= 3450
7300.0
K= 3451
7446.0
K= 3452
11030.5294118
K= 3453
582.124098914
K= 3454
7162.33333333
K= 3455
7296.16666667
K= 3456
7231.17179487
K= 3457
21.2073800301
K= 3458
3975.0
K= 3459
7300.0
K= 3460
7445.0
K= 3461
3752.5649257
K= 3462
7300.0
K= 3463
7446.0
K= 3464
8.0
K= 3465
7302.01138528
K= 3466
22.6344162034
K= 3467
7445.0
K= 3468
2456.0384619
K= 3469
3975.0
K= 3470
32.9344838245
K= 3471
567.017522037
K= 3472
7299.86666667
K= 3473
7445.0
K= 3474
16.820964606
K= 3475
3975.0
K= 3476
7445.0
K= 3477
1156.42921307
K= 3478
7298.71428571
K= 3479
13.0130934428
K= 3480
7300.5
K= 3481
206.057884763
K= 3482
7299.72222222
K= 3483
7299.66666667
K= 3484
20.2247385413
K= 3485
21.9669049985
K= 3486
3737.97142857
K= 3487
7445.0
K= 3488
516.019326486
K= 3489
7445.0
K= 3490
7253.57373737
K= 3491
1569.2335353
K= 3492
7446.0
K= 3493
4733.35277715
K= 3494
7446.0
K= 3495
11156.0
K= 3496
7445.0
K= 3497
7446.64285714
K= 3498
20.7617899875
K= 3499
7445.0
K= 3500
15.6825730627
K= 3501
262.693656532
K= 3502
3975.0
K= 3503
7445.0
K= 3504
7301.0
K= 3505
7445.0
K= 3506
3942.66666667
K= 3507
3974.0
K= 3508
10.6364155957
K= 3509
466.3146533
K= 3510
7300.9
K= 3511
3527.41045017
K= 3512
3712.0
K= 3513
3931.62738095
K= 3514
24.9398185851
K= 3515
3712.0
K= 3516
123.715298602
K= 3517
5850.73063502
K= 3518
3753.19673203
K= 3519
25.6574146937
K= 3520
25.3510143923
K= 3521
3975.0
K= 3522
7298.76969697
K= 3523
3975.0
K= 3524
533.648774504
K= 3525
7161.33333333
K= 3526
12.2332141775
K= 3527
7301.0
K= 3528
16.2215414956
K= 3529
7445.0
K= 3530
494.628875322
K= 3531
7445.0
K= 3532
7445.0
K= 3533
3899.2447355
K= 3534
4027.58333333
K= 3535
5862.72791942
K= 3536
7300.0
K= 3537
7445.0
K= 3538
10.5373194263
K= 3539
3895.01490683
K= 3540
6172.78793211
K= 3541
7299.91304348
K= 3542
358.537548573
K= 3543
7445.0
K= 3544
7446.0
K= 3545
982.444856756
K= 3546
7446.0
K= 3547
3975.0
K= 3548
8.89548641705
K= 3549
7445.0
K= 3550
7445.0
K= 3551
33.2757123745
K= 3552
3908.20851456
K= 3553
28.3157913147
K= 3554
7445.0
K= 3555
7299.46666667
K= 3556
504.140257017
K= 3557
7445.0
K= 3558
1005.22596535
K= 3559
7445.0
K= 3560
49.4304700517
K= 3561
2451.50915816
K= 3562
20.0887746999
K= 3563
7445.0
K= 3564
3739.28866097
K= 3565
7446.0
K= 3566
15.5961912525
K= 3567
7299.91304348
K= 3568
4036.49845656
K= 3569
7446.0
K= 3570
3975.0
K= 3571
3975.0
K= 3572
7445.0
K= 3573
7445.0
K= 3574
643.510461761
K= 3575
7445.0
K= 3576
3975.0
K= 3577
30.354422244
K= 3578
3584.93927152
K= 3579
41.8297833315
K= 3580
7445.0
K= 3581
43.5081562603
K= 3582
7445.0
K= 3583
7445.0
K= 3584
538.092857143
K= 3585
7445.0
K= 3586
521.863770931
K= 3587
209.262530008
K= 3588
2450.48568621
K= 3589
7.32380952389
K= 3590
3895.63909236
K= 3591
7300.0
K= 3592
7446.0
K= 3593
7446.0
K= 3594
538.179500237
K= 3595
7445.0
K= 3596
36.3200470331
K= 3597
7299.33333333
K= 3598
3975.0
K= 3599
10.9549773783
K= 3600
7299.71428571
Betweenness Centrality Improvement
[ 0.  0.  0. ...,  0.  0.  0.]
Top 20 BC Improvement
[2745 3265 3228 3124 3118 2628 2418 3246 2565 2863 2836 2710 2462 3354 3349
 3495 3452 3234 2441 2896]
Top 20 BC Improvement
[ 70435.9249538   40943.          40943.          40943.          26111.
  14916.23572362  14906.          14900.53333333  14892.          14888.
  14765.          14599.42857143  14599.          11159.          11159.
  11156.          11030.52941176  11030.46666667  11021.46666667
  10868.55555556]
