txValue= 1000000
IGRAPH D--- 4619 68733 -- 
+ attr: pub_key (v), base_fee (e), capacity (e), fee_rate (e), txCost (e)
None
IGRAPH D--- 4619 50297 -- 
+ attr: pub_key (v), base_fee (e), capacity (e), fee_rate (e), txCost (e)
None
Our nodes starting connections: 
(4618, 2796)
(4618, 1223)
(4618, 1163)
(4618, 222)
(4618, 498)
K= 3600
7169.51428571
K= 3601
24.6098997353
K= 3602
7169.3
K= 3603
3462.33333333
K= 3604
7178.60555556
K= 3605
7170.0
K= 3606
3512.66666667
K= 3607
5610.49479041
K= 3608
7446.0
K= 3609
78.6677019886
K= 3610
7446.0
K= 3611
720.60535079
K= 3612
7445.0
K= 3613
3751.0
K= 3614
5228.25792528
K= 3615
676.384658083
K= 3616
7488.16197705
K= 3617
7445.0
K= 3618
58.4122917702
K= 3619
3702.90909091
K= 3620
54.7088531379
K= 3621
7169.6
K= 3622
7169.46666667
K= 3623
7169.77492878
K= 3624
7169.86542443
K= 3625
96.6787833464
K= 3626
7445.0
K= 3627
7446.0
K= 3628
783.468029696
K= 3629
7169.85714286
K= 3630
5246.72593005
K= 3631
7169.88
K= 3632
7445.0
K= 3633
5217.50135962
K= 3634
7170.86542443
K= 3635
7168.0
K= 3636
30.7883429141
K= 3637
20.4345571096
K= 3638
64.7581966382
K= 3639
7169.58333333
K= 3640
819.860167855
K= 3641
3748.2128711
K= 3642
5601.53697063
K= 3643
3786.0
K= 3644
42.1759017932
K= 3645
33.3090546309
K= 3646
7445.0
K= 3647
27663.5500891
K= 3648
7446.0
K= 3649
741.816218883
K= 3650
7171.0
K= 3651
7445.0
K= 3652
7445.0
K= 3653
916.655841969
K= 3654
3701.6
K= 3655
7169.33333333
K= 3656
7445.0
K= 3657
7166.57777778
K= 3658
3574.33333333
K= 3659
281.750556242
K= 3660
3975.0
K= 3661
116.674264263
K= 3662
7445.0
K= 3663
3727.0
K= 3664
7164.1030303
K= 3665
31.1803995479
K= 3666
40.8691142192
K= 3667
7445.0
K= 3668
7446.0
K= 3669
3766.28939394
K= 3670
5260.4119693
K= 3671
3187.31365876
K= 3672
307.856636495
K= 3673
3975.0
K= 3674
3962.33333333
K= 3675
7445.0
K= 3676
11161.9850746
K= 3677
43.2175871789
K= 3678
3444.69450502
K= 3679
10606.5
K= 3680
49.0696744894
K= 3681
43.4272664393
K= 3682
7171.0
K= 3683
3457.66648606
K= 3684
11210.5833333
K= 3685
7445.0
K= 3686
25.394926777
K= 3687
3937.0
K= 3688
3975.0
K= 3689
43.1178447475
K= 3690
5022.65242202
K= 3691
716.14614959
K= 3692
964.564896687
K= 3693
3574.33333333
K= 3694
39.7686213754
K= 3695
3943.53139695
K= 3696
5486.50225296
K= 3697
7445.0
K= 3698
7445.0
K= 3699
43.0322930749
K= 3700
7170.0
K= 3701
7169.66666667
K= 3702
7169.71428571
K= 3703
502.802237429
K= 3704
29.5774230569
K= 3705
7445.0
K= 3706
4077.0
K= 3707
7445.0
K= 3708
7169.79096774
K= 3709
59.3794277002
K= 3710
720.331724761
K= 3711
550.448629149
K= 3712
772.449635106
K= 3713
3756.91637807
K= 3714
7170.0
K= 3715
3987.07502449
K= 3716
38.3213776321
K= 3717
7444.0
K= 3718
56.4217365306
K= 3719
7446.0
K= 3720
116.65898231
K= 3721
21.4072251359
K= 3722
7169.86542443
K= 3723
588.697918686
K= 3724
678.583404798
K= 3725
7445.0
K= 3726
720.047917371
K= 3727
676.283682016
K= 3728
3439.58339391
K= 3729
759.134364281
K= 3730
26.1307632296
K= 3731
65.6895437976
K= 3732
7169.46666667
K= 3733
7169.95238095
K= 3734
7445.0
K= 3735
258.948064319
K= 3736
7186.63970588
K= 3737
758.491268595
K= 3738
7184.66666667
K= 3739
7446.0
K= 3740
7445.0
K= 3741
7445.0
K= 3742
5216.72358184
K= 3743
7169.1
K= 3744
3509.0
K= 3745
5229.40135962
K= 3746
113.862405781
K= 3747
5229.21881994
K= 3748
34.5663578073
K= 3749
280.521155193
K= 3750
3748.5952381
K= 3751
7445.0
K= 3752
40.5494533307
K= 3753
7169.60292581
K= 3754
4060.66666667
K= 3755
7445.0
K= 3756
28.7424794955
K= 3757
7445.0
K= 3758
7446.0
K= 3759
6963.15281017
K= 3760
27565.2681202
K= 3761
7445.0
K= 3762
257.83997353
K= 3763
7169.86363636
K= 3764
3975.0
K= 3765
5222.9517847
K= 3766
3786.0
K= 3767
7445.0
K= 3768
5300.84015929
K= 3769
516.478031461
K= 3770
20.9280718928
K= 3771
43.7494006724
K= 3772
33.917431918
K= 3773
7170.66666667
K= 3774
7445.0
K= 3775
3441.06891576
K= 3776
232.893481551
K= 3777
3751.09275362
K= 3778
7169.58333333
K= 3779
24.3818897273
K= 3780
279.720184414
K= 3781
7445.0
K= 3782
3518.36111111
K= 3783
3444.86810714
K= 3784
7171.0
K= 3785
3975.0
K= 3786
7169.74089069
K= 3787
47.8238725116
K= 3788
28.8827538382
K= 3789
793.156064868
K= 3790
3574.33333333
K= 3791
7171.0
K= 3792
31.0803030304
K= 3793
298.456900197
K= 3794
699.385834552
K= 3795
7445.0
K= 3796
93.3228507696
K= 3797
7176.29315073
K= 3798
7445.0
K= 3799
7178.7797619
K= 3800
7445.0
K= 3801
7445.0
K= 3802
33.0287512386
K= 3803
7446.0
K= 3804
468.491225433
K= 3805
87.0539620961
K= 3806
3750.48888889
K= 3807
3745.08333333
K= 3808
743.323013974
K= 3809
741.493813629
K= 3810
7446.0
K= 3811
7445.0
K= 3812
709.438505863
K= 3813
6344.20070283
K= 3814
27.4929311334
K= 3815
5611.36261359
K= 3816
5266.87418649
K= 3817
814.049843086
K= 3818
7445.0
K= 3819
7169.78974359
K= 3820
7169.89473684
K= 3821
7445.0
K= 3822
43.8255037639
K= 3823
7446.0
K= 3824
3476.66666667
K= 3825
7446.0
K= 3826
83.8583041901
K= 3827
7180.1782643
K= 3828
723.393473573
K= 3829
14339.0285714
K= 3830
21.3855006609
K= 3831
7445.0
K= 3832
7166.0
K= 3833
7169.6
K= 3834
446.68240206
K= 3835
7168.92894233
K= 3836
69.6416271903
K= 3837
7445.0
K= 3838
7169.86542443
K= 3839
14608.6666667
K= 3840
96.5741728407
K= 3841
7445.0
K= 3842
7446.0
K= 3843
7170.46666667
K= 3844
5250.73926118
K= 3845
7445.0
K= 3846
7445.0
K= 3847
7445.0
K= 3848
4041.63611111
K= 3849
41.0833768982
K= 3850
7170.0
K= 3851
7168.93023256
K= 3852
7445.0
K= 3853
118.500840166
K= 3854
104.076192708
K= 3855
7445.0
K= 3856
7445.0
K= 3857
39.3635584449
K= 3858
716.14614959
K= 3859
5216.39302629
K= 3860
7445.0
K= 3861
53.9889522942
K= 3862
7171.0
K= 3863
922.477958567
K= 3864
701.531675504
K= 3865
4023.01666667
K= 3866
7446.0
K= 3867
58.6911919533
K= 3868
704.737855391
K= 3869
7171.0
K= 3870
7307.33333333
K= 3871
23.5405816118
K= 3872
7169.85026738
K= 3873
3786.0
K= 3874
720.112289343
K= 3875
20.9280718928
K= 3876
7445.0
K= 3877
7445.0
K= 3878
7445.0
K= 3879
90.939429621
K= 3880
75.8106363977
K= 3881
54.5141768983
K= 3882
7170.3
K= 3883
3975.0
K= 3884
40891.9649458
K= 3885
7445.0
K= 3886
58.6911919533
K= 3887
132.231106973
K= 3888
443.116068806
K= 3889
59.4984315981
K= 3890
7445.0
K= 3891
7445.0
K= 3892
7169.66666667
K= 3893
61.4953041946
K= 3894
52.0940574489
K= 3895
410.151288245
K= 3896
7170.0
K= 3897
3512.86403509
K= 3898
317.127904308
K= 3899
427.226137676
K= 3900
7446.0
K= 3901
3748.92857143
K= 3902
7171.0
K= 3903
7445.0
K= 3904
24.2446266138
K= 3905
7188.52171575
K= 3906
7445.0
K= 3907
7499.08888889
K= 3908
7446.0
K= 3909
4037.54166667
K= 3910
7169.1
K= 3911
744.600393541
K= 3912
50.9164138197
K= 3913
7445.0
K= 3914
7445.0
K= 3915
7454.57486631
K= 3916
7445.0
K= 3917
7168.58333333
K= 3918
3786.0
K= 3919
7169.66666667
K= 3920
808.129990883
K= 3921
263.110223647
K= 3922
423.478912379
K= 3923
295.685048879
K= 3924
7169.66666667
K= 3925
25.2369894095
K= 3926
7398.42070707
K= 3927
7169.6
K= 3928
49.0782263156
K= 3929
546.820935826
K= 3930
42.2598132482
K= 3931
7169.58333333
K= 3932
24.3818897273
K= 3933
63.204378847
K= 3934
7445.0
K= 3935
7445.0
K= 3936
7445.0
K= 3937
3744.00680869
K= 3938
234.766482198
K= 3939
7169.66666667
K= 3940
7445.0
K= 3941
7446.0
K= 3942
7445.0
K= 3943
615.226707714
K= 3944
28.1753684193
K= 3945
7169.66666667
K= 3946
3701.3
K= 3947
7445.0
K= 3948
715.977787545
K= 3949
7445.0
K= 3950
7446.0
K= 3951
56.7458756219
K= 3952
7178.44642857
K= 3953
7445.0
K= 3954
7445.0
K= 3955
3750.975
K= 3956
7169.86542443
K= 3957
80.433238302
K= 3958
7169.89473684
K= 3959
3574.33333333
K= 3960
7446.0
K= 3961
7445.0
K= 3962
844.213769519
K= 3963
1918.22656418
K= 3964
7445.0
K= 3965
7170.0
K= 3966
7445.0
K= 3967
675.740776024
K= 3968
152.700952572
K= 3969
741.501718986
K= 3970
60.9288061308
K= 3971
7445.0
K= 3972
7445.0
K= 3973
50.4002474872
K= 3974
30.8767610907
K= 3975
7169.66666667
K= 3976
7445.0
K= 3977
3525.66666667
K= 3978
50.0801256824
K= 3979
7169.71428571
K= 3980
7445.0
K= 3981
7445.0
K= 3982
7445.0
K= 3983
24.0408750643
K= 3984
7169.8
K= 3985
21.4072251359
K= 3986
7169.33333333
K= 3987
7445.0
K= 3988
26.8010182524
K= 3989
7445.0
K= 3990
7169.94915254
K= 3991
3749.26190476
K= 3992
7445.0
K= 3993
33.9314442816
K= 3994
7445.0
K= 3995
7445.0
K= 3996
7446.0
K= 3997
262.76136105
K= 3998
7445.0
K= 3999
443.426190476
K= 4000
7170.60714286
K= 4001
7169.1
K= 4002
7445.0
K= 4003
7453.92941176
K= 4004
77.6192022027
K= 4005
7445.0
K= 4006
7169.34065934
K= 4007
7448.33333333
K= 4008
87.9841475962
K= 4009
7171.0
K= 4010
5294.65141445
K= 4011
7169.6285435
K= 4012
7164.92105263
K= 4013
3462.5
K= 4014
3509.0
K= 4015
7445.0
K= 4016
7445.0
K= 4017
7446.0
K= 4018
4081.85714286
K= 4019
7445.0
K= 4020
681.865104415
K= 4021
5233.75850248
K= 4022
7446.0
K= 4023
3758.1061013
K= 4024
3574.33333333
K= 4025
290.691275379
K= 4026
7446.0
K= 4027
10606.4927536
K= 4028
22.8949519619
K= 4029
7445.0
K= 4030
44.0690205961
K= 4031
7126.43705217
K= 4032
729.585602582
K= 4033
22.3738497485
K= 4034
7446.0
K= 4035
27529.0988386
K= 4036
3462.33333333
K= 4037
7445.0
K= 4038
7444.0
K= 4039
7445.0
K= 4040
7445.0
K= 4041
3574.33333333
K= 4042
7169.83333333
K= 4043
7445.0
K= 4044
3939.60644329
K= 4045
7169.66666667
K= 4046
111.546025065
K= 4047
5396.51191173
K= 4048
3578.95801751
K= 4049
26.8010182524
K= 4050
7445.0
K= 4051
11269.1059134
K= 4052
3975.0
K= 4053
3975.0
K= 4054
59.0332565992
K= 4055
7445.0
K= 4056
735.445266824
K= 4057
7445.0
K= 4058
7170.46666667
K= 4059
4496.58038157
K= 4060
7446.0
K= 4061
79.9086491434
K= 4062
7445.0
K= 4063
7179.49875776
K= 4064
3975.0
K= 4065
780.318265521
K= 4066
7445.0
K= 4067
25.8881937671
K= 4068
7446.0
K= 4069
5334.75035952
K= 4070
7446.0
K= 4071
7169.12941176
K= 4072
7445.0
K= 4073
7444.07867495
K= 4074
7445.0
K= 4075
1086.61728811
K= 4076
49.7772496431
K= 4077
99.3479620656
K= 4078
7445.0
K= 4079
7445.0
K= 4080
7445.0
K= 4081
30.3317953314
K= 4082
20.3288197505
K= 4083
782.55210139
K= 4084
7445.0
K= 4085
66.4887954288
K= 4086
4286.91308029
K= 4087
7445.0
K= 4088
7445.0
K= 4089
7445.0
K= 4090
3990.0
K= 4091
3605.72521363
K= 4092
7445.0
K= 4093
7170.5
K= 4094
780.318265521
K= 4095
7445.0
K= 4096
7169.33333333
K= 4097
339.15533234
K= 4098
7445.0
K= 4099
22.1432218516
K= 4100
22.8484638601
K= 4101
7450.33333333
K= 4102
31.0091246935
K= 4103
3756.61980526
K= 4104
553.681746032
K= 4105
7454.91904762
K= 4106
7445.0
K= 4107
81.0898352512
K= 4108
7160.33333333
K= 4109
7446.0
K= 4110
754.363790546
K= 4111
7445.64393939
K= 4112
662.623678825
K= 4113
65.3475700431
K= 4114
7170.0
K= 4115
7445.0
K= 4116
3743.96603252
K= 4117
37.0040851608
K= 4118
7445.0
K= 4119
3747.26230159
K= 4120
14888.0
K= 4121
3452.66666667
K= 4122
318.227400051
K= 4123
59.2178827409
K= 4124
7445.0
K= 4125
3462.33333333
K= 4126
44.3169349129
K= 4127
7446.0
K= 4128
7445.0
K= 4129
3434.0
K= 4130
7445.0
K= 4131
7445.0
K= 4132
785.399450085
K= 4133
7445.0
K= 4134
7445.0
K= 4135
7446.0
K= 4136
7446.0
K= 4137
7446.0
K= 4138
7445.0
K= 4139
40.9822128508
K= 4140
51.2097892382
K= 4141
7446.0
K= 4142
3975.0
K= 4143
3481.29736842
K= 4144
7445.0
K= 4145
7445.0
K= 4146
7169.34210526
K= 4147
7445.0
K= 4148
7445.0
K= 4149
3574.33333333
K= 4150
7445.0
K= 4151
10913.6666667
K= 4152
25.6347738092
K= 4153
22.3738497485
K= 4154
5217.50135962
K= 4155
284.744840997
K= 4156
7493.41512422
K= 4157
5348.19572385
K= 4158
7169.77575758
K= 4159
3764.35119048
K= 4160
7140.0
K= 4161
154.772643758
K= 4162
7445.0
K= 4163
3701.5
K= 4164
7446.0
K= 4165
7170.0
K= 4166
7445.0
K= 4167
7445.0
K= 4168
3987.07502449
K= 4169
275.054784181
K= 4170
88.5507895073
K= 4171
258.861401193
K= 4172
11157.0
K= 4173
7169.92982456
K= 4174
7445.0
K= 4175
725.089680641
K= 4176
141.968607998
K= 4177
7445.0
K= 4178
7445.0
K= 4179
7445.0
K= 4180
706.327119191
K= 4181
706.327119191
K= 4182
18599.0
K= 4183
7445.0
K= 4184
1918.22656418
K= 4185
51.6556112288
K= 4186
7446.0
K= 4187
734.595061256
K= 4188
7445.0
K= 4189
69.8483438559
K= 4190
40.1697170285
K= 4191
7445.0
K= 4192
686.728520514
K= 4193
3745.26428571
K= 4194
75.5262843064
K= 4195
3975.0
K= 4196
54.9416531839
K= 4197
7170.46666667
K= 4198
99.449457715
K= 4199
763.330847447
K= 4200
720.904322724
K= 4201
38.5446906205
K= 4202
66.1929487416
K= 4203
7445.0
K= 4204
121.539952417
K= 4205
7445.0
K= 4206
7140.0
K= 4207
62.5926816163
K= 4208
7446.0
K= 4209
26141.55
K= 4210
7445.0
K= 4211
7169.15555556
K= 4212
7170.5
K= 4213
3509.0
K= 4214
66.1589216203
K= 4215
7445.0
K= 4216
7445.0
K= 4217
7169.8422619
K= 4218
235.126501544
K= 4219
7445.0
K= 4220
7170.0
K= 4221
10607.0
K= 4222
54.8928197691
K= 4223
7445.0
K= 4224
3748.28095238
K= 4225
7445.0
K= 4226
279.586984855
K= 4227
7169.85026738
K= 4228
7445.0
K= 4229
31.2530077256
K= 4230
758.697184663
K= 4231
5308.97645503
K= 4232
3954.0817899
K= 4233
7445.0
K= 4234
136.505363059
K= 4235
791.785256843
K= 4236
142.383347966
K= 4237
3993.64934597
K= 4238
209.05257689
K= 4239
46.061610373
K= 4240
54.5980016841
K= 4241
27622.7546797
K= 4242
504.666460945
K= 4243
5246.16652069
K= 4244
3748.3043623
K= 4245
695.046386392
K= 4246
59.3838435579
K= 4247
7445.0
K= 4248
109.205800228
K= 4249
7445.0
K= 4250
7445.0
K= 4251
7445.0
K= 4252
7445.0
K= 4253
7445.0
K= 4254
3975.0
K= 4255
7445.0
K= 4256
7445.0
K= 4257
3696.14934597
K= 4258
7445.0
K= 4259
5214.69897867
K= 4260
7445.0
K= 4261
3751.1
K= 4262
7170.25
K= 4263
3777.34285714
K= 4264
7455.6
K= 4265
7445.0
K= 4266
55.9137973848
K= 4267
7445.0
K= 4268
7445.0
K= 4269
7445.0
K= 4270
749.982392418
K= 4271
7445.0
K= 4272
7446.0
K= 4273
7445.0
K= 4274
3574.33333333
K= 4275
47.5994659488
K= 4276
32.5583981766
K= 4277
3950.5
K= 4278
24.4437328472
K= 4279
7445.0
K= 4280
3462.33333333
K= 4281
24.8250716198
K= 4282
14892.0
K= 4283
65.6125284603
K= 4284
7445.0
K= 4285
29.2877475885
K= 4286
5602.91227072
K= 4287
7463.43333333
K= 4288
7445.0
K= 4289
27480.7223126
K= 4290
708.62347373
K= 4291
63.149792141
K= 4292
35.3033741059
K= 4293
27518.6791893
K= 4294
188.964481719
K= 4295
7445.0
K= 4296
7170.0
K= 4297
7446.0
K= 4298
7445.0
K= 4299
4041.91304348
K= 4300
749.470279728
K= 4301
3442.03859702
K= 4302
3748.4033189
K= 4303
7171.46666667
K= 4304
3774.72810788
K= 4305
278.993244644
K= 4306
62.4777747535
K= 4307
51.1343442077
K= 4308
7445.0
K= 4309
492.083480121
K= 4310
7170.0
K= 4311
20.9604881341
K= 4312
3975.0
K= 4313
24.4564097815
K= 4314
77.3575996333
K= 4315
7445.0
K= 4316
7445.0
K= 4317
7445.0
K= 4318
58.6911919533
K= 4319
55.6277257813
K= 4320
7445.0
K= 4321
7169.0
K= 4322
5229.99302629
K= 4323
41.985855064
K= 4324
52.0416927093
K= 4325
5214.36297578
K= 4326
3466.95801751
K= 4327
707.68240206
K= 4328
83.0420321595
K= 4329
35.259528677
K= 4330
111.057828645
K= 4331
7445.0
K= 4332
7445.0
K= 4333
154.711569307
K= 4334
7445.0
K= 4335
7445.0
K= 4336
5274.52430075
K= 4337
59.644852574
K= 4338
7187.28360071
K= 4339
7170.3
K= 4340
7445.0
K= 4341
4050.56507937
K= 4342
3786.0
K= 4343
7445.0
K= 4344
7446.0
K= 4345
23.8733286099
K= 4346
70.2991756533
K= 4347
3962.48737374
K= 4348
7445.0
K= 4349
7445.0
K= 4350
444.4125294
K= 4351
48.4161939254
K= 4352
118.621378426
K= 4353
7445.0
K= 4354
7445.0
K= 4355
7445.0
K= 4356
7446.0
K= 4357
638.283682016
K= 4358
107.74718377
K= 4359
167.557687995
K= 4360
3828.49141803
K= 4361
31.2261360901
K= 4362
7445.0
K= 4363
11806.6004478
K= 4364
3701.92592593
K= 4365
3727.0
K= 4366
63.6985903602
K= 4367
5361.74753221
K= 4368
787.893366285
K= 4369
39.1444816933
K= 4370
7445.0
K= 4371
743.222732423
K= 4372
239.11481442
K= 4373
3441.95640428
K= 4374
456.792739074
K= 4375
7445.0
K= 4376
162.099393453
K= 4377
7445.0
K= 4378
801.059806904
K= 4379
7445.0
K= 4380
11169.4
K= 4381
7445.0
K= 4382
4073.74952381
K= 4383
24.0623174324
K= 4384
22398.2857143
K= 4385
7445.0
K= 4386
3748.19761905
K= 4387
726.886795152
K= 4388
762.768956642
K= 4389
7445.0
K= 4390
193.708539157
K= 4391
26.8010182524
K= 4392
27525.6176658
K= 4393
75.2385956616
K= 4394
3512.85026738
K= 4395
7445.0
K= 4396
7446.0
K= 4397
7445.0
K= 4398
7445.0
K= 4399
7445.0
K= 4400
84.0553538463
K= 4401
7169.5
K= 4402
7446.0
K= 4403
106.25415659
K= 4404
7446.0
K= 4405
7169.89473684
K= 4406
22.8484638601
K= 4407
7445.0
K= 4408
3570.9047619
K= 4409
7445.0
K= 4410
7445.0
K= 4411
7445.0
K= 4412
11157.0
K= 4413
29.9372245427
K= 4414
7446.0
K= 4415
7445.0
K= 4416
3844.0817899
K= 4417
3748.16428571
K= 4418
7445.0
K= 4419
267.766992975
K= 4420
290.436353093
K= 4421
103.638985
K= 4422
7169.0
K= 4423
3745.23051137
K= 4424
28.5618023823
K= 4425
7445.0
K= 4426
7445.0
K= 4427
7170.25
K= 4428
7445.0
K= 4429
7169.85026738
K= 4430
3509.0
K= 4431
60.9437668362
K= 4432
7452.58333333
K= 4433
11157.0
K= 4434
5270.20730639
K= 4435
7169.89473684
K= 4436
3749.26190476
K= 4437
177.977715171
K= 4438
4015.89285714
K= 4439
7445.0
K= 4440
70.7826611104
K= 4441
7446.0
K= 4442
1093.34336821
K= 4443
28.6596070388
K= 4444
26.4099820346
K= 4445
7445.0
K= 4446
3574.33333333
K= 4447
7445.0
K= 4448
463.912816257
K= 4449
7446.0
K= 4450
7170.46666667
K= 4451
39.1095219201
K= 4452
2653.02873573
K= 4453
7192.0
K= 4454
7446.0
K= 4455
140.436004685
K= 4456
7445.0
K= 4457
5245.30818378
K= 4458
7445.0
K= 4459
30.2789236674
K= 4460
7445.0
K= 4461
5358.43756279
K= 4462
331.201440476
K= 4463
7164.5
K= 4464
7179.77792208
K= 4465
5218.57993105
K= 4466
20.4968965711
K= 4467
7169.0
K= 4468
7170.46666667
K= 4469
7445.0
K= 4470
3727.0
K= 4471
5253.66985863
K= 4472
7445.0
K= 4473
77.4464806468
K= 4474
25.7905816117
K= 4475
7445.0
K= 4476
202.223665701
K= 4477
3975.0
K= 4478
18578.0
K= 4479
58.5439578525
K= 4480
7445.0
K= 4481
7445.0
K= 4482
5281.28714983
K= 4483
7445.0
K= 4484
7169.0
K= 4485
3438.0
K= 4486
491.140678801
K= 4487
58.6911919533
K= 4488
5233.49335096
K= 4489
7445.0
K= 4490
5248.74175169
K= 4491
782.39498131
K= 4492
4039.63410925
K= 4493
7512.78092692
K= 4494
23.9700407728
K= 4495
7445.0
K= 4496
217.121485952
K= 4497
5462.49667269
K= 4498
8552.91277297
K= 4499
7170.0
K= 4500
7169.3
K= 4501
3436.78387819
K= 4502
476.085886319
K= 4503
3747.32924837
K= 4504
66.1788826468
K= 4505
3748.92857143
K= 4506
7179.46071429
K= 4507
78.3317334764
K= 4508
7445.0
K= 4509
7445.0
K= 4510
3975.0
K= 4511
7445.0
K= 4512
7444.36666667
K= 4513
7445.0
K= 4514
30.5451085229
K= 4515
7445.0
K= 4516
7445.0
K= 4517
21.4072251359
K= 4518
27442.5290203
K= 4519
423.1860797
K= 4520
7445.0
K= 4521
78.21089655
K= 4522
7170.85026738
K= 4523
7445.0
K= 4524
7446.0
K= 4525
5219.07034619
K= 4526
76.0948317277
K= 4527
676.283682016
K= 4528
116.598620823
K= 4529
36.0098289734
K= 4530
1446.03003984
K= 4531
7445.0
K= 4532
7445.0
K= 4533
27.1336770991
K= 4534
24.5193879072
K= 4535
7445.0
K= 4536
7445.0
K= 4537
7455.58333333
K= 4538
41.5712199691
K= 4539
7445.0
K= 4540
747.171317937
K= 4541
7445.0
K= 4542
64.1941077076
K= 4543
7508.98451548
K= 4544
3836.33333333
K= 4545
7445.0
K= 4546
7445.0
K= 4547
7446.0
K= 4548
7445.0
K= 4549
218.052936953
K= 4550
38.971288646
K= 4551
3975.0
K= 4552
3963.74845656
K= 4553
3971.8844679
K= 4554
530.591702742
K= 4555
7444.13333333
K= 4556
7171.90909091
K= 4557
7446.0
K= 4558
505.671404667
K= 4559
7445.0
K= 4560
3975.0
K= 4561
7445.0
K= 4562
7445.0
K= 4563
3959.25026078
K= 4564
7445.0
K= 4565
107.396731753
K= 4566
7445.0
K= 4567
90.156064846
K= 4568
7241.0
K= 4569
3462.33333333
K= 4570
3975.0
K= 4571
249.525039869
K= 4572
7446.0
K= 4573
10568.0
K= 4574
3975.0
K= 4575
27587.0458109
K= 4576
5115.68420154
K= 4577
7445.0
K= 4578
3975.0
K= 4579
5220.85611075
K= 4580
11156.0
K= 4581
25.5061909293
K= 4582
7445.0
K= 4583
7445.0
K= 4584
83.2072753974
K= 4585
3890.029614
K= 4586
49.5494476734
K= 4587
5215.23469295
K= 4588
1479.43951368
K= 4589
7445.0
K= 4590
113.848355558
K= 4591
27522.0516816
K= 4592
29.4867219749
K= 4593
3764.52380952
K= 4594
128.563825791
K= 4595
7445.0
K= 4596
267.952098827
K= 4597
7445.0
K= 4598
3451.36157727
K= 4599
3750.61111111
K= 4600
7446.0
K= 4601
23.5328966286
K= 4602
7445.0
K= 4603
44.9690785859
K= 4604
3509.17575758
K= 4605
7170.79661017
K= 4606
7445.0
K= 4607
7245.0
K= 4608
45.229578283
K= 4609
7446.0
K= 4610
7445.0
K= 4611
7170.0
K= 4612
7444.13333333
K= 4613
3574.33333333
K= 4614
20.4968965711
K= 4615
800.530785228
K= 4616
21.3455770004
K= 4617
7445.0
Betweenness Centrality Improvement
[    0.           0.           0.       ...,    21.345577  7445.           0.      ]
Top 20 BC Improvement
[3884 3647 4241 4575 3760 4035 4392 4591 4293 4289 4518 4209 4384 4182 4478
 4282 4120 3839 3829 4363]
Top 20 BC Improvement
[ 40891.96494584  27663.55008912  27622.75467973  27587.0458109
  27565.26812021  27529.09883859  27525.61766582  27522.05168161
  27518.67918925  27480.72231256  27442.52902035  26141.55        22398.28571429
  18599.          18578.          14892.          14888.          14608.66666667
  14339.02857143  11806.60044783]
