txValue= 1000000
IGRAPH D--- 4619 68733 -- 
+ attr: pub_key (v), base_fee (e), capacity (e), fee_rate (e), txCost (e)
None
IGRAPH D--- 4619 50297 -- 
+ attr: pub_key (v), base_fee (e), capacity (e), fee_rate (e), txCost (e)
None
Our nodes starting connections: 
(4618, 2796)
(4618, 1223)
K= 0
98.558346488
K= 1
45.6990086933
K= 2
38.2311717656
K= 3
88.2336881661
K= 4
11031.4305556
K= 5
3751.33962926
K= 6
231.108974359
K= 7
21.4323497718
K= 8
7432.33333333
K= 9
10.8173604524
K= 10
7300.83333333
K= 11
16.3071563922
K= 12
21814.8
K= 13
52.6309580439
K= 14
14.7597896472
K= 15
239.891517031
K= 16
7259.6
K= 17
7446.0
K= 18
16.0415430894
K= 19
29.0987380735
K= 20
28.3157913147
K= 21
10.5741264298
K= 22
7444.0
K= 23
7297.95
K= 24
3735.54250279
K= 25
24.8283654488
K= 26
10.5373194263
K= 27
7228.37179487
K= 28
7300.71428571
K= 29
10.2111467044
K= 30
7444.0
K= 31
7299.87755102
K= 32
2577.8720672
K= 33
24.0032689957
K= 34
7298.35714286
K= 35
6.46666666673
K= 36
7293.42857143
K= 37
10.8450481844
K= 38
7299.33333333
K= 39
19.4214675052
K= 40
7301.0
K= 41
7300.66666667
K= 42
7300.6
K= 43
10.112238844
K= 44
7300.0
K= 45
3738.46666667
K= 46
7304.6
K= 47
494.628875322
K= 48
7162.33333333
K= 49
7303.33333333
K= 50
29.2557297411
K= 51
7445.0
K= 52
533.738816537
K= 53
27.4945810385
K= 54
31.9558847189
K= 55
7300.33333333
K= 56
7265.5
K= 57
7301.41666667
K= 58
10.5741264298
K= 59
7300.6
K= 60
489.178148334
K= 61
52.005698962
K= 62
40.2018200098
K= 63
7301.0
K= 64
65.5069534147
K= 65
7301.0
K= 66
6098.87541296
K= 67
10865.0
K= 68
7297.16666667
K= 69
527.640860215
K= 70
516.559088449
K= 71
2858.64763213
K= 72
510.452067165
K= 73
3737.81501832
K= 74
19.7367863802
K= 75
17.718833994
K= 76
3711.0
K= 77
3712.0
K= 78
3738.3
K= 79
7300.91666667
K= 80
16.5455006608
K= 81
3904.14944444
K= 82
7300.87234043
K= 83
7300.70731707
K= 84
33.2915699558
K= 85
8.32120070286
K= 86
7301.51219512
K= 87
3739.24637681
K= 88
3712.0
K= 89
494.628875322
K= 90
214.705035553
K= 91
2446.01901954
K= 92
5236.66040258
K= 93
3714.15824556
K= 94
7300.46666667
K= 95
7445.0
K= 96
7300.2
K= 97
3912.35006048
K= 98
14.3085044148
K= 99
12.7148870758
K= 100
4037.49845656
K= 101
3739.25
K= 102
11.7436736106
K= 103
15.4554758664
K= 104
7300.6
K= 105
7300.5
K= 106
7300.46666667
K= 107
7300.33333333
K= 108
3910.32972668
K= 109
7300.5
K= 110
7296.60897436
K= 111
7446.0
K= 112
7445.0
K= 113
7.20384615386
K= 114
9.35664753139
K= 115
7299.46666667
K= 116
7301.0
K= 117
3712.0
K= 118
7301.0
K= 119
9.47389180248
K= 120
2450.93013066
K= 121
10662.6666667
K= 122
7300.5
K= 123
536.62094548
K= 124
7446.0
K= 125
7299.76923077
K= 126
25.6151115246
K= 127
2449.34528217
K= 128
11032.0
K= 129
52.1693406305
K= 130
7301.0
K= 131
11028.1666667
K= 132
3752.69825903
K= 133
14.8204446505
K= 134
7297.66666667
K= 135
15.4072027301
K= 136
1173.64437196
K= 137
15.3325696791
K= 138
5853.56585514
K= 139
2446.83959341
K= 140
511.505305987
K= 141
7300.86324786
K= 142
7445.0
K= 143
72.78466436
K= 144
7300.5
K= 145
2504.82125475
K= 146
2445.15235288
K= 147
40.4501871556
K= 148
834.660308195
K= 149
7445.0
K= 150
7301.0
K= 151
7471.24242424
K= 152
2805.44319323
K= 153
7445.0
K= 154
4567.08102095
K= 155
7446.0
K= 156
199.636395216
K= 157
7265.0
K= 158
7300.5
K= 159
175.413580013
K= 160
3738.07142857
K= 161
7446.0
K= 162
7300.71428571
K= 163
3752.69825903
K= 164
7300.83333333
K= 165
7445.0
K= 166
7.33333333331
K= 167
2449.01901954
K= 168
7300.66666667
K= 169
7296.16666667
K= 170
7301.0
K= 171
38.3283921006
K= 172
7300.71428571
K= 173
9.35664753139
K= 174
7299.5
K= 175
46.7903073297
K= 176
7300.5
K= 177
7290.0
K= 178
7444.0
K= 179
7300.5
K= 180
22.3018039484
K= 181
7446.0
K= 182
25.7371971285
K= 183
60.7646768361
K= 184
24.7020270867
K= 185
7301.0
K= 186
7301.0
K= 187
8.89548641705
K= 188
7446.0
K= 189
21.0435708345
K= 190
7235.33333333
K= 191
7301.0
K= 192
7301.0
K= 193
7301.0
K= 194
32.5582887739
K= 195
7300.83333333
K= 196
11031.5
K= 197
2454.89997193
K= 198
49.8373449864
K= 199
12.9623469998
K= 200
246.837367931
K= 201
3736.28500172
K= 202
40.8608160975
K= 203
11029.0
K= 204
7445.0
K= 205
8.89548641705
K= 206
7446.0
K= 207
2446.01901954
K= 208
13.3884615385
K= 209
7446.0
K= 210
7444.0
K= 211
83.5438819521
K= 212
7300.92857143
K= 213
8.58596491232
K= 214
7300.6
K= 215
7235.33333333
K= 216
13.1871414788
K= 217
502.355665185
K= 218
3692.46666667
K= 219
32.3265425561
K= 220
2510.24465382
K= 221
17.2168656071
K= 222
132856.585994
K= 223
7301.33333333
K= 224
7301.0
K= 225
2446.01901954
K= 226
13.1461249721
K= 227
7301.0
K= 228
3692.46666667
K= 229
7299.875
K= 230
529.121011283
K= 231
7300.0
K= 232
7301.90909091
K= 233
3571.0043994
K= 234
30.2472284229
K= 235
317.937202145
K= 236
7301.39130435
K= 237
7301.0
K= 238
532.595313676
K= 239
2485.0616968
K= 240
7301.0
K= 241
23.7475566888
K= 242
25.8133349091
K= 243
7445.0
K= 244
7445.0
K= 245
7300.75
K= 246
3909.47422757
K= 247
7445.0
K= 248
7445.0
K= 249
3712.0
K= 250
7300.0
K= 251
47.4395944635
K= 252
7298.43055556
K= 253
274.628137189
K= 254
7445.0
K= 255
7446.0
K= 256
20.5546967537
K= 257
516.559088449
K= 258
73.5176466976
K= 259
3845.69108385
K= 260
47.1885334918
K= 261
7297.66666667
K= 262
7446.0
K= 263
21786.8
K= 264
7446.0
K= 265
19.9775802906
K= 266
9.93641559582
K= 267
36.8106467106
K= 268
7299.0
K= 269
19.4179521439
K= 270
7272.0
K= 271
7301.33333333
K= 272
7446.0
K= 273
7446.0
K= 274
7467.34264706
K= 275
3555.49891454
K= 276
496.0
K= 277
7300.46666667
K= 278
7301.0
K= 279
7163.8961039
K= 280
7301.33333333
K= 281
55.2680519076
K= 282
194.166854876
K= 283
7300.66666667
K= 284
3936.82142857
K= 285
635.091699397
K= 286
44.677245661
K= 287
21.1846363153
K= 288
3831.61904762
K= 289
3950.0
K= 290
43.4656923451
K= 291
7300.46666667
K= 292
7300.0
K= 293
13.2583032434
K= 294
198.058750041
K= 295
64.9851165208
K= 296
2562.26396163
K= 297
7301.88888889
K= 298
7300.91304348
K= 299
7297.66666667
K= 300
2443.93806716
K= 301
7300.33333333
K= 302
2447.15235288
K= 303
7300.5
K= 304
7446.0
K= 305
20.5291366921
K= 306
7470.68888889
K= 307
13.7174259325
K= 308
7445.0
K= 309
174.700698222
K= 310
7445.0
K= 311
7282.0
K= 312
554.627271673
K= 313
501.999372668
K= 314
7300.46666667
K= 315
7301.25
K= 316
111.909252034
K= 317
7446.0
K= 318
7299.75757576
K= 319
18.0697683746
K= 320
24.6210670792
K= 321
479.270658681
K= 322
7301.6
K= 323
7301.0
K= 324
7300.33333333
K= 325
7445.0
K= 326
7301.5
K= 327
539.555083394
K= 328
41.0528069445
K= 329
6.07142857142
K= 330
30.7795357294
K= 331
11154.0
K= 332
7446.0
K= 333
11.1051282052
K= 334
14435.4
K= 335
7300.0
K= 336
7300.78571429
K= 337
516.019326486
K= 338
7301.0
K= 339
35.7524041537
K= 340
10.5741264298
K= 341
5901.27796594
K= 342
7295.66666667
K= 343
2443.02833327
K= 344
7.0630010835
K= 345
7299.5
K= 346
7303.33333333
K= 347
3736.75758114
K= 348
7299.64705882
K= 349
62.2782095547
K= 350
27.1505526976
K= 351
8908.16151302
K= 352
46.8025628246
K= 353
10864.0
K= 354
7297.0
K= 355
7445.0
K= 356
7299.9047619
K= 357
7445.0
K= 358
16.9103341591
K= 359
7303.33333333
K= 360
174.700698222
K= 361
25.7821737124
K= 362
7298.52941176
K= 363
7.33333333337
K= 364
5899.43486754
K= 365
525.673417834
K= 366
7445.0
K= 367
7300.91304348
K= 368
7446.0
K= 369
21.2304516791
K= 370
7446.0
K= 371
7442.0
K= 372
18.3986052119
K= 373
7301.0
K= 374
7301.0
K= 375
185.561942623
K= 376
7300.69230769
K= 377
205.813879746
K= 378
9.35664753139
K= 379
9.71693662356
K= 380
19.5280134193
K= 381
7299.46666667
K= 382
3739.24637681
K= 383
7297.43055556
K= 384
409.606714136
K= 385
7445.0
K= 386
3738.07142857
K= 387
4037.49845656
K= 388
2487.67165051
K= 389
10868.0
K= 390
32.8822977984
K= 391
7299.75
K= 392
3585.84320367
K= 393
15.6636868127
K= 394
7446.0
K= 395
7300.46666667
K= 396
32.1937397274
K= 397
7300.91304348
K= 398
7300.83333333
K= 399
570.004761905
K= 400
11026.1666667
K= 401
32.2689303083
K= 402
7300.46666667
K= 403
3738.46666667
K= 404
7446.0
K= 405
7301.0
K= 406
7446.0
K= 407
7301.0
K= 408
22370.4
K= 409
7446.0
K= 410
7445.0
K= 411
7300.5
K= 412
7300.33333333
K= 413
7446.0
K= 414
15.6319466543
K= 415
25.7967202756
K= 416
3919.24845656
K= 417
281.227685223
K= 418
7300.46666667
K= 419
5900.85860362
K= 420
63.8378803502
K= 421
3757.80645325
K= 422
148.08631902
K= 423
7300.33333333
K= 424
7446.0
K= 425
7300.46666667
K= 426
520.08414989
K= 427
7301.0
K= 428
7300.84615385
K= 429
27.5539742819
K= 430
37.2040109396
K= 431
7300.0
K= 432
39.1609307206
K= 433
2448.65235288
K= 434
7298.26190476
K= 435
10868.0
K= 436
11030.4666667
K= 437
7300.86206897
K= 438
11.3381716578
K= 439
7300.46666667
K= 440
7300.0
K= 441
3936.82142857
K= 442
13.7082104675
K= 443
7297.16666667
K= 444
35.1057675754
K= 445
7299.0
K= 446
7300.66666667
K= 447
7445.0
K= 448
9.4339960072
K= 449
7231.17179487
K= 450
7446.0
K= 451
7301.0
K= 452
23.3277356551
K= 453
3714.81790149
K= 454
243.191123015
K= 455
7300.70731707
K= 456
7446.0
K= 457
522.265688303
K= 458
7299.79310345
K= 459
7445.0
K= 460
7300.9047619
K= 461
7301.33333333
K= 462
7298.26190476
K= 463
3739.24637681
K= 464
7300.70731707
K= 465
8.89548641705
K= 466
632.127355977
K= 467
180.300915119
K= 468
7300.46666667
K= 469
10.5373194263
K= 470
94.4061178903
K= 471
21.2462415568
K= 472
2444.75711478
K= 473
33.5503160335
K= 474
10.6364155957
K= 475
7300.6
K= 476
7300.5
K= 477
7445.0
K= 478
5236.66040258
K= 479
7300.42857143
K= 480
57.2737377828
K= 481
7299.46666667
K= 482
7300.6
K= 483
7259.6
K= 484
2474.56280449
K= 485
7300.66666667
K= 486
7445.0
K= 487
2461.85799886
K= 488
4954.44620387
K= 489
7446.0
K= 490
7446.0
K= 491
7446.0
K= 492
3712.0
K= 493
7301.0
K= 494
6.07142857148
K= 495
11154.0
K= 496
7300.83333333
K= 497
534.368592933
K= 498
85576.071254
K= 499
7300.46666667
K= 500
12.0098901099
K= 501
3747.66562118
K= 502
6.07142857148
K= 503
3736.14285714
K= 504
494.628875322
K= 505
7445.0
K= 506
7444.0
K= 507
7259.6
K= 508
11032.0
K= 509
516.559088449
K= 510
494.628875322
K= 511
7301.0
K= 512
7300.6
K= 513
3587.70512821
K= 514
1759.40453677
K= 515
45.025931556
K= 516
7300.9047619
K= 517
18.8756911008
K= 518
7300.33333333
K= 519
7259.16068581
K= 520
3738.37971015
K= 521
7444.0
K= 522
3904.14944444
K= 523
7301.0
K= 524
67.8561659618
K= 525
7299.33333333
K= 526
7300.5
K= 527
250.891500014
K= 528
7656.04184088
K= 529
507.045548654
K= 530
13.1461249721
K= 531
7445.0
K= 532
7446.0
K= 533
28.3157913147
K= 534
7300.46666667
K= 535
7300.72727273
K= 536
7297.60897436
K= 537
13.0721735574
K= 538
524.363671439
K= 539
3568.0
K= 540
18.1626180441
K= 541
4037.49845656
K= 542
7.33333333337
K= 543
7301.0
K= 544
7297.53636364
K= 545
7299.5
K= 546
22.6344162034
K= 547
5236.66040258
K= 548
2829.12622071
K= 549
7265.0
K= 550
28.8060895706
K= 551
7445.0
K= 552
7445.0
K= 553
7299.0
K= 554
7297.66666667
K= 555
524.305134244
K= 556
172.625826388
K= 557
7299.72222222
K= 558
516.725271074
K= 559
7445.0
K= 560
7296.16666667
K= 561
428.58968254
K= 562
534.3039339
K= 563
7300.70731707
K= 564
7678.16666667
K= 565
569.147774709
K= 566
7445.0
K= 567
94.9389391872
K= 568
7300.46666667
K= 569
71.8971996446
K= 570
422.70908901
K= 571
7299.90697674
K= 572
194.53466164
K= 573
7299.77419355
K= 574
7301.84615385
K= 575
517.977169553
K= 576
7297.53636364
K= 577
14.2965972013
K= 578
7301.0
K= 579
7300.23076923
K= 580
22.5741611579
K= 581
63.626188148
K= 582
7296.46666667
K= 583
48.1216117217
K= 584
7300.0
K= 585
7444.0
K= 586
7445.0
K= 587
7446.0
K= 588
7445.0
K= 589
26.3707550737
K= 590
7299.5
K= 591
3933.59642857
K= 592
11034.0
K= 593
7445.0
K= 594
10994.8857143
K= 595
7301.0
K= 596
12.4910630474
K= 597
7300.80645161
K= 598
23.4194981153
K= 599
1537.12158048
K= 600
3739.24637681
K= 601
510.014841122
K= 602
7300.85714286
K= 603
7301.0
K= 604
508.199293254
K= 605
3739.24242424
K= 606
3902.37396439
K= 607
3712.0
K= 608
10.0597135915
K= 609
129.592991502
K= 610
7301.0
K= 611
7445.0
K= 612
3735.58368912
K= 613
540.605379127
K= 614
7299.52941176
K= 615
7300.86206897
K= 616
7303.33333333
K= 617
11.7178809206
K= 618
20.0222589453
K= 619
7301.0
K= 620
7296.66666667
K= 621
514.416315716
K= 622
11.5059808131
K= 623
186.223405143
K= 624
7301.0
K= 625
11031.6470588
K= 626
7296.66666667
K= 627
12.2033310906
K= 628
7447.58333333
K= 629
7303.33333333
K= 630
7301.0
K= 631
7445.0
K= 632
7300.71428571
K= 633
7300.6
K= 634
7446.0
K= 635
7299.83333333
K= 636
7300.88059701
K= 637
2462.48242919
K= 638
7300.0
K= 639
7655.36898331
K= 640
4037.49845656
K= 641
7301.0
K= 642
31.0694572658
K= 643
2443.68568621
K= 644
7445.0
K= 645
7300.84
K= 646
264.89522899
K= 647
7299.76666667
K= 648
7300.70731707
K= 649
7300.0
K= 650
7299.5
K= 651
553.651812021
K= 652
2759.47283414
K= 653
7444.0
K= 654
3910.11433698
K= 655
3712.0
K= 656
7300.46666667
K= 657
3570.9477395
K= 658
13.4146639265
K= 659
7446.0
K= 660
7300.55555556
K= 661
7300.91111111
K= 662
18490.3
K= 663
2804.47727603
K= 664
7446.0
K= 665
7445.0
K= 666
7297.35714286
K= 667
7299.0
K= 668
7299.33333333
K= 669
12.5660167535
K= 670
3575.9454263
K= 671
7444.0
K= 672
557.108669109
K= 673
21.756848854
K= 674
59.9143290585
K= 675
31.4948093398
K= 676
7299.6
K= 677
7299.82608696
K= 678
1008.83745366
K= 679
7296.66666667
K= 680
7300.5
K= 681
14932.9666667
K= 682
32.9727058675
K= 683
7302.08333333
K= 684
7445.0
K= 685
7296.16666667
K= 686
12.5258783465
K= 687
189.464095574
K= 688
7301.0
K= 689
177.715429129
K= 690
7302.66666667
K= 691
3941.27619048
K= 692
15.8490691797
K= 693
7445.0
K= 694
7.33333333331
K= 695
2460.13230804
K= 696
7445.0
K= 697
5861.37728233
K= 698
7445.0
K= 699
7300.48148148
K= 700
7301.0
K= 701
7160.0
K= 702
3738.46666667
K= 703
33.4574907781
K= 704
7300.46666667
K= 705
822.976762308
K= 706
5236.66040258
K= 707
7445.0
K= 708
494.628875322
K= 709
14.5278156649
K= 710
7446.0
K= 711
10.6364155957
K= 712
7300.83333333
K= 713
33.1387515469
K= 714
7445.0
K= 715
7300.75
K= 716
7.33333333337
K= 717
7445.0
K= 718
14898.3030303
K= 719
17.6151814773
K= 720
69.9376511614
K= 721
3570.1833142
K= 722
33.8953045455
K= 723
652.965548341
K= 724
22396.8666667
K= 725
7444.0
K= 726
7144.0
K= 727
10925.1717949
K= 728
7445.0
K= 729
7301.71428571
K= 730
7.33333333337
K= 731
7445.0
K= 732
3915.61532102
K= 733
7297.16666667
K= 734
30.611785871
K= 735
3737.25901116
K= 736
7300.33333333
K= 737
7301.0
K= 738
7299.16666667
K= 739
11069.2
K= 740
7300.83673469
K= 741
9.29548641708
K= 742
3750.53588803
K= 743
39.0174238589
K= 744
7300.33333333
K= 745
3737.97142857
K= 746
28.3385700496
K= 747
7300.56521739
K= 748
7299.5
K= 749
7300.87059915
K= 750
26.7104845849
K= 751
14.1205733959
K= 752
251.295541989
K= 753
7300.0
K= 754
5904.86822412
K= 755
7297.13333333
K= 756
473.746360565
K= 757
7300.75
K= 758
7299.66666667
K= 759
252.917359289
K= 760
483.833918624
K= 761
7443.0
K= 762
7301.0
K= 763
7446.0
K= 764
7446.0
K= 765
40.6986696395
K= 766
7445.0
K= 767
7300.46666667
K= 768
7300.5
K= 769
8.63790098793
K= 770
7301.0
K= 771
3748.92787879
K= 772
13.0502699569
K= 773
7445.0
K= 774
25.3066384256
K= 775
7299.46666667
K= 776
7162.33333333
K= 777
7300.90909091
K= 778
270.793829261
K= 779
7298.0
K= 780
25.2290148328
K= 781
10928.9333333
K= 782
7444.0
K= 783
37.2154724243
K= 784
7301.64285714
K= 785
7445.0
K= 786
10865.5
K= 787
7301.0
K= 788
44.4528677041
K= 789
54.5876639468
K= 790
41.5355735858
K= 791
7300.91666667
K= 792
7250.02564103
K= 793
7300.9047619
K= 794
8.7776418791
K= 795
7300.62790698
K= 796
341.264819315
K= 797
70526.9533485
K= 798
7445.0
K= 799
7444.0
K= 800
498.140257017
K= 801
7301.33333333
K= 802
7299.6
K= 803
3563.16666667
K= 804
3736.14433048
K= 805
7.33333333337
K= 806
31.4781728865
K= 807
254.562536163
K= 808
7300.4
K= 809
3739.33333333
K= 810
7445.0
K= 811
7300.0
K= 812
11.3167608569
K= 813
7445.0
K= 814
7297.16666667
K= 815
7301.33333333
K= 816
101.559360807
K= 817
7445.0
K= 818
18576.1709433
K= 819
3747.34298835
K= 820
7297.16666667
K= 821
7445.0
K= 822
7446.0
K= 823
11.8991524816
K= 824
7301.0
K= 825
7162.33333333
K= 826
7301.0
K= 827
7300.0
K= 828
29.1935542795
K= 829
184.695351917
K= 830
7216.0
K= 831
7296.16666667
K= 832
11.1051282052
K= 833
7297.78063241
K= 834
13.6860752171
K= 835
7445.0
K= 836
7299.0
K= 837
25.6711162991
K= 838
44.5982681664
K= 839
38.3238186368
K= 840
7299.33333333
K= 841
7180.16891133
K= 842
523.349669883
K= 843
183.34869162
K= 844
3736.28500172
K= 845
7300.0
K= 846
19.7818270839
K= 847
7299.75
K= 848
513.335883743
K= 849
7300.87755102
K= 850
7300.75
K= 851
393.615288221
K= 852
9.4521673274
K= 853
11353.0149068
K= 854
5854.84714276
K= 855
10866.75
K= 856
25.2714291271
K= 857
214.646473576
K= 858
7443.0
K= 859
3712.0
K= 860
83.7989651037
K= 861
7300.0
K= 862
7300.66666667
K= 863
25.1284164859
K= 864
15.1821324843
K= 865
7296.71895425
K= 866
7300.5
K= 867
3574.80879073
K= 868
7300.70731707
K= 869
3737.98447205
K= 870
7445.0
K= 871
2812.12842427
K= 872
7250.39711646
K= 873
7298.66190476
K= 874
7300.55555556
K= 875
7300.46666667
K= 876
7444.0
K= 877
636.000058312
K= 878
7445.0
K= 879
7445.0
K= 880
2459.15519877
K= 881
7299.66666667
K= 882
13.3689249527
K= 883
7300.46666667
K= 884
7445.0
K= 885
511.918733832
K= 886
493.420054812
K= 887
7300.52380952
K= 888
7300.83333333
K= 889
27.7519858247
K= 890
21.8536372613
K= 891
2541.6611742
K= 892
2444.38265591
K= 893
7299.91666667
K= 894
7300.75
K= 895
3927.83333333
K= 896
7299.0
K= 897
3712.0
K= 898
3943.46111111
K= 899
7444.0
K= 900
75.418249264
K= 901
7444.0
K= 902
7162.33333333
K= 903
7445.0
K= 904
7445.0
K= 905
2580.64851668
K= 906
7299.0
K= 907
32.8733827855
K= 908
16.3393981633
K= 909
7301.0
K= 910
49.3150216723
K= 911
7300.45454545
K= 912
542.639980512
K= 913
7299.88732394
K= 914
7292.33333333
K= 915
167.584026327
K= 916
7446.0
K= 917
7445.0
K= 918
3752.69825903
K= 919
4035.78737374
K= 920
8.90489461186
K= 921
3910.11433698
K= 922
7446.0
K= 923
7297.16666667
K= 924
7301.0
K= 925
9.4144061656
K= 926
9.35664753139
K= 927
2448.28568621
K= 928
152.760839519
K= 929
7300.46666667
K= 930
282.096550897
K= 931
17.0989269983
K= 932
19.1983305198
K= 933
146.298106128
K= 934
7299.77777778
K= 935
7.97187873878
K= 936
7446.0
K= 937
78.3658800674
K= 938
7445.0
K= 939
7300.0
K= 940
7301.0
K= 941
7300.46666667
K= 942
7301.0
K= 943
7300.0
K= 944
3933.88334363
K= 945
7157.5
K= 946
7300.0
K= 947
44.4661194073
K= 948
7445.0
K= 949
7445.0
K= 950
12.3125304864
K= 951
42.4367978324
K= 952
3745.78503968
K= 953
7300.875
K= 954
3712.0
K= 955
7446.0
K= 956
7300.0
K= 957
3739.24242424
K= 958
2446.01901954
K= 959
42.6052967073
K= 960
554.21324373
K= 961
7446.0
K= 962
7297.16666667
K= 963
7.33333333337
K= 964
7300.5
K= 965
7445.0
K= 966
7235.33333333
K= 967
7300.91304348
K= 968
3761.06123069
K= 969
7265.0
K= 970
46.423393808
K= 971
221.992764414
K= 972
7445.0
K= 973
7445.0
K= 974
3712.0
K= 975
3712.0
K= 976
7299.6
K= 977
15.7212401733
K= 978
7297.16666667
K= 979
58.1321509542
K= 980
7301.33333333
K= 981
7445.0
K= 982
17.271621085
K= 983
7446.0
K= 984
347.084133213
K= 985
7301.0
K= 986
7300.0
K= 987
972.29472442
K= 988
3568.0
K= 989
7300.81818182
K= 990
7297.16666667
K= 991
22.5353050185
K= 992
7446.0
K= 993
2454.89997193
K= 994
7300.0
K= 995
105.986296001
K= 996
7299.85714286
K= 997
30.2203702708
K= 998
3739.33333333
K= 999
7297.16666667
K= 1000
7445.0
K= 1001
7300.87234043
K= 1002
7446.0
K= 1003
234.437771248
K= 1004
10.6364155957
K= 1005
538.474433754
K= 1006
101.705758036
K= 1007
2624.87799462
K= 1008
28.7059453891
K= 1009
7446.0
K= 1010
7301.0
K= 1011
21778.8
K= 1012
2717.9284
K= 1013
7445.0
K= 1014
2448.15235288
K= 1015
7298.66666667
K= 1016
11.9402862797
K= 1017
7301.0
K= 1018
7300.46666667
K= 1019
7445.0
K= 1020
4037.49845656
K= 1021
7445.0
K= 1022
7445.0
K= 1023
3712.0
K= 1024
2446.01901954
K= 1025
7300.41176471
K= 1026
3738.46666667
K= 1027
7445.0
K= 1028
2446.68568621
K= 1029
7446.0
K= 1030
2527.41131912
K= 1031
3952.25
K= 1032
10.5741264298
K= 1033
7300.86666667
K= 1034
62.6006113319
K= 1035
7299.0
K= 1036
16.1235644066
K= 1037
6954.46049852
K= 1038
34.8670723064
K= 1039
26288.0
K= 1040
2456.89997193
K= 1041
7299.5
K= 1042
19.2123432151
K= 1043
7301.0
K= 1044
4078.32102591
K= 1045
4036.78737374
K= 1046
7445.0
K= 1047
310.478331373
K= 1048
3736.28500172
K= 1049
125.181965268
K= 1050
7445.0
K= 1051
7300.41666667
K= 1052
7299.9
K= 1053
29.0611683969
K= 1054
2505.44726435
K= 1055
7300.6
K= 1056
7302.5
K= 1057
7297.48888889
K= 1058
1121.32505467
K= 1059
23.7190051951
K= 1060
19.165367549
K= 1061
36.3645647635
K= 1062
15.2344823316
K= 1063
3475.0531982
K= 1064
39.8659246474
K= 1065
7301.0
K= 1066
7300.33333333
K= 1067
7300.81818182
K= 1068
10.464871592
K= 1069
7162.33333333
K= 1070
43.7372700902
K= 1071
7445.0
K= 1072
3901.44973554
K= 1073
7300.0
K= 1074
3736.87698413
K= 1075
7444.0
K= 1076
21.0481777046
K= 1077
7300.46666667
K= 1078
7.33333333331
K= 1079
7445.0
K= 1080
6954.46049852
K= 1081
11.547397843
K= 1082
7300.76923077
K= 1083
3712.0
K= 1084
7300.70731707
K= 1085
10.3377327369
K= 1086
546.738836269
K= 1087
7300.70731707
K= 1088
9.4521673274
K= 1089
7301.0
K= 1090
537.404176462
K= 1091
32.5964266428
K= 1092
37.8303432922
K= 1093
7446.0
K= 1094
2459.15519877
K= 1095
7300.0
K= 1096
7445.0
K= 1097
7300.47368421
K= 1098
7299.9047619
K= 1099
7446.0
K= 1100
36.580021744
K= 1101
249.17159489
K= 1102
7161.33333333
K= 1103
7299.0
K= 1104
193.850982557
K= 1105
7301.0
K= 1106
15.2858707899
K= 1107
11031.0
K= 1108
7446.0
K= 1109
7301.0
K= 1110
21.0273548437
K= 1111
7300.6
K= 1112
7300.70731707
K= 1113
2455.84607666
K= 1114
7299.44444444
K= 1115
12.090319178
K= 1116
7446.0
K= 1117
23.0908559778
K= 1118
25.9479506811
K= 1119
7299.5
K= 1120
7299.4
K= 1121
7300.5
K= 1122
2846.35822868
K= 1123
7446.0
K= 1124
7204.08888889
K= 1125
7300.75
K= 1126
45.1858227869
K= 1127
3738.33333333
K= 1128
11029.5
K= 1129
7300.46666667
K= 1130
7296.0
K= 1131
7445.0
K= 1132
248.847990716
K= 1133
7445.0
K= 1134
7445.0
K= 1135
7298.82608696
K= 1136
3712.0
K= 1137
10862.0727273
K= 1138
4027.58333333
K= 1139
7291.4637037
K= 1140
3739.33333333
K= 1141
255.019326486
K= 1142
7269.66666667
K= 1143
7300.0
K= 1144
7300.0
K= 1145
7230.17179487
K= 1146
7446.0
K= 1147
52.9186373278
K= 1148
7446.0
K= 1149
7299.5
K= 1150
2443.02833327
K= 1151
7301.0
K= 1152
7298.81818182
K= 1153
7446.0
K= 1154
7299.0
K= 1155
2448.01901954
K= 1156
526.7392906
K= 1157
7278.08108469
K= 1158
4054.98247863
K= 1159
7445.0
K= 1160
7292.0
K= 1161
11.4626874598
K= 1162
520.001700703
K= 1163
277114.855044
K= 1164
247.080793319
K= 1165
7446.0
K= 1166
46.2804902258
K= 1167
394.706023271
K= 1168
62.2759510054
K= 1169
261.0529106
K= 1170
4036.49845656
K= 1171
7300.46666667
K= 1172
7446.0
K= 1173
3813.48678805
K= 1174
375.00937851
K= 1175
7299.0
K= 1176
7299.87234043
K= 1177
7446.0
K= 1178
4184.02608696
K= 1179
541.049758278
K= 1180
25.1597543224
K= 1181
3832.0
K= 1182
22.7971363938
K= 1183
7444.0
K= 1184
7129.0
K= 1185
7300.91304348
K= 1186
775.360257746
K= 1187
42.0530369761
K= 1188
3739.24637681
K= 1189
7298.76969697
K= 1190
42.458595016
K= 1191
7297.16666667
K= 1192
533.198524745
K= 1193
7299.5
K= 1194
275.412317174
K= 1195
2777.35538988
K= 1196
7446.0
K= 1197
29.3157913147
K= 1198
10.1272266784
K= 1199
7473.50707071
Betweenness Centrality Improvement
[ 98.55834649  45.69900869  38.23117177 ...,   0.           0.           0.        ]
Top 20 BC Improvement
[1163  222  498  797 1039  724  408   12  263 1011  818  662  681  718  334
  853  495  331  739  592]
Top 20 BC Improvement
[ 277114.85504428  132856.58599358   85576.07125399   70526.95334854
   26288.           22396.86666667   22370.4          21814.8          21786.8
   21778.8          18576.1709433    18490.3          14932.96666667
   14898.3030303    14435.4          11353.01490683   11154.           11154.
   11069.2          11034.        ]
