txValue= 1000000
IGRAPH D--- 4619 68733 -- 
+ attr: pub_key (v), base_fee (e), capacity (e), fee_rate (e), txCost (e)
None
IGRAPH D--- 4619 50297 -- 
+ attr: pub_key (v), base_fee (e), capacity (e), fee_rate (e), txCost (e)
None
Our nodes starting connections: 
(4618, 2796)
(4618, 1223)
(4618, 1163)
K= 2400
7445.0
K= 2401
3938.92857143
K= 2402
7445.0
K= 2403
7193.0
K= 2404
7446.0
K= 2405
7223.0
K= 2406
16.5000000001
K= 2407
51.7503810838
K= 2408
612.76101074
K= 2409
698.743847174
K= 2410
87.3141811738
K= 2411
41.4232404743
K= 2412
3761.43333333
K= 2413
7224.3
K= 2414
59.6793131611
K= 2415
7223.94594595
K= 2416
18.1921673274
K= 2417
3713.84117647
K= 2418
14823.5
K= 2419
3747.63333333
K= 2420
3574.60415599
K= 2421
7445.0
K= 2422
3629.5
K= 2423
7444.16666667
K= 2424
3629.5
K= 2425
31.885828288
K= 2426
694.49106334
K= 2427
7224.33333333
K= 2428
7445.0
K= 2429
7445.0
K= 2430
7224.77380952
K= 2431
45.3466708086
K= 2432
77.0235148765
K= 2433
5265.92315449
K= 2434
27886.2073482
K= 2435
3749.03070175
K= 2436
662.93653421
K= 2437
7298.16666667
K= 2438
238.926979892
K= 2439
3746.3011583
K= 2440
7224.3
K= 2441
10946.3
K= 2442
7225.0
K= 2443
7300.2027972
K= 2444
5256.70648783
K= 2445
3752.35168845
K= 2446
44.8554701777
K= 2447
7445.0
K= 2448
3629.5
K= 2449
44.4368911533
K= 2450
4076.46886703
K= 2451
7445.0
K= 2452
54.2563861215
K= 2453
211.652173913
K= 2454
3482.0
K= 2455
7362.5
K= 2456
7446.0
K= 2457
143.841169926
K= 2458
32.491700866
K= 2459
7224.86111111
K= 2460
7361.5
K= 2461
2424.45837203
K= 2462
14448.25
K= 2463
18.5635632375
K= 2464
7446.0
K= 2465
625.730563851
K= 2466
3629.5
K= 2467
7445.0
K= 2468
37.7689244549
K= 2469
7223.83333333
K= 2470
7445.0
K= 2471
643.16162364
K= 2472
20.4405164149
K= 2473
7361.66666667
K= 2474
40.9167272418
K= 2475
45.809409486
K= 2476
7226.0
K= 2477
7224.58333333
K= 2478
7445.0
K= 2479
3745.73520164
K= 2480
3759.94154877
K= 2481
7226.0
K= 2482
7225.3
K= 2483
7225.0
K= 2484
3953.94494949
K= 2485
133.500045549
K= 2486
7446.0
K= 2487
164.293660448
K= 2488
23.2407597423
K= 2489
89.4607391146
K= 2490
7224.7081448
K= 2491
7445.0
K= 2492
238.296438757
K= 2493
20.9151305265
K= 2494
7133.33543124
K= 2495
7225.0
K= 2496
27868.2673723
K= 2497
7445.0
K= 2498
7362.5
K= 2499
21.9415800752
K= 2500
7223.84457478
K= 2501
7445.0
K= 2502
7361.5
K= 2503
19.462513716
K= 2504
7361.5
K= 2505
3768.39988955
K= 2506
20.308783011
K= 2507
7224.85714286
K= 2508
3980.53137397
K= 2509
7225.0
K= 2510
3749.18387681
K= 2511
7236.95615927
K= 2512
7224.58333333
K= 2513
3928.49709881
K= 2514
7361.5
K= 2515
7159.0
K= 2516
7362.0
K= 2517
7165.33543124
K= 2518
63.053968236
K= 2519
7224.1
K= 2520
491.262227352
K= 2521
110.284678001
K= 2522
3744.77303622
K= 2523
3952.0
K= 2524
3744.1716735
K= 2525
18.9947385592
K= 2526
7224.81818182
K= 2527
5306.79455924
K= 2528
110.447709445
K= 2529
7225.95238095
K= 2530
7225.4
K= 2531
7225.0
K= 2532
5309.80144086
K= 2533
7445.0
K= 2534
48.2300164901
K= 2535
7361.5
K= 2536
7445.0
K= 2537
7224.46666667
K= 2538
7445.0
K= 2539
7445.0
K= 2540
7225.0
K= 2541
600.308725349
K= 2542
647.691217805
K= 2543
685.367779195
K= 2544
7225.66666667
K= 2545
7445.0
K= 2546
7225.0952381
K= 2547
3607.0
K= 2548
326.13721647
K= 2549
596.662634533
K= 2550
7446.0
K= 2551
3629.5
K= 2552
7226.0
K= 2553
132.733132728
K= 2554
5784.22476225
K= 2555
7366.0
K= 2556
5380.03360057
K= 2557
7217.25714286
K= 2558
4336.48315283
K= 2559
5288.05901924
K= 2560
4014.76693405
K= 2561
5255.71759894
K= 2562
64.8878194394
K= 2563
5274.74537671
K= 2564
7224.87804878
K= 2565
14892.0
K= 2566
30.6137396154
K= 2567
7220.76190476
K= 2568
7223.58333333
K= 2569
7224.84
K= 2570
7220.51428571
K= 2571
7224.0952381
K= 2572
7445.0
K= 2573
7225.5
K= 2574
23.2221977296
K= 2575
94.8213344649
K= 2576
598.76101074
K= 2577
7361.5
K= 2578
7446.0
K= 2579
7446.0
K= 2580
7226.0
K= 2581
73.9684465416
K= 2582
31.418814444
K= 2583
7445.0
K= 2584
27.0508474064
K= 2585
7445.0
K= 2586
7446.0
K= 2587
7445.0
K= 2588
176.753330643
K= 2589
7229.4529304
K= 2590
650.71216831
K= 2591
7453.64052288
K= 2592
7225.0
K= 2593
23.6251419578
K= 2594
44.0174218339
K= 2595
7224.41666667
K= 2596
7445.0
K= 2597
5306.93031424
K= 2598
7445.0
K= 2599
7362.5
K= 2600
7445.0
K= 2601
7361.8
K= 2602
27879.883513
K= 2603
7225.85714286
K= 2604
5511.54461973
K= 2605
5262.12375891
K= 2606
1592.72139502
K= 2607
7362.5
K= 2608
34.7347321546
K= 2609
2334.70165369
K= 2610
632.603278288
K= 2611
7445.0
K= 2612
7224.85
K= 2613
10716.0588235
K= 2614
243.117448599
K= 2615
638.260671447
K= 2616
73.4083452579
K= 2617
7225.3
K= 2618
3749.16666667
K= 2619
7446.0
K= 2620
7225.86403509
K= 2621
7224.66666667
K= 2622
33.7265219307
K= 2623
7224.80645161
K= 2624
28.5682646469
K= 2625
7226.0
K= 2626
3952.0
K= 2627
7455.83333333
K= 2628
14955.6440305
K= 2629
151.138278189
K= 2630
7445.0
K= 2631
7224.5
K= 2632
7329.3353392
K= 2633
7446.0
K= 2634
7226.0
K= 2635
7225.0
K= 2636
7225.625
K= 2637
7225.85026738
K= 2638
3496.34976359
K= 2639
7445.0
K= 2640
7445.0
K= 2641
7362.5
K= 2642
7223.33333333
K= 2643
57.2136933788
K= 2644
7224.6
K= 2645
27804.0198628
K= 2646
49.0812876947
K= 2647
3967.44607843
K= 2648
18.895486417
K= 2649
7193.0
K= 2650
7445.0
K= 2651
7225.95238095
K= 2652
7225.0
K= 2653
44.1940882173
K= 2654
7224.1
K= 2655
160.768311903
K= 2656
3937.13543124
K= 2657
7223.93984962
K= 2658
189.323377264
K= 2659
7225.3
K= 2660
7225.0
K= 2661
7445.0
K= 2662
7225.25
K= 2663
91.4657218033
K= 2664
672.945565881
K= 2665
7225.35
K= 2666
7224.94017094
K= 2667
147.211842155
K= 2668
23.1965001912
K= 2669
610.20653747
K= 2670
145.842890476
K= 2671
7224.02597403
K= 2672
7446.0
K= 2673
7225.60714286
K= 2674
71.8390009184
K= 2675
7224.74089069
K= 2676
7224.0
K= 2677
144.68583848
K= 2678
7445.0
K= 2679
7361.83333333
K= 2680
7445.0
K= 2681
7224.58333333
K= 2682
27908.7982925
K= 2683
7362.5
K= 2684
3629.5
K= 2685
3747.32565609
K= 2686
7225.66666667
K= 2687
7362.5
K= 2688
73.3090879419
K= 2689
7225.60714286
K= 2690
637.620778648
K= 2691
7445.0
K= 2692
7223.33333333
K= 2693
5708.87142289
K= 2694
7445.0
K= 2695
5163.03420154
K= 2696
132.032060095
K= 2697
7361.5
K= 2698
20.9151305265
K= 2699
32.1830716998
K= 2700
3484.7
K= 2701
7361.75
K= 2702
23.1965001912
K= 2703
33.6666666665
K= 2704
7369.16666667
K= 2705
3748.23809524
K= 2706
49.1665664006
K= 2707
3708.66666667
K= 2708
7223.0
K= 2709
7225.0
K= 2710
14449.0285714
K= 2711
3970.49845656
K= 2712
5560.63894635
K= 2713
17.9842441808
K= 2714
32.7618275575
K= 2715
111.838030922
K= 2716
7445.0
K= 2717
3786.0
K= 2718
163.796913269
K= 2719
887.65959085
K= 2720
7445.0
K= 2721
3883.71504265
K= 2722
7230.22619048
K= 2723
7445.0
K= 2724
7225.66666667
K= 2725
3498.20337411
K= 2726
7225.51428571
K= 2727
7165.33543124
K= 2728
3748.83333333
K= 2729
7224.2908531
K= 2730
7361.6
K= 2731
7445.0
K= 2732
7445.0
K= 2733
3744.36862745
K= 2734
7224.5
K= 2735
7225.0
K= 2736
7225.0
K= 2737
7445.0
K= 2738
3970.49845656
K= 2739
655.47296176
K= 2740
7445.0
K= 2741
150.686422406
K= 2742
221.393935581
K= 2743
7445.0
K= 2744
87.8037152055
K= 2745
63319.6717792
K= 2746
3629.5
K= 2747
7222.875
K= 2748
7225.60714286
K= 2749
7445.0
K= 2750
146.269094839
K= 2751
7445.0
K= 2752
3966.48737374
K= 2753
462.875916747
K= 2754
7445.0
K= 2755
5432.50533187
K= 2756
3989.88293651
K= 2757
245.339307622
K= 2758
7224.76489533
K= 2759
7446.0
K= 2760
649.629494753
K= 2761
26.2278650586
K= 2762
7225.8
K= 2763
3756.89122267
K= 2764
3970.49845656
K= 2765
32.815524568
K= 2766
7224.85748792
K= 2767
7225.43333333
K= 2768
35.8038675964
K= 2769
7361.5
K= 2770
7225.0
K= 2771
7225.0
K= 2772
53.8546820978
K= 2773
3745.324677
K= 2774
7224.51428571
K= 2775
7446.0
K= 2776
3745.20976874
K= 2777
5446.69836918
K= 2778
7445.0
K= 2779
3629.5
K= 2780
25.1248751249
K= 2781
38.7465549656
K= 2782
132.415658401
K= 2783
100.813600144
K= 2784
3944.89488844
K= 2785
7225.0
K= 2786
7224.5
K= 2787
7446.0
K= 2788
114.128033329
K= 2789
30.7555480506
K= 2790
91.3284628653
K= 2791
7225.5
K= 2792
7445.0
K= 2793
7224.22222222
K= 2794
22.9032815418
K= 2795
7225.0
K= 2796
325.964930921
K= 2797
76.9703112179
K= 2798
27.0817661874
K= 2799
155.810178433
K= 2800
36.9771296987
K= 2801
7445.0
K= 2802
7222.07315952
K= 2803
68.2211024098
K= 2804
3975.0
K= 2805
79.8811086969
K= 2806
7445.0
K= 2807
40.3338863053
K= 2808
7224.52380952
K= 2809
7224.56521739
K= 2810
7224.33333333
K= 2811
22.0367074393
K= 2812
5261.63982116
K= 2813
729.097966717
K= 2814
7224.5
K= 2815
3975.0
K= 2816
51.1928035456
K= 2817
7225.0
K= 2818
7446.0
K= 2819
3748.69047619
K= 2820
7236.4523026
K= 2821
3629.5
K= 2822
7224.66666667
K= 2823
7445.0
K= 2824
25.8199009561
K= 2825
672.991268594
K= 2826
5304.27352079
K= 2827
7060.48695077
K= 2828
5271.03378406
K= 2829
79.9904580187
K= 2830
7445.0
K= 2831
3975.0
K= 2832
7445.0
K= 2833
7446.0
K= 2834
3748.61111111
K= 2835
7446.0
K= 2836
14690.0
K= 2837
7225.66666667
K= 2838
7446.0
K= 2839
4781.913518
K= 2840
3747.63333333
K= 2841
7226.0
K= 2842
7445.0
K= 2843
7224.85026738
K= 2844
22.4170268863
K= 2845
292.941934995
K= 2846
7165.33543124
K= 2847
3506.41904762
K= 2848
79.6567514678
K= 2849
5301.09491838
K= 2850
84.666282304
K= 2851
7224.87121212
K= 2852
7223.8
K= 2853
7225.5
K= 2854
22.0263774565
K= 2855
366.399023256
K= 2856
7503.1139702
K= 2857
1183.84517675
K= 2858
7226.0
K= 2859
30.4580421746
K= 2860
601.256509138
K= 2861
722.949011496
K= 2862
7231.85277778
K= 2863
14888.0
K= 2864
7214.4047619
K= 2865
3629.5
K= 2866
7445.0
K= 2867
7445.0
K= 2868
7487.92965368
K= 2869
138.95443618
K= 2870
3747.42564852
K= 2871
684.380555556
K= 2872
615.999348292
K= 2873
7224.5
K= 2874
7224.51428571
K= 2875
7225.0
K= 2876
7445.0
K= 2877
269.330337627
K= 2878
59.350062683
K= 2879
7224.78799489
K= 2880
7225.51428571
K= 2881
7225.5
K= 2882
7224.86111111
K= 2883
7444.0
K= 2884
685.810907098
K= 2885
8749.91424382
K= 2886
7224.2627451
K= 2887
7445.0
K= 2888
7224.7
K= 2889
155.591231779
K= 2890
23.4811518837
K= 2891
18.9947385592
K= 2892
7445.0
K= 2893
7445.0
K= 2894
7362.5
K= 2895
5163.03420154
K= 2896
10718.1555556
K= 2897
7225.0
K= 2898
7223.91666667
K= 2899
5308.25176289
K= 2900
7444.0
K= 2901
7200.1047619
K= 2902
7225.66666667
K= 2903
7225.51428571
K= 2904
7224.86363636
K= 2905
7445.0
K= 2906
3497.70277983
K= 2907
27894.3956242
K= 2908
7224.77777778
K= 2909
7445.0
K= 2910
6654.50616985
K= 2911
3745.73896104
K= 2912
251.079550052
K= 2913
2292.60120706
K= 2914
7445.0
K= 2915
7445.0
K= 2916
22.9806179419
K= 2917
669.944971725
K= 2918
642.597472624
K= 2919
122.225501844
K= 2920
7225.46666667
K= 2921
7446.0
K= 2922
7225.0
K= 2923
47.5705708355
K= 2924
63.5047288411
K= 2925
25.8199009561
K= 2926
3570.16666667
K= 2927
7224.30555556
K= 2928
7224.1
K= 2929
46.9802731993
K= 2930
103.786659067
K= 2931
3746.28030303
K= 2932
7224.47368421
K= 2933
7225.60714286
K= 2934
7224.51428571
K= 2935
7225.0
K= 2936
7225.51428571
K= 2937
22.4485563939
K= 2938
7445.0
K= 2939
465.073694084
K= 2940
55.0510283158
K= 2941
3978.0
K= 2942
5354.25029679
K= 2943
21.0635632375
K= 2944
46.957648241
K= 2945
3771.71504265
K= 2946
7445.0
K= 2947
7362.66666667
K= 2948
7445.0
K= 2949
7445.0
K= 2950
3975.0
K= 2951
33.6666666665
K= 2952
7165.33543124
K= 2953
7224.58333333
K= 2954
413.114878438
K= 2955
19.2462454214
K= 2956
3975.0
K= 2957
4014.76693405
K= 2958
7226.0
K= 2959
7224.3452381
K= 2960
636.558189348
K= 2961
7224.4
K= 2962
47.5705708355
K= 2963
1030.93954909
K= 2964
7225.93478261
K= 2965
93.4826467729
K= 2966
7223.75
K= 2967
10715.8
K= 2968
5267.79537671
K= 2969
7223.33333333
K= 2970
7225.875
K= 2971
7445.0
K= 2972
3629.5
K= 2973
41.6478796878
K= 2974
121.224297395
K= 2975
7223.33333333
K= 2976
7224.45714286
K= 2977
653.564114097
K= 2978
7444.0
K= 2979
7445.0
K= 2980
155.892391316
K= 2981
7225.0
K= 2982
719.744318182
K= 2983
21.37193035
K= 2984
1977.14003653
K= 2985
3848.24845656
K= 2986
25.8145523641
K= 2987
7224.6
K= 2988
7446.0
K= 2989
7445.0
K= 2990
3502.67450244
K= 2991
3975.0
K= 2992
7223.58333333
K= 2993
23.9548604335
K= 2994
171.234651319
K= 2995
3748.55555556
K= 2996
3908.96686508
K= 2997
5286.61446712
K= 2998
7224.8974359
K= 2999
3747.63333333
K= 3000
154.186180746
K= 3001
8729.30648783
K= 3002
33.5924200226
K= 3003
27.6752086794
K= 3004
7225.90740741
K= 3005
625.267141997
K= 3006
23.9548604335
K= 3007
7445.0
K= 3008
62.0602374302
K= 3009
652.633809619
K= 3010
7446.0
K= 3011
7229.0
K= 3012
7445.0
K= 3013
52.3906711478
K= 3014
675.646403407
K= 3015
7445.0
K= 3016
7225.86542443
K= 3017
73.6216818686
K= 3018
50.4981096443
K= 3019
7221.57777778
K= 3020
429.895987862
K= 3021
381.807977718
K= 3022
70.9738336165
K= 3023
696.158685375
K= 3024
7225.51428571
K= 3025
5261.13982116
K= 3026
102.676129737
K= 3027
1882.79674122
K= 3028
35.3571790924
K= 3029
3975.0
K= 3030
625.435157885
K= 3031
7224.9047619
K= 3032
3131.32542894
K= 3033
132.525348427
K= 3034
7445.0
K= 3035
18.895486417
K= 3036
3499.69450502
K= 3037
7446.0
K= 3038
3749.04166667
K= 3039
34.7751296501
K= 3040
35.7363128521
K= 3041
7445.0
K= 3042
7445.0
K= 3043
7445.0
K= 3044
3756.66666667
K= 3045
67.6015585493
K= 3046
3744.52445128
K= 3047
97.5543076477
K= 3048
3746.11125541
K= 3049
7224.78787879
K= 3050
3499.69956329
K= 3051
48.1925825131
K= 3052
44.0174218339
K= 3053
27867.2282314
K= 3054
3748.55555556
K= 3055
7225.89473684
K= 3056
7445.0
K= 3057
3975.0
K= 3058
7224.5
K= 3059
7445.0
K= 3060
7225.46666667
K= 3061
7445.0
K= 3062
26.0190822243
K= 3063
7445.0
K= 3064
7445.0
K= 3065
3975.0
K= 3066
605.769558512
K= 3067
18.8714285715
K= 3068
38.4164320795
K= 3069
7223.52941176
K= 3070
7225.43333333
K= 3071
35.7296880768
K= 3072
7224.5
K= 3073
7446.0
K= 3074
7446.0
K= 3075
41.2203935457
K= 3076
7224.48837209
K= 3077
5258.16124973
K= 3078
7226.0
K= 3079
7445.0
K= 3080
20.7904554455
K= 3081
4005.40927318
K= 3082
6004.50944305
K= 3083
7223.3
K= 3084
3975.0
K= 3085
3931.91011236
K= 3086
50.9741547646
K= 3087
7224.51048951
K= 3088
7225.51428571
K= 3089
3565.0
K= 3090
5398.83620051
K= 3091
7445.0
K= 3092
3970.49845656
K= 3093
22.4485563939
K= 3094
7445.0
K= 3095
7224.59627329
K= 3096
40.7921266393
K= 3097
25.6974361175
K= 3098
7225.46666667
K= 3099
113.239039695
K= 3100
40.553612177
K= 3101
998.059462468
K= 3102
660.186988955
K= 3103
7224.25
K= 3104
563.127291753
K= 3105
47.5705708355
K= 3106
3565.0
K= 3107
7225.0
K= 3108
7226.0
K= 3109
5257.97315449
K= 3110
7452.64285714
K= 3111
7446.0
K= 3112
7362.5
K= 3113
4817.35666607
K= 3114
402.328443866
K= 3115
22.3465596917
K= 3116
53.0813785042
K= 3117
3953.9013764
K= 3118
26111.0
K= 3119
7223.51428571
K= 3120
3754.54355356
K= 3121
7226.0
K= 3122
66.5603485504
K= 3123
262.485714286
K= 3124
40943.0
K= 3125
7226.0
K= 3126
7445.0
K= 3127
3748.61111111
K= 3128
7921.99691313
K= 3129
50.3333333334
K= 3130
3953.94494949
K= 3131
5274.03470873
K= 3132
446.395522776
K= 3133
181.395992782
K= 3134
150.854674887
K= 3135
331.471912955
K= 3136
636.452910053
K= 3137
7445.0
K= 3138
7297.0
K= 3139
3494.67781503
K= 3140
7445.0
K= 3141
7225.47368421
K= 3142
5280.00648783
K= 3143
345.200950463
K= 3144
7224.7
K= 3145
23.1588902747
K= 3146
7445.0
K= 3147
3891.5
K= 3148
7224.44444444
K= 3149
10714.6
K= 3150
3761.60493506
K= 3151
7445.0
K= 3152
7444.14457478
K= 3153
7150.05821238
K= 3154
3565.0
K= 3155
7446.0
K= 3156
47.7039041688
K= 3157
7861.0
K= 3158
7445.0
K= 3159
5269.51055043
K= 3160
7298.16666667
K= 3161
3748.83333333
K= 3162
45.282474336
K= 3163
7225.6
K= 3164
7495.50633929
K= 3165
3883.71504265
K= 3166
7454.63333333
K= 3167
10629.1354312
K= 3168
7446.0
K= 3169
66.5789808657
K= 3170
7446.0
K= 3171
28.6739112342
K= 3172
7223.83333333
K= 3173
7446.0
K= 3174
41.1006496253
K= 3175
24.2091175837
K= 3176
7224.84637068
K= 3177
167.574303789
K= 3178
79.0394060311
K= 3179
3749.15942029
K= 3180
687.166593626
K= 3181
3565.0
K= 3182
18.8256412458
K= 3183
7225.60714286
K= 3184
7224.73069498
K= 3185
7225.0
K= 3186
5297.47913275
K= 3187
50.7749273202
K= 3188
7517.71536667
K= 3189
48.4209420411
K= 3190
116.704906594
K= 3191
7446.0
K= 3192
27820.5331904
K= 3193
7445.0
K= 3194
3747.8
K= 3195
7445.0
K= 3196
7225.0
K= 3197
7446.0
K= 3198
77.192333186
K= 3199
7445.0
K= 3200
47.3422274757
K= 3201
38.0339681816
K= 3202
7445.0
K= 3203
7445.0
K= 3204
3565.0
K= 3205
7225.0
K= 3206
3975.0
K= 3207
48.1873880966
K= 3208
3786.0
K= 3209
7446.0
K= 3210
743.062721967
K= 3211
7224.58333333
K= 3212
10716.0285714
K= 3213
3975.0
K= 3214
7445.0
K= 3215
7224.1
K= 3216
5412.0429217
K= 3217
3975.0
K= 3218
69.4179795741
K= 3219
5267.22639276
K= 3220
31.4571740492
K= 3221
3629.5
K= 3222
7224.86666667
K= 3223
5261.99545996
K= 3224
220.606158539
K= 3225
38.3527455806
K= 3226
7224.40106952
K= 3227
7446.0
K= 3228
40943.0
K= 3229
7225.46666667
K= 3230
7224.25
K= 3231
671.359256371
K= 3232
631.447304143
K= 3233
7445.0
K= 3234
10955.4666667
K= 3235
466.181647424
K= 3236
7446.0
K= 3237
71.4964937815
K= 3238
7445.0
K= 3239
7223.60714286
K= 3240
7225.5
K= 3241
365.075726086
K= 3242
58.7443552858
K= 3243
7225.0
K= 3244
7445.0
K= 3245
7445.0
K= 3246
14959.5689655
K= 3247
3975.0
K= 3248
3966.48737374
K= 3249
619.80939217
K= 3250
41.1006496253
K= 3251
7445.0
K= 3252
22.0367074393
K= 3253
7445.0
K= 3254
7194.66666667
K= 3255
3758.41516228
K= 3256
108.260411036
K= 3257
7224.86226204
K= 3258
325.17531937
K= 3259
7226.0
K= 3260
50.8398326954
K= 3261
7445.0
K= 3262
3939.71263475
K= 3263
7224.85714286
K= 3264
7362.0
K= 3265
40943.0
K= 3266
7224.1
K= 3267
5538.28484308
K= 3268
3753.17333333
K= 3269
5258.13982116
K= 3270
7446.0
K= 3271
53.6293611595
K= 3272
7445.0
K= 3273
7225.5
K= 3274
219.579483968
K= 3275
3629.5
K= 3276
3495.11883399
K= 3277
67.6096743256
K= 3278
28.5099636368
K= 3279
31.314143506
K= 3280
7224.46666667
K= 3281
7445.0
K= 3282
348.244384775
K= 3283
58.578454754
K= 3284
7445.0
K= 3285
44.6607131191
K= 3286
1882.79674122
K= 3287
3565.0
K= 3288
6945.58333333
K= 3289
7224.89473684
K= 3290
35.3785196493
K= 3291
198.820469285
K= 3292
7445.0
K= 3293
45.9931300624
K= 3294
682.12070304
K= 3295
3567.5
K= 3296
7445.0
K= 3297
7224.66666667
K= 3298
7224.6
K= 3299
52.027155794
K= 3300
29.3715009097
K= 3301
712.435422505
K= 3302
3975.0
K= 3303
7445.0
K= 3304
5322.47216921
K= 3305
7445.0
K= 3306
29.0715443948
K= 3307
7225.0
K= 3308
7223.58333333
K= 3309
7445.0
K= 3310
22.4485563939
K= 3311
3883.71504265
K= 3312
7452.19581807
K= 3313
7223.6
K= 3314
7446.0
K= 3315
130.364905742
K= 3316
7219.5
K= 3317
7224.46666667
K= 3318
7225.3
K= 3319
7223.58333333
K= 3320
20.1197399661
K= 3321
7445.0
K= 3322
3629.5
K= 3323
26.8971330571
K= 3324
95.3535968801
K= 3325
69.0369115833
K= 3326
38.9080098371
K= 3327
7461.5
K= 3328
57.1768692263
K= 3329
3478.57142857
K= 3330
57.2989803884
K= 3331
7224.66666667
K= 3332
7445.0
K= 3333
7445.0
K= 3334
3767.93564713
K= 3335
3786.0
K= 3336
179.556034588
K= 3337
7224.3
K= 3338
7445.0
K= 3339
10705.2666667
K= 3340
3773.4202381
K= 3341
665.816409623
K= 3342
7446.0
K= 3343
7446.0
K= 3344
24.8676849188
K= 3345
7225.0
K= 3346
3995.69047619
K= 3347
3745.20591969
K= 3348
7233.2984997
K= 3349
11159.0
K= 3350
7224.5
K= 3351
3747.2422619
K= 3352
112.481731143
K= 3353
7224.47368421
K= 3354
11159.0
K= 3355
711.068265521
K= 3356
51.2739435327
K= 3357
57.275809422
K= 3358
7362.66666667
K= 3359
139.227835808
K= 3360
3756.675
K= 3361
7225.94791667
K= 3362
3756.1
K= 3363
7444.0
K= 3364
3975.0
K= 3365
3975.0
K= 3366
47.5705708355
K= 3367
7445.0
K= 3368
48.010129852
K= 3369
3744.33333333
K= 3370
7225.3
K= 3371
7224.1
K= 3372
42.6852007637
K= 3373
7224.60185185
K= 3374
7224.58333333
K= 3375
7224.1
K= 3376
7445.0
K= 3377
7225.5
K= 3378
613.129647045
K= 3379
3786.0
K= 3380
7225.0
K= 3381
7225.3
K= 3382
7445.0
K= 3383
3975.0
K= 3384
215.1869527
K= 3385
3499.69956329
K= 3386
7224.33333333
K= 3387
3975.0
K= 3388
3975.0
K= 3389
7445.0
K= 3390
25.0831452863
K= 3391
5908.23482053
K= 3392
8734.30648783
K= 3393
7225.0
K= 3394
7224.33333333
K= 3395
3939.71263475
K= 3396
7225.0
K= 3397
3629.5
K= 3398
7445.0
K= 3399
3629.5
K= 3400
7446.0
K= 3401
7446.0
K= 3402
665.394414146
K= 3403
665.916666666
K= 3404
7445.0
K= 3405
5367.13250164
K= 3406
5309.51084972
K= 3407
302.708017509
K= 3408
642.558189348
K= 3409
40.434215099
K= 3410
676.989076851
K= 3411
18.0
K= 3412
47.3255950928
K= 3413
3748.5
K= 3414
7225.86542443
K= 3415
85.3693305982
K= 3416
699.66162465
K= 3417
3744.72042484
K= 3418
7445.0
K= 3419
3953.20166444
K= 3420
41.1006496254
K= 3421
57.3638350613
K= 3422
7445.0
K= 3423
7445.0
K= 3424
613.129647045
K= 3425
7126.0
K= 3426
7224.5
K= 3427
47.6240342511
K= 3428
7201.9
K= 3429
175.327296627
K= 3430
7224.33333333
K= 3431
43.7446004176
K= 3432
7445.0
K= 3433
7224.58808933
K= 3434
54.2945447075
K= 3435
3801.83015873
K= 3436
7225.7
K= 3437
7221.68421053
K= 3438
7226.0
K= 3439
3975.0
K= 3440
3629.5
K= 3441
7224.0
K= 3442
3638.0
K= 3443
34.2957922606
K= 3444
7446.0
K= 3445
354.591166811
K= 3446
7446.0
K= 3447
7165.33543124
K= 3448
247.633697716
K= 3449
22.5678010408
K= 3450
7224.95238095
K= 3451
7446.0
K= 3452
10955.2627451
K= 3453
689.722423323
K= 3454
3565.0
K= 3455
7217.16666667
K= 3456
7165.33543124
K= 3457
44.1568780771
K= 3458
3975.0
K= 3459
7225.0
K= 3460
7445.0
K= 3461
3768.26655622
K= 3462
7225.0
K= 3463
7446.0
K= 3464
18.0
K= 3465
7234.82207459
K= 3466
41.1006496254
K= 3467
7445.0
K= 3468
5286.20509685
K= 3469
3975.0
K= 3470
70.1470378332
K= 3471
681.773253458
K= 3472
7224.8
K= 3473
7445.0
K= 3474
28.4555844582
K= 3475
3975.0
K= 3476
7445.0
K= 3477
1236.16109581
K= 3478
7223.51428571
K= 3479
30.141859891
K= 3480
7225.3
K= 3481
255.035806124
K= 3482
7224.54980843
K= 3483
7224.44444444
K= 3484
43.9207753876
K= 3485
48.8764288077
K= 3486
3747.2422619
K= 3487
7445.0
K= 3488
632.845654098
K= 3489
7445.0
K= 3490
7181.04040404
K= 3491
2974.27150194
K= 3492
7446.0
K= 3493
6040.73372953
K= 3494
7446.0
K= 3495
11156.0
K= 3496
7445.0
K= 3497
7452.64285714
K= 3498
45.0818958547
K= 3499
7445.0
K= 3500
32.7693867832
K= 3501
382.517311635
K= 3502
3975.0
K= 3503
3786.0
K= 3504
7225.89473684
K= 3505
7445.0
K= 3506
4001.91666667
K= 3507
3891.5
K= 3508
22.9032815418
K= 3509
565.790091896
K= 3510
7225.84444444
K= 3511
3471.03754137
K= 3512
3629.5
K= 3513
3985.14555556
K= 3514
49.4074346928
K= 3515
3629.5452381
K= 3516
147.211842155
K= 3517
27801.6627921
K= 3518
3786.83661298
K= 3519
49.2577776378
K= 3520
38.2170855943
K= 3521
3975.0
K= 3522
7226.53440285
K= 3523
3975.0
K= 3524
661.645232505
K= 3525
3564.0
K= 3526
24.8509900912
K= 3527
7226.0
K= 3528
32.7184454226
K= 3529
7445.0
K= 3530
598.76101074
K= 3531
7445.0
K= 3532
7445.0
K= 3533
3965.79675395
K= 3534
4062.41666667
K= 3535
27819.3360712
K= 3536
7225.0
K= 3537
7445.0
K= 3538
22.0367074393
K= 3539
3939.71263475
K= 3540
28205.8313725
K= 3541
7224.86542443
K= 3542
448.213431239
K= 3543
7445.0
K= 3544
7446.0
K= 3545
1279.0205549
K= 3546
7446.0
K= 3547
3975.0
K= 3548
18.895486417
K= 3549
7445.0
K= 3550
7445.0
K= 3551
52.5161902524
K= 3552
3896.16958051
K= 3553
47.5705708355
K= 3554
7445.0
K= 3555
7224.46666667
K= 3556
615.999348292
K= 3557
7445.0
K= 3558
1449.63974088
K= 3559
7445.0
K= 3560
74.6148855087
K= 3561
5275.64781692
K= 3562
49.2544418345
K= 3563
7445.0
K= 3564
3755.94666963
K= 3565
7446.0
K= 3566
31.2368717111
K= 3567
7224.86542443
K= 3568
3969.49845656
K= 3569
7446.0
K= 3570
3975.0
K= 3571
3975.0
K= 3572
7445.0
K= 3573
7445.0
K= 3574
698.577511377
K= 3575
7445.0
K= 3576
3975.0
K= 3577
61.3218707433
K= 3578
3514.50723655
K= 3579
68.4405725594
K= 3580
7445.0
K= 3581
105.681965784
K= 3582
7445.0
K= 3583
7445.0
K= 3584
664.642857143
K= 3585
7445.0
K= 3586
645.556765209
K= 3587
273.051991805
K= 3588
5275.34458306
K= 3589
20.7037025488
K= 3590
3938.14966843
K= 3591
7224.89473684
K= 3592
7446.0
K= 3593
7446.0
K= 3594
650.892467373
K= 3595
7445.0
K= 3596
76.9644338139
K= 3597
7223.58333333
K= 3598
3975.0
K= 3599
20.6216440449
K= 3600
7224.51428571
Betweenness Centrality Improvement
[ 0.  0.  0. ...,  0.  0.  0.]
Top 20 BC Improvement
[2745 3265 3124 3228 3540 2682 2907 2434 2602 2496 3053 3192 3535 2645 3517
 3118 3246 2628 2565 2863]
Top 20 BC Improvement
[ 63319.6717792   40943.          40943.          40943.          28205.83137246
  27908.79829249  27894.39562415  27886.20734823  27879.88351302
  27868.26737228  27867.22823144  27820.5331904   27819.33607116
  27804.01986284  27801.66279213  26111.          14959.56896552
  14955.6440305   14892.          14888.        ]
