txValue= 1000000
IGRAPH D--- 4619 68733 -- 
+ attr: pub_key (v), base_fee (e), capacity (e), fee_rate (e), txCost (e)
None
IGRAPH D--- 4619 50297 -- 
+ attr: pub_key (v), base_fee (e), capacity (e), fee_rate (e), txCost (e)
None
Our nodes starting connections: 
(4618, 2796)
(4618, 1223)
(4618, 1163)
(4618, 222)
(4618, 498)
(4618, 797)
K= 2400
7445.0
K= 2401
3973.92857143
K= 2402
7445.0
K= 2403
7122.0
K= 2404
7446.0
K= 2405
7150.0
K= 2406
19.4333333336
K= 2407
55.255498043
K= 2408
736.098059305
K= 2409
796.241749272
K= 2410
96.3909050506
K= 2411
47.2899071409
K= 2412
3766.69047619
K= 2413
7151.3
K= 2414
63.4452275101
K= 2415
7150.94594595
K= 2416
21.1255006609
K= 2417
3716.82679739
K= 2418
14750.25
K= 2419
3750.26190476
K= 2420
3500.97558457
K= 2421
7445.0
K= 2422
3556.25
K= 2423
7444.10714286
K= 2424
3556.25
K= 2425
32.8858282883
K= 2426
838.674396674
K= 2427
7151.33333333
K= 2428
7445.0
K= 2429
7445.0
K= 2430
7151.77380952
K= 2431
72.903098508
K= 2432
80.3135502026
K= 2433
5222.9387005
K= 2434
30578.098973
K= 2435
3751.96403509
K= 2436
794.999445875
K= 2437
7223.66666667
K= 2438
280.856237509
K= 2439
3748.77734878
K= 2440
7151.3
K= 2441
10873.3
K= 2442
7152.0
K= 2443
7228.02097902
K= 2444
5212.31251002
K= 2445
3755.72668845
K= 2446
46.7820417946
K= 2447
7445.0
K= 2448
3556.25
K= 2449
48.483343252
K= 2450
4313.32531353
K= 2451
7445.0
K= 2452
56.4681272015
K= 2453
248.152173913
K= 2454
3409.0
K= 2455
7289.25
K= 2456
7446.0
K= 2457
147.957509082
K= 2458
32.9956691202
K= 2459
7151.86111111
K= 2460
7288.25
K= 2461
4122.1005012
K= 2462
14302.25
K= 2463
21.496896571
K= 2464
7446.0
K= 2465
753.728770109
K= 2466
3556.25
K= 2467
7445.0
K= 2468
40.1527628389
K= 2469
7150.83333333
K= 2470
7445.0
K= 2471
770.594736636
K= 2472
23.3738497486
K= 2473
7288.4
K= 2474
46.7833939085
K= 2475
46.6815163577
K= 2476
7167.0
K= 2477
7151.58333333
K= 2478
7445.0
K= 2479
3747.93069036
K= 2480
3764.34678857
K= 2481
7153.0
K= 2482
7152.3
K= 2483
7152.0
K= 2484
3996.98174048
K= 2485
164.76871674
K= 2486
7446.0
K= 2487
162.794479909
K= 2488
26.174093076
K= 2489
124.495025939
K= 2490
7151.7081448
K= 2491
7445.0
K= 2492
231.064314384
K= 2493
23.8484638599
K= 2494
3430.25
K= 2495
7152.0
K= 2496
30550.0144251
K= 2497
7445.0
K= 2498
7289.25
K= 2499
24.5701515034
K= 2500
7150.84449953
K= 2501
7445.0
K= 2502
7288.25
K= 2503
22.0910851443
K= 2504
7288.25
K= 2505
3780.14747581
K= 2506
22.1256602861
K= 2507
7151.85714286
K= 2508
3986.02026286
K= 2509
7152.0
K= 2510
3752.11721015
K= 2511
7166.33999766
K= 2512
7151.58333333
K= 2513
3973.40259588
K= 2514
7288.25
K= 2515
3481.25
K= 2516
7289.0
K= 2517
3443.25
K= 2518
66.363985996
K= 2519
7151.1
K= 2520
573.583187552
K= 2521
115.933760826
K= 2522
3746.54698311
K= 2523
3996.0
K= 2524
3746.67556049
K= 2525
21.9280718926
K= 2526
3435.81818182
K= 2527
5275.04986839
K= 2528
118.875571356
K= 2529
7152.95238095
K= 2530
7152.4
K= 2531
7152.0
K= 2532
5275.98385407
K= 2533
7445.0
K= 2534
44.6358550957
K= 2535
7288.25
K= 2536
3727.0
K= 2537
7151.46666667
K= 2538
7445.0
K= 2539
7445.0
K= 2540
7152.0
K= 2541
708.308725349
K= 2542
775.015690375
K= 2543
723.876472347
K= 2544
7152.66666667
K= 2545
7445.0
K= 2546
7152.0952381
K= 2547
3534.0
K= 2548
458.591075283
K= 2549
744.862634533
K= 2550
7446.0
K= 2551
3556.25
K= 2552
7153.0
K= 2553
137.91549167
K= 2554
5913.96285405
K= 2555
7312.0
K= 2556
5358.86336218
K= 2557
7144.25714286
K= 2558
4518.84391395
K= 2559
5269.03587531
K= 2560
4082.51693405
K= 2561
5211.27412619
K= 2562
73.0981641649
K= 2563
5233.78620283
K= 2564
7151.87804878
K= 2565
14892.0
K= 2566
35.3970729487
K= 2567
7147.76190476
K= 2568
7150.58333333
K= 2569
7151.84
K= 2570
7148.51428571
K= 2571
7151.0952381
K= 2572
7445.0
K= 2573
7152.5
K= 2574
26.1555310632
K= 2575
101.514304539
K= 2576
722.098059305
K= 2577
7288.25
K= 2578
7446.0
K= 2579
7446.0
K= 2580
7153.0
K= 2581
73.5845304579
K= 2582
35.6040708546
K= 2583
7445.0
K= 2584
29.6794188349
K= 2585
7445.0
K= 2586
7446.0
K= 2587
7445.0
K= 2588
169.162890644
K= 2589
7158.47687729
K= 2590
784.440007137
K= 2591
7454.97385621
K= 2592
7152.0
K= 2593
25.7477610055
K= 2594
62.2255761947
K= 2595
7151.41666667
K= 2596
7445.0
K= 2597
5275.82515535
K= 2598
7445.0
K= 2599
7289.25
K= 2600
7445.0
K= 2601
7288.57142857
K= 2602
30573.7292313
K= 2603
7152.85714286
K= 2604
5497.09465552
K= 2605
5218.12761333
K= 2606
1890.3105767
K= 2607
7289.25
K= 2608
40.6013988212
K= 2609
2396.98614836
K= 2610
759.607375369
K= 2611
7445.0
K= 2612
7151.85
K= 2613
10570.0588235
K= 2614
293.803134246
K= 2615
765.676138942
K= 2616
73.3664649164
K= 2617
7152.3
K= 2618
3752.1
K= 2619
7446.0
K= 2620
7152.86403509
K= 2621
7151.66666667
K= 2622
29.0696621239
K= 2623
7151.80645161
K= 2624
31.0444551234
K= 2625
7153.0
K= 2626
3996.0
K= 2627
7457.83333333
K= 2628
14963.0346064
K= 2629
172.108483254
K= 2630
7445.0
K= 2631
7151.5
K= 2632
7603.89127463
K= 2633
7446.0
K= 2634
7153.0
K= 2635
7152.0
K= 2636
7152.625
K= 2637
7152.85026738
K= 2638
3423.28734794
K= 2639
7445.0
K= 2640
7445.0
K= 2641
7289.25
K= 2642
7150.33333333
K= 2643
57.7968157518
K= 2644
7153.43333333
K= 2645
30458.276404
K= 2646
51.8955734093
K= 2647
3972.44607843
K= 2648
21.3288197506
K= 2649
7122.0
K= 2650
7445.0
K= 2651
7152.95238095
K= 2652
7152.0
K= 2653
46.7602439914
K= 2654
7151.1
K= 2655
171.673028097
K= 2656
3928.6
K= 2657
7150.93984962
K= 2658
221.119902123
K= 2659
7152.3
K= 2660
7152.0
K= 2661
7445.0
K= 2662
7152.25
K= 2663
87.5038952772
K= 2664
782.173811929
K= 2665
7152.35
K= 2666
7151.94017094
K= 2667
192.828104781
K= 2668
25.8250716198
K= 2669
729.510252702
K= 2670
163.599136506
K= 2671
7151.02597403
K= 2672
7446.0
K= 2673
7152.60714286
K= 2674
78.8525085438
K= 2675
7151.74089069
K= 2676
7151.0
K= 2677
147.045818045
K= 2678
7445.0
K= 2679
7288.625
K= 2680
7445.0
K= 2681
7151.58333333
K= 2682
30614.6100455
K= 2683
7289.25
K= 2684
3556.25
K= 2685
3749.95422752
K= 2686
7152.66666667
K= 2687
7289.25
K= 2688
98.6757546088
K= 2689
7152.60714286
K= 2690
767.713214236
K= 2691
7445.0
K= 2692
7150.33333333
K= 2693
5734.29490541
K= 2694
7445.0
K= 2695
5101.38366042
K= 2696
134.681452827
K= 2697
7288.25
K= 2698
23.8484638599
K= 2699
35.2078580246
K= 2700
3411.7
K= 2701
7288.5
K= 2702
25.8250716198
K= 2703
39.5333333332
K= 2704
7287.61666667
K= 2705
3751.17142857
K= 2706
53.1916941148
K= 2707
3635.4
K= 2708
7150.0
K= 2709
7152.0
K= 2710
14303.0285714
K= 2711
3974.49845656
K= 2712
5546.464719
K= 2713
20.1068632286
K= 2714
39.176776561
K= 2715
122.768508072
K= 2716
7445.0
K= 2717
3786.0
K= 2718
169.392753394
K= 2719
1073.49724764
K= 2720
7445.0
K= 2721
3886.71504265
K= 2722
7158.36904762
K= 2723
7445.0
K= 2724
7152.66666667
K= 2725
3425.20337411
K= 2726
7152.51428571
K= 2727
3443.25
K= 2728
3751.76666667
K= 2729
7151.40990072
K= 2730
7288.33333333
K= 2731
7445.0
K= 2732
7445.0
K= 2733
3746.83534572
K= 2734
7151.5
K= 2735
7152.0
K= 2736
7152.0
K= 2737
7445.0
K= 2738
3974.49845656
K= 2739
788.262247474
K= 2740
7445.0
K= 2741
170.389452709
K= 2742
228.329576615
K= 2743
7445.0
K= 2744
91.115308603
K= 2745
56079.3437277
K= 2746
3556.25
K= 2747
7149.875
K= 2748
7152.60714286
K= 2749
7445.0
K= 2750
191.107518987
K= 2751
7445.0
K= 2752
3970.48737374
K= 2753
554.964157809
K= 2754
7445.0
K= 2755
5432.91896765
K= 2756
4049.16257631
K= 2757
280.339307622
K= 2758
7151.76489533
K= 2759
7446.0
K= 2760
780.327292799
K= 2761
29.161198392
K= 2762
7152.8
K= 2763
3761.2527306
K= 2764
3974.49845656
K= 2765
34.5240715765
K= 2766
7151.85748792
K= 2767
7152.43333333
K= 2768
37.6218829148
K= 2769
7288.25
K= 2770
7152.0
K= 2771
7152.0
K= 2772
56.2385204816
K= 2773
3747.81781426
K= 2774
7151.51428571
K= 2775
7446.0
K= 2776
3747.65525746
K= 2777
5444.72975039
K= 2778
7445.0
K= 2779
3556.25
K= 2780
28.0582084584
K= 2781
41.6249863384
K= 2782
149.632136951
K= 2783
110.252739675
K= 2784
3948.89488844
K= 2785
7152.0
K= 2786
7151.5
K= 2787
7446.0
K= 2788
119.315180843
K= 2789
33.0772263724
K= 2790
93.8150239605
K= 2791
7152.5
K= 2792
7445.0
K= 2793
7151.22222222
K= 2794
25.8366148754
K= 2795
7152.0
K= 2796
316.982414889
K= 2797
87.2536445516
K= 2798
29.3243621881
K= 2799
160.853670029
K= 2800
40.9104630321
K= 2801
7445.0
K= 2802
7149.07315952
K= 2803
73.5291049965
K= 2804
3975.0
K= 2805
74.3696243481
K= 2806
7445.0
K= 2807
42.7672196392
K= 2808
7151.52380952
K= 2809
7151.56521739
K= 2810
7151.33333333
K= 2811
24.9700407726
K= 2812
5218.12770189
K= 2813
786.694263009
K= 2814
7151.5
K= 2815
3975.0
K= 2816
47.1873839654
K= 2817
7152.0
K= 2818
7446.0
K= 2819
3751.62380952
K= 2820
7166.21445711
K= 2821
3556.25
K= 2822
7151.66666667
K= 2823
7445.0
K= 2824
28.4484723846
K= 2825
807.041268595
K= 2826
5267.83082504
K= 2827
6909.57785987
K= 2828
5231.26932634
K= 2829
84.129703861
K= 2830
7445.0
K= 2831
3975.0
K= 2832
3746.0
K= 2833
7446.0
K= 2834
3751.54444444
K= 2835
7446.0
K= 2836
14617.0
K= 2837
7152.66666667
K= 2838
7446.0
K= 2839
5069.37237315
K= 2840
3750.26190476
K= 2841
7153.0
K= 2842
7445.0
K= 2843
7151.85026738
K= 2844
25.0455983146
K= 2845
422.340185468
K= 2846
3443.25
K= 2847
3435.00238095
K= 2848
85.8848637869
K= 2849
5293.52344316
K= 2850
87.443339742
K= 2851
7151.87121212
K= 2852
7152.7
K= 2853
7152.5
K= 2854
24.4597107898
K= 2855
488.003914924
K= 2856
7512.21308597
K= 2857
1405.84517675
K= 2858
7153.0
K= 2859
33.6008993175
K= 2860
713.168401558
K= 2861
874.948994051
K= 2862
7159.97777778
K= 2863
14888.0
K= 2864
7141.40476191
K= 2865
3556.25
K= 2866
7445.0
K= 2867
7445.0
K= 2868
7492.57301032
K= 2869
124.280427254
K= 2870
3749.901839
K= 2871
819.663888889
K= 2872
739.876802156
K= 2873
7151.5
K= 2874
7151.51428571
K= 2875
7152.0
K= 2876
7445.0
K= 2877
275.276276267
K= 2878
76.2898681818
K= 2879
7151.78799489
K= 2880
7152.51428571
K= 2881
7152.5
K= 2882
7151.86111111
K= 2883
7444.0
K= 2884
825.907905027
K= 2885
8634.33055157
K= 2886
7151.2627451
K= 2887
7445.0
K= 2888
7151.7
K= 2889
161.165373073
K= 2890
26.4144852171
K= 2891
21.9280718926
K= 2892
7445.0
K= 2893
7445.0
K= 2894
7289.25
K= 2895
5101.38366042
K= 2896
10572.1555556
K= 2897
7152.0
K= 2898
7150.91666667
K= 2899
5272.73669294
K= 2900
7444.0
K= 2901
7127.1047619
K= 2902
7152.66666667
K= 2903
7152.51428571
K= 2904
7151.86363636
K= 2905
3727.0
K= 2906
3424.70277983
K= 2907
30597.1500191
K= 2908
7151.77777778
K= 2909
7445.0
K= 2910
6508.43095618
K= 2911
3747.91701487
K= 2912
303.045056255
K= 2913
2611.48498325
K= 2914
7445.0
K= 2915
7445.0
K= 2916
25.9139512754
K= 2917
807.261638392
K= 2918
773.409150972
K= 2919
124.199237622
K= 2920
7152.46666667
K= 2921
7446.0
K= 2922
7152.0
K= 2923
65.8220152394
K= 2924
72.0638872269
K= 2925
28.4484723846
K= 2926
3496.41666667
K= 2927
3435.30555556
K= 2928
7151.1
K= 2929
48.917095521
K= 2930
131.920757464
K= 2931
3748.60198135
K= 2932
7151.47368421
K= 2933
7152.60714286
K= 2934
7151.51428571
K= 2935
7152.0
K= 2936
7152.51428571
K= 2937
25.3818897274
K= 2938
7445.0
K= 2939
551.973999334
K= 2940
51.1441685089
K= 2941
3978.0
K= 2942
5319.99122686
K= 2943
23.996896571
K= 2944
44.7393887229
K= 2945
3774.46504265
K= 2946
7445.0
K= 2947
7289.4
K= 2948
7445.0
K= 2949
7445.0
K= 2950
3975.0
K= 2951
39.5333333332
K= 2952
3443.25
K= 2953
7151.58333333
K= 2954
547.756545105
K= 2955
25.6512237764
K= 2956
3975.0
K= 2957
4082.51693405
K= 2958
7153.0
K= 2959
7151.3452381
K= 2960
763.720051564
K= 2961
7151.4
K= 2962
65.8220152394
K= 2963
1239.94721071
K= 2964
7152.93478261
K= 2965
124.815010769
K= 2966
7152.75
K= 2967
10569.8
K= 2968
5224.82917669
K= 2969
7150.33333333
K= 2970
7152.875
K= 2971
7445.0
K= 2972
3556.25
K= 2973
44.5573899923
K= 2974
153.489517263
K= 2975
7150.33333333
K= 2976
7151.45714286
K= 2977
781.145924547
K= 2978
7444.0
K= 2979
7445.0
K= 2980
158.809057983
K= 2981
7152.0
K= 2982
867.527651515
K= 2983
24.3052636834
K= 2984
2322.53115707
K= 2985
3851.99845656
K= 2986
28.2907428402
K= 2987
7153.43333333
K= 2988
7446.0
K= 2989
7445.0
K= 2990
3448.6949106
K= 2991
3975.0
K= 2992
7150.58333333
K= 2993
26.8881937668
K= 2994
196.343403044
K= 2995
3751.48888889
K= 2996
3919.85575397
K= 2997
5248.17760582
K= 2998
7151.8974359
K= 2999
3750.26190476
K= 3000
158.397878529
K= 3001
8610.47917669
K= 3002
39.5257533561
K= 3003
30.3037801078
K= 3004
7152.90740741
K= 3005
750.496252852
K= 3006
26.8881937668
K= 3007
7445.0
K= 3008
61.1750293053
K= 3009
786.837514457
K= 3010
7446.0
K= 3011
7157.0
K= 3012
7445.0
K= 3013
56.6909208982
K= 3014
814.259376545
K= 3015
7445.0
K= 3016
7152.86542443
K= 3017
78.695628755
K= 3018
59.0341291805
K= 3019
7148.57777778
K= 3020
510.829321195
K= 3021
516.338010185
K= 3022
74.5428850071
K= 3023
837.983570168
K= 3024
7152.51428571
K= 3025
5217.24584336
K= 3026
115.428591334
K= 3027
1934.98363326
K= 3028
57.2905124258
K= 3029
3975.0
K= 3030
741.165633939
K= 3031
7151.9047619
K= 3032
3735.99857912
K= 3033
143.989238704
K= 3034
7445.0
K= 3035
21.3288197508
K= 3036
3426.69450502
K= 3037
7446.0
K= 3038
3751.975
K= 3039
37.7084629836
K= 3040
31.1342149503
K= 3041
7445.0
K= 3042
7445.0
K= 3043
7445.0
K= 3044
3683.66666667
K= 3045
70.787969141
K= 3046
3746.2182084
K= 3047
106.683938801
K= 3048
3748.43293373
K= 3049
7151.78787879
K= 3050
3426.69956329
K= 3051
52.3430875638
K= 3052
62.2255761947
K= 3053
30554.3903055
K= 3054
3751.48888889
K= 3055
7152.89473684
K= 3056
7445.0
K= 3057
3975.0
K= 3058
7151.5
K= 3059
7445.0
K= 3060
7152.46666667
K= 3061
7445.0
K= 3062
28.6476536528
K= 3063
7445.0
K= 3064
7445.0
K= 3065
3975.0
K= 3066
718.707142857
K= 3067
21.8561688315
K= 3068
40.190378966
K= 3069
7150.52941176
K= 3070
7152.43333333
K= 3071
30.627590175
K= 3072
7151.5
K= 3073
7446.0
K= 3074
7446.0
K= 3075
43.0384088638
K= 3076
7151.48837209
K= 3077
5213.81012907
K= 3078
7153.0
K= 3079
7445.0
K= 3080
23.419026874
K= 3081
4071.20927318
K= 3082
5900.6213132
K= 3083
7150.3
K= 3084
3975.0
K= 3085
3966.91011236
K= 3086
51.9137480902
K= 3087
7151.51048951
K= 3088
7152.51428571
K= 3089
3490.0
K= 3090
5399.21889663
K= 3091
7445.0
K= 3092
3974.49845656
K= 3093
25.3818897274
K= 3094
7445.0
K= 3095
7151.59627329
K= 3096
45.3087933064
K= 3097
30.3807694509
K= 3098
7152.46666667
K= 3099
126.387601831
K= 3100
44.4798026534
K= 3101
1190.05946247
K= 3102
795.785662504
K= 3103
7151.25
K= 3104
675.678573804
K= 3105
65.8220152394
K= 3106
3490.0
K= 3107
7152.0
K= 3108
7153.0
K= 3109
5214.07917669
K= 3110
7453.78571429
K= 3111
7446.0
K= 3112
7289.25
K= 3113
4689.65738243
K= 3114
464.006453656
K= 3115
25.2798930253
K= 3116
55.9394981624
K= 3117
3967.06594517
K= 3118
26111.0
K= 3119
7150.51428571
K= 3120
3758.1317004
K= 3121
7153.0
K= 3122
72.396083649
K= 3123
323.06904762
K= 3124
40943.0
K= 3125
7153.0
K= 3126
7445.0
K= 3127
3751.54444444
K= 3128
7929.99691313
K= 3129
59.1333333333
K= 3130
3996.98174048
K= 3131
5234.39274251
K= 3132
531.513087325
K= 3133
191.082524014
K= 3134
190.599119331
K= 3135
468.890960574
K= 3136
766.757671958
K= 3137
7445.0
K= 3138
7222.0
K= 3139
3421.67781503
K= 3140
7445.0
K= 3141
7152.47368421
K= 3142
5240.9154512
K= 3143
465.122716684
K= 3144
7151.7
K= 3145
25.2815093226
K= 3146
7445.0
K= 3147
3818.25
K= 3148
7151.44444444
K= 3149
10568.6
K= 3150
3770.02831724
K= 3151
7445.0
K= 3152
7444.14449953
K= 3153
3416.59154571
K= 3154
3490.0
K= 3155
7446.0
K= 3156
65.9290327835
K= 3157
7925.0
K= 3158
7445.0
K= 3159
5227.40362848
K= 3160
7223.66666667
K= 3161
3751.76666667
K= 3162
41.9462494499
K= 3163
7152.6
K= 3164
7426.42007555
K= 3165
3886.71504265
K= 3166
7456.4
K= 3167
6886.5
K= 3168
7446.0
K= 3169
61.4324280191
K= 3170
7446.0
K= 3171
31.1072445679
K= 3172
7150.83333333
K= 3173
7446.0
K= 3174
68.6570773248
K= 3175
27.1424509173
K= 3176
7151.84637068
K= 3177
209.675891092
K= 3178
84.9503950425
K= 3179
3752.09275362
K= 3180
830.368974579
K= 3181
3490.0
K= 3182
21.7589745792
K= 3183
7152.60714286
K= 3184
7151.73069498
K= 3185
7152.0
K= 3186
5262.30420257
K= 3187
52.7014989373
K= 3188
7543.65432771
K= 3189
54.339015634
K= 3190
114.103911041
K= 3191
7446.0
K= 3192
30500.0750539
K= 3193
7445.0
K= 3194
3750.42857143
K= 3195
7445.0
K= 3196
7152.0
K= 3197
7446.0
K= 3198
78.8840850019
K= 3199
7445.0
K= 3200
50.1476123228
K= 3201
41.5101586578
K= 3202
3727.0
K= 3203
7445.0
K= 3204
3490.0
K= 3205
7152.0
K= 3206
3975.0
K= 3207
50.3492928585
K= 3208
3786.0
K= 3209
7446.0
K= 3210
881.34743081
K= 3211
7151.58333333
K= 3212
10570.0285714
K= 3213
3975.0
K= 3214
7445.0
K= 3215
7151.1
K= 3216
5410.86690833
K= 3217
3975.0
K= 3218
65.1539687703
K= 3219
5224.89893732
K= 3220
33.9333645254
K= 3221
3556.25
K= 3222
7151.86666667
K= 3223
5219.73982715
K= 3224
239.418742885
K= 3225
41.2236632595
K= 3226
7151.40106952
K= 3227
7446.0
K= 3228
40943.0
K= 3229
7152.46666667
K= 3230
7151.25
K= 3231
808.143022604
K= 3232
721.122701105
K= 3233
7445.0
K= 3234
10882.4666667
K= 3235
503.60009224
K= 3236
7446.0
K= 3237
107.588941017
K= 3238
3746.0
K= 3239
7150.60714286
K= 3240
7152.5
K= 3241
491.725978857
K= 3242
57.0133095346
K= 3243
7152.0
K= 3244
7445.0
K= 3245
7445.0
K= 3246
14975.2689655
K= 3247
3975.0
K= 3248
3970.48737374
K= 3249
735.539868224
K= 3250
68.6570773248
K= 3251
7445.0
K= 3252
24.9700407726
K= 3253
7445.0
K= 3254
3433.66666667
K= 3255
3762.35643213
K= 3256
118.160944437
K= 3257
7151.86226204
K= 3258
399.641907299
K= 3259
7154.0
K= 3260
51.7289722268
K= 3261
7445.0
K= 3262
3987.04968332
K= 3263
7151.85714286
K= 3264
7291.0
K= 3265
40943.0
K= 3266
7151.1
K= 3267
5537.52943443
K= 3268
3757.62333333
K= 3269
5214.24584336
K= 3270
7446.0
K= 3271
64.268500691
K= 3272
7445.0
K= 3273
7152.5
K= 3274
248.390378151
K= 3275
3556.25
K= 3276
3422.11883399
K= 3277
71.0600293805
K= 3278
31.9861541127
K= 3279
33.4367625539
K= 3280
7151.46666667
K= 3281
7445.0
K= 3282
451.326073042
K= 3283
62.1360183035
K= 3284
7445.0
K= 3285
46.4346600056
K= 3286
1934.98363326
K= 3287
3490.0
K= 3288
6797.58333333
K= 3289
7151.89473684
K= 3290
38.2498669729
K= 3291
194.776940305
K= 3292
7445.0
K= 3293
47.5924202462
K= 3294
822.1122545
K= 3295
3494.5
K= 3296
7445.0
K= 3297
7151.66666667
K= 3298
7153.43333333
K= 3299
70.278600198
K= 3300
31.8999789678
K= 3301
856.097327267
K= 3302
3975.0
K= 3303
7445.0
K= 3304
5291.24183698
K= 3305
7445.0
K= 3306
24.4694464928
K= 3307
7152.0
K= 3308
7150.58333333
K= 3309
7445.0
K= 3310
25.3818897274
K= 3311
3886.71504265
K= 3312
7453.32081807
K= 3313
7152.43333333
K= 3314
7446.0
K= 3315
132.949021626
K= 3316
7146.5
K= 3317
7151.46666667
K= 3318
7152.3
K= 3319
7150.58333333
K= 3320
22.242359014
K= 3321
7445.0
K= 3322
3556.25
K= 3323
29.280971441
K= 3324
102.623509595
K= 3325
77.922625869
K= 3326
42.1913431706
K= 3327
7464.43333333
K= 3328
62.6205542935
K= 3329
3405.57142857
K= 3330
51.6257647793
K= 3331
7151.66666667
K= 3332
7445.0
K= 3333
7445.0
K= 3334
3779.15379287
K= 3335
3786.0
K= 3336
194.790533712
K= 3337
7151.3
K= 3338
7445.0
K= 3339
10561.2666667
K= 3340
3792.5234127
K= 3341
748.279184647
K= 3342
7446.0
K= 3343
7446.0
K= 3344
27.8010182523
K= 3345
7152.0
K= 3346
4056.19047619
K= 3347
3747.65140841
K= 3348
7161.4234997
K= 3349
11159.0
K= 3350
7151.5
K= 3351
3749.67559524
K= 3352
128.727268938
K= 3353
7151.47368421
K= 3354
11159.0
K= 3355
859.213503616
K= 3356
50.5099408687
K= 3357
63.0599936005
K= 3358
7289.4
K= 3359
147.041831163
K= 3360
3683.675
K= 3361
7152.94791667
K= 3362
3683.1
K= 3363
7371.0
K= 3364
3975.0
K= 3365
3975.0
K= 3366
65.8220152396
K= 3367
7445.0
K= 3368
50.1327488997
K= 3369
3746.33333333
K= 3370
7152.3
K= 3371
7151.1
K= 3372
49.0074572591
K= 3373
7151.60185185
K= 3374
7151.58333333
K= 3375
7151.1
K= 3376
7445.0
K= 3377
7152.5
K= 3378
735.76537109
K= 3379
3786.0
K= 3380
7152.0
K= 3381
7152.3
K= 3382
7445.0
K= 3383
3975.0
K= 3384
251.1869527
K= 3385
3426.69956329
K= 3386
7151.33333333
K= 3387
3975.0
K= 3388
3975.0
K= 3389
7445.0
K= 3390
27.0282433257
K= 3391
6060.32172617
K= 3392
8614.47917669
K= 3393
7152.0
K= 3394
7151.33333333
K= 3395
3987.04968332
K= 3396
7152.0
K= 3397
3556.25
K= 3398
7445.0
K= 3399
3556.25
K= 3400
7446.0
K= 3401
7446.0
K= 3402
803.088418864
K= 3403
811.2
K= 3404
7445.0
K= 3405
5332.30566364
K= 3406
5281.68193914
K= 3407
374.474684176
K= 3408
771.053384897
K= 3409
44.2056436704
K= 3410
816.361695899
K= 3411
20.9333333333
K= 3412
64.3270394972
K= 3413
3751.43333333
K= 3414
7152.86542443
K= 3415
82.2672245565
K= 3416
843.178291317
K= 3417
3746.46111111
K= 3418
7445.0
K= 3419
3963.88600787
K= 3420
68.6570773248
K= 3421
59.4951765274
K= 3422
7445.0
K= 3423
7445.0
K= 3424
735.76537109
K= 3425
7048.0
K= 3426
7151.5
K= 3427
49.3387057341
K= 3428
7133.9
K= 3429
176.327296627
K= 3430
7151.33333333
K= 3431
46.1284388015
K= 3432
7445.0
K= 3433
7151.58808933
K= 3434
61.689417379
K= 3435
3825.79126984
K= 3436
7152.7
K= 3437
7148.68421053
K= 3438
7153.0
K= 3439
3975.0
K= 3440
3556.25
K= 3441
7151.0
K= 3442
3563.0
K= 3443
48.714102522
K= 3444
7446.0
K= 3445
402.763297941
K= 3446
7446.0
K= 3447
3443.25
K= 3448
275.154258731
K= 3449
25.1963724694
K= 3450
7151.95238095
K= 3451
7446.0
K= 3452
10882.2627451
K= 3453
827.78908999
K= 3454
3490.0
K= 3455
7142.66666667
K= 3456
3443.25
K= 3457
48.7568780773
K= 3458
3975.0
K= 3459
7152.0
K= 3460
7445.0
K= 3461
3780.01414248
K= 3462
7152.0
K= 3463
7446.0
K= 3464
20.9333333336
K= 3465
7163.49598735
K= 3466
68.6570773248
K= 3467
7445.0
K= 3468
5246.71142668
K= 3469
3975.0
K= 3470
74.6284103827
K= 3471
822.870872506
K= 3472
7151.8
K= 3473
7445.0
K= 3474
29.1115368395
K= 3475
3975.0
K= 3476
7445.0
K= 3477
1290.1777144
K= 3478
7150.51428571
K= 3479
32.4635382127
K= 3480
7152.3
K= 3481
303.866257
K= 3482
7151.54980843
K= 3483
7151.44444444
K= 3484
48.6884521553
K= 3485
56.3162556477
K= 3486
3749.67559524
K= 3487
7445.0
K= 3488
754.301353477
K= 3489
7445.0
K= 3490
7108.04040404
K= 3491
2958.84602194
K= 3492
7446.0
K= 3493
7412.76706286
K= 3494
7446.0
K= 3495
11156.0
K= 3496
7445.0
K= 3497
7453.78571429
K= 3498
42.4444694354
K= 3499
3746.0
K= 3500
35.153225167
K= 3501
516.567411372
K= 3502
3975.0
K= 3503
3786.0
K= 3504
7152.89473684
K= 3505
7445.0
K= 3506
4064.91666667
K= 3507
3818.25
K= 3508
25.8366148754
K= 3509
699.887460318
K= 3510
7152.84444444
K= 3511
3401.00845905
K= 3512
3556.25
K= 3513
4044.36936508
K= 3514
51.9005719477
K= 3515
3556.35363636
K= 3516
192.828104781
K= 3517
30455.1700548
K= 3518
3797.20556723
K= 3519
55.2004778099
K= 3520
39.9143507832
K= 3521
3975.0
K= 3522
7154.53440285
K= 3523
3975.0
K= 3524
756.769769079
K= 3525
3489.0
K= 3526
27.4795615198
K= 3527
7153.0
K= 3528
35.6517787559
K= 3529
7445.0
K= 3530
722.098059305
K= 3531
7445.0
K= 3532
7445.0
K= 3533
3828.11913364
K= 3534
4139.83333333
K= 3535
30477.8608452
K= 3536
7152.0
K= 3537
7445.0
K= 3538
24.9700407726
K= 3539
3987.04968332
K= 3540
30997.5146374
K= 3541
7151.86542443
K= 3542
517.946892286
K= 3543
7445.0
K= 3544
7446.0
K= 3545
1584.62530571
K= 3546
7446.0
K= 3547
3975.0
K= 3548
21.3288197506
K= 3549
7445.0
K= 3550
7445.0
K= 3551
55.2107773991
K= 3552
3901.1100567
K= 3553
65.8220152396
K= 3554
7445.0
K= 3555
7151.46666667
K= 3556
739.876802156
K= 3557
7445.0
K= 3558
1789.35169343
K= 3559
7445.0
K= 3560
75.2673429144
K= 3561
5234.14971644
K= 3562
55.1854271553
K= 3563
7445.0
K= 3564
3759.24665335
K= 3565
7446.0
K= 3566
26.634773809
K= 3567
7151.86542443
K= 3568
3973.49845656
K= 3569
7446.0
K= 3570
3975.0
K= 3571
3975.0
K= 3572
7445.0
K= 3573
7445.0
K= 3574
828.664380063
K= 3575
7445.0
K= 3576
3975.0
K= 3577
66.4652273867
K= 3578
3460.52764471
K= 3579
90.4583522154
K= 3580
7445.0
K= 3581
123.341489593
K= 3582
7445.0
K= 3583
7445.0
K= 3584
805.504761905
K= 3585
7445.0
K= 3586
769.646302972
K= 3587
332.596039424
K= 3588
5233.72917669
K= 3589
23.3322739771
K= 3590
3979.29346527
K= 3591
7151.89473684
K= 3592
7446.0
K= 3593
7446.0
K= 3594
782.495883401
K= 3595
7445.0
K= 3596
79.9707719635
K= 3597
7150.58333333
K= 3598
3975.0
K= 3599
23.2502154734
K= 3600
7151.51428571
Betweenness Centrality Improvement
[ 0.  0.  0. ...,  0.  0.  0.]
Top 20 BC Improvement
[2745 3265 3228 3124 3540 2682 2907 2434 2602 3053 2496 3192 3535 2645 3517
 3118 3246 2628 2565 2863]
Top 20 BC Improvement
[ 56079.34372768  40943.          40943.          40943.          30997.51463744
  30614.61004553  30597.15001905  30578.09897302  30573.72923132
  30554.39030554  30550.01442511  30500.07505392  30477.86084515
  30458.27640396  30455.17005475  26111.          14975.26896552
  14963.03460643  14892.          14888.        ]
