txValue= 1000000
IGRAPH D--- 4619 68733 -- 
+ attr: pub_key (v), base_fee (e), capacity (e), fee_rate (e), txCost (e)
None
IGRAPH D--- 4619 50297 -- 
+ attr: pub_key (v), base_fee (e), capacity (e), fee_rate (e), txCost (e)
None
Our nodes starting connections: 
(4618, 2796)
(4618, 1223)
(4618, 1163)
(4618, 222)
(4618, 498)
(4618, 797)
K= 3600
7151.51428571
K= 3601
25.6932330688
K= 3602
7151.3
K= 3603
3443.25
K= 3604
7161.70555556
K= 3605
7152.0
K= 3606
3494.66666667
K= 3607
5831.9709533
K= 3608
7446.0
K= 3609
82.7677019883
K= 3610
7446.0
K= 3611
766.434725496
K= 3612
7445.0
K= 3613
3751.0
K= 3614
5226.33574235
K= 3615
714.322242428
K= 3616
7490.25721514
K= 3617
7445.0
K= 3618
60.4122917701
K= 3619
3684.90909091
K= 3620
55.6143862014
K= 3621
7151.6
K= 3622
7151.46666667
K= 3623
7151.77492877
K= 3624
7151.86542443
K= 3625
98.2938364989
K= 3626
7445.0
K= 3627
7446.0
K= 3628
836.927833617
K= 3629
7151.85714286
K= 3630
5245.80374712
K= 3631
7151.88
K= 3632
7445.0
K= 3633
5214.57917669
K= 3634
7152.86542443
K= 3635
7150.0
K= 3636
32.5718039612
K= 3637
22.2512237763
K= 3638
65.8415299715
K= 3639
7151.58333333
K= 3640
871.901834521
K= 3641
3750.29620443
K= 3642
5786.03682952
K= 3643
3786.0
K= 3644
43.2260295069
K= 3645
34.3090546308
K= 3646
7445.0
K= 3647
30703.2478068
K= 3648
7446.0
K= 3649
793.511456978
K= 3650
7153.0
K= 3651
7445.0
K= 3652
7445.0
K= 3653
986.900977838
K= 3654
3683.6
K= 3655
7151.33333333
K= 3656
7445.0
K= 3657
7148.57777778
K= 3658
3556.25
K= 3659
314.844073219
K= 3660
3975.0
K= 3661
118.119362303
K= 3662
7445.0
K= 3663
3727.0
K= 3664
7145.00779221
K= 3665
32.2637328811
K= 3666
44.5024475525
K= 3667
7445.0
K= 3668
7446.0
K= 3669
3769.57272727
K= 3670
5261.48978637
K= 3671
3192.12447747
K= 3672
332.066020248
K= 3673
3975.0
K= 3674
3974.33333333
K= 3675
7445.0
K= 3676
11162.9850746
K= 3677
45.1133586748
K= 3678
3426.69450502
K= 3679
10572.5
K= 3680
49.9497496772
K= 3681
44.3952151574
K= 3682
7153.0
K= 3683
3440.76648606
K= 3684
11212.5833333
K= 3685
7445.0
K= 3686
26.3949267769
K= 3687
3949.0
K= 3688
3975.0
K= 3689
62.0554290928
K= 3690
5359.41335276
K= 3691
763.720051564
K= 3692
1015.84635236
K= 3693
3556.25
K= 3694
40.7373633317
K= 3695
3991.72917976
K= 3696
5561.26402798
K= 3697
7445.0
K= 3698
7445.0
K= 3699
41.9661252031
K= 3700
7152.0
K= 3701
7151.66666667
K= 3702
7152.71428571
K= 3703
539.198352717
K= 3704
30.5774230568
K= 3705
7445.0
K= 3706
4077.0
K= 3707
3746.0
K= 3708
7151.79096774
K= 3709
60.400345379
K= 3710
767.54124857
K= 3711
579.531962482
K= 3712
823.868682725
K= 3713
3759.00566378
K= 3714
7152.0
K= 3715
4007.64892647
K= 3716
39.321377632
K= 3717
7444.0
K= 3718
59.1884371783
K= 3719
7446.0
K= 3720
116.427276102
K= 3721
22.4072251359
K= 3722
7151.86542443
K= 3723
632.531252019
K= 3724
717.091286548
K= 3725
7445.0
K= 3726
769.199703085
K= 3727
722.098059305
K= 3728
3421.58339391
K= 3729
807.73828585
K= 3730
27.1307632294
K= 3731
67.6895437976
K= 3732
7151.46666667
K= 3733
7151.95238095
K= 3734
7445.0
K= 3735
278.646962582
K= 3736
7167.63970588
K= 3737
807.041268595
K= 3738
7165.66666667
K= 3739
7446.0
K= 3740
7445.0
K= 3741
7445.0
K= 3742
5213.78473225
K= 3743
7151.1
K= 3744
3490.0
K= 3745
5227.47917669
K= 3746
118.838279907
K= 3747
5227.37997034
K= 3748
36.6663578073
K= 3749
302.280049447
K= 3750
3749.67857143
K= 3751
7445.0
K= 3752
41.5494533307
K= 3753
7151.60292581
K= 3754
4086.41666667
K= 3755
7445.0
K= 3756
29.7424794952
K= 3757
7445.0
K= 3758
7446.0
K= 3759
6946.07759649
K= 3760
30595.8264661
K= 3761
7445.0
K= 3762
282.853168668
K= 3763
7151.86363636
K= 3764
3975.0
K= 3765
5221.11293511
K= 3766
3786.0
K= 3767
7445.0
K= 3768
5307.1462846
K= 3769
564.000869375
K= 3770
21.9280718926
K= 3771
44.7494006723
K= 3772
32.7026521929
K= 3773
7152.66666667
K= 3774
7445.0
K= 3775
3423.06891576
K= 3776
244.861430269
K= 3777
3752.09275362
K= 3778
7151.58333333
K= 3779
25.3818897274
K= 3780
301.66728921
K= 3781
7445.0
K= 3782
3500.36111111
K= 3783
3426.86810714
K= 3784
7153.0
K= 3785
3975.0
K= 3786
7151.74089069
K= 3787
49.8238725115
K= 3788
29.8827538383
K= 3789
848.172731535
K= 3790
3556.25
K= 3791
7153.0
K= 3792
26.3790043292
K= 3793
321.385471625
K= 3794
736.575607304
K= 3795
7445.0
K= 3796
98.7534974876
K= 3797
7159.34462132
K= 3798
7445.0
K= 3799
7161.77976191
K= 3800
7445.0
K= 3801
7445.0
K= 3802
34.0287512385
K= 3803
7446.0
K= 3804
517.063646068
K= 3805
91.1701178702
K= 3806
3751.48888889
K= 3807
3746.08333333
K= 3808
794.173609212
K= 3809
792.300956486
K= 3810
7446.0
K= 3811
7445.0
K= 3812
750.775590522
K= 3813
6654.43292624
K= 3814
28.4929311334
K= 3815
5838.74233491
K= 3816
5270.75038018
K= 3817
866.799843086
K= 3818
7445.0
K= 3819
7151.78974359
K= 3820
7151.89473684
K= 3821
7445.0
K= 3822
45.825503764
K= 3823
7446.0
K= 3824
3483.66666667
K= 3825
7446.0
K= 3826
86.7104473845
K= 3827
7163.26159764
K= 3828
766.609041534
K= 3829
14303.0285714
K= 3830
22.3855006609
K= 3831
7445.0
K= 3832
7147.5
K= 3833
7152.43333333
K= 3834
493.688446017
K= 3835
7150.95390374
K= 3836
73.6416271902
K= 3837
7445.0
K= 3838
7151.86542443
K= 3839
14572.5
K= 3840
104.010754396
K= 3841
7445.0
K= 3842
7446.0
K= 3843
7152.46666667
K= 3844
5259.13603038
K= 3845
7445.0
K= 3846
7445.0
K= 3847
7445.0
K= 3848
4066.43611111
K= 3849
42.4167102315
K= 3850
7152.0
K= 3851
7150.93023256
K= 3852
7445.0
K= 3853
126.150840166
K= 3854
109.156098913
K= 3855
7445.0
K= 3856
7445.0
K= 3857
40.3635584449
K= 3858
763.720051564
K= 3859
5214.55417669
K= 3860
7445.0
K= 3861
55.988952294
K= 3862
7153.0
K= 3863
1009.30498239
K= 3864
739.208096751
K= 3865
4044.15
K= 3866
7446.0
K= 3867
65.8220152396
K= 3868
750.271147875
K= 3869
7153.0
K= 3870
7289.25
K= 3871
24.5405816117
K= 3872
7151.85026738
K= 3873
3786.0
K= 3874
767.713214236
K= 3875
21.9280718926
K= 3876
7445.0
K= 3877
7445.0
K= 3878
7445.0
K= 3879
95.8255407324
K= 3880
84.0247930174
K= 3881
56.5869041709
K= 3882
7153.4
K= 3883
3975.0
K= 3884
37247.8814599
K= 3885
7445.0
K= 3886
65.8220152396
K= 3887
144.662174982
K= 3888
442.44685614
K= 3889
62.1031935029
K= 3890
7445.0
K= 3891
7445.0
K= 3892
7151.66666667
K= 3893
63.4953041947
K= 3894
53.0940574487
K= 3895
449.151288245
K= 3896
7152.0
K= 3897
3494.86403509
K= 3898
369.577145004
K= 3899
471.454380481
K= 3900
7446.0
K= 3901
3749.92857143
K= 3902
7153.0
K= 3903
7445.0
K= 3904
25.2446266138
K= 3905
7172.52171575
K= 3906
7445.0
K= 3907
7501.08888889
K= 3908
7446.0
K= 3909
4062.75833333
K= 3910
7151.1
K= 3911
793.577774493
K= 3912
54.0164138195
K= 3913
7445.0
K= 3914
7445.0
K= 3915
7455.65819964
K= 3916
7445.0
K= 3917
7150.58333333
K= 3918
3786.0
K= 3919
7151.66666667
K= 3920
860.353800407
K= 3921
268.565122542
K= 3922
466.446861097
K= 3923
318.628014246
K= 3924
7151.66666667
K= 3925
26.2369894094
K= 3926
7388.42070707
K= 3927
7158.0
K= 3928
51.0672812494
K= 3929
602.15426916
K= 3930
43.3431465817
K= 3931
7151.58333333
K= 3932
25.3818897274
K= 3933
66.2387626003
K= 3934
7445.0
K= 3935
7445.0
K= 3936
7445.0
K= 3937
3745.11026634
K= 3938
241.0686356
K= 3939
7151.66666667
K= 3940
3746.0
K= 3941
7446.0
K= 3942
7445.0
K= 3943
659.984124826
K= 3944
29.1753684191
K= 3945
7151.66666667
K= 3946
3683.3
K= 3947
7445.0
K= 3948
763.584600049
K= 3949
7445.0
K= 3950
7446.0
K= 3951
59.7458756219
K= 3952
7161.44642857
K= 3953
7445.0
K= 3954
7445.0
K= 3955
3751.975
K= 3956
7151.86542443
K= 3957
83.4332383019
K= 3958
7151.89473684
K= 3959
3556.25
K= 3960
7446.0
K= 3961
7445.0
K= 3962
921.615834019
K= 3963
1934.98363326
K= 3964
7445.0
K= 3965
7152.0
K= 3966
7445.0
K= 3967
722.358751104
K= 3968
158.450952572
K= 3969
789.720271862
K= 3970
61.9497238095
K= 3971
7445.0
K= 3972
7445.0
K= 3973
52.4002474872
K= 3974
31.8767610907
K= 3975
7151.66666667
K= 3976
7445.0
K= 3977
3507.66666667
K= 3978
57.1010433612
K= 3979
7151.71428571
K= 3980
7445.0
K= 3981
7445.0
K= 3982
7445.0
K= 3983
25.0408750642
K= 3984
7151.8
K= 3985
22.4072251359
K= 3986
7151.33333333
K= 3987
7445.0
K= 3988
27.8010182523
K= 3989
7445.0
K= 3990
7151.94915254
K= 3991
3750.26190476
K= 3992
7445.0
K= 3993
35.9314442815
K= 3994
7445.0
K= 3995
7445.0
K= 3996
7446.0
K= 3997
283.23338971
K= 3998
7445.0
K= 3999
469.023809524
K= 4000
7152.60714286
K= 4001
7151.1
K= 4002
7445.0
K= 4003
7454.92941176
K= 4004
81.519202203
K= 4005
7445.0
K= 4006
7151.34065934
K= 4007
7449.42857143
K= 4008
90.3462698578
K= 4009
7153.0
K= 4010
5341.60407246
K= 4011
7151.6285435
K= 4012
7146.92105263
K= 4013
3443.41666667
K= 4014
3490.0
K= 4015
7445.0
K= 4016
7445.0
K= 4017
7446.0
K= 4018
4110.65714286
K= 4019
7445.0
K= 4020
738.788255676
K= 4021
5231.83631955
K= 4022
7446.0
K= 4023
3759.6261013
K= 4024
3556.25
K= 4025
314.058327199
K= 4026
7446.0
K= 4027
10570.4927536
K= 4028
23.8949519622
K= 4029
7445.0
K= 4030
45.0690205961
K= 4031
7625.71890893
K= 4032
777.57859015
K= 4033
23.3738497484
K= 4034
7446.0
K= 4035
30556.2292134
K= 4036
3443.25
K= 4037
7445.0
K= 4038
7444.0
K= 4039
7445.0
K= 4040
7445.0
K= 4041
3556.25
K= 4042
7151.83333333
K= 4043
7445.0
K= 4044
3949.60644329
K= 4045
7151.66666667
K= 4046
117.729358398
K= 4047
5488.08479578
K= 4048
3560.87468418
K= 4049
27.8010182523
K= 4050
7445.0
K= 4051
11269.1665194
K= 4052
3975.0
K= 4053
3975.0
K= 4054
61.1225423138
K= 4055
7445.0
K= 4056
784.16386073
K= 4057
7445.0
K= 4058
7152.46666667
K= 4059
4536.61999686
K= 4060
7446.0
K= 4061
88.0919824766
K= 4062
7445.0
K= 4063
7162.59875776
K= 4064
3975.0
K= 4065
831.713503616
K= 4066
7445.0
K= 4067
26.8881937668
K= 4068
7446.0
K= 4069
5351.5494546
K= 4070
7446.0
K= 4071
7151.12941176
K= 4072
7445.0
K= 4073
7444.10363636
K= 4074
7445.0
K= 4075
1155.53692831
K= 4076
48.5049607602
K= 4077
102.25803462
K= 4078
7445.0
K= 4079
7445.0
K= 4080
7445.0
K= 4081
31.3317953313
K= 4082
21.3288197508
K= 4083
890.399983938
K= 4084
7445.0
K= 4085
71.419881739
K= 4086
4333.43590942
K= 4087
7445.0
K= 4088
7445.0
K= 4089
7445.0
K= 4090
3990.0
K= 4091
3602.97521363
K= 4092
7445.0
K= 4093
7152.5
K= 4094
831.713503616
K= 4095
7445.0
K= 4096
7151.33333333
K= 4097
363.668265207
K= 4098
7445.0
K= 4099
23.2265551847
K= 4100
23.8484638599
K= 4101
7451.33333333
K= 4102
32.0091246935
K= 4103
3758.71980526
K= 4104
580.765079365
K= 4105
7456.00238095
K= 4106
7445.0
K= 4107
84.2167053113
K= 4108
7142.33333333
K= 4109
7446.0
K= 4110
804.744742927
K= 4111
7445.6487013
K= 4112
702.737135521
K= 4113
69.5368557575
K= 4114
7152.0
K= 4115
7445.0
K= 4116
3744.96603252
K= 4117
38.0040851608
K= 4118
7445.0
K= 4119
3748.26230159
K= 4120
14888.0
K= 4121
3433.66666667
K= 4122
348.460733384
K= 4123
62.1554670865
K= 4124
7445.0
K= 4125
3443.25
K= 4126
46.4169349128
K= 4127
7446.0
K= 4128
7445.0
K= 4129
3415.5
K= 4130
7445.0
K= 4131
7445.0
K= 4132
635.009817969
K= 4133
7445.0
K= 4134
7445.0
K= 4135
7446.0
K= 4136
7446.0
K= 4137
7446.0
K= 4138
7445.0
K= 4139
41.9822128508
K= 4140
53.2097892382
K= 4141
7446.0
K= 4142
3975.0
K= 4143
3463.21403509
K= 4144
7445.0
K= 4145
7445.0
K= 4146
7151.34210526
K= 4147
7445.0
K= 4148
7445.0
K= 4149
3556.25
K= 4150
7445.0
K= 4151
10894.6666667
K= 4152
26.634773809
K= 4153
23.3738497484
K= 4154
5214.57917669
K= 4155
306.35576589
K= 4156
7495.41512422
K= 4157
5425.96548833
K= 4158
7158.14449953
K= 4159
3766.35119048
K= 4160
7122.0
K= 4161
163.177405662
K= 4162
7445.0
K= 4163
3683.5
K= 4164
7446.0
K= 4165
7152.0
K= 4166
7445.0
K= 4167
7445.0
K= 4168
4007.64892647
K= 4169
295.456435099
K= 4170
94.7326785864
K= 4171
278.181837117
K= 4172
11157.0
K= 4173
7151.92982456
K= 4174
7445.0
K= 4175
774.840275878
K= 4176
145.203828273
K= 4177
7445.0
K= 4178
7445.0
K= 4179
7445.0
K= 4180
753.728770109
K= 4181
753.728770109
K= 4182
18599.0
K= 4183
7445.0
K= 4184
1934.98363326
K= 4185
53.5352269504
K= 4186
7446.0
K= 4187
788.345061256
K= 4188
7445.0
K= 4189
71.7859282014
K= 4190
43.084002743
K= 4191
7445.0
K= 4192
731.684749855
K= 4193
3746.34761905
K= 4194
79.638008693
K= 4195
3975.0
K= 4196
58.0249865171
K= 4197
7152.46666667
K= 4198
103.186179327
K= 4199
815.622514113
K= 4200
770.487040006
K= 4201
40.5715606802
K= 4202
67.1929487414
K= 4203
7445.0
K= 4204
124.416641688
K= 4205
7445.0
K= 4206
7122.0
K= 4207
65.6926816164
K= 4208
7446.0
K= 4209
26144.55
K= 4210
7445.0
K= 4211
7151.15555556
K= 4212
7152.5
K= 4213
3490.0
K= 4214
67.1589216203
K= 4215
7445.0
K= 4216
7445.0
K= 4217
7151.8422619
K= 4218
234.910147224
K= 4219
7445.0
K= 4220
7152.0
K= 4221
10571.0
K= 4222
55.892819769
K= 4223
7445.0
K= 4224
3749.28095238
K= 4225
7445.0
K= 4226
298.762706359
K= 4227
7151.85026738
K= 4228
7445.0
K= 4229
32.2530077256
K= 4230
809.06385133
K= 4231
5349.17109119
K= 4232
3960.99845656
K= 4233
7445.0
K= 4234
142.68110908
K= 4235
843.168590176
K= 4236
144.395756018
K= 4237
4007.64934597
K= 4238
226.542816124
K= 4239
48.061610373
K= 4240
57.6813350173
K= 4241
30657.7557972
K= 4242
535.666460945
K= 4243
5247.57767109
K= 4244
3749.3043623
K= 4245
740.416260162
K= 4246
60.1947377413
K= 4247
7445.0
K= 4248
141.46770499
K= 4249
7445.0
K= 4250
7445.0
K= 4251
7445.0
K= 4252
7445.0
K= 4253
7445.0
K= 4254
3975.0
K= 4255
7445.0
K= 4256
7445.0
K= 4257
3704.14934597
K= 4258
7445.0
K= 4259
5211.77679574
K= 4260
7445.0
K= 4261
3752.1
K= 4262
7152.25
K= 4263
3780.34285714
K= 4264
7444.0
K= 4265
7445.0
K= 4266
58.0971307182
K= 4267
7445.0
K= 4268
7445.0
K= 4269
7445.0
K= 4270
801.985567021
K= 4271
7445.0
K= 4272
7446.0
K= 4273
7445.0
K= 4274
3556.25
K= 4275
48.6827992823
K= 4276
34.5583981769
K= 4277
3960.5
K= 4278
25.5270661807
K= 4279
7445.0
K= 4280
3443.25
K= 4281
25.8250716198
K= 4282
14892.0
K= 4283
69.7685890663
K= 4284
7445.0
K= 4285
31.3829856839
K= 4286
5769.69612105
K= 4287
7464.43333333
K= 4288
7445.0
K= 4289
30510.5192634
K= 4290
749.960558389
K= 4291
64.17070982
K= 4292
37.3867074393
K= 4293
30545.17885
K= 4294
200.514481719
K= 4295
7445.0
K= 4296
7152.0
K= 4297
7446.0
K= 4298
7445.0
K= 4299
4066.74637681
K= 4300
799.059301525
K= 4301
3424.03859702
K= 4302
3749.42344322
K= 4303
7161.66666667
K= 4304
3777.66926293
K= 4305
300.71183855
K= 4306
65.0769811026
K= 4307
52.6022929254
K= 4308
7445.0
K= 4309
522.178718217
K= 4310
7152.0
K= 4311
21.9604881341
K= 4312
3975.0
K= 4313
25.4564097815
K= 4314
78.8567592972
K= 4315
7445.0
K= 4316
7445.0
K= 4317
7445.0
K= 4318
65.8220152396
K= 4319
56.5848686388
K= 4320
7445.0
K= 4321
7151.0
K= 4322
5229.33274812
K= 4323
42.9858550639
K= 4324
68.6570773248
K= 4325
5211.44079285
K= 4326
3447.87468418
K= 4327
754.688446017
K= 4328
83.7392973485
K= 4329
36.1971130222
K= 4330
118.035389496
K= 4331
7445.0
K= 4332
7445.0
K= 4333
162.177544706
K= 4334
7445.0
K= 4335
7445.0
K= 4336
5345.58922892
K= 4337
62.7281859075
K= 4338
7170.28360071
K= 4339
7152.3
K= 4340
7445.0
K= 4341
4075.76746032
K= 4342
3786.0
K= 4343
7445.0
K= 4344
7446.0
K= 4345
24.8733286099
K= 4346
71.3825089869
K= 4347
3970.48737374
K= 4348
7445.0
K= 4349
7445.0
K= 4350
485.486065994
K= 4351
49.4161939255
K= 4352
120.822721528
K= 4353
7445.0
K= 4354
7445.0
K= 4355
7445.0
K= 4356
7446.0
K= 4357
684.098059305
K= 4358
111.660230527
K= 4359
168.839739277
K= 4360
3854.06074257
K= 4361
33.0428027567
K= 4362
7445.0
K= 4363
14949.1335457
K= 4364
3683.92592593
K= 4365
3727.0
K= 4366
68.171673506
K= 4367
5377.02399882
K= 4368
840.110032951
K= 4369
40.1492435981
K= 4370
7445.0
K= 4371
791.032037007
K= 4372
251.11481442
K= 4373
3423.95640428
K= 4374
499.833544184
K= 4375
7445.0
K= 4376
168.036977799
K= 4377
7445.0
K= 4378
856.740508658
K= 4379
7445.0
K= 4380
11170.4
K= 4381
7445.0
K= 4382
4103.4852381
K= 4383
25.0623174326
K= 4384
22403.2857143
K= 4385
7445.0
K= 4386
3749.19761905
K= 4387
775.169216326
K= 4388
816.356655055
K= 4389
7445.0
K= 4390
200.826840973
K= 4391
27.8010182523
K= 4392
30553.622065
K= 4393
80.6005004235
K= 4394
3494.85026738
K= 4395
7445.0
K= 4396
7446.0
K= 4397
7445.0
K= 4398
7445.0
K= 4399
7445.0
K= 4400
88.3172586081
K= 4401
7151.5
K= 4402
7446.0
K= 4403
115.638967118
K= 4404
7446.0
K= 4405
7151.89473684
K= 4406
23.8484638599
K= 4407
7445.0
K= 4408
3552.82142857
K= 4409
7445.0
K= 4410
7445.0
K= 4411
7445.0
K= 4412
11157.0
K= 4413
30.7663408448
K= 4414
7446.0
K= 4415
7445.0
K= 4416
3851.99845656
K= 4417
3749.16428571
K= 4418
7445.0
K= 4419
286.484092838
K= 4420
312.28099595
K= 4421
104.178175411
K= 4422
7151.0
K= 4423
3746.31384471
K= 4424
29.5618023823
K= 4425
7445.0
K= 4426
7445.0
K= 4427
7152.25
K= 4428
7445.0
K= 4429
7151.85026738
K= 4430
3490.0
K= 4431
63.9437668361
K= 4432
7453.58333333
K= 4433
11157.0
K= 4434
5295.49648334
K= 4435
7151.89473684
K= 4436
3750.26190476
K= 4437
196.399533353
K= 4438
4038.44285714
K= 4439
7445.0
K= 4440
75.0841316986
K= 4441
7446.0
K= 4442
1172.81003488
K= 4443
27.5938054672
K= 4444
27.4099820345
K= 4445
7445.0
K= 4446
3556.25
K= 4447
7445.0
K= 4448
511.48671823
K= 4449
7446.0
K= 4450
7152.46666667
K= 4451
40.1142838248
K= 4452
2674.96293416
K= 4453
7173.0
K= 4454
7446.0
K= 4455
145.694979044
K= 4456
7445.0
K= 4457
5245.6643919
K= 4458
7445.0
K= 4459
31.3622570008
K= 4460
7445.0
K= 4461
5374.2320849
K= 4462
355.868107142
K= 4463
7146.5
K= 4464
7163.86125541
K= 4465
5215.65774812
K= 4466
21.496896571
K= 4467
7151.0
K= 4468
7152.46666667
K= 4469
7445.0
K= 4470
3727.0
K= 4471
5253.82371382
K= 4472
7445.0
K= 4473
79.4538245576
K= 4474
26.7905816117
K= 4475
7445.0
K= 4476
214.768903796
K= 4477
3975.0
K= 4478
18578.0
K= 4479
62.0447379982
K= 4480
7445.0
K= 4481
7445.0
K= 4482
5353.56874466
K= 4483
7445.0
K= 4484
7151.0
K= 4485
3420.0
K= 4486
539.157899177
K= 4487
65.8220152396
K= 4488
5231.66311868
K= 4489
7445.0
K= 4490
5247.0623038
K= 4491
833.414616013
K= 4492
4064.02934735
K= 4493
7516.86426025
K= 4494
24.9700407726
K= 4495
7445.0
K= 4496
225.34969108
K= 4497
5671.29735977
K= 4498
8520.61223185
K= 4499
7152.0
K= 4500
7151.3
K= 4501
3418.87911629
K= 4502
505.252552986
K= 4503
3748.32924837
K= 4504
86.1788826468
K= 4505
3749.92857143
K= 4506
7162.54404762
K= 4507
80.7298698584
K= 4508
7445.0
K= 4509
7445.0
K= 4510
3975.0
K= 4511
7445.0
K= 4512
7444.36666667
K= 4513
7445.0
K= 4514
31.4251837106
K= 4515
7445.0
K= 4516
7445.0
K= 4517
22.4072251359
K= 4518
30458.0621182
K= 4519
454.306696538
K= 4520
7445.0
K= 4521
80.1484808954
K= 4522
7152.85026738
K= 4523
7445.0
K= 4524
7446.0
K= 4525
5216.15988765
K= 4526
76.7680965813
K= 4527
722.098059305
K= 4528
117.574797794
K= 4529
37.0098289733
K= 4530
1540.69194461
K= 4531
7445.0
K= 4532
7445.0
K= 4533
28.2170104324
K= 4534
25.5193879071
K= 4535
7445.0
K= 4536
7445.0
K= 4537
7456.66666667
K= 4538
42.5712199691
K= 4539
7445.0
K= 4540
797.301537717
K= 4541
7445.0
K= 4542
71.0064724858
K= 4543
7511.98451548
K= 4544
3818.25
K= 4545
7445.0
K= 4546
7445.0
K= 4547
7446.0
K= 4548
7445.0
K= 4549
223.588745852
K= 4550
40.9088729916
K= 4551
3975.0
K= 4552
3971.74845656
K= 4553
3984.94207811
K= 4554
551.618467644
K= 4555
7444.10714286
K= 4556
7165.48484849
K= 4557
7446.0
K= 4558
555.495214191
K= 4559
7445.0
K= 4560
3975.0
K= 4561
7445.0
K= 4562
7445.0
K= 4563
3978.08359411
K= 4564
7445.0
K= 4565
109.904235775
K= 4566
7445.0
K= 4567
92.0366633683
K= 4568
7222.0
K= 4569
3443.25
K= 4570
3975.0
K= 4571
260.728349
K= 4572
7446.0
K= 4573
10532.0
K= 4574
3975.0
K= 4575
30618.3627787
K= 4576
5101.38366042
K= 4577
7445.0
K= 4578
3975.0
K= 4579
5218.87916592
K= 4580
11156.0
K= 4581
26.5061909293
K= 4582
7445.0
K= 4583
7445.0
K= 4584
87.1320617222
K= 4585
3918.11294733
K= 4586
50.4870320186
K= 4587
5212.31251002
K= 4588
1579.37733863
K= 4589
7445.0
K= 4590
122.096951406
K= 4591
30537.4762654
K= 4592
30.486721975
K= 4593
3766.69047619
K= 4594
130.055798368
K= 4595
7445.0
K= 4596
289.00527343
K= 4597
7445.0
K= 4598
3448.6949106
K= 4599
3751.61111111
K= 4600
7446.0
K= 4601
24.5328966286
K= 4602
7445.0
K= 4603
46.0524119195
K= 4604
3490.14449953
K= 4605
7152.79661017
K= 4606
7445.0
K= 4607
7226.0
K= 4608
48.3962449497
K= 4609
7446.0
K= 4610
7445.0
K= 4611
7152.0
K= 4612
7444.10714286
K= 4613
3556.25
K= 4614
21.496896571
K= 4615
852.528862151
K= 4616
22.3455770004
K= 4617
7445.0
Betweenness Centrality Improvement
[    0.           0.           0.       ...,    22.345577  7445.           0.      ]
Top 20 BC Improvement
[3884 3647 4241 4575 3760 4035 4392 4293 4591 4289 4518 4209 4384 4182 4478
 4363 4282 4120 3839 3829]
Top 20 BC Improvement
[ 37247.88145988  30703.24780676  30657.75579722  30618.36277868
  30595.82646612  30556.22921342  30553.62206501  30545.17885003
  30537.47626539  30510.51926336  30458.06211824  26144.55        22403.28571429
  18599.          18578.          14949.13354573  14892.          14888.
  14572.5         14303.02857143]
