txValue= 1000000
IGRAPH D--- 4619 68733 -- 
+ attr: pub_key (v), base_fee (e), capacity (e), fee_rate (e), txCost (e)
None
IGRAPH D--- 4619 50297 -- 
+ attr: pub_key (v), base_fee (e), capacity (e), fee_rate (e), txCost (e)
None
Our nodes starting connections: 
(4618, 2796)
(4618, 1223)
(4618, 1163)
K= 1200
7225.75
K= 1201
7366.9
K= 1202
7493.09632035
K= 1203
7225.85748792
K= 1204
3745.62777778
K= 1205
7362.5
K= 1206
37.9527048873
K= 1207
7225.0
K= 1208
7224.80645161
K= 1209
200.901545468
K= 1210
55.8480227662
K= 1211
27.7769907347
K= 1212
41.1006496254
K= 1213
691.208415938
K= 1214
3749.08333333
K= 1215
673.987068848
K= 1216
7220.5
K= 1217
10954.3333333
K= 1218
33.9833350505
K= 1219
5277.5926794
K= 1220
28.9767697579
K= 1221
7214.16666667
K= 1222
7225.0
K= 1223
451.323012252
K= 1224
41.1922673901
K= 1225
16.5000000001
K= 1226
7445.0
K= 1227
7445.0
K= 1228
531.32842895
K= 1229
7445.0
K= 1230
47.5705708355
K= 1231
46.2536780522
K= 1232
3304.83333333
K= 1233
18.5111483599
K= 1234
7225.0
K= 1235
7224.82978723
K= 1236
5263.13982116
K= 1237
7445.0
K= 1238
7225.0
K= 1239
7224.70833333
K= 1240
646.601695634
K= 1241
756.715595724
K= 1242
7225.34210526
K= 1243
10956.5
K= 1244
7226.0
K= 1245
7445.0
K= 1246
3747.9
K= 1247
5398.5580912
K= 1248
7224.95833333
K= 1249
43.8689401004
K= 1250
40.2356390958
K= 1251
7226.0
K= 1252
43.0171999621
K= 1253
7224.81092437
K= 1254
7446.0
K= 1255
7445.0
K= 1256
7362.66666667
K= 1257
31.2469996242
K= 1258
7225.70731707
K= 1259
7446.0
K= 1260
50.7811037358
K= 1261
633.135068668
K= 1262
7224.51428571
K= 1263
20.9151305265
K= 1264
3917.97595238
K= 1265
58.3529822393
K= 1266
7225.6
K= 1267
5294.77586788
K= 1268
5319.1033227
K= 1269
7225.46666667
K= 1270
7445.0
K= 1271
107.520186915
K= 1272
7364.19761905
K= 1273
1882.79674122
K= 1274
7225.46666667
K= 1275
58.5576087616
K= 1276
629.242347439
K= 1277
3985.14555556
K= 1278
174.395716178
K= 1279
505.998921913
K= 1280
199.33080748
K= 1281
7224.14040404
K= 1282
7362.5
K= 1283
7225.0
K= 1284
7225.46666667
K= 1285
273.308326721
K= 1286
7224.4
K= 1287
7224.46666667
K= 1288
7224.33333333
K= 1289
3736.95500684
K= 1290
7225.55555556
K= 1291
401.128703773
K= 1292
7224.3
K= 1293
7225.58333333
K= 1294
19.0870906516
K= 1295
3499.53599655
K= 1296
7226.0
K= 1297
7446.0
K= 1298
3629.5
K= 1299
5300.51308405
K= 1300
41.4588624651
K= 1301
7224.6
K= 1302
633.497230517
K= 1303
7226.0
K= 1304
5256.68982116
K= 1305
3745.23459596
K= 1306
3745.318869
K= 1307
3652.0
K= 1308
35.8333625754
K= 1309
7224.88
K= 1310
7224.8604119
K= 1311
54.5395039293
K= 1312
3844.0540404
K= 1313
7225.46666667
K= 1314
3496.60718308
K= 1315
3567.74977817
K= 1316
255.024945695
K= 1317
68.1832398736
K= 1318
272.859034304
K= 1319
7446.0
K= 1320
27871.8609661
K= 1321
1040.61311315
K= 1322
7225.0
K= 1323
7223.33333333
K= 1324
7362.0
K= 1325
7225.0
K= 1326
454.004580162
K= 1327
121.098768925
K= 1328
1446.75291762
K= 1329
7445.0
K= 1330
3743.16073552
K= 1331
7224.75
K= 1332
644.807977718
K= 1333
18.8256412458
K= 1334
3969.45206183
K= 1335
178.95423053
K= 1336
47.5705708355
K= 1337
725.683518655
K= 1338
26.1092704014
K= 1339
3628.5
K= 1340
7225.46666667
K= 1341
7225.2
K= 1342
7223.95454545
K= 1343
7445.0
K= 1344
650.499002892
K= 1345
7446.0
K= 1346
7223.46666667
K= 1347
7445.0
K= 1348
422.832514551
K= 1349
7223.7
K= 1350
35.9893346245
K= 1351
72.4490951839
K= 1352
358.296426856
K= 1353
3894.74581216
K= 1354
21.6072482782
K= 1355
7225.0
K= 1356
57.2664708563
K= 1357
3567.46666667
K= 1358
49.426043365
K= 1359
116.022082876
K= 1360
7363.0
K= 1361
7445.0
K= 1362
14430.8333333
K= 1363
5261.30648783
K= 1364
3747.18235294
K= 1365
7363.66666667
K= 1366
7225.46666667
K= 1367
61.4045247654
K= 1368
7225.3
K= 1369
7226.0
K= 1370
100.703739634
K= 1371
34.3986520922
K= 1372
225.289760144
K= 1373
7213.16666667
K= 1374
7446.0
K= 1375
7225.0
K= 1376
37.4759897046
K= 1377
5307.37790562
K= 1378
18.5635632375
K= 1379
29.7085094237
K= 1380
7224.80645161
K= 1381
7481.84832936
K= 1382
663.498323045
K= 1383
75.306068355
K= 1384
7224.25
K= 1385
642.682223849
K= 1386
7224.33333333
K= 1387
7446.0
K= 1388
7218.0
K= 1389
7445.0
K= 1390
3896.57797765
K= 1391
7445.0
K= 1392
659.774862935
K= 1393
7446.0
K= 1394
77.2204465773
K= 1395
5266.97424083
K= 1396
7225.41091954
K= 1397
140.468098064
K= 1398
7223.75
K= 1399
7362.5
K= 1400
7361.71428571
K= 1401
3629.5
K= 1402
7224.5862069
K= 1403
3568.0
K= 1404
7362.75
K= 1405
40.954193022
K= 1406
3748.68360071
K= 1407
26.0871247669
K= 1408
7445.0
K= 1409
7225.0
K= 1410
7362.5
K= 1411
7225.0
K= 1412
7446.0
K= 1413
3567.84615385
K= 1414
7128.175
K= 1415
357.999348292
K= 1416
649.036130289
K= 1417
28.8400803522
K= 1418
7225.71428571
K= 1419
57.7673406671
K= 1420
5391.41846806
K= 1421
7225.33333333
K= 1422
7165.33543124
K= 1423
7223.42857143
K= 1424
7225.5
K= 1425
54.1905757295
K= 1426
7165.33543124
K= 1427
3720.20364358
K= 1428
7225.35714286
K= 1429
7226.0
K= 1430
46.3439590449
K= 1431
7225.46666667
K= 1432
5281.11649618
K= 1433
47.8347801151
K= 1434
7223.58333333
K= 1435
7224.83333333
K= 1436
7225.16666667
K= 1437
7227.05714286
K= 1438
7224.0
K= 1439
7225.59615385
K= 1440
18702.0
K= 1441
7445.0
K= 1442
7224.93478261
K= 1443
3771.71504265
K= 1444
7224.0
K= 1445
7445.0
K= 1446
3571.67032967
K= 1447
7366.66666667
K= 1448
7360.875
K= 1449
7365.83333333
K= 1450
31.4338496785
K= 1451
5163.03420154
K= 1452
7362.5
K= 1453
5256.04350975
K= 1454
36.1509471997
K= 1455
1558.72994355
K= 1456
7365.6
K= 1457
22.7834906633
K= 1458
7222.85714286
K= 1459
5285.32230716
K= 1460
7225.0
K= 1461
7445.0
K= 1462
79.6589589441
K= 1463
426.94498131
K= 1464
7224.46666667
K= 1465
14448.25
K= 1466
7186.67149826
K= 1467
7225.44444444
K= 1468
7224.43333333
K= 1469
59.1954054006
K= 1470
7224.55555556
K= 1471
7225.66666667
K= 1472
243.895795247
K= 1473
7219.5
K= 1474
7446.0
K= 1475
41.1006496254
K= 1476
51.8652579305
K= 1477
7224.33333333
K= 1478
3891.5
K= 1479
7362.83333333
K= 1480
336.764220397
K= 1481
7225.1
K= 1482
7226.0
K= 1483
22.0367074393
K= 1484
3747.63333333
K= 1485
7445.0
K= 1486
3786.0
K= 1487
3843.41666667
K= 1488
50.4110684717
K= 1489
21.37193035
K= 1490
32.0356807016
K= 1491
41.5565037252
K= 1492
7224.44
K= 1493
53.7558845428
K= 1494
7361.66666667
K= 1495
7193.0
K= 1496
7225.74697674
K= 1497
7362.5
K= 1498
7222.93442623
K= 1499
10956.5777778
K= 1500
7175.58015873
K= 1501
77.4472064858
K= 1502
3982.38809524
K= 1503
7225.7447619
K= 1504
432.788953679
K= 1505
7224.5
K= 1506
7445.0
K= 1507
27.0793394714
K= 1508
11179.0
K= 1509
7362.5
K= 1510
7362.5
K= 1511
7362.8
K= 1512
5163.03420154
K= 1513
3745.49285714
K= 1514
22.2458677113
K= 1515
3629.5
K= 1516
311.42020219
K= 1517
6796.16669251
K= 1518
261.968946748
K= 1519
7225.0
K= 1520
7224.43333333
K= 1521
7362.5
K= 1522
7224.0
K= 1523
188.903919907
K= 1524
38.6616191089
K= 1525
7224.46666667
K= 1526
601.821978022
K= 1527
31.7375709156
K= 1528
417.572042714
K= 1529
1053.94292569
K= 1530
98.5842380608
K= 1531
7224.74637681
K= 1532
7445.0
K= 1533
7225.33333333
K= 1534
7226.0
K= 1535
231.579044281
K= 1536
3970.49845656
K= 1537
45.5673321781
K= 1538
10956.1666667
K= 1539
81.3664324938
K= 1540
76.5054053792
K= 1541
7226.0
K= 1542
7445.0
K= 1543
3747.93067376
K= 1544
38.6363601054
K= 1545
751.163636364
K= 1546
62.7141490054
K= 1547
7446.0
K= 1548
49.4962620139
K= 1549
7445.0
K= 1550
7362.75
K= 1551
247.864209831
K= 1552
10710.5833333
K= 1553
666.102390302
K= 1554
7225.25
K= 1555
7225.59
K= 1556
56.9958258629
K= 1557
568.342131551
K= 1558
124.329011028
K= 1559
7226.0
K= 1560
50.1834698252
K= 1561
7362.5
K= 1562
7365.33333333
K= 1563
3896.96504265
K= 1564
618.61644857
K= 1565
7225.55
K= 1566
3748.83333333
K= 1567
5450.82347273
K= 1568
7446.0
K= 1569
45.1998356249
K= 1570
75.2707609801
K= 1571
7225.46666667
K= 1572
394.642992525
K= 1573
11160.8333333
K= 1574
7222.67857143
K= 1575
7225.5
K= 1576
62.582638975
K= 1577
7446.0
K= 1578
130.065422431
K= 1579
7445.0
K= 1580
235.678600683
K= 1581
7224.2
K= 1582
7224.2965368
K= 1583
7362.5
K= 1584
7362.5
K= 1585
7223.58333333
K= 1586
45.6767241972
K= 1587
5281.45176412
K= 1588
38.0601655704
K= 1589
7224.6
K= 1590
658.310671877
K= 1591
7226.0
K= 1592
7362.5
K= 1593
7225.60714286
K= 1594
7223.92857143
K= 1595
7225.2
K= 1596
7446.0
K= 1597
7446.0
K= 1598
66.2848619957
K= 1599
11179.0
K= 1600
3975.0
K= 1601
7224.14935065
K= 1602
7446.0
K= 1603
70.6715438861
K= 1604
26.9085782348
K= 1605
598.76101074
K= 1606
10718.7308489
K= 1607
3565.0
K= 1608
5290.25093227
K= 1609
7362.5
K= 1610
151.230260741
K= 1611
7224.5
K= 1612
3628.5
K= 1613
47.5059472281
K= 1614
7225.5
K= 1615
7207.33333333
K= 1616
50.4836999085
K= 1617
7225.3
K= 1618
38.3643752949
K= 1619
3759.35347985
K= 1620
25.1645357138
K= 1621
77.2038923078
K= 1622
10727.0726403
K= 1623
7225.5
K= 1624
7361.875
K= 1625
3510.84320367
K= 1626
72.2895916292
K= 1627
7225.34210526
K= 1628
7439.92437508
K= 1629
3747.32380952
K= 1630
7224.58333333
K= 1631
367.76087559
K= 1632
7226.0
K= 1633
7225.85714286
K= 1634
7225.4
K= 1635
29.2230605553
K= 1636
73.039853394
K= 1637
7223.58333333
K= 1638
7226.0
K= 1639
7225.3
K= 1640
49.3210367763
K= 1641
3569.66666667
K= 1642
7222.75
K= 1643
7224.89473684
K= 1644
5256.05648783
K= 1645
3969.45206183
K= 1646
7362.5
K= 1647
7445.0
K= 1648
27904.034028
K= 1649
7445.0
K= 1650
598.76101074
K= 1651
16.5000000001
K= 1652
3956.34013764
K= 1653
7361.5
K= 1654
3725.19736842
K= 1655
3631.85883399
K= 1656
18.5635632375
K= 1657
7225.5
K= 1658
725.345340485
K= 1659
29.8363867744
K= 1660
25.3577154122
K= 1661
7225.25
K= 1662
7225.5
K= 1663
7361.6
K= 1664
7226.0
K= 1665
44.9027789943
K= 1666
7223.82838149
K= 1667
7224.33333333
K= 1668
7225.0
K= 1669
7445.0
K= 1670
5266.87523897
K= 1671
608.510559003
K= 1672
7225.86542443
K= 1673
3746.54444444
K= 1674
7224.46666667
K= 1675
11091.8
K= 1676
142.074198862
K= 1677
5269.43148783
K= 1678
62.8356564238
K= 1679
7225.94444444
K= 1680
7224.99487179
K= 1681
55.2256459492
K= 1682
7224.83333333
K= 1683
7445.0
K= 1684
7225.16666667
K= 1685
47.5221837076
K= 1686
3891.5
K= 1687
4006.40927318
K= 1688
5258.13982116
K= 1689
91.309123099
K= 1690
5265.4826783
K= 1691
33.8965739325
K= 1692
11157.0
K= 1693
155.188006312
K= 1694
7446.0
K= 1695
7445.0
K= 1696
620.597358363
K= 1697
5163.03420154
K= 1698
7445.0
K= 1699
32.0442100656
K= 1700
878.036234299
K= 1701
399.416534406
K= 1702
677.609637039
K= 1703
7165.33543124
K= 1704
7232.19236695
K= 1705
7176.56580157
K= 1706
7225.87545788
K= 1707
3746.73626374
K= 1708
62.6289348794
K= 1709
7225.47368421
K= 1710
3748.95238095
K= 1711
5272.3541709
K= 1712
7224.75
K= 1713
3749.04166667
K= 1714
7445.0
K= 1715
7445.0
K= 1716
7234.48502179
K= 1717
7223.58333333
K= 1718
24.9395357138
K= 1719
5357.6890816
K= 1720
5289.29273381
K= 1721
7445.0
K= 1722
25.115621713
K= 1723
7220.51428571
K= 1724
42.7371013936
K= 1725
636.558189348
K= 1726
663.981149605
K= 1727
7446.0
K= 1728
7362.0
K= 1729
701.756421356
K= 1730
7226.0
K= 1731
7225.25
K= 1732
7225.75524476
K= 1733
83.8030120468
K= 1734
59.1568453424
K= 1735
7224.33333333
K= 1736
3786.0
K= 1737
30.8736180839
K= 1738
7224.51428571
K= 1739
10724.5301587
K= 1740
27.074035993
K= 1741
622.895391051
K= 1742
3565.0
K= 1743
7226.0
K= 1744
47.7416609805
K= 1745
619.599350649
K= 1746
7196.0
K= 1747
3960.223908
K= 1748
27.6951609531
K= 1749
20.3588339939
K= 1750
3748.67777778
K= 1751
32.8409226063
K= 1752
7361.83333333
K= 1753
7227.23846154
K= 1754
7226.0
K= 1755
31.642582637
K= 1756
5258.13982116
K= 1757
661.838838534
K= 1758
7927.99157621
K= 1759
7361.5
K= 1760
27875.2899303
K= 1761
47.6173454422
K= 1762
5478.40321091
K= 1763
7226.0
K= 1764
22.0995632947
K= 1765
7445.0
K= 1766
7365.8
K= 1767
3629.5
K= 1768
3747.41538462
K= 1769
55.1060020708
K= 1770
3498.86810714
K= 1771
3746.91626984
K= 1772
7362.5
K= 1773
7446.0
K= 1774
7445.0
K= 1775
7446.0
K= 1776
1966.77108899
K= 1777
7224.325
K= 1778
7365.5
K= 1779
4015.76693405
K= 1780
705.777859744
K= 1781
7445.0
K= 1782
21.6072482782
K= 1783
51.7693413008
K= 1784
1880.1990189
K= 1785
7223.0
K= 1786
5337.56317938
K= 1787
7165.33543124
K= 1788
135.677761048
K= 1789
7362.5
K= 1790
257.640782618
K= 1791
42.0081825906
K= 1792
7445.0
K= 1793
16.8333333333
K= 1794
7224.71428571
K= 1795
442.942490258
K= 1796
5308.57584586
K= 1797
68.7111550985
K= 1798
7364.9
K= 1799
61.3242762542
K= 1800
7225.0
K= 1801
7362.0
K= 1802
7225.66666667
K= 1803
3749.08333333
K= 1804
32.5205175448
K= 1805
27811.0912914
K= 1806
7224.66666667
K= 1807
7224.46666667
K= 1808
306.759717407
K= 1809
31.5814401177
K= 1810
711.567718855
K= 1811
17.5043650792
K= 1812
7445.0
K= 1813
118.789842782
K= 1814
50.8884274303
K= 1815
50.2162918079
K= 1816
7361.5
K= 1817
5463.21822665
K= 1818
67.5281422286
K= 1819
3499.69450502
K= 1820
14990.8333333
K= 1821
34.6115969562
K= 1822
7445.0
K= 1823
7225.25
K= 1824
3629.5
K= 1825
7446.0
K= 1826
7444.43650794
K= 1827
147.350735368
K= 1828
334.494091113
K= 1829
24.8712626243
K= 1830
7224.86904762
K= 1831
7223.75
K= 1832
6746.13315003
K= 1833
3969.45206183
K= 1834
7445.0
K= 1835
3747.32101183
K= 1836
7446.0
K= 1837
7224.6285435
K= 1838
3505.19113436
K= 1839
53.8454925988
K= 1840
3947.39148469
K= 1841
10989.75
K= 1842
147.211842155
K= 1843
22.9032815418
K= 1844
630.578022769
K= 1845
30.3636064159
K= 1846
7445.0
K= 1847
7445.0
K= 1848
7224.83333333
K= 1849
46.852135925
K= 1850
36.025738899
K= 1851
7362.5
K= 1852
7179.75751634
K= 1853
3638.0
K= 1854
7224.84313725
K= 1855
5468.266404
K= 1856
32.8767613397
K= 1857
3746.96666667
K= 1858
7223.51428571
K= 1859
7225.3
K= 1860
7362.5
K= 1861
7224.1
K= 1862
7224.2
K= 1863
7133.33543124
K= 1864
57.6940269066
K= 1865
633.135068668
K= 1866
97.4540823123
K= 1867
598.76101074
K= 1868
3629.5
K= 1869
304.243442765
K= 1870
7222.71551782
K= 1871
41.1006496253
K= 1872
72.7610843771
K= 1873
7362.5
K= 1874
63.6268476346
K= 1875
7445.0
K= 1876
7223.86666667
K= 1877
68.9018940327
K= 1878
189.890699018
K= 1879
24.6327199311
K= 1880
7224.85714286
K= 1881
7445.0
K= 1882
25.3691976774
K= 1883
19.4738918025
K= 1884
7361.875
K= 1885
3747.42564852
K= 1886
27867.1573415
K= 1887
34.4204555182
K= 1888
18.5111483599
K= 1889
261.856663876
K= 1890
7446.0
K= 1891
3939.85816431
K= 1892
24.2630346093
K= 1893
7225.5
K= 1894
7225.0
K= 1895
3565.0
K= 1896
7193.0
K= 1897
7223.33333333
K= 1898
7226.0
K= 1899
77.1240939198
K= 1900
728.946513363
K= 1901
7362.5
K= 1902
28.0280712391
K= 1903
7226.0
K= 1904
5337.84569649
K= 1905
32.0648179115
K= 1906
7224.69230769
K= 1907
35.0022542751
K= 1908
3746.58125093
K= 1909
71.3641916198
K= 1910
21.1804862183
K= 1911
20.2923079124
K= 1912
59.5992846268
K= 1913
3565.0
K= 1914
7225.89473684
K= 1915
7225.74089069
K= 1916
7233.26944444
K= 1917
7224.86324786
K= 1918
39.2105281533
K= 1919
7241.32437783
K= 1920
3958.48706425
K= 1921
7226.0
K= 1922
3497.27391494
K= 1923
617.208415938
K= 1924
68.1355253257
K= 1925
3748.66666667
K= 1926
7445.0
K= 1927
7224.89473684
K= 1928
5568.26629785
K= 1929
25.97434552
K= 1930
446.770795259
K= 1931
1409.31774885
K= 1932
621.387103394
K= 1933
7445.0
K= 1934
7225.0
K= 1935
652.810212581
K= 1936
7361.5
K= 1937
36.7243740916
K= 1938
48.6200276213
K= 1939
21.6072482782
K= 1940
7224.76470588
K= 1941
7223.88888889
K= 1942
7445.0
K= 1943
3858.0
K= 1944
7224.5
K= 1945
7226.0
K= 1946
22.7507095621
K= 1947
7229.74358974
K= 1948
3927.8135786
K= 1949
52.2347777372
K= 1950
7224.85503685
K= 1951
7445.0
K= 1952
3975.0
K= 1953
7226.0
K= 1954
15.5214285713
K= 1955
3970.49845656
K= 1956
7224.64923077
K= 1957
51.0785628459
K= 1958
636.558189348
K= 1959
7017.15281017
K= 1960
5259.00067716
K= 1961
148.088096955
K= 1962
3747.30357143
K= 1963
35.0568515343
K= 1964
4002.02698413
K= 1965
34.9414623929
K= 1966
7362.5
K= 1967
7361.66666667
K= 1968
3638.0
K= 1969
7445.0
K= 1970
7445.0
K= 1971
237.411695849
K= 1972
7224.33333333
K= 1973
7224.92857143
K= 1974
7225.86363636
K= 1975
7226.0
K= 1976
7370.50549451
K= 1977
7224.94017094
K= 1978
7225.3
K= 1979
7506.51292046
K= 1980
247.05588037
K= 1981
18.9211921621
K= 1982
47.5705708355
K= 1983
10717.3333333
K= 1984
7225.68421053
K= 1985
20.9151305265
K= 1986
7224.66666667
K= 1987
5315.22215077
K= 1988
369.820879069
K= 1989
7225.8422619
K= 1990
3747.63333333
K= 1991
7224.5
K= 1992
3629.5
K= 1993
39.6429049143
K= 1994
7446.0
K= 1995
7225.0
K= 1996
7445.0
K= 1997
94.1178391738
K= 1998
36.8996215282
K= 1999
7445.0
K= 2000
40.72849885
K= 2001
7226.0
K= 2002
7225.4
K= 2003
3629.5
K= 2004
707.226646957
K= 2005
23.1532815418
K= 2006
1109.37759768
K= 2007
7361.5
K= 2008
731.072533022
K= 2009
7165.33543124
K= 2010
33.8765001771
K= 2011
231.262277801
K= 2012
44.8339455164
K= 2013
52.2561925068
K= 2014
47.142000247
K= 2015
7445.0
K= 2016
7224.83333333
K= 2017
663.788129681
K= 2018
600.721923165
K= 2019
190.775540108
K= 2020
24.8676849188
K= 2021
22.0367074393
K= 2022
3619.5
K= 2023
42.8358335638
K= 2024
7225.20634921
K= 2025
5259.85648783
K= 2026
7224.5
K= 2027
3878.97456646
K= 2028
26.9081707554
K= 2029
7225.0
K= 2030
153.032097873
K= 2031
47.7339995163
K= 2032
15001.6698887
K= 2033
18.895486417
K= 2034
7240.25
K= 2035
7445.0
K= 2036
118.288276307
K= 2037
3629.5
K= 2038
7445.0
K= 2039
7226.0
K= 2040
99.681933862
K= 2041
7362.5
K= 2042
10713.1111111
K= 2043
5338.74300122
K= 2044
7224.14457478
K= 2045
14719.0
K= 2046
3791.17100955
K= 2047
80.8920756709
K= 2048
7446.0
K= 2049
40.6582487377
K= 2050
7365.66666667
K= 2051
3629.5
K= 2052
7445.0
K= 2053
7445.0
K= 2054
7445.0
K= 2055
7446.0
K= 2056
7225.95652174
K= 2057
7445.0
K= 2058
80.9041854887
K= 2059
27802.2404978
K= 2060
640.506395178
K= 2061
10955.0
K= 2062
41.5264234055
K= 2063
22.7507095621
K= 2064
7446.0
K= 2065
7225.81904762
K= 2066
40.3075430411
K= 2067
7172.72645688
K= 2068
7226.0
K= 2069
7445.0
K= 2070
27862.7423239
K= 2071
18.5111483599
K= 2072
80.3566735894
K= 2073
5346.39429557
K= 2074
70.6157939545
K= 2075
7445.0
K= 2076
7225.46666667
K= 2077
481.698803061
K= 2078
22.0367074393
K= 2079
7446.0
K= 2080
7224.82608696
K= 2081
18.8256412458
K= 2082
7445.0
K= 2083
3745.01549571
K= 2084
56.0004648681
K= 2085
41.1006496253
K= 2086
7446.0
K= 2087
27474.1119472
K= 2088
7445.0
K= 2089
151.956785742
K= 2090
3629.5
K= 2091
7446.0
K= 2092
14425.1666667
K= 2093
7225.62337662
K= 2094
3958.48706425
K= 2095
7489.19103982
K= 2096
5476.11980188
K= 2097
315.347468196
K= 2098
580.083333333
K= 2099
7224.33333333
K= 2100
7446.0
K= 2101
7224.86403509
K= 2102
7225.85026738
K= 2103
7225.0
K= 2104
7445.0
K= 2105
5163.03420154
K= 2106
7225.86363636
K= 2107
7226.0
K= 2108
5359.77637196
K= 2109
3754.73203463
K= 2110
5268.1480812
K= 2111
3746.18268398
K= 2112
7446.0
K= 2113
23.5812626242
K= 2114
3762.52614719
K= 2115
7445.0
K= 2116
48.4862324905
K= 2117
7446.0
K= 2118
42.842387819
K= 2119
5258.0279164
K= 2120
3493.0
K= 2121
7446.0
K= 2122
7222.97878788
K= 2123
4036.85714286
K= 2124
5265.15093227
K= 2125
673.815080101
K= 2126
7446.0
K= 2127
687.283517682
K= 2128
7225.0
K= 2129
7224.25
K= 2130
3629.5
K= 2131
7225.0
K= 2132
7224.6
K= 2133
5302.36953463
K= 2134
649.657960092
K= 2135
7224.33333333
K= 2136
3629.5
K= 2137
41.1006496253
K= 2138
7224.85421995
K= 2139
7362.5
K= 2140
3746.47127371
K= 2141
517.892518379
K= 2142
3629.5
K= 2143
3762.7859873
K= 2144
7224.74637681
K= 2145
7445.0
K= 2146
1011.93220521
K= 2147
7225.0
K= 2148
237.663037019
K= 2149
3746.73522167
K= 2150
7225.5
K= 2151
7445.0
K= 2152
3786.0
K= 2153
3786.0
K= 2154
546.681583314
K= 2155
7362.5
K= 2156
7225.0
K= 2157
7361.5
K= 2158
7445.0
K= 2159
11092.6666667
K= 2160
3756.60714286
K= 2161
252.97904006
K= 2162
21.641127502
K= 2163
216.237132294
K= 2164
5264.27315449
K= 2165
7445.0
K= 2166
20.5695582015
K= 2167
3883.71504265
K= 2168
7225.67307692
K= 2169
7224.86904762
K= 2170
30.5529669613
K= 2171
7444.16666667
K= 2172
107.729462364
K= 2173
6197.23896885
K= 2174
7225.93233083
K= 2175
7445.0
K= 2176
30.2280144482
K= 2177
5258.63982116
K= 2178
7225.5
K= 2179
43.0851035784
K= 2180
33.6748068228
K= 2181
7446.0
K= 2182
41.1006496253
K= 2183
5257.63982116
K= 2184
7445.0
K= 2185
7446.0
K= 2186
7224.5
K= 2187
7377.61111111
K= 2188
7178.8
K= 2189
7227.0
K= 2190
7365.6
K= 2191
5332.54873082
K= 2192
33.6609721055
K= 2193
7697.41882714
K= 2194
579.385548301
K= 2195
7224.6
K= 2196
7446.0
K= 2197
38.1203622435
K= 2198
3748.55555556
K= 2199
7224.85714286
K= 2200
7224.85026738
K= 2201
7196.0
K= 2202
7446.0
K= 2203
49.6102285513
K= 2204
499.0002918
K= 2205
30.1843184383
K= 2206
7445.0
K= 2207
7225.0
K= 2208
7224.86403509
K= 2209
7226.0
K= 2210
7361.71428571
K= 2211
7226.0
K= 2212
3565.0
K= 2213
7362.5
K= 2214
7365.66666667
K= 2215
10956.6071429
K= 2216
7446.0
K= 2217
4817.35666607
K= 2218
28.6015035857
K= 2219
7362.5
K= 2220
7446.0
K= 2221
7445.0
K= 2222
10956.8654244
K= 2223
3499.86409656
K= 2224
8317.75
K= 2225
7225.4
K= 2226
7361.5
K= 2227
7362.5
K= 2228
11220.9542161
K= 2229
40943.0
K= 2230
7445.0
K= 2231
75.2858570067
K= 2232
970.634922159
K= 2233
7225.6
K= 2234
7224.1
K= 2235
7225.5
K= 2236
7446.0
K= 2237
79.1964776027
K= 2238
7224.86666667
K= 2239
7224.60714286
K= 2240
7361.875
K= 2241
7224.62328042
K= 2242
57.1823523749
K= 2243
8734.30648783
K= 2244
7445.0
K= 2245
19.1013790756
K= 2246
42.7511255777
K= 2247
36.471482327
K= 2248
22.0367074392
K= 2249
7221.95121951
K= 2250
558.81069813
K= 2251
5275.80251952
K= 2252
7445.0
K= 2253
5404.60806819
K= 2254
89.4636566386
K= 2255
5325.77581841
K= 2256
10681.5
K= 2257
7225.85748792
K= 2258
7226.0
K= 2259
7445.0
K= 2260
7446.0
K= 2261
43.4841076063
K= 2262
7225.5
K= 2263
7223.75
K= 2264
19.4521673273
K= 2265
20.9151305265
K= 2266
11230.9415338
K= 2267
7225.0
K= 2268
47.3219056143
K= 2269
7495.38164251
K= 2270
7226.0
K= 2271
636.117814788
K= 2272
245.128208528
K= 2273
742.986628284
K= 2274
7445.0
K= 2275
4041.0222316
K= 2276
52.2978409716
K= 2277
7446.0
K= 2278
7224.0
K= 2279
7445.0
K= 2280
7224.66666667
K= 2281
7225.58333333
K= 2282
66.4539887031
K= 2283
114.21458783
K= 2284
30.3807095551
K= 2285
7445.0
K= 2286
65.0842068503
K= 2287
7361.66666667
K= 2288
7235.20873016
K= 2289
7224.94444444
K= 2290
7445.0
K= 2291
463.428883876
K= 2292
7226.0
K= 2293
7226.0
K= 2294
7225.0
K= 2295
3966.48737374
K= 2296
5284.26103614
K= 2297
7226.0
K= 2298
7225.0
K= 2299
26.1850402907
K= 2300
7446.0
K= 2301
658.439450367
K= 2302
212.553071356
K= 2303
7445.0
K= 2304
7225.0
K= 2305
636.117814788
K= 2306
5276.76216103
K= 2307
597.351288245
K= 2308
226.648486717
K= 2309
3743.71678364
K= 2310
7446.0
K= 2311
7446.0
K= 2312
224.650437264
K= 2313
7445.0
K= 2314
7445.0
K= 2315
7223.33333333
K= 2316
40943.0
K= 2317
7445.0
K= 2318
5256.8279164
K= 2319
5282.45660126
K= 2320
20.6230709492
K= 2321
636.558189348
K= 2322
3808.44701694
K= 2323
5289.24080918
K= 2324
7224.58333333
K= 2325
5256.93982116
K= 2326
3747.2422619
K= 2327
7445.0
K= 2328
7219.59996525
K= 2329
7225.58333333
K= 2330
3747.3805835
K= 2331
237.022769581
K= 2332
230.798231256
K= 2333
62.8749145163
K= 2334
34.3332950715
K= 2335
7205.46482684
K= 2336
7445.0
K= 2337
7366.18506493
K= 2338
7445.0
K= 2339
7703.38268102
K= 2340
7216.03369556
K= 2341
7362.5
K= 2342
22.6985043758
K= 2343
7224.66666667
K= 2344
7445.0
K= 2345
7225.86666667
K= 2346
7224.86666667
K= 2347
161.440395979
K= 2348
7225.14285714
K= 2349
7445.0
K= 2350
7446.0
K= 2351
63.2617715225
K= 2352
7445.0
K= 2353
7225.66666667
K= 2354
7445.0
K= 2355
7445.0
K= 2356
7224.46153846
K= 2357
7224.46666667
K= 2358
5385.46062911
K= 2359
3891.5
K= 2360
7361.66666667
K= 2361
7445.0
K= 2362
7445.0
K= 2363
7365.8
K= 2364
379.422258239
K= 2365
672.706239194
K= 2366
7223.58333333
K= 2367
62.1116245307
K= 2368
27.9488516283
K= 2369
3883.38170932
K= 2370
18.895486417
K= 2371
3567.5
K= 2372
69.2357311973
K= 2373
7223.95454545
K= 2374
16.5000000001
K= 2375
7225.80523256
K= 2376
7231.43152069
K= 2377
588.367572812
K= 2378
7362.5
K= 2379
7225.85816431
K= 2380
7224.9
K= 2381
3499.69956329
K= 2382
10319.365239
K= 2383
7225.46666667
K= 2384
71.128745209
K= 2385
625.435157885
K= 2386
39.5726185172
K= 2387
27878.1925348
K= 2388
44.2983212371
K= 2389
7445.0
K= 2390
598.76101074
K= 2391
7446.0
K= 2392
79.6139371255
K= 2393
7223.5
K= 2394
637.620778648
K= 2395
7225.0
K= 2396
7226.0
K= 2397
7224.475
K= 2398
7225.76190476
K= 2399
18.9211921621
K= 2400
7445.0
Betweenness Centrality Improvement
[ 0.  0.  0. ...,  0.  0.  0.]
Top 20 BC Improvement
[2316 2229 1648 2387 1760 1320 1886 2070 1805 2059 2087 1440 2032 1820 2045
 1465 1362 2092 2266 2228]
Top 20 BC Improvement
[ 40943.          40943.          27904.03402795  27878.1925348
  27875.28993026  27871.8609661   27867.15734154  27862.74232388
  27811.09129141  27802.24049776  27474.1119472   18702.          15001.66988874
  14990.83333333  14719.          14448.25        14430.83333333
  14425.16666667  11230.94153376  11220.95421607]
