txValue= 1000000
IGRAPH D--- 4619 68733 -- 
+ attr: pub_key (v), base_fee (e), capacity (e), fee_rate (e), txCost (e)
None
IGRAPH D--- 4619 50297 -- 
+ attr: pub_key (v), base_fee (e), capacity (e), fee_rate (e), txCost (e)
None
Our nodes starting connections: 
(4618, 2796)
(4618, 1223)
(4618, 1163)
(4618, 222)
(4618, 498)
(4618, 797)
(4618, 2745)
(4618, 3265)
K= 0
211.977685838
K= 1
91.0498904453
K= 2
66.8184963712
K= 3
219.24324759
K= 4
10871.6769841
K= 5
3779.48256639
K= 6
380.01195975
K= 7
55.77879603
K= 8
3752.26666667
K= 9
25.3691196709
K= 10
7143.75
K= 11
52.546116841
K= 12
21328.3
K= 13
85.5946948181
K= 14
31.5730362015
K= 15
377.676792229
K= 16
7097.43333333
K= 17
7457.0
K= 18
34.5248603639
K= 19
76.8574722435
K= 20
60.2179909728
K= 21
26.3818897274
K= 22
7272.75
K= 23
7131.76666667
K= 24
3746.37060198
K= 25
53.7672035671
K= 26
25.9700407726
K= 27
3426.11904762
K= 28
7143.54761905
K= 29
24.8747830682
K= 30
7279.25
K= 31
7142.81233363
K= 32
2008.2405267
K= 33
42.5283450754
K= 34
7133.21428571
K= 35
21.3119064788
K= 36
7133.51428571
K= 37
28.3865809951
K= 38
7135.33333333
K= 39
43.6059913149
K= 40
7143.84615385
K= 41
7143.66666667
K= 42
7143.4
K= 43
25.7458471551
K= 44
7141.65714286
K= 45
3751.0952381
K= 46
7243.0
K= 47
745.271013401
K= 48
3474.66666667
K= 49
7239.26666667
K= 50
55.5883112689
K= 51
7280.06666667
K= 52
805.502732971
K= 53
90.4172421603
K= 54
70.181823351
K= 55
7143.33333333
K= 56
3465.75
K= 57
7152.33333333
K= 58
26.3818897274
K= 59
7143.6
K= 60
714.354403729
K= 61
100.635481762
K= 62
102.450720013
K= 63
7144.0
K= 64
141.827570575
K= 65
7144.0
K= 66
8736.31309646
K= 67
10538.0
K= 68
7129.66666667
K= 69
822.845225295
K= 70
786.873043016
K= 71
5902.7735252
K= 72
764.288175141
K= 73
3749.79120879
K= 74
41.4641581783
K= 75
51.8521673277
K= 76
3539.75
K= 77
3540.75
K= 78
3751.01190476
K= 79
7143.86403509
K= 80
74.3359332925
K= 81
3989.98041144
K= 82
7143.87234043
K= 83
7143.70731707
K= 84
75.6230341741
K= 85
22.9604881341
K= 86
7154.04761905
K= 87
3753.11721014
K= 88
3540.75
K= 89
745.271013401
K= 90
346.673381671
K= 91
5215.74584336
K= 92
5092.05032708
K= 93
3544.96616359
K= 94
7143.46666667
K= 95
7279.75
K= 96
7142.2
K= 97
4013.60101859
K= 98
34.4007649727
K= 99
29.7804728879
K= 100
3976.49845656
K= 101
3752.96403509
K= 102
22.3349669839
K= 103
36.4125373869
K= 104
7143.35
K= 105
7143.25
K= 106
7143.46666667
K= 107
7142.33333333
K= 108
3907.06857041
K= 109
7143.3
K= 110
7128.98397436
K= 111
7457.0
K= 112
7450.0
K= 113
25.328146853
K= 114
24.8484638599
K= 115
7136.46666667
K= 116
7143.94736842
K= 117
3540.75
K= 118
7144.0
K= 119
23.4072251359
K= 120
5224.14079285
K= 121
6946.33333333
K= 122
7166.75
K= 123
832.440256604
K= 124
7457.0
K= 125
7142.62637363
K= 126
54.3024273166
K= 127
5224.72319378
K= 128
10881.0
K= 129
129.636867538
K= 130
7144.0
K= 131
10868.6666667
K= 132
3783.14747581
K= 133
37.2764398148
K= 134
7131.4
K= 135
40.3632001914
K= 136
2033.82774855
K= 137
32.9626496914
K= 138
30316.2811659
K= 139
5214.40927437
K= 140
777.845913549
K= 141
7143.86324786
K= 142
7279.75
K= 143
122.891837523
K= 144
7143.5
K= 145
5293.32301088
K= 146
5213.74108145
K= 147
71.6464241121
K= 148
1259.01677859
K= 149
7279.75
K= 150
7144.0
K= 151
7485.11693405
K= 152
5863.71729195
K= 153
7280.06666667
K= 154
5403.43059989
K= 155
7457.0
K= 156
346.340764376
K= 157
3410.33333333
K= 158
7143.5
K= 159
275.704898477
K= 160
3750.33095238
K= 161
7457.0
K= 162
7143.71428571
K= 163
3783.14747581
K= 164
7143.83333333
K= 165
7280.52380952
K= 166
20.7666666668
K= 167
5218.24584336
K= 168
7209.13333333
K= 169
7122.66666667
K= 170
7144.0
K= 171
69.2938846978
K= 172
7143.51428571
K= 173
24.8484638599
K= 174
7140.875
K= 175
149.324861518
K= 176
7143.25
K= 177
7127.33333333
K= 178
7274.0
K= 179
7143.5
K= 180
31.7950429027
K= 181
7457.0
K= 182
53.2452005222
K= 183
133.684487688
K= 184
42.5877410283
K= 185
7144.0
K= 186
7144.0
K= 187
22.3288197506
K= 188
7457.0
K= 189
45.451666795
K= 190
3547.66666667
K= 191
7143.98611111
K= 192
7144.0
K= 193
7143.93548387
K= 194
60.7925130718
K= 195
7143.75
K= 196
10880.5
K= 197
5245.62203383
K= 198
98.5458486348
K= 199
29.9458535444
K= 200
513.056667244
K= 201
3747.43300654
K= 202
83.1282233866
K= 203
10881.6
K= 204
7280.06666667
K= 205
22.3288197506
K= 206
7457.0
K= 207
5215.41251002
K= 208
35.2384447097
K= 209
7457.0
K= 210
7273.37142857
K= 211
167.427694792
K= 212
7210.43636364
K= 213
30.9986639665
K= 214
7143.6
K= 215
3547.66666667
K= 216
30.8410237022
K= 217
750.866100274
K= 218
3540.75
K= 219
74.203667942
K= 220
5238.47394162
K= 221
38.1211123036
K= 222
26.5847465994
K= 223
7213.66666667
K= 224
7209.7
K= 225
5215.07917669
K= 226
30.6794188349
K= 227
7143.94444444
K= 228
3540.75
K= 229
7142.79166667
K= 230
801.942541091
K= 231
7137.88888889
K= 232
7218.0
K= 233
3409.96231743
K= 234
81.0459233273
K= 235
890.430037592
K= 236
7152.33333333
K= 237
7143.89090909
K= 238
805.552456534
K= 239
5331.72774861
K= 240
7144.0
K= 241
49.4692361271
K= 242
66.9773601578
K= 243
7450.0
K= 244
7280.16883117
K= 245
7143.58333333
K= 246
4002.10428168
K= 247
7450.0
K= 248
7450.0
K= 249
3540.75
K= 250
7136.95238095
K= 251
83.5722906187
K= 252
7132.55555556
K= 253
617.338044266
K= 254
7279.75
K= 255
7457.0
K= 256
43.2351717909
K= 257
786.873043016
K= 258
144.60891284
K= 259
3843.91512732
K= 260
98.3282780452
K= 261
7135.08333333
K= 262
7457.0
K= 263
21302.3
K= 264
7457.0
K= 265
50.5900980229
K= 266
27.3478380749
K= 267
92.2618750527
K= 268
7134.96428571
K= 269
43.3072707856
K= 270
3465.0
K= 271
7213.66666667
K= 272
7457.0
K= 273
7457.0
K= 274
7477.73611111
K= 275
3421.16081347
K= 276
738.87654321
K= 277
7143.46666667
K= 278
7144.0
K= 279
3484.57837302
K= 280
7213.66666667
K= 281
125.318664296
K= 282
324.076007284
K= 283
7143.66666667
K= 284
4066.22142857
K= 285
978.983684112
K= 286
90.2789041044
K= 287
48.9000646088
K= 288
3668.61904762
K= 289
4085.94444444
K= 290
105.639555637
K= 291
7143.46666667
K= 292
7137.0
K= 293
32.0222353598
K= 294
344.169237455
K= 295
99.8495422623
K= 296
5372.60364615
K= 297
7217.38484848
K= 298
7143.85748792
K= 299
7135.08333333
K= 300
5211.77084336
K= 301
7142.33333333
K= 302
5219.74108145
K= 303
7143.16666667
K= 304
7457.0
K= 305
46.4662270502
K= 306
7497.61095162
K= 307
34.4874256558
K= 308
7280.16883117
K= 309
363.908428803
K= 310
7279.75
K= 311
3444.0
K= 312
837.780843101
K= 313
758.878777154
K= 314
7143.46666667
K= 315
7150.5
K= 316
218.944639275
K= 317
7457.0
K= 318
3444.63636364
K= 319
40.9617004411
K= 320
48.8439550132
K= 321
736.13575954
K= 322
7215.41666667
K= 323
7144.0
K= 324
7142.83333333
K= 325
7279.75
K= 326
7213.66666667
K= 327
761.645980335
K= 328
78.7610443996
K= 329
25.470768197
K= 330
77.1783748071
K= 331
10812.7428571
K= 332
7457.0
K= 333
22.4444816932
K= 334
13952.4
K= 335
7141.85714286
K= 336
7143.62781955
K= 337
776.714257239
K= 338
7143.94871795
K= 339
78.4950135052
K= 340
26.3818897274
K= 341
30425.1363631
K= 342
7132.66666667
K= 343
5209.96453023
K= 344
25.6873017827
K= 345
3439.25
K= 346
7156.66666667
K= 347
3748.44137396
K= 348
7137.49705882
K= 349
110.577291473
K= 350
52.2416493285
K= 351
8787.62211908
K= 352
85.1695739531
K= 353
10569.2
K= 354
7226.46964286
K= 355
7279.75
K= 356
7136.8422619
K= 357
7279.75
K= 358
33.0488739747
K= 359
7156.66666667
K= 360
363.908428803
K= 361
53.6670467467
K= 362
7135.30718954
K= 363
22.7589745792
K= 364
30429.1885616
K= 365
803.175886613
K= 366
7280.575
K= 367
7143.86542443
K= 368
7457.0
K= 369
45.8455294627
K= 370
7457.0
K= 371
7272.81363636
K= 372
34.8125387188
K= 373
7144.0
K= 374
7144.0
K= 375
285.559233888
K= 376
7143.69230769
K= 377
318.010259301
K= 378
24.8484638599
K= 379
25.3052636834
K= 380
34.6325417464
K= 381
3479.46666667
K= 382
3752.62415459
K= 383
7130.30555556
K= 384
563.69456114
K= 385
7450.0
K= 386
3750.33095238
K= 387
3976.49845656
K= 388
5267.62773994
K= 389
10548.0
K= 390
54.8671563736
K= 391
7142.60714286
K= 392
3422.84320367
K= 393
36.1211215723
K= 394
7457.0
K= 395
7143.46666667
K= 396
70.5856632306
K= 397
7143.85054348
K= 398
7143.73655914
K= 399
868.959243697
K= 400
10852.6666667
K= 401
49.1181890354
K= 402
7143.46666667
K= 403
3751.01190476
K= 404
7457.0
K= 405
7143.94736842
K= 406
7457.0
K= 407
7143.96
K= 408
22391.4
K= 409
7457.0
K= 410
7450.0
K= 411
7143.3
K= 412
7143.0
K= 413
7457.0
K= 414
29.3254942875
K= 415
61.9416948457
K= 416
3850.74845656
K= 417
452.253901971
K= 418
7143.46666667
K= 419
30411.8632118
K= 420
123.009523117
K= 421
3807.92450425
K= 422
297.77412038
K= 423
7142.33333333
K= 424
7457.0
K= 425
7143.46666667
K= 426
800.729882491
K= 427
7143.9
K= 428
7143.76923077
K= 429
48.0629358049
K= 430
79.9142952659
K= 431
7142.0
K= 432
88.6508388065
K= 433
5216.66965288
K= 434
7128.16190476
K= 435
10548.0
K= 436
10879.4666667
K= 437
7143.78206897
K= 438
27.9172835262
K= 439
7143.46666667
K= 440
7137.0
K= 441
4060.22142857
K= 442
25.258505207
K= 443
7129.66666667
K= 444
79.3416357397
K= 445
3450.33333333
K= 446
7143.66666667
K= 447
7280.06666667
K= 448
24.7680266364
K= 449
3427.75
K= 450
7457.0
K= 451
7144.0
K= 452
40.4647968994
K= 453
3777.88168215
K= 454
482.022166137
K= 455
7143.70731707
K= 456
7457.0
K= 457
791.136269578
K= 458
7136.68965517
K= 459
7450.0
K= 460
7143.85714286
K= 461
7213.66666667
K= 462
7132.16190476
K= 463
3752.62415459
K= 464
7143.70731707
K= 465
22.3288197506
K= 466
922.421591567
K= 467
282.086049001
K= 468
7143.46666667
K= 469
25.9700407726
K= 470
191.59550898
K= 471
38.3382780517
K= 472
5212.97679574
K= 473
69.1976618983
K= 474
26.8366148754
K= 475
7143.26666667
K= 476
7143.3
K= 477
7450.0
K= 478
5092.05032708
K= 479
7143.42857143
K= 480
135.931484847
K= 481
3420.46666667
K= 482
7143.4
K= 483
7097.43333333
K= 484
5284.96343433
K= 485
7143.66666667
K= 486
7450.0
K= 487
5245.6120584
K= 488
4684.70562109
K= 489
7457.0
K= 490
7457.0
K= 491
7457.0
K= 492
3540.75
K= 493
7150.0
K= 494
21.4598435117
K= 495
10977.5666667
K= 496
7143.74637681
K= 497
791.92231681
K= 498
24.3856728438
K= 499
7143.46666667
K= 500
24.7703337974
K= 501
3773.95269484
K= 502
21.9040119434
K= 503
3746.12012987
K= 504
745.271013401
K= 505
7450.0
K= 506
7273.52380952
K= 507
7097.43333333
K= 508
10881.0
K= 509
786.873043016
K= 510
745.271013401
K= 511
7143.86956522
K= 512
7143.43333333
K= 513
3427.75
K= 514
2650.28252335
K= 515
80.0794077595
K= 516
7143.84226191
K= 517
36.3848559451
K= 518
7142.33333333
K= 519
3407.74621212
K= 520
3750.62089419
K= 521
7275.0
K= 522
3989.98041144
K= 523
7144.0
K= 524
183.019763133
K= 525
7136.33333333
K= 526
7143.0
K= 527
518.558997535
K= 528
7769.46565041
K= 529
766.745812159
K= 530
30.6794188349
K= 531
7450.0
K= 532
7457.0
K= 533
74.4886819061
K= 534
7143.46666667
K= 535
7143.72727273
K= 536
7129.8970696
K= 537
30.1753684194
K= 538
789.197724859
K= 539
3406.82564125
K= 540
48.1639398788
K= 541
3976.49845656
K= 542
21.9801783732
K= 543
7143.90740741
K= 544
7130.01136364
K= 545
7136.5
K= 546
70.9904106583
K= 547
5092.05032708
K= 548
5887.54194478
K= 549
3410.33333333
K= 550
67.7494363342
K= 551
7279.75
K= 552
7450.0
K= 553
7136.0
K= 554
7135.08333333
K= 555
794.725752741
K= 556
255.017854008
K= 557
7136.72222222
K= 558
793.879795399
K= 559
7450.0
K= 560
7126.66666667
K= 561
574.606562881
K= 562
803.557716887
K= 563
7143.70731707
K= 564
7808.56666667
K= 565
833.429957803
K= 566
7279.75
K= 567
187.253337919
K= 568
7143.46666667
K= 569
180.012076335
K= 570
608.984280485
K= 571
7136.84637068
K= 572
298.066482026
K= 573
7136.77419355
K= 574
7217.07142857
K= 575
782.255794828
K= 576
7125.80779221
K= 577
29.8913357607
K= 578
7144.0
K= 579
3431.0
K= 580
52.4169890694
K= 581
106.675352185
K= 582
7139.46666667
K= 583
95.8920121547
K= 584
7143.0
K= 585
7273.75686275
K= 586
7450.0
K= 587
7457.0
K= 588
7279.75
K= 589
66.8949881312
K= 590
7136.5
K= 591
4054.42776011
K= 592
10954.984127
K= 593
7450.0
K= 594
10851.8167488
K= 595
7144.0
K= 596
29.196177318
K= 597
7143.68645161
K= 598
51.1548954423
K= 599
2439.04528841
K= 600
3753.11721015
K= 601
770.04562491
K= 602
7143.77714286
K= 603
7143.88235294
K= 604
758.46971707
K= 605
3752.61693405
K= 606
3995.79047173
K= 607
3540.75
K= 608
24.1082275219
K= 609
257.203796402
K= 610
7144.0
K= 611
7279.75
K= 612
3745.42756016
K= 613
817.458300718
K= 614
7142.52941176
K= 615
7143.78206897
K= 616
7156.66666667
K= 617
29.1534583664
K= 618
34.6874996885
K= 619
7144.0
K= 620
7124.08333333
K= 621
718.584176332
K= 622
28.2061800926
K= 623
289.380304606
K= 624
7144.0
K= 625
10880.6470588
K= 626
7128.08333333
K= 627
29.1873244036
K= 628
7292.00714286
K= 629
7156.66666667
K= 630
7144.0
K= 631
7281.0
K= 632
7143.51428571
K= 633
7143.43333333
K= 634
7457.0
K= 635
7142.74637681
K= 636
7143.88059701
K= 637
5280.56151359
K= 638
3420.85714286
K= 639
7769.82530847
K= 640
3976.49845656
K= 641
7144.0
K= 642
71.4183355214
K= 643
5210.47917669
K= 644
7450.0
K= 645
7143.76592593
K= 646
669.661863845
K= 647
7142.6
K= 648
7143.70731707
K= 649
7137.0
K= 650
7142.05555556
K= 651
831.421395753
K= 652
5695.48901461
K= 653
7273.75
K= 654
4012.80191792
K= 655
3540.75
K= 656
7143.46666667
K= 657
3409.95186408
K= 658
31.6275901748
K= 659
7457.0
K= 660
7143.30555556
K= 661
7143.85982906
K= 662
18335.7333333
K= 663
5988.73180963
K= 664
7457.0
K= 665
7450.0
K= 666
7126.21428571
K= 667
7136.75
K= 668
7136.33333333
K= 669
36.7064042827
K= 670
3438.72123482
K= 671
7277.06666667
K= 672
801.822954823
K= 673
41.4175555222
K= 674
174.205491446
K= 675
65.1805984078
K= 676
7142.4
K= 677
7136.82608696
K= 678
1408.61046953
K= 679
7124.4
K= 680
7143.3
K= 681
14946.2619048
K= 682
81.5691659502
K= 683
7166.27380952
K= 684
7450.0
K= 685
7128.66666667
K= 686
33.2407394925
K= 687
287.444210224
K= 688
7144.0
K= 689
266.737582964
K= 690
7216.45
K= 691
4070.77142857
K= 692
35.408693183
K= 693
7279.75
K= 694
20.7666666668
K= 695
5235.54114193
K= 696
7280.575
K= 697
30348.5216407
K= 698
7279.75
K= 699
7146.08333333
K= 700
7144.0
K= 701
3405.0
K= 702
3750.34749035
K= 703
67.4939872525
K= 704
7143.46666667
K= 705
1111.44514765
K= 706
5092.05032708
K= 707
7279.75
K= 708
745.271013401
K= 709
26.1269104155
K= 710
7457.0
K= 711
26.8366148754
K= 712
7143.72222222
K= 713
83.1833152145
K= 714
7450.0
K= 715
7143.58333333
K= 716
22.496896571
K= 717
7279.75
K= 718
11283.3010695
K= 719
37.564833656
K= 720
129.444803737
K= 721
3412.93079925
K= 722
54.1590965616
K= 723
861.51599177
K= 724
22443.7318296
K= 725
7274.0
K= 726
7090.0
K= 727
3426.75
K= 728
7450.0
K= 729
7144.51428571
K= 730
20.4333333336
K= 731
7450.0
K= 732
4012.7834122
K= 733
7129.66666667
K= 734
46.8791993854
K= 735
3748.95449989
K= 736
7206.66666667
K= 737
7144.0
K= 738
7214.56666667
K= 739
10986.2833333
K= 740
7143.83673469
K= 741
24.839759178
K= 742
3783.17543177
K= 743
72.5260159681
K= 744
7142.58333333
K= 745
3750.67559524
K= 746
61.792985053
K= 747
7143.56521739
K= 748
7142.05555556
K= 749
7146.38157223
K= 750
58.6920871451
K= 751
32.4948740951
K= 752
507.037680068
K= 753
7136.84615385
K= 754
30429.2483751
K= 755
7124.68333333
K= 756
724.805596616
K= 757
7143.66666667
K= 758
7136.66666667
K= 759
525.104815002
K= 760
748.078894311
K= 761
7272.06666667
K= 762
7143.91891892
K= 763
7457.0
K= 764
7457.0
K= 765
102.313730897
K= 766
7450.0
K= 767
7143.46666667
K= 768
7143.25
K= 769
28.3358197359
K= 770
7144.0
K= 771
3773.39550006
K= 772
33.3843597285
K= 773
7280.45833333
K= 774
75.2364318415
K= 775
7136.46666667
K= 776
3474.66666667
K= 777
7143.85026738
K= 778
554.4069245
K= 779
7133.98507463
K= 780
36.0512675801
K= 781
3651.35
K= 782
7277.06666667
K= 783
62.4005207645
K= 784
7145.78571429
K= 785
7450.0
K= 786
10539.2142857
K= 787
7146.96428571
K= 788
102.015722439
K= 789
83.759460907
K= 790
105.73770216
K= 791
7143.86666667
K= 792
7103.74844804
K= 793
7143.84226191
K= 794
26.5264702195
K= 795
7143.62790698
K= 796
580.751621802
K= 797
31.9329644197
K= 798
7284.06666667
K= 799
7355.66666667
K= 800
691.207754537
K= 801
7213.66666667
K= 802
7136.6
K= 803
3483.66666667
K= 804
3746.28717949
K= 805
22.9280718926
K= 806
66.1436577505
K= 807
526.041835912
K= 808
7143.1
K= 809
3752.04444444
K= 810
7450.0
K= 811
7136.89473684
K= 812
27.6033548522
K= 813
7456.0
K= 814
7206.56666667
K= 815
7213.66666667
K= 816
199.904951119
K= 817
7279.75
K= 818
14923.658365
K= 819
3773.92566164
K= 820
7129.66666667
K= 821
7279.87912088
K= 822
7457.0
K= 823
36.2611161075
K= 824
7143.86666667
K= 825
3474.66666667
K= 826
7210.75
K= 827
7143.0
K= 828
59.3916086187
K= 829
310.114587565
K= 830
3444.0
K= 831
7122.66666667
K= 832
22.4444816932
K= 833
7126.45825479
K= 834
26.0191375478
K= 835
7280.25
K= 836
7136.0
K= 837
60.7257946099
K= 838
89.0100784805
K= 839
75.5734084044
K= 840
7135.58333333
K= 841
3412.0
K= 842
814.129607049
K= 843
279.543396901
K= 844
3747.3746732
K= 845
7137.0
K= 846
43.2257083959
K= 847
7136.75
K= 848
783.997799785
K= 849
7143.79421769
K= 850
7143.59
K= 851
647.12199388
K= 852
23.3855006609
K= 853
11471.2226374
K= 854
30338.0811515
K= 855
10540.5833333
K= 856
61.8442717898
K= 857
349.385907565
K= 858
7274.0
K= 859
3540.75
K= 860
144.227388348
K= 861
7137.0
K= 862
7144.66666667
K= 863
48.1472816344
K= 864
42.091656294
K= 865
7145.37777778
K= 866
7143.5
K= 867
3412.70164788
K= 868
7143.70731707
K= 869
3750.901839
K= 870
7450.0
K= 871
5881.06291929
K= 872
3412.0
K= 873
7147.2627451
K= 874
7143.22222222
K= 875
7143.46666667
K= 876
7273.06666667
K= 877
881.075211997
K= 878
7450.0
K= 879
7450.0
K= 880
5253.90518706
K= 881
7136.44791667
K= 882
29.0013324853
K= 883
7143.46666667
K= 884
7280.25
K= 885
750.288175141
K= 886
751.244466634
K= 887
7143.52380952
K= 888
7143.72222222
K= 889
62.7768604548
K= 890
49.3962849921
K= 891
5302.18582003
K= 892
5212.16449138
K= 893
7137.86403509
K= 894
7143.66666667
K= 895
4046.94642857
K= 896
7134.97297297
K= 897
3540.75
K= 898
4070.47420635
K= 899
7355.71428571
K= 900
134.052037487
K= 901
7276.75
K= 902
3474.66666667
K= 903
7279.75
K= 904
7280.06666667
K= 905
5473.06264266
K= 906
7145.78571429
K= 907
61.3237319407
K= 908
32.0517342298
K= 909
7144.0
K= 910
72.55993138
K= 911
7143.20454545
K= 912
814.355762434
K= 913
7136.82065728
K= 914
7133.01754386
K= 915
389.410867507
K= 916
7457.0
K= 917
7282.0
K= 918
3783.14747581
K= 919
3971.48737374
K= 920
26.8723109937
K= 921
4012.80191792
K= 922
7457.0
K= 923
7133.66666667
K= 924
7143.92105263
K= 925
25.8683918854
K= 926
24.8484638599
K= 927
5215.3764547
K= 928
300.170060054
K= 929
7143.46666667
K= 930
646.090617412
K= 931
29.9068844651
K= 932
41.3996400463
K= 933
277.902458657
K= 934
7136.57777778
K= 935
22.3349669841
K= 936
7457.0
K= 937
141.692114367
K= 938
7450.0
K= 939
7137.0
K= 940
7144.0
K= 941
7143.46666667
K= 942
7144.0
K= 943
7137.0
K= 944
4057.8476318
K= 945
3405.36138614
K= 946
3421.0
K= 947
85.5035021959
K= 948
7279.75
K= 949
7280.06666667
K= 950
27.0815093226
K= 951
89.7790172421
K= 952
3764.99102814
K= 953
7143.79166667
K= 954
3540.75
K= 955
7457.0
K= 956
7136.89361702
K= 957
3753.11693405
K= 958
5215.07917669
K= 959
86.145206545
K= 960
831.844574899
K= 961
7457.0
K= 962
7129.66666667
K= 963
21.9801783732
K= 964
7143.375
K= 965
7284.06666667
K= 966
3547.66666667
K= 967
7143.86542443
K= 968
3795.98584675
K= 969
3410.33333333
K= 970
93.6271983569
K= 971
283.98671389
K= 972
7450.0
K= 973
7450.0
K= 974
3540.75
K= 975
3540.75
K= 976
3439.43333333
K= 977
35.896868363
K= 978
7129.66666667
K= 979
130.869308661
K= 980
7213.66666667
K= 981
7450.0
K= 982
33.0734630884
K= 983
7457.0
K= 984
533.403264088
K= 985
7144.0
K= 986
7136.92198582
K= 987
1695.77923103
K= 988
3406.39689657
K= 989
7143.70707071
K= 990
7131.66666667
K= 991
46.9137602262
K= 992
7457.0
K= 993
5244.77090829
K= 994
7137.0
K= 995
238.25175373
K= 996
7136.76190476
K= 997
70.1377195881
K= 998
3752.88571429
K= 999
7129.66666667
K= 1000
7279.75
K= 1001
7143.80567376
K= 1002
7457.0
K= 1003
475.504869219
K= 1004
26.8366148754
K= 1005
818.132779209
K= 1006
218.662961584
K= 1007
5497.86444795
K= 1008
60.9968830992
K= 1009
7457.0
K= 1010
7150.0
K= 1011
21292.3
K= 1012
5606.87043554
K= 1013
7279.75
K= 1014
5223.68388126
K= 1015
7136.55555556
K= 1016
28.8010182523
K= 1017
7143.94444444
K= 1018
7143.46666667
K= 1019
7280.06666667
K= 1020
3976.49845656
K= 1021
7279.75
K= 1022
7450.0
K= 1023
3540.75
K= 1024
5214.32917669
K= 1025
7143.09926471
K= 1026
3750.95634921
K= 1027
7450.0
K= 1028
5214.36103522
K= 1029
7457.0
K= 1030
5598.17213438
K= 1031
4089.7245098
K= 1032
26.3818897274
K= 1033
7143.78974359
K= 1034
94.3066024662
K= 1035
7137.0
K= 1036
32.9816056851
K= 1037
6490.07759649
K= 1038
63.2465851172
K= 1039
19167.75
K= 1040
5250.47203383
K= 1041
7136.34210526
K= 1042
45.768670141
K= 1043
7144.0
K= 1044
4250.91514356
K= 1045
3972.48737374
K= 1046
7279.75
K= 1047
671.049114168
K= 1048
3747.36836007
K= 1049
206.537132559
K= 1050
3732.0
K= 1051
7143.41666667
K= 1052
7136.84444444
K= 1053
54.0255683034
K= 1054
5306.82250952
K= 1055
7143.45714286
K= 1056
7213.75
K= 1057
7125.74920635
K= 1058
1675.43947967
K= 1059
43.2826147417
K= 1060
52.1074367289
K= 1061
89.5794466969
K= 1062
28.1307632294
K= 1063
3342.74036237
K= 1064
105.287539429
K= 1065
7144.0
K= 1066
7142.83333333
K= 1067
7210.07142857
K= 1068
25.5405816117
K= 1069
3474.66666667
K= 1070
75.2179619481
K= 1071
7450.0
K= 1072
3993.22081663
K= 1073
7137.0
K= 1074
3748.54404762
K= 1075
7272.75
K= 1076
49.3298234299
K= 1077
7143.46666667
K= 1078
22.9280718926
K= 1079
7450.0
K= 1080
6490.07759649
K= 1081
26.50212908
K= 1082
7143.76923077
K= 1083
3540.75
K= 1084
7143.70731707
K= 1085
26.0623174324
K= 1086
818.969579063
K= 1087
7143.70731707
K= 1088
23.3855006609
K= 1089
7144.0
K= 1090
804.919847613
K= 1091
72.0665165004
K= 1092
76.7114221896
K= 1093
7457.0
K= 1094
5235.59721823
K= 1095
7136.90625
K= 1096
7450.0
K= 1097
7143.47368421
K= 1098
7136.8422619
K= 1099
7457.0
K= 1100
61.7814094669
K= 1101
515.124798338
K= 1102
3473.66666667
K= 1103
7141.5
K= 1104
459.572792576
K= 1105
7144.0
K= 1106
33.4727239257
K= 1107
10886.3333333
K= 1108
7457.0
K= 1109
7143.95238095
K= 1110
49.8729606413
K= 1111
7144.6
K= 1112
7143.70731707
K= 1113
5247.98082179
K= 1114
7136.44444444
K= 1115
28.6608431656
K= 1116
7457.0
K= 1117
56.1619986927
K= 1118
62.7988377027
K= 1119
7136.25
K= 1120
7136.15
K= 1121
7143.5
K= 1122
5882.28681394
K= 1123
7457.0
K= 1124
7052.98333333
K= 1125
7143.60714286
K= 1126
81.9081342651
K= 1127
3751.54444444
K= 1128
10866.0
K= 1129
7143.46666667
K= 1130
7133.91666667
K= 1131
7450.0
K= 1132
412.179676325
K= 1133
7450.0
K= 1134
7450.0
K= 1135
7136.71497585
K= 1136
3540.75
K= 1137
10526.6155844
K= 1138
4162.83333333
K= 1139
7129.03369556
K= 1140
3752.975
K= 1141
504.699331866
K= 1142
3417.66666667
K= 1143
7137.0
K= 1144
7136.85714286
K= 1145
3427.75
K= 1146
7457.0
K= 1147
109.897840392
K= 1148
7457.0
K= 1149
7136.5
K= 1150
5209.17127626
K= 1151
7144.0
K= 1152
7136.71291866
K= 1153
7457.0
K= 1154
7137.06666667
K= 1155
5216.74584336
K= 1156
800.519988447
K= 1157
7206.53094039
K= 1158
3925.77231642
K= 1159
7279.75
K= 1160
7129.5
K= 1161
28.1307632294
K= 1162
783.74561176
K= 1163
193.745681776
K= 1164
523.440214612
K= 1165
7457.0
K= 1166
107.939525866
K= 1167
539.07835833
K= 1168
119.867280586
K= 1169
536.707329791
K= 1170
3975.49845656
K= 1171
7143.46666667
K= 1172
7457.0
K= 1173
3924.11774043
K= 1174
595.454987723
K= 1175
7139.5
K= 1176
7136.78662614
K= 1177
7457.0
K= 1178
4467.52132505
K= 1179
819.848134415
K= 1180
45.1667856732
K= 1181
3669.0
K= 1182
46.7810842975
K= 1183
7273.19786096
K= 1184
7009.0
K= 1185
7143.86542443
K= 1186
1393.46758267
K= 1187
96.2311231403
K= 1188
3753.1320911
K= 1189
7139.53440285
K= 1190
94.0789997692
K= 1191
7129.66666667
K= 1192
809.467584934
K= 1193
7136.16666667
K= 1194
553.712472738
K= 1195
5812.69813904
K= 1196
7457.0
K= 1197
74.6273373682
K= 1198
25.4694464926
K= 1199
7497.50281765
Betweenness Centrality Improvement
[ 211.97768584   91.04989045   66.81849637 ...,    0.            0.            0.        ]
Top 20 BC Improvement
[ 754  364  341  419  697  854  138  724  408   12  263 1011 1039  662  681
  818  334  853  718  739]
Top 20 BC Improvement
[ 30429.24837512  30429.18856163  30425.13636311  30411.86321183
  30348.52164074  30338.08115149  30316.28116586  22443.73182957  22391.4
  21328.3         21302.3         21292.3         19167.75        18335.73333333
  14946.26190476  14923.65836496  13952.4         11471.22263741
  11283.30106952  10986.28333333]
