txValue= 1000000
IGRAPH D--- 4619 68733 -- 
+ attr: pub_key (v), base_fee (e), capacity (e), fee_rate (e), txCost (e)
None
IGRAPH D--- 4619 50297 -- 
+ attr: pub_key (v), base_fee (e), capacity (e), fee_rate (e), txCost (e)
None
Our nodes starting connections: 
(4618, 2796)
(4618, 1223)
(4618, 1163)
(4618, 222)
(4618, 498)
K= 1200
7170.75
K= 1201
7311.81818182
K= 1202
7494.7962704
K= 1203
7170.85748792
K= 1204
3746.97828283
K= 1205
7307.33333333
K= 1206
41.0537149883
K= 1207
7170.0
K= 1208
7169.80645161
K= 1209
196.951735148
K= 1210
58.7247396769
K= 1211
29.7103240682
K= 1212
52.0416927094
K= 1213
780.908415938
K= 1214
3751.01666667
K= 1215
759.620402181
K= 1216
7165.33333333
K= 1217
10900.3333333
K= 1218
37.5452398126
K= 1219
5236.62088453
K= 1220
30.360608142
K= 1221
7158.66666667
K= 1222
7170.0
K= 1223
444.956598709
K= 1224
42.6684578666
K= 1225
18.4333333336
K= 1226
7445.0
K= 1227
7445.0
K= 1228
540.564426286
K= 1229
7445.0
K= 1230
58.6911919533
K= 1231
49.3584399571
K= 1232
3282.83333333
K= 1233
20.4444816933
K= 1234
7170.0
K= 1235
7169.82978723
K= 1236
5222.16802629
K= 1237
7445.0
K= 1238
7170.0
K= 1239
7169.70833333
K= 1240
730.918320676
K= 1241
918.971381588
K= 1242
7170.34210526
K= 1243
10901.5
K= 1244
7171.0
K= 1245
7445.0
K= 1246
3749.52857143
K= 1247
5366.66129633
K= 1248
7169.95833333
K= 1249
54.8099831844
K= 1250
34.1437976039
K= 1251
7171.0
K= 1252
50.2711682159
K= 1253
7169.81092437
K= 1254
7446.0
K= 1255
7445.0
K= 1256
7307.5
K= 1257
32.7231901006
K= 1258
7170.70731707
K= 1259
7446.0
K= 1260
57.9910946218
K= 1261
712.960148349
K= 1262
7169.51428571
K= 1263
22.8484638601
K= 1264
3913.97595238
K= 1265
66.4553133139
K= 1266
7171.6
K= 1267
5253.49931111
K= 1268
5278.13152783
K= 1269
7170.46666667
K= 1270
7445.0
K= 1271
107.368192533
K= 1272
7309.28095238
K= 1273
1918.22656418
K= 1274
7170.46666667
K= 1275
59.9845318383
K= 1276
709.404780995
K= 1277
4021.33365079
K= 1278
180.693623826
K= 1279
584.648510233
K= 1280
262.172077321
K= 1281
7169.30707071
K= 1282
7307.33333333
K= 1283
7170.0
K= 1284
7170.46666667
K= 1285
285.324993388
K= 1286
7169.4
K= 1287
7169.46666667
K= 1288
7169.33333333
K= 1289
3737.81543062
K= 1290
7170.55555556
K= 1291
485.650370995
K= 1292
7169.3
K= 1293
7170.58333333
K= 1294
21.0204239851
K= 1295
3444.53599655
K= 1296
7171.0
K= 1297
7446.0
K= 1298
3574.33333333
K= 1299
5262.49367013
K= 1300
35.399621706
K= 1301
7170.6
K= 1302
714.093785857
K= 1303
7171.0
K= 1304
5215.41326438
K= 1305
3746.11388889
K= 1306
3746.70225393
K= 1307
3596.83333333
K= 1308
37.4619340041
K= 1309
7169.88
K= 1310
7169.8604119
K= 1311
55.9233423134
K= 1312
3839.88737374
K= 1313
7170.46666667
K= 1314
3441.60718308
K= 1315
3512.74977817
K= 1316
286.51645639
K= 1317
73.0499065404
K= 1318
299.376738978
K= 1319
7446.0
K= 1320
27535.0940528
K= 1321
1222.81459415
K= 1322
7170.0
K= 1323
7168.33333333
K= 1324
7307.0
K= 1325
7171.0
K= 1326
506.937913495
K= 1327
118.06333769
K= 1328
1630.85007815
K= 1329
7445.0
K= 1330
3743.74599383
K= 1331
7169.75
K= 1332
729.720748281
K= 1333
20.7589745792
K= 1334
4003.23856976
K= 1335
234.522937757
K= 1336
58.6911919533
K= 1337
819.433518655
K= 1338
28.0737865305
K= 1339
3573.33333333
K= 1340
7170.46666667
K= 1341
7170.2
K= 1342
7168.95454545
K= 1343
7445.0
K= 1344
734.266824063
K= 1345
7446.0
K= 1346
7168.46666667
K= 1347
7445.0
K= 1348
488.534895504
K= 1349
7168.7
K= 1350
37.4655251008
K= 1351
74.7004438352
K= 1352
377.821075711
K= 1353
3890.74581216
K= 1354
23.5405816118
K= 1355
7170.0
K= 1356
64.5926363576
K= 1357
3512.46666667
K= 1358
51.0546147937
K= 1359
135.566307295
K= 1360
7308.0
K= 1361
7445.0
K= 1362
14321.0
K= 1363
5220.33469295
K= 1364
3748.81092437
K= 1365
7310.5
K= 1366
7170.46666667
K= 1367
62.9052963023
K= 1368
7170.3
K= 1369
7171.0
K= 1370
103.412757088
K= 1371
35.7824904762
K= 1372
245.154328909
K= 1373
7157.66666667
K= 1374
7446.0
K= 1375
7170.0
K= 1376
32.8738918025
K= 1377
5270.57515837
K= 1378
20.4968965711
K= 1379
31.1846998999
K= 1380
7169.80645161
K= 1381
7482.65329013
K= 1382
748.821735743
K= 1383
79.4575835068
K= 1384
7169.25
K= 1385
725.229580805
K= 1386
7169.33333333
K= 1387
7446.0
K= 1388
7163.0
K= 1389
7445.0
K= 1390
3892.57797765
K= 1391
7445.0
K= 1392
745.703434364
K= 1393
7446.0
K= 1394
73.1040629609
K= 1395
5225.69768405
K= 1396
7170.41091954
K= 1397
160.38476473
K= 1398
7169.75
K= 1399
7307.33333333
K= 1400
3590.55555556
K= 1401
3574.33333333
K= 1402
7169.5862069
K= 1403
3513.0
K= 1404
7307.6
K= 1405
42.5970501651
K= 1406
3750.61693405
K= 1407
28.0204581005
K= 1408
7445.0
K= 1409
7170.0
K= 1410
7307.33333333
K= 1411
7170.0
K= 1412
7446.0
K= 1413
3512.84615385
K= 1414
7076.425
K= 1415
437.177903893
K= 1416
731.088078341
K= 1417
30.223918736
K= 1418
7170.71428571
K= 1419
77.8474905611
K= 1420
5348.69111764
K= 1421
7170.33333333
K= 1422
3462.33333333
K= 1423
7168.42857143
K= 1424
7170.5
K= 1425
55.9674988062
K= 1426
3462.33333333
K= 1427
3744.03697691
K= 1428
7170.35714286
K= 1429
7171.0
K= 1430
58.785878237
K= 1431
7170.46666667
K= 1432
5239.58059874
K= 1433
49.7681134486
K= 1434
7168.58333333
K= 1435
7169.83333333
K= 1436
7170.16666667
K= 1437
7173.05714286
K= 1438
7170.0
K= 1439
7170.59615385
K= 1440
18708.0
K= 1441
7445.0
K= 1442
7169.93478261
K= 1443
3766.54837599
K= 1444
7169.0
K= 1445
7445.0
K= 1446
3515.67032967
K= 1447
7311.5
K= 1448
3589.77777778
K= 1449
7310.71428571
K= 1450
33.367183012
K= 1451
5115.68420154
K= 1452
7307.33333333
K= 1453
5213.85305303
K= 1454
37.9488492977
K= 1455
1765.62639442
K= 1456
7310.42857143
K= 1457
24.4263478064
K= 1458
7167.85714286
K= 1459
5245.31568187
K= 1460
7170.0
K= 1461
7445.0
K= 1462
79.4692153544
K= 1463
519.39498131
K= 1464
7169.46666667
K= 1465
14338.25
K= 1466
7134.84955209
K= 1467
7170.44444444
K= 1468
7169.43333333
K= 1469
61.1287387341
K= 1470
7169.55555556
K= 1471
7170.66666667
K= 1472
271.628587455
K= 1473
7164.33333333
K= 1474
7446.0
K= 1475
52.0416927094
K= 1476
52.5418295475
K= 1477
7169.33333333
K= 1478
3836.33333333
K= 1479
7307.71428571
K= 1480
338.198652631
K= 1481
7170.1
K= 1482
7171.0
K= 1483
23.9700407728
K= 1484
3749.26190476
K= 1485
7445.0
K= 1486
3786.0
K= 1487
3838.41666667
K= 1488
51.398256284
K= 1489
23.3052636835
K= 1490
33.4195190856
K= 1491
35.3893307023
K= 1492
7169.44
K= 1493
54.6632374841
K= 1494
7306.5
K= 1495
7140.0
K= 1496
7170.74697674
K= 1497
7307.33333333
K= 1498
7167.93442623
K= 1499
10901.5777778
K= 1500
7121.58015873
K= 1501
70.0736800124
K= 1502
4020.28809524
K= 1503
7170.7447619
K= 1504
523.18895368
K= 1505
7169.5
K= 1506
7445.0
K= 1507
28.7079108998
K= 1508
11179.0
K= 1509
7307.33333333
K= 1510
7307.33333333
K= 1511
7307.66666667
K= 1512
5115.68420154
K= 1513
3746.90266106
K= 1514
24.0411058064
K= 1515
3574.33333333
K= 1516
349.495918141
K= 1517
6711.56184321
K= 1518
300.368946748
K= 1519
7170.0
K= 1520
7169.43333333
K= 1521
7307.33333333
K= 1522
7169.0
K= 1523
194.070586574
K= 1524
40.5949524425
K= 1525
7169.46666667
K= 1526
676.905311355
K= 1527
33.2137613919
K= 1528
498.967933515
K= 1529
1241.40109251
K= 1530
100.362564267
K= 1531
7169.74637681
K= 1532
7445.0
K= 1533
7170.33333333
K= 1534
7171.0
K= 1535
233.289057615
K= 1536
3966.49845656
K= 1537
46.4486703275
K= 1538
10901.1666667
K= 1539
85.7950039225
K= 1540
77.883562729
K= 1541
7171.0
K= 1542
3727.0
K= 1543
3749.55924519
K= 1544
41.0696934389
K= 1545
840.863636364
K= 1546
63.5308075323
K= 1547
7446.0
K= 1548
57.8235930884
K= 1549
7445.0
K= 1550
7307.6
K= 1551
282.135241577
K= 1552
10601.0833333
K= 1553
749.38453316
K= 1554
7170.25
K= 1555
7170.59
K= 1556
58.4517782441
K= 1557
572.398211997
K= 1558
127.115000039
K= 1559
7171.0
K= 1560
58.5108008997
K= 1561
7307.33333333
K= 1562
7310.41818182
K= 1563
3891.96504265
K= 1564
697.752198931
K= 1565
7170.55
K= 1566
3750.76666667
K= 1567
5407.87858907
K= 1568
7446.0
K= 1569
41.2548805799
K= 1570
76.3781139213
K= 1571
7170.46666667
K= 1572
454.879897287
K= 1573
7476.83333333
K= 1574
7167.67857143
K= 1575
7170.5
K= 1576
56.842445835
K= 1577
7446.0
K= 1578
133.989231955
K= 1579
7445.0
K= 1580
317.647890759
K= 1581
7169.2
K= 1582
7169.2965368
K= 1583
7307.33333333
K= 1584
7307.33333333
K= 1585
7168.58333333
K= 1586
40.0746262952
K= 1587
5242.69679071
K= 1588
39.3934989036
K= 1589
7170.6
K= 1590
749.120195687
K= 1591
7171.0
K= 1592
7307.33333333
K= 1593
7170.60714286
K= 1594
7168.92857143
K= 1595
7170.2
K= 1596
7446.0
K= 1597
7446.0
K= 1598
74.8251596283
K= 1599
11179.0
K= 1600
3975.0
K= 1601
7169.01601732
K= 1602
7446.0
K= 1603
73.9265555411
K= 1604
28.2302565569
K= 1605
676.283682016
K= 1606
10608.7308489
K= 1607
3509.0
K= 1608
5253.34580407
K= 1609
7307.33333333
K= 1610
157.314831726
K= 1611
7169.5
K= 1612
3573.33333333
K= 1613
48.8893321612
K= 1614
7170.5
K= 1615
3466.66666667
K= 1616
53.8893117569
K= 1617
7170.3
K= 1618
39.9929467235
K= 1619
3761.90732601
K= 1620
27.0978690473
K= 1621
81.3027018318
K= 1622
10660.1351403
K= 1623
7170.5
K= 1624
7306.77777778
K= 1625
3455.84320367
K= 1626
82.1976426571
K= 1627
7170.34210526
K= 1628
7453.93305465
K= 1629
3748.95238095
K= 1630
7169.58333333
K= 1631
446.796156975
K= 1632
7171.0
K= 1633
7170.85714286
K= 1634
7170.4
K= 1635
30.3456796029
K= 1636
75.7126808682
K= 1637
7168.58333333
K= 1638
7171.0
K= 1639
7170.3
K= 1640
52.1810656365
K= 1641
3514.66666667
K= 1642
7168.75
K= 1643
7169.89473684
K= 1644
5214.97527266
K= 1645
4003.23856976
K= 1646
7307.33333333
K= 1647
7445.0
K= 1648
27566.5878451
K= 1649
7445.0
K= 1650
676.283682016
K= 1651
18.4333333336
K= 1652
3986.8504551
K= 1653
7306.33333333
K= 1654
3727.63070175
K= 1655
3576.69216733
K= 1656
20.4968965711
K= 1657
7170.5
K= 1658
813.012007151
K= 1659
31.2202251584
K= 1660
27.1556175102
K= 1661
7170.25
K= 1662
7170.5
K= 1663
7306.42857143
K= 1664
7171.0
K= 1665
46.6091282007
K= 1666
7168.8283815
K= 1667
7169.33333333
K= 1668
7170.0
K= 1669
7445.0
K= 1670
5225.58244428
K= 1671
686.922277402
K= 1672
7170.86542443
K= 1673
3747.92828283
K= 1674
7169.46666667
K= 1675
11036.6666667
K= 1676
150.690865529
K= 1677
5228.52635962
K= 1678
65.365815154
K= 1679
7170.94444444
K= 1680
7169.99487179
K= 1681
56.0545088256
K= 1682
7169.83333333
K= 1683
7445.0
K= 1684
7170.16666667
K= 1685
48.9060220915
K= 1686
3836.33333333
K= 1687
4046.60927318
K= 1688
5217.16802629
K= 1689
92.4664760403
K= 1690
5224.78707391
K= 1691
27.4071022931
K= 1692
11157.0
K= 1693
158.661280356
K= 1694
7446.0
K= 1695
7445.0
K= 1696
691.089902939
K= 1697
5115.68420154
K= 1698
7445.0
K= 1699
33.9775433992
K= 1700
989.018227286
K= 1701
480.99555442
K= 1702
765.031065611
K= 1703
3462.33333333
K= 1704
7177.47679739
K= 1705
7123.56580157
K= 1706
7170.87545788
K= 1707
3748.01318681
K= 1708
64.0127732634
K= 1709
7170.47368421
K= 1710
3750.88571429
K= 1711
5230.55618556
K= 1712
7169.75
K= 1713
3750.975
K= 1714
7445.0
K= 1715
7445.0
K= 1716
7179.76002179
K= 1717
7168.58333333
K= 1718
26.8728690473
K= 1719
5316.71728673
K= 1720
5254.0052555
K= 1721
7445.0
K= 1722
26.4994600969
K= 1723
7166.51428571
K= 1724
44.5085900958
K= 1725
716.14614959
K= 1726
750.10593038
K= 1727
7446.0
K= 1728
7307.0
K= 1729
793.806421357
K= 1730
7171.0
K= 1731
7170.25
K= 1732
7170.75524476
K= 1733
85.7363453804
K= 1734
61.3523340644
K= 1735
7169.33333333
K= 1736
3786.0
K= 1737
32.5021895125
K= 1738
7169.51428571
K= 1739
10615.0301587
K= 1740
28.7026074216
K= 1741
701.706763992
K= 1742
3509.0
K= 1743
7171.0
K= 1744
49.3519173907
K= 1745
694.749350649
K= 1746
7195.33333333
K= 1747
3989.33099929
K= 1748
29.2456660036
K= 1749
22.2921673275
K= 1750
3750.61111111
K= 1751
34.3171130827
K= 1752
7306.71428571
K= 1753
7196.16666667
K= 1754
7171.0
K= 1755
33.1187731132
K= 1756
5217.16802629
K= 1757
746.766688462
K= 1758
7989.50261165
K= 1759
7306.33333333
K= 1760
27540.711792
K= 1761
49.2459168705
K= 1762
5467.03414387
K= 1763
7171.0
K= 1764
23.5328966285
K= 1765
7445.0
K= 1766
7310.66666667
K= 1767
3574.33333333
K= 1768
3749.04395604
K= 1769
58.6911919533
K= 1770
3443.86810714
K= 1771
3748.58903319
K= 1772
7307.33333333
K= 1773
7446.0
K= 1774
7445.0
K= 1775
7446.0
K= 1776
2220.39251757
K= 1777
7169.325
K= 1778
7310.33333333
K= 1779
4057.76693405
K= 1780
796.061193077
K= 1781
7445.0
K= 1782
23.5405816118
K= 1783
53.0124785559
K= 1784
1915.32634341
K= 1785
7168.0
K= 1786
5295.46440039
K= 1787
3462.33333333
K= 1788
132.451760252
K= 1789
7307.33333333
K= 1790
282.82527538
K= 1791
43.6367540191
K= 1792
7445.0
K= 1793
18.7666666668
K= 1794
7169.71428571
K= 1795
496.699104123
K= 1796
5264.78933268
K= 1797
71.4779249643
K= 1798
7309.81818182
K= 1799
63.9554590499
K= 1800
7170.0
K= 1801
7307.0
K= 1802
7170.66666667
K= 1803
3751.01666667
K= 1804
26.6279434523
K= 1805
27451.2909251
K= 1806
7169.66666667
K= 1807
7169.46666667
K= 1808
321.53411329
K= 1809
34.0266782128
K= 1810
804.217718855
K= 1811
18.2138888889
K= 1812
7445.0
K= 1813
118.951747544
K= 1814
52.3646179066
K= 1815
51.9748776667
K= 1816
7306.33333333
K= 1817
5417.11510149
K= 1818
69.3868723874
K= 1819
3444.69450502
K= 1820
14998.9761905
K= 1821
36.3199302896
K= 1822
7445.0
K= 1823
7170.25
K= 1824
3574.33333333
K= 1825
7446.0
K= 1826
7444.55555556
K= 1827
152.184068701
K= 1828
381.477425182
K= 1829
26.8045959577
K= 1830
7169.86904762
K= 1831
7168.75
K= 1832
6750.12149502
K= 1833
4003.23856976
K= 1834
7445.0
K= 1835
3748.94958326
K= 1836
7446.0
K= 1837
7169.6285435
K= 1838
3453.87820919
K= 1839
57.1026354561
K= 1840
4000.55496295
K= 1841
10880.5555556
K= 1842
174.4062866
K= 1843
24.8366148755
K= 1844
702.662372801
K= 1845
32.2969397495
K= 1846
7445.0
K= 1847
7445.0
K= 1848
7169.83333333
K= 1849
41.2500380231
K= 1850
37.6543103275
K= 1851
7307.33333333
K= 1852
7127.97423461
K= 1853
3582.0
K= 1854
7169.84313725
K= 1855
5454.47989051
K= 1856
34.3100946733
K= 1857
3748.76190476
K= 1858
7168.51428571
K= 1859
7170.3
K= 1860
7307.33333333
K= 1861
7169.1
K= 1862
7169.2
K= 1863
3449.33333333
K= 1864
59.6273602403
K= 1865
712.960148349
K= 1866
102.761044794
K= 1867
676.283682016
K= 1868
3574.33333333
K= 1869
308.941344863
K= 1870
7167.76433566
K= 1871
52.0416927093
K= 1872
74.5446277943
K= 1873
7307.33333333
K= 1874
56.7679880161
K= 1875
7445.0
K= 1876
7168.86666667
K= 1877
62.8426532735
K= 1878
186.888601116
K= 1879
25.6033548521
K= 1880
7169.85714286
K= 1881
7445.0
K= 1882
26.4918167251
K= 1883
21.4072251359
K= 1884
7306.77777778
K= 1885
3748.901839
K= 1886
27529.9684258
K= 1887
36.3537888519
K= 1888
20.4444816933
K= 1889
296.106663876
K= 1890
7446.0
K= 1891
3963.85816431
K= 1892
25.7392250857
K= 1893
7170.5
K= 1894
7170.0
K= 1895
3509.0
K= 1896
7140.0
K= 1897
7168.33333333
K= 1898
7171.0
K= 1899
80.3812367772
K= 1900
748.269667986
K= 1901
7307.33333333
K= 1902
28.8614045726
K= 1903
7171.0
K= 1904
5296.42194084
K= 1905
32.9441108409
K= 1906
7169.69230769
K= 1907
35.7429405497
K= 1908
3748.05744141
K= 1909
69.0266291822
K= 1910
22.8090576469
K= 1911
20.7589745792
K= 1912
59.9305200581
K= 1913
3509.0
K= 1914
7170.89473684
K= 1915
7170.74089069
K= 1916
7178.52777778
K= 1917
7169.86324786
K= 1918
40.4874512304
K= 1919
7188.37582083
K= 1920
3987.07502449
K= 1921
7171.0
K= 1922
3442.27391494
K= 1923
706.908415938
K= 1924
69.5528005626
K= 1925
3750.6
K= 1926
7445.0
K= 1927
7169.89473684
K= 1928
5524.81726191
K= 1929
27.6029169485
K= 1930
469.476304164
K= 1931
1591.98441552
K= 1932
700.565658995
K= 1933
7445.0
K= 1934
7170.0
K= 1935
736.501482423
K= 1936
7306.33333333
K= 1937
41.4130645678
K= 1938
50.5533609549
K= 1939
23.5405816118
K= 1940
7169.76470588
K= 1941
7169.88888889
K= 1942
7445.0
K= 1943
3880.0
K= 1944
7169.5
K= 1945
7171.0
K= 1946
23.8733286099
K= 1947
7174.80952381
K= 1948
3948.25032401
K= 1949
63.1758208212
K= 1950
7169.85503686
K= 1951
7445.0
K= 1952
3975.0
K= 1953
7171.0
K= 1954
16.9976190475
K= 1955
3966.49845656
K= 1956
7169.64923077
K= 1957
52.3658920201
K= 1958
716.14614959
K= 1959
6963.15281017
K= 1960
5217.41722727
K= 1961
170.49285886
K= 1962
3748.93214286
K= 1963
36.9901848679
K= 1964
4041.81031746
K= 1965
36.3253007769
K= 1966
7307.33333333
K= 1967
7306.5
K= 1968
3582.0
K= 1969
7445.0
K= 1970
7445.0
K= 1971
242.160629641
K= 1972
7169.33333333
K= 1973
7169.92857143
K= 1974
7170.86363636
K= 1975
7171.0
K= 1976
7315.68956044
K= 1977
7169.94017094
K= 1978
7170.3
K= 1979
7510.57694831
K= 1980
279.423304612
K= 1981
20.3973826385
K= 1982
58.6911919533
K= 1983
10607.3333333
K= 1984
7171.68421053
K= 1985
22.8484638601
K= 1986
7169.66666667
K= 1987
5273.7503559
K= 1988
392.53160168
K= 1989
7170.8422619
K= 1990
3749.26190476
K= 1991
7169.5
K= 1992
3574.33333333
K= 1993
41.2714763429
K= 1994
7446.0
K= 1995
7170.0
K= 1996
7445.0
K= 1997
97.1845058405
K= 1998
38.2834599122
K= 1999
7445.0
K= 2000
34.8216390432
K= 2001
7171.0
K= 2002
7170.4
K= 2003
3574.33333333
K= 2004
800.976646957
K= 2005
25.0866148755
K= 2006
1249.87759768
K= 2007
7306.33333333
K= 2008
824.822533022
K= 2009
3462.33333333
K= 2010
35.3200899207
K= 2011
304.080968088
K= 2012
47.3172788499
K= 2013
53.0742078249
K= 2014
48.7848573901
K= 2015
7445.0
K= 2016
7169.83333333
K= 2017
742.871737739
K= 2018
675.721923165
K= 2019
194.642206775
K= 2020
26.8010182524
K= 2021
23.9700407728
K= 2022
3564.33333333
K= 2023
46.7025002305
K= 2024
7171.20634921
K= 2025
5218.57993105
K= 2026
7169.5
K= 2027
3875.21770372
K= 2028
28.8415040888
K= 2029
7170.0
K= 2030
159.192181907
K= 2031
48.4746857909
K= 2032
15010.7798784
K= 2033
20.3288197505
K= 2034
7186.87857143
K= 2035
7445.0
K= 2036
125.530098254
K= 2037
3574.33333333
K= 2038
7445.0
K= 2039
7171.0
K= 2040
114.583322817
K= 2041
7307.33333333
K= 2042
10603.1111111
K= 2043
5297.29382539
K= 2044
7169.17575758
K= 2045
14608.6666667
K= 2046
3787.00434288
K= 2047
85.7777899568
K= 2048
7446.0
K= 2049
44.5249154043
K= 2050
7310.5
K= 2051
3574.33333333
K= 2052
7445.0
K= 2053
7445.0
K= 2054
7445.0
K= 2055
7446.0
K= 2056
7170.95652174
K= 2057
7445.0
K= 2058
83.7437901825
K= 2059
27440.8858746
K= 2060
723.453592426
K= 2061
10900.0
K= 2062
44.1549948342
K= 2063
23.8733286099
K= 2064
7446.0
K= 2065
7170.81904762
K= 2066
42.9361144695
K= 2067
3470.80769231
K= 2068
7171.0
K= 2069
7445.0
K= 2070
27523.4902623
K= 2071
20.4444816933
K= 2072
81.7488647318
K= 2073
5250.20243097
K= 2074
77.4310038169
K= 2075
7445.0
K= 2076
7170.46666667
K= 2077
560.178314339
K= 2078
23.9700407728
K= 2079
7446.0
K= 2080
7169.82608696
K= 2081
20.7589745792
K= 2082
7445.0
K= 2083
3745.89478864
K= 2084
66.5237134174
K= 2085
52.0416927093
K= 2086
7446.0
K= 2087
27705.8655186
K= 2088
7445.0
K= 2089
170.276699162
K= 2090
3574.33333333
K= 2091
7446.0
K= 2092
14315.1666667
K= 2093
7170.62337662
K= 2094
3987.07502449
K= 2095
7492.16772979
K= 2096
5464.09298061
K= 2097
316.872608458
K= 2098
647.416666667
K= 2099
7169.33333333
K= 2100
7446.0
K= 2101
7169.86403509
K= 2102
7170.85026738
K= 2103
7170.0
K= 2104
7445.0
K= 2105
5115.68420154
K= 2106
7170.86363636
K= 2107
7171.0
K= 2108
5322.99805028
K= 2109
3756.0737013
K= 2110
5226.60360711
K= 2111
3747.5043623
K= 2112
7446.0
K= 2113
25.2098340527
K= 2114
3769.78011544
K= 2115
7445.0
K= 2116
51.4001519046
K= 2117
7446.0
K= 2118
45.6100645866
K= 2119
5216.59897867
K= 2120
3438.0
K= 2121
7446.0
K= 2122
7167.97402597
K= 2123
4081.85714286
K= 2124
5223.62964245
K= 2125
753.93369482
K= 2126
7446.0
K= 2127
777.616851016
K= 2128
7170.0
K= 2129
7169.25
K= 2130
3574.33333333
K= 2131
7170.0
K= 2132
7170.6
K= 2133
5262.88045053
K= 2134
731.432251324
K= 2135
7169.33333333
K= 2136
3574.33333333
K= 2137
52.0416927093
K= 2138
7169.85421995
K= 2139
7307.33333333
K= 2140
3747.8551121
K= 2141
636.653841465
K= 2142
3574.33333333
K= 2143
3769.7849146
K= 2144
7169.74637681
K= 2145
7445.0
K= 2146
1150.50398884
K= 2147
7170.0
K= 2148
266.825470576
K= 2149
3748.21141215
K= 2150
7170.5
K= 2151
7445.0
K= 2152
3786.0
K= 2153
3786.0
K= 2154
634.331583314
K= 2155
7307.33333333
K= 2156
7170.0
K= 2157
7306.33333333
K= 2158
7445.0
K= 2159
11037.5
K= 2160
3701.60714286
K= 2161
258.958446765
K= 2162
22.7637465497
K= 2163
244.016955249
K= 2164
5222.99659772
K= 2165
7445.0
K= 2166
22.5028915349
K= 2167
3878.71504265
K= 2168
7170.67307692
K= 2169
7169.86904762
K= 2170
24.017535726
K= 2171
7444.16666667
K= 2172
108.196129031
K= 2173
6136.73601751
K= 2174
7170.93233083
K= 2175
7445.0
K= 2176
31.2739740441
K= 2177
5217.66802629
K= 2178
7170.5
K= 2179
50.0260126693
K= 2180
35.3183965663
K= 2181
7446.0
K= 2182
52.0416927093
K= 2183
5216.66802629
K= 2184
7445.0
K= 2185
7446.0
K= 2186
7169.5
K= 2187
7325.49206349
K= 2188
7146.8
K= 2189
7172.0
K= 2190
7310.42857143
K= 2191
5291.57693595
K= 2192
35.594305439
K= 2193
7697.62596999
K= 2194
665.485548301
K= 2195
7170.6
K= 2196
7446.0
K= 2197
41.9870289101
K= 2198
3750.48888889
K= 2199
7169.85714286
K= 2200
7169.85026738
K= 2201
3500.33333333
K= 2202
7446.0
K= 2203
52.8673714085
K= 2204
552.198288476
K= 2205
31.6605089146
K= 2206
7445.0
K= 2207
7170.0
K= 2208
7169.86403509
K= 2209
7171.0
K= 2210
7306.55555556
K= 2211
7171.0
K= 2212
3509.0
K= 2213
7307.33333333
K= 2214
7310.5
K= 2215
10901.6071429
K= 2216
7446.0
K= 2217
4724.88901901
K= 2218
29.9853419698
K= 2219
7307.33333333
K= 2220
7446.0
K= 2221
7445.0
K= 2222
10901.8654244
K= 2223
3444.86409656
K= 2224
8446.0
K= 2225
7170.4
K= 2226
7306.33333333
K= 2227
7307.33333333
K= 2228
11222.9335498
K= 2229
40943.0
K= 2230
7445.0
K= 2231
77.1363620574
K= 2232
1100.78374001
K= 2233
7170.6
K= 2234
7169.1
K= 2235
7170.5
K= 2236
7446.0
K= 2237
80.8969041201
K= 2238
7170.86666667
K= 2239
7169.60714286
K= 2240
7306.77777778
K= 2241
7169.62328042
K= 2242
60.4394952322
K= 2243
8636.40135962
K= 2244
7445.0
K= 2245
20.3906647901
K= 2246
43.5691408957
K= 2247
38.3321966127
K= 2248
23.9700407728
K= 2249
7166.95121951
K= 2250
644.67974575
K= 2251
5233.70374052
K= 2252
7445.0
K= 2253
5360.2683
K= 2254
80.8536264728
K= 2255
5288.40385712
K= 2256
10571.5
K= 2257
7170.85748792
K= 2258
7171.0
K= 2259
7445.0
K= 2260
7446.0
K= 2261
44.9602980826
K= 2262
7170.5
K= 2263
7168.75
K= 2264
21.3855006609
K= 2265
22.8484638601
K= 2266
11239.0390828
K= 2267
7171.0
K= 2268
48.7052905475
K= 2269
7499.24830918
K= 2270
7171.0
K= 2271
720.904322724
K= 2272
276.763424699
K= 2273
835.684530382
K= 2274
7445.0
K= 2275
4037.0222316
K= 2276
53.448952083
K= 2277
7446.0
K= 2278
7169.0
K= 2279
7445.0
K= 2280
7169.66666667
K= 2281
7170.58333333
K= 2282
67.9006670252
K= 2283
116.712956129
K= 2284
24.7786116533
K= 2285
7445.0
K= 2286
68.4299499961
K= 2287
7306.5
K= 2288
7180.87539683
K= 2289
7169.94444444
K= 2290
7445.0
K= 2291
521.68285213
K= 2292
7171.0
K= 2293
7171.0
K= 2294
7170.0
K= 2295
3962.48737374
K= 2296
5241.58984097
K= 2297
7171.0
K= 2298
7170.0
K= 2299
28.1183736242
K= 2300
7446.0
K= 2301
742.698180525
K= 2302
220.346211549
K= 2303
7445.0
K= 2304
7170.0
K= 2305
720.904322724
K= 2306
5235.48967606
K= 2307
672.351288245
K= 2308
254.171157993
K= 2309
3744.48682686
K= 2310
7446.0
K= 2311
7446.0
K= 2312
251.148920035
K= 2313
7445.0
K= 2314
7445.0
K= 2315
7168.33333333
K= 2316
40943.0
K= 2317
7445.0
K= 2318
5215.39897867
K= 2319
5240.88366937
K= 2320
22.5564042826
K= 2321
716.14614959
K= 2322
3851.44701694
K= 2323
5247.45830002
K= 2324
7169.58333333
K= 2325
5215.66326438
K= 2326
3748.67559524
K= 2327
7445.0
K= 2328
7164.59996525
K= 2329
7170.58333333
K= 2330
3748.85677398
K= 2331
234.440164758
K= 2332
267.729666488
K= 2333
64.779676421
K= 2334
36.2666284052
K= 2335
7153.95317183
K= 2336
3751.0
K= 2337
7311.31038961
K= 2338
7445.0
K= 2339
7736.92315721
K= 2340
7161.03369556
K= 2341
7307.33333333
K= 2342
23.8211234234
K= 2343
7169.66666667
K= 2344
7445.0
K= 2345
7170.86666667
K= 2346
7169.86666667
K= 2347
165.825056494
K= 2348
7170.14285714
K= 2349
7445.0
K= 2350
7446.0
K= 2351
58.494017055
K= 2352
7445.0
K= 2353
7170.66666667
K= 2354
7445.0
K= 2355
7445.0
K= 2356
7169.46153846
K= 2357
7169.46666667
K= 2358
5352.75730564
K= 2359
3836.33333333
K= 2360
7306.5
K= 2361
7445.0
K= 2362
7445.0
K= 2363
7311.66666667
K= 2364
388.32867829
K= 2365
757.956239195
K= 2366
7168.58333333
K= 2367
65.6831853775
K= 2368
29.5774230569
K= 2369
3878.38170932
K= 2370
20.3288197505
K= 2371
3512.5
K= 2372
75.3883951998
K= 2373
7168.95454545
K= 2374
18.4333333336
K= 2375
7170.80523256
K= 2376
7178.19010655
K= 2377
669.93543828
K= 2378
7307.33333333
K= 2379
7170.85816431
K= 2380
7169.9
K= 2381
3444.69956329
K= 2382
10224.665239
K= 2383
7170.46666667
K= 2384
72.137543546
K= 2385
697.941063092
K= 2386
41.1231235678
K= 2387
27543.7685035
K= 2388
38.3855090494
K= 2389
7445.0
K= 2390
676.283682016
K= 2391
7446.0
K= 2392
82.0472704589
K= 2393
7168.5
K= 2394
720.112289343
K= 2395
7170.0
K= 2396
7171.0
K= 2397
7169.475
K= 2398
7170.76190476
K= 2399
20.3973826385
K= 2400
7445.0
Betweenness Centrality Improvement
[ 0.  0.  0. ...,  0.  0.  0.]
Top 20 BC Improvement
[2316 2229 2087 1648 2387 1760 1320 1886 2070 1805 2059 1440 2032 1820 2045
 1465 1362 2092 2266 2228]
Top 20 BC Improvement
[ 40943.          40943.          27705.86551863  27566.58784513
  27543.76850345  27540.71179201  27535.09405278  27529.96842582
  27523.49026231  27451.29092511  27440.8858746   18708.          15010.77987839
  14998.97619048  14608.66666667  14338.25        14321.          14315.16666667
  11239.03908278  11222.93354978]
