txValue= 1000000
IGRAPH D--- 4619 68733 -- 
+ attr: pub_key (v), base_fee (e), capacity (e), fee_rate (e), txCost (e)
None
IGRAPH D--- 4619 50297 -- 
+ attr: pub_key (v), base_fee (e), capacity (e), fee_rate (e), txCost (e)
None
Our nodes starting connections: 
(4618, 2796)
(4618, 1223)
(4618, 1163)
K= 0
201.205530318
K= 1
89.7371205882
K= 2
63.1878978487
K= 3
206.42369498
K= 4
10949.2305556
K= 5
3766.21664946
K= 6
300.76195975
K= 7
49.0121293631
K= 8
7441.33333333
K= 9
21.7405482422
K= 10
7225.75
K= 11
46.1524027431
K= 12
21586.8
K= 13
72.026130684
K= 14
27.6397028681
K= 15
329.387397932
K= 16
7183.6
K= 17
7446.0
K= 18
32.607688647
K= 19
68.7748285349
K= 20
45.5907889932
K= 21
22.4485563939
K= 22
7361.5
K= 23
7215.61666667
K= 24
3743.87626902
K= 25
50.7402804901
K= 26
22.0367074393
K= 27
7184.60750916
K= 28
7225.54761905
K= 29
20.9414497347
K= 30
7361.75
K= 31
7224.81233363
K= 32
1938.34273735
K= 33
38.5950117421
K= 34
7216.35714286
K= 35
17.6833350504
K= 36
7220.51428571
K= 37
24.9103905185
K= 38
7223.33333333
K= 39
37.6298008382
K= 40
7225.84615385
K= 41
7225.66666667
K= 42
7225.4
K= 43
22.4865844881
K= 44
7223.85714286
K= 45
3747.46666667
K= 46
7304.0
K= 47
598.76101074
K= 48
3565.0
K= 49
7301.66666667
K= 50
52.0349535153
K= 51
7362.66666667
K= 52
647.07992474
K= 53
56.6274811273
K= 54
62.844239005
K= 55
7225.33333333
K= 56
7196.0
K= 57
7226.41666667
K= 58
22.4485563939
K= 59
7225.6
K= 60
600.532147233
K= 61
93.3839497636
K= 62
92.800720013
K= 63
7226.0
K= 64
88.6528075604
K= 65
7226.0
K= 66
8831.24566853
K= 67
10714.0
K= 68
7214.16666667
K= 69
664.530145929
K= 70
636.558189348
K= 71
5765.26952472
K= 72
625.435157885
K= 73
3746.31501831
K= 74
38.2210209233
K= 75
29.918833994
K= 76
3628.5
K= 77
3629.5
K= 78
3747.38333333
K= 79
7225.86403509
K= 80
68.4692666255
K= 81
3944.10464495
K= 82
7225.87234043
K= 83
7225.70731707
K= 84
61.7096336202
K= 85
19.8378690863
K= 86
7226.51219512
K= 87
3749.18387681
K= 88
3629.5
K= 89
598.76101074
K= 90
276.448320621
K= 91
5258.63982116
K= 92
5163.03420154
K= 93
3633.71616359
K= 94
7225.46666667
K= 95
7362.5
K= 96
7224.2
K= 97
3958.43115022
K= 98
30.9245744962
K= 99
26.3042824115
K= 100
3970.49845656
K= 101
3749.03070175
K= 102
26.4566233975
K= 103
34.2506326248
K= 104
7225.35
K= 105
7225.25
K= 106
7225.46666667
K= 107
7224.33333333
K= 108
3899.06857041
K= 109
7225.3
K= 110
7218.44230769
K= 111
7446.0
K= 112
7445.0
K= 113
16.8462454213
K= 114
20.9151305265
K= 115
7224.46666667
K= 116
7225.94736842
K= 117
3629.5
K= 118
7226.0
K= 119
19.4738918025
K= 120
5264.8342656
K= 121
7127.0
K= 122
7228.0
K= 123
668.440256603
K= 124
7446.0
K= 125
7224.62637363
K= 126
51.8758556995
K= 127
5266.63275045
K= 128
10957.0
K= 129
116.390544047
K= 130
7226.0
K= 131
10947.1666667
K= 132
3768.39988955
K= 133
34.4584244965
K= 134
7215.33333333
K= 135
34.2439424882
K= 136
1699.07841219
K= 137
29.0293163579
K= 138
27807.3888608
K= 139
5258.26595059
K= 140
627.502243331
K= 141
7225.86324786
K= 142
7362.5
K= 143
128.229283339
K= 144
7225.5
K= 145
5322.56800054
K= 146
5256.93982116
K= 147
70.3516886251
K= 148
1017.29241962
K= 149
7362.5
K= 150
7226.0
K= 151
7481.18360071
K= 152
5753.74857231
K= 153
7362.66666667
K= 154
5050.75545744
K= 155
7446.0
K= 156
348.495350806
K= 157
7193.0
K= 158
7225.5
K= 159
227.372368489
K= 160
3746.8547619
K= 161
7446.0
K= 162
7225.71428571
K= 163
3768.39988955
K= 164
7225.83333333
K= 165
7362.85714286
K= 166
16.8333333333
K= 167
5261.13982116
K= 168
7298.66666667
K= 169
7213.16666667
K= 170
7226.0
K= 171
65.5299711259
K= 172
7225.51428571
K= 173
20.9151305265
K= 174
7223.375
K= 175
87.3953394534
K= 176
7225.25
K= 177
7215.33333333
K= 178
7362.0
K= 179
7225.5
K= 180
36.3971408046
K= 181
7446.0
K= 182
51.3683889275
K= 183
119.750289259
K= 184
39.5877410284
K= 185
7226.0
K= 186
7226.0
K= 187
18.895486417
K= 188
7446.0
K= 189
42.1747437178
K= 190
3638.0
K= 191
7225.98611111
K= 192
7226.0
K= 193
7225.93548387
K= 194
57.0803368369
K= 195
7225.75
K= 196
10956.5
K= 197
5282.02077354
K= 198
80.6824809602
K= 199
26.1479514465
K= 200
367.395963636
K= 201
3744.71833505
K= 202
57.7673406672
K= 203
10951.0
K= 204
7362.66666667
K= 205
18.895486417
K= 206
7446.0
K= 207
5258.30648783
K= 208
37.1453045165
K= 209
7446.0
K= 210
7361.8
K= 211
166.003599198
K= 212
7299.53636364
K= 213
26.0126990542
K= 214
7225.6
K= 215
3638.0
K= 216
26.9076903689
K= 217
613.866100275
K= 218
3609.96666667
K= 219
47.9979694244
K= 220
5314.6125345
K= 221
34.711601999
K= 222
122286.477768
K= 223
7298.0
K= 224
7298.95
K= 225
5257.97315449
K= 226
27.0508474064
K= 227
7225.94444444
K= 228
3609.96666667
K= 229
7224.79166667
K= 230
647.328587394
K= 231
7224.0
K= 232
7301.0
K= 233
3497.96231743
K= 234
70.2906847533
K= 235
799.836412683
K= 236
7226.39130435
K= 237
7225.89090909
K= 238
651.628647009
K= 239
5336.12042554
K= 240
7226.0
K= 241
46.498601206
K= 242
60.1784590586
K= 243
7445.0
K= 244
7362.71428571
K= 245
7225.58333333
K= 246
3953.94494949
K= 247
7445.0
K= 248
7445.0
K= 249
3629.5
K= 250
7224.95238095
K= 251
86.4037137131
K= 252
7216.18055556
K= 253
370.494008452
K= 254
7362.5
K= 255
7446.0
K= 256
39.3018384575
K= 257
636.558189348
K= 258
146.814780955
K= 259
3837.91512732
K= 260
93.0663012803
K= 261
7219.16666667
K= 262
7446.0
K= 263
21560.8
K= 264
7446.0
K= 265
45.1567646894
K= 266
23.7192666462
K= 267
57.7331530362
K= 268
7223.0
K= 269
39.7411150114
K= 270
7196.6
K= 271
7298.0
K= 272
7446.0
K= 273
7446.0
K= 274
7475.24542484
K= 275
3485.72661504
K= 276
602.87654321
K= 277
7225.46666667
K= 278
7226.0
K= 279
3579.62031025
K= 280
7298.0
K= 281
111.518664296
K= 282
247.131789597
K= 283
7225.66666667
K= 284
3993.23809524
K= 285
786.72892668
K= 286
86.4079864256
K= 287
45.016226225
K= 288
3756.61904762
K= 289
4012.14444444
K= 290
89.906222304
K= 291
7225.46666667
K= 292
7225.0
K= 293
28.5889020264
K= 294
252.429380417
K= 295
95.5860881567
K= 296
5391.39890262
K= 297
7300.57575758
K= 298
7225.85748792
K= 299
7219.16666667
K= 300
5255.47553544
K= 301
7224.33333333
K= 302
5260.93982116
K= 303
7225.16666667
K= 304
7446.0
K= 305
44.0015555673
K= 306
7489.84327485
K= 307
31.5167907347
K= 308
7362.71428571
K= 309
219.398426142
K= 310
7362.5
K= 311
7206.6
K= 312
677.584450605
K= 313
613.129647045
K= 314
7225.46666667
K= 315
7225.82142857
K= 316
172.109467907
K= 317
7446.0
K= 318
7224.63636364
K= 319
37.4855099646
K= 320
45.5222766916
K= 321
593.650363412
K= 322
7299.16666667
K= 323
7226.0
K= 324
7224.83333333
K= 325
7362.5
K= 326
7298.0
K= 327
599.647811836
K= 328
77.4335187769
K= 329
21.9945777205
K= 330
67.1202551489
K= 331
10989.6
K= 332
7446.0
K= 333
26.0465795953
K= 334
14210.4
K= 335
7224.0
K= 336
7225.62781955
K= 337
632.845654098
K= 338
7225.94871795
K= 339
68.1950135051
K= 340
22.4485563939
K= 341
27866.6370626
K= 342
7220.66666667
K= 343
5254.05115509
K= 344
17.2054003509
K= 345
7224.25
K= 346
7228.33333333
K= 347
3745.47073904
K= 348
7223.64705882
K= 349
110.623647188
K= 350
48.308315995
K= 351
8843.82817968
K= 352
89.371671855
K= 353
10708.0
K= 354
7295.83763441
K= 355
7362.5
K= 356
7224.8422619
K= 357
7362.5
K= 358
29.665035591
K= 359
7228.33333333
K= 360
219.398426142
K= 361
48.345368425
K= 362
7223.30718954
K= 363
18.8256412458
K= 364
27868.0277796
K= 365
644.807977718
K= 366
7362.875
K= 367
7225.86542443
K= 368
7446.0
K= 369
43.0846352795
K= 370
7446.0
K= 371
7360.95
K= 372
31.3363482424
K= 373
7226.0
K= 374
7226.0
K= 375
233.43960455
K= 376
7225.69230769
K= 377
263.271944717
K= 378
20.9151305265
K= 379
21.37193035
K= 380
39.3499576638
K= 381
3567.46666667
K= 382
3748.69082126
K= 383
7219.43055556
K= 384
463.910960427
K= 385
7445.0
K= 386
3746.8547619
K= 387
3970.49845656
K= 388
5306.71128071
K= 389
10718.0
K= 390
58.7740161804
K= 391
7224.60714286
K= 392
3510.84320367
K= 393
32.4925501436
K= 394
7446.0
K= 395
7225.46666667
K= 396
59.5718026544
K= 397
7225.85054348
K= 398
7225.73655914
K= 399
699.66162465
K= 400
10943.1666667
K= 401
45.984850566
K= 402
7225.46666667
K= 403
3747.38333333
K= 404
7446.0
K= 405
7225.94736842
K= 406
7446.0
K= 407
7225.96
K= 408
22385.4
K= 409
7446.0
K= 410
7445.0
K= 411
7225.3
K= 412
7225.0
K= 413
7446.0
K= 414
33.4275921895
K= 415
47.6103737083
K= 416
3845.49845656
K= 417
340.305503119
K= 418
7225.46666667
K= 419
27864.7752216
K= 420
97.6240983659
K= 421
3788.87717031
K= 422
289.56236477
K= 423
7224.33333333
K= 424
7446.0
K= 425
7225.46666667
K= 426
645.413215824
K= 427
7225.9
K= 428
7225.76923077
K= 429
44.6296024716
K= 430
58.4635601063
K= 431
7224.0
K= 432
83.8845868659
K= 433
5259.68982116
K= 434
7215.92857143
K= 435
10718.0
K= 436
10955.4666667
K= 437
7225.78206897
K= 438
24.7946644783
K= 439
7225.46666667
K= 440
7225.0
K= 441
3993.23809524
K= 442
29.0617286504
K= 443
7214.16666667
K= 444
67.4953533509
K= 445
7225.0
K= 446
7225.66666667
K= 447
7362.66666667
K= 448
21.1943571685
K= 449
7165.33543124
K= 450
7446.0
K= 451
7226.0
K= 452
38.5476251824
K= 453
3713.41501549
K= 454
358.383383031
K= 455
7225.70731707
K= 456
7446.0
K= 457
638.2775366
K= 458
7224.68965517
K= 459
7445.0
K= 460
7225.85714286
K= 461
7298.0
K= 462
7215.92857143
K= 463
3748.69082126
K= 464
7225.70731707
K= 465
18.895486417
K= 466
747.381115376
K= 467
236.631366461
K= 468
7225.46666667
K= 469
22.0367074393
K= 470
177.512997052
K= 471
34.4673603729
K= 472
5256.3279164
K= 473
65.965416366
K= 474
22.9032815418
K= 475
7225.26666667
K= 476
7225.3
K= 477
7445.0
K= 478
5163.03420154
K= 479
7225.42857143
K= 480
82.3638646893
K= 481
7224.46666667
K= 482
7225.4
K= 483
7183.6
K= 484
5316.96910142
K= 485
7225.66666667
K= 486
7445.0
K= 487
5285.71512771
K= 488
4826.96156127
K= 489
7446.0
K= 490
7446.0
K= 491
7446.0
K= 492
3629.5
K= 493
7225.6
K= 494
18.2336530351
K= 495
11154.15
K= 496
7225.74637681
K= 497
658.398832667
K= 498
81908.5512101
K= 499
7225.46666667
K= 500
28.3724316994
K= 501
3761.8900077
K= 502
18.4278214669
K= 503
3743.37012987
K= 504
598.76101074
K= 505
7445.0
K= 506
7361.85714286
K= 507
7183.6
K= 508
10957.0
K= 509
636.558189348
K= 510
598.76101074
K= 511
7225.86956522
K= 512
7225.43333333
K= 513
3536.9051282
K= 514
2293.3711417
K= 515
73.8024846823
K= 516
7225.8422619
K= 517
33.5668406271
K= 518
7224.33333333
K= 519
7187.80862778
K= 520
3746.99232276
K= 521
7363.0
K= 522
3944.10464495
K= 523
7226.0
K= 524
100.031615864
K= 525
7224.33333333
K= 526
7225.0
K= 527
369.350591289
K= 528
7708.07517422
K= 529
621.745812159
K= 530
27.0508474064
K= 531
7445.0
K= 532
7446.0
K= 533
47.5705708355
K= 534
7225.46666667
K= 535
7225.72727273
K= 536
7219.40897436
K= 537
26.5467969907
K= 538
636.547009249
K= 539
3494.82564125
K= 540
35.7505952489
K= 541
3970.49845656
K= 542
18.2968450398
K= 543
7225.90740741
K= 544
7219.41136364
K= 545
7224.5
K= 546
41.1006496254
K= 547
5163.03420154
K= 548
5779.12217104
K= 549
7193.0
K= 550
61.2985590788
K= 551
7362.5
K= 552
7445.0
K= 553
7224.0
K= 554
7219.16666667
K= 555
640.896179147
K= 556
214.017854008
K= 557
7224.72222222
K= 558
636.117814788
K= 559
7445.0
K= 560
7217.16666667
K= 561
494.482972583
K= 562
647.709267513
K= 563
7225.70731707
K= 564
7736.48333333
K= 565
675.114878438
K= 566
7362.5
K= 567
176.280442166
K= 568
7225.46666667
K= 569
168.766852959
K= 570
460.660575389
K= 571
7224.84637068
K= 572
245.324742447
K= 573
7224.77419355
K= 574
7300.35714286
K= 575
631.955731806
K= 576
7215.33636364
K= 577
25.9580024271
K= 578
7226.0
K= 579
7224.67521368
K= 580
47.225647784
K= 581
104.397189306
K= 582
7221.46666667
K= 583
92.4586788211
K= 584
7224.6
K= 585
7361.93333333
K= 586
7445.0
K= 587
7446.0
K= 588
7362.5
K= 589
45.393351482
K= 590
7224.5
K= 591
3988.68293651
K= 592
11032.2619048
K= 593
7445.0
K= 594
10919.8167488
K= 595
7226.0
K= 596
25.2628439844
K= 597
7225.68645161
K= 598
48.4402239595
K= 599
2045.14428008
K= 600
3749.18387681
K= 601
627.642431932
K= 602
7225.77714286
K= 603
7225.88235294
K= 604
617.917925395
K= 605
3748.68360071
K= 606
3945.37533802
K= 607
3629.5
K= 608
20.7868047927
K= 609
182.047162567
K= 610
7226.0
K= 611
7362.5
K= 612
3743.22257801
K= 613
660.215777938
K= 614
7224.52941176
K= 615
7225.78206897
K= 616
7228.33333333
K= 617
25.7201250329
K= 618
30.9294525939
K= 619
7226.0
K= 620
7214.16666667
K= 621
563.844490973
K= 622
24.2728467592
K= 623
234.525954792
K= 624
7226.0
K= 625
10956.6470588
K= 626
7218.16666667
K= 627
25.5587529751
K= 628
7372.50714286
K= 629
7228.33333333
K= 630
7226.0
K= 631
7363.0
K= 632
7225.51428571
K= 633
7225.43333333
K= 634
7446.0
K= 635
7224.74637681
K= 636
7225.88059701
K= 637
5311.47376228
K= 638
7224.85714286
K= 639
7706.77966707
K= 640
3970.49845656
K= 641
7226.0
K= 642
56.0204334232
K= 643
5254.30648783
K= 644
7445.0
K= 645
7225.76592593
K= 646
643.208336815
K= 647
7224.43333333
K= 648
7225.70731707
K= 649
7225.0
K= 650
7224.05555556
K= 651
670.914374995
K= 652
5674.24554301
K= 653
7362.5
K= 654
3958.48706425
K= 655
3629.5
K= 656
7225.46666667
K= 657
3497.95186408
K= 658
28.1942568413
K= 659
7446.0
K= 660
7225.30555556
K= 661
7225.85982906
K= 662
18421.6333333
K= 663
5769.37887069
K= 664
7446.0
K= 665
7445.0
K= 666
7215.35714286
K= 667
7220.5
K= 668
7224.33333333
K= 669
30.8230709491
K= 670
3507.70082665
K= 671
7365.66666667
K= 672
664.965811966
K= 673
45.0196534242
K= 674
153.773274776
K= 675
55.8285478425
K= 676
7224.4
K= 677
7224.82608696
K= 678
1145.75610445
K= 679
7214.33333333
K= 680
7225.3
K= 681
14942.6333333
K= 682
53.0127382505
K= 683
7231.94047619
K= 684
7445.0
K= 685
7213.16666667
K= 686
28.6395490159
K= 687
235.193331411
K= 688
7226.0
K= 689
220.86181647
K= 690
7299.95
K= 691
3999.97619048
K= 692
32.5294002536
K= 693
7362.5
K= 694
16.8333333334
K= 695
5274.64276601
K= 696
7362.875
K= 697
27827.763876
K= 698
7362.5
K= 699
7225.48148148
K= 700
7226.0
K= 701
3493.0
K= 702
3746.71891892
K= 703
64.0177967761
K= 704
7225.46666667
K= 705
869.182357661
K= 706
5163.03420154
K= 707
7362.5
K= 708
598.76101074
K= 709
30.0337702223
K= 710
7446.0
K= 711
22.9032815418
K= 712
7225.72222222
K= 713
52.9737147084
K= 714
7445.0
K= 715
7225.58333333
K= 716
18.5635632375
K= 717
7362.5
K= 718
14945.5677362
K= 719
33.6315003224
K= 720
132.139321882
K= 721
3500.93079925
K= 722
50.2257632283
K= 723
708.003782468
K= 724
22430.2175439
K= 725
7362.0
K= 726
7141.0
K= 727
10859.3354312
K= 728
7445.0
K= 729
7226.51428571
K= 730
16.5000000001
K= 731
7445.0
K= 732
3957.09632124
K= 733
7214.16666667
K= 734
51.4695325813
K= 735
3745.75901116
K= 736
7297.0
K= 737
7226.0
K= 738
7298.73333333
K= 739
11049.2
K= 740
7225.83673469
K= 741
21.4064258445
K= 742
3768.38183389
K= 743
65.9635356036
K= 744
7224.58333333
K= 745
3747.2422619
K= 746
57.8834747487
K= 747
7225.56521739
K= 748
7224.05555556
K= 749
7232.9482389
K= 750
52.0487305014
K= 751
24.0129726633
K= 752
360.527677407
K= 753
7224.84615385
K= 754
27872.6005212
K= 755
7214.63333333
K= 756
579.37080763
K= 757
7225.66666667
K= 758
7224.66666667
K= 759
375.970897417
K= 760
603.670341928
K= 761
7360.66666667
K= 762
7225.91891892
K= 763
7446.0
K= 764
7446.0
K= 765
61.2427922008
K= 766
7445.0
K= 767
7225.46666667
K= 768
7225.25
K= 769
19.8993728494
K= 770
7226.0
K= 771
3762.52614719
K= 772
29.4510263952
K= 773
7362.83333333
K= 774
45.3466708086
K= 775
7224.46666667
K= 776
3565.0
K= 777
7225.85026738
K= 778
394.336686404
K= 779
7221.98507463
K= 780
39.6533654822
K= 781
3686.43333333
K= 782
7365.66666667
K= 783
60.3510445824
K= 784
7232.64285714
K= 785
7445.0
K= 786
10715.2142857
K= 787
7226.0
K= 788
91.6823891056
K= 789
80.8798451851
K= 790
89.3807649449
K= 791
7225.86666667
K= 792
7185.81511471
K= 793
7225.8422619
K= 794
24.1121502313
K= 795
7225.62790698
K= 796
427.382015085
K= 797
70667.9064538
K= 798
7366.66666667
K= 799
7444.0
K= 800
543.999348292
K= 801
7298.0
K= 802
7224.6
K= 803
3480.16666667
K= 804
3743.88718763
K= 805
18.9947385592
K= 806
63.6530467236
K= 807
375.925673026
K= 808
7225.1
K= 809
3748.11111111
K= 810
7445.0
K= 811
7224.89473684
K= 812
24.6327199312
K= 813
7445.0
K= 814
7296.73333333
K= 815
7298.0
K= 816
152.641870703
K= 817
7362.5
K= 818
18592.4135904
K= 819
3762.04891784
K= 820
7214.16666667
K= 821
7362.57142857
K= 822
7446.0
K= 823
30.0316576576
K= 824
7225.86666667
K= 825
3565.0
K= 826
7300.0
K= 827
7225.0
K= 828
56.6509223437
K= 829
242.891919369
K= 830
7206.6
K= 831
7213.16666667
K= 832
26.0465795953
K= 833
7215.70370933
K= 834
29.3199533985
K= 835
7362.75
K= 836
7224.0
K= 837
52.2977726315
K= 838
72.5323469917
K= 839
71.7148167911
K= 840
7223.58333333
K= 841
7113.10123281
K= 842
674.648413435
K= 843
230.516161423
K= 844
3744.66000172
K= 845
7225.0
K= 846
38.8418700122
K= 847
7224.75
K= 848
630.242044249
K= 849
7225.79421769
K= 850
7225.59
K= 851
507.12199388
K= 852
19.4521673273
K= 853
11412.7126348
K= 854
27818.546565
K= 855
10716.5833333
K= 856
54.4347479801
K= 857
277.458923438
K= 858
7361.0
K= 859
3629.5
K= 860
119.571544433
K= 861
7225.0
K= 862
7226.66666667
K= 863
45.3733347474
K= 864
34.6821324842
K= 865
7216.71895425
K= 866
7225.5
K= 867
3500.70164788
K= 868
7225.70731707
K= 869
3747.42564852
K= 870
7445.0
K= 871
5713.65223612
K= 872
7176.56580157
K= 873
7216.66190476
K= 874
7225.22222222
K= 875
7225.46666667
K= 876
7361.66666667
K= 877
712.605838778
K= 878
7445.0
K= 879
7445.0
K= 880
5274.24757715
K= 881
7224.44791667
K= 882
26.122039556
K= 883
7225.46666667
K= 884
7362.75
K= 885
624.901824552
K= 886
609.994466633
K= 887
7225.52380952
K= 888
7225.72222222
K= 889
55.9863842644
K= 890
49.6745733704
K= 891
5371.16955869
K= 892
5255.67012419
K= 893
7225.86403509
K= 894
7225.66666667
K= 895
3982.87619048
K= 896
7222.97297297
K= 897
3629.5
K= 898
4001.73730159
K= 899
7444.0
K= 900
129.711182066
K= 901
7365.5
K= 902
3565.0
K= 903
7362.5
K= 904
7362.66666667
K= 905
5444.27680065
K= 906
7225.0
K= 907
58.6615357305
K= 908
28.4983764765
K= 909
7226.0
K= 910
72.3213410862
K= 911
7225.20454545
K= 912
656.732209628
K= 913
7224.82065728
K= 914
7221.01754386
K= 915
356.397435761
K= 916
7446.0
K= 917
7364.0
K= 918
3768.39988955
K= 919
3965.48737374
K= 920
23.5508882647
K= 921
3958.48706425
K= 922
7446.0
K= 923
7218.16666667
K= 924
7225.92105263
K= 925
22.2398204567
K= 926
20.9151305265
K= 927
5259.23325301
K= 928
199.486432403
K= 929
7225.46666667
K= 930
616.861651717
K= 931
33.9661252243
K= 932
38.0158016626
K= 933
269.668594478
K= 934
7224.57777778
K= 935
18.9211921621
K= 936
7446.0
K= 937
140.510554497
K= 938
7445.0
K= 939
7225.0
K= 940
7226.0
K= 941
7225.46666667
K= 942
7226.0
K= 943
7225.0
K= 944
3986.78422446
K= 945
3493.36138614
K= 946
7225.0
K= 947
87.5221314235
K= 948
7362.5
K= 949
7362.66666667
K= 950
23.9588902747
K= 951
74.2440222423
K= 952
3756.78971805
K= 953
7225.79166667
K= 954
3629.5
K= 955
7446.0
K= 956
7224.89361702
K= 957
3749.18360071
K= 958
5257.97315449
K= 959
67.8894331366
K= 960
669.944971725
K= 961
7446.0
K= 962
7214.16666667
K= 963
18.2968450398
K= 964
7225.375
K= 965
7366.66666667
K= 966
3638.0
K= 967
7225.86542443
K= 968
3780.03868658
K= 969
7193.0
K= 970
90.5193665308
K= 971
335.496009231
K= 972
7445.0
K= 973
7445.0
K= 974
3629.5
K= 975
3629.5
K= 976
7224.43333333
K= 977
32.4635350296
K= 978
7214.16666667
K= 979
116.637915264
K= 980
7298.0
K= 981
7445.0
K= 982
29.597272612
K= 983
7446.0
K= 984
426.121341863
K= 985
7226.0
K= 986
7224.92198582
K= 987
1348.06147573
K= 988
3494.39689657
K= 989
7225.70707071
K= 990
7215.16666667
K= 991
43.1815524339
K= 992
7446.0
K= 993
5281.06601164
K= 994
7225.0
K= 995
216.586386601
K= 996
7224.76190476
K= 997
59.8657915161
K= 998
3748.95238095
K= 999
7214.16666667
K= 1000
7362.5
K= 1001
7225.80567376
K= 1002
7446.0
K= 1003
304.346749561
K= 1004
22.9032815418
K= 1005
662.93653421
K= 1006
201.487562302
K= 1007
5453.42824008
K= 1008
58.428915457
K= 1009
7446.0
K= 1010
7225.6
K= 1011
21550.8
K= 1012
5595.99546192
K= 1013
7362.5
K= 1014
5262.47092998
K= 1015
7224.55555556
K= 1016
24.8676849188
K= 1017
7225.94444444
K= 1018
7225.46666667
K= 1019
7362.66666667
K= 1020
3970.49845656
K= 1021
7362.5
K= 1022
7445.0
K= 1023
3629.5
K= 1024
5257.47315449
K= 1025
7225.09926471
K= 1026
3747.32777778
K= 1027
7445.0
K= 1028
5257.80648783
K= 1029
7446.0
K= 1030
5591.36390131
K= 1031
4015.35784314
K= 1032
22.4485563939
K= 1033
7225.78974359
K= 1034
91.3388165828
K= 1035
7224.0
K= 1036
29.8589866373
K= 1037
6669.15281017
K= 1038
49.0568072913
K= 1039
22734.5
K= 1040
5284.87077354
K= 1041
7224.34210526
K= 1042
42.8019518747
K= 1043
7226.0
K= 1044
4148.94455532
K= 1045
3966.48737374
K= 1046
7362.5
K= 1047
636.732125332
K= 1048
3744.65368859
K= 1049
148.678508822
K= 1050
7445.0
K= 1051
7225.41666667
K= 1052
7224.84444444
K= 1053
50.549377827
K= 1054
5325.39711579
K= 1055
7225.45714286
K= 1056
7298.0
K= 1057
7215.28888889
K= 1058
1348.31891689
K= 1059
47.5918555008
K= 1060
46.5412809547
K= 1061
62.6613356263
K= 1062
31.7328611315
K= 1063
3421.14036237
K= 1064
91.3636887132
K= 1065
7226.0
K= 1066
7224.83333333
K= 1067
7299.35714286
K= 1068
23.6730498498
K= 1069
3565.0
K= 1070
75.3260221457
K= 1071
7445.0
K= 1072
3943.74814406
K= 1073
7225.0
K= 1074
3745.5734127
K= 1075
7361.5
K= 1076
41.7012520012
K= 1077
7225.46666667
K= 1078
18.9947385592
K= 1079
7445.0
K= 1080
6669.15281017
K= 1081
22.8735576513
K= 1082
7225.76923077
K= 1083
3629.5
K= 1084
7225.70731707
K= 1085
22.128984099
K= 1086
659.923937667
K= 1087
7225.70731707
K= 1088
19.4521673273
K= 1089
7226.0
K= 1090
649.569089266
K= 1091
65.1373940029
K= 1092
60.7642620254
K= 1093
7446.0
K= 1094
5274.24757715
K= 1095
7224.90625
K= 1096
7445.0
K= 1097
7225.47368421
K= 1098
7224.8422619
K= 1099
7446.0
K= 1100
60.3784948565
K= 1101
369.375668228
K= 1102
3564.0
K= 1103
7224.0
K= 1104
421.144136134
K= 1105
7226.0
K= 1106
29.5393905923
K= 1107
10957.0
K= 1108
7446.0
K= 1109
7225.95238095
K= 1110
44.181619356
K= 1111
7225.6
K= 1112
7225.70731707
K= 1113
5286.09826716
K= 1114
7224.44444444
K= 1115
25.6902082445
K= 1116
7446.0
K= 1117
50.6715225019
K= 1118
44.8761558093
K= 1119
7224.25
K= 1120
7224.15
K= 1121
7225.5
K= 1122
5736.82168604
K= 1123
7446.0
K= 1124
7134.44242424
K= 1125
7225.60714286
K= 1126
83.832677095
K= 1127
3747.61111111
K= 1128
10954.0
K= 1129
7225.46666667
K= 1130
7220.91666667
K= 1131
7445.0
K= 1132
331.846342992
K= 1133
7445.0
K= 1134
7445.0
K= 1135
7224.71497585
K= 1136
3629.5
K= 1137
10705.6727273
K= 1138
4062.41666667
K= 1139
7217.03369556
K= 1140
3749.04166667
K= 1141
377.830728725
K= 1142
7194.66666667
K= 1143
7225.0
K= 1144
7224.85714286
K= 1145
7164.33543124
K= 1146
7446.0
K= 1147
103.308377709
K= 1148
7446.0
K= 1149
7224.5
K= 1150
5253.50790112
K= 1151
7226.0
K= 1152
7224.71291866
K= 1153
7446.0
K= 1154
7220.66666667
K= 1155
5259.63982116
K= 1156
649.35721312
K= 1157
7278.61679898
K= 1158
4038.17770616
K= 1159
7362.5
K= 1160
7218.0
K= 1161
24.1974298961
K= 1162
631.254487786
K= 1163
214.403898407
K= 1164
376.583426605
K= 1165
7446.0
K= 1166
97.9951349978
K= 1167
439.781664685
K= 1168
105.872272613
K= 1169
379.794613341
K= 1170
3969.49845656
K= 1171
7225.46666667
K= 1172
7446.0
K= 1173
3861.15108447
K= 1174
478.590574833
K= 1175
7222.0
K= 1176
7224.78662614
K= 1177
7446.0
K= 1178
4312.99751553
K= 1179
661.560157089
K= 1180
49.6752938315
K= 1181
3757.0
K= 1182
44.7715604875
K= 1183
7361.72727273
K= 1184
7063.0
K= 1185
7225.86542443
K= 1186
977.579509639
K= 1187
86.7224765235
K= 1188
3749.19875776
K= 1189
7226.53440285
K= 1190
69.0420593295
K= 1191
7214.16666667
K= 1192
653.350905698
K= 1193
7224.16666667
K= 1194
397.24455382
K= 1195
5737.56614787
K= 1196
7446.0
K= 1197
54.6539041689
K= 1198
21.5361131594
K= 1199
7490.73514088
Betweenness Centrality Improvement
[ 201.20553032   89.73712059   63.18789785 ...,    0.            0.            0.        ]
Top 20 BC Improvement
[ 222  498  797  754  364  341  419  697  854  138 1039  724  408   12  263
 1011  818  662  718  681]
Top 20 BC Improvement
[ 122286.47776847   81908.55121015   70667.90645383   27872.60052116
   27868.02777965   27866.63706257   27864.77522156   27827.76387603
   27818.54656503   27807.38886076   22734.5          22430.21754386
   22385.4          21586.8          21560.8          21550.8
   18592.41359036   18421.63333333   14945.56773619   14942.63333333]
