txValue= 1000000
IGRAPH D--- 4619 68733 -- 
+ attr: pub_key (v), base_fee (e), capacity (e), fee_rate (e), txCost (e)
None
IGRAPH D--- 4619 50297 -- 
+ attr: pub_key (v), base_fee (e), capacity (e), fee_rate (e), txCost (e)
None
Our nodes starting connections: 
(4618, 2796)
(4618, 1223)
(4618, 1163)
K= 3600
7224.51428571
K= 3601
22.5909454869
K= 3602
7224.3
K= 3603
3470.33543124
K= 3604
7233.34444444
K= 3605
7225.0
K= 3606
3567.66666667
K= 3607
5674.68293096
K= 3608
7446.0
K= 3609
75.6076786785
K= 3610
7446.0
K= 3611
642.158528269
K= 3612
7445.0
K= 3613
7445.0
K= 3614
5268.39537671
K= 3615
601.384658082
K= 3616
7486.30245324
K= 3617
7445.0
K= 3618
55.9260172602
K= 3619
3757.90909091
K= 3620
52.7755198044
K= 3621
7224.6
K= 3622
7224.46666667
K= 3623
7224.77492877
K= 3624
7224.86542443
K= 3625
92.2936113379
K= 3626
7445.0
K= 3627
7446.0
K= 3628
694.945711273
K= 3629
7224.85714286
K= 3630
5286.32162781
K= 3631
7224.88
K= 3632
7445.0
K= 3633
5258.47315449
K= 3634
7225.86542443
K= 3635
7223.0
K= 3636
26.2000312256
K= 3637
15.8462454212
K= 3638
71.655054738
K= 3639
7224.58333333
K= 3640
726.860167855
K= 3641
3747.46731965
K= 3642
5649.23690937
K= 3643
3786.0
K= 3644
49.3827616001
K= 3645
31.3757212973
K= 3646
7445.0
K= 3647
27971.1340371
K= 3648
7446.0
K= 3649
699.568316784
K= 3650
7226.0
K= 3651
7445.0
K= 3652
7445.0
K= 3653
881.29734663
K= 3654
3756.6
K= 3655
7224.33333333
K= 3656
7445.0
K= 3657
7221.57777778
K= 3658
3629.5
K= 3659
251.42386643
K= 3660
3975.0
K= 3661
115.352585942
K= 3662
7445.0
K= 3663
7445.0
K= 3664
7219.33636364
K= 3665
36.9205926881
K= 3666
31.6924908423
K= 3667
7445.0
K= 3668
7446.0
K= 3669
3763.73888889
K= 3670
5298.45497629
K= 3671
3173.01365876
K= 3672
270.302271415
K= 3673
3975.0
K= 3674
3938.33333333
K= 3675
7445.0
K= 3676
11161.9850746
K= 3677
42.0935675708
K= 3678
3499.69450502
K= 3679
10714.5
K= 3680
48.1903815597
K= 3681
41.9510759631
K= 3682
7226.0
K= 3683
3512.31648606
K= 3684
11208.5833333
K= 3685
7445.0
K= 3686
30.9970246787
K= 3687
3917.0
K= 3688
3975.0
K= 3689
40.184511414
K= 3690
4425.93814931
K= 3691
636.558189348
K= 3692
896.470024892
K= 3693
3629.5
K= 3694
45.3395364817
K= 3695
3823.61755793
K= 3696
5530.74651849
K= 3697
7445.0
K= 3698
7445.0
K= 3699
42.0176215922
K= 3700
7225.0
K= 3701
7224.66666667
K= 3702
7223.71428571
K= 3703
465.618904096
K= 3704
35.4842828637
K= 3705
7445.0
K= 3706
4077.0
K= 3707
7445.0
K= 3708
7224.79096774
K= 3709
58.5361894165
K= 3710
636.743629522
K= 3711
497.898124098
K= 3712
682.197254153
K= 3713
3755.27063492
K= 3714
7225.0
K= 3715
3958.48706425
K= 3716
37.1987585843
K= 3717
7444.0
K= 3718
54.340291015
K= 3719
7446.0
K= 3720
106.965409217
K= 3721
19.4738918025
K= 3722
7224.86542443
K= 3723
518.297918686
K= 3724
601.26723923
K= 3725
7445.0
K= 3726
635.755432078
K= 3727
598.76101074
K= 3728
3494.58339391
K= 3729
672.134364281
K= 3730
24.1974298961
K= 3731
64.2602008322
K= 3732
7224.46666667
K= 3733
7224.95238095
K= 3734
7445.0
K= 3735
229.769508718
K= 3736
7229.0
K= 3737
672.991268594
K= 3738
7227.33333333
K= 3739
7446.0
K= 3740
7445.0
K= 3741
7445.0
K= 3742
5257.5763291
K= 3743
7224.1
K= 3744
3565.0
K= 3745
5269.43982116
K= 3746
85.2706597495
K= 3747
5269.82871005
K= 3748
33.0937387598
K= 3749
247.289409162
K= 3750
3746.8
K= 3751
7445.0
K= 3752
39.2277750088
K= 3753
7224.60292581
K= 3754
4017.91666667
K= 3755
7445.0
K= 3756
27.113908067
K= 3757
7445.0
K= 3758
7446.0
K= 3759
7017.15281017
K= 3760
27897.0735649
K= 3761
7445.0
K= 3762
246.246819462
K= 3763
7224.86363636
K= 3764
3975.0
K= 3765
5264.27352797
K= 3766
3786.0
K= 3767
7445.0
K= 3768
5340.82840058
K= 3769
436.686530665
K= 3770
18.9947385591
K= 3771
42.8701077428
K= 3772
33.5861964866
K= 3773
7225.66666667
K= 3774
7445.0
K= 3775
3471.604347
K= 3776
209.893481551
K= 3777
3749.15942029
K= 3778
7224.58333333
K= 3779
22.4485563939
K= 3780
286.125240469
K= 3781
7445.0
K= 3782
3574.21825397
K= 3783
3499.86810714
K= 3784
7226.0
K= 3785
3975.0
K= 3786
7224.74089069
K= 3787
54.0582936459
K= 3788
26.9494205046
K= 3789
701.872731535
K= 3790
3629.5
K= 3791
7226.0
K= 3792
29.0560606059
K= 3793
261.242614483
K= 3794
622.055769193
K= 3795
7445.0
K= 3796
90.3956583419
K= 3797
7231.19778036
K= 3798
7445.0
K= 3799
7233.61309524
K= 3800
7445.0
K= 3801
7445.0
K= 3802
31.4001798099
K= 3803
7446.0
K= 3804
383.778130195
K= 3805
92.4304239624
K= 3806
3748.55555556
K= 3807
3744.08333333
K= 3808
657.559125085
K= 3809
656.156847817
K= 3810
7446.0
K= 3811
7445.0
K= 3812
629.319891144
K= 3813
6390.21757334
K= 3814
25.8643597047
K= 3815
5666.44177978
K= 3816
5306.59734481
K= 3817
721.049843086
K= 3818
7445.0
K= 3819
7224.78974359
K= 3820
7224.89473684
K= 3821
7445.0
K= 3822
41.4255037638
K= 3823
7446.0
K= 3824
3481.16666667
K= 3825
7446.0
K= 3826
80.8583041899
K= 3827
7234.51159764
K= 3828
646.245216802
K= 3829
14449.0285714
K= 3830
19.4521673273
K= 3831
7445.0
K= 3832
7221.0
K= 3833
7223.6
K= 3834
366.50224333
K= 3835
7223.89550547
K= 3836
66.3356748092
K= 3837
7445.0
K= 3838
7224.86542443
K= 3839
14719.0
K= 3840
93.6847932835
K= 3841
7445.0
K= 3842
7446.0
K= 3843
7225.46666667
K= 3844
5291.71105605
K= 3845
7445.0
K= 3846
7445.0
K= 3847
7445.0
K= 3848
4001.76944444
K= 3849
39.4548054696
K= 3850
7225.0
K= 3851
7223.93023256
K= 3852
7445.0
K= 3853
114.456624512
K= 3854
99.0174625489
K= 3855
7445.0
K= 3856
7445.0
K= 3857
37.4302251113
K= 3858
636.558189348
K= 3859
5258.00886878
K= 3860
7445.0
K= 3861
52.3603808657
K= 3862
7226.0
K= 3863
812.667573095
K= 3864
623.761011059
K= 3865
3987.3
K= 3866
7446.0
K= 3867
47.5705708355
K= 3868
625.793459751
K= 3869
7226.0
K= 3870
7362.5
K= 3871
21.6072482781
K= 3872
7224.85026738
K= 3873
3786.0
K= 3874
637.620778648
K= 3875
18.9947385592
K= 3876
7445.0
K= 3877
7445.0
K= 3878
7445.0
K= 3879
82.8223300538
K= 3880
64.2733486132
K= 3881
53.044786158
K= 3882
7222.63333333
K= 3883
3975.0
K= 3884
44562.7614466
K= 3885
7445.0
K= 3886
47.5705708355
K= 3887
118.931106972
K= 3888
444.194423784
K= 3889
58.7428760421
K= 3890
7445.0
K= 3891
7445.0
K= 3892
7224.66666667
K= 3893
60.0659612293
K= 3894
50.7723791269
K= 3895
335.151288245
K= 3896
7225.0
K= 3897
3567.86403509
K= 3898
264.382703235
K= 3899
349.938805154
K= 3900
7446.0
K= 3901
3747.3
K= 3902
7226.0
K= 3903
7445.0
K= 3904
22.6160551853
K= 3905
7242.97838071
K= 3906
7445.0
K= 3907
7495.22222222
K= 3908
7446.0
K= 3909
3997.84166667
K= 3910
7224.1
K= 3911
658.706670598
K= 3912
55.0280355312
K= 3913
7445.0
K= 3914
7445.0
K= 3915
7453.90819964
K= 3916
7445.0
K= 3917
7223.58333333
K= 3918
3786.0
K= 3919
7224.66666667
K= 3920
715.246657549
K= 3921
236.046304233
K= 3922
346.543262196
K= 3923
260.837429831
K= 3924
7224.66666667
K= 3925
23.3036560758
K= 3926
7457.42070707
K= 3927
7223.6
K= 3928
47.7059328683
K= 3929
458.820935826
K= 3930
48.9348206967
K= 3931
7224.58333333
K= 3932
22.4485563939
K= 3933
59.2186645613
K= 3934
7445.0
K= 3935
7445.0
K= 3936
7445.0
K= 3937
3743.10219298
K= 3938
223.038928319
K= 3939
7224.66666667
K= 3940
7445.0
K= 3941
7446.0
K= 3942
7445.0
K= 3943
537.348400782
K= 3944
26.5467969907
K= 3945
7224.66666667
K= 3946
3756.3
K= 3947
7445.0
K= 3948
633.374476966
K= 3949
7445.0
K= 3950
7446.0
K= 3951
52.9887327645
K= 3952
7233.2797619
K= 3953
7445.0
K= 3954
7445.0
K= 3955
3749.04166667
K= 3956
7224.86542443
K= 3957
76.7554523199
K= 3958
7224.89473684
K= 3959
3629.5
K= 3960
7446.0
K= 3961
7445.0
K= 3962
701.521171126
K= 3963
1882.79674122
K= 3964
7445.0
K= 3965
7225.0
K= 3966
7445.0
K= 3967
642.694092152
K= 3968
145.320000191
K= 3969
657.241040776
K= 3970
60.3141540454
K= 3971
7445.0
K= 3972
7445.0
K= 3973
47.6325707193
K= 3974
36.9360018499
K= 3975
7224.66666667
K= 3976
7445.0
K= 3977
3580.66666667
K= 3978
49.4467923489
K= 3979
7224.71428571
K= 3980
7445.0
K= 3981
7445.0
K= 3982
7445.0
K= 3983
22.1075417307
K= 3984
7224.8
K= 3985
27.0093230378
K= 3986
7224.33333333
K= 3987
7445.0
K= 3988
24.8676849188
K= 3989
7445.0
K= 3990
7224.94915254
K= 3991
3747.63333333
K= 3992
7445.0
K= 3993
31.7981109479
K= 3994
7445.0
K= 3995
7445.0
K= 3996
7446.0
K= 3997
233.598927493
K= 3998
7445.0
K= 3999
376.521428571
K= 4000
7225.60714286
K= 4001
7224.1
K= 4002
7445.0
K= 4003
7453.59607843
K= 4004
74.3874996947
K= 4005
7445.0
K= 4006
7224.34065934
K= 4007
7448.2
K= 4008
80.0455033903
K= 4009
7226.0
K= 4010
5336.08035218
K= 4011
7224.6285435
K= 4012
7219.92105263
K= 4013
7164.5020979
K= 4014
3565.0
K= 4015
7445.0
K= 4016
7445.0
K= 4017
7446.0
K= 4018
4036.85714286
K= 4019
7445.0
K= 4020
604.069746405
K= 4021
5273.40648783
K= 4022
7446.0
K= 4023
3753.68525976
K= 4024
3629.5
K= 4025
257.846001672
K= 4026
7446.0
K= 4027
10716.4927536
K= 4028
21.9243170412
K= 4029
7445.0
K= 4030
42.7473422743
K= 4031
7129.49248869
K= 4032
645.794352165
K= 4033
20.4405164149
K= 4034
7446.0
K= 4035
27870.3036471
K= 4036
7195.23846154
K= 4037
7445.0
K= 4038
7444.0
K= 4039
7445.0
K= 4040
7445.0
K= 4041
3629.5
K= 4042
7224.83333333
K= 4043
7445.0
K= 4044
3941.97787186
K= 4045
7224.66666667
K= 4046
109.82080173
K= 4047
5434.25037326
K= 4048
3634.12468418
K= 4049
24.8676849188
K= 4050
7445.0
K= 4051
11262.0496972
K= 4052
3975.0
K= 4053
3975.0
K= 4054
58.1402620939
K= 4055
7445.0
K= 4056
652.075872329
K= 4057
7445.0
K= 4058
7225.46666667
K= 4059
4360.12221475
K= 4060
7446.0
K= 4061
78.3417840148
K= 4062
7445.0
K= 4063
7234.0820911
K= 4064
3975.0
K= 4065
689.568265521
K= 4066
7445.0
K= 4067
23.9548604335
K= 4068
7446.0
K= 4069
5379.26899872
K= 4070
7446.0
K= 4071
7224.12941176
K= 4072
7445.0
K= 4073
7444.0452381
K= 4074
7445.0
K= 4075
960.57792241
K= 4076
47.979347545
K= 4077
89.2562160337
K= 4078
7445.0
K= 4079
7445.0
K= 4080
7445.0
K= 4081
28.8556048551
K= 4082
18.895486417
K= 4083
771.747727985
K= 4084
7445.0
K= 4085
65.0717467365
K= 4086
4218.31074153
K= 4087
7445.0
K= 4088
7445.0
K= 4089
7445.0
K= 4090
3990.0
K= 4091
3657.20480547
K= 4092
7445.0
K= 4093
7225.5
K= 4094
689.568265521
K= 4095
7445.0
K= 4096
7224.33333333
K= 4097
325.458475574
K= 4098
7445.0
K= 4099
20.0432218513
K= 4100
20.9151305265
K= 4101
7450.0
K= 4102
29.380553265
K= 4103
3754.98642032
K= 4104
501.635786436
K= 4105
7454.41904762
K= 4106
7445.0
K= 4107
79.6906289018
K= 4108
7215.33333333
K= 4109
7446.0
K= 4110
669.199504832
K= 4111
7445.51338384
K= 4112
606.116328895
K= 4113
62.8330678784
K= 4114
7225.0
K= 4115
7445.0
K= 4116
3743.32653243
K= 4117
35.0707518273
K= 4118
7445.0
K= 4119
3746.13968254
K= 4120
14888.0
K= 4121
7194.66666667
K= 4122
281.93692386
K= 4123
55.3083589312
K= 4124
7445.0
K= 4125
7165.33543124
K= 4126
42.3285899244
K= 4127
7446.0
K= 4128
7445.0
K= 4129
3489.0
K= 4130
7445.0
K= 4131
7445.0
K= 4132
622.257814017
K= 4133
7445.0
K= 4134
7445.0
K= 4135
7446.0
K= 4136
7446.0
K= 4137
7446.0
K= 4138
7445.0
K= 4139
39.9822128508
K= 4140
47.3431225715
K= 4141
7446.0
K= 4142
3975.0
K= 4143
3487.36613299
K= 4144
7445.0
K= 4145
7445.0
K= 4146
7224.34210526
K= 4147
7445.0
K= 4148
7445.0
K= 4149
3629.5
K= 4150
7445.0
K= 4151
10956.3333333
K= 4152
23.7014404758
K= 4153
27.9759476504
K= 4154
5258.47315449
K= 4155
253.253330301
K= 4156
7490.64744745
K= 4157
5391.03953086
K= 4158
7223.74457478
K= 4159
3761.48452381
K= 4160
7193.0
K= 4161
148.921696957
K= 4162
7445.0
K= 4163
3756.5
K= 4164
7446.0
K= 4165
7225.0
K= 4166
7445.0
K= 4167
7445.0
K= 4168
3958.48706425
K= 4169
245.458228841
K= 4170
76.0804280093
K= 4171
229.899495675
K= 4172
11157.0
K= 4173
7224.92982456
K= 4174
7445.0
K= 4175
639.492458419
K= 4176
139.588767154
K= 4177
7445.0
K= 4178
7445.0
K= 4179
7445.0
K= 4180
625.730563851
K= 4181
625.730563851
K= 4182
18599.0
K= 4183
7445.0
K= 4184
1882.79674122
K= 4185
50.0270398003
K= 4186
7446.0
K= 4187
639.661727923
K= 4188
7445.0
K= 4189
67.4573664124
K= 4190
37.5411455999
K= 4191
7445.0
K= 4192
607.837972655
K= 4193
3744.09761905
K= 4194
76.8720330019
K= 4195
3975.0
K= 4196
59.9032748955
K= 4197
7225.46666667
K= 4198
98.2853624144
K= 4199
674.073704589
K= 4200
636.117814788
K= 4201
37.1487199246
K= 4202
66.2757770241
K= 4203
7445.0
K= 4204
125.575383653
K= 4205
7445.0
K= 4206
7193.0
K= 4207
60.5224435212
K= 4208
7446.0
K= 4209
29823.55
K= 4210
7445.0
K= 4211
7224.15555556
K= 4212
7225.5
K= 4213
3565.0
K= 4214
64.2255882869
K= 4215
7445.0
K= 4216
7445.0
K= 4217
7224.8422619
K= 4218
229.119097003
K= 4219
7445.0
K= 4220
7225.0
K= 4221
10717.0
K= 4222
60.494917671
K= 4223
7445.0
K= 4224
3746.8047619
K= 4225
7445.0
K= 4226
253.846523738
K= 4227
7224.85026738
K= 4228
7445.0
K= 4229
29.8196743919
K= 4230
671.828137044
K= 4231
5348.89485885
K= 4232
3949.0838878
K= 4233
7445.0
K= 4234
142.135459616
K= 4235
700.685256842
K= 4236
135.610099417
K= 4237
3997.64934597
K= 4238
182.358132445
K= 4239
42.1949437064
K= 4240
50.8408588269
K= 4241
27937.532106
K= 4242
451.277735455
K= 4243
5285.7960063
K= 4244
3746.98268398
K= 4245
626.531069111
K= 4246
57.7552721294
K= 4247
7445.0
K= 4248
45.3645303871
K= 4249
7445.0
K= 4250
7445.0
K= 4251
7445.0
K= 4252
7445.0
K= 4253
7445.0
K= 4254
3975.0
K= 4255
7445.0
K= 4256
7445.0
K= 4257
3693.61601264
K= 4258
7445.0
K= 4259
5256.1279164
K= 4260
7445.0
K= 4261
3749.16666667
K= 4262
7225.25
K= 4263
3772.97619048
K= 4264
7454.6
K= 4265
7445.0
K= 4266
53.6966256675
K= 4267
7445.0
K= 4268
7445.0
K= 4269
7445.0
K= 4270
664.705927217
K= 4271
7445.0
K= 4272
7446.0
K= 4273
7445.0
K= 4274
3629.5
K= 4275
46.614783964
K= 4276
30.6531583746
K= 4277
3930.5
K= 4278
30.9944820979
K= 4279
7445.0
K= 4280
7165.33543124
K= 4281
23.1965001912
K= 4282
14892.0
K= 4283
64.1547580445
K= 4284
7445.0
K= 4285
27.5258428268
K= 4286
5657.50279985
K= 4287
7461.5
K= 4288
7445.0
K= 4289
27824.9740541
K= 4290
628.504859011
K= 4291
62.3527421779
K= 4292
32.7033741059
K= 4293
27862.0470113
K= 4294
166.309719814
K= 4295
7445.0
K= 4296
7225.0
K= 4297
7446.0
K= 4298
7445.0
K= 4299
4004.07971014
K= 4300
662.429983912
K= 4301
3497.03859702
K= 4302
3746.73055556
K= 4303
7225.46666667
K= 4304
3766.96663243
K= 4305
246.623850149
K= 4306
51.3899127191
K= 4307
49.201010874
K= 4308
7445.0
K= 4309
437.083480122
K= 4310
7225.0
K= 4311
19.8378690863
K= 4312
3975.0
K= 4313
22.827838353
K= 4314
72.9182056938
K= 4315
7445.0
K= 4316
7445.0
K= 4317
7445.0
K= 4318
47.5705708355
K= 4319
53.5610591145
K= 4320
7445.0
K= 4321
7224.0
K= 4322
5270.98466243
K= 4323
40.0525217305
K= 4324
41.1006496254
K= 4325
5255.8842656
K= 4326
3474.96011541
K= 4327
627.50224333
K= 4328
81.1086988259
K= 4329
34.0163914219
K= 4330
108.070449358
K= 4331
7445.0
K= 4332
7445.0
K= 4333
150.791509379
K= 4334
7445.0
K= 4335
7445.0
K= 4336
5315.49609562
K= 4337
56.1034097357
K= 4338
7240.35026738
K= 4339
7225.3
K= 4340
7445.0
K= 4341
4010.61507936
K= 4342
3786.0
K= 4343
7445.0
K= 4344
7446.0
K= 4345
22.7507095622
K= 4346
70.448064542
K= 4347
3966.48737374
K= 4348
7445.0
K= 4349
7445.0
K= 4350
374.165496083
K= 4351
47.2935748777
K= 4352
109.738838744
K= 4353
7445.0
K= 4354
7445.0
K= 4355
7445.0
K= 4356
7446.0
K= 4357
606.296441976
K= 4358
100.013850436
K= 4359
160.303719741
K= 4360
3864.85094184
K= 4361
34.1732556372
K= 4362
7445.0
K= 4363
11916.8770046
K= 4364
3756.92592593
K= 4365
7445.0
K= 4366
54.6167107562
K= 4367
5394.54420094
K= 4368
696.626699618
K= 4369
37.107302206
K= 4370
7445.0
K= 4371
659.871145122
K= 4372
215.11481442
K= 4373
3496.95640428
K= 4374
376.281566912
K= 4375
7445.0
K= 4376
165.793002742
K= 4377
7445.0
K= 4378
709.17647357
K= 4379
7445.0
K= 4380
11168.4
K= 4381
7445.0
K= 4382
4032.03358974
K= 4383
22.128984099
K= 4384
26078.2857143
K= 4385
7445.0
K= 4386
3746.72142857
K= 4387
646.386450235
K= 4388
678.331258229
K= 4389
7445.0
K= 4390
190.443421255
K= 4391
24.8676849188
K= 4392
27863.4354325
K= 4393
70.6027905804
K= 4394
3567.85026738
K= 4395
7445.0
K= 4396
7446.0
K= 4397
7445.0
K= 4398
7445.0
K= 4399
7445.0
K= 4400
86.7749120657
K= 4401
7224.5
K= 4402
7446.0
K= 4403
92.5770499103
K= 4404
7446.0
K= 4405
7224.89473684
K= 4406
20.9151305265
K= 4407
7445.0
K= 4408
3626.07142857
K= 4409
7445.0
K= 4410
7445.0
K= 4411
7445.0
K= 4412
11157.0
K= 4413
29.6059891111
K= 4414
7446.0
K= 4415
7445.0
K= 4416
3848.24845656
K= 4417
3746.68809524
K= 4418
7445.0
K= 4419
233.671583049
K= 4420
256.15817849
K= 4421
111.191006508
K= 4422
7224.0
K= 4423
3744.28989782
K= 4424
26.9332309538
K= 4425
7445.0
K= 4426
7445.0
K= 4427
7225.25
K= 4428
7445.0
K= 4429
7224.85026738
K= 4430
3565.0
K= 4431
57.0837379759
K= 4432
7451.58333333
K= 4433
11157.0
K= 4434
5313.10352129
K= 4435
7224.89473684
K= 4436
3747.63333333
K= 4437
150.783270727
K= 4438
3981.39285714
K= 4439
7445.0
K= 4440
74.0941505469
K= 4441
7446.0
K= 4442
1008.88080524
K= 4443
26.7262737054
K= 4444
24.476648701
K= 4445
7445.0
K= 4446
3629.5
K= 4447
7445.0
K= 4448
384.324856014
K= 4449
7446.0
K= 4450
7225.46666667
K= 4451
38.099673435
K= 4452
2350.02873573
K= 4453
7229.0
K= 4454
7446.0
K= 4455
137.34607584
K= 4456
7445.0
K= 4457
5284.605228
K= 4458
7445.0
K= 4459
28.7284186168
K= 4460
7445.0
K= 4461
5393.85935766
K= 4462
288.701440475
K= 4463
7219.5
K= 4464
7234.23744589
K= 4465
5259.85648783
K= 4466
18.5635632375
K= 4467
7224.0
K= 4468
7225.46666667
K= 4469
7445.0
K= 4470
7445.0
K= 4471
5291.12329879
K= 4472
7445.0
K= 4473
80.9006575975
K= 4474
23.8572482782
K= 4475
7445.0
K= 4476
192.641522843
K= 4477
3975.0
K= 4478
18578.0
K= 4479
51.7707093036
K= 4480
7445.0
K= 4481
7445.0
K= 4482
5322.2589447
K= 4483
7445.0
K= 4484
7224.0
K= 4485
3493.0
K= 4486
404.199336809
K= 4487
47.5705708355
K= 4488
5273.14133631
K= 4489
7445.0
K= 4490
5288.54529259
K= 4491
689.94498131
K= 4492
3999.88410925
K= 4493
7509.11426025
K= 4494
22.0367074392
K= 4495
7445.0
K= 4496
187.120930951
K= 4497
5504.94549699
K= 4498
8655.26277297
K= 4499
7225.0
K= 4500
7224.3
K= 4501
3491.71244962
K= 4502
422.811283145
K= 4503
3746.08611111
K= 4504
62.9336445516
K= 4505
3747.3
K= 4506
7233.96071429
K= 4507
74.6908243852
K= 4508
7445.0
K= 4509
7445.0
K= 4510
3975.0
K= 4511
7445.0
K= 4512
7452.66666667
K= 4513
7445.0
K= 4514
29.0689180465
K= 4515
7445.0
K= 4516
7445.0
K= 4517
19.4738918025
K= 4518
27803.9579581
K= 4519
353.270246366
K= 4520
7445.0
K= 4521
74.3442298833
K= 4522
7225.85026738
K= 4523
7445.0
K= 4524
7446.0
K= 4525
5260.00245852
K= 4526
74.9722126798
K= 4527
598.76101074
K= 4528
115.005598604
K= 4529
34.3812575449
K= 4530
1279.26178587
K= 4531
7445.0
K= 4532
7445.0
K= 4533
25.338439004
K= 4534
22.8908164786
K= 4535
7445.0
K= 4536
7445.0
K= 4537
7454.91666667
K= 4538
39.6378866355
K= 4539
7445.0
K= 4540
661.993143334
K= 4541
7445.0
K= 4542
53.636284975
K= 4543
7505.01948052
K= 4544
3891.5
K= 4545
7445.0
K= 4546
7445.0
K= 4547
7446.0
K= 4548
7445.0
K= 4549
209.729127429
K= 4550
38.1532733277
K= 4551
3975.0
K= 4552
3967.74845656
K= 4553
3944.10464495
K= 4554
510.566022866
K= 4555
7444.16666667
K= 4556
7225.90909091
K= 4557
7446.0
K= 4558
415.104738
K= 4559
7445.0
K= 4560
3975.0
K= 4561
7445.0
K= 4562
7445.0
K= 4563
3933.19929232
K= 4564
7445.0
K= 4565
101.745748526
K= 4566
7445.0
K= 4567
88.0108267508
K= 4568
7297.0
K= 4569
7165.33543124
K= 4570
3975.0
K= 4571
236.752998022
K= 4572
7446.0
K= 4573
10674.0
K= 4574
3975.0
K= 4575
27917.51483
K= 4576
5163.03420154
K= 4577
7445.0
K= 4578
3975.0
K= 4579
5262.54457229
K= 4580
11156.0
K= 4581
31.4130507362
K= 4582
7445.0
K= 4583
7445.0
K= 4584
79.6975009609
K= 4585
3889.529614
K= 4586
48.0732571969
K= 4587
5256.70648783
K= 4588
1308.56887876
K= 4589
7445.0
K= 4590
94.7798490644
K= 4591
27872.6254212
K= 4592
27.8581505463
K= 4593
3760.93333333
K= 4594
128.772380569
K= 4595
7445.0
K= 4596
236.146571022
K= 4597
7445.0
K= 4598
3502.67450244
K= 4599
3748.67777778
K= 4600
7446.0
K= 4601
22.0995632948
K= 4602
7445.0
K= 4603
44.0617256446
K= 4604
3565.14457478
K= 4605
7225.79661017
K= 4606
7445.0
K= 4607
7300.0
K= 4608
41.9459951993
K= 4609
7446.0
K= 4610
7445.0
K= 4611
7225.0
K= 4612
7444.16666667
K= 4613
3629.5
K= 4614
18.5635632375
K= 4615
708.047451894
K= 4616
20.3455770001
K= 4617
7445.0
Betweenness Centrality Improvement
[    0.           0.           0.       ...,    20.345577  7445.           0.      ]
Top 20 BC Improvement
[3884 4209 3647 4241 4575 3760 4591 4035 4392 4293 4289 4518 4384 4182 4478
 4282 4120 3839 3829 4363]
Top 20 BC Improvement
[ 44562.76144656  29823.55        27971.13403714  27937.532106
  27917.51483002  27897.07356487  27872.62542117  27870.30364708
  27863.43543252  27862.04701131  27824.97405408  27803.95795807
  26078.28571429  18599.          18578.          14892.          14888.
  14719.          14449.02857143  11916.87700461]
