txValue= 1000000
IGRAPH D--- 4619 68733 -- 
+ attr: pub_key (v), base_fee (e), capacity (e), fee_rate (e), txCost (e)
None
IGRAPH D--- 4619 50297 -- 
+ attr: pub_key (v), base_fee (e), capacity (e), fee_rate (e), txCost (e)
None
Our nodes starting connections: 
(4618, 2796)
(4618, 1223)
(4618, 1163)
(4618, 222)
(4618, 498)
(4618, 797)
(4618, 2745)
(4618, 3265)
K= 3600
7136.51428571
K= 3601
26.2499019245
K= 3602
7136.3
K= 3603
3427.75
K= 3604
7146.95555556
K= 3605
7137.0
K= 3606
3479.66666667
K= 3607
5832.9709533
K= 3608
7457.0
K= 3609
85.1010353221
K= 3610
7457.0
K= 3611
789.531216724
K= 3612
7450.0
K= 3613
3756.0
K= 3614
5228.33574235
K= 3615
737.322242428
K= 3616
7491.45721514
K= 3617
7450.0
K= 3618
62.4122917701
K= 3619
3669.90909091
K= 3620
56.6143862014
K= 3621
7136.6
K= 3622
7136.46666667
K= 3623
7136.77492877
K= 3624
7136.86542443
K= 3625
100.960503166
K= 3626
7450.0
K= 3627
7457.0
K= 3628
862.571362311
K= 3629
7136.85714286
K= 3630
5245.76041597
K= 3631
7136.88
K= 3632
7450.0
K= 3633
5215.57917669
K= 3634
7143.86542443
K= 3635
7135.0
K= 3636
34.6487270379
K= 3637
24.328146853
K= 3638
66.3415299715
K= 3639
7142.58333333
K= 3640
897.444258764
K= 3641
3750.79620443
K= 3642
5784.86273365
K= 3643
3791.0
K= 3644
43.7260295071
K= 3645
35.3090546308
K= 3646
7450.0
K= 3647
30607.798151
K= 3648
7457.0
K= 3649
817.845934102
K= 3650
7144.0
K= 3651
7450.0
K= 3652
7450.0
K= 3653
1013.21748078
K= 3654
3668.6
K= 3655
7142.33333333
K= 3656
7450.0
K= 3657
7135.57777778
K= 3658
3540.75
K= 3659
319.876257128
K= 3660
3980.0
K= 3661
119.119362303
K= 3662
7450.0
K= 3663
3732.0
K= 3664
7135.80779221
K= 3665
32.7637328815
K= 3666
48.6562937065
K= 3667
7450.0
K= 3668
7457.0
K= 3669
3770.73939394
K= 3670
5264.48978637
K= 3671
3197.39114414
K= 3672
339.653596561
K= 3673
3980.0
K= 3674
3979.33333333
K= 3675
7450.0
K= 3676
11172.9850746
K= 3677
46.4800253415
K= 3678
3411.69450502
K= 3679
10542.5
K= 3680
50.949749677
K= 3681
45.3952151577
K= 3682
7144.0
K= 3683
3426.01648606
K= 3684
11214.5833333
K= 3685
7450.0
K= 3686
27.3949267769
K= 3687
3954.0
K= 3688
3980.0
K= 3689
62.0554290931
K= 3690
5602.98214785
K= 3691
786.873043016
K= 3692
1043.84635236
K= 3693
3540.75
K= 3694
41.7373633317
K= 3695
3999.43238902
K= 3696
5560.0899321
K= 3697
7450.0
K= 3698
7450.0
K= 3699
42.6327918696
K= 3700
7137.0
K= 3701
7136.66666667
K= 3702
7137.71428571
K= 3703
550.448352717
K= 3704
31.5774230571
K= 3705
7450.0
K= 3706
4082.0
K= 3707
3751.0
K= 3708
7136.79096774
K= 3709
60.9003453793
K= 3710
790.722824305
K= 3711
598.031962482
K= 3712
848.603822298
K= 3713
3760.17233045
K= 3714
7137.0
K= 3715
4012.80191792
K= 3716
40.321377632
K= 3717
7449.0
K= 3718
61.1884371787
K= 3719
7457.0
K= 3720
122.593942768
K= 3721
23.4072251359
K= 3722
7136.86542443
K= 3723
642.864585353
K= 3724
739.209907703
K= 3725
7450.0
K= 3726
792.200666116
K= 3727
745.271013401
K= 3728
3406.58339391
K= 3729
832.250190612
K= 3730
28.1307632294
K= 3731
69.6895437976
K= 3732
7136.46666667
K= 3733
7136.95238095
K= 3734
7450.0
K= 3735
283.977914963
K= 3736
7152.53970588
K= 3737
830.307935261
K= 3738
7149.66666667
K= 3739
7457.0
K= 3740
7450.0
K= 3741
7450.0
K= 3742
5214.95139891
K= 3743
7136.1
K= 3744
3474.66666667
K= 3745
5229.47917669
K= 3746
138.838279907
K= 3747
5228.87997034
K= 3748
37.9163578073
K= 3749
307.701802694
K= 3750
3750.17857143
K= 3751
7450.0
K= 3752
42.5494533302
K= 3753
7136.60292581
K= 3754
4094.08333333
K= 3755
7450.0
K= 3756
30.7424794955
K= 3757
7450.0
K= 3758
7457.0
K= 3759
6931.07759649
K= 3760
30472.5536465
K= 3761
7450.0
K= 3762
291.386177326
K= 3763
7136.86363636
K= 3764
3980.0
K= 3765
5222.61293511
K= 3766
3791.0
K= 3767
7450.0
K= 3768
5275.1462846
K= 3769
586.323860828
K= 3770
22.9280718926
K= 3771
45.7494006723
K= 3772
33.7026521927
K= 3773
7143.66666667
K= 3774
7450.0
K= 3775
3408.06891576
K= 3776
249.861430269
K= 3777
3753.09275362
K= 3778
7142.58333333
K= 3779
26.3818897274
K= 3780
307.021308818
K= 3781
7450.0
K= 3782
3485.02777778
K= 3783
3411.86810714
K= 3784
7144.0
K= 3785
3980.0
K= 3786
7136.74089069
K= 3787
51.8238725115
K= 3788
30.8827538381
K= 3789
872.839398201
K= 3790
3540.75
K= 3791
7144.0
K= 3792
27.379004329
K= 3793
327.944873335
K= 3794
758.759763018
K= 3795
7450.0
K= 3796
100.620164155
K= 3797
7144.41128798
K= 3798
7450.0
K= 3799
7146.7797619
K= 3800
7450.0
K= 3801
7450.0
K= 3802
35.0287512387
K= 3803
7457.0
K= 3804
540.823771591
K= 3805
92.8701178706
K= 3806
3752.48888889
K= 3807
3747.08333333
K= 3808
818.440092729
K= 3809
815.779656048
K= 3810
7457.0
K= 3811
7450.0
K= 3812
773.188494285
K= 3813
6643.78647269
K= 3814
29.6929311336
K= 3815
5841.40900158
K= 3816
5275.8737157
K= 3817
892.580544841
K= 3818
7450.0
K= 3819
7136.78974359
K= 3820
7136.89473684
K= 3821
7450.0
K= 3822
47.8255037642
K= 3823
7457.0
K= 3824
3484.66666667
K= 3825
7457.0
K= 3826
89.7104473845
K= 3827
7148.76159764
K= 3828
778.728089153
K= 3829
14285.0285714
K= 3830
23.3855006609
K= 3831
7450.0
K= 3832
7132.5
K= 3833
7137.43333333
K= 3834
516.845913549
K= 3835
7135.99914184
K= 3836
76.7416271905
K= 3837
7450.0
K= 3838
7136.86542443
K= 3839
14541.5
K= 3840
106.401663487
K= 3841
7450.0
K= 3842
7457.0
K= 3843
7143.46666667
K= 3844
5260.13603038
K= 3845
7450.0
K= 3846
7450.0
K= 3847
7450.0
K= 3848
4073.68611111
K= 3849
43.4167102315
K= 3850
7137.0
K= 3851
7135.93023256
K= 3852
7450.0
K= 3853
128.940842355
K= 3854
112.791813198
K= 3855
7450.0
K= 3856
7450.0
K= 3857
41.3635584449
K= 3858
786.873043016
K= 3859
5216.05417669
K= 3860
7450.0
K= 3861
56.9889522942
K= 3862
7144.0
K= 3863
893.737588671
K= 3864
762.208096751
K= 3865
4051.15
K= 3866
7457.0
K= 3867
74.4886819059
K= 3868
773.814437918
K= 3869
7144.0
K= 3870
7279.75
K= 3871
25.5405816117
K= 3872
7136.85026738
K= 3873
3791.0
K= 3874
791.011777265
K= 3875
22.9280718926
K= 3876
7450.0
K= 3877
7450.0
K= 3878
7450.0
K= 3879
98.4088740656
K= 3880
93.1914596839
K= 3881
57.6980152819
K= 3882
3443.06666667
K= 3883
3980.0
K= 3884
37259.7350313
K= 3885
7450.0
K= 3886
74.4886819059
K= 3887
147.743993164
K= 3888
444.523779217
K= 3889
63.5698601694
K= 3890
7450.0
K= 3891
7450.0
K= 3892
7136.66666667
K= 3893
65.4953041947
K= 3894
54.0940574487
K= 3895
472.151288245
K= 3896
7137.0
K= 3897
3479.86403509
K= 3898
408.950313926
K= 3899
476.489344064
K= 3900
7457.0
K= 3901
3750.92857143
K= 3902
7144.0
K= 3903
7450.0
K= 3904
26.2446266138
K= 3905
7158.52171575
K= 3906
7450.0
K= 3907
7503.08888889
K= 3908
7457.0
K= 3909
4075.46031746
K= 3910
7136.1
K= 3911
819.066915908
K= 3912
56.3497471525
K= 3913
7450.0
K= 3914
7450.0
K= 3915
7461.15819964
K= 3916
7450.0
K= 3917
7135.58333333
K= 3918
3791.0
K= 3919
7136.66666667
K= 3920
886.424388642
K= 3921
279.288882116
K= 3922
489.446861097
K= 3923
324.7778666
K= 3924
7136.66666667
K= 3925
27.2369894094
K= 3926
7375.42070707
K= 3927
7142.0
K= 3928
52.1339479163
K= 3929
625.15426916
K= 3930
43.8431465814
K= 3931
7136.58333333
K= 3932
26.3818897274
K= 3933
68.4054292673
K= 3934
7450.0
K= 3935
7450.0
K= 3936
7450.0
K= 3937
3745.70748856
K= 3938
250.129746711
K= 3939
7136.66666667
K= 3940
3751.0
K= 3941
7457.0
K= 3942
7450.0
K= 3943
683.097530891
K= 3944
30.1753684194
K= 3945
7136.66666667
K= 3946
3668.3
K= 3947
7450.0
K= 3948
786.747105538
K= 3949
7450.0
K= 3950
7457.0
K= 3951
61.7458756214
K= 3952
7146.44642857
K= 3953
7450.0
K= 3954
7450.0
K= 3955
3752.975
K= 3956
7136.86542443
K= 3957
86.4332383021
K= 3958
7136.89473684
K= 3959
3540.75
K= 3960
7457.0
K= 3961
7450.0
K= 3962
944.096300766
K= 3963
1945.68863326
K= 3964
7450.0
K= 3965
7137.0
K= 3966
7450.0
K= 3967
745.447639993
K= 3968
163.450952572
K= 3969
814.095639376
K= 3970
62.4497238097
K= 3971
7450.0
K= 3972
7450.0
K= 3973
54.4002474875
K= 3974
32.8767610909
K= 3975
7136.66666667
K= 3976
7450.0
K= 3977
3492.66666667
K= 3978
57.6010433612
K= 3979
7136.71428571
K= 3980
7450.0
K= 3981
7450.0
K= 3982
7450.0
K= 3983
26.0408750642
K= 3984
7136.8
K= 3985
23.4072251359
K= 3986
7142.33333333
K= 3987
7450.0
K= 3988
28.8010182523
K= 3989
7450.0
K= 3990
7136.94915254
K= 3991
3751.26190476
K= 3992
7450.0
K= 3993
36.9314442815
K= 3994
7450.0
K= 3995
7450.0
K= 3996
7457.0
K= 3997
288.453277307
K= 3998
7450.0
K= 3999
491.923809524
K= 4000
7143.60714286
K= 4001
7136.1
K= 4002
7450.0
K= 4003
7459.92941176
K= 4004
84.1858688698
K= 4005
7450.0
K= 4006
7136.34065934
K= 4007
7454.62857143
K= 4008
92.9462698579
K= 4009
7144.0
K= 4010
5342.60407246
K= 4011
7136.6285435
K= 4012
7131.92105263
K= 4013
3427.91666667
K= 4014
3474.66666667
K= 4015
7450.0
K= 4016
7450.0
K= 4017
7457.0
K= 4018
4117.65714286
K= 4019
7450.0
K= 4020
767.106061059
K= 4021
5233.83631955
K= 4022
7457.0
K= 4023
3761.67873288
K= 4024
3540.75
K= 4025
320.47877415
K= 4026
7457.0
K= 4027
10540.4927536
K= 4028
24.8949519624
K= 4029
7450.0
K= 4030
46.0690205959
K= 4031
7591.67557778
K= 4032
801.240458577
K= 4033
24.3738497484
K= 4034
7457.0
K= 4035
30430.8270625
K= 4036
3427.75
K= 4037
7450.0
K= 4038
7455.0
K= 4039
7450.0
K= 4040
7450.0
K= 4041
3540.75
K= 4042
7136.83333333
K= 4043
7450.0
K= 4044
3953.56296503
K= 4045
7136.66666667
K= 4046
122.562691732
K= 4047
5490.58479578
K= 4048
3545.37468418
K= 4049
28.8010182523
K= 4050
7450.0
K= 4051
11275.4736623
K= 4052
3980.0
K= 4053
3980.0
K= 4054
62.2892089807
K= 4055
7450.0
K= 4056
807.778547067
K= 4057
7450.0
K= 4058
7143.46666667
K= 4059
4561.80060305
K= 4060
7457.0
K= 4061
89.8419824771
K= 4062
7450.0
K= 4063
7147.9320911
K= 4064
3980.0
K= 4065
857.305749971
K= 4066
7450.0
K= 4067
27.8881937668
K= 4068
7457.0
K= 4069
5318.5494546
K= 4070
7457.0
K= 4071
7136.12941176
K= 4072
7450.0
K= 4073
7449.14887446
K= 4074
7450.0
K= 4075
1196.57264463
K= 4076
49.5049607602
K= 4077
105.25803462
K= 4078
7450.0
K= 4079
7450.0
K= 4080
7450.0
K= 4081
32.3317953313
K= 4082
22.3288197506
K= 4083
933.400020013
K= 4084
7450.0
K= 4085
72.4865484051
K= 4086
4344.48785983
K= 4087
7450.0
K= 4088
7450.0
K= 4089
7450.0
K= 4090
3995.0
K= 4091
3587.47521363
K= 4092
7450.0
K= 4093
7143.5
K= 4094
857.305749971
K= 4095
7450.0
K= 4096
7142.33333333
K= 4097
374.123423937
K= 4098
7450.0
K= 4099
23.7265551847
K= 4100
24.8484638599
K= 4101
7457.33333333
K= 4102
33.0091246935
K= 4103
3760.05313859
K= 4104
598.265079365
K= 4105
7461.50238095
K= 4106
7450.0
K= 4107
84.7167053116
K= 4108
7127.33333333
K= 4109
7457.0
K= 4110
829.557312813
K= 4111
7456.78203463
K= 4112
725.737135522
K= 4113
71.0368557572
K= 4114
7137.0
K= 4115
7450.0
K= 4116
3744.96603252
K= 4117
39.0040851608
K= 4118
7450.0
K= 4119
3749.26230159
K= 4120
14898.0
K= 4121
3417.66666667
K= 4122
354.377400051
K= 4123
64.1554670865
K= 4124
7450.0
K= 4125
3427.75
K= 4126
47.750268246
K= 4127
7457.0
K= 4128
7450.0
K= 4129
3400.5
K= 4130
7450.0
K= 4131
7450.0
K= 4132
678.376484635
K= 4133
7450.0
K= 4134
7450.0
K= 4135
7457.0
K= 4136
7457.0
K= 4137
7457.0
K= 4138
7450.0
K= 4139
42.9822128511
K= 4140
55.2097892384
K= 4141
7457.0
K= 4142
3980.0
K= 4143
3448.71403509
K= 4144
7450.0
K= 4145
7450.0
K= 4146
7136.34210526
K= 4147
7450.0
K= 4148
7450.0
K= 4149
3540.75
K= 4150
7450.0
K= 4151
10878.6666667
K= 4152
27.634773809
K= 4153
24.3738497484
K= 4154
5215.57917669
K= 4155
311.654328919
K= 4156
7497.41512422
K= 4157
5426.96548833
K= 4158
7142.14449953
K= 4159
3768.35119048
K= 4160
3410.33333333
K= 4161
169.560738995
K= 4162
7450.0
K= 4163
3668.5
K= 4164
7457.0
K= 4165
7137.0
K= 4166
7450.0
K= 4167
7450.0
K= 4168
4012.80191792
K= 4169
300.657562954
K= 4170
98.0820574684
K= 4171
283.47017045
K= 4172
11167.0
K= 4173
7136.92982456
K= 4174
7450.0
K= 4175
798.773426062
K= 4176
146.814939384
K= 4177
7450.0
K= 4178
7450.0
K= 4179
7450.0
K= 4180
776.929897964
K= 4181
776.929897964
K= 4182
18614.0
K= 4183
7450.0
K= 4184
1945.68863326
K= 4185
54.5352269507
K= 4186
7457.0
K= 4187
815.17839459
K= 4188
7450.0
K= 4189
73.7859282019
K= 4190
45.084002743
K= 4191
7450.0
K= 4192
754.684749855
K= 4193
3746.84761905
K= 4194
83.0070563122
K= 4195
3980.0
K= 4196
60.1678436601
K= 4197
7143.46666667
K= 4198
103.943755084
K= 4199
840.19440056
K= 4200
793.879795399
K= 4201
41.7382273471
K= 4202
68.1929487414
K= 4203
7450.0
K= 4204
127.416641688
K= 4205
7450.0
K= 4206
3410.33333333
K= 4207
66.9426816164
K= 4208
7457.0
K= 4209
26144.55
K= 4210
7450.0
K= 4211
7136.15555556
K= 4212
7143.5
K= 4213
3474.66666667
K= 4214
68.1589216203
K= 4215
7450.0
K= 4216
7450.0
K= 4217
7136.8422619
K= 4218
242.86681608
K= 4219
7450.0
K= 4220
7137.0
K= 4221
10541.0
K= 4222
56.8928197687
K= 4223
7450.0
K= 4224
3750.28095238
K= 4225
7450.0
K= 4226
303.863071359
K= 4227
7136.85026738
K= 4228
7450.0
K= 4229
33.2530077253
K= 4230
833.631865357
K= 4231
5351.33775785
K= 4232
3962.49845656
K= 4233
7450.0
K= 4234
143.947775746
K= 4235
868.925111915
K= 4236
147.325112079
K= 4237
4009.64934597
K= 4238
241.251843902
K= 4239
50.0616103734
K= 4240
60.1813350171
K= 4241
30549.9754133
K= 4242
556.666460945
K= 4243
5249.57767109
K= 4244
3750.3043623
K= 4245
763.444780661
K= 4246
61.1947377415
K= 4247
7450.0
K= 4248
160.16770499
K= 4249
7450.0
K= 4250
7450.0
K= 4251
7450.0
K= 4252
7450.0
K= 4253
7450.0
K= 4254
3980.0
K= 4255
7450.0
K= 4256
7450.0
K= 4257
3706.14934597
K= 4258
7450.0
K= 4259
5212.77679574
K= 4260
7450.0
K= 4261
3753.1
K= 4262
7143.25
K= 4263
3783.34285714
K= 4264
7449.0
K= 4265
7450.0
K= 4266
58.9304640512
K= 4267
7450.0
K= 4268
7450.0
K= 4269
7450.0
K= 4270
826.450750814
K= 4271
7450.0
K= 4272
7457.0
K= 4273
7450.0
K= 4274
3540.75
K= 4275
49.182799282
K= 4276
36.5583981767
K= 4277
3965.5
K= 4278
26.0270661805
K= 4279
7450.0
K= 4280
3427.75
K= 4281
26.8250716201
K= 4282
14914.0
K= 4283
71.2963668446
K= 4284
7450.0
K= 4285
32.5829856838
K= 4286
5772.57852845
K= 4287
7476.43333333
K= 4288
7450.0
K= 4289
30388.2758356
K= 4290
772.373462152
K= 4291
64.6707098202
K= 4292
38.8867074393
K= 4293
30412.4554877
K= 4294
205.514481719
K= 4295
7450.0
K= 4296
7137.0
K= 4297
7457.0
K= 4298
7450.0
K= 4299
4072.57971014
K= 4300
823.107639569
K= 4301
3409.03859702
K= 4302
3750.52066545
K= 4303
7146.66666667
K= 4304
3780.51926293
K= 4305
306.326524887
K= 4306
73.3572273985
K= 4307
53.6022929254
K= 4308
7450.0
K= 4309
542.378718217
K= 4310
7137.0
K= 4311
22.9604881341
K= 4312
3980.0
K= 4313
26.4564097817
K= 4314
81.917365358
K= 4315
7450.0
K= 4316
7450.0
K= 4317
7450.0
K= 4318
74.4886819059
K= 4319
57.9182019718
K= 4320
7450.0
K= 4321
7136.0
K= 4322
5230.53274812
K= 4323
43.9858550639
K= 4324
70.9904106583
K= 4325
5212.44079285
K= 4326
3432.37468418
K= 4327
777.845913549
K= 4328
84.7392973485
K= 4329
37.1971130224
K= 4330
122.035389496
K= 4331
7450.0
K= 4332
7450.0
K= 4333
164.580683234
K= 4334
7450.0
K= 4335
7450.0
K= 4336
5346.58922892
K= 4337
65.2281859075
K= 4338
7156.28360071
K= 4339
7143.3
K= 4340
7450.0
K= 4341
4083.43253968
K= 4342
3791.0
K= 4343
7450.0
K= 4344
7457.0
K= 4345
25.8733286099
K= 4346
71.8825089866
K= 4347
3972.48737374
K= 4348
7450.0
K= 4349
7450.0
K= 4350
490.65902009
K= 4351
50.4161939255
K= 4352
124.156054862
K= 4353
7450.0
K= 4354
7450.0
K= 4355
7450.0
K= 4356
7457.0
K= 4357
707.271013401
K= 4358
115.660230527
K= 4359
171.173072611
K= 4360
3847.92621876
K= 4361
35.1197258336
K= 4362
7450.0
K= 4363
14896.1335457
K= 4364
3668.92592593
K= 4365
3732.0
K= 4366
71.7871907477
K= 4367
5386.91945336
K= 4368
866.060032951
K= 4369
41.2825769314
K= 4370
7450.0
K= 4371
814.275868176
K= 4372
256.11481442
K= 4373
3408.95640428
K= 4374
523.050639121
K= 4375
7450.0
K= 4376
172.036977799
K= 4377
7450.0
K= 4378
882.407175325
K= 4379
7450.0
K= 4380
11181.4
K= 4381
7450.0
K= 4382
4111.08120879
K= 4383
26.0623174324
K= 4384
22408.2857143
K= 4385
7450.0
K= 4386
3750.19761905
K= 4387
798.380547171
K= 4388
839.840804239
K= 4389
7450.0
K= 4390
202.796537943
K= 4391
28.8010182523
K= 4392
30429.6348584
K= 4393
82.1338337567
K= 4394
3479.85026738
K= 4395
7450.0
K= 4396
7457.0
K= 4397
7450.0
K= 4398
7450.0
K= 4399
7450.0
K= 4400
89.7172586087
K= 4401
7136.5
K= 4402
7457.0
K= 4403
120.638967118
K= 4404
7457.0
K= 4405
7136.89473684
K= 4406
24.8484638599
K= 4407
7450.0
K= 4408
3537.32142857
K= 4409
7450.0
K= 4410
7450.0
K= 4411
7450.0
K= 4412
11167.0
K= 4413
31.7663408448
K= 4414
7457.0
K= 4415
7450.0
K= 4416
3853.49845656
K= 4417
3750.16428571
K= 4418
7450.0
K= 4419
297.195896728
K= 4420
317.721301723
K= 4421
105.178175411
K= 4422
7136.0
K= 4423
3746.81384471
K= 4424
30.5618023823
K= 4425
7450.0
K= 4426
7450.0
K= 4427
7143.25
K= 4428
7450.0
K= 4429
7136.85026738
K= 4430
3474.66666667
K= 4431
66.9437668361
K= 4432
7459.58333333
K= 4433
11167.0
K= 4434
5294.73917214
K= 4435
7136.89473684
K= 4436
3751.26190476
K= 4437
209.108561131
K= 4438
4049.70952381
K= 4439
7450.0
K= 4440
76.6507983655
K= 4441
7457.0
K= 4442
1208.58305075
K= 4443
28.5938054672
K= 4444
28.4099820345
K= 4445
7450.0
K= 4446
3540.75
K= 4447
7450.0
K= 4448
534.639709683
K= 4449
7457.0
K= 4450
7143.46666667
K= 4451
41.2476171581
K= 4452
2774.96293416
K= 4453
7158.0
K= 4454
7457.0
K= 4455
147.123550473
K= 4456
7450.0
K= 4457
5246.92467328
K= 4458
7450.0
K= 4459
31.8622570005
K= 4460
7450.0
K= 4461
5380.43446585
K= 4462
363.701440476
K= 4463
7131.5
K= 4464
7150.00411255
K= 4465
5216.65774812
K= 4466
22.496896571
K= 4467
7136.0
K= 4468
7143.46666667
K= 4469
7450.0
K= 4470
3732.0
K= 4471
5257.79950747
K= 4472
7450.0
K= 4473
81.5981427396
K= 4474
27.7905816115
K= 4475
7450.0
K= 4476
221.778427606
K= 4477
3980.0
K= 4478
18598.0
K= 4479
64.9740940589
K= 4480
7450.0
K= 4481
7450.0
K= 4482
5354.56874466
K= 4483
7450.0
K= 4484
7136.0
K= 4485
3405.0
K= 4486
564.619407114
K= 4487
74.4886819061
K= 4488
5233.66311868
K= 4489
7450.0
K= 4490
5248.72897047
K= 4491
859.106982425
K= 4492
4071.63883508
K= 4493
7520.36426025
K= 4494
25.9700407726
K= 4495
7450.0
K= 4496
236.016357747
K= 4497
5670.61310051
K= 4498
8496.27889851
K= 4499
7137.0
K= 4500
7136.3
K= 4501
3403.27911629
K= 4502
524.252552986
K= 4503
3749.32924837
K= 4504
86.1788826466
K= 4505
3750.92857143
K= 4506
7148.04404762
K= 4507
82.5632031916
K= 4508
7450.0
K= 4509
7450.0
K= 4510
3980.0
K= 4511
7450.0
K= 4512
7449.36666667
K= 4513
7450.0
K= 4514
32.4251837109
K= 4515
7450.0
K= 4516
7450.0
K= 4517
23.4072251359
K= 4518
30315.0621182
K= 4519
476.69702653
K= 4520
7450.0
K= 4521
82.1484808957
K= 4522
7143.85026738
K= 4523
7450.0
K= 4524
7457.0
K= 4525
5217.27893526
K= 4526
77.7680965813
K= 4527
745.271013401
K= 4528
119.574797794
K= 4529
38.0098289736
K= 4530
1587.10861127
K= 4531
7450.0
K= 4532
7450.0
K= 4533
28.7170104326
K= 4534
26.5193879073
K= 4535
7450.0
K= 4536
7450.0
K= 4537
7462.16666667
K= 4538
43.5712199688
K= 4539
7450.0
K= 4540
821.408680574
K= 4541
7450.0
K= 4542
79.6731391523
K= 4543
7514.98451548
K= 4544
3802.75
K= 4545
7450.0
K= 4546
7450.0
K= 4547
7457.0
K= 4548
7450.0
K= 4549
229.455412518
K= 4550
41.9088729913
K= 4551
3980.0
K= 4552
3973.74845656
K= 4553
3989.98041144
K= 4554
554.468467644
K= 4555
7449.27380952
K= 4556
7150.48484848
K= 4557
7457.0
K= 4558
581.026073201
K= 4559
7450.0
K= 4560
3980.0
K= 4561
7450.0
K= 4562
7450.0
K= 4563
3983.11920664
K= 4564
7450.0
K= 4565
112.677464579
K= 4566
7450.0
K= 4567
92.7866633683
K= 4568
7206.66666667
K= 4569
3427.75
K= 4570
3980.0
K= 4571
271.902916099
K= 4572
7457.0
K= 4573
6820.66666667
K= 4574
3980.0
K= 4575
30502.0612402
K= 4576
5092.05032708
K= 4577
7450.0
K= 4578
3980.0
K= 4579
5220.07916592
K= 4580
11166.0
K= 4581
27.5061909293
K= 4582
7450.0
K= 4583
7450.0
K= 4584
89.1320617218
K= 4585
3921.61294733
K= 4586
51.4870320188
K= 4587
5213.31251002
K= 4588
1628.4478533
K= 4589
7450.0
K= 4590
130.327720637
K= 4591
30393.4762654
K= 4592
31.4867219748
K= 4593
3767.69047619
K= 4594
132.555798368
K= 4595
7450.0
K= 4596
294.589929514
K= 4597
7450.0
K= 4598
3433.6949106
K= 4599
3752.61111111
K= 4600
7457.0
K= 4601
25.5328966284
K= 4602
7450.0
K= 4603
46.5524119195
K= 4604
3474.8111662
K= 4605
7143.79661017
K= 4606
7450.0
K= 4607
7210.83333333
K= 4608
49.3962449499
K= 4609
7457.0
K= 4610
7450.0
K= 4611
7137.0
K= 4612
7449.27380952
K= 4613
3540.75
K= 4614
22.496896571
K= 4615
878.211005008
K= 4616
23.3455770004
K= 4617
7450.0
Betweenness Centrality Improvement
[    0.           0.           0.       ...,    23.345577  7450.           0.      ]
Top 20 BC Improvement
[3884 3647 4241 4575 3760 4035 4392 4293 4591 4289 4518 4209 4384 4182 4478
 4282 4120 4363 3839 3829]
Top 20 BC Improvement
[ 37259.73503131  30607.79815105  30549.97541331  30502.06124022
  30472.55364651  30430.82706252  30429.6348584   30412.4554877
  30393.47626539  30388.27583557  30315.06211824  26144.55        22408.28571429
  18614.          18598.          14914.          14898.          14896.13354573
  14541.5         14285.02857143]
