txValue= 1000000
IGRAPH D--- 4619 68733 -- 
+ attr: pub_key (v), base_fee (e), capacity (e), fee_rate (e), txCost (e)
None
IGRAPH D--- 4619 50297 -- 
+ attr: pub_key (v), base_fee (e), capacity (e), fee_rate (e), txCost (e)
None
Our nodes starting connections: 
(4618, 2796)
(4618, 1223)
(4618, 1163)
(4618, 222)
(4618, 498)
(4618, 797)
(4618, 2745)
(4618, 3265)
K= 2400
7450.0
K= 2401
3984.92857143
K= 2402
7450.0
K= 2403
3410.33333333
K= 2404
7457.0
K= 2405
7137.0
K= 2406
20.4333333336
K= 2407
57.255498043
K= 2408
759.271013401
K= 2409
820.491749272
K= 2410
99.6409050508
K= 2411
49.2899071411
K= 2412
3768.69047619
K= 2413
7136.3
K= 2414
64.3721755624
K= 2415
7135.94594595
K= 2416
22.1255006609
K= 2417
3717.78346624
K= 2418
14734.75
K= 2419
3757.26190476
K= 2420
3485.84225123
K= 2421
7450.0
K= 2422
3540.75
K= 2423
7449.27380952
K= 2424
3540.75
K= 2425
33.8858282885
K= 2426
864.441264547
K= 2427
7142.33333333
K= 2428
7456.0
K= 2429
7450.0
K= 2430
7136.77380952
K= 2431
75.2364318415
K= 2432
82.3135502026
K= 2433
5224.77203383
K= 2434
30455.2451226
K= 2435
3752.96403509
K= 2436
818.132779209
K= 2437
7208.41666667
K= 2438
286.856237509
K= 2439
3749.77734878
K= 2440
7136.3
K= 2441
10858.3
K= 2442
7137.0
K= 2443
7213.02097902
K= 2444
5213.31251002
K= 2445
3756.97668845
K= 2446
47.2820417949
K= 2447
7450.0
K= 2448
3540.75
K= 2449
49.5309622996
K= 2450
4139.11996191
K= 2451
7456.0
K= 2452
57.5633652967
K= 2453
253.152173913
K= 2454
3410.33333333
K= 2455
7279.75
K= 2456
7457.0
K= 2457
150.290842415
K= 2458
33.9956691207
K= 2459
7136.86111111
K= 2460
7272.75
K= 2461
4386.15250004
K= 2462
14284.25
K= 2463
22.496896571
K= 2464
7457.0
K= 2465
776.929897964
K= 2466
3540.75
K= 2467
7450.0
K= 2468
41.1527628386
K= 2469
7135.83333333
K= 2470
7450.0
K= 2471
793.986403303
K= 2472
24.3738497484
K= 2473
7273.06666667
K= 2474
48.7833939088
K= 2475
47.6381852136
K= 2476
7151.88888889
K= 2477
7136.58333333
K= 2478
7450.0
K= 2479
3748.93069036
K= 2480
3766.34678857
K= 2481
7144.0
K= 2482
7143.3
K= 2483
7137.0
K= 2484
4002.10428168
K= 2485
172.62742886
K= 2486
7457.0
K= 2487
165.127813243
K= 2488
27.174093076
K= 2489
144.828359272
K= 2490
7136.7081448
K= 2491
7450.0
K= 2492
232.164314384
K= 2493
24.8484638599
K= 2494
3427.75
K= 2495
7137.0
K= 2496
30421.1506427
K= 2497
7450.0
K= 2498
7279.75
K= 2499
25.5701515039
K= 2500
7135.84449953
K= 2501
7450.0
K= 2502
7272.75
K= 2503
23.0910851446
K= 2504
7272.75
K= 2505
3783.14747581
K= 2506
23.1256602858
K= 2507
7136.85714286
K= 2508
3988.42026286
K= 2509
7137.0
K= 2510
3753.11721014
K= 2511
7152.33999766
K= 2512
7142.58333333
K= 2513
3978.42812141
K= 2514
7278.75
K= 2515
3465.75
K= 2516
7274.0
K= 2517
3427.75
K= 2518
67.6075757393
K= 2519
7136.1
K= 2520
596.016928948
K= 2521
117.683760826
K= 2522
3747.54698311
K= 2523
4007.0
K= 2524
3747.22079859
K= 2525
22.9280718926
K= 2526
3420.81818182
K= 2527
5277.04986839
K= 2528
120.685095166
K= 2529
7143.95238095
K= 2530
7143.4
K= 2531
7137.0
K= 2532
5277.98385407
K= 2533
7450.0
K= 2534
46.6358550962
K= 2535
7272.75
K= 2536
3732.0
K= 2537
7136.46666667
K= 2538
7450.0
K= 2539
7450.0
K= 2540
7137.0
K= 2541
731.308725349
K= 2542
798.119362637
K= 2543
738.534667454
K= 2544
7143.66666667
K= 2545
7450.0
K= 2546
7143.0952381
K= 2547
3519.0
K= 2548
482.304525575
K= 2549
770.548348819
K= 2550
7457.0
K= 2551
3540.75
K= 2552
7144.0
K= 2553
140.415491669
K= 2554
5923.35607194
K= 2555
7296.6
K= 2556
5360.70053149
K= 2557
7129.25714286
K= 2558
4542.60925339
K= 2559
5270.03587531
K= 2560
4090.35026738
K= 2561
5212.27412618
K= 2562
76.0275202254
K= 2563
5234.78620283
K= 2564
7136.87804878
K= 2565
14914.0
K= 2566
36.2970729487
K= 2567
7132.76190476
K= 2568
7135.58333333
K= 2569
7136.84
K= 2570
7133.51428571
K= 2571
7136.0952381
K= 2572
7450.0
K= 2573
7143.5
K= 2574
27.1555310632
K= 2575
103.114304538
K= 2576
745.271013401
K= 2577
7272.75
K= 2578
7457.0
K= 2579
7457.0
K= 2580
7144.0
K= 2581
76.5845304574
K= 2582
36.7290708546
K= 2583
7450.0
K= 2584
30.6794188349
K= 2585
7450.0
K= 2586
7457.0
K= 2587
7450.0
K= 2588
170.662890643
K= 2589
7143.97687729
K= 2590
808.313717695
K= 2591
7459.97385621
K= 2592
7137.0
K= 2593
26.7477610058
K= 2594
70.8922428614
K= 2595
7136.41666667
K= 2596
7450.0
K= 2597
5276.82515535
K= 2598
7450.0
K= 2599
7279.75
K= 2600
7450.0
K= 2601
7273.37142857
K= 2602
30450.7326045
K= 2603
7143.85714286
K= 2604
5502.70285658
K= 2605
5219.12761333
K= 2606
1939.3105767
K= 2607
7279.75
K= 2608
42.6013988215
K= 2609
2402.10868956
K= 2610
782.833417577
K= 2611
7450.0
K= 2612
7136.85
K= 2613
10540.0588235
K= 2614
298.960249096
K= 2615
788.85355628
K= 2616
74.3664649164
K= 2617
7143.3
K= 2618
3753.1
K= 2619
7457.0
K= 2620
7143.86403509
K= 2621
7136.66666667
K= 2622
29.5696621239
K= 2623
7136.80645161
K= 2624
32.0444551236
K= 2625
7144.0
K= 2626
4007.0
K= 2627
7463.83333333
K= 2628
14966.4115545
K= 2629
178.108483255
K= 2630
7450.0
K= 2631
7136.5
K= 2632
7606.2768331
K= 2633
7457.0
K= 2634
7144.0
K= 2635
7137.0
K= 2636
7143.625
K= 2637
7143.85026738
K= 2638
3408.28734794
K= 2639
7450.0
K= 2640
7450.0
K= 2641
7279.75
K= 2642
7135.33333333
K= 2643
58.7968157516
K= 2644
7144.43333333
K= 2645
30315.276404
K= 2646
53.2289067423
K= 2647
3975.44607843
K= 2648
22.3288197506
K= 2649
3410.33333333
K= 2650
7450.0
K= 2651
7143.95238095
K= 2652
7137.0
K= 2653
47.7602439914
K= 2654
7136.1
K= 2655
174.073028097
K= 2656
3931.6
K= 2657
7135.93984962
K= 2658
226.298639664
K= 2659
7143.3
K= 2660
7137.0
K= 2661
7450.0
K= 2662
7143.25
K= 2663
88.3372286102
K= 2664
806.760680616
K= 2665
7143.35
K= 2666
7142.94017094
K= 2667
206.537132559
K= 2668
26.8250716201
K= 2669
743.647095687
K= 2670
178.099136506
K= 2671
7136.02597403
K= 2672
7457.0
K= 2673
7143.60714286
K= 2674
79.9191752106
K= 2675
7136.74089069
K= 2676
7136.0
K= 2677
147.545818045
K= 2678
7450.0
K= 2679
7273.45833333
K= 2680
7450.0
K= 2681
7142.58333333
K= 2682
30498.5713505
K= 2683
7279.75
K= 2684
3540.75
K= 2685
3750.95422752
K= 2686
7143.66666667
K= 2687
7279.75
K= 2688
98.6757546091
K= 2689
7143.60714286
K= 2690
791.011777265
K= 2691
7450.0
K= 2692
7135.33333333
K= 2693
5773.12823874
K= 2694
7450.0
K= 2695
5092.05032708
K= 2696
137.681452827
K= 2697
7272.75
K= 2698
24.8484638599
K= 2699
36.2078580246
K= 2700
3396.7
K= 2701
7273.25
K= 2702
26.8250716201
K= 2703
41.5333333334
K= 2704
7272.11666667
K= 2705
3752.17142857
K= 2706
54.1916941146
K= 2707
3620.06666667
K= 2708
7135.0
K= 2709
7137.0
K= 2710
14285.0285714
K= 2711
3976.49845656
K= 2712
5562.46691957
K= 2713
21.1068632286
K= 2714
40.273998783
K= 2715
127.304222357
K= 2716
7450.0
K= 2717
3791.0
K= 2718
175.392753394
K= 2719
1081.6639143
K= 2720
7450.0
K= 2721
3889.71504265
K= 2722
7143.36904762
K= 2723
7450.0
K= 2724
7143.66666667
K= 2725
3410.20337411
K= 2726
7143.51428571
K= 2727
3427.75
K= 2728
3752.76666667
K= 2729
7136.49878961
K= 2730
7272.93333333
K= 2731
7450.0
K= 2732
7450.0
K= 2733
3747.33534572
K= 2734
7136.5
K= 2735
7137.0
K= 2736
7137.0
K= 2737
7450.0
K= 2738
3976.49845656
K= 2739
811.602243018
K= 2740
7450.0
K= 2741
177.466375786
K= 2742
232.329576615
K= 2743
7450.0
K= 2744
92.1541974917
K= 2745
75.2972549037
K= 2746
3540.75
K= 2747
7134.875
K= 2748
7143.60714286
K= 2749
7450.0
K= 2750
197.423330953
K= 2751
7450.0
K= 2752
3972.48737374
K= 2753
565.626062571
K= 2754
7450.0
K= 2755
5434.19137725
K= 2756
4055.62776011
K= 2757
285.339307622
K= 2758
7136.76489533
K= 2759
7457.0
K= 2760
803.974563261
K= 2761
30.161198392
K= 2762
7143.8
K= 2763
3762.88606394
K= 2764
3976.49845656
K= 2765
35.5240715763
K= 2766
7136.85748792
K= 2767
7143.43333333
K= 2768
38.6218829148
K= 2769
7272.75
K= 2770
7137.0
K= 2771
7137.0
K= 2772
57.2385204814
K= 2773
3748.31781426
K= 2774
7136.51428571
K= 2775
7457.0
K= 2776
3748.15525746
K= 2777
5447.72975039
K= 2778
7450.0
K= 2779
3540.75
K= 2780
29.0582084584
K= 2781
42.6249863382
K= 2782
155.258760328
K= 2783
114.359882532
K= 2784
3951.81155511
K= 2785
7137.0
K= 2786
7136.5
K= 2787
7457.0
K= 2788
122.315180842
K= 2789
34.0772263722
K= 2790
94.148357294
K= 2791
7143.5
K= 2792
7450.0
K= 2793
7136.22222222
K= 2794
26.8366148754
K= 2795
7137.0
K= 2796
362.955399258
K= 2797
90.6703112181
K= 2798
30.4243621877
K= 2799
164.611245787
K= 2800
42.9104630321
K= 2801
7456.0
K= 2802
7134.07315952
K= 2803
75.0957716634
K= 2804
3980.0
K= 2805
74.8696243484
K= 2806
7450.0
K= 2807
43.7672196389
K= 2808
7136.52380952
K= 2809
7136.56521739
K= 2810
7142.33333333
K= 2811
25.9700407726
K= 2812
5219.12770189
K= 2813
789.694263008
K= 2814
7136.5
K= 2815
3980.0
K= 2816
48.3540506319
K= 2817
7137.0
K= 2818
7457.0
K= 2819
3752.62380952
K= 2820
7151.92279044
K= 2821
3540.75
K= 2822
7136.66666667
K= 2823
7450.0
K= 2824
29.4484723848
K= 2825
830.307935262
K= 2826
5271.83082504
K= 2827
6876.57785987
K= 2828
5232.14789777
K= 2829
85.3797038607
K= 2830
7450.0
K= 2831
3980.0
K= 2832
3751.0
K= 2833
7457.0
K= 2834
3752.54444444
K= 2835
7457.0
K= 2836
14620.0
K= 2837
7143.66666667
K= 2838
7457.0
K= 2839
5114.57708988
K= 2840
3751.26190476
K= 2841
7144.0
K= 2842
7450.0
K= 2843
7136.85026738
K= 2844
26.0455983148
K= 2845
446.340185468
K= 2846
3427.75
K= 2847
3420.50238095
K= 2848
88.9515304535
K= 2849
5294.52344316
K= 2850
88.4433397423
K= 2851
7136.87121212
K= 2852
7137.7
K= 2853
7143.5
K= 2854
25.4597107898
K= 2855
511.003914925
K= 2856
7515.29448901
K= 2857
1451.84517675
K= 2858
7144.0
K= 2859
34.6008993178
K= 2860
736.168401558
K= 2861
890.134708337
K= 2862
7144.97777778
K= 2863
14898.0
K= 2864
7126.4047619
K= 2865
3540.75
K= 2866
7450.0
K= 2867
7450.0
K= 2868
7494.57301032
K= 2869
128.213760587
K= 2870
3750.901839
K= 2871
844.830555555
K= 2872
763.207754537
K= 2873
7136.5
K= 2874
7136.51428571
K= 2875
7137.0
K= 2876
7450.0
K= 2877
278.276276267
K= 2878
84.5565348486
K= 2879
7136.78799489
K= 2880
7143.51428571
K= 2881
7143.5
K= 2882
7136.86111111
K= 2883
7455.0
K= 2884
851.31686422
K= 2885
8619.33055157
K= 2886
7136.2627451
K= 2887
7450.0
K= 2888
7136.7
K= 2889
163.689153561
K= 2890
27.4144852171
K= 2891
22.9280718926
K= 2892
7450.0
K= 2893
7450.0
K= 2894
7279.75
K= 2895
5092.05032708
K= 2896
10550.1555556
K= 2897
7137.0
K= 2898
7135.91666667
K= 2899
5275.9433618
K= 2900
7449.0
K= 2901
7112.1047619
K= 2902
7143.66666667
K= 2903
7143.51428571
K= 2904
7136.86363636
K= 2905
3732.0
K= 2906
3409.70277983
K= 2907
30479.8575739
K= 2908
7136.77777778
K= 2909
7450.0
K= 2910
6475.43095618
K= 2911
3748.91701487
K= 2912
308.045056254
K= 2913
2649.52154514
K= 2914
7450.0
K= 2915
7450.0
K= 2916
26.9139512754
K= 2917
831.844574899
K= 2918
796.681545887
K= 2919
126.199237622
K= 2920
7143.46666667
K= 2921
7457.0
K= 2922
7137.0
K= 2923
74.4886819059
K= 2924
74.6547963177
K= 2925
29.4484723848
K= 2926
3481.58333333
K= 2927
3420.30555556
K= 2928
7136.1
K= 2929
49.917095521
K= 2930
143.872250524
K= 2931
3749.60198135
K= 2932
7136.47368421
K= 2933
7143.60714286
K= 2934
7136.51428571
K= 2935
7137.0
K= 2936
7143.51428571
K= 2937
26.3818897274
K= 2938
7450.0
K= 2939
572.216423576
K= 2940
52.1441685092
K= 2941
3983.0
K= 2942
5328.31027448
K= 2943
24.996896571
K= 2944
46.7393887232
K= 2945
3776.96504265
K= 2946
7450.0
K= 2947
7280.06666667
K= 2948
7450.0
K= 2949
7450.0
K= 2950
3980.0
K= 2951
41.5333333334
K= 2952
3427.75
K= 2953
7142.58333333
K= 2954
571.429957803
K= 2955
27.7281468532
K= 2956
3980.0
K= 2957
4090.35026738
K= 2958
7144.0
K= 2959
7136.3452381
K= 2960
786.873043016
K= 2961
7142.4
K= 2962
74.4886819059
K= 2963
1281.53684617
K= 2964
7143.93478261
K= 2965
136.481677435
K= 2966
7143.75
K= 2967
10539.8
K= 2968
5226.32917669
K= 2969
7135.33333333
K= 2970
7143.875
K= 2971
7450.0
K= 2972
3540.75
K= 2973
45.5573899923
K= 2974
159.487814241
K= 2975
7135.33333333
K= 2976
7136.45714286
K= 2977
804.398106381
K= 2978
7449.0
K= 2979
7450.0
K= 2980
159.975724649
K= 2981
7137.0
K= 2982
893.194318182
K= 2983
25.3052636834
K= 2984
2372.6110501
K= 2985
3853.49845656
K= 2986
29.2907428404
K= 2987
7144.43333333
K= 2988
7457.0
K= 2989
7450.0
K= 2990
3433.6949106
K= 2991
3980.0
K= 2992
7135.58333333
K= 2993
27.8881937668
K= 2994
196.343403044
K= 2995
3758.48888889
K= 2996
3922.7843254
K= 2997
5249.17760582
K= 2998
7136.8974359
K= 2999
3751.26190476
K= 3000
161.147878529
K= 3001
8595.47917669
K= 3002
40.5257533561
K= 3003
31.3037801082
K= 3004
7143.90740741
K= 3005
773.591366308
K= 3006
27.8881937668
K= 3007
7450.0
K= 3008
62.3869340671
K= 3009
811.257961408
K= 3010
7457.0
K= 3011
7148.0
K= 3012
7450.0
K= 3013
57.3909208982
K= 3014
839.724560338
K= 3015
7450.0
K= 3016
7143.86542443
K= 3017
79.7789620885
K= 3018
61.367462514
K= 3019
7135.57777778
K= 3020
529.818210084
K= 3021
540.175886613
K= 3022
75.7095516736
K= 3023
863.620078104
K= 3024
7143.51428571
K= 3025
5218.24584336
K= 3026
118.628591334
K= 3027
1945.68863326
K= 3028
57.2905124258
K= 3029
3980.0
K= 3030
764.288175141
K= 3031
7136.9047619
K= 3032
3818.82503186
K= 3033
148.551738704
K= 3034
7450.0
K= 3035
22.3288197503
K= 3036
3411.69450502
K= 3037
7457.0
K= 3038
3752.975
K= 3039
38.7084629836
K= 3040
32.1342149503
K= 3041
7450.0
K= 3042
7450.0
K= 3043
7450.0
K= 3044
3668.66666667
K= 3045
71.7879691415
K= 3046
3747.2182084
K= 3047
110.683938801
K= 3048
3749.43293373
K= 3049
7136.78787879
K= 3050
3411.69956329
K= 3051
53.6764208965
K= 3052
70.8922428614
K= 3053
30428.415493
K= 3054
3752.48888889
K= 3055
7143.89473684
K= 3056
7450.0
K= 3057
3980.0
K= 3058
7136.5
K= 3059
7450.0
K= 3060
7143.46666667
K= 3061
7450.0
K= 3062
29.6476536531
K= 3063
7450.0
K= 3064
7450.0
K= 3065
3980.0
K= 3066
741.707142857
K= 3067
22.7831168831
K= 3068
41.1903789665
K= 3069
7135.52941176
K= 3070
7143.43333333
K= 3071
31.6275901748
K= 3072
7136.5
K= 3073
7457.0
K= 3074
7457.0
K= 3075
44.0384088636
K= 3076
7136.48837209
K= 3077
5214.81012907
K= 3078
7144.0
K= 3079
7450.0
K= 3080
24.4190268742
K= 3081
4078.47593985
K= 3082
5885.6213132
K= 3083
7135.3
K= 3084
3980.0
K= 3085
3971.91011236
K= 3086
52.9137480906
K= 3087
7136.51048951
K= 3088
7143.51428571
K= 3089
3474.66666667
K= 3090
5403.80222996
K= 3091
7450.0
K= 3092
3976.49845656
K= 3093
26.3818897274
K= 3094
7450.0
K= 3095
7136.59627329
K= 3096
46.8087933061
K= 3097
31.8807694509
K= 3098
7143.46666667
K= 3099
129.432839926
K= 3100
45.7298026537
K= 3101
1231.05946247
K= 3102
819.348383116
K= 3103
7136.25
K= 3104
698.678573804
K= 3105
74.4886819059
K= 3106
3474.66666667
K= 3107
7137.0
K= 3108
7144.0
K= 3109
5215.07917669
K= 3110
7458.78571429
K= 3111
7457.0
K= 3112
7279.75
K= 3113
4668.90182688
K= 3114
486.573120322
K= 3115
26.2798930253
K= 3116
56.9394981624
K= 3117
3968.81594517
K= 3118
3743.0
K= 3119
7135.51428571
K= 3120
3759.3317004
K= 3121
7144.0
K= 3122
73.658583649
K= 3123
328.804761905
K= 3124
0.0
K= 3125
7144.0
K= 3126
7450.0
K= 3127
3752.54444444
K= 3128
7933.99691313
K= 3129
62.1333333333
K= 3130
4002.10428168
K= 3131
5235.39274251
K= 3132
550.846420658
K= 3133
193.278952586
K= 3134
208.837214569
K= 3135
492.010008194
K= 3136
790.376719577
K= 3137
7450.0
K= 3138
7206.66666667
K= 3139
3406.67781503
K= 3140
7450.0
K= 3141
7143.47368421
K= 3142
5243.4154512
K= 3143
488.166006727
K= 3144
7136.7
K= 3145
26.2815093226
K= 3146
7450.0
K= 3147
3802.75
K= 3148
7136.44444444
K= 3149
10538.6
K= 3150
3772.36165057
K= 3151
7450.0
K= 3152
7449.14449953
K= 3153
3401.59154571
K= 3154
3474.66666667
K= 3155
7457.0
K= 3156
74.59569945
K= 3157
7933.0
K= 3158
7450.0
K= 3159
5229.44886657
K= 3160
7208.41666667
K= 3161
3752.76666667
K= 3162
43.1462494503
K= 3163
7144.6
K= 3164
7415.09864698
K= 3165
3889.71504265
K= 3166
7461.73333333
K= 3167
6855.5
K= 3168
7457.0
K= 3169
61.9324280191
K= 3170
7457.0
K= 3171
32.1072445677
K= 3172
7135.83333333
K= 3173
7457.0
K= 3174
70.9904106583
K= 3175
28.142450917
K= 3176
7136.84637068
K= 3177
223.69537161
K= 3178
87.2003950421
K= 3179
3753.09275362
K= 3180
855.202307913
K= 3181
3474.66666667
K= 3182
22.7589745792
K= 3183
7143.60714286
K= 3184
7136.73069498
K= 3185
7137.0
K= 3186
5265.6375359
K= 3187
53.2014989371
K= 3188
7545.98766105
K= 3189
56.2659636864
K= 3190
114.803911041
K= 3191
7457.0
K= 3192
30378.4327036
K= 3193
7450.0
K= 3194
3751.42857143
K= 3195
7450.0
K= 3196
7137.0
K= 3197
7457.0
K= 3198
79.3840850017
K= 3199
7450.0
K= 3200
50.6476123228
K= 3201
42.710158658
K= 3202
3732.0
K= 3203
7450.0
K= 3204
3474.66666667
K= 3205
7143.0
K= 3206
3980.0
K= 3207
51.3492928585
K= 3208
3791.0
K= 3209
7457.0
K= 3210
905.418859381
K= 3211
7142.58333333
K= 3212
10540.0285714
K= 3213
3980.0
K= 3214
7450.0
K= 3215
7136.1
K= 3216
5413.86690833
K= 3217
3980.0
K= 3218
65.85396877
K= 3219
5226.89893732
K= 3220
34.9333645257
K= 3221
3540.75
K= 3222
7136.86666667
K= 3223
5220.23982715
K= 3224
247.668742885
K= 3225
42.2236632595
K= 3226
7136.40106952
K= 3227
7457.0
K= 3228
0.0
K= 3229
7143.46666667
K= 3230
7136.25
K= 3231
832.091973224
K= 3232
744.136366495
K= 3233
7450.0
K= 3234
10879.4666667
K= 3235
516.110698301
K= 3236
7457.0
K= 3237
112.255607683
K= 3238
3751.0
K= 3239
7135.60714286
K= 3240
7143.5
K= 3241
514.823239465
K= 3242
58.4283117235
K= 3243
7137.0
K= 3244
7450.0
K= 3245
7450.0
K= 3246
11275.9356322
K= 3247
3980.0
K= 3248
3972.48737374
K= 3249
758.662409425
K= 3250
70.9904106583
K= 3251
7450.0
K= 3252
25.9700407726
K= 3253
7450.0
K= 3254
3417.66666667
K= 3255
3764.35643213
K= 3256
120.49427777
K= 3257
7136.86226204
K= 3258
425.743196377
K= 3259
7139.0
K= 3260
52.7289722271
K= 3261
7450.0
K= 3262
3992.22263741
K= 3263
7136.85714286
K= 3264
7276.0
K= 3265
0.0
K= 3266
7136.1
K= 3267
5545.08831722
K= 3268
3758.95666667
K= 3269
5215.24584336
K= 3270
7457.0
K= 3271
65.268500691
K= 3272
7450.0
K= 3273
7143.5
K= 3274
252.390378151
K= 3275
3540.75
K= 3276
3407.11883399
K= 3277
73.0600293803
K= 3278
32.986154113
K= 3279
34.4367625539
K= 3280
7136.46666667
K= 3281
7450.0
K= 3282
473.716403034
K= 3283
64.1360183039
K= 3284
7450.0
K= 3285
47.4346600058
K= 3286
1945.68863326
K= 3287
3474.66666667
K= 3288
6764.58333333
K= 3289
7136.89473684
K= 3290
39.295105068
K= 3291
196.586464114
K= 3292
7450.0
K= 3293
48.592420246
K= 3294
846.028921167
K= 3295
3479.5
K= 3296
7450.0
K= 3297
7136.66666667
K= 3298
7144.43333333
K= 3299
78.9452668645
K= 3300
32.8566478237
K= 3301
881.797327267
K= 3302
3980.0
K= 3303
7450.0
K= 3304
5297.34183698
K= 3305
7450.0
K= 3306
25.4694464926
K= 3307
7137.0
K= 3308
7135.58333333
K= 3309
7450.0
K= 3310
26.3818897274
K= 3311
3889.71504265
K= 3312
7458.32081807
K= 3313
7137.43333333
K= 3314
7457.0
K= 3315
136.949021626
K= 3316
7131.5
K= 3317
7136.46666667
K= 3318
7143.3
K= 3319
7135.58333333
K= 3320
23.242359014
K= 3321
7450.0
K= 3322
3540.75
K= 3323
30.280971441
K= 3324
104.766366737
K= 3325
80.9226258693
K= 3326
44.1913431706
K= 3327
7476.43333333
K= 3328
63.8705542935
K= 3329
3406.9047619
K= 3330
52.6257647795
K= 3331
7136.66666667
K= 3332
7450.0
K= 3333
7450.0
K= 3334
3782.15379287
K= 3335
3791.0
K= 3336
197.133390855
K= 3337
7136.3
K= 3338
7450.0
K= 3339
10552.6
K= 3340
3794.2234127
K= 3341
771.480312502
K= 3342
7457.0
K= 3343
7457.0
K= 3344
28.8010182523
K= 3345
7137.0
K= 3346
4063.84047619
K= 3347
3748.15140841
K= 3348
7146.4234997
K= 3349
11175.0
K= 3350
7136.5
K= 3351
3750.67559524
K= 3352
134.427268938
K= 3353
7136.47368421
K= 3354
11175.0
K= 3355
884.805749971
K= 3356
51.5099408689
K= 3357
64.0599936005
K= 3358
7280.06666667
K= 3359
149.827545449
K= 3360
3668.675
K= 3361
7143.94791667
K= 3362
3668.1
K= 3363
7361.625
K= 3364
3980.0
K= 3365
3980.0
K= 3366
74.4886819061
K= 3367
7450.0
K= 3368
51.1327489
K= 3369
3747.33333333
K= 3370
7143.3
K= 3371
7136.1
K= 3372
50.0074572593
K= 3373
7136.60185185
K= 3374
7142.58333333
K= 3375
7136.1
K= 3376
7450.0
K= 3377
7143.5
K= 3378
758.878777154
K= 3379
3791.0
K= 3380
7137.0
K= 3381
7143.3
K= 3382
7450.0
K= 3383
3980.0
K= 3384
256.1869527
K= 3385
3411.69956329
K= 3386
7142.33333333
K= 3387
3980.0
K= 3388
3980.0
K= 3389
7450.0
K= 3390
28.0282433257
K= 3391
6079.43300471
K= 3392
8599.47917669
K= 3393
7137.0
K= 3394
7142.33333333
K= 3395
3992.22263741
K= 3396
7137.0
K= 3397
3540.75
K= 3398
7450.0
K= 3399
3540.75
K= 3400
7457.0
K= 3401
7457.0
K= 3402
828.540525092
K= 3403
836.55
K= 3404
7450.0
K= 3405
5334.53156764
K= 3406
5282.68193914
K= 3407
382.058017509
K= 3408
795.20637635
K= 3409
45.2056436704
K= 3410
840.548561162
K= 3411
21.9333333333
K= 3412
72.9937061637
K= 3413
3752.43333333
K= 3414
7143.86542443
K= 3415
82.7672245563
K= 3416
868.959243698
K= 3417
3747.46111111
K= 3418
7450.0
K= 3419
3967.3145793
K= 3420
70.9904106583
K= 3421
60.4951765272
K= 3422
7450.0
K= 3423
7450.0
K= 3424
758.878777154
K= 3425
7035.0
K= 3426
7136.5
K= 3427
50.3387057341
K= 3428
7119.9
K= 3429
177.327296627
K= 3430
7142.33333333
K= 3431
47.1284388013
K= 3432
7450.0
K= 3433
7136.58808933
K= 3434
64.28032647
K= 3435
3830.88015873
K= 3436
7143.7
K= 3437
7133.68421053
K= 3438
7144.0
K= 3439
3980.0
K= 3440
3540.75
K= 3441
7136.0
K= 3442
3547.66666667
K= 3443
49.714102522
K= 3444
7457.0
K= 3445
407.825202703
K= 3446
7457.0
K= 3447
3427.75
K= 3448
280.154258731
K= 3449
26.1963724692
K= 3450
7136.95238095
K= 3451
7457.0
K= 3452
10867.2627451
K= 3453
853.162721037
K= 3454
3474.66666667
K= 3455
7126.66666667
K= 3456
3427.75
K= 3457
50.7568780773
K= 3458
3980.0
K= 3459
7137.0
K= 3460
7450.0
K= 3461
3783.01414248
K= 3462
7137.0
K= 3463
7457.0
K= 3464
21.9333333336
K= 3465
7148.99598735
K= 3466
70.9904106583
K= 3467
7450.0
K= 3468
5248.69476002
K= 3469
3980.0
K= 3470
76.6284103824
K= 3471
848.480468466
K= 3472
7136.8
K= 3473
7450.0
K= 3474
30.1115368395
K= 3475
3980.0
K= 3476
7450.0
K= 3477
1294.79362349
K= 3478
7135.51428571
K= 3479
33.4635382127
K= 3480
7143.3
K= 3481
309.335869145
K= 3482
7136.54980843
K= 3483
7136.44444444
K= 3484
50.6884521556
K= 3485
59.0829223145
K= 3486
3750.67559524
K= 3487
7450.0
K= 3488
776.714257239
K= 3489
7450.0
K= 3490
3404.04040404
K= 3491
2960.05269079
K= 3492
7457.0
K= 3493
7598.30249029
K= 3494
7457.0
K= 3495
11166.0
K= 3496
7450.0
K= 3497
7458.78571429
K= 3498
43.9444694351
K= 3499
3751.0
K= 3500
36.153225167
K= 3501
540.392124015
K= 3502
3980.0
K= 3503
3791.0
K= 3504
7143.89473684
K= 3505
7450.0
K= 3506
4070.58333333
K= 3507
3802.75
K= 3508
26.8366148754
K= 3509
724.887460318
K= 3510
7143.84444444
K= 3511
3386.67512571
K= 3512
3540.75
K= 3513
4050.56792208
K= 3514
52.4005719479
K= 3515
3540.89887446
K= 3516
206.537132559
K= 3517
30312.1700548
K= 3518
3800.49556942
K= 3519
56.1593013392
K= 3520
40.9143507832
K= 3521
3980.0
K= 3522
7139.53440285
K= 3523
3980.0
K= 3524
778.769769079
K= 3525
3473.66666667
K= 3526
28.4795615198
K= 3527
7144.0
K= 3528
36.6517787559
K= 3529
7450.0
K= 3530
745.271013401
K= 3531
7450.0
K= 3532
7450.0
K= 3533
3817.36913364
K= 3534
4162.83333333
K= 3535
30337.998264
K= 3536
7137.0
K= 3537
7450.0
K= 3538
25.9700407726
K= 3539
3992.22263741
K= 3540
30937.2762114
K= 3541
7136.86542443
K= 3542
528.280225619
K= 3543
7450.0
K= 3544
7457.0
K= 3545
1612.37181577
K= 3546
7457.0
K= 3547
3980.0
K= 3548
22.3288197506
K= 3549
7450.0
K= 3550
7450.0
K= 3551
56.2107773991
K= 3552
3904.27672337
K= 3553
74.4886819059
K= 3554
7450.0
K= 3555
7136.46666667
K= 3556
763.207754537
K= 3557
7450.0
K= 3558
1847.75852015
K= 3559
7450.0
K= 3560
76.2673429141
K= 3561
5236.1063853
K= 3562
57.1854271553
K= 3563
7450.0
K= 3564
3761.24665335
K= 3565
7457.0
K= 3566
27.634773809
K= 3567
7136.86542443
K= 3568
3975.49845656
K= 3569
7457.0
K= 3570
3980.0
K= 3571
3980.0
K= 3572
7450.0
K= 3573
7450.0
K= 3574
851.214105339
K= 3575
7450.0
K= 3576
3980.0
K= 3577
67.4652273869
K= 3578
3445.52764471
K= 3579
110.725018881
K= 3580
7450.0
K= 3581
128.924822927
K= 3582
7450.0
K= 3583
7450.0
K= 3584
831.304761905
K= 3585
7450.0
K= 3586
792.559206734
K= 3587
338.303182281
K= 3588
5235.22917669
K= 3589
24.3322739773
K= 3590
3984.32109494
K= 3591
7136.89473684
K= 3592
7457.0
K= 3593
7457.0
K= 3594
805.982634092
K= 3595
7450.0
K= 3596
81.1374386302
K= 3597
7135.58333333
K= 3598
3980.0
K= 3599
24.2502154736
K= 3600
7136.51428571
Betweenness Centrality Improvement
[ 0.  0.  0. ...,  0.  0.  0.]
Top 20 BC Improvement
[3540 2682 2907 2434 2602 3053 2496 3192 3535 2645 3517 2628 2565 2863 2418
 2836 2710 2462 3246 3354]
Top 20 BC Improvement
[ 30937.27621138  30498.5713505   30479.85757386  30455.24512256
  30450.73260454  30428.41549297  30421.15064272  30378.43270358
  30337.998264    30315.27640396  30312.17005475  14966.41155448  14914.
  14898.          14734.75        14620.          14285.02857143  14284.25
  11275.93563218  11175.        ]
