txValue= 1000000
Input graph
IGRAPH D--- 4619 68733 -- 
+ attr: pub_key (v), base_fee (e), capacity (e), fee_rate (e), txCost (e)
None
Graph after edges deleted
IGRAPH D--- 4619 32193 -- 
+ attr: pub_key (v), base_fee (e), capacity (e), fee_rate (e), txCost (e)
None
Our nodes starting connections: 
(4618, 2796)
(4618, 1223)
CurrentBC of our node:  175626.401447
K= 0
33.8048873107
K= 1
36.5150631542
K= 2
25.9509021432
K= 3
60.9997963075
K= 4
4936.0 , Degree=0
K= 5
2497.14417471
K= 6
103.608974359
K= 7
17.9520107539
K= 8
4929.33333333
K= 9
9.23859644955
K= 10
4936.0 , Degree=0
K= 11
12.5906174959
K= 12
14551.0
K= 13
34.4532709531
K= 14
10.3712946204
K= 15
101.9045067
K= 16
4847.0
K= 17
4936.0 , Degree=0
K= 18
12.849863047
K= 19
20.8660781191
K= 20
20.642640163
K= 21
9.08941302812
K= 22
4936.0 , Degree=0
K= 23
4936.0 , Degree=0
K= 24
2482.54250279
K= 25
19.8436638156
K= 26
9.27250780794
K= 27
4798.13333333
K= 28
4936.0 , Degree=0
K= 29
8.71800917858
K= 30
4936.0 , Degree=0
K= 31
4936.0 , Degree=0
K= 32
456.494783888
K= 33
16.3599827018
K= 34
4936.0 , Degree=0
K= 35
5.4666666667
K= 36
4855.37142857
K= 37
8.52343932533
K= 38
4936.0 , Degree=0
K= 39
13.7395739393
K= 40
4936.0 , Degree=0
K= 41
4936.0 , Degree=0
K= 42
4936.0 , Degree=0
K= 43
8.64007443652
K= 44
4936.0 , Degree=0
K= 45
2485.46666667
K= 46
4936.0 , Degree=0
K= 47
167.355852601
K= 48
4784.0
K= 49
4936.0 , Degree=0
K= 50
19.9813733452
K= 51
4936.0 , Degree=0
K= 52
185.576730214
K= 53
21.3060474711
K= 54
20.8875328417
K= 55
4936.0 , Degree=0
K= 56
4831.5
K= 57
4936.0 , Degree=0
K= 58
9.08941302812
K= 59
4936.0 , Degree=0
K= 60
164.156982397
K= 61
34.8843597978
K= 62
26.6096752421
K= 63
4936.0 , Degree=0
K= 64
39.5882608362
K= 65
4936.0 , Degree=0
K= 66
4174.8152192
K= 67
4936.0 , Degree=0
K= 68
4936.0 , Degree=0
K= 69
180.233333333
K= 70
174.399923099
K= 71
1802.06781497
K= 72
174.33482857
K= 73
2484.81501832
K= 74
15.1991010415
K= 75
12.4568360502
K= 76
2454.0
K= 77
2454.0
K= 78
2485.3
K= 79
4936.0 , Degree=0
K= 80
14.2835027169
K= 81
2548.95833333
K= 82
4936.0 , Degree=0
K= 83
4936.0 , Degree=0
K= 84
25.0186405191
K= 85
6.98648870958
K= 86
4936.0 , Degree=0
K= 87
2486.24637681
K= 88
2454.0
K= 89
167.355852601
K= 90
98.3978796312
K= 91
1797.14855253
K= 92
3323.97755164
K= 93
2456.36321699
K= 94
4936.0 , Degree=0
K= 95
4936.0 , Degree=0
K= 96
4936.0 , Degree=0
K= 97
2557.19166667
K= 98
11.6117529177
K= 99
9.63569411589
K= 100
2558.63734545
K= 101
2486.25
K= 102
10.3612326597
K= 103
13.1707624647
K= 104
4936.0 , Degree=0
K= 105
4936.0 , Degree=0
K= 106
4936.0 , Degree=0
K= 107
4936.0 , Degree=0
K= 108
2559.39610052
K= 109
4936.0 , Degree=0
K= 110
4936.0 , Degree=0
K= 111
4936.0 , Degree=0
K= 112
4936.0 , Degree=0
K= 113
6.20384615386
K= 114
8.24421085176
K= 115
4936.0 , Degree=0
K= 116
4936.0 , Degree=0
K= 117
2454.0
K= 118
4936.0 , Degree=0
K= 119
7.98075427659
K= 120
1798.65966364
K= 121
4784.0
K= 122
4936.0 , Degree=0
K= 123
189.742063492
K= 124
4936.0 , Degree=0
K= 125
4936.0 , Degree=0
K= 126
19.5287551224
K= 127
1797.47481516
K= 128
4936.0 , Degree=0
K= 129
36.7356110301
K= 130
4936.0 , Degree=0
K= 131
4936.0 , Degree=0
K= 132
2497.68765297
K= 133
12.2712632569
K= 134
4936.0 , Degree=0
K= 135
9.44329432322
K= 136
735.139437439
K= 137
12.2919425572
K= 138
1841.53771509
K= 139
1797.69220333
K= 140
176.577059052
K= 141
4936.0 , Degree=0
K= 142
4936.0 , Degree=0
K= 143
55.6823196571
K= 144
4936.0 , Degree=0
K= 145
1798.65966364
K= 146
1796.28188587
K= 147
23.6079337145
K= 148
270.084442213
K= 149
4936.0 , Degree=0
K= 150
4936.0 , Degree=0
K= 151
2486.24242424
K= 152
1800.91283825
K= 153
4936.0 , Degree=0
K= 154
2985.48068356
K= 155
4936.0 , Degree=0
K= 156
121.744797353
K= 157
4832.0
K= 158
4936.0 , Degree=0
K= 159
78.9043229717
K= 160
2485.07142857
K= 161
4936.0 , Degree=0
K= 162
4936.0 , Degree=0
K= 163
2497.68765297
K= 164
4936.0 , Degree=0
K= 165
4936.0 , Degree=0
K= 166
6.33333333334
K= 167
1800.14855253
K= 168
4936.0 , Degree=0
K= 169
4936.0 , Degree=0
K= 170
4936.0 , Degree=0
K= 171
29.7030730981
K= 172
4936.0 , Degree=0
K= 173
8.24421085176
K= 174
4936.0 , Degree=0
K= 175
38.8022595923
K= 176
4936.0 , Degree=0
K= 177
4851.0
K= 178
4936.0 , Degree=0
K= 179
4936.0 , Degree=0
K= 180
16.0143560025
K= 181
4936.0 , Degree=0
K= 182
19.9105169687
K= 183
45.3088834652
K= 184
15.1844553378
K= 185
4936.0 , Degree=0
K= 186
4936.0 , Degree=0
K= 187
7.56077442382
K= 188
4936.0 , Degree=0
K= 189
17.15441252
K= 190
4822.0
K= 191
4936.0 , Degree=0
K= 192
4936.0 , Degree=0
K= 193
4936.0 , Degree=0
K= 194
21.8217253992
K= 195
4936.0 , Degree=0
K= 196
4936.0 , Degree=0
K= 197
1804.02950491
K= 198
32.5312527496
K= 199
11.1685572677
K= 200
87.2031653875
K= 201
2483.28500172
K= 202
26.1895252723
K= 203
4936.0 , Degree=0
K= 204
4936.0 , Degree=0
K= 205
7.56077442382
K= 206
4936.0 , Degree=0
K= 207
1797.14855253
K= 208
11.2166666667
K= 209
4936.0 , Degree=0
K= 210
4936.0 , Degree=0
K= 211
35.4175761162
K= 212
4936.0 , Degree=0
K= 213
6.33333333334
K= 214
4936.0 , Degree=0
K= 215
4822.0
K= 216
11.0659118527
K= 217
167.86984127
K= 218
2449.66666667
K= 219
21.5901891736
K= 220
1799.28188587
K= 221
11.3344770592
K= 222
75768.0833333
K= 223
4936.0 , Degree=0
K= 224
4936.0 , Degree=0
K= 225
1797.14855253
K= 226
11.2862689325
K= 227
4936.0 , Degree=0
K= 228
2449.66666667
K= 229
4936.0 , Degree=0
K= 230
185.575298004
K= 231
4936.0 , Degree=0
K= 232
4936.0 , Degree=0
K= 233
2383.20937083
K= 234
22.1704600801
K= 235
173.535378111
K= 236
4936.0 , Degree=0
K= 237
4936.0 , Degree=0
K= 238
180.723730246
K= 239
1805.6577004
K= 240
4936.0 , Degree=0
K= 241
19.1865955965
K= 242
20.5942764269
K= 243
4936.0 , Degree=0
K= 244
4936.0 , Degree=0
K= 245
4936.0 , Degree=0
K= 246
2555.47473262
K= 247
4936.0 , Degree=0
K= 248
4936.0 , Degree=0
K= 249
2454.0
K= 250
4936.0 , Degree=0
K= 251
32.4272805997
K= 252
4936.0 , Degree=0
K= 253
150.4476874
K= 254
4936.0 , Degree=0
K= 255
4936.0 , Degree=0
K= 256
14.4483177353
K= 257
174.399923099
K= 258
46.6386754771
K= 259
2455.8300207
K= 260
37.4030723051
K= 261
4936.0 , Degree=0
K= 262
4936.0 , Degree=0
K= 263
14541.0
K= 264
4936.0 , Degree=0
K= 265
14.897452795
K= 266
8.5612729578
K= 267
23.8820273994
K= 268
4936.0 , Degree=0
K= 269
12.4675703727
K= 270
4846.0
K= 271
4936.0 , Degree=0
K= 272
4936.0 , Degree=0
K= 273
4936.0 , Degree=0
K= 274
2483.34264706
K= 275
2377.70261476
K= 276
162.0
K= 277
4936.0 , Degree=0
K= 278
4936.0 , Degree=0
K= 279
4784.0
K= 280
4936.0 , Degree=0
K= 281
43.5179599601
K= 282
86.4103848004
K= 283
4936.0 , Degree=0
K= 284
2573.32142857
K= 285
215.388020208
K= 286
33.9216247781
K= 287
17.1477478491
K= 288
4936.0 , Degree=0
K= 289
2577.08333333
K= 290
22.9266825871
K= 291
4936.0 , Degree=0
K= 292
4936.0 , Degree=0
K= 293
11.306271931
K= 294
87.7523485963
K= 295
42.4519909162
K= 296
1798.40862579
K= 297
4936.0 , Degree=0
K= 298
4936.0 , Degree=0
K= 299
4936.0 , Degree=0
K= 300
1795.06760015
K= 301
4936.0 , Degree=0
K= 302
1796.28188587
K= 303
4936.0 , Degree=0
K= 304
4936.0 , Degree=0
K= 305
14.6506665335
K= 306
4963.68888889
K= 307
9.91962460717
K= 308
4936.0 , Degree=0
K= 309
66.7129954583
K= 310
4936.0 , Degree=0
K= 311
4854.0
K= 312
199.283333333
K= 313
169.626581957
K= 314
4936.0 , Degree=0
K= 315
4936.0 , Degree=0
K= 316
73.2298606818
K= 317
4936.0 , Degree=0
K= 318
4936.0 , Degree=0
K= 319
13.4734504617
K= 320
16.0871890712
K= 321
157.836005212
K= 322
4936.0 , Degree=0
K= 323
4936.0 , Degree=0
K= 324
4936.0 , Degree=0
K= 325
4936.0 , Degree=0
K= 326
4936.0 , Degree=0
K= 327
197.308516484
K= 328
33.6907918458
K= 329
5.07142857145
K= 330
14.4483066269
K= 331
4936.0 , Degree=0
K= 332
4936.0 , Degree=0
K= 333
9.93333333332
K= 334
4936.0 , Degree=0
K= 335
4936.0 , Degree=0
K= 336
4936.0 , Degree=0
K= 337
180.384920635
K= 338
4936.0 , Degree=0
K= 339
27.7330263706
K= 340
9.08941302812
K= 341
1879.47538957
K= 342
4859.66666667
K= 343
1794.15786626
K= 344
6.06300108344
K= 345
4936.0 , Degree=0
K= 346
4936.0 , Degree=0
K= 347
2483.75758114
K= 348
4936.0 , Degree=0
K= 349
43.9893307116
K= 350
21.6978401728
K= 351
3347.97569307
K= 352
40.4870247805
K= 353
4936.0 , Degree=0
K= 354
4936.0 , Degree=0
K= 355
4936.0 , Degree=0
K= 356
4860.9047619
K= 357
4936.0 , Degree=0
K= 358
13.9151676955
K= 359
4936.0 , Degree=0
K= 360
66.7129954583
K= 361
18.4411652403
K= 362
4936.0 , Degree=0
K= 363
6.33333333334
K= 364
1879.82590298
K= 365
179.899206349
K= 366
4936.0 , Degree=0
K= 367
4936.0 , Degree=0
K= 368
4936.0 , Degree=0
K= 369
14.7615083882
K= 370
4936.0 , Degree=0
K= 371
4936.0 , Degree=0
K= 372
12.3631164957
K= 373
4936.0 , Degree=0
K= 374
4936.0 , Degree=0
K= 375
82.3812935103
K= 376
4936.0 , Degree=0
K= 377
89.8431507915
K= 378
8.24421085176
K= 379
8.09567527557
K= 380
16.2115525219
K= 381
4936.0 , Degree=0
K= 382
2486.24637681
K= 383
4936.0 , Degree=0
K= 384
156.53485874
K= 385
4936.0 , Degree=0
K= 386
2485.07142857
K= 387
2558.63734545
K= 388
1797.69220333
K= 389
4936.0 , Degree=0
K= 390
24.6478303428
K= 391
4936.0 , Degree=0
K= 392
2390.68517322
K= 393
11.4299827082
K= 394
4936.0 , Degree=0
K= 395
4936.0 , Degree=0
K= 396
24.2753897504
K= 397
4936.0 , Degree=0
K= 398
4936.0 , Degree=0
K= 399
209.344047619
K= 400
4936.0 , Degree=0
K= 401
19.6473597129
K= 402
4936.0 , Degree=0
K= 403
2485.46666667
K= 404
4936.0 , Degree=0
K= 405
4936.0 , Degree=0
K= 406
4936.0 , Degree=0
K= 407
4936.0 , Degree=0
K= 408
12392.4
K= 409
4936.0 , Degree=0
K= 410
4936.0 , Degree=0
K= 411
4936.0 , Degree=0
K= 412
4936.0 , Degree=0
K= 413
4936.0 , Degree=0
K= 414
13.5081204701
K= 415
20.2240543779
K= 416
2547.38734545
K= 417
107.333333333
K= 418
4936.0 , Degree=0
K= 419
1879.49393129
K= 420
42.6707430216
K= 421
2496.35060273
K= 422
104.798899556
K= 423
4936.0 , Degree=0
K= 424
4936.0 , Degree=0
K= 425
4936.0 , Degree=0
K= 426
186.447916093
K= 427
4936.0 , Degree=0
K= 428
4936.0 , Degree=0
K= 429
17.3515081115
K= 430
21.6913393056
K= 431
4936.0 , Degree=0
K= 432
27.3197543088
K= 433
1799.28188587
K= 434
4936.0 , Degree=0
K= 435
4936.0 , Degree=0
K= 436
4936.0 , Degree=0
K= 437
4936.0 , Degree=0
K= 438
9.06951051101
K= 439
4936.0 , Degree=0
K= 440
4936.0 , Degree=0
K= 441
2573.32142857
K= 442
12.1612729578
K= 443
4936.0 , Degree=0
K= 444
27.0098891509
K= 445
4936.0 , Degree=0
K= 446
4936.0 , Degree=0
K= 447
4936.0 , Degree=0
K= 448
6.24523809526
K= 449
4799.0
K= 450
4936.0 , Degree=0
K= 451
4936.0 , Degree=0
K= 452
15.3622119292
K= 453
2476.81904762
K= 454
92.1138104758
K= 455
4936.0 , Degree=0
K= 456
4936.0 , Degree=0
K= 457
181.868297289
K= 458
4936.0 , Degree=0
K= 459
4936.0 , Degree=0
K= 460
4936.0 , Degree=0
K= 461
4936.0 , Degree=0
K= 462
4936.0 , Degree=0
K= 463
2486.24637681
K= 464
4936.0 , Degree=0
K= 465
7.56077442382
K= 466
249.573260073
K= 467
77.3138461538
K= 468
4936.0 , Degree=0
K= 469
9.27250780794
K= 470
62.7964440554
K= 471
14.253275737
K= 472
1795.88664777
K= 473
24.3509689533
K= 474
9.26127295778
K= 475
4936.0 , Degree=0
K= 476
4936.0 , Degree=0
K= 477
4936.0 , Degree=0
K= 478
3323.97755164
K= 479
4936.0 , Degree=0
K= 480
36.8927978454
K= 481
4936.0 , Degree=0
K= 482
4936.0 , Degree=0
K= 483
4847.0
K= 484
1800.3152192
K= 485
4936.0 , Degree=0
K= 486
4936.0 , Degree=0
K= 487
1804.34275543
K= 488
3237.89421831
K= 489
4936.0 , Degree=0
K= 490
4936.0 , Degree=0
K= 491
4936.0 , Degree=0
K= 492
2454.0
K= 493
4936.0 , Degree=0
K= 494
5.07142857145
K= 495
4936.0 , Degree=0
K= 496
4936.0 , Degree=0
K= 497
188.126190476
K= 498
14903.6666667
K= 499
4936.0 , Degree=0
K= 500
10.8380952381
K= 501
2494.39098568
K= 502
5.07142857145
K= 503
2483.14285714
K= 504
167.355852601
K= 505
4936.0 , Degree=0
K= 506
4936.0 , Degree=0
K= 507
4847.0
K= 508
4936.0 , Degree=0
K= 509
174.399923099
K= 510
167.355852601
K= 511
4936.0 , Degree=0
K= 512
4936.0 , Degree=0
K= 513
2368.0
K= 514
1009.2798312
K= 515
33.0133004695
K= 516
4936.0 , Degree=0
K= 517
15.1326542728
K= 518
4936.0 , Degree=0
K= 519
4828.0
K= 520
2485.37971014
K= 521
4936.0 , Degree=0
K= 522
2548.95833333
K= 523
4936.0 , Degree=0
K= 524
43.0303566403
K= 525
4936.0 , Degree=0
K= 526
4936.0 , Degree=0
K= 527
93.3221001221
K= 528
2564.89898374
K= 529
171.5
K= 530
11.2862689325
K= 531
4936.0 , Degree=0
K= 532
4936.0 , Degree=0
K= 533
20.642640163
K= 534
4936.0 , Degree=0
K= 535
4936.0 , Degree=0
K= 536
4936.0 , Degree=0
K= 537
11.3226485373
K= 538
181.535567851
K= 539
2381.0
K= 540
16.1525941599
K= 541
2558.63734545
K= 542
6.33333333331
K= 543
4936.0 , Degree=0
K= 544
4936.0 , Degree=0
K= 545
4936.0 , Degree=0
K= 546
18.4458826359
K= 547
3323.97755164
K= 548
1808.08188587
K= 549
4832.0
K= 550
22.7156760621
K= 551
4936.0 , Degree=0
K= 552
4936.0 , Degree=0
K= 553
4860.0
K= 554
4936.0 , Degree=0
K= 555
181.614980713
K= 556
72.8949931441
K= 557
4936.0 , Degree=0
K= 558
171.842857143
K= 559
4936.0 , Degree=0
K= 560
4936.0 , Degree=0
K= 561
158.777777778
K= 562
188.626478433
K= 563
4936.0 , Degree=0
K= 564
2572.33333333
K= 565
209.526623377
K= 566
4936.0 , Degree=0
K= 567
65.9586377984
K= 568
4936.0 , Degree=0
K= 569
40.1307546931
K= 570
170.516556543
K= 571
4936.0 , Degree=0
K= 572
84.4121654223
K= 573
4936.0 , Degree=0
K= 574
4936.0 , Degree=0
K= 575
177.704986981
K= 576
4936.0 , Degree=0
K= 577
11.5476190476
K= 578
4936.0 , Degree=0
K= 579
4936.0 , Degree=0
K= 580
16.3733312933
K= 581
41.9924093924
K= 582
4936.0 , Degree=0
K= 583
21.4714285714
K= 584
4936.0 , Degree=0
K= 585
4936.0 , Degree=0
K= 586
4936.0 , Degree=0
K= 587
4936.0 , Degree=0
K= 588
4936.0 , Degree=0
K= 589
18.9023512209
K= 590
4936.0 , Degree=0
K= 591
2567.73333333
K= 592
4936.0 , Degree=0
K= 593
4936.0 , Degree=0
K= 594
4844.88571429
K= 595
4936.0 , Degree=0
K= 596
10.399245186
K= 597
4936.0 , Degree=0
K= 598
18.3812464777
K= 599
883.492671731
K= 600
2486.24637681
K= 601
179.336969361
K= 602
4936.0 , Degree=0
K= 603
4936.0 , Degree=0
K= 604
169.680810663
K= 605
2486.24242424
K= 606
2547.85622711
K= 607
2454.0
K= 608
8.58754918404
K= 609
75.5088105935
K= 610
4936.0 , Degree=0
K= 611
4936.0 , Degree=0
K= 612
2482.58368912
K= 613
195.403370722
K= 614
4936.0 , Degree=0
K= 615
4936.0 , Degree=0
K= 616
4936.0 , Degree=0
K= 617
9.76584960826
K= 618
11.9573100941
K= 619
4936.0 , Degree=0
K= 620
4936.0 , Degree=0
K= 621
181.924844908
K= 622
10.1308381752
K= 623
82.151779942
K= 624
4936.0 , Degree=0
K= 625
4936.0 , Degree=0
K= 626
4936.0 , Degree=0
K= 627
9.71076449688
K= 628
4936.0 , Degree=0
K= 629
4936.0 , Degree=0
K= 630
4862.0
K= 631
4936.0 , Degree=0
K= 632
4936.0 , Degree=0
K= 633
4936.0 , Degree=0
K= 634
4936.0 , Degree=0
K= 635
4936.0 , Degree=0
K= 636
4936.0 , Degree=0
K= 637
1804.05569539
K= 638
4936.0 , Degree=0
K= 639
2562.29120553
K= 640
2558.63734545
K= 641
4936.0 , Degree=0
K= 642
20.7544066936
K= 643
1794.8152192
K= 644
4936.0 , Degree=0
K= 645
4936.0 , Degree=0
K= 646
154.875880184
K= 647
4936.0 , Degree=0
K= 648
4936.0 , Degree=0
K= 649
4936.0 , Degree=0
K= 650
4936.0 , Degree=0
K= 651
204.029655641
K= 652
1811.29628605
K= 653
4936.0 , Degree=0
K= 654
2551.73232323
K= 655
2454.0
K= 656
4936.0 , Degree=0
K= 657
2383.34308613
K= 658
10.6244151397
K= 659
4936.0 , Degree=0
K= 660
4936.0 , Degree=0
K= 661
4936.0 , Degree=0
K= 662
4936.0 , Degree=0
K= 663
1829.01685791
K= 664
4936.0 , Degree=0
K= 665
4936.0 , Degree=0
K= 666
4936.0 , Degree=0
K= 667
4936.0 , Degree=0
K= 668
4936.0 , Degree=0
K= 669
9.90462795377
K= 670
2386.27583047
K= 671
4936.0 , Degree=0
K= 672
205.776190476
K= 673
18.6071921942
K= 674
41.5379359775
K= 675
25.4822642486
K= 676
4936.0 , Degree=0
K= 677
4936.0 , Degree=0
K= 678
241.251587302
K= 679
4936.0 , Degree=0
K= 680
4936.0 , Degree=0
K= 681
2484.96666667
K= 682
22.822736458
K= 683
4936.0 , Degree=0
K= 684
4936.0 , Degree=0
K= 685
4936.0 , Degree=0
K= 686
9.4340604851
K= 687
82.3718383419
K= 688
4936.0 , Degree=0
K= 689
73.5807918726
K= 690
4936.0 , Degree=0
K= 691
2573.57619048
K= 692
12.9279367089
K= 693
4936.0 , Degree=0
K= 694
6.33333333334
K= 695
1800.14855253
K= 696
4936.0 , Degree=0
K= 697
1847.74366481
K= 698
4936.0 , Degree=0
K= 699
4936.0 , Degree=0
K= 700
4936.0 , Degree=0
K= 701
4782.0
K= 702
2485.46666667
K= 703
27.7006886106
K= 704
4936.0 , Degree=0
K= 705
175.100896326
K= 706
3323.97755164
K= 707
4936.0 , Degree=0
K= 708
167.355852601
K= 709
11.536889164
K= 710
4936.0 , Degree=0
K= 711
9.26127295778
K= 712
4936.0 , Degree=0
K= 713
22.1481506296
K= 714
4936.0 , Degree=0
K= 715
4936.0 , Degree=0
K= 716
6.33333333331
K= 717
4936.0 , Degree=0
K= 718
9919.96969697
K= 719
14.5468612727
K= 720
45.0810550303
K= 721
2383.07087752
K= 722
21.427974492
K= 723
259.900595238
K= 724
9927.86666667
K= 725
4936.0 , Degree=0
K= 726
4758.0
K= 727
4799.0
K= 728
4936.0 , Degree=0
K= 729
4936.0 , Degree=0
K= 730
6.33333333334
K= 731
4936.0 , Degree=0
K= 732
2559.85731061
K= 733
4936.0 , Degree=0
K= 734
19.9099063282
K= 735
2484.25901116
K= 736
4936.0 , Degree=0
K= 737
4936.0 , Degree=0
K= 738
4936.0 , Degree=0
K= 739
4901.0
K= 740
4936.0 , Degree=0
K= 741
7.96077442385
K= 742
2496.72739653
K= 743
21.3331878485
K= 744
4936.0 , Degree=0
K= 745
2484.97142857
K= 746
20.6408218005
K= 747
4936.0 , Degree=0
K= 748
4936.0 , Degree=0
K= 749
4936.0 , Degree=0
K= 750
16.9488008028
K= 751
9.90257427262
K= 752
90.5225192678
K= 753
4936.0 , Degree=0
K= 754
1878.03143408
K= 755
4936.0 , Degree=0
K= 756
167.901307147
K= 757
4936.0 , Degree=0
K= 758
4936.0 , Degree=0
K= 759
93.8558739672
K= 760
160.413497279
K= 761
4936.0 , Degree=0
K= 762
4936.0 , Degree=0
K= 763
4936.0 , Degree=0
K= 764
4936.0 , Degree=0
K= 765
27.1641697029
K= 766
4936.0 , Degree=0
K= 767
4936.0 , Degree=0
K= 768
4936.0 , Degree=0
K= 769
7.15622710626
K= 770
4936.0 , Degree=0
K= 771
2495.22121212
K= 772
11.4290086089
K= 773
4936.0 , Degree=0
K= 774
20.9303759204
K= 775
4936.0 , Degree=0
K= 776
4784.0
K= 777
4936.0 , Degree=0
K= 778
103.732738095
K= 779
4936.0 , Degree=0
K= 780
18.0249002202
K= 781
4791.5
K= 782
4936.0 , Degree=0
K= 783
24.5618077486
K= 784
4936.0 , Degree=0
K= 785
4936.0 , Degree=0
K= 786
4936.0 , Degree=0
K= 787
4936.0 , Degree=0
K= 788
34.2982143396
K= 789
34.8684897924
K= 790
26.3422484184
K= 791
4936.0 , Degree=0
K= 792
4835.02564103
K= 793
4936.0 , Degree=0
K= 794
6.09587128559
K= 795
4936.0 , Degree=0
K= 796
151.991654413
K= 797
17364.7653902
K= 798
4936.0 , Degree=0
K= 799
4936.0 , Degree=0
K= 800
172.549428554
K= 801
4936.0 , Degree=0
K= 802
4936.0 , Degree=0
K= 803
2378.16666667
K= 804
2483.14433048
K= 805
6.33333333331
K= 806
24.2413976648
K= 807
93.5677701642
K= 808
4936.0 , Degree=0
K= 809
2486.33333333
K= 810
4936.0 , Degree=0
K= 811
4936.0 , Degree=0
K= 812
9.71723724532
K= 813
4936.0 , Degree=0
K= 814
4936.0 , Degree=0
K= 815
4936.0 , Degree=0
K= 816
47.6631368631
K= 817
4936.0 , Degree=0
K= 818
12356.1709433
K= 819
2493.05132168
K= 820
4936.0 , Degree=0
K= 821
4936.0 , Degree=0
K= 822
4936.0 , Degree=0
K= 823
9.77973856209
K= 824
4936.0 , Degree=0
K= 825
4784.0
K= 826
4936.0 , Degree=0
K= 827
4936.0 , Degree=0
K= 828
22.7642400659
K= 829
76.5155010858
K= 830
4814.0
K= 831
4936.0 , Degree=0
K= 832
9.93333333332
K= 833
4936.0 , Degree=0
K= 834
11.7050810301
K= 835
4936.0 , Degree=0
K= 836
4860.0
K= 837
19.801212337
K= 838
30.2795544318
K= 839
25.6994757284
K= 840
4860.33333333
K= 841
4783.6
K= 842
178.702380952
K= 843
83.3338993803
K= 844
2483.28500172
K= 845
4936.0 , Degree=0
K= 846
14.1023497997
K= 847
4936.0 , Degree=0
K= 848
171.614238722
K= 849
4936.0 , Degree=0
K= 850
4936.0 , Degree=0
K= 851
149.285714286
K= 852
8.19016938354
K= 853
7492.80952381
K= 854
1842.52911229
K= 855
4936.0 , Degree=0
K= 856
21.9108415995
K= 857
98.1611678805
K= 858
4936.0 , Degree=0
K= 859
2454.0
K= 860
49.739677638
K= 861
4936.0 , Degree=0
K= 862
4936.0 , Degree=0
K= 863
20.4080166291
K= 864
8.19016938354
K= 865
4936.0 , Degree=0
K= 866
4936.0 , Degree=0
K= 867
2384.19079161
K= 868
4936.0 , Degree=0
K= 869
2484.98447205
K= 870
4936.0 , Degree=0
K= 871
1797.8152192
K= 872
4847.0
K= 873
4936.0 , Degree=0
K= 874
4936.0 , Degree=0
K= 875
4936.0 , Degree=0
K= 876
4936.0 , Degree=0
K= 877
255.153968254
K= 878
4936.0 , Degree=0
K= 879
4936.0 , Degree=0
K= 880
1800.14855253
K= 881
4936.0 , Degree=0
K= 882
11.546633642
K= 883
4936.0 , Degree=0
K= 884
4936.0 , Degree=0
K= 885
175.001495237
K= 886
172.05952381
K= 887
4936.0 , Degree=0
K= 888
4936.0 , Degree=0
K= 889
20.4880533463
K= 890
12.3960440935
K= 891
1798.88664777
K= 892
1795.5121889
K= 893
4936.0 , Degree=0
K= 894
4936.0 , Degree=0
K= 895
2564.83333333
K= 896
4936.0 , Degree=0
K= 897
2454.0
K= 898
2575.39444444
K= 899
4936.0 , Degree=0
K= 900
44.2969245406
K= 901
4936.0 , Degree=0
K= 902
4784.0
K= 903
4936.0 , Degree=0
K= 904
4936.0 , Degree=0
K= 905
1800.14855253
K= 906
4936.0 , Degree=0
K= 907
24.6889091329
K= 908
9.48862710869
K= 909
4936.0 , Degree=0
K= 910
29.1056412296
K= 911
4936.0 , Degree=0
K= 912
194.505638882
K= 913
4936.0 , Degree=0
K= 914
4855.33333333
K= 915
88.6834414286
K= 916
4936.0 , Degree=0
K= 917
4936.0 , Degree=0
K= 918
2497.68765297
K= 919
2558.08737374
K= 920
7.6942485327
K= 921
2551.73232323
K= 922
4936.0 , Degree=0
K= 923
4936.0 , Degree=0
K= 924
4936.0 , Degree=0
K= 925
7.8097528012
K= 926
8.24421085176
K= 927
1796.64855253
K= 928
64.9359506507
K= 929
4936.0 , Degree=0
K= 930
169.554913549
K= 931
14.2140529171
K= 932
15.0178203983
K= 933
108.585463256
K= 934
4936.0 , Degree=0
K= 935
6.76123265969
K= 936
4936.0 , Degree=0
K= 937
57.0882063637
K= 938
4936.0 , Degree=0
K= 939
4862.0
K= 940
4936.0 , Degree=0
K= 941
4936.0 , Degree=0
K= 942
4936.0 , Degree=0
K= 943
4936.0 , Degree=0
K= 944
2570.38822764
K= 945
4780.5
K= 946
4936.0 , Degree=0
K= 947
23.2634159372
K= 948
4936.0 , Degree=0
K= 949
4936.0 , Degree=0
K= 950
10.3597717581
K= 951
28.1743154091
K= 952
2492.36281746
K= 953
4936.0 , Degree=0
K= 954
2454.0
K= 955
4936.0 , Degree=0
K= 956
4936.0 , Degree=0
K= 957
2486.24242424
K= 958
1797.14855253
K= 959
30.5672424077
K= 960
202.136943057
K= 961
4936.0 , Degree=0
K= 962
4936.0 , Degree=0
K= 963
6.33333333331
K= 964
4936.0 , Degree=0
K= 965
4936.0 , Degree=0
K= 966
4822.0
K= 967
4936.0 , Degree=0
K= 968
2500.73083637
K= 969
4832.0
K= 970
31.8903705504
K= 971
117.445202998
K= 972
4936.0 , Degree=0
K= 973
4936.0 , Degree=0
K= 974
2454.0
K= 975
2454.0
K= 976
4936.0 , Degree=0
K= 977
11.2924809073
K= 978
4936.0 , Degree=0
K= 979
36.2341482468
K= 980
4936.0 , Degree=0
K= 981
4936.0 , Degree=0
K= 982
11.2361323687
K= 983
4936.0 , Degree=0
K= 984
111.102848448
K= 985
4936.0 , Degree=0
K= 986
4936.0 , Degree=0
K= 987
496.820052228
K= 988
2381.0
K= 989
4936.0 , Degree=0
K= 990
4936.0 , Degree=0
K= 991
16.6551226398
K= 992
4936.0 , Degree=0
K= 993
1804.02950491
K= 994
4936.0 , Degree=0
K= 995
67.8805677521
K= 996
4936.0 , Degree=0
K= 997
22.2690378142
K= 998
2486.33333333
K= 999
4936.0 , Degree=0
K= 1000
4936.0 , Degree=0
K= 1001
4936.0 , Degree=0
K= 1002
4936.0 , Degree=0
K= 1003
101.628787879
K= 1004
9.26127295778
K= 1005
192.580288176
K= 1006
74.0574348511
K= 1007
1798.88664777
K= 1008
23.2090796712
K= 1009
4936.0 , Degree=0
K= 1010
4936.0 , Degree=0
K= 1011
14541.0
K= 1012
1796.91766636
K= 1013
4936.0 , Degree=0
K= 1014
1799.28188587
K= 1015
4859.66666667
K= 1016
9.61867742054
K= 1017
4936.0 , Degree=0
K= 1018
4936.0 , Degree=0
K= 1019
4936.0 , Degree=0
K= 1020
2558.63734545
K= 1021
4936.0 , Degree=0
K= 1022
4936.0 , Degree=0
K= 1023
2454.0
K= 1024
1797.14855253
K= 1025
4936.0 , Degree=0
K= 1026
2485.46666667
K= 1027
4936.0 , Degree=0
K= 1028
1797.8152192
K= 1029
4936.0 , Degree=0
K= 1030
1799.62814468
K= 1031
2576.75
K= 1032
9.08941302812
K= 1033
4936.0 , Degree=0
K= 1034
36.7063226047
K= 1035
4936.0 , Degree=0
K= 1036
13.4353520509
K= 1037
4706.81818182
K= 1038
22.6923612454
K= 1039
17366.0
K= 1040
1804.02950491
K= 1041
4860.5
K= 1042
15.8217868952
K= 1043
4936.0 , Degree=0
K= 1044
2574.0
K= 1045
2558.08737374
K= 1046
4936.0 , Degree=0
K= 1047
205.853765035
K= 1048
2483.28500172
K= 1049
69.4675213675
K= 1050
4936.0 , Degree=0
K= 1051
4936.0 , Degree=0
K= 1052
4936.0 , Degree=0
K= 1053
19.5005076863
K= 1054
1798.88664777
K= 1055
4936.0 , Degree=0
K= 1056
4936.0 , Degree=0
K= 1057
4936.0 , Degree=0
K= 1058
412.546233179
K= 1059
19.7393400037
K= 1060
10.4889530547
K= 1061
28.3521639725
K= 1062
12.2435558306
K= 1063
2306.76155968
K= 1064
24.4132979806
K= 1065
4936.0 , Degree=0
K= 1066
4936.0 , Degree=0
K= 1067
4936.0 , Degree=0
K= 1068
8.31195792876
K= 1069
4784.0
K= 1070
27.0549651921
K= 1071
4936.0 , Degree=0
K= 1072
2553.71983409
K= 1073
4936.0 , Degree=0
K= 1074
2483.87698413
K= 1075
4936.0 , Degree=0
K= 1076
16.3700557261
K= 1077
4936.0 , Degree=0
K= 1078
6.33333333331
K= 1079
4936.0 , Degree=0
K= 1080
4706.81818182
K= 1081
9.53008230694
K= 1082
4936.0 , Degree=0
K= 1083
2454.0
K= 1084
4936.0 , Degree=0
K= 1085
8.54270416551
K= 1086
196.480647275
K= 1087
4936.0 , Degree=0
K= 1088
8.19016938354
K= 1089
4936.0 , Degree=0
K= 1090
190.343220324
K= 1091
22.9739555639
K= 1092
28.0774850977
K= 1093
4936.0 , Degree=0
K= 1094
1800.14855253
K= 1095
4936.0 , Degree=0
K= 1096
4936.0 , Degree=0
K= 1097
4936.0 , Degree=0
K= 1098
4936.0 , Degree=0
K= 1099
4936.0 , Degree=0
K= 1100
23.6682193202
K= 1101
97.8610752414
K= 1102
4783.0
K= 1103
4936.0 , Degree=0
K= 1104
111.218514128
K= 1105
4936.0 , Degree=0
K= 1106
12.8205685996
K= 1107
4936.0 , Degree=0
K= 1108
4936.0 , Degree=0
K= 1109
4936.0 , Degree=0
K= 1110
17.0279396244
K= 1111
4936.0 , Degree=0
K= 1112
4936.0 , Degree=0
K= 1113
1801.55331444
K= 1114
4936.0 , Degree=0
K= 1115
9.3432592942
K= 1116
4936.0 , Degree=0
K= 1117
16.1261765967
K= 1118
21.081197235
K= 1119
4860.5
K= 1120
4936.0 , Degree=0
K= 1121
4861.5
K= 1122
1806.8152192
K= 1123
4936.0 , Degree=0
K= 1124
4790.08888889
K= 1125
4936.0 , Degree=0
K= 1126
32.9642382036
K= 1127
2486.33333333
K= 1128
4936.0 , Degree=0
K= 1129
4936.0 , Degree=0
K= 1130
4857.0
K= 1131
4936.0 , Degree=0
K= 1132
112.717554913
K= 1133
4936.0 , Degree=0
K= 1134
4936.0 , Degree=0
K= 1135
4859.82608696
K= 1136
2454.0
K= 1137
4936.0 , Degree=0
K= 1138
2545.66666667
K= 1139
4856.33333333
K= 1140
2486.33333333
K= 1141
98.3849206349
K= 1142
4854.86666667
K= 1143
4936.0 , Degree=0
K= 1144
4936.0 , Degree=0
K= 1145
4799.0
K= 1146
4936.0 , Degree=0
K= 1147
34.6313602221
K= 1148
4936.0 , Degree=0
K= 1149
4860.5
K= 1150
1794.15786626
K= 1151
4936.0 , Degree=0
K= 1152
4859.81818182
K= 1153
4936.0 , Degree=0
K= 1154
4936.0 , Degree=0
K= 1155
1799.14855253
K= 1156
155.001428178
K= 1157
2434.70238095
K= 1158
2576.03846154
K= 1159
4936.0 , Degree=0
K= 1160
4855.0
K= 1161
8.64355583058
K= 1162
179.658216802
K= 1163
115278.993827
K= 1164
89.5131377729
K= 1165
4936.0 , Degree=0
K= 1166
23.9312886104
K= 1167
136.144444444
K= 1168
37.9601583143
K= 1169
96.5912698413
K= 1170
2558.63734545
K= 1171
4936.0 , Degree=0
K= 1172
4936.0 , Degree=0
K= 1173
2546.29789916
K= 1174
157.17287336
K= 1175
4936.0 , Degree=0
K= 1176
4936.0 , Degree=0
K= 1177
4936.0 , Degree=0
K= 1178
2577.67971014
K= 1179
191.926917083
K= 1180
20.3154195038
K= 1181
4936.0 , Degree=0
K= 1182
16.7068196367
K= 1183
4936.0 , Degree=0
K= 1184
4776.0
K= 1185
4936.0 , Degree=0
K= 1186
211.414255189
K= 1187
23.5308600851
K= 1188
2486.24637681
K= 1189
4860.63636364
K= 1190
29.6823997138
K= 1191
4936.0 , Degree=0
K= 1192
186.2004329
K= 1193
4936.0 , Degree=0
K= 1194
109.885031168
K= 1195
1819.04740311
K= 1196
4936.0 , Degree=0
K= 1197
20.642640163
K= 1198
8.52257331397
K= 1199
4967.50707071
K= 1200
4936.0 , Degree=0
Betweenness Centrality Improvement
[ 33.80488731  36.51506315  25.95090214 ...,   0.           0.           0.        ]
Top 20 BC Improvement
[1163  222 1039  797  498   12  263 1011  408  818  724  718  853 1199  306
  551 1050  552  554 1153]
Top 20 BC Improvement
[ 115278.99382737   75768.08333333   17366.           17364.76539017
   14903.66666667   14551.           14541.           14541.           12392.4
   12356.1709433     9927.86666667    9919.96969697    7492.80952381
    4967.50707071    4963.68888889    4936.            4936.            4936.
    4936.            4936.        ]
