txValue= 1000000
Input graph
IGRAPH D--- 4619 68733 -- 
+ attr: pub_key (v), base_fee (e), capacity (e), fee_rate (e), txCost (e)
None
Graph after edges deleted
IGRAPH D--- 4619 32193 -- 
+ attr: pub_key (v), base_fee (e), capacity (e), fee_rate (e), txCost (e)
None
Our nodes starting connections: 
(4618, 2796)
(4618, 1223)
(4618, 1163)
(4618, 222)
(4618, 2745)
CurrentBC of our node:  399260.311942
K= 3600
4936.0 , Degree=0
K= 3601
17.1166666666
K= 3602
4936.0 , Degree=0
K= 3603
2312.0
K= 3604
4936.0 , Degree=0
K= 3605
4936.0 , Degree=0
K= 3606
4936.0 , Degree=0
K= 3607
1840.70963633
K= 3608
4936.0 , Degree=0
K= 3609
31.8888767512
K= 3610
4936.0 , Degree=0
K= 3611
320.295070719
K= 3612
4936.0 , Degree=0
K= 3613
4936.0 , Degree=0
K= 3614
1787.67077475
K= 3615
295.45959596
K= 3616
2493.96428571
K= 3617
4936.0 , Degree=0
K= 3618
26.297849737
K= 3619
4936.0 , Degree=0
K= 3620
27.7359906012
K= 3621
4936.0 , Degree=0
K= 3622
4936.0 , Degree=0
K= 3623
4936.0 , Degree=0
K= 3624
4936.0 , Degree=0
K= 3625
61.7237040643
K= 3626
4936.0 , Degree=0
K= 3627
4936.0 , Degree=0
K= 3628
356.534697823
K= 3629
4936.0 , Degree=0
K= 3630
1792.34855253
K= 3631
4936.0 , Degree=0
K= 3632
4936.0 , Degree=0
K= 3633
1790.8152192
K= 3634
4936.0 , Degree=0
K= 3635
4936.0 , Degree=0
K= 3636
24.1148046398
K= 3637
20.2660256411
K= 3638
32.5636086096
K= 3639
4936.0 , Degree=0
K= 3640
388.144444445
K= 3641
2489.66447995
K= 3642
1834.40744381
K= 3643
4936.0 , Degree=0
K= 3644
22.4193216379
K= 3645
22.3124290133
K= 3646
4936.0 , Degree=0
K= 3647
13104.5556525
K= 3648
4936.0 , Degree=0
K= 3649
321.925793651
K= 3650
4936.0 , Degree=0
K= 3651
4936.0 , Degree=0
K= 3652
4936.0 , Degree=0
K= 3653
204.76767512
K= 3654
4936.0 , Degree=0
K= 3655
4936.0 , Degree=0
K= 3656
4936.0 , Degree=0
K= 3657
4768.77777778
K= 3658
2357.0
K= 3659
133.922456605
K= 3660
4936.0 , Degree=0
K= 3661
61.5720208178
K= 3662
4936.0 , Degree=0
K= 3663
4936.0 , Degree=0
K= 3664
4936.0 , Degree=0
K= 3665
17.5603796756
K= 3666
20.2660256411
K= 3667
4936.0 , Degree=0
K= 3668
4936.0 , Degree=0
K= 3669
2492.85555556
K= 3670
1815.81283825
K= 3671
2621.09285714
K= 3672
159.645564466
K= 3673
4936.0 , Degree=0
K= 3674
2593.33333333
K= 3675
4936.0 , Degree=0
K= 3676
4936.0 , Degree=0
K= 3677
21.8062796428
K= 3678
2293.4765059
K= 3679
4936.0 , Degree=0
K= 3680
26.8452798774
K= 3681
28.0588422005
K= 3682
4936.0 , Degree=0
K= 3683
2292.13688916
K= 3684
4975.0
K= 3685
4936.0 , Degree=0
K= 3686
20.0522680062
K= 3687
2571.0
K= 3688
4936.0 , Degree=0
K= 3689
29.1180878502
K= 3690
1355.19654142
K= 3691
318.113051637
K= 3692
449.342316017
K= 3693
2357.0
K= 3694
24.5952580491
K= 3695
2523.34912992
K= 3696
1870.82847566
K= 3697
4936.0 , Degree=0
K= 3698
4936.0 , Degree=0
K= 3699
23.7013697508
K= 3700
4936.0 , Degree=0
K= 3701
4936.0 , Degree=0
K= 3702
4936.0 , Degree=0
K= 3703
222.074626459
K= 3704
20.5724551569
K= 3705
4936.0 , Degree=0
K= 3706
4936.0 , Degree=0
K= 3707
4936.0 , Degree=0
K= 3708
4936.0 , Degree=0
K= 3709
29.0893637929
K= 3710
326.881453634
K= 3711
252.709235209
K= 3712
356.863095238
K= 3713
2494.02222222
K= 3714
4936.0 , Degree=0
K= 3715
2605.44545177
K= 3716
22.0973505022
K= 3717
4936.0 , Degree=0
K= 3718
23.4624853641
K= 3719
4936.0 , Degree=0
K= 3720
46.5688871585
K= 3721
18.8140876099
K= 3722
4936.0 , Degree=0
K= 3723
303.329598215
K= 3724
311.087143833
K= 3725
4936.0 , Degree=0
K= 3726
322.533010992
K= 3727
301.037157328
K= 3728
2288.03206145
K= 3729
351.167893218
K= 3730
19.4768891639
K= 3731
27.4353795064
K= 3732
4936.0 , Degree=0
K= 3733
4936.0 , Degree=0
K= 3734
4936.0 , Degree=0
K= 3735
130.364361812
K= 3736
4936.0 , Degree=0
K= 3737
344.5
K= 3738
4936.0 , Degree=0
K= 3739
4936.0 , Degree=0
K= 3740
4936.0 , Degree=0
K= 3741
4936.0 , Degree=0
K= 3742
1789.3152192
K= 3743
4936.0 , Degree=0
K= 3744
2332.66666667
K= 3745
1803.6152192
K= 3746
102.022639115
K= 3747
1792.48188587
K= 3748
18.8931050915
K= 3749
136.760714286
K= 3750
2493.91666667
K= 3751
4936.0 , Degree=0
K= 3752
23.9798829907
K= 3753
4936.0 , Degree=0
K= 3754
2650.66666667
K= 3755
4936.0 , Degree=0
K= 3756
21.263992106
K= 3757
4936.0 , Degree=0
K= 3758
4936.0 , Degree=0
K= 3759
4694.81818182
K= 3760
13054.7249182
K= 3761
4936.0 , Degree=0
K= 3762
22.0484800385
K= 3763
4936.0 , Degree=0
K= 3764
4936.0 , Degree=0
K= 3765
1786.58552732
K= 3766
4936.0 , Degree=0
K= 3767
4936.0 , Degree=0
K= 3768
1796.96232771
K= 3769
263.083951973
K= 3770
16.4999999999
K= 3771
27.890986387
K= 3772
20.5126699522
K= 3773
4936.0 , Degree=0
K= 3774
4936.0 , Degree=0
K= 3775
2290.58657015
K= 3776
115.125440873
K= 3777
2496.99275362
K= 3778
4936.0 , Degree=0
K= 3779
19.4227463613
K= 3780
140.128205026
K= 3781
4936.0 , Degree=0
K= 3782
2332.66666667
K= 3783
2293.39924519
K= 3784
4936.0 , Degree=0
K= 3785
4936.0 , Degree=0
K= 3786
4936.0 , Degree=0
K= 3787
35.365047197
K= 3788
21.8848443762
K= 3789
360.634920635
K= 3790
2357.0
K= 3791
4936.0 , Degree=0
K= 3792
18.606060606
K= 3793
154.187241703
K= 3794
320.344967093
K= 3795
4936.0 , Degree=0
K= 3796
39.3708186282
K= 3797
4936.0 , Degree=0
K= 3798
4936.0 , Degree=0
K= 3799
4936.0 , Degree=0
K= 3800
4936.0 , Degree=0
K= 3801
4936.0 , Degree=0
K= 3802
20.0445739998
K= 3803
4936.0 , Degree=0
K= 3804
250.256359482
K= 3805
47.016019393
K= 3806
2496.5
K= 3807
2491.58333333
K= 3808
332.856164158
K= 3809
329.713779276
K= 3810
4936.0 , Degree=0
K= 3811
4936.0 , Degree=0
K= 3812
324.156096681
K= 3813
1984.4707864
K= 3814
20.4283683749
K= 3815
1887.05755904
K= 3816
1816.34093136
K= 3817
384.744372294
K= 3818
4936.0 , Degree=0
K= 3819
4936.0 , Degree=0
K= 3820
4936.0 , Degree=0
K= 3821
4936.0 , Degree=0
K= 3822
20.7612729577
K= 3823
4936.0 , Degree=0
K= 3824
2330.66666667
K= 3825
4936.0 , Degree=0
K= 3826
45.975122784
K= 3827
4936.0 , Degree=0
K= 3828
382.894207535
K= 3829
9872.0
K= 3830
19.0235027167
K= 3831
4936.0 , Degree=0
K= 3832
4936.0 , Degree=0
K= 3833
4936.0 , Degree=0
K= 3834
237.704079254
K= 3835
4936.0 , Degree=0
K= 3836
20.063171846
K= 3837
4936.0 , Degree=0
K= 3838
4936.0 , Degree=0
K= 3839
9872.0
K= 3840
26.125821616
K= 3841
4936.0 , Degree=0
K= 3842
4936.0 , Degree=0
K= 3843
4936.0 , Degree=0
K= 3844
1797.21928418
K= 3845
4936.0 , Degree=0
K= 3846
4936.0 , Degree=0
K= 3847
4936.0 , Degree=0
K= 3848
2639.925
K= 3849
24.3746705147
K= 3850
4936.0 , Degree=0
K= 3851
4936.0 , Degree=0
K= 3852
4936.0 , Degree=0
K= 3853
52.7446230573
K= 3854
39.2246219208
K= 3855
4936.0 , Degree=0
K= 3856
4936.0 , Degree=0
K= 3857
24.5354350114
K= 3858
318.113051637
K= 3859
1786.05093348
K= 3860
4936.0 , Degree=0
K= 3861
25.7702678708
K= 3862
4936.0 , Degree=0
K= 3863
457.251514078
K= 3864
316.703639838
K= 3865
2635.18333333
K= 3866
4936.0 , Degree=0
K= 3867
50.2164418444
K= 3868
321.491277865
K= 3869
4936.0 , Degree=0
K= 3870
4936.0 , Degree=0
K= 3871
19.145291262
K= 3872
4936.0 , Degree=0
K= 3873
4936.0 , Degree=0
K= 3874
322.670574107
K= 3875
16.4999999999
K= 3876
4936.0 , Degree=0
K= 3877
4936.0 , Degree=0
K= 3878
4936.0 , Degree=0
K= 3879
50.8553969972
K= 3880
59.3914418444
K= 3881
27.3852354584
K= 3882
2313.33333333
K= 3883
4936.0 , Degree=0
K= 3884
24766.4
K= 3885
4936.0 , Degree=0
K= 3886
50.2164418444
K= 3887
81.9555132767
K= 3888
103.659426722
K= 3889
35.5854423354
K= 3890
4936.0 , Degree=0
K= 3891
4936.0 , Degree=0
K= 3892
4936.0 , Degree=0
K= 3893
24.5544552916
K= 3894
33.2145885466
K= 3895
212.397619048
K= 3896
4770.0
K= 3897
4936.0 , Degree=0
K= 3898
189.241015934
K= 3899
212.452362909
K= 3900
4936.0 , Degree=0
K= 3901
2494.83333333
K= 3902
4771.0
K= 3903
4936.0 , Degree=0
K= 3904
15.9452380952
K= 3905
4936.0 , Degree=0
K= 3906
4936.0 , Degree=0
K= 3907
4991.0
K= 3908
4936.0 , Degree=0
K= 3909
2634.09365079
K= 3910
4936.0 , Degree=0
K= 3911
341.571877197
K= 3912
19.3781901741
K= 3913
4936.0 , Degree=0
K= 3914
4936.0 , Degree=0
K= 3915
4936.0 , Degree=0
K= 3916
4936.0 , Degree=0
K= 3917
4769.33333333
K= 3918
4936.0 , Degree=0
K= 3919
4936.0 , Degree=0
K= 3920
386.758369408
K= 3921
112.195445173
K= 3922
226.546150866
K= 3923
149.551637768
K= 3924
4936.0 , Degree=0
K= 3925
18.4353971845
K= 3926
2518.08737374
K= 3927
4936.0 , Degree=0
K= 3928
26.4011457365
K= 3929
289.545238095
K= 3930
21.6277031609
K= 3931
4936.0 , Degree=0
K= 3932
19.4227463613
K= 3933
40.3306051699
K= 3934
4936.0 , Degree=0
K= 3935
4936.0 , Degree=0
K= 3936
4936.0 , Degree=0
K= 3937
2490.15760234
K= 3938
63.0703331324
K= 3939
4936.0 , Degree=0
K= 3940
4936.0 , Degree=0
K= 3941
4936.0 , Degree=0
K= 3942
4936.0 , Degree=0
K= 3943
269.102700076
K= 3944
20.8559818706
K= 3945
4936.0 , Degree=0
K= 3946
4936.0 , Degree=0
K= 3947
4936.0 , Degree=0
K= 3948
322.35510872
K= 3949
4936.0 , Degree=0
K= 3950
4936.0 , Degree=0
K= 3951
19.1504234523
K= 3952
4936.0 , Degree=0
K= 3953
4936.0 , Degree=0
K= 3954
4936.0 , Degree=0
K= 3955
2497.0
K= 3956
4936.0 , Degree=0
K= 3957
53.9423590254
K= 3958
4936.0 , Degree=0
K= 3959
2357.0
K= 3960
4936.0 , Degree=0
K= 3961
4936.0 , Degree=0
K= 3962
512.007652419
K= 3963
1063.06808278
K= 3964
4936.0 , Degree=0
K= 3965
4936.0 , Degree=0
K= 3966
4936.0 , Degree=0
K= 3967
282.163667075
K= 3968
99.7065530061
K= 3969
339.162160792
K= 3970
30.5934838338
K= 3971
4936.0 , Degree=0
K= 3972
4936.0 , Degree=0
K= 3973
22.1394766841
K= 3974
22.9135566637
K= 3975
4936.0 , Degree=0
K= 3976
4936.0 , Degree=0
K= 3977
4936.0 , Degree=0
K= 3978
30.7666129553
K= 3979
4936.0 , Degree=0
K= 3980
4936.0 , Degree=0
K= 3981
4936.0 , Degree=0
K= 3982
4936.0 , Degree=0
K= 3983
19.0844780758
K= 3984
4936.0 , Degree=0
K= 3985
18.8140876099
K= 3986
4936.0 , Degree=0
K= 3987
4936.0 , Degree=0
K= 3988
19.9520107537
K= 3989
4936.0 , Degree=0
K= 3990
4936.0 , Degree=0
K= 3991
2495.16666667
K= 3992
4936.0 , Degree=0
K= 3993
19.6058411412
K= 3994
4936.0 , Degree=0
K= 3995
4936.0 , Degree=0
K= 3996
4936.0 , Degree=0
K= 3997
135.959704722
K= 3998
4936.0 , Degree=0
K= 3999
234.142857143
K= 4000
4936.0 , Degree=0
K= 4001
4936.0 , Degree=0
K= 4002
4936.0 , Degree=0
K= 4003
4936.0 , Degree=0
K= 4004
28.0361230487
K= 4005
4936.0 , Degree=0
K= 4006
4936.0 , Degree=0
K= 4007
4936.0 , Degree=0
K= 4008
51.7935172612
K= 4009
4936.0 , Degree=0
K= 4010
1794.4067688
K= 4011
4936.0 , Degree=0
K= 4012
4767.0
K= 4013
2311.66666667
K= 4014
2332.66666667
K= 4015
4936.0 , Degree=0
K= 4016
4936.0 , Degree=0
K= 4017
4936.0 , Degree=0
K= 4018
2657.85714286
K= 4019
4936.0 , Degree=0
K= 4020
230.680644706
K= 4021
1805.98188587
K= 4022
4936.0 , Degree=0
K= 4023
2504.36186634
K= 4024
2357.0
K= 4025
148.577905228
K= 4026
4936.0 , Degree=0
K= 4027
4936.0 , Degree=0
K= 4028
19.7278063368
K= 4029
4936.0 , Degree=0
K= 4030
23.8080776985
K= 4031
2430.85139613
K= 4032
330.584785257
K= 4033
18.355800921
K= 4034
4936.0 , Degree=0
K= 4035
13025.8250877
K= 4036
2312.0
K= 4037
4936.0 , Degree=0
K= 4038
4936.0 , Degree=0
K= 4039
4936.0 , Degree=0
K= 4040
4936.0 , Degree=0
K= 4041
2357.0
K= 4042
4936.0 , Degree=0
K= 4043
4936.0 , Degree=0
K= 4044
2681.93452381
K= 4045
4936.0 , Degree=0
K= 4046
72.1023187672
K= 4047
1799.15229965
K= 4048
2359.20939383
K= 4049
19.9520107537
K= 4050
4936.0 , Degree=0
K= 4051
4982.07631579
K= 4052
4936.0 , Degree=0
K= 4053
4936.0 , Degree=0
K= 4054
31.4696581233
K= 4055
4936.0 , Degree=0
K= 4056
332.889492452
K= 4057
4936.0 , Degree=0
K= 4058
4936.0 , Degree=0
K= 4059
2948.32349337
K= 4060
4936.0 , Degree=0
K= 4061
39.800810749
K= 4062
4936.0 , Degree=0
K= 4063
4936.0 , Degree=0
K= 4064
4936.0 , Degree=0
K= 4065
364.707478632
K= 4066
4936.0 , Degree=0
K= 4067
19.9999325408
K= 4068
4936.0 , Degree=0
K= 4069
1801.36873088
K= 4070
4936.0 , Degree=0
K= 4071
4936.0 , Degree=0
K= 4072
4936.0 , Degree=0
K= 4073
4936.0 , Degree=0
K= 4074
4936.0 , Degree=0
K= 4075
480.386102339
K= 4076
30.270597794
K= 4077
70.0204379423
K= 4078
4936.0 , Degree=0
K= 4079
4936.0 , Degree=0
K= 4080
4936.0 , Degree=0
K= 4081
20.2304866195
K= 4082
17.8941077571
K= 4083
235.273081888
K= 4084
4936.0 , Degree=0
K= 4085
34.2821135804
K= 4086
2617.86720779
K= 4087
4936.0 , Degree=0
K= 4088
4936.0 , Degree=0
K= 4089
4936.0 , Degree=0
K= 4090
4936.0 , Degree=0
K= 4091
2368.04133718
K= 4092
4936.0 , Degree=0
K= 4093
4936.0 , Degree=0
K= 4094
364.707478632
K= 4095
4936.0 , Degree=0
K= 4096
4936.0 , Degree=0
K= 4097
67.9197804693
K= 4098
4936.0 , Degree=0
K= 4099
16.3333333332
K= 4100
19.077544185
K= 4101
4936.0 , Degree=0
K= 4102
21.1993536004
K= 4103
2492.98502674
K= 4104
252.946897547
K= 4105
4936.0 , Degree=0
K= 4106
4936.0 , Degree=0
K= 4107
32.2819423296
K= 4108
4760.0
K= 4109
4936.0 , Degree=0
K= 4110
339.123326673
K= 4111
4936.0 , Degree=0
K= 4112
306.437640872
K= 4113
28.3687102273
K= 4114
4936.0 , Degree=0
K= 4115
4936.0 , Degree=0
K= 4116
2488.93499804
K= 4117
24.5088905295
K= 4118
4936.0 , Degree=0
K= 4119
2493.23015873
K= 4120
9872.0
K= 4121
4763.86666667
K= 4122
155.729360835
K= 4123
21.399245186
K= 4124
4936.0 , Degree=0
K= 4125
2312.0
K= 4126
21.700935118
K= 4127
4936.0 , Degree=0
K= 4128
4936.0 , Degree=0
K= 4129
2288.0
K= 4130
4936.0 , Degree=0
K= 4131
4936.0 , Degree=0
K= 4132
419.276040626
K= 4133
4936.0 , Degree=0
K= 4134
4936.0 , Degree=0
K= 4135
4936.0 , Degree=0
K= 4136
4936.0 , Degree=0
K= 4137
4936.0 , Degree=0
K= 4138
4936.0 , Degree=0
K= 4139
26.2344662674
K= 4140
40.9166517126
K= 4141
4936.0 , Degree=0
K= 4142
4936.0 , Degree=0
K= 4143
2312.0
K= 4144
4936.0 , Degree=0
K= 4145
4936.0 , Degree=0
K= 4146
4769.5
K= 4147
4936.0 , Degree=0
K= 4148
4936.0 , Degree=0
K= 4149
2357.0
K= 4150
4936.0 , Degree=0
K= 4151
4936.0 , Degree=0
K= 4152
20.0659118526
K= 4153
18.355800921
K= 4154
1790.8152192
K= 4155
138.486455905
K= 4156
4985.37777778
K= 4157
1799.67090738
K= 4158
4936.0 , Degree=0
K= 4159
2494.63809524
K= 4160
2299.33333333
K= 4161
81.3237236425
K= 4162
4936.0 , Degree=0
K= 4163
4936.0 , Degree=0
K= 4164
4936.0 , Degree=0
K= 4165
4936.0 , Degree=0
K= 4166
4936.0 , Degree=0
K= 4167
4936.0 , Degree=0
K= 4168
2605.44545177
K= 4169
136.483487345
K= 4170
62.5610024158
K= 4171
129.808931145
K= 4172
4936.0 , Degree=0
K= 4173
4936.0 , Degree=0
K= 4174
4936.0 , Degree=0
K= 4175
323.706164158
K= 4176
43.4740100901
K= 4177
4936.0 , Degree=0
K= 4178
4936.0 , Degree=0
K= 4179
4936.0 , Degree=0
K= 4180
315.173383565
K= 4181
315.173383565
K= 4182
4936.0 , Degree=0
K= 4183
4936.0 , Degree=0
K= 4184
1063.06808278
K= 4185
25.441839709
K= 4186
4936.0 , Degree=0
K= 4187
325.087373896
K= 4188
4936.0 , Degree=0
K= 4189
43.0325304567
K= 4190
20.6012991579
K= 4191
4936.0 , Degree=0
K= 4192
310.177777778
K= 4193
2490.79761905
K= 4194
37.7743891521
K= 4195
4936.0 , Degree=0
K= 4196
20.857142857
K= 4197
4936.0 , Degree=0
K= 4198
42.7720693344
K= 4199
348.782417582
K= 4200
319.146765272
K= 4201
20.1963332198
K= 4202
39.6613183564
K= 4203
4936.0 , Degree=0
K= 4204
67.8873212629
K= 4205
4936.0 , Degree=0
K= 4206
2299.33333333
K= 4207
25.3808920576
K= 4208
4936.0 , Degree=0
K= 4209
14893.3
K= 4210
4936.0 , Degree=0
K= 4211
4936.0 , Degree=0
K= 4212
4770.5
K= 4213
2332.66666667
K= 4214
35.3476658046
K= 4215
4936.0 , Degree=0
K= 4216
4936.0 , Degree=0
K= 4217
4936.0 , Degree=0
K= 4218
115.248167606
K= 4219
4936.0 , Degree=0
K= 4220
4936.0 , Degree=0
K= 4221
4936.0 , Degree=0
K= 4222
32.9216877494
K= 4223
4936.0 , Degree=0
K= 4224
2494.19761905
K= 4225
4936.0 , Degree=0
K= 4226
143.280761868
K= 4227
4936.0 , Degree=0
K= 4228
4936.0 , Degree=0
K= 4229
21.2324568572
K= 4230
346.636915862
K= 4231
1803.35966364
K= 4232
2505.38734545
K= 4233
4936.0 , Degree=0
K= 4234
46.5219967355
K= 4235
372.309379509
K= 4236
47.4187844095
K= 4237
2532.22670696
K= 4238
125.548473749
K= 4239
37.9484738128
K= 4240
34.5090455792
K= 4241
13077.80584
K= 4242
200.732235437
K= 4243
1783.84337973
K= 4244
2494.24025974
K= 4245
313.224149765
K= 4246
38.5962008424
K= 4247
4936.0 , Degree=0
K= 4248
96.2954924075
K= 4249
4936.0 , Degree=0
K= 4250
4936.0 , Degree=0
K= 4251
4936.0 , Degree=0
K= 4252
4936.0 , Degree=0
K= 4253
4936.0 , Degree=0
K= 4254
4936.0 , Degree=0
K= 4255
4936.0 , Degree=0
K= 4256
4936.0 , Degree=0
K= 4257
2434.89337363
K= 4258
4936.0 , Degree=0
K= 4259
1788.02950491
K= 4260
4936.0 , Degree=0
K= 4261
2497.0
K= 4262
4936.0 , Degree=0
K= 4263
2510.66666667
K= 4264
4936.0 , Degree=0
K= 4265
4936.0 , Degree=0
K= 4266
34.6559398549
K= 4267
4936.0 , Degree=0
K= 4268
4936.0 , Degree=0
K= 4269
4936.0 , Degree=0
K= 4270
338.363596491
K= 4271
4936.0 , Degree=0
K= 4272
4936.0 , Degree=0
K= 4273
4936.0 , Degree=0
K= 4274
2357.0
K= 4275
22.4463483041
K= 4276
17.8941077571
K= 4277
2591.66666667
K= 4278
16.4956269621
K= 4279
4936.0 , Degree=0
K= 4280
2312.0
K= 4281
18.037659323
K= 4282
9872.0
K= 4283
23.6349212421
K= 4284
4936.0 , Degree=0
K= 4285
18.1209926563
K= 4286
1905.61124513
K= 4287
4936.0 , Degree=0
K= 4288
4936.0 , Degree=0
K= 4289
12995.6266045
K= 4290
325.458080808
K= 4291
30.8695568865
K= 4292
28.6058411412
K= 4293
13019.7127368
K= 4294
108.467123371
K= 4295
4936.0 , Degree=0
K= 4296
4936.0 , Degree=0
K= 4297
4936.0 , Degree=0
K= 4298
4936.0 , Degree=0
K= 4299
2635.66666667
K= 4300
341.002525197
K= 4301
2291.76234194
K= 4302
2495.16666667
K= 4303
4936.0 , Degree=0
K= 4304
2519.32677169
K= 4305
140.451330731
K= 4306
54.235725479
K= 4307
31.1112629586
K= 4308
4936.0 , Degree=0
K= 4309
197.916666667
K= 4310
4936.0 , Degree=0
K= 4311
16.1031553763
K= 4312
4936.0 , Degree=0
K= 4313
19.1431725632
K= 4314
31.0653119141
K= 4315
4936.0 , Degree=0
K= 4316
4936.0 , Degree=0
K= 4317
4936.0 , Degree=0
K= 4318
50.2164418444
K= 4319
32.5054212812
K= 4320
4936.0 , Degree=0
K= 4321
4768.66666667
K= 4322
1785.08506047
K= 4323
26.9142555421
K= 4324
39.502881193
K= 4325
1787.70410809
K= 4326
2314.20939383
K= 4327
319.704079254
K= 4328
40.8691845227
K= 4329
23.3205823639
K= 4330
50.5503489663
K= 4331
4936.0 , Degree=0
K= 4332
4936.0 , Degree=0
K= 4333
44.5045982386
K= 4334
4936.0 , Degree=0
K= 4335
4936.0 , Degree=0
K= 4336
1802.28252891
K= 4337
31.6341943243
K= 4338
4936.0 , Degree=0
K= 4339
4936.0 , Degree=0
K= 4340
4936.0 , Degree=0
K= 4341
2643.62142857
K= 4342
4936.0 , Degree=0
K= 4343
4936.0 , Degree=0
K= 4344
4936.0 , Degree=0
K= 4345
19.0798681133
K= 4346
37.0693019721
K= 4347
2518.08737374
K= 4348
4936.0 , Degree=0
K= 4349
4936.0 , Degree=0
K= 4350
182.004805332
K= 4351
25.1150245938
K= 4352
79.6259323313
K= 4353
4936.0 , Degree=0
K= 4354
4936.0 , Degree=0
K= 4355
4936.0 , Degree=0
K= 4356
4936.0 , Degree=0
K= 4357
265.037157328
K= 4358
46.7017168591
K= 4359
57.4829992231
K= 4360
2516.58333333
K= 4361
24.2505189255
K= 4362
4936.0 , Degree=0
K= 4363
4109.82139183
K= 4364
4936.0 , Degree=0
K= 4365
4936.0 , Degree=0
K= 4366
49.8123286762
K= 4367
1856.75966364
K= 4368
362.540179399
K= 4369
25.0833333333
K= 4370
4936.0 , Degree=0
K= 4371
333.171049784
K= 4372
117.620992656
K= 4373
2291.70462795
K= 4374
241.531884299
K= 4375
4936.0 , Degree=0
K= 4376
94.0543542318
K= 4377
4936.0 , Degree=0
K= 4378
366.721428571
K= 4379
4936.0 , Degree=0
K= 4380
4936.0 , Degree=0
K= 4381
4936.0 , Degree=0
K= 4382
2650.95904762
K= 4383
19.2093708321
K= 4384
14896.8
K= 4385
4936.0 , Degree=0
K= 4386
2494.11428571
K= 4387
327.622035535
K= 4388
341.506371406
K= 4389
4936.0 , Degree=0
K= 4390
85.0053501284
K= 4391
19.9520107537
K= 4392
13025.138958
K= 4393
16.1742329762
K= 4394
4936.0 , Degree=0
K= 4395
4936.0 , Degree=0
K= 4396
4936.0 , Degree=0
K= 4397
4936.0 , Degree=0
K= 4398
4936.0 , Degree=0
K= 4399
4936.0 , Degree=0
K= 4400
35.3147270599
K= 4401
4936.0 , Degree=0
K= 4402
4936.0 , Degree=0
K= 4403
82.0117166999
K= 4404
4936.0 , Degree=0
K= 4405
4936.0 , Degree=0
K= 4406
19.077544185
K= 4407
4936.0 , Degree=0
K= 4408
2353.22857143
K= 4409
4936.0 , Degree=0
K= 4410
4936.0 , Degree=0
K= 4411
4936.0 , Degree=0
K= 4412
4936.0 , Degree=0
K= 4413
22.0308450873
K= 4414
4936.0 , Degree=0
K= 4415
4936.0 , Degree=0
K= 4416
2504.38734545
K= 4417
2494.08095238
K= 4418
4936.0 , Degree=0
K= 4419
131.429721515
K= 4420
146.458372473
K= 4421
43.5219345882
K= 4422
4936.0 , Degree=0
K= 4423
2490.57985348
K= 4424
20.4797161711
K= 4425
4936.0 , Degree=0
K= 4426
4936.0 , Degree=0
K= 4427
4936.0 , Degree=0
K= 4428
4936.0 , Degree=0
K= 4429
4936.0 , Degree=0
K= 4430
2332.66666667
K= 4431
23.4522220684
K= 4432
4936.0 , Degree=0
K= 4433
4936.0 , Degree=0
K= 4434
1794.01087098
K= 4435
4936.0 , Degree=0
K= 4436
2495.16666667
K= 4437
123.607997558
K= 4438
2621.09285714
K= 4439
4936.0 , Degree=0
K= 4440
20.3266812685
K= 4441
4936.0 , Degree=0
K= 4442
484.95401637
K= 4443
20.3559066472
K= 4444
20.094606291
K= 4445
4936.0 , Degree=0
K= 4446
2357.0
K= 4447
4936.0 , Degree=0
K= 4448
241.279718304
K= 4449
4936.0 , Degree=0
K= 4450
4936.0 , Degree=0
K= 4451
22.7744747495
K= 4452
772.041636142
K= 4453
4936.0 , Degree=0
K= 4454
4936.0 , Degree=0
K= 4455
69.0634801923
K= 4456
4936.0 , Degree=0
K= 4457
1801.21222009
K= 4458
4936.0 , Degree=0
K= 4459
20.2171171796
K= 4460
4936.0 , Degree=0
K= 4461
1853.45155001
K= 4462
173.482578519
K= 4463
4766.66666667
K= 4464
4936.0 , Degree=0
K= 4465
1791.89855253
K= 4466
16.9999999999
K= 4467
4936.0 , Degree=0
K= 4468
4936.0 , Degree=0
K= 4469
4936.0 , Degree=0
K= 4470
4936.0 , Degree=0
K= 4471
1800.47712396
K= 4472
4936.0 , Degree=0
K= 4473
23.1805923705
K= 4474
20.8119579287
K= 4475
4936.0 , Degree=0
K= 4476
63.6797227722
K= 4477
4936.0 , Degree=0
K= 4478
4936.0 , Degree=0
K= 4479
39.7129704843
K= 4480
4936.0 , Degree=0
K= 4481
4936.0 , Degree=0
K= 4482
1804.21204466
K= 4483
4936.0 , Degree=0
K= 4484
4936.0 , Degree=0
K= 4485
2290.0
K= 4486
268.028463203
K= 4487
50.2164418444
K= 4488
1791.80006768
K= 4489
4936.0 , Degree=0
K= 4490
1803.4980149
K= 4491
362.014810442
K= 4492
2641.29444444
K= 4493
4982.8040404
K= 4494
19.6058411412
K= 4495
4936.0 , Degree=0
K= 4496
182.714277392
K= 4497
1822.13097924
K= 4498
3237.97755164
K= 4499
4936.0 , Degree=0
K= 4500
4936.0 , Degree=0
K= 4501
2279.66666667
K= 4502
198.065313989
K= 4503
2493.27777778
K= 4504
29.9873030423
K= 4505
2494.83333333
K= 4506
4936.0 , Degree=0
K= 4507
43.2063374952
K= 4508
4936.0 , Degree=0
K= 4509
4936.0 , Degree=0
K= 4510
4936.0 , Degree=0
K= 4511
4936.0 , Degree=0
K= 4512
4936.0 , Degree=0
K= 4513
4936.0 , Degree=0
K= 4514
21.3823642419
K= 4515
4936.0 , Degree=0
K= 4516
4936.0 , Degree=0
K= 4517
18.8140876099
K= 4518
12964.6190109
K= 4519
216.921349437
K= 4520
4936.0 , Degree=0
K= 4521
49.2535413961
K= 4522
4936.0 , Degree=0
K= 4523
4936.0 , Degree=0
K= 4524
4936.0 , Degree=0
K= 4525
1790.89214228
K= 4526
32.5125057446
K= 4527
301.037157328
K= 4528
38.0971000152
K= 4529
22.7938260565
K= 4530
650.55520313
K= 4531
4936.0 , Degree=0
K= 4532
4936.0 , Degree=0
K= 4533
17.3686774205
K= 4534
19.5157219368
K= 4535
4936.0 , Degree=0
K= 4536
4936.0 , Degree=0
K= 4537
4936.0 , Degree=0
K= 4538
24.261514244
K= 4539
4936.0 , Degree=0
K= 4540
339.937973336
K= 4541
4936.0 , Degree=0
K= 4542
52.3519956697
K= 4543
4986.52813853
K= 4544
2438.0
K= 4545
4936.0 , Degree=0
K= 4546
4936.0 , Degree=0
K= 4547
4936.0 , Degree=0
K= 4548
4936.0 , Degree=0
K= 4549
93.2361818334
K= 4550
23.1939129381
K= 4551
4936.0 , Degree=0
K= 4552
2515.63734545
K= 4553
2594.59053114
K= 4554
226.444444444
K= 4555
4936.0 , Degree=0
K= 4556
4936.0 , Degree=0
K= 4557
4936.0 , Degree=0
K= 4558
272.763789109
K= 4559
4936.0 , Degree=0
K= 4560
4936.0 , Degree=0
K= 4561
4936.0 , Degree=0
K= 4562
4936.0 , Degree=0
K= 4563
2585.93570827
K= 4564
4936.0 , Degree=0
K= 4565
58.2336745553
K= 4566
4936.0 , Degree=0
K= 4567
39.3574979667
K= 4568
4936.0 , Degree=0
K= 4569
2312.0
K= 4570
4936.0 , Degree=0
K= 4571
58.3533904472
K= 4572
4936.0 , Degree=0
K= 4573
2299.33333333
K= 4574
4936.0 , Degree=0
K= 4575
13076.0085084
K= 4576
3237.97755164
K= 4577
4936.0 , Degree=0
K= 4578
4936.0 , Degree=0
K= 4579
1786.8152192
K= 4580
4936.0 , Degree=0
K= 4581
19.0584770375
K= 4582
4936.0 , Degree=0
K= 4583
4936.0 , Degree=0
K= 4584
43.2857125192
K= 4585
2488.72164502
K= 4586
29.0667309209
K= 4587
1788.54855253
K= 4588
661.520090055
K= 4589
4936.0 , Degree=0
K= 4590
97.8406187309
K= 4591
13008.656159
K= 4592
20.7698373717
K= 4593
2494.0
K= 4594
53.6002802554
K= 4595
4936.0 , Degree=0
K= 4596
138.257237207
K= 4597
4936.0 , Degree=0
K= 4598
2292.62467051
K= 4599
2496.56666667
K= 4600
4936.0 , Degree=0
K= 4601
17.6678103925
K= 4602
4936.0 , Degree=0
K= 4603
22.9397002303
K= 4604
2332.66666667
K= 4605
4936.0 , Degree=0
K= 4606
4936.0 , Degree=0
K= 4607
4936.0 , Degree=0
K= 4608
15.9766276564
K= 4609
4936.0 , Degree=0
K= 4610
4936.0 , Degree=0
K= 4611
4936.0 , Degree=0
K= 4612
4936.0 , Degree=0
K= 4613
2357.0
K= 4614
16.9999999999
K= 4615
377.188888889
K= 4616
17.4554963614
K= 4617
4936.0 , Degree=0
Betweenness Centrality Improvement
[    0.             0.             0.         ...,    17.45549636  4936.
     0.        ]
Top 20 BC Improvement
[3884 4384 4209 3647 4241 4575 3760 4035 4392 4293 4591 4289 4518 4120 4282
 3839 3829 3907 4543 4156]
Top 20 BC Improvement
[ 24766.4         14896.8         14893.3         13104.5556525
  13077.80584     13076.00850841  13054.72491817  13025.82508771
  13025.13895797  13019.71273679  13008.65615904  12995.6266045
  12964.61901088   9872.           9872.           9872.           9872.
   4991.           4986.52813853   4985.37777778]
