txValue= 1000000
Input graph
IGRAPH D--- 4619 68733 -- 
+ attr: pub_key (v), base_fee (e), capacity (e), fee_rate (e), txCost (e)
None
Graph after edges deleted
IGRAPH D--- 4619 32193 -- 
+ attr: pub_key (v), base_fee (e), capacity (e), fee_rate (e), txCost (e)
None
Our nodes starting connections: 
(4618, 2796)
(4618, 1223)
(4618, 1163)
(4618, 222)
(4618, 2745)
(4618, 3884)
(4618, 3265)
CurrentBC of our node:  448706.711942
K= 2400
4936.0 , Degree=0
K= 2401
2610.0
K= 2402
4936.0 , Degree=0
K= 2403
2289.33333333
K= 2404
4936.0 , Degree=0
K= 2405
4760.0
K= 2406
16.4999999998
K= 2407
35.2715943482
K= 2408
332.521535249
K= 2409
347.722533022
K= 2410
54.9445856133
K= 2411
20.1186774204
K= 2412
2494.75
K= 2413
4936.0 , Degree=0
K= 2414
30.7836373008
K= 2415
4759.0
K= 2416
18.4301693834
K= 2417
2465.66666667
K= 2418
4936.0 , Degree=0
K= 2419
2500.33333333
K= 2420
2322.66666667
K= 2421
4936.0 , Degree=0
K= 2422
2347.0
K= 2423
4936.0 , Degree=0
K= 2424
2347.0
K= 2425
20.9266488289
K= 2426
391.611949202
K= 2427
4936.0 , Degree=0
K= 2428
4936.0 , Degree=0
K= 2429
4936.0 , Degree=0
K= 2430
4936.0 , Degree=0
K= 2431
45.2873744774
K= 2432
45.4270678174
K= 2433
1790.64855253
K= 2434
13006.9311565
K= 2435
2497.08333333
K= 2436
365.649335795
K= 2437
4936.0 , Degree=0
K= 2438
142.790325609
K= 2439
2493.84401544
K= 2440
4936.0 , Degree=0
K= 2441
4754.46666667
K= 2442
4936.0 , Degree=0
K= 2443
4936.0 , Degree=0
K= 2444
1789.7152192
K= 2445
2491.36666667
K= 2446
23.7150485912
K= 2447
4936.0 , Degree=0
K= 2448
2347.0
K= 2449
26.2170895969
K= 2450
2675.91418004
K= 2451
4936.0 , Degree=0
K= 2452
29.2309992734
K= 2453
128.652173913
K= 2454
2289.33333333
K= 2455
4936.0 , Degree=0
K= 2456
4936.0 , Degree=0
K= 2457
74.737984215
K= 2458
22.005795541
K= 2459
4936.0 , Degree=0
K= 2460
4936.0 , Degree=0
K= 2461
2649.13256743
K= 2462
9892.0
K= 2463
17.1666666666
K= 2464
4936.0 , Degree=0
K= 2465
337.359599731
K= 2466
2347.0
K= 2467
4936.0 , Degree=0
K= 2468
23.5790244223
K= 2469
4936.0 , Degree=0
K= 2470
4936.0 , Degree=0
K= 2471
343.540948417
K= 2472
18.5224675876
K= 2473
4936.0 , Degree=0
K= 2474
37.6987281188
K= 2475
23.6228701293
K= 2476
4936.0 , Degree=0
K= 2477
4936.0 , Degree=0
K= 2478
4936.0 , Degree=0
K= 2479
2492.96359079
K= 2480
2497.24637681
K= 2481
4936.0 , Degree=0
K= 2482
4936.0 , Degree=0
K= 2483
4936.0 , Degree=0
K= 2484
2621.22315462
K= 2485
69.4483607436
K= 2486
4936.0 , Degree=0
K= 2487
87.4885467599
K= 2488
19.151159951
K= 2489
113.692047485
K= 2490
4936.0 , Degree=0
K= 2491
4936.0 , Degree=0
K= 2492
98.8034896087
K= 2493
19.2442108517
K= 2494
2302.0
K= 2495
4936.0 , Degree=0
K= 2496
12992.9970713
K= 2497
4936.0 , Degree=0
K= 2498
4936.0 , Degree=0
K= 2499
17.5764194678
K= 2500
4936.0 , Degree=0
K= 2501
4936.0 , Degree=0
K= 2502
4936.0 , Degree=0
K= 2503
17.0865701518
K= 2504
4936.0 , Degree=0
K= 2505
2525.02489496
K= 2506
17.1812577975
K= 2507
4936.0 , Degree=0
K= 2508
2508.63734545
K= 2509
4936.0 , Degree=0
K= 2510
2497.24637681
K= 2511
4936.0 , Degree=0
K= 2512
4936.0 , Degree=0
K= 2513
2601.41911217
K= 2514
4936.0 , Degree=0
K= 2515
2338.0
K= 2516
4936.0 , Degree=0
K= 2517
2302.0
K= 2518
32.5693345227
K= 2519
4936.0 , Degree=0
K= 2520
297.706410929
K= 2521
53.3222222222
K= 2522
2491.58170533
K= 2523
2623.0
K= 2524
2491.77906699
K= 2525
16.6666666665
K= 2526
4936.0 , Degree=0
K= 2527
1807.72172595
K= 2528
54.7680659351
K= 2529
4936.0 , Degree=0
K= 2530
4936.0 , Degree=0
K= 2531
4936.0 , Degree=0
K= 2532
1796.66065455
K= 2533
4936.0 , Degree=0
K= 2534
30.2480726424
K= 2535
4936.0 , Degree=0
K= 2536
4936.0 , Degree=0
K= 2537
4936.0 , Degree=0
K= 2538
4936.0 , Degree=0
K= 2539
4936.0 , Degree=0
K= 2540
4936.0 , Degree=0
K= 2541
319.673393674
K= 2542
355.129830209
K= 2543
319.181679074
K= 2544
4936.0 , Degree=0
K= 2545
4936.0 , Degree=0
K= 2546
4936.0 , Degree=0
K= 2547
4936.0 , Degree=0
K= 2548
238.478262016
K= 2549
392.266666667
K= 2550
4936.0 , Degree=0
K= 2551
2347.0
K= 2552
4936.0 , Degree=0
K= 2553
76.5214946604
K= 2554
1923.70447792
K= 2555
4936.0 , Degree=0
K= 2556
1814.13689176
K= 2557
4754.25714286
K= 2558
2964.59921231
K= 2559
1798.24688741
K= 2560
2673.47575758
K= 2561
1788.67077475
K= 2562
47.2606257452
K= 2563
1789.7652192
K= 2564
4936.0 , Degree=0
K= 2565
9892.0
K= 2566
15.6666666666
K= 2567
4758.0
K= 2568
4936.0 , Degree=0
K= 2569
4936.0 , Degree=0
K= 2570
4758.37142857
K= 2571
4936.0 , Degree=0
K= 2572
4936.0 , Degree=0
K= 2573
4765.5
K= 2574
20.0047661845
K= 2575
44.2381904139
K= 2576
324.771535249
K= 2577
4936.0 , Degree=0
K= 2578
4936.0 , Degree=0
K= 2579
4936.0 , Degree=0
K= 2580
4936.0 , Degree=0
K= 2581
39.8298161641
K= 2582
19.3760374988
K= 2583
4936.0 , Degree=0
K= 2584
21.152935599
K= 2585
4936.0 , Degree=0
K= 2586
4936.0 , Degree=0
K= 2587
4936.0 , Degree=0
K= 2588
65.7353640522
K= 2589
4764.77985348
K= 2590
358.768399275
K= 2591
4936.0 , Degree=0
K= 2592
4936.0 , Degree=0
K= 2593
19.7373102696
K= 2594
52.979882148
K= 2595
4936.0 , Degree=0
K= 2596
4936.0 , Degree=0
K= 2597
1796.73968855
K= 2598
4936.0 , Degree=0
K= 2599
4936.0 , Degree=0
K= 2600
4936.0 , Degree=0
K= 2601
4936.0 , Degree=0
K= 2602
13001.6728061
K= 2603
4936.0 , Degree=0
K= 2604
1854.66227319
K= 2605
1792.53632739
K= 2606
888.752159541
K= 2607
4936.0 , Degree=0
K= 2608
16.9999999999
K= 2609
1407.08334132
K= 2610
345.667795386
K= 2611
4936.0 , Degree=0
K= 2612
4936.0 , Degree=0
K= 2613
4936.0 , Degree=0
K= 2614
153.25602169
K= 2615
342.485190746
K= 2616
35.4643871529
K= 2617
4936.0 , Degree=0
K= 2618
2497.16666667
K= 2619
4936.0 , Degree=0
K= 2620
4936.0 , Degree=0
K= 2621
4936.0 , Degree=0
K= 2622
17.7741849952
K= 2623
4936.0 , Degree=0
K= 2624
20.2748970208
K= 2625
4936.0 , Degree=0
K= 2626
2623.0
K= 2627
4936.0 , Degree=0
K= 2628
7459.89663866
K= 2629
127.034021879
K= 2630
4936.0 , Degree=0
K= 2631
4936.0 , Degree=0
K= 2632
2471.02200424
K= 2633
4936.0 , Degree=0
K= 2634
4936.0 , Degree=0
K= 2635
4936.0 , Degree=0
K= 2636
4936.0 , Degree=0
K= 2637
4936.0 , Degree=0
K= 2638
2281.68980409
K= 2639
4936.0 , Degree=0
K= 2640
4936.0 , Degree=0
K= 2641
4936.0 , Degree=0
K= 2642
4936.0 , Degree=0
K= 2643
33.0141942916
K= 2644
4936.0 , Degree=0
K= 2645
12925.9880585
K= 2646
26.7238180083
K= 2647
2695.19607843
K= 2648
18.0607744238
K= 2649
2289.33333333
K= 2650
4936.0 , Degree=0
K= 2651
4936.0 , Degree=0
K= 2652
4936.0 , Degree=0
K= 2653
23.1904090609
K= 2654
4936.0 , Degree=0
K= 2655
77.101451277
K= 2656
2472.0
K= 2657
4936.0 , Degree=0
K= 2658
131.859081768
K= 2659
4936.0 , Degree=0
K= 2660
4936.0 , Degree=0
K= 2661
4936.0 , Degree=0
K= 2662
4936.0 , Degree=0
K= 2663
47.3783902442
K= 2664
378.892929293
K= 2665
4936.0 , Degree=0
K= 2666
4936.0 , Degree=0
K= 2667
133.682023532
K= 2668
18.2043259897
K= 2669
299.495600692
K= 2670
125.415156044
K= 2671
4936.0 , Degree=0
K= 2672
4936.0 , Degree=0
K= 2673
4936.0 , Degree=0
K= 2674
45.7522492311
K= 2675
4936.0 , Degree=0
K= 2676
4936.0 , Degree=0
K= 2677
65.2855135119
K= 2678
4936.0 , Degree=0
K= 2679
4936.0 , Degree=0
K= 2680
4936.0 , Degree=0
K= 2681
4936.0 , Degree=0
K= 2682
13037.8050594
K= 2683
4936.0 , Degree=0
K= 2684
2347.0
K= 2685
2495.07971014
K= 2686
4936.0 , Degree=0
K= 2687
4936.0 , Degree=0
K= 2688
37.9581016675
K= 2689
4936.0 , Degree=0
K= 2690
346.702797602
K= 2691
4936.0 , Degree=0
K= 2692
4936.0 , Degree=0
K= 2693
1878.14855253
K= 2694
4936.0 , Degree=0
K= 2695
3227.97755164
K= 2696
78.2889764558
K= 2697
4936.0 , Degree=0
K= 2698
19.2442108517
K= 2699
21.3025935043
K= 2700
2274.7
K= 2701
4936.0 , Degree=0
K= 2702
18.2043259897
K= 2703
16.8333333333
K= 2704
4936.0 , Degree=0
K= 2705
2496.23809524
K= 2706
26.9290595137
K= 2707
4936.0 , Degree=0
K= 2708
4936.0 , Degree=0
K= 2709
4936.0 , Degree=0
K= 2710
9892.0
K= 2711
2508.63734545
K= 2712
1869.31956377
K= 2713
17.8495321878
K= 2714
18.6888739347
K= 2715
60.5085187284
K= 2716
4936.0 , Degree=0
K= 2717
4936.0 , Degree=0
K= 2718
88.3070165143
K= 2719
492.037041516
K= 2720
4936.0 , Degree=0
K= 2721
2478.64156689
K= 2722
4936.0 , Degree=0
K= 2723
4936.0 , Degree=0
K= 2724
4936.0 , Degree=0
K= 2725
2282.93917447
K= 2726
4936.0 , Degree=0
K= 2727
2302.0
K= 2728
2496.83333333
K= 2729
4936.0 , Degree=0
K= 2730
4936.0 , Degree=0
K= 2731
4936.0 , Degree=0
K= 2732
4936.0 , Degree=0
K= 2733
2492.12038027
K= 2734
4936.0 , Degree=0
K= 2735
4760.0
K= 2736
4936.0 , Degree=0
K= 2737
4936.0 , Degree=0
K= 2738
2508.63734545
K= 2739
363.132798574
K= 2740
4936.0 , Degree=0
K= 2741
68.8727634823
K= 2742
118.933681724
K= 2743
4936.0 , Degree=0
K= 2744
35.7843865671
K= 2745
39.3333333333
K= 2746
2347.0
K= 2747
4936.0 , Degree=0
K= 2748
4936.0 , Degree=0
K= 2749
4936.0 , Degree=0
K= 2750
62.7750203501
K= 2751
4936.0 , Degree=0
K= 2752
2508.08737374
K= 2753
291.806453727
K= 2754
4936.0 , Degree=0
K= 2755
1827.70440849
K= 2756
2644.52113617
K= 2757
132.340893149
K= 2758
4936.0 , Degree=0
K= 2759
4936.0 , Degree=0
K= 2760
356.082186015
K= 2761
20.4290086088
K= 2762
4936.0 , Degree=0
K= 2763
2494.79761905
K= 2764
2508.63734545
K= 2765
21.2452709258
K= 2766
4936.0 , Degree=0
K= 2767
4936.0 , Degree=0
K= 2768
20.3084788542
K= 2769
4936.0 , Degree=0
K= 2770
4936.0 , Degree=0
K= 2771
4936.0 , Degree=0
K= 2772
26.1990081758
K= 2773
2492.16792929
K= 2774
4936.0 , Degree=0
K= 2775
4936.0 , Degree=0
K= 2776
2491.93815789
K= 2777
1822.20418159
K= 2778
4936.0 , Degree=0
K= 2779
2347.0
K= 2780
22.6699300698
K= 2781
27.440940691
K= 2782
106.222969756
K= 2783
70.0171211241
K= 2784
2506.83333333
K= 2785
4936.0 , Degree=0
K= 2786
4936.0 , Degree=0
K= 2787
4936.0 , Degree=0
K= 2788
67.6221503062
K= 2789
19.1936381945
K= 2790
40.1015291051
K= 2791
4936.0 , Degree=0
K= 2792
4936.0 , Degree=0
K= 2793
4936.0 , Degree=0
K= 2794
20.2612729577
K= 2795
4936.0 , Degree=0
K= 2796
193.068875317
K= 2797
27.0852802644
K= 2798
19.2332929422
K= 2799
50.1262470402
K= 2800
22.0659118526
K= 2801
4936.0 , Degree=0
K= 2802
4757.66666667
K= 2803
30.4906450618
K= 2804
4936.0 , Degree=0
K= 2805
37.5174714131
K= 2806
4936.0 , Degree=0
K= 2807
28.3590303696
K= 2808
4936.0 , Degree=0
K= 2809
4936.0 , Degree=0
K= 2810
4936.0 , Degree=0
K= 2811
19.7725078078
K= 2812
1795.14855253
K= 2813
241.196142516
K= 2814
4936.0 , Degree=0
K= 2815
4936.0 , Degree=0
K= 2816
21.8259815283
K= 2817
4936.0 , Degree=0
K= 2818
4936.0 , Degree=0
K= 2819
2496.73809524
K= 2820
4936.0 , Degree=0
K= 2821
2347.0
K= 2822
4936.0 , Degree=0
K= 2823
4936.0 , Degree=0
K= 2824
25.1035576913
K= 2825
367.973015873
K= 2826
1823.86796645
K= 2827
4936.0 , Degree=0
K= 2828
1789.75410809
K= 2829
35.4335162615
K= 2830
4936.0 , Degree=0
K= 2831
4936.0 , Degree=0
K= 2832
4936.0 , Degree=0
K= 2833
4936.0 , Degree=0
K= 2834
2496.66666667
K= 2835
4936.0 , Degree=0
K= 2836
4936.0 , Degree=0
K= 2837
4936.0 , Degree=0
K= 2838
4936.0 , Degree=0
K= 2839
3350.94253003
K= 2840
2495.33333333
K= 2841
4936.0 , Degree=0
K= 2842
4936.0 , Degree=0
K= 2843
4936.0 , Degree=0
K= 2844
18.5613324963
K= 2845
266.392796093
K= 2846
2302.0
K= 2847
2281.0
K= 2848
39.8140862792
K= 2849
1799.17054991
K= 2850
38.8322678179
K= 2851
4936.0 , Degree=0
K= 2852
4936.0 , Degree=0
K= 2853
4936.0 , Degree=0
K= 2854
19.0893458523
K= 2855
250.697038139
K= 2856
4991.5
K= 2857
624.742857143
K= 2858
4936.0 , Degree=0
K= 2859
20.0620126881
K= 2860
316.678643579
K= 2861
306.345029188
K= 2862
4936.0 , Degree=0
K= 2863
9892.0
K= 2864
4750.3952381
K= 2865
2347.0
K= 2866
4936.0 , Degree=0
K= 2867
4936.0 , Degree=0
K= 2868
4982.63924964
K= 2869
54.6742821225
K= 2870
2495.04399586
K= 2871
387.516666667
K= 2872
336.981191235
K= 2873
4936.0 , Degree=0
K= 2874
4936.0 , Degree=0
K= 2875
4936.0 , Degree=0
K= 2876
4936.0 , Degree=0
K= 2877
77.8290371962
K= 2878
59.9205747887
K= 2879
4936.0 , Degree=0
K= 2880
4936.0 , Degree=0
K= 2881
4936.0 , Degree=0
K= 2882
4936.0 , Degree=0
K= 2883
4936.0 , Degree=0
K= 2884
390.540205056
K= 2885
4060.11334999
K= 2886
4936.0 , Degree=0
K= 2887
4936.0 , Degree=0
K= 2888
4936.0 , Degree=0
K= 2889
75.4223344832
K= 2890
20.5979046332
K= 2891
16.6666666666
K= 2892
4936.0 , Degree=0
K= 2893
4936.0 , Degree=0
K= 2894
4936.0 , Degree=0
K= 2895
3227.97755164
K= 2896
4936.0 , Degree=0
K= 2897
4936.0 , Degree=0
K= 2898
4758.66666667
K= 2899
1809.0652192
K= 2900
4936.0 , Degree=0
K= 2901
4744.1
K= 2902
4936.0 , Degree=0
K= 2903
4936.0 , Degree=0
K= 2904
4936.0 , Degree=0
K= 2905
4936.0 , Degree=0
K= 2906
2282.18923998
K= 2907
13009.7022715
K= 2908
4936.0 , Degree=0
K= 2909
4936.0 , Degree=0
K= 2910
4492.3715415
K= 2911
2492.95930736
K= 2912
138.636496142
K= 2913
1514.07227555
K= 2914
4936.0 , Degree=0
K= 2915
4936.0 , Degree=0
K= 2916
20.4668436692
K= 2917
372.532669553
K= 2918
351.692589621
K= 2919
64.2247219521
K= 2920
4936.0 , Degree=0
K= 2921
4936.0 , Degree=0
K= 2922
4936.0 , Degree=0
K= 2923
55.7655964337
K= 2924
23.2774410904
K= 2925
25.1035576913
K= 2926
2322.66666667
K= 2927
4936.0 , Degree=0
K= 2928
4936.0 , Degree=0
K= 2929
29.8912199808
K= 2930
86.0690550637
K= 2931
2493.65692641
K= 2932
4936.0 , Degree=0
K= 2933
4936.0 , Degree=0
K= 2934
4936.0 , Degree=0
K= 2935
4936.0 , Degree=0
K= 2936
4936.0 , Degree=0
K= 2937
19.589413028
K= 2938
4936.0 , Degree=0
K= 2939
252.663528138
K= 2940
26.6338214186
K= 2941
4936.0 , Degree=0
K= 2942
1801.53603727
K= 2943
18.6666666666
K= 2944
20.5846852014
K= 2945
2464.14156689
K= 2946
4936.0 , Degree=0
K= 2947
4936.0 , Degree=0
K= 2948
4936.0 , Degree=0
K= 2949
4936.0 , Degree=0
K= 2950
4936.0 , Degree=0
K= 2951
33.6666666667
K= 2952
2302.0
K= 2953
4936.0 , Degree=0
K= 2954
284.315512265
K= 2955
23.6132478632
K= 2956
4936.0 , Degree=0
K= 2957
2673.47575758
K= 2958
4936.0 , Degree=0
K= 2959
4936.0 , Degree=0
K= 2960
340.668607192
K= 2961
4936.0 , Degree=0
K= 2962
55.7655964337
K= 2963
533.577575321
K= 2964
4936.0 , Degree=0
K= 2965
60.4464668307
K= 2966
4936.0 , Degree=0
K= 2967
4936.0 , Degree=0
K= 2968
1795.14855253
K= 2969
4936.0 , Degree=0
K= 2970
4936.0 , Degree=0
K= 2971
4936.0 , Degree=0
K= 2972
2347.0
K= 2973
25.2881841381
K= 2974
76.2424789591
K= 2975
4936.0 , Degree=0
K= 2976
4936.0 , Degree=0
K= 2977
354.591956072
K= 2978
4936.0 , Degree=0
K= 2979
4936.0 , Degree=0
K= 2980
42.7601734638
K= 2981
4936.0 , Degree=0
K= 2982
400.066666667
K= 2983
19.0956752755
K= 2984
1312.95459423
K= 2985
2494.38734545
K= 2986
20.3754325481
K= 2987
4936.0 , Degree=0
K= 2988
4936.0 , Degree=0
K= 2989
4936.0 , Degree=0
K= 2990
2284.22467051
K= 2991
4936.0 , Degree=0
K= 2992
4936.0 , Degree=0
K= 2993
20.1665992074
K= 2994
69.1690421583
K= 2995
2501.66666667
K= 2996
2480.73571429
K= 2997
1798.40708426
K= 2998
4936.0 , Degree=0
K= 2999
2495.33333333
K= 3000
66.3405321802
K= 3001
4050.8152192
K= 3002
19.7368590281
K= 3003
20.244667755
K= 3004
4936.0 , Degree=0
K= 3005
339.194219959
K= 3006
20.1665992074
K= 3007
4936.0 , Degree=0
K= 3008
30.2347908238
K= 3009
355.985720083
K= 3010
4936.0 , Degree=0
K= 3011
4936.0 , Degree=0
K= 3012
4936.0 , Degree=0
K= 3013
26.0756260152
K= 3014
362.944945698
K= 3015
4936.0 , Degree=0
K= 3016
4936.0 , Degree=0
K= 3017
25.8785967163
K= 3018
43.9034505784
K= 3019
4758.77777778
K= 3020
221.014560439
K= 3021
271.208333333
K= 3022
34.6047959118
K= 3023
390.636113557
K= 3024
4936.0 , Degree=0
K= 3025
1794.64855253
K= 3026
67.4827081455
K= 3027
1077.65141611
K= 3028
28.6518515398
K= 3029
4936.0 , Degree=0
K= 3030
337.84082633
K= 3031
4936.0 , Degree=0
K= 3032
1210.98093395
K= 3033
34.3739036839
K= 3034
4936.0 , Degree=0
K= 3035
18.0607744238
K= 3036
2283.4765059
K= 3037
4936.0 , Degree=0
K= 3038
2497.16666667
K= 3039
23.931579779
K= 3040
22.6510924919
K= 3041
4936.0 , Degree=0
K= 3042
4936.0 , Degree=0
K= 3043
4936.0 , Degree=0
K= 3044
4936.0 , Degree=0
K= 3045
35.0386416793
K= 3046
2491.24759568
K= 3047
53.7343015464
K= 3048
2493.5474026
K= 3049
4936.0 , Degree=0
K= 3050
2282.93447706
K= 3051
34.0188367406
K= 3052
52.979882148
K= 3053
13001.6063226
K= 3054
2496.66666667
K= 3055
4936.0 , Degree=0
K= 3056
4936.0 , Degree=0
K= 3057
4936.0 , Degree=0
K= 3058
4936.0 , Degree=0
K= 3059
4936.0 , Degree=0
K= 3060
4936.0 , Degree=0
K= 3061
4936.0 , Degree=0
K= 3062
18.5353440872
K= 3063
4936.0 , Degree=0
K= 3064
4936.0 , Degree=0
K= 3065
4936.0 , Degree=0
K= 3066
316.666666667
K= 3067
17.8023809523
K= 3068
24.2757762104
K= 3069
4936.0 , Degree=0
K= 3070
4936.0 , Degree=0
K= 3071
20.457748473
K= 3072
4759.5
K= 3073
4936.0 , Degree=0
K= 3074
4936.0 , Degree=0
K= 3075
26.4313399538
K= 3076
4936.0 , Degree=0
K= 3077
1791.19617158
K= 3078
4936.0 , Degree=0
K= 3079
4936.0 , Degree=0
K= 3080
18.1209926564
K= 3081
2663.1952381
K= 3082
4097.8152192
K= 3083
4936.0 , Degree=0
K= 3084
4936.0 , Degree=0
K= 3085
2600.91011236
K= 3086
27.4781268243
K= 3087
4936.0 , Degree=0
K= 3088
4936.0 , Degree=0
K= 3089
2322.66666667
K= 3090
1882.97861092
K= 3091
4936.0 , Degree=0
K= 3092
2508.63734545
K= 3093
19.589413028
K= 3094
4936.0 , Degree=0
K= 3095
4936.0 , Degree=0
K= 3096
21.1213494364
K= 3097
16.9999999999
K= 3098
4936.0 , Degree=0
K= 3099
36.1300488288
K= 3100
21.9167483005
K= 3101
316.457142857
K= 3102
358.759149184
K= 3103
4936.0 , Degree=0
K= 3104
297.445530468
K= 3105
55.7655964337
K= 3106
2322.66666667
K= 3107
4766.0
K= 3108
4936.0 , Degree=0
K= 3109
1791.48188587
K= 3110
4936.0 , Degree=0
K= 3111
4936.0 , Degree=0
K= 3112
4936.0 , Degree=0
K= 3113
3052.21088498
K= 3114
42.0896225643
K= 3115
17.3333333333
K= 3116
31.5209432114
K= 3117
2494.7540404
K= 3118
4936.0 , Degree=0
K= 3119
4936.0 , Degree=0
K= 3120
2493.17745098
K= 3121
4936.0 , Degree=0
K= 3122
25.6505898852
K= 3123
167.942857143
K= 3124
0.0
K= 3125
4936.0 , Degree=0
K= 3126
4936.0 , Degree=0
K= 3127
2496.66666667
K= 3128
5007.52469091
K= 3129
17.1666666666
K= 3130
2621.22315462
K= 3131
1794.64855253
K= 3132
204.409334511
K= 3133
87.5897206634
K= 3134
110.901232101
K= 3135
236.591239316
K= 3136
350.176984127
K= 3137
4936.0 , Degree=0
K= 3138
4802.66666667
K= 3139
2280.0
K= 3140
4936.0 , Degree=0
K= 3141
4936.0 , Degree=0
K= 3142
1801.63664777
K= 3143
236.283136472
K= 3144
4936.0 , Degree=0
K= 3145
19.0597717581
K= 3146
4936.0 , Degree=0
K= 3147
4936.0 , Degree=0
K= 3148
4936.0 , Degree=0
K= 3149
4936.0 , Degree=0
K= 3150
2517.12063492
K= 3151
4936.0 , Degree=0
K= 3152
4936.0 , Degree=0
K= 3153
2279.3030303
K= 3154
2322.66666667
K= 3155
4936.0 , Degree=0
K= 3156
55.8989297671
K= 3157
5187.0
K= 3158
4936.0 , Degree=0
K= 3159
1799.7688489
K= 3160
4936.0 , Degree=0
K= 3161
2496.83333333
K= 3162
22.7173494691
K= 3163
4936.0 , Degree=0
K= 3164
4814.22261905
K= 3165
2478.64156689
K= 3166
4936.0 , Degree=0
K= 3167
2302.0
K= 3168
4936.0 , Degree=0
K= 3169
25.1226679147
K= 3170
4936.0 , Degree=0
K= 3171
23.098790527
K= 3172
4936.0 , Degree=0
K= 3173
4936.0 , Degree=0
K= 3174
42.8028811928
K= 3175
17.7907647906
K= 3176
4936.0 , Degree=0
K= 3177
139.269247419
K= 3178
32.925361524
K= 3179
2497.15942029
K= 3180
379.4
K= 3181
2322.66666667
K= 3182
16.9999999999
K= 3183
4936.0 , Degree=0
K= 3184
4936.0 , Degree=0
K= 3185
4936.0 , Degree=0
K= 3186
1806.48188587
K= 3187
25.9776077128
K= 3188
5031.73603782
K= 3189
37.9283164717
K= 3190
51.7318305493
K= 3191
4936.0 , Degree=0
K= 3192
12957.0826204
K= 3193
4936.0 , Degree=0
K= 3194
2495.33333333
K= 3195
4936.0 , Degree=0
K= 3196
4936.0 , Degree=0
K= 3197
4936.0 , Degree=0
K= 3198
36.5372581726
K= 3199
4936.0 , Degree=0
K= 3200
24.3996581573
K= 3201
19.9679963111
K= 3202
4936.0 , Degree=0
K= 3203
4936.0 , Degree=0
K= 3204
2322.66666667
K= 3205
4936.0 , Degree=0
K= 3206
4936.0 , Degree=0
K= 3207
29.9329427161
K= 3208
4936.0 , Degree=0
K= 3209
4936.0 , Degree=0
K= 3210
396.329304279
K= 3211
4936.0 , Degree=0
K= 3212
4936.0 , Degree=0
K= 3213
4936.0 , Degree=0
K= 3214
4936.0 , Degree=0
K= 3215
4936.0 , Degree=0
K= 3216
1832.76527573
K= 3217
4936.0 , Degree=0
K= 3218
27.587921237
K= 3219
1788.63744142
K= 3220
21.4444794467
K= 3221
2347.0
K= 3222
4936.0 , Degree=0
K= 3223
1792.18484402
K= 3224
91.6513789155
K= 3225
21.9395400264
K= 3226
4936.0 , Degree=0
K= 3227
4936.0 , Degree=0
K= 3228
0.0
K= 3229
4936.0 , Degree=0
K= 3230
4936.0 , Degree=0
K= 3231
369.633782884
K= 3232
335.567751556
K= 3233
4936.0 , Degree=0
K= 3234
4936.0 , Degree=0
K= 3235
180.634587025
K= 3236
4936.0 , Degree=0
K= 3237
42.8028811928
K= 3238
4936.0 , Degree=0
K= 3239
4936.0 , Degree=0
K= 3240
4936.0 , Degree=0
K= 3241
252.554837884
K= 3242
23.4999999999
K= 3243
4936.0 , Degree=0
K= 3244
4936.0 , Degree=0
K= 3245
4936.0 , Degree=0
K= 3246
7467.77777778
K= 3247
4936.0 , Degree=0
K= 3248
2508.08737374
K= 3249
329.84082633
K= 3250
42.8028811928
K= 3251
4936.0 , Degree=0
K= 3252
19.7725078078
K= 3253
4936.0 , Degree=0
K= 3254
4754.86666667
K= 3255
2492.73377162
K= 3256
54.219175484
K= 3257
4936.0 , Degree=0
K= 3258
224.173057174
K= 3259
4759.0
K= 3260
29.5216977316
K= 3261
4936.0 , Degree=0
K= 3262
2605.79663503
K= 3263
4936.0 , Degree=0
K= 3264
4936.0 , Degree=0
K= 3265
0.0
K= 3266
4936.0 , Degree=0
K= 3267
1956.71283066
K= 3268
2496.08333333
K= 3269
1791.64855253
K= 3270
4936.0 , Degree=0
K= 3271
32.269744442
K= 3272
4936.0 , Degree=0
K= 3273
4936.0 , Degree=0
K= 3274
133.374679549
K= 3275
2347.0
K= 3276
2281.85683605
K= 3277
45.0436260165
K= 3278
19.2845082115
K= 3279
21.8712508879
K= 3280
4936.0 , Degree=0
K= 3281
4936.0 , Degree=0
K= 3282
233.483333333
K= 3283
22.2206719553
K= 3284
4936.0 , Degree=0
K= 3285
28.9365552955
K= 3286
1077.65141611
K= 3287
2322.66666667
K= 3288
4610.33333333
K= 3289
4936.0 , Degree=0
K= 3290
23.8918144346
K= 3291
64.3747021685
K= 3292
4936.0 , Degree=0
K= 3293
29.5014956975
K= 3294
375.895238095
K= 3295
4936.0 , Degree=0
K= 3296
4936.0 , Degree=0
K= 3297
4936.0 , Degree=0
K= 3298
4936.0 , Degree=0
K= 3299
57.2867321608
K= 3300
21.3652512163
K= 3301
403.941341991
K= 3302
4936.0 , Degree=0
K= 3303
4936.0 , Degree=0
K= 3304
1834.20083788
K= 3305
4936.0 , Degree=0
K= 3306
19.0225733139
K= 3307
4936.0 , Degree=0
K= 3308
4936.0 , Degree=0
K= 3309
4936.0 , Degree=0
K= 3310
19.589413028
K= 3311
2478.64156689
K= 3312
4936.0 , Degree=0
K= 3313
4936.0 , Degree=0
K= 3314
4936.0 , Degree=0
K= 3315
80.9006488711
K= 3316
4756.66666667
K= 3317
4936.0 , Degree=0
K= 3318
4936.0 , Degree=0
K= 3319
4936.0 , Degree=0
K= 3320
18.4918904473
K= 3321
4936.0 , Degree=0
K= 3322
2347.0
K= 3323
18.6974932347
K= 3324
57.5977311658
K= 3325
40.3488787024
K= 3326
29.6514828299
K= 3327
4936.0 , Degree=0
K= 3328
27.6665905226
K= 3329
2285.56190476
K= 3330
26.6086302413
K= 3331
4936.0 , Degree=0
K= 3332
4936.0 , Degree=0
K= 3333
4936.0 , Degree=0
K= 3334
2524.81656162
K= 3335
4936.0 , Degree=0
K= 3336
95.8886001005
K= 3337
4936.0 , Degree=0
K= 3338
4936.0 , Degree=0
K= 3339
4936.0 , Degree=0
K= 3340
2529.96677489
K= 3341
305.15258855
K= 3342
4936.0 , Degree=0
K= 3343
4936.0 , Degree=0
K= 3344
20.1186774204
K= 3345
4936.0 , Degree=0
K= 3346
2661.63809524
K= 3347
2492.01283322
K= 3348
4936.0 , Degree=0
K= 3349
4936.0 , Degree=0
K= 3350
4936.0 , Degree=0
K= 3351
2494.8047619
K= 3352
46.8999805179
K= 3353
4936.0 , Degree=0
K= 3354
4936.0 , Degree=0
K= 3355
401.66025641
K= 3356
23.9889917367
K= 3357
36.503756886
K= 3358
4936.0 , Degree=0
K= 3359
28.5432133009
K= 3360
4936.0 , Degree=0
K= 3361
4936.0 , Degree=0
K= 3362
4936.0 , Degree=0
K= 3363
4936.0 , Degree=0
K= 3364
4936.0 , Degree=0
K= 3365
4936.0 , Degree=0
K= 3366
55.7655964337
K= 3367
4936.0 , Degree=0
K= 3368
28.8738639725
K= 3369
2491.83333333
K= 3370
4936.0 , Degree=0
K= 3371
4936.0 , Degree=0
K= 3372
30.1619525104
K= 3373
4936.0 , Degree=0
K= 3374
4936.0 , Degree=0
K= 3375
4936.0 , Degree=0
K= 3376
4936.0 , Degree=0
K= 3377
4936.0 , Degree=0
K= 3378
332.032625723
K= 3379
4936.0 , Degree=0
K= 3380
4766.0
K= 3381
4936.0 , Degree=0
K= 3382
4936.0 , Degree=0
K= 3383
4936.0 , Degree=0
K= 3384
132.044856841
K= 3385
2282.93447706
K= 3386
4936.0 , Degree=0
K= 3387
4936.0 , Degree=0
K= 3388
4936.0 , Degree=0
K= 3389
4936.0 , Degree=0
K= 3390
16.9074476702
K= 3391
1992.45218884
K= 3392
4054.8152192
K= 3393
4936.0 , Degree=0
K= 3394
4936.0 , Degree=0
K= 3395
2605.79663503
K= 3396
4936.0 , Degree=0
K= 3397
2347.0
K= 3398
4936.0 , Degree=0
K= 3399
2347.0
K= 3400
4936.0 , Degree=0
K= 3401
4936.0 , Degree=0
K= 3402
371.339388832
K= 3403
369.116666667
K= 3404
4936.0 , Degree=0
K= 3405
1812.32728628
K= 3406
1799.25426621
K= 3407
195.176060493
K= 3408
340.668607193
K= 3409
25.6316509604
K= 3410
372.375220613
K= 3411
17.6666666666
K= 3412
52.3932715364
K= 3413
2496.5
K= 3414
4936.0 , Degree=0
K= 3415
38.0256221394
K= 3416
393.863095238
K= 3417
2491.50098039
K= 3418
4936.0 , Degree=0
K= 3419
2499.75238095
K= 3420
42.8028811928
K= 3421
29.6344460712
K= 3422
4936.0 , Degree=0
K= 3423
4936.0 , Degree=0
K= 3424
332.032625723
K= 3425
4936.0 , Degree=0
K= 3426
4936.0 , Degree=0
K= 3427
28.0648004548
K= 3428
4765.9
K= 3429
44.0310271149
K= 3430
4936.0 , Degree=0
K= 3431
27.4091086849
K= 3432
4936.0 , Degree=0
K= 3433
4936.0 , Degree=0
K= 3434
33.180401328
K= 3435
2560.17561328
K= 3436
4936.0 , Degree=0
K= 3437
4756.0
K= 3438
4936.0 , Degree=0
K= 3439
4936.0 , Degree=0
K= 3440
2347.0
K= 3441
4936.0 , Degree=0
K= 3442
2360.66666667
K= 3443
20.8913371812
K= 3444
4936.0 , Degree=0
K= 3445
165.191210456
K= 3446
4936.0 , Degree=0
K= 3447
2302.0
K= 3448
137.198584584
K= 3449
18.1344932845
K= 3450
4936.0 , Degree=0
K= 3451
4936.0 , Degree=0
K= 3452
4936.0 , Degree=0
K= 3453
392.478879985
K= 3454
2322.66666667
K= 3455
4936.0 , Degree=0
K= 3456
2302.0
K= 3457
24.695205507
K= 3458
4936.0 , Degree=0
K= 3459
4936.0 , Degree=0
K= 3460
4936.0 , Degree=0
K= 3461
2525.02489496
K= 3462
4936.0 , Degree=0
K= 3463
4936.0 , Degree=0
K= 3464
17.4999999999
K= 3465
4936.0 , Degree=0
K= 3466
42.8028811928
K= 3467
4936.0 , Degree=0
K= 3468
1793.54438587
K= 3469
4936.0 , Degree=0
K= 3470
46.4351358283
K= 3471
378.358802309
K= 3472
4936.0 , Degree=0
K= 3473
4936.0 , Degree=0
K= 3474
21.8713830318
K= 3475
4936.0 , Degree=0
K= 3476
4936.0 , Degree=0
K= 3477
642.268673869
K= 3478
4936.0 , Degree=0
K= 3479
18.4902399596
K= 3480
4936.0 , Degree=0
K= 3481
161.381444236
K= 3482
4936.0 , Degree=0
K= 3483
4936.0 , Degree=0
K= 3484
34.4938865356
K= 3485
37.3912506144
K= 3486
2494.8047619
K= 3487
4936.0 , Degree=0
K= 3488
348.165223665
K= 3489
4936.0 , Degree=0
K= 3490
2278.2020202
K= 3491
1168.04964622
K= 3492
4936.0 , Degree=0
K= 3493
387.944444444
K= 3494
4936.0 , Degree=0
K= 3495
4936.0 , Degree=0
K= 3496
4936.0 , Degree=0
K= 3497
4936.0 , Degree=0
K= 3498
31.4708896727
K= 3499
4936.0 , Degree=0
K= 3500
21.2883940434
K= 3501
271.525692408
K= 3502
4936.0 , Degree=0
K= 3503
4936.0 , Degree=0
K= 3504
4936.0 , Degree=0
K= 3505
4936.0 , Degree=0
K= 3506
2651.15
K= 3507
2428.0
K= 3508
20.2612729577
K= 3509
368.233333333
K= 3510
4936.0 , Degree=0
K= 3511
2269.31647075
K= 3512
2347.0
K= 3513
2649.86536797
K= 3514
25.9806010051
K= 3515
2347.0
K= 3516
133.682023532
K= 3517
12922.8611465
K= 3518
2511.0
K= 3519
30.5034608115
K= 3520
21.8125855235
K= 3521
4936.0 , Degree=0
K= 3522
4760.63636364
K= 3523
4936.0 , Degree=0
K= 3524
314.383647874
K= 3525
2322.66666667
K= 3526
19.9070137594
K= 3527
4936.0 , Degree=0
K= 3528
22.5808010072
K= 3529
4936.0 , Degree=0
K= 3530
324.771535249
K= 3531
4936.0 , Degree=0
K= 3532
4936.0 , Degree=0
K= 3533
2638.33333333
K= 3534
2629.16666667
K= 3535
12941.1027639
K= 3536
4936.0 , Degree=0
K= 3537
4936.0 , Degree=0
K= 3538
19.7725078078
K= 3539
2605.79663503
K= 3540
13265.5435481
K= 3541
4936.0 , Degree=0
K= 3542
272.83521768
K= 3543
4936.0 , Degree=0
K= 3544
4936.0 , Degree=0
K= 3545
880.133428893
K= 3546
4936.0 , Degree=0
K= 3547
4936.0 , Degree=0
K= 3548
18.0607744238
K= 3549
4936.0 , Degree=0
K= 3550
4936.0 , Degree=0
K= 3551
31.1169285548
K= 3552
2659.2230236
K= 3553
55.7655964337
K= 3554
4936.0 , Degree=0
K= 3555
4936.0 , Degree=0
K= 3556
336.981191235
K= 3557
4936.0 , Degree=0
K= 3558
1077.82867028
K= 3559
4940.0
K= 3560
37.9015487235
K= 3561
1802.25340601
K= 3562
39.1877338014
K= 3563
4936.0 , Degree=0
K= 3564
2491.15216265
K= 3565
4936.0 , Degree=0
K= 3566
20.2325785192
K= 3567
4936.0 , Degree=0
K= 3568
2508.63734545
K= 3569
4936.0 , Degree=0
K= 3570
4936.0 , Degree=0
K= 3571
4936.0 , Degree=0
K= 3572
4936.0 , Degree=0
K= 3573
4936.0 , Degree=0
K= 3574
363.538636364
K= 3575
4936.0 , Degree=0
K= 3576
4936.0 , Degree=0
K= 3577
26.3682373433
K= 3578
2290.28369772
K= 3579
71.4009910722
K= 3580
4936.0 , Degree=0
K= 3581
17.8844720495
K= 3582
4936.0 , Degree=0
K= 3583
4936.0 , Degree=0
K= 3584
368.964285714
K= 3585
4936.0 , Degree=0
K= 3586
359.806493506
K= 3587
171.549335905
K= 3588
1797.64855253
K= 3589
15.8904761905
K= 3590
2604.33414955
K= 3591
4936.0 , Degree=0
K= 3592
4936.0 , Degree=0
K= 3593
4936.0 , Degree=0
K= 3594
356.820793815
K= 3595
4936.0 , Degree=0
K= 3596
35.8689739469
K= 3597
4936.0 , Degree=0
K= 3598
4936.0 , Degree=0
K= 3599
19.5665085752
K= 3600
4936.0 , Degree=0
Betweenness Centrality Improvement
[ 0.  0.  0. ...,  0.  0.  0.]
Top 20 BC Improvement
[3540 2682 2907 2434 2602 3053 2496 3192 3535 2645 3517 2565 2863 2710 2462
 3246 2628 3157 3188 3128]
Top 20 BC Improvement
[ 13265.54354809  13037.80505945  13009.70227146  13006.9311565
  13001.67280609  13001.60632261  12992.99707135  12957.08262042
  12941.10276386  12925.98805849  12922.86114652   9892.           9892.
   9892.           9892.           7467.77777778   7459.89663866   5187.
   5031.73603782   5007.52469091]
