txValue= 1000000
Input graph
IGRAPH D--- 4619 68733 -- 
+ attr: pub_key (v), base_fee (e), capacity (e), fee_rate (e), txCost (e)
None
Graph after edges deleted
IGRAPH D--- 4619 32193 -- 
+ attr: pub_key (v), base_fee (e), capacity (e), fee_rate (e), txCost (e)
None
Our nodes starting connections: 
(4618, 2796)
(4618, 1223)
(4618, 1163)
(4618, 222)
(4618, 2745)
CurrentBC of our node:  399260.311942
K= 0
54.2947760331
K= 1
44.9650631541
K= 2
35.2842354765
K= 3
121.125986784
K= 4
4936.0 , Degree=0
K= 5
2518.74240704
K= 6
175.758974359
K= 7
36.1282012299
K= 8
2496.16666667
K= 9
18.9385964495
K= 10
4936.0 , Degree=0
K= 11
37.1209105363
K= 12
14278.0
K= 13
55.8605941855
K= 14
20.5379612871
K= 15
159.27329712
K= 16
4756.0
K= 17
4936.0 , Degree=0
K= 18
21.8609741581
K= 19
37.5528386254
K= 20
42.4307275586
K= 21
19.4227463614
K= 22
4936.0 , Degree=0
K= 23
4936.0 , Degree=0
K= 24
2490.33641395
K= 25
27.4979678448
K= 26
19.6058411412
K= 27
2305.13333333
K= 28
4936.0 , Degree=0
K= 29
19.5513425118
K= 30
4936.0 , Degree=0
K= 31
4936.0 , Degree=0
K= 32
483.813831507
K= 33
27.193316035
K= 34
4936.0 , Degree=0
K= 35
14.7833333333
K= 36
4767.37142857
K= 37
17.5329631348
K= 38
4936.0 , Degree=0
K= 39
31.2990977487
K= 40
4936.0 , Degree=0
K= 41
4936.0 , Degree=0
K= 42
4936.0 , Degree=0
K= 43
17.797650194
K= 44
4936.0 , Degree=0
K= 45
2495.0
K= 46
4936.0 , Degree=0
K= 47
301.037157328
K= 48
2332.66666667
K= 49
4936.0 , Degree=0
K= 50
30.2582964221
K= 51
4936.0 , Degree=0
K= 52
329.713779276
K= 53
50.7630460281
K= 54
41.6970566513
K= 55
4936.0 , Degree=0
K= 56
2348.0
K= 57
4936.0 , Degree=0
K= 58
19.4227463614
K= 59
4936.0 , Degree=0
K= 60
302.723649063
K= 61
51.565063879
K= 62
45.2699316523
K= 63
4936.0 , Degree=0
K= 64
102.426038614
K= 65
4936.0 , Degree=0
K= 66
4070.58884889
K= 67
4936.0 , Degree=0
K= 68
4936.0 , Degree=0
K= 69
328.26031746
K= 70
318.113051637
K= 71
1859.89647797
K= 72
317.06614531
K= 73
2493.70787546
K= 74
23.8129899303
K= 75
25.4901693834
K= 76
2357.0
K= 77
2357.0
K= 78
2494.91666667
K= 79
4936.0 , Degree=0
K= 80
34.9501693836
K= 81
2594.59053114
K= 82
4936.0 , Degree=0
K= 83
4936.0 , Degree=0
K= 84
54.5113057243
K= 85
16.1031553762
K= 86
4936.0 , Degree=0
K= 87
2497.07971014
K= 88
2357.0
K= 89
301.037157328
K= 90
164.477641536
K= 91
1790.98188587
K= 92
3237.97755164
K= 93
2359.36321699
K= 94
4936.0 , Degree=0
K= 95
4936.0 , Degree=0
K= 96
4936.0 , Degree=0
K= 97
2610.55827334
K= 98
20.9046100605
K= 99
19.0285512587
K= 100
2518.63734545
K= 101
2496.91666667
K= 102
16.6540898024
K= 103
22.704095798
K= 104
4936.0 , Degree=0
K= 105
4936.0 , Degree=0
K= 106
4936.0 , Degree=0
K= 107
4936.0 , Degree=0
K= 108
2646.2230236
K= 109
4936.0 , Degree=0
K= 110
4936.0 , Degree=0
K= 111
4936.0 , Degree=0
K= 112
4936.0 , Degree=0
K= 113
21.2660256411
K= 114
19.077544185
K= 115
4936.0 , Degree=0
K= 116
4936.0 , Degree=0
K= 117
2357.0
K= 118
4936.0 , Degree=0
K= 119
18.8140876098
K= 120
1792.68744142
K= 121
2332.66666667
K= 122
4936.0 , Degree=0
K= 123
350.075396825
K= 124
4936.0 , Degree=0
K= 125
4936.0 , Degree=0
K= 126
26.418448762
K= 127
1790.95259294
K= 128
4936.0 , Degree=0
K= 129
76.4280352726
K= 130
4936.0 , Degree=0
K= 131
4936.0 , Degree=0
K= 132
2519.47574037
K= 133
20.5145533001
K= 134
4936.0 , Degree=0
K= 135
19.1432943231
K= 136
1216.18010164
K= 137
22.6252758904
K= 138
12967.9407131
K= 139
1789.39061602
K= 140
319.704079254
K= 141
4936.0 , Degree=0
K= 142
4936.0 , Degree=0
K= 143
58.6747141905
K= 144
4936.0 , Degree=0
K= 145
1796.01091913
K= 146
1788.98188587
K= 147
32.3912670479
K= 148
501.545585644
K= 149
4936.0 , Degree=0
K= 150
4936.0 , Degree=0
K= 151
2497.07575758
K= 152
1883.88251283
K= 153
4936.0 , Degree=0
K= 154
3411.96573998
K= 155
4936.0 , Degree=0
K= 156
142.287654496
K= 157
2299.33333333
K= 158
4936.0 , Degree=0
K= 159
131.818262848
K= 160
2494.24761905
K= 161
4936.0 , Degree=0
K= 162
4936.0 , Degree=0
K= 163
2519.47574037
K= 164
4936.0 , Degree=0
K= 165
4936.0 , Degree=0
K= 166
16.6666666666
K= 167
1793.48188587
K= 168
4936.0 , Degree=0
K= 169
4936.0 , Degree=0
K= 170
4936.0 , Degree=0
K= 171
39.3475175424
K= 172
4936.0 , Degree=0
K= 173
19.077544185
K= 174
4936.0 , Degree=0
K= 175
87.3162567063
K= 176
4936.0 , Degree=0
K= 177
4760.0
K= 178
4936.0 , Degree=0
K= 179
4936.0 , Degree=0
K= 180
22.081022669
K= 181
4936.0 , Degree=0
K= 182
26.3106802113
K= 183
88.8088834653
K= 184
24.1844553378
K= 185
4936.0 , Degree=0
K= 186
4936.0 , Degree=0
K= 187
17.8941077571
K= 188
4936.0 , Degree=0
K= 189
25.8491927398
K= 190
2370.66666667
K= 191
4936.0 , Degree=0
K= 192
4936.0 , Degree=0
K= 193
4936.0 , Degree=0
K= 194
32.1550587325
K= 195
4936.0 , Degree=0
K= 196
4936.0 , Degree=0
K= 197
1814.70807634
K= 198
58.7662639373
K= 199
21.4121470112
K= 200
225.404354377
K= 201
2491.38826969
K= 202
56.2485662313
K= 203
4936.0 , Degree=0
K= 204
4936.0 , Degree=0
K= 205
17.8941077571
K= 206
4936.0 , Degree=0
K= 207
1790.64855253
K= 208
23.4833333333
K= 209
4936.0 , Degree=0
K= 210
4936.0 , Degree=0
K= 211
46.4698364403
K= 212
4936.0 , Degree=0
K= 213
16.8333333333
K= 214
4936.0 , Degree=0
K= 215
2370.66666667
K= 216
21.399245186
K= 217
300.86984127
K= 218
2352.66666667
K= 219
53.3393486675
K= 220
1793.12474301
K= 221
19.6678103924
K= 222
15.9833333333
K= 223
4936.0 , Degree=0
K= 224
4936.0 , Degree=0
K= 225
1790.3152192
K= 226
20.9862689325
K= 227
4936.0 , Degree=0
K= 228
2352.66666667
K= 229
4936.0 , Degree=0
K= 230
328.031086785
K= 231
4936.0 , Degree=0
K= 232
4936.0 , Degree=0
K= 233
2292.20937083
K= 234
52.9750205196
K= 235
370.639883694
K= 236
4936.0 , Degree=0
K= 237
4936.0 , Degree=0
K= 238
332.690396912
K= 239
1835.52972039
K= 240
4936.0 , Degree=0
K= 241
27.996119406
K= 242
38.9466573794
K= 243
4936.0 , Degree=0
K= 244
4936.0 , Degree=0
K= 245
4936.0 , Degree=0
K= 246
2608.20604936
K= 247
4936.0 , Degree=0
K= 248
4936.0 , Degree=0
K= 249
2357.0
K= 250
4936.0 , Degree=0
K= 251
42.359749942
K= 252
4936.0 , Degree=0
K= 253
363.617192895
K= 254
4936.0 , Degree=0
K= 255
4936.0 , Degree=0
K= 256
25.2816510687
K= 257
318.113051637
K= 258
60.1144330529
K= 259
2455.8300207
K= 260
53.3256931625
K= 261
4936.0 , Degree=0
K= 262
4936.0 , Degree=0
K= 263
14268.0
K= 264
4936.0 , Degree=0
K= 265
31.2307861283
K= 266
18.1779396244
K= 267
47.9779212113
K= 268
4936.0 , Degree=0
K= 269
22.5009037059
K= 270
4757.0
K= 271
4936.0 , Degree=0
K= 272
4936.0 , Degree=0
K= 273
4936.0 , Degree=0
K= 274
2490.4370915
K= 275
2288.70261476
K= 276
294.0
K= 277
4936.0 , Degree=0
K= 278
4936.0 , Degree=0
K= 279
2332.66666667
K= 280
4936.0 , Degree=0
K= 281
75.6429599601
K= 282
143.079432419
K= 283
4936.0 , Degree=0
K= 284
2642.38809524
K= 285
398.902933924
K= 286
44.7549581113
K= 287
27.0755256269
K= 288
4936.0 , Degree=0
K= 289
2646.91111111
K= 290
42.9266825871
K= 291
4936.0 , Degree=0
K= 292
4936.0 , Degree=0
K= 293
20.9729385976
K= 294
141.616829794
K= 295
51.9631020274
K= 296
1809.29879992
K= 297
4936.0 , Degree=0
K= 298
4936.0 , Degree=0
K= 299
4936.0 , Degree=0
K= 300
1787.01760015
K= 301
4936.0 , Degree=0
K= 302
1790.98188587
K= 303
4936.0 , Degree=0
K= 304
4936.0 , Degree=0
K= 305
21.622621376
K= 306
4982.54444444
K= 307
18.5958150832
K= 308
4936.0 , Degree=0
K= 309
166.965728757
K= 310
4936.0 , Degree=0
K= 311
4765.0
K= 312
348.419444444
K= 313
309.592327444
K= 314
4936.0 , Degree=0
K= 315
4936.0 , Degree=0
K= 316
138.705675218
K= 317
4936.0 , Degree=0
K= 318
4936.0 , Degree=0
K= 319
22.6163076044
K= 320
24.8487330827
K= 321
294.756581947
K= 322
4936.0 , Degree=0
K= 323
4936.0 , Degree=0
K= 324
4936.0 , Degree=0
K= 325
4936.0 , Degree=0
K= 326
4936.0 , Degree=0
K= 327
316.482875458
K= 328
42.4162247462
K= 329
14.1404761904
K= 330
24.4816399601
K= 331
4936.0 , Degree=0
K= 332
4936.0 , Degree=0
K= 333
16.6666666666
K= 334
4936.0 , Degree=0
K= 335
4936.0 , Degree=0
K= 336
4936.0 , Degree=0
K= 337
325.158080808
K= 338
4936.0 , Degree=0
K= 339
58.1432827808
K= 340
19.4227463614
K= 341
13033.3462752
K= 342
4768.66666667
K= 343
1785.25155313
K= 344
21.1251805706
K= 345
4936.0 , Degree=0
K= 346
4936.0 , Degree=0
K= 347
2492.43377162
K= 348
4936.0 , Degree=0
K= 349
53.8226640449
K= 350
32.0311735061
K= 351
3265.97569307
K= 352
45.2798819233
K= 353
4936.0 , Degree=0
K= 354
4936.0 , Degree=0
K= 355
4936.0 , Degree=0
K= 356
4769.9047619
K= 357
4936.0 , Degree=0
K= 358
22.8429454733
K= 359
4936.0 , Degree=0
K= 360
166.965728757
K= 361
29.3654076645
K= 362
4936.0 , Degree=0
K= 363
16.8333333333
K= 364
13040.435423
K= 365
328.549242424
K= 366
4936.0 , Degree=0
K= 367
4936.0 , Degree=0
K= 368
4936.0 , Degree=0
K= 369
23.4948417215
K= 370
4936.0 , Degree=0
K= 371
4936.0 , Degree=0
K= 372
22.2559736384
K= 373
4936.0 , Degree=0
K= 374
4936.0 , Degree=0
K= 375
133.946710881
K= 376
4936.0 , Degree=0
K= 377
143.524260735
K= 378
19.077544185
K= 379
18.9290086089
K= 380
21.1469060573
K= 381
4936.0 , Degree=0
K= 382
2496.57971014
K= 383
4936.0 , Degree=0
K= 384
237.868192074
K= 385
4936.0 , Degree=0
K= 386
2494.29761905
K= 387
2518.63734545
K= 388
1795.91398611
K= 389
4936.0 , Degree=0
K= 390
30.9144970095
K= 391
4936.0 , Degree=0
K= 392
2299.68517322
K= 393
21.2966493748
K= 394
4936.0 , Degree=0
K= 395
4936.0 , Degree=0
K= 396
45.3323883074
K= 397
4936.0 , Degree=0
K= 398
4936.0 , Degree=0
K= 399
369.491666667
K= 400
4936.0 , Degree=0
K= 401
28.5418041573
K= 402
4936.0 , Degree=0
K= 403
2494.91666667
K= 404
4936.0 , Degree=0
K= 405
4936.0 , Degree=0
K= 406
4936.0 , Degree=0
K= 407
4936.0 , Degree=0
K= 408
12409.4
K= 409
4936.0 , Degree=0
K= 410
4936.0 , Degree=0
K= 411
4936.0 , Degree=0
K= 412
4936.0 , Degree=0
K= 413
4936.0 , Degree=0
K= 414
19.5747871367
K= 415
50.0674322419
K= 416
2501.38734545
K= 417
214.333333333
K= 418
4936.0 , Degree=0
K= 419
13027.9745744
K= 420
68.0897557139
K= 421
2517.04953324
K= 422
153.444635486
K= 423
4936.0 , Degree=0
K= 424
4936.0 , Degree=0
K= 425
4936.0 , Degree=0
K= 426
334.531249427
K= 427
4936.0 , Degree=0
K= 428
4936.0 , Degree=0
K= 429
27.0181747781
K= 430
46.9425183506
K= 431
4936.0 , Degree=0
K= 432
41.376232961
K= 433
1790.73188587
K= 434
4936.0 , Degree=0
K= 435
4936.0 , Degree=0
K= 436
4936.0 , Degree=0
K= 437
4936.0 , Degree=0
K= 438
18.019510511
K= 439
4936.0 , Degree=0
K= 440
4936.0 , Degree=0
K= 441
2642.38809524
K= 442
18.2612729577
K= 443
4936.0 , Degree=0
K= 444
55.5098891509
K= 445
4936.0 , Degree=0
K= 446
4936.0 , Degree=0
K= 447
4936.0 , Degree=0
K= 448
15.6119047619
K= 449
2312.0
K= 450
4936.0 , Degree=0
K= 451
4936.0 , Degree=0
K= 452
24.5733230403
K= 453
2479.28571429
K= 454
225.113810476
K= 455
4936.0 , Degree=0
K= 456
4936.0 , Degree=0
K= 457
324.744890956
K= 458
4936.0 , Degree=0
K= 459
4936.0 , Degree=0
K= 460
4936.0 , Degree=0
K= 461
4936.0 , Degree=0
K= 462
4936.0 , Degree=0
K= 463
2496.57971014
K= 464
4936.0 , Degree=0
K= 465
17.8941077571
K= 466
392.473260073
K= 467
127.507692308
K= 468
4936.0 , Degree=0
K= 469
19.6058411411
K= 470
91.8461516578
K= 471
24.4199424036
K= 472
1788.22950491
K= 473
39.9946197472
K= 474
20.094606291
K= 475
4936.0 , Degree=0
K= 476
4936.0 , Degree=0
K= 477
4936.0 , Degree=0
K= 478
3237.97755164
K= 479
4936.0 , Degree=0
K= 480
100.39724229
K= 481
4936.0 , Degree=0
K= 482
4936.0 , Degree=0
K= 483
4756.0
K= 484
1815.19471646
K= 485
4936.0 , Degree=0
K= 486
4936.0 , Degree=0
K= 487
1808.32740363
K= 488
3069.39421831
K= 489
4936.0 , Degree=0
K= 490
4936.0 , Degree=0
K= 491
4936.0 , Degree=0
K= 492
2357.0
K= 493
4936.0 , Degree=0
K= 494
13.0809523809
K= 495
4936.0 , Degree=0
K= 496
4936.0 , Degree=0
K= 497
337.257142857
K= 498
14907.3333333
K= 499
4936.0 , Degree=0
K= 500
17.4047619046
K= 501
2514.43487649
K= 502
14.3309523809
K= 503
2490.14285714
K= 504
301.037157328
K= 505
4936.0 , Degree=0
K= 506
4936.0 , Degree=0
K= 507
4756.0
K= 508
4936.0 , Degree=0
K= 509
318.113051637
K= 510
301.037157328
K= 511
4936.0 , Degree=0
K= 512
4936.0 , Degree=0
K= 513
2312.0
K= 514
1439.39786713
K= 515
42.3664140226
K= 516
4936.0 , Degree=0
K= 517
23.6997538399
K= 518
4936.0 , Degree=0
K= 519
2291.0
K= 520
2494.57971014
K= 521
4936.0 , Degree=0
K= 522
2594.59053114
K= 523
4936.0 , Degree=0
K= 524
132.878286247
K= 525
4936.0 , Degree=0
K= 526
4936.0 , Degree=0
K= 527
241.193484293
K= 528
2626.86565041
K= 529
309.5
K= 530
20.9862689325
K= 531
4936.0 , Degree=0
K= 532
4936.0 , Degree=0
K= 533
50.2164418444
K= 534
4936.0 , Degree=0
K= 535
4936.0 , Degree=0
K= 536
4936.0 , Degree=0
K= 537
20.8559818706
K= 538
323.746947221
K= 539
2290.0
K= 540
37.7588965109
K= 541
2518.63734545
K= 542
15.4999999999
K= 543
4936.0 , Degree=0
K= 544
4936.0 , Degree=0
K= 545
4936.0 , Degree=0
K= 546
39.502881193
K= 547
3237.97755164
K= 548
1917.93159759
K= 549
2299.33333333
K= 550
40.5037713003
K= 551
4936.0 , Degree=0
K= 552
4936.0 , Degree=0
K= 553
4769.0
K= 554
4936.0 , Degree=0
K= 555
326.505665152
K= 556
115.894993144
K= 557
4936.0 , Degree=0
K= 558
319.146765272
K= 559
4936.0 , Degree=0
K= 560
4936.0 , Degree=0
K= 561
244.444444444
K= 562
332.141096312
K= 563
4936.0 , Degree=0
K= 564
2635.61666667
K= 565
344.553607504
K= 566
4936.0 , Degree=0
K= 567
92.1524839523
K= 568
4936.0 , Degree=0
K= 569
61.1877532502
K= 570
266.87537185
K= 571
4936.0 , Degree=0
K= 572
136.283549594
K= 573
4936.0 , Degree=0
K= 574
4936.0 , Degree=0
K= 575
320.475433511
K= 576
4936.0 , Degree=0
K= 577
21.7142857141
K= 578
4936.0 , Degree=0
K= 579
4936.0 , Degree=0
K= 580
36.7733312935
K= 581
48.7442291706
K= 582
4936.0 , Degree=0
K= 583
37.338095238
K= 584
4936.0 , Degree=0
K= 585
4936.0 , Degree=0
K= 586
4936.0 , Degree=0
K= 587
4936.0 , Degree=0
K= 588
4936.0 , Degree=0
K= 589
43.0111794785
K= 590
4936.0 , Degree=0
K= 591
2627.3683584
K= 592
4936.0 , Degree=0
K= 593
4936.0 , Degree=0
K= 594
4755.88571429
K= 595
4936.0 , Degree=0
K= 596
20.7325785192
K= 597
4936.0 , Degree=0
K= 598
26.3849473519
K= 599
1395.9399062
K= 600
2497.07971014
K= 601
323.390988382
K= 602
4936.0 , Degree=0
K= 603
4936.0 , Degree=0
K= 604
305.029969939
K= 605
2496.57575758
K= 606
2597.01326376
K= 607
2357.0
K= 608
18.0653269618
K= 609
147.534306419
K= 610
4936.0 , Degree=0
K= 611
4936.0 , Degree=0
K= 612
2489.15066941
K= 613
338.225277427
K= 614
4936.0 , Degree=0
K= 615
4936.0 , Degree=0
K= 616
4936.0 , Degree=0
K= 617
19.4325162749
K= 618
21.7906434273
K= 619
4936.0 , Degree=0
K= 620
4936.0 , Degree=0
K= 621
285.777629052
K= 622
20.9641715084
K= 623
135.14550045
K= 624
4936.0 , Degree=0
K= 625
4936.0 , Degree=0
K= 626
4936.0 , Degree=0
K= 627
19.7774311635
K= 628
4936.0 , Degree=0
K= 629
4936.0 , Degree=0
K= 630
4771.0
K= 631
4936.0 , Degree=0
K= 632
4936.0 , Degree=0
K= 633
4936.0 , Degree=0
K= 634
4936.0 , Degree=0
K= 635
4936.0 , Degree=0
K= 636
4936.0 , Degree=0
K= 637
1829.38297289
K= 638
4936.0 , Degree=0
K= 639
2621.21717355
K= 640
2518.63734545
K= 641
4936.0 , Degree=0
K= 642
30.1877400267
K= 643
1785.8152192
K= 644
4936.0 , Degree=0
K= 645
4936.0 , Degree=0
K= 646
265.585477166
K= 647
4936.0 , Degree=0
K= 648
4936.0 , Degree=0
K= 649
4936.0 , Degree=0
K= 650
4936.0 , Degree=0
K= 651
348.770803383
K= 652
1886.27308194
K= 653
4936.0 , Degree=0
K= 654
2605.44545177
K= 655
2357.0
K= 656
4936.0 , Degree=0
K= 657
2292.34308613
K= 658
20.2910818063
K= 659
4936.0 , Degree=0
K= 660
4936.0 , Degree=0
K= 661
4936.0 , Degree=0
K= 662
4936.0 , Degree=0
K= 663
1956.65323546
K= 664
4936.0 , Degree=0
K= 665
4936.0 , Degree=0
K= 666
4936.0 , Degree=0
K= 667
4936.0 , Degree=0
K= 668
4936.0 , Degree=0
K= 669
26.2712946204
K= 670
2295.27583047
K= 671
4936.0 , Degree=0
K= 672
338.776190476
K= 673
25.8405255274
K= 674
89.2827581243
K= 675
44.0003235699
K= 676
4936.0 , Degree=0
K= 677
4936.0 , Degree=0
K= 678
378.29047619
K= 679
4936.0 , Degree=0
K= 680
4936.0 , Degree=0
K= 681
2495.16666667
K= 682
42.879735015
K= 683
4936.0 , Degree=0
K= 684
4936.0 , Degree=0
K= 685
4936.0 , Degree=0
K= 686
18.8602509613
K= 687
133.584883481
K= 688
4936.0 , Degree=0
K= 689
119.212989675
K= 690
4936.0 , Degree=0
K= 691
2640.45952381
K= 692
21.3557144868
K= 693
4936.0 , Degree=0
K= 694
16.6666666666
K= 695
1795.21928418
K= 696
4936.0 , Degree=0
K= 697
12990.7926273
K= 698
4936.0 , Degree=0
K= 699
4936.0 , Degree=0
K= 700
4936.0 , Degree=0
K= 701
2290.0
K= 702
2494.33333333
K= 703
36.9204688303
K= 704
4936.0 , Degree=0
K= 705
276.535059385
K= 706
3237.97755164
K= 707
4936.0 , Degree=0
K= 708
301.037157328
K= 709
17.3868891639
K= 710
4936.0 , Degree=0
K= 711
20.094606291
K= 712
4936.0 , Degree=0
K= 713
57.5624724188
K= 714
4936.0 , Degree=0
K= 715
4936.0 , Degree=0
K= 716
16.9999999999
K= 717
4936.0 , Degree=0
K= 718
9963.3030303
K= 719
25.380194606
K= 720
48.6549367041
K= 721
2292.07087752
K= 722
31.7613078252
K= 723
367.947587135
K= 724
9961.66666667
K= 725
4936.0 , Degree=0
K= 726
4740.0
K= 727
2312.0
K= 728
4936.0 , Degree=0
K= 729
4936.0 , Degree=0
K= 730
16.3333333332
K= 731
4936.0 , Degree=0
K= 732
2608.35287318
K= 733
4936.0 , Degree=0
K= 734
24.5599063282
K= 735
2492.91164274
K= 736
4936.0 , Degree=0
K= 737
4936.0 , Degree=0
K= 738
4936.0 , Degree=0
K= 739
4875.0
K= 740
4936.0 , Degree=0
K= 741
18.294107757
K= 742
2519.32677169
K= 743
32.5907636061
K= 744
4936.0 , Degree=0
K= 745
2494.63809524
K= 746
31.307488467
K= 747
4936.0 , Degree=0
K= 748
4936.0 , Degree=0
K= 749
4936.0 , Degree=0
K= 750
25.7397098938
K= 751
24.9647537599
K= 752
224.203823995
K= 753
4936.0 , Degree=0
K= 754
13034.6296819
K= 755
4936.0 , Degree=0
K= 756
301.582611874
K= 757
4936.0 , Degree=0
K= 758
4936.0 , Degree=0
K= 759
236.399996298
K= 760
299.546862627
K= 761
4936.0 , Degree=0
K= 762
4936.0 , Degree=0
K= 763
4936.0 , Degree=0
K= 764
4936.0 , Degree=0
K= 765
68.0029568843
K= 766
4936.0 , Degree=0
K= 767
4936.0 , Degree=0
K= 768
4936.0 , Degree=0
K= 769
22.1414835165
K= 770
4936.0 , Degree=0
K= 771
2516.27821068
K= 772
22.2623419422
K= 773
4936.0 , Degree=0
K= 774
41.9873744774
K= 775
4936.0 , Degree=0
K= 776
2332.66666667
K= 777
4936.0 , Degree=0
K= 778
256.461309524
K= 779
4936.0 , Degree=0
K= 780
24.4249002201
K= 781
2387.0
K= 782
4936.0 , Degree=0
K= 783
31.1723205689
K= 784
4936.0 , Degree=0
K= 785
4936.0 , Degree=0
K= 786
4936.0 , Degree=0
K= 787
4936.0 , Degree=0
K= 788
67.7982143396
K= 789
42.8684897924
K= 790
59.2325803087
K= 791
4936.0 , Degree=0
K= 792
4756.85897436
K= 793
4936.0 , Degree=0
K= 794
13.5887284285
K= 795
4936.0 , Degree=0
K= 796
277.283686297
K= 797
15046.9320568
K= 798
4936.0 , Degree=0
K= 799
4936.0 , Degree=0
K= 800
275.420812725
K= 801
4936.0 , Degree=0
K= 802
4936.0 , Degree=0
K= 803
2330.66666667
K= 804
2490.0041107
K= 805
16.4999999999
K= 806
31.2350845333
K= 807
237.235122256
K= 808
4936.0 , Degree=0
K= 809
2496.0
K= 810
4936.0 , Degree=0
K= 811
4936.0 , Degree=0
K= 812
18.3934277215
K= 813
4936.0 , Degree=0
K= 814
4936.0 , Degree=0
K= 815
4936.0 , Degree=0
K= 816
116.022940785
K= 817
4936.0 , Degree=0
K= 818
12371.6031065
K= 819
2513.35287707
K= 820
4936.0 , Degree=0
K= 821
4936.0 , Degree=0
K= 822
4936.0 , Degree=0
K= 823
26.7591970122
K= 824
4936.0 , Degree=0
K= 825
2332.66666667
K= 826
4936.0 , Degree=0
K= 827
4936.0 , Degree=0
K= 828
30.8237638753
K= 829
122.483268153
K= 830
4765.0
K= 831
4936.0 , Degree=0
K= 832
16.6666666666
K= 833
4936.0 , Degree=0
K= 834
18.3050810299
K= 835
4936.0 , Degree=0
K= 836
4769.0
K= 837
40.5678790038
K= 838
52.0676418275
K= 839
41.866142395
K= 840
4769.33333333
K= 841
2285.0
K= 842
323.475541126
K= 843
136.08504286
K= 844
2491.32993636
K= 845
4936.0 , Degree=0
K= 846
24.0634609108
K= 847
4936.0 , Degree=0
K= 848
316.053874265
K= 849
4936.0 , Degree=0
K= 850
4936.0 , Degree=0
K= 851
287.285714286
K= 852
19.0235027167
K= 853
7560.06225711
K= 854
12982.6902073
K= 855
4936.0 , Degree=0
K= 856
41.3370320759
K= 857
166.891723436
K= 858
4936.0 , Degree=0
K= 859
2357.0
K= 860
79.7749090734
K= 861
4936.0 , Degree=0
K= 862
4936.0 , Degree=0
K= 863
28.6135111346
K= 864
19.0235027167
K= 865
4936.0 , Degree=0
K= 866
4936.0 , Degree=0
K= 867
2293.33364875
K= 868
4936.0 , Degree=0
K= 869
2494.87732919
K= 870
4936.0 , Degree=0
K= 871
1846.33692883
K= 872
4758.0
K= 873
4936.0 , Degree=0
K= 874
4936.0 , Degree=0
K= 875
4936.0 , Degree=0
K= 876
4936.0 , Degree=0
K= 877
375.153968254
K= 878
4936.0 , Degree=0
K= 879
4936.0 , Degree=0
K= 880
1796.28001666
K= 881
4936.0 , Degree=0
K= 882
20.0577447531
K= 883
4936.0 , Degree=0
K= 884
4936.0 , Degree=0
K= 885
317.732811976
K= 886
309.226190476
K= 887
4936.0 , Degree=0
K= 888
4936.0 , Degree=0
K= 889
40.8880533465
K= 890
18.8293774268
K= 891
1799.88778071
K= 892
1787.43643132
K= 893
4936.0 , Degree=0
K= 894
4936.0 , Degree=0
K= 895
2627.56190476
K= 896
4936.0 , Degree=0
K= 897
2357.0
K= 898
2642.59920635
K= 899
4936.0 , Degree=0
K= 900
68.219146763
K= 901
4936.0 , Degree=0
K= 902
2332.66666667
K= 903
4936.0 , Degree=0
K= 904
4936.0 , Degree=0
K= 905
1824.73358691
K= 906
4936.0 , Degree=0
K= 907
32.569688981
K= 908
19.6886271086
K= 909
4936.0 , Degree=0
K= 910
38.9389745629
K= 911
4936.0 , Degree=0
K= 912
337.873462208
K= 913
4936.0 , Degree=0
K= 914
4764.33333333
K= 915
127.250108095
K= 916
4936.0 , Degree=0
K= 917
4936.0 , Degree=0
K= 918
2519.47574037
K= 919
2518.08737374
K= 920
17.0053596438
K= 921
2605.44545177
K= 922
4936.0 , Degree=0
K= 923
4936.0 , Degree=0
K= 924
4936.0 , Degree=0
K= 925
17.3430861345
K= 926
19.077544185
K= 927
1787.47531772
K= 928
162.840712555
K= 929
4936.0 , Degree=0
K= 930
230.330322779
K= 931
19.8402433932
K= 932
23.9122648428
K= 933
136.581557848
K= 934
4936.0 , Degree=0
K= 935
16.6540898024
K= 936
4936.0 , Degree=0
K= 937
64.3513864575
K= 938
4936.0 , Degree=0
K= 939
4771.0
K= 940
4936.0 , Degree=0
K= 941
4936.0 , Degree=0
K= 942
4936.0 , Degree=0
K= 943
4936.0 , Degree=0
K= 944
2632.41412103
K= 945
2290.5
K= 946
4936.0 , Degree=0
K= 947
38.5324635563
K= 948
4936.0 , Degree=0
K= 949
4936.0 , Degree=0
K= 950
19.5597717582
K= 951
50.2454847952
K= 952
2507.98062714
K= 953
4936.0 , Degree=0
K= 954
2357.0
K= 955
4936.0 , Degree=0
K= 956
4936.0 , Degree=0
K= 957
2497.07575758
K= 958
1790.3152192
K= 959
61.4719964699
K= 960
348.028609724
K= 961
4936.0 , Degree=0
K= 962
4936.0 , Degree=0
K= 963
15.4999999999
K= 964
4936.0 , Degree=0
K= 965
4936.0 , Degree=0
K= 966
2370.66666667
K= 967
4936.0 , Degree=0
K= 968
2526.56962355
K= 969
2299.33333333
K= 970
42.4760848361
K= 971
136.792504586
K= 972
4936.0 , Degree=0
K= 973
4936.0 , Degree=0
K= 974
2357.0
K= 975
2357.0
K= 976
4936.0 , Degree=0
K= 977
20.6258142405
K= 978
4936.0 , Degree=0
K= 979
60.6775956519
K= 980
4936.0 , Degree=0
K= 981
4936.0 , Degree=0
K= 982
21.1289895115
K= 983
4936.0 , Degree=0
K= 984
219.023151262
K= 985
4936.0 , Degree=0
K= 986
4936.0 , Degree=0
K= 987
846.171936944
K= 988
2290.0
K= 989
4936.0 , Degree=0
K= 990
4936.0 , Degree=0
K= 991
25.8551226398
K= 992
4936.0 , Degree=0
K= 993
1813.70807634
K= 994
4936.0 , Degree=0
K= 995
96.0807692748
K= 996
4936.0 , Degree=0
K= 997
47.6508559962
K= 998
2496.83333333
K= 999
4936.0 , Degree=0
K= 1000
4936.0 , Degree=0
K= 1001
4936.0 , Degree=0
K= 1002
4936.0 , Degree=0
K= 1003
225.445454545
K= 1004
20.094606291
K= 1005
341.587431033
K= 1006
118.19459024
K= 1007
1801.58421271
K= 1008
31.0505068743
K= 1009
4936.0 , Degree=0
K= 1010
4936.0 , Degree=0
K= 1011
14268.0
K= 1012
1829.19685544
K= 1013
4936.0 , Degree=0
K= 1014
1794.23240983
K= 1015
4768.66666667
K= 1016
19.9520107537
K= 1017
4936.0 , Degree=0
K= 1018
4936.0 , Degree=0
K= 1019
4936.0 , Degree=0
K= 1020
2518.63734545
K= 1021
4936.0 , Degree=0
K= 1022
4936.0 , Degree=0
K= 1023
2357.0
K= 1024
1789.3152192
K= 1025
4936.0 , Degree=0
K= 1026
2494.91666667
K= 1027
4936.0 , Degree=0
K= 1028
1789.3152192
K= 1029
4936.0 , Degree=0
K= 1030
1964.26193584
K= 1031
2649.11666667
K= 1032
19.4227463614
K= 1033
4936.0 , Degree=0
K= 1034
45.4991797474
K= 1035
4936.0 , Degree=0
K= 1036
22.6353520509
K= 1037
4514.81818182
K= 1038
43.5866568553
K= 1039
15046.0
K= 1040
1815.55807634
K= 1041
4769.5
K= 1042
23.3028326468
K= 1043
4936.0 , Degree=0
K= 1044
2664.5
K= 1045
2518.08737374
K= 1046
4936.0 , Degree=0
K= 1047
325.793841625
K= 1048
2491.32362323
K= 1049
123.36990232
K= 1050
4936.0 , Degree=0
K= 1051
4936.0 , Degree=0
K= 1052
4936.0 , Degree=0
K= 1053
29.3933648291
K= 1054
1797.3329109
K= 1055
4936.0 , Degree=0
K= 1056
4936.0 , Degree=0
K= 1057
4936.0 , Degree=0
K= 1058
707.385194218
K= 1059
24.6726733369
K= 1060
19.9389530547
K= 1061
57.5017232297
K= 1062
19.4768891638
K= 1063
2229.42822635
K= 1064
44.0154774679
K= 1065
4936.0 , Degree=0
K= 1066
4936.0 , Degree=0
K= 1067
4936.0 , Degree=0
K= 1068
19.145291262
K= 1069
2332.66666667
K= 1070
36.2549651921
K= 1071
4936.0 , Degree=0
K= 1072
2603.12623407
K= 1073
4936.0 , Degree=0
K= 1074
2492.51984127
K= 1075
4936.0 , Degree=0
K= 1076
26.6414842974
K= 1077
4936.0 , Degree=0
K= 1078
16.4999999999
K= 1079
4936.0 , Degree=0
K= 1080
4514.81818182
K= 1081
19.7300823069
K= 1082
4936.0 , Degree=0
K= 1083
2357.0
K= 1084
4936.0 , Degree=0
K= 1085
19.2093708321
K= 1086
338.906615289
K= 1087
4936.0 , Degree=0
K= 1088
19.0235027167
K= 1089
4936.0 , Degree=0
K= 1090
332.179595832
K= 1091
42.0406222307
K= 1092
53.916272279
K= 1093
4936.0 , Degree=0
K= 1094
1796.28001666
K= 1095
4936.0 , Degree=0
K= 1096
4936.0 , Degree=0
K= 1097
4936.0 , Degree=0
K= 1098
4936.0 , Degree=0
K= 1099
4936.0 , Degree=0
K= 1100
39.2860289958
K= 1101
237.826820728
K= 1102
2331.66666667
K= 1103
4936.0 , Degree=0
K= 1104
190.399008633
K= 1105
4936.0 , Degree=0
K= 1106
23.1539019329
K= 1107
4936.0 , Degree=0
K= 1108
4936.0 , Degree=0
K= 1109
4936.0 , Degree=0
K= 1110
35.6612729579
K= 1111
4936.0 , Degree=0
K= 1112
4936.0 , Degree=0
K= 1113
1811.55136999
K= 1114
4936.0 , Degree=0
K= 1115
17.8527831037
K= 1116
4936.0 , Degree=0
K= 1117
25.1261765967
K= 1118
50.924575099
K= 1119
4769.5
K= 1120
4936.0 , Degree=0
K= 1121
4770.5
K= 1122
1869.41912646
K= 1123
4936.0 , Degree=0
K= 1124
4704.6375
K= 1125
4936.0 , Degree=0
K= 1126
53.1484373378
K= 1127
2496.5
K= 1128
4936.0 , Degree=0
K= 1129
4936.0 , Degree=0
K= 1130
4767.0
K= 1131
4936.0 , Degree=0
K= 1132
194.939777135
K= 1133
4936.0 , Degree=0
K= 1134
4936.0 , Degree=0
K= 1135
4768.82608696
K= 1136
2357.0
K= 1137
4936.0 , Degree=0
K= 1138
2616.16666667
K= 1139
4765.33333333
K= 1140
2497.0
K= 1141
228.158080808
K= 1142
4763.86666667
K= 1143
4936.0 , Degree=0
K= 1144
4936.0 , Degree=0
K= 1145
2312.0
K= 1146
4936.0 , Degree=0
K= 1147
61.0046267217
K= 1148
4936.0 , Degree=0
K= 1149
4769.5
K= 1150
1784.20829916
K= 1151
4936.0 , Degree=0
K= 1152
4768.81818182
K= 1153
4936.0 , Degree=0
K= 1154
4936.0 , Degree=0
K= 1155
1791.98188587
K= 1156
252.515697614
K= 1157
2445.98809524
K= 1158
2492.45512821
K= 1159
4936.0 , Degree=0
K= 1160
4766.0
K= 1161
19.4768891638
K= 1162
319.732880878
K= 1163
34.0335497836
K= 1164
234.26401547
K= 1165
4936.0 , Degree=0
K= 1166
33.3708249511
K= 1167
215.872222222
K= 1168
61.6553668095
K= 1169
243.938347763
K= 1170
2518.63734545
K= 1171
4936.0 , Degree=0
K= 1172
4936.0 , Degree=0
K= 1173
2603.34274043
K= 1174
266.802582213
K= 1175
4936.0 , Degree=0
K= 1176
4936.0 , Degree=0
K= 1177
4936.0 , Degree=0
K= 1178
2647.24637681
K= 1179
334.748823788
K= 1180
24.2963108346
K= 1181
4936.0 , Degree=0
K= 1182
25.7996767794
K= 1183
4936.0 , Degree=0
K= 1184
4692.0
K= 1185
4936.0 , Degree=0
K= 1186
436.414255189
K= 1187
45.8022886565
K= 1188
2497.07971014
K= 1189
4769.63636364
K= 1190
64.0967215031
K= 1191
4936.0 , Degree=0
K= 1192
333.691458541
K= 1193
4936.0 , Degree=0
K= 1194
257.604561443
K= 1195
1893.42382049
K= 1196
4936.0 , Degree=0
K= 1197
50.2164418443
K= 1198
18.8559066472
K= 1199
4985.46262626
K= 1200
4936.0 , Degree=0
Betweenness Centrality Improvement
[ 54.29477603  44.96506315  35.28423548 ...,   0.           0.           0.        ]
Top 20 BC Improvement
[ 797 1039  498   12 1011  263  364  754  341  419  697  854  138  408  818
  718  724  853 1199  306]
Top 20 BC Improvement
[ 15046.93205683  15046.          14907.33333333  14278.          14268.
  14268.          13040.43542295  13034.62968188  13033.34627522
  13027.97457445  12990.79262727  12982.69020734  12967.94071312  12409.4
  12371.60310649   9963.3030303    9961.66666667   7560.06225711
   4985.46262626   4982.54444444]
