txValue= 1000000
Input graph
IGRAPH D--- 4619 68733 -- 
+ attr: pub_key (v), base_fee (e), capacity (e), fee_rate (e), txCost (e)
None
Graph after edges deleted
IGRAPH D--- 4619 32193 -- 
+ attr: pub_key (v), base_fee (e), capacity (e), fee_rate (e), txCost (e)
None
Our nodes starting connections: 
(4618, 2796)
(4618, 1223)
(4618, 1163)
(4618, 222)
(4618, 2745)
(4618, 3884)
(4618, 3265)
(4618, 4209)
(4618, 2087)
(4618, 3540)
(4618, 3690)
CurrentBC of our node:  507081.571345
K= 2400
4936.0 , Degree=0
K= 2401
2611.0
K= 2402
4936.0 , Degree=0
K= 2403
2270.33333333
K= 2404
4936.0 , Degree=0
K= 2405
4735.45567766
K= 2406
19.3333333331
K= 2407
31.9032679737
K= 2408
2515.52309006
K= 2409
2601.76666667
K= 2410
44.1457431456
K= 2411
19.6666666665
K= 2412
2491.28333333
K= 2413
4936.0 , Degree=0
K= 2414
15.4329670331
K= 2415
4735.0
K= 2416
20.1666666665
K= 2417
2493.5
K= 2418
4936.0 , Degree=0
K= 2419
2492.97777778
K= 2420
2302.66666667
K= 2421
4936.0 , Degree=0
K= 2422
2329.0
K= 2423
4936.0 , Degree=0
K= 2424
2329.0
K= 2425
14.2
K= 2426
2668.12380952
K= 2427
4936.0 , Degree=0
K= 2428
4936.0 , Degree=0
K= 2429
4936.0 , Degree=0
K= 2430
4936.0 , Degree=0
K= 2431
76.4968257661
K= 2432
17.3765756302
K= 2433
12.3666666668
K= 2434
104.969755152
K= 2435
2494.0
K= 2436
2631.04761905
K= 2437
4936.0 , Degree=0
K= 2438
141.640972213
K= 2439
2489.03571429
K= 2440
4936.0 , Degree=0
K= 2441
2260.5730057
K= 2442
4936.0 , Degree=0
K= 2443
4936.0 , Degree=0
K= 2444
10.6499999999
K= 2445
2493.92130387
K= 2446
11.293233578
K= 2447
4936.0 , Degree=0
K= 2448
2329.0
K= 2449
19.6666666665
K= 2450
4046.40690277
K= 2451
4936.0 , Degree=0
K= 2452
12.4930315985
K= 2453
134.0
K= 2454
2270.33333333
K= 2455
4936.0 , Degree=0
K= 2456
4936.0 , Degree=0
K= 2457
28.9555612346
K= 2458
14.128174603
K= 2459
4936.0 , Degree=0
K= 2460
4936.0 , Degree=0
K= 2461
3968.67843845
K= 2462
9892.0
K= 2463
19.9999999999
K= 2464
4936.0 , Degree=0
K= 2465
2613.07804643
K= 2466
2329.0
K= 2467
4936.0 , Degree=0
K= 2468
16.0813797314
K= 2469
4936.0 , Degree=0
K= 2470
4936.0 , Degree=0
K= 2471
2570.44572842
K= 2472
19.6666666665
K= 2473
4936.0 , Degree=0
K= 2474
39.3333333331
K= 2475
14.5190476191
K= 2476
4936.0 , Degree=0
K= 2477
4936.0 , Degree=0
K= 2478
4936.0 , Degree=0
K= 2479
2488.85103795
K= 2480
2494.16666667
K= 2481
4936.0 , Degree=0
K= 2482
4936.0 , Degree=0
K= 2483
4936.0 , Degree=0
K= 2484
2624.01132201
K= 2485
65.994773475
K= 2486
4936.0 , Degree=0
K= 2487
36.1757170704
K= 2488
19.4999999998
K= 2489
119.373155266
K= 2490
4936.0 , Degree=0
K= 2491
4936.0 , Degree=0
K= 2492
19.6805555554
K= 2493
20.1666666665
K= 2494
2283.0
K= 2495
4936.0 , Degree=0
K= 2496
92.0728496129
K= 2497
4936.0 , Degree=0
K= 2498
4936.0 , Degree=0
K= 2499
17.7666666667
K= 2500
4936.0 , Degree=0
K= 2501
4936.0 , Degree=0
K= 2502
4936.0 , Degree=0
K= 2503
17.7000000001
K= 2504
4936.0 , Degree=0
K= 2505
2524.57262223
K= 2506
14.104040404
K= 2507
4936.0 , Degree=0
K= 2508
4706.0
K= 2509
4936.0 , Degree=0
K= 2510
17.1666666666
K= 2511
4936.0 , Degree=0
K= 2512
4936.0 , Degree=0
K= 2513
2613.5439946
K= 2514
4936.0 , Degree=0
K= 2515
2318.0
K= 2516
4936.0 , Degree=0
K= 2517
2283.0
K= 2518
16.1287878787
K= 2519
4936.0 , Degree=0
K= 2520
313.743226818
K= 2521
49.6333333334
K= 2522
2486.80128205
K= 2523
2624.0
K= 2524
2487.93169856
K= 2525
19.4999999998
K= 2526
4936.0 , Degree=0
K= 2527
18.9659340658
K= 2528
20.6336912477
K= 2529
4936.0 , Degree=0
K= 2530
4936.0 , Degree=0
K= 2531
4936.0 , Degree=0
K= 2532
8.74470009742
K= 2533
4936.0 , Degree=0
K= 2534
22.0277777776
K= 2535
4936.0 , Degree=0
K= 2536
4936.0 , Degree=0
K= 2537
4936.0 , Degree=0
K= 2538
4936.0 , Degree=0
K= 2539
4936.0 , Degree=0
K= 2540
4936.0 , Degree=0
K= 2541
2598.0
K= 2542
2624.1111081
K= 2543
95.5047619048
K= 2544
4936.0 , Degree=0
K= 2545
4936.0 , Degree=0
K= 2546
4936.0 , Degree=0
K= 2547
4936.0 , Degree=0
K= 2548
2413.97643088
K= 2549
2661.03333333
K= 2550
4936.0 , Degree=0
K= 2551
2329.0
K= 2552
4936.0 , Degree=0
K= 2553
32.8584857488
K= 2554
53.4932040594
K= 2555
4936.0 , Degree=0
K= 2556
18.0
K= 2557
4731.0
K= 2558
3066.75009703
K= 2559
13.6666666665
K= 2560
2683.9
K= 2561
16.1666666667
K= 2562
42.836687675
K= 2563
8.19421182247
K= 2564
4936.0 , Degree=0
K= 2565
9892.0
K= 2566
18.4999999998
K= 2567
4735.0
K= 2568
4936.0 , Degree=0
K= 2569
4936.0 , Degree=0
K= 2570
4733.18619123
K= 2571
4936.0 , Degree=0
K= 2572
4936.0 , Degree=0
K= 2573
4737.61111111
K= 2574
20.1666666665
K= 2575
22.7864671558
K= 2576
2546.52309006
K= 2577
4936.0 , Degree=0
K= 2578
4936.0 , Degree=0
K= 2579
4936.0 , Degree=0
K= 2580
4936.0 , Degree=0
K= 2581
31.313186813
K= 2582
19.9999999998
K= 2583
4936.0 , Degree=0
K= 2584
17.8666666668
K= 2585
4936.0 , Degree=0
K= 2586
4936.0 , Degree=0
K= 2587
4936.0 , Degree=0
K= 2588
18.9999999998
K= 2589
4743.99413919
K= 2590
2635.15714087
K= 2591
4936.0 , Degree=0
K= 2592
4936.0 , Degree=0
K= 2593
15.6190476191
K= 2594
60.1899115436
K= 2595
4936.0 , Degree=0
K= 2596
4936.0 , Degree=0
K= 2597
10.9404761904
K= 2598
4936.0 , Degree=0
K= 2599
4936.0 , Degree=0
K= 2600
4936.0 , Degree=0
K= 2601
4936.0 , Degree=0
K= 2602
94.5044721806
K= 2603
4936.0 , Degree=0
K= 2604
44.5869815667
K= 2605
10.8666666668
K= 2606
5360.0014651
K= 2607
4936.0 , Degree=0
K= 2608
19.8333333331
K= 2609
2624.01132201
K= 2610
2620.43427545
K= 2611
4936.0 , Degree=0
K= 2612
4936.0 , Degree=0
K= 2613
4936.0 , Degree=0
K= 2614
156.498248849
K= 2615
2602.32762309
K= 2616
11.6666666666
K= 2617
4936.0 , Degree=0
K= 2618
2494.16666667
K= 2619
4936.0 , Degree=0
K= 2620
4936.0 , Degree=0
K= 2621
4936.0 , Degree=0
K= 2622
16.7000000001
K= 2623
4936.0 , Degree=0
K= 2624
16.757142857
K= 2625
4936.0 , Degree=0
K= 2626
2624.0
K= 2627
4936.0 , Degree=0
K= 2628
7443.94024768
K= 2629
110.703376943
K= 2630
4936.0 , Degree=0
K= 2631
4936.0 , Degree=0
K= 2632
33.9791197126
K= 2633
4936.0 , Degree=0
K= 2634
4936.0 , Degree=0
K= 2635
4936.0 , Degree=0
K= 2636
4936.0 , Degree=0
K= 2637
4936.0 , Degree=0
K= 2638
2262.0
K= 2639
4936.0 , Degree=0
K= 2640
4936.0 , Degree=0
K= 2641
4936.0 , Degree=0
K= 2642
4936.0 , Degree=0
K= 2643
20.1666666665
K= 2644
4936.0 , Degree=0
K= 2645
11.8666666668
K= 2646
24.6666666665
K= 2647
4939.0
K= 2648
17.3166666665
K= 2649
2270.33333333
K= 2650
4936.0 , Degree=0
K= 2651
4936.0 , Degree=0
K= 2652
4936.0 , Degree=0
K= 2653
17.8666666668
K= 2654
4936.0 , Degree=0
K= 2655
40.0128089834
K= 2656
4690.66652193
K= 2657
4936.0 , Degree=0
K= 2658
130.448420023
K= 2659
4936.0 , Degree=0
K= 2660
4936.0 , Degree=0
K= 2661
4936.0 , Degree=0
K= 2662
4936.0 , Degree=0
K= 2663
20.5701695948
K= 2664
2648.25757576
K= 2665
4936.0 , Degree=0
K= 2666
4936.0 , Degree=0
K= 2667
171.335655046
K= 2668
17.6166666668
K= 2669
485.675778848
K= 2670
129.725901872
K= 2671
4936.0 , Degree=0
K= 2672
4936.0 , Degree=0
K= 2673
4936.0 , Degree=0
K= 2674
36.4999999998
K= 2675
4936.0 , Degree=0
K= 2676
4936.0 , Degree=0
K= 2677
9.85738747811
K= 2678
4936.0 , Degree=0
K= 2679
4936.0 , Degree=0
K= 2680
4936.0 , Degree=0
K= 2681
4936.0 , Degree=0
K= 2682
143.463526873
K= 2683
4936.0 , Degree=0
K= 2684
2329.0
K= 2685
2491.7
K= 2686
4936.0 , Degree=0
K= 2687
4936.0 , Degree=0
K= 2688
17.6666666665
K= 2689
4936.0 , Degree=0
K= 2690
2606.10984848
K= 2691
4936.0 , Degree=0
K= 2692
4936.0 , Degree=0
K= 2693
55.3333333333
K= 2694
4936.0 , Degree=0
K= 2695
4697.0
K= 2696
45.5
K= 2697
4936.0 , Degree=0
K= 2698
20.1666666665
K= 2699
19.6666666665
K= 2700
2253.65555556
K= 2701
4936.0 , Degree=0
K= 2702
17.6166666668
K= 2703
19.6666666665
K= 2704
4936.0 , Degree=0
K= 2705
2493.16666667
K= 2706
19.6666666665
K= 2707
4936.0 , Degree=0
K= 2708
4936.0 , Degree=0
K= 2709
4936.0 , Degree=0
K= 2710
9892.0
K= 2711
4706.0
K= 2712
32.0472446237
K= 2713
20.8690476191
K= 2714
16.1452380953
K= 2715
44.6354166665
K= 2716
4936.0 , Degree=0
K= 2717
4936.0 , Degree=0
K= 2718
46.4912508542
K= 2719
2770.67777778
K= 2720
4936.0 , Degree=0
K= 2721
4675.0
K= 2722
4936.0 , Degree=0
K= 2723
4936.0 , Degree=0
K= 2724
4936.0 , Degree=0
K= 2725
2262.0
K= 2726
4936.0 , Degree=0
K= 2727
2283.0
K= 2728
2493.66666667
K= 2729
4936.0 , Degree=0
K= 2730
4936.0 , Degree=0
K= 2731
4936.0 , Degree=0
K= 2732
4936.0 , Degree=0
K= 2733
2488.07109569
K= 2734
4936.0 , Degree=0
K= 2735
4736.0
K= 2736
4936.0 , Degree=0
K= 2737
4936.0 , Degree=0
K= 2738
4706.0
K= 2739
2631.85303667
K= 2740
4936.0 , Degree=0
K= 2741
57.0297924298
K= 2742
54.7621212121
K= 2743
4936.0 , Degree=0
K= 2744
14.0666666666
K= 2745
71.5239890127
K= 2746
2329.0
K= 2747
4936.0 , Degree=0
K= 2748
4936.0 , Degree=0
K= 2749
4936.0 , Degree=0
K= 2750
87.2079981123
K= 2751
4936.0 , Degree=0
K= 2752
4706.0
K= 2753
301.679154179
K= 2754
4936.0 , Degree=0
K= 2755
15.6135466449
K= 2756
2650.93049951
K= 2757
134.0
K= 2758
4936.0 , Degree=0
K= 2759
4936.0 , Degree=0
K= 2760
2632.0697293
K= 2761
20.1666666665
K= 2762
4936.0 , Degree=0
K= 2763
2489.953663
K= 2764
4706.0
K= 2765
12.5655122655
K= 2766
4936.0 , Degree=0
K= 2767
4936.0 , Degree=0
K= 2768
13.09013764
K= 2769
4936.0 , Degree=0
K= 2770
4936.0 , Degree=0
K= 2771
4936.0 , Degree=0
K= 2772
16.3333333334
K= 2773
2488.35959596
K= 2774
4936.0 , Degree=0
K= 2775
4936.0 , Degree=0
K= 2776
2487.8979904
K= 2777
28.9697802196
K= 2778
4936.0 , Degree=0
K= 2779
2329.0
K= 2780
19.6666666665
K= 2781
19.6666666665
K= 2782
91.4064421084
K= 2783
35.0805648457
K= 2784
4734.0
K= 2785
4936.0 , Degree=0
K= 2786
4936.0 , Degree=0
K= 2787
4936.0 , Degree=0
K= 2788
49.9
K= 2789
15.827200577
K= 2790
14.1897130649
K= 2791
4936.0 , Degree=0
K= 2792
4936.0 , Degree=0
K= 2793
4936.0 , Degree=0
K= 2794
20.1666666666
K= 2795
4936.0 , Degree=0
K= 2796
127.486159503
K= 2797
23.1333333332
K= 2798
16.0787878786
K= 2799
32.2020202021
K= 2800
19.6666666665
K= 2801
4936.0 , Degree=0
K= 2802
4732.84156863
K= 2803
15.4231601729
K= 2804
4936.0 , Degree=0
K= 2805
11.6608058609
K= 2806
4936.0 , Degree=0
K= 2807
16.6499999999
K= 2808
4936.0 , Degree=0
K= 2809
4936.0 , Degree=0
K= 2810
4936.0 , Degree=0
K= 2811
19.6666666666
K= 2812
14.1666666665
K= 2813
50.5726222307
K= 2814
4936.0 , Degree=0
K= 2815
4936.0 , Degree=0
K= 2816
15.8073593072
K= 2817
4936.0 , Degree=0
K= 2818
4936.0 , Degree=0
K= 2819
2493.66666667
K= 2820
4936.0 , Degree=0
K= 2821
2329.0
K= 2822
4936.0 , Degree=0
K= 2823
4936.0 , Degree=0
K= 2824
19.2000000001
K= 2825
2620.30238095
K= 2826
36.9318681318
K= 2827
4936.0 , Degree=0
K= 2828
11.6565934066
K= 2829
12.4384326198
K= 2830
4936.0 , Degree=0
K= 2831
4936.0 , Degree=0
K= 2832
4936.0 , Degree=0
K= 2833
4936.0 , Degree=0
K= 2834
2493.5
K= 2835
4936.0 , Degree=0
K= 2836
4936.0 , Degree=0
K= 2837
4936.0 , Degree=0
K= 2838
4936.0 , Degree=0
K= 2839
3655.50766202
K= 2840
2491.86666667
K= 2841
4936.0 , Degree=0
K= 2842
4936.0 , Degree=0
K= 2843
4936.0 , Degree=0
K= 2844
17.8666666668
K= 2845
2502.62844933
K= 2846
2283.0
K= 2847
2255.0
K= 2848
25.0729691359
K= 2849
11.2666666668
K= 2850
13.0333333334
K= 2851
4936.0 , Degree=0
K= 2852
4936.0 , Degree=0
K= 2853
4936.0 , Degree=0
K= 2854
17.3166666665
K= 2855
2494.61141968
K= 2856
4985.33333333
K= 2857
5116.0
K= 2858
4936.0 , Degree=0
K= 2859
16.6904761904
K= 2860
2585.0
K= 2861
303.559583631
K= 2862
4936.0 , Degree=0
K= 2863
9892.0
K= 2864
4726.0
K= 2865
2329.0
K= 2866
4936.0 , Degree=0
K= 2867
4936.0 , Degree=0
K= 2868
4979.15440115
K= 2869
35.025220737
K= 2870
2491.52380952
K= 2871
2649.76666667
K= 2872
2586.83957709
K= 2873
4936.0 , Degree=0
K= 2874
4936.0 , Degree=0
K= 2875
4936.0 , Degree=0
K= 2876
4936.0 , Degree=0
K= 2877
50.5726222306
K= 2878
62.242292496
K= 2879
4936.0 , Degree=0
K= 2880
4936.0 , Degree=0
K= 2881
4936.0 , Degree=0
K= 2882
4936.0 , Degree=0
K= 2883
4936.0 , Degree=0
K= 2884
2665.80634921
K= 2885
2256.0
K= 2886
4936.0 , Degree=0
K= 2887
4936.0 , Degree=0
K= 2888
4936.0 , Degree=0
K= 2889
39.5680916306
K= 2890
19.6666666666
K= 2891
19.4999999998
K= 2892
4936.0 , Degree=0
K= 2893
4936.0 , Degree=0
K= 2894
4936.0 , Degree=0
K= 2895
4697.0
K= 2896
4936.0 , Degree=0
K= 2897
4936.0 , Degree=0
K= 2898
4734.0
K= 2899
18.7666666665
K= 2900
4936.0 , Degree=0
K= 2901
4724.63968254
K= 2902
4936.0 , Degree=0
K= 2903
4936.0 , Degree=0
K= 2904
4936.0 , Degree=0
K= 2905
4936.0 , Degree=0
K= 2906
2262.0
K= 2907
108.99746527
K= 2908
4936.0 , Degree=0
K= 2909
4936.0 , Degree=0
K= 2910
2329.0
K= 2911
2489.0978355
K= 2912
163.724460607
K= 2913
3673.58713511
K= 2914
4936.0 , Degree=0
K= 2915
4936.0 , Degree=0
K= 2916
19.4999999999
K= 2917
2647.29563492
K= 2918
2630.35047108
K= 2919
32.448076923
K= 2920
4936.0 , Degree=0
K= 2921
4936.0 , Degree=0
K= 2922
4936.0 , Degree=0
K= 2923
62.9756258293
K= 2924
17.3166666665
K= 2925
19.2000000001
K= 2926
2302.66666667
K= 2927
4936.0 , Degree=0
K= 2928
4936.0 , Degree=0
K= 2929
14.5502525251
K= 2930
93.6552242707
K= 2931
2495.91450216
K= 2932
4936.0 , Degree=0
K= 2933
4936.0 , Degree=0
K= 2934
4936.0 , Degree=0
K= 2935
4936.0 , Degree=0
K= 2936
4936.0 , Degree=0
K= 2937
19.6666666666
K= 2938
4936.0 , Degree=0
K= 2939
2513.05207827
K= 2940
17.6833333334
K= 2941
4936.0 , Degree=0
K= 2942
18.1155827263
K= 2943
19.9999999999
K= 2944
20.1666666666
K= 2945
4649.0
K= 2946
4936.0 , Degree=0
K= 2947
4936.0 , Degree=0
K= 2948
4936.0 , Degree=0
K= 2949
4936.0 , Degree=0
K= 2950
4936.0 , Degree=0
K= 2951
39.3333333331
K= 2952
2283.0
K= 2953
4936.0 , Degree=0
K= 2954
2539.12222222
K= 2955
27.033882784
K= 2956
4936.0 , Degree=0
K= 2957
2683.9
K= 2958
4936.0 , Degree=0
K= 2959
4936.0 , Degree=0
K= 2960
2579.11926129
K= 2961
4936.0 , Degree=0
K= 2962
62.9756258293
K= 2963
5107.87759334
K= 2964
4936.0 , Degree=0
K= 2965
62.9756258293
K= 2966
4936.0 , Degree=0
K= 2967
4936.0 , Degree=0
K= 2968
14.1666666665
K= 2969
4936.0 , Degree=0
K= 2970
4936.0 , Degree=0
K= 2971
4936.0 , Degree=0
K= 2972
2329.0
K= 2973
19.6666666665
K= 2974
72.7067044847
K= 2975
4936.0 , Degree=0
K= 2976
4936.0 , Degree=0
K= 2977
2622.4261278
K= 2978
4936.0 , Degree=0
K= 2979
4936.0 , Degree=0
K= 2980
19.4999999999
K= 2981
4936.0 , Degree=0
K= 2982
2659.21111111
K= 2983
20.1666666665
K= 2984
3670.58713511
K= 2985
4690.8
K= 2986
17.007142857
K= 2987
4936.0 , Degree=0
K= 2988
4936.0 , Degree=0
K= 2989
4936.0 , Degree=0
K= 2990
2300.75194842
K= 2991
4936.0 , Degree=0
K= 2992
4936.0 , Degree=0
K= 2993
19.6666666665
K= 2994
12.0
K= 2995
2498.66666667
K= 2996
4713.0
K= 2997
13.6666666666
K= 2998
4936.0 , Degree=0
K= 2999
2487.97777778
K= 3000
16.9406593406
K= 3001
2251.52380952
K= 3002
19.6666666665
K= 3003
17.6
K= 3004
4936.0 , Degree=0
K= 3005
2606.44689475
K= 3006
19.6666666665
K= 3007
4936.0 , Degree=0
K= 3008
13.1179154177
K= 3009
2633.87456416
K= 3010
4936.0 , Degree=0
K= 3011
4936.0 , Degree=0
K= 3012
4936.0 , Degree=0
K= 3013
14.4069858245
K= 3014
2645.93049951
K= 3015
4936.0 , Degree=0
K= 3016
4936.0 , Degree=0
K= 3017
11.8608058608
K= 3018
43.552078274
K= 3019
4735.0
K= 3020
2491.16666667
K= 3021
2536.95079365
K= 3022
16.726190476
K= 3023
2664.46611722
K= 3024
4936.0 , Degree=0
K= 3025
13.6666666665
K= 3026
64.7466091969
K= 3027
2568.25957875
K= 3028
17.9999999998
K= 3029
4936.0 , Degree=0
K= 3030
2588.01132201
K= 3031
4936.0 , Degree=0
K= 3032
3506.58713511
K= 3033
15.3293650792
K= 3034
4936.0 , Degree=0
K= 3035
17.3166666665
K= 3036
2257.61111111
K= 3037
4936.0 , Degree=0
K= 3038
2494.0
K= 3039
19.4999999999
K= 3040
19.6666666665
K= 3041
4936.0 , Degree=0
K= 3042
4936.0 , Degree=0
K= 3043
4936.0 , Degree=0
K= 3044
4936.0 , Degree=0
K= 3045
14.7495312911
K= 3046
2486.39759568
K= 3047
33.8228354978
K= 3048
2489.80497835
K= 3049
4936.0 , Degree=0
K= 3050
2262.0
K= 3051
26.2205459771
K= 3052
60.1343559881
K= 3053
101.899536944
K= 3054
2493.66666667
K= 3055
4936.0 , Degree=0
K= 3056
4936.0 , Degree=0
K= 3057
4936.0 , Degree=0
K= 3058
4936.0 , Degree=0
K= 3059
4936.0 , Degree=0
K= 3060
4936.0 , Degree=0
K= 3061
4936.0 , Degree=0
K= 3062
17.6166666668
K= 3063
4936.0 , Degree=0
K= 3064
4936.0 , Degree=0
K= 3065
4936.0 , Degree=0
K= 3066
2605.47760211
K= 3067
19.3333333331
K= 3068
12.9262820513
K= 3069
4936.0 , Degree=0
K= 3070
4936.0 , Degree=0
K= 3071
16.6499999998
K= 3072
4731.61111111
K= 3073
4936.0 , Degree=0
K= 3074
4936.0 , Degree=0
K= 3075
13.2036297034
K= 3076
4936.0 , Degree=0
K= 3077
10.7738095237
K= 3078
4936.0 , Degree=0
K= 3079
4936.0 , Degree=0
K= 3080
17.5333333334
K= 3081
2670.52857143
K= 3082
2260.0
K= 3083
4936.0 , Degree=0
K= 3084
4936.0 , Degree=0
K= 3085
2602.0
K= 3086
17.6000000001
K= 3087
4936.0 , Degree=0
K= 3088
4936.0 , Degree=0
K= 3089
2302.66666667
K= 3090
97.4393890319
K= 3091
4936.0 , Degree=0
K= 3092
4706.0
K= 3093
19.6666666666
K= 3094
4936.0 , Degree=0
K= 3095
4936.0 , Degree=0
K= 3096
19.8333333331
K= 3097
19.8333333331
K= 3098
4936.0 , Degree=0
K= 3099
23.4664661683
K= 3100
17.007142857
K= 3101
2598.0
K= 3102
2638.88129204
K= 3103
4936.0 , Degree=0
K= 3104
2562.5
K= 3105
62.9756258293
K= 3106
2302.66666667
K= 3107
4742.0
K= 3108
4936.0 , Degree=0
K= 3109
13.4999999998
K= 3110
4936.0 , Degree=0
K= 3111
4936.0 , Degree=0
K= 3112
4936.0 , Degree=0
K= 3113
4430.27808448
K= 3114
34.9666666666
K= 3115
19.4999999998
K= 3116
20.1666666665
K= 3117
4689.66666667
K= 3118
4936.0 , Degree=0
K= 3119
4936.0 , Degree=0
K= 3120
2489.03292831
K= 3121
4936.0 , Degree=0
K= 3122
15.5216450215
K= 3123
179.509523809
K= 3124
-5.82076609135e-11
K= 3125
4936.0 , Degree=0
K= 3126
4936.0 , Degree=0
K= 3127
2493.5
K= 3128
9410.0
K= 3129
19.4999999998
K= 3130
2624.01132201
K= 3131
13.6666666666
K= 3132
2463.7212565
K= 3133
28.1676470588
K= 3134
155.813502302
K= 3135
2461.78809524
K= 3136
2635.98571429
K= 3137
4936.0 , Degree=0
K= 3138
4776.66666667
K= 3139
2262.0
K= 3140
4936.0 , Degree=0
K= 3141
4936.0 , Degree=0
K= 3142
19.2047619046
K= 3143
2414.39986606
K= 3144
4936.0 , Degree=0
K= 3145
15.1190476191
K= 3146
4936.0 , Degree=0
K= 3147
4936.0 , Degree=0
K= 3148
4936.0 , Degree=0
K= 3149
4936.0 , Degree=0
K= 3150
2516.74580838
K= 3151
4936.0 , Degree=0
K= 3152
4936.0 , Degree=0
K= 3153
2252.0
K= 3154
2302.66666667
K= 3155
4936.0 , Degree=0
K= 3156
62.9756258293
K= 3157
5183.33333333
K= 3158
4936.0 , Degree=0
K= 3159
12.6536297035
K= 3160
4936.0 , Degree=0
K= 3161
2493.66666667
K= 3162
14.7948412697
K= 3163
4936.0 , Degree=0
K= 3164
7039.33333333
K= 3165
4675.0
K= 3166
4936.0 , Degree=0
K= 3167
2283.0
K= 3168
4936.0 , Degree=0
K= 3169
14.3787878787
K= 3170
4936.0 , Degree=0
K= 3171
17.3166666665
K= 3172
4936.0 , Degree=0
K= 3173
4936.0 , Degree=0
K= 3174
82.4968257661
K= 3175
19.8333333332
K= 3176
4936.0 , Degree=0
K= 3177
158.281217258
K= 3178
15.6480463982
K= 3179
2494.16666667
K= 3180
2658.56666667
K= 3181
2302.66666667
K= 3182
19.8333333331
K= 3183
4936.0 , Degree=0
K= 3184
4936.0 , Degree=0
K= 3185
4936.0 , Degree=0
K= 3186
23.7333333332
K= 3187
11.2896010995
K= 3188
5043.53603782
K= 3189
31.9999999998
K= 3190
11.3515669114
K= 3191
4936.0 , Degree=0
K= 3192
39.1873943002
K= 3193
4936.0 , Degree=0
K= 3194
2491.86666667
K= 3195
4936.0 , Degree=0
K= 3196
4936.0 , Degree=0
K= 3197
4936.0 , Degree=0
K= 3198
9.93090084189
K= 3199
4936.0 , Degree=0
K= 3200
18.1666666665
K= 3201
14.8523809524
K= 3202
4936.0 , Degree=0
K= 3203
4936.0 , Degree=0
K= 3204
2302.66666667
K= 3205
4936.0 , Degree=0
K= 3206
4936.0 , Degree=0
K= 3207
18.3666666668
K= 3208
4936.0 , Degree=0
K= 3209
4936.0 , Degree=0
K= 3210
1400.20969783
K= 3211
4936.0 , Degree=0
K= 3212
4936.0 , Degree=0
K= 3213
4936.0 , Degree=0
K= 3214
4936.0 , Degree=0
K= 3215
4936.0 , Degree=0
K= 3216
22.912121212
K= 3217
4936.0 , Degree=0
K= 3218
11.1655270653
K= 3219
10.1333333334
K= 3220
17.007142857
K= 3221
2329.0
K= 3222
4936.0 , Degree=0
K= 3223
8.60497835482
K= 3224
52.0664758487
K= 3225
19.6666666665
K= 3226
4936.0 , Degree=0
K= 3227
4936.0 , Degree=0
K= 3228
-5.82076609135e-11
K= 3229
4936.0 , Degree=0
K= 3230
4936.0 , Degree=0
K= 3231
2645.799223
K= 3232
2541.89366262
K= 3233
4936.0 , Degree=0
K= 3234
4936.0 , Degree=0
K= 3235
90.8724386724
K= 3236
4936.0 , Degree=0
K= 3237
82.4968257661
K= 3238
4936.0 , Degree=0
K= 3239
4936.0 , Degree=0
K= 3240
4936.0 , Degree=0
K= 3241
2526.10191673
K= 3242
19.9999999999
K= 3243
4936.0 , Degree=0
K= 3244
4936.0 , Degree=0
K= 3245
4936.0 , Degree=0
K= 3246
7448.66666667
K= 3247
4936.0 , Degree=0
K= 3248
4706.0
K= 3249
2574.01132201
K= 3250
82.4968257661
K= 3251
4936.0 , Degree=0
K= 3252
19.6666666666
K= 3253
4936.0 , Degree=0
K= 3254
4731.0
K= 3255
2488.2281746
K= 3256
27.0999999999
K= 3257
4936.0 , Degree=0
K= 3258
239.760460049
K= 3259
4730.66666667
K= 3260
16.357142857
K= 3261
4936.0 , Degree=0
K= 3262
2618.52309006
K= 3263
4936.0 , Degree=0
K= 3264
4936.0 , Degree=0
K= 3265
0.0
K= 3266
4936.0 , Degree=0
K= 3267
180.023284318
K= 3268
2493.0
K= 3269
19.6666666665
K= 3270
4936.0 , Degree=0
K= 3271
16.4571428571
K= 3272
4936.0 , Degree=0
K= 3273
4936.0 , Degree=0
K= 3274
124.0
K= 3275
2329.0
K= 3276
2262.0
K= 3277
29.4366013071
K= 3278
16.707142857
K= 3279
15.5190476191
K= 3280
4936.0 , Degree=0
K= 3281
4936.0 , Degree=0
K= 3282
332.568054177
K= 3283
13.5064213564
K= 3284
4936.0 , Degree=0
K= 3285
13.0774725275
K= 3286
2568.25957875
K= 3287
2302.66666667
K= 3288
2383.0
K= 3289
4936.0 , Degree=0
K= 3290
19.1666666665
K= 3291
12.0333333333
K= 3292
4936.0 , Degree=0
K= 3293
12.5889515454
K= 3294
2646.18888889
K= 3295
4936.0 , Degree=0
K= 3296
4936.0 , Degree=0
K= 3297
4936.0 , Degree=0
K= 3298
4936.0 , Degree=0
K= 3299
62.8327686865
K= 3300
16.6404761904
K= 3301
2675.18333333
K= 3302
4936.0 , Degree=0
K= 3303
4936.0 , Degree=0
K= 3304
42.7456651365
K= 3305
4936.0 , Degree=0
K= 3306
19.6666666665
K= 3307
4936.0 , Degree=0
K= 3308
4936.0 , Degree=0
K= 3309
4936.0 , Degree=0
K= 3310
19.6666666666
K= 3311
4675.0
K= 3312
4936.0 , Degree=0
K= 3313
4936.0 , Degree=0
K= 3314
4936.0 , Degree=0
K= 3315
50.2042787037
K= 3316
2144.0
K= 3317
4936.0 , Degree=0
K= 3318
4936.0 , Degree=0
K= 3319
4936.0 , Degree=0
K= 3320
15.6190476191
K= 3321
4936.0 , Degree=0
K= 3322
2329.0
K= 3323
16.2166666668
K= 3324
47.9765567764
K= 3325
36.7333333332
K= 3326
18.4928571429
K= 3327
4936.0 , Degree=0
K= 3328
11.8333333333
K= 3329
2266.33333333
K= 3330
14.0781746031
K= 3331
4936.0 , Degree=0
K= 3332
4936.0 , Degree=0
K= 3333
4936.0 , Degree=0
K= 3334
2524.3642889
K= 3335
4936.0 , Degree=0
K= 3336
34.4663159176
K= 3337
4936.0 , Degree=0
K= 3338
4936.0 , Degree=0
K= 3339
4936.0 , Degree=0
K= 3340
2529.01677489
K= 3341
2577.07804643
K= 3342
4936.0 , Degree=0
K= 3343
4936.0 , Degree=0
K= 3344
19.6666666665
K= 3345
4936.0 , Degree=0
K= 3346
2676.56666667
K= 3347
2488.1654648
K= 3348
4936.0 , Degree=0
K= 3349
4936.0 , Degree=0
K= 3350
4936.0 , Degree=0
K= 3351
2490.65
K= 3352
60.2642857141
K= 3353
4936.0 , Degree=0
K= 3354
4936.0 , Degree=0
K= 3355
2650.56388889
K= 3356
18.2666666668
K= 3357
27.8269738448
K= 3358
4936.0 , Degree=0
K= 3359
15.757142857
K= 3360
4936.0 , Degree=0
K= 3361
4936.0 , Degree=0
K= 3362
4936.0 , Degree=0
K= 3363
4936.0 , Degree=0
K= 3364
4936.0 , Degree=0
K= 3365
4936.0 , Degree=0
K= 3366
62.9756258293
K= 3367
4936.0 , Degree=0
K= 3368
15.1190476191
K= 3369
2488.5
K= 3370
4936.0 , Degree=0
K= 3371
4936.0 , Degree=0
K= 3372
18.3666666668
K= 3373
4936.0 , Degree=0
K= 3374
4936.0 , Degree=0
K= 3375
4936.0 , Degree=0
K= 3376
4936.0 , Degree=0
K= 3377
4936.0 , Degree=0
K= 3378
2587.51319943
K= 3379
4936.0 , Degree=0
K= 3380
4742.0
K= 3381
4936.0 , Degree=0
K= 3382
4936.0 , Degree=0
K= 3383
4936.0 , Degree=0
K= 3384
135.333333333
K= 3385
2262.0
K= 3386
4936.0 , Degree=0
K= 3387
4936.0 , Degree=0
K= 3388
4936.0 , Degree=0
K= 3389
4936.0 , Degree=0
K= 3390
14.5
K= 3391
101.559788843
K= 3392
2256.0
K= 3393
4936.0 , Degree=0
K= 3394
4936.0 , Degree=0
K= 3395
2618.52309006
K= 3396
4936.0 , Degree=0
K= 3397
2329.0
K= 3398
4936.0 , Degree=0
K= 3399
2329.0
K= 3400
4936.0 , Degree=0
K= 3401
4936.0 , Degree=0
K= 3402
2644.1297619
K= 3403
2665.18333333
K= 3404
4936.0 , Degree=0
K= 3405
19.7020202021
K= 3406
10.8404761903
K= 3407
209.3
K= 3408
2579.11926129
K= 3409
18.3666666668
K= 3410
2648.27276335
K= 3411
19.6666666665
K= 3412
53.5551712838
K= 3413
2493.33333333
K= 3414
4936.0 , Degree=0
K= 3415
11.1306064304
K= 3416
2671.12380952
K= 3417
2486.54562325
K= 3418
4936.0 , Degree=0
K= 3419
4729.5
K= 3420
82.4968257661
K= 3421
12.1528404343
K= 3422
4936.0 , Degree=0
K= 3423
4936.0 , Degree=0
K= 3424
2587.51319943
K= 3425
4936.0 , Degree=0
K= 3426
4936.0 , Degree=0
K= 3427
12.5882696937
K= 3428
4756.0
K= 3429
14.3333333333
K= 3430
4936.0 , Degree=0
K= 3431
16.2500000001
K= 3432
4936.0 , Degree=0
K= 3433
4936.0 , Degree=0
K= 3434
27.8809523808
K= 3435
2561.34227994
K= 3436
4936.0 , Degree=0
K= 3437
4730.0
K= 3438
4936.0 , Degree=0
K= 3439
4936.0 , Degree=0
K= 3440
2329.0
K= 3441
4936.0 , Degree=0
K= 3442
2340.66666667
K= 3443
57.9447474919
K= 3444
4936.0 , Degree=0
K= 3445
151.793622841
K= 3446
4936.0 , Degree=0
K= 3447
2283.0
K= 3448
127.0
K= 3449
17.5166666667
K= 3450
4936.0 , Degree=0
K= 3451
4936.0 , Degree=0
K= 3452
4936.0 , Degree=0
K= 3453
2662.04848485
K= 3454
2302.66666667
K= 3455
4936.0 , Degree=0
K= 3456
2283.0
K= 3457
19.4999999998
K= 3458
4936.0 , Degree=0
K= 3459
4936.0 , Degree=0
K= 3460
4936.0 , Degree=0
K= 3461
2524.57262223
K= 3462
4936.0 , Degree=0
K= 3463
4936.0 , Degree=0
K= 3464
19.6666666665
K= 3465
4936.0 , Degree=0
K= 3466
82.4968257661
K= 3467
4936.0 , Degree=0
K= 3468
12.4999999999
K= 3469
4936.0 , Degree=0
K= 3470
25.4436274508
K= 3471
2643.93999889
K= 3472
4936.0 , Degree=0
K= 3473
4936.0 , Degree=0
K= 3474
15.1190476191
K= 3475
4936.0 , Degree=0
K= 3476
4936.0 , Degree=0
K= 3477
2486.0058296
K= 3478
4936.0 , Degree=0
K= 3479
15.8549783548
K= 3480
4936.0 , Degree=0
K= 3481
154.438886409
K= 3482
4936.0 , Degree=0
K= 3483
4936.0 , Degree=0
K= 3484
30.9798534797
K= 3485
38.6666666665
K= 3486
2490.65
K= 3487
4936.0 , Degree=0
K= 3488
2589.59979021
K= 3489
4936.0 , Degree=0
K= 3490
2254.0
K= 3491
11.1907138067
K= 3492
4936.0 , Degree=0
K= 3493
2665.46111111
K= 3494
4936.0 , Degree=0
K= 3495
4936.0 , Degree=0
K= 3496
4936.0 , Degree=0
K= 3497
4936.0 , Degree=0
K= 3498
31.1910474714
K= 3499
4936.0 , Degree=0
K= 3500
16.9523809524
K= 3501
2534.58275613
K= 3502
4936.0 , Degree=0
K= 3503
4936.0 , Degree=0
K= 3504
4936.0 , Degree=0
K= 3505
4936.0 , Degree=0
K= 3506
2651.98333333
K= 3507
2410.0
K= 3508
20.1666666666
K= 3509
2633.0
K= 3510
4936.0 , Degree=0
K= 3511
2244.46666667
K= 3512
2329.0
K= 3513
2656.12092352
K= 3514
14.3916666665
K= 3515
2329.0
K= 3516
171.335655046
K= 3517
7.5064213564
K= 3518
2504.66666667
K= 3519
21.7808732189
K= 3520
14.25
K= 3521
4936.0 , Degree=0
K= 3522
4734.0
K= 3523
4936.0 , Degree=0
K= 3524
2547.83253968
K= 3525
2302.66666667
K= 3526
17.6
K= 3527
4936.0 , Degree=0
K= 3528
19.6666666665
K= 3529
4936.0 , Degree=0
K= 3530
2546.52309006
K= 3531
4936.0 , Degree=0
K= 3532
4936.0 , Degree=0
K= 3533
2651.47539683
K= 3534
3159.39078235
K= 3535
29.4950655357
K= 3536
4936.0 , Degree=0
K= 3537
4936.0 , Degree=0
K= 3538
19.6666666666
K= 3539
2618.52309006
K= 3540
213.781352478
K= 3541
4936.0 , Degree=0
K= 3542
274.071428571
K= 3543
4936.0 , Degree=0
K= 3544
4936.0 , Degree=0
K= 3545
3152.38008761
K= 3546
4936.0 , Degree=0
K= 3547
4936.0 , Degree=0
K= 3548
17.3166666665
K= 3549
4936.0 , Degree=0
K= 3550
4936.0 , Degree=0
K= 3551
19.3333333331
K= 3552
4939.0
K= 3553
62.9756258293
K= 3554
4936.0 , Degree=0
K= 3555
4936.0 , Degree=0
K= 3556
2586.83957709
K= 3557
4936.0 , Degree=0
K= 3558
3499.54939947
K= 3559
4940.0
K= 3560
18.9999999998
K= 3561
16.9385237389
K= 3562
25.3376620247
K= 3563
4936.0 , Degree=0
K= 3564
2486.19062419
K= 3565
4936.0 , Degree=0
K= 3566
19.6666666665
K= 3567
4936.0 , Degree=0
K= 3568
4706.0
K= 3569
4936.0 , Degree=0
K= 3570
4936.0 , Degree=0
K= 3571
4936.0 , Degree=0
K= 3572
4936.0 , Degree=0
K= 3573
4936.0 , Degree=0
K= 3574
2585.90938588
K= 3575
4936.0 , Degree=0
K= 3576
4936.0 , Degree=0
K= 3577
14.5787878787
K= 3578
2300.75194842
K= 3579
75.7875182877
K= 3580
4936.0 , Degree=0
K= 3581
19.3333333331
K= 3582
4936.0 , Degree=0
K= 3583
4936.0 , Degree=0
K= 3584
2665.46428571
K= 3585
4936.0 , Degree=0
K= 3586
2596.55217116
K= 3587
176.404761905
K= 3588
12.3666666668
K= 3589
17.5666666668
K= 3590
2605.5079173
K= 3591
4936.0 , Degree=0
K= 3592
4936.0 , Degree=0
K= 3593
4936.0 , Degree=0
K= 3594
2622.30305703
K= 3595
4936.0 , Degree=0
K= 3596
12.5754491809
K= 3597
4936.0 , Degree=0
K= 3598
4936.0 , Degree=0
K= 3599
18.3666666668
K= 3600
4936.0 , Degree=0
Betweenness Centrality Improvement
[ 0.  0.  0. ...,  0.  0.  0.]
Top 20 BC Improvement
[2565 2710 2863 2462 3128 3246 2628 3164 2606 3157 2857 2963 3188 2856 2868
 3559 3552 2647 3475 3482]
Top 20 BC Improvement
[ 9892.          9892.          9892.          9892.          9410.
  7448.66666667  7443.94024768  7039.33333333  5360.0014651   5183.33333333
  5116.          5107.87759334  5043.53603782  4985.33333333  4979.15440115
  4940.          4939.          4939.          4936.          4936.        ]
