txValue= 1000000
Input graph
IGRAPH D--- 4619 68733 -- 
+ attr: pub_key (v), base_fee (e), capacity (e), fee_rate (e), txCost (e)
None
Graph after edges deleted
IGRAPH D--- 4619 32193 -- 
+ attr: pub_key (v), base_fee (e), capacity (e), fee_rate (e), txCost (e)
None
Our nodes starting connections: 
(4618, 2796)
(4618, 1223)
(4618, 1163)
(4618, 222)
(4618, 2745)
(4618, 3884)
(4618, 3265)
(4618, 4209)
(4618, 2087)
(4618, 3540)
(4618, 3690)
(4618, 1039)
(4618, 797)
CurrentBC of our node:  536813.712469
K= 2400
4936.0 , Degree=0
K= 2401
2614.0
K= 2402
4936.0 , Degree=0
K= 2403
2258.33333333
K= 2404
4936.0 , Degree=0
K= 2405
4723.38974359
K= 2406
19.3333333333
K= 2407
31.9032679739
K= 2408
2524.12394476
K= 2409
2615.21666667
K= 2410
43.987012987
K= 2411
19.6666666666
K= 2412
2491.28333333
K= 2413
4936.0 , Degree=0
K= 2414
15.4329670332
K= 2415
4723.0
K= 2416
20.1666666666
K= 2417
2493.5
K= 2418
4936.0 , Degree=0
K= 2419
2492.81111111
K= 2420
2290.66666667
K= 2421
4936.0 , Degree=0
K= 2422
2317.83333333
K= 2423
4936.0 , Degree=0
K= 2424
2317.83333333
K= 2425
14.2000000001
K= 2426
2679.40238095
K= 2427
4936.0 , Degree=0
K= 2428
4936.0 , Degree=0
K= 2429
4936.0 , Degree=0
K= 2430
4936.0 , Degree=0
K= 2431
84.2251136072
K= 2432
17.3765756304
K= 2433
12.3666666669
K= 2434
114.182870973
K= 2435
2494.0
K= 2436
2641.11428571
K= 2437
4936.0 , Degree=0
K= 2438
149.707638879
K= 2439
2488.90238095
K= 2440
4936.0 , Degree=0
K= 2441
2248.51785864
K= 2442
4936.0 , Degree=0
K= 2443
4936.0 , Degree=0
K= 2444
10.65
K= 2445
2493.88569134
K= 2446
11.459900245
K= 2447
4936.0 , Degree=0
K= 2448
2317.83333333
K= 2449
19.6666666666
K= 2450
4078.61160852
K= 2451
4936.0 , Degree=0
K= 2452
12.4497415555
K= 2453
139.0
K= 2454
2258.33333333
K= 2455
4936.0 , Degree=0
K= 2456
4936.0 , Degree=0
K= 2457
28.6727329519
K= 2458
14.1281746033
K= 2459
4936.0 , Degree=0
K= 2460
4936.0 , Degree=0
K= 2461
4238.80408147
K= 2462
9892.0
K= 2463
20.0
K= 2464
4936.0 , Degree=0
K= 2465
2622.21635531
K= 2466
2317.83333333
K= 2467
4936.0 , Degree=0
K= 2468
15.9995615497
K= 2469
4936.0 , Degree=0
K= 2470
4936.0 , Degree=0
K= 2471
2579.32862315
K= 2472
19.6666666666
K= 2473
4936.0 , Degree=0
K= 2474
39.3333333333
K= 2475
14.5190476193
K= 2476
4936.0 , Degree=0
K= 2477
4936.0 , Degree=0
K= 2478
4936.0 , Degree=0
K= 2479
2488.81542541
K= 2480
2494.16666667
K= 2481
4936.0 , Degree=0
K= 2482
4936.0 , Degree=0
K= 2483
4936.0 , Degree=0
K= 2484
2633.42516634
K= 2485
70.2415988719
K= 2486
4936.0 , Degree=0
K= 2487
36.1802717717
K= 2488
19.5
K= 2489
121.532679075
K= 2490
4936.0 , Degree=0
K= 2491
4936.0 , Degree=0
K= 2492
19.6805555557
K= 2493
20.1666666666
K= 2494
2270.83333333
K= 2495
4936.0 , Degree=0
K= 2496
101.048601985
K= 2497
4936.0 , Degree=0
K= 2498
4936.0 , Degree=0
K= 2499
17.7666666668
K= 2500
4936.0 , Degree=0
K= 2501
4936.0 , Degree=0
K= 2502
4936.0 , Degree=0
K= 2503
17.7000000003
K= 2504
4936.0 , Degree=0
K= 2505
2525.73474344
K= 2506
14.1040404041
K= 2507
4936.0 , Degree=0
K= 2508
4694.0
K= 2509
4936.0 , Degree=0
K= 2510
17.1666666666
K= 2511
4936.0 , Degree=0
K= 2512
4936.0 , Degree=0
K= 2513
2622.06952013
K= 2514
4936.0 , Degree=0
K= 2515
2305.83333333
K= 2516
4936.0 , Degree=0
K= 2517
2270.83333333
K= 2518
16.1287878788
K= 2519
4936.0 , Degree=0
K= 2520
328.050267816
K= 2521
49.6333333334
K= 2522
2486.73937729
K= 2523
2630.0
K= 2524
2488.09836523
K= 2525
19.5
K= 2526
4936.0 , Degree=0
K= 2527
18.965934066
K= 2528
20.8003579144
K= 2529
4936.0 , Degree=0
K= 2530
4936.0 , Degree=0
K= 2531
4936.0 , Degree=0
K= 2532
8.71534403693
K= 2533
4936.0 , Degree=0
K= 2534
22.0277777779
K= 2535
4936.0 , Degree=0
K= 2536
4936.0 , Degree=0
K= 2537
4936.0 , Degree=0
K= 2538
4936.0 , Degree=0
K= 2539
4936.0 , Degree=0
K= 2540
4936.0 , Degree=0
K= 2541
2601.0
K= 2542
2632.87001477
K= 2543
99.4380952382
K= 2544
4936.0 , Degree=0
K= 2545
4936.0 , Degree=0
K= 2546
4936.0 , Degree=0
K= 2547
4936.0 , Degree=0
K= 2548
2424.4141208
K= 2549
2672.86666667
K= 2550
4936.0 , Degree=0
K= 2551
2317.83333333
K= 2552
4936.0 , Degree=0
K= 2553
33.0251524156
K= 2554
53.3726602717
K= 2555
4936.0 , Degree=0
K= 2556
18.5000000001
K= 2557
4719.0
K= 2558
3107.37719554
K= 2559
13.6666666666
K= 2560
2695.16666667
K= 2561
16.1666666669
K= 2562
44.4835130719
K= 2563
8.36087848933
K= 2564
4936.0 , Degree=0
K= 2565
9892.0
K= 2566
18.6666666666
K= 2567
4723.0
K= 2568
4936.0 , Degree=0
K= 2569
4936.0 , Degree=0
K= 2570
4721.03764657
K= 2571
4936.0 , Degree=0
K= 2572
4936.0 , Degree=0
K= 2573
4725.44444444
K= 2574
20.1666666666
K= 2575
23.1198004894
K= 2576
2555.12394476
K= 2577
4936.0 , Degree=0
K= 2578
4936.0 , Degree=0
K= 2579
4936.0 , Degree=0
K= 2580
4936.0 , Degree=0
K= 2581
31.1187423688
K= 2582
20.0
K= 2583
4936.0 , Degree=0
K= 2584
17.8666666668
K= 2585
4936.0 , Degree=0
K= 2586
4936.0 , Degree=0
K= 2587
4936.0 , Degree=0
K= 2588
19.0
K= 2589
4732.16080586
K= 2590
2645.20450739
K= 2591
4936.0 , Degree=0
K= 2592
4936.0 , Degree=0
K= 2593
15.6190476193
K= 2594
63.3520327559
K= 2595
4936.0 , Degree=0
K= 2596
4936.0 , Degree=0
K= 2597
10.9404761905
K= 2598
4936.0 , Degree=0
K= 2599
4936.0 , Degree=0
K= 2600
4936.0 , Degree=0
K= 2601
4936.0 , Degree=0
K= 2602
104.390469875
K= 2603
4936.0 , Degree=0
K= 2604
44.3705313505
K= 2605
10.8666666669
K= 2606
5383.98020906
K= 2607
4936.0 , Degree=0
K= 2608
19.8333333333
K= 2609
2633.42516634
K= 2610
2630.1271685
K= 2611
4936.0 , Degree=0
K= 2612
4936.0 , Degree=0
K= 2613
4936.0 , Degree=0
K= 2614
165.464602039
K= 2615
2611.29580444
K= 2616
11.6666666667
K= 2617
4936.0 , Degree=0
K= 2618
2494.16666667
K= 2619
4936.0 , Degree=0
K= 2620
4936.0 , Degree=0
K= 2621
4936.0 , Degree=0
K= 2622
16.8666666668
K= 2623
4936.0 , Degree=0
K= 2624
16.7571428572
K= 2625
4936.0 , Degree=0
K= 2626
2630.0
K= 2627
4936.0 , Degree=0
K= 2628
7443.79112487
K= 2629
114.067849399
K= 2630
4936.0 , Degree=0
K= 2631
4936.0 , Degree=0
K= 2632
34.5438373135
K= 2633
4936.0 , Degree=0
K= 2634
4936.0 , Degree=0
K= 2635
4936.0 , Degree=0
K= 2636
4936.0 , Degree=0
K= 2637
4936.0 , Degree=0
K= 2638
2250.0
K= 2639
4936.0 , Degree=0
K= 2640
4936.0 , Degree=0
K= 2641
4936.0 , Degree=0
K= 2642
4936.0 , Degree=0
K= 2643
20.1666666666
K= 2644
4936.0 , Degree=0
K= 2645
11.8666666669
K= 2646
24.6666666666
K= 2647
4939.0
K= 2648
17.3166666668
K= 2649
2258.33333333
K= 2650
4936.0 , Degree=0
K= 2651
4936.0 , Degree=0
K= 2652
4936.0 , Degree=0
K= 2653
17.8666666669
K= 2654
4936.0 , Degree=0
K= 2655
40.6794756503
K= 2656
4678.66652193
K= 2657
4936.0 , Degree=0
K= 2658
133.040903683
K= 2659
4936.0 , Degree=0
K= 2660
4936.0 , Degree=0
K= 2661
4936.0 , Degree=0
K= 2662
4936.0 , Degree=0
K= 2663
20.9035029283
K= 2664
2651.98614719
K= 2665
4936.0 , Degree=0
K= 2666
4936.0 , Degree=0
K= 2667
178.102321713
K= 2668
17.6166666669
K= 2669
501.276633549
K= 2670
132.216810963
K= 2671
4936.0 , Degree=0
K= 2672
4936.0 , Degree=0
K= 2673
4936.0 , Degree=0
K= 2674
36.5
K= 2675
4936.0 , Degree=0
K= 2676
4936.0 , Degree=0
K= 2677
10.0240541449
K= 2678
4936.0 , Degree=0
K= 2679
4936.0 , Degree=0
K= 2680
4936.0 , Degree=0
K= 2681
4936.0 , Degree=0
K= 2682
159.141289808
K= 2683
4936.0 , Degree=0
K= 2684
2317.83333333
K= 2685
2491.7
K= 2686
4936.0 , Degree=0
K= 2687
4936.0 , Degree=0
K= 2688
17.6666666666
K= 2689
4936.0 , Degree=0
K= 2690
2615.66597847
K= 2691
4936.0 , Degree=0
K= 2692
4936.0 , Degree=0
K= 2693
55.3333333334
K= 2694
4936.0 , Degree=0
K= 2695
4685.0
K= 2696
45.5000000001
K= 2697
4936.0 , Degree=0
K= 2698
20.1666666666
K= 2699
19.6666666666
K= 2700
2241.52222222
K= 2701
4936.0 , Degree=0
K= 2702
17.6166666669
K= 2703
19.6666666666
K= 2704
4936.0 , Degree=0
K= 2705
2493.16666667
K= 2706
19.6666666666
K= 2707
4936.0 , Degree=0
K= 2708
4936.0 , Degree=0
K= 2709
4936.0 , Degree=0
K= 2710
9892.0
K= 2711
4694.0
K= 2712
32.1076420591
K= 2713
20.8690476193
K= 2714
16.1452380953
K= 2715
44.6202724358
K= 2716
4936.0 , Degree=0
K= 2717
4936.0 , Degree=0
K= 2718
46.8028670161
K= 2719
2790.38968254
K= 2720
4936.0 , Degree=0
K= 2721
4663.0
K= 2722
4936.0 , Degree=0
K= 2723
4936.0 , Degree=0
K= 2724
4936.0 , Degree=0
K= 2725
2250.0
K= 2726
4936.0 , Degree=0
K= 2727
2270.83333333
K= 2728
2493.66666667
K= 2729
4936.0 , Degree=0
K= 2730
4936.0 , Degree=0
K= 2731
4936.0 , Degree=0
K= 2732
4936.0 , Degree=0
K= 2733
2488.23776236
K= 2734
4936.0 , Degree=0
K= 2735
4724.0
K= 2736
4936.0 , Degree=0
K= 2737
4936.0 , Degree=0
K= 2738
4694.0
K= 2739
2641.72803667
K= 2740
4936.0 , Degree=0
K= 2741
57.0297924299
K= 2742
54.7621212123
K= 2743
4936.0 , Degree=0
K= 2744
14.2333333333
K= 2745
71.3036991577
K= 2746
2317.83333333
K= 2747
4936.0 , Degree=0
K= 2748
4936.0 , Degree=0
K= 2749
4936.0 , Degree=0
K= 2750
95.1029526205
K= 2751
4936.0 , Degree=0
K= 2752
4694.0
K= 2753
319.048886202
K= 2754
4936.0 , Degree=0
K= 2755
16.1135466452
K= 2756
2662.10749531
K= 2757
138.0
K= 2758
4936.0 , Degree=0
K= 2759
4936.0 , Degree=0
K= 2760
2642.2688351
K= 2761
20.1666666666
K= 2762
4936.0 , Degree=0
K= 2763
2489.82032967
K= 2764
4694.0
K= 2765
12.5655122657
K= 2766
4936.0 , Degree=0
K= 2767
4936.0 , Degree=0
K= 2768
13.0901376402
K= 2769
4936.0 , Degree=0
K= 2770
4936.0 , Degree=0
K= 2771
4936.0 , Degree=0
K= 2772
16.3333333335
K= 2773
2488.52626263
K= 2774
4936.0 , Degree=0
K= 2775
4936.0 , Degree=0
K= 2776
2488.06465707
K= 2777
28.6781135531
K= 2778
4936.0 , Degree=0
K= 2779
2317.83333333
K= 2780
19.6666666666
K= 2781
19.6666666666
K= 2782
93.6731087753
K= 2783
35.0449523103
K= 2784
4722.0
K= 2785
4936.0 , Degree=0
K= 2786
4936.0 , Degree=0
K= 2787
4936.0 , Degree=0
K= 2788
49.9000000001
K= 2789
15.8272005771
K= 2790
14.3563797317
K= 2791
4936.0 , Degree=0
K= 2792
4936.0 , Degree=0
K= 2793
4936.0 , Degree=0
K= 2794
20.1666666666
K= 2795
4936.0 , Degree=0
K= 2796
121.602929125
K= 2797
23.3
K= 2798
16.0787878787
K= 2799
32.2020202022
K= 2800
19.6666666666
K= 2801
4936.0 , Degree=0
K= 2802
4720.84156863
K= 2803
15.3526473527
K= 2804
4936.0 , Degree=0
K= 2805
11.8274725276
K= 2806
4936.0 , Degree=0
K= 2807
16.65
K= 2808
4936.0 , Degree=0
K= 2809
4936.0 , Degree=0
K= 2810
4936.0 , Degree=0
K= 2811
19.6666666666
K= 2812
14.1666666666
K= 2813
51.7347434429
K= 2814
4936.0 , Degree=0
K= 2815
4936.0 , Degree=0
K= 2816
15.8073593073
K= 2817
4936.0 , Degree=0
K= 2818
4936.0 , Degree=0
K= 2819
2493.66666667
K= 2820
4936.0 , Degree=0
K= 2821
2317.83333333
K= 2822
4936.0 , Degree=0
K= 2823
4936.0 , Degree=0
K= 2824
19.2000000003
K= 2825
2630.61428571
K= 2826
36.931868132
K= 2827
4936.0 , Degree=0
K= 2828
11.8232600734
K= 2829
12.43843262
K= 2830
4936.0 , Degree=0
K= 2831
4936.0 , Degree=0
K= 2832
4936.0 , Degree=0
K= 2833
4936.0 , Degree=0
K= 2834
2493.5
K= 2835
4936.0 , Degree=0
K= 2836
4936.0 , Degree=0
K= 2837
4936.0 , Degree=0
K= 2838
4936.0 , Degree=0
K= 2839
3714.13098077
K= 2840
2491.86666667
K= 2841
4936.0 , Degree=0
K= 2842
4936.0 , Degree=0
K= 2843
4936.0 , Degree=0
K= 2844
17.8666666669
K= 2845
2512.4018981
K= 2846
2270.83333333
K= 2847
2243.0
K= 2848
25.0729691362
K= 2849
11.266666667
K= 2850
12.8666666669
K= 2851
4936.0 , Degree=0
K= 2852
4936.0 , Degree=0
K= 2853
4936.0 , Degree=0
K= 2854
17.3166666668
K= 2855
2502.63580993
K= 2856
4985.33333333
K= 2857
5126.0
K= 2858
4936.0 , Degree=0
K= 2859
16.6904761905
K= 2860
2590.0
K= 2861
321.349789538
K= 2862
4936.0 , Degree=0
K= 2863
9892.0
K= 2864
4715.0
K= 2865
2317.83333333
K= 2866
4936.0 , Degree=0
K= 2867
4936.0 , Degree=0
K= 2868
4979.15440115
K= 2869
35.5252207371
K= 2870
2491.52380952
K= 2871
2659.26666667
K= 2872
2595.5244431
K= 2873
4936.0 , Degree=0
K= 2874
4936.0 , Degree=0
K= 2875
4936.0 , Degree=0
K= 2876
4936.0 , Degree=0
K= 2877
51.7347434429
K= 2878
65.4044137083
K= 2879
4936.0 , Degree=0
K= 2880
4936.0 , Degree=0
K= 2881
4936.0 , Degree=0
K= 2882
4936.0 , Degree=0
K= 2883
4936.0 , Degree=0
K= 2884
2676.67283272
K= 2885
2244.0
K= 2886
4936.0 , Degree=0
K= 2887
4936.0 , Degree=0
K= 2888
4936.0 , Degree=0
K= 2889
40.4863455989
K= 2890
19.6666666666
K= 2891
19.5
K= 2892
4936.0 , Degree=0
K= 2893
4936.0 , Degree=0
K= 2894
4936.0 , Degree=0
K= 2895
4685.0
K= 2896
4936.0 , Degree=0
K= 2897
4936.0 , Degree=0
K= 2898
4722.0
K= 2899
19.1
K= 2900
4936.0 , Degree=0
K= 2901
4713.50634921
K= 2902
4936.0 , Degree=0
K= 2903
4936.0 , Degree=0
K= 2904
4936.0 , Degree=0
K= 2905
4936.0 , Degree=0
K= 2906
2250.0
K= 2907
120.654222788
K= 2908
4936.0 , Degree=0
K= 2909
4936.0 , Degree=0
K= 2910
2317.0
K= 2911
2489.0978355
K= 2912
176.337363833
K= 2913
3728.69659282
K= 2914
4936.0 , Degree=0
K= 2915
4936.0 , Degree=0
K= 2916
19.5
K= 2917
2658.12420635
K= 2918
2640.23638372
K= 2919
26.4124643876
K= 2920
4936.0 , Degree=0
K= 2921
4936.0 , Degree=0
K= 2922
4936.0 , Degree=0
K= 2923
66.1377470415
K= 2924
17.3166666668
K= 2925
19.2000000003
K= 2926
2290.66666667
K= 2927
4936.0 , Degree=0
K= 2928
4936.0 , Degree=0
K= 2929
14.4530303031
K= 2930
97.4952675608
K= 2931
2495.91450216
K= 2932
4936.0 , Degree=0
K= 2933
4936.0 , Degree=0
K= 2934
4936.0 , Degree=0
K= 2935
4936.0 , Degree=0
K= 2936
4936.0 , Degree=0
K= 2937
19.6666666666
K= 2938
4936.0 , Degree=0
K= 2939
2513.16746289
K= 2940
17.6833333336
K= 2941
4936.0 , Degree=0
K= 2942
17.9745570855
K= 2943
20.0
K= 2944
20.1666666666
K= 2945
4637.83333333
K= 2946
4936.0 , Degree=0
K= 2947
4936.0 , Degree=0
K= 2948
4936.0 , Degree=0
K= 2949
4936.0 , Degree=0
K= 2950
4936.0 , Degree=0
K= 2951
39.3333333333
K= 2952
2270.83333333
K= 2953
4936.0 , Degree=0
K= 2954
2549.10555556
K= 2955
27.7529304031
K= 2956
4936.0 , Degree=0
K= 2957
2695.16666667
K= 2958
4936.0 , Degree=0
K= 2959
4936.0 , Degree=0
K= 2960
2588.32289638
K= 2961
4936.0 , Degree=0
K= 2962
66.1377470415
K= 2963
2644.39117867
K= 2964
4936.0 , Degree=0
K= 2965
66.1377470415
K= 2966
4936.0 , Degree=0
K= 2967
4936.0 , Degree=0
K= 2968
14.1666666666
K= 2969
4936.0 , Degree=0
K= 2970
4936.0 , Degree=0
K= 2971
4936.0 , Degree=0
K= 2972
2317.83333333
K= 2973
19.6666666666
K= 2974
75.0106005888
K= 2975
4936.0 , Degree=0
K= 2976
4936.0 , Degree=0
K= 2977
2631.8530633
K= 2978
4936.0 , Degree=0
K= 2979
4936.0 , Degree=0
K= 2980
19.5
K= 2981
4936.0 , Degree=0
K= 2982
2671.04444444
K= 2983
20.1666666666
K= 2984
3725.69659282
K= 2985
4679.63333333
K= 2986
17.0071428572
K= 2987
4936.0 , Degree=0
K= 2988
4936.0 , Degree=0
K= 2989
4936.0 , Degree=0
K= 2990
2296.36485165
K= 2991
4936.0 , Degree=0
K= 2992
4936.0 , Degree=0
K= 2993
19.6666666666
K= 2994
12.0
K= 2995
2498.66666667
K= 2996
4702.0
K= 2997
13.6666666666
K= 2998
4936.0 , Degree=0
K= 2999
2487.81111111
K= 3000
17.1824807377
K= 3001
2245.37728938
K= 3002
19.6666666666
K= 3003
17.6000000002
K= 3004
4936.0 , Degree=0
K= 3005
2615.21444387
K= 3006
19.6666666666
K= 3007
4936.0 , Degree=0
K= 3008
13.117915418
K= 3009
2644.26089033
K= 3010
4936.0 , Degree=0
K= 3011
4936.0 , Degree=0
K= 3012
4936.0 , Degree=0
K= 3013
14.5736524913
K= 3014
2657.10749531
K= 3015
4936.0 , Degree=0
K= 3016
4936.0 , Degree=0
K= 3017
12.0274725277
K= 3018
43.6674628895
K= 3019
4723.0
K= 3020
2491.16666667
K= 3021
2547.58513431
K= 3022
16.7261904762
K= 3023
2675.38556166
K= 3024
4936.0 , Degree=0
K= 3025
13.6666666666
K= 3026
66.6930312933
K= 3027
2573.65180435
K= 3028
18.0
K= 3029
4936.0 , Degree=0
K= 3030
2597.42516634
K= 3031
4936.0 , Degree=0
K= 3032
3561.69659282
K= 3033
15.2103174605
K= 3034
4936.0 , Degree=0
K= 3035
17.3166666668
K= 3036
2245.44444444
K= 3037
4936.0 , Degree=0
K= 3038
2494.0
K= 3039
19.5
K= 3040
19.6666666666
K= 3041
4936.0 , Degree=0
K= 3042
4936.0 , Degree=0
K= 3043
4936.0 , Degree=0
K= 3044
4936.0 , Degree=0
K= 3045
14.7139187555
K= 3046
2486.39759568
K= 3047
33.8228354979
K= 3048
2489.80497835
K= 3049
4936.0 , Degree=0
K= 3050
2250.0
K= 3051
26.305394462
K= 3052
63.2964772003
K= 3053
112.48494955
K= 3054
2493.66666667
K= 3055
4936.0 , Degree=0
K= 3056
4936.0 , Degree=0
K= 3057
4936.0 , Degree=0
K= 3058
4936.0 , Degree=0
K= 3059
4936.0 , Degree=0
K= 3060
4936.0 , Degree=0
K= 3061
4936.0 , Degree=0
K= 3062
17.6166666669
K= 3063
4936.0 , Degree=0
K= 3064
4936.0 , Degree=0
K= 3065
4936.0 , Degree=0
K= 3066
2610.40708929
K= 3067
19.3333333333
K= 3068
12.9262820515
K= 3069
4936.0 , Degree=0
K= 3070
4936.0 , Degree=0
K= 3071
16.65
K= 3072
4719.44444444
K= 3073
4936.0 , Degree=0
K= 3074
4936.0 , Degree=0
K= 3075
13.2036297036
K= 3076
4936.0 , Degree=0
K= 3077
10.7738095239
K= 3078
4936.0 , Degree=0
K= 3079
4936.0 , Degree=0
K= 3080
17.5333333336
K= 3081
2682.6452381
K= 3082
2248.0
K= 3083
4936.0 , Degree=0
K= 3084
4936.0 , Degree=0
K= 3085
2608.0
K= 3086
17.6000000002
K= 3087
4936.0 , Degree=0
K= 3088
4936.0 , Degree=0
K= 3089
2290.66666667
K= 3090
100.634627127
K= 3091
4936.0 , Degree=0
K= 3092
4694.0
K= 3093
19.6666666666
K= 3094
4936.0 , Degree=0
K= 3095
4936.0 , Degree=0
K= 3096
19.8333333333
K= 3097
19.8333333333
K= 3098
4936.0 , Degree=0
K= 3099
23.9664661685
K= 3100
17.0071428572
K= 3101
2603.0
K= 3102
2649.22653014
K= 3103
4936.0 , Degree=0
K= 3104
2567.5
K= 3105
66.1377470415
K= 3106
2290.66666667
K= 3107
4730.0
K= 3108
4936.0 , Degree=0
K= 3109
13.5
K= 3110
4936.0 , Degree=0
K= 3111
4936.0 , Degree=0
K= 3112
4936.0 , Degree=0
K= 3113
4407.94315625
K= 3114
34.9666666667
K= 3115
19.5
K= 3116
20.1666666666
K= 3117
4677.5
K= 3118
4936.0 , Degree=0
K= 3119
4936.0 , Degree=0
K= 3120
2488.98963826
K= 3121
4936.0 , Degree=0
K= 3122
15.5216450216
K= 3123
190.304761905
K= 3124
0.0
K= 3125
4936.0 , Degree=0
K= 3126
4936.0 , Degree=0
K= 3127
2493.5
K= 3128
9386.0
K= 3129
19.5
K= 3130
2633.42516634
K= 3131
13.6666666666
K= 3132
2463.88792317
K= 3133
28.6676470588
K= 3134
166.592246264
K= 3135
2471.67142857
K= 3136
2644.81428571
K= 3137
4936.0 , Degree=0
K= 3138
4764.66666667
K= 3139
2250.0
K= 3140
4936.0 , Degree=0
K= 3141
4936.0 , Degree=0
K= 3142
19.2047619048
K= 3143
2422.77667766
K= 3144
4936.0 , Degree=0
K= 3145
15.1190476193
K= 3146
4936.0 , Degree=0
K= 3147
4936.0 , Degree=0
K= 3148
4936.0 , Degree=0
K= 3149
4936.0 , Degree=0
K= 3150
2516.8152223
K= 3151
4936.0 , Degree=0
K= 3152
4936.0 , Degree=0
K= 3153
2243.0
K= 3154
2290.66666667
K= 3155
4936.0 , Degree=0
K= 3156
66.1377470415
K= 3157
5189.33333333
K= 3158
4936.0 , Degree=0
K= 3159
12.5952963703
K= 3160
4936.0 , Degree=0
K= 3161
2493.66666667
K= 3162
14.79484127
K= 3163
4936.0 , Degree=0
K= 3164
7015.33333333
K= 3165
4663.0
K= 3166
4936.0 , Degree=0
K= 3167
2270.83333333
K= 3168
4936.0 , Degree=0
K= 3169
14.5454545455
K= 3170
4936.0 , Degree=0
K= 3171
17.3166666668
K= 3172
4936.0 , Degree=0
K= 3173
4936.0 , Degree=0
K= 3174
90.2251136072
K= 3175
19.8333333333
K= 3176
4936.0 , Degree=0
K= 3177
162.881217258
K= 3178
15.6480463983
K= 3179
2494.16666667
K= 3180
2670.1
K= 3181
2290.66666667
K= 3182
19.8333333333
K= 3183
4936.0 , Degree=0
K= 3184
4936.0 , Degree=0
K= 3185
4936.0 , Degree=0
K= 3186
23.7333333333
K= 3187
11.4562677663
K= 3188
5049.04794258
K= 3189
32.0
K= 3190
11.5182335783
K= 3191
4936.0 , Degree=0
K= 3192
51.9251293293
K= 3193
4936.0 , Degree=0
K= 3194
2491.86666667
K= 3195
4936.0 , Degree=0
K= 3196
4936.0 , Degree=0
K= 3197
4936.0 , Degree=0
K= 3198
10.0975675087
K= 3199
4936.0 , Degree=0
K= 3200
18.3333333333
K= 3201
14.8523809527
K= 3202
4936.0 , Degree=0
K= 3203
4936.0 , Degree=0
K= 3204
2290.66666667
K= 3205
4936.0 , Degree=0
K= 3206
4936.0 , Degree=0
K= 3207
18.3666666669
K= 3208
4936.0 , Degree=0
K= 3209
4936.0 , Degree=0
K= 3210
1415.54303116
K= 3211
4936.0 , Degree=0
K= 3212
4936.0 , Degree=0
K= 3213
4936.0 , Degree=0
K= 3214
4936.0 , Degree=0
K= 3215
4936.0 , Degree=0
K= 3216
22.9121212121
K= 3217
4936.0 , Degree=0
K= 3218
11.3321937321
K= 3219
10.1333333334
K= 3220
17.0071428572
K= 3221
2317.83333333
K= 3222
4936.0 , Degree=0
K= 3223
8.77164502151
K= 3224
52.1450743336
K= 3225
19.6666666666
K= 3226
4936.0 , Degree=0
K= 3227
4936.0 , Degree=0
K= 3228
0.0
K= 3229
4936.0 , Degree=0
K= 3230
4936.0 , Degree=0
K= 3231
2656.95452603
K= 3232
2547.28463742
K= 3233
4936.0 , Degree=0
K= 3234
4936.0 , Degree=0
K= 3235
93.0057720058
K= 3236
4936.0 , Degree=0
K= 3237
90.2251136072
K= 3238
4936.0 , Degree=0
K= 3239
4936.0 , Degree=0
K= 3240
4936.0 , Degree=0
K= 3241
2535.06936767
K= 3242
20.0
K= 3243
4936.0 , Degree=0
K= 3244
4936.0 , Degree=0
K= 3245
4936.0 , Degree=0
K= 3246
7449.33333333
K= 3247
4936.0 , Degree=0
K= 3248
4694.0
K= 3249
2583.42516634
K= 3250
90.2251136072
K= 3251
4936.0 , Degree=0
K= 3252
19.6666666666
K= 3253
4936.0 , Degree=0
K= 3254
4719.0
K= 3255
2488.2281746
K= 3256
27.6
K= 3257
4936.0 , Degree=0
K= 3258
250.216004988
K= 3259
4718.66666667
K= 3260
16.3571428573
K= 3261
4936.0 , Degree=0
K= 3262
2627.12394476
K= 3263
4936.0 , Degree=0
K= 3264
4936.0 , Degree=0
K= 3265
0.0
K= 3266
4936.0 , Degree=0
K= 3267
190.697526742
K= 3268
2493.0
K= 3269
19.6666666667
K= 3270
4936.0 , Degree=0
K= 3271
16.4571428573
K= 3272
4936.0 , Degree=0
K= 3273
4936.0 , Degree=0
K= 3274
129.0
K= 3275
2317.83333333
K= 3276
2250.0
K= 3277
29.4366013072
K= 3278
16.7071428573
K= 3279
15.5190476193
K= 3280
4936.0 , Degree=0
K= 3281
4936.0 , Degree=0
K= 3282
346.044244653
K= 3283
13.5064213566
K= 3284
4936.0 , Degree=0
K= 3285
13.0774725276
K= 3286
2573.65180435
K= 3287
2290.66666667
K= 3288
2371.0
K= 3289
4936.0 , Degree=0
K= 3290
19.1666666666
K= 3291
11.8833333334
K= 3292
4936.0 , Degree=0
K= 3293
12.5889515457
K= 3294
2657.5523088
K= 3295
4936.0 , Degree=0
K= 3296
4936.0 , Degree=0
K= 3297
4936.0 , Degree=0
K= 3298
4936.0 , Degree=0
K= 3299
65.9948898987
K= 3300
16.6404761905
K= 3301
2687.12857143
K= 3302
4936.0 , Degree=0
K= 3303
4936.0 , Degree=0
K= 3304
42.7456651366
K= 3305
4936.0 , Degree=0
K= 3306
19.6666666666
K= 3307
4936.0 , Degree=0
K= 3308
4936.0 , Degree=0
K= 3309
4936.0 , Degree=0
K= 3310
19.6666666666
K= 3311
4663.0
K= 3312
4936.0 , Degree=0
K= 3313
4936.0 , Degree=0
K= 3314
4936.0 , Degree=0
K= 3315
49.9944302191
K= 3316
2127.0
K= 3317
4936.0 , Degree=0
K= 3318
4936.0 , Degree=0
K= 3319
4936.0 , Degree=0
K= 3320
15.6190476193
K= 3321
4936.0 , Degree=0
K= 3322
2317.83333333
K= 3323
16.2166666668
K= 3324
48.6432234433
K= 3325
36.7333333333
K= 3326
18.4928571431
K= 3327
4936.0 , Degree=0
K= 3328
11.8333333334
K= 3329
2254.33333333
K= 3330
14.0781746033
K= 3331
4936.0 , Degree=0
K= 3332
4936.0 , Degree=0
K= 3333
4936.0 , Degree=0
K= 3334
2525.52641011
K= 3335
4936.0 , Degree=0
K= 3336
35.2663159178
K= 3337
4936.0 , Degree=0
K= 3338
4936.0 , Degree=0
K= 3339
4936.0 , Degree=0
K= 3340
2530.60010823
K= 3341
2586.21635531
K= 3342
4936.0 , Degree=0
K= 3343
4936.0 , Degree=0
K= 3344
19.6666666666
K= 3345
4936.0 , Degree=0
K= 3346
2686.4
K= 3347
2488.33213147
K= 3348
4936.0 , Degree=0
K= 3349
4936.0 , Degree=0
K= 3350
4936.0 , Degree=0
K= 3351
2490.65
K= 3352
60.4309523809
K= 3353
4936.0 , Degree=0
K= 3354
4936.0 , Degree=0
K= 3355
2661.67579365
K= 3356
18.2666666668
K= 3357
28.1603071783
K= 3358
4936.0 , Degree=0
K= 3359
15.9238095238
K= 3360
4936.0 , Degree=0
K= 3361
4936.0 , Degree=0
K= 3362
4936.0 , Degree=0
K= 3363
4936.0 , Degree=0
K= 3364
4936.0 , Degree=0
K= 3365
4936.0 , Degree=0
K= 3366
66.1377470415
K= 3367
4936.0 , Degree=0
K= 3368
15.1190476193
K= 3369
2488.5
K= 3370
4936.0 , Degree=0
K= 3371
4936.0 , Degree=0
K= 3372
18.3666666669
K= 3373
4936.0 , Degree=0
K= 3374
4936.0 , Degree=0
K= 3375
4936.0 , Degree=0
K= 3376
4936.0 , Degree=0
K= 3377
4936.0 , Degree=0
K= 3378
2595.90699078
K= 3379
4936.0 , Degree=0
K= 3380
4730.0
K= 3381
4936.0 , Degree=0
K= 3382
4936.0 , Degree=0
K= 3383
4936.0 , Degree=0
K= 3384
140.333333333
K= 3385
2250.0
K= 3386
4936.0 , Degree=0
K= 3387
4936.0 , Degree=0
K= 3388
4936.0 , Degree=0
K= 3389
4936.0 , Degree=0
K= 3390
14.5000000001
K= 3391
102.059788843
K= 3392
2244.0
K= 3393
4936.0 , Degree=0
K= 3394
4936.0 , Degree=0
K= 3395
2627.12394476
K= 3396
4936.0 , Degree=0
K= 3397
2317.83333333
K= 3398
4936.0 , Degree=0
K= 3399
2317.83333333
K= 3400
4936.0 , Degree=0
K= 3401
4936.0 , Degree=0
K= 3402
2654.19088828
K= 3403
2676.78333333
K= 3404
4936.0 , Degree=0
K= 3405
19.7020202022
K= 3406
10.8404761906
K= 3407
221.8
K= 3408
2588.32289638
K= 3409
18.3666666669
K= 3410
2659.60847763
K= 3411
19.6666666666
K= 3412
56.5672924961
K= 3413
2493.33333333
K= 3414
4936.0 , Degree=0
K= 3415
11.2972730973
K= 3416
2681.90238095
K= 3417
2486.48371849
K= 3418
4936.0 , Degree=0
K= 3419
4717.66666667
K= 3420
90.2251136072
K= 3421
12.1528404346
K= 3422
4936.0 , Degree=0
K= 3423
4936.0 , Degree=0
K= 3424
2595.90699078
K= 3425
4936.0 , Degree=0
K= 3426
4936.0 , Degree=0
K= 3427
12.588269694
K= 3428
4744.0
K= 3429
14.3333333334
K= 3430
4936.0 , Degree=0
K= 3431
16.2500000001
K= 3432
4936.0 , Degree=0
K= 3433
4936.0 , Degree=0
K= 3434
27.8809523809
K= 3435
2564.10894661
K= 3436
4936.0 , Degree=0
K= 3437
4718.0
K= 3438
4936.0 , Degree=0
K= 3439
4936.0 , Degree=0
K= 3440
2317.83333333
K= 3441
4936.0 , Degree=0
K= 3442
2328.66666667
K= 3443
65.5576507178
K= 3444
4936.0 , Degree=0
K= 3445
160.359556907
K= 3446
4936.0 , Degree=0
K= 3447
2270.83333333
K= 3448
131.0
K= 3449
17.5166666668
K= 3450
4936.0 , Degree=0
K= 3451
4936.0 , Degree=0
K= 3452
4936.0 , Degree=0
K= 3453
2672.04848485
K= 3454
2290.66666667
K= 3455
4936.0 , Degree=0
K= 3456
2270.83333333
K= 3457
19.5
K= 3458
4936.0 , Degree=0
K= 3459
4936.0 , Degree=0
K= 3460
4936.0 , Degree=0
K= 3461
2525.73474344
K= 3462
4936.0 , Degree=0
K= 3463
4936.0 , Degree=0
K= 3464
19.6666666666
K= 3465
4936.0 , Degree=0
K= 3466
90.2251136072
K= 3467
4936.0 , Degree=0
K= 3468
12.5000000001
K= 3469
4936.0 , Degree=0
K= 3470
25.4436274511
K= 3471
2655.2995227
K= 3472
4936.0 , Degree=0
K= 3473
4936.0 , Degree=0
K= 3474
15.1190476193
K= 3475
4936.0 , Degree=0
K= 3476
4936.0 , Degree=0
K= 3477
2486.47249627
K= 3478
4936.0 , Degree=0
K= 3479
15.8549783549
K= 3480
4936.0 , Degree=0
K= 3481
163.089360492
K= 3482
4936.0 , Degree=0
K= 3483
4936.0 , Degree=0
K= 3484
30.7854090355
K= 3485
38.6666666666
K= 3486
2490.65
K= 3487
4936.0 , Degree=0
K= 3488
2599.3402664
K= 3489
4936.0 , Degree=0
K= 3490
2242.0
K= 3491
11.3573804735
K= 3492
4936.0 , Degree=0
K= 3493
2677.19444444
K= 3494
4936.0 , Degree=0
K= 3495
4936.0 , Degree=0
K= 3496
4936.0 , Degree=0
K= 3497
4936.0 , Degree=0
K= 3498
31.3577141382
K= 3499
4936.0 , Degree=0
K= 3500
16.9523809525
K= 3501
2545.10818903
K= 3502
4936.0 , Degree=0
K= 3503
4936.0 , Degree=0
K= 3504
4936.0 , Degree=0
K= 3505
4936.0 , Degree=0
K= 3506
2663.41666667
K= 3507
2398.83333333
K= 3508
20.1666666667
K= 3509
2642.83333333
K= 3510
4936.0 , Degree=0
K= 3511
2232.63333333
K= 3512
2317.83333333
K= 3513
2667.38163781
K= 3514
14.5583333333
K= 3515
2317.83333333
K= 3516
178.102321713
K= 3517
7.50642135658
K= 3518
2504.66666667
K= 3519
22.2094446477
K= 3520
14.2500000001
K= 3521
4936.0 , Degree=0
K= 3522
2254.0
K= 3523
4936.0 , Degree=0
K= 3524
2556.32748918
K= 3525
2290.66666667
K= 3526
17.6000000002
K= 3527
4936.0 , Degree=0
K= 3528
19.6666666666
K= 3529
4936.0 , Degree=0
K= 3530
2555.12394476
K= 3531
4936.0 , Degree=0
K= 3532
4936.0 , Degree=0
K= 3533
297.275396826
K= 3534
3161.39078235
K= 3535
30.052208393
K= 3536
4936.0 , Degree=0
K= 3537
4936.0 , Degree=0
K= 3538
19.6666666666
K= 3539
2627.12394476
K= 3540
212.920019097
K= 3541
4936.0 , Degree=0
K= 3542
284.238095238
K= 3543
4936.0 , Degree=0
K= 3544
4936.0 , Degree=0
K= 3545
3197.70263311
K= 3546
4936.0 , Degree=0
K= 3547
4936.0 , Degree=0
K= 3548
17.3166666668
K= 3549
4936.0 , Degree=0
K= 3550
4936.0 , Degree=0
K= 3551
19.3333333333
K= 3552
4939.0
K= 3553
66.1377470415
K= 3554
4936.0 , Degree=0
K= 3555
4936.0 , Degree=0
K= 3556
2595.5244431
K= 3557
4936.0 , Degree=0
K= 3558
3561.4319879
K= 3559
4940.0
K= 3560
19.0
K= 3561
16.8422274427
K= 3562
25.6709953581
K= 3563
4936.0 , Degree=0
K= 3564
2486.15501166
K= 3565
4936.0 , Degree=0
K= 3566
19.6666666666
K= 3567
4936.0 , Degree=0
K= 3568
4694.0
K= 3569
4936.0 , Degree=0
K= 3570
4936.0 , Degree=0
K= 3571
4936.0 , Degree=0
K= 3572
4936.0 , Degree=0
K= 3573
4936.0 , Degree=0
K= 3574
2596.25173519
K= 3575
4936.0 , Degree=0
K= 3576
4936.0 , Degree=0
K= 3577
14.7454545454
K= 3578
2296.36485165
K= 3579
77.7339403842
K= 3580
4936.0 , Degree=0
K= 3581
19.3333333334
K= 3582
4936.0 , Degree=0
K= 3583
4936.0 , Degree=0
K= 3584
2676.57619048
K= 3585
4936.0 , Degree=0
K= 3586
2606.45931402
K= 3587
187.904761905
K= 3588
12.3666666669
K= 3589
17.5666666669
K= 3590
2613.66633159
K= 3591
4936.0 , Degree=0
K= 3592
4936.0 , Degree=0
K= 3593
4936.0 , Degree=0
K= 3594
2631.91715959
K= 3595
4936.0 , Degree=0
K= 3596
12.5754491811
K= 3597
4936.0 , Degree=0
K= 3598
4936.0 , Degree=0
K= 3599
18.3666666669
K= 3600
4936.0 , Degree=0
Betweenness Centrality Improvement
[ 0.  0.  0. ...,  0.  0.  0.]
Top 20 BC Improvement
[2710 2863 2565 2462 3128 3246 2628 3164 2606 3157 2857 3188 2856 2868 3559
 2647 3552 3292 3467 3469]
Top 20 BC Improvement
[ 9892.          9892.          9892.          9892.          9386.
  7449.33333333  7443.79112487  7015.33333333  5383.98020906  5189.33333333
  5126.          5049.04794258  4985.33333333  4979.15440115  4940.          4939.
  4939.          4936.          4936.          4936.        ]
