txValue= 1000000
Input graph
IGRAPH D--- 4619 68733 -- 
+ attr: pub_key (v), base_fee (e), capacity (e), fee_rate (e), txCost (e)
None
Graph after edges deleted
IGRAPH D--- 4619 32193 -- 
+ attr: pub_key (v), base_fee (e), capacity (e), fee_rate (e), txCost (e)
None
Our nodes starting connections: 
(4618, 2796)
(4618, 1223)
(4618, 1163)
(4618, 222)
CurrentBC of our node:  362068.478608
K= 0
51.6154199725
K= 1
44.4650631541
K= 2
34.2842354765
K= 3
113.125986784
K= 4
4936.0 , Degree=0
K= 5
2516.14240704
K= 6
169.192307692
K= 7
34.12820123
K= 8
2495.16666667
K= 9
17.9385964495
K= 10
4936.0 , Degree=0
K= 11
34.1209105362
K= 12
14323.0
K= 13
53.1105941855
K= 14
19.537961287
K= 15
151.452784299
K= 16
4771.0
K= 17
4936.0 , Degree=0
K= 18
20.8609741581
K= 19
35.5528386254
K= 20
39.6807275586
K= 21
18.4227463614
K= 22
4936.0 , Degree=0
K= 23
4936.0 , Degree=0
K= 24
2489.33641395
K= 25
26.9979678449
K= 26
18.6058411412
K= 27
2320.63333333
K= 28
4936.0 , Degree=0
K= 29
18.5513425118
K= 30
4936.0 , Degree=0
K= 31
4936.0 , Degree=0
K= 32
482.813831507
K= 33
26.193316035
K= 34
4936.0 , Degree=0
K= 35
13.7833333333
K= 36
4782.37142857
K= 37
16.5329631348
K= 38
4936.0 , Degree=0
K= 39
29.2990977488
K= 40
4936.0 , Degree=0
K= 41
4936.0 , Degree=0
K= 42
4936.0 , Degree=0
K= 43
16.797650194
K= 44
4936.0 , Degree=0
K= 45
2494.0
K= 46
4936.0 , Degree=0
K= 47
281.864203232
K= 48
2348.0
K= 49
4936.0 , Degree=0
K= 50
29.2582964221
K= 51
4936.0 , Degree=0
K= 52
310.302387407
K= 53
47.4297126947
K= 54
39.6970566512
K= 55
4936.0 , Degree=0
K= 56
2363.5
K= 57
4936.0 , Degree=0
K= 58
18.4227463614
K= 59
4936.0 , Degree=0
K= 60
283.523649063
K= 61
50.565063879
K= 62
44.1032649856
K= 63
4936.0 , Degree=0
K= 64
84.426038614
K= 65
4936.0 , Degree=0
K= 66
4085.96384889
K= 67
4936.0 , Degree=0
K= 68
4936.0 , Degree=0
K= 69
308.586904762
K= 70
298.960060184
K= 71
1859.30123987
K= 72
297.943604108
K= 73
2492.70787546
K= 74
22.8129899304
K= 75
25.4901693835
K= 76
2372.5
K= 77
2372.5
K= 78
2493.91666667
K= 79
4936.0 , Degree=0
K= 80
32.9501693836
K= 81
2590.5521978
K= 82
4936.0 , Degree=0
K= 83
4936.0 , Degree=0
K= 84
51.3041628671
K= 85
15.1031553763
K= 86
4936.0 , Degree=0
K= 87
2496.07971014
K= 88
2372.5
K= 89
281.864203232
K= 90
157.927580486
K= 91
1789.98188587
K= 92
3247.97755164
K= 93
2374.86321699
K= 94
4936.0 , Degree=0
K= 95
4936.0 , Degree=0
K= 96
4936.0 , Degree=0
K= 97
2606.49994001
K= 98
19.9046100606
K= 99
18.0285512587
K= 100
2518.63734545
K= 101
2495.91666667
K= 102
15.6540898025
K= 103
21.704095798
K= 104
4936.0 , Degree=0
K= 105
4936.0 , Degree=0
K= 106
4936.0 , Degree=0
K= 107
4936.0 , Degree=0
K= 108
2631.2230236
K= 109
4936.0 , Degree=0
K= 110
4936.0 , Degree=0
K= 111
4936.0 , Degree=0
K= 112
4936.0 , Degree=0
K= 113
19.1891025641
K= 114
18.077544185
K= 115
4936.0 , Degree=0
K= 116
4936.0 , Degree=0
K= 117
2372.5
K= 118
4936.0 , Degree=0
K= 119
17.8140876099
K= 120
1792.18744142
K= 121
2348.0
K= 122
4936.0 , Degree=0
K= 123
328.575396825
K= 124
4936.0 , Degree=0
K= 125
4936.0 , Degree=0
K= 126
25.918448762
K= 127
1789.95259294
K= 128
4936.0 , Degree=0
K= 129
72.1780352726
K= 130
4936.0 , Degree=0
K= 131
4936.0 , Degree=0
K= 132
2516.72574037
K= 133
19.5145533
K= 134
4936.0 , Degree=0
K= 135
18.1432943232
K= 136
1179.49290832
K= 137
21.6252758905
K= 138
13041.4962687
K= 139
1788.39061602
K= 140
300.546611722
K= 141
4936.0 , Degree=0
K= 142
4936.0 , Degree=0
K= 143
58.1747141905
K= 144
4936.0 , Degree=0
K= 145
1795.01091913
K= 146
1787.98188587
K= 147
31.3912670479
K= 148
467.545585644
K= 149
4936.0 , Degree=0
K= 150
4936.0 , Degree=0
K= 151
2496.07575758
K= 152
1897.34917949
K= 153
4936.0 , Degree=0
K= 154
3374.34712422
K= 155
4936.0 , Degree=0
K= 156
141.287654496
K= 157
4762.0
K= 158
4936.0 , Degree=0
K= 159
127.717493617
K= 160
2493.24761905
K= 161
4936.0 , Degree=0
K= 162
4936.0 , Degree=0
K= 163
2516.72574037
K= 164
4936.0 , Degree=0
K= 165
4936.0 , Degree=0
K= 166
15.6666666666
K= 167
1792.48188587
K= 168
4936.0 , Degree=0
K= 169
4936.0 , Degree=0
K= 170
4936.0 , Degree=0
K= 171
38.3475175425
K= 172
4936.0 , Degree=0
K= 173
18.077544185
K= 174
4936.0 , Degree=0
K= 175
82.1495900396
K= 176
4936.0 , Degree=0
K= 177
4775.0
K= 178
4936.0 , Degree=0
K= 179
4936.0 , Degree=0
K= 180
21.0810226691
K= 181
4936.0 , Degree=0
K= 182
25.8106802113
K= 183
83.8088834653
K= 184
23.1844553378
K= 185
4936.0 , Degree=0
K= 186
4936.0 , Degree=0
K= 187
16.8941077571
K= 188
4936.0 , Degree=0
K= 189
24.8491927398
K= 190
2386.0
K= 191
4936.0 , Degree=0
K= 192
4936.0 , Degree=0
K= 193
4936.0 , Degree=0
K= 194
31.1550587324
K= 195
4936.0 , Degree=0
K= 196
4936.0 , Degree=0
K= 197
1811.70807634
K= 198
55.9995972706
K= 199
20.4121470113
K= 200
206.322495945
K= 201
2490.38826969
K= 202
53.6181945705
K= 203
4936.0 , Degree=0
K= 204
4936.0 , Degree=0
K= 205
16.8941077571
K= 206
4936.0 , Degree=0
K= 207
1789.64855253
K= 208
21.9833333333
K= 209
4936.0 , Degree=0
K= 210
4936.0 , Degree=0
K= 211
44.9404246756
K= 212
4936.0 , Degree=0
K= 213
15.8333333333
K= 214
4936.0 , Degree=0
K= 215
2386.0
K= 216
20.399245186
K= 217
281.86984127
K= 218
2368.16666667
K= 219
45.735201273
K= 220
1792.12474301
K= 221
18.6678103925
K= 222
7.48333333334
K= 223
4936.0 , Degree=0
K= 224
4936.0 , Degree=0
K= 225
1789.3152192
K= 226
19.9862689325
K= 227
4936.0 , Degree=0
K= 228
2368.16666667
K= 229
4936.0 , Degree=0
K= 230
308.644499973
K= 231
4936.0 , Degree=0
K= 232
4936.0 , Degree=0
K= 233
2307.20937083
K= 234
50.9750205196
K= 235
349.723217027
K= 236
4936.0 , Degree=0
K= 237
4936.0 , Degree=0
K= 238
312.090396912
K= 239
1831.02972039
K= 240
4936.0 , Degree=0
K= 241
26.9961194059
K= 242
36.9466573794
K= 243
4936.0 , Degree=0
K= 244
4936.0 , Degree=0
K= 245
4936.0 , Degree=0
K= 246
2604.08350816
K= 247
4936.0 , Degree=0
K= 248
4936.0 , Degree=0
K= 249
2372.5
K= 250
4936.0 , Degree=0
K= 251
41.359749942
K= 252
4936.0 , Degree=0
K= 253
324.13234441
K= 254
4936.0 , Degree=0
K= 255
4936.0 , Degree=0
K= 256
24.2816510687
K= 257
298.960060184
K= 258
58.1144330529
K= 259
2455.8300207
K= 260
51.3256931624
K= 261
4936.0 , Degree=0
K= 262
4936.0 , Degree=0
K= 263
14313.0
K= 264
4936.0 , Degree=0
K= 265
30.2307861282
K= 266
17.1779396245
K= 267
45.2713994724
K= 268
4936.0 , Degree=0
K= 269
21.500903706
K= 270
4772.0
K= 271
4936.0 , Degree=0
K= 272
4936.0 , Degree=0
K= 273
4936.0 , Degree=0
K= 274
2489.9370915
K= 275
2303.70261476
K= 276
275.0
K= 277
4936.0 , Degree=0
K= 278
4936.0 , Degree=0
K= 279
2348.0
K= 280
4936.0 , Degree=0
K= 281
72.64295996
K= 282
138.4603848
K= 283
4936.0 , Degree=0
K= 284
2635.73809524
K= 285
375.805339475
K= 286
43.7549581114
K= 287
26.0755256269
K= 288
4936.0 , Degree=0
K= 289
2640.27777778
K= 290
40.9266825871
K= 291
4936.0 , Degree=0
K= 292
4936.0 , Degree=0
K= 293
19.9729385977
K= 294
138.504704814
K= 295
50.9631020274
K= 296
1808.29879992
K= 297
4936.0 , Degree=0
K= 298
4936.0 , Degree=0
K= 299
4936.0 , Degree=0
K= 300
1786.01760015
K= 301
4936.0 , Degree=0
K= 302
1789.98188587
K= 303
4936.0 , Degree=0
K= 304
4936.0 , Degree=0
K= 305
21.122621376
K= 306
4980.54444444
K= 307
17.5958150832
K= 308
4936.0 , Degree=0
K= 309
147.792774661
K= 310
4936.0 , Degree=0
K= 311
4780.0
K= 312
328.80995671
K= 313
290.478921378
K= 314
4936.0 , Degree=0
K= 315
4936.0 , Degree=0
K= 316
131.96757998
K= 317
4936.0 , Degree=0
K= 318
4936.0 , Degree=0
K= 319
21.6163076045
K= 320
23.8487330827
K= 321
275.725399152
K= 322
4936.0 , Degree=0
K= 323
4936.0 , Degree=0
K= 324
4936.0 , Degree=0
K= 325
4936.0 , Degree=0
K= 326
4936.0 , Degree=0
K= 327
295.129945055
K= 328
41.4162247461
K= 329
13.1404761904
K= 330
23.4816399602
K= 331
4936.0 , Degree=0
K= 332
4936.0 , Degree=0
K= 333
15.6666666666
K= 334
4936.0 , Degree=0
K= 335
4936.0 , Degree=0
K= 336
4936.0 , Degree=0
K= 337
305.745177045
K= 338
4936.0 , Degree=0
K= 339
55.1432827808
K= 340
18.4227463614
K= 341
13095.6688587
K= 342
4783.66666667
K= 343
1784.25155313
K= 344
19.0482574937
K= 345
4936.0 , Degree=0
K= 346
4936.0 , Degree=0
K= 347
2491.43377162
K= 348
4936.0 , Degree=0
K= 349
52.8226640449
K= 350
31.0311735061
K= 351
3280.97569307
K= 352
44.2798819233
K= 353
4936.0 , Degree=0
K= 354
4936.0 , Degree=0
K= 355
4936.0 , Degree=0
K= 356
4784.9047619
K= 357
4936.0 , Degree=0
K= 358
21.8429454733
K= 359
4936.0 , Degree=0
K= 360
147.792774661
K= 361
28.3654076645
K= 362
4936.0 , Degree=0
K= 363
15.8333333333
K= 364
13099.5006973
K= 365
308.702020202
K= 366
4936.0 , Degree=0
K= 367
4936.0 , Degree=0
K= 368
4936.0 , Degree=0
K= 369
22.4948417215
K= 370
4936.0 , Degree=0
K= 371
4936.0 , Degree=0
K= 372
21.2559736385
K= 373
4936.0 , Degree=0
K= 374
4936.0 , Degree=0
K= 375
129.86851717
K= 376
4936.0 , Degree=0
K= 377
139.409770276
K= 378
18.077544185
K= 379
17.9290086089
K= 380
20.1469060572
K= 381
4936.0 , Degree=0
K= 382
2495.57971014
K= 383
4936.0 , Degree=0
K= 384
221.868192074
K= 385
4936.0 , Degree=0
K= 386
2493.29761905
K= 387
2518.63734545
K= 388
1795.28898611
K= 389
4936.0 , Degree=0
K= 390
29.9144970095
K= 391
4936.0 , Degree=0
K= 392
2314.68517322
K= 393
20.2966493749
K= 394
4936.0 , Degree=0
K= 395
4936.0 , Degree=0
K= 396
42.9990549741
K= 397
4936.0 , Degree=0
K= 398
4936.0 , Degree=0
K= 399
347.710714286
K= 400
4936.0 , Degree=0
K= 401
27.5418041574
K= 402
4936.0 , Degree=0
K= 403
2493.91666667
K= 404
4936.0 , Degree=0
K= 405
4936.0 , Degree=0
K= 406
4936.0 , Degree=0
K= 407
4936.0 , Degree=0
K= 408
12407.4
K= 409
4936.0 , Degree=0
K= 410
4936.0 , Degree=0
K= 411
4936.0 , Degree=0
K= 412
4936.0 , Degree=0
K= 413
4936.0 , Degree=0
K= 414
18.5747871367
K= 415
47.9563211307
K= 416
2501.88734545
K= 417
195.333333333
K= 418
4936.0 , Degree=0
K= 419
13090.8048109
K= 420
66.3397557139
K= 421
2514.31619991
K= 422
149.944635486
K= 423
4936.0 , Degree=0
K= 424
4936.0 , Degree=0
K= 425
4936.0 , Degree=0
K= 426
315.26458276
K= 427
4936.0 , Degree=0
K= 428
4936.0 , Degree=0
K= 429
26.0181747781
K= 430
44.26316229
K= 431
4936.0 , Degree=0
K= 432
40.3762329609
K= 433
1790.23188587
K= 434
4936.0 , Degree=0
K= 435
4936.0 , Degree=0
K= 436
4936.0 , Degree=0
K= 437
4936.0 , Degree=0
K= 438
17.019510511
K= 439
4936.0 , Degree=0
K= 440
4936.0 , Degree=0
K= 441
2635.73809524
K= 442
17.2612729578
K= 443
4936.0 , Degree=0
K= 444
52.5098891509
K= 445
4936.0 , Degree=0
K= 446
4936.0 , Degree=0
K= 447
4936.0 , Degree=0
K= 448
14.6119047619
K= 449
2327.5
K= 450
4936.0 , Degree=0
K= 451
4936.0 , Degree=0
K= 452
23.5733230403
K= 453
2477.95238095
K= 454
206.113810476
K= 455
4936.0 , Degree=0
K= 456
4936.0 , Degree=0
K= 457
305.570946451
K= 458
4936.0 , Degree=0
K= 459
4936.0 , Degree=0
K= 460
4936.0 , Degree=0
K= 461
4936.0 , Degree=0
K= 462
4936.0 , Degree=0
K= 463
2495.57971014
K= 464
4936.0 , Degree=0
K= 465
16.8941077571
K= 466
370.906593407
K= 467
123.007692308
K= 468
4936.0 , Degree=0
K= 469
18.6058411412
K= 470
88.8461516577
K= 471
23.4199424036
K= 472
1787.22950491
K= 473
37.994619747
K= 474
19.0946062911
K= 475
4936.0 , Degree=0
K= 476
4936.0 , Degree=0
K= 477
4936.0 , Degree=0
K= 478
3247.97755164
K= 479
4936.0 , Degree=0
K= 480
82.3972422899
K= 481
4936.0 , Degree=0
K= 482
4936.0 , Degree=0
K= 483
4771.0
K= 484
1812.19471646
K= 485
4936.0 , Degree=0
K= 486
4936.0 , Degree=0
K= 487
1807.70240363
K= 488
3086.89421831
K= 489
4936.0 , Degree=0
K= 490
4936.0 , Degree=0
K= 491
4936.0 , Degree=0
K= 492
2372.5
K= 493
4936.0 , Degree=0
K= 494
12.580952381
K= 495
4936.0 , Degree=0
K= 496
4936.0 , Degree=0
K= 497
317.276190476
K= 498
14902.3333333
K= 499
4936.0 , Degree=0
K= 500
16.4047619047
K= 501
2511.24185128
K= 502
13.3309523809
K= 503
2489.64285714
K= 504
281.864203232
K= 505
4936.0 , Degree=0
K= 506
4936.0 , Degree=0
K= 507
4771.0
K= 508
4936.0 , Degree=0
K= 509
298.960060184
K= 510
281.864203232
K= 511
4936.0 , Degree=0
K= 512
4936.0 , Degree=0
K= 513
2327.5
K= 514
1401.63991111
K= 515
41.3664140226
K= 516
4936.0 , Degree=0
K= 517
22.6997538398
K= 518
4936.0 , Degree=0
K= 519
4754.0
K= 520
2493.57971014
K= 521
4936.0 , Degree=0
K= 522
2590.5521978
K= 523
4936.0 , Degree=0
K= 524
114.562352181
K= 525
4936.0 , Degree=0
K= 526
4936.0 , Degree=0
K= 527
220.862531913
K= 528
2621.26565041
K= 529
290.5
K= 530
19.9862689325
K= 531
4936.0 , Degree=0
K= 532
4936.0 , Degree=0
K= 533
42.4664418444
K= 534
4936.0 , Degree=0
K= 535
4936.0 , Degree=0
K= 536
4936.0 , Degree=0
K= 537
19.8559818707
K= 538
304.22024678
K= 539
2305.0
K= 540
35.1547491165
K= 541
2518.63734545
K= 542
14.9999999999
K= 543
4936.0 , Degree=0
K= 544
4936.0 , Degree=0
K= 545
4936.0 , Degree=0
K= 546
37.1695478596
K= 547
3247.97755164
K= 548
1913.82997157
K= 549
4762.0
K= 550
38.5037713003
K= 551
4936.0 , Degree=0
K= 552
4936.0 , Degree=0
K= 553
4784.0
K= 554
4936.0 , Degree=0
K= 555
306.931472391
K= 556
111.894993144
K= 557
4936.0 , Degree=0
K= 558
299.754009879
K= 559
4936.0 , Degree=0
K= 560
4936.0 , Degree=0
K= 561
232.944444444
K= 562
312.657581516
K= 563
4936.0 , Degree=0
K= 564
2629.93333333
K= 565
324.880194805
K= 566
4936.0 , Degree=0
K= 567
89.6524839522
K= 568
4936.0 , Degree=0
K= 569
58.8544199168
K= 570
247.494670096
K= 571
4936.0 , Degree=0
K= 572
131.952597213
K= 573
4936.0 , Degree=0
K= 574
4936.0 , Degree=0
K= 575
301.005821365
K= 576
4936.0 , Degree=0
K= 577
20.7142857142
K= 578
4936.0 , Degree=0
K= 579
4936.0 , Degree=0
K= 580
34.7733312934
K= 581
48.2442291706
K= 582
4936.0 , Degree=0
K= 583
36.338095238
K= 584
4936.0 , Degree=0
K= 585
4936.0 , Degree=0
K= 586
4936.0 , Degree=0
K= 587
4936.0 , Degree=0
K= 588
4936.0 , Degree=0
K= 589
35.570703288
K= 590
4936.0 , Degree=0
K= 591
2621.9031746
K= 592
4936.0 , Degree=0
K= 593
4936.0 , Degree=0
K= 594
4770.88571429
K= 595
4936.0 , Degree=0
K= 596
19.7325785193
K= 597
4936.0 , Degree=0
K= 598
25.384947352
K= 599
1345.11498737
K= 600
2496.07971014
K= 601
304.032802695
K= 602
4936.0 , Degree=0
K= 603
4936.0 , Degree=0
K= 604
285.999728003
K= 605
2495.57575758
K= 606
2592.98001253
K= 607
2372.5
K= 608
17.0653269619
K= 609
129.335548655
K= 610
4936.0 , Degree=0
K= 611
4936.0 , Degree=0
K= 612
2488.65066941
K= 613
318.511827135
K= 614
4936.0 , Degree=0
K= 615
4936.0 , Degree=0
K= 616
4936.0 , Degree=0
K= 617
18.4325162749
K= 618
20.7906434274
K= 619
4936.0 , Degree=0
K= 620
4936.0 , Degree=0
K= 621
266.603684546
K= 622
19.9641715084
K= 623
130.925612853
K= 624
4936.0 , Degree=0
K= 625
4936.0 , Degree=0
K= 626
4936.0 , Degree=0
K= 627
18.7774311635
K= 628
4936.0 , Degree=0
K= 629
4936.0 , Degree=0
K= 630
4786.0
K= 631
4936.0 , Degree=0
K= 632
4936.0 , Degree=0
K= 633
4936.0 , Degree=0
K= 634
4936.0 , Degree=0
K= 635
4936.0 , Degree=0
K= 636
4936.0 , Degree=0
K= 637
1825.31154432
K= 638
4936.0 , Degree=0
K= 639
2616.45704802
K= 640
2518.63734545
K= 641
4936.0 , Degree=0
K= 642
30.1877400268
K= 643
1784.8152192
K= 644
4936.0 , Degree=0
K= 645
4936.0 , Degree=0
K= 646
258.335477166
K= 647
4936.0 , Degree=0
K= 648
4936.0 , Degree=0
K= 649
4936.0 , Degree=0
K= 650
4936.0 , Degree=0
K= 651
328.27806834
K= 652
1899.60641527
K= 653
4936.0 , Degree=0
K= 654
2601.29246032
K= 655
2372.5
K= 656
4936.0 , Degree=0
K= 657
2307.34308613
K= 658
19.2910818063
K= 659
4936.0 , Degree=0
K= 660
4936.0 , Degree=0
K= 661
4936.0 , Degree=0
K= 662
4936.0 , Degree=0
K= 663
1947.65323546
K= 664
4936.0 , Degree=0
K= 665
4936.0 , Degree=0
K= 666
4936.0 , Degree=0
K= 667
4936.0 , Degree=0
K= 668
4936.0 , Degree=0
K= 669
24.7712946204
K= 670
2310.27583047
K= 671
4936.0 , Degree=0
K= 672
319.776190476
K= 673
24.8405255275
K= 674
85.7827581242
K= 675
42.1114346811
K= 676
4936.0 , Degree=0
K= 677
4936.0 , Degree=0
K= 678
356.612301587
K= 679
4936.0 , Degree=0
K= 680
4936.0 , Degree=0
K= 681
2494.16666667
K= 682
40.5464016817
K= 683
4936.0 , Degree=0
K= 684
4936.0 , Degree=0
K= 685
4936.0 , Degree=0
K= 686
18.1935842946
K= 687
129.257667219
K= 688
4936.0 , Degree=0
K= 689
115.174656341
K= 690
4936.0 , Degree=0
K= 691
2635.19285714
K= 692
20.3557144867
K= 693
4936.0 , Degree=0
K= 694
15.6666666666
K= 695
1794.21928418
K= 696
4936.0 , Degree=0
K= 697
13063.496361
K= 698
4936.0 , Degree=0
K= 699
4936.0 , Degree=0
K= 700
4936.0 , Degree=0
K= 701
2305.0
K= 702
2493.33333333
K= 703
35.9204688303
K= 704
4936.0 , Degree=0
K= 705
257.535059385
K= 706
3247.97755164
K= 707
4936.0 , Degree=0
K= 708
281.864203232
K= 709
16.3868891639
K= 710
4936.0 , Degree=0
K= 711
19.0946062911
K= 712
4936.0 , Degree=0
K= 713
50.2862819426
K= 714
4936.0 , Degree=0
K= 715
4936.0 , Degree=0
K= 716
15.9999999999
K= 717
4936.0 , Degree=0
K= 718
9959.3030303
K= 719
24.380194606
K= 720
48.1549367041
K= 721
2307.07087752
K= 722
30.7613078253
K= 723
347.747162698
K= 724
9959.66666667
K= 725
4936.0 , Degree=0
K= 726
4755.0
K= 727
2327.5
K= 728
4936.0 , Degree=0
K= 729
4936.0 , Degree=0
K= 730
15.3333333333
K= 731
4936.0 , Degree=0
K= 732
2603.91558356
K= 733
4936.0 , Degree=0
K= 734
23.5599063282
K= 735
2491.91164274
K= 736
4936.0 , Degree=0
K= 737
4936.0 , Degree=0
K= 738
4936.0 , Degree=0
K= 739
4885.0
K= 740
4936.0 , Degree=0
K= 741
17.2941077572
K= 742
2516.61962883
K= 743
31.2574302727
K= 744
4936.0 , Degree=0
K= 745
2493.63809524
K= 746
30.3074884671
K= 747
4936.0 , Degree=0
K= 748
4936.0 , Degree=0
K= 749
4936.0 , Degree=0
K= 750
24.7397098938
K= 751
22.8878306829
K= 752
205.030869899
K= 753
4936.0 , Degree=0
K= 754
13096.698744
K= 755
4936.0 , Degree=0
K= 756
282.409657778
K= 757
4936.0 , Degree=0
K= 758
4936.0 , Degree=0
K= 759
217.323637472
K= 760
280.514678719
K= 761
4936.0 , Degree=0
K= 762
4936.0 , Degree=0
K= 763
4936.0 , Degree=0
K= 764
4936.0 , Degree=0
K= 765
50.1362902176
K= 766
4936.0 , Degree=0
K= 767
4936.0 , Degree=0
K= 768
4936.0 , Degree=0
K= 769
20.0645604396
K= 770
4936.0 , Degree=0
K= 771
2513.94487734
K= 772
21.2623419422
K= 773
4936.0 , Degree=0
K= 774
39.6540411441
K= 775
4936.0 , Degree=0
K= 776
2348.0
K= 777
4936.0 , Degree=0
K= 778
236.058928571
K= 779
4936.0 , Degree=0
K= 780
23.4249002201
K= 781
2402.5
K= 782
4936.0 , Degree=0
K= 783
30.672320569
K= 784
4936.0 , Degree=0
K= 785
4936.0 , Degree=0
K= 786
4936.0 , Degree=0
K= 787
4936.0 , Degree=0
K= 788
64.7982143396
K= 789
41.8684897923
K= 790
56.2325803087
K= 791
4936.0 , Degree=0
K= 792
4770.85897436
K= 793
4936.0 , Degree=0
K= 794
13.0887284284
K= 795
4936.0 , Degree=0
K= 796
257.722620674
K= 797
15023.9320568
K= 798
4936.0 , Degree=0
K= 799
4936.0 , Degree=0
K= 800
256.089860344
K= 801
4936.0 , Degree=0
K= 802
4936.0 , Degree=0
K= 803
2331.66666667
K= 804
2489.5041107
K= 805
15.4999999999
K= 806
30.7350845333
K= 807
218.085793807
K= 808
4936.0 , Degree=0
K= 809
2495.0
K= 810
4936.0 , Degree=0
K= 811
4936.0 , Degree=0
K= 812
17.3934277214
K= 813
4936.0 , Degree=0
K= 814
4936.0 , Degree=0
K= 815
4936.0 , Degree=0
K= 816
105.106274118
K= 817
4936.0 , Degree=0
K= 818
12369.6031065
K= 819
2510.82352101
K= 820
4936.0 , Degree=0
K= 821
4936.0 , Degree=0
K= 822
4936.0 , Degree=0
K= 823
25.2591970122
K= 824
4936.0 , Degree=0
K= 825
2348.0
K= 826
4936.0 , Degree=0
K= 827
4936.0 , Degree=0
K= 828
29.8237638753
K= 829
118.462878082
K= 830
4780.0
K= 831
4936.0 , Degree=0
K= 832
15.6666666666
K= 833
4936.0 , Degree=0
K= 834
17.3050810299
K= 835
4936.0 , Degree=0
K= 836
4784.0
K= 837
38.5678790037
K= 838
49.3176418275
K= 839
40.366142395
K= 840
4784.33333333
K= 841
2300.0
K= 842
304.062637363
K= 843
131.891358588
K= 844
2490.32993636
K= 845
4936.0 , Degree=0
K= 846
23.0634609108
K= 847
4936.0 , Degree=0
K= 848
296.860189993
K= 849
4936.0 , Degree=0
K= 850
4936.0 , Degree=0
K= 851
268.285714286
K= 852
18.0235027168
K= 853
7553.88930301
K= 854
13054.5828777
K= 855
4936.0 , Degree=0
K= 856
39.3370320758
K= 857
160.171882166
K= 858
4936.0 , Degree=0
K= 859
2372.5
K= 860
77.1445374125
K= 861
4936.0 , Degree=0
K= 862
4936.0 , Degree=0
K= 863
27.6135111346
K= 864
18.0235027168
K= 865
4936.0 , Degree=0
K= 866
4936.0 , Degree=0
K= 867
2308.33364875
K= 868
4936.0 , Degree=0
K= 869
2493.87732919
K= 870
4936.0 , Degree=0
K= 871
1845.71192883
K= 872
4773.0
K= 873
4936.0 , Degree=0
K= 874
4936.0 , Degree=0
K= 875
4936.0 , Degree=0
K= 876
4936.0 , Degree=0
K= 877
354.320634921
K= 878
4936.0 , Degree=0
K= 879
4936.0 , Degree=0
K= 880
1795.28001666
K= 881
4936.0 , Degree=0
K= 882
19.0577447531
K= 883
4936.0 , Degree=0
K= 884
4936.0 , Degree=0
K= 885
298.610270775
K= 886
290.226190476
K= 887
4936.0 , Degree=0
K= 888
4936.0 , Degree=0
K= 889
38.8880533465
K= 890
17.8293774269
K= 891
1798.88778071
K= 892
1786.43643132
K= 893
4936.0 , Degree=0
K= 894
4936.0 , Degree=0
K= 895
2622.15952381
K= 896
4936.0 , Degree=0
K= 897
2372.5
K= 898
2636.92063492
K= 899
4936.0 , Degree=0
K= 900
65.2191467629
K= 901
4936.0 , Degree=0
K= 902
2348.0
K= 903
4936.0 , Degree=0
K= 904
4936.0 , Degree=0
K= 905
1824.10858691
K= 906
4936.0 , Degree=0
K= 907
31.569688981
K= 908
18.6886271087
K= 909
4936.0 , Degree=0
K= 910
37.9389745629
K= 911
4936.0 , Degree=0
K= 912
318.02907378
K= 913
4936.0 , Degree=0
K= 914
4779.33333333
K= 915
123.083441429
K= 916
4936.0 , Degree=0
K= 917
4936.0 , Degree=0
K= 918
2516.72574037
K= 919
2518.08737374
K= 920
16.0053596439
K= 921
2601.29246032
K= 922
4936.0 , Degree=0
K= 923
4936.0 , Degree=0
K= 924
4936.0 , Degree=0
K= 925
16.3430861345
K= 926
18.077544185
K= 927
1786.47531772
K= 928
143.340712556
K= 929
4936.0 , Degree=0
K= 930
222.208894207
K= 931
18.8402433932
K= 932
22.9122648428
K= 933
134.748224514
K= 934
4936.0 , Degree=0
K= 935
15.6540898025
K= 936
4936.0 , Degree=0
K= 937
63.8513864575
K= 938
4936.0 , Degree=0
K= 939
4786.0
K= 940
4936.0 , Degree=0
K= 941
4936.0 , Degree=0
K= 942
4936.0 , Degree=0
K= 943
4936.0 , Degree=0
K= 944
2626.13526231
K= 945
2305.5
K= 946
4936.0 , Degree=0
K= 947
37.0324635563
K= 948
4936.0 , Degree=0
K= 949
4936.0 , Degree=0
K= 950
18.5597717582
K= 951
47.4954847952
K= 952
2506.1472938
K= 953
4936.0 , Degree=0
K= 954
2372.5
K= 955
4936.0 , Degree=0
K= 956
4936.0 , Degree=0
K= 957
2496.07575758
K= 958
1789.3152192
K= 959
57.7219964699
K= 960
327.445673216
K= 961
4936.0 , Degree=0
K= 962
4936.0 , Degree=0
K= 963
14.9999999999
K= 964
4936.0 , Degree=0
K= 965
4936.0 , Degree=0
K= 966
2386.0
K= 967
4936.0 , Degree=0
K= 968
2523.70295688
K= 969
4762.0
K= 970
41.4760848361
K= 971
133.792504586
K= 972
4936.0 , Degree=0
K= 973
4936.0 , Degree=0
K= 974
2372.5
K= 975
2372.5
K= 976
4936.0 , Degree=0
K= 977
19.6258142405
K= 978
4936.0 , Degree=0
K= 979
58.1775956519
K= 980
4936.0 , Degree=0
K= 981
4936.0 , Degree=0
K= 982
20.1289895115
K= 983
4936.0 , Degree=0
K= 984
201.466519848
K= 985
4936.0 , Degree=0
K= 986
4936.0 , Degree=0
K= 987
807.37074013
K= 988
2305.0
K= 989
4936.0 , Degree=0
K= 990
4936.0 , Degree=0
K= 991
24.8551226398
K= 992
4936.0 , Degree=0
K= 993
1810.70807634
K= 994
4936.0 , Degree=0
K= 995
94.0807692748
K= 996
4936.0 , Degree=0
K= 997
44.6508559961
K= 998
2495.83333333
K= 999
4936.0 , Degree=0
K= 1000
4936.0 , Degree=0
K= 1001
4936.0 , Degree=0
K= 1002
4936.0 , Degree=0
K= 1003
203.712121212
K= 1004
19.0946062911
K= 1005
322.4540977
K= 1006
113.19459024
K= 1007
1800.58421271
K= 1008
30.0505068743
K= 1009
4936.0 , Degree=0
K= 1010
4936.0 , Degree=0
K= 1011
14313.0
K= 1012
1829.42856276
K= 1013
4936.0 , Degree=0
K= 1014
1793.23240983
K= 1015
4783.66666667
K= 1016
18.9520107539
K= 1017
4936.0 , Degree=0
K= 1018
4936.0 , Degree=0
K= 1019
4936.0 , Degree=0
K= 1020
2518.63734545
K= 1021
4936.0 , Degree=0
K= 1022
4936.0 , Degree=0
K= 1023
2372.5
K= 1024
1788.8152192
K= 1025
4936.0 , Degree=0
K= 1026
2493.91666667
K= 1027
4936.0 , Degree=0
K= 1028
1788.3152192
K= 1029
4936.0 , Degree=0
K= 1030
1962.83384462
K= 1031
2642.25
K= 1032
18.4227463614
K= 1033
4936.0 , Degree=0
K= 1034
44.4991797474
K= 1035
4936.0 , Degree=0
K= 1036
21.6353520509
K= 1037
4544.81818182
K= 1038
41.2664727271
K= 1039
15029.0
K= 1040
1812.55807634
K= 1041
4784.5
K= 1042
22.8028326467
K= 1043
4936.0 , Degree=0
K= 1044
2649.5
K= 1045
2518.08737374
K= 1046
4936.0 , Degree=0
K= 1047
318.260508292
K= 1048
2490.32362323
K= 1049
111.781013431
K= 1050
4936.0 , Degree=0
K= 1051
4936.0 , Degree=0
K= 1052
4936.0 , Degree=0
K= 1053
28.3933648291
K= 1054
1796.3329109
K= 1055
4936.0 , Degree=0
K= 1056
4936.0 , Degree=0
K= 1057
4936.0 , Degree=0
K= 1058
664.500345733
K= 1059
24.172673337
K= 1060
18.9389530546
K= 1061
49.7517232297
K= 1062
18.4768891639
K= 1063
2244.09489301
K= 1064
42.0154774679
K= 1065
4936.0 , Degree=0
K= 1066
4936.0 , Degree=0
K= 1067
4936.0 , Degree=0
K= 1068
18.1452912621
K= 1069
2348.0
K= 1070
35.2549651921
K= 1071
4936.0 , Degree=0
K= 1072
2599.11195445
K= 1073
4936.0 , Degree=0
K= 1074
2491.51984127
K= 1075
4936.0 , Degree=0
K= 1076
25.6414842975
K= 1077
4936.0 , Degree=0
K= 1078
15.4999999999
K= 1079
4936.0 , Degree=0
K= 1080
4544.81818182
K= 1081
18.730082307
K= 1082
4936.0 , Degree=0
K= 1083
2372.5
K= 1084
4936.0 , Degree=0
K= 1085
18.2093708321
K= 1086
319.146489766
K= 1087
4936.0 , Degree=0
K= 1088
18.0235027168
K= 1089
4936.0 , Degree=0
K= 1090
312.834068365
K= 1091
40.0406222307
K= 1092
51.0496056124
K= 1093
4936.0 , Degree=0
K= 1094
1795.28001666
K= 1095
4936.0 , Degree=0
K= 1096
4936.0 , Degree=0
K= 1097
4936.0 , Degree=0
K= 1098
4936.0 , Degree=0
K= 1099
4936.0 , Degree=0
K= 1100
37.4526956624
K= 1101
218.713414663
K= 1102
2347.0
K= 1103
4936.0 , Degree=0
K= 1104
181.8656753
K= 1105
4936.0 , Degree=0
K= 1106
22.1539019329
K= 1107
4936.0 , Degree=0
K= 1108
4936.0 , Degree=0
K= 1109
4936.0 , Degree=0
K= 1110
33.6612729579
K= 1111
4936.0 , Degree=0
K= 1112
4936.0 , Degree=0
K= 1113
1809.35136999
K= 1114
4936.0 , Degree=0
K= 1115
16.8527831036
K= 1116
4936.0 , Degree=0
K= 1117
24.1261765967
K= 1118
48.8134639878
K= 1119
4784.5
K= 1120
4936.0 , Degree=0
K= 1121
4785.5
K= 1122
1866.15083377
K= 1123
4936.0 , Degree=0
K= 1124
4719.62857143
K= 1125
4936.0 , Degree=0
K= 1126
50.6484373378
K= 1127
2495.5
K= 1128
4936.0 , Degree=0
K= 1129
4936.0 , Degree=0
K= 1130
4782.0
K= 1131
4936.0 , Degree=0
K= 1132
188.939777135
K= 1133
4936.0 , Degree=0
K= 1134
4936.0 , Degree=0
K= 1135
4783.82608696
K= 1136
2372.5
K= 1137
4936.0 , Degree=0
K= 1138
2601.16666667
K= 1139
4780.33333333
K= 1140
2496.0
K= 1141
223.745177045
K= 1142
4778.86666667
K= 1143
4936.0 , Degree=0
K= 1144
4936.0 , Degree=0
K= 1145
2327.5
K= 1146
4936.0 , Degree=0
K= 1147
58.0046267217
K= 1148
4936.0 , Degree=0
K= 1149
4784.5
K= 1150
1783.70829916
K= 1151
4936.0 , Degree=0
K= 1152
4783.81818182
K= 1153
4936.0 , Degree=0
K= 1154
4936.0 , Degree=0
K= 1155
1790.98188587
K= 1156
244.338920895
K= 1157
2445.48809524
K= 1158
2499.95512821
K= 1159
4936.0 , Degree=0
K= 1160
4781.0
K= 1161
18.4768891639
K= 1162
300.233795532
K= 1163
25.0335497836
K= 1164
214.678475175
K= 1165
4936.0 , Degree=0
K= 1166
32.8708249512
K= 1167
199.872222222
K= 1168
58.9482239523
K= 1169
224.099458874
K= 1170
2518.63734545
K= 1171
4936.0 , Degree=0
K= 1172
4936.0 , Degree=0
K= 1173
2598.46695749
K= 1174
258.205456157
K= 1175
4936.0 , Degree=0
K= 1176
4936.0 , Degree=0
K= 1177
4936.0 , Degree=0
K= 1178
2641.07971014
K= 1179
315.035373496
K= 1180
23.7963108347
K= 1181
4936.0 , Degree=0
K= 1182
24.7996767795
K= 1183
4936.0 , Degree=0
K= 1184
4707.0
K= 1185
4936.0 , Degree=0
K= 1186
398.414255189
K= 1187
43.8022886565
K= 1188
2496.07971014
K= 1189
4784.63636364
K= 1190
56.8205310269
K= 1191
4936.0 , Degree=0
K= 1192
314.136147186
K= 1193
4936.0 , Degree=0
K= 1194
237.305040794
K= 1195
1905.09048715
K= 1196
4936.0 , Degree=0
K= 1197
42.4664418444
K= 1198
17.8559066472
K= 1199
4983.46262626
K= 1200
4936.0 , Degree=0
Betweenness Centrality Improvement
[ 51.61541997  44.46506315  34.28423548 ...,   0.           0.           0.        ]
Top 20 BC Improvement
[1039  797  498   12 1011  263  364  754  341  419  697  854  138  408  818
  724  718  853 1199  306]
Top 20 BC Improvement
[ 15029.          15023.93205683  14902.33333333  14323.          14313.
  14313.          13099.50069728  13096.69874397  13095.66885867
  13090.80481092  13063.49636104  13054.58287774  13041.49626867  12407.4
  12369.60310649   9959.66666667   9959.3030303    7553.88930301
   4983.46262626   4980.54444444]
