txValue= 1000000
Input graph
IGRAPH D--- 4619 68733 -- 
+ attr: pub_key (v), base_fee (e), capacity (e), fee_rate (e), txCost (e)
None
Graph after edges deleted
IGRAPH D--- 4619 32193 -- 
+ attr: pub_key (v), base_fee (e), capacity (e), fee_rate (e), txCost (e)
None
Our nodes starting connections: 
(4618, 2796)
(4618, 1223)
(4618, 1163)
(4618, 222)
CurrentBC of our node:  362068.478608
K= 1200
4936.0 , Degree=0
K= 1201
4936.0 , Degree=0
K= 1202
4976.19480519
K= 1203
4936.0 , Degree=0
K= 1204
2492.77222222
K= 1205
4936.0 , Degree=0
K= 1206
27.4987704342
K= 1207
4936.0 , Degree=0
K= 1208
4936.0 , Degree=0
K= 1209
98.1579909045
K= 1210
18.1304212803
K= 1211
17.8432224841
K= 1212
37.1695478596
K= 1213
340.205866356
K= 1214
2496.0
K= 1215
324.160714286
K= 1216
4936.0 , Degree=0
K= 1217
4936.0 , Degree=0
K= 1218
28.9166666666
K= 1219
1792.98188587
K= 1220
19.8383381985
K= 1221
4936.0 , Degree=0
K= 1222
4936.0 , Degree=0
K= 1223
162.142901291
K= 1224
24.7921850406
K= 1225
15.3333333333
K= 1226
4936.0 , Degree=0
K= 1227
4936.0 , Degree=0
K= 1228
319.482059525
K= 1229
4936.0 , Degree=0
K= 1230
42.4664418444
K= 1231
21.6150668992
K= 1232
2197.33333333
K= 1233
15.6666666666
K= 1234
4936.0 , Degree=0
K= 1235
4936.0 , Degree=0
K= 1236
1792.48188587
K= 1237
4936.0 , Degree=0
K= 1238
4936.0 , Degree=0
K= 1239
4936.0 , Degree=0
K= 1240
310.414904203
K= 1241
528.702282377
K= 1242
4936.0 , Degree=0
K= 1243
4936.0 , Degree=0
K= 1244
4936.0 , Degree=0
K= 1245
4936.0 , Degree=0
K= 1246
2494.5
K= 1247
1869.3756925
K= 1248
4936.0 , Degree=0
K= 1249
38.7171669072
K= 1250
20.2776661986
K= 1251
4936.0 , Degree=0
K= 1252
37.1695478596
K= 1253
4936.0 , Degree=0
K= 1254
4936.0 , Degree=0
K= 1255
4936.0 , Degree=0
K= 1256
4936.0 , Degree=0
K= 1257
20.0992469669
K= 1258
4936.0 , Degree=0
K= 1259
4936.0 , Degree=0
K= 1260
42.6660936543
K= 1261
301.494443605
K= 1262
4936.0 , Degree=0
K= 1263
18.077544185
K= 1264
2496.92380952
K= 1265
46.5554703681
K= 1266
4936.0 , Degree=0
K= 1267
1800.37042099
K= 1268
1801.03659366
K= 1269
4936.0 , Degree=0
K= 1270
4936.0 , Degree=0
K= 1271
52.3009385916
K= 1272
4936.0 , Degree=0
K= 1273
1054.02974945
K= 1274
4936.0 , Degree=0
K= 1275
29.6262907651
K= 1276
300.603193134
K= 1277
2622.40436508
K= 1278
105.08122942
K= 1279
267.445515929
K= 1280
109.443013282
K= 1281
4936.0 , Degree=0
K= 1282
4936.0 , Degree=0
K= 1283
4936.0 , Degree=0
K= 1284
4936.0 , Degree=0
K= 1285
151.580128086
K= 1286
4936.0 , Degree=0
K= 1287
4936.0 , Degree=0
K= 1288
4936.0 , Degree=0
K= 1289
2483.60763841
K= 1290
4936.0 , Degree=0
K= 1291
240.435373496
K= 1292
4936.0 , Degree=0
K= 1293
4936.0 , Degree=0
K= 1294
15.5317460317
K= 1295
2306.60939383
K= 1296
4936.0 , Degree=0
K= 1297
4936.0 , Degree=0
K= 1298
2372.5
K= 1299
1824.9830849
K= 1300
21.3391764819
K= 1301
4936.0 , Degree=0
K= 1302
301.138922376
K= 1303
4936.0 , Degree=0
K= 1304
1787.73188587
K= 1305
2491.04570707
K= 1306
2491.5496732
K= 1307
2383.5
K= 1308
21.3304741505
K= 1309
4936.0 , Degree=0
K= 1310
4936.0 , Degree=0
K= 1311
30.2866431109
K= 1312
2504.2540404
K= 1313
4936.0 , Degree=0
K= 1314
2306.68913425
K= 1315
4936.0 , Degree=0
K= 1316
134.340792678
K= 1317
52.0361514661
K= 1318
135.97593942
K= 1319
4936.0 , Degree=0
K= 1320
13100.1837791
K= 1321
623.717106327
K= 1322
4936.0 , Degree=0
K= 1323
4936.0 , Degree=0
K= 1324
4936.0 , Degree=0
K= 1325
4936.0 , Degree=0
K= 1326
215.671246829
K= 1327
77.1632580333
K= 1328
906.456999779
K= 1329
4936.0 , Degree=0
K= 1330
2488.55976934
K= 1331
4936.0 , Degree=0
K= 1332
308.702020202
K= 1333
15.8333333333
K= 1334
2612.55400988
K= 1335
152.801449278
K= 1336
42.4664418444
K= 1337
364.083333333
K= 1338
19.3295207428
K= 1339
2372.5
K= 1340
4936.0 , Degree=0
K= 1341
4936.0 , Degree=0
K= 1342
4936.0 , Degree=0
K= 1343
4936.0 , Degree=0
K= 1344
313.578669411
K= 1345
4936.0 , Degree=0
K= 1346
4936.0 , Degree=0
K= 1347
4936.0 , Degree=0
K= 1348
230.818658139
K= 1349
4936.0 , Degree=0
K= 1350
22.6769515297
K= 1351
38.7464834959
K= 1352
127.772477903
K= 1353
2475.5
K= 1354
18.1452912621
K= 1355
4936.0 , Degree=0
K= 1356
46.9530769994
K= 1357
4936.0 , Degree=0
K= 1358
25.0172469608
K= 1359
73.338156192
K= 1360
4936.0 , Degree=0
K= 1361
4936.0 , Degree=0
K= 1362
9548.16666667
K= 1363
1792.64855253
K= 1364
2493.83333333
K= 1365
4936.0 , Degree=0
K= 1366
4936.0 , Degree=0
K= 1367
33.0622527203
K= 1368
4936.0 , Degree=0
K= 1369
4936.0 , Degree=0
K= 1370
49.8868156485
K= 1371
22.0751986395
K= 1372
116.743632177
K= 1373
4936.0 , Degree=0
K= 1374
4936.0 , Degree=0
K= 1375
4936.0 , Degree=0
K= 1376
25.2807542766
K= 1377
1817.74855253
K= 1378
15.9999999999
K= 1379
19.8495659787
K= 1380
4936.0 , Degree=0
K= 1381
2490.14331683
K= 1382
317.112788453
K= 1383
49.1407822033
K= 1384
4936.0 , Degree=0
K= 1385
309.023145593
K= 1386
4936.0 , Degree=0
K= 1387
4936.0 , Degree=0
K= 1388
4780.0
K= 1389
4936.0 , Degree=0
K= 1390
2479.01985454
K= 1391
4936.0 , Degree=0
K= 1392
321.29280877
K= 1393
4936.0 , Degree=0
K= 1394
24.4574306651
K= 1395
1794.54932783
K= 1396
4936.0 , Degree=0
K= 1397
97.7445228876
K= 1398
4936.0 , Degree=0
K= 1399
4936.0 , Degree=0
K= 1400
4936.0 , Degree=0
K= 1401
2372.5
K= 1402
4936.0 , Degree=0
K= 1403
4936.0 , Degree=0
K= 1404
4936.0 , Degree=0
K= 1405
22.2106184543
K= 1406
2495.57575758
K= 1407
19.1873015872
K= 1408
4936.0 , Degree=0
K= 1409
4936.0 , Degree=0
K= 1410
4936.0 , Degree=0
K= 1411
4936.0 , Degree=0
K= 1412
4936.0 , Degree=0
K= 1413
4936.0 , Degree=0
K= 1414
4751.425
K= 1415
212.089860344
K= 1416
320.816605617
K= 1417
19.6026036368
K= 1418
4936.0 , Degree=0
K= 1419
53.6181945705
K= 1420
1820.68124002
K= 1421
4936.0 , Degree=0
K= 1422
2327.5
K= 1423
4936.0 , Degree=0
K= 1424
4936.0 , Degree=0
K= 1425
37.1884103341
K= 1426
2327.5
K= 1427
2482.1
K= 1428
4936.0 , Degree=0
K= 1429
4936.0 , Degree=0
K= 1430
29.3888888889
K= 1431
4936.0 , Degree=0
K= 1432
1794.92215746
K= 1433
27.5094793941
K= 1434
4784.33333333
K= 1435
4936.0 , Degree=0
K= 1436
4936.0 , Degree=0
K= 1437
4936.0 , Degree=0
K= 1438
4936.0 , Degree=0
K= 1439
4936.0 , Degree=0
K= 1440
12439.0
K= 1441
4936.0 , Degree=0
K= 1442
4936.0 , Degree=0
K= 1443
2466.64156689
K= 1444
4936.0 , Degree=0
K= 1445
4936.0 , Degree=0
K= 1446
2345.10769231
K= 1447
4936.0 , Degree=0
K= 1448
4936.0 , Degree=0
K= 1449
4936.0 , Degree=0
K= 1450
22.4969518593
K= 1451
3247.97755164
K= 1452
4936.0 , Degree=0
K= 1453
1786.22217576
K= 1454
23.1515226709
K= 1455
368.918810601
K= 1456
4936.0 , Degree=0
K= 1457
14.5341891994
K= 1458
4936.0 , Degree=0
K= 1459
1795.71389294
K= 1460
4936.0 , Degree=0
K= 1461
4936.0 , Degree=0
K= 1462
37.0345333756
K= 1463
258.314810442
K= 1464
4936.0 , Degree=0
K= 1465
9872.0
K= 1466
4755.55512444
K= 1467
4936.0 , Degree=0
K= 1468
4936.0 , Degree=0
K= 1469
28.3593700612
K= 1470
4936.0 , Degree=0
K= 1471
4936.0 , Degree=0
K= 1472
135.254240697
K= 1473
4936.0 , Degree=0
K= 1474
4936.0 , Degree=0
K= 1475
37.1695478596
K= 1476
30.2188542273
K= 1477
4936.0 , Degree=0
K= 1478
2453.5
K= 1479
4936.0 , Degree=0
K= 1480
100.486911122
K= 1481
4936.0 , Degree=0
K= 1482
4936.0 , Degree=0
K= 1483
18.6058411412
K= 1484
2494.16666667
K= 1485
4936.0 , Degree=0
K= 1486
4936.0 , Degree=0
K= 1487
2601.16666667
K= 1488
30.9411563845
K= 1489
17.9290086089
K= 1490
20.3699595758
K= 1491
21.056338279
K= 1492
4936.0 , Degree=0
K= 1493
24.0033417076
K= 1494
4936.0 , Degree=0
K= 1495
4762.0
K= 1496
4936.0 , Degree=0
K= 1497
4936.0 , Degree=0
K= 1498
4936.0 , Degree=0
K= 1499
4936.0 , Degree=0
K= 1500
4763.35555556
K= 1501
36.9009869287
K= 1502
2620.23809524
K= 1503
4936.0 , Degree=0
K= 1504
245.338079553
K= 1505
4936.0 , Degree=0
K= 1506
4936.0 , Degree=0
K= 1507
19.5542418948
K= 1508
4936.0 , Degree=0
K= 1509
4936.0 , Degree=0
K= 1510
4936.0 , Degree=0
K= 1511
4936.0 , Degree=0
K= 1512
3247.97755164
K= 1513
2491.68452381
K= 1514
15.7798836527
K= 1515
2372.5
K= 1516
102.325313283
K= 1517
2139.45670749
K= 1518
149.516285412
K= 1519
4936.0 , Degree=0
K= 1520
4936.0 , Degree=0
K= 1521
4936.0 , Degree=0
K= 1522
4936.0 , Degree=0
K= 1523
100.23633265
K= 1524
20.116095844
K= 1525
4936.0 , Degree=0
K= 1526
276.5
K= 1527
20.6776942842
K= 1528
227.255904735
K= 1529
637.399474075
K= 1530
41.1346064302
K= 1531
4936.0 , Degree=0
K= 1532
4936.0 , Degree=0
K= 1533
4936.0 , Degree=0
K= 1534
4936.0 , Degree=0
K= 1535
46.8754718293
K= 1536
2518.63734545
K= 1537
21.1198435982
K= 1538
4936.0 , Degree=0
K= 1539
57.8387435736
K= 1540
39.4890817255
K= 1541
4936.0 , Degree=0
K= 1542
4936.0 , Degree=0
K= 1543
2494.53900709
K= 1544
29.9345987213
K= 1545
370.613636364
K= 1546
30.1478763185
K= 1547
4936.0 , Degree=0
K= 1548
42.2827914099
K= 1549
4936.0 , Degree=0
K= 1550
4936.0 , Degree=0
K= 1551
138.021210709
K= 1552
4784.33333333
K= 1553
323.928871329
K= 1554
4936.0 , Degree=0
K= 1555
4936.0 , Degree=0
K= 1556
35.4597673209
K= 1557
142.081292021
K= 1558
49.025799485
K= 1559
4936.0 , Degree=0
K= 1560
40.1807275586
K= 1561
4936.0 , Degree=0
K= 1562
4936.0 , Degree=0
K= 1563
2488.14156689
K= 1564
297.438197913
K= 1565
4936.0 , Degree=0
K= 1566
2495.66666667
K= 1567
1840.39223204
K= 1568
4936.0 , Degree=0
K= 1569
16.3327463614
K= 1570
40.1424510459
K= 1571
4936.0 , Degree=0
K= 1572
204.712272858
K= 1573
2490.33333333
K= 1574
4936.0 , Degree=0
K= 1575
4936.0 , Degree=0
K= 1576
27.8647937592
K= 1577
4936.0 , Degree=0
K= 1578
67.3340582049
K= 1579
4936.0 , Degree=0
K= 1580
167.394944116
K= 1581
4936.0 , Degree=0
K= 1582
4936.0 , Degree=0
K= 1583
4936.0 , Degree=0
K= 1584
4936.0 , Degree=0
K= 1585
4936.0 , Degree=0
K= 1586
21.5487825283
K= 1587
1808.47029941
K= 1588
25.8228987269
K= 1589
4936.0 , Degree=0
K= 1590
262.532813549
K= 1591
4936.0 , Degree=0
K= 1592
4936.0 , Degree=0
K= 1593
4936.0 , Degree=0
K= 1594
4936.0 , Degree=0
K= 1595
4936.0 , Degree=0
K= 1596
4936.0 , Degree=0
K= 1597
4936.0 , Degree=0
K= 1598
41.8374269861
K= 1599
4936.0 , Degree=0
K= 1600
4936.0 , Degree=0
K= 1601
4936.0 , Degree=0
K= 1602
4936.0 , Degree=0
K= 1603
43.7081578519
K= 1604
17.0993639964
K= 1605
281.864203232
K= 1606
4936.0 , Degree=0
K= 1607
2348.0
K= 1608
1819.75966364
K= 1609
4936.0 , Degree=0
K= 1610
84.7469534526
K= 1611
4936.0 , Degree=0
K= 1612
2372.5
K= 1613
26.3360648535
K= 1614
4936.0 , Degree=0
K= 1615
4782.33333333
K= 1616
38.0743097643
K= 1617
4936.0 , Degree=0
K= 1618
22.3860049364
K= 1619
2503.79304029
K= 1620
20.0421023288
K= 1621
43.518993573
K= 1622
7112.41666667
K= 1623
4936.0 , Degree=0
K= 1624
4936.0 , Degree=0
K= 1625
2314.68517322
K= 1626
56.2147449509
K= 1627
4936.0 , Degree=0
K= 1628
2394.34188944
K= 1629
2493.9047619
K= 1630
4936.0 , Degree=0
K= 1631
202.117539323
K= 1632
4936.0 , Degree=0
K= 1633
4936.0 , Degree=0
K= 1634
4936.0 , Degree=0
K= 1635
22.1209066328
K= 1636
47.0695389153
K= 1637
4936.0 , Degree=0
K= 1638
4936.0 , Degree=0
K= 1639
4936.0 , Degree=0
K= 1640
34.4793657791
K= 1641
4936.0 , Degree=0
K= 1642
4784.0
K= 1643
4936.0 , Degree=0
K= 1644
1786.98188587
K= 1645
2612.55400988
K= 1646
4936.0 , Degree=0
K= 1647
4936.0 , Degree=0
K= 1648
13140.0864388
K= 1649
4936.0 , Degree=0
K= 1650
281.864203232
K= 1651
15.3333333333
K= 1652
2594.98450993
K= 1653
4936.0 , Degree=0
K= 1654
2477.75
K= 1655
2374.59683605
K= 1656
15.9999999999
K= 1657
4936.0 , Degree=0
K= 1658
354.033333333
K= 1659
20.1434820722
K= 1660
18.0522204919
K= 1661
4936.0 , Degree=0
K= 1662
4785.5
K= 1663
4936.0 , Degree=0
K= 1664
4936.0 , Degree=0
K= 1665
23.3413625967
K= 1666
4936.0 , Degree=0
K= 1667
4936.0 , Degree=0
K= 1668
4936.0 , Degree=0
K= 1669
4936.0 , Degree=0
K= 1670
1793.60090156
K= 1671
298.464646695
K= 1672
4936.0 , Degree=0
K= 1673
2492.85555556
K= 1674
4936.0 , Degree=0
K= 1675
4936.0 , Degree=0
K= 1676
48.0521202136
K= 1677
1796.9402192
K= 1678
27.5777831036
K= 1679
4936.0 , Degree=0
K= 1680
4936.0 , Degree=0
K= 1681
26.3941730822
K= 1682
4936.0 , Degree=0
K= 1683
4936.0 , Degree=0
K= 1684
4936.0 , Degree=0
K= 1685
27.8169222908
K= 1686
4936.0 , Degree=0
K= 1687
2635.4952381
K= 1688
1789.48188587
K= 1689
45.4605005773
K= 1690
1788.98188587
K= 1691
16.1780978765
K= 1692
4936.0 , Degree=0
K= 1693
70.4278851509
K= 1694
4936.0 , Degree=0
K= 1695
4936.0 , Degree=0
K= 1696
296.583310744
K= 1697
3247.97755164
K= 1698
4936.0 , Degree=0
K= 1699
22.7063612908
K= 1700
309.233045287
K= 1701
227.792517634
K= 1702
331.922761346
K= 1703
2327.5
K= 1704
4936.0 , Degree=0
K= 1705
4773.0
K= 1706
4936.0 , Degree=0
K= 1707
2492.95604396
K= 1708
37.8040099462
K= 1709
4936.0 , Degree=0
K= 1710
2495.83333333
K= 1711
1787.3152192
K= 1712
4936.0 , Degree=0
K= 1713
2496.0
K= 1714
4936.0 , Degree=0
K= 1715
4936.0 , Degree=0
K= 1716
4936.0 , Degree=0
K= 1717
4936.0 , Degree=0
K= 1718
19.637340424
K= 1719
1796.77116928
K= 1720
1812.83845579
K= 1721
4936.0 , Degree=0
K= 1722
16.9241672597
K= 1723
4782.37142857
K= 1724
17.1129347298
K= 1725
298.960060184
K= 1726
325.139879913
K= 1727
4936.0 , Degree=0
K= 1728
4936.0 , Degree=0
K= 1729
336.420707071
K= 1730
4936.0 , Degree=0
K= 1731
4936.0 , Degree=0
K= 1732
4936.0 , Degree=0
K= 1733
39.7009955708
K= 1734
38.1809382282
K= 1735
4936.0 , Degree=0
K= 1736
4936.0 , Degree=0
K= 1737
20.3836748199
K= 1738
4936.0 , Degree=0
K= 1739
4936.0 , Degree=0
K= 1740
19.2839103875
K= 1741
301.581962482
K= 1742
2348.0
K= 1743
4936.0 , Degree=0
K= 1744
25.5567665303
K= 1745
279.0
K= 1746
4808.5
K= 1747
2606.98596682
K= 1748
15.6742329762
K= 1749
18.4301693835
K= 1750
2495.56666667
K= 1751
22.7805912915
K= 1752
4936.0 , Degree=0
K= 1753
4936.0 , Degree=0
K= 1754
4936.0 , Degree=0
K= 1755
21.5882917977
K= 1756
1789.48188587
K= 1757
322.937319984
K= 1758
5217.79581563
K= 1759
4936.0 , Degree=0
K= 1760
13106.5095331
K= 1761
29.7010489007
K= 1762
1904.17364864
K= 1763
4936.0 , Degree=0
K= 1764
16.6678103925
K= 1765
4936.0 , Degree=0
K= 1766
4936.0 , Degree=0
K= 1767
2372.5
K= 1768
2494.0
K= 1769
42.4664418444
K= 1770
2308.39924519
K= 1771
2494.4
K= 1772
4936.0 , Degree=0
K= 1773
4936.0 , Degree=0
K= 1774
4936.0 , Degree=0
K= 1775
4936.0 , Degree=0
K= 1776
958.028959766
K= 1777
4936.0 , Degree=0
K= 1778
4936.0 , Degree=0
K= 1779
2643.15909091
K= 1780
347.935714286
K= 1781
4936.0 , Degree=0
K= 1782
18.1452912621
K= 1783
28.047657166
K= 1784
1052.02239571
K= 1785
4783.0
K= 1786
1805.73188587
K= 1787
2327.5
K= 1788
78.4253129708
K= 1789
4936.0 , Degree=0
K= 1790
137.003570171
K= 1791
26.3852977325
K= 1792
4936.0 , Degree=0
K= 1793
15.6666666666
K= 1794
4936.0 , Degree=0
K= 1795
245.023904897
K= 1796
1794.6145753
K= 1797
40.6444608006
K= 1798
4936.0 , Degree=0
K= 1799
29.33356252
K= 1800
4936.0 , Degree=0
K= 1801
4936.0 , Degree=0
K= 1802
4936.0 , Degree=0
K= 1803
2496.0
K= 1804
16.6071619464
K= 1805
13039.3213918
K= 1806
4936.0 , Degree=0
K= 1807
4936.0 , Degree=0
K= 1808
77.1793682748
K= 1809
15.3365701518
K= 1810
356.861904762
K= 1811
9.83333333331
K= 1812
4936.0 , Degree=0
K= 1813
50.5754671901
K= 1814
27.6277632993
K= 1815
34.2257910776
K= 1816
4936.0 , Degree=0
K= 1817
1817.64906267
K= 1818
29.4043933298
K= 1819
2308.4765059
K= 1820
9975.5
K= 1821
17.6274435485
K= 1822
4936.0 , Degree=0
K= 1823
4936.0 , Degree=0
K= 1824
2372.5
K= 1825
4936.0 , Degree=0
K= 1826
4936.0 , Degree=0
K= 1827
51.1388976016
K= 1828
182.349124525
K= 1829
18.4227463614
K= 1830
4936.0 , Degree=0
K= 1831
4936.0 , Degree=0
K= 1832
4640.23714085
K= 1833
2612.55400988
K= 1834
4936.0 , Degree=0
K= 1835
2493.90697674
K= 1836
4936.0 , Degree=0
K= 1837
4936.0 , Degree=0
K= 1838
2306.95800385
K= 1839
37.7064915629
K= 1840
2571.51829628
K= 1841
4936.0 , Degree=0
K= 1842
111.114346764
K= 1843
19.0946062911
K= 1844
304.097275901
K= 1845
21.736804982
K= 1846
4936.0 , Degree=0
K= 1847
4936.0 , Degree=0
K= 1848
4936.0 , Degree=0
K= 1849
22.878190174
K= 1850
21.4797722908
K= 1851
4936.0 , Degree=0
K= 1852
4762.92745098
K= 1853
2386.0
K= 1854
4936.0 , Degree=0
K= 1855
1905.13499942
K= 1856
21.1628295031
K= 1857
2493.5
K= 1858
4936.0 , Degree=0
K= 1859
4936.0 , Degree=0
K= 1860
4936.0 , Degree=0
K= 1861
4936.0 , Degree=0
K= 1862
4936.0 , Degree=0
K= 1863
2314.5
K= 1864
31.9781392209
K= 1865
301.494443605
K= 1866
34.6059497436
K= 1867
281.864203232
K= 1868
2372.5
K= 1869
128.340804083
K= 1870
4936.0 , Degree=0
K= 1871
37.1695478596
K= 1872
24.597182364
K= 1873
4936.0 , Degree=0
K= 1874
29.0252894035
K= 1875
4936.0 , Degree=0
K= 1876
4783.91666667
K= 1877
35.4171725152
K= 1878
101.075156243
K= 1879
17.3934277214
K= 1880
4936.0 , Degree=0
K= 1881
4936.0 , Degree=0
K= 1882
19.3845154421
K= 1883
17.8140876099
K= 1884
4936.0 , Degree=0
K= 1885
2493.87732919
K= 1886
13092.2820671
K= 1887
22.5542131921
K= 1888
15.6666666666
K= 1889
141.860062991
K= 1890
4936.0 , Degree=0
K= 1891
2589.91011236
K= 1892
18.8341227612
K= 1893
4785.5
K= 1894
4936.0 , Degree=0
K= 1895
2348.0
K= 1896
4762.0
K= 1897
4936.0 , Degree=0
K= 1898
4936.0 , Degree=0
K= 1899
51.7133211268
K= 1900
315.663003663
K= 1901
4936.0 , Degree=0
K= 1902
16.7731111706
K= 1903
4936.0 , Degree=0
K= 1904
1804.47756931
K= 1905
20.3679922018
K= 1906
4936.0 , Degree=0
K= 1907
22.1453948444
K= 1908
2493.04307359
K= 1909
21.4714285714
K= 1910
16.7494130282
K= 1911
16.4999999999
K= 1912
30.8386709
K= 1913
2348.0
K= 1914
4936.0 , Degree=0
K= 1915
4936.0 , Degree=0
K= 1916
4784.5
K= 1917
4936.0 , Degree=0
K= 1918
22.1905301652
K= 1919
4790.34141414
K= 1920
2601.29246032
K= 1921
4936.0 , Degree=0
K= 1922
2306.9786246
K= 1923
301.205866356
K= 1924
32.6958369514
K= 1925
2495.5
K= 1926
4936.0 , Degree=0
K= 1927
4936.0 , Degree=0
K= 1928
1831.60832937
K= 1929
19.3939377936
K= 1930
202.745409856
K= 1931
697.694017094
K= 1932
295.889860344
K= 1933
4936.0 , Degree=0
K= 1934
4936.0 , Degree=0
K= 1935
320.124765072
K= 1936
4936.0 , Degree=0
K= 1937
27.9567974387
K= 1938
27.8729368874
K= 1939
18.1452912621
K= 1940
4936.0 , Degree=0
K= 1941
4936.0 , Degree=0
K= 1942
4936.0 , Degree=0
K= 1943
2465.0
K= 1944
4784.5
K= 1945
4936.0 , Degree=0
K= 1946
18.0798681133
K= 1947
4936.0 , Degree=0
K= 1948
2582.57524319
K= 1949
40.6248324124
K= 1950
4936.0 , Degree=0
K= 1951
4936.0 , Degree=0
K= 1952
4936.0 , Degree=0
K= 1953
4936.0 , Degree=0
K= 1954
13.9142857143
K= 1955
2518.63734545
K= 1956
4936.0 , Degree=0
K= 1957
28.7804485732
K= 1958
298.960060184
K= 1959
4709.81818182
K= 1960
1789.60482212
K= 1961
90.9761904762
K= 1962
2493.90833333
K= 1963
21.7433479352
K= 1964
2636.95634921
K= 1965
21.8228949724
K= 1966
4936.0 , Degree=0
K= 1967
4936.0 , Degree=0
K= 1968
2386.0
K= 1969
4936.0 , Degree=0
K= 1970
4936.0 , Degree=0
K= 1971
110.073127084
K= 1972
4936.0 , Degree=0
K= 1973
4936.0 , Degree=0
K= 1974
4936.0 , Degree=0
K= 1975
4936.0 , Degree=0
K= 1976
4936.0 , Degree=0
K= 1977
4936.0 , Degree=0
K= 1978
4936.0 , Degree=0
K= 1979
4989.77580029
K= 1980
137.983341689
K= 1981
15.6540898025
K= 1982
42.4664418444
K= 1983
4936.0 , Degree=0
K= 1984
4936.0 , Degree=0
K= 1985
18.077544185
K= 1986
4936.0 , Degree=0
K= 1987
1800.48802075
K= 1988
265.1
K= 1989
4936.0 , Degree=0
K= 1990
2494.16666667
K= 1991
4936.0 , Degree=0
K= 1992
2372.5
K= 1993
22.7005684549
K= 1994
4936.0 , Degree=0
K= 1995
4936.0 , Degree=0
K= 1996
4936.0 , Degree=0
K= 1997
63.9894883006
K= 1998
23.4707442592
K= 1999
4936.0 , Degree=0
K= 2000
21.1011764113
K= 2001
4936.0 , Degree=0
K= 2002
4936.0 , Degree=0
K= 2003
2372.5
K= 2004
351.703571429
K= 2005
19.0946062911
K= 2006
342.825
K= 2007
4936.0 , Degree=0
K= 2008
367.083333333
K= 2009
2327.5
K= 2010
19.6836317938
K= 2011
175.836876698
K= 2012
27.4132961517
K= 2013
27.8363367318
K= 2014
22.7826127406
K= 2015
4936.0 , Degree=0
K= 2016
4936.0 , Degree=0
K= 2017
306.847978166
K= 2018
277.193650794
K= 2019
96.976877421
K= 2020
18.9520107539
K= 2021
18.6058411412
K= 2022
2364.5
K= 2023
36.5656819825
K= 2024
4936.0 , Degree=0
K= 2025
1790.89855253
K= 2026
4936.0 , Degree=0
K= 2027
2474.09275736
K= 2028
20.3062646599
K= 2029
4936.0 , Degree=0
K= 2030
87.4270103571
K= 2031
25.2243754136
K= 2032
2491.86839827
K= 2033
16.8941077571
K= 2034
4936.0 , Degree=0
K= 2035
4936.0 , Degree=0
K= 2036
82.0206982647
K= 2037
2372.5
K= 2038
4936.0 , Degree=0
K= 2039
4936.0 , Degree=0
K= 2040
70.5094702275
K= 2041
4936.0 , Degree=0
K= 2042
4936.0 , Degree=0
K= 2043
1808.82413488
K= 2044
4936.0 , Degree=0
K= 2045
9872.0
K= 2046
2480.59569464
K= 2047
41.2727179595
K= 2048
4936.0 , Degree=0
K= 2049
34.0779025988
K= 2050
4936.0 , Degree=0
K= 2051
2372.5
K= 2052
4936.0 , Degree=0
K= 2053
4936.0 , Degree=0
K= 2054
4936.0 , Degree=0
K= 2055
4936.0 , Degree=0
K= 2056
4936.0 , Degree=0
K= 2057
4936.0 , Degree=0
K= 2058
36.0688929912
K= 2059
13036.8198045
K= 2060
307.564574326
K= 2061
4936.0 , Degree=0
K= 2062
19.5028606887
K= 2063
18.0798681133
K= 2064
4936.0 , Degree=0
K= 2065
4936.0 , Degree=0
K= 2066
26.9436862567
K= 2067
2327.5
K= 2068
4936.0 , Degree=0
K= 2069
4936.0 , Degree=0
K= 2070
13097.2677035
K= 2071
15.6666666666
K= 2072
36.3175152214
K= 2073
1792.89349572
K= 2074
47.7300558256
K= 2075
4936.0 , Degree=0
K= 2076
4936.0 , Degree=0
K= 2077
258.632831752
K= 2078
18.6058411412
K= 2079
4936.0 , Degree=0
K= 2080
4936.0 , Degree=0
K= 2081
15.8333333333
K= 2082
4936.0 , Degree=0
K= 2083
2490.91302658
K= 2084
41.6256814912
K= 2085
37.1695478596
K= 2086
4936.0 , Degree=0
K= 2087
13197.6666667
K= 2088
4936.0 , Degree=0
K= 2089
101.256538294
K= 2090
2372.5
K= 2091
4936.0 , Degree=0
K= 2092
9546.16666667
K= 2093
4936.0 , Degree=0
K= 2094
2601.29246032
K= 2095
2502.84480519
K= 2096
1914.31114092
K= 2097
135.345645741
K= 2098
275.15
K= 2099
4936.0 , Degree=0
K= 2100
4936.0 , Degree=0
K= 2101
4936.0 , Degree=0
K= 2102
4936.0 , Degree=0
K= 2103
4936.0 , Degree=0
K= 2104
4936.0 , Degree=0
K= 2105
3247.97755164
K= 2106
4936.0 , Degree=0
K= 2107
4936.0 , Degree=0
K= 2108
1822.4953478
K= 2109
2492.31601732
K= 2110
1794.96367521
K= 2111
2492.44025974
K= 2112
4936.0 , Degree=0
K= 2113
16.8327463615
K= 2114
2513.94487734
K= 2115
4936.0 , Degree=0
K= 2116
22.3171787456
K= 2117
4936.0 , Degree=0
K= 2118
17.3359716589
K= 2119
1788.92950491
K= 2120
2305.0
K= 2121
4936.0 , Degree=0
K= 2122
4936.0 , Degree=0
K= 2123
2651.85714286
K= 2124
1792.97077475
K= 2125
304.062637363
K= 2126
4936.0 , Degree=0
K= 2127
337.842135329
K= 2128
4783.0
K= 2129
4936.0 , Degree=0
K= 2130
2372.5
K= 2131
4936.0 , Degree=0
K= 2132
4936.0 , Degree=0
K= 2133
1821.95807634
K= 2134
313.055045451
K= 2135
4936.0 , Degree=0
K= 2136
2372.5
K= 2137
37.1695478596
K= 2138
4936.0 , Degree=0
K= 2139
4936.0 , Degree=0
K= 2140
2492.85555556
K= 2141
342.947601168
K= 2142
2372.5
K= 2143
2512.96970579
K= 2144
4936.0 , Degree=0
K= 2145
4936.0 , Degree=0
K= 2146
531.30412667
K= 2147
4936.0 , Degree=0
K= 2148
132.578867597
K= 2149
2493.21428571
K= 2150
4936.0 , Degree=0
K= 2151
4936.0 , Degree=0
K= 2152
4936.0 , Degree=0
K= 2153
4936.0 , Degree=0
K= 2154
306.535714286
K= 2155
4936.0 , Degree=0
K= 2156
4936.0 , Degree=0
K= 2157
4936.0 , Degree=0
K= 2158
4936.0 , Degree=0
K= 2159
4936.0 , Degree=0
K= 2160
4936.0 , Degree=0
K= 2161
134.920124991
K= 2162
17.5511821088
K= 2163
112.965262515
K= 2164
1792.3152192
K= 2165
4936.0 , Degree=0
K= 2166
15.8333333333
K= 2167
2480.64156689
K= 2168
4936.0 , Degree=0
K= 2169
4936.0 , Degree=0
K= 2170
15.0951831891
K= 2171
4936.0 , Degree=0
K= 2172
49.6534240764
K= 2173
2000.81161683
K= 2174
4936.0 , Degree=0
K= 2175
4936.0 , Degree=0
K= 2176
18.4335307568
K= 2177
1789.98188587
K= 2178
4936.0 , Degree=0
K= 2179
32.3666659564
K= 2180
17.0736180647
K= 2181
4936.0 , Degree=0
K= 2182
37.1695478596
K= 2183
1788.98188587
K= 2184
4936.0 , Degree=0
K= 2185
4936.0 , Degree=0
K= 2186
4784.5
K= 2187
4936.0 , Degree=0
K= 2188
4764.0
K= 2189
4936.0 , Degree=0
K= 2190
4936.0 , Degree=0
K= 2191
1802.10012534
K= 2192
23.675507625
K= 2193
4936.0 , Degree=0
K= 2194
279.841208791
K= 2195
4936.0 , Degree=0
K= 2196
4936.0 , Degree=0
K= 2197
17.8559066473
K= 2198
2495.5
K= 2199
4936.0 , Degree=0
K= 2200
4936.0 , Degree=0
K= 2201
2363.5
K= 2202
4936.0 , Degree=0
K= 2203
22.3451421895
K= 2204
235.931593962
K= 2205
19.0784200549
K= 2206
4936.0 , Degree=0
K= 2207
4936.0 , Degree=0
K= 2208
4936.0 , Degree=0
K= 2209
4936.0 , Degree=0
K= 2210
4936.0 , Degree=0
K= 2211
4936.0 , Degree=0
K= 2212
2348.0
K= 2213
4936.0 , Degree=0
K= 2214
4936.0 , Degree=0
K= 2215
4936.0 , Degree=0
K= 2216
4936.0 , Degree=0
K= 2217
3085.41088498
K= 2218
18.8242466984
K= 2219
4936.0 , Degree=0
K= 2220
4936.0 , Degree=0
K= 2221
4936.0 , Degree=0
K= 2222
4936.0 , Degree=0
K= 2223
2307.3102225
K= 2224
2644.0
K= 2225
4936.0 , Degree=0
K= 2226
4936.0 , Degree=0
K= 2227
4936.0 , Degree=0
K= 2228
4977.33841521
K= 2229
24680.0
K= 2230
4936.0 , Degree=0
K= 2231
43.2676262533
K= 2232
503.255050505
K= 2233
4936.0 , Degree=0
K= 2234
4936.0 , Degree=0
K= 2235
4936.0 , Degree=0
K= 2236
4936.0 , Degree=0
K= 2237
41.3703939514
K= 2238
4936.0 , Degree=0
K= 2239
4936.0 , Degree=0
K= 2240
4936.0 , Degree=0
K= 2241
4936.0 , Degree=0
K= 2242
38.1980307053
K= 2243
4078.8152192
K= 2244
4936.0 , Degree=0
K= 2245
14.5198220429
K= 2246
23.2894135993
K= 2247
19.9862689325
K= 2248
18.6058411412
K= 2249
4936.0 , Degree=0
K= 2250
279.071978142
K= 2251
1793.45578517
K= 2252
4936.0 , Degree=0
K= 2253
1809.45451092
K= 2254
45.6191029118
K= 2255
1817.8152192
K= 2256
7057.0
K= 2257
4785.91304348
K= 2258
4936.0 , Degree=0
K= 2259
4936.0 , Degree=0
K= 2260
4936.0 , Degree=0
K= 2261
24.9104620327
K= 2262
4936.0 , Degree=0
K= 2263
4936.0 , Degree=0
K= 2264
18.0235027169
K= 2265
18.077544185
K= 2266
7464.5
K= 2267
4936.0 , Degree=0
K= 2268
26.4578272643
K= 2269
4989.15942029
K= 2270
4936.0 , Degree=0
K= 2271
299.754009879
K= 2272
136.036308572
K= 2273
373.658974359
K= 2274
4936.0 , Degree=0
K= 2275
2578.47448011
K= 2276
29.7392699643
K= 2277
4936.0 , Degree=0
K= 2278
4936.0 , Degree=0
K= 2279
4936.0 , Degree=0
K= 2280
4936.0 , Degree=0
K= 2281
4936.0 , Degree=0
K= 2282
30.822780246
K= 2283
65.0936954459
K= 2284
18.5938961591
K= 2285
4936.0 , Degree=0
K= 2286
39.0508395957
K= 2287
4936.0 , Degree=0
K= 2288
4936.0 , Degree=0
K= 2289
4936.0 , Degree=0
K= 2290
4936.0 , Degree=0
K= 2291
218.283338883
K= 2292
4936.0 , Degree=0
K= 2293
4936.0 , Degree=0
K= 2294
4936.0 , Degree=0
K= 2295
2518.08737374
K= 2296
1795.18492018
K= 2297
4936.0 , Degree=0
K= 2298
4936.0 , Degree=0
K= 2299
19.3520107538
K= 2300
4936.0 , Degree=0
K= 2301
319.085223636
K= 2302
128.977188637
K= 2303
4936.0 , Degree=0
K= 2304
4936.0 , Degree=0
K= 2305
299.754009879
K= 2306
1789.55309799
K= 2307
274.397619048
K= 2308
115.824836113
K= 2309
2489.29644225
K= 2310
4936.0 , Degree=0
K= 2311
4936.0 , Degree=0
K= 2312
125.416664252
K= 2313
4936.0 , Degree=0
K= 2314
4936.0 , Degree=0
K= 2315
4936.0 , Degree=0
K= 2316
24680.0
K= 2317
4936.0 , Degree=0
K= 2318
1787.72950491
K= 2319
1798.16384796
K= 2320
17.2046279537
K= 2321
298.960060184
K= 2322
2567.70454545
K= 2323
1791.51787781
K= 2324
4936.0 , Degree=0
K= 2325
1787.98188587
K= 2326
2493.63809524
K= 2327
4936.0 , Degree=0
K= 2328
4783.66666667
K= 2329
4936.0 , Degree=0
K= 2330
2493.77344064
K= 2331
129.959082677
K= 2332
150.609913766
K= 2333
27.1752503005
K= 2334
23.1344538301
K= 2335
4762.0
K= 2336
4936.0 , Degree=0
K= 2337
4936.0 , Degree=0
K= 2338
4936.0 , Degree=0
K= 2339
2616.36904762
K= 2340
4780.33333333
K= 2341
4936.0 , Degree=0
K= 2342
15.4274377218
K= 2343
4936.0 , Degree=0
K= 2344
4936.0 , Degree=0
K= 2345
4936.0 , Degree=0
K= 2346
4936.0 , Degree=0
K= 2347
51.8452267584
K= 2348
4936.0 , Degree=0
K= 2349
4936.0 , Degree=0
K= 2350
4936.0 , Degree=0
K= 2351
30.610946133
K= 2352
4936.0 , Degree=0
K= 2353
4936.0 , Degree=0
K= 2354
4936.0 , Degree=0
K= 2355
4936.0 , Degree=0
K= 2356
4936.0 , Degree=0
K= 2357
4936.0 , Degree=0
K= 2358
1883.57895546
K= 2359
2453.5
K= 2360
4936.0 , Degree=0
K= 2361
4936.0 , Degree=0
K= 2362
4936.0 , Degree=0
K= 2363
4936.0 , Degree=0
K= 2364
172.218616998
K= 2365
324.880194805
K= 2366
4936.0 , Degree=0
K= 2367
35.2331005363
K= 2368
19.5724551569
K= 2369
2479.80823355
K= 2370
16.8941077571
K= 2371
4936.0 , Degree=0
K= 2372
43.9204560107
K= 2373
4936.0 , Degree=0
K= 2374
15.3333333333
K= 2375
4936.0 , Degree=0
K= 2376
4790.34141414
K= 2377
280.182359307
K= 2378
4936.0 , Degree=0
K= 2379
4936.0 , Degree=0
K= 2380
4936.0 , Degree=0
K= 2381
2307.93447706
K= 2382
6487.11346715
K= 2383
4936.0 , Degree=0
K= 2384
29.5930885243
K= 2385
297.943604108
K= 2386
21.892940644
K= 2387
13105.5837878
K= 2388
18.0450214326
K= 2389
4936.0 , Degree=0
K= 2390
281.864203232
K= 2391
4936.0 , Degree=0
K= 2392
41.6351164635
K= 2393
4936.0 , Degree=0
K= 2394
303.372011079
K= 2395
4936.0 , Degree=0
K= 2396
4936.0 , Degree=0
K= 2397
4936.0 , Degree=0
K= 2398
4936.0 , Degree=0
K= 2399
15.6540898025
K= 2400
4936.0 , Degree=0
Betweenness Centrality Improvement
[ 0.  0.  0. ...,  0.  0.  0.]
Top 20 BC Improvement
[2316 2229 2087 1648 1760 2387 1320 2070 1886 1805 2059 1440 1820 1465 2045
 1362 2092 2266 1622 2256]
Top 20 BC Improvement
[ 24680.          24680.          13197.66666667  13140.08643881
  13106.50953308  13105.58378778  13100.18377915  13097.26770355
  13092.28206711  13039.32139183  13036.81980453  12439.           9975.5
   9872.           9872.           9548.16666667   9546.16666667   7464.5
   7112.41666667   7057.        ]
