txValue= 1000000
Input graph
IGRAPH D--- 4619 68733 -- 
+ attr: pub_key (v), base_fee (e), capacity (e), fee_rate (e), txCost (e)
None
Graph after edges deleted
IGRAPH D--- 4619 32193 -- 
+ attr: pub_key (v), base_fee (e), capacity (e), fee_rate (e), txCost (e)
None
Our nodes starting connections: 
(4618, 2796)
(4618, 1223)
(4618, 1163)
(4618, 222)
(4618, 2745)
(4618, 3884)
(4618, 3265)
(4618, 4209)
(4618, 2087)
CurrentBC of our node:  476938.178608
K= 3600
4936.0 , Degree=0
K= 3601
26.1166666665
K= 3602
4936.0 , Degree=0
K= 3603
2290.0
K= 3604
4936.0 , Degree=0
K= 3605
4936.0 , Degree=0
K= 3606
4936.0 , Degree=0
K= 3607
1838.70963633
K= 3608
4936.0 , Degree=0
K= 3609
40.2535953658
K= 3610
4936.0 , Degree=0
K= 3611
359.595748884
K= 3612
4936.0 , Degree=0
K= 3613
4936.0 , Degree=0
K= 3614
1786.1152192
K= 3615
332.45959596
K= 3616
2496.50714286
K= 3617
4936.0 , Degree=0
K= 3618
34.5784052925
K= 3619
4936.0 , Degree=0
K= 3620
36.7359906012
K= 3621
4936.0 , Degree=0
K= 3622
4936.0 , Degree=0
K= 3623
4936.0 , Degree=0
K= 3624
4936.0 , Degree=0
K= 3625
79.775929399
K= 3626
4936.0 , Degree=0
K= 3627
4936.0 , Degree=0
K= 3628
401.189459727
K= 3629
4936.0 , Degree=0
K= 3630
1790.88188587
K= 3631
4936.0 , Degree=0
K= 3632
4936.0 , Degree=0
K= 3633
1792.8152192
K= 3634
4936.0 , Degree=0
K= 3635
4936.0 , Degree=0
K= 3636
35.7398046398
K= 3637
31.8910256411
K= 3638
39.388474188
K= 3639
4936.0 , Degree=0
K= 3640
431.961111111
K= 3641
2490.72447995
K= 3642
1832.81125008
K= 3643
4936.0 , Degree=0
K= 3644
31.1193216381
K= 3645
31.3124290133
K= 3646
4936.0 , Degree=0
K= 3647
13038.3258847
K= 3648
4936.0 , Degree=0
K= 3649
356.597222222
K= 3650
4936.0 , Degree=0
K= 3651
4936.0 , Degree=0
K= 3652
4936.0 , Degree=0
K= 3653
264.101008454
K= 3654
4936.0 , Degree=0
K= 3655
4936.0 , Degree=0
K= 3656
4936.0 , Degree=0
K= 3657
4747.77777778
K= 3658
2336.0
K= 3659
161.844678828
K= 3660
4936.0 , Degree=0
K= 3661
69.296263242
K= 3662
4936.0 , Degree=0
K= 3663
4936.0 , Degree=0
K= 3664
4936.0 , Degree=0
K= 3665
26.2603796757
K= 3666
31.8910256411
K= 3667
4936.0 , Degree=0
K= 3668
4936.0 , Degree=0
K= 3669
2495.28571429
K= 3670
1819.75569539
K= 3671
2650.98809524
K= 3672
191.765008911
K= 3673
4936.0 , Degree=0
K= 3674
2612.33333333
K= 3675
4936.0 , Degree=0
K= 3676
4936.0 , Degree=0
K= 3677
29.1009225
K= 3678
2278.4765059
K= 3679
4936.0 , Degree=0
K= 3680
34.2952798774
K= 3681
36.6016993434
K= 3682
4936.0 , Degree=0
K= 3683
2277.13688916
K= 3684
33.0000000001
K= 3685
4936.0 , Degree=0
K= 3686
29.0522680061
K= 3687
2590.0
K= 3688
4936.0 , Degree=0
K= 3689
39.1180878502
K= 3690
1505.19654142
K= 3691
357.151940526
K= 3692
489.342316017
K= 3693
2336.0
K= 3694
33.4285913823
K= 3695
2654.85225567
K= 3696
1872.0028659
K= 3697
4936.0 , Degree=0
K= 3698
4936.0 , Degree=0
K= 3699
30.9652586397
K= 3700
4936.0 , Degree=0
K= 3701
4936.0 , Degree=0
K= 3702
4936.0 , Degree=0
K= 3703
276.630182015
K= 3704
29.272455157
K= 3705
4936.0 , Degree=0
K= 3706
4936.0 , Degree=0
K= 3707
4936.0 , Degree=0
K= 3708
4936.0 , Degree=0
K= 3709
36.3014850051
K= 3710
369.214786967
K= 3711
265.153679654
K= 3712
401.234523809
K= 3713
2496.45238095
K= 3714
4936.0 , Degree=0
K= 3715
2626.9287851
K= 3716
29.5973505023
K= 3717
4936.0 , Degree=0
K= 3718
32.0220091735
K= 3719
4936.0 , Degree=0
K= 3720
66.6688871584
K= 3721
27.8140876098
K= 3722
4936.0 , Degree=0
K= 3723
359.662931548
K= 3724
334.961124957
K= 3725
4936.0 , Degree=0
K= 3726
364.682639872
K= 3727
341.245609323
K= 3728
2273.03206145
K= 3729
394.917893218
K= 3730
28.4768891638
K= 3731
34.6778037488
K= 3732
4936.0 , Degree=0
K= 3733
4936.0 , Degree=0
K= 3734
4936.0 , Degree=0
K= 3735
157.267597465
K= 3736
4936.0 , Degree=0
K= 3737
386.506349206
K= 3738
4936.0 , Degree=0
K= 3739
4936.0 , Degree=0
K= 3740
4936.0 , Degree=0
K= 3741
4936.0 , Degree=0
K= 3742
1788.3152192
K= 3743
4936.0 , Degree=0
K= 3744
2309.66666667
K= 3745
1803.44855253
K= 3746
120.698396691
K= 3747
1791.18188587
K= 3748
26.5597717582
K= 3749
166.413492063
K= 3750
2496.61666667
K= 3751
4936.0 , Degree=0
K= 3752
32.3565063672
K= 3753
4936.0 , Degree=0
K= 3754
2678.81666667
K= 3755
4936.0 , Degree=0
K= 3756
29.9639921061
K= 3757
4936.0 , Degree=0
K= 3758
4936.0 , Degree=0
K= 3759
4673.81818182
K= 3760
12979.2514749
K= 3761
4936.0 , Degree=0
K= 3762
49.1318133718
K= 3763
4936.0 , Degree=0
K= 3764
4936.0 , Degree=0
K= 3765
1784.75546196
K= 3766
4936.0 , Degree=0
K= 3767
4936.0 , Degree=0
K= 3768
1795.66232771
K= 3769
286.789007065
K= 3770
25.4999999998
K= 3771
33.2981292441
K= 3772
29.5126699521
K= 3773
4936.0 , Degree=0
K= 3774
4936.0 , Degree=0
K= 3775
2275.58657015
K= 3776
140.125440873
K= 3777
2499.99275362
K= 3778
4936.0 , Degree=0
K= 3779
28.4227463613
K= 3780
169.157509056
K= 3781
4936.0 , Degree=0
K= 3782
2309.66666667
K= 3783
2278.39924519
K= 3784
4936.0 , Degree=0
K= 3785
4936.0 , Degree=0
K= 3786
4936.0 , Degree=0
K= 3787
52.2015551332
K= 3788
30.8848443761
K= 3789
404.101587301
K= 3790
2336.0
K= 3791
4936.0 , Degree=0
K= 3792
27.6060606059
K= 3793
185.54968759
K= 3794
358.711633759
K= 3795
4936.0 , Degree=0
K= 3796
53.8677883251
K= 3797
4936.0 , Degree=0
K= 3798
4936.0 , Degree=0
K= 3799
4936.0 , Degree=0
K= 3800
4936.0 , Degree=0
K= 3801
4936.0 , Degree=0
K= 3802
28.5779073332
K= 3803
4936.0 , Degree=0
K= 3804
278.258626904
K= 3805
62.1256365732
K= 3806
2499.5
K= 3807
2493.58333333
K= 3808
374.842927394
K= 3809
370.851424964
K= 3810
4936.0 , Degree=0
K= 3811
4936.0 , Degree=0
K= 3812
363.829906205
K= 3813
1987.3707864
K= 3814
29.1283683749
K= 3815
1892.55755904
K= 3816
1828.72849749
K= 3817
429.061038961
K= 3818
4936.0 , Degree=0
K= 3819
4936.0 , Degree=0
K= 3820
4936.0 , Degree=0
K= 3821
4936.0 , Degree=0
K= 3822
29.7612729576
K= 3823
4936.0 , Degree=0
K= 3824
2312.66666667
K= 3825
4936.0 , Degree=0
K= 3826
66.975122784
K= 3827
4936.0 , Degree=0
K= 3828
459.266934808
K= 3829
9892.0
K= 3830
28.0235027166
K= 3831
4936.0 , Degree=0
K= 3832
4936.0 , Degree=0
K= 3833
4936.0 , Degree=0
K= 3834
272.704195804
K= 3835
4936.0 , Degree=0
K= 3836
27.713171846
K= 3837
4936.0 , Degree=0
K= 3838
4936.0 , Degree=0
K= 3839
9892.0
K= 3840
33.692366825
K= 3841
4936.0 , Degree=0
K= 3842
4936.0 , Degree=0
K= 3843
4936.0 , Degree=0
K= 3844
1796.21928418
K= 3845
4936.0 , Degree=0
K= 3846
4936.0 , Degree=0
K= 3847
4936.0 , Degree=0
K= 3848
2663.75833333
K= 3849
32.908003848
K= 3850
4936.0 , Degree=0
K= 3851
4936.0 , Degree=0
K= 3852
4936.0 , Degree=0
K= 3853
61.768432581
K= 3854
47.924621921
K= 3855
4936.0 , Degree=0
K= 3856
4936.0 , Degree=0
K= 3857
33.5354350114
K= 3858
357.151940526
K= 3859
1789.68426682
K= 3860
4936.0 , Degree=0
K= 3861
34.3036012042
K= 3862
4936.0 , Degree=0
K= 3863
531.646253135
K= 3864
360.147229582
K= 3865
2659.78333333
K= 3866
4936.0 , Degree=0
K= 3867
67.8155964337
K= 3868
360.86672631
K= 3869
4936.0 , Degree=0
K= 3870
4936.0 , Degree=0
K= 3871
28.1452912619
K= 3872
4936.0 , Degree=0
K= 3873
4936.0 , Degree=0
K= 3874
363.636130936
K= 3875
25.4999999998
K= 3876
4936.0 , Degree=0
K= 3877
4936.0 , Degree=0
K= 3878
4936.0 , Degree=0
K= 3879
69.5387303305
K= 3880
77.4905964337
K= 3881
35.749954073
K= 3882
2291.33333333
K= 3883
4936.0 , Degree=0
K= 3884
10.2928571429
K= 3885
4936.0 , Degree=0
K= 3886
67.8155964337
K= 3887
102.241876913
K= 3888
120.284426722
K= 3889
44.5854423354
K= 3890
4936.0 , Degree=0
K= 3891
4936.0 , Degree=0
K= 3892
4936.0 , Degree=0
K= 3893
31.7916347787
K= 3894
41.5912119232
K= 3895
249.397619048
K= 3896
4749.0
K= 3897
4936.0 , Degree=0
K= 3898
225.437094365
K= 3899
236.836832606
K= 3900
4936.0 , Degree=0
K= 3901
2497.51666667
K= 3902
4755.0
K= 3903
4936.0 , Degree=0
K= 3904
24.6452380953
K= 3905
4936.0 , Degree=0
K= 3906
4936.0 , Degree=0
K= 3907
4997.0
K= 3908
4936.0 , Degree=0
K= 3909
2664.66507936
K= 3910
4936.0 , Degree=0
K= 3911
382.456609132
K= 3912
28.0615235075
K= 3913
4936.0 , Degree=0
K= 3914
4936.0 , Degree=0
K= 3915
4936.0 , Degree=0
K= 3916
4936.0 , Degree=0
K= 3917
4748.33333333
K= 3918
4936.0 , Degree=0
K= 3919
4936.0 , Degree=0
K= 3920
432.825036075
K= 3921
124.057349935
K= 3922
259.123073943
K= 3923
179.799617566
K= 3924
4936.0 , Degree=0
K= 3925
27.4353971844
K= 3926
2507.08737374
K= 3927
4936.0 , Degree=0
K= 3928
34.7399735754
K= 3929
328.545238095
K= 3930
28.8396079228
K= 3931
4936.0 , Degree=0
K= 3932
28.4227463613
K= 3933
52.3306051696
K= 3934
4936.0 , Degree=0
K= 3935
4936.0 , Degree=0
K= 3936
4936.0 , Degree=0
K= 3937
2491.3695071
K= 3938
80.724179286
K= 3939
4936.0 , Degree=0
K= 3940
4936.0 , Degree=0
K= 3941
4936.0 , Degree=0
K= 3942
4936.0 , Degree=0
K= 3943
301.620379307
K= 3944
29.5559818707
K= 3945
4936.0 , Degree=0
K= 3946
4936.0 , Degree=0
K= 3947
4936.0 , Degree=0
K= 3948
362.949782162
K= 3949
4936.0 , Degree=0
K= 3950
4936.0 , Degree=0
K= 3951
27.8337567857
K= 3952
4936.0 , Degree=0
K= 3953
4936.0 , Degree=0
K= 3954
4936.0 , Degree=0
K= 3955
2500.0
K= 3956
4936.0 , Degree=0
K= 3957
78.7370643201
K= 3958
4936.0 , Degree=0
K= 3959
2336.0
K= 3960
4936.0 , Degree=0
K= 3961
4936.0 , Degree=0
K= 3962
594.605454744
K= 3963
1084.6871304
K= 3964
4936.0 , Degree=0
K= 3965
4936.0 , Degree=0
K= 3966
4936.0 , Degree=0
K= 3967
315.163667075
K= 3968
136.42083872
K= 3969
380.037160792
K= 3970
37.3949138795
K= 3971
4936.0 , Degree=0
K= 3972
4936.0 , Degree=0
K= 3973
30.5839211286
K= 3974
31.4564138066
K= 3975
4936.0 , Degree=0
K= 3976
4936.0 , Degree=0
K= 3977
4936.0 , Degree=0
K= 3978
22.7666129553
K= 3979
4936.0 , Degree=0
K= 3980
4936.0 , Degree=0
K= 3981
4936.0 , Degree=0
K= 3982
4936.0 , Degree=0
K= 3983
28.0844780757
K= 3984
4936.0 , Degree=0
K= 3985
27.8140876098
K= 3986
4936.0 , Degree=0
K= 3987
4936.0 , Degree=0
K= 3988
28.9520107537
K= 3989
4936.0 , Degree=0
K= 3990
4936.0 , Degree=0
K= 3991
2497.86666667
K= 3992
4936.0 , Degree=0
K= 3993
28.6058411411
K= 3994
4936.0 , Degree=0
K= 3995
4936.0 , Degree=0
K= 3996
4936.0 , Degree=0
K= 3997
164.132501593
K= 3998
4936.0 , Degree=0
K= 3999
263.55952381
K= 4000
4936.0 , Degree=0
K= 4001
4936.0 , Degree=0
K= 4002
4936.0 , Degree=0
K= 4003
4936.0 , Degree=0
K= 4004
36.2936988062
K= 4005
4936.0 , Degree=0
K= 4006
4936.0 , Degree=0
K= 4007
4936.0 , Degree=0
K= 4008
68.0926718505
K= 4009
4936.0 , Degree=0
K= 4010
1792.93295928
K= 4011
4936.0 , Degree=0
K= 4012
4746.0
K= 4013
2288.66666667
K= 4014
2309.66666667
K= 4015
4936.0 , Degree=0
K= 4016
4936.0 , Degree=0
K= 4017
4936.0 , Degree=0
K= 4018
2680.85714286
K= 4019
4936.0 , Degree=0
K= 4020
270.15524788
K= 4021
1807.38188587
K= 4022
4936.0 , Degree=0
K= 4023
2507.24192332
K= 4024
2336.0
K= 4025
177.948612299
K= 4026
4936.0 , Degree=0
K= 4027
4936.0 , Degree=0
K= 4028
27.2528063367
K= 4029
4936.0 , Degree=0
K= 4030
32.1727963131
K= 4031
2523.35139613
K= 4032
371.716208471
K= 4033
27.3558009209
K= 4034
4936.0 , Degree=0
K= 4035
12943.9475546
K= 4036
2289.0
K= 4037
4936.0 , Degree=0
K= 4038
4936.0 , Degree=0
K= 4039
4936.0 , Degree=0
K= 4040
4936.0 , Degree=0
K= 4041
2336.0
K= 4042
4936.0 , Degree=0
K= 4043
4936.0 , Degree=0
K= 4044
2706.03452381
K= 4045
4936.0 , Degree=0
K= 4046
100.582269055
K= 4047
1797.15229965
K= 4048
2344.20939383
K= 4049
28.9520107537
K= 4050
4936.0 , Degree=0
K= 4051
4986.54521531
K= 4052
4936.0 , Degree=0
K= 4053
4936.0 , Degree=0
K= 4054
38.7728327265
K= 4055
4936.0 , Degree=0
K= 4056
372.207850848
K= 4057
4936.0 , Degree=0
K= 4058
4936.0 , Degree=0
K= 4059
3016.67525774
K= 4060
4936.0 , Degree=0
K= 4061
53.509273528
K= 4062
4936.0 , Degree=0
K= 4063
4936.0 , Degree=0
K= 4064
4936.0 , Degree=0
K= 4065
408.493589744
K= 4066
4936.0 , Degree=0
K= 4067
28.9999325407
K= 4068
4936.0 , Degree=0
K= 4069
1798.54244882
K= 4070
4936.0 , Degree=0
K= 4071
4936.0 , Degree=0
K= 4072
4936.0 , Degree=0
K= 4073
4936.0 , Degree=0
K= 4074
4936.0 , Degree=0
K= 4075
544.114499317
K= 4076
39.2705977939
K= 4077
87.1961955181
K= 4078
4936.0 , Degree=0
K= 4079
4936.0 , Degree=0
K= 4080
4936.0 , Degree=0
K= 4081
28.7733437623
K= 4082
25.8107744238
K= 4083
504.273081888
K= 4084
4936.0 , Degree=0
K= 4085
42.6468321951
K= 4086
2635.6202381
K= 4087
4936.0 , Degree=0
K= 4088
4936.0 , Degree=0
K= 4089
4936.0 , Degree=0
K= 4090
4936.0 , Degree=0
K= 4091
2355.74133718
K= 4092
4936.0 , Degree=0
K= 4093
4936.0 , Degree=0
K= 4094
408.493589744
K= 4095
4936.0 , Degree=0
K= 4096
4936.0 , Degree=0
K= 4097
95.9197804692
K= 4098
4936.0 , Degree=0
K= 4099
25.3333333332
K= 4100
28.0775441849
K= 4101
4936.0 , Degree=0
K= 4102
29.8993536005
K= 4103
2495.23071895
K= 4104
264.365945166
K= 4105
4936.0 , Degree=0
K= 4106
4936.0 , Degree=0
K= 4107
39.8069423295
K= 4108
4739.0
K= 4109
4936.0 , Degree=0
K= 4110
379.78999334
K= 4111
4936.0 , Degree=0
K= 4112
342.82612572
K= 4113
37.3687102273
K= 4114
4936.0 , Degree=0
K= 4115
4936.0 , Degree=0
K= 4116
2490.09442848
K= 4117
33.5088905294
K= 4118
4936.0 , Degree=0
K= 4119
2494.86349206
K= 4120
9892.0
K= 4121
4743.86666667
K= 4122
182.041265597
K= 4123
30.3992451858
K= 4124
4936.0 , Degree=0
K= 4125
2289.0
K= 4126
30.0656537326
K= 4127
4936.0 , Degree=0
K= 4128
4936.0 , Degree=0
K= 4129
2267.0
K= 4130
4936.0 , Degree=0
K= 4131
4936.0 , Degree=0
K= 4132
458.904612055
K= 4133
4936.0 , Degree=0
K= 4134
4936.0 , Degree=0
K= 4135
4936.0 , Degree=0
K= 4136
4936.0 , Degree=0
K= 4137
4936.0 , Degree=0
K= 4138
4936.0 , Degree=0
K= 4139
34.2344662674
K= 4140
52.9166517123
K= 4141
4936.0 , Degree=0
K= 4142
4936.0 , Degree=0
K= 4143
2289.0
K= 4144
4936.0 , Degree=0
K= 4145
4936.0 , Degree=0
K= 4146
4748.5
K= 4147
4936.0 , Degree=0
K= 4148
4936.0 , Degree=0
K= 4149
2336.0
K= 4150
4936.0 , Degree=0
K= 4151
4936.0 , Degree=0
K= 4152
29.0659118525
K= 4153
27.3558009209
K= 4154
1789.8152192
K= 4155
167.832965115
K= 4156
4990.0
K= 4157
1796.85840738
K= 4158
4936.0 , Degree=0
K= 4159
2496.5547619
K= 4160
2277.33333333
K= 4161
107.624704035
K= 4162
4936.0 , Degree=0
K= 4163
4936.0 , Degree=0
K= 4164
4936.0 , Degree=0
K= 4165
4936.0 , Degree=0
K= 4166
4936.0 , Degree=0
K= 4167
4936.0 , Degree=0
K= 4168
2626.9287851
K= 4169
163.093513035
K= 4170
78.8329439525
K= 4171
156.669187555
K= 4172
4936.0 , Degree=0
K= 4173
4936.0 , Degree=0
K= 4174
4936.0 , Degree=0
K= 4175
365.692927394
K= 4176
50.2939565077
K= 4177
4936.0 , Degree=0
K= 4178
4936.0 , Degree=0
K= 4179
4936.0 , Degree=0
K= 4180
353.783409254
K= 4181
353.783409254
K= 4182
4936.0 , Degree=0
K= 4183
4936.0 , Degree=0
K= 4184
1084.6871304
K= 4185
34.1418397091
K= 4186
4936.0 , Degree=0
K= 4187
366.07070723
K= 4188
4936.0 , Degree=0
K= 4189
53.5322380587
K= 4190
29.301299158
K= 4191
4936.0 , Degree=0
K= 4192
346.615873016
K= 4193
2492.79761905
K= 4194
49.7743891518
K= 4195
4936.0 , Degree=0
K= 4196
29.857142857
K= 4197
4936.0 , Degree=0
K= 4198
49.9493587116
K= 4199
392.63519536
K= 4200
360.897192622
K= 4201
28.5494467731
K= 4202
48.1057628008
K= 4203
4936.0 , Degree=0
K= 4204
84.887321263
K= 4205
4936.0 , Degree=0
K= 4206
2277.33333333
K= 4207
34.0642253911
K= 4208
4936.0 , Degree=0
K= 4209
0.474025973992
K= 4210
4936.0 , Degree=0
K= 4211
4936.0 , Degree=0
K= 4212
4754.5
K= 4213
2309.66666667
K= 4214
44.3476658046
K= 4215
4936.0 , Degree=0
K= 4216
4936.0 , Degree=0
K= 4217
4936.0 , Degree=0
K= 4218
140.651832405
K= 4219
4936.0 , Degree=0
K= 4220
4936.0 , Degree=0
K= 4221
4936.0 , Degree=0
K= 4222
40.7550210828
K= 4223
4936.0 , Degree=0
K= 4224
2496.72380952
K= 4225
4936.0 , Degree=0
K= 4226
171.072111302
K= 4227
4936.0 , Degree=0
K= 4228
4936.0 , Degree=0
K= 4229
29.1491235238
K= 4230
388.942074592
K= 4231
1804.24855253
K= 4232
2486.18734545
K= 4233
4936.0 , Degree=0
K= 4234
53.3337540139
K= 4235
417.364141414
K= 4236
61.8344997728
K= 4237
2503.22670696
K= 4238
152.527261627
K= 4239
49.9484738125
K= 4240
51.9090455789
K= 4241
13008.0953772
K= 4242
219.759129376
K= 4243
1781.0343138
K= 4244
2496.60497835
K= 4245
351.724149765
K= 4246
46.6295341759
K= 4247
4936.0 , Degree=0
K= 4248
112.451553014
K= 4249
4936.0 , Degree=0
K= 4250
4936.0 , Degree=0
K= 4251
4936.0 , Degree=0
K= 4252
4936.0 , Degree=0
K= 4253
4936.0 , Degree=0
K= 4254
4936.0 , Degree=0
K= 4255
4936.0 , Degree=0
K= 4256
4936.0 , Degree=0
K= 4257
2417.5600403
K= 4258
4936.0 , Degree=0
K= 4259
1786.42236206
K= 4260
4936.0 , Degree=0
K= 4261
2500.0
K= 4262
4936.0 , Degree=0
K= 4263
2516.33333333
K= 4264
4936.0 , Degree=0
K= 4265
4936.0 , Degree=0
K= 4266
44.1003842994
K= 4267
4936.0 , Degree=0
K= 4268
4936.0 , Degree=0
K= 4269
4936.0 , Degree=0
K= 4270
382.126763879
K= 4271
4936.0 , Degree=0
K= 4272
4936.0 , Degree=0
K= 4273
4936.0 , Degree=0
K= 4274
2336.0
K= 4275
29.696348304
K= 4276
25.8107744238
K= 4277
2608.66666667
K= 4278
23.864674581
K= 4279
4936.0 , Degree=0
K= 4280
2289.0
K= 4281
26.7376593231
K= 4282
9892.0
K= 4283
30.9464291786
K= 4284
4936.0 , Degree=0
K= 4285
26.8209926565
K= 4286
1912.09912391
K= 4287
4936.0 , Degree=0
K= 4288
4936.0 , Degree=0
K= 4289
12898.6266045
K= 4290
365.131890332
K= 4291
38.0218444682
K= 4292
38.6058411411
K= 4293
12936.6707309
K= 4294
130.133790038
K= 4295
4936.0 , Degree=0
K= 4296
4936.0 , Degree=0
K= 4297
4936.0 , Degree=0
K= 4298
4936.0 , Degree=0
K= 4299
2662.8
K= 4300
382.732561827
K= 4301
2276.76234194
K= 4302
2497.86666667
K= 4303
4936.0 , Degree=0
K= 4304
2526.53281148
K= 4305
168.436355794
K= 4306
67.8623008499
K= 4307
40.1112629586
K= 4308
4936.0 , Degree=0
K= 4309
218.916666667
K= 4310
4936.0 , Degree=0
K= 4311
23.769822043
K= 4312
4936.0 , Degree=0
K= 4313
27.8431725633
K= 4314
39.5915023903
K= 4315
4936.0 , Degree=0
K= 4316
4936.0 , Degree=0
K= 4317
4936.0 , Degree=0
K= 4318
67.8155964337
K= 4319
41.5054212812
K= 4320
4936.0 , Degree=0
K= 4321
4747.66666667
K= 4322
1782.46006047
K= 4323
35.914255542
K= 4324
55.0695478595
K= 4325
1786.14855253
K= 4326
2297.20939383
K= 4327
360.704195804
K= 4328
49.702517856
K= 4329
31.6312966495
K= 4330
65.2447934107
K= 4331
4936.0 , Degree=0
K= 4332
4936.0 , Degree=0
K= 4333
50.6111133901
K= 4334
4936.0 , Degree=0
K= 4335
4936.0 , Degree=0
K= 4336
1801.11586225
K= 4337
42.6865752764
K= 4338
4936.0 , Degree=0
K= 4339
4936.0 , Degree=0
K= 4340
4936.0 , Degree=0
K= 4341
2664.57619048
K= 4342
4936.0 , Degree=0
K= 4343
4936.0 , Degree=0
K= 4344
4936.0 , Degree=0
K= 4345
26.74653478
K= 4346
45.2445583823
K= 4347
2507.08737374
K= 4348
4936.0 , Degree=0
K= 4349
4936.0 , Degree=0
K= 4350
211.213257327
K= 4351
32.6150245938
K= 4352
95.0259323313
K= 4353
4936.0 , Degree=0
K= 4354
4936.0 , Degree=0
K= 4355
4936.0 , Degree=0
K= 4356
4936.0 , Degree=0
K= 4357
299.245609323
K= 4358
70.7017168588
K= 4359
70.3496658896
K= 4360
2505.18333333
K= 4361
34.8755189255
K= 4362
4936.0 , Degree=0
K= 4363
4087.52139183
K= 4364
4936.0 , Degree=0
K= 4365
4936.0 , Degree=0
K= 4366
64.5412127618
K= 4367
1866.75966364
K= 4368
408.290179399
K= 4369
34.0833333332
K= 4370
4936.0 , Degree=0
K= 4371
373.980465368
K= 4372
142.620992656
K= 4373
2276.70462795
K= 4374
275.666408108
K= 4375
4936.0 , Degree=0
K= 4376
127.524817102
K= 4377
4936.0 , Degree=0
K= 4378
411.745238095
K= 4379
4936.0 , Degree=0
K= 4380
4936.0 , Degree=0
K= 4381
4936.0 , Degree=0
K= 4382
2679.62571429
K= 4383
28.2093708321
K= 4384
12472.3
K= 4385
4936.0 , Degree=0
K= 4386
2496.65714286
K= 4387
367.200338378
K= 4388
383.192085692
K= 4389
4936.0 , Degree=0
K= 4390
100.244320717
K= 4391
28.9520107537
K= 4392
12942.1418949
K= 4393
24.6186774206
K= 4394
4936.0 , Degree=0
K= 4395
4936.0 , Degree=0
K= 4396
4936.0 , Degree=0
K= 4397
4936.0 , Degree=0
K= 4398
4936.0 , Degree=0
K= 4399
4936.0 , Degree=0
K= 4400
44.9813937265
K= 4401
4936.0 , Degree=0
K= 4402
4936.0 , Degree=0
K= 4403
109.424915217
K= 4404
4936.0 , Degree=0
K= 4405
4936.0 , Degree=0
K= 4406
28.0775441849
K= 4407
4936.0 , Degree=0
K= 4408
2332.22857143
K= 4409
4936.0 , Degree=0
K= 4410
4936.0 , Degree=0
K= 4411
4936.0 , Degree=0
K= 4412
4936.0 , Degree=0
K= 4413
31.0308450872
K= 4414
4936.0 , Degree=0
K= 4415
4936.0 , Degree=0
K= 4416
2487.18734545
K= 4417
2496.60714286
K= 4418
4936.0 , Degree=0
K= 4419
160.138054848
K= 4420
177.747083762
K= 4421
52.0481250643
K= 4422
4936.0 , Degree=0
K= 4423
2491.87595738
K= 4424
29.1797161712
K= 4425
4936.0 , Degree=0
K= 4426
4936.0 , Degree=0
K= 4427
4936.0 , Degree=0
K= 4428
4936.0 , Degree=0
K= 4429
4936.0 , Degree=0
K= 4430
2309.66666667
K= 4431
31.9784125446
K= 4432
4936.0 , Degree=0
K= 4433
4936.0 , Degree=0
K= 4434
1790.49420431
K= 4435
4936.0 , Degree=0
K= 4436
2497.86666667
K= 4437
150.586785437
K= 4438
2650.98809524
K= 4439
4936.0 , Degree=0
K= 4440
28.860014602
K= 4441
4936.0 , Degree=0
K= 4442
551.08496875
K= 4443
29.3559066472
K= 4444
29.0946062909
K= 4445
4936.0 , Degree=0
K= 4446
2336.0
K= 4447
4936.0 , Degree=0
K= 4448
274.318607193
K= 4449
4936.0 , Degree=0
K= 4450
4936.0 , Degree=0
K= 4451
30.0744747494
K= 4452
864.041636142
K= 4453
4936.0 , Degree=0
K= 4454
4936.0 , Degree=0
K= 4455
91.3849087639
K= 4456
4936.0 , Degree=0
K= 4457
1800.54820494
K= 4458
4936.0 , Degree=0
K= 4459
28.661561624
K= 4460
4936.0 , Degree=0
K= 4461
1857.45155001
K= 4462
208.465911853
K= 4463
2152.0
K= 4464
4936.0 , Degree=0
K= 4465
1790.58188587
K= 4466
25.9999999999
K= 4467
4936.0 , Degree=0
K= 4468
4936.0 , Degree=0
K= 4469
4936.0 , Degree=0
K= 4470
4936.0 , Degree=0
K= 4471
1801.52950491
K= 4472
4936.0 , Degree=0
K= 4473
32.0139257038
K= 4474
29.8119579286
K= 4475
4936.0 , Degree=0
K= 4476
87.6797227722
K= 4477
4936.0 , Degree=0
K= 4478
4936.0 , Degree=0
K= 4479
54.1286858475
K= 4480
4936.0 , Degree=0
K= 4481
4936.0 , Degree=0
K= 4482
1803.21204466
K= 4483
4936.0 , Degree=0
K= 4484
4936.0 , Degree=0
K= 4485
2275.0
K= 4486
306.123701299
K= 4487
67.8155964337
K= 4488
1790.48340102
K= 4489
4936.0 , Degree=0
K= 4490
1804.8980149
K= 4491
407.631477109
K= 4492
2667.08055556
K= 4493
4998.95555556
K= 4494
28.6058411411
K= 4495
4936.0 , Degree=0
K= 4496
222.630944058
K= 4497
1821.13097924
K= 4498
3221.72755164
K= 4499
4936.0 , Degree=0
K= 4500
4936.0 , Degree=0
K= 4501
2257.66666667
K= 4502
217.559361608
K= 4503
2495.56666667
K= 4504
38.6373030423
K= 4505
2497.51666667
K= 4506
4936.0 , Degree=0
K= 4507
54.9603057492
K= 4508
4936.0 , Degree=0
K= 4509
4936.0 , Degree=0
K= 4510
4936.0 , Degree=0
K= 4511
4936.0 , Degree=0
K= 4512
4936.0 , Degree=0
K= 4513
4936.0 , Degree=0
K= 4514
29.9418880513
K= 4515
4936.0 , Degree=0
K= 4516
4936.0 , Degree=0
K= 4517
27.8140876098
K= 4518
12870.161868
K= 4519
245.921349437
K= 4520
4936.0 , Degree=0
K= 4521
67.2535413958
K= 4522
4936.0 , Degree=0
K= 4523
4936.0 , Degree=0
K= 4524
4936.0 , Degree=0
K= 4525
1789.89214228
K= 4526
40.1791724113
K= 4527
341.245609323
K= 4528
45.4721000151
K= 4529
31.4938260566
K= 4530
733.011768787
K= 4531
4936.0 , Degree=0
K= 4532
4936.0 , Degree=0
K= 4533
26.0686774206
K= 4534
28.2157219368
K= 4535
4936.0 , Degree=0
K= 4536
4936.0 , Degree=0
K= 4537
4936.0 , Degree=0
K= 4538
33.0948475773
K= 4539
4936.0 , Degree=0
K= 4540
379.189607323
K= 4541
4936.0 , Degree=0
K= 4542
69.826150259
K= 4543
4991.25757576
K= 4544
2417.0
K= 4545
4936.0 , Degree=0
K= 4546
4936.0 , Degree=0
K= 4547
4936.0 , Degree=0
K= 4548
4936.0 , Degree=0
K= 4549
106.814753262
K= 4550
30.5772462714
K= 4551
4936.0 , Degree=0
K= 4552
2498.43734545
K= 4553
2611.45957875
K= 4554
251.444444444
K= 4555
4936.0 , Degree=0
K= 4556
4936.0 , Degree=0
K= 4557
4936.0 , Degree=0
K= 4558
312.568551014
K= 4559
4936.0 , Degree=0
K= 4560
4936.0 , Degree=0
K= 4561
4936.0 , Degree=0
K= 4562
4936.0 , Degree=0
K= 4563
2607.84126383
K= 4564
4936.0 , Degree=0
K= 4565
73.9234728434
K= 4566
4936.0 , Degree=0
K= 4567
47.8908313001
K= 4568
4936.0 , Degree=0
K= 4569
2289.0
K= 4570
4936.0 , Degree=0
K= 4571
82.3533904472
K= 4572
4936.0 , Degree=0
K= 4573
2277.33333333
K= 4574
4936.0 , Degree=0
K= 4575
13006.0635255
K= 4576
3221.72755164
K= 4577
4936.0 , Degree=0
K= 4578
4936.0 , Degree=0
K= 4579
1784.8152192
K= 4580
4936.0 , Degree=0
K= 4581
27.7584770375
K= 4582
4936.0 , Degree=0
K= 4583
4936.0 , Degree=0
K= 4584
60.6857125189
K= 4585
2487.24545455
K= 4586
37.4595880637
K= 4587
1786.4652192
K= 4588
746.721433156
K= 4589
4936.0 , Degree=0
K= 4590
142.041809207
K= 4591
12929.6299979
K= 4592
29.4698373718
K= 4593
2496.7
K= 4594
66.6176795227
K= 4595
4936.0 , Degree=0
K= 4596
161.371522922
K= 4597
4936.0 , Degree=0
K= 4598
2280.32467051
K= 4599
2499.56666667
K= 4600
4936.0 , Degree=0
K= 4601
25.5844770591
K= 4602
4936.0 , Degree=0
K= 4603
30.2160891191
K= 4604
2309.66666667
K= 4605
4936.0 , Degree=0
K= 4606
4936.0 , Degree=0
K= 4607
4936.0 , Degree=0
K= 4608
24.6766276566
K= 4609
4936.0 , Degree=0
K= 4610
4936.0 , Degree=0
K= 4611
4936.0 , Degree=0
K= 4612
4936.0 , Degree=0
K= 4613
2336.0
K= 4614
25.9999999999
K= 4615
421.26031746
K= 4616
66.7888296948
K= 4617
4936.0 , Degree=0
Betweenness Centrality Improvement
[    0.             0.             0.         ...,    66.78882969  4936.
     0.        ]
Top 20 BC Improvement
[3647 4241 4575 3760 4035 4392 4293 4591 4289 4518 4384 3839 3829 4282 4120
 4493 3907 4543 4156 4051]
Top 20 BC Improvement
[ 13038.3258847   13008.09537721  13006.06352548  12979.25147491
  12943.94755462  12942.14189485  12936.67073094  12929.62999787
  12898.6266045   12870.16186802  12472.3          9892.           9892.
   9892.           9892.           4998.95555556   4997.           4991.25757576
   4990.           4986.54521531]
