txValue= 1000000
Input graph
IGRAPH D--- 4619 68733 -- 
+ attr: pub_key (v), base_fee (e), capacity (e), fee_rate (e), txCost (e)
None
Graph after edges deleted
IGRAPH D--- 4619 32193 -- 
+ attr: pub_key (v), base_fee (e), capacity (e), fee_rate (e), txCost (e)
None
Our nodes starting connections: 
(4618, 2796)
(4618, 1223)
(4618, 1163)
(4618, 222)
(4618, 2745)
(4618, 3884)
(4618, 3265)
(4618, 4209)
(4618, 2087)
(4618, 3540)
(4618, 3690)
(4618, 1039)
(4618, 797)
(4618, 498)
CurrentBC of our node:  549262.490124
K= 2400
4936.0 , Degree=0
K= 2401
2617.0
K= 2402
4936.0 , Degree=0
K= 2403
2253.33333333
K= 2404
4936.0 , Degree=0
K= 2405
4718.33260073
K= 2406
19.4333333332
K= 2407
32.0500515996
K= 2408
2527.5055247
K= 2409
2621.01666667
K= 2410
44.0860028862
K= 2411
19.7666666667
K= 2412
2491.37857143
K= 2413
4936.0 , Degree=0
K= 2414
15.4901098904
K= 2415
4718.0
K= 2416
20.2666666667
K= 2417
2493.6
K= 2418
4936.0 , Degree=0
K= 2419
2492.82301587
K= 2420
2285.66666667
K= 2421
4936.0 , Degree=0
K= 2422
2312.75
K= 2423
4936.0 , Degree=0
K= 2424
2312.75
K= 2425
14.2000000001
K= 2426
2685.16904762
K= 2427
4936.0 , Degree=0
K= 2428
4936.0 , Degree=0
K= 2429
4936.0 , Degree=0
K= 2430
4936.0 , Degree=0
K= 2431
85.8917802739
K= 2432
17.4255952382
K= 2433
12.4619047622
K= 2434
122.378664491
K= 2435
2494.1
K= 2436
2645.24761905
K= 2437
4936.0 , Degree=0
K= 2438
151.777834785
K= 2439
2488.89047619
K= 2440
4936.0 , Degree=0
K= 2441
2243.46883903
K= 2442
4936.0 , Degree=0
K= 2443
4936.0 , Degree=0
K= 2444
10.75
K= 2445
2493.85262255
K= 2446
11.5812770564
K= 2447
4936.0 , Degree=0
K= 2448
2312.75
K= 2449
19.7666666667
K= 2450
4084.76546507
K= 2451
4936.0 , Degree=0
K= 2452
12.4549527058
K= 2453
142.0
K= 2454
2253.33333333
K= 2455
4936.0 , Degree=0
K= 2456
4936.0 , Degree=0
K= 2457
28.5912144702
K= 2458
14.205952381
K= 2459
4936.0 , Degree=0
K= 2460
4936.0 , Degree=0
K= 2461
4307.53027194
K= 2462
9892.0
K= 2463
20.1
K= 2464
4936.0 , Degree=0
K= 2465
2625.86536325
K= 2466
2312.75
K= 2467
4936.0 , Degree=0
K= 2468
16.0041070041
K= 2469
4936.0 , Degree=0
K= 2470
4936.0 , Degree=0
K= 2471
2582.63307247
K= 2472
19.7666666667
K= 2473
4936.0 , Degree=0
K= 2474
39.5333333333
K= 2475
14.6083333335
K= 2476
4936.0 , Degree=0
K= 2477
4936.0 , Degree=0
K= 2478
4936.0 , Degree=0
K= 2479
2488.82521377
K= 2480
2494.26666667
K= 2481
4936.0 , Degree=0
K= 2482
4936.0 , Degree=0
K= 2483
4936.0 , Degree=0
K= 2484
2633.64486331
K= 2485
70.5722215825
K= 2486
4936.0 , Degree=0
K= 2487
36.1449949223
K= 2488
19.6
K= 2489
121.549345742
K= 2490
4936.0 , Degree=0
K= 2491
4936.0 , Degree=0
K= 2492
19.7583333334
K= 2493
20.2666666667
K= 2494
2265.75
K= 2495
4936.0 , Degree=0
K= 2496
108.562091384
K= 2497
4936.0 , Degree=0
K= 2498
4936.0 , Degree=0
K= 2499
17.8619047621
K= 2500
4936.0 , Degree=0
K= 2501
4936.0 , Degree=0
K= 2502
4936.0 , Degree=0
K= 2503
17.7952380955
K= 2504
4936.0 , Degree=0
K= 2505
2526.06488837
K= 2506
14.1722222222
K= 2507
4936.0 , Degree=0
K= 2508
4689.0
K= 2509
4936.0 , Degree=0
K= 2510
17.2666666667
K= 2511
4936.0 , Degree=0
K= 2512
4936.0 , Degree=0
K= 2513
2624.2875903
K= 2514
4936.0 , Degree=0
K= 2515
2300.75
K= 2516
4936.0 , Degree=0
K= 2517
2265.75
K= 2518
16.1928904429
K= 2519
4936.0 , Degree=0
K= 2520
336.731187074
K= 2521
49.7060606062
K= 2522
2486.73937729
K= 2523
2633.0
K= 2524
2488.22455571
K= 2525
19.6
K= 2526
4936.0 , Degree=0
K= 2527
19.0802197802
K= 2528
20.9810910773
K= 2529
4936.0 , Degree=0
K= 2530
4936.0 , Degree=0
K= 2531
4936.0 , Degree=0
K= 2532
8.72438147001
K= 2533
4936.0 , Degree=0
K= 2534
22.1833333333
K= 2535
4936.0 , Degree=0
K= 2536
4936.0 , Degree=0
K= 2537
4936.0 , Degree=0
K= 2538
4936.0 , Degree=0
K= 2539
4936.0 , Degree=0
K= 2540
4936.0 , Degree=0
K= 2541
2601.0
K= 2542
2636.3341467
K= 2543
101.511904762
K= 2544
4936.0 , Degree=0
K= 2545
4936.0 , Degree=0
K= 2546
4936.0 , Degree=0
K= 2547
4936.0 , Degree=0
K= 2548
2428.39290868
K= 2549
2679.31666667
K= 2550
4936.0 , Degree=0
K= 2551
2312.75
K= 2552
4936.0 , Degree=0
K= 2553
33.163744216
K= 2554
53.5363352851
K= 2555
4936.0 , Degree=0
K= 2556
18.7666666667
K= 2557
4714.0
K= 2558
3135.25084063
K= 2559
13.7666666667
K= 2560
2701.05
K= 2561
16.2393939395
K= 2562
44.7188976872
K= 2563
8.49568241101
K= 2564
4936.0 , Degree=0
K= 2565
9892.0
K= 2566
18.85
K= 2567
4718.0
K= 2568
4936.0 , Degree=0
K= 2569
4936.0 , Degree=0
K= 2570
4715.93793851
K= 2571
4936.0 , Degree=0
K= 2572
4936.0 , Degree=0
K= 2573
4720.36111111
K= 2574
20.2666666667
K= 2575
23.3625541123
K= 2576
2558.5055247
K= 2577
4936.0 , Degree=0
K= 2578
4936.0 , Degree=0
K= 2579
4936.0 , Degree=0
K= 2580
4936.0 , Degree=0
K= 2581
31.1086413587
K= 2582
20.1
K= 2583
4936.0 , Degree=0
K= 2584
17.9619047621
K= 2585
4936.0 , Degree=0
K= 2586
4936.0 , Degree=0
K= 2587
4936.0 , Degree=0
K= 2588
19.1
K= 2589
4727.29830586
K= 2590
2649.67286959
K= 2591
4936.0 , Degree=0
K= 2592
4936.0 , Degree=0
K= 2593
15.7083333334
K= 2594
64.9321776832
K= 2595
4936.0 , Degree=0
K= 2596
4936.0 , Degree=0
K= 2597
11.0238095239
K= 2598
4936.0 , Degree=0
K= 2599
4936.0 , Degree=0
K= 2600
4936.0 , Degree=0
K= 2601
4936.0 , Degree=0
K= 2602
112.032441533
K= 2603
4936.0 , Degree=0
K= 2604
44.430255833
K= 2605
10.9619047622
K= 2606
5397.98748677
K= 2607
4936.0 , Degree=0
K= 2608
19.9333333332
K= 2609
2633.64486331
K= 2610
2633.83181386
K= 2611
4936.0 , Degree=0
K= 2612
4936.0 , Degree=0
K= 2613
4936.0 , Degree=0
K= 2614
169.095829171
K= 2615
2614.88293486
K= 2616
11.6666666666
K= 2617
4936.0 , Degree=0
K= 2618
2494.26666667
K= 2619
4936.0 , Degree=0
K= 2620
4936.0 , Degree=0
K= 2621
4936.0 , Degree=0
K= 2622
17.0452380955
K= 2623
4936.0 , Degree=0
K= 2624
16.8404761906
K= 2625
4936.0 , Degree=0
K= 2626
2633.0
K= 2627
4936.0 , Degree=0
K= 2628
7443.78548577
K= 2629
114.042463965
K= 2630
4936.0 , Degree=0
K= 2631
4936.0 , Degree=0
K= 2632
34.6510322815
K= 2633
4936.0 , Degree=0
K= 2634
4936.0 , Degree=0
K= 2635
4936.0 , Degree=0
K= 2636
4936.0 , Degree=0
K= 2637
4936.0 , Degree=0
K= 2638
2245.0
K= 2639
4936.0 , Degree=0
K= 2640
4936.0 , Degree=0
K= 2641
4936.0 , Degree=0
K= 2642
4936.0 , Degree=0
K= 2643
20.2666666667
K= 2644
4936.0 , Degree=0
K= 2645
11.9619047621
K= 2646
24.7666666667
K= 2647
4939.0
K= 2648
17.4166666666
K= 2649
2253.33333333
K= 2650
4936.0 , Degree=0
K= 2651
4936.0 , Degree=0
K= 2652
4936.0 , Degree=0
K= 2653
17.9619047622
K= 2654
4936.0 , Degree=0
K= 2655
41.1659000445
K= 2656
4673.66652193
K= 2657
4936.0 , Degree=0
K= 2658
133.040903683
K= 2659
4936.0 , Degree=0
K= 2660
4936.0 , Degree=0
K= 2661
4936.0 , Degree=0
K= 2662
4936.0 , Degree=0
K= 2663
21.1372822537
K= 2664
2656.77424242
K= 2665
4936.0 , Degree=0
K= 2666
4936.0 , Degree=0
K= 2667
178.102321713
K= 2668
17.7119047621
K= 2669
509.658213489
K= 2670
132.216810963
K= 2671
4936.0 , Degree=0
K= 2672
4936.0 , Degree=0
K= 2673
4936.0 , Degree=0
K= 2674
36.7000000001
K= 2675
4936.0 , Degree=0
K= 2676
4936.0 , Degree=0
K= 2677
10.1277390047
K= 2678
4936.0 , Degree=0
K= 2679
4936.0 , Degree=0
K= 2680
4936.0 , Degree=0
K= 2681
4936.0 , Degree=0
K= 2682
171.830198602
K= 2683
4936.0 , Degree=0
K= 2684
2312.75
K= 2685
2491.7952381
K= 2686
4936.0 , Degree=0
K= 2687
4936.0 , Degree=0
K= 2688
17.7666666667
K= 2689
4936.0 , Degree=0
K= 2690
2619.51453546
K= 2691
4936.0 , Degree=0
K= 2692
4936.0 , Degree=0
K= 2693
55.3333333333
K= 2694
4936.0 , Degree=0
K= 2695
4680.0
K= 2696
45.8
K= 2697
4936.0 , Degree=0
K= 2698
20.2666666667
K= 2699
19.7666666667
K= 2700
2236.42698413
K= 2701
4936.0 , Degree=0
K= 2702
17.7119047621
K= 2703
19.7666666667
K= 2704
4936.0 , Degree=0
K= 2705
2493.26666667
K= 2706
19.7666666667
K= 2707
4936.0 , Degree=0
K= 2708
4936.0 , Degree=0
K= 2709
4936.0 , Degree=0
K= 2710
9892.0
K= 2711
4689.0
K= 2712
32.1046533351
K= 2713
20.9583333334
K= 2714
16.2179653681
K= 2715
44.8055871214
K= 2716
4936.0 , Degree=0
K= 2717
4936.0 , Degree=0
K= 2718
47.0643451514
K= 2719
2798.18968254
K= 2720
4936.0 , Degree=0
K= 2721
4658.0
K= 2722
4936.0 , Degree=0
K= 2723
4936.0 , Degree=0
K= 2724
4936.0 , Degree=0
K= 2725
2245.0
K= 2726
4936.0 , Degree=0
K= 2727
2265.75
K= 2728
2493.76666667
K= 2729
4936.0 , Degree=0
K= 2730
4936.0 , Degree=0
K= 2731
4936.0 , Degree=0
K= 2732
4936.0 , Degree=0
K= 2733
2488.36787932
K= 2734
4936.0 , Degree=0
K= 2735
4719.0
K= 2736
4936.0 , Degree=0
K= 2737
4936.0 , Degree=0
K= 2738
4689.0
K= 2739
2645.85065572
K= 2740
4936.0 , Degree=0
K= 2741
57.3051171051
K= 2742
55.0444055946
K= 2743
4936.0 , Degree=0
K= 2744
14.3166666667
K= 2745
71.3036991577
K= 2746
2312.75
K= 2747
4936.0 , Degree=0
K= 2748
4936.0 , Degree=0
K= 2749
4936.0 , Degree=0
K= 2750
96.8821864913
K= 2751
4936.0 , Degree=0
K= 2752
4689.0
K= 2753
325.859804901
K= 2754
4936.0 , Degree=0
K= 2755
16.4529772709
K= 2756
2666.40569792
K= 2757
141.0
K= 2758
4936.0 , Degree=0
K= 2759
4936.0 , Degree=0
K= 2760
2646.07822571
K= 2761
20.2666666667
K= 2762
4936.0 , Degree=0
K= 2763
2489.80842491
K= 2764
4689.0
K= 2765
12.6296148297
K= 2766
4936.0 , Degree=0
K= 2767
4936.0 , Degree=0
K= 2768
13.1505772005
K= 2769
4936.0 , Degree=0
K= 2770
4936.0 , Degree=0
K= 2771
4936.0 , Degree=0
K= 2772
16.4060606061
K= 2773
2488.66106655
K= 2774
4936.0 , Degree=0
K= 2775
4936.0 , Degree=0
K= 2776
2488.19084755
K= 2777
28.662962038
K= 2778
4936.0 , Degree=0
K= 2779
2312.75
K= 2780
19.7666666667
K= 2781
19.7666666667
K= 2782
93.8731087752
K= 2783
35.0118835272
K= 2784
4717.0
K= 2785
4936.0 , Degree=0
K= 2786
4936.0 , Degree=0
K= 2787
4936.0 , Degree=0
K= 2788
50.1181818183
K= 2789
15.8913031413
K= 2790
14.5135225889
K= 2791
4936.0 , Degree=0
K= 2792
4936.0 , Degree=0
K= 2793
4936.0 , Degree=0
K= 2794
20.2666666667
K= 2795
4936.0 , Degree=0
K= 2796
121.582294204
K= 2797
23.3833333332
K= 2798
16.1428904427
K= 2799
32.3302253303
K= 2800
19.7666666667
K= 2801
4936.0 , Degree=0
K= 2802
4715.84156863
K= 2803
15.3563103563
K= 2804
4936.0 , Degree=0
K= 2805
11.9649725276
K= 2806
4936.0 , Degree=0
K= 2807
16.75
K= 2808
4936.0 , Degree=0
K= 2809
4936.0 , Degree=0
K= 2810
4936.0 , Degree=0
K= 2811
19.7666666667
K= 2812
14.2666666667
K= 2813
52.0648883702
K= 2814
4936.0 , Degree=0
K= 2815
4936.0 , Degree=0
K= 2816
15.8714618714
K= 2817
4936.0 , Degree=0
K= 2818
4936.0 , Degree=0
K= 2819
2493.76666667
K= 2820
4936.0 , Degree=0
K= 2821
2312.75
K= 2822
4936.0 , Degree=0
K= 2823
4936.0 , Degree=0
K= 2824
19.2952380955
K= 2825
2634.38571429
K= 2826
37.1604395605
K= 2827
4936.0 , Degree=0
K= 2828
11.9793206793
K= 2829
12.4795581611
K= 2830
4936.0 , Degree=0
K= 2831
4936.0 , Degree=0
K= 2832
4936.0 , Degree=0
K= 2833
4936.0 , Degree=0
K= 2834
2493.6
K= 2835
4936.0 , Degree=0
K= 2836
4936.0 , Degree=0
K= 2837
4936.0 , Degree=0
K= 2838
4936.0 , Degree=0
K= 2839
3744.55231301
K= 2840
2491.96190476
K= 2841
4936.0 , Degree=0
K= 2842
4936.0 , Degree=0
K= 2843
4936.0 , Degree=0
K= 2844
17.9619047622
K= 2845
2516.19255467
K= 2846
2265.75
K= 2847
2238.0
K= 2848
25.1552202184
K= 2849
11.3619047621
K= 2850
12.8785714287
K= 2851
4936.0 , Degree=0
K= 2852
4936.0 , Degree=0
K= 2853
4936.0 , Degree=0
K= 2854
17.4166666666
K= 2855
2505.65095416
K= 2856
4985.53333333
K= 2857
5132.0
K= 2858
4936.0 , Degree=0
K= 2859
16.7738095239
K= 2860
2593.0
K= 2861
328.606479339
K= 2862
4936.0 , Degree=0
K= 2863
9892.0
K= 2864
4710.0
K= 2865
2312.75
K= 2866
4936.0 , Degree=0
K= 2867
4936.0 , Degree=0
K= 2868
4979.28260628
K= 2869
35.9304258663
K= 2870
2491.60714286
K= 2871
2664.0
K= 2872
2598.92990245
K= 2873
4936.0 , Degree=0
K= 2874
4936.0 , Degree=0
K= 2875
4936.0 , Degree=0
K= 2876
4936.0 , Degree=0
K= 2877
52.0648883702
K= 2878
66.9478919689
K= 2879
4936.0 , Degree=0
K= 2880
4936.0 , Degree=0
K= 2881
4936.0 , Degree=0
K= 2882
4936.0 , Degree=0
K= 2883
4936.0 , Degree=0
K= 2884
2682.96489622
K= 2885
2239.0
K= 2886
4936.0 , Degree=0
K= 2887
4936.0 , Degree=0
K= 2888
4936.0 , Degree=0
K= 2889
40.4863455988
K= 2890
19.7666666667
K= 2891
19.6
K= 2892
4936.0 , Degree=0
K= 2893
4936.0 , Degree=0
K= 2894
4936.0 , Degree=0
K= 2895
4680.0
K= 2896
4936.0 , Degree=0
K= 2897
4936.0 , Degree=0
K= 2898
4717.0
K= 2899
19.4
K= 2900
4936.0 , Degree=0
K= 2901
4708.41111111
K= 2902
4936.0 , Degree=0
K= 2903
4936.0 , Degree=0
K= 2904
4936.0 , Degree=0
K= 2905
4936.0 , Degree=0
K= 2906
2245.0
K= 2907
129.416128666
K= 2908
4936.0 , Degree=0
K= 2909
4936.0 , Degree=0
K= 2910
2312.0
K= 2911
2489.13736119
K= 2912
180.004030499
K= 2913
3753.89497299
K= 2914
4936.0 , Degree=0
K= 2915
4936.0 , Degree=0
K= 2916
19.6
K= 2917
2662.39087302
K= 2918
2644.08692485
K= 2919
26.4308661928
K= 2920
4936.0 , Degree=0
K= 2921
4936.0 , Degree=0
K= 2922
4936.0 , Degree=0
K= 2923
67.7178919689
K= 2924
17.4166666666
K= 2925
19.2952380955
K= 2926
2285.66666667
K= 2927
4936.0 , Degree=0
K= 2928
4936.0 , Degree=0
K= 2929
14.4267231136
K= 2930
100.449331613
K= 2931
2495.97860473
K= 2932
4936.0 , Degree=0
K= 2933
4936.0 , Degree=0
K= 2934
4936.0 , Degree=0
K= 2935
4936.0 , Degree=0
K= 2936
4936.0 , Degree=0
K= 2937
19.7666666667
K= 2938
4936.0 , Degree=0
K= 2939
2513.16746289
K= 2940
17.7785714288
K= 2941
4936.0 , Degree=0
K= 2942
17.9679636788
K= 2943
20.1
K= 2944
20.2666666667
K= 2945
4632.75
K= 2946
4936.0 , Degree=0
K= 2947
4936.0 , Degree=0
K= 2948
4936.0 , Degree=0
K= 2949
4936.0 , Degree=0
K= 2950
4936.0 , Degree=0
K= 2951
39.5333333333
K= 2952
2265.75
K= 2953
4936.0 , Degree=0
K= 2954
2553.56031746
K= 2955
27.752930403
K= 2956
4936.0 , Degree=0
K= 2957
2701.05
K= 2958
4936.0 , Degree=0
K= 2959
4936.0 , Degree=0
K= 2960
2590.80255006
K= 2961
4936.0 , Degree=0
K= 2962
67.7178919689
K= 2963
2648.02754045
K= 2964
4936.0 , Degree=0
K= 2965
67.7178919689
K= 2966
4936.0 , Degree=0
K= 2967
4936.0 , Degree=0
K= 2968
14.2666666667
K= 2969
4936.0 , Degree=0
K= 2970
4936.0 , Degree=0
K= 2971
4936.0 , Degree=0
K= 2972
2312.75
K= 2973
19.7666666667
K= 2974
76.5034577315
K= 2975
4936.0 , Degree=0
K= 2976
4936.0 , Degree=0
K= 2977
2635.66887527
K= 2978
4936.0 , Degree=0
K= 2979
4936.0 , Degree=0
K= 2980
19.6
K= 2981
4936.0 , Degree=0
K= 2982
2675.94444444
K= 2983
20.2666666667
K= 2984
3750.89497299
K= 2985
4674.55
K= 2986
17.0904761906
K= 2987
4936.0 , Degree=0
K= 2988
4936.0 , Degree=0
K= 2989
4936.0 , Degree=0
K= 2990
2293.03151831
K= 2991
4936.0 , Degree=0
K= 2992
4936.0 , Degree=0
K= 2993
19.7666666667
K= 2994
12.0000000001
K= 2995
2498.76666667
K= 2996
4698.0
K= 2997
13.7666666667
K= 2998
4936.0 , Degree=0
K= 2999
2487.82301587
K= 3000
17.274793956
K= 3001
2240.27803379
K= 3002
19.7666666667
K= 3003
17.6952380954
K= 3004
4936.0 , Degree=0
K= 3005
2618.65853246
K= 3006
19.7666666667
K= 3007
4936.0 , Degree=0
K= 3008
13.1783549782
K= 3009
2648.09013346
K= 3010
4936.0 , Degree=0
K= 3011
4936.0 , Degree=0
K= 3012
4936.0 , Degree=0
K= 3013
14.7210883888
K= 3014
2661.40569792
K= 3015
4936.0 , Degree=0
K= 3016
4936.0 , Degree=0
K= 3017
12.1649725275
K= 3018
43.6674628893
K= 3019
4718.0
K= 3020
2491.26666667
K= 3021
2551.81886447
K= 3022
16.8095238096
K= 3023
2680.02445055
K= 3024
4936.0 , Degree=0
K= 3025
13.7666666667
K= 3026
66.6599625103
K= 3027
2576.71782999
K= 3028
18.1
K= 3029
4936.0 , Degree=0
K= 3030
2597.64486331
K= 3031
4936.0 , Degree=0
K= 3032
3586.89497299
K= 3033
15.2043650795
K= 3034
4936.0 , Degree=0
K= 3035
17.4166666666
K= 3036
2240.36111111
K= 3037
4936.0 , Degree=0
K= 3038
2494.1
K= 3039
19.6
K= 3040
19.7666666667
K= 3041
4936.0 , Degree=0
K= 3042
4936.0 , Degree=0
K= 3043
4936.0 , Degree=0
K= 3044
4936.0 , Degree=0
K= 3045
14.7175166392
K= 3046
2486.43872122
K= 3047
33.9898792384
K= 3048
2489.86908092
K= 3049
4936.0 , Degree=0
K= 3050
2245.0
K= 3051
26.4099399165
K= 3052
64.8766221277
K= 3053
120.862858872
K= 3054
2493.76666667
K= 3055
4936.0 , Degree=0
K= 3056
4936.0 , Degree=0
K= 3057
4936.0 , Degree=0
K= 3058
4936.0 , Degree=0
K= 3059
4936.0 , Degree=0
K= 3060
4936.0 , Degree=0
K= 3061
4936.0 , Degree=0
K= 3062
17.7119047621
K= 3063
4936.0 , Degree=0
K= 3064
4936.0 , Degree=0
K= 3065
4936.0 , Degree=0
K= 3066
2613.34664973
K= 3067
19.4333333332
K= 3068
12.9804487181
K= 3069
4936.0 , Degree=0
K= 3070
4936.0 , Degree=0
K= 3071
16.75
K= 3072
4714.36111111
K= 3073
4936.0 , Degree=0
K= 3074
4936.0 , Degree=0
K= 3075
13.2640692639
K= 3076
4936.0 , Degree=0
K= 3077
10.8571428572
K= 3078
4936.0 , Degree=0
K= 3079
4936.0 , Degree=0
K= 3080
17.6285714287
K= 3081
2687.9452381
K= 3082
2243.0
K= 3083
4936.0 , Degree=0
K= 3084
4936.0 , Degree=0
K= 3085
2611.0
K= 3086
17.6952380955
K= 3087
4936.0 , Degree=0
K= 3088
4936.0 , Degree=0
K= 3089
2285.66666667
K= 3090
100.634627127
K= 3091
4936.0 , Degree=0
K= 3092
4689.0
K= 3093
19.7666666667
K= 3094
4936.0 , Degree=0
K= 3095
4936.0 , Degree=0
K= 3096
19.9333333332
K= 3097
19.9333333332
K= 3098
4936.0 , Degree=0
K= 3099
24.3251782898
K= 3100
17.0904761906
K= 3101
2606.0
K= 3102
2653.19172621
K= 3103
4936.0 , Degree=0
K= 3104
2569.5
K= 3105
67.7178919689
K= 3106
2285.66666667
K= 3107
4725.0
K= 3108
4936.0 , Degree=0
K= 3109
13.6
K= 3110
4936.0 , Degree=0
K= 3111
4936.0 , Degree=0
K= 3112
4936.0 , Degree=0
K= 3113
4399.60982292
K= 3114
35.1571428572
K= 3115
19.6
K= 3116
20.2666666667
K= 3117
4672.41666667
K= 3118
4936.0 , Degree=0
K= 3119
4936.0 , Degree=0
K= 3120
2488.9968962
K= 3121
4936.0 , Degree=0
K= 3122
15.5857475857
K= 3123
194.738095238
K= 3124
0.0
K= 3125
4936.0 , Degree=0
K= 3126
4936.0 , Degree=0
K= 3127
2493.6
K= 3128
9376.0
K= 3129
19.6
K= 3130
2633.64486331
K= 3131
13.7666666667
K= 3132
2463.98973312
K= 3133
28.917647059
K= 3134
166.675579597
K= 3135
2476.37142857
K= 3136
2648.79047619
K= 3137
4936.0 , Degree=0
K= 3138
4759.66666667
K= 3139
2245.0
K= 3140
4936.0 , Degree=0
K= 3141
4936.0 , Degree=0
K= 3142
19.3077030813
K= 3143
2425.03452215
K= 3144
4936.0 , Degree=0
K= 3145
15.2083333334
K= 3146
4936.0 , Degree=0
K= 3147
4936.0 , Degree=0
K= 3148
4936.0 , Degree=0
K= 3149
4936.0 , Degree=0
K= 3150
2516.8152223
K= 3151
4936.0 , Degree=0
K= 3152
4936.0 , Degree=0
K= 3153
2243.0
K= 3154
2285.66666667
K= 3155
4936.0 , Degree=0
K= 3156
67.7178919689
K= 3157
5193.33333333
K= 3158
4936.0 , Degree=0
K= 3159
12.6042653425
K= 3160
4936.0 , Degree=0
K= 3161
2493.76666667
K= 3162
14.8726190476
K= 3163
4936.0 , Degree=0
K= 3164
7005.33333333
K= 3165
4658.0
K= 3166
4936.0 , Degree=0
K= 3167
2265.75
K= 3168
4936.0 , Degree=0
K= 3169
14.6928904429
K= 3170
4936.0 , Degree=0
K= 3171
17.4166666666
K= 3172
4936.0 , Degree=0
K= 3173
4936.0 , Degree=0
K= 3174
91.8917802739
K= 3175
19.9333333332
K= 3176
4936.0 , Degree=0
K= 3177
162.981217258
K= 3178
15.7051892554
K= 3179
2494.26666667
K= 3180
2676.06666667
K= 3181
2285.66666667
K= 3182
19.9333333332
K= 3183
4936.0 , Degree=0
K= 3184
4936.0 , Degree=0
K= 3185
4936.0 , Degree=0
K= 3186
23.9238095238
K= 3187
11.5776445778
K= 3188
5049.04794258
K= 3189
32.2000000001
K= 3190
11.6396103898
K= 3191
4936.0 , Degree=0
K= 3192
61.3695026626
K= 3193
4936.0 , Degree=0
K= 3194
2491.96190476
K= 3195
4936.0 , Degree=0
K= 3196
4936.0 , Degree=0
K= 3197
4936.0 , Degree=0
K= 3198
10.20519234
K= 3199
4936.0 , Degree=0
K= 3200
18.5166666667
K= 3201
14.9416666668
K= 3202
4936.0 , Degree=0
K= 3203
4936.0 , Degree=0
K= 3204
2285.66666667
K= 3205
4936.0 , Degree=0
K= 3206
4936.0 , Degree=0
K= 3207
18.4619047622
K= 3208
4936.0 , Degree=0
K= 3209
4936.0 , Degree=0
K= 3210
1426.54303116
K= 3211
4936.0 , Degree=0
K= 3212
4936.0 , Degree=0
K= 3213
4936.0 , Degree=0
K= 3214
4936.0 , Degree=0
K= 3215
4936.0 , Degree=0
K= 3216
23.1166666666
K= 3217
4936.0 , Degree=0
K= 3218
11.4485958485
K= 3219
10.2060606061
K= 3220
17.0904761906
K= 3221
2312.75
K= 3222
4936.0 , Degree=0
K= 3223
8.919080919
K= 3224
52.1455199664
K= 3225
19.7666666667
K= 3226
4936.0 , Degree=0
K= 3227
4936.0 , Degree=0
K= 3228
0.0
K= 3229
4936.0 , Degree=0
K= 3230
4936.0 , Degree=0
K= 3231
2661.60849428
K= 3232
2550.34234899
K= 3233
4936.0 , Degree=0
K= 3234
4936.0 , Degree=0
K= 3235
94.1510101011
K= 3236
4936.0 , Degree=0
K= 3237
91.8917802739
K= 3238
4936.0 , Degree=0
K= 3239
4936.0 , Degree=0
K= 3240
4936.0 , Degree=0
K= 3241
2538.55069206
K= 3242
20.1
K= 3243
4936.0 , Degree=0
K= 3244
4936.0 , Degree=0
K= 3245
4936.0 , Degree=0
K= 3246
7449.66666667
K= 3247
4936.0 , Degree=0
K= 3248
4689.0
K= 3249
2583.64486331
K= 3250
91.8917802739
K= 3251
4936.0 , Degree=0
K= 3252
19.7666666667
K= 3253
4936.0 , Degree=0
K= 3254
2242.66666667
K= 3255
2488.30595238
K= 3256
28.0
K= 3257
4936.0 , Degree=0
K= 3258
256.520409261
K= 3259
4713.66666667
K= 3260
16.4404761906
K= 3261
4936.0 , Degree=0
K= 3262
2630.5055247
K= 3263
4936.0 , Degree=0
K= 3264
4936.0 , Degree=0
K= 3265
0.0
K= 3266
4936.0 , Degree=0
K= 3267
195.128662274
K= 3268
2493.1
K= 3269
19.7666666667
K= 3270
4936.0 , Degree=0
K= 3271
16.5404761906
K= 3272
4936.0 , Degree=0
K= 3273
4936.0 , Degree=0
K= 3274
132.0
K= 3275
2312.75
K= 3276
2245.0
K= 3277
29.5786230284
K= 3278
16.7904761906
K= 3279
15.6083333335
K= 3280
4936.0 , Degree=0
K= 3281
4936.0 , Degree=0
K= 3282
354.044244653
K= 3283
13.5746031746
K= 3284
4936.0 , Degree=0
K= 3285
13.1316391942
K= 3286
2576.71782999
K= 3287
2285.66666667
K= 3288
2366.0
K= 3289
4936.0 , Degree=0
K= 3290
19.2666666667
K= 3291
11.7833333333
K= 3292
4936.0 , Degree=0
K= 3293
12.6300770866
K= 3294
2662.18412698
K= 3295
4936.0 , Degree=0
K= 3296
4936.0 , Degree=0
K= 3297
4936.0 , Degree=0
K= 3298
4936.0 , Degree=0
K= 3299
67.5750348261
K= 3300
16.7238095239
K= 3301
2693.46190476
K= 3302
4936.0 , Degree=0
K= 3303
4936.0 , Degree=0
K= 3304
42.8564071077
K= 3305
4936.0 , Degree=0
K= 3306
19.7666666667
K= 3307
4936.0 , Degree=0
K= 3308
4936.0 , Degree=0
K= 3309
4936.0 , Degree=0
K= 3310
19.7666666667
K= 3311
4658.0
K= 3312
4936.0 , Degree=0
K= 3313
4936.0 , Degree=0
K= 3314
4936.0 , Degree=0
K= 3315
50.026292964
K= 3316
2119.0
K= 3317
4936.0 , Degree=0
K= 3318
4936.0 , Degree=0
K= 3319
4936.0 , Degree=0
K= 3320
15.7083333334
K= 3321
4936.0 , Degree=0
K= 3322
2312.75
K= 3323
16.2893939394
K= 3324
49.1932234432
K= 3325
36.9238095238
K= 3326
18.5761904763
K= 3327
4936.0 , Degree=0
K= 3328
11.8333333334
K= 3329
2249.33333333
K= 3330
14.1559523811
K= 3331
4936.0 , Degree=0
K= 3332
4936.0 , Degree=0
K= 3333
4936.0 , Degree=0
K= 3334
2525.52641011
K= 3335
4936.0 , Degree=0
K= 3336
35.8364258079
K= 3337
4936.0 , Degree=0
K= 3338
4936.0 , Degree=0
K= 3339
4936.0 , Degree=0
K= 3340
2531.04455267
K= 3341
2589.86536325
K= 3342
4936.0 , Degree=0
K= 3343
4936.0 , Degree=0
K= 3344
19.7666666667
K= 3345
4936.0 , Degree=0
K= 3346
2692.15
K= 3347
2488.45832194
K= 3348
4936.0 , Degree=0
K= 3349
4936.0 , Degree=0
K= 3350
4936.0 , Degree=0
K= 3351
2490.75
K= 3352
60.680952381
K= 3353
4936.0 , Degree=0
K= 3354
4936.0 , Degree=0
K= 3355
2667.02579365
K= 3356
18.3619047621
K= 3357
28.404019022
K= 3358
4936.0 , Degree=0
K= 3359
16.0904761906
K= 3360
4936.0 , Degree=0
K= 3361
4936.0 , Degree=0
K= 3362
4936.0 , Degree=0
K= 3363
4936.0 , Degree=0
K= 3364
4936.0 , Degree=0
K= 3365
4936.0 , Degree=0
K= 3366
67.7178919689
K= 3367
4936.0 , Degree=0
K= 3368
15.2083333334
K= 3369
2488.5
K= 3370
4936.0 , Degree=0
K= 3371
4936.0 , Degree=0
K= 3372
18.4619047621
K= 3373
4936.0 , Degree=0
K= 3374
4936.0 , Degree=0
K= 3375
4936.0 , Degree=0
K= 3376
4936.0 , Degree=0
K= 3377
4936.0 , Degree=0
K= 3378
2599.13343545
K= 3379
4936.0 , Degree=0
K= 3380
4725.0
K= 3381
4936.0 , Degree=0
K= 3382
4936.0 , Degree=0
K= 3383
4936.0 , Degree=0
K= 3384
143.333333333
K= 3385
2245.0
K= 3386
4936.0 , Degree=0
K= 3387
4936.0 , Degree=0
K= 3388
4936.0 , Degree=0
K= 3389
4936.0 , Degree=0
K= 3390
14.5000000001
K= 3391
102.343122176
K= 3392
2239.0
K= 3393
4936.0 , Degree=0
K= 3394
4936.0 , Degree=0
K= 3395
2630.5055247
K= 3396
4936.0 , Degree=0
K= 3397
2312.75
K= 3398
4936.0 , Degree=0
K= 3399
2312.75
K= 3400
4936.0 , Degree=0
K= 3401
4936.0 , Degree=0
K= 3402
2658.67541209
K= 3403
2682.66666667
K= 3404
4936.0 , Degree=0
K= 3405
19.8302253303
K= 3406
10.9238095239
K= 3407
228.55
K= 3408
2590.80255006
K= 3409
18.4619047622
K= 3410
2664.1251443
K= 3411
19.7666666667
K= 3412
58.1474374234
K= 3413
2493.43333333
K= 3414
4936.0 , Degree=0
K= 3415
11.4136752136
K= 3416
2687.50238095
K= 3417
2486.47857143
K= 3418
4936.0 , Degree=0
K= 3419
4713.75
K= 3420
91.8917802739
K= 3421
12.1939659755
K= 3422
4936.0 , Degree=0
K= 3423
4936.0 , Degree=0
K= 3424
2599.13343545
K= 3425
4936.0 , Degree=0
K= 3426
4936.0 , Degree=0
K= 3427
12.6330065361
K= 3428
4739.0
K= 3429
14.3333333334
K= 3430
4936.0 , Degree=0
K= 3431
16.3227272728
K= 3432
4936.0 , Degree=0
K= 3433
4936.0 , Degree=0
K= 3434
28.0476190477
K= 3435
2564.10894661
K= 3436
4936.0 , Degree=0
K= 3437
4713.0
K= 3438
4936.0 , Degree=0
K= 3439
4936.0 , Degree=0
K= 3440
2312.75
K= 3441
4936.0 , Degree=0
K= 3442
2323.66666667
K= 3443
67.3243173845
K= 3444
4936.0 , Degree=0
K= 3445
163.521894569
K= 3446
4936.0 , Degree=0
K= 3447
2265.75
K= 3448
131.0
K= 3449
17.6119047621
K= 3450
4936.0 , Degree=0
K= 3451
4936.0 , Degree=0
K= 3452
4936.0 , Degree=0
K= 3453
2677.33181818
K= 3454
2285.66666667
K= 3455
4936.0 , Degree=0
K= 3456
2265.75
K= 3457
19.6
K= 3458
4936.0 , Degree=0
K= 3459
4936.0 , Degree=0
K= 3460
4936.0 , Degree=0
K= 3461
2526.06488837
K= 3462
4936.0 , Degree=0
K= 3463
4936.0 , Degree=0
K= 3464
19.7666666667
K= 3465
4936.0 , Degree=0
K= 3466
91.8917802739
K= 3467
4936.0 , Degree=0
K= 3468
12.6
K= 3469
4936.0 , Degree=0
K= 3470
25.5416666666
K= 3471
2660.03285603
K= 3472
4936.0 , Degree=0
K= 3473
4936.0 , Degree=0
K= 3474
15.2083333334
K= 3475
4936.0 , Degree=0
K= 3476
4936.0 , Degree=0
K= 3477
2486.76767387
K= 3478
4936.0 , Degree=0
K= 3479
15.919080919
K= 3480
4936.0 , Degree=0
K= 3481
166.572767956
K= 3482
4936.0 , Degree=0
K= 3483
4936.0 , Degree=0
K= 3484
30.7753080253
K= 3485
38.8666666668
K= 3486
2490.75
K= 3487
4936.0 , Degree=0
K= 3488
2602.76229021
K= 3489
4936.0 , Degree=0
K= 3490
2237.0
K= 3491
11.4737825899
K= 3492
4936.0 , Degree=0
K= 3493
2683.31587302
K= 3494
4936.0 , Degree=0
K= 3495
4936.0 , Degree=0
K= 3496
4936.0 , Degree=0
K= 3497
4936.0 , Degree=0
K= 3498
31.5857843136
K= 3499
4936.0 , Degree=0
K= 3500
17.0251082252
K= 3501
2549.25620491
K= 3502
4936.0 , Degree=0
K= 3503
4936.0 , Degree=0
K= 3504
4936.0 , Degree=0
K= 3505
4936.0 , Degree=0
K= 3506
2668.63333333
K= 3507
2393.75
K= 3508
20.2666666667
K= 3509
2646.73333333
K= 3510
4936.0 , Degree=0
K= 3511
2227.73333333
K= 3512
2312.75
K= 3513
2671.98163781
K= 3514
14.6931372551
K= 3515
2312.75
K= 3516
178.102321713
K= 3517
7.57460317458
K= 3518
2504.86666667
K= 3519
22.1261113142
K= 3520
14.2500000001
K= 3521
4936.0 , Degree=0
K= 3522
2249.0
K= 3523
4936.0 , Degree=0
K= 3524
2558.40441225
K= 3525
2285.66666667
K= 3526
17.6952380954
K= 3527
4936.0 , Degree=0
K= 3528
19.7666666667
K= 3529
4936.0 , Degree=0
K= 3530
2558.5055247
K= 3531
4936.0 , Degree=0
K= 3532
4936.0 , Degree=0
K= 3533
301.73015873
K= 3534
3166.39078235
K= 3535
30.2416188013
K= 3536
4936.0 , Degree=0
K= 3537
4936.0 , Degree=0
K= 3538
19.7666666667
K= 3539
2630.5055247
K= 3540
215.355994549
K= 3541
4936.0 , Degree=0
K= 3542
290.338095238
K= 3543
4936.0 , Degree=0
K= 3544
4936.0 , Degree=0
K= 3545
3223.77033108
K= 3546
4936.0 , Degree=0
K= 3547
4936.0 , Degree=0
K= 3548
17.4166666666
K= 3549
4936.0 , Degree=0
K= 3550
4936.0 , Degree=0
K= 3551
19.4333333332
K= 3552
4939.0
K= 3553
67.7178919689
K= 3554
4936.0 , Degree=0
K= 3555
4936.0 , Degree=0
K= 3556
2598.92990245
K= 3557
4936.0 , Degree=0
K= 3558
3591.39819882
K= 3559
4940.0
K= 3560
19.1
K= 3561
16.8131839287
K= 3562
25.9645941091
K= 3563
4936.0 , Degree=0
K= 3564
2486.15501165
K= 3565
4936.0 , Degree=0
K= 3566
19.7666666667
K= 3567
4936.0 , Degree=0
K= 3568
4689.0
K= 3569
4936.0 , Degree=0
K= 3570
4936.0 , Degree=0
K= 3571
4936.0 , Degree=0
K= 3572
4936.0 , Degree=0
K= 3573
4936.0 , Degree=0
K= 3574
2600.07911615
K= 3575
4936.0 , Degree=0
K= 3576
4936.0 , Degree=0
K= 3577
14.8928904429
K= 3578
2293.03151831
K= 3579
80.2008716014
K= 3580
4936.0 , Degree=0
K= 3581
19.4333333332
K= 3582
4936.0 , Degree=0
K= 3583
4936.0 , Degree=0
K= 3584
2681.99285714
K= 3585
4936.0 , Degree=0
K= 3586
2610.03739843
K= 3587
191.90952381
K= 3588
12.4619047621
K= 3589
17.6619047621
K= 3590
2615.75404251
K= 3591
4936.0 , Degree=0
K= 3592
4936.0 , Degree=0
K= 3593
4936.0 , Degree=0
K= 3594
2635.58151468
K= 3595
4936.0 , Degree=0
K= 3596
12.6201860232
K= 3597
4936.0 , Degree=0
K= 3598
4936.0 , Degree=0
K= 3599
18.4619047621
K= 3600
4936.0 , Degree=0
Betweenness Centrality Improvement
[ 0.  0.  0. ...,  0.  0.  0.]
Top 20 BC Improvement
[2710 2462 2863 2565 3128 3246 2628 3164 2606 3157 2857 3188 2856 2868 3559
 2647 3552 3292 3467 3469]
Top 20 BC Improvement
[ 9892.          9892.          9892.          9892.          9376.
  7449.66666667  7443.78548577  7005.33333333  5397.98748677  5193.33333333
  5132.          5049.04794258  4985.53333333  4979.28260628  4940.          4939.
  4939.          4936.          4936.          4936.        ]
