txValue= 1000000
Input graph
IGRAPH D--- 4619 68733 -- 
+ attr: pub_key (v), base_fee (e), capacity (e), fee_rate (e), txCost (e)
None
Graph after edges deleted
IGRAPH D--- 4619 32193 -- 
+ attr: pub_key (v), base_fee (e), capacity (e), fee_rate (e), txCost (e)
None
Our nodes starting connections: 
(4618, 2796)
(4618, 1223)
(4618, 1163)
(4618, 222)
(4618, 2745)
(4618, 3884)
(4618, 3265)
(4618, 4209)
(4618, 2087)
(4618, 3540)
(4618, 3690)
(4618, 1039)
(4618, 797)
(4618, 498)
CurrentBC of our node:  549262.490124
K= 3600
4936.0 , Degree=0
K= 3601
18.85
K= 3602
4936.0 , Degree=0
K= 3603
2265.75
K= 3604
4936.0 , Degree=0
K= 3605
4936.0 , Degree=0
K= 3606
4936.0 , Degree=0
K= 3607
8.0
K= 3608
4936.0 , Degree=0
K= 3609
15.869080919
K= 3610
4936.0 , Degree=0
K= 3611
2530.19116443
K= 3612
4936.0 , Degree=0
K= 3613
4936.0 , Degree=0
K= 3614
9.39548229554
K= 3615
2610.0
K= 3616
2490.59047619
K= 3617
4936.0 , Degree=0
K= 3618
15.4625816996
K= 3619
4936.0 , Degree=0
K= 3620
20.2666666667
K= 3621
4936.0 , Degree=0
K= 3622
4936.0 , Degree=0
K= 3623
4936.0 , Degree=0
K= 3624
4936.0 , Degree=0
K= 3625
32.9887224397
K= 3626
4936.0 , Degree=0
K= 3627
4936.0 , Degree=0
K= 3628
2661.85757703
K= 3629
4936.0 , Degree=0
K= 3630
9.96190476208
K= 3631
4936.0 , Degree=0
K= 3632
4936.0 , Degree=0
K= 3633
17.1
K= 3634
4936.0 , Degree=0
K= 3635
4936.0 , Degree=0
K= 3636
27.752930403
K= 3637
27.752930403
K= 3638
10.3987834072
K= 3639
4936.0 , Degree=0
K= 3640
2681.87777778
K= 3641
2484.99295657
K= 3642
14.0455970693
K= 3643
4936.0 , Degree=0
K= 3644
16.9619047621
K= 3645
20.1
K= 3646
4936.0 , Degree=0
K= 3647
202.142186221
K= 3648
4936.0 , Degree=0
K= 3649
2627.76865079
K= 3650
4936.0 , Degree=0
K= 3651
4936.0 , Degree=0
K= 3652
4936.0 , Degree=0
K= 3653
106.135882173
K= 3654
4936.0 , Degree=0
K= 3655
4936.0 , Degree=0
K= 3656
4936.0 , Degree=0
K= 3657
4718.0
K= 3658
2312.75
K= 3659
190.169208274
K= 3660
4936.0 , Degree=0
K= 3661
16.1928904428
K= 3662
4936.0 , Degree=0
K= 3663
4936.0 , Degree=0
K= 3664
4936.0 , Degree=0
K= 3665
16.8285714288
K= 3666
27.752930403
K= 3667
4936.0 , Degree=0
K= 3668
4936.0 , Degree=0
K= 3669
2489.60844156
K= 3670
34.2142857143
K= 3671
2660.38571429
K= 3672
202.693156843
K= 3673
4936.0 , Degree=0
K= 3674
2616.0
K= 3675
4936.0 , Degree=0
K= 3676
4936.0 , Degree=0
K= 3677
12.6875000001
K= 3678
2240.36111111
K= 3679
4936.0 , Degree=0
K= 3680
13.9055555555
K= 3681
16.9238095239
K= 3682
4936.0 , Degree=0
K= 3683
2244.0
K= 3684
21.271011396
K= 3685
4936.0 , Degree=0
K= 3686
20.2666666667
K= 3687
2602.0
K= 3688
4936.0 , Degree=0
K= 3689
17.4333333332
K= 3690
0.0
K= 3691
2590.80255006
K= 3692
2643.87784091
K= 3693
2312.75
K= 3694
19.6
K= 3695
3981.44601535
K= 3696
21.5282060102
K= 3697
4936.0 , Degree=0
K= 3698
4936.0 , Degree=0
K= 3699
11.9064192345
K= 3700
4936.0 , Degree=0
K= 3701
4936.0 , Degree=0
K= 3702
4936.0 , Degree=0
K= 3703
286.288326164
K= 3704
17.9619047622
K= 3705
4936.0 , Degree=0
K= 3706
4936.0 , Degree=0
K= 3707
4936.0 , Degree=0
K= 3708
4936.0 , Degree=0
K= 3709
11.6423881674
K= 3710
2642.5731203
K= 3711
2481.48939394
K= 3712
2672.80595238
K= 3713
2490.52510823
K= 3714
4936.0 , Degree=0
K= 3715
2634.80255006
K= 3716
14.5416666667
K= 3717
4936.0 , Degree=0
K= 3718
17.6071428573
K= 3719
4936.0 , Degree=0
K= 3720
46.7357142858
K= 3721
20.2666666667
K= 3722
4936.0 , Degree=0
K= 3723
378.466666667
K= 3724
2563.55725757
K= 3725
4936.0 , Degree=0
K= 3726
2652.75134516
K= 3727
2558.5055247
K= 3728
2235.36111111
K= 3729
2662.0547619
K= 3730
20.2666666667
K= 3731
12.5758636788
K= 3732
4936.0 , Degree=0
K= 3733
4936.0 , Degree=0
K= 3734
4936.0 , Degree=0
K= 3735
162.929902451
K= 3736
4936.0 , Degree=0
K= 3737
2634.38571429
K= 3738
4936.0 , Degree=0
K= 3739
4936.0 , Degree=0
K= 3740
4936.0 , Degree=0
K= 3741
4936.0 , Degree=0
K= 3742
12.6
K= 3743
4936.0 , Degree=0
K= 3744
2285.66666667
K= 3745
22.8333333334
K= 3746
113.149345742
K= 3747
12.4619047621
K= 3748
15.2083333334
K= 3749
176.344358022
K= 3750
2490.96190476
K= 3751
4936.0 , Degree=0
K= 3752
15.9786047286
K= 3753
4936.0 , Degree=0
K= 3754
2697.8
K= 3755
4936.0 , Degree=0
K= 3756
18.4619047621
K= 3757
4936.0 , Degree=0
K= 3758
4936.0 , Degree=0
K= 3759
2318.0
K= 3760
135.330438583
K= 3761
4936.0 , Degree=0
K= 3762
34.2499999999
K= 3763
4936.0 , Degree=0
K= 3764
4936.0 , Degree=0
K= 3765
8.41728001286
K= 3766
4936.0 , Degree=0
K= 3767
4936.0 , Degree=0
K= 3768
11.7952380955
K= 3769
2506.66458321
K= 3770
19.6
K= 3771
13.6222222222
K= 3772
19.6
K= 3773
4936.0 , Degree=0
K= 3774
4936.0 , Degree=0
K= 3775
2242.84156863
K= 3776
138.0
K= 3777
2494.26666667
K= 3778
4936.0 , Degree=0
K= 3779
19.7666666667
K= 3780
174.965808636
K= 3781
4936.0 , Degree=0
K= 3782
2285.66666667
K= 3783
2245.0
K= 3784
4936.0 , Degree=0
K= 3785
4936.0 , Degree=0
K= 3786
4936.0 , Degree=0
K= 3787
32.4121212121
K= 3788
19.7666666667
K= 3789
2677.73333333
K= 3790
2312.75
K= 3791
4936.0 , Degree=0
K= 3792
19.7666666667
K= 3793
196.704784105
K= 3794
2578.35121382
K= 3795
4936.0 , Degree=0
K= 3796
23.8185383246
K= 3797
4936.0 , Degree=0
K= 3798
4936.0 , Degree=0
K= 3799
4936.0 , Degree=0
K= 3800
4936.0 , Degree=0
K= 3801
4936.0 , Degree=0
K= 3802
17.4619047621
K= 3803
4936.0 , Degree=0
K= 3804
2481.78167996
K= 3805
26.6060853448
K= 3806
2493.76666667
K= 3807
2488.25
K= 3808
2620.01337916
K= 3809
2647.96211844
K= 3810
4936.0 , Degree=0
K= 3811
4936.0 , Degree=0
K= 3812
2601.76229021
K= 3813
41.2714285714
K= 3814
17.9619047622
K= 3815
35.0
K= 3816
34.9441075061
K= 3817
2696.05
K= 3818
4936.0 , Degree=0
K= 3819
4936.0 , Degree=0
K= 3820
4936.0 , Degree=0
K= 3821
4936.0 , Degree=0
K= 3822
20.2666666667
K= 3823
4936.0 , Degree=0
K= 3824
4517.66666667
K= 3825
4936.0 , Degree=0
K= 3826
35.0
K= 3827
4936.0 , Degree=0
K= 3828
460.97168095
K= 3829
9892.0
K= 3830
20.2666666667
K= 3831
4936.0 , Degree=0
K= 3832
4936.0 , Degree=0
K= 3833
4936.0 , Degree=0
K= 3834
2532.90866204
K= 3835
4936.0 , Degree=0
K= 3836
15.1083333335
K= 3837
4936.0 , Degree=0
K= 3838
4936.0 , Degree=0
K= 3839
9892.0
K= 3840
14.3639731138
K= 3841
4936.0 , Degree=0
K= 3842
4936.0 , Degree=0
K= 3843
4936.0 , Degree=0
K= 3844
13.6
K= 3845
4936.0 , Degree=0
K= 3846
4936.0 , Degree=0
K= 3847
4936.0 , Degree=0
K= 3848
2679.825
K= 3849
17.1285714287
K= 3850
4936.0 , Degree=0
K= 3851
4936.0 , Degree=0
K= 3852
4936.0 , Degree=0
K= 3853
21.2354978354
K= 3854
17.7952380955
K= 3855
4936.0 , Degree=0
K= 3856
4936.0 , Degree=0
K= 3857
20.1
K= 3858
2590.80255006
K= 3859
14.9583333335
K= 3860
4936.0 , Degree=0
K= 3861
17.1285714287
K= 3862
4936.0 , Degree=0
K= 3863
608.949759439
K= 3864
2566.34325406
K= 3865
2670.66666667
K= 3866
4936.0 , Degree=0
K= 3867
67.7178919689
K= 3868
2592.61684154
K= 3869
4936.0 , Degree=0
K= 3870
4936.0 , Degree=0
K= 3871
20.2666666667
K= 3872
4936.0 , Degree=0
K= 3873
4936.0 , Degree=0
K= 3874
2619.51453546
K= 3875
19.6
K= 3876
4936.0 , Degree=0
K= 3877
4936.0 , Degree=0
K= 3878
4936.0 , Degree=0
K= 3879
49.0680383883
K= 3880
70.7678919688
K= 3881
16.0024142523
K= 3882
2267.33333333
K= 3883
4936.0 , Degree=0
K= 3884
9.81666666677
K= 3885
4936.0 , Degree=0
K= 3886
67.7178919689
K= 3887
76.0523809523
K= 3888
43.752930403
K= 3889
21.0333333333
K= 3890
4936.0 , Degree=0
K= 3891
4936.0 , Degree=0
K= 3892
4936.0 , Degree=0
K= 3893
12.5630431661
K= 3894
15.3315704763
K= 3895
2528.0
K= 3896
4719.0
K= 3897
4936.0 , Degree=0
K= 3898
270.108057894
K= 3899
2473.09849217
K= 3900
4936.0 , Degree=0
K= 3901
2491.61190476
K= 3902
4725.0
K= 3903
4936.0 , Degree=0
K= 3904
17.7119047621
K= 3905
4936.0 , Degree=0
K= 3906
4936.0 , Degree=0
K= 3907
4985.2
K= 3908
4936.0 , Degree=0
K= 3909
2680.98174603
K= 3910
4936.0 , Degree=0
K= 3911
2663.08758146
K= 3912
18.2785714288
K= 3913
4936.0 , Degree=0
K= 3914
4936.0 , Degree=0
K= 3915
4936.0 , Degree=0
K= 3916
4936.0 , Degree=0
K= 3917
2327.0
K= 3918
4936.0 , Degree=0
K= 3919
4936.0 , Degree=0
K= 3920
2699.25
K= 3921
125.977223879
K= 3922
2487.21403846
K= 3923
184.549329265
K= 3924
4936.0 , Degree=0
K= 3925
19.6
K= 3926
4689.0
K= 3927
4936.0 , Degree=0
K= 3928
15.8258241761
K= 3929
2589.76666667
K= 3930
11.6745215311
K= 3931
4936.0 , Degree=0
K= 3932
19.7666666667
K= 3933
33.5333333333
K= 3934
4936.0 , Degree=0
K= 3935
4936.0 , Degree=0
K= 3936
4936.0 , Degree=0
K= 3937
2485.66063264
K= 3938
34.9272394271
K= 3939
4936.0 , Degree=0
K= 3940
4936.0 , Degree=0
K= 3941
4936.0 , Degree=0
K= 3942
4936.0 , Degree=0
K= 3943
2545.13343545
K= 3944
17.7952380955
K= 3945
4936.0 , Degree=0
K= 3946
4936.0 , Degree=0
K= 3947
4936.0 , Degree=0
K= 3948
2637.08902758
K= 3949
4936.0 , Degree=0
K= 3950
4936.0 , Degree=0
K= 3951
17.7785714288
K= 3952
4936.0 , Degree=0
K= 3953
4936.0 , Degree=0
K= 3954
4936.0 , Degree=0
K= 3955
2494.1
K= 3956
4936.0 , Degree=0
K= 3957
32.8497093084
K= 3958
4936.0 , Degree=0
K= 3959
2312.75
K= 3960
4936.0 , Degree=0
K= 3961
4936.0 , Degree=0
K= 3962
737.837016469
K= 3963
2576.71782999
K= 3964
4936.0 , Degree=0
K= 3965
4936.0 , Degree=0
K= 3966
4936.0 , Degree=0
K= 3967
2544.03798701
K= 3968
78.6190476191
K= 3969
2657.07813077
K= 3970
10.2631284456
K= 3971
4936.0 , Degree=0
K= 3972
4936.0 , Degree=0
K= 3973
16.3727272727
K= 3974
16.9238095239
K= 3975
4936.0 , Degree=0
K= 3976
4936.0 , Degree=0
K= 3977
4936.0 , Degree=0
K= 3978
12.85
K= 3979
4936.0 , Degree=0
K= 3980
4936.0 , Degree=0
K= 3981
4936.0 , Degree=0
K= 3982
4936.0 , Degree=0
K= 3983
19.7666666667
K= 3984
4936.0 , Degree=0
K= 3985
20.2666666667
K= 3986
4936.0 , Degree=0
K= 3987
4936.0 , Degree=0
K= 3988
19.7666666667
K= 3989
4936.0 , Degree=0
K= 3990
4936.0 , Degree=0
K= 3991
2487.82301587
K= 3992
4936.0 , Degree=0
K= 3993
19.7666666667
K= 3994
4936.0 , Degree=0
K= 3995
4936.0 , Degree=0
K= 3996
4936.0 , Degree=0
K= 3997
168.938969295
K= 3998
4936.0 , Degree=0
K= 3999
495.515370297
K= 4000
4936.0 , Degree=0
K= 4001
4936.0 , Degree=0
K= 4002
4936.0 , Degree=0
K= 4003
4936.0 , Degree=0
K= 4004
15.9428904428
K= 4005
4936.0 , Degree=0
K= 4006
4936.0 , Degree=0
K= 4007
4936.0 , Degree=0
K= 4008
51.0948883703
K= 4009
4936.0 , Degree=0
K= 4010
10.0130952382
K= 4011
4936.0 , Degree=0
K= 4012
4716.0
K= 4013
2264.75
K= 4014
2285.66666667
K= 4015
4936.0 , Degree=0
K= 4016
4936.0 , Degree=0
K= 4017
4936.0 , Degree=0
K= 4018
2702.0
K= 4019
4936.0 , Degree=0
K= 4020
319.525380402
K= 4021
23.7571428571
K= 4022
4936.0 , Degree=0
K= 4023
2502.1451217
K= 4024
2312.75
K= 4025
183.090133457
K= 4026
4936.0 , Degree=0
K= 4027
4936.0 , Degree=0
K= 4028
14.8726190476
K= 4029
4936.0 , Degree=0
K= 4030
15.9012237762
K= 4031
282.265060346
K= 4032
2647.88225302
K= 4033
19.7666666667
K= 4034
4936.0 , Degree=0
K= 4035
95.5394995889
K= 4036
2265.75
K= 4037
4936.0 , Degree=0
K= 4038
4936.0 , Degree=0
K= 4039
4936.0 , Degree=0
K= 4040
4936.0 , Degree=0
K= 4041
2312.75
K= 4042
4936.0 , Degree=0
K= 4043
4936.0 , Degree=0
K= 4044
4944.82301587
K= 4045
4936.0 , Degree=0
K= 4046
48.552075988
K= 4047
7.58333333337
K= 4048
2318.75
K= 4049
19.7666666667
K= 4050
4936.0 , Degree=0
K= 4051
4975.56648515
K= 4052
4936.0 , Degree=0
K= 4053
4936.0 , Degree=0
K= 4054
13.4721153848
K= 4055
4936.0 , Degree=0
K= 4056
2638.81166215
K= 4057
4936.0 , Degree=0
K= 4058
4936.0 , Degree=0
K= 4059
3137.85748813
K= 4060
4936.0 , Degree=0
K= 4061
22.3629729018
K= 4062
4936.0 , Degree=0
K= 4063
4936.0 , Degree=0
K= 4064
4936.0 , Degree=0
K= 4065
2674.02579365
K= 4066
4936.0 , Degree=0
K= 4067
19.7666666667
K= 4068
4936.0 , Degree=0
K= 4069
6.21248473739
K= 4070
4936.0 , Degree=0
K= 4071
4936.0 , Degree=0
K= 4072
4936.0 , Degree=0
K= 4073
4936.0 , Degree=0
K= 4074
4936.0 , Degree=0
K= 4075
4907.98484461
K= 4076
19.7666666667
K= 4077
70.4493457421
K= 4078
4936.0 , Degree=0
K= 4079
4936.0 , Degree=0
K= 4080
4936.0 , Degree=0
K= 4081
16.8738095239
K= 4082
17.4166666666
K= 4083
270.586904762
K= 4084
4936.0 , Degree=0
K= 4085
15.6928904428
K= 4086
2646.96211844
K= 4087
4936.0 , Degree=0
K= 4088
4936.0 , Degree=0
K= 4089
4936.0 , Degree=0
K= 4090
4936.0 , Degree=0
K= 4091
2366.97431738
K= 4092
4936.0 , Degree=0
K= 4093
4936.0 , Degree=0
K= 4094
2674.02579365
K= 4095
4936.0 , Degree=0
K= 4096
4936.0 , Degree=0
K= 4097
42.7333333333
K= 4098
4936.0 , Degree=0
K= 4099
18.85
K= 4100
20.2666666667
K= 4101
4936.0 , Degree=0
K= 4102
17.7952380955
K= 4103
2489.27750258
K= 4104
2486.68412698
K= 4105
4936.0 , Degree=0
K= 4106
4936.0 , Degree=0
K= 4107
13.5476190477
K= 4108
4705.36111111
K= 4109
4936.0 , Degree=0
K= 4110
2641.58701299
K= 4111
4936.0 , Degree=0
K= 4112
2515.44931347
K= 4113
20.2666666667
K= 4114
4936.0 , Degree=0
K= 4115
4936.0 , Degree=0
K= 4116
2484.12546296
K= 4117
20.1
K= 4118
4936.0 , Degree=0
K= 4119
2489.04166667
K= 4120
9892.0
K= 4121
2242.66666667
K= 4122
186.184126984
K= 4123
19.7666666667
K= 4124
4936.0 , Degree=0
K= 4125
2265.75
K= 4126
16.0262237762
K= 4127
4936.0 , Degree=0
K= 4128
4936.0 , Degree=0
K= 4129
2238.75
K= 4130
4936.0 , Degree=0
K= 4131
4936.0 , Degree=0
K= 4132
4780.0047619
K= 4133
4936.0 , Degree=0
K= 4134
4936.0 , Degree=0
K= 4135
4936.0 , Degree=0
K= 4136
4936.0 , Degree=0
K= 4137
4936.0 , Degree=0
K= 4138
4936.0 , Degree=0
K= 4139
15.0
K= 4140
34.5333333333
K= 4141
4936.0 , Degree=0
K= 4142
4936.0 , Degree=0
K= 4143
2265.75
K= 4144
4936.0 , Degree=0
K= 4145
4936.0 , Degree=0
K= 4146
4719.0
K= 4147
4936.0 , Degree=0
K= 4148
4936.0 , Degree=0
K= 4149
2312.75
K= 4150
4936.0 , Degree=0
K= 4151
4936.0 , Degree=0
K= 4152
19.7666666667
K= 4153
19.7666666667
K= 4154
14.1
K= 4155
171.514535464
K= 4156
4978.14545455
K= 4157
6.53750000009
K= 4158
4936.0 , Degree=0
K= 4159
2490.75
K= 4160
2253.33333333
K= 4161
55.2524475643
K= 4162
4936.0 , Degree=0
K= 4163
4936.0 , Degree=0
K= 4164
4936.0 , Degree=0
K= 4165
4936.0 , Degree=0
K= 4166
4936.0 , Degree=0
K= 4167
4936.0 , Degree=0
K= 4168
2634.80255006
K= 4169
163.865363246
K= 4170
71.1465538349
K= 4171
161.706621723
K= 4172
4936.0 , Degree=0
K= 4173
4936.0 , Degree=0
K= 4174
4936.0 , Degree=0
K= 4175
2652.08004583
K= 4176
10.3918389628
K= 4177
4936.0 , Degree=0
K= 4178
4936.0 , Degree=0
K= 4179
4936.0 , Degree=0
K= 4180
2625.86536325
K= 4181
2625.86536325
K= 4182
4936.0 , Degree=0
K= 4183
4936.0 , Degree=0
K= 4184
2576.71782999
K= 4185
12.8785714287
K= 4186
4936.0 , Degree=0
K= 4187
2646.05
K= 4188
4936.0 , Degree=0
K= 4189
23.7916344785
K= 4190
17.6285714288
K= 4191
4936.0 , Degree=0
K= 4192
2605.6468993
K= 4193
2487.25891312
K= 4194
33.5333333333
K= 4195
4936.0 , Degree=0
K= 4196
19.9333333332
K= 4197
4936.0 , Degree=0
K= 4198
11.481074481
K= 4199
2670.91587302
K= 4200
2635.17706275
K= 4201
15.8734432237
K= 4202
12.4338383839
K= 4203
4936.0 , Degree=0
K= 4204
32.7224462017
K= 4205
4936.0 , Degree=0
K= 4206
2253.33333333
K= 4207
17.7785714288
K= 4208
4936.0 , Degree=0
K= 4209
0.47402597405
K= 4210
4936.0 , Degree=0
K= 4211
4936.0 , Degree=0
K= 4212
4720.36111111
K= 4213
2285.66666667
K= 4214
19.7666666667
K= 4215
4936.0 , Degree=0
K= 4216
4936.0 , Degree=0
K= 4217
4936.0 , Degree=0
K= 4218
63.9976706473
K= 4219
4936.0 , Degree=0
K= 4220
4936.0 , Degree=0
K= 4221
4936.0 , Degree=0
K= 4222
18.7666666666
K= 4223
4936.0 , Degree=0
K= 4224
2490.80714286
K= 4225
4936.0 , Degree=0
K= 4226
165.168395826
K= 4227
4936.0 , Degree=0
K= 4228
4936.0 , Degree=0
K= 4229
16.7499999999
K= 4230
2657.78019481
K= 4231
18.5216450216
K= 4232
4672.55
K= 4233
4936.0 , Degree=0
K= 4234
10.3556806545
K= 4235
2680.53095238
K= 4236
44.7188976872
K= 4237
4642.0
K= 4238
174.683438734
K= 4239
34.5333333334
K= 4240
27.6460317461
K= 4241
164.002746005
K= 4242
2479.67765152
K= 4243
5.50447921641
K= 4244
2489.97545869
K= 4245
2579.74282375
K= 4246
19.2952380955
K= 4247
4936.0 , Degree=0
K= 4248
2328.04455267
K= 4249
4936.0 , Degree=0
K= 4250
4936.0 , Degree=0
K= 4251
4936.0 , Degree=0
K= 4252
4936.0 , Degree=0
K= 4253
4936.0 , Degree=0
K= 4254
4936.0 , Degree=0
K= 4255
4936.0 , Degree=0
K= 4256
4936.0 , Degree=0
K= 4257
4555.57142857
K= 4258
4936.0 , Degree=0
K= 4259
10.6904761906
K= 4260
4936.0 , Degree=0
K= 4261
2494.26666667
K= 4262
4936.0 , Degree=0
K= 4263
2504.53333333
K= 4264
4936.0 , Degree=0
K= 4265
4936.0 , Degree=0
K= 4266
19.2535353537
K= 4267
4936.0 , Degree=0
K= 4268
4936.0 , Degree=0
K= 4269
4936.0 , Degree=0
K= 4270
2661.40569792
K= 4271
4936.0 , Degree=0
K= 4272
4936.0 , Degree=0
K= 4273
4936.0 , Degree=0
K= 4274
2312.75
K= 4275
12.2021645021
K= 4276
17.4166666666
K= 4277
2608.90357143
K= 4278
12.4069264068
K= 4279
4936.0 , Degree=0
K= 4280
2265.75
K= 4281
17.7119047622
K= 4282
9892.0
K= 4283
12.9371947498
K= 4284
4936.0 , Degree=0
K= 4285
17.7952380955
K= 4286
48.8593073591
K= 4287
4936.0 , Degree=0
K= 4288
4936.0 , Degree=0
K= 4289
61.8680221045
K= 4290
2599.76229021
K= 4291
11.3375313146
K= 4292
24.35
K= 4293
91.7394874018
K= 4294
124.571428572
K= 4295
4936.0 , Degree=0
K= 4296
4936.0 , Degree=0
K= 4297
4936.0 , Degree=0
K= 4298
4936.0 , Degree=0
K= 4299
2676.28333333
K= 4300
2658.75921247
K= 4301
2245.0
K= 4302
2487.82301587
K= 4303
4936.0 , Degree=0
K= 4304
2522.45001299
K= 4305
175.811662151
K= 4306
63.5317186011
K= 4307
19.6
K= 4308
4936.0 , Degree=0
K= 4309
2494.1
K= 4310
4936.0 , Degree=0
K= 4311
15.1250000001
K= 4312
4936.0 , Degree=0
K= 4313
13.8230158732
K= 4314
16.8571428573
K= 4315
4936.0 , Degree=0
K= 4316
4936.0 , Degree=0
K= 4317
4936.0 , Degree=0
K= 4318
67.7178919689
K= 4319
19.7666666667
K= 4320
4936.0 , Degree=0
K= 4321
4714.73253968
K= 4322
6.97261904774
K= 4323
20.2666666667
K= 4324
91.8917802739
K= 4325
10.4060606061
K= 4326
2270.75
K= 4327
2620.90866204
K= 4328
18.6
K= 4329
15.6538515409
K= 4330
27.6511544014
K= 4331
4936.0 , Degree=0
K= 4332
4936.0 , Degree=0
K= 4333
11.1262983258
K= 4334
4936.0 , Degree=0
K= 4335
4936.0 , Degree=0
K= 4336
13.1
K= 4337
27.3333333335
K= 4338
4936.0 , Degree=0
K= 4339
4936.0 , Degree=0
K= 4340
4936.0 , Degree=0
K= 4341
2679.2047619
K= 4342
4936.0 , Degree=0
K= 4343
4936.0 , Degree=0
K= 4344
4936.0 , Degree=0
K= 4345
15.2083333334
K= 4346
14.0243401419
K= 4347
4689.0
K= 4348
4936.0 , Degree=0
K= 4349
4936.0 , Degree=0
K= 4350
208.648381839
K= 4351
14.5416666669
K= 4352
67.2543741558
K= 4353
4936.0 , Degree=0
K= 4354
4936.0 , Degree=0
K= 4355
4936.0 , Degree=0
K= 4356
4936.0 , Degree=0
K= 4357
2516.5055247
K= 4358
45.5333333333
K= 4359
43.6674628893
K= 4360
2368.86029537
K= 4361
26.752930403
K= 4362
4936.0 , Degree=0
K= 4363
11.9619047622
K= 4364
4936.0 , Degree=0
K= 4365
4936.0 , Degree=0
K= 4366
56.7898754462
K= 4367
57.0000000001
K= 4368
2648.96190476
K= 4369
19.7666666667
K= 4370
4936.0 , Degree=0
K= 4371
2607.34179737
K= 4372
137.361111111
K= 4373
2245.0
K= 4374
2461.04443968
K= 4375
4936.0 , Degree=0
K= 4376
51.2342615981
K= 4377
4936.0 , Degree=0
K= 4378
2681.84444444
K= 4379
4936.0 , Degree=0
K= 4380
4936.0 , Degree=0
K= 4381
4936.0 , Degree=0
K= 4382
2697.66904762
K= 4383
20.1
K= 4384
12443.251754
K= 4385
4936.0 , Degree=0
K= 4386
2490.74047619
K= 4387
2633.98207715
K= 4388
2654.53329732
K= 4389
4936.0 , Degree=0
K= 4390
27.0561779878
K= 4391
19.7666666667
K= 4392
99.2360882363
K= 4393
15.4893939395
K= 4394
4936.0 , Degree=0
K= 4395
4936.0 , Degree=0
K= 4396
4936.0 , Degree=0
K= 4397
4936.0 , Degree=0
K= 4398
4936.0 , Degree=0
K= 4399
4936.0 , Degree=0
K= 4400
22.2500000001
K= 4401
4936.0 , Degree=0
K= 4402
4936.0 , Degree=0
K= 4403
113.187943745
K= 4404
4936.0 , Degree=0
K= 4405
4936.0 , Degree=0
K= 4406
20.2666666667
K= 4407
4936.0 , Degree=0
K= 4408
2308.75
K= 4409
4936.0 , Degree=0
K= 4410
4936.0 , Degree=0
K= 4411
4936.0 , Degree=0
K= 4412
4936.0 , Degree=0
K= 4413
20.2666666667
K= 4414
4936.0 , Degree=0
K= 4415
4936.0 , Degree=0
K= 4416
4674.55
K= 4417
2490.69047619
K= 4418
4936.0 , Degree=0
K= 4419
171.465743542
K= 4420
183.879757008
K= 4421
16.9738095239
K= 4422
4936.0 , Degree=0
K= 4423
2486.18012404
K= 4424
17.6285714288
K= 4425
4936.0 , Degree=0
K= 4426
4936.0 , Degree=0
K= 4427
4936.0 , Degree=0
K= 4428
4936.0 , Degree=0
K= 4429
4936.0 , Degree=0
K= 4430
2285.66666667
K= 4431
16.8571428573
K= 4432
4936.0 , Degree=0
K= 4433
4936.0 , Degree=0
K= 4434
5.23333333351
K= 4435
4936.0 , Degree=0
K= 4436
2487.82301587
K= 4437
177.102321713
K= 4438
2660.38571429
K= 4439
4936.0 , Degree=0
K= 4440
16.4619047622
K= 4441
4936.0 , Degree=0
K= 4442
2832.61813041
K= 4443
19.7666666667
K= 4444
20.2666666667
K= 4445
4936.0 , Degree=0
K= 4446
2312.75
K= 4447
4936.0 , Degree=0
K= 4448
2471.80255006
K= 4449
4936.0 , Degree=0
K= 4450
4936.0 , Degree=0
K= 4451
13.3388888888
K= 4452
7535.0
K= 4453
4936.0 , Degree=0
K= 4454
4936.0 , Degree=0
K= 4455
36.909372572
K= 4456
4936.0 , Degree=0
K= 4457
13.3203066696
K= 4458
4936.0 , Degree=0
K= 4459
15.5727272729
K= 4460
4936.0 , Degree=0
K= 4461
36.6666666666
K= 4462
222.133333333
K= 4463
2119.0
K= 4464
4936.0 , Degree=0
K= 4465
11.8619047621
K= 4466
20.1
K= 4467
4936.0 , Degree=0
K= 4468
4936.0 , Degree=0
K= 4469
4936.0 , Degree=0
K= 4470
4936.0 , Degree=0
K= 4471
20.8809523811
K= 4472
4936.0 , Degree=0
K= 4473
19.4333333332
K= 4474
20.2666666667
K= 4475
4936.0 , Degree=0
K= 4476
41.2197608472
K= 4477
4936.0 , Degree=0
K= 4478
4936.0 , Degree=0
K= 4479
44.7188976873
K= 4480
4936.0 , Degree=0
K= 4481
4936.0 , Degree=0
K= 4482
13.7666666667
K= 4483
4936.0 , Degree=0
K= 4484
4936.0 , Degree=0
K= 4485
2245.0
K= 4486
2572.47489177
K= 4487
67.717891969
K= 4488
11.6952380954
K= 4489
4936.0 , Degree=0
K= 4490
21.2571428571
K= 4491
2687.71190476
K= 4492
2682.02579365
K= 4493
4980.95555556
K= 4494
19.7666666667
K= 4495
4936.0 , Degree=0
K= 4496
169.531539869
K= 4497
13.2666666667
K= 4498
4680.0
K= 4499
4936.0 , Degree=0
K= 4500
4936.0 , Degree=0
K= 4501
2233.66666667
K= 4502
2474.25833333
K= 4503
2489.13179352
K= 4504
13.1083333335
K= 4505
2491.61190476
K= 4506
4936.0 , Degree=0
K= 4507
34.8407106784
K= 4508
4936.0 , Degree=0
K= 4509
4936.0 , Degree=0
K= 4510
4936.0 , Degree=0
K= 4511
4936.0 , Degree=0
K= 4512
4936.0 , Degree=0
K= 4513
4936.0 , Degree=0
K= 4514
17.1071428573
K= 4515
4936.0 , Degree=0
K= 4516
4936.0 , Degree=0
K= 4517
20.2666666667
K= 4518
10.0892135644
K= 4519
341.359396168
K= 4520
4936.0 , Degree=0
K= 4521
39.5333333333
K= 4522
4936.0 , Degree=0
K= 4523
4936.0 , Degree=0
K= 4524
4936.0 , Degree=0
K= 4525
13.7666666667
K= 4526
15.2083333334
K= 4527
2558.5055247
K= 4528
13.9726190477
K= 4529
18.4619047622
K= 4530
5238.18669204
K= 4531
4936.0 , Degree=0
K= 4532
4936.0 , Degree=0
K= 4533
16.9619047622
K= 4534
18.4619047622
K= 4535
4936.0 , Degree=0
K= 4536
4936.0 , Degree=0
K= 4537
4936.0 , Degree=0
K= 4538
19.6
K= 4539
4936.0 , Degree=0
K= 4540
2638.72954962
K= 4541
4936.0 , Degree=0
K= 4542
67.1794137082
K= 4543
4974.85086025
K= 4544
2393.75
K= 4545
4936.0 , Degree=0
K= 4546
4936.0 , Degree=0
K= 4547
4936.0 , Degree=0
K= 4548
4936.0 , Degree=0
K= 4549
37.5714285717
K= 4550
13.4188311688
K= 4551
4936.0 , Degree=0
K= 4552
4679.8
K= 4553
2615.71782999
K= 4554
368.463077982
K= 4555
4936.0 , Degree=0
K= 4556
4936.0 , Degree=0
K= 4557
4936.0 , Degree=0
K= 4558
2514.49920635
K= 4559
4936.0 , Degree=0
K= 4560
4936.0 , Degree=0
K= 4561
4936.0 , Degree=0
K= 4562
4936.0 , Degree=0
K= 4563
2624.75009574
K= 4564
4936.0 , Degree=0
K= 4565
51.8980943463
K= 4566
4936.0 , Degree=0
K= 4567
16.2119047622
K= 4568
4936.0 , Degree=0
K= 4569
2265.75
K= 4570
4936.0 , Degree=0
K= 4571
35.5902621294
K= 4572
4936.0 , Degree=0
K= 4573
2253.33333333
K= 4574
4936.0 , Degree=0
K= 4575
171.434734222
K= 4576
4680.0
K= 4577
4936.0 , Degree=0
K= 4578
4936.0 , Degree=0
K= 4579
9.00000000012
K= 4580
4936.0 , Degree=0
K= 4581
17.9619047622
K= 4582
4936.0 , Degree=0
K= 4583
4936.0 , Degree=0
K= 4584
36.9238095238
K= 4585
4706.62878788
K= 4586
16.9404761906
K= 4587
10.75
K= 4588
5245.92587747
K= 4589
4936.0 , Degree=0
K= 4590
155.27087309
K= 4591
68.935163736
K= 4592
17.6285714288
K= 4593
2491.0452381
K= 4594
18.2314685314
K= 4595
4936.0 , Degree=0
K= 4596
171.219199689
K= 4597
4936.0 , Degree=0
K= 4598
2293.03151831
K= 4599
2493.76666667
K= 4600
4936.0 , Degree=0
K= 4601
16.75
K= 4602
4936.0 , Degree=0
K= 4603
11.9986111113
K= 4604
2285.66666667
K= 4605
4936.0 , Degree=0
K= 4606
4936.0 , Degree=0
K= 4607
4936.0 , Degree=0
K= 4608
17.0452380955
K= 4609
4936.0 , Degree=0
K= 4610
4936.0 , Degree=0
K= 4611
4936.0 , Degree=0
K= 4612
4936.0 , Degree=0
K= 4613
2312.75
K= 4614
20.1
K= 4615
2690.9047619
K= 4616
14.0000000001
K= 4617
4936.0 , Degree=0
Betweenness Centrality Improvement
[    0.     0.     0. ...,    14.  4936.     0.]
Top 20 BC Improvement
[4384 4120 4282 3829 3839 4452 4588 4530 3907 4493 4156 4051 4543 4044 4055
 4060 4058 4057 4043 4053]
Top 20 BC Improvement
[ 12443.25175403   9892.           9892.           9892.           9892.
   7535.           5245.92587747   5238.18669204   4985.2          4980.95555556
   4978.14545455   4975.56648515   4974.85086025   4944.82301587   4936.
   4936.           4936.           4936.           4936.           4936.        ]
