txValue= 1000000
Input graph
IGRAPH D--- 4619 68733 -- 
+ attr: pub_key (v), base_fee (e), capacity (e), fee_rate (e), txCost (e)
None
Graph after edges deleted
IGRAPH D--- 4619 32193 -- 
+ attr: pub_key (v), base_fee (e), capacity (e), fee_rate (e), txCost (e)
None
Our nodes starting connections: 
(4618, 2796)
(4618, 1223)
(4618, 1163)
(4618, 222)
(4618, 2745)
(4618, 3884)
(4618, 3265)
(4618, 4209)
(4618, 2087)
(4618, 3540)
(4618, 3690)
(4618, 1039)
(4618, 797)
(4618, 498)
(4618, 4384)
(4618, 408)
(4618, 1440)
CurrentBC of our node:  586507.908545
K= 2400
4936.0 , Degree=0
K= 2401
2622.0
K= 2402
4936.0 , Degree=0
K= 2403
2238.33333333
K= 2404
4936.0 , Degree=0
K= 2405
4703.33260073
K= 2406
19.4461538463
K= 2407
32.064337314
K= 2408
2535.19838184
K= 2409
2631.2
K= 2410
44.0860028863
K= 2411
19.7666666668
K= 2412
2491.37857143
K= 2413
4936.0 , Degree=0
K= 2414
15.4901098904
K= 2415
4703.0
K= 2416
20.2666666668
K= 2417
2493.6
K= 2418
4936.0 , Degree=0
K= 2419
2492.82301587
K= 2420
2270.66666667
K= 2421
4936.0 , Degree=0
K= 2422
2297.75
K= 2423
4936.0 , Degree=0
K= 2424
2297.75
K= 2425
14.2
K= 2426
2694.91904762
K= 2427
4936.0 , Degree=0
K= 2428
4936.0 , Degree=0
K= 2429
4936.0 , Degree=0
K= 2430
4936.0 , Degree=0
K= 2431
94.9751136074
K= 2432
17.4255952385
K= 2433
12.4619047622
K= 2434
120.954355467
K= 2435
2494.1
K= 2436
2655.05595238
K= 2437
4936.0 , Degree=0
K= 2438
158.03238024
K= 2439
2488.89047619
K= 2440
4936.0 , Degree=0
K= 2441
2228.46883903
K= 2442
4936.0 , Degree=0
K= 2443
4936.0 , Degree=0
K= 2444
10.7500000001
K= 2445
2493.85262255
K= 2446
11.5812770565
K= 2447
4936.0 , Degree=0
K= 2448
2297.75
K= 2449
19.7666666668
K= 2450
4088.64283692
K= 2451
4936.0 , Degree=0
K= 2452
12.4549527059
K= 2453
148.0
K= 2454
2238.33333333
K= 2455
4936.0 , Degree=0
K= 2456
4936.0 , Degree=0
K= 2457
28.5912144704
K= 2458
14.2059523812
K= 2459
4936.0 , Degree=0
K= 2460
4936.0 , Degree=0
K= 2461
4497.89241311
K= 2462
9892.0
K= 2463
20.1000000002
K= 2464
4936.0 , Degree=0
K= 2465
2634.67465812
K= 2466
2297.75
K= 2467
4936.0 , Degree=0
K= 2468
16.0041070044
K= 2469
4936.0 , Degree=0
K= 2470
4936.0 , Degree=0
K= 2471
2591.33685398
K= 2472
19.7666666668
K= 2473
4936.0 , Degree=0
K= 2474
39.5333333336
K= 2475
14.6083333336
K= 2476
4936.0 , Degree=0
K= 2477
4936.0 , Degree=0
K= 2478
4936.0 , Degree=0
K= 2479
2488.82521377
K= 2480
2494.26666667
K= 2481
4936.0 , Degree=0
K= 2482
4936.0 , Degree=0
K= 2483
4936.0 , Degree=0
K= 2484
2641.44870946
K= 2485
80.0115586844
K= 2486
4936.0 , Degree=0
K= 2487
36.1449949224
K= 2488
19.6000000002
K= 2489
129.80703805
K= 2490
4936.0 , Degree=0
K= 2491
4936.0 , Degree=0
K= 2492
19.7583333337
K= 2493
20.2666666668
K= 2494
2250.75
K= 2495
4936.0 , Degree=0
K= 2496
108.562091384
K= 2497
4936.0 , Degree=0
K= 2498
4936.0 , Degree=0
K= 2499
17.8619047622
K= 2500
4936.0 , Degree=0
K= 2501
4936.0 , Degree=0
K= 2502
4936.0 , Degree=0
K= 2503
17.7952380955
K= 2504
4936.0 , Degree=0
K= 2505
2529.18523469
K= 2506
14.1722222222
K= 2507
4936.0 , Degree=0
K= 2508
4674.0
K= 2509
4936.0 , Degree=0
K= 2510
17.2666666668
K= 2511
4936.0 , Degree=0
K= 2512
4936.0 , Degree=0
K= 2513
2631.81355184
K= 2514
4936.0 , Degree=0
K= 2515
2285.75
K= 2516
4936.0 , Degree=0
K= 2517
2250.75
K= 2518
16.192890443
K= 2519
4936.0 , Degree=0
K= 2520
359.238227304
K= 2521
49.7060606062
K= 2522
2486.73937729
K= 2523
2641.0
K= 2524
2488.22455571
K= 2525
19.6000000002
K= 2526
4936.0 , Degree=0
K= 2527
19.0802197803
K= 2528
20.9810910773
K= 2529
4936.0 , Degree=0
K= 2530
4936.0 , Degree=0
K= 2531
4936.0 , Degree=0
K= 2532
8.72438146989
K= 2533
4936.0 , Degree=0
K= 2534
22.1833333337
K= 2535
4936.0 , Degree=0
K= 2536
4936.0 , Degree=0
K= 2537
4936.0 , Degree=0
K= 2538
4936.0 , Degree=0
K= 2539
4936.0 , Degree=0
K= 2540
4936.0 , Degree=0
K= 2541
2605.0
K= 2542
2645.01748003
K= 2543
95.511904762
K= 2544
4936.0 , Degree=0
K= 2545
4936.0 , Degree=0
K= 2546
4936.0 , Degree=0
K= 2547
4936.0 , Degree=0
K= 2548
2437.03008817
K= 2549
2689.17380952
K= 2550
4936.0 , Degree=0
K= 2551
2297.75
K= 2552
4936.0 , Degree=0
K= 2553
33.1637442161
K= 2554
53.5363352852
K= 2555
4936.0 , Degree=0
K= 2556
18.7666666667
K= 2557
2220.5
K= 2558
3154.36147353
K= 2559
13.7666666668
K= 2560
2710.90714286
K= 2561
16.2393939395
K= 2562
48.0260405445
K= 2563
8.49568241136
K= 2564
4936.0 , Degree=0
K= 2565
9892.0
K= 2566
18.8500000002
K= 2567
4703.0
K= 2568
4936.0 , Degree=0
K= 2569
4936.0 , Degree=0
K= 2570
2226.0
K= 2571
4936.0 , Degree=0
K= 2572
4936.0 , Degree=0
K= 2573
4705.36111111
K= 2574
20.266666667
K= 2575
23.3625541127
K= 2576
2566.19838184
K= 2577
4936.0 , Degree=0
K= 2578
4936.0 , Degree=0
K= 2579
4936.0 , Degree=0
K= 2580
4936.0 , Degree=0
K= 2581
31.1086413589
K= 2582
20.1000000002
K= 2583
4936.0 , Degree=0
K= 2584
17.9619047622
K= 2585
4936.0 , Degree=0
K= 2586
4936.0 , Degree=0
K= 2587
4936.0 , Degree=0
K= 2588
19.1000000002
K= 2589
4712.29830586
K= 2590
2659.14232881
K= 2591
4936.0 , Degree=0
K= 2592
4936.0 , Degree=0
K= 2593
15.7083333336
K= 2594
74.7191906704
K= 2595
4936.0 , Degree=0
K= 2596
4936.0 , Degree=0
K= 2597
11.0238095241
K= 2598
4936.0 , Degree=0
K= 2599
4936.0 , Degree=0
K= 2600
4936.0 , Degree=0
K= 2601
4936.0 , Degree=0
K= 2602
111.561331155
K= 2603
4936.0 , Degree=0
K= 2604
44.4302558332
K= 2605
10.9619047622
K= 2606
5417.98748677
K= 2607
4936.0 , Degree=0
K= 2608
19.9333333336
K= 2609
2641.44870946
K= 2610
2642.59848052
K= 2611
4936.0 , Degree=0
K= 2612
4936.0 , Degree=0
K= 2613
4936.0 , Degree=0
K= 2614
178.191177301
K= 2615
2623.63074187
K= 2616
11.6666666667
K= 2617
4936.0 , Degree=0
K= 2618
2494.26666667
K= 2619
4936.0 , Degree=0
K= 2620
4936.0 , Degree=0
K= 2621
4936.0 , Degree=0
K= 2622
17.0452380955
K= 2623
4936.0 , Degree=0
K= 2624
16.8404761908
K= 2625
4936.0 , Degree=0
K= 2626
2641.0
K= 2627
4936.0 , Degree=0
K= 2628
15.7854857736
K= 2629
119.899606822
K= 2630
4936.0 , Degree=0
K= 2631
4936.0 , Degree=0
K= 2632
36.584365615
K= 2633
4936.0 , Degree=0
K= 2634
4936.0 , Degree=0
K= 2635
4936.0 , Degree=0
K= 2636
4936.0 , Degree=0
K= 2637
4936.0 , Degree=0
K= 2638
2230.0
K= 2639
4936.0 , Degree=0
K= 2640
4936.0 , Degree=0
K= 2641
4936.0 , Degree=0
K= 2642
4936.0 , Degree=0
K= 2643
20.2666666668
K= 2644
4936.0 , Degree=0
K= 2645
11.9619047622
K= 2646
24.7794871797
K= 2647
4939.0
K= 2648
17.4166666667
K= 2649
2238.33333333
K= 2650
4936.0 , Degree=0
K= 2651
4936.0 , Degree=0
K= 2652
4936.0 , Degree=0
K= 2653
17.9619047622
K= 2654
4936.0 , Degree=0
K= 2655
41.1659000446
K= 2656
4658.66652193
K= 2657
4936.0 , Degree=0
K= 2658
145.816289117
K= 2659
4936.0 , Degree=0
K= 2660
4936.0 , Degree=0
K= 2661
4936.0 , Degree=0
K= 2662
4936.0 , Degree=0
K= 2663
21.1372822538
K= 2664
2666.33398268
K= 2665
4936.0 , Degree=0
K= 2666
4936.0 , Degree=0
K= 2667
190.185655046
K= 2668
17.7119047622
K= 2669
523.351070631
K= 2670
141.564019894
K= 2671
4936.0 , Degree=0
K= 2672
4936.0 , Degree=0
K= 2673
4936.0 , Degree=0
K= 2674
36.7000000002
K= 2675
4936.0 , Degree=0
K= 2676
4936.0 , Degree=0
K= 2677
10.1277390048
K= 2678
4936.0 , Degree=0
K= 2679
4936.0 , Degree=0
K= 2680
4936.0 , Degree=0
K= 2681
4936.0 , Degree=0
K= 2682
171.830198602
K= 2683
4936.0 , Degree=0
K= 2684
2297.75
K= 2685
2491.7952381
K= 2686
4936.0 , Degree=0
K= 2687
4936.0 , Degree=0
K= 2688
17.7666666668
K= 2689
4936.0 , Degree=0
K= 2690
2628.5978688
K= 2691
4936.0 , Degree=0
K= 2692
4936.0 , Degree=0
K= 2693
55.3333333334
K= 2694
4936.0 , Degree=0
K= 2695
4665.0
K= 2696
45.8
K= 2697
4936.0 , Degree=0
K= 2698
20.2666666668
K= 2699
19.7666666668
K= 2700
2221.42698413
K= 2701
4936.0 , Degree=0
K= 2702
17.7119047622
K= 2703
19.7666666668
K= 2704
4936.0 , Degree=0
K= 2705
2493.26666667
K= 2706
19.7666666668
K= 2707
4936.0 , Degree=0
K= 2708
4936.0 , Degree=0
K= 2709
4936.0 , Degree=0
K= 2710
9892.0
K= 2711
4674.0
K= 2712
32.1046533352
K= 2713
20.9583333336
K= 2714
16.2179653682
K= 2715
44.8055871214
K= 2716
4936.0 , Degree=0
K= 2717
4936.0 , Degree=0
K= 2718
47.0643451517
K= 2719
2816.38412698
K= 2720
4936.0 , Degree=0
K= 2721
4643.0
K= 2722
4936.0 , Degree=0
K= 2723
4936.0 , Degree=0
K= 2724
4936.0 , Degree=0
K= 2725
2230.0
K= 2726
4936.0 , Degree=0
K= 2727
2250.75
K= 2728
2493.76666667
K= 2729
4936.0 , Degree=0
K= 2730
4936.0 , Degree=0
K= 2731
4936.0 , Degree=0
K= 2732
4936.0 , Degree=0
K= 2733
2488.36787932
K= 2734
4936.0 , Degree=0
K= 2735
4704.0
K= 2736
4936.0 , Degree=0
K= 2737
4936.0 , Degree=0
K= 2738
4674.0
K= 2739
2655.61256048
K= 2740
4936.0 , Degree=0
K= 2741
57.3051171051
K= 2742
55.0444055947
K= 2743
4936.0 , Degree=0
K= 2744
14.3166666667
K= 2745
69.7095205026
K= 2746
2297.75
K= 2747
4936.0 , Degree=0
K= 2748
4936.0 , Degree=0
K= 2749
4936.0 , Degree=0
K= 2750
105.965519825
K= 2751
4936.0 , Degree=0
K= 2752
4674.0
K= 2753
341.259804901
K= 2754
4936.0 , Degree=0
K= 2755
16.4529772709
K= 2756
2675.57236459
K= 2757
147.0
K= 2758
4936.0 , Degree=0
K= 2759
4936.0 , Degree=0
K= 2760
2655.67976647
K= 2761
20.266666667
K= 2762
4936.0 , Degree=0
K= 2763
2489.80842491
K= 2764
4674.0
K= 2765
12.6296148299
K= 2766
4936.0 , Degree=0
K= 2767
4936.0 , Degree=0
K= 2768
13.1505772007
K= 2769
4936.0 , Degree=0
K= 2770
4936.0 , Degree=0
K= 2771
4936.0 , Degree=0
K= 2772
16.4060606062
K= 2773
2488.66106655
K= 2774
4936.0 , Degree=0
K= 2775
4936.0 , Degree=0
K= 2776
2488.19084755
K= 2777
28.6629620383
K= 2778
4936.0 , Degree=0
K= 2779
2297.75
K= 2780
19.7666666668
K= 2781
19.7666666668
K= 2782
96.8064421088
K= 2783
35.0118835272
K= 2784
4702.0
K= 2785
4936.0 , Degree=0
K= 2786
4936.0 , Degree=0
K= 2787
4936.0 , Degree=0
K= 2788
50.1181818184
K= 2789
15.8913031415
K= 2790
14.5135225888
K= 2791
4936.0 , Degree=0
K= 2792
4936.0 , Degree=0
K= 2793
4936.0 , Degree=0
K= 2794
20.2666666668
K= 2795
4936.0 , Degree=0
K= 2796
117.185746648
K= 2797
23.3833333334
K= 2798
16.1428904431
K= 2799
32.3302253304
K= 2800
19.7666666668
K= 2801
4936.0 , Degree=0
K= 2802
4700.84156863
K= 2803
15.3563103565
K= 2804
4936.0 , Degree=0
K= 2805
11.9649725278
K= 2806
4936.0 , Degree=0
K= 2807
16.7500000001
K= 2808
4936.0 , Degree=0
K= 2809
4936.0 , Degree=0
K= 2810
4936.0 , Degree=0
K= 2811
19.7666666668
K= 2812
14.266666667
K= 2813
55.1852346908
K= 2814
4936.0 , Degree=0
K= 2815
4936.0 , Degree=0
K= 2816
15.8714618715
K= 2817
4936.0 , Degree=0
K= 2818
4936.0 , Degree=0
K= 2819
2493.76666667
K= 2820
4936.0 , Degree=0
K= 2821
2297.75
K= 2822
4936.0 , Degree=0
K= 2823
4936.0 , Degree=0
K= 2824
19.7952380955
K= 2825
2643.66190476
K= 2826
37.1604395607
K= 2827
4936.0 , Degree=0
K= 2828
11.9793206796
K= 2829
12.4795581615
K= 2830
4936.0 , Degree=0
K= 2831
4936.0 , Degree=0
K= 2832
4936.0 , Degree=0
K= 2833
4936.0 , Degree=0
K= 2834
2493.6
K= 2835
4936.0 , Degree=0
K= 2836
4936.0 , Degree=0
K= 2837
4936.0 , Degree=0
K= 2838
4936.0 , Degree=0
K= 2839
3775.79386472
K= 2840
2491.96190476
K= 2841
4936.0 , Degree=0
K= 2842
4936.0 , Degree=0
K= 2843
4936.0 , Degree=0
K= 2844
17.9619047622
K= 2845
2525.42164891
K= 2846
2250.75
K= 2847
2223.0
K= 2848
25.1552202187
K= 2849
11.3619047622
K= 2850
12.8785714289
K= 2851
4936.0 , Degree=0
K= 2852
4936.0 , Degree=0
K= 2853
4936.0 , Degree=0
K= 2854
17.4166666667
K= 2855
2513.73845416
K= 2856
4985.53333333
K= 2857
5144.0
K= 2858
4936.0 , Degree=0
K= 2859
16.7738095241
K= 2860
2599.0
K= 2861
347.558402416
K= 2862
4936.0 , Degree=0
K= 2863
9892.0
K= 2864
2225.0
K= 2865
2297.75
K= 2866
4936.0 , Degree=0
K= 2867
4936.0 , Degree=0
K= 2868
4979.28260628
K= 2869
35.9304258664
K= 2870
2491.60714286
K= 2871
2673.76666667
K= 2872
2606.62990245
K= 2873
4936.0 , Degree=0
K= 2874
4936.0 , Degree=0
K= 2875
4936.0 , Degree=0
K= 2876
4936.0 , Degree=0
K= 2877
55.1852346908
K= 2878
76.7349049561
K= 2879
4936.0 , Degree=0
K= 2880
4936.0 , Degree=0
K= 2881
4936.0 , Degree=0
K= 2882
4936.0 , Degree=0
K= 2883
4936.0 , Degree=0
K= 2884
2693.05796981
K= 2885
2224.0
K= 2886
4936.0 , Degree=0
K= 2887
4936.0 , Degree=0
K= 2888
4936.0 , Degree=0
K= 2889
43.2363455989
K= 2890
19.7666666668
K= 2891
19.6000000002
K= 2892
4936.0 , Degree=0
K= 2893
4936.0 , Degree=0
K= 2894
4936.0 , Degree=0
K= 2895
4665.0
K= 2896
4936.0 , Degree=0
K= 2897
4936.0 , Degree=0
K= 2898
4702.0
K= 2899
19.4000000003
K= 2900
4936.0 , Degree=0
K= 2901
4693.41111111
K= 2902
4936.0 , Degree=0
K= 2903
4936.0 , Degree=0
K= 2904
4936.0 , Degree=0
K= 2905
4936.0 , Degree=0
K= 2906
2230.0
K= 2907
129.416128666
K= 2908
4936.0 , Degree=0
K= 2909
4936.0 , Degree=0
K= 2910
2298.0
K= 2911
2489.13736119
K= 2912
193.004030499
K= 2913
3773.94505182
K= 2914
4936.0 , Degree=0
K= 2915
4936.0 , Degree=0
K= 2916
19.6000000002
K= 2917
2672.50061328
K= 2918
2653.17480363
K= 2919
26.4308661929
K= 2920
4936.0 , Degree=0
K= 2921
4936.0 , Degree=0
K= 2922
4936.0 , Degree=0
K= 2923
77.5049049561
K= 2924
17.4166666667
K= 2925
19.7952380955
K= 2926
2270.66666667
K= 2927
4936.0 , Degree=0
K= 2928
4936.0 , Degree=0
K= 2929
14.426723114
K= 2930
109.189807803
K= 2931
2495.97860473
K= 2932
4936.0 , Degree=0
K= 2933
4936.0 , Degree=0
K= 2934
4936.0 , Degree=0
K= 2935
4936.0 , Degree=0
K= 2936
4936.0 , Degree=0
K= 2937
19.7666666668
K= 2938
4936.0 , Degree=0
K= 2939
2515.25079622
K= 2940
17.7785714288
K= 2941
4936.0 , Degree=0
K= 2942
17.967963679
K= 2943
20.1000000002
K= 2944
20.2805555558
K= 2945
4617.75
K= 2946
4936.0 , Degree=0
K= 2947
4936.0 , Degree=0
K= 2948
4936.0 , Degree=0
K= 2949
4936.0 , Degree=0
K= 2950
4936.0 , Degree=0
K= 2951
39.5333333336
K= 2952
2250.75
K= 2953
4936.0 , Degree=0
K= 2954
2562.3531746
K= 2955
30.1029304031
K= 2956
4936.0 , Degree=0
K= 2957
2710.90714286
K= 2958
4936.0 , Degree=0
K= 2959
4936.0 , Degree=0
K= 2960
2599.77874054
K= 2961
4936.0 , Degree=0
K= 2962
77.5049049561
K= 2963
2656.91087379
K= 2964
4936.0 , Degree=0
K= 2965
77.5049049561
K= 2966
4936.0 , Degree=0
K= 2967
4936.0 , Degree=0
K= 2968
14.2666666668
K= 2969
4936.0 , Degree=0
K= 2970
4936.0 , Degree=0
K= 2971
4936.0 , Degree=0
K= 2972
2297.75
K= 2973
19.7666666668
K= 2974
82.9640867052
K= 2975
4936.0 , Degree=0
K= 2976
4936.0 , Degree=0
K= 2977
2644.87006574
K= 2978
4936.0 , Degree=0
K= 2979
4936.0 , Degree=0
K= 2980
19.6000000002
K= 2981
4936.0 , Degree=0
K= 2982
2685.71111111
K= 2983
20.266666667
K= 2984
3770.94505182
K= 2985
4659.55
K= 2986
17.0904761908
K= 2987
4936.0 , Degree=0
K= 2988
4936.0 , Degree=0
K= 2989
4936.0 , Degree=0
K= 2990
2285.03151831
K= 2991
4936.0 , Degree=0
K= 2992
4936.0 , Degree=0
K= 2993
19.7666666668
K= 2994
12.0
K= 2995
2498.76666667
K= 2996
4683.0
K= 2997
13.7666666668
K= 2998
4936.0 , Degree=0
K= 2999
2487.82301587
K= 3000
17.274793956
K= 3001
2225.27803379
K= 3002
19.7666666668
K= 3003
17.6952380955
K= 3004
4936.0 , Degree=0
K= 3005
2627.34186579
K= 3006
19.7666666668
K= 3007
4936.0 , Degree=0
K= 3008
13.1783549784
K= 3009
2656.89965727
K= 3010
4936.0 , Degree=0
K= 3011
4936.0 , Degree=0
K= 3012
4936.0 , Degree=0
K= 3013
14.7210883891
K= 3014
2670.57236459
K= 3015
4936.0 , Degree=0
K= 3016
4936.0 , Degree=0
K= 3017
12.1649725278
K= 3018
45.7507962228
K= 3019
4703.0
K= 3020
2491.28055556
K= 3021
2560.81886447
K= 3022
16.8095238098
K= 3023
2689.45085748
K= 3024
4936.0 , Degree=0
K= 3025
13.7666666668
K= 3026
73.4266291768
K= 3027
2584.1200039
K= 3028
18.1000000002
K= 3029
4936.0 , Degree=0
K= 3030
2605.44870946
K= 3031
4936.0 , Degree=0
K= 3032
3606.94505182
K= 3033
15.2043650798
K= 3034
4936.0 , Degree=0
K= 3035
17.4166666667
K= 3036
2225.36111111
K= 3037
4936.0 , Degree=0
K= 3038
2494.1
K= 3039
19.6000000002
K= 3040
19.7666666668
K= 3041
4936.0 , Degree=0
K= 3042
4936.0 , Degree=0
K= 3043
4936.0 , Degree=0
K= 3044
4936.0 , Degree=0
K= 3045
14.717516639
K= 3046
2486.43872122
K= 3047
33.9898792384
K= 3048
2489.86908092
K= 3049
4936.0 , Degree=0
K= 3050
2230.0
K= 3051
26.4099399166
K= 3052
74.6636351148
K= 3053
120.391748494
K= 3054
2493.76666667
K= 3055
4936.0 , Degree=0
K= 3056
4936.0 , Degree=0
K= 3057
4936.0 , Degree=0
K= 3058
4936.0 , Degree=0
K= 3059
4936.0 , Degree=0
K= 3060
4936.0 , Degree=0
K= 3061
4936.0 , Degree=0
K= 3062
17.7119047622
K= 3063
4936.0 , Degree=0
K= 3064
4936.0 , Degree=0
K= 3065
4936.0 , Degree=0
K= 3066
2619.34664973
K= 3067
19.4461538465
K= 3068
12.9804487183
K= 3069
4936.0 , Degree=0
K= 3070
4936.0 , Degree=0
K= 3071
16.7500000002
K= 3072
4699.36111111
K= 3073
4936.0 , Degree=0
K= 3074
4936.0 , Degree=0
K= 3075
13.2640692642
K= 3076
4936.0 , Degree=0
K= 3077
10.8571428574
K= 3078
4936.0 , Degree=0
K= 3079
4936.0 , Degree=0
K= 3080
17.6285714288
K= 3081
2697.6952381
K= 3082
2228.0
K= 3083
4936.0 , Degree=0
K= 3084
4936.0 , Degree=0
K= 3085
2617.0
K= 3086
17.6952380955
K= 3087
4936.0 , Degree=0
K= 3088
4936.0 , Degree=0
K= 3089
2270.66666667
K= 3090
105.167960461
K= 3091
4936.0 , Degree=0
K= 3092
4674.0
K= 3093
19.7666666668
K= 3094
4936.0 , Degree=0
K= 3095
4936.0 , Degree=0
K= 3096
19.9333333336
K= 3097
19.9333333336
K= 3098
4936.0 , Degree=0
K= 3099
24.3251782899
K= 3100
17.0904761908
K= 3101
2612.0
K= 3102
2662.36672621
K= 3103
4936.0 , Degree=0
K= 3104
2575.5
K= 3105
77.5049049561
K= 3106
2270.66666667
K= 3107
4710.0
K= 3108
4936.0 , Degree=0
K= 3109
13.6000000002
K= 3110
4936.0 , Degree=0
K= 3111
4936.0 , Degree=0
K= 3112
4936.0 , Degree=0
K= 3113
4377.82501279
K= 3114
35.1571428572
K= 3115
19.6000000002
K= 3116
20.2809523812
K= 3117
4657.41666667
K= 3118
4936.0 , Degree=0
K= 3119
4936.0 , Degree=0
K= 3120
2488.9968962
K= 3121
4936.0 , Degree=0
K= 3122
15.5857475859
K= 3123
203.904761905
K= 3124
1.16415321827e-10
K= 3125
4936.0 , Degree=0
K= 3126
4936.0 , Degree=0
K= 3127
2493.6
K= 3128
9346.0
K= 3129
19.6000000002
K= 3130
2641.44870946
K= 3131
13.7666666668
K= 3132
2463.98973312
K= 3133
28.9176470588
K= 3134
176.489865311
K= 3135
2486.15714286
K= 3136
2657.90411255
K= 3137
4936.0 , Degree=0
K= 3138
4744.66666667
K= 3139
2230.0
K= 3140
4936.0 , Degree=0
K= 3141
4936.0 , Degree=0
K= 3142
19.3077030814
K= 3143
2432.53452215
K= 3144
4936.0 , Degree=0
K= 3145
15.2083333336
K= 3146
4936.0 , Degree=0
K= 3147
4936.0 , Degree=0
K= 3148
4936.0 , Degree=0
K= 3149
4936.0 , Degree=0
K= 3150
2518.89855563
K= 3151
4936.0 , Degree=0
K= 3152
4936.0 , Degree=0
K= 3153
2228.0
K= 3154
2270.66666667
K= 3155
4936.0 , Degree=0
K= 3156
77.5049049561
K= 3157
5203.33333333
K= 3158
4936.0 , Degree=0
K= 3159
12.6042653427
K= 3160
4936.0 , Degree=0
K= 3161
2493.76666667
K= 3162
14.872619048
K= 3163
4936.0 , Degree=0
K= 3164
6975.33333333
K= 3165
4643.0
K= 3166
4936.0 , Degree=0
K= 3167
2250.75
K= 3168
4936.0 , Degree=0
K= 3169
14.6928904431
K= 3170
4936.0 , Degree=0
K= 3171
17.4166666667
K= 3172
4936.0 , Degree=0
K= 3173
4936.0 , Degree=0
K= 3174
100.975113607
K= 3175
19.9333333336
K= 3176
4936.0 , Degree=0
K= 3177
174.581217258
K= 3178
15.7051892555
K= 3179
2494.26666667
K= 3180
2685.06666667
K= 3181
2270.66666667
K= 3182
19.9333333336
K= 3183
4936.0 , Degree=0
K= 3184
4936.0 , Degree=0
K= 3185
4936.0 , Degree=0
K= 3186
23.9238095238
K= 3187
11.5776445778
K= 3188
2580.21460925
K= 3189
32.2000000002
K= 3190
11.6396103898
K= 3191
4936.0 , Degree=0
K= 3192
61.3695026624
K= 3193
4936.0 , Degree=0
K= 3194
2491.96190476
K= 3195
4936.0 , Degree=0
K= 3196
4936.0 , Degree=0
K= 3197
4936.0 , Degree=0
K= 3198
10.2051923402
K= 3199
4936.0 , Degree=0
K= 3200
18.5166666668
K= 3201
14.9416666669
K= 3202
4936.0 , Degree=0
K= 3203
4936.0 , Degree=0
K= 3204
2270.66666667
K= 3205
4936.0 , Degree=0
K= 3206
4936.0 , Degree=0
K= 3207
18.4619047622
K= 3208
4936.0 , Degree=0
K= 3209
4936.0 , Degree=0
K= 3210
1438.54303116
K= 3211
4936.0 , Degree=0
K= 3212
4936.0 , Degree=0
K= 3213
4936.0 , Degree=0
K= 3214
4936.0 , Degree=0
K= 3215
4936.0 , Degree=0
K= 3216
23.1166666668
K= 3217
4936.0 , Degree=0
K= 3218
11.4485958486
K= 3219
10.2060606062
K= 3220
17.0904761908
K= 3221
2297.75
K= 3222
4936.0 , Degree=0
K= 3223
8.91908091924
K= 3224
52.1455199665
K= 3225
19.7666666668
K= 3226
4936.0 , Degree=0
K= 3227
4936.0 , Degree=0
K= 3228
1.16415321827e-10
K= 3229
4936.0 , Degree=0
K= 3230
4936.0 , Degree=0
K= 3231
2671.02397047
K= 3232
2557.7084025
K= 3233
4936.0 , Degree=0
K= 3234
4936.0 , Degree=0
K= 3235
94.1510101011
K= 3236
4936.0 , Degree=0
K= 3237
100.975113607
K= 3238
4936.0 , Degree=0
K= 3239
4936.0 , Degree=0
K= 3240
4936.0 , Degree=0
K= 3241
2547.28108422
K= 3242
20.1000000002
K= 3243
4936.0 , Degree=0
K= 3244
4936.0 , Degree=0
K= 3245
4936.0 , Degree=0
K= 3246
7449.66666667
K= 3247
4936.0 , Degree=0
K= 3248
4674.0
K= 3249
2591.44870946
K= 3250
100.975113607
K= 3251
4936.0 , Degree=0
K= 3252
19.7666666668
K= 3253
4936.0 , Degree=0
K= 3254
2227.66666667
K= 3255
2488.30595238
K= 3256
28.0142857147
K= 3257
4936.0 , Degree=0
K= 3258
272.173236417
K= 3259
4698.66666667
K= 3260
16.4404761908
K= 3261
4936.0 , Degree=0
K= 3262
2638.19838184
K= 3263
4936.0 , Degree=0
K= 3264
4936.0 , Degree=0
K= 3265
0.0
K= 3266
4936.0 , Degree=0
K= 3267
204.817947988
K= 3268
2493.1
K= 3269
19.7666666668
K= 3270
4936.0 , Degree=0
K= 3271
16.5404761909
K= 3272
4936.0 , Degree=0
K= 3273
4936.0 , Degree=0
K= 3274
136.0
K= 3275
2297.75
K= 3276
2230.0
K= 3277
29.5786230285
K= 3278
16.7904761907
K= 3279
15.6083333336
K= 3280
4936.0 , Degree=0
K= 3281
4936.0 , Degree=0
K= 3282
363.044244653
K= 3283
13.5746031747
K= 3284
4936.0 , Degree=0
K= 3285
13.1316391944
K= 3286
2584.1200039
K= 3287
2270.66666667
K= 3288
2351.0
K= 3289
4936.0 , Degree=0
K= 3290
19.2666666668
K= 3291
11.7833333334
K= 3292
4936.0 , Degree=0
K= 3293
12.630077087
K= 3294
2671.6996337
K= 3295
4936.0 , Degree=0
K= 3296
4936.0 , Degree=0
K= 3297
4936.0 , Degree=0
K= 3298
4936.0 , Degree=0
K= 3299
76.3620478133
K= 3300
16.7238095241
K= 3301
2703.31904762
K= 3302
4936.0 , Degree=0
K= 3303
4936.0 , Degree=0
K= 3304
42.8564071078
K= 3305
4936.0 , Degree=0
K= 3306
19.7666666668
K= 3307
4936.0 , Degree=0
K= 3308
4936.0 , Degree=0
K= 3309
4936.0 , Degree=0
K= 3310
19.7666666668
K= 3311
4643.0
K= 3312
4936.0 , Degree=0
K= 3313
4936.0 , Degree=0
K= 3314
4936.0 , Degree=0
K= 3315
50.0262929642
K= 3316
2098.0
K= 3317
4936.0 , Degree=0
K= 3318
4936.0 , Degree=0
K= 3319
4936.0 , Degree=0
K= 3320
15.7083333336
K= 3321
4936.0 , Degree=0
K= 3322
2297.75
K= 3323
16.2893939395
K= 3324
49.1932234435
K= 3325
36.9381980131
K= 3326
18.5761904764
K= 3327
4936.0 , Degree=0
K= 3328
11.8333333334
K= 3329
2238.33333333
K= 3330
14.1559523813
K= 3331
4936.0 , Degree=0
K= 3332
4936.0 , Degree=0
K= 3333
4936.0 , Degree=0
K= 3334
2528.58008976
K= 3335
4936.0 , Degree=0
K= 3336
35.8364258083
K= 3337
4936.0 , Degree=0
K= 3338
4936.0 , Degree=0
K= 3339
4936.0 , Degree=0
K= 3340
2534.91121934
K= 3341
2598.67465812
K= 3342
4936.0 , Degree=0
K= 3343
4936.0 , Degree=0
K= 3344
19.7666666668
K= 3345
4936.0 , Degree=0
K= 3346
2702.00714286
K= 3347
2488.45832194
K= 3348
4936.0 , Degree=0
K= 3349
4936.0 , Degree=0
K= 3350
4936.0 , Degree=0
K= 3351
2490.75
K= 3352
60.6809523812
K= 3353
4936.0 , Degree=0
K= 3354
4936.0 , Degree=0
K= 3355
2677.19246032
K= 3356
18.3619047622
K= 3357
28.404019022
K= 3358
4936.0 , Degree=0
K= 3359
16.0904761908
K= 3360
4936.0 , Degree=0
K= 3361
4936.0 , Degree=0
K= 3362
4936.0 , Degree=0
K= 3363
4936.0 , Degree=0
K= 3364
4936.0 , Degree=0
K= 3365
4936.0 , Degree=0
K= 3366
77.5049049561
K= 3367
4936.0 , Degree=0
K= 3368
15.2083333336
K= 3369
2488.5
K= 3370
4936.0 , Degree=0
K= 3371
4936.0 , Degree=0
K= 3372
18.4619047622
K= 3373
4936.0 , Degree=0
K= 3374
4936.0 , Degree=0
K= 3375
4936.0 , Degree=0
K= 3376
4936.0 , Degree=0
K= 3377
4936.0 , Degree=0
K= 3378
2607.73049427
K= 3379
4936.0 , Degree=0
K= 3380
4710.0
K= 3381
4936.0 , Degree=0
K= 3382
4936.0 , Degree=0
K= 3383
4936.0 , Degree=0
K= 3384
149.333333333
K= 3385
2230.0
K= 3386
4936.0 , Degree=0
K= 3387
4936.0 , Degree=0
K= 3388
4936.0 , Degree=0
K= 3389
4936.0 , Degree=0
K= 3390
14.5
K= 3391
102.343122176
K= 3392
2224.0
K= 3393
4936.0 , Degree=0
K= 3394
4936.0 , Degree=0
K= 3395
2638.19838184
K= 3396
4936.0 , Degree=0
K= 3397
2297.75
K= 3398
4936.0 , Degree=0
K= 3399
2297.75
K= 3400
4936.0 , Degree=0
K= 3401
4936.0 , Degree=0
K= 3402
2667.63695055
K= 3403
2691.66666667
K= 3404
4936.0 , Degree=0
K= 3405
19.8302253304
K= 3406
10.923809524
K= 3407
238.407142857
K= 3408
2599.77874054
K= 3409
18.4619047622
K= 3410
2674.09776335
K= 3411
19.7666666668
K= 3412
67.9344504105
K= 3413
2493.44615385
K= 3414
4936.0 , Degree=0
K= 3415
11.4136752138
K= 3416
2697.25238095
K= 3417
2486.47857143
K= 3418
4936.0 , Degree=0
K= 3419
4698.75
K= 3420
100.975113607
K= 3421
12.1939659759
K= 3422
4936.0 , Degree=0
K= 3423
4936.0 , Degree=0
K= 3424
2607.73049427
K= 3425
4936.0 , Degree=0
K= 3426
4936.0 , Degree=0
K= 3427
12.6330065362
K= 3428
4725.0
K= 3429
14.3461538461
K= 3430
4936.0 , Degree=0
K= 3431
16.3227272729
K= 3432
4936.0 , Degree=0
K= 3433
4936.0 , Degree=0
K= 3434
28.0476190478
K= 3435
2568.19227994
K= 3436
4936.0 , Degree=0
K= 3437
4698.0
K= 3438
4936.0 , Degree=0
K= 3439
4936.0 , Degree=0
K= 3440
2297.75
K= 3441
4936.0 , Degree=0
K= 3442
2308.66666667
K= 3443
74.3243173847
K= 3444
4936.0 , Degree=0
K= 3445
170.905227902
K= 3446
4936.0 , Degree=0
K= 3447
2250.75
K= 3448
136.0
K= 3449
17.6119047622
K= 3450
4936.0 , Degree=0
K= 3451
4936.0 , Degree=0
K= 3452
4936.0 , Degree=0
K= 3453
2687.74134199
K= 3454
2270.66666667
K= 3455
4936.0 , Degree=0
K= 3456
2250.75
K= 3457
19.6000000002
K= 3458
4936.0 , Degree=0
K= 3459
4936.0 , Degree=0
K= 3460
4936.0 , Degree=0
K= 3461
2529.18523469
K= 3462
4936.0 , Degree=0
K= 3463
4936.0 , Degree=0
K= 3464
19.7666666668
K= 3465
4936.0 , Degree=0
K= 3466
100.975113607
K= 3467
4936.0 , Degree=0
K= 3468
12.6000000002
K= 3469
4936.0 , Degree=0
K= 3470
25.541666667
K= 3471
2669.75904651
K= 3472
4936.0 , Degree=0
K= 3473
4936.0 , Degree=0
K= 3474
15.2083333336
K= 3475
4936.0 , Degree=0
K= 3476
4936.0 , Degree=0
K= 3477
2486.76767387
K= 3478
4936.0 , Degree=0
K= 3479
15.9190809192
K= 3480
4936.0 , Degree=0
K= 3481
174.859240104
K= 3482
4936.0 , Degree=0
K= 3483
4936.0 , Degree=0
K= 3484
30.7753080254
K= 3485
38.8923076924
K= 3486
2490.75
K= 3487
4936.0 , Degree=0
K= 3488
2611.73848069
K= 3489
4936.0 , Degree=0
K= 3490
2222.0
K= 3491
11.4737825901
K= 3492
4936.0 , Degree=0
K= 3493
2693.06587302
K= 3494
4936.0 , Degree=0
K= 3495
4936.0 , Degree=0
K= 3496
4936.0 , Degree=0
K= 3497
4936.0 , Degree=0
K= 3498
31.5857843137
K= 3499
4936.0 , Degree=0
K= 3500
17.0251082253
K= 3501
2558.25620491
K= 3502
4936.0 , Degree=0
K= 3503
4936.0 , Degree=0
K= 3504
4936.0 , Degree=0
K= 3505
4936.0 , Degree=0
K= 3506
2677.8
K= 3507
2378.75
K= 3508
20.2666666668
K= 3509
2656.5
K= 3510
4936.0 , Degree=0
K= 3511
2216.73333333
K= 3512
2297.75
K= 3513
2680.96500166
K= 3514
14.6931372551
K= 3515
2297.75
K= 3516
190.185655046
K= 3517
7.5746031747
K= 3518
2504.86666667
K= 3519
24.4261113142
K= 3520
14.2628205129
K= 3521
4936.0 , Degree=0
K= 3522
2234.0
K= 3523
4936.0 , Degree=0
K= 3524
2566.65441225
K= 3525
2270.66666667
K= 3526
17.6952380955
K= 3527
4936.0 , Degree=0
K= 3528
19.7666666668
K= 3529
4936.0 , Degree=0
K= 3530
2566.19838184
K= 3531
4936.0 , Degree=0
K= 3532
4936.0 , Degree=0
K= 3533
311.532756133
K= 3534
3168.39078235
K= 3535
30.2416188014
K= 3536
4936.0 , Degree=0
K= 3537
4936.0 , Degree=0
K= 3538
19.7666666668
K= 3539
2638.19838184
K= 3540
203.258250597
K= 3541
4936.0 , Degree=0
K= 3542
300.338095238
K= 3543
4936.0 , Degree=0
K= 3544
4936.0 , Degree=0
K= 3545
3235.77530273
K= 3546
4936.0 , Degree=0
K= 3547
4936.0 , Degree=0
K= 3548
17.4166666667
K= 3549
4936.0 , Degree=0
K= 3550
4936.0 , Degree=0
K= 3551
19.4461538463
K= 3552
4939.0
K= 3553
77.5049049561
K= 3554
4936.0 , Degree=0
K= 3555
4936.0 , Degree=0
K= 3556
2606.62990245
K= 3557
4936.0 , Degree=0
K= 3558
3621.10992035
K= 3559
4940.0
K= 3560
19.1000000002
K= 3561
16.8131839288
K= 3562
25.9645941094
K= 3563
4936.0 , Degree=0
K= 3564
2486.15501166
K= 3565
4936.0 , Degree=0
K= 3566
19.766666667
K= 3567
4936.0 , Degree=0
K= 3568
4674.0
K= 3569
4936.0 , Degree=0
K= 3570
4936.0 , Degree=0
K= 3571
4936.0 , Degree=0
K= 3572
4936.0 , Degree=0
K= 3573
4936.0 , Degree=0
K= 3574
2608.32911615
K= 3575
4936.0 , Degree=0
K= 3576
4936.0 , Degree=0
K= 3577
14.8928904431
K= 3578
2285.03151831
K= 3579
87.0593131597
K= 3580
4936.0 , Degree=0
K= 3581
19.4461538463
K= 3582
4936.0 , Degree=0
K= 3583
4936.0 , Degree=0
K= 3584
2691.74285714
K= 3585
4936.0 , Degree=0
K= 3586
2619.01358891
K= 3587
201.05952381
K= 3588
12.4619047622
K= 3589
17.6619047621
K= 3590
2624.05291053
K= 3591
4936.0 , Degree=0
K= 3592
4936.0 , Degree=0
K= 3593
4936.0 , Degree=0
K= 3594
2645.05747622
K= 3595
4936.0 , Degree=0
K= 3596
12.6201860233
K= 3597
4936.0 , Degree=0
K= 3598
4936.0 , Degree=0
K= 3599
18.4619047622
K= 3600
4936.0 , Degree=0
Betweenness Centrality Improvement
[ 0.  0.  0. ...,  0.  0.  0.]
Top 20 BC Improvement
[2565 2462 2710 2863 3128 3246 3164 2606 3157 2857 2856 2868 3559 3552 2647
 3554 3550 3549 3547 3536]
Top 20 BC Improvement
[ 9892.          9892.          9892.          9892.          9346.
  7449.66666667  6975.33333333  5417.98748677  5203.33333333  5144.
  4985.53333333  4979.28260628  4940.          4939.          4939.          4936.
  4936.          4936.          4936.          4936.        ]
