txValue= 1000000
Input graph
IGRAPH D--- 4619 68733 -- 
+ attr: pub_key (v), base_fee (e), capacity (e), fee_rate (e), txCost (e)
None
Graph after edges deleted
IGRAPH D--- 4619 32193 -- 
+ attr: pub_key (v), base_fee (e), capacity (e), fee_rate (e), txCost (e)
None
Our nodes starting connections: 
(4618, 2796)
(4618, 1223)
(4618, 1163)
(4618, 222)
CurrentBC of our node:  362068.478608
K= 2400
4936.0 , Degree=0
K= 2401
2590.0
K= 2402
4936.0 , Degree=0
K= 2403
4762.0
K= 2404
4936.0 , Degree=0
K= 2405
4783.0
K= 2406
15.3333333333
K= 2407
33.0160387926
K= 2408
289.614203232
K= 2409
304.205866356
K= 2410
51.61125228
K= 2411
18.9520107539
K= 2412
2493.75
K= 2413
4936.0 , Degree=0
K= 2414
29.7836373009
K= 2415
4784.0
K= 2416
17.2635027168
K= 2417
2464.5
K= 2418
4936.0 , Degree=0
K= 2419
2494.16666667
K= 2420
2348.0
K= 2421
4936.0 , Degree=0
K= 2422
2372.5
K= 2423
4936.0 , Degree=0
K= 2424
2372.5
K= 2425
19.926648829
K= 2426
344.85956825
K= 2427
4936.0 , Degree=0
K= 2428
4936.0 , Degree=0
K= 2429
4936.0 , Degree=0
K= 2430
4936.0 , Degree=0
K= 2431
39.6540411441
K= 2432
43.3080201983
K= 2433
1788.48188587
K= 2434
13103.7560388
K= 2435
2495.91666667
K= 2436
322.4540977
K= 2437
4936.0 , Degree=0
K= 2438
123.623658943
K= 2439
2492.69401544
K= 2440
4936.0 , Degree=0
K= 2441
4779.46666667
K= 2442
4936.0 , Degree=0
K= 2443
4936.0 , Degree=0
K= 2444
1787.54855253
K= 2445
2490.36666667
K= 2446
23.1531438294
K= 2447
4936.0 , Degree=0
K= 2448
2372.5
K= 2449
25.0504229303
K= 2450
2613.33984814
K= 2451
4936.0 , Degree=0
K= 2452
28.1552416977
K= 2453
111.652173913
K= 2454
2295.0
K= 2455
4936.0 , Degree=0
K= 2456
4936.0 , Degree=0
K= 2457
72.737984215
K= 2458
20.855795541
K= 2459
4936.0 , Degree=0
K= 2460
4936.0 , Degree=0
K= 2461
2358.01718282
K= 2462
9872.0
K= 2463
15.9999999999
K= 2464
4936.0 , Degree=0
K= 2465
295.972255709
K= 2466
2372.5
K= 2467
4936.0 , Degree=0
K= 2468
22.4718815652
K= 2469
4936.0 , Degree=0
K= 2470
4936.0 , Degree=0
K= 2471
310.038170639
K= 2472
17.355800921
K= 2473
4936.0 , Degree=0
K= 2474
35.3653947855
K= 2475
22.4728701293
K= 2476
4936.0 , Degree=0
K= 2477
4936.0 , Degree=0
K= 2478
4936.0 , Degree=0
K= 2479
2491.88783322
K= 2480
2496.07971014
K= 2481
4936.0 , Degree=0
K= 2482
4936.0 , Degree=0
K= 2483
4936.0 , Degree=0
K= 2484
2604.08350816
K= 2485
61.5455970122
K= 2486
4936.0 , Degree=0
K= 2487
85.1552134266
K= 2488
17.9844932844
K= 2489
88.6829565756
K= 2490
4936.0 , Degree=0
K= 2491
4936.0 , Degree=0
K= 2492
97.6844419897
K= 2493
18.077544185
K= 2494
2314.5
K= 2495
4936.0 , Degree=0
K= 2496
13094.4361879
K= 2497
4936.0 , Degree=0
K= 2498
4936.0 , Degree=0
K= 2499
16.4264194678
K= 2500
4936.0 , Degree=0
K= 2501
4936.0 , Degree=0
K= 2502
4936.0 , Degree=0
K= 2503
15.9199034852
K= 2504
4936.0 , Degree=0
K= 2505
2516.72574037
K= 2506
16.0145911308
K= 2507
4936.0 , Degree=0
K= 2508
2518.63734545
K= 2509
4936.0 , Degree=0
K= 2510
2496.07971014
K= 2511
4936.0 , Degree=0
K= 2512
4936.0 , Degree=0
K= 2513
2581.67575378
K= 2514
4936.0 , Degree=0
K= 2515
2363.5
K= 2516
4936.0 , Degree=0
K= 2517
2327.5
K= 2518
31.4621916656
K= 2519
4936.0 , Degree=0
K= 2520
251.268301678
K= 2521
52.1555555556
K= 2522
2490.49281644
K= 2523
2600.0
K= 2524
2491.27906699
K= 2525
15.4999999999
K= 2526
4936.0 , Degree=0
K= 2527
1804.72172595
K= 2528
53.1062121026
K= 2529
4936.0 , Degree=0
K= 2530
4936.0 , Degree=0
K= 2531
4936.0 , Degree=0
K= 2532
1794.59874979
K= 2533
4936.0 , Degree=0
K= 2534
28.0099774044
K= 2535
4936.0 , Degree=0
K= 2536
4936.0 , Degree=0
K= 2537
4936.0 , Degree=0
K= 2538
4936.0 , Degree=0
K= 2539
4936.0 , Degree=0
K= 2540
4936.0 , Degree=0
K= 2541
282.673393674
K= 2542
313.306172422
K= 2543
307.781679074
K= 2544
4936.0 , Degree=0
K= 2545
4936.0 , Degree=0
K= 2546
4936.0 , Degree=0
K= 2547
4936.0 , Degree=0
K= 2548
202.676277889
K= 2549
345.233333333
K= 2550
4936.0 , Degree=0
K= 2551
2372.5
K= 2552
4936.0 , Degree=0
K= 2553
73.9220794557
K= 2554
1913.87446729
K= 2555
4936.0 , Degree=0
K= 2556
1812.17855842
K= 2557
4779.25714286
K= 2558
2907.58702391
K= 2559
1796.08022074
K= 2560
2643.15909091
K= 2561
1786.53744142
K= 2562
40.8322209881
K= 2563
1788.17633031
K= 2564
4936.0 , Degree=0
K= 2565
9872.0
K= 2566
14.9999999999
K= 2567
4783.0
K= 2568
4936.0 , Degree=0
K= 2569
4936.0 , Degree=0
K= 2570
4782.37142857
K= 2571
4936.0 , Degree=0
K= 2572
4936.0 , Degree=0
K= 2573
4785.5
K= 2574
18.838099518
K= 2575
43.11438089
K= 2576
281.864203232
K= 2577
4936.0 , Degree=0
K= 2578
4936.0 , Degree=0
K= 2579
4936.0 , Degree=0
K= 2580
4936.0 , Degree=0
K= 2581
37.5631494974
K= 2582
18.2093708321
K= 2583
4936.0 , Degree=0
K= 2584
19.9862689325
K= 2585
4936.0 , Degree=0
K= 2586
4936.0 , Degree=0
K= 2587
4936.0 , Degree=0
K= 2588
64.5686973856
K= 2589
4789.17271062
K= 2590
314.473082545
K= 2591
4936.0 , Degree=0
K= 2592
4936.0 , Degree=0
K= 2593
18.570643603
K= 2594
39.6807275587
K= 2595
4936.0 , Degree=0
K= 2596
4936.0 , Degree=0
K= 2597
1794.60635522
K= 2598
4936.0 , Degree=0
K= 2599
4936.0 , Degree=0
K= 2600
4936.0 , Degree=0
K= 2601
4936.0 , Degree=0
K= 2602
13100.2027325
K= 2603
4936.0 , Degree=0
K= 2604
1849.03727319
K= 2605
1790.53632739
K= 2606
809.702451939
K= 2607
4936.0 , Degree=0
K= 2608
15.8333333333
K= 2609
1389.94369486
K= 2610
302.37308407
K= 2611
4936.0 , Degree=0
K= 2612
4936.0 , Degree=0
K= 2613
4936.0 , Degree=0
K= 2614
133.489119451
K= 2615
299.198046176
K= 2616
34.4643871529
K= 2617
4936.0 , Degree=0
K= 2618
2496.0
K= 2619
4936.0 , Degree=0
K= 2620
4936.0 , Degree=0
K= 2621
4936.0 , Degree=0
K= 2622
17.1075183286
K= 2623
4936.0 , Degree=0
K= 2624
19.1248970209
K= 2625
4936.0 , Degree=0
K= 2626
2600.0
K= 2627
4936.0 , Degree=0
K= 2628
7456.89663866
K= 2629
113.657831403
K= 2630
4936.0 , Degree=0
K= 2631
4936.0 , Degree=0
K= 2632
2465.30128464
K= 2633
4936.0 , Degree=0
K= 2634
4936.0 , Degree=0
K= 2635
4936.0 , Degree=0
K= 2636
4936.0 , Degree=0
K= 2637
4936.0 , Degree=0
K= 2638
2306.68980409
K= 2639
4936.0 , Degree=0
K= 2640
4936.0 , Degree=0
K= 2641
4936.0 , Degree=0
K= 2642
4936.0 , Degree=0
K= 2643
31.847527625
K= 2644
4936.0 , Degree=0
K= 2645
13038.8213918
K= 2646
25.7238180084
K= 2647
2675.19607843
K= 2648
16.8941077571
K= 2649
4762.0
K= 2650
4936.0 , Degree=0
K= 2651
4936.0 , Degree=0
K= 2652
4936.0 , Degree=0
K= 2653
22.0237423944
K= 2654
4936.0 , Degree=0
K= 2655
75.2681179437
K= 2656
2482.0
K= 2657
4936.0 , Degree=0
K= 2658
120.004041057
K= 2659
4936.0 , Degree=0
K= 2660
4936.0 , Degree=0
K= 2661
4936.0 , Degree=0
K= 2662
4936.0 , Degree=0
K= 2663
46.4544359958
K= 2664
334.07034632
K= 2665
4936.0 , Degree=0
K= 2666
4936.0 , Degree=0
K= 2667
111.114346764
K= 2668
17.0376593231
K= 2669
269.421602008
K= 2670
101.683513532
K= 2671
4936.0 , Degree=0
K= 2672
4936.0 , Degree=0
K= 2673
4936.0 , Degree=0
K= 2674
44.4189158978
K= 2675
4936.0 , Degree=0
K= 2676
4936.0 , Degree=0
K= 2677
64.748590435
K= 2678
4936.0 , Degree=0
K= 2679
4936.0 , Degree=0
K= 2680
4936.0 , Degree=0
K= 2681
4936.0 , Degree=0
K= 2682
13129.6107858
K= 2683
4936.0 , Degree=0
K= 2684
2372.5
K= 2685
2493.91304348
K= 2686
4936.0 , Degree=0
K= 2687
4936.0 , Degree=0
K= 2688
36.791435001
K= 2689
4936.0 , Degree=0
K= 2690
303.372011079
K= 2691
4936.0 , Degree=0
K= 2692
4936.0 , Degree=0
K= 2693
1867.14855253
K= 2694
4936.0 , Degree=0
K= 2695
3247.97755164
K= 2696
74.7889764558
K= 2697
4936.0 , Degree=0
K= 2698
18.077544185
K= 2699
20.1359268377
K= 2700
2299.7
K= 2701
4936.0 , Degree=0
K= 2702
17.0376593231
K= 2703
15.6666666666
K= 2704
4936.0 , Degree=0
K= 2705
2495.07142857
K= 2706
25.7623928472
K= 2707
4936.0 , Degree=0
K= 2708
4936.0 , Degree=0
K= 2709
4936.0 , Degree=0
K= 2710
9872.0
K= 2711
2518.63734545
K= 2712
1860.98623044
K= 2713
16.6828655212
K= 2714
17.5698263157
K= 2715
56.6751853951
K= 2716
4936.0 , Degree=0
K= 2717
4936.0 , Degree=0
K= 2718
83.5084817157
K= 2719
445.388506718
K= 2720
4936.0 , Degree=0
K= 2721
2480.64156689
K= 2722
4936.0 , Degree=0
K= 2723
4936.0 , Degree=0
K= 2724
4936.0 , Degree=0
K= 2725
2307.93917447
K= 2726
4936.0 , Degree=0
K= 2727
2327.5
K= 2728
2495.66666667
K= 2729
4936.0 , Degree=0
K= 2730
4936.0 , Degree=0
K= 2731
4936.0 , Degree=0
K= 2732
4936.0 , Degree=0
K= 2733
2491.53856209
K= 2734
4936.0 , Degree=0
K= 2735
4785.0
K= 2736
4936.0 , Degree=0
K= 2737
4936.0 , Degree=0
K= 2738
2518.63734545
K= 2739
320.084469697
K= 2740
4936.0 , Degree=0
K= 2741
64.4267317364
K= 2742
114.283681724
K= 2743
4936.0 , Degree=0
K= 2744
35.1343865672
K= 2745
37191.8333333
K= 2746
2372.5
K= 2747
4936.0 , Degree=0
K= 2748
4936.0 , Degree=0
K= 2749
4936.0 , Degree=0
K= 2750
56.6416870168
K= 2751
4936.0 , Degree=0
K= 2752
2518.08737374
K= 2753
253.623791944
K= 2754
4936.0 , Degree=0
K= 2755
1824.51750373
K= 2756
2621.9031746
K= 2757
115.340893149
K= 2758
4936.0 , Degree=0
K= 2759
4936.0 , Degree=0
K= 2760
312.336502188
K= 2761
19.2623419422
K= 2762
4936.0 , Degree=0
K= 2763
2493.66428571
K= 2764
2518.63734545
K= 2765
20.1262233068
K= 2766
4936.0 , Degree=0
K= 2767
4936.0 , Degree=0
K= 2768
19.2112566319
K= 2769
4936.0 , Degree=0
K= 2770
4936.0 , Degree=0
K= 2771
4936.0 , Degree=0
K= 2772
25.0656748424
K= 2773
2491.58611111
K= 2774
4936.0 , Degree=0
K= 2775
4936.0 , Degree=0
K= 2776
2491.36240032
K= 2777
1817.80418159
K= 2778
4936.0 , Degree=0
K= 2779
2372.5
K= 2780
21.5032634033
K= 2781
26.2742740244
K= 2782
96.0759293569
K= 2783
66.0171211242
K= 2784
2512.83333333
K= 2785
4936.0 , Degree=0
K= 2786
4936.0 , Degree=0
K= 2787
4936.0 , Degree=0
K= 2788
64.1221503064
K= 2789
18.0964159724
K= 2790
39.6709735496
K= 2791
4936.0 , Degree=0
K= 2792
4936.0 , Degree=0
K= 2793
4936.0 , Degree=0
K= 2794
19.0946062911
K= 2795
4936.0 , Degree=0
K= 2796
168.959351507
K= 2797
25.5852802644
K= 2798
18.0999596089
K= 2799
47.9318025958
K= 2800
20.899245186
K= 2801
4936.0 , Degree=0
K= 2802
4782.66666667
K= 2803
29.3835022047
K= 2804
4936.0 , Degree=0
K= 2805
37.0174714131
K= 2806
4936.0 , Degree=0
K= 2807
27.192363703
K= 2808
4936.0 , Degree=0
K= 2809
4936.0 , Degree=0
K= 2810
4936.0 , Degree=0
K= 2811
18.6058411412
K= 2812
1792.98188587
K= 2813
232.896987926
K= 2814
4936.0 , Degree=0
K= 2815
4936.0 , Degree=0
K= 2816
20.7069339093
K= 2817
4936.0 , Degree=0
K= 2818
4936.0 , Degree=0
K= 2819
2495.57142857
K= 2820
4936.0 , Degree=0
K= 2821
2372.5
K= 2822
4936.0 , Degree=0
K= 2823
4936.0 , Degree=0
K= 2824
23.9368910246
K= 2825
325.233333333
K= 2826
1819.33463312
K= 2827
4936.0 , Degree=0
K= 2828
1788.12077475
K= 2829
34.363003441
K= 2830
4936.0 , Degree=0
K= 2831
4936.0 , Degree=0
K= 2832
4936.0 , Degree=0
K= 2833
4936.0 , Degree=0
K= 2834
2495.5
K= 2835
4936.0 , Degree=0
K= 2836
4936.0 , Degree=0
K= 2837
4936.0 , Degree=0
K= 2838
4936.0 , Degree=0
K= 2839
3225.26012448
K= 2840
2494.16666667
K= 2841
4936.0 , Degree=0
K= 2842
4936.0 , Degree=0
K= 2843
4936.0 , Degree=0
K= 2844
17.3946658297
K= 2845
222.385103785
K= 2846
2327.5
K= 2847
2306.0
K= 2848
37.6730606381
K= 2849
1797.02054991
K= 2850
37.6656011513
K= 2851
4936.0 , Degree=0
K= 2852
4936.0 , Degree=0
K= 2853
4936.0 , Degree=0
K= 2854
17.9226791856
K= 2855
208.28751433
K= 2856
4989.16666667
K= 2857
546.742857143
K= 2858
4936.0 , Degree=0
K= 2859
18.9286793548
K= 2860
276.678643579
K= 2861
266.221219664
K= 2862
4936.0 , Degree=0
K= 2863
9872.0
K= 2864
4775.3952381
K= 2865
2372.5
K= 2866
4936.0 , Degree=0
K= 2867
4936.0 , Degree=0
K= 2868
4980.44480519
K= 2869
52.1457616235
K= 2870
2493.87732919
K= 2871
342.583333333
K= 2872
295.089860344
K= 2873
4936.0 , Degree=0
K= 2874
4936.0 , Degree=0
K= 2875
4936.0 , Degree=0
K= 2876
4936.0 , Degree=0
K= 2877
69.5298826069
K= 2878
46.7714201994
K= 2879
4936.0 , Degree=0
K= 2880
4936.0 , Degree=0
K= 2881
4936.0 , Degree=0
K= 2882
4936.0 , Degree=0
K= 2883
4936.0 , Degree=0
K= 2884
344.343054984
K= 2885
4084.11334999
K= 2886
4936.0 , Degree=0
K= 2887
4936.0 , Degree=0
K= 2888
4936.0 , Degree=0
K= 2889
69.6727007838
K= 2890
19.4312379666
K= 2891
15.4999999999
K= 2892
4936.0 , Degree=0
K= 2893
4936.0 , Degree=0
K= 2894
4936.0 , Degree=0
K= 2895
3247.97755164
K= 2896
4936.0 , Degree=0
K= 2897
4936.0 , Degree=0
K= 2898
4783.66666667
K= 2899
1806.23188587
K= 2900
4936.0 , Degree=0
K= 2901
4769.1
K= 2902
4936.0 , Degree=0
K= 2903
4936.0 , Degree=0
K= 2904
4936.0 , Degree=0
K= 2905
4936.0 , Degree=0
K= 2906
2307.18923998
K= 2907
13105.3917155
K= 2908
4936.0 , Degree=0
K= 2909
4936.0 , Degree=0
K= 2910
4532.3715415
K= 2911
2491.87748918
K= 2912
120.036496142
K= 2913
1401.63991111
K= 2914
4936.0 , Degree=0
K= 2915
4936.0 , Degree=0
K= 2916
19.3001770026
K= 2917
327.445673216
K= 2918
308.423283827
K= 2919
62.1489643763
K= 2920
4936.0 , Degree=0
K= 2921
4936.0 , Degree=0
K= 2922
4936.0 , Degree=0
K= 2923
42.4664418444
K= 2924
22.1107744238
K= 2925
23.9368910246
K= 2926
2348.0
K= 2927
4936.0 , Degree=0
K= 2928
4936.0 , Degree=0
K= 2929
28.7939977587
K= 2930
70.1477346449
K= 2931
2492.53787879
K= 2932
4936.0 , Degree=0
K= 2933
4936.0 , Degree=0
K= 2934
4936.0 , Degree=0
K= 2935
4936.0 , Degree=0
K= 2936
4936.0 , Degree=0
K= 2937
18.4227463614
K= 2938
4936.0 , Degree=0
K= 2939
229.630194805
K= 2940
25.4838214186
K= 2941
4936.0 , Degree=0
K= 2942
1798.34159283
K= 2943
17.4999999999
K= 2944
19.4180185347
K= 2945
2466.64156689
K= 2946
4936.0 , Degree=0
K= 2947
4936.0 , Degree=0
K= 2948
4936.0 , Degree=0
K= 2949
4936.0 , Degree=0
K= 2950
4936.0 , Degree=0
K= 2951
31.3333333334
K= 2952
2327.5
K= 2953
4936.0 , Degree=0
K= 2954
242.880194805
K= 2955
19.4113247863
K= 2956
4936.0 , Degree=0
K= 2957
2643.15909091
K= 2958
4936.0 , Degree=0
K= 2959
4936.0 , Degree=0
K= 2960
298.960060184
K= 2961
4936.0 , Degree=0
K= 2962
42.4664418444
K= 2963
466.915717633
K= 2964
4936.0 , Degree=0
K= 2965
47.1473122413
K= 2966
4936.0 , Degree=0
K= 2967
4936.0 , Degree=0
K= 2968
1792.98188587
K= 2969
4936.0 , Degree=0
K= 2970
4936.0 , Degree=0
K= 2971
4936.0 , Degree=0
K= 2972
2372.5
K= 2973
24.1215174715
K= 2974
70.7617561938
K= 2975
4936.0 , Degree=0
K= 2976
4936.0 , Degree=0
K= 2977
311.818346939
K= 2978
4936.0 , Degree=0
K= 2979
4936.0 , Degree=0
K= 2980
41.7601734639
K= 2981
4936.0 , Degree=0
K= 2982
361.633333333
K= 2983
17.9290086089
K= 2984
1190.52222979
K= 2985
2504.88734545
K= 2986
19.2254325481
K= 2987
4936.0 , Degree=0
K= 2988
4936.0 , Degree=0
K= 2989
4936.0 , Degree=0
K= 2990
2307.62467051
K= 2991
4936.0 , Degree=0
K= 2992
4936.0 , Degree=0
K= 2993
18.9999325409
K= 2994
68.1690421584
K= 2995
2495.5
K= 2996
2489.73571429
K= 2997
1796.24041759
K= 2998
4936.0 , Degree=0
K= 2999
2494.16666667
K= 3000
64.3405321801
K= 3001
4073.8152192
K= 3002
18.5701923615
K= 3003
19.094667755
K= 3004
4936.0 , Degree=0
K= 3005
296.181617917
K= 3006
18.9999325409
K= 3007
4936.0 , Degree=0
K= 3008
29.1276479667
K= 3009
311.978345028
K= 3010
4936.0 , Degree=0
K= 3011
4936.0 , Degree=0
K= 3012
4936.0 , Degree=0
K= 3013
25.4565783961
K= 3014
317.898412698
K= 3015
4936.0 , Degree=0
K= 3016
4936.0 , Degree=0
K= 3017
25.2897078274
K= 3018
39.8701172451
K= 3019
4781.77777778
K= 3020
197.647893773
K= 3021
226.702020202
K= 3022
33.4857482929
K= 3023
344.421827843
K= 3024
4936.0 , Degree=0
K= 3025
1792.48188587
K= 3026
61.3680072909
K= 3027
1054.02974945
K= 3028
27.4851848732
K= 3029
4936.0 , Degree=0
K= 3030
297.943604108
K= 3031
4936.0 , Degree=0
K= 3032
1080.65005399
K= 3033
33.3739036839
K= 3034
4936.0 , Degree=0
K= 3035
16.8941077571
K= 3036
2308.4765059
K= 3037
4936.0 , Degree=0
K= 3038
2496.0
K= 3039
22.9315797791
K= 3040
21.4844258254
K= 3041
4936.0 , Degree=0
K= 3042
4936.0 , Degree=0
K= 3043
4936.0 , Degree=0
K= 3044
4936.0 , Degree=0
K= 3045
33.9681288588
K= 3046
2490.17708286
K= 3047
50.7343015464
K= 3048
2492.44025974
K= 3049
4936.0 , Degree=0
K= 3050
2307.93447706
K= 3051
32.5664557882
K= 3052
39.6807275587
K= 3053
13099.6333222
K= 3054
2495.5
K= 3055
4936.0 , Degree=0
K= 3056
4936.0 , Degree=0
K= 3057
4936.0 , Degree=0
K= 3058
4936.0 , Degree=0
K= 3059
4936.0 , Degree=0
K= 3060
4936.0 , Degree=0
K= 3061
4936.0 , Degree=0
K= 3062
17.3686774205
K= 3063
4936.0 , Degree=0
K= 3064
4936.0 , Degree=0
K= 3065
4936.0 , Degree=0
K= 3066
276.666666667
K= 3067
16.6357142856
K= 3068
23.1868873215
K= 3069
4936.0 , Degree=0
K= 3070
4936.0 , Degree=0
K= 3071
19.2910818063
K= 3072
4784.5
K= 3073
4936.0 , Degree=0
K= 3074
4936.0 , Degree=0
K= 3075
25.3122923348
K= 3076
4936.0 , Degree=0
K= 3077
1789.06283825
K= 3078
4936.0 , Degree=0
K= 3079
4936.0 , Degree=0
K= 3080
16.9543259898
K= 3081
2635.4952381
K= 3082
4122.8152192
K= 3083
4936.0 , Degree=0
K= 3084
4936.0 , Degree=0
K= 3085
2583.91011236
K= 3086
26.3281268243
K= 3087
4936.0 , Degree=0
K= 3088
4936.0 , Degree=0
K= 3089
2348.0
K= 3090
1869.28618668
K= 3091
4936.0 , Degree=0
K= 3092
2518.63734545
K= 3093
18.4227463614
K= 3094
4936.0 , Degree=0
K= 3095
4936.0 , Degree=0
K= 3096
19.9546827698
K= 3097
15.8333333333
K= 3098
4936.0 , Degree=0
K= 3099
34.8278266066
K= 3100
20.7667483005
K= 3101
276.457142857
K= 3102
315.218939394
K= 3103
4936.0 , Degree=0
K= 3104
257.445530468
K= 3105
42.4664418444
K= 3106
2348.0
K= 3107
4786.0
K= 3108
4936.0 , Degree=0
K= 3109
1789.3152192
K= 3110
4936.0 , Degree=0
K= 3111
4936.0 , Degree=0
K= 3112
4936.0 , Degree=0
K= 3113
3085.41088498
K= 3114
39.756289231
K= 3115
16.1666666666
K= 3116
30.3542765448
K= 3117
2505.2540404
K= 3118
4936.0 , Degree=0
K= 3119
4936.0 , Degree=0
K= 3120
2492.08856209
K= 3121
4936.0 , Degree=0
K= 3122
24.6505898853
K= 3123
145.735714286
K= 3124
24680.0
K= 3125
4936.0 , Degree=0
K= 3126
4936.0 , Degree=0
K= 3127
2495.5
K= 3128
5027.52469091
K= 3129
15.9999999999
K= 3130
2604.08350816
K= 3131
1792.48188587
K= 3132
180.909334511
K= 3133
86.0897206634
K= 3134
86.7821844821
K= 3135
193.763858364
K= 3136
306.211269841
K= 3137
4936.0 , Degree=0
K= 3138
4828.0
K= 3139
2305.0
K= 3140
4936.0 , Degree=0
K= 3141
4936.0 , Degree=0
K= 3142
1798.39855253
K= 3143
194.073179762
K= 3144
4936.0 , Degree=0
K= 3145
17.8931050915
K= 3146
4936.0 , Degree=0
K= 3147
4936.0 , Degree=0
K= 3148
4936.0 , Degree=0
K= 3149
4936.0 , Degree=0
K= 3150
2513.17063492
K= 3151
4936.0 , Degree=0
K= 3152
4936.0 , Degree=0
K= 3153
4759.3030303
K= 3154
2348.0
K= 3155
4936.0 , Degree=0
K= 3156
42.5997751777
K= 3157
5159.0
K= 3158
4936.0 , Degree=0
K= 3159
1796.64980128
K= 3160
4936.0 , Degree=0
K= 3161
2495.66666667
K= 3162
21.5673494692
K= 3163
4936.0 , Degree=0
K= 3164
4843.22261905
K= 3165
2480.64156689
K= 3166
4936.0 , Degree=0
K= 3167
2327.5
K= 3168
4936.0 , Degree=0
K= 3169
24.6226679147
K= 3170
4936.0 , Degree=0
K= 3171
21.9321238603
K= 3172
4936.0 , Degree=0
K= 3173
4936.0 , Degree=0
K= 3174
37.1695478596
K= 3175
16.624098124
K= 3176
4936.0 , Degree=0
K= 3177
117.063186813
K= 3178
31.8281393018
K= 3179
2495.99275362
K= 3180
335.333333333
K= 3181
2348.0
K= 3182
15.8333333333
K= 3183
4936.0 , Degree=0
K= 3184
4936.0 , Degree=0
K= 3185
4936.0 , Degree=0
K= 3186
1803.14855253
K= 3187
25.4192743796
K= 3188
5022.44885833
K= 3189
35.9283164717
K= 3190
51.1560729736
K= 3191
4936.0 , Degree=0
K= 3192
13051.1469152
K= 3193
4936.0 , Degree=0
K= 3194
2494.33333333
K= 3195
4936.0 , Degree=0
K= 3196
4936.0 , Degree=0
K= 3197
4936.0 , Degree=0
K= 3198
35.9957561964
K= 3199
4936.0 , Degree=0
K= 3200
23.7329914906
K= 3201
18.8179963111
K= 3202
4936.0 , Degree=0
K= 3203
4936.0 , Degree=0
K= 3204
2348.0
K= 3205
4936.0 , Degree=0
K= 3206
4936.0 , Degree=0
K= 3207
28.7662760495
K= 3208
4936.0 , Degree=0
K= 3209
4936.0 , Degree=0
K= 3210
349.329304279
K= 3211
4936.0 , Degree=0
K= 3212
4936.0 , Degree=0
K= 3213
4936.0 , Degree=0
K= 3214
4936.0 , Degree=0
K= 3215
4936.0 , Degree=0
K= 3216
1828.36527573
K= 3217
4936.0 , Degree=0
K= 3218
27.0356336553
K= 3219
1786.63744142
K= 3220
20.2944794468
K= 3221
2372.5
K= 3222
4936.0 , Degree=0
K= 3223
1790.68484402
K= 3224
88.1513789155
K= 3225
20.7728733598
K= 3226
4936.0 , Degree=0
K= 3227
4936.0 , Degree=0
K= 3228
24680.0
K= 3229
4936.0 , Degree=0
K= 3230
4936.0 , Degree=0
K= 3231
325.892373313
K= 3232
302.035567648
K= 3233
4936.0 , Degree=0
K= 3234
4936.0 , Degree=0
K= 3235
174.934587025
K= 3236
4936.0 , Degree=0
K= 3237
37.1695478596
K= 3238
4936.0 , Degree=0
K= 3239
4936.0 , Degree=0
K= 3240
4936.0 , Degree=0
K= 3241
211.323762382
K= 3242
22.3333333333
K= 3243
4936.0 , Degree=0
K= 3244
4936.0 , Degree=0
K= 3245
4936.0 , Degree=0
K= 3246
9927.77777778
K= 3247
4936.0 , Degree=0
K= 3248
2518.08737374
K= 3249
297.701179866
K= 3250
37.1695478596
K= 3251
4936.0 , Degree=0
K= 3252
18.6058411412
K= 3253
4936.0 , Degree=0
K= 3254
4778.86666667
K= 3255
2491.60043828
K= 3256
52.0525088174
K= 3257
4936.0 , Degree=0
K= 3258
185.431317539
K= 3259
4784.0
K= 3260
28.3883643984
K= 3261
4936.0 , Degree=0
K= 3262
2585.88930301
K= 3263
4936.0 , Degree=0
K= 3264
4936.0 , Degree=0
K= 3265
24680.0
K= 3266
4936.0 , Degree=0
K= 3267
1931.51902724
K= 3268
2495.08333333
K= 3269
1789.48188587
K= 3270
4936.0 , Degree=0
K= 3271
30.619744442
K= 3272
4936.0 , Degree=0
K= 3273
4936.0 , Degree=0
K= 3274
118.374679549
K= 3275
2372.5
K= 3276
2306.85683605
K= 3277
42.788070461
K= 3278
18.1345082115
K= 3279
20.7212508878
K= 3280
4936.0 , Degree=0
K= 3281
4936.0 , Degree=0
K= 3282
198.816666667
K= 3283
21.1016243362
K= 3284
4936.0 , Degree=0
K= 3285
27.8294124384
K= 3286
1054.02974945
K= 3287
2348.0
K= 3288
4658.33333333
K= 3289
4936.0 , Degree=0
K= 3290
22.7251477679
K= 3291
63.3747021685
K= 3292
4936.0 , Degree=0
K= 3293
28.4042734754
K= 3294
331.7
K= 3295
4936.0 , Degree=0
K= 3296
4936.0 , Degree=0
K= 3297
4936.0 , Degree=0
K= 3298
4936.0 , Degree=0
K= 3299
43.9875775714
K= 3300
20.231917883
K= 3301
358.458008658
K= 3302
4936.0 , Degree=0
K= 3303
4936.0 , Degree=0
K= 3304
1827.993328
K= 3305
4936.0 , Degree=0
K= 3306
17.8559066473
K= 3307
4936.0 , Degree=0
K= 3308
4936.0 , Degree=0
K= 3309
4936.0 , Degree=0
K= 3310
18.4227463614
K= 3311
2480.64156689
K= 3312
4936.0 , Degree=0
K= 3313
4936.0 , Degree=0
K= 3314
4936.0 , Degree=0
K= 3315
76.5125536331
K= 3316
4781.66666667
K= 3317
4936.0 , Degree=0
K= 3318
4936.0 , Degree=0
K= 3319
4936.0 , Degree=0
K= 3320
17.3252237806
K= 3321
4936.0 , Degree=0
K= 3322
2372.5
K= 3323
17.5641599013
K= 3324
55.1691597372
K= 3325
38.015545369
K= 3326
27.5014828299
K= 3327
4936.0 , Degree=0
K= 3328
26.6665905226
K= 3329
2291.22857143
K= 3330
25.4586302413
K= 3331
4936.0 , Degree=0
K= 3332
4936.0 , Degree=0
K= 3333
4936.0 , Degree=0
K= 3334
2516.64240704
K= 3335
4936.0 , Degree=0
K= 3336
93.5231589241
K= 3337
4936.0 , Degree=0
K= 3338
4936.0 , Degree=0
K= 3339
4936.0 , Degree=0
K= 3340
2522.11071429
K= 3341
263.765244528
K= 3342
4936.0 , Degree=0
K= 3343
4936.0 , Degree=0
K= 3344
18.9520107538
K= 3345
4936.0 , Degree=0
K= 3346
2636.73809524
K= 3347
2491.43101504
K= 3348
4936.0 , Degree=0
K= 3349
4936.0 , Degree=0
K= 3350
4936.0 , Degree=0
K= 3351
2493.63809524
K= 3352
44.1333138513
K= 3353
4936.0 , Degree=0
K= 3354
4936.0 , Degree=0
K= 3355
354.097990898
K= 3356
22.8389917368
K= 3357
35.3620652443
K= 3358
4936.0 , Degree=0
K= 3359
27.893213301
K= 3360
4936.0 , Degree=0
K= 3361
4936.0 , Degree=0
K= 3362
4936.0 , Degree=0
K= 3363
4936.0 , Degree=0
K= 3364
4936.0 , Degree=0
K= 3365
4936.0 , Degree=0
K= 3366
42.4664418444
K= 3367
4936.0 , Degree=0
K= 3368
27.7071973059
K= 3369
2490.83333333
K= 3370
4936.0 , Degree=0
K= 3371
4936.0 , Degree=0
K= 3372
28.9952858437
K= 3373
4936.0 , Degree=0
K= 3374
4936.0 , Degree=0
K= 3375
4936.0 , Degree=0
K= 3376
4936.0 , Degree=0
K= 3377
4936.0 , Degree=0
K= 3378
290.478921378
K= 3379
4936.0 , Degree=0
K= 3380
4786.0
K= 3381
4936.0 , Degree=0
K= 3382
4936.0 , Degree=0
K= 3383
4936.0 , Degree=0
K= 3384
114.511523507
K= 3385
2307.93447706
K= 3386
4936.0 , Degree=0
K= 3387
4936.0 , Degree=0
K= 3388
4936.0 , Degree=0
K= 3389
4936.0 , Degree=0
K= 3390
15.9074476702
K= 3391
1981.66052217
K= 3392
4078.8152192
K= 3393
4936.0 , Degree=0
K= 3394
4936.0 , Degree=0
K= 3395
2585.88930301
K= 3396
4936.0 , Degree=0
K= 3397
2372.5
K= 3398
4936.0 , Degree=0
K= 3399
2372.5
K= 3400
4936.0 , Degree=0
K= 3401
4936.0 , Degree=0
K= 3402
333.750810743
K= 3403
321.533333333
K= 3404
4936.0 , Degree=0
K= 3405
1809.13284183
K= 3406
1797.10426621
K= 3407
170.792727159
K= 3408
298.960060184
K= 3409
24.4649842938
K= 3410
328.253983516
K= 3411
16.5
K= 3412
39.4599382031
K= 3413
2495.33333333
K= 3414
4936.0 , Degree=0
K= 3415
37.4733345577
K= 3416
347.710714286
K= 3417
2490.4120915
K= 3418
4936.0 , Degree=0
K= 3419
2509.25238095
K= 3420
37.1695478596
K= 3421
28.6344460712
K= 3422
4936.0 , Degree=0
K= 3423
4936.0 , Degree=0
K= 3424
290.478921378
K= 3425
4936.0 , Degree=0
K= 3426
4936.0 , Degree=0
K= 3427
26.9759115659
K= 3428
4789.9
K= 3429
43.0310271149
K= 3430
4936.0 , Degree=0
K= 3431
26.3019658278
K= 3432
4936.0 , Degree=0
K= 3433
4936.0 , Degree=0
K= 3434
30.9137346614
K= 3435
2547.77460317
K= 3436
4936.0 , Degree=0
K= 3437
4781.0
K= 3438
4936.0 , Degree=0
K= 3439
4936.0 , Degree=0
K= 3440
2372.5
K= 3441
4936.0 , Degree=0
K= 3442
2386.0
K= 3443
18.2913371813
K= 3444
4936.0 , Degree=0
K= 3445
144.768194583
K= 3446
4936.0 , Degree=0
K= 3447
2327.5
K= 3448
123.198584584
K= 3449
16.9844932845
K= 3450
4936.0 , Degree=0
K= 3451
4936.0 , Degree=0
K= 3452
4936.0 , Degree=0
K= 3453
347.285950692
K= 3454
2348.0
K= 3455
4936.0 , Degree=0
K= 3456
2327.5
K= 3457
23.5285388404
K= 3458
4936.0 , Degree=0
K= 3459
4936.0 , Degree=0
K= 3460
4936.0 , Degree=0
K= 3461
2516.72574037
K= 3462
4936.0 , Degree=0
K= 3463
4936.0 , Degree=0
K= 3464
16.3333333333
K= 3465
4936.0 , Degree=0
K= 3466
37.1695478596
K= 3467
4936.0 , Degree=0
K= 3468
1791.54438587
K= 3469
4936.0 , Degree=0
K= 3470
44.2406913838
K= 3471
339.949206349
K= 3472
4936.0 , Degree=0
K= 3473
4936.0 , Degree=0
K= 3474
20.7047163652
K= 3475
4936.0 , Degree=0
K= 3476
4936.0 , Degree=0
K= 3477
641.068673869
K= 3478
4936.0 , Degree=0
K= 3479
17.3830971025
K= 3480
4936.0 , Degree=0
K= 3481
141.65920051
K= 3482
4936.0 , Degree=0
K= 3483
4936.0 , Degree=0
K= 3484
32.2272198689
K= 3485
35.057917281
K= 3486
2493.63809524
K= 3487
4936.0 , Degree=0
K= 3488
305.745177045
K= 3489
4936.0 , Degree=0
K= 3490
4751.2020202
K= 3491
1166.99449916
K= 3492
4936.0 , Degree=0
K= 3493
340.653968254
K= 3494
4936.0 , Degree=0
K= 3495
4936.0 , Degree=0
K= 3496
4936.0 , Degree=0
K= 3497
4936.0 , Degree=0
K= 3498
29.7284654302
K= 3499
4936.0 , Degree=0
K= 3500
20.1693464244
K= 3501
227.043091675
K= 3502
4936.0 , Degree=0
K= 3503
4936.0 , Degree=0
K= 3504
4936.0 , Degree=0
K= 3505
4936.0 , Degree=0
K= 3506
2629.0
K= 3507
2453.5
K= 3508
19.0946062911
K= 3509
323.109523809
K= 3510
4936.0 , Degree=0
K= 3511
2285.98313742
K= 3512
2372.5
K= 3513
2622.40436508
K= 3514
25.3917121163
K= 3515
2372.5
K= 3516
111.114346764
K= 3517
13035.7420989
K= 3518
2509.0
K= 3519
27.6446372821
K= 3520
20.8125855236
K= 3521
4936.0 , Degree=0
K= 3522
4784.63636364
K= 3523
4936.0 , Degree=0
K= 3524
275.133647874
K= 3525
2348.0
K= 3526
18.7570137595
K= 3527
4936.0 , Degree=0
K= 3528
21.4141343406
K= 3529
4936.0 , Degree=0
K= 3530
281.864203232
K= 3531
4936.0 , Degree=0
K= 3532
4936.0 , Degree=0
K= 3533
2614.45
K= 3534
2601.16666667
K= 3535
13051.04324
K= 3536
4936.0 , Degree=0
K= 3537
4936.0 , Degree=0
K= 3538
18.6058411412
K= 3539
2585.88930301
K= 3540
13326.5321252
K= 3541
4936.0 , Degree=0
K= 3542
238.501884347
K= 3543
4936.0 , Degree=0
K= 3544
4936.0 , Degree=0
K= 3545
800.452878693
K= 3546
4936.0 , Degree=0
K= 3547
4936.0 , Degree=0
K= 3548
16.8941077571
K= 3549
4936.0 , Degree=0
K= 3550
4936.0 , Degree=0
K= 3551
29.9502618882
K= 3552
2631.2230236
K= 3553
42.4664418444
K= 3554
4936.0 , Degree=0
K= 3555
4936.0 , Degree=0
K= 3556
295.089860344
K= 3557
4936.0 , Degree=0
K= 3558
942.205986275
K= 3559
4935.0
K= 3560
36.7348820568
K= 3561
1799.14626316
K= 3562
36.9605832638
K= 3563
4936.0 , Degree=0
K= 3564
2490.09025789
K= 3565
4936.0 , Degree=0
K= 3566
19.0659118526
K= 3567
4936.0 , Degree=0
K= 3568
2518.63734545
K= 3569
4936.0 , Degree=0
K= 3570
4936.0 , Degree=0
K= 3571
4936.0 , Degree=0
K= 3572
4936.0 , Degree=0
K= 3573
4936.0 , Degree=0
K= 3574
328.571883672
K= 3575
4936.0 , Degree=0
K= 3576
4936.0 , Degree=0
K= 3577
25.8682373434
K= 3578
2313.68369772
K= 3579
50.1362902176
K= 3580
4936.0 , Degree=0
K= 3581
16.7178053829
K= 3582
4936.0 , Degree=0
K= 3583
4936.0 , Degree=0
K= 3584
321.692857143
K= 3585
4936.0 , Degree=0
K= 3586
316.767399267
K= 3587
149.413621619
K= 3588
1795.48188587
K= 3589
14.7238095238
K= 3590
2589.13985321
K= 3591
4936.0 , Degree=0
K= 3592
4936.0 , Degree=0
K= 3593
4936.0 , Degree=0
K= 3594
312.924952216
K= 3595
4936.0 , Degree=0
K= 3596
34.7984611264
K= 3597
4936.0 , Degree=0
K= 3598
4936.0 , Degree=0
K= 3599
18.3998419087
K= 3600
4936.0 , Degree=0
Betweenness Centrality Improvement
[ 0.  0.  0. ...,  0.  0.  0.]
Top 20 BC Improvement
[2745 3265 3124 3228 3540 2682 2907 2434 2602 3053 2496 3192 3535 2645 3517
 3246 2710 2462 2565 2863]
Top 20 BC Improvement
[ 37191.83333333  24680.          24680.          24680.          13326.53212523
  13129.61078576  13105.39171551  13103.75603876  13100.20273254
  13099.63332216  13094.43618785  13051.14691521  13051.04324005
  13038.82139183  13035.7420989    9927.77777778   9872.           9872.
   9872.           9872.        ]
