txValue= 1000000
Input graph
IGRAPH D--- 4619 68733 -- 
+ attr: pub_key (v), base_fee (e), capacity (e), fee_rate (e), txCost (e)
None
Graph after edges deleted
IGRAPH D--- 4619 32193 -- 
+ attr: pub_key (v), base_fee (e), capacity (e), fee_rate (e), txCost (e)
None
Our nodes starting connections: 
(4618, 2796)
(4618, 1223)
(4618, 1163)
(4618, 222)
(4618, 2745)
(4618, 3884)
(4618, 3265)
(4618, 4209)
CurrentBC of our node:  463600.011942
K= 0
59.5438247296
K= 1
45.4650631541
K= 2
35.7842354764
K= 3
121.125986784
K= 4
4936.0 , Degree=0
K= 5
2525.79156162
K= 6
201.225641026
K= 7
36.7948678965
K= 8
2496.66666667
K= 9
19.4385964495
K= 10
4936.0 , Degree=0
K= 11
37.6516797671
K= 12
6829.1
K= 13
62.7264154415
K= 14
21.2046279536
K= 15
175.070665541
K= 16
2276.7
K= 17
4936.0 , Degree=0
K= 18
22.1800217772
K= 19
37.9051255928
K= 20
49.4798821479
K= 21
20.089413028
K= 22
4936.0 , Degree=0
K= 23
4936.0 , Degree=0
K= 24
2490.49550486
K= 25
27.7479678448
K= 26
20.2725078078
K= 27
2292.13333333
K= 28
4936.0 , Degree=0
K= 29
20.2180091784
K= 30
4936.0 , Degree=0
K= 31
4936.0 , Degree=0
K= 32
486.44716484
K= 33
27.8599827016
K= 34
4936.0 , Degree=0
K= 35
15.2833333333
K= 36
4752.37142857
K= 37
17.916296468
K= 38
4936.0 , Degree=0
K= 39
31.6990977487
K= 40
4936.0 , Degree=0
K= 41
4936.0 , Degree=0
K= 42
4936.0 , Degree=0
K= 43
18.097650194
K= 44
4936.0 , Degree=0
K= 45
2495.5
K= 46
4936.0 , Degree=0
K= 47
330.245609323
K= 48
2316.66666667
K= 49
4936.0 , Degree=0
K= 50
30.7582964221
K= 51
4936.0 , Degree=0
K= 52
359.851424964
K= 53
56.663046028
K= 54
43.0303899845
K= 55
4936.0 , Degree=0
K= 56
2332.0
K= 57
4936.0 , Degree=0
K= 58
20.089413028
K= 59
4936.0 , Degree=0
K= 60
318.723649063
K= 61
51.7317305456
K= 62
45.2699316523
K= 63
4936.0 , Degree=0
K= 64
110.45179619
K= 65
4936.0 , Degree=0
K= 66
4055.58884889
K= 67
4936.0 , Degree=0
K= 68
4936.0 , Degree=0
K= 69
359.255555556
K= 70
346.151940526
K= 71
1861.07058511
K= 72
343.547175537
K= 73
2494.10787546
K= 74
24.0268788191
K= 75
27.15683605
K= 76
2341.0
K= 77
2341.0
K= 78
2495.4
K= 79
4936.0 , Degree=0
K= 80
36.2835027169
K= 81
2610.45957875
K= 82
4936.0 , Degree=0
K= 83
4936.0 , Degree=0
K= 84
58.8701593707
K= 85
16.6031553762
K= 86
4936.0 , Degree=0
K= 87
2497.74637681
K= 88
2341.0
K= 89
330.245609323
K= 90
186.473420757
K= 91
1792.64855253
K= 92
3221.97755164
K= 93
2343.36321699
K= 94
4936.0 , Degree=0
K= 95
4936.0 , Degree=0
K= 96
4936.0 , Degree=0
K= 97
2627.90850376
K= 98
21.2879433938
K= 99
19.4285512586
K= 100
2505.63734545
K= 101
2497.58333333
K= 102
17.070756469
K= 103
23.204095798
K= 104
4936.0 , Degree=0
K= 105
4936.0 , Degree=0
K= 106
4936.0 , Degree=0
K= 107
4936.0 , Degree=0
K= 108
2662.2230236
K= 109
4936.0 , Degree=0
K= 110
4936.0 , Degree=0
K= 111
4936.0 , Degree=0
K= 112
4936.0 , Degree=0
K= 113
23.7243589744
K= 114
19.7442108516
K= 115
4936.0 , Degree=0
K= 116
4936.0 , Degree=0
K= 117
2341.0
K= 118
4936.0 , Degree=0
K= 119
19.4807542764
K= 120
1794.02077475
K= 121
2316.66666667
K= 122
4936.0 , Degree=0
K= 123
384.992063492
K= 124
4936.0 , Degree=0
K= 125
4936.0 , Degree=0
K= 126
26.5752919189
K= 127
1792.3192596
K= 128
4936.0 , Degree=0
K= 129
76.4280352726
K= 130
4936.0 , Degree=0
K= 131
4936.0 , Degree=0
K= 132
2526.52489496
K= 133
20.7883628238
K= 134
4936.0 , Degree=0
K= 135
19.6432943231
K= 136
1353.62862747
K= 137
23.291942557
K= 138
12911.6073798
K= 139
1790.77394936
K= 140
349.704195804
K= 141
4936.0 , Degree=0
K= 142
4936.0 , Degree=0
K= 143
58.7335377198
K= 144
4936.0 , Degree=0
K= 145
1797.34425246
K= 146
1790.48188587
K= 147
32.7246003812
K= 148
540.556696756
K= 149
4936.0 , Degree=0
K= 150
4936.0 , Degree=0
K= 151
2497.74242424
K= 152
1884.88251283
K= 153
4936.0 , Degree=0
K= 154
3535.51155405
K= 155
4936.0 , Degree=0
K= 156
142.287654496
K= 157
2283.33333333
K= 158
4936.0 , Degree=0
K= 159
148.628732379
K= 160
2494.64761905
K= 161
4936.0 , Degree=0
K= 162
4936.0 , Degree=0
K= 163
2526.52489496
K= 164
4936.0 , Degree=0
K= 165
4936.0 , Degree=0
K= 166
17.3333333332
K= 167
1795.14855253
K= 168
4936.0 , Degree=0
K= 169
4936.0 , Degree=0
K= 170
4936.0 , Degree=0
K= 171
39.7141842092
K= 172
4936.0 , Degree=0
K= 173
19.7442108516
K= 174
4936.0 , Degree=0
K= 175
99.1162567063
K= 176
4936.0 , Degree=0
K= 177
4744.0
K= 178
4936.0 , Degree=0
K= 179
4936.0 , Degree=0
K= 180
22.7476893357
K= 181
4936.0 , Degree=0
K= 182
26.4559183065
K= 183
88.8088834652
K= 184
24.1844553378
K= 185
4936.0 , Degree=0
K= 186
4936.0 , Degree=0
K= 187
18.5607744238
K= 188
4936.0 , Degree=0
K= 189
26.0738680644
K= 190
2354.66666667
K= 191
4936.0 , Degree=0
K= 192
4936.0 , Degree=0
K= 193
4936.0 , Degree=0
K= 194
32.8217253991
K= 195
4936.0 , Degree=0
K= 196
4936.0 , Degree=0
K= 197
1816.90807634
K= 198
66.8442110798
K= 199
22.0788136778
K= 200
254.22968469
K= 201
2491.56989363
K= 202
62.4626611947
K= 203
4936.0 , Degree=0
K= 204
4936.0 , Degree=0
K= 205
18.5607744238
K= 206
4936.0 , Degree=0
K= 207
1792.3152192
K= 208
23.9666666666
K= 209
4936.0 , Degree=0
K= 210
4936.0 , Degree=0
K= 211
47.5763488892
K= 212
4936.0 , Degree=0
K= 213
17.4999999999
K= 214
4936.0 , Degree=0
K= 215
2354.66666667
K= 216
22.0659118525
K= 217
326.86984127
K= 218
2336.66666667
K= 219
56.7992573717
K= 220
1794.62474301
K= 221
20.1678103924
K= 222
17.1833333333
K= 223
4936.0 , Degree=0
K= 224
4936.0 , Degree=0
K= 225
1791.98188587
K= 226
21.4862689324
K= 227
4936.0 , Degree=0
K= 228
2336.66666667
K= 229
4936.0 , Degree=0
K= 230
357.126579002
K= 231
4936.0 , Degree=0
K= 232
4936.0 , Degree=0
K= 233
2276.20937083
K= 234
53.8545992741
K= 235
370.639883694
K= 236
4936.0 , Degree=0
K= 237
4936.0 , Degree=0
K= 238
365.190396912
K= 239
1837.12972039
K= 240
4936.0 , Degree=0
K= 241
28.365167025
K= 242
39.7466573794
K= 243
4936.0 , Degree=0
K= 244
4936.0 , Degree=0
K= 245
4936.0 , Degree=0
K= 246
2623.92950383
K= 247
4936.0 , Degree=0
K= 248
4936.0 , Degree=0
K= 249
2341.0
K= 250
4936.0 , Degree=0
K= 251
42.6367107262
K= 252
4936.0 , Degree=0
K= 253
424.667192895
K= 254
4936.0 , Degree=0
K= 255
4936.0 , Degree=0
K= 256
25.9483177352
K= 257
346.151940526
K= 258
60.1144330529
K= 259
2450.8300207
K= 260
53.624227961
K= 261
4936.0 , Degree=0
K= 262
4936.0 , Degree=0
K= 263
6834.1
K= 264
4936.0 , Degree=0
K= 265
31.8974527948
K= 266
18.6779396244
K= 267
54.0596691253
K= 268
4936.0 , Degree=0
K= 269
22.9842370393
K= 270
2286.0
K= 271
4936.0 , Degree=0
K= 272
4936.0 , Degree=0
K= 273
4936.0 , Degree=0
K= 274
2490.65098039
K= 275
2274.70261476
K= 276
320.0
K= 277
4936.0 , Degree=0
K= 278
4936.0 , Degree=0
K= 279
2316.66666667
K= 280
4936.0 , Degree=0
K= 281
77.64295996
K= 282
164.946099086
K= 283
4936.0 , Degree=0
K= 284
2671.63809524
K= 285
443.29596875
K= 286
45.421624778
K= 287
27.394573246
K= 288
4936.0 , Degree=0
K= 289
2671.39444444
K= 290
43.9266825871
K= 291
4936.0 , Degree=0
K= 292
4936.0 , Degree=0
K= 293
21.6396052642
K= 294
163.361678133
K= 295
52.1631020273
K= 296
1810.56070468
K= 297
4936.0 , Degree=0
K= 298
4936.0 , Degree=0
K= 299
4936.0 , Degree=0
K= 300
1788.50093348
K= 301
4936.0 , Degree=0
K= 302
1792.48188587
K= 303
4936.0 , Degree=0
K= 304
4936.0 , Degree=0
K= 305
21.8094900628
K= 306
4983.18253968
K= 307
18.9791484166
K= 308
4936.0 , Degree=0
K= 309
188.174180752
K= 310
4936.0 , Degree=0
K= 311
4751.0
K= 312
378.450793651
K= 313
337.110006675
K= 314
4936.0 , Degree=0
K= 315
4936.0 , Degree=0
K= 316
155.914333227
K= 317
4936.0 , Degree=0
K= 318
4936.0 , Degree=0
K= 319
22.8663076044
K= 320
25.1042886382
K= 321
323.066105757
K= 322
4936.0 , Degree=0
K= 323
4936.0 , Degree=0
K= 324
4936.0 , Degree=0
K= 325
4936.0 , Degree=0
K= 326
4936.0 , Degree=0
K= 327
346.91510989
K= 328
42.680113635
K= 329
14.5238095237
K= 330
24.9816399601
K= 331
4936.0 , Degree=0
K= 332
4936.0 , Degree=0
K= 333
17.3333333331
K= 334
4936.0 , Degree=0
K= 335
4936.0 , Degree=0
K= 336
4936.0 , Degree=0
K= 337
353.831890332
K= 338
4936.0 , Degree=0
K= 339
60.1432827808
K= 340
20.089413028
K= 341
12976.3462752
K= 342
4752.66666667
K= 343
1786.4523107
K= 344
23.583513904
K= 345
4936.0 , Degree=0
K= 346
4936.0 , Degree=0
K= 347
2492.81710495
K= 348
4936.0 , Degree=0
K= 349
54.4893307115
K= 350
32.6978401726
K= 351
3253.97569307
K= 352
45.2798819233
K= 353
4936.0 , Degree=0
K= 354
4936.0 , Degree=0
K= 355
4936.0 , Degree=0
K= 356
4753.9047619
K= 357
4936.0 , Degree=0
K= 358
23.1762788066
K= 359
4936.0 , Degree=0
K= 360
188.174180752
K= 361
29.6511219502
K= 362
4936.0 , Degree=0
K= 363
17.4999999999
K= 364
12983.435423
K= 365
359.375
K= 366
4936.0 , Degree=0
K= 367
4936.0 , Degree=0
K= 368
4936.0 , Degree=0
K= 369
23.9615083882
K= 370
4936.0 , Degree=0
K= 371
4936.0 , Degree=0
K= 372
22.6559736384
K= 373
4936.0 , Degree=0
K= 374
4936.0 , Degree=0
K= 375
151.625906802
K= 376
4936.0 , Degree=0
K= 377
162.330350479
K= 378
19.7442108516
K= 379
19.5956752754
K= 380
21.4024616127
K= 381
4936.0 , Degree=0
K= 382
2497.24637681
K= 383
4936.0 , Degree=0
K= 384
243.868192073
K= 385
4936.0 , Degree=0
K= 386
2494.69761905
K= 387
2505.63734545
K= 388
1797.28303373
K= 389
4936.0 , Degree=0
K= 390
31.2478303428
K= 391
4936.0 , Degree=0
K= 392
2283.68517322
K= 393
21.6299827081
K= 394
4936.0 , Degree=0
K= 395
4936.0 , Degree=0
K= 396
49.3657216407
K= 397
4936.0 , Degree=0
K= 398
4936.0 , Degree=0
K= 399
402.863095238
K= 400
4936.0 , Degree=0
K= 401
28.8918041573
K= 402
4936.0 , Degree=0
K= 403
2495.41666667
K= 404
4936.0 , Degree=0
K= 405
4936.0 , Degree=0
K= 406
4936.0 , Degree=0
K= 407
4936.0 , Degree=0
K= 408
12409.4
K= 409
4936.0 , Degree=0
K= 410
4936.0 , Degree=0
K= 411
4936.0 , Degree=0
K= 412
4936.0 , Degree=0
K= 413
4936.0 , Degree=0
K= 414
20.2414538033
K= 415
53.9285433529
K= 416
2488.38734545
K= 417
229.976190476
K= 418
4936.0 , Degree=0
K= 419
12970.9745744
K= 420
76.2871249949
K= 421
2523.01269564
K= 422
153.444635486
K= 423
4936.0 , Degree=0
K= 424
4936.0 , Degree=0
K= 425
4936.0 , Degree=0
K= 426
366.426487522
K= 427
4936.0 , Degree=0
K= 428
4936.0 , Degree=0
K= 429
27.6848414448
K= 430
52.9469866275
K= 431
4936.0 , Degree=0
K= 432
41.7699198297
K= 433
1792.2152192
K= 434
4936.0 , Degree=0
K= 435
4936.0 , Degree=0
K= 436
4936.0 , Degree=0
K= 437
4936.0 , Degree=0
K= 438
18.5028438444
K= 439
4936.0 , Degree=0
K= 440
4936.0 , Degree=0
K= 441
2671.63809524
K= 442
18.7612729577
K= 443
4936.0 , Degree=0
K= 444
57.5098891508
K= 445
4936.0 , Degree=0
K= 446
4936.0 , Degree=0
K= 447
4936.0 , Degree=0
K= 448
16.1119047619
K= 449
2296.0
K= 450
4936.0 , Degree=0
K= 451
4936.0 , Degree=0
K= 452
24.9066563736
K= 453
2477.61904762
K= 454
249.113810476
K= 455
4936.0 , Degree=0
K= 456
4936.0 , Degree=0
K= 457
354.523180999
K= 458
4936.0 , Degree=0
K= 459
4936.0 , Degree=0
K= 460
4936.0 , Degree=0
K= 461
4936.0 , Degree=0
K= 462
4936.0 , Degree=0
K= 463
2497.24637681
K= 464
4936.0 , Degree=0
K= 465
18.5607744238
K= 466
424.93992674
K= 467
142.65054945
K= 468
4936.0 , Degree=0
K= 469
20.2725078078
K= 470
91.8461516577
K= 471
25.0866090701
K= 472
1789.61283825
K= 473
40.6612864138
K= 474
20.7612729576
K= 475
4936.0 , Degree=0
K= 476
4936.0 , Degree=0
K= 477
4936.0 , Degree=0
K= 478
3221.97755164
K= 479
4936.0 , Degree=0
K= 480
108.572999866
K= 481
4936.0 , Degree=0
K= 482
4936.0 , Degree=0
K= 483
2276.7
K= 484
1816.19471646
K= 485
4936.0 , Degree=0
K= 486
4936.0 , Degree=0
K= 487
1809.57740363
K= 488
3048.39421831
K= 489
4936.0 , Degree=0
K= 490
4936.0 , Degree=0
K= 491
4936.0 , Degree=0
K= 492
2341.0
K= 493
4936.0 , Degree=0
K= 494
13.4809523809
K= 495
4936.0 , Degree=0
K= 496
4936.0 , Degree=0
K= 497
367.978571428
K= 498
12444.6666667
K= 499
4936.0 , Degree=0
K= 500
18.0714285712
K= 501
2518.99371014
K= 502
14.6999999999
K= 503
2490.14285714
K= 504
330.245609323
K= 505
4936.0 , Degree=0
K= 506
4936.0 , Degree=0
K= 507
2276.7
K= 508
4936.0 , Degree=0
K= 509
346.151940526
K= 510
330.245609323
K= 511
4936.0 , Degree=0
K= 512
4936.0 , Degree=0
K= 513
2296.0
K= 514
1554.91201087
K= 515
42.6283187845
K= 516
4936.0 , Degree=0
K= 517
23.9735633635
K= 518
4936.0 , Degree=0
K= 519
2275.0
K= 520
2494.91304348
K= 521
4936.0 , Degree=0
K= 522
2610.45957875
K= 523
4936.0 , Degree=0
K= 524
143.868762437
K= 525
4936.0 , Degree=0
K= 526
4936.0 , Degree=0
K= 527
268.896719947
K= 528
2648.36565041
K= 529
336.5
K= 530
21.4862689324
K= 531
4936.0 , Degree=0
K= 532
4936.0 , Degree=0
K= 533
57.5655964336
K= 534
4936.0 , Degree=0
K= 535
4936.0 , Degree=0
K= 536
4936.0 , Degree=0
K= 537
21.3559818707
K= 538
353.169701751
K= 539
2274.0
K= 540
41.2188052151
K= 541
2505.63734545
K= 542
16.1666666665
K= 543
4936.0 , Degree=0
K= 544
4936.0 , Degree=0
K= 545
4936.0 , Degree=0
K= 546
45.4028811929
K= 547
3221.97755164
K= 548
1918.93159759
K= 549
2283.33333333
K= 550
40.9680570146
K= 551
4936.0 , Degree=0
K= 552
4936.0 , Degree=0
K= 553
4753.0
K= 554
4936.0 , Degree=0
K= 555
356.475960749
K= 556
130.894993144
K= 557
4936.0 , Degree=0
K= 558
349.897192622
K= 559
4936.0 , Degree=0
K= 560
4936.0 , Degree=0
K= 561
262.444444444
K= 562
362.294426034
K= 563
4936.0 , Degree=0
K= 564
2658.81666667
K= 565
372.882178932
K= 566
4936.0 , Degree=0
K= 567
93.1286744284
K= 568
4936.0 , Degree=0
K= 569
64.8877532501
K= 570
291.862240537
K= 571
4936.0 , Degree=0
K= 572
153.186785247
K= 573
4936.0 , Degree=0
K= 574
4936.0 , Degree=0
K= 575
348.975684138
K= 576
4936.0 , Degree=0
K= 577
22.3809523807
K= 578
4936.0 , Degree=0
K= 579
4936.0 , Degree=0
K= 580
37.7733312935
K= 581
48.8401507928
K= 582
4936.0 , Degree=0
K= 583
38.0047619046
K= 584
4936.0 , Degree=0
K= 585
4936.0 , Degree=0
K= 586
4936.0 , Degree=0
K= 587
4936.0 , Degree=0
K= 588
4936.0 , Degree=0
K= 589
47.8499566342
K= 590
4936.0 , Degree=0
K= 591
2649.70295436
K= 592
4936.0 , Degree=0
K= 593
4936.0 , Degree=0
K= 594
4740.88571429
K= 595
4936.0 , Degree=0
K= 596
21.3992451858
K= 597
4936.0 , Degree=0
K= 598
26.5718160388
K= 599
1525.34529681
K= 600
2497.74637681
K= 601
351.957149998
K= 602
4936.0 , Degree=0
K= 603
4936.0 , Degree=0
K= 604
330.600231376
K= 605
2497.24242424
K= 606
2613.17993043
K= 607
2341.0
K= 608
18.4319936284
K= 609
163.160240775
K= 610
4936.0 , Degree=0
K= 611
4936.0 , Degree=0
K= 612
2489.21316941
K= 613
368.109132899
K= 614
4936.0 , Degree=0
K= 615
4936.0 , Degree=0
K= 616
4936.0 , Degree=0
K= 617
20.0991829415
K= 618
22.4573100939
K= 619
4936.0 , Degree=0
K= 620
4936.0 , Degree=0
K= 621
315.555919095
K= 622
21.630838175
K= 623
153.318297321
K= 624
4936.0 , Degree=0
K= 625
4936.0 , Degree=0
K= 626
4936.0 , Degree=0
K= 627
20.2440978302
K= 628
4936.0 , Degree=0
K= 629
4936.0 , Degree=0
K= 630
4760.0
K= 631
4936.0 , Degree=0
K= 632
4936.0 , Degree=0
K= 633
4936.0 , Degree=0
K= 634
4936.0 , Degree=0
K= 635
4936.0 , Degree=0
K= 636
4936.0 , Degree=0
K= 637
1830.38297289
K= 638
4936.0 , Degree=0
K= 639
2641.21944097
K= 640
2505.63734545
K= 641
4936.0 , Degree=0
K= 642
31.6877400267
K= 643
1786.8152192
K= 644
4936.0 , Degree=0
K= 645
4936.0 , Degree=0
K= 646
265.585477166
K= 647
4936.0 , Degree=0
K= 648
4936.0 , Degree=0
K= 649
4936.0 , Degree=0
K= 650
4936.0 , Degree=0
K= 651
378.872138159
K= 652
1887.498447
K= 653
4936.0 , Degree=0
K= 654
2622.9287851
K= 655
2341.0
K= 656
4936.0 , Degree=0
K= 657
2276.34308613
K= 658
20.9577484729
K= 659
4936.0 , Degree=0
K= 660
4936.0 , Degree=0
K= 661
4936.0 , Degree=0
K= 662
4936.0 , Degree=0
K= 663
1958.9960926
K= 664
4936.0 , Degree=0
K= 665
4936.0 , Degree=0
K= 666
4936.0 , Degree=0
K= 667
4936.0 , Degree=0
K= 668
4936.0 , Degree=0
K= 669
26.9379612869
K= 670
2281.47583047
K= 671
4936.0 , Degree=0
K= 672
356.776190476
K= 673
26.5071921941
K= 674
90.2460586582
K= 675
47.2425854747
K= 676
4936.0 , Degree=0
K= 677
4936.0 , Degree=0
K= 678
411.157142857
K= 679
4936.0 , Degree=0
K= 680
4936.0 , Degree=0
K= 681
2495.66666667
K= 682
47.4464016816
K= 683
4936.0 , Degree=0
K= 684
4936.0 , Degree=0
K= 685
4936.0 , Degree=0
K= 686
19.2602509612
K= 687
150.460341356
K= 688
4936.0 , Degree=0
K= 689
135.082037294
K= 690
4936.0 , Degree=0
K= 691
2663.52619048
K= 692
21.6890478201
K= 693
4936.0 , Degree=0
K= 694
17.3333333332
K= 695
1796.88595085
K= 696
4936.0 , Degree=0
K= 697
12935.5168697
K= 698
4936.0 , Degree=0
K= 699
4936.0 , Degree=0
K= 700
4936.0 , Degree=0
K= 701
2274.0
K= 702
2494.66666667
K= 703
37.1704688302
K= 704
4936.0 , Degree=0
K= 705
305.868392718
K= 706
3221.97755164
K= 707
4936.0 , Degree=0
K= 708
330.245609323
K= 709
17.8868891639
K= 710
4936.0 , Degree=0
K= 711
20.7612729576
K= 712
4936.0 , Degree=0
K= 713
62.4500806438
K= 714
4936.0 , Degree=0
K= 715
4936.0 , Degree=0
K= 716
17.6666666665
K= 717
4936.0 , Degree=0
K= 718
7501.96969697
K= 719
26.0468612725
K= 720
48.7458457951
K= 721
2276.07087752
K= 722
32.4279744918
K= 723
390.626753802
K= 724
9963.6
K= 725
4936.0 , Degree=0
K= 726
4726.0
K= 727
2296.0
K= 728
4936.0 , Degree=0
K= 729
4936.0 , Degree=0
K= 730
16.9999999999
K= 731
4936.0 , Degree=0
K= 732
2626.32520789
K= 733
4936.0 , Degree=0
K= 734
24.5599063282
K= 735
2493.10886497
K= 736
4936.0 , Degree=0
K= 737
4936.0 , Degree=0
K= 738
4936.0 , Degree=0
K= 739
4864.0
K= 740
4936.0 , Degree=0
K= 741
18.9607744237
K= 742
2523.53281148
K= 743
32.9074302727
K= 744
4936.0 , Degree=0
K= 745
2495.3047619
K= 746
31.9741551336
K= 747
4936.0 , Degree=0
K= 748
4936.0 , Degree=0
K= 749
4936.0 , Degree=0
K= 750
26.0254241794
K= 751
27.4230870932
K= 752
253.41227599
K= 753
4936.0 , Degree=0
K= 754
12977.6296819
K= 755
4936.0 , Degree=0
K= 756
330.791063869
K= 757
4936.0 , Degree=0
K= 758
4936.0 , Degree=0
K= 759
264.638457837
K= 760
327.867375448
K= 761
4936.0 , Degree=0
K= 762
4936.0 , Degree=0
K= 763
4936.0 , Degree=0
K= 764
4936.0 , Degree=0
K= 765
73.4009910722
K= 766
4936.0 , Degree=0
K= 767
4936.0 , Degree=0
K= 768
4936.0 , Degree=0
K= 769
24.5998168499
K= 770
4936.0 , Degree=0
K= 771
2519.97821068
K= 772
22.9290086087
K= 773
4936.0 , Degree=0
K= 774
47.8873744773
K= 775
4936.0 , Degree=0
K= 776
2316.66666667
K= 777
4936.0 , Degree=0
K= 778
288.516071428
K= 779
4936.0 , Degree=0
K= 780
25.0915668868
K= 781
2371.0
K= 782
4936.0 , Degree=0
K= 783
31.3151777118
K= 784
4936.0 , Degree=0
K= 785
4936.0 , Degree=0
K= 786
4936.0 , Degree=0
K= 787
4936.0 , Degree=0
K= 788
69.7982143396
K= 789
42.8684897923
K= 790
62.9325803087
K= 791
4936.0 , Degree=0
K= 792
4757.52564103
K= 793
4936.0 , Degree=0
K= 794
13.9720617618
K= 795
4936.0 , Degree=0
K= 796
299.440660362
K= 797
12593.9320568
K= 798
4936.0 , Degree=0
K= 799
4936.0 , Degree=0
K= 800
303.124048378
K= 801
4936.0 , Degree=0
K= 802
4936.0 , Degree=0
K= 803
2317.66666667
K= 804
2490.14293854
K= 805
17.1666666665
K= 806
31.435842109
K= 807
265.290992702
K= 808
4936.0 , Degree=0
K= 809
2496.5
K= 810
4936.0 , Degree=0
K= 811
4936.0 , Degree=0
K= 812
18.7934277214
K= 813
4936.0 , Degree=0
K= 814
4936.0 , Degree=0
K= 815
4936.0 , Degree=0
K= 816
129.041122603
K= 817
4936.0 , Degree=0
K= 818
9913.83840061
K= 819
2518.54637021
K= 820
4936.0 , Degree=0
K= 821
4936.0 , Degree=0
K= 822
4936.0 , Degree=0
K= 823
27.53697479
K= 824
4936.0 , Degree=0
K= 825
2316.66666667
K= 826
4936.0 , Degree=0
K= 827
4936.0 , Degree=0
K= 828
31.030582057
K= 829
140.303780974
K= 830
4751.0
K= 831
4936.0 , Degree=0
K= 832
17.3333333331
K= 833
4936.0 , Degree=0
K= 834
18.9717476966
K= 835
4936.0 , Degree=0
K= 836
4753.0
K= 837
41.5678790038
K= 838
59.2932670051
K= 839
42.5328090616
K= 840
4753.33333333
K= 841
2271.0
K= 842
352.149350649
K= 843
153.17137232
K= 844
2491.53826969
K= 845
4936.0 , Degree=0
K= 846
24.3967942442
K= 847
4936.0 , Degree=0
K= 848
346.011037059
K= 849
4936.0 , Degree=0
K= 850
4936.0 , Degree=0
K= 851
313.285714286
K= 852
19.6901693833
K= 853
7578.2707091
K= 854
12926.8829729
K= 855
4936.0 , Degree=0
K= 856
42.4036987425
K= 857
189.76116788
K= 858
4936.0 , Degree=0
K= 859
2341.0
K= 860
85.9890040367
K= 861
4936.0 , Degree=0
K= 862
4936.0 , Degree=0
K= 863
28.8635111345
K= 864
19.6901693833
K= 865
4936.0 , Degree=0
K= 866
4936.0 , Degree=0
K= 867
2277.33364875
K= 868
4936.0 , Degree=0
K= 869
2495.29399586
K= 870
4936.0 , Degree=0
K= 871
1847.33692883
K= 872
4744.0
K= 873
4936.0 , Degree=0
K= 874
4936.0 , Degree=0
K= 875
4936.0 , Degree=0
K= 876
4936.0 , Degree=0
K= 877
407.787301587
K= 878
4936.0 , Degree=0
K= 879
4936.0 , Degree=0
K= 880
1797.94668332
K= 881
4936.0 , Degree=0
K= 882
20.3910780865
K= 883
4936.0 , Degree=0
K= 884
4936.0 , Degree=0
K= 885
344.213842203
K= 886
328.226190476
K= 887
4936.0 , Degree=0
K= 888
4936.0 , Degree=0
K= 889
41.8880533465
K= 890
19.3127107602
K= 891
1801.27111405
K= 892
1788.72214561
K= 893
4936.0 , Degree=0
K= 894
4936.0 , Degree=0
K= 895
2649.15
K= 896
4936.0 , Degree=0
K= 897
2341.0
K= 898
2665.96111111
K= 899
4936.0 , Degree=0
K= 900
68.8858134296
K= 901
4936.0 , Degree=0
K= 902
2316.66666667
K= 903
4936.0 , Degree=0
K= 904
4936.0 , Degree=0
K= 905
1826.40025358
K= 906
4936.0 , Degree=0
K= 907
32.7149270762
K= 908
20.1886271086
K= 909
4936.0 , Degree=0
K= 910
39.6056412294
K= 911
4936.0 , Degree=0
K= 912
368.870523725
K= 913
4936.0 , Degree=0
K= 914
4748.33333333
K= 915
139.285822381
K= 916
4936.0 , Degree=0
K= 917
4936.0 , Degree=0
K= 918
2526.52489496
K= 919
2505.08737374
K= 920
17.3553596439
K= 921
2622.9287851
K= 922
4936.0 , Degree=0
K= 923
4936.0 , Degree=0
K= 924
4936.0 , Degree=0
K= 925
17.8264194678
K= 926
19.7442108516
K= 927
1788.47531772
K= 928
179.757379222
K= 929
4936.0 , Degree=0
K= 930
239.714192114
K= 931
20.2402433932
K= 932
24.2313124618
K= 933
136.696942463
K= 934
4936.0 , Degree=0
K= 935
17.070756469
K= 936
4936.0 , Degree=0
K= 937
64.4196062902
K= 938
4936.0 , Degree=0
K= 939
4760.0
K= 940
4936.0 , Degree=0
K= 941
4936.0 , Degree=0
K= 942
4936.0 , Degree=0
K= 943
4936.0 , Degree=0
K= 944
2658.59586706
K= 945
2274.5
K= 946
4936.0 , Degree=0
K= 947
39.0324635563
K= 948
4936.0 , Degree=0
K= 949
4936.0 , Degree=0
K= 950
20.0597717581
K= 951
57.4363060513
K= 952
2510.62348428
K= 953
4936.0 , Degree=0
K= 954
2341.0
K= 955
4936.0 , Degree=0
K= 956
4936.0 , Degree=0
K= 957
2497.74242424
K= 958
1791.98188587
K= 959
69.0211510593
K= 960
379.901717172
K= 961
4936.0 , Degree=0
K= 962
4936.0 , Degree=0
K= 963
16.1666666665
K= 964
4936.0 , Degree=0
K= 965
4936.0 , Degree=0
K= 966
2354.66666667
K= 967
4936.0 , Degree=0
K= 968
2531.96765774
K= 969
2283.33333333
K= 970
42.726084836
K= 971
143.968262162
K= 972
4936.0 , Degree=0
K= 973
4936.0 , Degree=0
K= 974
2341.0
K= 975
2341.0
K= 976
4936.0 , Degree=0
K= 977
21.1258142405
K= 978
4936.0 , Degree=0
K= 979
61.1442623186
K= 980
4936.0 , Degree=0
K= 981
4936.0 , Degree=0
K= 982
21.5289895114
K= 983
4936.0 , Degree=0
K= 984
233.079535605
K= 985
4936.0 , Degree=0
K= 986
4936.0 , Degree=0
K= 987
938.545128714
K= 988
2274.0
K= 989
4936.0 , Degree=0
K= 990
4936.0 , Degree=0
K= 991
26.1884559732
K= 992
4936.0 , Degree=0
K= 993
1815.90807634
K= 994
4936.0 , Degree=0
K= 995
96.2807692748
K= 996
4936.0 , Degree=0
K= 997
48.7222845676
K= 998
2497.5
K= 999
4936.0 , Degree=0
K= 1000
4936.0 , Degree=0
K= 1001
4936.0 , Degree=0
K= 1002
4936.0 , Degree=0
K= 1003
253.245454545
K= 1004
20.7612729576
K= 1005
372.099335795
K= 1006
119.176733097
K= 1007
1802.83421271
K= 1008
31.1723205997
K= 1009
4936.0 , Degree=0
K= 1010
4936.0 , Degree=0
K= 1011
6824.1
K= 1012
1830.31089053
K= 1013
4936.0 , Degree=0
K= 1014
1795.71574316
K= 1015
4752.66666667
K= 1016
20.6186774204
K= 1017
4936.0 , Degree=0
K= 1018
4936.0 , Degree=0
K= 1019
4936.0 , Degree=0
K= 1020
2505.63734545
K= 1021
4936.0 , Degree=0
K= 1022
4936.0 , Degree=0
K= 1023
2341.0
K= 1024
1790.98188587
K= 1025
4936.0 , Degree=0
K= 1026
2495.41666667
K= 1027
4936.0 , Degree=0
K= 1028
1790.3152192
K= 1029
4936.0 , Degree=0
K= 1030
1967.22976801
K= 1031
2671.6
K= 1032
20.089413028
K= 1033
4936.0 , Degree=0
K= 1034
45.8825130807
K= 1035
4936.0 , Degree=0
K= 1036
23.1353520509
K= 1037
4487.81818182
K= 1038
46.3598761466
K= 1039
12599.0
K= 1040
1817.30807634
K= 1041
4753.5
K= 1042
23.4957619397
K= 1043
4936.0 , Degree=0
K= 1044
2676.5
K= 1045
2505.08737374
K= 1046
4936.0 , Degree=0
K= 1047
325.793841625
K= 1048
2491.51049192
K= 1049
139.348690199
K= 1050
4936.0 , Degree=0
K= 1051
4936.0 , Degree=0
K= 1052
4936.0 , Degree=0
K= 1053
29.793364829
K= 1054
1798.7329109
K= 1055
4936.0 , Degree=0
K= 1056
4936.0 , Degree=0
K= 1057
4936.0 , Degree=0
K= 1058
769.322556855
K= 1059
25.172673337
K= 1060
20.4389530547
K= 1061
64.850877819
K= 1062
20.1435558305
K= 1063
2219.42822635
K= 1064
44.4069609843
K= 1065
4936.0 , Degree=0
K= 1066
4936.0 , Degree=0
K= 1067
4936.0 , Degree=0
K= 1068
19.8119579285
K= 1069
2316.66666667
K= 1070
36.7549651921
K= 1071
4936.0 , Degree=0
K= 1072
2619.47623407
K= 1073
4936.0 , Degree=0
K= 1074
2492.88888889
K= 1075
4936.0 , Degree=0
K= 1076
27.1414842974
K= 1077
4936.0 , Degree=0
K= 1078
17.1666666665
K= 1079
4936.0 , Degree=0
K= 1080
4487.81818182
K= 1081
20.2300823068
K= 1082
4936.0 , Degree=0
K= 1083
2341.0
K= 1084
4936.0 , Degree=0
K= 1085
19.8760374987
K= 1086
368.908882711
K= 1087
4936.0 , Degree=0
K= 1088
19.6901693833
K= 1089
4936.0 , Degree=0
K= 1090
361.731865947
K= 1091
43.0406222307
K= 1092
59.314306467
K= 1093
4936.0 , Degree=0
K= 1094
1797.94668332
K= 1095
4936.0 , Degree=0
K= 1096
4936.0 , Degree=0
K= 1097
4936.0 , Degree=0
K= 1098
4936.0 , Degree=0
K= 1099
4936.0 , Degree=0
K= 1100
41.9288861387
K= 1101
257.34449996
K= 1102
2315.66666667
K= 1103
4936.0 , Degree=0
K= 1104
190.399008633
K= 1105
4936.0 , Degree=0
K= 1106
23.8205685994
K= 1107
4936.0 , Degree=0
K= 1108
4936.0 , Degree=0
K= 1109
4936.0 , Degree=0
K= 1110
36.6612729579
K= 1111
4936.0 , Degree=0
K= 1112
4936.0 , Degree=0
K= 1113
1812.55136999
K= 1114
4936.0 , Degree=0
K= 1115
18.2218307226
K= 1116
4936.0 , Degree=0
K= 1117
25.2928432634
K= 1118
54.7856862101
K= 1119
4753.5
K= 1120
4936.0 , Degree=0
K= 1121
4759.5
K= 1122
1870.41912646
K= 1123
4936.0 , Degree=0
K= 1124
4690.65454545
K= 1125
4936.0 , Degree=0
K= 1126
53.7198659092
K= 1127
2497.16666667
K= 1128
4936.0 , Degree=0
K= 1129
4936.0 , Degree=0
K= 1130
2270.9
K= 1131
4936.0 , Degree=0
K= 1132
223.939777135
K= 1133
4936.0 , Degree=0
K= 1134
4936.0 , Degree=0
K= 1135
4752.82608696
K= 1136
2341.0
K= 1137
4936.0 , Degree=0
K= 1138
2632.16666667
K= 1139
4749.33333333
K= 1140
2497.66666667
K= 1141
256.831890332
K= 1142
4748.86666667
K= 1143
4936.0 , Degree=0
K= 1144
4936.0 , Degree=0
K= 1145
2296.0
K= 1146
4936.0 , Degree=0
K= 1147
61.9256584676
K= 1148
4936.0 , Degree=0
K= 1149
4753.5
K= 1150
1785.40905673
K= 1151
4936.0 , Degree=0
K= 1152
4752.81818182
K= 1153
4936.0 , Degree=0
K= 1154
4936.0 , Degree=0
K= 1155
1793.48188587
K= 1156
285.265531203
K= 1157
2439.98809524
K= 1158
2474.45512821
K= 1159
4936.0 , Degree=0
K= 1160
4750.0
K= 1161
20.1435558304
K= 1162
348.729319504
K= 1163
35.6123376624
K= 1164
261.106306756
K= 1165
4936.0 , Degree=0
K= 1166
33.5680471733
K= 1167
225.222222222
K= 1168
65.861406603
K= 1169
274.706962482
K= 1170
2505.63734545
K= 1171
4936.0 , Degree=0
K= 1172
4936.0 , Degree=0
K= 1173
2627.99540149
K= 1174
305.495600633
K= 1175
4936.0 , Degree=0
K= 1176
4936.0 , Degree=0
K= 1177
4936.0 , Degree=0
K= 1178
2671.17971014
K= 1179
364.63267926
K= 1180
24.5363901997
K= 1181
4936.0 , Degree=0
K= 1182
26.0496767794
K= 1183
4936.0 , Degree=0
K= 1184
4691.0
K= 1185
4936.0 , Degree=0
K= 1186
473.747588522
K= 1187
46.3022886565
K= 1188
2497.74637681
K= 1189
4754.63636364
K= 1190
68.9843297281
K= 1191
4936.0 , Degree=0
K= 1192
364.513283938
K= 1193
4936.0 , Degree=0
K= 1194
286.667975892
K= 1195
1895.25650022
K= 1196
4936.0 , Degree=0
K= 1197
57.5655964336
K= 1198
19.5225733139
K= 1199
4985.86262626
K= 1200
4936.0 , Degree=0
Betweenness Centrality Improvement
[ 59.54382473  45.46506315  35.78423548 ...,   0.           0.           0.        ]
Top 20 BC Improvement
[ 364  754  341  419  697  854  138 1039  797  498  408  724  818  853  718
  263   12 1011 1199  306]
Top 20 BC Improvement
[ 12983.43542295  12977.62968188  12976.34627522  12970.97457445
  12935.51686969  12926.88297291  12911.60737979  12599.          12593.93205683
  12444.66666667  12409.4          9963.6          9913.83840061
   7578.2707091    7501.96969697   6834.1          6829.1          6824.1
   4985.86262626   4983.18253968]
