txValue= 1000000
Input graph
IGRAPH D--- 4619 68733 -- 
+ attr: pub_key (v), base_fee (e), capacity (e), fee_rate (e), txCost (e)
None
Graph after edges deleted
IGRAPH D--- 4619 32193 -- 
+ attr: pub_key (v), base_fee (e), capacity (e), fee_rate (e), txCost (e)
None
Our nodes starting connections: 
(4618, 2796)
(4618, 1223)
(4618, 1163)
(4618, 222)
(4618, 2745)
(4618, 3884)
(4618, 3265)
(4618, 4209)
(4618, 2087)
(4618, 3540)
(4618, 3690)
(4618, 1039)
(4618, 797)
(4618, 498)
(4618, 4384)
(4618, 408)
(4618, 1440)
(4618, 724)
CurrentBC of our node:  596457.689497
K= 3600
4936.0 , Degree=0
K= 3601
18.85
K= 3602
4936.0 , Degree=0
K= 3603
2247.75
K= 3604
4936.0 , Degree=0
K= 3605
4936.0 , Degree=0
K= 3606
4936.0 , Degree=0
K= 3607
8.0
K= 3608
4936.0 , Degree=0
K= 3609
15.8690809191
K= 3610
4936.0 , Degree=0
K= 3611
2538.89494594
K= 3612
4936.0 , Degree=0
K= 3613
4936.0 , Degree=0
K= 3614
9.39548229531
K= 3615
2616.0
K= 3616
2490.59047619
K= 3617
4936.0 , Degree=0
K= 3618
15.4625816992
K= 3619
4936.0 , Degree=0
K= 3620
20.280952381
K= 3621
4936.0 , Degree=0
K= 3622
4936.0 , Degree=0
K= 3623
4936.0 , Degree=0
K= 3624
4936.0 , Degree=0
K= 3625
32.9887224395
K= 3626
4936.0 , Degree=0
K= 3627
4936.0 , Degree=0
K= 3628
2670.83376751
K= 3629
4936.0 , Degree=0
K= 3630
9.96190476173
K= 3631
4936.0 , Degree=0
K= 3632
4936.0 , Degree=0
K= 3633
17.1
K= 3634
4936.0 , Degree=0
K= 3635
4936.0 , Degree=0
K= 3636
31.4362637363
K= 3637
31.4362637365
K= 3638
10.3987834074
K= 3639
4936.0 , Degree=0
K= 3640
2691.54444444
K= 3641
2484.99295657
K= 3642
14.0455970691
K= 3643
4936.0 , Degree=0
K= 3644
16.9619047617
K= 3645
20.1
K= 3646
4936.0 , Degree=0
K= 3647
202.142186221
K= 3648
4936.0 , Degree=0
K= 3649
2637.83531746
K= 3650
4936.0 , Degree=0
K= 3651
4936.0 , Degree=0
K= 3652
4936.0 , Degree=0
K= 3653
106.135882173
K= 3654
4936.0 , Degree=0
K= 3655
4936.0 , Degree=0
K= 3656
4936.0 , Degree=0
K= 3657
4699.0
K= 3658
2293.75
K= 3659
205.359684465
K= 3660
4936.0 , Degree=0
K= 3661
16.1928904428
K= 3662
4936.0 , Degree=0
K= 3663
4936.0 , Degree=0
K= 3664
4936.0 , Degree=0
K= 3665
16.8285714284
K= 3666
31.4362637365
K= 3667
4936.0 , Degree=0
K= 3668
4936.0 , Degree=0
K= 3669
2489.60844156
K= 3670
34.2142857143
K= 3671
2669.66190476
K= 3672
212.182473082
K= 3673
4936.0 , Degree=0
K= 3674
2622.0
K= 3675
4936.0 , Degree=0
K= 3676
4936.0 , Degree=0
K= 3677
12.6874999999
K= 3678
2221.36111111
K= 3679
4936.0 , Degree=0
K= 3680
13.9055555555
K= 3681
16.9238095237
K= 3682
4936.0 , Degree=0
K= 3683
2225.0
K= 3684
21.271011396
K= 3685
4936.0 , Degree=0
K= 3686
20.2805555555
K= 3687
2607.0
K= 3688
4936.0 , Degree=0
K= 3689
17.446153846
K= 3690
0.0
K= 3691
2599.77874054
K= 3692
2657.87784091
K= 3693
2293.75
K= 3694
19.6138888889
K= 3695
3983.68421993
K= 3696
21.5282060102
K= 3697
4936.0 , Degree=0
K= 3698
4936.0 , Degree=0
K= 3699
11.9064192342
K= 3700
4936.0 , Degree=0
K= 3701
4936.0 , Degree=0
K= 3702
4936.0 , Degree=0
K= 3703
303.454992831
K= 3704
17.9619047617
K= 3705
4936.0 , Degree=0
K= 3706
4936.0 , Degree=0
K= 3707
4936.0 , Degree=0
K= 3708
4936.0 , Degree=0
K= 3709
11.6423881672
K= 3710
2652.2481203
K= 3711
2481.48939394
K= 3712
2682.42261905
K= 3713
2490.52510822
K= 3714
4936.0 , Degree=0
K= 3715
2643.77874054
K= 3716
14.5416666664
K= 3717
4936.0 , Degree=0
K= 3718
17.6071428572
K= 3719
4936.0 , Degree=0
K= 3720
46.7357142855
K= 3721
20.2666666666
K= 3722
4936.0 , Degree=0
K= 3723
397.7
K= 3724
2572.1905909
K= 3725
4936.0 , Degree=0
K= 3726
2662.20248936
K= 3727
2566.23171517
K= 3728
2222.0
K= 3729
2671.3047619
K= 3730
20.280952381
K= 3731
12.5758636787
K= 3732
4936.0 , Degree=0
K= 3733
4936.0 , Degree=0
K= 3734
4936.0 , Degree=0
K= 3735
170.62990245
K= 3736
4936.0 , Degree=0
K= 3737
2643.66190476
K= 3738
4936.0 , Degree=0
K= 3739
4936.0 , Degree=0
K= 3740
4936.0 , Degree=0
K= 3741
4936.0 , Degree=0
K= 3742
12.6
K= 3743
4936.0 , Degree=0
K= 3744
2266.66666667
K= 3745
22.8333333333
K= 3746
125.40703805
K= 3747
12.4619047617
K= 3748
15.2083333331
K= 3749
185.570548497
K= 3750
2490.96190476
K= 3751
4936.0 , Degree=0
K= 3752
15.9786047285
K= 3753
4936.0 , Degree=0
K= 3754
2707.65714286
K= 3755
4936.0 , Degree=0
K= 3756
18.4619047617
K= 3757
4936.0 , Degree=0
K= 3758
4936.0 , Degree=0
K= 3759
2299.0
K= 3760
135.330438583
K= 3761
4936.0 , Degree=0
K= 3762
36.3166666668
K= 3763
4936.0 , Degree=0
K= 3764
4936.0 , Degree=0
K= 3765
8.41728001263
K= 3766
4936.0 , Degree=0
K= 3767
4936.0 , Degree=0
K= 3768
11.795238095
K= 3769
2514.00744036
K= 3770
19.5999999999
K= 3771
13.6222222222
K= 3772
19.5999999999
K= 3773
4936.0 , Degree=0
K= 3774
4936.0 , Degree=0
K= 3775
2223.84156863
K= 3776
144.0
K= 3777
2494.26666667
K= 3778
4936.0 , Degree=0
K= 3779
19.7666666666
K= 3780
184.608665778
K= 3781
4936.0 , Degree=0
K= 3782
2266.66666667
K= 3783
2226.0
K= 3784
4936.0 , Degree=0
K= 3785
4936.0 , Degree=0
K= 3786
4936.0 , Degree=0
K= 3787
32.4121212121
K= 3788
19.7666666666
K= 3789
2687.41666667
K= 3790
2293.75
K= 3791
4936.0 , Degree=0
K= 3792
19.7666666666
K= 3793
206.216688867
K= 3794
2587.27621382
K= 3795
4936.0 , Degree=0
K= 3796
23.8185383241
K= 3797
4936.0 , Degree=0
K= 3798
4936.0 , Degree=0
K= 3799
4936.0 , Degree=0
K= 3800
4936.0 , Degree=0
K= 3801
4936.0 , Degree=0
K= 3802
17.4619047616
K= 3803
4936.0 , Degree=0
K= 3804
2491.77577475
K= 3805
26.6060853447
K= 3806
2493.76666667
K= 3807
2488.25
K= 3808
2629.19317714
K= 3809
2657.6287851
K= 3810
4936.0 , Degree=0
K= 3811
4936.0 , Degree=0
K= 3812
2610.73848069
K= 3813
41.2714285714
K= 3814
17.9619047617
K= 3815
35.0
K= 3816
34.9441075057
K= 3817
2705.90714286
K= 3818
4936.0 , Degree=0
K= 3819
4936.0 , Degree=0
K= 3820
4936.0 , Degree=0
K= 3821
4936.0 , Degree=0
K= 3822
20.2666666666
K= 3823
4936.0 , Degree=0
K= 3824
4498.66666667
K= 3825
4936.0 , Degree=0
K= 3826
35.0
K= 3827
4936.0 , Degree=0
K= 3828
483.708025488
K= 3829
9892.0
K= 3830
20.2666666666
K= 3831
4936.0 , Degree=0
K= 3832
4936.0 , Degree=0
K= 3833
4936.0 , Degree=0
K= 3834
2541.7722984
K= 3835
4936.0 , Degree=0
K= 3836
15.108333333
K= 3837
4936.0 , Degree=0
K= 3838
4936.0 , Degree=0
K= 3839
9892.0
K= 3840
14.3639731139
K= 3841
4936.0 , Degree=0
K= 3842
4936.0 , Degree=0
K= 3843
4936.0 , Degree=0
K= 3844
13.6
K= 3845
4936.0 , Degree=0
K= 3846
4936.0 , Degree=0
K= 3847
4936.0 , Degree=0
K= 3848
2689.49166667
K= 3849
17.1285714285
K= 3850
4936.0 , Degree=0
K= 3851
4936.0 , Degree=0
K= 3852
4936.0 , Degree=0
K= 3853
21.2354978354
K= 3854
17.795238095
K= 3855
4936.0 , Degree=0
K= 3856
4936.0 , Degree=0
K= 3857
20.1
K= 3858
2599.77874054
K= 3859
14.9583333331
K= 3860
4936.0 , Degree=0
K= 3861
17.1285714285
K= 3862
4936.0 , Degree=0
K= 3863
634.389951308
K= 3864
2573.86883886
K= 3865
2680.16666667
K= 3866
4936.0 , Degree=0
K= 3867
78.8382382893
K= 3868
2600.31684154
K= 3869
4936.0 , Degree=0
K= 3870
4936.0 , Degree=0
K= 3871
20.2805555555
K= 3872
4936.0 , Degree=0
K= 3873
4936.0 , Degree=0
K= 3874
2628.5978688
K= 3875
19.5999999999
K= 3876
4936.0 , Degree=0
K= 3877
4936.0 , Degree=0
K= 3878
4936.0 , Degree=0
K= 3879
50.9180383884
K= 3880
81.8882382894
K= 3881
16.0024142523
K= 3882
2248.33333333
K= 3883
4936.0 , Degree=0
K= 3884
10.2166666667
K= 3885
4936.0 , Degree=0
K= 3886
78.8382382893
K= 3887
80.36007326
K= 3888
45.1029304031
K= 3889
21.0333333332
K= 3890
4936.0 , Degree=0
K= 3891
4936.0 , Degree=0
K= 3892
4936.0 , Degree=0
K= 3893
12.5630431658
K= 3894
15.3315704762
K= 3895
2534.0
K= 3896
4700.0
K= 3897
4936.0 , Degree=0
K= 3898
297.93485528
K= 3899
2481.2930598
K= 3900
4936.0 , Degree=0
K= 3901
2491.61190476
K= 3902
4706.0
K= 3903
4936.0 , Degree=0
K= 3904
17.7119047617
K= 3905
4936.0 , Degree=0
K= 3906
4936.0 , Degree=0
K= 3907
4985.2
K= 3908
4936.0 , Degree=0
K= 3909
2690.5984127
K= 3910
4936.0 , Degree=0
K= 3911
2672.08758146
K= 3912
18.2785714284
K= 3913
4936.0 , Degree=0
K= 3914
4936.0 , Degree=0
K= 3915
4936.0 , Degree=0
K= 3916
4936.0 , Degree=0
K= 3917
2308.0
K= 3918
4936.0 , Degree=0
K= 3919
4936.0 , Degree=0
K= 3920
2709.0
K= 3921
132.977223879
K= 3922
2494.71999084
K= 3923
194.215995932
K= 3924
4936.0 , Degree=0
K= 3925
19.5999999999
K= 3926
4670.0
K= 3927
4936.0 , Degree=0
K= 3928
15.8258241756
K= 3929
2598.76666667
K= 3930
11.6745215311
K= 3931
4936.0 , Degree=0
K= 3932
19.7666666666
K= 3933
33.5333333332
K= 3934
4936.0 , Degree=0
K= 3935
4936.0 , Degree=0
K= 3936
4936.0 , Degree=0
K= 3937
2485.66063264
K= 3938
34.9272394272
K= 3939
4936.0 , Degree=0
K= 3940
4936.0 , Degree=0
K= 3941
4936.0 , Degree=0
K= 3942
4936.0 , Degree=0
K= 3943
2553.73049427
K= 3944
17.795238095
K= 3945
4936.0 , Degree=0
K= 3946
4936.0 , Degree=0
K= 3947
4936.0 , Degree=0
K= 3948
2646.73188472
K= 3949
4936.0 , Degree=0
K= 3950
4936.0 , Degree=0
K= 3951
17.7785714284
K= 3952
4936.0 , Degree=0
K= 3953
4936.0 , Degree=0
K= 3954
4936.0 , Degree=0
K= 3955
2494.1
K= 3956
4936.0 , Degree=0
K= 3957
32.8497093081
K= 3958
4936.0 , Degree=0
K= 3959
2293.75
K= 3960
4936.0 , Degree=0
K= 3961
4936.0 , Degree=0
K= 3962
756.679106486
K= 3963
2584.15333723
K= 3964
4936.0 , Degree=0
K= 3965
4936.0 , Degree=0
K= 3966
4936.0 , Degree=0
K= 3967
2553.01417749
K= 3968
78.6190476189
K= 3969
2666.05432125
K= 3970
10.2631284453
K= 3971
4936.0 , Degree=0
K= 3972
4936.0 , Degree=0
K= 3973
16.3727272726
K= 3974
16.9238095237
K= 3975
4936.0 , Degree=0
K= 3976
4936.0 , Degree=0
K= 3977
4936.0 , Degree=0
K= 3978
12.85
K= 3979
4936.0 , Degree=0
K= 3980
4936.0 , Degree=0
K= 3981
4936.0 , Degree=0
K= 3982
4936.0 , Degree=0
K= 3983
19.7666666666
K= 3984
4936.0 , Degree=0
K= 3985
20.2666666666
K= 3986
4936.0 , Degree=0
K= 3987
4936.0 , Degree=0
K= 3988
19.7666666666
K= 3989
4936.0 , Degree=0
K= 3990
4936.0 , Degree=0
K= 3991
2487.82301587
K= 3992
4936.0 , Degree=0
K= 3993
19.7666666666
K= 3994
4936.0 , Degree=0
K= 3995
4936.0 , Degree=0
K= 3996
4936.0 , Degree=0
K= 3997
177.714943321
K= 3998
4936.0 , Degree=0
K= 3999
511.019671372
K= 4000
4936.0 , Degree=0
K= 4001
4936.0 , Degree=0
K= 4002
4936.0 , Degree=0
K= 4003
4936.0 , Degree=0
K= 4004
15.9428904428
K= 4005
4936.0 , Degree=0
K= 4006
4936.0 , Degree=0
K= 4007
4936.0 , Degree=0
K= 4008
54.1425074179
K= 4009
4936.0 , Degree=0
K= 4010
10.013095238
K= 4011
4936.0 , Degree=0
K= 4012
2216.0547619
K= 4013
2245.75
K= 4014
2266.66666667
K= 4015
4936.0 , Degree=0
K= 4016
4936.0 , Degree=0
K= 4017
4936.0 , Degree=0
K= 4018
2709.66666667
K= 4019
4936.0 , Degree=0
K= 4020
341.589666116
K= 4021
23.7571428572
K= 4022
4936.0 , Degree=0
K= 4023
2504.28738596
K= 4024
2293.75
K= 4025
191.899657267
K= 4026
4936.0 , Degree=0
K= 4027
4936.0 , Degree=0
K= 4028
14.8726190476
K= 4029
4936.0 , Degree=0
K= 4030
15.9012237762
K= 4031
282.265060346
K= 4032
2657.77352287
K= 4033
19.7666666666
K= 4034
4936.0 , Degree=0
K= 4035
93.6440801868
K= 4036
2246.75
K= 4037
4936.0 , Degree=0
K= 4038
4936.0 , Degree=0
K= 4039
4936.0 , Degree=0
K= 4040
4936.0 , Degree=0
K= 4041
2293.75
K= 4042
4936.0 , Degree=0
K= 4043
4936.0 , Degree=0
K= 4044
4944.82301587
K= 4045
4936.0 , Degree=0
K= 4046
48.5520759877
K= 4047
7.58333333326
K= 4048
2299.75
K= 4049
19.7666666666
K= 4050
4936.0 , Degree=0
K= 4051
4975.56648515
K= 4052
4936.0 , Degree=0
K= 4053
4936.0 , Degree=0
K= 4054
13.4721153844
K= 4055
4936.0 , Degree=0
K= 4056
2648.25610354
K= 4057
4936.0 , Degree=0
K= 4058
4936.0 , Degree=0
K= 4059
3154.94904586
K= 4060
4936.0 , Degree=0
K= 4061
22.3629729018
K= 4062
4936.0 , Degree=0
K= 4063
4936.0 , Degree=0
K= 4064
4936.0 , Degree=0
K= 4065
2684.19246032
K= 4066
4936.0 , Degree=0
K= 4067
19.7666666666
K= 4068
4936.0 , Degree=0
K= 4069
6.21248473751
K= 4070
4936.0 , Degree=0
K= 4071
4936.0 , Degree=0
K= 4072
4936.0 , Degree=0
K= 4073
4936.0 , Degree=0
K= 4074
4936.0 , Degree=0
K= 4075
4915.41540016
K= 4076
19.7666666666
K= 4077
73.3993457418
K= 4078
4936.0 , Degree=0
K= 4079
4936.0 , Degree=0
K= 4080
4936.0 , Degree=0
K= 4081
16.8738095236
K= 4082
17.4166666667
K= 4083
264.586904762
K= 4084
4936.0 , Degree=0
K= 4085
15.6928904428
K= 4086
2656.6287851
K= 4087
4936.0 , Degree=0
K= 4088
4936.0 , Degree=0
K= 4089
4936.0 , Degree=0
K= 4090
4936.0 , Degree=0
K= 4091
2356.97431738
K= 4092
4936.0 , Degree=0
K= 4093
4936.0 , Degree=0
K= 4094
2684.19246032
K= 4095
4936.0 , Degree=0
K= 4096
4936.0 , Degree=0
K= 4097
42.7333333334
K= 4098
4936.0 , Degree=0
K= 4099
18.85
K= 4100
20.2666666666
K= 4101
4936.0 , Degree=0
K= 4102
17.795238095
K= 4103
2489.27750258
K= 4104
2486.68412698
K= 4105
4936.0 , Degree=0
K= 4106
4936.0 , Degree=0
K= 4107
13.5476190476
K= 4108
2216.0
K= 4109
4936.0 , Degree=0
K= 4110
2651.33701299
K= 4111
4936.0 , Degree=0
K= 4112
2522.88859919
K= 4113
20.2666666666
K= 4114
4936.0 , Degree=0
K= 4115
4936.0 , Degree=0
K= 4116
2484.12546296
K= 4117
20.1
K= 4118
4936.0 , Degree=0
K= 4119
2489.04166667
K= 4120
9892.0
K= 4121
2223.66666667
K= 4122
196.6996337
K= 4123
19.7666666666
K= 4124
4936.0 , Degree=0
K= 4125
2246.75
K= 4126
16.0262237762
K= 4127
4936.0 , Degree=0
K= 4128
4936.0 , Degree=0
K= 4129
2219.75
K= 4130
4936.0 , Degree=0
K= 4131
4936.0 , Degree=0
K= 4132
4780.0047619
K= 4133
4936.0 , Degree=0
K= 4134
4936.0 , Degree=0
K= 4135
4936.0 , Degree=0
K= 4136
4936.0 , Degree=0
K= 4137
4936.0 , Degree=0
K= 4138
4936.0 , Degree=0
K= 4139
15.0
K= 4140
34.5333333333
K= 4141
4936.0 , Degree=0
K= 4142
4936.0 , Degree=0
K= 4143
2246.75
K= 4144
4936.0 , Degree=0
K= 4145
4936.0 , Degree=0
K= 4146
4700.0
K= 4147
4936.0 , Degree=0
K= 4148
4936.0 , Degree=0
K= 4149
2293.75
K= 4150
4936.0 , Degree=0
K= 4151
4936.0 , Degree=0
K= 4152
19.7666666666
K= 4153
19.7666666666
K= 4154
14.1
K= 4155
180.597868798
K= 4156
4978.14545455
K= 4157
6.53749999986
K= 4158
4936.0 , Degree=0
K= 4159
2490.75
K= 4160
2234.33333333
K= 4161
55.2524475644
K= 4162
4936.0 , Degree=0
K= 4163
4936.0 , Degree=0
K= 4164
4936.0 , Degree=0
K= 4165
4936.0 , Degree=0
K= 4166
4936.0 , Degree=0
K= 4167
4936.0 , Degree=0
K= 4168
2643.77874054
K= 4169
172.674658118
K= 4170
74.6351618933
K= 4171
169.339955056
K= 4172
4936.0 , Degree=0
K= 4173
4936.0 , Degree=0
K= 4174
4936.0 , Degree=0
K= 4175
2661.25984381
K= 4176
10.3918389629
K= 4177
4936.0 , Degree=0
K= 4178
4936.0 , Degree=0
K= 4179
4936.0 , Degree=0
K= 4180
2634.67465812
K= 4181
2634.67465812
K= 4182
4936.0 , Degree=0
K= 4183
4936.0 , Degree=0
K= 4184
2584.15333723
K= 4185
12.8785714285
K= 4186
4936.0 , Degree=0
K= 4187
2655.90714286
K= 4188
4936.0 , Degree=0
K= 4189
23.7916344783
K= 4190
17.6285714285
K= 4191
4936.0 , Degree=0
K= 4192
2614.15285168
K= 4193
2487.25891312
K= 4194
33.5333333332
K= 4195
4936.0 , Degree=0
K= 4196
19.9333333332
K= 4197
4936.0 , Degree=0
K= 4198
11.481074481
K= 4199
2680.55873016
K= 4200
2644.81991989
K= 4201
15.8734432233
K= 4202
12.4338383838
K= 4203
4936.0 , Degree=0
K= 4204
32.7224462018
K= 4205
4936.0 , Degree=0
K= 4206
2234.33333333
K= 4207
17.7785714285
K= 4208
4936.0 , Degree=0
K= 4209
1.38831168821
K= 4210
4936.0 , Degree=0
K= 4211
4936.0 , Degree=0
K= 4212
4701.36111111
K= 4213
2266.66666667
K= 4214
19.7666666666
K= 4215
4936.0 , Degree=0
K= 4216
4936.0 , Degree=0
K= 4217
4936.0 , Degree=0
K= 4218
63.997670647
K= 4219
4936.0 , Degree=0
K= 4220
4936.0 , Degree=0
K= 4221
4936.0 , Degree=0
K= 4222
18.7794871794
K= 4223
4936.0 , Degree=0
K= 4224
2490.80714286
K= 4225
4936.0 , Degree=0
K= 4226
173.638525696
K= 4227
4936.0 , Degree=0
K= 4228
4936.0 , Degree=0
K= 4229
16.7500000001
K= 4230
2666.83993507
K= 4231
18.5216450217
K= 4232
4652.75
K= 4233
4936.0 , Degree=0
K= 4234
10.3556806544
K= 4235
2682.78095238
K= 4236
48.0520909646
K= 4237
4622.2
K= 4238
190.827378128
K= 4239
34.5333333333
K= 4240
21.6460317461
K= 4241
164.002746005
K= 4242
2479.67765152
K= 4243
5.50447921641
K= 4244
2489.97545869
K= 4245
2587.27009648
K= 4246
19.7952380951
K= 4247
4936.0 , Degree=0
K= 4248
2331.91121934
K= 4249
4936.0 , Degree=0
K= 4250
4936.0 , Degree=0
K= 4251
4936.0 , Degree=0
K= 4252
4936.0 , Degree=0
K= 4253
4936.0 , Degree=0
K= 4254
4936.0 , Degree=0
K= 4255
4936.0 , Degree=0
K= 4256
4936.0 , Degree=0
K= 4257
4534.85714286
K= 4258
4936.0 , Degree=0
K= 4259
10.6904761904
K= 4260
4936.0 , Degree=0
K= 4261
2494.26666667
K= 4262
4936.0 , Degree=0
K= 4263
2504.55897436
K= 4264
4936.0 , Degree=0
K= 4265
4936.0 , Degree=0
K= 4266
19.2535353535
K= 4267
4936.0 , Degree=0
K= 4268
4936.0 , Degree=0
K= 4269
4936.0 , Degree=0
K= 4270
2670.57236459
K= 4271
4936.0 , Degree=0
K= 4272
4936.0 , Degree=0
K= 4273
4936.0 , Degree=0
K= 4274
2293.75
K= 4275
12.2021645021
K= 4276
17.4166666667
K= 4277
2613.90357143
K= 4278
12.4069264069
K= 4279
4936.0 , Degree=0
K= 4280
2246.75
K= 4281
17.7119047617
K= 4282
9892.0
K= 4283
12.9371947496
K= 4284
4936.0 , Degree=0
K= 4285
17.795238095
K= 4286
48.8593073593
K= 4287
4936.0 , Degree=0
K= 4288
4936.0 , Degree=0
K= 4289
61.8680221044
K= 4290
2608.73848069
K= 4291
11.3375313145
K= 4292
24.35
K= 4293
90.3151783776
K= 4294
129.071428571
K= 4295
4936.0 , Degree=0
K= 4296
4936.0 , Degree=0
K= 4297
4936.0 , Degree=0
K= 4298
4936.0 , Degree=0
K= 4299
2685.45
K= 4300
2668.72883729
K= 4301
2226.0
K= 4302
2487.82301587
K= 4303
4936.0 , Degree=0
K= 4304
2524.98127201
K= 4305
185.256103543
K= 4306
73.0114802277
K= 4307
19.6
K= 4308
4936.0 , Degree=0
K= 4309
2494.1
K= 4310
4936.0 , Degree=0
K= 4311
15.1249999999
K= 4312
4936.0 , Degree=0
K= 4313
13.8230158729
K= 4314
16.857142857
K= 4315
4936.0 , Degree=0
K= 4316
4936.0 , Degree=0
K= 4317
4936.0 , Degree=0
K= 4318
78.8382382893
K= 4319
19.7666666666
K= 4320
4936.0 , Degree=0
K= 4321
4695.73253968
K= 4322
6.97261904762
K= 4323
20.280952381
K= 4324
102.975113607
K= 4325
10.4060606059
K= 4326
2251.75
K= 4327
2629.7722984
K= 4328
18.6
K= 4329
15.6538515404
K= 4330
27.651154401
K= 4331
4936.0 , Degree=0
K= 4332
4936.0 , Degree=0
K= 4333
11.126298326
K= 4334
4936.0 , Degree=0
K= 4335
4936.0 , Degree=0
K= 4336
13.1
K= 4337
27.3333333331
K= 4338
4936.0 , Degree=0
K= 4339
4936.0 , Degree=0
K= 4340
4936.0 , Degree=0
K= 4341
2688.4547619
K= 4342
4936.0 , Degree=0
K= 4343
4936.0 , Degree=0
K= 4344
4936.0 , Degree=0
K= 4345
15.2083333331
K= 4346
14.024340142
K= 4347
4670.0
K= 4348
4936.0 , Degree=0
K= 4349
4936.0 , Degree=0
K= 4350
218.374572315
K= 4351
14.5416666664
K= 4352
69.8377074889
K= 4353
4936.0 , Degree=0
K= 4354
4936.0 , Degree=0
K= 4355
4936.0 , Degree=0
K= 4356
4936.0 , Degree=0
K= 4357
2524.23171517
K= 4358
45.5333333332
K= 4359
45.7507962228
K= 4360
2359.1936287
K= 4361
29.1029304031
K= 4362
4936.0 , Degree=0
K= 4363
11.9619047617
K= 4364
4936.0 , Degree=0
K= 4365
4936.0 , Degree=0
K= 4366
60.1401569746
K= 4367
57.0
K= 4368
2657.81904762
K= 4369
19.7666666666
K= 4370
4936.0 , Degree=0
K= 4371
2616.28876707
K= 4372
143.361111111
K= 4373
2226.0
K= 4374
2470.05734344
K= 4375
4936.0 , Degree=0
K= 4376
51.2342615981
K= 4377
4936.0 , Degree=0
K= 4378
2690.84444444
K= 4379
4936.0 , Degree=0
K= 4380
4936.0 , Degree=0
K= 4381
4936.0 , Degree=0
K= 4382
2707.41904762
K= 4383
20.1
K= 4384
0.166666666744
K= 4385
4936.0 , Degree=0
K= 4386
2490.74047619
K= 4387
2642.89874382
K= 4388
2663.73210685
K= 4389
4936.0 , Degree=0
K= 4390
27.0561779875
K= 4391
19.7666666667
K= 4392
99.2360882363
K= 4393
15.4893939394
K= 4394
4936.0 , Degree=0
K= 4395
4936.0 , Degree=0
K= 4396
4936.0 , Degree=0
K= 4397
4936.0 , Degree=0
K= 4398
4936.0 , Degree=0
K= 4399
4936.0 , Degree=0
K= 4400
22.25
K= 4401
4936.0 , Degree=0
K= 4402
4936.0 , Degree=0
K= 4403
125.303927761
K= 4404
4936.0 , Degree=0
K= 4405
4936.0 , Degree=0
K= 4406
20.2666666667
K= 4407
4936.0 , Degree=0
K= 4408
2293.75
K= 4409
4936.0 , Degree=0
K= 4410
4936.0 , Degree=0
K= 4411
4936.0 , Degree=0
K= 4412
4936.0 , Degree=0
K= 4413
20.2805555556
K= 4414
4936.0 , Degree=0
K= 4415
4936.0 , Degree=0
K= 4416
4654.75
K= 4417
2490.69047619
K= 4418
4936.0 , Degree=0
K= 4419
186.755029256
K= 4420
193.129757007
K= 4421
16.9738095237
K= 4422
4936.0 , Degree=0
K= 4423
2486.18012404
K= 4424
17.6285714285
K= 4425
4936.0 , Degree=0
K= 4426
4936.0 , Degree=0
K= 4427
4936.0 , Degree=0
K= 4428
4936.0 , Degree=0
K= 4429
4936.0 , Degree=0
K= 4430
2266.66666667
K= 4431
16.857142857
K= 4432
4936.0 , Degree=0
K= 4433
4936.0 , Degree=0
K= 4434
5.23333333316
K= 4435
4936.0 , Degree=0
K= 4436
2487.82301587
K= 4437
193.246261107
K= 4438
2669.66190476
K= 4439
4936.0 , Degree=0
K= 4440
16.4619047617
K= 4441
4936.0 , Degree=0
K= 4442
2851.62057241
K= 4443
19.7666666667
K= 4444
20.2666666667
K= 4445
4936.0 , Degree=0
K= 4446
2293.75
K= 4447
4936.0 , Degree=0
K= 4448
2480.77874054
K= 4449
4936.0 , Degree=0
K= 4450
4936.0 , Degree=0
K= 4451
13.3388888889
K= 4452
7547.0
K= 4453
4936.0 , Degree=0
K= 4454
4936.0 , Degree=0
K= 4455
36.9093725719
K= 4456
4936.0 , Degree=0
K= 4457
13.3203066693
K= 4458
4936.0 , Degree=0
K= 4459
15.5727272726
K= 4460
4936.0 , Degree=0
K= 4461
36.6666666669
K= 4462
231.990476191
K= 4463
2094.0
K= 4464
4936.0 , Degree=0
K= 4465
11.8619047618
K= 4466
20.1
K= 4467
4936.0 , Degree=0
K= 4468
4936.0 , Degree=0
K= 4469
4936.0 , Degree=0
K= 4470
4936.0 , Degree=0
K= 4471
20.8809523808
K= 4472
4936.0 , Degree=0
K= 4473
19.4333333332
K= 4474
20.2805555556
K= 4475
4936.0 , Degree=0
K= 4476
41.2197608474
K= 4477
4936.0 , Degree=0
K= 4478
4936.0 , Degree=0
K= 4479
48.0520909647
K= 4480
4936.0 , Degree=0
K= 4481
4936.0 , Degree=0
K= 4482
13.7666666667
K= 4483
4936.0 , Degree=0
K= 4484
4936.0 , Degree=0
K= 4485
2226.0
K= 4486
2581.45108225
K= 4487
78.8382382893
K= 4488
11.6952380951
K= 4489
4936.0 , Degree=0
K= 4490
21.2571428572
K= 4491
2697.56904762
K= 4492
2692.19246032
K= 4493
4980.95555556
K= 4494
19.7666666667
K= 4495
4936.0 , Degree=0
K= 4496
177.864873203
K= 4497
13.2666666667
K= 4498
4661.0
K= 4499
4936.0 , Degree=0
K= 4500
4936.0 , Degree=0
K= 4501
2214.66666667
K= 4502
2474.25833333
K= 4503
2489.13179352
K= 4504
13.1083333332
K= 4505
2491.61190476
K= 4506
4936.0 , Degree=0
K= 4507
36.6740440115
K= 4508
4936.0 , Degree=0
K= 4509
4936.0 , Degree=0
K= 4510
4936.0 , Degree=0
K= 4511
4936.0 , Degree=0
K= 4512
4936.0 , Degree=0
K= 4513
4936.0 , Degree=0
K= 4514
17.1071428572
K= 4515
4936.0 , Degree=0
K= 4516
4936.0 , Degree=0
K= 4517
20.2666666667
K= 4518
10.0892135643
K= 4519
354.359396168
K= 4520
4936.0 , Degree=0
K= 4521
39.5333333333
K= 4522
4936.0 , Degree=0
K= 4523
4936.0 , Degree=0
K= 4524
4936.0 , Degree=0
K= 4525
13.7666666667
K= 4526
15.2083333331
K= 4527
2566.23171517
K= 4528
13.9726190477
K= 4529
18.4688977688
K= 4530
5256.65018411
K= 4531
4936.0 , Degree=0
K= 4532
4936.0 , Degree=0
K= 4533
16.9619047617
K= 4534
18.4619047617
K= 4535
4936.0 , Degree=0
K= 4536
4936.0 , Degree=0
K= 4537
4936.0 , Degree=0
K= 4538
19.6
K= 4539
4936.0 , Degree=0
K= 4540
2648.31197797
K= 4541
4936.0 , Degree=0
K= 4542
78.233093362
K= 4543
4974.85086025
K= 4544
2374.75
K= 4545
4936.0 , Degree=0
K= 4546
4936.0 , Degree=0
K= 4547
4936.0 , Degree=0
K= 4548
4936.0 , Degree=0
K= 4549
37.5714285712
K= 4550
13.4188311688
K= 4551
4936.0 , Degree=0
K= 4552
4660.0
K= 4553
2623.15333723
K= 4554
381.846411316
K= 4555
4936.0 , Degree=0
K= 4556
4936.0 , Degree=0
K= 4557
4936.0 , Degree=0
K= 4558
2523.99920635
K= 4559
4936.0 , Degree=0
K= 4560
4936.0 , Degree=0
K= 4561
4936.0 , Degree=0
K= 4562
4936.0 , Degree=0
K= 4563
2630.86438145
K= 4564
4936.0 , Degree=0
K= 4565
53.5805455194
K= 4566
4936.0 , Degree=0
K= 4567
16.2119047617
K= 4568
4936.0 , Degree=0
K= 4569
2246.75
K= 4570
4936.0 , Degree=0
K= 4571
35.5902621296
K= 4572
4936.0 , Degree=0
K= 4573
2234.33333333
K= 4574
4936.0 , Degree=0
K= 4575
169.668446949
K= 4576
4661.0
K= 4577
4936.0 , Degree=0
K= 4578
4936.0 , Degree=0
K= 4579
9.0
K= 4580
4936.0 , Degree=0
K= 4581
17.9619047617
K= 4582
4936.0 , Degree=0
K= 4583
4936.0 , Degree=0
K= 4584
36.9238095239
K= 4585
4687.62878788
K= 4586
16.9404761904
K= 4587
10.7500000001
K= 4588
5264.44405929
K= 4589
4936.0 , Degree=0
K= 4590
164.670873091
K= 4591
65.8806182815
K= 4592
17.6285714285
K= 4593
2491.0452381
K= 4594
18.2314685315
K= 4595
4936.0 , Degree=0
K= 4596
180.366288549
K= 4597
4936.0 , Degree=0
K= 4598
2283.03151831
K= 4599
2493.76666667
K= 4600
4936.0 , Degree=0
K= 4601
16.7500000001
K= 4602
4936.0 , Degree=0
K= 4603
11.9986111111
K= 4604
2266.66666667
K= 4605
4936.0 , Degree=0
K= 4606
4936.0 , Degree=0
K= 4607
4936.0 , Degree=0
K= 4608
17.0452380951
K= 4609
4936.0 , Degree=0
K= 4610
4936.0 , Degree=0
K= 4611
4936.0 , Degree=0
K= 4612
4936.0 , Degree=0
K= 4613
2293.75
K= 4614
20.1
K= 4615
2700.6547619
K= 4616
14.0
K= 4617
4936.0 , Degree=0
Betweenness Centrality Improvement
[    0.     0.     0. ...,    14.  4936.     0.]
Top 20 BC Improvement
[4120 4282 3829 3839 4452 4588 4530 3907 4493 4156 4051 4543 4044 4058 4057
 4055 4053 4040 4052 4042]
Top 20 BC Improvement
[ 9892.          9892.          9892.          9892.          7547.
  5264.44405929  5256.65018411  4985.2         4980.95555556  4978.14545455
  4975.56648515  4974.85086025  4944.82301587  4936.          4936.          4936.
  4936.          4936.          4936.          4936.        ]
