txValue= 1000000
Input graph
IGRAPH D--- 4619 68733 -- 
+ attr: pub_key (v), base_fee (e), capacity (e), fee_rate (e), txCost (e)
None
Graph after edges deleted
IGRAPH D--- 4619 32193 -- 
+ attr: pub_key (v), base_fee (e), capacity (e), fee_rate (e), txCost (e)
None
Our nodes starting connections: 
(4618, 2796)
(4618, 1223)
(4618, 1163)
(4618, 222)
(4618, 2745)
(4618, 3884)
(4618, 3265)
(4618, 4209)
(4618, 2087)
(4618, 3540)
(4618, 3690)
(4618, 1039)
(4618, 797)
(4618, 498)
CurrentBC of our node:  549262.490124
K= 0
44.3855643539
K= 1
16.9619047621
K= 2
18.6
K= 3
58.7273787188
K= 4
4936.0 , Degree=0
K= 5
2525.29488837
K= 6
229.033333333
K= 7
25.2428571427
K= 8
2499.1
K= 9
17.9619047622
K= 10
4936.0 , Degree=0
K= 11
27.4976190474
K= 12
6739.85
K= 13
61.001046176
K= 14
19.6
K= 15
166.672760573
K= 16
2246.95
K= 17
4936.0 , Degree=0
K= 18
16.3584415586
K= 19
21.6248188774
K= 20
52.0648883702
K= 21
19.7666666667
K= 22
4936.0 , Degree=0
K= 23
4936.0 , Degree=0
K= 24
2485.36135956
K= 25
14.881776557
K= 26
19.7666666667
K= 27
2260.75
K= 28
4936.0 , Degree=0
K= 29
20.2666666667
K= 30
4936.0 , Degree=0
K= 31
4936.0 , Degree=0
K= 32
2481.85714286
K= 33
20.2666666667
K= 34
4936.0 , Degree=0
K= 35
17.5785714288
K= 36
4715.93793851
K= 37
16.6904761906
K= 38
4936.0 , Degree=0
K= 39
21.2760394332
K= 40
4936.0 , Degree=0
K= 41
4936.0 , Degree=0
K= 42
4936.0 , Degree=0
K= 43
16.3095571095
K= 44
4936.0 , Degree=0
K= 45
2491.7952381
K= 46
4936.0 , Degree=0
K= 47
2558.5055247
K= 48
2285.66666667
K= 49
4936.0 , Degree=0
K= 50
18.4619047622
K= 51
4936.0 , Degree=0
K= 52
2647.96211844
K= 53
97.1346374167
K= 54
33.5333333333
K= 55
4936.0 , Degree=0
K= 56
2300.75
K= 57
4936.0 , Degree=0
K= 58
19.7666666667
K= 59
4936.0 , Degree=0
K= 60
2545.86666667
K= 61
21.001150109
K= 62
16.2999999999
K= 63
4936.0 , Degree=0
K= 64
119.703241846
K= 65
4936.0 , Degree=0
K= 66
2239.0
K= 67
4936.0 , Degree=0
K= 68
4936.0 , Degree=0
K= 69
2637.56031746
K= 70
2590.80255006
K= 71
17.7674877007
K= 72
2597.64486331
K= 73
2488.37380952
K= 74
15.4625816996
K= 75
18.2666666667
K= 76
2312.75
K= 77
2312.75
K= 78
2491.86190476
K= 79
4936.0 , Degree=0
K= 80
33.5333333333
K= 81
2615.71782999
K= 82
4936.0 , Degree=0
K= 83
4936.0 , Degree=0
K= 84
59.8875653497
K= 85
15.1250000001
K= 86
4936.0 , Degree=0
K= 87
2494.26666667
K= 88
2312.75
K= 89
2558.5055247
K= 90
204.736255411
K= 91
14.2666666667
K= 92
4680.0
K= 93
2318.75
K= 94
4936.0 , Degree=0
K= 95
4936.0 , Degree=0
K= 96
4936.0 , Degree=0
K= 97
2640.16908068
K= 98
16.973809524
K= 99
17.0904761906
K= 100
4689.0
K= 101
2494.1
K= 102
17.6071428573
K= 103
17.7952380955
K= 104
4936.0 , Degree=0
K= 105
4936.0 , Degree=0
K= 106
4936.0 , Degree=0
K= 107
4936.0 , Degree=0
K= 108
4939.0
K= 109
4936.0 , Degree=0
K= 110
4936.0 , Degree=0
K= 111
4936.0 , Degree=0
K= 112
4936.0 , Degree=0
K= 113
28.752930403
K= 114
20.2666666667
K= 115
4936.0 , Degree=0
K= 116
4936.0 , Degree=0
K= 117
2312.75
K= 118
4936.0 , Degree=0
K= 119
20.2666666667
K= 120
8.93170163175
K= 121
2285.66666667
K= 122
4936.0 , Degree=0
K= 123
2675.25
K= 124
4936.0 , Degree=0
K= 125
4936.0 , Degree=0
K= 126
11.5817099569
K= 127
7.67222222209
K= 128
4936.0 , Degree=0
K= 129
37.3999999999
K= 130
4936.0 , Degree=0
K= 131
4936.0 , Degree=0
K= 132
2526.06488837
K= 133
13.1783549782
K= 134
4936.0 , Degree=0
K= 135
17.9619047622
K= 136
1568.56861237
K= 137
19.7666666667
K= 138
13.2666666667
K= 139
8.13928571425
K= 140
2620.90866204
K= 141
4936.0 , Degree=0
K= 142
4936.0 , Degree=0
K= 143
10.1909062234
K= 144
4936.0 , Degree=0
K= 145
10.2893939394
K= 146
11.9619047622
K= 147
14.6250000001
K= 148
5057.32819293
K= 149
4936.0 , Degree=0
K= 150
4936.0 , Degree=0
K= 151
2494.26666667
K= 152
15.0199134198
K= 153
4936.0 , Degree=0
K= 154
3753.02016982
K= 155
4936.0 , Degree=0
K= 156
28.1333333332
K= 157
2253.33333333
K= 158
4936.0 , Degree=0
K= 159
160.727709477
K= 160
2489.05238095
K= 161
4936.0 , Degree=0
K= 162
4936.0 , Degree=0
K= 163
2526.06488837
K= 164
4936.0 , Degree=0
K= 165
4936.0 , Degree=0
K= 166
19.7666666667
K= 167
13.7666666667
K= 168
4936.0 , Degree=0
K= 169
4936.0 , Degree=0
K= 170
4936.0 , Degree=0
K= 171
16.7060606061
K= 172
4936.0 , Degree=0
K= 173
20.2666666667
K= 174
4936.0 , Degree=0
K= 175
187.776417691
K= 176
4936.0 , Degree=0
K= 177
4705.36111111
K= 178
4936.0 , Degree=0
K= 179
4936.0 , Degree=0
K= 180
20.1
K= 181
4936.0 , Degree=0
K= 182
8.05264771462
K= 183
63.9502257799
K= 184
15.0
K= 185
4936.0 , Degree=0
K= 186
4936.0 , Degree=0
K= 187
17.4166666666
K= 188
4936.0 , Degree=0
K= 189
15.6469280721
K= 190
2323.66666667
K= 191
4936.0 , Degree=0
K= 192
4936.0 , Degree=0
K= 193
4936.0 , Degree=0
K= 194
19.7666666667
K= 195
4936.0 , Degree=0
K= 196
4936.0 , Degree=0
K= 197
32.7714285717
K= 198
65.442563284
K= 199
19.6
K= 200
2426.09886011
K= 201
2486.49213219
K= 202
72.2545284919
K= 203
4936.0 , Degree=0
K= 204
4936.0 , Degree=0
K= 205
17.4166666666
K= 206
4936.0 , Degree=0
K= 207
13.9333333332
K= 208
26.911904762
K= 209
4936.0 , Degree=0
K= 210
4936.0 , Degree=0
K= 211
19.996376925
K= 212
4936.0 , Degree=0
K= 213
19.9333333332
K= 214
4936.0 , Degree=0
K= 215
2323.66666667
K= 216
19.7666666667
K= 217
2590.0
K= 218
2312.75
K= 219
64.9520084561
K= 220
11.9619047621
K= 221
15.2499999999
K= 222
39.5970530116
K= 223
4936.0 , Degree=0
K= 224
4936.0 , Degree=0
K= 225
13.6
K= 226
17.9619047621
K= 227
4936.0 , Degree=0
K= 228
2312.75
K= 229
4936.0 , Degree=0
K= 230
2637.25429087
K= 231
4936.0 , Degree=0
K= 232
4936.0 , Degree=0
K= 233
2245.0
K= 234
25.8625000002
K= 235
232.838634046
K= 236
4936.0 , Degree=0
K= 237
4936.0 , Degree=0
K= 238
2643.42261905
K= 239
24.6833554475
K= 240
4936.0 , Degree=0
K= 241
14.2583333334
K= 242
27.7476190479
K= 243
4936.0 , Degree=0
K= 244
4936.0 , Degree=0
K= 245
4936.0 , Degree=0
K= 246
2627.64486331
K= 247
4936.0 , Degree=0
K= 248
4936.0 , Degree=0
K= 249
2312.75
K= 250
4936.0 , Degree=0
K= 251
16.8046921109
K= 252
4936.0 , Degree=0
K= 253
4950.30422878
K= 254
4936.0 , Degree=0
K= 255
4936.0 , Degree=0
K= 256
20.2666666667
K= 257
2590.80255006
K= 258
21.7331604875
K= 259
4663.33333333
K= 260
24.7164176402
K= 261
4936.0 , Degree=0
K= 262
4936.0 , Degree=0
K= 263
6744.85
K= 264
4936.0 , Degree=0
K= 265
23.6
K= 266
17.8785714288
K= 267
69.7686203585
K= 268
4936.0 , Degree=0
K= 269
18.2785714288
K= 270
2255.0
K= 271
4936.0 , Degree=0
K= 272
4936.0 , Degree=0
K= 273
4936.0 , Degree=0
K= 274
2486.0125
K= 275
2246.0
K= 276
2609.0
K= 277
4936.0 , Degree=0
K= 278
4936.0 , Degree=0
K= 279
2285.66666667
K= 280
4936.0 , Degree=0
K= 281
52.2999999999
K= 282
227.014793575
K= 283
4936.0 , Degree=0
K= 284
2691.15
K= 285
2683.37954231
K= 286
20.2666666667
K= 287
16.2751082252
K= 288
4936.0 , Degree=0
K= 289
2684.77777778
K= 290
32.2000000001
K= 291
4936.0 , Degree=0
K= 292
4936.0 , Degree=0
K= 293
16.7499999999
K= 294
213.084330564
K= 295
15.7393939394
K= 296
9.74249084282
K= 297
4936.0 , Degree=0
K= 298
4936.0 , Degree=0
K= 299
4936.0 , Degree=0
K= 300
8.94166666677
K= 301
4936.0 , Degree=0
K= 302
11.9619047621
K= 303
4936.0 , Degree=0
K= 304
4936.0 , Degree=0
K= 305
11.7941176471
K= 306
4985.55021645
K= 307
14.1392857144
K= 308
4936.0 , Degree=0
K= 309
2372.5055247
K= 310
4936.0 , Degree=0
K= 311
2247.0
K= 312
2660.47380952
K= 313
2599.13343545
K= 314
4936.0 , Degree=0
K= 315
4936.0 , Degree=0
K= 316
156.753592314
K= 317
4936.0 , Degree=0
K= 318
4936.0 , Degree=0
K= 319
16.6904761906
K= 320
15.8690809191
K= 321
2511.09003718
K= 322
4936.0 , Degree=0
K= 323
4936.0 , Degree=0
K= 324
4936.0 , Degree=0
K= 325
4936.0 , Degree=0
K= 326
4936.0 , Degree=0
K= 327
2624.77301282
K= 328
13.1505772005
K= 329
16.7500000001
K= 330
19.1
K= 331
4936.0 , Degree=0
K= 332
4936.0 , Degree=0
K= 333
19.7666666667
K= 334
4936.0 , Degree=0
K= 335
4936.0 , Degree=0
K= 336
4936.0 , Degree=0
K= 337
2602.76229021
K= 338
4936.0 , Degree=0
K= 339
40.25
K= 340
19.7666666667
K= 341
111.587608786
K= 342
4717.0
K= 343
6.74861111131
K= 344
27.752930403
K= 345
4936.0 , Degree=0
K= 346
4936.0 , Degree=0
K= 347
2488.13928571
K= 348
4936.0 , Degree=0
K= 349
19.2666666667
K= 350
19.7666666667
K= 351
4688.0
K= 352
11.5833333334
K= 353
4936.0 , Degree=0
K= 354
4936.0 , Degree=0
K= 355
4936.0 , Degree=0
K= 356
4719.0
K= 357
4936.0 , Degree=0
K= 358
16.2893939394
K= 359
4936.0 , Degree=0
K= 360
2372.5055247
K= 361
15.3075112023
K= 362
4936.0 , Degree=0
K= 363
19.9333333332
K= 364
119.940428836
K= 365
2639.81886447
K= 366
4936.0 , Degree=0
K= 367
4936.0 , Degree=0
K= 368
4936.0 , Degree=0
K= 369
13.8095238096
K= 370
4936.0 , Degree=0
K= 371
4936.0 , Degree=0
K= 372
15.358184524
K= 373
4936.0 , Degree=0
K= 374
4936.0 , Degree=0
K= 375
164.139648729
K= 376
4936.0 , Degree=0
K= 377
166.683850521
K= 378
20.2666666667
K= 379
20.2666666667
K= 380
13.4521645021
K= 381
4936.0 , Degree=0
K= 382
2493.76666667
K= 383
4936.0 , Degree=0
K= 384
2441.26666667
K= 385
4936.0 , Degree=0
K= 386
2490.92380952
K= 387
4689.0
K= 388
8.09166666667
K= 389
4936.0 , Degree=0
K= 390
13.3230158732
K= 391
4936.0 , Degree=0
K= 392
2240.36111111
K= 393
17.9619047622
K= 394
4936.0 , Degree=0
K= 395
4936.0 , Degree=0
K= 396
68.8599500594
K= 397
4936.0 , Degree=0
K= 398
4936.0 , Degree=0
K= 399
2687.50238095
K= 400
4936.0 , Degree=0
K= 401
17.6893939395
K= 402
4936.0 , Degree=0
K= 403
2491.71190476
K= 404
4936.0 , Degree=0
K= 405
4936.0 , Degree=0
K= 406
4936.0 , Degree=0
K= 407
4936.0 , Degree=0
K= 408
12403.0
K= 409
4936.0 , Degree=0
K= 410
4936.0 , Degree=0
K= 411
4936.0 , Degree=0
K= 412
4936.0 , Degree=0
K= 413
4936.0 , Degree=0
K= 414
16.7499999999
K= 415
58.1964562371
K= 416
4671.41666667
K= 417
259.780952381
K= 418
4936.0 , Degree=0
K= 419
97.3004862402
K= 420
63.8207667443
K= 421
2533.17154975
K= 422
43.9862121212
K= 423
4936.0 , Degree=0
K= 424
4936.0 , Degree=0
K= 425
4936.0 , Degree=0
K= 426
2564.38571429
K= 427
4936.0 , Degree=0
K= 428
4936.0 , Degree=0
K= 429
16.7499999999
K= 430
70.3386201301
K= 431
4936.0 , Degree=0
K= 432
23.7896263051
K= 433
10.9452380955
K= 434
4936.0 , Degree=0
K= 435
4936.0 , Degree=0
K= 436
4936.0 , Degree=0
K= 437
4936.0 , Degree=0
K= 438
14.9416666668
K= 439
4936.0 , Degree=0
K= 440
4936.0 , Degree=0
K= 441
2691.15
K= 442
17.9619047622
K= 443
4936.0 , Degree=0
K= 444
50.8
K= 445
4936.0 , Degree=0
K= 446
4936.0 , Degree=0
K= 447
4936.0 , Degree=0
K= 448
17.6285714287
K= 449
2265.75
K= 450
4936.0 , Degree=0
K= 451
4936.0 , Degree=0
K= 452
15.6365079366
K= 453
4696.53333333
K= 454
2364.0
K= 455
4936.0 , Degree=0
K= 456
4936.0 , Degree=0
K= 457
2633.3346995
K= 458
4936.0 , Degree=0
K= 459
4936.0 , Degree=0
K= 460
4936.0 , Degree=0
K= 461
4936.0 , Degree=0
K= 462
4936.0 , Degree=0
K= 463
2493.76666667
K= 464
4936.0 , Degree=0
K= 465
17.4166666666
K= 466
2669.03333333
K= 467
155.974737485
K= 468
4936.0 , Degree=0
K= 469
19.7666666667
K= 470
37.0000000001
K= 471
19.6
K= 472
11.0238095239
K= 473
24.9110223111
K= 474
20.2666666667
K= 475
4936.0 , Degree=0
K= 476
4936.0 , Degree=0
K= 477
4936.0 , Degree=0
K= 478
4680.0
K= 479
4936.0 , Degree=0
K= 480
113.149345742
K= 481
4936.0 , Degree=0
K= 482
4936.0 , Degree=0
K= 483
2246.95
K= 484
16.3236263738
K= 485
4936.0 , Degree=0
K= 486
4936.0 , Degree=0
K= 487
21.805203502
K= 488
4429.04973307
K= 489
4936.0 , Degree=0
K= 490
4936.0 , Degree=0
K= 491
4936.0 , Degree=0
K= 492
2312.75
K= 493
4936.0 , Degree=0
K= 494
15.9571428573
K= 495
4936.0 , Degree=0
K= 496
4936.0 , Degree=0
K= 497
2640.34758958
K= 498
25.105788338
K= 499
4936.0 , Degree=0
K= 500
19.6
K= 501
2523.59148907
K= 502
16.9261904763
K= 503
2486.20663957
K= 504
2558.5055247
K= 505
4936.0 , Degree=0
K= 506
4936.0 , Degree=0
K= 507
2246.95
K= 508
4936.0 , Degree=0
K= 509
2590.80255006
K= 510
2558.5055247
K= 511
4936.0 , Degree=0
K= 512
4936.0 , Degree=0
K= 513
2265.75
K= 514
3753.89497299
K= 515
14.8431318683
K= 516
4936.0 , Degree=0
K= 517
13.502164502
K= 518
4936.0 , Degree=0
K= 519
2237.33260073
K= 520
2491.2952381
K= 521
4936.0 , Degree=0
K= 522
2615.71782999
K= 523
4936.0 , Degree=0
K= 524
163.327233636
K= 525
4936.0 , Degree=0
K= 526
4936.0 , Degree=0
K= 527
2511.60845264
K= 528
2662.42261905
K= 529
2618.0
K= 530
17.9619047621
K= 531
4936.0 , Degree=0
K= 532
4936.0 , Degree=0
K= 533
67.7178919689
K= 534
4936.0 , Degree=0
K= 535
4936.0 , Degree=0
K= 536
4936.0 , Degree=0
K= 537
17.7952380955
K= 538
2640.01655019
K= 539
2245.0
K= 540
45.3215562997
K= 541
4689.0
K= 542
18.85
K= 543
4936.0 , Degree=0
K= 544
4936.0 , Degree=0
K= 545
4936.0 , Degree=0
K= 546
91.8917802739
K= 547
4680.0
K= 548
35.7750000001
K= 549
2253.33333333
K= 550
25.1886554622
K= 551
4936.0 , Degree=0
K= 552
4936.0 , Degree=0
K= 553
4719.0
K= 554
4936.0 , Degree=0
K= 555
2640.65404488
K= 556
142.0
K= 557
4936.0 , Degree=0
K= 558
2635.17706275
K= 559
4936.0 , Degree=0
K= 560
4936.0 , Degree=0
K= 561
390.463077982
K= 562
2649.32922851
K= 563
4936.0 , Degree=0
K= 564
2676.1489011
K= 565
2641.56031746
K= 566
4936.0 , Degree=0
K= 567
46.8556898657
K= 568
4936.0 , Degree=0
K= 569
43.6674628893
K= 570
2566.13123486
K= 571
4936.0 , Degree=0
K= 572
162.929902451
K= 573
4936.0 , Degree=0
K= 574
4936.0 , Degree=0
K= 575
2628.57276796
K= 576
4936.0 , Degree=0
K= 577
19.6
K= 578
4936.0 , Degree=0
K= 579
4936.0 , Degree=0
K= 580
21.6460317461
K= 581
11.1931302104
K= 582
4936.0 , Degree=0
K= 583
16.7499999999
K= 584
4936.0 , Degree=0
K= 585
4936.0 , Degree=0
K= 586
4936.0 , Degree=0
K= 587
4936.0 , Degree=0
K= 588
4936.0 , Degree=0
K= 589
52.5618604799
K= 590
4936.0 , Degree=0
K= 591
2660.40569792
K= 592
4936.0 , Degree=0
K= 593
4936.0 , Degree=0
K= 594
4711.0
K= 595
4936.0 , Degree=0
K= 596
19.7666666667
K= 597
4936.0 , Degree=0
K= 598
12.5758636788
K= 599
3930.79513582
K= 600
2494.26666667
K= 601
2598.89365073
K= 602
4936.0 , Degree=0
K= 603
4936.0 , Degree=0
K= 604
2566.2188234
K= 605
2493.76666667
K= 606
2623.1020515
K= 607
2312.75
K= 608
16.8727272728
K= 609
187.595036297
K= 610
4936.0 , Degree=0
K= 611
4936.0 , Degree=0
K= 612
2484.18702986
K= 613
2613.39290868
K= 614
4936.0 , Degree=0
K= 615
4936.0 , Degree=0
K= 616
4936.0 , Degree=0
K= 617
16.75
K= 618
19.2666666667
K= 619
4936.0 , Degree=0
K= 620
4936.0 , Degree=0
K= 621
2583.04898522
K= 622
20.2666666667
K= 623
168.938969295
K= 624
4936.0 , Degree=0
K= 625
4936.0 , Degree=0
K= 626
4936.0 , Degree=0
K= 627
18.2952380955
K= 628
4936.0 , Degree=0
K= 629
4936.0 , Degree=0
K= 630
4725.0
K= 631
4936.0 , Degree=0
K= 632
4936.0 , Degree=0
K= 633
4936.0 , Degree=0
K= 634
4936.0 , Degree=0
K= 635
4936.0 , Degree=0
K= 636
4936.0 , Degree=0
K= 637
23.3338314464
K= 638
4936.0 , Degree=0
K= 639
2656.78167996
K= 640
4689.0
K= 641
4936.0 , Degree=0
K= 642
17.1
K= 643
10.532078853
K= 644
4936.0 , Degree=0
K= 645
4936.0 , Degree=0
K= 646
116.75
K= 647
4936.0 , Degree=0
K= 648
4936.0 , Degree=0
K= 649
4936.0 , Degree=0
K= 650
4936.0 , Degree=0
K= 651
2617.47422855
K= 652
36.8429910707
K= 653
4936.0 , Degree=0
K= 654
2628.80255006
K= 655
2312.75
K= 656
4936.0 , Degree=0
K= 657
2245.0
K= 658
16.7499999999
K= 659
4936.0 , Degree=0
K= 660
4936.0 , Degree=0
K= 661
4936.0 , Degree=0
K= 662
4936.0 , Degree=0
K= 663
77.7510741948
K= 664
4936.0 , Degree=0
K= 665
4936.0 , Degree=0
K= 666
4936.0 , Degree=0
K= 667
4936.0 , Degree=0
K= 668
4936.0 , Degree=0
K= 669
22.3166666667
K= 670
2292.22431738
K= 671
4936.0 , Degree=0
K= 672
2613.0
K= 673
20.2666666667
K= 674
72.2477961043
K= 675
33.9144616893
K= 676
4936.0 , Degree=0
K= 677
4936.0 , Degree=0
K= 678
2680.52286325
K= 679
4936.0 , Degree=0
K= 680
4936.0 , Degree=0
K= 681
2487.82301587
K= 682
82.4179126781
K= 683
4936.0 , Degree=0
K= 684
4936.0 , Degree=0
K= 685
4936.0 , Degree=0
K= 686
16.5821428573
K= 687
162.0004422
K= 688
4936.0 , Degree=0
K= 689
141.717829986
K= 690
4936.0 , Degree=0
K= 691
2684.3047619
K= 692
13.5888888888
K= 693
4936.0 , Degree=0
K= 694
19.7666666667
K= 695
13.6
K= 696
4936.0 , Degree=0
K= 697
58.5125469187
K= 698
4936.0 , Degree=0
K= 699
4936.0 , Degree=0
K= 700
4936.0 , Degree=0
K= 701
2239.0
K= 702
2490.96190476
K= 703
16.6904761906
K= 704
4936.0 , Degree=0
K= 705
2567.85645696
K= 706
4680.0
K= 707
4936.0 , Degree=0
K= 708
2558.5055247
K= 709
17.7119047622
K= 710
4936.0 , Degree=0
K= 711
20.2666666667
K= 712
4936.0 , Degree=0
K= 713
71.9459484376
K= 714
4936.0 , Degree=0
K= 715
4936.0 , Degree=0
K= 716
20.1
K= 717
4936.0 , Degree=0
K= 718
81.0666666667
K= 719
20.2666666667
K= 720
11.4666305918
K= 721
2245.0
K= 722
19.7666666667
K= 723
2649.81856433
K= 724
9949.78095238
K= 725
4936.0 , Degree=0
K= 726
4693.0
K= 727
2265.75
K= 728
4936.0 , Degree=0
K= 729
4936.0 , Degree=0
K= 730
19.4333333332
K= 731
4936.0 , Degree=0
K= 732
2638.72892647
K= 733
4936.0 , Degree=0
K= 734
14.25
K= 735
2488.85930799
K= 736
4936.0 , Degree=0
K= 737
4936.0 , Degree=0
K= 738
4936.0 , Degree=0
K= 739
2113.0
K= 740
4936.0 , Degree=0
K= 741
17.4166666666
K= 742
2522.45001299
K= 743
20.5262237762
K= 744
4936.0 , Degree=0
K= 745
2490.75
K= 746
20.1
K= 747
4936.0 , Degree=0
K= 748
4936.0 , Degree=0
K= 749
4936.0 , Degree=0
K= 750
15.9286047287
K= 751
26.752930403
K= 752
2439.5055247
K= 753
4936.0 , Degree=0
K= 754
110.711677138
K= 755
4936.0 , Degree=0
K= 756
2542.5055247
K= 757
4936.0 , Degree=0
K= 758
4936.0 , Degree=0
K= 759
2430.07307103
K= 760
2511.30968418
K= 761
4936.0 , Degree=0
K= 762
4936.0 , Degree=0
K= 763
4936.0 , Degree=0
K= 764
4936.0 , Degree=0
K= 765
80.2008716015
K= 766
4936.0 , Degree=0
K= 767
4936.0 , Degree=0
K= 768
4936.0 , Degree=0
K= 769
27.6760073262
K= 770
4936.0 , Degree=0
K= 771
2517.66746289
K= 772
20.2666666667
K= 773
4936.0 , Degree=0
K= 774
91.8917802739
K= 775
4936.0 , Degree=0
K= 776
2285.66666667
K= 777
4936.0 , Degree=0
K= 778
2572.44166667
K= 779
4936.0 , Degree=0
K= 780
19.4333333332
K= 781
2339.75
K= 782
4936.0 , Degree=0
K= 783
10.3807783531
K= 784
4936.0 , Degree=0
K= 785
4936.0 , Degree=0
K= 786
4936.0 , Degree=0
K= 787
4936.0 , Degree=0
K= 788
53.3
K= 789
14.0000000001
K= 790
49.1341295561
K= 791
4936.0 , Degree=0
K= 792
4721.26666667
K= 793
4936.0 , Degree=0
K= 794
13.2059523811
K= 795
4936.0 , Degree=0
K= 796
2558.47662365
K= 797
20.3676931
K= 798
4936.0 , Degree=0
K= 799
4936.0 , Degree=0
K= 800
2553.92990245
K= 801
4936.0 , Degree=0
K= 802
4936.0 , Degree=0
K= 803
4517.66666667
K= 804
2485.46446886
K= 805
19.6
K= 806
11.8986111112
K= 807
2497.63861694
K= 808
4936.0 , Degree=0
K= 809
2492.93333333
K= 810
4936.0 , Degree=0
K= 811
4936.0 , Degree=0
K= 812
14.1559523811
K= 813
4936.0 , Degree=0
K= 814
4936.0 , Degree=0
K= 815
4936.0 , Degree=0
K= 816
179.875482282
K= 817
4936.0 , Degree=0
K= 818
2489.51222667
K= 819
2528.89795752
K= 820
4936.0 , Degree=0
K= 821
4936.0 , Degree=0
K= 822
4936.0 , Degree=0
K= 823
30.315796845
K= 824
4936.0 , Degree=0
K= 825
2285.66666667
K= 826
4936.0 , Degree=0
K= 827
4936.0 , Degree=0
K= 828
12.7205086582
K= 829
187.640750828
K= 830
2247.0
K= 831
4936.0 , Degree=0
K= 832
19.7666666667
K= 833
4936.0 , Degree=0
K= 834
19.4333333332
K= 835
4936.0 , Degree=0
K= 836
4718.0
K= 837
39.2000000001
K= 838
55.7686677608
K= 839
23.6833333332
K= 840
2327.0
K= 841
2241.0
K= 842
2602.76229021
K= 843
164.618297272
K= 844
2486.63856209
K= 845
4936.0 , Degree=0
K= 846
16.3227272729
K= 847
4936.0 , Degree=0
K= 848
2644.00642778
K= 849
4936.0 , Degree=0
K= 850
4936.0 , Degree=0
K= 851
2586.93892045
K= 852
20.2666666667
K= 853
7585.22774692
K= 854
46.6506478951
K= 855
4936.0 , Degree=0
K= 856
30.5571428571
K= 857
211.836904762
K= 858
4936.0 , Degree=0
K= 859
2312.75
K= 860
71.3878618253
K= 861
4936.0 , Degree=0
K= 862
4936.0 , Degree=0
K= 863
12.998305861
K= 864
20.2666666667
K= 865
4936.0 , Degree=0
K= 866
4936.0 , Degree=0
K= 867
2239.36111111
K= 868
4936.0 , Degree=0
K= 869
2491.60714286
K= 870
4936.0 , Degree=0
K= 871
8.00000000012
K= 872
2240.0
K= 873
4936.0 , Degree=0
K= 874
4936.0 , Degree=0
K= 875
4936.0 , Degree=0
K= 876
4936.0 , Degree=0
K= 877
2686.8
K= 878
4936.0 , Degree=0
K= 879
4936.0 , Degree=0
K= 880
14.2666666667
K= 881
4936.0 , Degree=0
K= 882
13.6722222222
K= 883
4936.0 , Degree=0
K= 884
4936.0 , Degree=0
K= 885
2586.64486331
K= 886
2541.0
K= 887
4936.0 , Degree=0
K= 888
4936.0 , Degree=0
K= 889
35.9238095238
K= 890
18.2785714288
K= 891
10.8571428573
K= 892
16.061938062
K= 893
4936.0 , Degree=0
K= 894
4936.0 , Degree=0
K= 895
2667.44166667
K= 896
4936.0 , Degree=0
K= 897
2312.75
K= 898
2679.78253968
K= 899
4936.0 , Degree=0
K= 900
34.4971856725
K= 901
4936.0 , Degree=0
K= 902
2285.66666667
K= 903
4936.0 , Degree=0
K= 904
4936.0 , Degree=0
K= 905
13.2666666667
K= 906
4936.0 , Degree=0
K= 907
12.1465656023
K= 908
13.8230158732
K= 909
4936.0 , Degree=0
K= 910
19.2666666667
K= 911
4936.0 , Degree=0
K= 912
2648.82546593
K= 913
4936.0 , Degree=0
K= 914
4710.0
K= 915
114.630952381
K= 916
4936.0 , Degree=0
K= 917
4936.0 , Degree=0
K= 918
2526.06488837
K= 919
4689.0
K= 920
16.6893939395
K= 921
2634.80255006
K= 922
4936.0 , Degree=0
K= 923
4936.0 , Degree=0
K= 924
4936.0 , Degree=0
K= 925
17.7785714288
K= 926
20.2666666667
K= 927
5.5
K= 928
393.681648464
K= 929
4936.0 , Degree=0
K= 930
143.099521355
K= 931
16.9238095239
K= 932
16.2417748919
K= 933
35.7357843139
K= 934
4936.0 , Degree=0
K= 935
17.6071428573
K= 936
4936.0 , Degree=0
K= 937
16.0325792019
K= 938
4936.0 , Degree=0
K= 939
4725.0
K= 940
4936.0 , Degree=0
K= 941
4936.0 , Degree=0
K= 942
4936.0 , Degree=0
K= 943
4936.0 , Degree=0
K= 944
2673.47887811
K= 945
2239.0
K= 946
4936.0 , Degree=0
K= 947
23.4250000002
K= 948
4936.0 , Degree=0
K= 949
4936.0 , Degree=0
K= 950
15.2083333334
K= 951
55.7226659913
K= 952
2508.50737734
K= 953
4936.0 , Degree=0
K= 954
2312.75
K= 955
4936.0 , Degree=0
K= 956
4936.0 , Degree=0
K= 957
2494.26666667
K= 958
13.6
K= 959
63.443459799
K= 960
2662.39087302
K= 961
4936.0 , Degree=0
K= 962
4936.0 , Degree=0
K= 963
18.85
K= 964
4936.0 , Degree=0
K= 965
4936.0 , Degree=0
K= 966
2323.66666667
K= 967
4936.0 , Degree=0
K= 968
2530.52468113
K= 969
2253.33333333
K= 970
15.7055555558
K= 971
69.4493457422
K= 972
4936.0 , Degree=0
K= 973
4936.0 , Degree=0
K= 974
2312.75
K= 975
2312.75
K= 976
4936.0 , Degree=0
K= 977
16.2499999999
K= 978
4936.0 , Degree=0
K= 979
43.3816940963
K= 980
4936.0 , Degree=0
K= 981
4936.0 , Degree=0
K= 982
15.358184524
K= 983
4936.0 , Degree=0
K= 984
2507.57159425
K= 985
4936.0 , Degree=0
K= 986
4936.0 , Degree=0
K= 987
3320.58394067
K= 988
2245.0
K= 989
4936.0 , Degree=0
K= 990
4936.0 , Degree=0
K= 991
17.2952380955
K= 992
4936.0 , Degree=0
K= 993
31.7714285717
K= 994
4936.0 , Degree=0
K= 995
38.3500065308
K= 996
4936.0 , Degree=0
K= 997
32.8158160554
K= 998
2493.93333333
K= 999
4936.0 , Degree=0
K= 1000
4936.0 , Degree=0
K= 1001
4936.0 , Degree=0
K= 1002
4936.0 , Degree=0
K= 1003
2489.61666667
K= 1004
20.2666666667
K= 1005
2645.24761905
K= 1006
70.7082752417
K= 1007
8.99047619069
K= 1008
12.1282552965
K= 1009
4936.0 , Degree=0
K= 1010
4936.0 , Degree=0
K= 1011
6734.85
K= 1012
5.35644157103
K= 1013
4936.0 , Degree=0
K= 1014
11.8619047621
K= 1015
4717.0
K= 1016
19.7666666667
K= 1017
4936.0 , Degree=0
K= 1018
4936.0 , Degree=0
K= 1019
4936.0 , Degree=0
K= 1020
4689.0
K= 1021
4936.0 , Degree=0
K= 1022
4936.0 , Degree=0
K= 1023
2312.75
K= 1024
12.85
K= 1025
4936.0 , Degree=0
K= 1026
2491.71190476
K= 1027
4936.0 , Degree=0
K= 1028
7.43397435895
K= 1029
4936.0 , Degree=0
K= 1030
19.9174251453
K= 1031
2692.33333333
K= 1032
19.7666666667
K= 1033
4936.0 , Degree=0
K= 1034
16.473809524
K= 1035
4936.0 , Degree=0
K= 1036
15.2083333334
K= 1037
2318.0
K= 1038
57.0637151818
K= 1039
1.09523809527
K= 1040
31.1714285716
K= 1041
4719.0
K= 1042
14.4870985397
K= 1043
4936.0 , Degree=0
K= 1044
4937.0
K= 1045
4689.0
K= 1046
4936.0 , Degree=0
K= 1047
90.0307359307
K= 1048
2486.61078431
K= 1049
178.102321713
K= 1050
4936.0 , Degree=0
K= 1051
4936.0 , Degree=0
K= 1052
4936.0 , Degree=0
K= 1053
16.0892135644
K= 1054
10.9238095238
K= 1055
4936.0 , Degree=0
K= 1056
4936.0 , Degree=0
K= 1057
4936.0 , Degree=0
K= 1058
5339.17713953
K= 1059
17.0452380955
K= 1060
17.7119047621
K= 1061
67.2936495447
K= 1062
20.2666666667
K= 1063
2213.93333333
K= 1064
21.8443277309
K= 1065
4936.0 , Degree=0
K= 1066
4936.0 , Degree=0
K= 1067
4936.0 , Degree=0
K= 1068
20.2666666667
K= 1069
2285.66666667
K= 1070
12.8785714287
K= 1071
4936.0 , Degree=0
K= 1072
2629.85003413
K= 1073
4936.0 , Degree=0
K= 1074
2488.09166667
K= 1075
4936.0 , Degree=0
K= 1076
17.9619047621
K= 1077
4936.0 , Degree=0
K= 1078
19.6
K= 1079
4936.0 , Degree=0
K= 1080
2318.0
K= 1081
18.4619047622
K= 1082
4936.0 , Degree=0
K= 1083
2312.75
K= 1084
4936.0 , Degree=0
K= 1085
20.1
K= 1086
2650.78167996
K= 1087
4936.0 , Degree=0
K= 1088
20.2666666667
K= 1089
4936.0 , Degree=0
K= 1090
2644.82821994
K= 1091
35.5904761906
K= 1092
56.5246811252
K= 1093
4936.0 , Degree=0
K= 1094
14.2666666667
K= 1095
4936.0 , Degree=0
K= 1096
4936.0 , Degree=0
K= 1097
4936.0 , Degree=0
K= 1098
4936.0 , Degree=0
K= 1099
4936.0 , Degree=0
K= 1100
34.5073773449
K= 1101
2433.13343545
K= 1102
2284.66666667
K= 1103
4936.0 , Degree=0
K= 1104
98.0555700209
K= 1105
4936.0 , Degree=0
K= 1106
19.7666666667
K= 1107
4936.0 , Degree=0
K= 1108
4936.0 , Degree=0
K= 1109
4936.0 , Degree=0
K= 1110
34.7571428571
K= 1111
4936.0 , Degree=0
K= 1112
4936.0 , Degree=0
K= 1113
18.2
K= 1114
4936.0 , Degree=0
K= 1115
13.9583333334
K= 1116
4936.0 , Degree=0
K= 1117
15.1666666666
K= 1118
58.1964562371
K= 1119
4719.0
K= 1120
4936.0 , Degree=0
K= 1121
4720.36111111
K= 1122
31.5107439024
K= 1123
4936.0 , Degree=0
K= 1124
4696.47142857
K= 1125
4936.0 , Degree=0
K= 1126
26.9507366904
K= 1127
2493.6
K= 1128
4936.0 , Degree=0
K= 1129
4936.0 , Degree=0
K= 1130
2239.9
K= 1131
4936.0 , Degree=0
K= 1132
258.0
K= 1133
4936.0 , Degree=0
K= 1134
4936.0 , Degree=0
K= 1135
4717.0
K= 1136
2312.75
K= 1137
4936.0 , Degree=0
K= 1138
3166.39078235
K= 1139
4714.79444444
K= 1140
2506.1
K= 1141
2499.76229021
K= 1142
2242.66666667
K= 1143
4936.0 , Degree=0
K= 1144
4936.0 , Degree=0
K= 1145
2265.75
K= 1146
4936.0 , Degree=0
K= 1147
45.1706029782
K= 1148
4936.0 , Degree=0
K= 1149
4714.36111111
K= 1150
5.95535714296
K= 1151
4936.0 , Degree=0
K= 1152
4717.0
K= 1153
4936.0 , Degree=0
K= 1154
4936.0 , Degree=0
K= 1155
13.1
K= 1156
312.790742101
K= 1157
4658.08571429
K= 1158
4538.04973307
K= 1159
4936.0 , Degree=0
K= 1160
2238.75
K= 1161
20.2666666667
K= 1162
2632.49898838
K= 1163
32.5876500477
K= 1164
2425.55102145
K= 1165
4936.0 , Degree=0
K= 1166
14.1288745367
K= 1167
2488.60606061
K= 1168
48.4500129896
K= 1169
2548.89923742
K= 1170
4689.0
K= 1171
4936.0 , Degree=0
K= 1172
4936.0 , Degree=0
K= 1173
2642.84577598
K= 1174
343.029070929
K= 1175
4936.0 , Degree=0
K= 1176
4936.0 , Degree=0
K= 1177
4936.0 , Degree=0
K= 1178
2698.66190476
K= 1179
2644.39290868
K= 1180
14.7984432237
K= 1181
4936.0 , Degree=0
K= 1182
16.6404761906
K= 1183
4936.0 , Degree=0
K= 1184
4668.93892045
K= 1185
4936.0 , Degree=0
K= 1186
693.68673492
K= 1187
24.1333333334
K= 1188
2494.26666667
K= 1189
2249.0
K= 1190
69.5421022837
K= 1191
4936.0 , Degree=0
K= 1192
2647.32914422
K= 1193
4936.0 , Degree=0
K= 1194
2512.04719118
K= 1195
55.5779543321
K= 1196
4936.0 , Degree=0
K= 1197
67.7178919689
K= 1198
19.7666666667
K= 1199
4984.41212121
K= 1200
4936.0 , Degree=0
Betweenness Centrality Improvement
[ 44.38556435  16.96190476  18.6        ...,   0.           0.           0.        ]
Top 20 BC Improvement
[ 408  724  853  263   12 1011 1058  148  306 1199  253  108 1044  531  532
  534  535  536  544 1010]
Top 20 BC Improvement
[ 12403.           9949.78095238   7585.22774692   6744.85         6739.85
   6734.85         5339.17713953   5057.32819293   4985.55021645
   4984.41212121   4950.30422878   4939.           4937.           4936.
   4936.           4936.           4936.           4936.           4936.
   4936.        ]
