txValue= 1000000
Input graph
IGRAPH D--- 4619 68733 -- 
+ attr: pub_key (v), base_fee (e), capacity (e), fee_rate (e), txCost (e)
None
Graph after edges deleted
IGRAPH D--- 4619 32193 -- 
+ attr: pub_key (v), base_fee (e), capacity (e), fee_rate (e), txCost (e)
None
Our nodes starting connections: 
(4618, 2796)
(4618, 1223)
(4618, 1163)
(4618, 222)
(4618, 2745)
(4618, 3884)
(4618, 3265)
(4618, 4209)
(4618, 2087)
(4618, 3540)
CurrentBC of our node:  490239.571345
K= 2400
4936.0 , Degree=0
K= 2401
2610.0
K= 2402
4936.0 , Degree=0
K= 2403
2277.33333333
K= 2404
4936.0 , Degree=0
K= 2405
4742.45567766
K= 2406
19.3333333331
K= 2407
31.9032679737
K= 2408
2507.60404244
K= 2409
2597.93333333
K= 2410
44.1457431456
K= 2411
19.6666666665
K= 2412
2491.28333333
K= 2413
4936.0 , Degree=0
K= 2414
15.4329670331
K= 2415
4742.0
K= 2416
20.1666666665
K= 2417
2493.5
K= 2418
4936.0 , Degree=0
K= 2419
2492.97777778
K= 2420
2309.66666667
K= 2421
4936.0 , Degree=0
K= 2422
2336.0
K= 2423
4936.0 , Degree=0
K= 2424
2336.0
K= 2425
14.2
K= 2426
2662.45714286
K= 2427
4936.0 , Degree=0
K= 2428
4936.0 , Degree=0
K= 2429
4936.0 , Degree=0
K= 2430
4936.0 , Degree=0
K= 2431
71.9968257661
K= 2432
17.3765756302
K= 2433
12.3666666668
K= 2434
104.969755152
K= 2435
2494.0
K= 2436
2628.68095238
K= 2437
4936.0 , Degree=0
K= 2438
134.440972213
K= 2439
2489.03571429
K= 2440
4936.0 , Degree=0
K= 2441
2267.5730057
K= 2442
4936.0 , Degree=0
K= 2443
4936.0 , Degree=0
K= 2444
10.6499999998
K= 2445
2493.92130387
K= 2446
11.2932335781
K= 2447
4936.0 , Degree=0
K= 2448
2336.0
K= 2449
19.6666666665
K= 2450
4042.48681257
K= 2451
4936.0 , Degree=0
K= 2452
12.4930315985
K= 2453
133.0
K= 2454
2277.33333333
K= 2455
4936.0 , Degree=0
K= 2456
4936.0 , Degree=0
K= 2457
28.9555612345
K= 2458
14.128174603
K= 2459
4936.0 , Degree=0
K= 2460
4936.0 , Degree=0
K= 2461
3749.67843845
K= 2462
9892.0
K= 2463
19.9999999999
K= 2464
4936.0 , Degree=0
K= 2465
2611.5546032
K= 2466
2336.0
K= 2467
4936.0 , Degree=0
K= 2468
16.0813797314
K= 2469
4936.0 , Degree=0
K= 2470
4936.0 , Degree=0
K= 2471
2569.01715699
K= 2472
19.6666666665
K= 2473
4936.0 , Degree=0
K= 2474
39.3333333331
K= 2475
14.5190476191
K= 2476
4936.0 , Degree=0
K= 2477
4936.0 , Degree=0
K= 2478
4936.0 , Degree=0
K= 2479
2488.85103795
K= 2480
2494.16666667
K= 2481
4936.0 , Degree=0
K= 2482
4936.0 , Degree=0
K= 2483
4936.0 , Degree=0
K= 2484
2622.32950383
K= 2485
65.9423925225
K= 2486
4936.0 , Degree=0
K= 2487
36.1757170704
K= 2488
19.4999999998
K= 2489
114.376329869
K= 2490
4936.0 , Degree=0
K= 2491
4936.0 , Degree=0
K= 2492
19.6805555554
K= 2493
20.1666666665
K= 2494
2290.0
K= 2495
4936.0 , Degree=0
K= 2496
92.0728496129
K= 2497
4936.0 , Degree=0
K= 2498
4936.0 , Degree=0
K= 2499
17.7666666667
K= 2500
4936.0 , Degree=0
K= 2501
4936.0 , Degree=0
K= 2502
4936.0 , Degree=0
K= 2503
17.7000000001
K= 2504
4936.0 , Degree=0
K= 2505
2524.30822829
K= 2506
14.104040404
K= 2507
4936.0 , Degree=0
K= 2508
4713.0
K= 2509
4936.0 , Degree=0
K= 2510
17.1666666665
K= 2511
4936.0 , Degree=0
K= 2512
4936.0 , Degree=0
K= 2513
2606.03274854
K= 2514
4936.0 , Degree=0
K= 2515
2325.0
K= 2516
4936.0 , Degree=0
K= 2517
2290.0
K= 2518
16.1287878787
K= 2519
4936.0 , Degree=0
K= 2520
307.687805592
K= 2521
49.6333333334
K= 2522
2486.80128205
K= 2523
2623.0
K= 2524
2487.93169856
K= 2525
19.4999999998
K= 2526
4936.0 , Degree=0
K= 2527
18.9659340658
K= 2528
20.6336912478
K= 2529
4936.0 , Degree=0
K= 2530
4936.0 , Degree=0
K= 2531
4936.0 , Degree=0
K= 2532
8.74470009742
K= 2533
4936.0 , Degree=0
K= 2534
22.0277777776
K= 2535
4936.0 , Degree=0
K= 2536
4936.0 , Degree=0
K= 2537
4936.0 , Degree=0
K= 2538
4936.0 , Degree=0
K= 2539
4936.0 , Degree=0
K= 2540
4936.0 , Degree=0
K= 2541
2597.0
K= 2542
2622.66960612
K= 2543
95.5047619048
K= 2544
4936.0 , Degree=0
K= 2545
4936.0 , Degree=0
K= 2546
4936.0 , Degree=0
K= 2547
4936.0 , Degree=0
K= 2548
2412.6446127
K= 2549
2655.2
K= 2550
4936.0 , Degree=0
K= 2551
2336.0
K= 2552
4936.0 , Degree=0
K= 2553
32.8584857488
K= 2554
53.4932040594
K= 2555
4936.0 , Degree=0
K= 2556
17.9999999999
K= 2557
4738.0
K= 2558
3046.64052099
K= 2559
13.6666666665
K= 2560
2678.06666667
K= 2561
16.1666666667
K= 2562
42.7843067226
K= 2563
8.19421182253
K= 2564
4936.0 , Degree=0
K= 2565
9892.0
K= 2566
18.4999999998
K= 2567
4742.0
K= 2568
4936.0 , Degree=0
K= 2569
4936.0 , Degree=0
K= 2570
4740.18619123
K= 2571
4936.0 , Degree=0
K= 2572
4936.0 , Degree=0
K= 2573
4744.61111111
K= 2574
20.1666666666
K= 2575
22.7864671558
K= 2576
2538.60404244
K= 2577
4936.0 , Degree=0
K= 2578
4936.0 , Degree=0
K= 2579
4936.0 , Degree=0
K= 2580
4936.0 , Degree=0
K= 2581
31.3131868131
K= 2582
19.9999999999
K= 2583
4936.0 , Degree=0
K= 2584
17.8666666668
K= 2585
4936.0 , Degree=0
K= 2586
4936.0 , Degree=0
K= 2587
4936.0 , Degree=0
K= 2588
18.9999999999
K= 2589
4750.99413919
K= 2590
2632.71298882
K= 2591
4936.0 , Degree=0
K= 2592
4936.0 , Degree=0
K= 2593
15.6190476191
K= 2594
59.9255176043
K= 2595
4936.0 , Degree=0
K= 2596
4936.0 , Degree=0
K= 2597
10.9404761904
K= 2598
4936.0 , Degree=0
K= 2599
4936.0 , Degree=0
K= 2600
4936.0 , Degree=0
K= 2601
4936.0 , Degree=0
K= 2602
97.2819564316
K= 2603
4936.0 , Degree=0
K= 2604
44.5869815667
K= 2605
10.8666666668
K= 2606
5348.0014651
K= 2607
4936.0 , Degree=0
K= 2608
19.8333333332
K= 2609
2622.32950383
K= 2610
2618.96834138
K= 2611
4936.0 , Degree=0
K= 2612
4936.0 , Degree=0
K= 2613
4936.0 , Degree=0
K= 2614
154.848541246
K= 2615
2600.90525467
K= 2616
11.6666666666
K= 2617
4936.0 , Degree=0
K= 2618
2494.16666667
K= 2619
4936.0 , Degree=0
K= 2620
4936.0 , Degree=0
K= 2621
4936.0 , Degree=0
K= 2622
16.7000000001
K= 2623
4936.0 , Degree=0
K= 2624
16.757142857
K= 2625
4936.0 , Degree=0
K= 2626
2623.0
K= 2627
4936.0 , Degree=0
K= 2628
7443.94024768
K= 2629
109.968212108
K= 2630
4936.0 , Degree=0
K= 2631
4936.0 , Degree=0
K= 2632
26.9791197127
K= 2633
4936.0 , Degree=0
K= 2634
4936.0 , Degree=0
K= 2635
4936.0 , Degree=0
K= 2636
4936.0 , Degree=0
K= 2637
4936.0 , Degree=0
K= 2638
2269.0
K= 2639
4936.0 , Degree=0
K= 2640
4936.0 , Degree=0
K= 2641
4936.0 , Degree=0
K= 2642
4936.0 , Degree=0
K= 2643
20.1666666665
K= 2644
4936.0 , Degree=0
K= 2645
11.8666666668
K= 2646
24.6666666665
K= 2647
4939.0
K= 2648
17.3166666665
K= 2649
2277.33333333
K= 2650
4936.0 , Degree=0
K= 2651
4936.0 , Degree=0
K= 2652
4936.0 , Degree=0
K= 2653
17.8666666668
K= 2654
4936.0 , Degree=0
K= 2655
40.0128089834
K= 2656
4697.66652193
K= 2657
4936.0 , Degree=0
K= 2658
113.409958485
K= 2659
4936.0 , Degree=0
K= 2660
4936.0 , Degree=0
K= 2661
4936.0 , Degree=0
K= 2662
4936.0 , Degree=0
K= 2663
20.5701695948
K= 2664
2643.32186147
K= 2665
4936.0 , Degree=0
K= 2666
4936.0 , Degree=0
K= 2667
170.835655046
K= 2668
17.6166666668
K= 2669
468.756731229
K= 2670
115.598629145
K= 2671
4936.0 , Degree=0
K= 2672
4936.0 , Degree=0
K= 2673
4936.0 , Degree=0
K= 2674
36.4999999998
K= 2675
4936.0 , Degree=0
K= 2676
4936.0 , Degree=0
K= 2677
9.85738747811
K= 2678
4936.0 , Degree=0
K= 2679
4936.0 , Degree=0
K= 2680
4936.0 , Degree=0
K= 2681
4936.0 , Degree=0
K= 2682
143.463526873
K= 2683
4936.0 , Degree=0
K= 2684
2336.0
K= 2685
2491.7
K= 2686
4936.0 , Degree=0
K= 2687
4936.0 , Degree=0
K= 2688
17.6666666665
K= 2689
4936.0 , Degree=0
K= 2690
2604.36136364
K= 2691
4936.0 , Degree=0
K= 2692
4936.0 , Degree=0
K= 2693
55.3333333333
K= 2694
4936.0 , Degree=0
K= 2695
4704.0
K= 2696
45.5
K= 2697
4936.0 , Degree=0
K= 2698
20.1666666665
K= 2699
19.6666666665
K= 2700
2260.65555556
K= 2701
4936.0 , Degree=0
K= 2702
17.6166666668
K= 2703
19.6666666665
K= 2704
4936.0 , Degree=0
K= 2705
2493.16666667
K= 2706
19.6666666665
K= 2707
4936.0 , Degree=0
K= 2708
4936.0 , Degree=0
K= 2709
4936.0 , Degree=0
K= 2710
9892.0
K= 2711
4713.0
K= 2712
32.0472446237
K= 2713
20.8690476191
K= 2714
16.1452380953
K= 2715
44.6354166665
K= 2716
4936.0 , Degree=0
K= 2717
4936.0 , Degree=0
K= 2718
46.4912508542
K= 2719
2762.67777778
K= 2720
4936.0 , Degree=0
K= 2721
4675.0
K= 2722
4936.0 , Degree=0
K= 2723
4936.0 , Degree=0
K= 2724
4936.0 , Degree=0
K= 2725
2269.0
K= 2726
4936.0 , Degree=0
K= 2727
2290.0
K= 2728
2493.66666667
K= 2729
4936.0 , Degree=0
K= 2730
4936.0 , Degree=0
K= 2731
4936.0 , Degree=0
K= 2732
4936.0 , Degree=0
K= 2733
2488.07109569
K= 2734
4936.0 , Degree=0
K= 2735
4743.0
K= 2736
4936.0 , Degree=0
K= 2737
4936.0 , Degree=0
K= 2738
4713.0
K= 2739
2629.23398905
K= 2740
4936.0 , Degree=0
K= 2741
57.0297924298
K= 2742
54.7621212122
K= 2743
4936.0 , Degree=0
K= 2744
14.0666666666
K= 2745
71.5239890127
K= 2746
2336.0
K= 2747
4936.0 , Degree=0
K= 2748
4936.0 , Degree=0
K= 2749
4936.0 , Degree=0
K= 2750
82.7079981124
K= 2751
4936.0 , Degree=0
K= 2752
4713.0
K= 2753
298.393439894
K= 2754
4936.0 , Degree=0
K= 2755
15.6135466449
K= 2756
2648.29716618
K= 2757
133.0
K= 2758
4936.0 , Degree=0
K= 2759
4936.0 , Degree=0
K= 2760
2630.3437112
K= 2761
20.1666666666
K= 2762
4936.0 , Degree=0
K= 2763
2489.953663
K= 2764
4713.0
K= 2765
12.5655122655
K= 2766
4936.0 , Degree=0
K= 2767
4936.0 , Degree=0
K= 2768
13.09013764
K= 2769
4936.0 , Degree=0
K= 2770
4936.0 , Degree=0
K= 2771
4936.0 , Degree=0
K= 2772
16.3333333334
K= 2773
2488.35959596
K= 2774
4936.0 , Degree=0
K= 2775
4936.0 , Degree=0
K= 2776
2487.8979904
K= 2777
28.9697802196
K= 2778
4936.0 , Degree=0
K= 2779
2336.0
K= 2780
19.6666666665
K= 2781
19.6666666665
K= 2782
84.3397754417
K= 2783
35.0805648457
K= 2784
4741.0
K= 2785
4936.0 , Degree=0
K= 2786
4936.0 , Degree=0
K= 2787
4936.0 , Degree=0
K= 2788
49.9
K= 2789
15.827200577
K= 2790
14.1897130649
K= 2791
4936.0 , Degree=0
K= 2792
4936.0 , Degree=0
K= 2793
4936.0 , Degree=0
K= 2794
20.1666666666
K= 2795
4936.0 , Degree=0
K= 2796
127.486159503
K= 2797
23.1333333332
K= 2798
16.0787878786
K= 2799
32.2020202021
K= 2800
19.6666666665
K= 2801
4936.0 , Degree=0
K= 2802
4739.84156863
K= 2803
15.4231601729
K= 2804
4936.0 , Degree=0
K= 2805
11.6608058608
K= 2806
4936.0 , Degree=0
K= 2807
16.6499999998
K= 2808
4936.0 , Degree=0
K= 2809
4936.0 , Degree=0
K= 2810
4936.0 , Degree=0
K= 2811
19.6666666666
K= 2812
14.1666666666
K= 2813
50.3082282913
K= 2814
4936.0 , Degree=0
K= 2815
4936.0 , Degree=0
K= 2816
15.8073593072
K= 2817
4936.0 , Degree=0
K= 2818
4936.0 , Degree=0
K= 2819
2493.66666667
K= 2820
4936.0 , Degree=0
K= 2821
2336.0
K= 2822
4936.0 , Degree=0
K= 2823
4936.0 , Degree=0
K= 2824
19.2000000001
K= 2825
2617.80238095
K= 2826
36.9318681318
K= 2827
4936.0 , Degree=0
K= 2828
11.6565934066
K= 2829
12.4384326198
K= 2830
4936.0 , Degree=0
K= 2831
4936.0 , Degree=0
K= 2832
4936.0 , Degree=0
K= 2833
4936.0 , Degree=0
K= 2834
2493.5
K= 2835
4936.0 , Degree=0
K= 2836
4936.0 , Degree=0
K= 2837
4936.0 , Degree=0
K= 2838
4936.0 , Degree=0
K= 2839
3635.52191111
K= 2840
2491.86666667
K= 2841
4936.0 , Degree=0
K= 2842
4936.0 , Degree=0
K= 2843
4936.0 , Degree=0
K= 2844
17.8666666668
K= 2845
2500.28321123
K= 2846
2290.0
K= 2847
2262.0
K= 2848
25.0729691359
K= 2849
11.2666666668
K= 2850
13.0333333334
K= 2851
4936.0 , Degree=0
K= 2852
4936.0 , Degree=0
K= 2853
4936.0 , Degree=0
K= 2854
17.3166666665
K= 2855
2493.61141968
K= 2856
4985.33333333
K= 2857
5114.0
K= 2858
4936.0 , Degree=0
K= 2859
16.6904761904
K= 2860
2584.0
K= 2861
300.537091503
K= 2862
4936.0 , Degree=0
K= 2863
9892.0
K= 2864
4733.0
K= 2865
2336.0
K= 2866
4936.0 , Degree=0
K= 2867
4936.0 , Degree=0
K= 2868
4979.15440115
K= 2869
35.0252207371
K= 2870
2491.52380952
K= 2871
2645.36666667
K= 2872
2585.19671995
K= 2873
4936.0 , Degree=0
K= 2874
4936.0 , Degree=0
K= 2875
4936.0 , Degree=0
K= 2876
4936.0 , Degree=0
K= 2877
50.3082282913
K= 2878
61.9778985566
K= 2879
4936.0 , Degree=0
K= 2880
4936.0 , Degree=0
K= 2881
4936.0 , Degree=0
K= 2882
4936.0 , Degree=0
K= 2883
4936.0 , Degree=0
K= 2884
2661.37063492
K= 2885
2263.0
K= 2886
4936.0 , Degree=0
K= 2887
4936.0 , Degree=0
K= 2888
4936.0 , Degree=0
K= 2889
39.5157106782
K= 2890
19.6666666666
K= 2891
19.4999999998
K= 2892
4936.0 , Degree=0
K= 2893
4936.0 , Degree=0
K= 2894
4936.0 , Degree=0
K= 2895
4704.0
K= 2896
4936.0 , Degree=0
K= 2897
4936.0 , Degree=0
K= 2898
4741.0
K= 2899
18.7666666665
K= 2900
4936.0 , Degree=0
K= 2901
4731.63968254
K= 2902
4936.0 , Degree=0
K= 2903
4936.0 , Degree=0
K= 2904
4936.0 , Degree=0
K= 2905
4936.0 , Degree=0
K= 2906
2269.0
K= 2907
111.774949521
K= 2908
4936.0 , Degree=0
K= 2909
4936.0 , Degree=0
K= 2910
2336.0
K= 2911
2489.0978355
K= 2912
158.224460607
K= 2913
3657.99398703
K= 2914
4936.0 , Degree=0
K= 2915
4936.0 , Degree=0
K= 2916
19.4999999999
K= 2917
2643.35992063
K= 2918
2628.72319836
K= 2919
32.448076923
K= 2920
4936.0 , Degree=0
K= 2921
4936.0 , Degree=0
K= 2922
4936.0 , Degree=0
K= 2923
62.71123189
K= 2924
17.3166666665
K= 2925
19.2000000001
K= 2926
2309.66666667
K= 2927
4936.0 , Degree=0
K= 2928
4936.0 , Degree=0
K= 2929
14.5502525251
K= 2930
89.8781180436
K= 2931
2495.91450216
K= 2932
4936.0 , Degree=0
K= 2933
4936.0 , Degree=0
K= 2934
4936.0 , Degree=0
K= 2935
4936.0 , Degree=0
K= 2936
4936.0 , Degree=0
K= 2937
19.6666666665
K= 2938
4936.0 , Degree=0
K= 2939
2513.05207827
K= 2940
17.6833333334
K= 2941
4936.0 , Degree=0
K= 2942
18.1155827263
K= 2943
19.9999999999
K= 2944
20.1666666665
K= 2945
4656.0
K= 2946
4936.0 , Degree=0
K= 2947
4936.0 , Degree=0
K= 2948
4936.0 , Degree=0
K= 2949
4936.0 , Degree=0
K= 2950
4936.0 , Degree=0
K= 2951
39.3333333331
K= 2952
2290.0
K= 2953
4936.0 , Degree=0
K= 2954
2536.45555556
K= 2955
27.033882784
K= 2956
4936.0 , Degree=0
K= 2957
2678.06666667
K= 2958
4936.0 , Degree=0
K= 2959
4936.0 , Degree=0
K= 2960
2577.26211844
K= 2961
4936.0 , Degree=0
K= 2962
62.71123189
K= 2963
5105.92203779
K= 2964
4936.0 , Degree=0
K= 2965
62.71123189
K= 2966
4936.0 , Degree=0
K= 2967
4936.0 , Degree=0
K= 2968
14.1666666665
K= 2969
4936.0 , Degree=0
K= 2970
4936.0 , Degree=0
K= 2971
4936.0 , Degree=0
K= 2972
2336.0
K= 2973
19.6666666665
K= 2974
70.5987679767
K= 2975
4936.0 , Degree=0
K= 2976
4936.0 , Degree=0
K= 2977
2620.49847212
K= 2978
4936.0 , Degree=0
K= 2979
4936.0 , Degree=0
K= 2980
19.4999999999
K= 2981
4936.0 , Degree=0
K= 2982
2654.81111111
K= 2983
20.1666666666
K= 2984
3654.99398703
K= 2985
4697.8
K= 2986
17.007142857
K= 2987
4936.0 , Degree=0
K= 2988
4936.0 , Degree=0
K= 2989
4936.0 , Degree=0
K= 2990
2303.25194842
K= 2991
4936.0 , Degree=0
K= 2992
4936.0 , Degree=0
K= 2993
19.6666666665
K= 2994
12.0
K= 2995
2498.66666667
K= 2996
4720.0
K= 2997
13.6666666665
K= 2998
4936.0 , Degree=0
K= 2999
2487.97777778
K= 3000
16.9406593406
K= 3001
2258.52380952
K= 3002
19.6666666665
K= 3003
17.6000000001
K= 3004
4936.0 , Degree=0
K= 3005
2605.00539278
K= 3006
19.6666666665
K= 3007
4936.0 , Degree=0
K= 3008
13.1179154177
K= 3009
2631.35075464
K= 3010
4936.0 , Degree=0
K= 3011
4936.0 , Degree=0
K= 3012
4936.0 , Degree=0
K= 3013
14.4069858245
K= 3014
2643.29716618
K= 3015
4936.0 , Degree=0
K= 3016
4936.0 , Degree=0
K= 3017
11.8608058608
K= 3018
43.5520782741
K= 3019
4742.0
K= 3020
2491.16666667
K= 3021
2535.61746032
K= 3022
16.726190476
K= 3023
2660.01373626
K= 3024
4936.0 , Degree=0
K= 3025
13.6666666665
K= 3026
55.4498255712
K= 3027
2566.95957875
K= 3028
17.9999999999
K= 3029
4936.0 , Degree=0
K= 3030
2586.32950383
K= 3031
4936.0 , Degree=0
K= 3032
3490.99398703
K= 3033
15.3293650793
K= 3034
4936.0 , Degree=0
K= 3035
17.3166666665
K= 3036
2264.61111111
K= 3037
4936.0 , Degree=0
K= 3038
2494.0
K= 3039
19.4999999999
K= 3040
19.6666666665
K= 3041
4936.0 , Degree=0
K= 3042
4936.0 , Degree=0
K= 3043
4936.0 , Degree=0
K= 3044
4936.0 , Degree=0
K= 3045
14.7495312911
K= 3046
2486.39759568
K= 3047
33.8228354978
K= 3048
2489.80497835
K= 3049
4936.0 , Degree=0
K= 3050
2269.0
K= 3051
26.2205459771
K= 3052
59.8699620487
K= 3053
101.899536944
K= 3054
2493.66666667
K= 3055
4936.0 , Degree=0
K= 3056
4936.0 , Degree=0
K= 3057
4936.0 , Degree=0
K= 3058
4936.0 , Degree=0
K= 3059
4936.0 , Degree=0
K= 3060
4936.0 , Degree=0
K= 3061
4936.0 , Degree=0
K= 3062
17.6166666668
K= 3063
4936.0 , Degree=0
K= 3064
4936.0 , Degree=0
K= 3065
4936.0 , Degree=0
K= 3066
2604.47760211
K= 3067
19.3333333332
K= 3068
12.9262820513
K= 3069
4936.0 , Degree=0
K= 3070
4936.0 , Degree=0
K= 3071
16.6499999998
K= 3072
4738.61111111
K= 3073
4936.0 , Degree=0
K= 3074
4936.0 , Degree=0
K= 3075
13.2036297034
K= 3076
4936.0 , Degree=0
K= 3077
10.7738095237
K= 3078
4936.0 , Degree=0
K= 3079
4936.0 , Degree=0
K= 3080
17.5333333334
K= 3081
2665.02857143
K= 3082
2267.0
K= 3083
4936.0 , Degree=0
K= 3084
4936.0 , Degree=0
K= 3085
2601.0
K= 3086
17.6000000001
K= 3087
4936.0 , Degree=0
K= 3088
4936.0 , Degree=0
K= 3089
2309.66666667
K= 3090
96.8711350636
K= 3091
4936.0 , Degree=0
K= 3092
4713.0
K= 3093
19.6666666665
K= 3094
4936.0 , Degree=0
K= 3095
4936.0 , Degree=0
K= 3096
19.8333333332
K= 3097
19.8333333332
K= 3098
4936.0 , Degree=0
K= 3099
23.4664661683
K= 3100
17.007142857
K= 3101
2597.0
K= 3102
2636.51462537
K= 3103
4936.0 , Degree=0
K= 3104
2561.5
K= 3105
62.71123189
K= 3106
2309.66666667
K= 3107
4749.0
K= 3108
4936.0 , Degree=0
K= 3109
13.4999999999
K= 3110
4936.0 , Degree=0
K= 3111
4936.0 , Degree=0
K= 3112
4936.0 , Degree=0
K= 3113
4446.27808448
K= 3114
34.9666666666
K= 3115
19.4999999998
K= 3116
20.1666666666
K= 3117
4696.66666667
K= 3118
4936.0 , Degree=0
K= 3119
4936.0 , Degree=0
K= 3120
2489.03292831
K= 3121
4936.0 , Degree=0
K= 3122
15.5216450215
K= 3123
175.342857143
K= 3124
-5.82076609135e-11
K= 3125
4936.0 , Degree=0
K= 3126
4936.0 , Degree=0
K= 3127
2493.5
K= 3128
9424.0
K= 3129
19.4999999998
K= 3130
2622.32950383
K= 3131
13.6666666666
K= 3132
2463.7212565
K= 3133
28.1676470588
K= 3134
151.313502302
K= 3135
2459.78809524
K= 3136
2633.73571429
K= 3137
4936.0 , Degree=0
K= 3138
4783.66666667
K= 3139
2269.0
K= 3140
4936.0 , Degree=0
K= 3141
4936.0 , Degree=0
K= 3142
19.2047619046
K= 3143
2406.89986606
K= 3144
4936.0 , Degree=0
K= 3145
15.1190476191
K= 3146
4936.0 , Degree=0
K= 3147
4936.0 , Degree=0
K= 3148
4936.0 , Degree=0
K= 3149
4936.0 , Degree=0
K= 3150
2516.74580838
K= 3151
4936.0 , Degree=0
K= 3152
4936.0 , Degree=0
K= 3153
2259.0
K= 3154
2309.66666667
K= 3155
4936.0 , Degree=0
K= 3156
62.71123189
K= 3157
5181.33333333
K= 3158
4936.0 , Degree=0
K= 3159
12.6536297035
K= 3160
4936.0 , Degree=0
K= 3161
2493.66666667
K= 3162
14.7948412697
K= 3163
4936.0 , Degree=0
K= 3164
7053.33333333
K= 3165
4675.0
K= 3166
4936.0 , Degree=0
K= 3167
2290.0
K= 3168
4936.0 , Degree=0
K= 3169
14.3787878787
K= 3170
4936.0 , Degree=0
K= 3171
17.3166666665
K= 3172
4936.0 , Degree=0
K= 3173
4936.0 , Degree=0
K= 3174
77.9968257661
K= 3175
19.8333333332
K= 3176
4936.0 , Degree=0
K= 3177
157.947883924
K= 3178
15.6480463981
K= 3179
2494.16666667
K= 3180
2653.9
K= 3181
2309.66666667
K= 3182
19.8333333332
K= 3183
4936.0 , Degree=0
K= 3184
4936.0 , Degree=0
K= 3185
4936.0 , Degree=0
K= 3186
23.7333333332
K= 3187
11.2896010995
K= 3188
5043.40270449
K= 3189
31.9999999998
K= 3190
11.3515669114
K= 3191
4936.0 , Degree=0
K= 3192
39.1873943002
K= 3193
4936.0 , Degree=0
K= 3194
2491.86666667
K= 3195
4936.0 , Degree=0
K= 3196
4936.0 , Degree=0
K= 3197
4936.0 , Degree=0
K= 3198
9.93090084195
K= 3199
4936.0 , Degree=0
K= 3200
18.1666666665
K= 3201
14.8523809524
K= 3202
4936.0 , Degree=0
K= 3203
4936.0 , Degree=0
K= 3204
2309.66666667
K= 3205
4936.0 , Degree=0
K= 3206
4936.0 , Degree=0
K= 3207
18.3666666668
K= 3208
4936.0 , Degree=0
K= 3209
4936.0 , Degree=0
K= 3210
1390.60969783
K= 3211
4936.0 , Degree=0
K= 3212
4936.0 , Degree=0
K= 3213
4936.0 , Degree=0
K= 3214
4936.0 , Degree=0
K= 3215
4936.0 , Degree=0
K= 3216
22.912121212
K= 3217
4936.0 , Degree=0
K= 3218
11.1655270653
K= 3219
10.1333333334
K= 3220
17.007142857
K= 3221
2336.0
K= 3222
4936.0 , Degree=0
K= 3223
8.60497835488
K= 3224
52.0664758487
K= 3225
19.6666666665
K= 3226
4936.0 , Degree=0
K= 3227
4936.0 , Degree=0
K= 3228
-5.82076609135e-11
K= 3229
4936.0 , Degree=0
K= 3230
4936.0 , Degree=0
K= 3231
2642.26350871
K= 3232
2540.63279305
K= 3233
4936.0 , Degree=0
K= 3234
4936.0 , Degree=0
K= 3235
90.8724386724
K= 3236
4936.0 , Degree=0
K= 3237
77.9968257661
K= 3238
4936.0 , Degree=0
K= 3239
4936.0 , Degree=0
K= 3240
4936.0 , Degree=0
K= 3241
2524.70568551
K= 3242
19.9999999999
K= 3243
4936.0 , Degree=0
K= 3244
4936.0 , Degree=0
K= 3245
4936.0 , Degree=0
K= 3246
7448.66666667
K= 3247
4936.0 , Degree=0
K= 3248
4713.0
K= 3249
2572.32950383
K= 3250
77.9968257661
K= 3251
4936.0 , Degree=0
K= 3252
19.6666666666
K= 3253
4936.0 , Degree=0
K= 3254
4738.0
K= 3255
2488.2281746
K= 3256
27.0999999999
K= 3257
4936.0 , Degree=0
K= 3258
234.607779397
K= 3259
4737.66666667
K= 3260
16.357142857
K= 3261
4936.0 , Degree=0
K= 3262
2610.60404244
K= 3263
4936.0 , Degree=0
K= 3264
4936.0 , Degree=0
K= 3265
0.0
K= 3266
4936.0 , Degree=0
K= 3267
176.456617651
K= 3268
2493.0
K= 3269
19.6666666666
K= 3270
4936.0 , Degree=0
K= 3271
16.457142857
K= 3272
4936.0 , Degree=0
K= 3273
4936.0 , Degree=0
K= 3274
123.0
K= 3275
2336.0
K= 3276
2269.0
K= 3277
29.4366013071
K= 3278
16.707142857
K= 3279
15.5190476191
K= 3280
4936.0 , Degree=0
K= 3281
4936.0 , Degree=0
K= 3282
322.568054177
K= 3283
13.5064213564
K= 3284
4936.0 , Degree=0
K= 3285
13.0774725275
K= 3286
2566.95957875
K= 3287
2309.66666667
K= 3288
2391.0
K= 3289
4936.0 , Degree=0
K= 3290
19.1666666665
K= 3291
12.0333333332
K= 3292
4936.0 , Degree=0
K= 3293
12.5889515454
K= 3294
2642.63333333
K= 3295
4936.0 , Degree=0
K= 3296
4936.0 , Degree=0
K= 3297
4936.0 , Degree=0
K= 3298
4936.0 , Degree=0
K= 3299
62.5683747471
K= 3300
16.6404761904
K= 3301
2669.51666667
K= 3302
4936.0 , Degree=0
K= 3303
4936.0 , Degree=0
K= 3304
42.7456651365
K= 3305
4936.0 , Degree=0
K= 3306
19.6666666665
K= 3307
4936.0 , Degree=0
K= 3308
4936.0 , Degree=0
K= 3309
4936.0 , Degree=0
K= 3310
19.6666666665
K= 3311
4675.0
K= 3312
4936.0 , Degree=0
K= 3313
4936.0 , Degree=0
K= 3314
4936.0 , Degree=0
K= 3315
50.2042787037
K= 3316
2152.0
K= 3317
4936.0 , Degree=0
K= 3318
4936.0 , Degree=0
K= 3319
4936.0 , Degree=0
K= 3320
15.6190476191
K= 3321
4936.0 , Degree=0
K= 3322
2336.0
K= 3323
16.2166666667
K= 3324
47.9765567764
K= 3325
36.7333333332
K= 3326
18.4928571429
K= 3327
4936.0 , Degree=0
K= 3328
11.8333333333
K= 3329
2273.33333333
K= 3330
14.0781746031
K= 3331
4936.0 , Degree=0
K= 3332
4936.0 , Degree=0
K= 3333
4936.0 , Degree=0
K= 3334
2524.09989496
K= 3335
4936.0 , Degree=0
K= 3336
34.4663159176
K= 3337
4936.0 , Degree=0
K= 3338
4936.0 , Degree=0
K= 3339
4936.0 , Degree=0
K= 3340
2528.96677489
K= 3341
2575.5546032
K= 3342
4936.0 , Degree=0
K= 3343
4936.0 , Degree=0
K= 3344
19.6666666665
K= 3345
4936.0 , Degree=0
K= 3346
2671.73333333
K= 3347
2488.1654648
K= 3348
4936.0 , Degree=0
K= 3349
4936.0 , Degree=0
K= 3350
4936.0 , Degree=0
K= 3351
2490.65
K= 3352
60.2642857141
K= 3353
4936.0 , Degree=0
K= 3354
4936.0 , Degree=0
K= 3355
2646.08055556
K= 3356
18.2666666668
K= 3357
27.8269738448
K= 3358
4936.0 , Degree=0
K= 3359
15.757142857
K= 3360
4936.0 , Degree=0
K= 3361
4936.0 , Degree=0
K= 3362
4936.0 , Degree=0
K= 3363
4936.0 , Degree=0
K= 3364
4936.0 , Degree=0
K= 3365
4936.0 , Degree=0
K= 3366
62.71123189
K= 3367
4936.0 , Degree=0
K= 3368
15.1190476191
K= 3369
2488.5
K= 3370
4936.0 , Degree=0
K= 3371
4936.0 , Degree=0
K= 3372
18.3666666668
K= 3373
4936.0 , Degree=0
K= 3374
4936.0 , Degree=0
K= 3375
4936.0 , Degree=0
K= 3376
4936.0 , Degree=0
K= 3377
4936.0 , Degree=0
K= 3378
2586.12700702
K= 3379
4936.0 , Degree=0
K= 3380
4749.0
K= 3381
4936.0 , Degree=0
K= 3382
4936.0 , Degree=0
K= 3383
4936.0 , Degree=0
K= 3384
134.333333333
K= 3385
2269.0
K= 3386
4936.0 , Degree=0
K= 3387
4936.0 , Degree=0
K= 3388
4936.0 , Degree=0
K= 3389
4936.0 , Degree=0
K= 3390
14.5
K= 3391
101.559788843
K= 3392
2263.0
K= 3393
4936.0 , Degree=0
K= 3394
4936.0 , Degree=0
K= 3395
2610.60404244
K= 3396
4936.0 , Degree=0
K= 3397
2336.0
K= 3398
4936.0 , Degree=0
K= 3399
2336.0
K= 3400
4936.0 , Degree=0
K= 3401
4936.0 , Degree=0
K= 3402
2638.80039683
K= 3403
2660.01666667
K= 3404
4936.0 , Degree=0
K= 3405
19.7020202021
K= 3406
10.8404761904
K= 3407
203.466666667
K= 3408
2577.26211844
K= 3409
18.3666666668
K= 3410
2644.58943001
K= 3411
19.6666666665
K= 3412
53.3544137081
K= 3413
2493.33333333
K= 3414
4936.0 , Degree=0
K= 3415
11.1306064305
K= 3416
2665.45714286
K= 3417
2486.54562325
K= 3418
4936.0 , Degree=0
K= 3419
4736.5
K= 3420
77.9968257661
K= 3421
12.1528404343
K= 3422
4936.0 , Degree=0
K= 3423
4936.0 , Degree=0
K= 3424
2586.12700702
K= 3425
4936.0 , Degree=0
K= 3426
4936.0 , Degree=0
K= 3427
12.5882696937
K= 3428
4763.0
K= 3429
14.3333333333
K= 3430
4936.0 , Degree=0
K= 3431
16.2500000001
K= 3432
4936.0 , Degree=0
K= 3433
4936.0 , Degree=0
K= 3434
27.8809523808
K= 3435
2560.84227994
K= 3436
4936.0 , Degree=0
K= 3437
4737.0
K= 3438
4936.0 , Degree=0
K= 3439
4936.0 , Degree=0
K= 3440
2336.0
K= 3441
4936.0 , Degree=0
K= 3442
2347.66666667
K= 3443
53.4447474919
K= 3444
4936.0 , Degree=0
K= 3445
150.793622841
K= 3446
4936.0 , Degree=0
K= 3447
2290.0
K= 3448
126.0
K= 3449
17.5166666667
K= 3450
4936.0 , Degree=0
K= 3451
4936.0 , Degree=0
K= 3452
4936.0 , Degree=0
K= 3453
2658.04848485
K= 3454
2309.66666667
K= 3455
4936.0 , Degree=0
K= 3456
2290.0
K= 3457
19.4999999998
K= 3458
4936.0 , Degree=0
K= 3459
4936.0 , Degree=0
K= 3460
4936.0 , Degree=0
K= 3461
2524.30822829
K= 3462
4936.0 , Degree=0
K= 3463
4936.0 , Degree=0
K= 3464
19.6666666665
K= 3465
4936.0 , Degree=0
K= 3466
77.9968257661
K= 3467
4936.0 , Degree=0
K= 3468
12.4999999999
K= 3469
4936.0 , Degree=0
K= 3470
25.4436274508
K= 3471
2640.02333222
K= 3472
4936.0 , Degree=0
K= 3473
4936.0 , Degree=0
K= 3474
15.1190476191
K= 3475
4936.0 , Degree=0
K= 3476
4936.0 , Degree=0
K= 3477
2486.0058296
K= 3478
4936.0 , Degree=0
K= 3479
15.8549783548
K= 3480
4936.0 , Degree=0
K= 3481
152.955829596
K= 3482
4936.0 , Degree=0
K= 3483
4936.0 , Degree=0
K= 3484
30.9798534798
K= 3485
38.6666666666
K= 3486
2490.65
K= 3487
4936.0 , Degree=0
K= 3488
2586.94979021
K= 3489
4936.0 , Degree=0
K= 3490
2261.0
K= 3491
11.1907138067
K= 3492
4936.0 , Degree=0
K= 3493
2659.79444444
K= 3494
4936.0 , Degree=0
K= 3495
4936.0 , Degree=0
K= 3496
4936.0 , Degree=0
K= 3497
4936.0 , Degree=0
K= 3498
31.1910474714
K= 3499
4936.0 , Degree=0
K= 3500
16.9523809524
K= 3501
2533.2494228
K= 3502
4936.0 , Degree=0
K= 3503
4936.0 , Degree=0
K= 3504
4936.0 , Degree=0
K= 3505
4936.0 , Degree=0
K= 3506
2647.81666667
K= 3507
2417.0
K= 3508
20.1666666666
K= 3509
2628.6
K= 3510
4936.0 , Degree=0
K= 3511
2251.46666667
K= 3512
2336.0
K= 3513
2651.43203463
K= 3514
14.3916666665
K= 3515
2336.0
K= 3516
170.835655046
K= 3517
7.5064213564
K= 3518
2504.66666667
K= 3519
21.7808732189
K= 3520
14.25
K= 3521
4936.0 , Degree=0
K= 3522
4741.0
K= 3523
4936.0 , Degree=0
K= 3524
2546.83253968
K= 3525
2309.66666667
K= 3526
17.6
K= 3527
4936.0 , Degree=0
K= 3528
19.6666666665
K= 3529
4936.0 , Degree=0
K= 3530
2538.60404244
K= 3531
4936.0 , Degree=0
K= 3532
4936.0 , Degree=0
K= 3533
2647.52301587
K= 3534
3150.39078235
K= 3535
29.4950655357
K= 3536
4936.0 , Degree=0
K= 3537
4936.0 , Degree=0
K= 3538
19.6666666665
K= 3539
2610.60404244
K= 3540
213.781352478
K= 3541
4936.0 , Degree=0
K= 3542
272.071428571
K= 3543
4936.0 , Degree=0
K= 3544
4936.0 , Degree=0
K= 3545
3124.73248779
K= 3546
4936.0 , Degree=0
K= 3547
4936.0 , Degree=0
K= 3548
17.3166666665
K= 3549
4936.0 , Degree=0
K= 3550
4936.0 , Degree=0
K= 3551
19.3333333331
K= 3552
4939.0
K= 3553
62.71123189
K= 3554
4936.0 , Degree=0
K= 3555
4936.0 , Degree=0
K= 3556
2585.19671995
K= 3557
4936.0 , Degree=0
K= 3558
3478.21262517
K= 3559
4940.0
K= 3560
18.9999999998
K= 3561
16.9385237389
K= 3562
25.3376620246
K= 3563
4936.0 , Degree=0
K= 3564
2486.19062419
K= 3565
4936.0 , Degree=0
K= 3566
19.6666666665
K= 3567
4936.0 , Degree=0
K= 3568
4713.0
K= 3569
4936.0 , Degree=0
K= 3570
4936.0 , Degree=0
K= 3571
4936.0 , Degree=0
K= 3572
4936.0 , Degree=0
K= 3573
4936.0 , Degree=0
K= 3574
2584.60224302
K= 3575
4936.0 , Degree=0
K= 3576
4936.0 , Degree=0
K= 3577
14.5787878787
K= 3578
2303.25194842
K= 3579
72.2574013287
K= 3580
4936.0 , Degree=0
K= 3581
19.3333333331
K= 3582
4936.0 , Degree=0
K= 3583
4936.0 , Degree=0
K= 3584
2659.79761905
K= 3585
4936.0 , Degree=0
K= 3586
2593.90217116
K= 3587
172.238095238
K= 3588
12.3666666668
K= 3589
17.5666666668
K= 3590
2604.35002256
K= 3591
4936.0 , Degree=0
K= 3592
4936.0 , Degree=0
K= 3593
4936.0 , Degree=0
K= 3594
2620.59909433
K= 3595
4936.0 , Degree=0
K= 3596
12.5754491809
K= 3597
4936.0 , Degree=0
K= 3598
4936.0 , Degree=0
K= 3599
18.3666666668
K= 3600
4936.0 , Degree=0
Betweenness Centrality Improvement
[ 0.  0.  0. ...,  0.  0.  0.]
Top 20 BC Improvement
[2565 2710 2863 2462 3128 3246 2628 3164 2606 3157 2857 2963 3188 2856 2868
 3559 3552 2647 3475 3482]
Top 20 BC Improvement
[ 9892.          9892.          9892.          9892.          9424.
  7448.66666667  7443.94024768  7053.33333333  5348.0014651   5181.33333333
  5114.          5105.92203779  5043.40270449  4985.33333333  4979.15440115
  4940.          4939.          4939.          4936.          4936.        ]
