txValue= 1000000
Input graph
IGRAPH D--- 4619 68733 -- 
+ attr: pub_key (v), base_fee (e), capacity (e), fee_rate (e), txCost (e)
None
Graph after edges deleted
IGRAPH D--- 4619 32193 -- 
+ attr: pub_key (v), base_fee (e), capacity (e), fee_rate (e), txCost (e)
None
Our nodes starting connections: 
(4618, 2796)
(4618, 1223)
(4618, 1163)
(4618, 222)
(4618, 2745)
(4618, 3884)
(4618, 3265)
(4618, 4209)
(4618, 2087)
(4618, 3540)
(4618, 3690)
(4618, 1039)
(4618, 797)
(4618, 498)
(4618, 4384)
CurrentBC of our node:  561705.741878
K= 1200
4936.0 , Degree=0
K= 1201
4936.0 , Degree=0
K= 1202
4970.12960373
K= 1203
4936.0 , Degree=0
K= 1204
2495.27098735
K= 1205
4936.0 , Degree=0
K= 1206
30.9121212122
K= 1207
4936.0 , Degree=0
K= 1208
4936.0 , Degree=0
K= 1209
47.2109848486
K= 1210
12.3950216452
K= 1211
18.9333333336
K= 1212
95.9751136074
K= 1213
2671.90555556
K= 1214
2494.28055556
K= 1215
2642.29047619
K= 1216
4936.0 , Degree=0
K= 1217
4936.0 , Degree=0
K= 1218
30.8247252747
K= 1219
14.2666666668
K= 1220
16.3227272729
K= 1221
4936.0 , Degree=0
K= 1222
4936.0 , Degree=0
K= 1223
9.06666666665
K= 1224
17.6071428574
K= 1225
19.4461538463
K= 1226
4936.0 , Degree=0
K= 1227
4936.0 , Degree=0
K= 1228
221.888095238
K= 1229
4936.0 , Degree=0
K= 1230
70.8382382893
K= 1231
18.2785714288
K= 1232
2163.0
K= 1233
19.7666666668
K= 1234
4936.0 , Degree=0
K= 1235
4936.0 , Degree=0
K= 1236
13.7666666668
K= 1237
4936.0 , Degree=0
K= 1238
4936.0 , Degree=0
K= 1239
4936.0 , Degree=0
K= 1240
2645.47738155
K= 1241
803.917204441
K= 1242
4936.0 , Degree=0
K= 1243
4936.0 , Degree=0
K= 1244
4936.0 , Degree=0
K= 1245
4936.0 , Degree=0
K= 1246
2492.27857143
K= 1247
67.6500000003
K= 1248
4936.0 , Degree=0
K= 1249
95.9751136074
K= 1250
14.8539987793
K= 1251
4936.0 , Degree=0
K= 1252
45.7507962228
K= 1253
4936.0 , Degree=0
K= 1254
4936.0 , Degree=0
K= 1255
4936.0 , Degree=0
K= 1256
4936.0 , Degree=0
K= 1257
16.8738095241
K= 1258
4936.0 , Degree=0
K= 1259
4936.0 , Degree=0
K= 1260
47.9155186065
K= 1261
2641.50558192
K= 1262
4936.0 , Degree=0
K= 1263
20.2666666668
K= 1264
4712.60952381
K= 1265
64.5932040905
K= 1266
4936.0 , Degree=0
K= 1267
13.7952380956
K= 1268
14.2666666668
K= 1269
4936.0 , Degree=0
K= 1270
4936.0 , Degree=0
K= 1271
38.7166666666
K= 1272
4936.0 , Degree=0
K= 1273
2583.1200039
K= 1274
4936.0 , Degree=0
K= 1275
15.7302614056
K= 1276
2639.71494332
K= 1277
2679.79512987
K= 1278
91.2722222225
K= 1279
2606.56783675
K= 1280
2292.91121934
K= 1281
4936.0 , Degree=0
K= 1282
4936.0 , Degree=0
K= 1283
4936.0 , Degree=0
K= 1284
4936.0 , Degree=0
K= 1285
88.6000000001
K= 1286
4936.0 , Degree=0
K= 1287
4936.0 , Degree=0
K= 1288
4936.0 , Degree=0
K= 1289
2485.54876396
K= 1290
4936.0 , Degree=0
K= 1291
2571.68008817
K= 1292
4936.0 , Degree=0
K= 1293
4936.0 , Degree=0
K= 1294
19.6000000002
K= 1295
2238.33260073
K= 1296
4936.0 , Degree=0
K= 1297
4936.0 , Degree=0
K= 1298
2307.75
K= 1299
20.0801587305
K= 1300
17.4738095241
K= 1301
4936.0 , Degree=0
K= 1302
2602.67465812
K= 1303
4936.0 , Degree=0
K= 1304
11.7187074833
K= 1305
2487.51111111
K= 1306
2488.60528036
K= 1307
2307.75
K= 1308
13.8230158733
K= 1309
4936.0 , Degree=0
K= 1310
4936.0 , Degree=0
K= 1311
16.2393939396
K= 1312
4669.41666667
K= 1313
4936.0 , Degree=0
K= 1314
2240.0
K= 1315
4936.0 , Degree=0
K= 1316
179.597868798
K= 1317
54.4763499249
K= 1318
173.753541472
K= 1319
4936.0 , Degree=0
K= 1320
116.754744835
K= 1321
3130.91948411
K= 1322
4936.0 , Degree=0
K= 1323
4936.0 , Degree=0
K= 1324
4936.0 , Degree=0
K= 1325
4936.0 , Degree=0
K= 1326
2486.11282051
K= 1327
45.4747711113
K= 1328
3147.37182797
K= 1329
4936.0 , Degree=0
K= 1330
2484.09636122
K= 1331
4936.0 , Degree=0
K= 1332
2647.81886447
K= 1333
19.9333333336
K= 1334
2664.81991989
K= 1335
2388.66471428
K= 1336
70.8382382893
K= 1337
2704.13333333
K= 1338
20.2809523812
K= 1339
2307.75
K= 1340
4936.0 , Degree=0
K= 1341
4936.0 , Degree=0
K= 1342
4936.0 , Degree=0
K= 1343
4936.0 , Degree=0
K= 1344
2660.86641191
K= 1345
4936.0 , Degree=0
K= 1346
4936.0 , Degree=0
K= 1347
4936.0 , Degree=0
K= 1348
383.289747825
K= 1349
4936.0 , Degree=0
K= 1350
16.8571428574
K= 1351
22.9783549787
K= 1352
66.7898977234
K= 1353
4704.0
K= 1354
20.2805555558
K= 1355
4936.0 , Degree=0
K= 1356
60.278811587
K= 1357
4936.0 , Degree=0
K= 1358
13.8230158733
K= 1359
99.1530857215
K= 1360
4936.0 , Degree=0
K= 1361
4936.0 , Degree=0
K= 1362
9403.97222222
K= 1363
13.9333333336
K= 1364
2491.46190476
K= 1365
4936.0 , Degree=0
K= 1366
4936.0 , Degree=0
K= 1367
25.3463161025
K= 1368
4936.0 , Degree=0
K= 1369
4936.0 , Degree=0
K= 1370
35.2142857146
K= 1371
16.3727272729
K= 1372
140.0
K= 1373
4936.0 , Degree=0
K= 1374
4936.0 , Degree=0
K= 1375
4936.0 , Degree=0
K= 1376
18.2666666668
K= 1377
23.4690476194
K= 1378
20.1000000002
K= 1379
16.7904761907
K= 1380
4936.0 , Degree=0
K= 1381
2486.22660673
K= 1382
2655.31438839
K= 1383
40.7681818184
K= 1384
4936.0 , Degree=0
K= 1385
2653.62977344
K= 1386
4936.0 , Degree=0
K= 1387
4936.0 , Degree=0
K= 1388
2236.4047619
K= 1389
4936.0 , Degree=0
K= 1390
4702.0
K= 1391
4936.0 , Degree=0
K= 1392
2665.67747771
K= 1393
4936.0 , Degree=0
K= 1394
18.4619047622
K= 1395
11.7119047622
K= 1396
4936.0 , Degree=0
K= 1397
116.130952381
K= 1398
4936.0 , Degree=0
K= 1399
4936.0 , Degree=0
K= 1400
4936.0 , Degree=0
K= 1401
2307.75
K= 1402
4936.0 , Degree=0
K= 1403
4936.0 , Degree=0
K= 1404
4936.0 , Degree=0
K= 1405
16.9238095242
K= 1406
2493.76666667
K= 1407
19.4461538463
K= 1408
4936.0 , Degree=0
K= 1409
4936.0 , Degree=0
K= 1410
4936.0 , Degree=0
K= 1411
4936.0 , Degree=0
K= 1412
4936.0 , Degree=0
K= 1413
4936.0 , Degree=0
K= 1414
4703.925
K= 1415
2516.62990245
K= 1416
2623.00514735
K= 1417
16.5727272729
K= 1418
4936.0 , Degree=0
K= 1419
75.0758380159
K= 1420
8.5
K= 1421
4936.0 , Degree=0
K= 1422
2260.75
K= 1423
4936.0 , Degree=0
K= 1424
4936.0 , Degree=0
K= 1425
32.8321899169
K= 1426
2260.75
K= 1427
4690.1
K= 1428
4936.0 , Degree=0
K= 1429
4936.0 , Degree=0
K= 1430
50.7727272729
K= 1431
4936.0 , Degree=0
K= 1432
13.6000000002
K= 1433
20.1000000002
K= 1434
2322.0
K= 1435
4936.0 , Degree=0
K= 1436
4936.0 , Degree=0
K= 1437
4936.0 , Degree=0
K= 1438
4936.0 , Degree=0
K= 1439
4936.0 , Degree=0
K= 1440
12399.1666667
K= 1441
4936.0 , Degree=0
K= 1442
4936.0 , Degree=0
K= 1443
4627.75
K= 1444
4936.0 , Degree=0
K= 1445
4936.0 , Degree=0
K= 1446
2280.66666667
K= 1447
4936.0 , Degree=0
K= 1448
4936.0 , Degree=0
K= 1449
4936.0 , Degree=0
K= 1450
20.2809523812
K= 1451
4675.0
K= 1452
4936.0 , Degree=0
K= 1453
6.69411764736
K= 1454
19.2666666668
K= 1455
4659.08239369
K= 1456
4936.0 , Degree=0
K= 1457
15.9904761908
K= 1458
4936.0 , Degree=0
K= 1459
15.8728430107
K= 1460
4936.0 , Degree=0
K= 1461
4936.0 , Degree=0
K= 1462
14.8720441599
K= 1463
2608.0452381
K= 1464
4936.0 , Degree=0
K= 1465
9892.0
K= 1466
4704.45106291
K= 1467
4936.0 , Degree=0
K= 1468
4936.0 , Degree=0
K= 1469
25.7666666668
K= 1470
4936.0 , Degree=0
K= 1471
4936.0 , Degree=0
K= 1472
171.777495813
K= 1473
4936.0 , Degree=0
K= 1474
4936.0 , Degree=0
K= 1475
95.9751136074
K= 1476
12.3836580089
K= 1477
4936.0 , Degree=0
K= 1478
2388.75
K= 1479
4936.0 , Degree=0
K= 1480
24.7992673992
K= 1481
4936.0 , Degree=0
K= 1482
4936.0 , Degree=0
K= 1483
19.7666666668
K= 1484
2492.82301587
K= 1485
4936.0 , Degree=0
K= 1486
4936.0 , Degree=0
K= 1487
3166.39078235
K= 1488
15.2083333336
K= 1489
20.266666667
K= 1490
16.3727272729
K= 1491
17.4761904766
K= 1492
4936.0 , Degree=0
K= 1493
11.9387626266
K= 1494
4936.0 , Degree=0
K= 1495
2248.33333333
K= 1496
4936.0 , Degree=0
K= 1497
4936.0 , Degree=0
K= 1498
4936.0 , Degree=0
K= 1499
4936.0 , Degree=0
K= 1500
2241.95
K= 1501
17.9619047622
K= 1502
2674.91190476
K= 1503
4936.0 , Degree=0
K= 1504
2570.49801587
K= 1505
4936.0 , Degree=0
K= 1506
4936.0 , Degree=0
K= 1507
17.8619047622
K= 1508
4936.0 , Degree=0
K= 1509
4936.0 , Degree=0
K= 1510
4936.0 , Degree=0
K= 1511
4936.0 , Degree=0
K= 1512
4675.0
K= 1513
2488.79670868
K= 1514
16.9452380955
K= 1515
2307.75
K= 1516
149.3368364
K= 1517
79.7630952381
K= 1518
209.411904762
K= 1519
4936.0 , Degree=0
K= 1520
4936.0 , Degree=0
K= 1521
4936.0 , Degree=0
K= 1522
4936.0 , Degree=0
K= 1523
46.2533794163
K= 1524
19.1000000002
K= 1525
4936.0 , Degree=0
K= 1526
2612.36111111
K= 1527
17.0238095241
K= 1528
717.44327361
K= 1529
3140.53849464
K= 1530
14.8961982465
K= 1531
4936.0 , Degree=0
K= 1532
4936.0 , Degree=0
K= 1533
4936.0 , Degree=0
K= 1534
4936.0 , Degree=0
K= 1535
22.6603070843
K= 1536
4684.0
K= 1537
11.7860951143
K= 1538
4936.0 , Degree=0
K= 1539
28.5523809525
K= 1540
14.3079239604
K= 1541
4936.0 , Degree=0
K= 1542
4936.0 , Degree=0
K= 1543
2492.46190476
K= 1544
25.0748917751
K= 1545
2680.40555556
K= 1546
11.4394688646
K= 1547
4936.0 , Degree=0
K= 1548
55.1852346906
K= 1549
4936.0 , Degree=0
K= 1550
4936.0 , Degree=0
K= 1551
187.628785104
K= 1552
2241.93772894
K= 1553
2650.23546176
K= 1554
4936.0 , Degree=0
K= 1555
4936.0 , Degree=0
K= 1556
23.3797619049
K= 1557
40.9587201354
K= 1558
15.0878479858
K= 1559
4936.0 , Degree=0
K= 1560
55.1852346906
K= 1561
4936.0 , Degree=0
K= 1562
4936.0 , Degree=0
K= 1563
4611.0
K= 1564
2624.27680823
K= 1565
4936.0 , Degree=0
K= 1566
2493.6
K= 1567
22.1435573123
K= 1568
4936.0 , Degree=0
K= 1569
16.9619047622
K= 1570
15.4986111115
K= 1571
4936.0 , Degree=0
K= 1572
402.132569253
K= 1573
2487.03729604
K= 1574
4936.0 , Degree=0
K= 1575
4936.0 , Degree=0
K= 1576
16.7119047622
K= 1577
4936.0 , Degree=0
K= 1578
30.3404761907
K= 1579
4936.0 , Degree=0
K= 1580
2450.95308567
K= 1581
4936.0 , Degree=0
K= 1582
4936.0 , Degree=0
K= 1583
4936.0 , Degree=0
K= 1584
4936.0 , Degree=0
K= 1585
4936.0 , Degree=0
K= 1586
19.766666667
K= 1587
25.6158410736
K= 1588
19.5472222222
K= 1589
4936.0 , Degree=0
K= 1590
2538.45168067
K= 1591
4936.0 , Degree=0
K= 1592
4936.0 , Degree=0
K= 1593
4936.0 , Degree=0
K= 1594
4936.0 , Degree=0
K= 1595
4936.0 , Degree=0
K= 1596
4936.0 , Degree=0
K= 1597
4936.0 , Degree=0
K= 1598
54.9275086954
K= 1599
4936.0 , Degree=0
K= 1600
4936.0 , Degree=0
K= 1601
4936.0 , Degree=0
K= 1602
4936.0 , Degree=0
K= 1603
36.6928904431
K= 1604
16.2595571098
K= 1605
2565.19838184
K= 1606
4936.0 , Degree=0
K= 1607
2280.66666667
K= 1608
41.5555555555
K= 1609
4936.0 , Degree=0
K= 1610
61.4001387501
K= 1611
4936.0 , Degree=0
K= 1612
2307.75
K= 1613
14.5426540955
K= 1614
4936.0 , Degree=0
K= 1615
2241.66666667
K= 1616
95.9751136074
K= 1617
4936.0 , Degree=0
K= 1618
17.6952380955
K= 1619
2498.54133089
K= 1620
19.7666666668
K= 1621
39.5333333336
K= 1622
6544.70728917
K= 1623
4936.0 , Degree=0
K= 1624
4936.0 , Degree=0
K= 1625
2235.36111111
K= 1626
59.0974083978
K= 1627
4936.0 , Degree=0
K= 1628
256.324025974
K= 1629
2491.7952381
K= 1630
4936.0 , Degree=0
K= 1631
470.607448309
K= 1632
4936.0 , Degree=0
K= 1633
4936.0 , Degree=0
K= 1634
4936.0 , Degree=0
K= 1635
15.7083333336
K= 1636
23.9829671851
K= 1637
4936.0 , Degree=0
K= 1638
4936.0 , Degree=0
K= 1639
4936.0 , Degree=0
K= 1640
40.3132034631
K= 1641
4936.0 , Degree=0
K= 1642
2236.9
K= 1643
4936.0 , Degree=0
K= 1644
10.5452380955
K= 1645
2664.81991989
K= 1646
4936.0 , Degree=0
K= 1647
4936.0 , Degree=0
K= 1648
147.456560521
K= 1649
4936.0 , Degree=0
K= 1650
2565.19838184
K= 1651
19.4461538463
K= 1652
2637.32911615
K= 1653
4936.0 , Degree=0
K= 1654
2502.10636574
K= 1655
2313.75
K= 1656
20.1000000002
K= 1657
4936.0 , Degree=0
K= 1658
2674.88333333
K= 1659
16.2251082254
K= 1660
19.9333333336
K= 1661
4936.0 , Degree=0
K= 1662
4715.36111111
K= 1663
4936.0 , Degree=0
K= 1664
4936.0 , Degree=0
K= 1665
17.0238095241
K= 1666
4936.0 , Degree=0
K= 1667
4936.0 , Degree=0
K= 1668
4936.0 , Degree=0
K= 1669
4936.0 , Degree=0
K= 1670
10.5620370375
K= 1671
2551.65627854
K= 1672
4936.0 , Degree=0
K= 1673
2490.37272727
K= 1674
4936.0 , Degree=0
K= 1675
4936.0 , Degree=0
K= 1676
37.7166666667
K= 1677
17.0
K= 1678
19.4142857146
K= 1679
4936.0 , Degree=0
K= 1680
4936.0 , Degree=0
K= 1681
11.5096989968
K= 1682
4936.0 , Degree=0
K= 1683
4936.0 , Degree=0
K= 1684
4936.0 , Degree=0
K= 1685
16.2060606062
K= 1686
4936.0 , Degree=0
K= 1687
2696.32619048
K= 1688
13.6000000002
K= 1689
15.39702381
K= 1690
13.2809523812
K= 1691
12.788888889
K= 1692
4936.0 , Degree=0
K= 1693
29.8252760746
K= 1694
4936.0 , Degree=0
K= 1695
4936.0 , Degree=0
K= 1696
2584.2003167
K= 1697
4675.0
K= 1698
4936.0 , Degree=0
K= 1699
19.7666666668
K= 1700
2618.1051364
K= 1701
2501.05090555
K= 1702
2666.96095238
K= 1703
2260.75
K= 1704
4936.0 , Degree=0
K= 1705
2235.0
K= 1706
4936.0 , Degree=0
K= 1707
2489.61338113
K= 1708
16.491774892
K= 1709
4936.0 , Degree=0
K= 1710
2493.93333333
K= 1711
5.33333333337
K= 1712
4936.0 , Degree=0
K= 1713
2499.1
K= 1714
4936.0 , Degree=0
K= 1715
4936.0 , Degree=0
K= 1716
4936.0 , Degree=0
K= 1717
4936.0 , Degree=0
K= 1718
19.7666666668
K= 1719
13.7666666668
K= 1720
48.7965833575
K= 1721
4936.0 , Degree=0
K= 1722
16.1822510824
K= 1723
2236.0
K= 1724
14.6461982465
K= 1725
2598.77874054
K= 1726
2670.68999204
K= 1727
4936.0 , Degree=0
K= 1728
4936.0 , Degree=0
K= 1729
2694.33611111
K= 1730
4936.0 , Degree=0
K= 1731
4936.0 , Degree=0
K= 1732
4936.0 , Degree=0
K= 1733
19.2666666668
K= 1734
23.1048949256
K= 1735
4936.0 , Degree=0
K= 1736
4936.0 , Degree=0
K= 1737
17.7952380955
K= 1738
4936.0 , Degree=0
K= 1739
4936.0 , Degree=0
K= 1740
17.6119047622
K= 1741
2599.97678565
K= 1742
2280.66666667
K= 1743
4936.0 , Degree=0
K= 1744
14.8301892555
K= 1745
2618.0
K= 1746
4745.75
K= 1747
2647.8592401
K= 1748
15.4751082254
K= 1749
19.7666666668
K= 1750
2493.76666667
K= 1751
17.0238095241
K= 1752
4936.0 , Degree=0
K= 1753
4936.0 , Degree=0
K= 1754
4936.0 , Degree=0
K= 1755
17.023809524
K= 1756
13.7666666668
K= 1757
2662.57581963
K= 1758
5304.39532586
K= 1759
4936.0 , Degree=0
K= 1760
131.560994936
K= 1761
17.7785714288
K= 1762
173.891987381
K= 1763
4936.0 , Degree=0
K= 1764
16.7500000001
K= 1765
4936.0 , Degree=0
K= 1766
4936.0 , Degree=0
K= 1767
2307.75
K= 1768
2491.77857143
K= 1769
70.8382382893
K= 1770
2240.0
K= 1771
2492.16190476
K= 1772
4936.0 , Degree=0
K= 1773
4936.0 , Degree=0
K= 1774
4936.0 , Degree=0
K= 1775
4936.0 , Degree=0
K= 1776
7962.16785714
K= 1777
4936.0 , Degree=0
K= 1778
4936.0 , Degree=0
K= 1779
2710.38333333
K= 1780
2685.75833333
K= 1781
4936.0 , Degree=0
K= 1782
20.2805555558
K= 1783
15.1360143017
K= 1784
2579.38271737
K= 1785
4714.0
K= 1786
11.7119047622
K= 1787
2260.75
K= 1788
49.7265364745
K= 1789
4936.0 , Degree=0
K= 1790
219.509577943
K= 1791
17.7952380955
K= 1792
4936.0 , Degree=0
K= 1793
19.7666666668
K= 1794
4936.0 , Degree=0
K= 1795
331.460988545
K= 1796
7.2521645024
K= 1797
28.638788944
K= 1798
4936.0 , Degree=0
K= 1799
19.6000000002
K= 1800
4936.0 , Degree=0
K= 1801
4936.0 , Degree=0
K= 1802
4936.0 , Degree=0
K= 1803
2494.28055556
K= 1804
16.0904761908
K= 1805
7.82301587332
K= 1806
4936.0 , Degree=0
K= 1807
4936.0 , Degree=0
K= 1808
36.5952237307
K= 1809
16.9619047622
K= 1810
2699.26904762
K= 1811
10.5833333334
K= 1812
4936.0 , Degree=0
K= 1813
17.7952380955
K= 1814
16.8071428575
K= 1815
21.1492063493
K= 1816
4936.0 , Degree=0
K= 1817
6.48328776506
K= 1818
23.7952380955
K= 1819
2235.36111111
K= 1820
7484.81904762
K= 1821
17.0404761907
K= 1822
4936.0 , Degree=0
K= 1823
4936.0 , Degree=0
K= 1824
2307.75
K= 1825
4936.0 , Degree=0
K= 1826
4936.0 , Degree=0
K= 1827
24.4488950744
K= 1828
282.31836595
K= 1829
19.7666666668
K= 1830
4936.0 , Degree=0
K= 1831
4936.0 , Degree=0
K= 1832
2278.76419545
K= 1833
2659.81991989
K= 1834
4936.0 , Degree=0
K= 1835
2491.7952381
K= 1836
4936.0 , Degree=0
K= 1837
4936.0 , Degree=0
K= 1838
2288.03151831
K= 1839
35.7238095239
K= 1840
4934.9356838
K= 1841
4936.0 , Degree=0
K= 1842
184.185655046
K= 1843
20.2666666668
K= 1844
2598.57243726
K= 1845
19.7666666668
K= 1846
4936.0 , Degree=0
K= 1847
4936.0 , Degree=0
K= 1848
4936.0 , Degree=0
K= 1849
20.266666667
K= 1850
17.1285714288
K= 1851
4936.0 , Degree=0
K= 1852
4719.1905294
K= 1853
2318.66666667
K= 1854
4936.0 , Degree=0
K= 1855
171.738480686
K= 1856
16.7500000001
K= 1857
2491.0452381
K= 1858
4936.0 , Degree=0
K= 1859
4936.0 , Degree=0
K= 1860
4936.0 , Degree=0
K= 1861
4936.0 , Degree=0
K= 1862
4936.0 , Degree=0
K= 1863
2260.75
K= 1864
25.1000000002
K= 1865
2641.50558192
K= 1866
31.7190476191
K= 1867
2565.19838184
K= 1868
2307.75
K= 1869
39.5333333334
K= 1870
4936.0 , Degree=0
K= 1871
95.9751136074
K= 1872
12.5375000004
K= 1873
4936.0 , Degree=0
K= 1874
12.208749584
K= 1875
4936.0 , Degree=0
K= 1876
4713.0
K= 1877
17.0238095241
K= 1878
58.8333333334
K= 1879
14.1559523813
K= 1880
4936.0 , Degree=0
K= 1881
4936.0 , Degree=0
K= 1882
15.7083333335
K= 1883
20.2666666668
K= 1884
4936.0 , Degree=0
K= 1885
2491.60714286
K= 1886
107.428959985
K= 1887
19.2805555558
K= 1888
19.7666666668
K= 1889
189.353174603
K= 1890
4936.0 , Degree=0
K= 1891
2622.0
K= 1892
16.7904761909
K= 1893
4715.36111111
K= 1894
4936.0 , Degree=0
K= 1895
2280.66666667
K= 1896
2248.33333333
K= 1897
4936.0 , Degree=0
K= 1898
4936.0 , Degree=0
K= 1899
32.9238095239
K= 1900
2506.0
K= 1901
4936.0 , Degree=0
K= 1902
12.5128205129
K= 1903
4936.0 , Degree=0
K= 1904
6.7708333336
K= 1905
13.3484126985
K= 1906
4936.0 , Degree=0
K= 1907
13.1875000003
K= 1908
2490.77380952
K= 1909
19.7666666668
K= 1910
17.6285714288
K= 1911
19.9333333336
K= 1912
25.7666666668
K= 1913
2280.66666667
K= 1914
4936.0 , Degree=0
K= 1915
4936.0 , Degree=0
K= 1916
4709.36111111
K= 1917
4936.0 , Degree=0
K= 1918
15.6329670332
K= 1919
4732.07777778
K= 1920
2636.77874054
K= 1921
4936.0 , Degree=0
K= 1922
2240.0
K= 1923
2626.90555556
K= 1924
16.4060606062
K= 1925
2493.6
K= 1926
4936.0 , Degree=0
K= 1927
4936.0 , Degree=0
K= 1928
13.6198031696
K= 1929
17.8619047621
K= 1930
133.789006416
K= 1931
5345.6
K= 1932
2595.12990245
K= 1933
4936.0 , Degree=0
K= 1934
4936.0 , Degree=0
K= 1935
2625.58412698
K= 1936
4936.0 , Degree=0
K= 1937
61.674134846
K= 1938
19.1128205131
K= 1939
20.2805555558
K= 1940
4936.0 , Degree=0
K= 1941
4936.0 , Degree=0
K= 1942
4936.0 , Degree=0
K= 1943
4712.0
K= 1944
4709.36111111
K= 1945
4936.0 , Degree=0
K= 1946
15.2083333335
K= 1947
4936.0 , Degree=0
K= 1948
2620.51545318
K= 1949
95.8084469407
K= 1950
4936.0 , Degree=0
K= 1951
4936.0 , Degree=0
K= 1952
4936.0 , Degree=0
K= 1953
4936.0 , Degree=0
K= 1954
16.0130952385
K= 1955
4684.0
K= 1956
4936.0 , Degree=0
K= 1957
15.4514705887
K= 1958
2598.77874054
K= 1959
2313.0
K= 1960
10.192890443
K= 1961
123.415612166
K= 1962
2491.7952381
K= 1963
19.1000000002
K= 1964
2693.08571429
K= 1965
16.3251082252
K= 1966
4936.0 , Degree=0
K= 1967
4936.0 , Degree=0
K= 1968
2318.66666667
K= 1969
4936.0 , Degree=0
K= 1970
4936.0 , Degree=0
K= 1971
40.5368663555
K= 1972
4936.0 , Degree=0
K= 1973
4936.0 , Degree=0
K= 1974
4936.0 , Degree=0
K= 1975
4936.0 , Degree=0
K= 1976
4936.0 , Degree=0
K= 1977
4936.0 , Degree=0
K= 1978
4936.0 , Degree=0
K= 1979
4980.23874315
K= 1980
187.748191265
K= 1981
17.6071428574
K= 1982
70.8382382893
K= 1983
4936.0 , Degree=0
K= 1984
4936.0 , Degree=0
K= 1985
20.2666666668
K= 1986
4936.0 , Degree=0
K= 1987
10.7500000001
K= 1988
393.01984127
K= 1989
4936.0 , Degree=0
K= 1990
2487.82301587
K= 1991
4936.0 , Degree=0
K= 1992
2307.75
K= 1993
17.7785714288
K= 1994
4936.0 , Degree=0
K= 1995
4936.0 , Degree=0
K= 1996
4936.0 , Degree=0
K= 1997
43.1166666669
K= 1998
16.7727272728
K= 1999
4936.0 , Degree=0
K= 2000
13.3230158733
K= 2001
4936.0 , Degree=0
K= 2002
4936.0 , Degree=0
K= 2003
2307.75
K= 2004
2705.13333333
K= 2005
20.266666667
K= 2006
2685.575
K= 2007
4936.0 , Degree=0
K= 2008
2705.13333333
K= 2009
2260.75
K= 2010
14.8758241761
K= 2011
2389.66232945
K= 2012
25.9942324756
K= 2013
13.0021645024
K= 2014
15.7238095241
K= 2015
4936.0 , Degree=0
K= 2016
4936.0 , Degree=0
K= 2017
2596.45365076
K= 2018
2608.68366928
K= 2019
38.8923076926
K= 2020
19.7666666668
K= 2021
19.7666666668
K= 2022
2307.75
K= 2023
34.5611111113
K= 2024
4936.0 , Degree=0
K= 2025
11.8785714288
K= 2026
4936.0 , Degree=0
K= 2027
4643.19432773
K= 2028
19.7666666668
K= 2029
4936.0 , Degree=0
K= 2030
63.0291316527
K= 2031
12.7443181822
K= 2032
2488.62504016
K= 2033
17.4166666667
K= 2034
4936.0 , Degree=0
K= 2035
4936.0 , Degree=0
K= 2036
64.6556901695
K= 2037
2307.75
K= 2038
4936.0 , Degree=0
K= 2039
4936.0 , Degree=0
K= 2040
86.8436290862
K= 2041
4936.0 , Degree=0
K= 2042
4936.0 , Degree=0
K= 2043
13.1845238098
K= 2044
4936.0 , Degree=0
K= 2045
9892.0
K= 2046
4699.75
K= 2047
34.9238095238
K= 2048
4936.0 , Degree=0
K= 2049
39.2000000002
K= 2050
4936.0 , Degree=0
K= 2051
2307.75
K= 2052
4936.0 , Degree=0
K= 2053
4936.0 , Degree=0
K= 2054
4936.0 , Degree=0
K= 2055
4936.0 , Degree=0
K= 2056
4936.0 , Degree=0
K= 2057
4936.0 , Degree=0
K= 2058
23.5067353703
K= 2059
9.43225108238
K= 2060
2656.00097885
K= 2061
4936.0 , Degree=0
K= 2062
17.9619047622
K= 2063
15.2083333335
K= 2064
4936.0 , Degree=0
K= 2065
4936.0 , Degree=0
K= 2066
15.7119047622
K= 2067
2260.75
K= 2068
4936.0 , Degree=0
K= 2069
4936.0 , Degree=0
K= 2070
118.644689838
K= 2071
19.7666666668
K= 2072
21.8512237765
K= 2073
7.87261904799
K= 2074
61.0602346906
K= 2075
4936.0 , Degree=0
K= 2076
4936.0 , Degree=0
K= 2077
950.966646384
K= 2078
19.7666666668
K= 2079
4936.0 , Degree=0
K= 2080
4936.0 , Degree=0
K= 2081
19.9333333336
K= 2082
4936.0 , Degree=0
K= 2083
2487.53888889
K= 2084
64.9831739634
K= 2085
95.9751136074
K= 2086
4936.0 , Degree=0
K= 2087
59.5203716214
K= 2088
4936.0 , Degree=0
K= 2089
120.411721612
K= 2090
2307.75
K= 2091
4936.0 , Degree=0
K= 2092
9400.72222222
K= 2093
4936.0 , Degree=0
K= 2094
2642.77874054
K= 2095
2497.18260628
K= 2096
180.409044466
K= 2097
52.7896856308
K= 2098
684.03147726
K= 2099
4936.0 , Degree=0
K= 2100
4936.0 , Degree=0
K= 2101
4936.0 , Degree=0
K= 2102
4936.0 , Degree=0
K= 2103
4936.0 , Degree=0
K= 2104
4936.0 , Degree=0
K= 2105
4675.0
K= 2106
4936.0 , Degree=0
K= 2107
4936.0 , Degree=0
K= 2108
36.0770649569
K= 2109
2489.20833333
K= 2110
10.5651364183
K= 2111
2489.86908092
K= 2112
4936.0 , Degree=0
K= 2113
17.7119047622
K= 2114
2519.75079622
K= 2115
4936.0 , Degree=0
K= 2116
19.6000000002
K= 2117
4936.0 , Degree=0
K= 2118
16.491774892
K= 2119
10.7238095241
K= 2120
2240.0
K= 2121
4936.0 , Degree=0
K= 2122
4936.0 , Degree=0
K= 2123
2717.0
K= 2124
10.7060606062
K= 2125
2610.73848069
K= 2126
4936.0 , Degree=0
K= 2127
2691.34761905
K= 2128
4710.0
K= 2129
4936.0 , Degree=0
K= 2130
2307.75
K= 2131
4936.0 , Degree=0
K= 2132
4936.0 , Degree=0
K= 2133
28.8095238096
K= 2134
2647.61946106
K= 2135
4936.0 , Degree=0
K= 2136
2307.75
K= 2137
95.9751136074
K= 2138
4936.0 , Degree=0
K= 2139
4936.0 , Degree=0
K= 2140
2490.35844156
K= 2141
474.03076834
K= 2142
2307.75
K= 2143
2524.46338645
K= 2144
4936.0 , Degree=0
K= 2145
4936.0 , Degree=0
K= 2146
2921.88338493
K= 2147
4936.0 , Degree=0
K= 2148
176.714943321
K= 2149
2490.69047619
K= 2150
4936.0 , Degree=0
K= 2151
4936.0 , Degree=0
K= 2152
4936.0 , Degree=0
K= 2153
4936.0 , Degree=0
K= 2154
2654.95634921
K= 2155
4936.0 , Degree=0
K= 2156
4936.0 , Degree=0
K= 2157
4936.0 , Degree=0
K= 2158
4936.0 , Degree=0
K= 2159
4936.0 , Degree=0
K= 2160
4936.0 , Degree=0
K= 2161
81.8595238096
K= 2162
15.7083333335
K= 2163
148.120003899
K= 2164
13.7952380956
K= 2165
4936.0 , Degree=0
K= 2166
19.9333333336
K= 2167
4653.0
K= 2168
4936.0 , Degree=0
K= 2169
4936.0 , Degree=0
K= 2170
14.2000000001
K= 2171
4936.0 , Degree=0
K= 2172
18.6000000002
K= 2173
23.2023809524
K= 2174
4936.0 , Degree=0
K= 2175
4936.0 , Degree=0
K= 2176
12.7746031748
K= 2177
14.2805555558
K= 2178
4936.0 , Degree=0
K= 2179
42.673853573
K= 2180
15.8758241761
K= 2181
4936.0 , Degree=0
K= 2182
95.9751136074
K= 2183
13.2809523812
K= 2184
4936.0 , Degree=0
K= 2185
4936.0 , Degree=0
K= 2186
4709.36111111
K= 2187
4936.0 , Degree=0
K= 2188
4703.0
K= 2189
4936.0 , Degree=0
K= 2190
4936.0 , Degree=0
K= 2191
13.6000000002
K= 2192
19.7666666668
K= 2193
4936.0 , Degree=0
K= 2194
2616.51483516
K= 2195
4936.0 , Degree=0
K= 2196
4936.0 , Degree=0
K= 2197
19.7666666668
K= 2198
2493.76666667
K= 2199
4936.0 , Degree=0
K= 2200
4936.0 , Degree=0
K= 2201
2295.75
K= 2202
4936.0 , Degree=0
K= 2203
17.3619047622
K= 2204
2461.48589531
K= 2205
16.7904761909
K= 2206
4936.0 , Degree=0
K= 2207
4936.0 , Degree=0
K= 2208
4936.0 , Degree=0
K= 2209
4936.0 , Degree=0
K= 2210
4936.0 , Degree=0
K= 2211
4936.0 , Degree=0
K= 2212
2280.66666667
K= 2213
4936.0 , Degree=0
K= 2214
4936.0 , Degree=0
K= 2215
4936.0 , Degree=0
K= 2216
4936.0 , Degree=0
K= 2217
4391.82501279
K= 2218
16.2893939395
K= 2219
4936.0 , Degree=0
K= 2220
4936.0 , Degree=0
K= 2221
4936.0 , Degree=0
K= 2222
4936.0 , Degree=0
K= 2223
2240.0
K= 2224
2706.13333333
K= 2225
4936.0 , Degree=0
K= 2226
4936.0 , Degree=0
K= 2227
4936.0 , Degree=0
K= 2228
4969.31103896
K= 2229
0.0
K= 2230
4936.0 , Degree=0
K= 2231
36.472727273
K= 2232
2903.22417027
K= 2233
4936.0 , Degree=0
K= 2234
4936.0 , Degree=0
K= 2235
4936.0 , Degree=0
K= 2236
4936.0 , Degree=0
K= 2237
22.5255877516
K= 2238
4936.0 , Degree=0
K= 2239
4936.0 , Degree=0
K= 2240
4936.0 , Degree=0
K= 2241
4936.0 , Degree=0
K= 2242
28.5904761906
K= 2243
2229.36111111
K= 2244
4936.0 , Degree=0
K= 2245
14.2916666669
K= 2246
13.2005772007
K= 2247
17.9619047622
K= 2248
19.766666667
K= 2249
4936.0 , Degree=0
K= 2250
2539.62781385
K= 2251
11.7119047622
K= 2252
4936.0 , Degree=0
K= 2253
5.52734605561
K= 2254
40.5333333336
K= 2255
31.6836692764
K= 2256
6951.2
K= 2257
4720.0
K= 2258
4936.0 , Degree=0
K= 2259
4936.0 , Degree=0
K= 2260
4936.0 , Degree=0
K= 2261
16.9238095242
K= 2262
4936.0 , Degree=0
K= 2263
4936.0 , Degree=0
K= 2264
20.2666666668
K= 2265
20.266666667
K= 2266
4988.80295195
K= 2267
4936.0 , Degree=0
K= 2268
14.4870985398
K= 2269
4985.53333333
K= 2270
4936.0 , Degree=0
K= 2271
2643.81991989
K= 2272
182.070428124
K= 2273
2705.36666667
K= 2274
4936.0 , Degree=0
K= 2275
4712.0
K= 2276
14.9191819293
K= 2277
4936.0 , Degree=0
K= 2278
4936.0 , Degree=0
K= 2279
4936.0 , Degree=0
K= 2280
4936.0 , Degree=0
K= 2281
4936.0 , Degree=0
K= 2282
15.3537926987
K= 2283
35.6203379957
K= 2284
19.7666666668
K= 2285
4936.0 , Degree=0
K= 2286
25.9870129873
K= 2287
4936.0 , Degree=0
K= 2288
4936.0 , Degree=0
K= 2289
4936.0 , Degree=0
K= 2290
4936.0 , Degree=0
K= 2291
2413.75079622
K= 2292
4936.0 , Degree=0
K= 2293
4936.0 , Degree=0
K= 2294
4936.0 , Degree=0
K= 2295
4684.0
K= 2296
14.2809523812
K= 2297
4936.0 , Degree=0
K= 2298
4936.0 , Degree=0
K= 2299
19.7666666668
K= 2300
4936.0 , Degree=0
K= 2301
2663.9667654
K= 2302
63.5119047621
K= 2303
4936.0 , Degree=0
K= 2304
4936.0 , Degree=0
K= 2305
2643.81991989
K= 2306
10.2095571097
K= 2307
2611.0
K= 2308
163.198381839
K= 2309
2485.19434566
K= 2310
4936.0 , Degree=0
K= 2311
4936.0 , Degree=0
K= 2312
164.065211741
K= 2313
4936.0 , Degree=0
K= 2314
4936.0 , Degree=0
K= 2315
4936.0 , Degree=0
K= 2316
0.0
K= 2317
4936.0 , Degree=0
K= 2318
17.5238095241
K= 2319
12.3679327921
K= 2320
19.6000000002
K= 2321
2598.77874054
K= 2322
300.383333333
K= 2323
8.70833333349
K= 2324
4936.0 , Degree=0
K= 2325
11.9619047622
K= 2326
2490.75
K= 2327
4936.0 , Degree=0
K= 2328
4712.46777778
K= 2329
4936.0 , Degree=0
K= 2330
2491.52380952
K= 2331
68.6963664016
K= 2332
215.447746698
K= 2333
17.7952380955
K= 2334
20.2809523812
K= 2335
2248.33333333
K= 2336
4936.0 , Degree=0
K= 2337
4936.0 , Degree=0
K= 2338
4936.0 , Degree=0
K= 2339
2664.05595238
K= 2340
4709.79444444
K= 2341
4936.0 , Degree=0
K= 2342
15.041666667
K= 2343
4936.0 , Degree=0
K= 2344
4936.0 , Degree=0
K= 2345
4936.0 , Degree=0
K= 2346
4936.0 , Degree=0
K= 2347
33.4561859196
K= 2348
4936.0 , Degree=0
K= 2349
4936.0 , Degree=0
K= 2350
4936.0 , Degree=0
K= 2351
16.5393939395
K= 2352
4936.0 , Degree=0
K= 2353
4936.0 , Degree=0
K= 2354
4936.0 , Degree=0
K= 2355
4936.0 , Degree=0
K= 2356
4936.0 , Degree=0
K= 2357
4936.0 , Degree=0
K= 2358
104.488095238
K= 2359
2388.75
K= 2360
4936.0 , Degree=0
K= 2361
4936.0 , Degree=0
K= 2362
4936.0 , Degree=0
K= 2363
4936.0 , Degree=0
K= 2364
65.8214285715
K= 2365
2635.3531746
K= 2366
4936.0 , Degree=0
K= 2367
35.9238095239
K= 2368
17.9619047622
K= 2369
4637.0
K= 2370
17.4166666667
K= 2371
4936.0 , Degree=0
K= 2372
43.2782585468
K= 2373
4936.0 , Degree=0
K= 2374
19.4461538463
K= 2375
4936.0 , Degree=0
K= 2376
4732.07777778
K= 2377
2572.14002206
K= 2378
4936.0 , Degree=0
K= 2379
4936.0 , Degree=0
K= 2380
4936.0 , Degree=0
K= 2381
2240.0
K= 2382
8739.53230197
K= 2383
4936.0 , Degree=0
K= 2384
18.1310185187
K= 2385
2604.44870946
K= 2386
15.5251082253
K= 2387
125.671972352
K= 2388
15.1083333336
K= 2389
4936.0 , Degree=0
K= 2390
2565.19838184
K= 2391
4936.0 , Degree=0
K= 2392
23.5333333336
K= 2393
4936.0 , Degree=0
K= 2394
2627.5978688
K= 2395
4936.0 , Degree=0
K= 2396
4936.0 , Degree=0
K= 2397
4936.0 , Degree=0
K= 2398
4936.0 , Degree=0
K= 2399
17.6071428574
K= 2400
4936.0 , Degree=0
Betweenness Centrality Improvement
[ 0.  0.  0. ...,  0.  0.  0.]
Top 20 BC Improvement
[1440 1465 2045 1362 2092 2382 1776 1820 2256 1622 1931 1758 2266 2269 1979
 1202 2228 1633 1637 1611]
Top 20 BC Improvement
[ 12399.16666667   9892.           9892.           9403.97222222
   9400.72222222   8739.53230197   7962.16785714   7484.81904762   6951.2
   6544.70728917   5345.6          5304.39532586   4988.80295195
   4985.53333333   4980.23874315   4970.12960373   4969.31103896   4936.
   4936.           4936.        ]
