txValue= 1000000
Input graph
IGRAPH D--- 4619 68733 -- 
+ attr: pub_key (v), base_fee (e), capacity (e), fee_rate (e), txCost (e)
None
Graph after edges deleted
IGRAPH D--- 4619 32193 -- 
+ attr: pub_key (v), base_fee (e), capacity (e), fee_rate (e), txCost (e)
None
Our nodes starting connections: 
(4618, 2796)
(4618, 1223)
(4618, 1163)
(4618, 222)
(4618, 2745)
(4618, 3884)
(4618, 3265)
(4618, 4209)
(4618, 2087)
(4618, 3540)
(4618, 3690)
(4618, 1039)
(4618, 797)
(4618, 498)
(4618, 4384)
CurrentBC of our node:  561705.741878
K= 0
47.6927072111
K= 1
16.9619047622
K= 2
18.6000000002
K= 3
58.7273787189
K= 4
4936.0 , Degree=0
K= 5
2528.41523469
K= 6
237.366666667
K= 7
25.2428571431
K= 8
2499.1
K= 9
17.9619047622
K= 10
4936.0 , Degree=0
K= 11
27.4976190478
K= 12
6724.85
K= 13
64.0547258296
K= 14
19.6000000002
K= 15
173.48033633
K= 16
2241.95
K= 17
4936.0 , Degree=0
K= 18
16.3584415587
K= 19
21.6248188775
K= 20
55.1852346907
K= 21
19.766666667
K= 22
4936.0 , Degree=0
K= 23
4936.0 , Degree=0
K= 24
2485.36135956
K= 25
14.8817765571
K= 26
19.766666667
K= 27
2259.75
K= 28
4936.0 , Degree=0
K= 29
20.266666667
K= 30
4936.0 , Degree=0
K= 31
4936.0 , Degree=0
K= 32
2481.85714286
K= 33
20.266666667
K= 34
4936.0 , Degree=0
K= 35
17.5785714289
K= 36
2236.0
K= 37
16.6904761908
K= 38
4936.0 , Degree=0
K= 39
21.2760394334
K= 40
4936.0 , Degree=0
K= 41
4936.0 , Degree=0
K= 42
4936.0 , Degree=0
K= 43
16.3095571097
K= 44
4936.0 , Degree=0
K= 45
2491.7952381
K= 46
4936.0 , Degree=0
K= 47
2565.19838184
K= 48
2280.66666667
K= 49
4936.0 , Degree=0
K= 50
18.4619047622
K= 51
4936.0 , Degree=0
K= 52
2656.6287851
K= 53
101.21797075
K= 54
33.5333333336
K= 55
4936.0 , Degree=0
K= 56
2295.75
K= 57
4936.0 , Degree=0
K= 58
19.766666667
K= 59
4936.0 , Degree=0
K= 60
2550.86666667
K= 61
21.0011501091
K= 62
16.3
K= 63
4936.0 , Degree=0
K= 64
122.960934154
K= 65
4936.0 , Degree=0
K= 66
2234.0
K= 67
4936.0 , Degree=0
K= 68
4936.0 , Degree=0
K= 69
2639.3531746
K= 70
2598.77874054
K= 71
17.7674877008
K= 72
2604.44870946
K= 73
2488.37380952
K= 74
15.4625816997
K= 75
18.266666667
K= 76
2307.75
K= 77
2307.75
K= 78
2491.86190476
K= 79
4936.0 , Degree=0
K= 80
33.5333333336
K= 81
2622.1200039
K= 82
4936.0 , Degree=0
K= 83
4936.0 , Degree=0
K= 84
61.4188243683
K= 85
15.1250000002
K= 86
4936.0 , Degree=0
K= 87
2494.26666667
K= 88
2307.75
K= 89
2565.19838184
K= 90
213.559848485
K= 91
14.266666667
K= 92
4675.0
K= 93
2313.75
K= 94
4936.0 , Degree=0
K= 95
4936.0 , Degree=0
K= 96
4936.0 , Degree=0
K= 97
2648.75241402
K= 98
16.9738095241
K= 99
17.0904761908
K= 100
4684.0
K= 101
2494.1
K= 102
17.6071428574
K= 103
17.7952380955
K= 104
4936.0 , Degree=0
K= 105
4936.0 , Degree=0
K= 106
4936.0 , Degree=0
K= 107
4936.0 , Degree=0
K= 108
4939.0
K= 109
4936.0 , Degree=0
K= 110
4936.0 , Degree=0
K= 111
4936.0 , Degree=0
K= 112
4936.0 , Degree=0
K= 113
31.1029304031
K= 114
20.2666666668
K= 115
4936.0 , Degree=0
K= 116
4936.0 , Degree=0
K= 117
2307.75
K= 118
4936.0 , Degree=0
K= 119
20.266666667
K= 120
8.93170163198
K= 121
2280.66666667
K= 122
4936.0 , Degree=0
K= 123
2683.58333333
K= 124
4936.0 , Degree=0
K= 125
4936.0 , Degree=0
K= 126
11.581709957
K= 127
7.67222222232
K= 128
4936.0 , Degree=0
K= 129
37.4000000001
K= 130
4936.0 , Degree=0
K= 131
4936.0 , Degree=0
K= 132
2529.18523469
K= 133
13.1783549786
K= 134
4936.0 , Degree=0
K= 135
17.9619047622
K= 136
1586.97696213
K= 137
19.7666666668
K= 138
13.2666666668
K= 139
8.1392857146
K= 140
2628.7722984
K= 141
4936.0 , Degree=0
K= 142
4936.0 , Degree=0
K= 143
10.1909062237
K= 144
4936.0 , Degree=0
K= 145
10.2893939395
K= 146
11.9619047622
K= 147
14.6250000002
K= 148
5064.94701161
K= 149
4936.0 , Degree=0
K= 150
4936.0 , Degree=0
K= 151
2494.26666667
K= 152
15.01991342
K= 153
4936.0 , Degree=0
K= 154
3770.56186024
K= 155
4936.0 , Degree=0
K= 156
28.1333333333
K= 157
2248.33333333
K= 158
4936.0 , Degree=0
K= 159
167.977709477
K= 160
2489.05238095
K= 161
4936.0 , Degree=0
K= 162
4936.0 , Degree=0
K= 163
2529.18523469
K= 164
4936.0 , Degree=0
K= 165
4936.0 , Degree=0
K= 166
19.766666667
K= 167
13.7666666668
K= 168
4936.0 , Degree=0
K= 169
4936.0 , Degree=0
K= 170
4936.0 , Degree=0
K= 171
16.7060606062
K= 172
4936.0 , Degree=0
K= 173
20.2666666668
K= 174
4936.0 , Degree=0
K= 175
195.943084358
K= 176
4936.0 , Degree=0
K= 177
4700.36111111
K= 178
4936.0 , Degree=0
K= 179
4936.0 , Degree=0
K= 180
20.1000000002
K= 181
4936.0 , Degree=0
K= 182
8.05264771462
K= 183
63.95022578
K= 184
15.0
K= 185
4936.0 , Degree=0
K= 186
4936.0 , Degree=0
K= 187
17.4166666667
K= 188
4936.0 , Degree=0
K= 189
15.6469280722
K= 190
2318.66666667
K= 191
4936.0 , Degree=0
K= 192
4936.0 , Degree=0
K= 193
4936.0 , Degree=0
K= 194
19.7666666668
K= 195
4936.0 , Degree=0
K= 196
4936.0 , Degree=0
K= 197
32.7714285717
K= 198
68.7997061411
K= 199
19.6000000002
K= 200
2432.59886011
K= 201
2486.49213219
K= 202
75.0758380159
K= 203
4936.0 , Degree=0
K= 204
4936.0 , Degree=0
K= 205
17.4166666667
K= 206
4936.0 , Degree=0
K= 207
13.9333333336
K= 208
26.9119047623
K= 209
4936.0 , Degree=0
K= 210
4936.0 , Degree=0
K= 211
21.5797102584
K= 212
4936.0 , Degree=0
K= 213
19.9333333336
K= 214
4936.0 , Degree=0
K= 215
2318.66666667
K= 216
19.7666666668
K= 217
2596.0
K= 218
2307.75
K= 219
67.7459707631
K= 220
11.9619047622
K= 221
15.2500000001
K= 222
39.0982810487
K= 223
4936.0 , Degree=0
K= 224
4936.0 , Degree=0
K= 225
13.6000000002
K= 226
17.9619047622
K= 227
4936.0 , Degree=0
K= 228
2307.75
K= 229
4936.0 , Degree=0
K= 230
2644.79952896
K= 231
4936.0 , Degree=0
K= 232
4936.0 , Degree=0
K= 233
2240.0
K= 234
25.8625000004
K= 235
232.838634046
K= 236
4936.0 , Degree=0
K= 237
4936.0 , Degree=0
K= 238
2651.78690476
K= 239
24.6833554477
K= 240
4936.0 , Degree=0
K= 241
14.2583333337
K= 242
27.7476190479
K= 243
4936.0 , Degree=0
K= 244
4936.0 , Degree=0
K= 245
4936.0 , Degree=0
K= 246
2634.44870946
K= 247
4936.0 , Degree=0
K= 248
4936.0 , Degree=0
K= 249
2307.75
K= 250
4936.0 , Degree=0
K= 251
16.8046921111
K= 252
4936.0 , Degree=0
K= 253
4966.30422878
K= 254
4936.0 , Degree=0
K= 255
4936.0 , Degree=0
K= 256
20.2809523812
K= 257
2598.77874054
K= 258
21.7331604875
K= 259
4658.33333333
K= 260
24.7164176404
K= 261
4936.0 , Degree=0
K= 262
4936.0 , Degree=0
K= 263
6729.85
K= 264
4936.0 , Degree=0
K= 265
23.6000000002
K= 266
17.8785714288
K= 267
74.3784688434
K= 268
4936.0 , Degree=0
K= 269
18.2785714288
K= 270
2250.0
K= 271
4936.0 , Degree=0
K= 272
4936.0 , Degree=0
K= 273
4936.0 , Degree=0
K= 274
2486.0125
K= 275
2241.0
K= 276
2615.0
K= 277
4936.0 , Degree=0
K= 278
4936.0 , Degree=0
K= 279
2280.66666667
K= 280
4936.0 , Degree=0
K= 281
52.3384615385
K= 282
237.128429938
K= 283
4936.0 , Degree=0
K= 284
2699.48333333
K= 285
2695.97479848
K= 286
20.266666667
K= 287
16.2751082253
K= 288
4936.0 , Degree=0
K= 289
2693.81230159
K= 290
32.2000000002
K= 291
4936.0 , Degree=0
K= 292
4936.0 , Degree=0
K= 293
16.7500000001
K= 294
222.804229344
K= 295
15.7393939396
K= 296
9.74249084282
K= 297
4936.0 , Degree=0
K= 298
4936.0 , Degree=0
K= 299
4936.0 , Degree=0
K= 300
8.94166666688
K= 301
4936.0 , Degree=0
K= 302
11.9619047622
K= 303
4936.0 , Degree=0
K= 304
4936.0 , Degree=0
K= 305
11.7941176473
K= 306
4985.55021645
K= 307
14.1392857146
K= 308
4936.0 , Degree=0
K= 309
2379.19838184
K= 310
4936.0 , Degree=0
K= 311
2242.0
K= 312
2668.10714286
K= 313
2606.73049427
K= 314
4936.0 , Degree=0
K= 315
4936.0 , Degree=0
K= 316
165.820258981
K= 317
4936.0 , Degree=0
K= 318
4936.0 , Degree=0
K= 319
16.6904761908
K= 320
15.8690809193
K= 321
2517.42932289
K= 322
4936.0 , Degree=0
K= 323
4936.0 , Degree=0
K= 324
4936.0 , Degree=0
K= 325
4936.0 , Degree=0
K= 326
4936.0 , Degree=0
K= 327
2633.11089161
K= 328
13.1505772007
K= 329
16.7500000002
K= 330
19.1000000002
K= 331
4936.0 , Degree=0
K= 332
4936.0 , Degree=0
K= 333
19.7666666668
K= 334
4936.0 , Degree=0
K= 335
4936.0 , Degree=0
K= 336
4936.0 , Degree=0
K= 337
2610.73848069
K= 338
4936.0 , Degree=0
K= 339
40.25
K= 340
19.766666667
K= 341
111.587608786
K= 342
4712.0
K= 343
6.74861111154
K= 344
30.1029304031
K= 345
4936.0 , Degree=0
K= 346
4936.0 , Degree=0
K= 347
2488.13928571
K= 348
4936.0 , Degree=0
K= 349
19.2805555558
K= 350
19.766666667
K= 351
4683.0
K= 352
11.5833333334
K= 353
4936.0 , Degree=0
K= 354
4936.0 , Degree=0
K= 355
4936.0 , Degree=0
K= 356
4714.0
K= 357
4936.0 , Degree=0
K= 358
16.2893939395
K= 359
4936.0 , Degree=0
K= 360
2379.19838184
K= 361
15.3075112024
K= 362
4936.0 , Degree=0
K= 363
19.9333333336
K= 364
119.940428836
K= 365
2647.81886447
K= 366
4936.0 , Degree=0
K= 367
4936.0 , Degree=0
K= 368
4936.0 , Degree=0
K= 369
13.8095238098
K= 370
4936.0 , Degree=0
K= 371
4936.0 , Degree=0
K= 372
15.3581845241
K= 373
4936.0 , Degree=0
K= 374
4936.0 , Degree=0
K= 375
171.64560111
K= 376
4936.0 , Degree=0
K= 377
174.709824547
K= 378
20.2666666668
K= 379
20.266666667
K= 380
13.4521645023
K= 381
4936.0 , Degree=0
K= 382
2493.76666667
K= 383
4936.0 , Degree=0
K= 384
2441.26666667
K= 385
4936.0 , Degree=0
K= 386
2490.92380952
K= 387
4684.0
K= 388
8.09166666702
K= 389
4936.0 , Degree=0
K= 390
13.3230158733
K= 391
4936.0 , Degree=0
K= 392
2235.36111111
K= 393
17.9619047621
K= 394
4936.0 , Degree=0
K= 395
4936.0 , Degree=0
K= 396
72.2766167262
K= 397
4936.0 , Degree=0
K= 398
4936.0 , Degree=0
K= 399
2695.88333333
K= 400
4936.0 , Degree=0
K= 401
17.6893939396
K= 402
4936.0 , Degree=0
K= 403
2491.71190476
K= 404
4936.0 , Degree=0
K= 405
4936.0 , Degree=0
K= 406
4936.0 , Degree=0
K= 407
4936.0 , Degree=0
K= 408
12403.0
K= 409
4936.0 , Degree=0
K= 410
4936.0 , Degree=0
K= 411
4936.0 , Degree=0
K= 412
4936.0 , Degree=0
K= 413
4936.0 , Degree=0
K= 414
16.7500000001
K= 415
60.6695331602
K= 416
4666.41666667
K= 417
265.088644689
K= 418
4936.0 , Degree=0
K= 419
96.8293758623
K= 420
66.9204462318
K= 421
2536.20580299
K= 422
43.9862121213
K= 423
4936.0 , Degree=0
K= 424
4936.0 , Degree=0
K= 425
4936.0 , Degree=0
K= 426
2572.66190476
K= 427
4936.0 , Degree=0
K= 428
4936.0 , Degree=0
K= 429
16.7500000001
K= 430
73.6457629872
K= 431
4936.0 , Degree=0
K= 432
23.7896263055
K= 433
10.9452380955
K= 434
4936.0 , Degree=0
K= 435
4936.0 , Degree=0
K= 436
4936.0 , Degree=0
K= 437
4936.0 , Degree=0
K= 438
14.9416666669
K= 439
4936.0 , Degree=0
K= 440
4936.0 , Degree=0
K= 441
2699.48333333
K= 442
17.9619047622
K= 443
4936.0 , Degree=0
K= 444
50.8
K= 445
4936.0 , Degree=0
K= 446
4936.0 , Degree=0
K= 447
4936.0 , Degree=0
K= 448
17.6285714288
K= 449
2260.75
K= 450
4936.0 , Degree=0
K= 451
4936.0 , Degree=0
K= 452
15.6365079366
K= 453
4692.53333333
K= 454
2369.0
K= 455
4936.0 , Degree=0
K= 456
4936.0 , Degree=0
K= 457
2641.5339669
K= 458
4936.0 , Degree=0
K= 459
4936.0 , Degree=0
K= 460
4936.0 , Degree=0
K= 461
4936.0 , Degree=0
K= 462
4936.0 , Degree=0
K= 463
2493.76666667
K= 464
4936.0 , Degree=0
K= 465
17.4166666667
K= 466
2677.36666667
K= 467
160.974737485
K= 468
4936.0 , Degree=0
K= 469
19.766666667
K= 470
37.0
K= 471
19.6000000002
K= 472
11.0238095241
K= 473
24.9110223112
K= 474
20.266666667
K= 475
4936.0 , Degree=0
K= 476
4936.0 , Degree=0
K= 477
4936.0 , Degree=0
K= 478
4675.0
K= 479
4936.0 , Degree=0
K= 480
115.40703805
K= 481
4936.0 , Degree=0
K= 482
4936.0 , Degree=0
K= 483
2241.95
K= 484
16.3236263735
K= 485
4936.0 , Degree=0
K= 486
4936.0 , Degree=0
K= 487
21.8052035023
K= 488
4420.76615098
K= 489
4936.0 , Degree=0
K= 490
4936.0 , Degree=0
K= 491
4936.0 , Degree=0
K= 492
2307.75
K= 493
4936.0 , Degree=0
K= 494
15.9571428575
K= 495
4936.0 , Degree=0
K= 496
4936.0 , Degree=0
K= 497
2648.52258958
K= 498
24.8195675486
K= 499
4936.0 , Degree=0
K= 500
19.6000000002
K= 501
2526.20129299
K= 502
16.9261904765
K= 503
2486.20663957
K= 504
2565.19838184
K= 505
4936.0 , Degree=0
K= 506
4936.0 , Degree=0
K= 507
2241.95
K= 508
4936.0 , Degree=0
K= 509
2598.77874054
K= 510
2565.19838184
K= 511
4936.0 , Degree=0
K= 512
4936.0 , Degree=0
K= 513
2260.75
K= 514
3772.16065729
K= 515
14.8431318686
K= 516
4936.0 , Degree=0
K= 517
13.5021645023
K= 518
4936.0 , Degree=0
K= 519
2232.33260073
K= 520
2491.2952381
K= 521
4936.0 , Degree=0
K= 522
2622.1200039
K= 523
4936.0 , Degree=0
K= 524
167.427233636
K= 525
4936.0 , Degree=0
K= 526
4936.0 , Degree=0
K= 527
2518.30845264
K= 528
2670.78690476
K= 529
2625.0
K= 530
17.9619047622
K= 531
4936.0 , Degree=0
K= 532
4936.0 , Degree=0
K= 533
70.8382382893
K= 534
4936.0 , Degree=0
K= 535
4936.0 , Degree=0
K= 536
4936.0 , Degree=0
K= 537
17.7952380955
K= 538
2647.95308567
K= 539
2240.0
K= 540
47.9155186065
K= 541
4684.0
K= 542
18.8500000002
K= 543
4936.0 , Degree=0
K= 544
4936.0 , Degree=0
K= 545
4936.0 , Degree=0
K= 546
95.9751136074
K= 547
4675.0
K= 548
35.775
K= 549
2248.33333333
K= 550
25.1886554625
K= 551
4936.0 , Degree=0
K= 552
4936.0 , Degree=0
K= 553
4714.0
K= 554
4936.0 , Degree=0
K= 555
2648.61794862
K= 556
148.0
K= 557
4936.0 , Degree=0
K= 558
2643.81991989
K= 559
4936.0 , Degree=0
K= 560
4936.0 , Degree=0
K= 561
395.846411315
K= 562
2657.94924651
K= 563
4936.0 , Degree=0
K= 564
2684.1989011
K= 565
2649.3531746
K= 566
4936.0 , Degree=0
K= 567
46.8556898658
K= 568
4936.0 , Degree=0
K= 569
45.7507962228
K= 570
2572.88123486
K= 571
4936.0 , Degree=0
K= 572
169.62990245
K= 573
4936.0 , Degree=0
K= 574
4936.0 , Degree=0
K= 575
2635.8592401
K= 576
4936.0 , Degree=0
K= 577
19.6000000002
K= 578
4936.0 , Degree=0
K= 579
4936.0 , Degree=0
K= 580
21.6460317462
K= 581
11.1931302106
K= 582
4936.0 , Degree=0
K= 583
16.7500000001
K= 584
4936.0 , Degree=0
K= 585
4936.0 , Degree=0
K= 586
4936.0 , Degree=0
K= 587
4936.0 , Degree=0
K= 588
4936.0 , Degree=0
K= 589
54.3013861715
K= 590
4936.0 , Degree=0
K= 591
2668.57236459
K= 592
4936.0 , Degree=0
K= 593
4936.0 , Degree=0
K= 594
4706.0
K= 595
4936.0 , Degree=0
K= 596
19.7666666668
K= 597
4936.0 , Degree=0
K= 598
12.5758636791
K= 599
3942.0499173
K= 600
2494.26666667
K= 601
2606.86984121
K= 602
4936.0 , Degree=0
K= 603
4936.0 , Degree=0
K= 604
2572.56453769
K= 605
2493.76666667
K= 606
2629.64196747
K= 607
2307.75
K= 608
16.8727272729
K= 609
195.075988678
K= 610
4936.0 , Degree=0
K= 611
4936.0 , Degree=0
K= 612
2484.18702986
K= 613
2620.9634215
K= 614
4936.0 , Degree=0
K= 615
4936.0 , Degree=0
K= 616
4936.0 , Degree=0
K= 617
16.7500000001
K= 618
19.266666667
K= 619
4936.0 , Degree=0
K= 620
4936.0 , Degree=0
K= 621
2591.24825262
K= 622
20.2666666668
K= 623
176.714943321
K= 624
4936.0 , Degree=0
K= 625
4936.0 , Degree=0
K= 626
4936.0 , Degree=0
K= 627
18.2952380955
K= 628
4936.0 , Degree=0
K= 629
4936.0 , Degree=0
K= 630
4720.0
K= 631
4936.0 , Degree=0
K= 632
4936.0 , Degree=0
K= 633
4936.0 , Degree=0
K= 634
4936.0 , Degree=0
K= 635
4936.0 , Degree=0
K= 636
4936.0 , Degree=0
K= 637
23.3338314464
K= 638
4936.0 , Degree=0
K= 639
2665.66421964
K= 640
4684.0
K= 641
4936.0 , Degree=0
K= 642
17.1000000002
K= 643
10.5320788531
K= 644
4936.0 , Degree=0
K= 645
4936.0 , Degree=0
K= 646
110.75
K= 647
4936.0 , Degree=0
K= 648
4936.0 , Degree=0
K= 649
4936.0 , Degree=0
K= 650
4936.0 , Degree=0
K= 651
2625.78772061
K= 652
36.8429910708
K= 653
4936.0 , Degree=0
K= 654
2636.77874054
K= 655
2307.75
K= 656
4936.0 , Degree=0
K= 657
2240.0
K= 658
16.7500000001
K= 659
4936.0 , Degree=0
K= 660
4936.0 , Degree=0
K= 661
4936.0 , Degree=0
K= 662
4936.0 , Degree=0
K= 663
77.7510741951
K= 664
4936.0 , Degree=0
K= 665
4936.0 , Degree=0
K= 666
4936.0 , Degree=0
K= 667
4936.0 , Degree=0
K= 668
4936.0 , Degree=0
K= 669
22.316666667
K= 670
2289.22431738
K= 671
4936.0 , Degree=0
K= 672
2619.0
K= 673
20.2809523812
K= 674
72.2477961044
K= 675
36.0596082093
K= 676
4936.0 , Degree=0
K= 677
4936.0 , Degree=0
K= 678
2689.02564103
K= 679
4936.0 , Degree=0
K= 680
4936.0 , Degree=0
K= 681
2487.82301587
K= 682
86.5012460114
K= 683
4936.0 , Degree=0
K= 684
4936.0 , Degree=0
K= 685
4936.0 , Degree=0
K= 686
16.5821428574
K= 687
168.6004422
K= 688
4936.0 , Degree=0
K= 689
148.120003899
K= 690
4936.0 , Degree=0
K= 691
2692.68571429
K= 692
13.5888888889
K= 693
4936.0 , Degree=0
K= 694
19.7666666668
K= 695
13.6000000002
K= 696
4936.0 , Degree=0
K= 697
59.6077850139
K= 698
4936.0 , Degree=0
K= 699
4936.0 , Degree=0
K= 700
4936.0 , Degree=0
K= 701
2234.0
K= 702
2490.96190476
K= 703
16.6904761908
K= 704
4936.0 , Degree=0
K= 705
2575.72009332
K= 706
4675.0
K= 707
4936.0 , Degree=0
K= 708
2565.19838184
K= 709
17.7187074833
K= 710
4936.0 , Degree=0
K= 711
20.2666666668
K= 712
4936.0 , Degree=0
K= 713
74.9070595488
K= 714
4936.0 , Degree=0
K= 715
4936.0 , Degree=0
K= 716
20.1000000002
K= 717
4936.0 , Degree=0
K= 718
75.0666666669
K= 719
20.2666666668
K= 720
11.4666305919
K= 721
2240.0
K= 722
19.766666667
K= 723
2657.96975481
K= 724
9949.78095238
K= 725
4936.0 , Degree=0
K= 726
4689.0
K= 727
2260.75
K= 728
4936.0 , Degree=0
K= 729
4936.0 , Degree=0
K= 730
19.4461538463
K= 731
4936.0 , Degree=0
K= 732
2646.58823383
K= 733
4936.0 , Degree=0
K= 734
14.25
K= 735
2488.85930799
K= 736
4936.0 , Degree=0
K= 737
4936.0 , Degree=0
K= 738
4936.0 , Degree=0
K= 739
2102.0
K= 740
4936.0 , Degree=0
K= 741
17.4166666667
K= 742
2524.98127201
K= 743
20.5262237764
K= 744
4936.0 , Degree=0
K= 745
2490.75
K= 746
20.1000000002
K= 747
4936.0 , Degree=0
K= 748
4936.0 , Degree=0
K= 749
4936.0 , Degree=0
K= 750
15.9286047288
K= 751
29.1029304031
K= 752
2446.19838184
K= 753
4936.0 , Degree=0
K= 754
110.711677138
K= 755
4936.0 , Degree=0
K= 756
2549.19838184
K= 757
4936.0 , Degree=0
K= 758
4936.0 , Degree=0
K= 759
2437.72685255
K= 760
2517.70674301
K= 761
4936.0 , Degree=0
K= 762
4936.0 , Degree=0
K= 763
4936.0 , Degree=0
K= 764
4936.0 , Degree=0
K= 765
83.0593131597
K= 766
4936.0 , Degree=0
K= 767
4936.0 , Degree=0
K= 768
4936.0 , Degree=0
K= 769
30.0260073262
K= 770
4936.0 , Degree=0
K= 771
2519.75079622
K= 772
20.266666667
K= 773
4936.0 , Degree=0
K= 774
95.9751136074
K= 775
4936.0 , Degree=0
K= 776
2280.66666667
K= 777
4936.0 , Degree=0
K= 778
2580.44166667
K= 779
4936.0 , Degree=0
K= 780
19.4461538463
K= 781
2334.75
K= 782
4936.0 , Degree=0
K= 783
10.3807783534
K= 784
4936.0 , Degree=0
K= 785
4936.0 , Degree=0
K= 786
4936.0 , Degree=0
K= 787
4936.0 , Degree=0
K= 788
53.3
K= 789
14.0
K= 790
51.2174628895
K= 791
4936.0 , Degree=0
K= 792
4716.26666667
K= 793
4936.0 , Degree=0
K= 794
13.2059523814
K= 795
4936.0 , Degree=0
K= 796
2566.72017113
K= 797
20.0814723104
K= 798
4936.0 , Degree=0
K= 799
4936.0 , Degree=0
K= 800
2560.62990245
K= 801
4936.0 , Degree=0
K= 802
4936.0 , Degree=0
K= 803
4512.66666667
K= 804
2485.46446886
K= 805
19.6000000002
K= 806
11.8986111116
K= 807
2505.61480741
K= 808
4936.0 , Degree=0
K= 809
2492.93333333
K= 810
4936.0 , Degree=0
K= 811
4936.0 , Degree=0
K= 812
14.1559523813
K= 813
4936.0 , Degree=0
K= 814
4936.0 , Degree=0
K= 815
4936.0 , Degree=0
K= 816
183.964767996
K= 817
4936.0 , Degree=0
K= 818
2489.51222667
K= 819
2532.20510037
K= 820
4936.0 , Degree=0
K= 821
4936.0 , Degree=0
K= 822
4936.0 , Degree=0
K= 823
30.3157968451
K= 824
4936.0 , Degree=0
K= 825
2280.66666667
K= 826
4936.0 , Degree=0
K= 827
4936.0 , Degree=0
K= 828
12.7205086584
K= 829
195.915376417
K= 830
2242.0
K= 831
4936.0 , Degree=0
K= 832
19.7666666668
K= 833
4936.0 , Degree=0
K= 834
19.4461538463
K= 835
4936.0 , Degree=0
K= 836
4713.0
K= 837
39.2000000002
K= 838
58.8890140812
K= 839
23.6961538463
K= 840
2322.0
K= 841
2236.0
K= 842
2610.73848069
K= 843
172.484963939
K= 844
2486.63856209
K= 845
4936.0 , Degree=0
K= 846
16.3227272729
K= 847
4936.0 , Degree=0
K= 848
2652.65166587
K= 849
4936.0 , Degree=0
K= 850
4936.0 , Degree=0
K= 851
2593.93892045
K= 852
20.2666666668
K= 853
7591.92060406
K= 854
47.4082236527
K= 855
4936.0 , Degree=0
K= 856
30.5571428572
K= 857
220.211904762
K= 858
4936.0 , Degree=0
K= 859
2307.75
K= 860
74.2091713492
K= 861
4936.0 , Degree=0
K= 862
4936.0 , Degree=0
K= 863
12.9983058611
K= 864
20.2666666668
K= 865
4936.0 , Degree=0
K= 866
4936.0 , Degree=0
K= 867
2234.36111111
K= 868
4936.0 , Degree=0
K= 869
2491.60714286
K= 870
4936.0 , Degree=0
K= 871
8.0
K= 872
2235.0
K= 873
4936.0 , Degree=0
K= 874
4936.0 , Degree=0
K= 875
4936.0 , Degree=0
K= 876
4936.0 , Degree=0
K= 877
2695.18095238
K= 878
4936.0 , Degree=0
K= 879
4936.0 , Degree=0
K= 880
14.2666666668
K= 881
4936.0 , Degree=0
K= 882
13.6722222223
K= 883
4936.0 , Degree=0
K= 884
4936.0 , Degree=0
K= 885
2593.44870946
K= 886
2547.0
K= 887
4936.0 , Degree=0
K= 888
4936.0 , Degree=0
K= 889
35.9238095239
K= 890
18.2785714288
K= 891
10.8571428574
K= 892
16.0619380622
K= 893
4936.0 , Degree=0
K= 894
4936.0 , Degree=0
K= 895
2675.44166667
K= 896
4936.0 , Degree=0
K= 897
2307.75
K= 898
2688.16349206
K= 899
4936.0 , Degree=0
K= 900
34.9416301169
K= 901
4936.0 , Degree=0
K= 902
2280.66666667
K= 903
4936.0 , Degree=0
K= 904
4936.0 , Degree=0
K= 905
13.266666667
K= 906
4936.0 , Degree=0
K= 907
12.1465656024
K= 908
13.8230158733
K= 909
4936.0 , Degree=0
K= 910
19.2666666668
K= 911
4936.0 , Degree=0
K= 912
2657.57022117
K= 913
4936.0 , Degree=0
K= 914
4705.0
K= 915
119.630952381
K= 916
4936.0 , Degree=0
K= 917
4936.0 , Degree=0
K= 918
2529.18523469
K= 919
4684.0
K= 920
16.6893939396
K= 921
2642.77874054
K= 922
4936.0 , Degree=0
K= 923
4936.0 , Degree=0
K= 924
4936.0 , Degree=0
K= 925
17.7785714288
K= 926
20.2666666668
K= 927
5.50000000012
K= 928
399.764981797
K= 929
4936.0 , Degree=0
K= 930
150.638086517
K= 931
16.923809524
K= 932
16.2417748919
K= 933
35.7357843141
K= 934
4936.0 , Degree=0
K= 935
17.6071428574
K= 936
4936.0 , Degree=0
K= 937
16.032579202
K= 938
4936.0 , Degree=0
K= 939
4720.0
K= 940
4936.0 , Degree=0
K= 941
4936.0 , Degree=0
K= 942
4936.0 , Degree=0
K= 943
4936.0 , Degree=0
K= 944
2681.50705271
K= 945
2234.0
K= 946
4936.0 , Degree=0
K= 947
23.4250000003
K= 948
4936.0 , Degree=0
K= 949
4936.0 , Degree=0
K= 950
15.2083333335
K= 951
58.8351691745
K= 952
2510.34071068
K= 953
4936.0 , Degree=0
K= 954
2307.75
K= 955
4936.0 , Degree=0
K= 956
4936.0 , Degree=0
K= 957
2494.26666667
K= 958
13.6000000002
K= 959
66.5638061195
K= 960
2671.25515873
K= 961
4936.0 , Degree=0
K= 962
4936.0 , Degree=0
K= 963
18.8500000002
K= 964
4936.0 , Degree=0
K= 965
4936.0 , Degree=0
K= 966
2318.66666667
K= 967
4936.0 , Degree=0
K= 968
2533.0974084
K= 969
2248.33333333
K= 970
15.7055555559
K= 971
72.3993457421
K= 972
4936.0 , Degree=0
K= 973
4936.0 , Degree=0
K= 974
2307.75
K= 975
2307.75
K= 976
4936.0 , Degree=0
K= 977
16.2500000001
K= 978
4936.0 , Degree=0
K= 979
43.3816940964
K= 980
4936.0 , Degree=0
K= 981
4936.0 , Degree=0
K= 982
15.3581845242
K= 983
4936.0 , Degree=0
K= 984
2509.87346002
K= 985
4936.0 , Degree=0
K= 986
4936.0 , Degree=0
K= 987
3335.64321238
K= 988
2240.0
K= 989
4936.0 , Degree=0
K= 990
4936.0 , Degree=0
K= 991
17.2952380955
K= 992
4936.0 , Degree=0
K= 993
31.7714285715
K= 994
4936.0 , Degree=0
K= 995
38.350006531
K= 996
4936.0 , Degree=0
K= 997
32.8158160555
K= 998
2493.93333333
K= 999
4936.0 , Degree=0
K= 1000
4936.0 , Degree=0
K= 1001
4936.0 , Degree=0
K= 1002
4936.0 , Degree=0
K= 1003
2498.49761905
K= 1004
20.2666666668
K= 1005
2654.05595238
K= 1006
70.7082752418
K= 1007
8.99047619081
K= 1008
12.1282552967
K= 1009
4936.0 , Degree=0
K= 1010
4936.0 , Degree=0
K= 1011
6719.85
K= 1012
5.35644157126
K= 1013
4936.0 , Degree=0
K= 1014
11.8619047622
K= 1015
4712.0
K= 1016
19.7666666668
K= 1017
4936.0 , Degree=0
K= 1018
4936.0 , Degree=0
K= 1019
4936.0 , Degree=0
K= 1020
4684.0
K= 1021
4936.0 , Degree=0
K= 1022
4936.0 , Degree=0
K= 1023
2307.75
K= 1024
12.8500000002
K= 1025
4936.0 , Degree=0
K= 1026
2491.71190476
K= 1027
4936.0 , Degree=0
K= 1028
7.43397435918
K= 1029
4936.0 , Degree=0
K= 1030
22.2174251452
K= 1031
2700.66666667
K= 1032
19.7666666668
K= 1033
4936.0 , Degree=0
K= 1034
16.4738095241
K= 1035
4936.0 , Degree=0
K= 1036
15.2083333335
K= 1037
2313.0
K= 1038
59.2013966296
K= 1039
1.09523809527
K= 1040
31.1714285716
K= 1041
4714.0
K= 1042
14.4870985398
K= 1043
4936.0 , Degree=0
K= 1044
4937.0
K= 1045
4684.0
K= 1046
4936.0 , Degree=0
K= 1047
90.0307359307
K= 1048
2486.61078431
K= 1049
184.185655046
K= 1050
4936.0 , Degree=0
K= 1051
4936.0 , Degree=0
K= 1052
4936.0 , Degree=0
K= 1053
16.0892135646
K= 1054
10.9238095242
K= 1055
4936.0 , Degree=0
K= 1056
4936.0 , Degree=0
K= 1057
4936.0 , Degree=0
K= 1058
5356.09207459
K= 1059
17.0452380955
K= 1060
17.7119047622
K= 1061
70.413995865
K= 1062
20.2809523812
K= 1063
2209.93333333
K= 1064
21.8443277312
K= 1065
4936.0 , Degree=0
K= 1066
4936.0 , Degree=0
K= 1067
4936.0 , Degree=0
K= 1068
20.2805555558
K= 1069
2280.66666667
K= 1070
12.8785714289
K= 1071
4936.0 , Degree=0
K= 1072
2637.013053
K= 1073
4936.0 , Degree=0
K= 1074
2488.09166667
K= 1075
4936.0 , Degree=0
K= 1076
17.9619047622
K= 1077
4936.0 , Degree=0
K= 1078
19.6000000002
K= 1079
4936.0 , Degree=0
K= 1080
2313.0
K= 1081
18.4619047622
K= 1082
4936.0 , Degree=0
K= 1083
2307.75
K= 1084
4936.0 , Degree=0
K= 1085
20.1000000002
K= 1086
2659.66421964
K= 1087
4936.0 , Degree=0
K= 1088
20.266666667
K= 1089
4936.0 , Degree=0
K= 1090
2653.55289526
K= 1091
35.5904761906
K= 1092
59.0974083978
K= 1093
4936.0 , Degree=0
K= 1094
14.266666667
K= 1095
4936.0 , Degree=0
K= 1096
4936.0 , Degree=0
K= 1097
4936.0 , Degree=0
K= 1098
4936.0 , Degree=0
K= 1099
4936.0 , Degree=0
K= 1100
36.3407106783
K= 1101
2440.73049427
K= 1102
2279.66666667
K= 1103
4936.0 , Degree=0
K= 1104
98.0555700208
K= 1105
4936.0 , Degree=0
K= 1106
19.7666666668
K= 1107
4936.0 , Degree=0
K= 1108
4936.0 , Degree=0
K= 1109
4936.0 , Degree=0
K= 1110
28.7571428572
K= 1111
4936.0 , Degree=0
K= 1112
4936.0 , Degree=0
K= 1113
18.2000000001
K= 1114
4936.0 , Degree=0
K= 1115
13.9583333337
K= 1116
4936.0 , Degree=0
K= 1117
15.1666666666
K= 1118
60.6695331602
K= 1119
4714.0
K= 1120
4936.0 , Degree=0
K= 1121
4715.36111111
K= 1122
31.5107439024
K= 1123
4936.0 , Degree=0
K= 1124
4691.47435897
K= 1125
4936.0 , Degree=0
K= 1126
26.9507366905
K= 1127
2493.6
K= 1128
4936.0 , Degree=0
K= 1129
4936.0 , Degree=0
K= 1130
2234.9
K= 1131
4936.0 , Degree=0
K= 1132
266.0
K= 1133
4936.0 , Degree=0
K= 1134
4936.0 , Degree=0
K= 1135
4712.0
K= 1136
2307.75
K= 1137
4936.0 , Degree=0
K= 1138
3166.39078235
K= 1139
4709.79444444
K= 1140
2500.1
K= 1141
2507.73848069
K= 1142
2237.66666667
K= 1143
4936.0 , Degree=0
K= 1144
4936.0 , Degree=0
K= 1145
2260.75
K= 1146
4936.0 , Degree=0
K= 1147
45.1706029784
K= 1148
4936.0 , Degree=0
K= 1149
4709.36111111
K= 1150
5.95535714319
K= 1151
4936.0 , Degree=0
K= 1152
4712.0
K= 1153
4936.0 , Degree=0
K= 1154
4936.0 , Degree=0
K= 1155
13.1000000002
K= 1156
327.645071347
K= 1157
4653.08571429
K= 1158
4529.76615098
K= 1159
4936.0 , Degree=0
K= 1160
2233.75
K= 1161
20.2809523812
K= 1162
2640.35829574
K= 1163
32.3014292581
K= 1164
2431.93197383
K= 1165
4936.0 , Degree=0
K= 1166
14.1288745372
K= 1167
2488.60606061
K= 1168
50.9812720082
K= 1169
2556.39923742
K= 1170
4684.0
K= 1171
4936.0 , Degree=0
K= 1172
4936.0 , Degree=0
K= 1173
2650.98565096
K= 1174
359.195737596
K= 1175
4936.0 , Degree=0
K= 1176
4936.0 , Degree=0
K= 1177
4936.0 , Degree=0
K= 1178
2707.04285714
K= 1179
2651.9634215
K= 1180
14.7984432238
K= 1181
4936.0 , Degree=0
K= 1182
16.6404761908
K= 1183
4936.0 , Degree=0
K= 1184
4664.93892045
K= 1185
4936.0 , Degree=0
K= 1186
707.68673492
K= 1187
24.1333333337
K= 1188
2494.26666667
K= 1189
2244.0
K= 1190
72.4989123197
K= 1191
4936.0 , Degree=0
K= 1192
2655.49581089
K= 1193
4936.0 , Degree=0
K= 1194
2520.3236734
K= 1195
55.5779543322
K= 1196
4936.0 , Degree=0
K= 1197
70.8382382893
K= 1198
19.7666666668
K= 1199
4984.41212121
K= 1200
4936.0 , Degree=0
Betweenness Centrality Improvement
[ 47.69270721  16.96190476  18.6        ...,   0.           0.           0.        ]
Top 20 BC Improvement
[ 408  724  853  263   12 1011 1058  148  306 1199  253  108 1044  531  536
  532  534  535 1153 1010]
Top 20 BC Improvement
[ 12403.           9949.78095238   7591.92060406   6729.85         6724.85
   6719.85         5356.09207459   5064.94701161   4985.55021645
   4984.41212121   4966.30422878   4939.           4937.           4936.
   4936.           4936.           4936.           4936.           4936.
   4936.        ]
