txValue= 1000000
Input graph
IGRAPH D--- 4619 68733 -- 
+ attr: pub_key (v), base_fee (e), capacity (e), fee_rate (e), txCost (e)
None
Graph after edges deleted
IGRAPH D--- 4619 32193 -- 
+ attr: pub_key (v), base_fee (e), capacity (e), fee_rate (e), txCost (e)
None
Our nodes starting connections: 
(4618, 2796)
(4618, 1223)
CurrentBC of our node:  175626.401447
K= 1200
4936.0 , Degree=0
K= 1201
4936.0 , Degree=0
K= 1202
4962.01298701
K= 1203
4936.0 , Degree=0
K= 1204
2484.84444444
K= 1205
4936.0 , Degree=0
K= 1206
12.8098815453
K= 1207
4936.0 , Degree=0
K= 1208
4936.0 , Degree=0
K= 1209
70.6803393894
K= 1210
11.4204645705
K= 1211
9.3432224842
K= 1212
18.4458826359
K= 1213
246.922533023
K= 1214
2486.16666667
K= 1215
194.144047619
K= 1216
4936.0 , Degree=0
K= 1217
4936.0 , Degree=0
K= 1218
11.8
K= 1219
1800.14855253
K= 1220
11.8772270874
K= 1221
4936.0 , Degree=0
K= 1222
4936.0 , Degree=0
K= 1223
161.29268484
K= 1224
15.8993278978
K= 1225
6.33333333334
K= 1226
4936.0 , Degree=0
K= 1227
4936.0 , Degree=0
K= 1228
157.31783486
K= 1229
4936.0 , Degree=0
K= 1230
20.642640163
K= 1231
12.5817335659
K= 1232
4648.33333333
K= 1233
6.33333333331
K= 1234
4936.0 , Degree=0
K= 1235
4936.0 , Degree=0
K= 1236
1797.14855253
K= 1237
4936.0 , Degree=0
K= 1238
4936.0 , Degree=0
K= 1239
4936.0 , Degree=0
K= 1240
183.619511445
K= 1241
256.059482245
K= 1242
4936.0 , Degree=0
K= 1243
4936.0 , Degree=0
K= 1244
4936.0 , Degree=0
K= 1245
4936.0 , Degree=0
K= 1246
2485.46666667
K= 1247
1828.8152192
K= 1248
4936.0 , Degree=0
K= 1249
19.9935016835
K= 1250
16.7412193121
K= 1251
4936.0 , Degree=0
K= 1252
18.4458826359
K= 1253
4936.0 , Degree=0
K= 1254
4936.0 , Degree=0
K= 1255
4936.0 , Degree=0
K= 1256
4936.0 , Degree=0
K= 1257
11.9230564908
K= 1258
4936.0 , Degree=0
K= 1259
4936.0 , Degree=0
K= 1260
23.6639386977
K= 1261
177.618782507
K= 1262
4936.0 , Degree=0
K= 1263
8.24421085176
K= 1264
2536.92380952
K= 1265
27.8582920633
K= 1266
4936.0 , Degree=0
K= 1267
1799.28188587
K= 1268
1800.14855253
K= 1269
4936.0 , Degree=0
K= 1270
4936.0 , Degree=0
K= 1271
36.6759385916
K= 1272
4936.0 , Degree=0
K= 1273
1012.43588498
K= 1274
4936.0 , Degree=0
K= 1275
16.848177212
K= 1276
176.829360223
K= 1277
2567.11904762
K= 1278
55.6765285654
K= 1279
154.903951121
K= 1280
49.4430132819
K= 1281
4936.0 , Degree=0
K= 1282
4936.0 , Degree=0
K= 1283
4936.0 , Degree=0
K= 1284
4936.0 , Degree=0
K= 1285
95.5801280857
K= 1286
4936.0 , Degree=0
K= 1287
4936.0 , Degree=0
K= 1288
4936.0 , Degree=0
K= 1289
2477.23909774
K= 1290
4936.0 , Degree=0
K= 1291
111.576917083
K= 1292
4936.0 , Degree=0
K= 1293
4936.0 , Degree=0
K= 1294
6.36507936509
K= 1295
2382.60939383
K= 1296
4936.0 , Degree=0
K= 1297
4936.0 , Degree=0
K= 1298
2454.0
K= 1299
1808.2152192
K= 1300
16.1463193391
K= 1301
4936.0 , Degree=0
K= 1302
177.729786445
K= 1303
4936.0 , Degree=0
K= 1304
1796.28188587
K= 1305
2483.65959596
K= 1306
2484.45751634
K= 1307
2459.0
K= 1308
12.1304741506
K= 1309
4936.0 , Degree=0
K= 1310
4936.0 , Degree=0
K= 1311
22.208865333
K= 1312
2549.7540404
K= 1313
4936.0 , Degree=0
K= 1314
2382.68913425
K= 1315
4936.0 , Degree=0
K= 1316
83.8245012792
K= 1317
25.8694847994
K= 1318
87.3863969364
K= 1319
4936.0 , Degree=0
K= 1320
1883.32028186
K= 1321
355.737913697
K= 1322
4936.0 , Degree=0
K= 1323
4936.0 , Degree=0
K= 1324
4936.0 , Degree=0
K= 1325
4936.0 , Degree=0
K= 1326
131.576008733
K= 1327
42.5965913666
K= 1328
652.038009171
K= 1329
4936.0 , Degree=0
K= 1330
2482.50736715
K= 1331
4936.0 , Degree=0
K= 1332
179.899206349
K= 1333
6.33333333334
K= 1334
2559.64285714
K= 1335
70.3217373341
K= 1336
20.642640163
K= 1337
262.416666667
K= 1338
9.4961874095
K= 1339
2454.0
K= 1340
4936.0 , Degree=0
K= 1341
4936.0 , Degree=0
K= 1342
4936.0 , Degree=0
K= 1343
4936.0 , Degree=0
K= 1344
189.235583252
K= 1345
4936.0 , Degree=0
K= 1346
4936.0 , Degree=0
K= 1347
4936.0 , Degree=0
K= 1348
119.149242424
K= 1349
4936.0 , Degree=0
K= 1350
14.5007610536
K= 1351
23.6793839288
K= 1352
82.5340407658
K= 1353
2476.5
K= 1354
8.31195792876
K= 1355
4936.0 , Degree=0
K= 1356
23.981612353
K= 1357
4936.0 , Degree=0
K= 1358
16.4839136275
K= 1359
35.6891744392
K= 1360
4936.0 , Degree=0
K= 1361
4936.0 , Degree=0
K= 1362
9698.66666667
K= 1363
1800.14855253
K= 1364
2485.46666667
K= 1365
4936.0 , Degree=0
K= 1366
4936.0 , Degree=0
K= 1367
18.8723834394
K= 1368
4936.0 , Degree=0
K= 1369
4936.0 , Degree=0
K= 1370
32.1011013627
K= 1371
14.0640875283
K= 1372
77.7436321769
K= 1373
4936.0 , Degree=0
K= 1374
4936.0 , Degree=0
K= 1375
4936.0 , Degree=0
K= 1376
15.8474209433
K= 1377
1805.2152192
K= 1378
6.33333333334
K= 1379
11.7567088359
K= 1380
4936.0 , Degree=0
K= 1381
2483.20167514
K= 1382
190.846121787
K= 1383
24.5788774415
K= 1384
4936.0 , Degree=0
K= 1385
182.970226408
K= 1386
4936.0 , Degree=0
K= 1387
4936.0 , Degree=0
K= 1388
4856.0
K= 1389
4936.0 , Degree=0
K= 1390
2480.01985454
K= 1391
4936.0 , Degree=0
K= 1392
195.601026896
K= 1393
4936.0 , Degree=0
K= 1394
18.0574306652
K= 1395
1799.28188587
K= 1396
4936.0 , Degree=0
K= 1397
63.3445228876
K= 1398
4936.0 , Degree=0
K= 1399
4936.0 , Degree=0
K= 1400
4936.0 , Degree=0
K= 1401
2454.0
K= 1402
4936.0 , Degree=0
K= 1403
4936.0 , Degree=0
K= 1404
4936.0 , Degree=0
K= 1405
13.9844279782
K= 1406
2486.24242424
K= 1407
9.68730158731
K= 1408
4936.0 , Degree=0
K= 1409
4936.0 , Degree=0
K= 1410
4936.0 , Degree=0
K= 1411
4936.0 , Degree=0
K= 1412
4936.0 , Degree=0
K= 1413
4936.0 , Degree=0
K= 1414
4739.05
K= 1415
89.5494285535
K= 1416
186.623015873
K= 1417
11.3914925256
K= 1418
4936.0 , Degree=0
K= 1419
26.1895252723
K= 1420
1797.8152192
K= 1421
4936.0 , Degree=0
K= 1422
4799.0
K= 1423
4936.0 , Degree=0
K= 1424
4936.0 , Degree=0
K= 1425
22.8519634476
K= 1426
4799.0
K= 1427
2488.1
K= 1428
4936.0 , Degree=0
K= 1429
4936.0 , Degree=0
K= 1430
13.0444444445
K= 1431
4936.0 , Degree=0
K= 1432
1800.14855253
K= 1433
17.7931051252
K= 1434
4860.33333333
K= 1435
4936.0 , Degree=0
K= 1436
4936.0 , Degree=0
K= 1437
4936.0 , Degree=0
K= 1438
4936.0 , Degree=0
K= 1439
4936.0 , Degree=0
K= 1440
12391.0
K= 1441
4936.0 , Degree=0
K= 1442
4936.0 , Degree=0
K= 1443
2478.71299546
K= 1444
4936.0 , Degree=0
K= 1445
4936.0 , Degree=0
K= 1446
4776.8
K= 1447
4936.0 , Degree=0
K= 1448
4936.0 , Degree=0
K= 1449
4936.0 , Degree=0
K= 1450
12.663618526
K= 1451
3323.97755164
K= 1452
4936.0 , Degree=0
K= 1453
1796.10022092
K= 1454
14.3181893376
K= 1455
204.610202543
K= 1456
4936.0 , Degree=0
K= 1457
6.99133205658
K= 1458
4936.0 , Degree=0
K= 1459
1798.35774793
K= 1460
4936.0 , Degree=0
K= 1461
4936.0 , Degree=0
K= 1462
29.1385626797
K= 1463
123.098143776
K= 1464
4936.0 , Degree=0
K= 1465
9872.0
K= 1466
4820.10707249
K= 1467
4936.0 , Degree=0
K= 1468
4936.0 , Degree=0
K= 1469
18.5260367279
K= 1470
4936.0 , Degree=0
K= 1471
4936.0 , Degree=0
K= 1472
86.4903176322
K= 1473
4936.0 , Degree=0
K= 1474
4936.0 , Degree=0
K= 1475
18.4458826359
K= 1476
23.2772125357
K= 1477
4936.0 , Degree=0
K= 1478
2535.0
K= 1479
4936.0 , Degree=0
K= 1480
84.018046653
K= 1481
4936.0 , Degree=0
K= 1482
4936.0 , Degree=0
K= 1483
9.27250780794
K= 1484
2484.96666667
K= 1485
4936.0 , Degree=0
K= 1486
4936.0 , Degree=0
K= 1487
2545.66666667
K= 1488
20.7411563845
K= 1489
8.09567527557
K= 1490
12.3588484646
K= 1491
15.8468144696
K= 1492
4936.0 , Degree=0
K= 1493
17.4755639299
K= 1494
4936.0 , Degree=0
K= 1495
4832.0
K= 1496
4936.0 , Degree=0
K= 1497
4936.0 , Degree=0
K= 1498
4936.0 , Degree=0
K= 1499
4936.0 , Degree=0
K= 1500
4839.35555556
K= 1501
31.6343202621
K= 1502
2567.4
K= 1503
4936.0 , Degree=0
K= 1504
111.163043478
K= 1505
4936.0 , Degree=0
K= 1506
4936.0 , Degree=0
K= 1507
10.9375752282
K= 1508
4936.0 , Degree=0
K= 1509
4936.0 , Degree=0
K= 1510
4936.0 , Degree=0
K= 1511
4936.0 , Degree=0
K= 1512
3323.97755164
K= 1513
2484.51666667
K= 1514
7.82988365271
K= 1515
2454.0
K= 1516
65.2872180451
K= 1517
1824.61045729
K= 1518
91.678190174
K= 1519
4936.0 , Degree=0
K= 1520
4936.0 , Degree=0
K= 1521
4936.0 , Degree=0
K= 1522
4936.0 , Degree=0
K= 1523
55.5594095731
K= 1524
11.4494291774
K= 1525
4936.0 , Degree=0
K= 1526
162.5
K= 1527
12.2579140644
K= 1528
120.951990513
K= 1529
364.828102514
K= 1530
32.7648262104
K= 1531
4936.0 , Degree=0
K= 1532
4936.0 , Degree=0
K= 1533
4936.0 , Degree=0
K= 1534
4936.0 , Degree=0
K= 1535
35.3770933962
K= 1536
2558.63734545
K= 1537
14.6506665335
K= 1538
4936.0 , Degree=0
K= 1539
26.6601721449
K= 1540
32.5474400339
K= 1541
4936.0 , Degree=0
K= 1542
4936.0 , Degree=0
K= 1543
2485.33900709
K= 1544
14.0103562971
K= 1545
277.33030303
K= 1546
23.8095246702
K= 1547
4936.0 , Degree=0
K= 1548
23.2447040142
K= 1549
4936.0 , Degree=0
K= 1550
4936.0 , Degree=0
K= 1551
85.2955535155
K= 1552
4851.83333333
K= 1553
197.808538449
K= 1554
4936.0 , Degree=0
K= 1555
4936.0 , Degree=0
K= 1556
21.7597673208
K= 1557
120.841609481
K= 1558
41.3199081541
K= 1559
4936.0 , Degree=0
K= 1560
21.142640163
K= 1561
4936.0 , Degree=0
K= 1562
4936.0 , Degree=0
K= 1563
2494.71299546
K= 1564
175.057245532
K= 1565
4936.0 , Degree=0
K= 1566
2486.33333333
K= 1567
1806.06780719
K= 1568
4936.0 , Degree=0
K= 1569
11.9827463615
K= 1570
27.3285621571
K= 1571
4936.0 , Degree=0
K= 1572
136.019047619
K= 1573
4919.33333333
K= 1574
4936.0 , Degree=0
K= 1575
4936.0 , Degree=0
K= 1576
23.7647937592
K= 1577
4936.0 , Degree=0
K= 1578
44.9340582048
K= 1579
4936.0 , Degree=0
K= 1580
81.5435985211
K= 1581
4936.0 , Degree=0
K= 1582
4936.0 , Degree=0
K= 1583
4936.0 , Degree=0
K= 1584
4936.0 , Degree=0
K= 1585
4936.0 , Degree=0
K= 1586
15.815449195
K= 1587
1802.18776822
K= 1588
11.2895653936
K= 1589
4936.0 , Degree=0
K= 1590
153.902561448
K= 1591
4936.0 , Degree=0
K= 1592
4936.0 , Degree=0
K= 1593
4936.0 , Degree=0
K= 1594
4936.0 , Degree=0
K= 1595
4936.0 , Degree=0
K= 1596
4936.0 , Degree=0
K= 1597
4936.0 , Degree=0
K= 1598
24.7384023038
K= 1599
4936.0 , Degree=0
K= 1600
4936.0 , Degree=0
K= 1601
4936.0 , Degree=0
K= 1602
4936.0 , Degree=0
K= 1603
25.617248761
K= 1604
9.00845490562
K= 1605
167.355852601
K= 1606
4936.0 , Degree=0
K= 1607
4784.0
K= 1608
1809.8152192
K= 1609
4936.0 , Degree=0
K= 1610
51.8169168227
K= 1611
4936.0 , Degree=0
K= 1612
2454.0
K= 1613
19.2994635463
K= 1614
4936.0 , Degree=0
K= 1615
4858.33333333
K= 1616
22.9506445407
K= 1617
4936.0 , Degree=0
K= 1618
13.9360049364
K= 1619
2488.18681319
K= 1620
10.7087689955
K= 1621
24.7754038294
K= 1622
7189.41666667
K= 1623
4936.0 , Degree=0
K= 1624
4936.0 , Degree=0
K= 1625
2390.68517322
K= 1626
33.2426244361
K= 1627
4936.0 , Degree=0
K= 1628
1908.15569539
K= 1629
2485.37142857
K= 1630
4936.0 , Degree=0
K= 1631
96.2572829132
K= 1632
4936.0 , Degree=0
K= 1633
4936.0 , Degree=0
K= 1634
4936.0 , Degree=0
K= 1635
13.4209066328
K= 1636
26.3422215352
K= 1637
4936.0 , Degree=0
K= 1638
4936.0 , Degree=0
K= 1639
4936.0 , Degree=0
K= 1640
16.2753975252
K= 1641
4936.0 , Degree=0
K= 1642
4859.0
K= 1643
4936.0 , Degree=0
K= 1644
1796.28188587
K= 1645
2559.64285714
K= 1646
4936.0 , Degree=0
K= 1647
4936.0 , Degree=0
K= 1648
1895.08373103
K= 1649
4936.0 , Degree=0
K= 1650
167.355852601
K= 1651
6.33333333334
K= 1652
2545.04365079
K= 1653
4936.0 , Degree=0
K= 1654
2461.58333333
K= 1655
2456.09683605
K= 1656
6.33333333334
K= 1657
4936.0 , Degree=0
K= 1658
222.366666667
K= 1659
12.2657042943
K= 1660
8.55222049193
K= 1661
4936.0 , Degree=0
K= 1662
4861.5
K= 1663
4936.0 , Degree=0
K= 1664
4936.0 , Degree=0
K= 1665
14.4270768825
K= 1666
4936.0 , Degree=0
K= 1667
4936.0 , Degree=0
K= 1668
4936.0 , Degree=0
K= 1669
4936.0 , Degree=0
K= 1670
1796.05897034
K= 1671
176.183856162
K= 1672
4936.0 , Degree=0
K= 1673
2484.84444444
K= 1674
4936.0 , Degree=0
K= 1675
4936.0 , Degree=0
K= 1676
27.620435232
K= 1677
1797.8152192
K= 1678
13.3099259608
K= 1679
4936.0 , Degree=0
K= 1680
4936.0 , Degree=0
K= 1681
20.0237717444
K= 1682
4936.0 , Degree=0
K= 1683
4936.0 , Degree=0
K= 1684
4936.0 , Degree=0
K= 1685
19.839144513
K= 1686
4936.0 , Degree=0
K= 1687
2573.7952381
K= 1688
1797.14855253
K= 1689
32.2926434346
K= 1690
1797.14855253
K= 1691
12.9003200987
K= 1692
4936.0 , Degree=0
K= 1693
43.9249943609
K= 1694
4936.0 , Degree=0
K= 1695
4936.0 , Degree=0
K= 1696
173.151434581
K= 1697
3323.97755164
K= 1698
4936.0 , Degree=0
K= 1699
13.3730279575
K= 1700
185.285843222
K= 1701
102.936119784
K= 1702
200.810752156
K= 1703
4799.0
K= 1704
4936.0 , Degree=0
K= 1705
4847.0
K= 1706
4936.0 , Degree=0
K= 1707
2484.59340659
K= 1708
29.6595655017
K= 1709
4936.0 , Degree=0
K= 1710
2486.33333333
K= 1711
1796.64855253
K= 1712
4936.0 , Degree=0
K= 1713
2486.33333333
K= 1714
4936.0 , Degree=0
K= 1715
4936.0 , Degree=0
K= 1716
4936.0 , Degree=0
K= 1717
4936.0 , Degree=0
K= 1718
10.3040070907
K= 1719
1800.14855253
K= 1720
1809.60978649
K= 1721
4936.0 , Degree=0
K= 1722
9.10353233895
K= 1723
4855.37142857
K= 1724
7.49315450998
K= 1725
174.399923099
K= 1726
198.214257296
K= 1727
4936.0 , Degree=0
K= 1728
4936.0 , Degree=0
K= 1729
197.920707071
K= 1730
4936.0 , Degree=0
K= 1731
4936.0 , Degree=0
K= 1732
4936.0 , Degree=0
K= 1733
30.8676622375
K= 1734
23.5493383953
K= 1735
4936.0 , Degree=0
K= 1736
4936.0 , Degree=0
K= 1737
11.8503414866
K= 1738
4936.0 , Degree=0
K= 1739
4936.0 , Degree=0
K= 1740
10.9172437209
K= 1741
177.978677755
K= 1742
4784.0
K= 1743
4936.0 , Degree=0
K= 1744
18.4441291677
K= 1745
165.0
K= 1746
4831.5
K= 1747
2558.68513244
K= 1748
8.29645519832
K= 1749
9.09683605019
K= 1750
2486.23333333
K= 1751
14.4377341487
K= 1752
4936.0 , Degree=0
K= 1753
4936.0 , Degree=0
K= 1754
4936.0 , Degree=0
K= 1755
13.2454346549
K= 1756
1797.14855253
K= 1757
193.835167507
K= 1758
5118.42048378
K= 1759
4936.0 , Degree=0
K= 1760
1881.18257509
K= 1761
21.1677155673
K= 1762
1870.02823396
K= 1763
4936.0 , Degree=0
K= 1764
8.00114372591
K= 1765
4936.0 , Degree=0
K= 1766
4936.0 , Degree=0
K= 1767
2454.0
K= 1768
2485.46666667
K= 1769
24.242640163
K= 1770
2384.39924519
K= 1771
2485.46666667
K= 1772
4936.0 , Degree=0
K= 1773
4936.0 , Degree=0
K= 1774
4936.0 , Degree=0
K= 1775
4936.0 , Degree=0
K= 1776
568.407531194
K= 1777
4936.0 , Degree=0
K= 1778
4936.0 , Degree=0
K= 1779
2578.07575758
K= 1780
232.285714286
K= 1781
4936.0 , Degree=0
K= 1782
8.31195792876
K= 1783
20.3115460549
K= 1784
1010.97501872
K= 1785
4859.0
K= 1786
1799.28188587
K= 1787
4799.0
K= 1788
57.4253129706
K= 1789
4936.0 , Degree=0
K= 1790
83.7503533026
K= 1791
17.8519643992
K= 1792
4936.0 , Degree=0
K= 1793
6.33333333334
K= 1794
4936.0 , Degree=0
K= 1795
153.319226054
K= 1796
1797.33270172
K= 1797
25.9957892108
K= 1798
4936.0 , Degree=0
K= 1799
20.0002291867
K= 1800
4936.0 , Degree=0
K= 1801
4936.0 , Degree=0
K= 1802
4936.0 , Degree=0
K= 1803
2486.16666667
K= 1804
12.5643048036
K= 1805
1841.25560263
K= 1806
4936.0 , Degree=0
K= 1807
4936.0 , Degree=0
K= 1808
54.2524451979
K= 1809
7.38657015181
K= 1810
218.669047619
K= 1811
3.33333333334
K= 1812
4936.0 , Degree=0
K= 1813
41.899276714
K= 1814
19.5015728231
K= 1815
19.370235522
K= 1816
4936.0 , Degree=0
K= 1817
1797.05431694
K= 1818
20.8710599965
K= 1819
2384.4765059
K= 1820
9925.33333333
K= 1821
9.28458640567
K= 1822
4936.0 , Degree=0
K= 1823
4936.0 , Degree=0
K= 1824
2454.0
K= 1825
4936.0 , Degree=0
K= 1826
4936.0 , Degree=0
K= 1827
35.6388976017
K= 1828
103.210022984
K= 1829
9.08941302812
K= 1830
4936.0 , Degree=0
K= 1831
4936.0 , Degree=0
K= 1832
4708.30672579
K= 1833
2559.64285714
K= 1834
4936.0 , Degree=0
K= 1835
2485.37364341
K= 1836
4936.0 , Degree=0
K= 1837
4936.0 , Degree=0
K= 1838
2382.95800385
K= 1839
20.4731582294
K= 1840
2488.98763853
K= 1841
4936.0 , Degree=0
K= 1842
68.8008547009
K= 1843
9.26127295778
K= 1844
175.027066259
K= 1845
12.4034716488
K= 1846
4936.0 , Degree=0
K= 1847
4936.0 , Degree=0
K= 1848
4936.0 , Degree=0
K= 1849
16.6448568407
K= 1850
13.1607246718
K= 1851
4936.0 , Degree=0
K= 1852
4829.45751634
K= 1853
4822.0
K= 1854
4936.0 , Degree=0
K= 1855
1871.77474301
K= 1856
12.4961628364
K= 1857
2485.46666667
K= 1858
4936.0 , Degree=0
K= 1859
4936.0 , Degree=0
K= 1860
4936.0 , Degree=0
K= 1861
4936.0 , Degree=0
K= 1862
4936.0 , Degree=0
K= 1863
4769.0
K= 1864
18.3114725543
K= 1865
177.618782507
K= 1866
21.6059497436
K= 1867
167.355852601
K= 1868
2454.0
K= 1869
92.0766609763
K= 1870
4936.0 , Degree=0
K= 1871
18.4458826359
K= 1872
17.6388490308
K= 1873
4936.0 , Degree=0
K= 1874
25.7015048547
K= 1875
4936.0 , Degree=0
K= 1876
4859.91666667
K= 1877
30.6743153724
K= 1878
68.698965767
K= 1879
9.71723724532
K= 1880
4936.0 , Degree=0
K= 1881
4936.0 , Degree=0
K= 1882
10.6845154421
K= 1883
7.98075427659
K= 1884
4936.0 , Degree=0
K= 1885
2484.98447205
K= 1886
1877.98938418
K= 1887
13.7208798588
K= 1888
6.33333333331
K= 1889
88.5064915628
K= 1890
4936.0 , Degree=0
K= 1891
2550.91011236
K= 1892
10.7412656184
K= 1893
4861.5
K= 1894
4936.0 , Degree=0
K= 1895
4784.0
K= 1896
4832.0
K= 1897
4936.0 , Degree=0
K= 1898
4936.0 , Degree=0
K= 1899
31.8133211267
K= 1900
216.663003663
K= 1901
4936.0 , Degree=0
K= 1902
8.77311117068
K= 1903
4936.0 , Degree=0
K= 1904
1797.15786626
K= 1905
12.690214424
K= 1906
4936.0 , Degree=0
K= 1907
14.3942043683
K= 1908
2484.95021645
K= 1909
15.7380952381
K= 1910
8.38274636149
K= 1911
7.0
K= 1912
21.2553375667
K= 1913
4784.0
K= 1914
4936.0 , Degree=0
K= 1915
4936.0 , Degree=0
K= 1916
4860.5
K= 1917
4936.0 , Degree=0
K= 1918
14.4398586146
K= 1919
4849.31919192
K= 1920
2551.73232323
K= 1921
4936.0 , Degree=0
K= 1922
2382.9786246
K= 1923
207.922533023
K= 1924
24.6513925069
K= 1925
2486.16666667
K= 1926
4936.0 , Degree=0
K= 1927
4936.0 , Degree=0
K= 1928
1801.08648357
K= 1929
10.7772711269
K= 1930
110.140125434
K= 1931
426.160683761
K= 1932
173.349428554
K= 1933
4936.0 , Degree=0
K= 1934
4936.0 , Degree=0
K= 1935
190.849765072
K= 1936
4936.0 , Degree=0
K= 1937
15.2096392206
K= 1938
19.2062702208
K= 1939
8.31195792876
K= 1940
4936.0 , Degree=0
K= 1941
4936.0 , Degree=0
K= 1942
4936.0 , Degree=0
K= 1943
2447.0
K= 1944
4860.5
K= 1945
4936.0 , Degree=0
K= 1946
9.87986811329
K= 1947
4936.0 , Degree=0
K= 1948
2538.5961635
K= 1949
21.9011671887
K= 1950
4936.0 , Degree=0
K= 1951
4936.0 , Degree=0
K= 1952
4936.0 , Degree=0
K= 1953
4936.0 , Degree=0
K= 1954
5.07142857145
K= 1955
2558.63734545
K= 1956
4936.0 , Degree=0
K= 1957
21.1860041288
K= 1958
174.399923099
K= 1959
4785.81818182
K= 1960
1798.5121889
K= 1961
53.9047619047
K= 1962
2485.34166667
K= 1963
12.9100146019
K= 1964
2575.44285714
K= 1965
13.8451171946
K= 1966
4936.0 , Degree=0
K= 1967
4936.0 , Degree=0
K= 1968
4822.0
K= 1969
4936.0 , Degree=0
K= 1970
4936.0 , Degree=0
K= 1971
74.2387242279
K= 1972
4936.0 , Degree=0
K= 1973
4936.0 , Degree=0
K= 1974
4936.0 , Degree=0
K= 1975
4936.0 , Degree=0
K= 1976
4936.0 , Degree=0
K= 1977
4936.0 , Degree=0
K= 1978
4936.0 , Degree=0
K= 1979
4969.02173913
K= 1980
85.3754845464
K= 1981
6.76123265969
K= 1982
20.642640163
K= 1983
4936.0 , Degree=0
K= 1984
4936.0 , Degree=0
K= 1985
8.24421085176
K= 1986
4936.0 , Degree=0
K= 1987
1798.88188587
K= 1988
73.9333333333
K= 1989
4936.0 , Degree=0
K= 1990
2484.96666667
K= 1991
4936.0 , Degree=0
K= 1992
2454.0
K= 1993
14.1672351216
K= 1994
4936.0 , Degree=0
K= 1995
4936.0 , Degree=0
K= 1996
4936.0 , Degree=0
K= 1997
40.3228216339
K= 1998
15.0762998148
K= 1999
4936.0 , Degree=0
K= 2000
15.8345097446
K= 2001
4936.0 , Degree=0
K= 2002
4936.0 , Degree=0
K= 2003
2454.0
K= 2004
224.036904762
K= 2005
9.26127295778
K= 2006
205.791666667
K= 2007
4936.0 , Degree=0
K= 2008
265.416666667
K= 2009
4799.0
K= 2010
12.5352801454
K= 2011
58.8337252746
K= 2012
14.4132961517
K= 2013
20.6620943076
K= 2014
15.3564222644
K= 2015
4936.0 , Degree=0
K= 2016
4936.0 , Degree=0
K= 2017
183.662660705
K= 2018
163.193650794
K= 2019
77.8102107543
K= 2020
9.61867742054
K= 2021
9.27250780794
K= 2022
2446.0
K= 2023
16.8990153158
K= 2024
4936.0 , Degree=0
K= 2025
1799.28188587
K= 2026
4936.0 , Degree=0
K= 2027
2471.22966212
K= 2028
10.9729313266
K= 2029
4936.0 , Degree=0
K= 2030
52.6465158517
K= 2031
18.1410420804
K= 2032
2484.37229437
K= 2033
7.56077442382
K= 2034
4936.0 , Degree=0
K= 2035
4936.0 , Degree=0
K= 2036
40.9912610352
K= 2037
2454.0
K= 2038
4936.0 , Degree=0
K= 2039
4936.0 , Degree=0
K= 2040
40.5734754876
K= 2041
4936.0 , Degree=0
K= 2042
4936.0 , Degree=0
K= 2043
1799.40093348
K= 2044
4936.0 , Degree=0
K= 2045
9872.0
K= 2046
2500.09569464
K= 2047
24.7060512928
K= 2048
4936.0 , Degree=0
K= 2049
15.7445692654
K= 2050
4936.0 , Degree=0
K= 2051
2454.0
K= 2052
4936.0 , Degree=0
K= 2053
4936.0 , Degree=0
K= 2054
4936.0 , Degree=0
K= 2055
4936.0 , Degree=0
K= 2056
4936.0 , Degree=0
K= 2057
4936.0 , Degree=0
K= 2058
23.0636298333
K= 2059
1838.65966364
K= 2060
181.682220213
K= 2061
4936.0 , Degree=0
K= 2062
10.6361940221
K= 2063
9.87986811329
K= 2064
4936.0 , Degree=0
K= 2065
4936.0 , Degree=0
K= 2066
15.2936862567
K= 2067
4799.0
K= 2068
4936.0 , Degree=0
K= 2069
4936.0 , Degree=0
K= 2070
1878.2444758
K= 2071
6.33333333331
K= 2072
23.2587489877
K= 2073
1797.69220333
K= 2074
28.6919684299
K= 2075
4936.0 , Degree=0
K= 2076
4936.0 , Degree=0
K= 2077
134.403471649
K= 2078
9.27250780794
K= 2079
4936.0 , Degree=0
K= 2080
4936.0 , Degree=0
K= 2081
6.33333333334
K= 2082
4936.0 , Degree=0
K= 2083
2483.50905833
K= 2084
20.2151488294
K= 2085
18.4458826359
K= 2086
4936.0 , Degree=0
K= 2087
12803.6333333
K= 2088
4936.0 , Degree=0
K= 2089
48.1726555098
K= 2090
2454.0
K= 2091
4936.0 , Degree=0
K= 2092
9698.16666667
K= 2093
4936.0 , Degree=0
K= 2094
2551.73232323
K= 2095
4928.39393939
K= 2096
1873.4588015
K= 2097
123.012516693
K= 2098
162.4
K= 2099
4936.0 , Degree=0
K= 2100
4936.0 , Degree=0
K= 2101
4936.0 , Degree=0
K= 2102
4936.0 , Degree=0
K= 2103
4936.0 , Degree=0
K= 2104
4936.0 , Degree=0
K= 2105
3323.97755164
K= 2106
4936.0 , Degree=0
K= 2107
4936.0 , Degree=0
K= 2108
1807.79140968
K= 2109
2484.11601732
K= 2110
1798.50890353
K= 2111
2484.6969697
K= 2112
4936.0 , Degree=0
K= 2113
8.38274636146
K= 2114
2495.22121212
K= 2115
4936.0 , Degree=0
K= 2116
13.150512079
K= 2117
4936.0 , Degree=0
K= 2118
9.19152721443
K= 2119
1797.88664777
K= 2120
2381.0
K= 2121
4936.0 , Degree=0
K= 2122
4936.0 , Degree=0
K= 2123
2581.0
K= 2124
1798.65966364
K= 2125
178.702380952
K= 2126
4936.0 , Degree=0
K= 2127
208.550468662
K= 2128
4859.0
K= 2129
4936.0 , Degree=0
K= 2130
2454.0
K= 2131
4936.0 , Degree=0
K= 2132
4936.0 , Degree=0
K= 2133
1804.14855253
K= 2134
182.338218147
K= 2135
4936.0 , Degree=0
K= 2136
2454.0
K= 2137
18.4458826359
K= 2138
4936.0 , Degree=0
K= 2139
4936.0 , Degree=0
K= 2140
2484.84444444
K= 2141
163.881263831
K= 2142
2454.0
K= 2143
2494.93294451
K= 2144
4936.0 , Degree=0
K= 2145
4936.0 , Degree=0
K= 2146
319.509682226
K= 2147
4936.0 , Degree=0
K= 2148
83.8050346864
K= 2149
2485.07142857
K= 2150
4936.0 , Degree=0
K= 2151
4936.0 , Degree=0
K= 2152
4936.0 , Degree=0
K= 2153
4936.0 , Degree=0
K= 2154
187.366666667
K= 2155
4936.0 , Degree=0
K= 2156
4936.0 , Degree=0
K= 2157
4936.0 , Degree=0
K= 2158
4936.0 , Degree=0
K= 2159
4936.0 , Degree=0
K= 2160
4936.0 , Degree=0
K= 2161
73.1768276453
K= 2162
8.85118210872
K= 2163
71.3713980464
K= 2164
1796.28188587
K= 2165
4936.0 , Degree=0
K= 2166
6.33333333334
K= 2167
2487.21299546
K= 2168
4936.0 , Degree=0
K= 2169
4936.0 , Degree=0
K= 2170
11.4951831891
K= 2171
4936.0 , Degree=0
K= 2172
40.9867574099
K= 2173
1810.48426682
K= 2174
4936.0 , Degree=0
K= 2175
4936.0 , Degree=0
K= 2176
11.555752979
K= 2177
1797.14855253
K= 2178
4936.0 , Degree=0
K= 2179
18.5821896141
K= 2180
9.18717117826
K= 2181
4936.0 , Degree=0
K= 2182
18.4458826359
K= 2183
1797.14855253
K= 2184
4936.0 , Degree=0
K= 2185
4936.0 , Degree=0
K= 2186
4860.5
K= 2187
4936.0 , Degree=0
K= 2188
4838.0
K= 2189
4936.0 , Degree=0
K= 2190
4936.0 , Degree=0
K= 2191
1800.14855253
K= 2192
14.3421742917
K= 2193
4936.0 , Degree=0
K= 2194
190.157875458
K= 2195
4936.0 , Degree=0
K= 2196
4936.0 , Degree=0
K= 2197
8.52257331397
K= 2198
2486.16666667
K= 2199
4936.0 , Degree=0
K= 2200
4936.0 , Degree=0
K= 2201
4831.5
K= 2202
4936.0 , Degree=0
K= 2203
14.2284755229
K= 2204
182.050039275
K= 2205
10.9855629121
K= 2206
4936.0 , Degree=0
K= 2207
4936.0 , Degree=0
K= 2208
4936.0 , Degree=0
K= 2209
4936.0 , Degree=0
K= 2210
4936.0 , Degree=0
K= 2211
4936.0 , Degree=0
K= 2212
4784.0
K= 2213
4936.0 , Degree=0
K= 2214
4936.0 , Degree=0
K= 2215
4936.0 , Degree=0
K= 2216
4936.0 , Degree=0
K= 2217
3236.41088498
K= 2218
10.8964689206
K= 2219
4936.0 , Degree=0
K= 2220
4936.0 , Degree=0
K= 2221
4936.0 , Degree=0
K= 2222
4936.0 , Degree=0
K= 2223
2383.3102225
K= 2224
2578.33333333
K= 2225
4936.0 , Degree=0
K= 2226
4936.0 , Degree=0
K= 2227
4936.0 , Degree=0
K= 2228
4964.40335027
K= 2229
24680.0
K= 2230
4936.0 , Degree=0
K= 2231
25.480324666
K= 2232
307.2002886
K= 2233
4936.0 , Degree=0
K= 2234
4936.0 , Degree=0
K= 2235
4936.0 , Degree=0
K= 2236
4936.0 , Degree=0
K= 2237
27.8133780207
K= 2238
4936.0 , Degree=0
K= 2239
4936.0 , Degree=0
K= 2240
4936.0 , Degree=0
K= 2241
4936.0 , Degree=0
K= 2242
21.7980307051
K= 2243
4171.8152192
K= 2244
4936.0 , Degree=0
K= 2245
6.98648870958
K= 2246
16.013980699
K= 2247
11.2862689325
K= 2248
9.27250780794
K= 2249
4936.0 , Degree=0
K= 2250
188.78507338
K= 2251
1799.28188587
K= 2252
4936.0 , Degree=0
K= 2253
1796.98579891
K= 2254
33.8095791022
K= 2255
1803.8152192
K= 2256
7209.0
K= 2257
4861.91304348
K= 2258
4936.0 , Degree=0
K= 2259
4936.0 , Degree=0
K= 2260
4936.0 , Degree=0
K= 2261
16.6842715566
K= 2262
4936.0 , Degree=0
K= 2263
4936.0 , Degree=0
K= 2264
8.19016938354
K= 2265
8.24421085176
K= 2266
7432.06666667
K= 2267
4936.0 , Degree=0
K= 2268
19.4767815127
K= 2269
4970.49275362
K= 2270
4936.0 , Degree=0
K= 2271
171.842857143
K= 2272
85.6937507639
K= 2273
252.575641026
K= 2274
4936.0 , Degree=0
K= 2275
2579.47448011
K= 2276
22.350979366
K= 2277
4936.0 , Degree=0
K= 2278
4936.0 , Degree=0
K= 2279
4936.0 , Degree=0
K= 2280
4936.0 , Degree=0
K= 2281
4936.0 , Degree=0
K= 2282
21.6985378218
K= 2283
41.8209681733
K= 2284
12.8605628258
K= 2285
4936.0 , Degree=0
K= 2286
24.1730618178
K= 2287
4936.0 , Degree=0
K= 2288
4936.0 , Degree=0
K= 2289
4936.0 , Degree=0
K= 2290
4936.0 , Degree=0
K= 2291
124.55967366
K= 2292
4936.0 , Degree=0
K= 2293
4936.0 , Degree=0
K= 2294
4936.0 , Degree=0
K= 2295
2558.08737374
K= 2296
1800.14855253
K= 2297
4936.0 , Degree=0
K= 2298
4936.0 , Degree=0
K= 2299
10.0186774205
K= 2300
4936.0 , Degree=0
K= 2301
196.750546325
K= 2302
85.2696128798
K= 2303
4936.0 , Degree=0
K= 2304
4936.0 , Degree=0
K= 2305
171.842857143
K= 2306
1795.5121889
K= 2307
160.397619048
K= 2308
70.7450569104
K= 2309
2483.04535507
K= 2310
4936.0 , Degree=0
K= 2311
4936.0 , Degree=0
K= 2312
79.9326047505
K= 2313
4936.0 , Degree=0
K= 2314
4936.0 , Degree=0
K= 2315
4936.0 , Degree=0
K= 2316
24680.0
K= 2317
4936.0 , Degree=0
K= 2318
1795.88664777
K= 2319
1799.15637862
K= 2320
8.0379612871
K= 2321
174.399923099
K= 2322
2502.62121212
K= 2323
1798.06760015
K= 2324
4936.0 , Degree=0
K= 2325
1796.28188587
K= 2326
2484.97142857
K= 2327
4936.0 , Degree=0
K= 2328
4859.66666667
K= 2329
4936.0 , Degree=0
K= 2330
2484.9305835
K= 2331
80.1488185047
K= 2332
85.2983697541
K= 2333
17.8983272236
K= 2334
13.3011204968
K= 2335
4832.0
K= 2336
4936.0 , Degree=0
K= 2337
4936.0 , Degree=0
K= 2338
4936.0 , Degree=0
K= 2339
2561.4952381
K= 2340
4856.33333333
K= 2341
4936.0 , Degree=0
K= 2342
7.3607710551
K= 2343
4936.0 , Degree=0
K= 2344
4936.0 , Degree=0
K= 2345
4936.0 , Degree=0
K= 2346
4936.0 , Degree=0
K= 2347
32.7725643329
K= 2348
4936.0 , Degree=0
K= 2349
4936.0 , Degree=0
K= 2350
4936.0 , Degree=0
K= 2351
25.699835022
K= 2352
4936.0 , Degree=0
K= 2353
4936.0 , Degree=0
K= 2354
4936.0 , Degree=0
K= 2355
4936.0 , Degree=0
K= 2356
4936.0 , Degree=0
K= 2357
4936.0 , Degree=0
K= 2358
1819.50752689
K= 2359
2535.0
K= 2360
4936.0 , Degree=0
K= 2361
4936.0 , Degree=0
K= 2362
4936.0 , Degree=0
K= 2363
4936.0 , Degree=0
K= 2364
107.268616998
K= 2365
209.526623377
K= 2366
4936.0 , Degree=0
K= 2367
17.8331005361
K= 2368
10.8724551569
K= 2369
2486.37966212
K= 2370
7.56077442382
K= 2371
4936.0 , Degree=0
K= 2372
32.6546440449
K= 2373
4936.0 , Degree=0
K= 2374
6.33333333331
K= 2375
4936.0 , Degree=0
K= 2376
4849.31919192
K= 2377
185.035714286
K= 2378
4936.0 , Degree=0
K= 2379
4936.0 , Degree=0
K= 2380
4936.0 , Degree=0
K= 2381
2383.93447706
K= 2382
6635.11346715
K= 2383
4936.0 , Degree=0
K= 2384
22.019491337
K= 2385
174.33482857
K= 2386
14.4651628662
K= 2387
1883.30424308
K= 2388
13.5283547659
K= 2389
4936.0 , Degree=0
K= 2390
167.355852601
K= 2391
4936.0 , Degree=0
K= 2392
25.8851164636
K= 2393
4936.0 , Degree=0
K= 2394
177.85571968
K= 2395
4936.0 , Degree=0
K= 2396
4936.0 , Degree=0
K= 2397
4936.0 , Degree=0
K= 2398
4936.0 , Degree=0
K= 2399
6.76123265969
K= 2400
4936.0 , Degree=0
Betweenness Centrality Improvement
[ 0.  0.  0. ...,  0.  0.  0.]
Top 20 BC Improvement
[2229 2316 2087 1440 1820 1465 2045 1362 2092 2266 2256 1622 2382 1758 2269
 1979 2228 1202 1614 1623]
Top 20 BC Improvement
[ 24680.          24680.          12803.63333333  12391.           9925.33333333
   9872.           9872.           9698.66666667   9698.16666667
   7432.06666667   7209.           7189.41666667   6635.11346715
   5118.42048378   4970.49275362   4969.02173913   4964.40335027
   4962.01298701   4936.           4936.        ]
