txValue= 1000000
Input graph
IGRAPH D--- 4619 68733 -- 
+ attr: pub_key (v), base_fee (e), capacity (e), fee_rate (e), txCost (e)
None
Graph after edges deleted
IGRAPH D--- 4619 32193 -- 
+ attr: pub_key (v), base_fee (e), capacity (e), fee_rate (e), txCost (e)
None
Our nodes starting connections: 
(4618, 2796)
(4618, 1223)
(4618, 1163)
(4618, 222)
(4618, 2745)
(4618, 3884)
(4618, 3265)
(4618, 4209)
(4618, 2087)
(4618, 3540)
(4618, 3690)
CurrentBC of our node:  507081.571345
K= 1200
4936.0 , Degree=0
K= 1201
4936.0 , Degree=0
K= 1202
4970.01531802
K= 1203
4936.0 , Degree=0
K= 1204
2495.37326007
K= 1205
4936.0 , Degree=0
K= 1206
30.2666666665
K= 1207
4936.0 , Degree=0
K= 1208
4936.0 , Degree=0
K= 1209
45.9109848485
K= 1210
12.0845820844
K= 1211
18.8333333332
K= 1212
82.4968257661
K= 1213
2643.76666667
K= 1214
2494.16666667
K= 1215
2619.70238095
K= 1216
4936.0 , Degree=0
K= 1217
4936.0 , Degree=0
K= 1218
30.6166666666
K= 1219
14.1666666666
K= 1220
16.2500000001
K= 1221
4936.0 , Degree=0
K= 1222
4936.0 , Degree=0
K= 1223
9.14285714284
K= 1224
17.5238095237
K= 1225
19.3333333331
K= 1226
4936.0 , Degree=0
K= 1227
4936.0 , Degree=0
K= 1228
220.347619048
K= 1229
4936.0 , Degree=0
K= 1230
62.9756258293
K= 1231
18.1833333335
K= 1232
2173.0
K= 1233
19.6666666665
K= 1234
4936.0 , Degree=0
K= 1235
4936.0 , Degree=0
K= 1236
13.6666666665
K= 1237
4936.0 , Degree=0
K= 1238
4936.0 , Degree=0
K= 1239
4936.0 , Degree=0
K= 1240
2622.94583793
K= 1241
713.851219524
K= 1242
4936.0 , Degree=0
K= 1243
4936.0 , Degree=0
K= 1244
4936.0 , Degree=0
K= 1245
4936.0 , Degree=0
K= 1246
2492.18333333
K= 1247
67.2499999998
K= 1248
4936.0 , Degree=0
K= 1249
82.4968257661
K= 1250
14.546855922
K= 1251
4936.0 , Degree=0
K= 1252
43.552078274
K= 1253
4936.0 , Degree=0
K= 1254
4936.0 , Degree=0
K= 1255
4936.0 , Degree=0
K= 1256
4936.0 , Degree=0
K= 1257
16.7904761903
K= 1258
4936.0 , Degree=0
K= 1259
4936.0 , Degree=0
K= 1260
44.0748030529
K= 1261
2621.36158321
K= 1262
4936.0 , Degree=0
K= 1263
20.1666666665
K= 1264
4734.60952381
K= 1265
60.0472582972
K= 1266
4936.0 , Degree=0
K= 1267
13.2000000001
K= 1268
14.1666666666
K= 1269
4936.0 , Degree=0
K= 1270
4936.0 , Degree=0
K= 1271
38.4666666666
K= 1272
4936.0 , Degree=0
K= 1273
2568.25957875
K= 1274
4936.0 , Degree=0
K= 1275
15.6731185482
K= 1276
2619.32321346
K= 1277
2656.12092352
K= 1278
90.7949494949
K= 1279
2588.51145784
K= 1280
2287.01677489
K= 1281
4936.0 , Degree=0
K= 1282
4936.0 , Degree=0
K= 1283
4936.0 , Degree=0
K= 1284
4936.0 , Degree=0
K= 1285
88.0
K= 1286
4936.0 , Degree=0
K= 1287
4936.0 , Degree=0
K= 1288
4936.0 , Degree=0
K= 1289
2485.25763841
K= 1290
4936.0 , Degree=0
K= 1291
2549.77643088
K= 1292
4936.0 , Degree=0
K= 1293
4936.0 , Degree=0
K= 1294
19.4999999998
K= 1295
2260.45567766
K= 1296
4936.0 , Degree=0
K= 1297
4936.0 , Degree=0
K= 1298
2329.0
K= 1299
20.0444444442
K= 1300
17.3904761904
K= 1301
4936.0 , Degree=0
K= 1302
2582.07804643
K= 1303
4936.0 , Degree=0
K= 1304
11.6166666668
K= 1305
2487.44292929
K= 1306
2488.30849673
K= 1307
2329.0
K= 1308
13.9777777779
K= 1309
4936.0 , Degree=0
K= 1310
4936.0 , Degree=0
K= 1311
16.1666666667
K= 1312
4690.66666667
K= 1313
4936.0 , Degree=0
K= 1314
2262.0
K= 1315
4936.0 , Degree=0
K= 1316
158.109848485
K= 1317
54.3861538459
K= 1318
153.760673436
K= 1319
4936.0 , Degree=0
K= 1320
98.3651404561
K= 1321
3048.37134245
K= 1322
4936.0 , Degree=0
K= 1323
4936.0 , Degree=0
K= 1324
4936.0 , Degree=0
K= 1325
4936.0 , Degree=0
K= 1326
2486.0
K= 1327
46.454119214
K= 1328
3071.85712511
K= 1329
4936.0 , Degree=0
K= 1330
2483.8268034
K= 1331
4936.0 , Degree=0
K= 1332
2624.95079365
K= 1333
19.8333333332
K= 1334
2642.22100215
K= 1335
2372.95983176
K= 1336
62.9756258293
K= 1337
2676.65
K= 1338
20.1666666666
K= 1339
2329.0
K= 1340
4936.0 , Degree=0
K= 1341
4936.0 , Degree=0
K= 1342
4936.0 , Degree=0
K= 1343
4936.0 , Degree=0
K= 1344
2639.25631227
K= 1345
4936.0 , Degree=0
K= 1346
4936.0 , Degree=0
K= 1347
4936.0 , Degree=0
K= 1348
342.154497623
K= 1349
4936.0 , Degree=0
K= 1350
16.7738095237
K= 1351
22.8179154179
K= 1352
72.5184628961
K= 1353
4726.0
K= 1354
20.1666666665
K= 1355
4936.0 , Degree=0
K= 1356
54.9295412337
K= 1357
4936.0 , Degree=0
K= 1358
13.9777777779
K= 1359
91.3223164907
K= 1360
4936.0 , Degree=0
K= 1361
4936.0 , Degree=0
K= 1362
9448.22222222
K= 1363
13.8333333331
K= 1364
2491.36666667
K= 1365
4936.0 , Degree=0
K= 1366
4936.0 , Degree=0
K= 1367
25.2568424178
K= 1368
4936.0 , Degree=0
K= 1369
4936.0 , Degree=0
K= 1370
35.0476190475
K= 1371
16.3000000001
K= 1372
130.0
K= 1373
4936.0 , Degree=0
K= 1374
4936.0 , Degree=0
K= 1375
4936.0 , Degree=0
K= 1376
18.1666666665
K= 1377
23.9333333332
K= 1378
19.9999999999
K= 1379
16.707142857
K= 1380
4936.0 , Degree=0
K= 1381
2486.2622812
K= 1382
2632.77858253
K= 1383
40.9999999999
K= 1384
4936.0 , Degree=0
K= 1385
2632.13176546
K= 1386
4936.0 , Degree=0
K= 1387
4936.0 , Degree=0
K= 1388
2259.0
K= 1389
4936.0 , Degree=0
K= 1390
4724.0
K= 1391
4936.0 , Degree=0
K= 1392
2642.4598455
K= 1393
4936.0 , Degree=0
K= 1394
18.3666666668
K= 1395
11.6166666668
K= 1396
4936.0 , Degree=0
K= 1397
105.630952381
K= 1398
4936.0 , Degree=0
K= 1399
4936.0 , Degree=0
K= 1400
4936.0 , Degree=0
K= 1401
2329.0
K= 1402
4936.0 , Degree=0
K= 1403
4936.0 , Degree=0
K= 1404
4936.0 , Degree=0
K= 1405
16.8404761903
K= 1406
2493.66666667
K= 1407
19.3333333331
K= 1408
4936.0 , Degree=0
K= 1409
4936.0 , Degree=0
K= 1410
4936.0 , Degree=0
K= 1411
4936.0 , Degree=0
K= 1412
4936.0 , Degree=0
K= 1413
4936.0 , Degree=0
K= 1414
4720.925
K= 1415
2497.83957709
K= 1416
2601.76645688
K= 1417
16.5000000001
K= 1418
4936.0 , Degree=0
K= 1419
68.4340156714
K= 1420
8.5
K= 1421
4936.0 , Degree=0
K= 1422
2283.0
K= 1423
4936.0 , Degree=0
K= 1424
4936.0 , Degree=0
K= 1425
32.9168294669
K= 1426
2283.0
K= 1427
4699.6
K= 1428
4936.0 , Degree=0
K= 1429
4936.0 , Degree=0
K= 1430
48.4500000001
K= 1431
4936.0 , Degree=0
K= 1432
13.4999999998
K= 1433
19.9999999999
K= 1434
2344.0
K= 1435
4936.0 , Degree=0
K= 1436
4936.0 , Degree=0
K= 1437
4936.0 , Degree=0
K= 1438
4936.0 , Degree=0
K= 1439
4936.0 , Degree=0
K= 1440
12400.6666667
K= 1441
4936.0 , Degree=0
K= 1442
4936.0 , Degree=0
K= 1443
4649.0
K= 1444
4936.0 , Degree=0
K= 1445
4936.0 , Degree=0
K= 1446
2298.66666667
K= 1447
4936.0 , Degree=0
K= 1448
4936.0 , Degree=0
K= 1449
4936.0 , Degree=0
K= 1450
20.1666666665
K= 1451
4697.0
K= 1452
4936.0 , Degree=0
K= 1453
6.64938080491
K= 1454
19.1666666665
K= 1455
4658.46810798
K= 1456
4936.0 , Degree=0
K= 1457
15.657142857
K= 1458
4936.0 , Degree=0
K= 1459
15.3126279564
K= 1460
4936.0 , Degree=0
K= 1461
4936.0 , Degree=0
K= 1462
14.9309727311
K= 1463
2581.68333333
K= 1464
4936.0 , Degree=0
K= 1465
9892.0
K= 1466
4736.5443597
K= 1467
4936.0 , Degree=0
K= 1468
4936.0 , Degree=0
K= 1469
25.6666666666
K= 1470
4936.0 , Degree=0
K= 1471
4936.0 , Degree=0
K= 1472
151.296359558
K= 1473
4936.0 , Degree=0
K= 1474
4936.0 , Degree=0
K= 1475
82.4968257661
K= 1476
12.3456145304
K= 1477
4936.0 , Degree=0
K= 1478
2410.0
K= 1479
4936.0 , Degree=0
K= 1480
24.6849816849
K= 1481
4936.0 , Degree=0
K= 1482
4936.0 , Degree=0
K= 1483
19.6666666666
K= 1484
2492.97777778
K= 1485
4936.0 , Degree=0
K= 1486
4936.0 , Degree=0
K= 1487
3159.39078235
K= 1488
15.1190476191
K= 1489
20.1666666665
K= 1490
16.3
K= 1491
17.3928571427
K= 1492
4936.0 , Degree=0
K= 1493
11.6397430183
K= 1494
4936.0 , Degree=0
K= 1495
2270.33333333
K= 1496
4936.0 , Degree=0
K= 1497
4936.0 , Degree=0
K= 1498
4936.0 , Degree=0
K= 1499
4936.0 , Degree=0
K= 1500
2260.2
K= 1501
17.8666666668
K= 1502
2649.78968254
K= 1503
4936.0 , Degree=0
K= 1504
2547.22301587
K= 1505
4936.0 , Degree=0
K= 1506
4936.0 , Degree=0
K= 1507
17.7666666667
K= 1508
4936.0 , Degree=0
K= 1509
4936.0 , Degree=0
K= 1510
4936.0 , Degree=0
K= 1511
4936.0 , Degree=0
K= 1512
4697.0
K= 1513
2488.4952381
K= 1514
16.6
K= 1515
2329.0
K= 1516
133.442391955
K= 1517
73.8523809524
K= 1518
183.78968254
K= 1519
4936.0 , Degree=0
K= 1520
4936.0 , Degree=0
K= 1521
4936.0 , Degree=0
K= 1522
4936.0 , Degree=0
K= 1523
46.4740399385
K= 1524
18.9999999999
K= 1525
4936.0 , Degree=0
K= 1526
2598.61111111
K= 1527
16.9404761904
K= 1528
686.423355145
K= 1529
3065.02379177
K= 1530
15.0006715507
K= 1531
4936.0 , Degree=0
K= 1532
4936.0 , Degree=0
K= 1533
4936.0 , Degree=0
K= 1534
4936.0 , Degree=0
K= 1535
22.0895378534
K= 1536
4706.0
K= 1537
11.4913582718
K= 1538
4936.0 , Degree=0
K= 1539
28.9880952382
K= 1540
14.0183982685
K= 1541
4936.0 , Degree=0
K= 1542
4936.0 , Degree=0
K= 1543
2492.36666667
K= 1544
25.0303030302
K= 1545
2652.43333333
K= 1546
11.1564000812
K= 1547
4936.0 , Degree=0
K= 1548
50.5726222306
K= 1549
4936.0 , Degree=0
K= 1550
4936.0 , Degree=0
K= 1551
164.436904762
K= 1552
4736.04303899
K= 1553
2627.89177489
K= 1554
4936.0 , Degree=0
K= 1555
4936.0 , Degree=0
K= 1556
23.0238095238
K= 1557
40.1126610219
K= 1558
15.1467765569
K= 1559
4936.0 , Degree=0
K= 1560
50.5726222306
K= 1561
4936.0 , Degree=0
K= 1562
4936.0 , Degree=0
K= 1563
4633.0
K= 1564
2605.10812136
K= 1565
4936.0 , Degree=0
K= 1566
2493.5
K= 1567
21.0749858836
K= 1568
4936.0 , Degree=0
K= 1569
16.6166666668
K= 1570
15.1995915033
K= 1571
4936.0 , Degree=0
K= 1572
363.301616872
K= 1573
2487.17715618
K= 1574
4936.0 , Degree=0
K= 1575
4936.0 , Degree=0
K= 1576
16.3666666668
K= 1577
4936.0 , Degree=0
K= 1578
30.3999999999
K= 1579
4936.0 , Degree=0
K= 1580
2430.12462617
K= 1581
4936.0 , Degree=0
K= 1582
4936.0 , Degree=0
K= 1583
4936.0 , Degree=0
K= 1584
4936.0 , Degree=0
K= 1585
4936.0 , Degree=0
K= 1586
19.6666666666
K= 1587
24.7254901962
K= 1588
19.5333333333
K= 1589
4936.0 , Degree=0
K= 1590
2529.45168067
K= 1591
4936.0 , Degree=0
K= 1592
4936.0 , Degree=0
K= 1593
4936.0 , Degree=0
K= 1594
4936.0 , Degree=0
K= 1595
4936.0 , Degree=0
K= 1596
4936.0 , Degree=0
K= 1597
4936.0 , Degree=0
K= 1598
50.6391494215
K= 1599
4936.0 , Degree=0
K= 1600
4936.0 , Degree=0
K= 1601
4936.0 , Degree=0
K= 1602
4936.0 , Degree=0
K= 1603
36.5287878789
K= 1604
16.1954545453
K= 1605
2546.52309006
K= 1606
4936.0 , Degree=0
K= 1607
2302.66666667
K= 1608
41.3333333333
K= 1609
4936.0 , Degree=0
K= 1610
60.8297924297
K= 1611
4936.0 , Degree=0
K= 1612
2329.0
K= 1613
14.2458704693
K= 1614
4936.0 , Degree=0
K= 1615
4735.0
K= 1616
82.4968257661
K= 1617
4936.0 , Degree=0
K= 1618
17.6
K= 1619
2498.42704518
K= 1620
19.6666666665
K= 1621
39.3333333331
K= 1622
6634.00516545
K= 1623
4936.0 , Degree=0
K= 1624
4936.0 , Degree=0
K= 1625
2257.61111111
K= 1626
55.7541849544
K= 1627
4936.0 , Degree=0
K= 1628
241.752380952
K= 1629
2491.7
K= 1630
4936.0 , Degree=0
K= 1631
436.468757832
K= 1632
4936.0 , Degree=0
K= 1633
4936.0 , Degree=0
K= 1634
4936.0 , Degree=0
K= 1635
15.6190476191
K= 1636
23.8178406446
K= 1637
4936.0 , Degree=0
K= 1638
4936.0 , Degree=0
K= 1639
4936.0 , Degree=0
K= 1640
40.1571428571
K= 1641
4936.0 , Degree=0
K= 1642
2258.9
K= 1643
4936.0 , Degree=0
K= 1644
10.2000000001
K= 1645
2642.22100215
K= 1646
4936.0 , Degree=0
K= 1647
4936.0 , Degree=0
K= 1648
144.001399553
K= 1649
4936.0 , Degree=0
K= 1650
2546.52309006
K= 1651
19.3333333331
K= 1652
2615.90938588
K= 1653
4936.0 , Degree=0
K= 1654
2502.14814815
K= 1655
2335.0
K= 1656
19.9999999999
K= 1657
4936.0 , Degree=0
K= 1658
2650.96666667
K= 1659
16.1523809525
K= 1660
19.8333333331
K= 1661
4936.0 , Degree=0
K= 1662
4737.61111111
K= 1663
4936.0 , Degree=0
K= 1664
4936.0 , Degree=0
K= 1665
16.9404761904
K= 1666
4936.0 , Degree=0
K= 1667
4936.0 , Degree=0
K= 1668
4936.0 , Degree=0
K= 1669
4936.0 , Degree=0
K= 1670
9.99996807135
K= 1671
2533.23496054
K= 1672
4936.0 , Degree=0
K= 1673
2490.3
K= 1674
4936.0 , Degree=0
K= 1675
4936.0 , Degree=0
K= 1676
36.7214285713
K= 1677
17.0
K= 1678
19.4007936508
K= 1679
4936.0 , Degree=0
K= 1680
4936.0 , Degree=0
K= 1681
11.2243143812
K= 1682
4936.0 , Degree=0
K= 1683
4936.0 , Degree=0
K= 1684
4936.0 , Degree=0
K= 1685
16.1333333334
K= 1686
4936.0 , Degree=0
K= 1687
2670.52857143
K= 1688
13.4999999999
K= 1689
15.0813375349
K= 1690
13.1666666665
K= 1691
12.4707070707
K= 1692
4936.0 , Degree=0
K= 1693
28.7686681001
K= 1694
4936.0 , Degree=0
K= 1695
4936.0 , Degree=0
K= 1696
2568.83929387
K= 1697
4697.0
K= 1698
4936.0 , Degree=0
K= 1699
19.6666666665
K= 1700
2597.84511506
K= 1701
2480.32914413
K= 1702
2643.31571429
K= 1703
2283.0
K= 1704
4936.0 , Degree=0
K= 1705
4726.08636364
K= 1706
4936.0 , Degree=0
K= 1707
2489.6723097
K= 1708
16.4190476191
K= 1709
4936.0 , Degree=0
K= 1710
2493.83333333
K= 1711
5.33333333331
K= 1712
4936.0 , Degree=0
K= 1713
2499.0
K= 1714
4936.0 , Degree=0
K= 1715
4936.0 , Degree=0
K= 1716
4936.0 , Degree=0
K= 1717
4936.0 , Degree=0
K= 1718
19.6666666665
K= 1719
13.6666666665
K= 1720
45.3147610131
K= 1721
4936.0 , Degree=0
K= 1722
16.1095238096
K= 1723
4733.18619123
K= 1724
14.7506715507
K= 1725
2579.11926129
K= 1726
2648.95102786
K= 1727
4936.0 , Degree=0
K= 1728
4936.0 , Degree=0
K= 1729
2676.21111111
K= 1730
4936.0 , Degree=0
K= 1731
4936.0 , Degree=0
K= 1732
4936.0 , Degree=0
K= 1733
19.1666666665
K= 1734
23.1119338323
K= 1735
4936.0 , Degree=0
K= 1736
4936.0 , Degree=0
K= 1737
17.7000000001
K= 1738
4936.0 , Degree=0
K= 1739
4936.0 , Degree=0
K= 1740
17.5166666668
K= 1741
2579.79866245
K= 1742
2302.66666667
K= 1743
4936.0 , Degree=0
K= 1744
14.5230463981
K= 1745
2604.0
K= 1746
4768.0
K= 1747
2628.43888641
K= 1748
15.1523809525
K= 1749
19.6666666665
K= 1750
2493.66666667
K= 1751
16.9404761904
K= 1752
4936.0 , Degree=0
K= 1753
4936.0 , Degree=0
K= 1754
4936.0 , Degree=0
K= 1755
16.9404761904
K= 1756
13.6666666665
K= 1757
2639.59166884
K= 1758
5263.19274428
K= 1759
4936.0 , Degree=0
K= 1760
110.131199053
K= 1761
17.6833333335
K= 1762
152.178342856
K= 1763
4936.0 , Degree=0
K= 1764
16.6499999998
K= 1765
4936.0 , Degree=0
K= 1766
4936.0 , Degree=0
K= 1767
2329.0
K= 1768
2491.68333333
K= 1769
62.9756258293
K= 1770
2262.0
K= 1771
2492.06666667
K= 1772
4936.0 , Degree=0
K= 1773
4936.0 , Degree=0
K= 1774
4936.0 , Degree=0
K= 1775
4936.0 , Degree=0
K= 1776
7893.14285714
K= 1777
4936.0 , Degree=0
K= 1778
4936.0 , Degree=0
K= 1779
2684.9
K= 1780
2660.86666667
K= 1781
4936.0 , Degree=0
K= 1782
20.1666666665
K= 1783
15.1640891674
K= 1784
2564.8436417
K= 1785
4736.0
K= 1786
11.6166666668
K= 1787
2283.0
K= 1788
49.6188760188
K= 1789
4936.0 , Degree=0
K= 1790
187.479069789
K= 1791
17.7000000001
K= 1792
4936.0 , Degree=0
K= 1793
19.6666666665
K= 1794
4936.0 , Degree=0
K= 1795
293.026398854
K= 1796
7.19172494154
K= 1797
28.0452216921
K= 1798
4936.0 , Degree=0
K= 1799
19.4999999999
K= 1800
4936.0 , Degree=0
K= 1801
4936.0 , Degree=0
K= 1802
4936.0 , Degree=0
K= 1803
2494.16666667
K= 1804
15.757142857
K= 1805
7.97777777782
K= 1806
4936.0 , Degree=0
K= 1807
4936.0 , Degree=0
K= 1808
35.8285570638
K= 1809
16.6166666668
K= 1810
2673.53809524
K= 1811
10.3333333333
K= 1812
4936.0 , Degree=0
K= 1813
17.7000000001
K= 1814
16.7238095237
K= 1815
27.0128427127
K= 1816
4936.0 , Degree=0
K= 1817
6.44216222357
K= 1818
23.7000000001
K= 1819
2257.61111111
K= 1820
7482.26666667
K= 1821
16.9571428571
K= 1822
4936.0 , Degree=0
K= 1823
4936.0 , Degree=0
K= 1824
2329.0
K= 1825
4936.0 , Degree=0
K= 1826
4936.0 , Degree=0
K= 1827
24.4791666665
K= 1828
254.6406926
K= 1829
19.6666666665
K= 1830
4936.0 , Degree=0
K= 1831
4936.0 , Degree=0
K= 1832
2300.97981317
K= 1833
2637.22100215
K= 1834
4936.0 , Degree=0
K= 1835
2491.7
K= 1836
4936.0 , Degree=0
K= 1837
4936.0 , Degree=0
K= 1838
2298.75194842
K= 1839
35.5333333332
K= 1840
4940.89901713
K= 1841
4936.0 , Degree=0
K= 1842
171.335655046
K= 1843
20.1666666666
K= 1844
2583.22406006
K= 1845
19.6666666665
K= 1846
4936.0 , Degree=0
K= 1847
4936.0 , Degree=0
K= 1848
4936.0 , Degree=0
K= 1849
20.1666666665
K= 1850
17.0333333334
K= 1851
4936.0 , Degree=0
K= 1852
4739.33263466
K= 1853
2340.66666667
K= 1854
4936.0 , Degree=0
K= 1855
150.59979021
K= 1856
16.6499999999
K= 1857
2490.7
K= 1858
4936.0 , Degree=0
K= 1859
4936.0 , Degree=0
K= 1860
4936.0 , Degree=0
K= 1861
4936.0 , Degree=0
K= 1862
4936.0 , Degree=0
K= 1863
2283.0
K= 1864
24.9999999999
K= 1865
2621.36158321
K= 1866
31.219047619
K= 1867
2546.52309006
K= 1868
2329.0
K= 1869
39.3333333331
K= 1870
4936.0 , Degree=0
K= 1871
82.4968257661
K= 1872
12.488480392
K= 1873
4936.0 , Degree=0
K= 1874
12.2444240543
K= 1875
4936.0 , Degree=0
K= 1876
4735.0
K= 1877
16.9404761904
K= 1878
58.8333333333
K= 1879
14.0781746031
K= 1880
4936.0 , Degree=0
K= 1881
4936.0 , Degree=0
K= 1882
15.6190476191
K= 1883
20.1666666665
K= 1884
4936.0 , Degree=0
K= 1885
2491.52380952
K= 1886
90.5312393726
K= 1887
19.1666666666
K= 1888
19.6666666665
K= 1889
167.122222222
K= 1890
4936.0 , Degree=0
K= 1891
2608.0
K= 1892
16.707142857
K= 1893
4737.61111111
K= 1894
4936.0 , Degree=0
K= 1895
2302.66666667
K= 1896
2270.33333333
K= 1897
4936.0 , Degree=0
K= 1898
4936.0 , Degree=0
K= 1899
31.7333333332
K= 1900
2478.0
K= 1901
4936.0 , Degree=0
K= 1902
12.4999999998
K= 1903
4936.0 , Degree=0
K= 1904
6.72181372537
K= 1905
13.4707070707
K= 1906
4936.0 , Degree=0
K= 1907
13.1384803921
K= 1908
2490.69047619
K= 1909
19.6666666666
K= 1910
17.5333333334
K= 1911
19.8333333331
K= 1912
25.6666666665
K= 1913
2302.66666667
K= 1914
4936.0 , Degree=0
K= 1915
4936.0 , Degree=0
K= 1916
4731.61111111
K= 1917
4936.0 , Degree=0
K= 1918
15.575824176
K= 1919
4753.94141414
K= 1920
2617.11926129
K= 1921
4936.0 , Degree=0
K= 1922
2262.0
K= 1923
2598.76666667
K= 1924
16.3333333334
K= 1925
2493.5
K= 1926
4936.0 , Degree=0
K= 1927
4936.0 , Degree=0
K= 1928
13.3396956422
K= 1929
17.7666666668
K= 1930
134.543918463
K= 1931
5295.26666667
K= 1932
2582.83957709
K= 1933
4936.0 , Degree=0
K= 1934
4936.0 , Degree=0
K= 1935
2610.70992063
K= 1936
4936.0 , Degree=0
K= 1937
50.1872182056
K= 1938
18.9999999998
K= 1939
20.1666666665
K= 1940
4936.0 , Degree=0
K= 1941
4936.0 , Degree=0
K= 1942
4936.0 , Degree=0
K= 1943
4728.0
K= 1944
4731.61111111
K= 1945
4936.0 , Degree=0
K= 1946
15.1190476191
K= 1947
4936.0 , Degree=0
K= 1948
2611.41213752
K= 1949
82.4968257661
K= 1950
4936.0 , Degree=0
K= 1951
4936.0 , Degree=0
K= 1952
4936.0 , Degree=0
K= 1953
4936.0 , Degree=0
K= 1954
16.1047619046
K= 1955
4706.0
K= 1956
4936.0 , Degree=0
K= 1957
15.3999999999
K= 1958
2579.11926129
K= 1959
2335.0
K= 1960
10.1287878787
K= 1961
112.993894994
K= 1962
2491.7
K= 1963
18.9999999999
K= 1964
2670.24285714
K= 1965
16.2523809524
K= 1966
4936.0 , Degree=0
K= 1967
4936.0 , Degree=0
K= 1968
2340.66666667
K= 1969
4936.0 , Degree=0
K= 1970
4936.0 , Degree=0
K= 1971
38.9377538197
K= 1972
4936.0 , Degree=0
K= 1973
4936.0 , Degree=0
K= 1974
4936.0 , Degree=0
K= 1975
4936.0 , Degree=0
K= 1976
4936.0 , Degree=0
K= 1977
4936.0 , Degree=0
K= 1978
4936.0 , Degree=0
K= 1979
4979.37874315
K= 1980
165.587449393
K= 1981
17.5238095237
K= 1982
62.9756258293
K= 1983
4936.0 , Degree=0
K= 1984
4936.0 , Degree=0
K= 1985
20.1666666665
K= 1986
4936.0 , Degree=0
K= 1987
10.6499999999
K= 1988
385.309523809
K= 1989
4936.0 , Degree=0
K= 1990
2487.97777778
K= 1991
4936.0 , Degree=0
K= 1992
2329.0
K= 1993
17.6833333334
K= 1994
4936.0 , Degree=0
K= 1995
4936.0 , Degree=0
K= 1996
4936.0 , Degree=0
K= 1997
42.6666666664
K= 1998
16.7
K= 1999
4936.0 , Degree=0
K= 2000
13.4777777778
K= 2001
4936.0 , Degree=0
K= 2002
4936.0 , Degree=0
K= 2003
2329.0
K= 2004
2677.65
K= 2005
20.1666666666
K= 2006
2659.73333333
K= 2007
4936.0 , Degree=0
K= 2008
2677.65
K= 2009
2283.0
K= 2010
14.5686813188
K= 2011
2372.21183594
K= 2012
25.4942324755
K= 2013
12.9417249415
K= 2014
15.3738095237
K= 2015
4936.0 , Degree=0
K= 2016
4936.0 , Degree=0
K= 2017
2577.4231796
K= 2018
2594.75008052
K= 2019
38.6666666665
K= 2020
19.6666666665
K= 2021
19.6666666666
K= 2022
2329.0
K= 2023
34.3333333331
K= 2024
4936.0 , Degree=0
K= 2025
11.7833333334
K= 2026
4936.0 , Degree=0
K= 2027
4665.14285714
K= 2028
19.6666666665
K= 2029
4936.0 , Degree=0
K= 2030
62.4857142856
K= 2031
12.6952985739
K= 2032
2488.69531839
K= 2033
17.3166666665
K= 2034
4936.0 , Degree=0
K= 2035
4936.0 , Degree=0
K= 2036
76.423746978
K= 2037
2329.0
K= 2038
4936.0 , Degree=0
K= 2039
4936.0 , Degree=0
K= 2040
79.0128598554
K= 2041
4936.0 , Degree=0
K= 2042
4936.0 , Degree=0
K= 2043
13.0952380953
K= 2044
4936.0 , Degree=0
K= 2045
9892.0
K= 2046
4721.0
K= 2047
34.7333333332
K= 2048
4936.0 , Degree=0
K= 2049
38.9999999998
K= 2050
4936.0 , Degree=0
K= 2051
2329.0
K= 2052
4936.0 , Degree=0
K= 2053
4936.0 , Degree=0
K= 2054
4936.0 , Degree=0
K= 2055
4936.0 , Degree=0
K= 2056
4936.0 , Degree=0
K= 2057
4936.0 , Degree=0
K= 2058
22.9244842874
K= 2059
9.10952380957
K= 2060
2634.41332129
K= 2061
4936.0 , Degree=0
K= 2062
17.8666666668
K= 2063
15.1190476191
K= 2064
4936.0 , Degree=0
K= 2065
4936.0 , Degree=0
K= 2066
15.6166666668
K= 2067
2283.0
K= 2068
4936.0 , Degree=0
K= 2069
4936.0 , Degree=0
K= 2070
98.6478789978
K= 2071
19.6666666665
K= 2072
21.787121212
K= 2073
7.79484126973
K= 2074
56.4476222306
K= 2075
4936.0 , Degree=0
K= 2076
4936.0 , Degree=0
K= 2077
924.439945144
K= 2078
19.6666666666
K= 2079
4936.0 , Degree=0
K= 2080
4936.0 , Degree=0
K= 2081
19.8333333332
K= 2082
4936.0 , Degree=0
K= 2083
2487.47070707
K= 2084
58.1938210939
K= 2085
82.4968257661
K= 2086
4936.0 , Degree=0
K= 2087
60.1937476333
K= 2088
4936.0 , Degree=0
K= 2089
108.135531135
K= 2090
2329.0
K= 2091
4936.0 , Degree=0
K= 2092
9445.22222222
K= 2093
4936.0 , Degree=0
K= 2094
2623.11926129
K= 2095
2496.55440115
K= 2096
160.260430939
K= 2097
49.0722028213
K= 2098
665.674334403
K= 2099
4936.0 , Degree=0
K= 2100
4936.0 , Degree=0
K= 2101
4936.0 , Degree=0
K= 2102
4936.0 , Degree=0
K= 2103
4936.0 , Degree=0
K= 2104
4936.0 , Degree=0
K= 2105
4697.0
K= 2106
4936.0 , Degree=0
K= 2107
4936.0 , Degree=0
K= 2108
33.7965399262
K= 2109
2489.11904762
K= 2110
10.2599443806
K= 2111
2489.80497835
K= 2112
4936.0 , Degree=0
K= 2113
17.6166666668
K= 2114
2517.55207827
K= 2115
4936.0 , Degree=0
K= 2116
19.4999999998
K= 2117
4936.0 , Degree=0
K= 2118
16.4190476191
K= 2119
10.6404761904
K= 2120
2262.0
K= 2121
4936.0 , Degree=0
K= 2122
4936.0 , Degree=0
K= 2123
2689.0
K= 2124
10.6333333334
K= 2125
2589.59979021
K= 2126
4936.0 , Degree=0
K= 2127
2666.81666667
K= 2128
4732.0
K= 2129
4936.0 , Degree=0
K= 2130
2329.0
K= 2131
4936.0 , Degree=0
K= 2132
4936.0 , Degree=0
K= 2133
28.8095238095
K= 2134
2627.30223386
K= 2135
4936.0 , Degree=0
K= 2136
2329.0
K= 2137
82.4968257661
K= 2138
4936.0 , Degree=0
K= 2139
4936.0 , Degree=0
K= 2140
2490.28571429
K= 2141
432.21025552
K= 2142
2329.0
K= 2143
2520.43689431
K= 2144
4936.0 , Degree=0
K= 2145
4936.0 , Degree=0
K= 2146
2868.16993464
K= 2147
4936.0 , Degree=0
K= 2148
156.32321346
K= 2149
2490.60714286
K= 2150
4936.0 , Degree=0
K= 2151
4936.0 , Degree=0
K= 2152
4936.0 , Degree=0
K= 2153
4936.0 , Degree=0
K= 2154
2631.17777778
K= 2155
4936.0 , Degree=0
K= 2156
4936.0 , Degree=0
K= 2157
4936.0 , Degree=0
K= 2158
4936.0 , Degree=0
K= 2159
4936.0 , Degree=0
K= 2160
4936.0 , Degree=0
K= 2161
92.5761904763
K= 2162
15.6190476191
K= 2163
133.259578755
K= 2164
13.2000000001
K= 2165
4936.0 , Degree=0
K= 2166
19.8333333331
K= 2167
4675.0
K= 2168
4936.0 , Degree=0
K= 2169
4936.0 , Degree=0
K= 2170
14.2
K= 2171
4936.0 , Degree=0
K= 2172
18.4999999999
K= 2173
22.6428571428
K= 2174
4936.0 , Degree=0
K= 2175
4936.0 , Degree=0
K= 2176
12.4564213564
K= 2177
14.1666666665
K= 2178
4936.0 , Degree=0
K= 2179
37.7944049513
K= 2180
15.8186813188
K= 2181
4936.0 , Degree=0
K= 2182
82.4968257661
K= 2183
13.1666666665
K= 2184
4936.0 , Degree=0
K= 2185
4936.0 , Degree=0
K= 2186
4731.61111111
K= 2187
4936.0 , Degree=0
K= 2188
4718.0
K= 2189
4936.0 , Degree=0
K= 2190
4936.0 , Degree=0
K= 2191
13.4999999999
K= 2192
19.6666666665
K= 2193
4936.0 , Degree=0
K= 2194
2592.91602564
K= 2195
4936.0 , Degree=0
K= 2196
4936.0 , Degree=0
K= 2197
19.6666666665
K= 2198
2493.66666667
K= 2199
4936.0 , Degree=0
K= 2200
4936.0 , Degree=0
K= 2201
2318.0
K= 2202
4936.0 , Degree=0
K= 2203
17.2666666667
K= 2204
2460.64142302
K= 2205
16.707142857
K= 2206
4936.0 , Degree=0
K= 2207
4936.0 , Degree=0
K= 2208
4936.0 , Degree=0
K= 2209
4936.0 , Degree=0
K= 2210
4936.0 , Degree=0
K= 2211
4936.0 , Degree=0
K= 2212
2302.66666667
K= 2213
4936.0 , Degree=0
K= 2214
4936.0 , Degree=0
K= 2215
4936.0 , Degree=0
K= 2216
4936.0 , Degree=0
K= 2217
4430.27808448
K= 2218
16.2166666667
K= 2219
4936.0 , Degree=0
K= 2220
4936.0 , Degree=0
K= 2221
4936.0 , Degree=0
K= 2222
4936.0 , Degree=0
K= 2223
2262.0
K= 2224
2678.65
K= 2225
4936.0 , Degree=0
K= 2226
4936.0 , Degree=0
K= 2227
4936.0 , Degree=0
K= 2228
4968.734952
K= 2229
-5.82076609135e-11
K= 2230
4936.0 , Degree=0
K= 2231
36.2999999999
K= 2232
2853.48888889
K= 2233
4936.0 , Degree=0
K= 2234
4936.0 , Degree=0
K= 2235
4936.0 , Degree=0
K= 2236
4936.0 , Degree=0
K= 2237
21.9726359317
K= 2238
4936.0 , Degree=0
K= 2239
4936.0 , Degree=0
K= 2240
4936.0 , Degree=0
K= 2241
4936.0 , Degree=0
K= 2242
28.3999999999
K= 2243
2251.61111111
K= 2244
4936.0 , Degree=0
K= 2245
13.9523809524
K= 2246
13.1401376399
K= 2247
17.8666666668
K= 2248
19.6666666666
K= 2249
4936.0 , Degree=0
K= 2250
2516.33852814
K= 2251
11.6166666668
K= 2252
4936.0 , Degree=0
K= 2253
5.24196144007
K= 2254
40.3333333331
K= 2255
31.7500805152
K= 2256
6995.2
K= 2257
4742.0
K= 2258
4936.0 , Degree=0
K= 2259
4936.0 , Degree=0
K= 2260
4936.0 , Degree=0
K= 2261
16.8404761904
K= 2262
4936.0 , Degree=0
K= 2263
4936.0 , Degree=0
K= 2264
20.1666666666
K= 2265
20.1666666665
K= 2266
4989.08937729
K= 2267
4936.0 , Degree=0
K= 2268
14.1903149138
K= 2269
4985.33333333
K= 2270
4936.0 , Degree=0
K= 2271
2621.22100215
K= 2272
161.117285459
K= 2273
2678.36666667
K= 2274
4936.0 , Degree=0
K= 2275
4734.0
K= 2276
14.8849938948
K= 2277
4936.0 , Degree=0
K= 2278
4936.0 , Degree=0
K= 2279
4936.0 , Degree=0
K= 2280
4936.0 , Degree=0
K= 2281
4936.0 , Degree=0
K= 2282
15.4206425152
K= 2283
35.4280303029
K= 2284
19.6666666665
K= 2285
4936.0 , Degree=0
K= 2286
25.3190476188
K= 2287
4936.0 , Degree=0
K= 2288
4936.0 , Degree=0
K= 2289
4936.0 , Degree=0
K= 2290
4936.0 , Degree=0
K= 2291
2417.55207827
K= 2292
4936.0 , Degree=0
K= 2293
4936.0 , Degree=0
K= 2294
4936.0 , Degree=0
K= 2295
4706.0
K= 2296
14.1666666665
K= 2297
4936.0 , Degree=0
K= 2298
4936.0 , Degree=0
K= 2299
19.6666666665
K= 2300
4936.0 , Degree=0
K= 2301
2640.99585137
K= 2302
63.1166666668
K= 2303
4936.0 , Degree=0
K= 2304
4936.0 , Degree=0
K= 2305
2621.22100215
K= 2306
10.1454545453
K= 2307
2597.0
K= 2308
144.523090056
K= 2309
2484.92062771
K= 2310
4936.0 , Degree=0
K= 2311
4936.0 , Degree=0
K= 2312
145.373757427
K= 2313
4936.0 , Degree=0
K= 2314
4936.0 , Degree=0
K= 2315
4936.0 , Degree=0
K= 2316
-5.82076609135e-11
K= 2317
4936.0 , Degree=0
K= 2318
17.4404761904
K= 2319
12.297163561
K= 2320
19.4999999998
K= 2321
2579.11926129
K= 2322
274.9
K= 2323
8.61904761905
K= 2324
4936.0 , Degree=0
K= 2325
11.8666666668
K= 2326
2490.65
K= 2327
4936.0 , Degree=0
K= 2328
4734.56222222
K= 2329
4936.0 , Degree=0
K= 2330
2491.44047619
K= 2331
68.3080690834
K= 2332
194.264413365
K= 2333
17.7000000001
K= 2334
20.1666666665
K= 2335
2270.33333333
K= 2336
4936.0 , Degree=0
K= 2337
4936.0 , Degree=0
K= 2338
4936.0 , Degree=0
K= 2339
2641.04761905
K= 2340
4731.88888889
K= 2341
4936.0 , Degree=0
K= 2342
14.9523809524
K= 2343
4936.0 , Degree=0
K= 2344
4936.0 , Degree=0
K= 2345
4936.0 , Degree=0
K= 2346
4936.0 , Degree=0
K= 2347
32.6072681703
K= 2348
4936.0 , Degree=0
K= 2349
4936.0 , Degree=0
K= 2350
4936.0 , Degree=0
K= 2351
16.4666666667
K= 2352
4936.0 , Degree=0
K= 2353
4936.0 , Degree=0
K= 2354
4936.0 , Degree=0
K= 2355
4936.0 , Degree=0
K= 2356
4936.0 , Degree=0
K= 2357
4936.0 , Degree=0
K= 2358
115.823260073
K= 2359
2410.0
K= 2360
4936.0 , Degree=0
K= 2361
4936.0 , Degree=0
K= 2362
4936.0 , Degree=0
K= 2363
4936.0 , Degree=0
K= 2364
63.0095238095
K= 2365
2619.12222222
K= 2366
4936.0 , Degree=0
K= 2367
35.7333333332
K= 2368
17.8666666668
K= 2369
4659.0
K= 2370
17.3166666665
K= 2371
4936.0 , Degree=0
K= 2372
40.2673153236
K= 2373
4936.0 , Degree=0
K= 2374
19.3333333332
K= 2375
4936.0 , Degree=0
K= 2376
4753.94141414
K= 2377
2551.27720987
K= 2378
4936.0 , Degree=0
K= 2379
4936.0 , Degree=0
K= 2380
4936.0 , Degree=0
K= 2381
2262.0
K= 2382
8845.28324993
K= 2383
4936.0 , Degree=0
K= 2384
17.5999840357
K= 2385
2588.01132201
K= 2386
15.2023809525
K= 2387
107.202514313
K= 2388
15.0190476191
K= 2389
4936.0 , Degree=0
K= 2390
2546.52309006
K= 2391
4936.0 , Degree=0
K= 2392
23.1666666665
K= 2393
4936.0 , Degree=0
K= 2394
2606.10984848
K= 2395
4936.0 , Degree=0
K= 2396
4936.0 , Degree=0
K= 2397
4936.0 , Degree=0
K= 2398
4936.0 , Degree=0
K= 2399
17.5238095237
K= 2400
4936.0 , Degree=0
Betweenness Centrality Improvement
[ 0.  0.  0. ...,  0.  0.  0.]
Top 20 BC Improvement
[1440 1465 2045 1362 2092 2382 1776 1820 2256 1622 1931 1758 2266 2269 1979
 1202 2228 1840 1630 1632]
Top 20 BC Improvement
[ 12400.66666667   9892.           9892.           9448.22222222
   9445.22222222   8845.28324993   7893.14285714   7482.26666667   6995.2
   6634.00516545   5295.26666667   5263.19274428   4989.08937729
   4985.33333333   4979.37874315   4970.01531802   4968.734952
   4940.89901713   4936.           4936.        ]
