txValue= 1000000
Input graph
IGRAPH D--- 4619 68733 -- 
+ attr: pub_key (v), base_fee (e), capacity (e), fee_rate (e), txCost (e)
None
Graph after edges deleted
IGRAPH D--- 4619 32193 -- 
+ attr: pub_key (v), base_fee (e), capacity (e), fee_rate (e), txCost (e)
None
Our nodes starting connections: 
(4618, 2796)
(4618, 1223)
(4618, 1163)
(4618, 222)
(4618, 2745)
(4618, 3884)
(4618, 3265)
(4618, 4209)
(4618, 2087)
(4618, 3540)
(4618, 3690)
(4618, 1039)
(4618, 797)
CurrentBC of our node:  536813.712469
K= 0
44.1501797385
K= 1
16.7833333334
K= 2
18.5000000001
K= 3
58.7505494505
K= 4
4936.0 , Degree=0
K= 5
2525.00141011
K= 6
222.616666667
K= 7
25.1428571428
K= 8
2499.0
K= 9
17.8666666669
K= 10
4936.0 , Degree=0
K= 11
27.3812169313
K= 12
6755.1
K= 13
61.0010461761
K= 14
19.5
K= 15
166.534482184
K= 16
2252.03333333
K= 17
4936.0 , Degree=0
K= 18
16.2857142858
K= 19
21.5603983133
K= 20
51.7347434429
K= 21
19.6666666666
K= 22
4936.0 , Degree=0
K= 23
4936.0 , Degree=0
K= 24
2485.32717152
K= 25
14.7413003666
K= 26
19.6666666666
K= 27
2265.83333333
K= 28
4936.0 , Degree=0
K= 29
20.1666666666
K= 30
4936.0 , Degree=0
K= 31
4936.0 , Degree=0
K= 32
2481.77380952
K= 33
20.1666666667
K= 34
4936.0 , Degree=0
K= 35
17.4833333336
K= 36
4721.03764657
K= 37
16.6071428573
K= 38
4936.0 , Degree=0
K= 39
21.3111149268
K= 40
4936.0 , Degree=0
K= 41
4936.0 , Degree=0
K= 42
4936.0 , Degree=0
K= 43
16.2454545455
K= 44
4936.0 , Degree=0
K= 45
2491.7
K= 46
4936.0 , Degree=0
K= 47
2555.12394476
K= 48
2290.66666667
K= 49
4936.0 , Degree=0
K= 50
18.3666666669
K= 51
4936.0 , Degree=0
K= 52
2644.00338828
K= 53
95.3013040836
K= 54
33.3333333334
K= 55
4936.0 , Degree=0
K= 56
2305.83333333
K= 57
4936.0 , Degree=0
K= 58
19.6666666666
K= 59
4936.0 , Degree=0
K= 60
2545.77142857
K= 61
20.9635700546
K= 62
16.0166666667
K= 63
4936.0 , Degree=0
K= 64
119.786575179
K= 65
4936.0 , Degree=0
K= 66
2244.0
K= 67
4936.0 , Degree=0
K= 68
4936.0 , Degree=0
K= 69
2633.10555556
K= 70
2588.32289638
K= 71
17.324066754
K= 72
2597.42516634
K= 73
2488.39047619
K= 74
15.4111111112
K= 75
18.1666666666
K= 76
2317.83333333
K= 77
2317.83333333
K= 78
2491.76666667
K= 79
4936.0 , Degree=0
K= 80
33.3333333334
K= 81
2612.65180435
K= 82
4936.0 , Degree=0
K= 83
4936.0 , Degree=0
K= 84
59.545016263
K= 85
15.035714286
K= 86
4936.0 , Degree=0
K= 87
2494.16666667
K= 88
2317.83333333
K= 89
2555.12394476
K= 90
199.752922078
K= 91
14.1666666667
K= 92
4685.0
K= 93
2323.83333333
K= 94
4936.0 , Degree=0
K= 95
4936.0 , Degree=0
K= 96
4936.0 , Degree=0
K= 97
2636.63515317
K= 98
16.8904761906
K= 99
17.0071428572
K= 100
4694.0
K= 101
2494.0
K= 102
17.5238095239
K= 103
17.7000000002
K= 104
4936.0 , Degree=0
K= 105
4936.0 , Degree=0
K= 106
4936.0 , Degree=0
K= 107
4936.0 , Degree=0
K= 108
4939.0
K= 109
4936.0 , Degree=0
K= 110
4936.0 , Degree=0
K= 111
4936.0 , Degree=0
K= 112
4936.0 , Degree=0
K= 113
28.7529304031
K= 114
20.1666666666
K= 115
4936.0 , Degree=0
K= 116
4936.0 , Degree=0
K= 117
2317.83333333
K= 118
4936.0 , Degree=0
K= 119
20.1666666666
K= 120
8.77564102574
K= 121
2290.66666667
K= 122
4936.0 , Degree=0
K= 123
2668.5
K= 124
4936.0 , Degree=0
K= 125
4936.0 , Degree=0
K= 126
11.4603331453
K= 127
7.60404040408
K= 128
4936.0 , Degree=0
K= 129
37.3
K= 130
4936.0 , Degree=0
K= 131
4936.0 , Degree=0
K= 132
2525.73474344
K= 133
13.1179154179
K= 134
4936.0 , Degree=0
K= 135
17.8666666669
K= 136
1548.83315804
K= 137
19.6666666666
K= 138
13.1666666666
K= 139
8.06150793668
K= 140
2618.72014112
K= 141
4936.0 , Degree=0
K= 142
4936.0 , Degree=0
K= 143
10.0820473644
K= 144
4936.0 , Degree=0
K= 145
10.2166666668
K= 146
11.8666666669
K= 147
14.535714286
K= 148
5055.11371133
K= 149
4936.0 , Degree=0
K= 150
4936.0 , Degree=0
K= 151
2494.16666667
K= 152
14.6580086581
K= 153
4936.0 , Degree=0
K= 154
3724.75541682
K= 155
4936.0 , Degree=0
K= 156
27.8333333334
K= 157
2258.33333333
K= 158
4936.0 , Degree=0
K= 159
157.460209913
K= 160
2489.06904762
K= 161
4936.0 , Degree=0
K= 162
4936.0 , Degree=0
K= 163
2525.73474344
K= 164
4936.0 , Degree=0
K= 165
4936.0 , Degree=0
K= 166
19.6666666666
K= 167
13.6666666666
K= 168
4936.0 , Degree=0
K= 169
4936.0 , Degree=0
K= 170
4936.0 , Degree=0
K= 171
16.6333333334
K= 172
4936.0 , Degree=0
K= 173
20.1666666666
K= 174
4936.0 , Degree=0
K= 175
184.359751024
K= 176
4936.0 , Degree=0
K= 177
4710.44444444
K= 178
4936.0 , Degree=0
K= 179
4936.0 , Degree=0
K= 180
20.0
K= 181
4936.0 , Degree=0
K= 182
7.96931438125
K= 183
64.1953238193
K= 184
15.0
K= 185
4936.0 , Degree=0
K= 186
4936.0 , Degree=0
K= 187
17.3166666668
K= 188
4936.0 , Degree=0
K= 189
15.589785215
K= 190
2328.66666667
K= 191
4936.0 , Degree=0
K= 192
4936.0 , Degree=0
K= 193
4936.0 , Degree=0
K= 194
19.6666666666
K= 195
4936.0 , Degree=0
K= 196
4936.0 , Degree=0
K= 197
32.5214285715
K= 198
64.9244260292
K= 199
19.5
K= 200
2422.89266425
K= 201
2486.48692104
K= 202
69.6006823382
K= 203
4936.0 , Degree=0
K= 204
4936.0 , Degree=0
K= 205
17.3166666668
K= 206
4936.0 , Degree=0
K= 207
13.8333333333
K= 208
26.7333333335
K= 209
4936.0 , Degree=0
K= 210
4936.0 , Degree=0
K= 211
19.9963769251
K= 212
4936.0 , Degree=0
K= 213
19.8333333333
K= 214
4936.0 , Degree=0
K= 215
2328.66666667
K= 216
19.6666666666
K= 217
2587.0
K= 218
2312.83333333
K= 219
63.5591513134
K= 220
11.8666666669
K= 221
15.15
K= 222
39.7065768212
K= 223
4936.0 , Degree=0
K= 224
4936.0 , Degree=0
K= 225
13.5
K= 226
17.8666666668
K= 227
4936.0 , Degree=0
K= 228
2312.83333333
K= 229
4936.0 , Degree=0
K= 230
2633.41524405
K= 231
4936.0 , Degree=0
K= 232
4936.0 , Degree=0
K= 233
2250.0
K= 234
25.6911258949
K= 235
233.18066716
K= 236
4936.0 , Degree=0
K= 237
4936.0 , Degree=0
K= 238
2639.25595238
K= 239
24.4435893657
K= 240
4936.0 , Degree=0
K= 241
14.1805555557
K= 242
27.580952381
K= 243
4936.0 , Degree=0
K= 244
4936.0 , Degree=0
K= 245
4936.0 , Degree=0
K= 246
2633.42516634
K= 247
4936.0 , Degree=0
K= 248
4936.0 , Degree=0
K= 249
2317.83333333
K= 250
4936.0 , Degree=0
K= 251
16.5672562136
K= 252
4936.0 , Degree=0
K= 253
4942.5284712
K= 254
4936.0 , Degree=0
K= 255
4936.0 , Degree=0
K= 256
20.1666666666
K= 257
2588.32289638
K= 258
21.8188747733
K= 259
4668.33333333
K= 260
24.6456484096
K= 261
4936.0 , Degree=0
K= 262
4936.0 , Degree=0
K= 263
6760.1
K= 264
4936.0 , Degree=0
K= 265
23.5
K= 266
17.7833333336
K= 267
67.8797314696
K= 268
4936.0 , Degree=0
K= 269
18.1833333336
K= 270
2260.0
K= 271
4936.0 , Degree=0
K= 272
4936.0 , Degree=0
K= 273
4936.0 , Degree=0
K= 274
2485.88014706
K= 275
2251.0
K= 276
2606.0
K= 277
4936.0 , Degree=0
K= 278
4936.0 , Degree=0
K= 279
2290.66666667
K= 280
4936.0 , Degree=0
K= 281
52.0
K= 282
221.371936432
K= 283
4936.0 , Degree=0
K= 284
2685.4
K= 285
2677.04479829
K= 286
20.1666666666
K= 287
16.2023809525
K= 288
4936.0 , Degree=0
K= 289
2679.39444444
K= 290
32.0
K= 291
4936.0 , Degree=0
K= 292
4936.0 , Degree=0
K= 293
16.65
K= 294
207.844735321
K= 295
15.6666666669
K= 296
9.68534798559
K= 297
4936.0 , Degree=0
K= 298
4936.0 , Degree=0
K= 299
4936.0 , Degree=0
K= 300
8.85238095268
K= 301
4936.0 , Degree=0
K= 302
11.8666666669
K= 303
4936.0 , Degree=0
K= 304
4936.0 , Degree=0
K= 305
11.6660474718
K= 306
4985.4047619
K= 307
14.0615079367
K= 308
4936.0 , Degree=0
K= 309
2369.12394476
K= 310
4936.0 , Degree=0
K= 311
2252.0
K= 312
2656.33571429
K= 313
2595.90699078
K= 314
4936.0 , Degree=0
K= 315
4936.0 , Degree=0
K= 316
155.420258981
K= 317
4936.0 , Degree=0
K= 318
4936.0 , Degree=0
K= 319
16.6071428573
K= 320
15.804978355
K= 321
2508.87321426
K= 322
4936.0 , Degree=0
K= 323
4936.0 , Degree=0
K= 324
4936.0 , Degree=0
K= 325
4936.0 , Degree=0
K= 326
4936.0 , Degree=0
K= 327
2620.17717949
K= 328
13.0901376401
K= 329
16.6666666667
K= 330
19.0000000001
K= 331
4936.0 , Degree=0
K= 332
4936.0 , Degree=0
K= 333
19.6666666667
K= 334
4936.0 , Degree=0
K= 335
4936.0 , Degree=0
K= 336
4936.0 , Degree=0
K= 337
2599.3402664
K= 338
4936.0 , Degree=0
K= 339
39.9500000001
K= 340
19.6666666666
K= 341
103.629610689
K= 342
4722.0
K= 343
6.69959150348
K= 344
27.7529304031
K= 345
4936.0 , Degree=0
K= 346
4936.0 , Degree=0
K= 347
2488.06150794
K= 348
4936.0 , Degree=0
K= 349
19.1666666667
K= 350
19.6666666666
K= 351
4692.0
K= 352
11.5833333335
K= 353
4936.0 , Degree=0
K= 354
4936.0 , Degree=0
K= 355
4936.0 , Degree=0
K= 356
4724.0
K= 357
4936.0 , Degree=0
K= 358
16.2166666668
K= 359
4936.0 , Degree=0
K= 360
2369.12394476
K= 361
15.3075112024
K= 362
4936.0 , Degree=0
K= 363
19.8333333333
K= 364
112.217215196
K= 365
2635.58513431
K= 366
4936.0 , Degree=0
K= 367
4936.0 , Degree=0
K= 368
4936.0 , Degree=0
K= 369
13.7261904763
K= 370
4936.0 , Degree=0
K= 371
4936.0 , Degree=0
K= 372
15.3748511906
K= 373
4936.0 , Degree=0
K= 374
4936.0 , Degree=0
K= 375
160.791057907
K= 376
4936.0 , Degree=0
K= 377
163.113569804
K= 378
20.1666666666
K= 379
20.1666666666
K= 380
13.3917249418
K= 381
4936.0 , Degree=0
K= 382
2493.66666667
K= 383
4936.0 , Degree=0
K= 384
2441.16666667
K= 385
4936.0 , Degree=0
K= 386
2490.84047619
K= 387
4694.0
K= 388
8.01388888899
K= 389
4936.0 , Degree=0
K= 390
13.3111111113
K= 391
4936.0 , Degree=0
K= 392
2245.44444444
K= 393
17.8666666669
K= 394
4936.0 , Degree=0
K= 395
4936.0 , Degree=0
K= 396
67.8599500596
K= 397
4936.0 , Degree=0
K= 398
4936.0 , Degree=0
K= 399
2681.90238095
K= 400
4936.0 , Degree=0
K= 401
17.7000000002
K= 402
4936.0 , Degree=0
K= 403
2491.61666667
K= 404
4936.0 , Degree=0
K= 405
4936.0 , Degree=0
K= 406
4936.0 , Degree=0
K= 407
4936.0 , Degree=0
K= 408
12403.0
K= 409
4936.0 , Degree=0
K= 410
4936.0 , Degree=0
K= 411
4936.0 , Degree=0
K= 412
4936.0 , Degree=0
K= 413
4936.0 , Degree=0
K= 414
16.65
K= 415
58.2191043209
K= 416
4676.5
K= 417
251.864285714
K= 418
4936.0 , Degree=0
K= 419
90.669849272
K= 420
63.4275100395
K= 421
2532.90032468
K= 422
43.2695454545
K= 423
4936.0 , Degree=0
K= 424
4936.0 , Degree=0
K= 425
4936.0 , Degree=0
K= 426
2560.61428571
K= 427
4936.0 , Degree=0
K= 428
4936.0 , Degree=0
K= 429
16.65
K= 430
70.1032355147
K= 431
4936.0 , Degree=0
K= 432
23.5292031885
K= 433
10.7666666668
K= 434
4936.0 , Degree=0
K= 435
4936.0 , Degree=0
K= 436
4936.0 , Degree=0
K= 437
4936.0 , Degree=0
K= 438
14.8523809527
K= 439
4936.0 , Degree=0
K= 440
4936.0 , Degree=0
K= 441
2685.4
K= 442
17.8666666669
K= 443
4936.0 , Degree=0
K= 444
50.5
K= 445
4936.0 , Degree=0
K= 446
4936.0 , Degree=0
K= 447
4936.0 , Degree=0
K= 448
17.5333333336
K= 449
2270.83333333
K= 450
4936.0 , Degree=0
K= 451
4936.0 , Degree=0
K= 452
15.6365079368
K= 453
4695.41904762
K= 454
2364.0
K= 455
4936.0 , Degree=0
K= 456
4936.0 , Degree=0
K= 457
2629.6311586
K= 458
4936.0 , Degree=0
K= 459
4936.0 , Degree=0
K= 460
4936.0 , Degree=0
K= 461
4936.0 , Degree=0
K= 462
4936.0 , Degree=0
K= 463
2493.66666667
K= 464
4936.0 , Degree=0
K= 465
17.3166666668
K= 466
2662.61666667
K= 467
152.857216117
K= 468
4936.0 , Degree=0
K= 469
19.6666666666
K= 470
37.0000000001
K= 471
19.5
K= 472
10.9404761905
K= 473
24.9322344323
K= 474
20.1666666666
K= 475
4936.0 , Degree=0
K= 476
4936.0 , Degree=0
K= 477
4936.0 , Degree=0
K= 478
4685.0
K= 479
4936.0 , Degree=0
K= 480
113.232679076
K= 481
4936.0 , Degree=0
K= 482
4936.0 , Degree=0
K= 483
2252.03333333
K= 484
16.5566951567
K= 485
4936.0 , Degree=0
K= 486
4936.0 , Degree=0
K= 487
21.4441489229
K= 488
4436.54973307
K= 489
4936.0 , Degree=0
K= 490
4936.0 , Degree=0
K= 491
4936.0 , Degree=0
K= 492
2317.83333333
K= 493
4936.0 , Degree=0
K= 494
15.7904761905
K= 495
4936.0 , Degree=0
K= 496
4936.0 , Degree=0
K= 497
2635.79758958
K= 498
12448.7776553
K= 499
4936.0 , Degree=0
K= 500
19.5
K= 501
2523.59148907
K= 502
16.8428571429
K= 503
2486.12330623
K= 504
2555.12394476
K= 505
4936.0 , Degree=0
K= 506
4936.0 , Degree=0
K= 507
2252.03333333
K= 508
4936.0 , Degree=0
K= 509
2588.32289638
K= 510
2555.12394476
K= 511
4936.0 , Degree=0
K= 512
4936.0 , Degree=0
K= 513
2270.83333333
K= 514
3728.69659282
K= 515
14.8637667891
K= 516
4936.0 , Degree=0
K= 517
13.4417249417
K= 518
4936.0 , Degree=0
K= 519
2242.38974359
K= 520
2491.2
K= 521
4936.0 , Degree=0
K= 522
2612.65180435
K= 523
4936.0 , Degree=0
K= 524
163.327233636
K= 525
4936.0 , Degree=0
K= 526
4936.0 , Degree=0
K= 527
2508.23606208
K= 528
2658.25595238
K= 529
2615.0
K= 530
17.8666666668
K= 531
4936.0 , Degree=0
K= 532
4936.0 , Degree=0
K= 533
66.1377470415
K= 534
4936.0 , Degree=0
K= 535
4936.0 , Degree=0
K= 536
4936.0 , Degree=0
K= 537
17.7000000002
K= 538
2636.20355041
K= 539
2250.0
K= 540
45.1786991569
K= 541
4694.0
K= 542
18.6666666666
K= 543
4936.0 , Degree=0
K= 544
4936.0 , Degree=0
K= 545
4936.0 , Degree=0
K= 546
90.2251136072
K= 547
4685.0
K= 548
34.6857142858
K= 549
2258.33333333
K= 550
25.0857142858
K= 551
4936.0 , Degree=0
K= 552
4936.0 , Degree=0
K= 553
4724.0
K= 554
4936.0 , Degree=0
K= 555
2636.81521704
K= 556
139.0
K= 557
4936.0 , Degree=0
K= 558
2631.46753894
K= 559
4936.0 , Degree=0
K= 560
4936.0 , Degree=0
K= 561
386.379744649
K= 562
2645.47155939
K= 563
4936.0 , Degree=0
K= 564
2671.84652015
K= 565
2637.10555556
K= 566
4936.0 , Degree=0
K= 567
46.5715018315
K= 568
4936.0 , Degree=0
K= 569
43.6674628895
K= 570
2563.03907759
K= 571
4936.0 , Degree=0
K= 572
159.524443101
K= 573
4936.0 , Degree=0
K= 574
4936.0 , Degree=0
K= 575
2625.08936049
K= 576
4936.0 , Degree=0
K= 577
19.5
K= 578
4936.0 , Degree=0
K= 579
4936.0 , Degree=0
K= 580
21.6222222222
K= 581
11.0860789284
K= 582
4936.0 , Degree=0
K= 583
16.65
K= 584
4936.0 , Degree=0
K= 585
4936.0 , Degree=0
K= 586
4936.0 , Degree=0
K= 587
4936.0 , Degree=0
K= 588
4936.0 , Degree=0
K= 589
51.3118604799
K= 590
4936.0 , Degree=0
K= 591
2656.10749531
K= 592
4936.0 , Degree=0
K= 593
4936.0 , Degree=0
K= 594
4716.0
K= 595
4936.0 , Degree=0
K= 596
19.6666666666
K= 597
4936.0 , Degree=0
K= 598
12.5311268369
K= 599
3909.47874228
K= 600
2494.16666667
K= 601
2595.31770023
K= 602
4936.0 , Degree=0
K= 603
4936.0 , Degree=0
K= 604
2563.16872022
K= 605
2493.66666667
K= 606
2620.91157531
K= 607
2317.83333333
K= 608
16.8000000002
K= 609
182.520241527
K= 610
4936.0 , Degree=0
K= 611
4936.0 , Degree=0
K= 612
2484.07680577
K= 613
2609.4141208
K= 614
4936.0 , Degree=0
K= 615
4936.0 , Degree=0
K= 616
4936.0 , Degree=0
K= 617
16.65
K= 618
19.1666666666
K= 619
4936.0 , Degree=0
K= 620
4936.0 , Degree=0
K= 621
2579.34544432
K= 622
20.1666666667
K= 623
165.388929628
K= 624
4936.0 , Degree=0
K= 625
4936.0 , Degree=0
K= 626
4936.0 , Degree=0
K= 627
18.2000000002
K= 628
4936.0 , Degree=0
K= 629
4936.0 , Degree=0
K= 630
4730.0
K= 631
4936.0 , Degree=0
K= 632
4936.0 , Degree=0
K= 633
4936.0 , Degree=0
K= 634
4936.0 , Degree=0
K= 635
4936.0 , Degree=0
K= 636
4936.0 , Degree=0
K= 637
23.5705738707
K= 638
4936.0 , Degree=0
K= 639
2652.18232931
K= 640
4694.0
K= 641
4936.0 , Degree=0
K= 642
17.0
K= 643
10.5768156952
K= 644
4936.0 , Degree=0
K= 645
4936.0 , Degree=0
K= 646
133.35
K= 647
4936.0 , Degree=0
K= 648
4936.0 , Degree=0
K= 649
4936.0 , Degree=0
K= 650
4936.0 , Degree=0
K= 651
2613.29089522
K= 652
36.4105880384
K= 653
4936.0 , Degree=0
K= 654
2626.32289638
K= 655
2317.83333333
K= 656
4936.0 , Degree=0
K= 657
2250.0
K= 658
16.65
K= 659
4936.0 , Degree=0
K= 660
4936.0 , Degree=0
K= 661
4936.0 , Degree=0
K= 662
4936.0 , Degree=0
K= 663
77.9708319225
K= 664
4936.0 , Degree=0
K= 665
4936.0 , Degree=0
K= 666
4936.0 , Degree=0
K= 667
4936.0 , Degree=0
K= 668
4936.0 , Degree=0
K= 669
22.1333333334
K= 670
2295.55765072
K= 671
4936.0 , Degree=0
K= 672
2610.0
K= 673
20.1666666666
K= 674
71.4092398231
K= 675
33.9144616893
K= 676
4936.0 , Degree=0
K= 677
4936.0 , Degree=0
K= 678
2675.66730769
K= 679
4936.0 , Degree=0
K= 680
4936.0 , Degree=0
K= 681
2487.81111111
K= 682
80.7512460115
K= 683
4936.0 , Degree=0
K= 684
4936.0 , Degree=0
K= 685
4936.0 , Degree=0
K= 686
16.3261904763
K= 687
158.630783936
K= 688
4936.0 , Degree=0
K= 689
138.651804345
K= 690
4936.0 , Degree=0
K= 691
2678.47142857
K= 692
13.5207070708
K= 693
4936.0 , Degree=0
K= 694
19.6666666666
K= 695
13.5
K= 696
4936.0 , Degree=0
K= 697
57.9998637687
K= 698
4936.0 , Degree=0
K= 699
4936.0 , Degree=0
K= 700
4936.0 , Degree=0
K= 701
2244.0
K= 702
2490.86666667
K= 703
16.6071428572
K= 704
4936.0 , Degree=0
K= 705
2565.84914322
K= 706
4685.0
K= 707
4936.0 , Degree=0
K= 708
2555.12394476
K= 709
17.6166666669
K= 710
4936.0 , Degree=0
K= 711
20.1666666666
K= 712
4936.0 , Degree=0
K= 713
70.7185965212
K= 714
4936.0 , Degree=0
K= 715
4936.0 , Degree=0
K= 716
20.0
K= 717
4936.0 , Degree=0
K= 718
80.6666666666
K= 719
20.1666666666
K= 720
11.3452537803
K= 721
2250.0
K= 722
19.6666666667
K= 723
2645.70247486
K= 724
9949.06666667
K= 725
4936.0 , Degree=0
K= 726
4697.0
K= 727
2270.83333333
K= 728
4936.0 , Degree=0
K= 729
4936.0 , Degree=0
K= 730
19.3333333333
K= 731
4936.0 , Degree=0
K= 732
2635.18978839
K= 733
4936.0 , Degree=0
K= 734
14.25
K= 735
2488.86118769
K= 736
4936.0 , Degree=0
K= 737
4936.0 , Degree=0
K= 738
4936.0 , Degree=0
K= 739
2121.0
K= 740
4936.0 , Degree=0
K= 741
17.3166666668
K= 742
2522.22884071
K= 743
20.3621212122
K= 744
4936.0 , Degree=0
K= 745
2490.65
K= 746
20.0
K= 747
4936.0 , Degree=0
K= 748
4936.0 , Degree=0
K= 749
4936.0 , Degree=0
K= 750
15.8645021645
K= 751
26.7529304031
K= 752
2436.12394476
K= 753
4936.0 , Degree=0
K= 754
103.812515453
K= 755
4936.0 , Degree=0
K= 756
2539.12394476
K= 757
4936.0 , Degree=0
K= 758
4936.0 , Degree=0
K= 759
2427.6628751
K= 760
2509.08459913
K= 761
4936.0 , Degree=0
K= 762
4936.0 , Degree=0
K= 763
4936.0 , Degree=0
K= 764
4936.0 , Degree=0
K= 765
77.7339403844
K= 766
4936.0 , Degree=0
K= 767
4936.0 , Degree=0
K= 768
4936.0 , Degree=0
K= 769
27.6760073261
K= 770
4936.0 , Degree=0
K= 771
2517.66746289
K= 772
20.1666666666
K= 773
4936.0 , Degree=0
K= 774
90.2251136072
K= 775
4936.0 , Degree=0
K= 776
2290.66666667
K= 777
4936.0 , Degree=0
K= 778
2567.79166667
K= 779
4936.0 , Degree=0
K= 780
19.3333333333
K= 781
2344.83333333
K= 782
4936.0 , Degree=0
K= 783
10.2654253154
K= 784
4936.0 , Degree=0
K= 785
4936.0 , Degree=0
K= 786
4936.0 , Degree=0
K= 787
4936.0 , Degree=0
K= 788
53.0000000001
K= 789
14.0
K= 790
48.9341295562
K= 791
4936.0 , Degree=0
K= 792
4726.16666667
K= 793
4936.0 , Degree=0
K= 794
13.04484127
K= 795
4936.0 , Degree=0
K= 796
2554.64360112
K= 797
29.0157505635
K= 798
4936.0 , Degree=0
K= 799
4936.0 , Degree=0
K= 800
2550.5244431
K= 801
4936.0 , Degree=0
K= 802
4936.0 , Degree=0
K= 803
4522.66666667
K= 804
2485.34806675
K= 805
19.5
K= 806
11.76625817
K= 807
2495.17707848
K= 808
4936.0 , Degree=0
K= 809
2492.83333333
K= 810
4936.0 , Degree=0
K= 811
4936.0 , Degree=0
K= 812
14.0781746033
K= 813
4936.0 , Degree=0
K= 814
4936.0 , Degree=0
K= 815
4936.0 , Degree=0
K= 816
177.375482282
K= 817
4936.0 , Degree=0
K= 818
2489.65547936
K= 819
2528.69795752
K= 820
4936.0 , Degree=0
K= 821
4936.0 , Degree=0
K= 822
4936.0 , Degree=0
K= 823
30.0896063688
K= 824
4936.0 , Degree=0
K= 825
2290.66666667
K= 826
4936.0 , Degree=0
K= 827
4936.0 , Degree=0
K= 828
12.6714890503
K= 829
182.952807566
K= 830
2252.0
K= 831
4936.0 , Degree=0
K= 832
19.6666666667
K= 833
4936.0 , Degree=0
K= 834
19.3333333333
K= 835
4936.0 , Degree=0
K= 836
4723.0
K= 837
39.0
K= 838
55.4385228334
K= 839
23.5
K= 840
2332.0
K= 841
2246.0
K= 842
2599.3402664
K= 843
161.179836245
K= 844
2486.59382525
K= 845
4936.0 , Degree=0
K= 846
16.2500000001
K= 847
4936.0 , Degree=0
K= 848
2640.29014961
K= 849
4936.0 , Degree=0
K= 850
4936.0 , Degree=0
K= 851
2583.95360577
K= 852
20.1666666666
K= 853
7582.01283365
K= 854
46.4992101588
K= 855
4936.0 , Degree=0
K= 856
30.3738095239
K= 857
206.536904762
K= 858
4936.0 , Degree=0
K= 859
2317.83333333
K= 860
68.7340156715
K= 861
4936.0 , Degree=0
K= 862
4936.0 , Degree=0
K= 863
12.9441391943
K= 864
20.1666666666
K= 865
4936.0 , Degree=0
K= 866
4936.0 , Degree=0
K= 867
2244.44444444
K= 868
4936.0 , Degree=0
K= 869
2491.52380952
K= 870
4936.0 , Degree=0
K= 871
8.00000000012
K= 872
2245.0
K= 873
4936.0 , Degree=0
K= 874
4936.0 , Degree=0
K= 875
4936.0 , Degree=0
K= 876
4936.0 , Degree=0
K= 877
2681.66666667
K= 878
4936.0 , Degree=0
K= 879
4936.0 , Degree=0
K= 880
14.1666666666
K= 881
4936.0 , Degree=0
K= 882
13.6040404042
K= 883
4936.0 , Degree=0
K= 884
4936.0 , Degree=0
K= 885
2592.42516634
K= 886
2538.0
K= 887
4936.0 , Degree=0
K= 888
4936.0 , Degree=0
K= 889
35.7333333333
K= 890
18.1833333336
K= 891
10.7738095239
K= 892
15.9978354978
K= 893
4936.0 , Degree=0
K= 894
4936.0 , Degree=0
K= 895
2662.79166667
K= 896
4936.0 , Degree=0
K= 897
2317.83333333
K= 898
2673.86111111
K= 899
4936.0 , Degree=0
K= 900
34.42623557
K= 901
4936.0 , Degree=0
K= 902
2290.66666667
K= 903
4936.0 , Degree=0
K= 904
4936.0 , Degree=0
K= 905
13.1666666666
K= 906
4936.0 , Degree=0
K= 907
12.140414858
K= 908
13.8111111114
K= 909
4936.0 , Degree=0
K= 910
19.1666666667
K= 911
4936.0 , Degree=0
K= 912
2644.60602148
K= 913
4936.0 , Degree=0
K= 914
4715.0
K= 915
111.630952381
K= 916
4936.0 , Degree=0
K= 917
4936.0 , Degree=0
K= 918
2525.73474344
K= 919
4694.0
K= 920
16.6166666668
K= 921
2632.32289638
K= 922
4936.0 , Degree=0
K= 923
4936.0 , Degree=0
K= 924
4936.0 , Degree=0
K= 925
17.6833333336
K= 926
20.1666666666
K= 927
5.50000000023
K= 928
391.154375736
K= 929
4936.0 , Degree=0
K= 930
142.57056578
K= 931
16.8404761906
K= 932
16.1690476192
K= 933
35.3323251944
K= 934
4936.0 , Degree=0
K= 935
17.5238095239
K= 936
4936.0 , Degree=0
K= 937
15.9323285753
K= 938
4936.0 , Degree=0
K= 939
4730.0
K= 940
4936.0 , Degree=0
K= 941
4936.0 , Degree=0
K= 942
4936.0 , Degree=0
K= 943
4936.0 , Degree=0
K= 944
2669.55917266
K= 945
2244.0
K= 946
4936.0 , Degree=0
K= 947
23.2523809526
K= 948
4936.0 , Degree=0
K= 949
4936.0 , Degree=0
K= 950
15.1190476193
K= 951
54.8234779573
K= 952
2508.50737734
K= 953
4936.0 , Degree=0
K= 954
2317.83333333
K= 955
4936.0 , Degree=0
K= 956
4936.0 , Degree=0
K= 957
2494.16666667
K= 958
13.5
K= 959
63.0180767764
K= 960
2658.12420635
K= 961
4936.0 , Degree=0
K= 962
4936.0 , Degree=0
K= 963
18.6666666666
K= 964
4936.0 , Degree=0
K= 965
4936.0 , Degree=0
K= 966
2328.66666667
K= 967
4936.0 , Degree=0
K= 968
2530.55774991
K= 969
2258.33333333
K= 970
15.7055555556
K= 971
69.5326790755
K= 972
4936.0 , Degree=0
K= 973
4936.0 , Degree=0
K= 974
2317.83333333
K= 975
2317.83333333
K= 976
4936.0 , Degree=0
K= 977
16.15
K= 978
4936.0 , Degree=0
K= 979
43.1236723466
K= 980
4936.0 , Degree=0
K= 981
4936.0 , Degree=0
K= 982
15.3748511906
K= 983
4936.0 , Degree=0
K= 984
2507.48068516
K= 985
4936.0 , Degree=0
K= 986
4936.0 , Degree=0
K= 987
3292.42364469
K= 988
2250.0
K= 989
4936.0 , Degree=0
K= 990
4936.0 , Degree=0
K= 991
17.2000000002
K= 992
4936.0 , Degree=0
K= 993
31.5214285715
K= 994
4936.0 , Degree=0
K= 995
37.9289715845
K= 996
4936.0 , Degree=0
K= 997
32.8039112936
K= 998
2493.83333333
K= 999
4936.0 , Degree=0
K= 1000
4936.0 , Degree=0
K= 1001
4936.0 , Degree=0
K= 1002
4936.0 , Degree=0
K= 1003
2484.36666667
K= 1004
20.1666666667
K= 1005
2641.11428571
K= 1006
70.5440751173
K= 1007
9.00238095247
K= 1008
12.0990214256
K= 1009
4936.0 , Degree=0
K= 1010
4936.0 , Degree=0
K= 1011
6750.1
K= 1012
5.24387436674
K= 1013
4936.0 , Degree=0
K= 1014
11.766666667
K= 1015
4722.0
K= 1016
19.6666666666
K= 1017
4936.0 , Degree=0
K= 1018
4936.0 , Degree=0
K= 1019
4936.0 , Degree=0
K= 1020
4694.0
K= 1021
4936.0 , Degree=0
K= 1022
4936.0 , Degree=0
K= 1023
2317.83333333
K= 1024
12.6666666666
K= 1025
4936.0 , Degree=0
K= 1026
2491.61666667
K= 1027
4936.0 , Degree=0
K= 1028
7.51175213687
K= 1029
4936.0 , Degree=0
K= 1030
19.7508027069
K= 1031
2686.28333333
K= 1032
19.6666666666
K= 1033
4936.0 , Degree=0
K= 1034
16.3904761906
K= 1035
4936.0 , Degree=0
K= 1036
15.1190476193
K= 1037
2323.0
K= 1038
55.9867921048
K= 1039
1.20000000007
K= 1040
30.9214285716
K= 1041
4724.0
K= 1042
14.3569815806
K= 1043
4936.0 , Degree=0
K= 1044
4937.0
K= 1045
4694.0
K= 1046
4936.0 , Degree=0
K= 1047
88.5354978355
K= 1048
2486.56604747
K= 1049
178.102321713
K= 1050
4936.0 , Degree=0
K= 1051
4936.0 , Degree=0
K= 1052
4936.0 , Degree=0
K= 1053
16.0951659454
K= 1054
10.8404761906
K= 1055
4936.0 , Degree=0
K= 1056
4936.0 , Degree=0
K= 1057
4936.0 , Degree=0
K= 1058
5329.73428238
K= 1059
16.8666666668
K= 1060
17.6166666669
K= 1061
65.7135046173
K= 1062
20.1666666666
K= 1063
2217.83333333
K= 1064
21.7597883597
K= 1065
4936.0 , Degree=0
K= 1066
4936.0 , Degree=0
K= 1067
4936.0 , Degree=0
K= 1068
20.1666666666
K= 1069
2290.66666667
K= 1070
12.8666666669
K= 1071
4936.0 , Degree=0
K= 1072
2626.75560378
K= 1073
4936.0 , Degree=0
K= 1074
2488.01388889
K= 1075
4936.0 , Degree=0
K= 1076
17.8666666669
K= 1077
4936.0 , Degree=0
K= 1078
19.5
K= 1079
4936.0 , Degree=0
K= 1080
2323.0
K= 1081
18.3666666669
K= 1082
4936.0 , Degree=0
K= 1083
2317.83333333
K= 1084
4936.0 , Degree=0
K= 1085
20.0
K= 1086
2646.18232931
K= 1087
4936.0 , Degree=0
K= 1088
20.1666666666
K= 1089
4936.0 , Degree=0
K= 1090
2640.68803235
K= 1091
35.4
K= 1092
56.5577499082
K= 1093
4936.0 , Degree=0
K= 1094
14.1666666666
K= 1095
4936.0 , Degree=0
K= 1096
4936.0 , Degree=0
K= 1097
4936.0 , Degree=0
K= 1098
4936.0 , Degree=0
K= 1099
4936.0 , Degree=0
K= 1100
34.5073773449
K= 1101
2429.90699078
K= 1102
2289.66666667
K= 1103
4936.0 , Degree=0
K= 1104
104.00638651
K= 1105
4936.0 , Degree=0
K= 1106
19.6666666666
K= 1107
4936.0 , Degree=0
K= 1108
4936.0 , Degree=0
K= 1109
4936.0 , Degree=0
K= 1110
34.5666666667
K= 1111
4936.0 , Degree=0
K= 1112
4936.0 , Degree=0
K= 1113
18.1047619048
K= 1114
4936.0 , Degree=0
K= 1115
13.8805555557
K= 1116
4936.0 , Degree=0
K= 1117
15.1666666666
K= 1118
58.2191043209
K= 1119
4724.0
K= 1120
4936.0 , Degree=0
K= 1121
4725.44444444
K= 1122
31.6013362369
K= 1123
4936.0 , Degree=0
K= 1124
4701.46969697
K= 1125
4936.0 , Degree=0
K= 1126
26.8674033572
K= 1127
2493.5
K= 1128
4936.0 , Degree=0
K= 1129
4936.0 , Degree=0
K= 1130
2244.9
K= 1131
4936.0 , Degree=0
K= 1132
250.0
K= 1133
4936.0 , Degree=0
K= 1134
4936.0 , Degree=0
K= 1135
4722.0
K= 1136
2317.83333333
K= 1137
4936.0 , Degree=0
K= 1138
3161.39078235
K= 1139
4719.83918129
K= 1140
2506.0
K= 1141
2496.3402664
K= 1142
4719.0
K= 1143
4936.0 , Degree=0
K= 1144
4936.0 , Degree=0
K= 1145
2270.83333333
K= 1146
4936.0 , Degree=0
K= 1147
44.9857241143
K= 1148
4936.0 , Degree=0
K= 1149
4719.44444444
K= 1150
5.82300420187
K= 1151
4936.0 , Degree=0
K= 1152
4722.0
K= 1153
4936.0 , Degree=0
K= 1154
4936.0 , Degree=0
K= 1155
13.0
K= 1156
306.418669517
K= 1157
4663.00238095
K= 1158
4545.54973307
K= 1159
4936.0 , Degree=0
K= 1160
2243.83333333
K= 1161
20.1666666666
K= 1162
2628.82015919
K= 1163
41.2357075112
K= 1164
2422.16490194
K= 1165
4936.0 , Degree=0
K= 1166
14.0026840607
K= 1167
2488.53333333
K= 1168
48.2288407144
K= 1169
2544.8763764
K= 1170
4694.0
K= 1171
4936.0 , Degree=0
K= 1172
4936.0 , Degree=0
K= 1173
2638.98817525
K= 1174
335.331956932
K= 1175
4936.0 , Degree=0
K= 1176
4936.0 , Degree=0
K= 1177
4936.0 , Degree=0
K= 1178
2692.9952381
K= 1179
2640.4141208
K= 1180
14.6579670332
K= 1181
4936.0 , Degree=0
K= 1182
16.5571428572
K= 1183
4936.0 , Degree=0
K= 1184
4665.95360577
K= 1185
4936.0 , Degree=0
K= 1186
677.68673492
K= 1187
23.8714285715
K= 1188
2494.16666667
K= 1189
2254.0
K= 1190
69.5647503674
K= 1191
4936.0 , Degree=0
K= 1192
2643.17200136
K= 1193
4936.0 , Degree=0
K= 1194
2507.79643083
K= 1195
54.767201644
K= 1196
4936.0 , Degree=0
K= 1197
66.1377470415
K= 1198
19.6666666666
K= 1199
4984.26666667
K= 1200
4936.0 , Degree=0
Betweenness Centrality Improvement
[ 44.15017974  16.78333333  18.5        ...,   0.           0.           0.        ]
Top 20 BC Improvement
[ 498  408  724  853  263   12 1011 1058  148  306 1199  253  108 1044  493
  535  536 1013  491  543]
Top 20 BC Improvement
[ 12448.77765533  12403.           9949.06666667   7582.01283365   6760.1
   6755.1          6750.1          5329.73428238   5055.11371133
   4985.4047619    4984.26666667   4942.5284712    4939.           4937.
   4936.           4936.           4936.           4936.           4936.
   4936.        ]
