txValue= 1000000
Input graph
IGRAPH D--- 4619 68733 -- 
+ attr: pub_key (v), base_fee (e), capacity (e), fee_rate (e), txCost (e)
None
Graph after edges deleted
IGRAPH D--- 4619 32193 -- 
+ attr: pub_key (v), base_fee (e), capacity (e), fee_rate (e), txCost (e)
None
Our nodes starting connections: 
(4618, 2796)
(4618, 1223)
(4618, 1163)
(4618, 222)
(4618, 2745)
(4618, 3884)
(4618, 3265)
(4618, 4209)
(4618, 2087)
CurrentBC of our node:  476938.178608
K= 0
68.7104913963
K= 1
53.6650631542
K= 2
44.1175688097
K= 3
146.125986784
K= 4
4936.0 , Degree=0
K= 5
2529.04156162
K= 6
211.225641026
K= 7
46.1282012298
K= 8
2505.0
K= 9
27.6385964496
K= 10
4936.0 , Degree=0
K= 11
47.4996651147
K= 12
6812.6
K= 13
71.9764154415
K= 14
29.537961287
K= 15
185.570665541
K= 16
2271.2
K= 17
4936.0 , Degree=0
K= 18
30.2911328883
K= 19
47.0132986699
K= 20
58.729882148
K= 21
28.4227463613
K= 22
4936.0 , Degree=0
K= 23
4936.0 , Degree=0
K= 24
2491.20217152
K= 25
35.8248909219
K= 26
28.6058411411
K= 27
2285.13333333
K= 28
4936.0 , Degree=0
K= 29
28.5513425117
K= 30
4936.0 , Degree=0
K= 31
4936.0 , Degree=0
K= 32
494.590021983
K= 33
36.1933160349
K= 34
4936.0 , Degree=0
K= 35
23.4833333335
K= 36
4747.37142857
K= 37
26.0591536109
K= 38
4936.0 , Degree=0
K= 39
40.8419548915
K= 40
4936.0 , Degree=0
K= 41
4936.0 , Degree=0
K= 42
4936.0 , Degree=0
K= 43
26.1885592848
K= 44
4936.0 , Degree=0
K= 45
2497.7
K= 46
4936.0 , Degree=0
K= 47
341.245609323
K= 48
2309.66666667
K= 49
4936.0 , Degree=0
K= 50
38.9582964221
K= 51
4936.0 , Degree=0
K= 52
370.851424964
K= 53
67.1297126947
K= 54
53.697056651
K= 55
4936.0 , Degree=0
K= 56
2325.0
K= 57
4936.0 , Degree=0
K= 58
28.4227463613
K= 59
4936.0 , Degree=0
K= 60
330.056982397
K= 61
61.8188448831
K= 62
53.2699316523
K= 63
4936.0 , Degree=0
K= 64
120.95179619
K= 65
4936.0 , Degree=0
K= 66
4045.58884889
K= 67
4936.0 , Degree=0
K= 68
4936.0 , Degree=0
K= 69
370.255555556
K= 70
357.151940526
K= 71
1857.94335297
K= 72
354.547175537
K= 73
2496.2507326
K= 74
32.0935454859
K= 75
35.4901693834
K= 76
2336.0
K= 77
2336.0
K= 78
2497.6
K= 79
4936.0 , Degree=0
K= 80
46.9501693833
K= 81
2611.45957875
K= 82
4936.0 , Degree=0
K= 83
4936.0 , Degree=0
K= 84
74.9156139162
K= 85
23.769822043
K= 86
4936.0 , Degree=0
K= 87
2500.07971014
K= 88
2336.0
K= 89
341.245609323
K= 90
196.473420757
K= 91
1789.98188587
K= 92
3221.72755164
K= 93
2344.36321699
K= 94
4936.0 , Degree=0
K= 95
4936.0 , Degree=0
K= 96
4936.0 , Degree=0
K= 97
2631.90850376
K= 98
29.4308005366
K= 99
27.5714084015
K= 100
2507.63734545
K= 101
2499.91666667
K= 102
25.2136136119
K= 103
31.4040957981
K= 104
4936.0 , Degree=0
K= 105
4936.0 , Degree=0
K= 106
4936.0 , Degree=0
K= 107
4936.0 , Degree=0
K= 108
2669.2230236
K= 109
4936.0 , Degree=0
K= 110
4936.0 , Degree=0
K= 111
4936.0 , Degree=0
K= 112
4936.0 , Degree=0
K= 113
32.8910256411
K= 114
28.0775441849
K= 115
4936.0 , Degree=0
K= 116
4936.0 , Degree=0
K= 117
2336.0
K= 118
4936.0 , Degree=0
K= 119
27.8140876098
K= 120
1791.13188587
K= 121
2309.66666667
K= 122
4936.0 , Degree=0
K= 123
395.992063492
K= 124
4936.0 , Degree=0
K= 125
4936.0 , Degree=0
K= 126
33.6207464645
K= 127
1788.4192596
K= 128
4936.0 , Degree=0
K= 129
97.161368606
K= 130
4936.0 , Degree=0
K= 131
4936.0 , Degree=0
K= 132
2529.77489496
K= 133
27.8716961571
K= 134
4936.0 , Degree=0
K= 135
27.8432943232
K= 136
1357.24496154
K= 137
31.6252758903
K= 138
12874.5121417
K= 139
1786.89894936
K= 140
360.704195804
K= 141
4936.0 , Degree=0
K= 142
4936.0 , Degree=0
K= 143
65.4287758151
K= 144
4936.0 , Degree=0
K= 145
1794.45536358
K= 146
1787.68188587
K= 147
39.8912670479
K= 148
558.556696756
K= 149
4936.0 , Degree=0
K= 150
4936.0 , Degree=0
K= 151
2500.07575758
K= 152
1883.00156045
K= 153
4936.0 , Degree=0
K= 154
3536.38720417
K= 155
4936.0 , Degree=0
K= 156
158.287654496
K= 157
2277.33333333
K= 158
4936.0 , Degree=0
K= 159
158.628732379
K= 160
2496.79047619
K= 161
4936.0 , Degree=0
K= 162
4936.0 , Degree=0
K= 163
2529.77489496
K= 164
4936.0 , Degree=0
K= 165
4936.0 , Degree=0
K= 166
25.6666666665
K= 167
1792.48188587
K= 168
4936.0 , Degree=0
K= 169
4936.0 , Degree=0
K= 170
4936.0 , Degree=0
K= 171
47.8252953203
K= 172
4936.0 , Degree=0
K= 173
28.0775441849
K= 174
4936.0 , Degree=0
K= 175
119.24959004
K= 176
4936.0 , Degree=0
K= 177
4739.0
K= 178
4936.0 , Degree=0
K= 179
4936.0 , Degree=0
K= 180
31.081022669
K= 181
4936.0 , Degree=0
K= 182
32.4559183065
K= 183
122.142216799
K= 184
32.1844553378
K= 185
4936.0 , Degree=0
K= 186
4936.0 , Degree=0
K= 187
25.8107744238
K= 188
4936.0 , Degree=0
K= 189
34.1507911414
K= 190
2347.66666667
K= 191
4936.0 , Degree=0
K= 192
4936.0 , Degree=0
K= 193
4936.0 , Degree=0
K= 194
41.1550587324
K= 195
4936.0 , Degree=0
K= 196
4936.0 , Degree=0
K= 197
1818.33664777
K= 198
76.1775444132
K= 199
30.4121470111
K= 200
259.22968469
K= 201
2492.62544918
K= 202
73.4626611947
K= 203
4936.0 , Degree=0
K= 204
4936.0 , Degree=0
K= 205
25.8107744238
K= 206
4936.0 , Degree=0
K= 207
1789.64855253
K= 208
38.6666666667
K= 209
4936.0 , Degree=0
K= 210
4936.0 , Degree=0
K= 211
56.1532719661
K= 212
4936.0 , Degree=0
K= 213
25.8333333332
K= 214
4936.0 , Degree=0
K= 215
2347.66666667
K= 216
30.3992451858
K= 217
337.86984127
K= 218
2331.66666667
K= 219
66.9659240383
K= 220
1791.82474301
K= 221
27.4178103924
K= 222
17.4833333333
K= 223
4936.0 , Degree=0
K= 224
4936.0 , Degree=0
K= 225
1789.3152192
K= 226
29.6862689325
K= 227
4936.0 , Degree=0
K= 228
2331.66666667
K= 229
4936.0 , Degree=0
K= 230
374.126579002
K= 231
4936.0 , Degree=0
K= 232
4936.0 , Degree=0
K= 233
2277.20937083
K= 234
69.1222274792
K= 235
485.339883694
K= 236
4936.0 , Degree=0
K= 237
4936.0 , Degree=0
K= 238
376.190396912
K= 239
1835.77257754
K= 240
4936.0 , Degree=0
K= 241
35.490167025
K= 242
50.0323716649
K= 243
4936.0 , Degree=0
K= 244
4936.0 , Degree=0
K= 245
4936.0 , Degree=0
K= 246
2627.92950383
K= 247
4936.0 , Degree=0
K= 248
4936.0 , Degree=0
K= 249
2336.0
K= 250
4936.0 , Degree=0
K= 251
50.7200440596
K= 252
4936.0 , Degree=0
K= 253
434.667192895
K= 254
4936.0 , Degree=0
K= 255
4936.0 , Degree=0
K= 256
34.2816510685
K= 257
357.151940526
K= 258
69.1144330528
K= 259
2446.16335404
K= 260
67.7075612944
K= 261
4936.0 , Degree=0
K= 262
4936.0 , Degree=0
K= 263
6817.6
K= 264
4936.0 , Degree=0
K= 265
41.2307861282
K= 266
26.8779396245
K= 267
64.3930024586
K= 268
4936.0 , Degree=0
K= 269
31.1842370394
K= 270
2281.0
K= 271
4936.0 , Degree=0
K= 272
4936.0 , Degree=0
K= 273
4936.0 , Degree=0
K= 274
2491.71348039
K= 275
2275.70261476
K= 276
331.0
K= 277
4936.0 , Degree=0
K= 278
4936.0 , Degree=0
K= 279
2309.66666667
K= 280
4936.0 , Degree=0
K= 281
94.64295996
K= 282
175.446099086
K= 283
4936.0 , Degree=0
K= 284
2675.63809524
K= 285
458.29596875
K= 286
53.7549581113
K= 287
35.505684357
K= 288
4936.0 , Degree=0
K= 289
2669.39444444
K= 290
54.5933492536
K= 291
4936.0 , Degree=0
K= 292
4936.0 , Degree=0
K= 293
28.8896052642
K= 294
173.861678133
K= 295
60.2742131384
K= 296
1807.63762776
K= 297
4936.0 , Degree=0
K= 298
4936.0 , Degree=0
K= 299
4936.0 , Degree=0
K= 300
1784.66760015
K= 301
4936.0 , Degree=0
K= 302
1789.68188587
K= 303
4936.0 , Degree=0
K= 304
4936.0 , Degree=0
K= 305
28.8650456184
K= 306
4999.4047619
K= 307
26.1041484166
K= 308
4936.0 , Degree=0
K= 309
193.174180752
K= 310
4936.0 , Degree=0
K= 311
4746.0
K= 312
389.450793651
K= 313
348.110006675
K= 314
4936.0 , Degree=0
K= 315
4936.0 , Degree=0
K= 316
174.414333227
K= 317
4936.0 , Degree=0
K= 318
4936.0 , Degree=0
K= 319
31.0091647473
K= 320
33.195197729
K= 321
334.066105757
K= 322
4936.0 , Degree=0
K= 323
4936.0 , Degree=0
K= 324
4936.0 , Degree=0
K= 325
4936.0 , Degree=0
K= 326
4936.0 , Degree=0
K= 327
359.91510989
K= 328
49.7634469683
K= 329
22.6666666666
K= 330
33.3149732934
K= 331
4936.0 , Degree=0
K= 332
4936.0 , Degree=0
K= 333
25.6666666665
K= 334
4936.0 , Degree=0
K= 335
4936.0 , Degree=0
K= 336
4936.0 , Degree=0
K= 337
364.831890332
K= 338
4936.0 , Degree=0
K= 339
69.8932827807
K= 340
28.4227463613
K= 341
12954.6096391
K= 342
4747.66666667
K= 343
1782.5148107
K= 344
32.7501805706
K= 345
4936.0 , Degree=0
K= 346
4936.0 , Degree=0
K= 347
2493.94210495
K= 348
4936.0 , Degree=0
K= 349
61.2226640448
K= 350
41.0311735059
K= 351
3252.64235974
K= 352
52.2798819233
K= 353
4936.0 , Degree=0
K= 354
4936.0 , Degree=0
K= 355
4936.0 , Degree=0
K= 356
4748.9047619
K= 357
4936.0 , Degree=0
K= 358
31.2873899178
K= 359
4936.0 , Degree=0
K= 360
193.174180752
K= 361
37.7420310411
K= 362
4936.0 , Degree=0
K= 363
25.8333333332
K= 364
12961.9605029
K= 365
370.375
K= 366
4936.0 , Degree=0
K= 367
4936.0 , Degree=0
K= 368
4936.0 , Degree=0
K= 369
30.7710321977
K= 370
4936.0 , Degree=0
K= 371
4936.0 , Degree=0
K= 372
30.7988307812
K= 373
4936.0 , Degree=0
K= 374
4936.0 , Degree=0
K= 375
161.625906802
K= 376
4936.0 , Degree=0
K= 377
172.330350479
K= 378
28.0775441849
K= 379
27.9290086087
K= 380
28.485794946
K= 381
4936.0 , Degree=0
K= 382
2499.57971014
K= 383
4936.0 , Degree=0
K= 384
247.201525407
K= 385
4936.0 , Degree=0
K= 386
2496.84047619
K= 387
2507.63734545
K= 388
1793.40803373
K= 389
4936.0 , Degree=0
K= 390
39.4478303429
K= 391
4936.0 , Degree=0
K= 392
2284.68517322
K= 393
29.8299827083
K= 394
4936.0 , Degree=0
K= 395
4936.0 , Degree=0
K= 396
58.8657216407
K= 397
4936.0 , Degree=0
K= 398
4936.0 , Degree=0
K= 399
413.863095238
K= 400
4936.0 , Degree=0
K= 401
42.3362486017
K= 402
4936.0 , Degree=0
K= 403
2497.61666667
K= 404
4936.0 , Degree=0
K= 405
4936.0 , Degree=0
K= 406
4936.0 , Degree=0
K= 407
4936.0 , Degree=0
K= 408
12413.4
K= 409
4936.0 , Degree=0
K= 410
4936.0 , Degree=0
K= 411
4936.0 , Degree=0
K= 412
4936.0 , Degree=0
K= 413
4936.0 , Degree=0
K= 414
27.4914538033
K= 415
63.2618766862
K= 416
2484.05401212
K= 417
240.976190476
K= 418
4936.0 , Degree=0
K= 419
12947.7887408
K= 420
93.8704583282
K= 421
2526.21269564
K= 422
176.07796882
K= 423
4936.0 , Degree=0
K= 424
4936.0 , Degree=0
K= 425
4936.0 , Degree=0
K= 426
377.426487522
K= 427
4936.0 , Degree=0
K= 428
4936.0 , Degree=0
K= 429
34.9348414448
K= 430
70.1136532943
K= 431
4936.0 , Degree=0
K= 432
55.8879753849
K= 433
1789.4152192
K= 434
4936.0 , Degree=0
K= 435
4936.0 , Degree=0
K= 436
4936.0 , Degree=0
K= 437
4936.0 , Degree=0
K= 438
25.6695105111
K= 439
4936.0 , Degree=0
K= 440
4936.0 , Degree=0
K= 441
2675.63809524
K= 442
26.9612729578
K= 443
4936.0 , Degree=0
K= 444
76.5098891509
K= 445
4936.0 , Degree=0
K= 446
4936.0 , Degree=0
K= 447
4936.0 , Degree=0
K= 448
24.3119047619
K= 449
2289.0
K= 450
4936.0 , Degree=0
K= 451
4936.0 , Degree=0
K= 452
33.0177674847
K= 453
2481.21904762
K= 454
254.113810476
K= 455
4936.0 , Degree=0
K= 456
4936.0 , Degree=0
K= 457
365.523180999
K= 458
4936.0 , Degree=0
K= 459
4936.0 , Degree=0
K= 460
4936.0 , Degree=0
K= 461
4936.0 , Degree=0
K= 462
4936.0 , Degree=0
K= 463
2499.57971014
K= 464
4936.0 , Degree=0
K= 465
25.8107744238
K= 466
435.93992674
K= 467
160.69054945
K= 468
4936.0 , Degree=0
K= 469
28.6058411411
K= 470
109.179484991
K= 471
33.4199424035
K= 472
1786.75569539
K= 473
50.8835086357
K= 474
29.0946062909
K= 475
4936.0 , Degree=0
K= 476
4936.0 , Degree=0
K= 477
4936.0 , Degree=0
K= 478
3221.72755164
K= 479
4936.0 , Degree=0
K= 480
119.072999866
K= 481
4936.0 , Degree=0
K= 482
4936.0 , Degree=0
K= 483
2271.2
K= 484
1814.19471646
K= 485
4936.0 , Degree=0
K= 486
4936.0 , Degree=0
K= 487
1810.6440703
K= 488
3041.14421831
K= 489
4936.0 , Degree=0
K= 490
4936.0 , Degree=0
K= 491
4936.0 , Degree=0
K= 492
2336.0
K= 493
4936.0 , Degree=0
K= 494
21.6238095237
K= 495
4936.0 , Degree=0
K= 496
4936.0 , Degree=0
K= 497
378.978571429
K= 498
12467.7619048
K= 499
4936.0 , Degree=0
K= 500
26.4047619046
K= 501
2528.13656729
K= 502
22.8428571427
K= 503
2492.14285714
K= 504
341.245609323
K= 505
4936.0 , Degree=0
K= 506
4936.0 , Degree=0
K= 507
2271.2
K= 508
4936.0 , Degree=0
K= 509
357.151940526
K= 510
341.245609323
K= 511
4936.0 , Degree=0
K= 512
4936.0 , Degree=0
K= 513
2290.0
K= 514
1558.51390481
K= 515
50.0385751949
K= 516
4936.0 , Degree=0
K= 517
31.0568966969
K= 518
4936.0 , Degree=0
K= 519
2270.0
K= 520
2497.11304348
K= 521
4936.0 , Degree=0
K= 522
2611.45957875
K= 523
4936.0 , Degree=0
K= 524
154.868762437
K= 525
4936.0 , Degree=0
K= 526
4936.0 , Degree=0
K= 527
275.896719947
K= 528
2652.36565041
K= 529
347.5
K= 530
29.6862689325
K= 531
4936.0 , Degree=0
K= 532
4936.0 , Degree=0
K= 533
67.8155964336
K= 534
4936.0 , Degree=0
K= 535
4936.0 , Degree=0
K= 536
4936.0 , Degree=0
K= 537
29.5559818707
K= 538
364.169701751
K= 539
2275.0
K= 540
50.3854718818
K= 541
2507.63734545
K= 542
24.4999999999
K= 543
4936.0 , Degree=0
K= 544
4936.0 , Degree=0
K= 545
4936.0 , Degree=0
K= 546
55.0695478595
K= 547
3221.72755164
K= 548
1920.46493092
K= 549
2277.33333333
K= 550
51.1013903477
K= 551
4936.0 , Degree=0
K= 552
4936.0 , Degree=0
K= 553
4748.0
K= 554
4936.0 , Degree=0
K= 555
367.475960749
K= 556
140.894993144
K= 557
4936.0 , Degree=0
K= 558
360.897192622
K= 559
4936.0 , Degree=0
K= 560
4936.0 , Degree=0
K= 561
273.444444444
K= 562
373.294426034
K= 563
4936.0 , Degree=0
K= 564
2662.81666667
K= 565
383.882178932
K= 566
4936.0 , Degree=0
K= 567
116.787722047
K= 568
4936.0 , Degree=0
K= 569
74.0544199168
K= 570
296.862240537
K= 571
4936.0 , Degree=0
K= 572
163.186785247
K= 573
4936.0 , Degree=0
K= 574
4936.0 , Degree=0
K= 575
359.975684138
K= 576
4936.0 , Degree=0
K= 577
30.7142857141
K= 578
4936.0 , Degree=0
K= 579
4936.0 , Degree=0
K= 580
48.1733312932
K= 581
55.8664665823
K= 582
4936.0 , Degree=0
K= 583
45.2547619047
K= 584
4936.0 , Degree=0
K= 585
4936.0 , Degree=0
K= 586
4936.0 , Degree=0
K= 587
4936.0 , Degree=0
K= 588
4936.0 , Degree=0
K= 589
57.9610677453
K= 590
4936.0 , Degree=0
K= 591
2647.70295436
K= 592
4936.0 , Degree=0
K= 593
4936.0 , Degree=0
K= 594
4735.88571429
K= 595
4936.0 , Degree=0
K= 596
29.7325785191
K= 597
4936.0 , Degree=0
K= 598
33.6273715944
K= 599
1531.40334367
K= 600
2500.07971014
K= 601
362.957149998
K= 602
4936.0 , Degree=0
K= 603
4936.0 , Degree=0
K= 604
338.600231376
K= 605
2499.57575758
K= 606
2617.17993043
K= 607
2336.0
K= 608
26.5431047396
K= 609
184.160240775
K= 610
4936.0 , Degree=0
K= 611
4936.0 , Degree=0
K= 612
2489.9101391
K= 613
379.109132899
K= 614
4936.0 , Degree=0
K= 615
4936.0 , Degree=0
K= 616
4936.0 , Degree=0
K= 617
27.3491829415
K= 618
30.7906434273
K= 619
4936.0 , Degree=0
K= 620
4936.0 , Degree=0
K= 621
320.555919095
K= 622
29.9641715083
K= 623
163.318297321
K= 624
4936.0 , Degree=0
K= 625
4936.0 , Degree=0
K= 626
4936.0 , Degree=0
K= 627
28.4440978303
K= 628
4936.0 , Degree=0
K= 629
4936.0 , Degree=0
K= 630
4755.0
K= 631
4936.0 , Degree=0
K= 632
4936.0 , Degree=0
K= 633
4936.0 , Degree=0
K= 634
4936.0 , Degree=0
K= 635
4936.0 , Degree=0
K= 636
4936.0 , Degree=0
K= 637
1831.48297289
K= 638
4936.0 , Degree=0
K= 639
2645.21944097
K= 640
2507.63734545
K= 641
4936.0 , Degree=0
K= 642
40.0210733601
K= 643
1786.8152192
K= 644
4936.0 , Degree=0
K= 645
4936.0 , Degree=0
K= 646
356.452143832
K= 647
4936.0 , Degree=0
K= 648
4936.0 , Degree=0
K= 649
4936.0 , Degree=0
K= 650
4936.0 , Degree=0
K= 651
389.872138159
K= 652
1892.57121486
K= 653
4936.0 , Degree=0
K= 654
2620.9287851
K= 655
2336.0
K= 656
4936.0 , Degree=0
K= 657
2277.34308613
K= 658
28.2077484729
K= 659
4936.0 , Degree=0
K= 660
4936.0 , Degree=0
K= 661
4936.0 , Degree=0
K= 662
4936.0 , Degree=0
K= 663
1973.61147722
K= 664
4936.0 , Degree=0
K= 665
4936.0 , Degree=0
K= 666
4936.0 , Degree=0
K= 667
4936.0 , Degree=0
K= 668
4936.0 , Degree=0
K= 669
35.6712946203
K= 670
2282.97583047
K= 671
4936.0 , Degree=0
K= 672
367.776190476
K= 673
34.8405255274
K= 674
132.720448902
K= 675
46.4092521414
K= 676
4936.0 , Degree=0
K= 677
4936.0 , Degree=0
K= 678
422.157142857
K= 679
4936.0 , Degree=0
K= 680
4936.0 , Degree=0
K= 681
2497.86666667
K= 682
54.1130683483
K= 683
4936.0 , Degree=0
K= 684
4936.0 , Degree=0
K= 685
4936.0 , Degree=0
K= 686
27.4031081041
K= 687
160.460341356
K= 688
4936.0 , Degree=0
K= 689
142.082037294
K= 690
4936.0 , Degree=0
K= 691
2667.52619048
K= 692
28.7890478201
K= 693
4936.0 , Degree=0
K= 694
25.6666666665
K= 695
1794.21928418
K= 696
4936.0 , Degree=0
K= 697
12901.9709984
K= 698
4936.0 , Degree=0
K= 699
4936.0 , Degree=0
K= 700
4936.0 , Degree=0
K= 701
2269.0
K= 702
2496.86666667
K= 703
45.3133259731
K= 704
4936.0 , Degree=0
K= 705
310.868392718
K= 706
3221.72755164
K= 707
4936.0 , Degree=0
K= 708
341.245609323
K= 709
26.0868891641
K= 710
4936.0 , Degree=0
K= 711
29.0946062909
K= 712
4936.0 , Degree=0
K= 713
72.4500806438
K= 714
4936.0 , Degree=0
K= 715
4936.0 , Degree=0
K= 716
25.9999999999
K= 717
4936.0 , Degree=0
K= 718
7517.3030303
K= 719
34.3801946059
K= 720
55.7913003406
K= 721
2277.07087752
K= 722
39.7613078252
K= 723
401.626753802
K= 724
9972.4
K= 725
4936.0 , Degree=0
K= 726
4721.0
K= 727
2289.0
K= 728
4936.0 , Degree=0
K= 729
4936.0 , Degree=0
K= 730
25.3333333332
K= 731
4936.0 , Degree=0
K= 732
2630.32520789
K= 733
4936.0 , Degree=0
K= 734
32.5599063282
K= 735
2495.16149654
K= 736
4936.0 , Degree=0
K= 737
4936.0 , Degree=0
K= 738
4936.0 , Degree=0
K= 739
2146.0
K= 740
4936.0 , Degree=0
K= 741
26.2107744237
K= 742
2526.53281148
K= 743
41.9983393637
K= 744
4936.0 , Degree=0
K= 745
2496.5547619
K= 746
40.307488467
K= 747
4936.0 , Degree=0
K= 748
4936.0 , Degree=0
K= 749
4936.0 , Degree=0
K= 750
34.1163332703
K= 751
35.5897537599
K= 752
258.41227599
K= 753
4936.0 , Degree=0
K= 754
12956.3099969
K= 755
4936.0 , Degree=0
K= 756
341.791063869
K= 757
4936.0 , Degree=0
K= 758
4936.0 , Degree=0
K= 759
269.638457837
K= 760
338.867375448
K= 761
4936.0 , Degree=0
K= 762
4936.0 , Degree=0
K= 763
4936.0 , Degree=0
K= 764
4936.0 , Degree=0
K= 765
82.7343244056
K= 766
4936.0 , Degree=0
K= 767
4936.0 , Degree=0
K= 768
4936.0 , Degree=0
K= 769
33.7664835165
K= 770
4936.0 , Degree=0
K= 771
2523.14487734
K= 772
31.2623419421
K= 773
4936.0 , Degree=0
K= 774
57.554041144
K= 775
4936.0 , Degree=0
K= 776
2309.66666667
K= 777
4936.0 , Degree=0
K= 778
293.516071428
K= 779
4936.0 , Degree=0
K= 780
33.4249002201
K= 781
2364.0
K= 782
4936.0 , Degree=0
K= 783
38.0188814154
K= 784
4936.0 , Degree=0
K= 785
4936.0 , Degree=0
K= 786
4936.0 , Degree=0
K= 787
4936.0 , Degree=0
K= 788
88.7982143395
K= 789
50.8684897924
K= 790
73.0992469754
K= 791
4936.0 , Degree=0
K= 792
4748.85897436
K= 793
4936.0 , Degree=0
K= 794
21.0970617617
K= 795
4936.0 , Degree=0
K= 796
304.440660362
K= 797
12634.9320568
K= 798
4936.0 , Degree=0
K= 799
4936.0 , Degree=0
K= 800
308.124048378
K= 801
4936.0 , Degree=0
K= 802
4936.0 , Degree=0
K= 803
2312.66666667
K= 804
2491.18140008
K= 805
25.4999999998
K= 806
38.4983421091
K= 807
270.290992702
K= 808
4936.0 , Degree=0
K= 809
2498.83333333
K= 810
4936.0 , Degree=0
K= 811
4936.0 , Degree=0
K= 812
25.9184277214
K= 813
4936.0 , Degree=0
K= 814
4936.0 , Degree=0
K= 815
4936.0 , Degree=0
K= 816
139.541122603
K= 817
4936.0 , Degree=0
K= 818
9915.90090061
K= 819
2521.71303688
K= 820
4936.0 , Degree=0
K= 821
4936.0 , Degree=0
K= 822
4936.0 , Degree=0
K= 823
42.5896063687
K= 824
4936.0 , Degree=0
K= 825
2309.66666667
K= 826
4936.0 , Degree=0
K= 827
4936.0 , Degree=0
K= 828
38.0930820571
K= 829
147.803780974
K= 830
4746.0
K= 831
4936.0 , Degree=0
K= 832
25.6666666665
K= 833
4936.0 , Degree=0
K= 834
27.3050810299
K= 835
4936.0 , Degree=0
K= 836
4748.0
K= 837
58.2345456702
K= 838
69.5432670051
K= 839
51.8661423949
K= 840
4748.33333333
K= 841
2266.0
K= 842
363.149350649
K= 843
163.17137232
K= 844
2492.59382525
K= 845
4936.0 , Degree=0
K= 846
32.5079053552
K= 847
4936.0 , Degree=0
K= 848
357.011037059
K= 849
4936.0 , Degree=0
K= 850
4936.0 , Degree=0
K= 851
324.285714286
K= 852
28.0235027167
K= 853
7586.2707091
K= 854
12891.0215136
K= 855
4936.0 , Degree=0
K= 856
52.8798892184
K= 857
199.76116788
K= 858
4936.0 , Degree=0
K= 859
2336.0
K= 860
96.9890040367
K= 861
4936.0 , Degree=0
K= 862
4936.0 , Degree=0
K= 863
35.934939706
K= 864
28.0235027167
K= 865
4936.0 , Degree=0
K= 866
4936.0 , Degree=0
K= 867
2278.33364875
K= 868
4936.0 , Degree=0
K= 869
2497.436853
K= 870
4936.0 , Degree=0
K= 871
1844.33692883
K= 872
4739.0
K= 873
4936.0 , Degree=0
K= 874
4936.0 , Degree=0
K= 875
4936.0 , Degree=0
K= 876
4936.0 , Degree=0
K= 877
418.787301587
K= 878
4936.0 , Degree=0
K= 879
4936.0 , Degree=0
K= 880
1795.28001666
K= 881
4936.0 , Degree=0
K= 882
27.4910780865
K= 883
4936.0 , Degree=0
K= 884
4936.0 , Degree=0
K= 885
355.213842203
K= 886
333.226190476
K= 887
4936.0 , Degree=0
K= 888
4936.0 , Degree=0
K= 889
58.2880533462
K= 890
27.5127107603
K= 891
1798.41397119
K= 892
1791.8130547
K= 893
4936.0 , Degree=0
K= 894
4936.0 , Degree=0
K= 895
2653.15
K= 896
4936.0 , Degree=0
K= 897
2336.0
K= 898
2663.96111111
K= 899
4936.0 , Degree=0
K= 900
85.0858134293
K= 901
4936.0 , Degree=0
K= 902
2309.66666667
K= 903
4936.0 , Degree=0
K= 904
4936.0 , Degree=0
K= 905
1823.73358691
K= 906
4936.0 , Degree=0
K= 907
39.756593743
K= 908
28.3886271088
K= 909
4936.0 , Degree=0
K= 910
47.9389745627
K= 911
4936.0 , Degree=0
K= 912
379.870523725
K= 913
4936.0 , Degree=0
K= 914
4743.33333333
K= 915
149.285822381
K= 916
4936.0 , Degree=0
K= 917
4936.0 , Degree=0
K= 918
2529.77489496
K= 919
2507.08737374
K= 920
25.4664707549
K= 921
2626.9287851
K= 922
4936.0 , Degree=0
K= 923
4936.0 , Degree=0
K= 924
4936.0 , Degree=0
K= 925
26.0264194679
K= 926
28.0775441849
K= 927
1784.47531772
K= 928
190.257379222
K= 929
4936.0 , Degree=0
K= 930
254.714192114
K= 931
28.3831005361
K= 932
32.342423573
K= 933
158.254634771
K= 934
4936.0 , Degree=0
K= 935
25.2136136119
K= 936
4936.0 , Degree=0
K= 937
77.104454775
K= 938
4936.0 , Degree=0
K= 939
4755.0
K= 940
4936.0 , Degree=0
K= 941
4936.0 , Degree=0
K= 942
4936.0 , Degree=0
K= 943
4936.0 , Degree=0
K= 944
2662.59586706
K= 945
2269.5
K= 946
4936.0 , Degree=0
K= 947
52.5991302229
K= 948
4936.0 , Degree=0
K= 949
4936.0 , Degree=0
K= 950
27.2264384248
K= 951
67.0196393846
K= 952
2513.73459539
K= 953
4936.0 , Degree=0
K= 954
2336.0
K= 955
4936.0 , Degree=0
K= 956
4936.0 , Degree=0
K= 957
2500.07575758
K= 958
1789.3152192
K= 959
80.4711510594
K= 960
390.901717172
K= 961
4936.0 , Degree=0
K= 962
4936.0 , Degree=0
K= 963
24.4999999999
K= 964
4936.0 , Degree=0
K= 965
4936.0 , Degree=0
K= 966
2347.66666667
K= 967
4936.0 , Degree=0
K= 968
2535.30099107
K= 969
2277.33333333
K= 970
50.8689419788
K= 971
153.301595495
K= 972
4936.0 , Degree=0
K= 973
4936.0 , Degree=0
K= 974
2336.0
K= 975
2336.0
K= 976
4936.0 , Degree=0
K= 977
28.3758142405
K= 978
4936.0 , Degree=0
K= 979
84.3998178741
K= 980
4936.0 , Degree=0
K= 981
4936.0 , Degree=0
K= 982
29.6718466543
K= 983
4936.0 , Degree=0
K= 984
243.170444696
K= 985
4936.0 , Degree=0
K= 986
4936.0 , Degree=0
K= 987
945.676081095
K= 988
2275.0
K= 989
4936.0 , Degree=0
K= 990
4936.0 , Degree=0
K= 991
34.3884559733
K= 992
4936.0 , Degree=0
K= 993
1817.33664777
K= 994
4936.0 , Degree=0
K= 995
117.714102608
K= 996
4936.0 , Degree=0
K= 997
61.1041027494
K= 998
2499.83333333
K= 999
4936.0 , Degree=0
K= 1000
4936.0 , Degree=0
K= 1001
4936.0 , Degree=0
K= 1002
4936.0 , Degree=0
K= 1003
258.245454545
K= 1004
29.0946062909
K= 1005
383.099335795
K= 1006
152.762698009
K= 1007
1799.97706985
K= 1008
38.2056539331
K= 1009
4936.0 , Degree=0
K= 1010
4936.0 , Degree=0
K= 1011
6807.6
K= 1012
1826.34422386
K= 1013
4936.0 , Degree=0
K= 1014
1792.91574316
K= 1015
4747.66666667
K= 1016
28.9520107537
K= 1017
4936.0 , Degree=0
K= 1018
4936.0 , Degree=0
K= 1019
4936.0 , Degree=0
K= 1020
2507.63734545
K= 1021
4936.0 , Degree=0
K= 1022
4936.0 , Degree=0
K= 1023
2336.0
K= 1024
1788.3152192
K= 1025
4936.0 , Degree=0
K= 1026
2497.61666667
K= 1027
4936.0 , Degree=0
K= 1028
1787.3152192
K= 1029
4936.0 , Degree=0
K= 1030
1964.75392308
K= 1031
2675.6
K= 1032
28.4227463613
K= 1033
4936.0 , Degree=0
K= 1034
54.0253702236
K= 1035
4936.0 , Degree=0
K= 1036
30.3020187176
K= 1037
4475.81818182
K= 1038
56.5265428133
K= 1039
12626.0
K= 1040
1818.73664777
K= 1041
4748.5
K= 1042
31.554585469
K= 1043
4936.0 , Degree=0
K= 1044
2683.5
K= 1045
2507.08737374
K= 1046
4936.0 , Degree=0
K= 1047
369.827174959
K= 1048
2492.56604747
K= 1049
150.348690199
K= 1050
4936.0 , Degree=0
K= 1051
4936.0 , Degree=0
K= 1052
4936.0 , Degree=0
K= 1053
37.9362219719
K= 1054
1795.87576804
K= 1055
4936.0 , Degree=0
K= 1056
4936.0 , Degree=0
K= 1057
4936.0 , Degree=0
K= 1058
791.322556855
K= 1059
33.3726733371
K= 1060
28.6389530548
K= 1061
75.100877819
K= 1062
28.4768891638
K= 1063
2230.42822635
K= 1064
53.5120891893
K= 1065
4936.0 , Degree=0
K= 1066
4936.0 , Degree=0
K= 1067
4936.0 , Degree=0
K= 1068
28.1452912619
K= 1069
2309.66666667
K= 1070
44.9549651922
K= 1071
4936.0 , Degree=0
K= 1072
2623.47623407
K= 1073
4936.0 , Degree=0
K= 1074
2494.01388889
K= 1075
4936.0 , Degree=0
K= 1076
35.3414842975
K= 1077
4936.0 , Degree=0
K= 1078
25.4999999998
K= 1079
4936.0 , Degree=0
K= 1080
4475.81818182
K= 1081
28.430082307
K= 1082
4936.0 , Degree=0
K= 1083
2336.0
K= 1084
4936.0 , Degree=0
K= 1085
28.2093708321
K= 1086
379.908882711
K= 1087
4936.0 , Degree=0
K= 1088
28.0235027167
K= 1089
4936.0 , Degree=0
K= 1090
372.731865947
K= 1091
59.4406222305
K= 1092
68.6476398004
K= 1093
4936.0 , Degree=0
K= 1094
1795.28001666
K= 1095
4936.0 , Degree=0
K= 1096
4936.0 , Degree=0
K= 1097
4936.0 , Degree=0
K= 1098
4936.0 , Degree=0
K= 1099
4936.0 , Degree=0
K= 1100
51.0399972498
K= 1101
262.34449996
K= 1102
2308.66666667
K= 1103
4936.0 , Degree=0
K= 1104
251.399008633
K= 1105
4936.0 , Degree=0
K= 1106
32.1539019328
K= 1107
4936.0 , Degree=0
K= 1108
4936.0 , Degree=0
K= 1109
4936.0 , Degree=0
K= 1110
53.0612729576
K= 1111
4936.0 , Degree=0
K= 1112
4936.0 , Degree=0
K= 1113
1811.88470333
K= 1114
4936.0 , Degree=0
K= 1115
25.3468307227
K= 1116
4936.0 , Degree=0
K= 1117
33.2928432634
K= 1118
64.1190195434
K= 1119
4748.5
K= 1120
4936.0 , Degree=0
K= 1121
4754.5
K= 1122
1873.41912646
K= 1123
4936.0 , Degree=0
K= 1124
4685.65454545
K= 1125
4936.0 , Degree=0
K= 1126
64.4016840911
K= 1127
2499.5
K= 1128
4936.0 , Degree=0
K= 1129
4936.0 , Degree=0
K= 1130
2263.9
K= 1131
4936.0 , Degree=0
K= 1132
233.939777135
K= 1133
4936.0 , Degree=0
K= 1134
4936.0 , Degree=0
K= 1135
4747.82608696
K= 1136
2336.0
K= 1137
4936.0 , Degree=0
K= 1138
2639.16666667
K= 1139
4744.33333333
K= 1140
2512.0
K= 1141
261.831890332
K= 1142
4743.86666667
K= 1143
4936.0 , Degree=0
K= 1144
4936.0 , Degree=0
K= 1145
2289.0
K= 1146
4936.0 , Degree=0
K= 1147
84.9037802426
K= 1148
4936.0 , Degree=0
K= 1149
4748.5
K= 1150
1781.47155673
K= 1151
4936.0 , Degree=0
K= 1152
4747.81818182
K= 1153
4936.0 , Degree=0
K= 1154
4936.0 , Degree=0
K= 1155
1790.8152192
K= 1156
305.265531203
K= 1157
2436.48809524
K= 1158
2469.45512821
K= 1159
4936.0 , Degree=0
K= 1160
4745.0
K= 1161
28.4768891638
K= 1162
359.729319504
K= 1163
35.6956709957
K= 1164
268.165130286
K= 1165
4936.0 , Degree=0
K= 1166
41.6206787523
K= 1167
234.333333333
K= 1168
74.8614066031
K= 1169
279.706962482
K= 1170
2507.63734545
K= 1171
4936.0 , Degree=0
K= 1172
4936.0 , Degree=0
K= 1173
2631.99540149
K= 1174
325.495600633
K= 1175
4936.0 , Degree=0
K= 1176
4936.0 , Degree=0
K= 1177
4936.0 , Degree=0
K= 1178
2681.17971014
K= 1179
375.63267926
K= 1180
32.6133132767
K= 1181
4936.0 , Degree=0
K= 1182
34.1925339222
K= 1183
4936.0 , Degree=0
K= 1184
4690.0
K= 1185
4936.0 , Degree=0
K= 1186
495.747588522
K= 1187
55.5022886565
K= 1188
2500.07971014
K= 1189
4749.63636364
K= 1190
78.9843297281
K= 1191
4936.0 , Degree=0
K= 1192
375.513283938
K= 1193
4936.0 , Degree=0
K= 1194
291.667975892
K= 1195
1905.1645462
K= 1196
4936.0 , Degree=0
K= 1197
67.8155964337
K= 1198
27.8559066472
K= 1199
4996.08484848
K= 1200
4936.0 , Degree=0
Betweenness Centrality Improvement
[ 68.7104914   53.66506315  44.11756881 ...,   0.           0.           0.        ]
Top 20 BC Improvement
[ 364  754  341  419  697  854  138  797 1039  498  408  724  818  853  718
  263   12 1011  306 1199]
Top 20 BC Improvement
[ 12961.96050286  12956.3099969   12954.60963911  12947.78874083
  12901.97099835  12891.02151356  12874.51214169  12634.93205683  12626.
  12467.76190476  12413.4          9972.4          9915.90090061
   7586.2707091    7517.3030303    6817.6          6812.6          6807.6
   4999.4047619    4996.08484848]
