txValue= 1000000
Input graph
IGRAPH D--- 4619 68733 -- 
+ attr: pub_key (v), base_fee (e), capacity (e), fee_rate (e), txCost (e)
None
Graph after edges deleted
IGRAPH D--- 4619 32193 -- 
+ attr: pub_key (v), base_fee (e), capacity (e), fee_rate (e), txCost (e)
None
Our nodes starting connections: 
(4618, 2796)
(4618, 1223)
(4618, 1163)
CurrentBC of our node:  290905.395275
K= 0
45.9015310836
K= 1
42.9317298208
K= 2
32.4509021431
K= 3
113.225986784
K= 4
4936.0 , Degree=0
K= 5
2509.06892219
K= 6
150.192307692
K= 7
31.7948678967
K= 8
4936.33333333
K= 9
16.4052631162
K= 10
4936.0 , Degree=0
K= 11
31.777796983
K= 12
14410.0
K= 13
46.162109337
K= 14
17.7046279538
K= 15
136.175728022
K= 16
4800.0
K= 17
4936.0 , Degree=0
K= 18
19.549863047
K= 19
33.7383003412
K= 20
32.6072427102
K= 21
16.5894130281
K= 22
4936.0 , Degree=0
K= 23
4936.0 , Degree=0
K= 24
2488.87626902
K= 25
25.778187625
K= 26
16.7725078079
K= 27
4755.13333333
K= 28
4936.0 , Degree=0
K= 29
16.7180091785
K= 30
4936.0 , Degree=0
K= 31
4936.0 , Degree=0
K= 32
463.420974364
K= 33
24.3599827018
K= 34
4936.0 , Degree=0
K= 35
12.25
K= 36
4810.37142857
K= 37
15.140105992
K= 38
4936.0 , Degree=0
K= 39
27.4062406059
K= 40
4936.0 , Degree=0
K= 41
4936.0 , Degree=0
K= 42
4936.0 , Degree=0
K= 43
15.5400744365
K= 44
4936.0 , Degree=0
K= 45
2492.46666667
K= 46
4936.0 , Degree=0
K= 47
231.623543891
K= 48
2378.0
K= 49
4936.0 , Degree=0
K= 50
27.7249630888
K= 51
4936.0 , Degree=0
K= 52
257.316673122
K= 53
39.7757444407
K= 54
36.0303899845
K= 55
4936.0 , Degree=0
K= 56
4788.5
K= 57
4936.0 , Degree=0
K= 58
16.5894130281
K= 59
4936.0 , Degree=0
K= 60
234.356982397
K= 61
48.3112828747
K= 62
43.1032649855
K= 63
4936.0 , Degree=0
K= 64
57.4410386139
K= 65
4936.0 , Degree=0
K= 66
4131.96384889
K= 67
4936.0 , Degree=0
K= 68
4936.0 , Degree=0
K= 69
256.503571429
K= 70
248.09083219
K= 71
1874.28718564
K= 72
246.633328273
K= 73
2491.31501832
K= 74
21.6213232638
K= 75
22.6568360502
K= 76
2401.5
K= 77
2401.5
K= 78
2492.38333333
K= 79
4936.0 , Degree=0
K= 80
29.2835027169
K= 81
2576.07142857
K= 82
4936.0 , Degree=0
K= 83
4936.0 , Degree=0
K= 84
43.7934125065
K= 85
14.0698220429
K= 86
4936.0 , Degree=0
K= 87
2494.24637681
K= 88
2401.5
K= 89
231.623543891
K= 90
138.903770962
K= 91
1805.14855253
K= 92
3276.97755164
K= 93
2403.86321699
K= 94
4936.0 , Degree=0
K= 95
4936.0 , Degree=0
K= 96
4936.0 , Degree=0
K= 97
2590.43942308
K= 98
18.5117529177
K= 99
16.6356941159
K= 100
2511.63734545
K= 101
2494.08333333
K= 102
17.8612326597
K= 103
20.1707624647
K= 104
4936.0 , Degree=0
K= 105
4936.0 , Degree=0
K= 106
4936.0 , Degree=0
K= 107
4936.0 , Degree=0
K= 108
2595.2230236
K= 109
4936.0 , Degree=0
K= 110
4936.0 , Degree=0
K= 111
4936.0 , Degree=0
K= 112
4936.0 , Degree=0
K= 113
14.8462454213
K= 114
16.2442108517
K= 115
4936.0 , Degree=0
K= 116
4936.0 , Degree=0
K= 117
2401.5
K= 118
4936.0 , Degree=0
K= 119
15.9807542766
K= 120
1807.87633031
K= 121
2378.0
K= 122
4936.0 , Degree=0
K= 123
275.075396825
K= 124
4936.0 , Degree=0
K= 125
4936.0 , Degree=0
K= 126
25.2799206235
K= 127
1806.14148183
K= 128
4936.0 , Degree=0
K= 129
70.8113686059
K= 130
4936.0 , Degree=0
K= 131
4936.0 , Degree=0
K= 132
2509.65225552
K= 133
18.7569775426
K= 134
4936.0 , Degree=0
K= 135
16.6099609899
K= 136
1056.93737805
K= 137
19.7919425571
K= 138
13204.3772211
K= 139
1804.49775888
K= 140
248.927564103
K= 141
4936.0 , Degree=0
K= 142
4936.0 , Degree=0
K= 143
61.3522542976
K= 144
4936.0 , Degree=0
K= 145
1810.69980802
K= 146
1803.44855253
K= 147
30.3579337146
K= 148
380.029712629
K= 149
4936.0 , Degree=0
K= 150
4936.0 , Degree=0
K= 151
2494.24242424
K= 152
1912.78965568
K= 153
4936.0 , Degree=0
K= 154
3261.57301907
K= 155
4936.0 , Degree=0
K= 156
142.887654496
K= 157
4789.0
K= 158
4936.0 , Degree=0
K= 159
112.268720169
K= 160
2491.8547619
K= 161
4936.0 , Degree=0
K= 162
4936.0 , Degree=0
K= 163
2509.65225552
K= 164
4936.0 , Degree=0
K= 165
4936.0 , Degree=0
K= 166
13.8333333333
K= 167
1807.64855253
K= 168
4936.0 , Degree=0
K= 169
4936.0 , Degree=0
K= 170
4936.0 , Degree=0
K= 171
37.0364064315
K= 172
4936.0 , Degree=0
K= 173
16.2442108517
K= 174
4936.0 , Degree=0
K= 175
67.2416535316
K= 176
4936.0 , Degree=0
K= 177
4804.0
K= 178
4936.0 , Degree=0
K= 179
4936.0 , Degree=0
K= 180
22.8476893358
K= 181
4936.0 , Degree=0
K= 182
25.683868617
K= 183
78.8088834653
K= 184
22.1844553378
K= 185
4936.0 , Degree=0
K= 186
4936.0 , Degree=0
K= 187
15.5607744238
K= 188
4936.0 , Degree=0
K= 189
23.62941252
K= 190
2416.0
K= 191
4936.0 , Degree=0
K= 192
4936.0 , Degree=0
K= 193
4936.0 , Degree=0
K= 194
29.3217253991
K= 195
4936.0 , Degree=0
K= 196
4936.0 , Degree=0
K= 197
1824.52950491
K= 198
46.5717112678
K= 199
18.5788136779
K= 200
156.527990406
K= 201
2489.71833505
K= 202
40.3181945705
K= 203
4936.0 , Degree=0
K= 204
4936.0 , Degree=0
K= 205
15.5607744238
K= 206
4936.0 , Degree=0
K= 207
1804.8152192
K= 208
23.8
K= 209
4936.0 , Degree=0
K= 210
4936.0 , Degree=0
K= 211
42.2939600292
K= 212
4936.0 , Degree=0
K= 213
14.0
K= 214
4936.0 , Degree=0
K= 215
2416.0
K= 216
18.5659118526
K= 217
232.86984127
K= 218
2397.16666667
K= 219
33.9890973769
K= 220
1807.59140968
K= 221
17.3344770592
K= 222
71163.0833333
K= 223
4936.0 , Degree=0
K= 224
4936.0 , Degree=0
K= 225
1804.48188587
K= 226
18.4529355991
K= 227
4936.0 , Degree=0
K= 228
2397.16666667
K= 229
4936.0 , Degree=0
K= 230
256.295130225
K= 231
4936.0 , Degree=0
K= 232
4936.0 , Degree=0
K= 233
2336.20937083
K= 234
48.6330974427
K= 235
330.873217027
K= 236
4936.0 , Degree=0
K= 237
4936.0 , Degree=0
K= 238
258.757063579
K= 239
1845.58160009
K= 240
4936.0 , Degree=0
K= 241
26.1032622631
K= 242
34.1609430936
K= 243
4936.0 , Degree=0
K= 244
4936.0 , Degree=0
K= 245
4936.0 , Degree=0
K= 246
2588.77323232
K= 247
4936.0 , Degree=0
K= 248
4936.0 , Degree=0
K= 249
2401.5
K= 250
4936.0 , Degree=0
K= 251
43.7061267535
K= 252
4936.0 , Degree=0
K= 253
218.322903851
K= 254
4936.0 , Degree=0
K= 255
4936.0 , Degree=0
K= 256
22.4483177353
K= 257
248.09083219
K= 258
59.7144330528
K= 259
2448.8300207
K= 260
50.072069974
K= 261
4936.0 , Degree=0
K= 262
4936.0 , Degree=0
K= 263
14400.0
K= 264
4936.0 , Degree=0
K= 265
27.8974527949
K= 266
15.6446062911
K= 267
37.1685856196
K= 268
4936.0 , Degree=0
K= 269
19.9675703726
K= 270
4799.0
K= 271
4936.0 , Degree=0
K= 272
4936.0 , Degree=0
K= 273
4936.0 , Degree=0
K= 274
2489.24542484
K= 275
2330.70261476
K= 276
227.0
K= 277
4936.0 , Degree=0
K= 278
4936.0 , Degree=0
K= 279
2378.0
K= 280
4936.0 , Degree=0
K= 281
67.14295996
K= 282
121.443718134
K= 283
4936.0 , Degree=0
K= 284
2616.73809524
K= 285
312.316866386
K= 286
41.9216247781
K= 287
24.7644145158
K= 288
4936.0 , Degree=0
K= 289
2621.94444444
K= 290
37.2600159204
K= 291
4936.0 , Degree=0
K= 292
4936.0 , Degree=0
K= 293
18.6396052644
K= 294
122.765836458
K= 295
49.6519909162
K= 296
1824.0790197
K= 297
4936.0 , Degree=0
K= 298
4936.0 , Degree=0
K= 299
4936.0 , Degree=0
K= 300
1801.98426682
K= 301
4936.0 , Degree=0
K= 302
1805.44855253
K= 303
4936.0 , Degree=0
K= 304
4936.0 , Degree=0
K= 305
20.4526867354
K= 306
4977.92222222
K= 307
16.7029579405
K= 308
4936.0 , Degree=0
K= 309
97.5521153199
K= 310
4936.0 , Degree=0
K= 311
4807.0
K= 312
276.226623377
K= 313
239.234787823
K= 314
4936.0 , Degree=0
K= 315
4936.0 , Degree=0
K= 316
110.046527348
K= 317
4936.0 , Degree=0
K= 318
4936.0 , Degree=0
K= 319
20.2234504616
K= 320
22.5911573252
K= 321
226.808921879
K= 322
4936.0 , Degree=0
K= 323
4936.0 , Degree=0
K= 324
4936.0 , Degree=0
K= 325
4936.0 , Degree=0
K= 326
4936.0 , Degree=0
K= 327
240.279945055
K= 328
40.6586489886
K= 329
11.7476190476
K= 330
21.6483066269
K= 331
4936.0 , Degree=0
K= 332
4936.0 , Degree=0
K= 333
17.4333333333
K= 334
4936.0 , Degree=0
K= 335
4936.0 , Degree=0
K= 336
4936.0 , Degree=0
K= 337
253.995177045
K= 338
4936.0 , Degree=0
K= 339
51.1432827808
K= 340
16.5894130281
K= 341
13251.5371767
K= 342
4812.66666667
K= 343
1800.55988646
K= 344
14.7054003509
K= 345
4936.0 , Degree=0
K= 346
4936.0 , Degree=0
K= 347
2490.54091448
K= 348
4936.0 , Degree=0
K= 349
50.9893307116
K= 350
29.1978401727
K= 351
3307.97569307
K= 352
47.3798819233
K= 353
4936.0 , Degree=0
K= 354
4936.0 , Degree=0
K= 355
4936.0 , Degree=0
K= 356
4813.9047619
K= 357
4936.0 , Degree=0
K= 358
20.5318343621
K= 359
4936.0 , Degree=0
K= 360
97.5521153199
K= 361
27.1078319069
K= 362
4936.0 , Degree=0
K= 363
14.0
K= 364
13255.2381573
K= 365
255.17463925
K= 366
4936.0 , Degree=0
K= 367
4936.0 , Degree=0
K= 368
4936.0 , Degree=0
K= 369
21.6281750549
K= 370
4936.0 , Degree=0
K= 371
4936.0 , Degree=0
K= 372
19.8631164957
K= 373
4936.0 , Degree=0
K= 374
4936.0 , Degree=0
K= 375
114.458522809
K= 376
4936.0 , Degree=0
K= 377
123.8568291
K= 378
16.2442108517
K= 379
16.0956752755
K= 380
22.9893302997
K= 381
4936.0 , Degree=0
K= 382
2493.74637681
K= 383
4936.0 , Degree=0
K= 384
184.03485874
K= 385
4936.0 , Degree=0
K= 386
2491.9047619
K= 387
2511.63734545
K= 388
1811.39612897
K= 389
4936.0 , Degree=0
K= 390
31.9811636762
K= 391
4936.0 , Degree=0
K= 392
2343.68517322
K= 393
18.7633160416
K= 394
4936.0 , Degree=0
K= 395
4936.0 , Degree=0
K= 396
35.7450867202
K= 397
4936.0 , Degree=0
K= 398
4936.0 , Degree=0
K= 399
292.010714286
K= 400
4936.0 , Degree=0
K= 401
26.2306930462
K= 402
4936.0 , Degree=0
K= 403
2492.38333333
K= 404
4936.0 , Degree=0
K= 405
4936.0 , Degree=0
K= 406
4936.0 , Degree=0
K= 407
4936.0 , Degree=0
K= 408
12405.4
K= 409
4936.0 , Degree=0
K= 410
4936.0 , Degree=0
K= 411
4936.0 , Degree=0
K= 412
4936.0 , Degree=0
K= 413
4936.0 , Degree=0
K= 414
20.8414538034
K= 415
35.1474976013
K= 416
2494.88734545
K= 417
146.333333333
K= 418
4936.0 , Degree=0
K= 419
13250.6237018
K= 420
57.9389981382
K= 421
2508.04044234
K= 422
151.22796882
K= 423
4936.0 , Degree=0
K= 424
4936.0 , Degree=0
K= 425
4936.0 , Degree=0
K= 426
262.097916093
K= 427
4936.0 , Degree=0
K= 428
4936.0 , Degree=0
K= 429
24.6848414448
K= 430
33.7879830786
K= 431
4936.0 , Degree=0
K= 432
39.0146316537
K= 433
1805.69855253
K= 434
4936.0 , Degree=0
K= 435
4936.0 , Degree=0
K= 436
4936.0 , Degree=0
K= 437
4936.0 , Degree=0
K= 438
15.9861771777
K= 439
4936.0 , Degree=0
K= 440
4936.0 , Degree=0
K= 441
2616.73809524
K= 442
19.3279396244
K= 443
4936.0 , Degree=0
K= 444
47.0098891509
K= 445
4936.0 , Degree=0
K= 446
4936.0 , Degree=0
K= 447
4936.0 , Degree=0
K= 448
13.0785714285
K= 449
4756.0
K= 450
4936.0 , Degree=0
K= 451
4936.0 , Degree=0
K= 452
22.2622119292
K= 453
2469.15238095
K= 454
157.113810476
K= 455
4936.0 , Degree=0
K= 456
4936.0 , Degree=0
K= 457
253.905903161
K= 458
4936.0 , Degree=0
K= 459
4936.0 , Degree=0
K= 460
4936.0 , Degree=0
K= 461
4936.0 , Degree=0
K= 462
4936.0 , Degree=0
K= 463
2493.74637681
K= 464
4936.0 , Degree=0
K= 465
15.5607744238
K= 466
315.906593407
K= 467
108.890769231
K= 468
4936.0 , Degree=0
K= 469
16.7725078079
K= 470
85.8461516577
K= 471
21.5866090703
K= 472
1802.83664777
K= 473
38.9723975248
K= 474
17.2612729578
K= 475
4936.0 , Degree=0
K= 476
4936.0 , Degree=0
K= 477
4936.0 , Degree=0
K= 478
3276.97755164
K= 479
4936.0 , Degree=0
K= 480
55.1622422899
K= 481
4936.0 , Degree=0
K= 482
4936.0 , Degree=0
K= 483
4800.0
K= 484
1827.69471646
K= 485
4936.0 , Degree=0
K= 486
4936.0 , Degree=0
K= 487
1821.50530218
K= 488
3151.89421831
K= 489
4936.0 , Degree=0
K= 490
4936.0 , Degree=0
K= 491
4936.0 , Degree=0
K= 492
2401.5
K= 493
4936.0 , Degree=0
K= 494
11.1880952381
K= 495
4936.0 , Degree=0
K= 496
4936.0 , Degree=0
K= 497
264.00952381
K= 498
14893.8333333
K= 499
4936.0 , Degree=0
K= 500
18.1714285714
K= 501
2506.00613699
K= 502
11.9380952381
K= 503
2488.64285714
K= 504
231.623543891
K= 505
4936.0 , Degree=0
K= 506
4936.0 , Degree=0
K= 507
4800.0
K= 508
4936.0 , Degree=0
K= 509
248.09083219
K= 510
231.623543891
K= 511
4936.0 , Degree=0
K= 512
4936.0 , Degree=0
K= 513
2325.0
K= 514
1288.29013901
K= 515
40.1466338029
K= 516
4936.0 , Degree=0
K= 517
21.9421780823
K= 518
4936.0 , Degree=0
K= 519
4783.0
K= 520
2492.04637681
K= 521
4936.0 , Degree=0
K= 522
2576.07142857
K= 523
4936.0 , Degree=0
K= 524
68.2052093238
K= 525
4936.0 , Degree=0
K= 526
4936.0 , Degree=0
K= 527
169.592979243
K= 528
2603.93231707
K= 529
240.5
K= 530
18.4529355991
K= 531
4936.0 , Degree=0
K= 532
4936.0 , Degree=0
K= 533
35.3929569959
K= 534
4936.0 , Degree=0
K= 535
4936.0 , Degree=0
K= 536
4936.0 , Degree=0
K= 537
18.3226485373
K= 538
251.986390079
K= 539
2334.0
K= 540
28.5515023632
K= 541
2511.63734545
K= 542
13.1666666666
K= 543
4936.0 , Degree=0
K= 544
4936.0 , Degree=0
K= 545
4936.0 , Degree=0
K= 546
29.9155796056
K= 547
3276.97755164
K= 548
1927.5633049
K= 549
4789.0
K= 550
36.1204379669
K= 551
4936.0 , Degree=0
K= 552
4936.0 , Degree=0
K= 553
4813.0
K= 554
4936.0 , Degree=0
K= 555
254.686794846
K= 556
98.8949931441
K= 557
4936.0 , Degree=0
K= 558
246.864724165
K= 559
4936.0 , Degree=0
K= 560
4936.0 , Degree=0
K= 561
202.944444444
K= 562
259.698724034
K= 563
4936.0 , Degree=0
K= 564
2611.9
K= 565
272.796861472
K= 566
4936.0 , Degree=0
K= 567
85.7498465896
K= 568
4936.0 , Degree=0
K= 569
51.6004516628
K= 570
196.415012619
K= 571
4936.0 , Degree=0
K= 572
116.683044543
K= 573
4936.0 , Degree=0
K= 574
4936.0 , Degree=0
K= 575
249.189453844
K= 576
4936.0 , Degree=0
K= 577
18.8809523809
K= 578
4936.0 , Degree=0
K= 579
4936.0 , Degree=0
K= 580
31.7066646267
K= 581
47.6645705646
K= 582
4936.0 , Degree=0
K= 583
35.0047619047
K= 584
4936.0 , Degree=0
K= 585
4936.0 , Degree=0
K= 586
4936.0 , Degree=0
K= 587
4936.0 , Degree=0
K= 588
4936.0 , Degree=0
K= 589
31.360082373
K= 590
4936.0 , Degree=0
K= 591
2605.73650794
K= 592
4936.0 , Degree=0
K= 593
4936.0 , Degree=0
K= 594
4797.88571429
K= 595
4936.0 , Degree=0
K= 596
17.899245186
K= 597
4936.0 , Degree=0
K= 598
24.7150127115
K= 599
1203.46328221
K= 600
2494.24637681
K= 601
252.299469361
K= 602
4936.0 , Degree=0
K= 603
4936.0 , Degree=0
K= 604
235.576365344
K= 605
2493.74242424
K= 606
2579.08836996
K= 607
2401.5
K= 608
15.7542158507
K= 609
110.985999106
K= 610
4936.0 , Degree=0
K= 611
4936.0 , Degree=0
K= 612
2488.22257801
K= 613
265.699705923
K= 614
4936.0 , Degree=0
K= 615
4936.0 , Degree=0
K= 616
4936.0 , Degree=0
K= 617
17.0991829415
K= 618
18.957310094
K= 619
4936.0 , Degree=0
K= 620
4936.0 , Degree=0
K= 621
214.938641256
K= 622
18.1308381751
K= 623
115.283385962
K= 624
4936.0 , Degree=0
K= 625
4936.0 , Degree=0
K= 626
4936.0 , Degree=0
K= 627
17.2440978302
K= 628
4936.0 , Degree=0
K= 629
4936.0 , Degree=0
K= 630
4815.0
K= 631
4936.0 , Degree=0
K= 632
4936.0 , Degree=0
K= 633
4936.0 , Degree=0
K= 634
4936.0 , Degree=0
K= 635
4936.0 , Degree=0
K= 636
4936.0 , Degree=0
K= 637
1839.26154432
K= 638
4936.0 , Degree=0
K= 639
2599.34077818
K= 640
2511.63734545
K= 641
4936.0 , Degree=0
K= 642
30.9544066935
K= 643
1800.8152192
K= 644
4936.0 , Degree=0
K= 645
4936.0 , Degree=0
K= 646
257.368810499
K= 647
4936.0 , Degree=0
K= 648
4936.0 , Degree=0
K= 649
4936.0 , Degree=0
K= 650
4936.0 , Degree=0
K= 651
274.87806834
K= 652
1911.39103829
K= 653
4936.0 , Degree=0
K= 654
2586.42323232
K= 655
2401.5
K= 656
4936.0 , Degree=0
K= 657
2336.34308613
K= 658
17.957748473
K= 659
4936.0 , Degree=0
K= 660
4936.0 , Degree=0
K= 661
4936.0 , Degree=0
K= 662
4936.0 , Degree=0
K= 663
1953.08973054
K= 664
4936.0 , Degree=0
K= 665
4936.0 , Degree=0
K= 666
4936.0 , Degree=0
K= 667
4936.0 , Degree=0
K= 668
4936.0 , Degree=0
K= 669
22.7379612871
K= 670
2339.27583047
K= 671
4936.0 , Degree=0
K= 672
270.776190476
K= 673
26.6071921942
K= 674
81.7537692182
K= 675
36.5062876223
K= 676
4936.0 , Degree=0
K= 677
4936.0 , Degree=0
K= 678
301.912301587
K= 679
4936.0 , Degree=0
K= 680
4936.0 , Degree=0
K= 681
2492.63333333
K= 682
34.2924334278
K= 683
4936.0 , Degree=0
K= 684
4936.0 , Degree=0
K= 685
4936.0 , Degree=0
K= 686
16.8007271517
K= 687
114.040134751
K= 688
4936.0 , Degree=0
K= 689
100.693887111
K= 690
4936.0 , Degree=0
K= 691
2616.10952381
K= 692
19.5446033755
K= 693
4936.0 , Degree=0
K= 694
13.8333333333
K= 695
1809.38595085
K= 696
4936.0 , Degree=0
K= 697
13222.4521971
K= 698
4936.0 , Degree=0
K= 699
4936.0 , Degree=0
K= 700
4936.0 , Degree=0
K= 701
2334.0
K= 702
2491.8
K= 703
34.5276116875
K= 704
4936.0 , Degree=0
K= 705
206.136249861
K= 706
3276.97755164
K= 707
4936.0 , Degree=0
K= 708
231.623543891
K= 709
18.4535558306
K= 710
4936.0 , Degree=0
K= 711
17.2612729578
K= 712
4936.0 , Degree=0
K= 713
37.3045359108
K= 714
4936.0 , Degree=0
K= 715
4936.0 , Degree=0
K= 716
14.1666666666
K= 717
4936.0 , Degree=0
K= 718
9951.96969697
K= 719
22.5468612727
K= 720
51.1164085657
K= 721
2336.07087752
K= 722
28.927974492
K= 723
296.338829365
K= 724
9953.53333333
K= 725
4936.0 , Degree=0
K= 726
4755.0
K= 727
4756.0
K= 728
4936.0 , Degree=0
K= 729
4936.0 , Degree=0
K= 730
13.5
K= 731
4936.0 , Degree=0
K= 732
2587.87756047
K= 733
4936.0 , Degree=0
K= 734
26.1599063281
K= 735
2490.75901116
K= 736
4936.0 , Degree=0
K= 737
4936.0 , Degree=0
K= 738
4936.0 , Degree=0
K= 739
4899.0
K= 740
4936.0 , Degree=0
K= 741
15.9607744238
K= 742
2509.74740661
K= 743
29.4998545151
K= 744
4936.0 , Degree=0
K= 745
2492.3047619
K= 746
28.4741551338
K= 747
4936.0 , Degree=0
K= 748
4936.0 , Degree=0
K= 749
4936.0 , Degree=0
K= 750
23.4821341361
K= 751
18.54497354
K= 752
154.790210558
K= 753
4936.0 , Degree=0
K= 754
13252.3585865
K= 755
4936.0 , Degree=0
K= 756
232.168998437
K= 757
4936.0 , Degree=0
K= 758
4936.0 , Degree=0
K= 759
166.846133707
K= 760
231.587765827
K= 761
4936.0 , Degree=0
K= 762
4936.0 , Degree=0
K= 763
4936.0 , Degree=0
K= 764
4936.0 , Degree=0
K= 765
42.2338242314
K= 766
4936.0 , Degree=0
K= 767
4936.0 , Degree=0
K= 768
4936.0 , Degree=0
K= 769
15.7217032967
K= 770
4936.0 , Degree=0
K= 771
2506.69090909
K= 772
19.4290086089
K= 773
4936.0 , Degree=0
K= 774
32.4000728901
K= 775
4936.0 , Degree=0
K= 776
2378.0
K= 777
4936.0 , Degree=0
K= 778
182.108928572
K= 779
4936.0 , Degree=0
K= 780
25.1915668868
K= 781
2382.5
K= 782
4936.0 , Degree=0
K= 783
30.2220641588
K= 784
4936.0 , Degree=0
K= 785
4936.0 , Degree=0
K= 786
4936.0 , Degree=0
K= 787
4936.0 , Degree=0
K= 788
59.2982143396
K= 789
40.8684897924
K= 790
48.4786120548
K= 791
4936.0 , Degree=0
K= 792
4796.02564103
K= 793
4936.0 , Degree=0
K= 794
12.1958712856
K= 795
4936.0 , Degree=0
K= 796
205.408853885
K= 797
17408.9320568
K= 798
4936.0 , Degree=0
K= 799
4936.0 , Degree=0
K= 800
204.820307674
K= 801
4936.0 , Degree=0
K= 802
4936.0 , Degree=0
K= 803
2325.16666667
K= 804
2488.88718763
K= 805
13.6666666666
K= 806
30.0434178667
K= 807
167.221810568
K= 808
4936.0 , Degree=0
K= 809
2493.16666667
K= 810
4936.0 , Degree=0
K= 811
4936.0 , Degree=0
K= 812
16.5005705787
K= 813
4936.0 , Degree=0
K= 814
4936.0 , Degree=0
K= 815
4936.0 , Degree=0
K= 816
83.956274118
K= 817
4936.0 , Degree=0
K= 818
12368.4135904
K= 819
2505.10963212
K= 820
4936.0 , Degree=0
K= 821
4936.0 , Degree=0
K= 822
4936.0 , Degree=0
K= 823
22.922595705
K= 824
4936.0 , Degree=0
K= 825
2378.0
K= 826
4936.0 , Degree=0
K= 827
4936.0 , Degree=0
K= 828
29.1320972087
K= 829
104.149027843
K= 830
4807.0
K= 831
4936.0 , Degree=0
K= 832
17.4333333333
K= 833
4936.0 , Degree=0
K= 834
19.0717476967
K= 835
4936.0 , Degree=0
K= 836
4813.0
K= 837
34.901212337
K= 838
42.244156979
K= 839
38.0328090617
K= 840
4813.33333333
K= 841
4738.6
K= 842
252.312637363
K= 843
116.209540406
K= 844
2489.66000172
K= 845
4936.0 , Degree=0
K= 846
21.7523497997
K= 847
4936.0 , Degree=0
K= 848
245.077974986
K= 849
4936.0 , Degree=0
K= 850
4936.0 , Degree=0
K= 851
219.285714286
K= 852
16.1901693835
K= 853
7537.64864367
K= 854
13214.7453229
K= 855
4936.0 , Degree=0
K= 856
36.1108415996
K= 857
140.921882166
K= 858
4936.0 , Degree=0
K= 859
2401.5
K= 860
63.8445374125
K= 861
4936.0 , Degree=0
K= 862
4936.0 , Degree=0
K= 863
26.8937309148
K= 864
16.1901693835
K= 865
4936.0 , Degree=0
K= 866
4936.0 , Degree=0
K= 867
2337.33364875
K= 868
4936.0 , Degree=0
K= 869
2492.48447205
K= 870
4936.0 , Degree=0
K= 871
1861.71192883
K= 872
4800.0
K= 873
4936.0 , Degree=0
K= 874
4936.0 , Degree=0
K= 875
4936.0 , Degree=0
K= 876
4936.0 , Degree=0
K= 877
300.153968254
K= 878
4936.0 , Degree=0
K= 879
4936.0 , Degree=0
K= 880
1810.44668332
K= 881
4936.0 , Degree=0
K= 882
18.2466336419
K= 883
4936.0 , Degree=0
K= 884
4936.0 , Degree=0
K= 885
247.29999494
K= 886
240.226190476
K= 887
4936.0 , Degree=0
K= 888
4936.0 , Degree=0
K= 889
35.8213866797
K= 890
19.8960440935
K= 891
1814.49492357
K= 892
1802.17885556
K= 893
4936.0 , Degree=0
K= 894
4936.0 , Degree=0
K= 895
2604.20952381
K= 896
4936.0 , Degree=0
K= 897
2401.5
K= 898
2618.17063492
K= 899
4936.0 , Degree=0
K= 900
63.0969245406
K= 901
4936.0 , Degree=0
K= 902
2378.0
K= 903
4936.0 , Degree=0
K= 904
4936.0 , Degree=0
K= 905
1839.27525358
K= 906
4936.0 , Degree=0
K= 907
30.9428773868
K= 908
17.1552937753
K= 909
4936.0 , Degree=0
K= 910
36.1056412295
K= 911
4936.0 , Degree=0
K= 912
265.107645209
K= 913
4936.0 , Degree=0
K= 914
4808.33333333
K= 915
111.700108095
K= 916
4936.0 , Degree=0
K= 917
4936.0 , Degree=0
K= 918
2509.65225552
K= 919
2511.08737374
K= 920
14.6942485328
K= 921
2586.42323232
K= 922
4936.0 , Degree=0
K= 923
4936.0 , Degree=0
K= 924
4936.0 , Degree=0
K= 925
14.8097528011
K= 926
16.2442108517
K= 927
1802.97531772
K= 928
94.7692839839
K= 929
4936.0 , Degree=0
K= 930
207.86539341
K= 931
21.0473862505
K= 932
21.6011537316
K= 933
132.82401637
K= 934
4936.0 , Degree=0
K= 935
14.2612326597
K= 936
4936.0 , Degree=0
K= 937
63.4621481627
K= 938
4936.0 , Degree=0
K= 939
4815.0
K= 940
4936.0 , Degree=0
K= 941
4936.0 , Degree=0
K= 942
4936.0 , Degree=0
K= 943
4936.0 , Degree=0
K= 944
2608.2224418
K= 945
2334.5
K= 946
4936.0 , Degree=0
K= 947
35.7991302229
K= 948
4936.0 , Degree=0
K= 949
4936.0 , Degree=0
K= 950
17.5264384248
K= 951
40.4219999468
K= 952
2501.03971805
K= 953
4936.0 , Degree=0
K= 954
2401.5
K= 955
4936.0 , Degree=0
K= 956
4936.0 , Degree=0
K= 957
2494.24242424
K= 958
1804.48188587
K= 959
49.1151782882
K= 960
273.829006549
K= 961
4936.0 , Degree=0
K= 962
4936.0 , Degree=0
K= 963
13.1666666666
K= 964
4936.0 , Degree=0
K= 965
4936.0 , Degree=0
K= 966
2416.0
K= 967
4936.0 , Degree=0
K= 968
2515.8004909
K= 969
4789.0
K= 970
40.0832276933
K= 971
142.557504586
K= 972
4936.0 , Degree=0
K= 973
4936.0 , Degree=0
K= 974
2401.5
K= 975
2401.5
K= 976
4936.0 , Degree=0
K= 977
18.2924809072
K= 978
4936.0 , Degree=0
K= 979
54.9542240044
K= 980
4936.0 , Degree=0
K= 981
4936.0 , Degree=0
K= 982
18.7361323687
K= 983
4936.0 , Degree=0
K= 984
159.340621769
K= 985
4936.0 , Degree=0
K= 986
4936.0 , Degree=0
K= 987
711.576091911
K= 988
2334.0
K= 989
4936.0 , Degree=0
K= 990
4936.0 , Degree=0
K= 991
23.3217893065
K= 992
4936.0 , Degree=0
K= 993
1823.52950491
K= 994
4936.0 , Degree=0
K= 995
91.7773209989
K= 996
4936.0 , Degree=0
K= 997
40.6023711476
K= 998
2494.0
K= 999
4936.0 , Degree=0
K= 1000
4936.0 , Degree=0
K= 1001
4936.0 , Degree=0
K= 1002
4936.0 , Degree=0
K= 1003
148.212121212
K= 1004
17.2612729578
K= 1005
269.713621509
K= 1006
107.466958661
K= 1007
1816.19135556
K= 1008
29.449357449
K= 1009
4936.0 , Degree=0
K= 1010
4936.0 , Degree=0
K= 1011
14400.0
K= 1012
1845.82741333
K= 1013
4936.0 , Degree=0
K= 1014
1808.69907649
K= 1015
4812.66666667
K= 1016
17.1186774205
K= 1017
4936.0 , Degree=0
K= 1018
4936.0 , Degree=0
K= 1019
4936.0 , Degree=0
K= 1020
2511.63734545
K= 1021
4936.0 , Degree=0
K= 1022
4936.0 , Degree=0
K= 1023
2401.5
K= 1024
1803.98188587
K= 1025
4936.0 , Degree=0
K= 1026
2492.38333333
K= 1027
4936.0 , Degree=0
K= 1028
1804.3152192
K= 1029
4936.0 , Degree=0
K= 1030
1975.9080766
K= 1031
2622.58333333
K= 1032
16.5894130281
K= 1033
4936.0 , Degree=0
K= 1034
43.1063226047
K= 1035
4936.0 , Degree=0
K= 1036
20.6020187176
K= 1037
4609.81818182
K= 1038
33.8542110437
K= 1039
14989.0
K= 1040
1825.37950491
K= 1041
4813.5
K= 1042
21.6328980062
K= 1043
4936.0 , Degree=0
K= 1044
2613.5
K= 1045
2511.08737374
K= 1046
4936.0 , Degree=0
K= 1047
313.443841625
K= 1048
2489.65368859
K= 1049
87.781013431
K= 1050
4936.0 , Degree=0
K= 1051
4936.0 , Degree=0
K= 1052
4936.0 , Degree=0
K= 1053
27.0005076863
K= 1054
1811.94005376
K= 1055
4936.0 , Degree=0
K= 1056
4936.0 , Degree=0
K= 1057
4936.0 , Degree=0
K= 1058
555.167012399
K= 1059
26.2393400036
K= 1060
17.4056197213
K= 1061
42.6782383812
K= 1062
20.2435558306
K= 1063
2271.09489301
K= 1064
40.2068877242
K= 1065
4936.0 , Degree=0
K= 1066
4936.0 , Degree=0
K= 1067
4936.0 , Degree=0
K= 1068
16.3119579287
K= 1069
2378.0
K= 1070
33.7216318588
K= 1071
4936.0 , Degree=0
K= 1072
2584.01824261
K= 1073
4936.0 , Degree=0
K= 1074
2490.62698413
K= 1075
4936.0 , Degree=0
K= 1076
24.1081509641
K= 1077
4936.0 , Degree=0
K= 1078
13.6666666666
K= 1079
4936.0 , Degree=0
K= 1080
4609.81818182
K= 1081
17.1967489736
K= 1082
4936.0 , Degree=0
K= 1083
2401.5
K= 1084
4936.0 , Degree=0
K= 1085
16.3760374988
K= 1086
266.030219925
K= 1087
4936.0 , Degree=0
K= 1088
16.1901693835
K= 1089
4936.0 , Degree=0
K= 1090
260.550735032
K= 1091
36.9739555639
K= 1092
43.1471396261
K= 1093
4936.0 , Degree=0
K= 1094
1810.44668332
K= 1095
4936.0 , Degree=0
K= 1096
4936.0 , Degree=0
K= 1097
4936.0 , Degree=0
K= 1098
4936.0 , Degree=0
K= 1099
4936.0 , Degree=0
K= 1100
32.345119905
K= 1101
167.469281108
K= 1102
2377.0
K= 1103
4936.0 , Degree=0
K= 1104
174.8656753
K= 1105
4936.0 , Degree=0
K= 1106
20.3205685996
K= 1107
4936.0 , Degree=0
K= 1108
4936.0 , Degree=0
K= 1109
4936.0 , Degree=0
K= 1110
30.5946062912
K= 1111
4936.0 , Degree=0
K= 1112
4936.0 , Degree=0
K= 1113
1824.18470333
K= 1114
4936.0 , Degree=0
K= 1115
15.9599259609
K= 1116
4936.0 , Degree=0
K= 1117
23.1261765967
K= 1118
36.0046404584
K= 1119
4813.5
K= 1120
4936.0 , Degree=0
K= 1121
4814.5
K= 1122
1879.15083377
K= 1123
4936.0 , Degree=0
K= 1124
4747.10909091
K= 1125
4936.0 , Degree=0
K= 1126
51.4832858226
K= 1127
2493.66666667
K= 1128
4936.0 , Degree=0
K= 1129
4936.0 , Degree=0
K= 1130
4810.0
K= 1131
4936.0 , Degree=0
K= 1132
170.939777135
K= 1133
4936.0 , Degree=0
K= 1134
4936.0 , Degree=0
K= 1135
4812.82608696
K= 1136
2401.5
K= 1137
4936.0 , Degree=0
K= 1138
2565.16666667
K= 1139
4809.33333333
K= 1140
2494.16666667
K= 1141
171.995177045
K= 1142
4807.86666667
K= 1143
4936.0 , Degree=0
K= 1144
4936.0 , Degree=0
K= 1145
4756.0
K= 1146
4936.0 , Degree=0
K= 1147
54.7936618094
K= 1148
4936.0 , Degree=0
K= 1149
4813.5
K= 1150
1800.01663249
K= 1151
4936.0 , Degree=0
K= 1152
4812.81818182
K= 1153
4936.0 , Degree=0
K= 1154
4936.0 , Degree=0
K= 1155
1806.14855253
K= 1156
213.918795244
K= 1157
2437.23809524
K= 1158
2533.03846154
K= 1159
4936.0 , Degree=0
K= 1160
4810.0
K= 1161
16.6435558306
K= 1162
248.066698869
K= 1163
19.0335497836
K= 1164
164.561588717
K= 1165
4936.0 , Degree=0
K= 1166
31.7181933723
K= 1167
162.561111111
K= 1168
52.0760017302
K= 1169
171.112734488
K= 1170
2511.63734545
K= 1171
4936.0 , Degree=0
K= 1172
4936.0 , Degree=0
K= 1173
2581.96219558
K= 1174
226.634027585
K= 1175
4936.0 , Degree=0
K= 1176
4936.0 , Degree=0
K= 1177
4936.0 , Degree=0
K= 1178
2622.21304348
K= 1179
262.223252284
K= 1180
26.1765306148
K= 1181
4936.0 , Degree=0
K= 1182
23.4068196366
K= 1183
4936.0 , Degree=0
K= 1184
4734.0
K= 1185
4936.0 , Degree=0
K= 1186
302.414255189
K= 1187
41.7689553231
K= 1188
2494.24637681
K= 1189
4813.63636364
K= 1190
44.8387849951
K= 1191
4936.0 , Degree=0
K= 1192
261.352813853
K= 1193
4936.0 , Degree=0
K= 1194
184.22141886
K= 1195
1914.04910784
K= 1196
4936.0 , Degree=0
K= 1197
35.3929569959
K= 1198
16.022573314
K= 1199
4980.84040404
K= 1200
4936.0 , Degree=0
Betweenness Centrality Improvement
[ 45.90153108  42.93172982  32.45090214 ...,   0.           0.           0.        ]
Top 20 BC Improvement
[ 222  797 1039  498   12 1011  263  364  754  341  419  697  854  138  408
  818  724  718  853 1199]
Top 20 BC Improvement
[ 71163.08333333  17408.93205683  14989.          14893.83333333  14410.
  14400.          14400.          13255.23815732  13252.35858646
  13251.53717672  13250.62370175  13222.45219714  13214.74532292
  13204.37722106  12405.4         12368.41359036   9953.53333333
   9951.96969697   7537.64864367   4980.84040404]
