txValue= 1000000
Input graph
IGRAPH D--- 4619 68733 -- 
+ attr: pub_key (v), base_fee (e), capacity (e), fee_rate (e), txCost (e)
None
Graph after edges deleted
IGRAPH D--- 4619 32193 -- 
+ attr: pub_key (v), base_fee (e), capacity (e), fee_rate (e), txCost (e)
None
Our nodes starting connections: 
(4618, 2796)
(4618, 1223)
(4618, 1163)
CurrentBC of our node:  290905.395275
K= 2400
4936.0 , Degree=0
K= 2401
2577.0
K= 2402
4936.0 , Degree=0
K= 2403
4789.0
K= 2404
4936.0 , Degree=0
K= 2405
4812.0
K= 2406
13.5
K= 2407
30.6577054592
K= 2408
239.373543891
K= 2409
290.439199689
K= 2410
46.9445856132
K= 2411
17.1186774205
K= 2412
2492.21666667
K= 2413
4936.0 , Degree=0
K= 2414
28.5638570811
K= 2415
4813.0
K= 2416
15.4301693835
K= 2417
2462.66666667
K= 2418
4936.0 , Degree=0
K= 2419
2492.63333333
K= 2420
2378.0
K= 2421
4936.0 , Degree=0
K= 2422
2401.5
K= 2423
4936.0 , Degree=0
K= 2424
2401.5
K= 2425
18.926648829
K= 2426
289.15956825
K= 2427
4936.0 , Degree=0
K= 2428
4936.0 , Degree=0
K= 2429
4936.0 , Degree=0
K= 2430
4936.0 , Degree=0
K= 2431
32.4000728901
K= 2432
42.2830201985
K= 2433
1803.94855253
K= 2434
13258.9190493
K= 2435
2494.08333333
K= 2436
269.713621509
K= 2437
4936.0 , Degree=0
K= 2438
109.77302214
K= 2439
2491.3011583
K= 2440
4936.0 , Degree=0
K= 2441
4808.46666667
K= 2442
4936.0 , Degree=0
K= 2443
4936.0 , Degree=0
K= 2444
1803.2152192
K= 2445
2489.36666667
K= 2446
22.5146156909
K= 2447
4936.0 , Degree=0
K= 2448
2401.5
K= 2449
23.217089597
K= 2450
2514.60232731
K= 2451
4936.0 , Degree=0
K= 2452
27.4853070572
K= 2453
98.652173913
K= 2454
2324.0
K= 2455
4936.0 , Degree=0
K= 2456
4936.0 , Degree=0
K= 2457
70.2984237754
K= 2458
19.9629383982
K= 2459
4936.0 , Degree=0
K= 2460
4936.0 , Degree=0
K= 2461
1427.61718282
K= 2462
9872.0
K= 2463
14.1666666667
K= 2464
4936.0 , Degree=0
K= 2465
245.098446185
K= 2466
2401.5
K= 2467
4936.0 , Degree=0
K= 2468
21.160770454
K= 2469
4936.0 , Degree=0
K= 2470
4936.0 , Degree=0
K= 2471
258.989541817
K= 2472
15.5224675877
K= 2473
4936.0 , Degree=0
K= 2474
31.6987281188
K= 2475
21.439536796
K= 2476
4936.0 , Degree=0
K= 2477
4936.0 , Degree=0
K= 2478
4936.0 , Degree=0
K= 2479
2490.73520164
K= 2480
2494.24637681
K= 2481
4936.0 , Degree=0
K= 2482
4936.0 , Degree=0
K= 2483
4936.0 , Degree=0
K= 2484
2588.77323232
K= 2485
50.69837479
K= 2486
4936.0 , Degree=0
K= 2487
87.5885467598
K= 2488
16.1511599511
K= 2489
61.2479565755
K= 2490
4936.0 , Degree=0
K= 2491
4936.0 , Degree=0
K= 2492
100.391584847
K= 2493
16.2442108517
K= 2494
4730.0
K= 2495
4936.0 , Degree=0
K= 2496
13253.6388801
K= 2497
4936.0 , Degree=0
K= 2498
4936.0 , Degree=0
K= 2499
14.8930861345
K= 2500
4936.0 , Degree=0
K= 2501
4936.0 , Degree=0
K= 2502
4936.0 , Degree=0
K= 2503
14.3865701518
K= 2504
4936.0 , Degree=0
K= 2505
2509.65225552
K= 2506
15.2034800197
K= 2507
4936.0 , Degree=0
K= 2508
2511.63734545
K= 2509
4936.0 , Degree=0
K= 2510
2494.24637681
K= 2511
4936.0 , Degree=0
K= 2512
4936.0 , Degree=0
K= 2513
2567.78160173
K= 2514
4936.0 , Degree=0
K= 2515
4753.5
K= 2516
4936.0 , Degree=0
K= 2517
4756.0
K= 2518
30.2046159081
K= 2519
4936.0 , Degree=0
K= 2520
227.03020644
K= 2521
50.8444444445
K= 2522
2489.77303622
K= 2523
2586.0
K= 2524
2490.12643541
K= 2525
13.6666666667
K= 2526
4936.0 , Degree=0
K= 2527
1819.28216551
K= 2528
51.3343339807
K= 2529
4936.0 , Degree=0
K= 2530
4936.0 , Degree=0
K= 2531
4936.0 , Degree=0
K= 2532
1810.4719382
K= 2533
4936.0 , Degree=0
K= 2534
29.8242631186
K= 2535
4936.0 , Degree=0
K= 2536
4936.0 , Degree=0
K= 2537
4936.0 , Degree=0
K= 2538
4936.0 , Degree=0
K= 2539
4936.0 , Degree=0
K= 2540
4936.0 , Degree=0
K= 2541
233.673393674
K= 2542
262.10303239
K= 2543
305.665012407
K= 2544
4936.0 , Degree=0
K= 2545
4936.0 , Degree=0
K= 2546
4936.0 , Degree=0
K= 2547
4936.0 , Degree=0
K= 2548
149.864156677
K= 2549
289.733333333
K= 2550
4936.0 , Degree=0
K= 2551
2401.5
K= 2552
4936.0 , Degree=0
K= 2553
72.4825633266
K= 2554
1925.56843103
K= 2555
4936.0 , Degree=0
K= 2556
1826.67855842
K= 2557
4808.25714286
K= 2558
2850.91907769
K= 2559
1811.24688741
K= 2560
2623.49242424
K= 2561
1802.22633031
K= 2562
35.1183320992
K= 2563
1803.98466364
K= 2564
4936.0 , Degree=0
K= 2565
9872.0
K= 2566
13.1666666667
K= 2567
4812.0
K= 2568
4936.0 , Degree=0
K= 2569
4936.0 , Degree=0
K= 2570
4810.37142857
K= 2571
4936.0 , Degree=0
K= 2572
4936.0 , Degree=0
K= 2573
4814.5
K= 2574
17.0047661846
K= 2575
41.8373246128
K= 2576
231.623543891
K= 2577
4936.0 , Degree=0
K= 2578
4936.0 , Degree=0
K= 2579
4936.0 , Degree=0
K= 2580
4936.0 , Degree=0
K= 2581
38.5409272751
K= 2582
16.3760374988
K= 2583
4936.0 , Degree=0
K= 2584
18.4529355991
K= 2585
4936.0 , Degree=0
K= 2586
4936.0 , Degree=0
K= 2587
4936.0 , Degree=0
K= 2588
66.3353640523
K= 2589
4817.4529304
K= 2590
261.623082545
K= 2591
4936.0 , Degree=0
K= 2592
4936.0 , Degree=0
K= 2593
17.5373102696
K= 2594
32.6072427102
K= 2595
4936.0 , Degree=0
K= 2596
4936.0 , Degree=0
K= 2597
1810.21349808
K= 2598
4936.0 , Degree=0
K= 2599
4936.0 , Degree=0
K= 2600
4936.0 , Degree=0
K= 2601
4936.0 , Degree=0
K= 2602
13255.6894328
K= 2603
4936.0 , Degree=0
K= 2604
1860.07893986
K= 2605
1806.00299406
K= 2606
699.107693874
K= 2607
4936.0 , Degree=0
K= 2608
14.0
K= 2609
1362.63341902
K= 2610
250.416318613
K= 2611
4936.0 , Degree=0
K= 2612
4936.0 , Degree=0
K= 2613
4936.0 , Degree=0
K= 2614
117.731380866
K= 2615
247.960634465
K= 2616
33.964387153
K= 2617
4936.0 , Degree=0
K= 2618
2494.16666667
K= 2619
4936.0 , Degree=0
K= 2620
4936.0 , Degree=0
K= 2621
4936.0 , Degree=0
K= 2622
19.1741849953
K= 2623
4936.0 , Degree=0
K= 2624
17.7320398781
K= 2625
4936.0 , Degree=0
K= 2626
2586.0
K= 2627
4936.0 , Degree=0
K= 2628
7455.38683473
K= 2629
100.422567568
K= 2630
4936.0 , Degree=0
K= 2631
4936.0 , Degree=0
K= 2632
2478.40731912
K= 2633
4936.0 , Degree=0
K= 2634
4936.0 , Degree=0
K= 2635
4936.0 , Degree=0
K= 2636
4936.0 , Degree=0
K= 2637
4936.0 , Degree=0
K= 2638
2335.68980409
K= 2639
4936.0 , Degree=0
K= 2640
4936.0 , Degree=0
K= 2641
4936.0 , Degree=0
K= 2642
4936.0 , Degree=0
K= 2643
30.0141942917
K= 2644
4936.0 , Degree=0
K= 2645
13202.2880585
K= 2646
23.8904846752
K= 2647
2639.19607843
K= 2648
15.5607744238
K= 2649
4789.0
K= 2650
4936.0 , Degree=0
K= 2651
4936.0 , Degree=0
K= 2652
4936.0 , Degree=0
K= 2653
20.4904090611
K= 2654
4936.0 , Degree=0
K= 2655
73.3815166364
K= 2656
2486.6
K= 2657
4936.0 , Degree=0
K= 2658
104.493062678
K= 2659
4936.0 , Degree=0
K= 2660
4936.0 , Degree=0
K= 2661
4936.0 , Degree=0
K= 2662
4936.0 , Degree=0
K= 2663
49.0479439456
K= 2664
279.963203463
K= 2665
4936.0 , Degree=0
K= 2666
4936.0 , Degree=0
K= 2667
87.1143467643
K= 2668
15.5043259897
K= 2669
219.180942667
K= 2670
87.7865438353
K= 2671
4936.0 , Degree=0
K= 2672
4936.0 , Degree=0
K= 2673
4936.0 , Degree=0
K= 2674
40.7522492311
K= 2675
4936.0 , Degree=0
K= 2676
4936.0 , Degree=0
K= 2677
64.3465467423
K= 2678
4936.0 , Degree=0
K= 2679
4936.0 , Degree=0
K= 2680
4936.0 , Degree=0
K= 2681
4936.0 , Degree=0
K= 2682
13284.2644553
K= 2683
4936.0 , Degree=0
K= 2684
2401.5
K= 2685
2492.37971014
K= 2686
4936.0 , Degree=0
K= 2687
4936.0 , Degree=0
K= 2688
33.9581016677
K= 2689
4936.0 , Degree=0
K= 2690
251.586296793
K= 2691
4936.0 , Degree=0
K= 2692
4936.0 , Degree=0
K= 2693
1879.14855253
K= 2694
4936.0 , Degree=0
K= 2695
3276.97755164
K= 2696
69.2889764558
K= 2697
4936.0 , Degree=0
K= 2698
16.2442108517
K= 2699
18.3025935044
K= 2700
2328.7
K= 2701
4936.0 , Degree=0
K= 2702
15.5043259897
K= 2703
13.8333333333
K= 2704
4936.0 , Degree=0
K= 2705
2493.23809524
K= 2706
23.9290595138
K= 2707
4936.0 , Degree=0
K= 2708
4936.0 , Degree=0
K= 2709
4936.0 , Degree=0
K= 2710
9872.0
K= 2711
2511.63734545
K= 2712
1875.48623044
K= 2713
15.6495321878
K= 2714
16.2587152046
K= 2715
52.1751853951
K= 2716
4936.0 , Degree=0
K= 2717
4936.0 , Degree=0
K= 2718
84.3032185578
K= 2719
376.681363861
K= 2720
4936.0 , Degree=0
K= 2721
2473.64156689
K= 2722
4936.0 , Degree=0
K= 2723
4936.0 , Degree=0
K= 2724
4936.0 , Degree=0
K= 2725
2336.93917447
K= 2726
4936.0 , Degree=0
K= 2727
4756.0
K= 2728
2493.83333333
K= 2729
4936.0 , Degree=0
K= 2730
4936.0 , Degree=0
K= 2731
4936.0 , Degree=0
K= 2732
4936.0 , Degree=0
K= 2733
2490.36862745
K= 2734
4936.0 , Degree=0
K= 2735
4814.0
K= 2736
4936.0 , Degree=0
K= 2737
4936.0 , Degree=0
K= 2738
2511.63734545
K= 2739
267.043993507
K= 2740
4936.0 , Degree=0
K= 2741
59.2736181833
K= 2742
109.092772633
K= 2743
4936.0 , Degree=0
K= 2744
34.1343865673
K= 2745
41994.3333333
K= 2746
2401.5
K= 2747
4936.0 , Degree=0
K= 2748
4936.0 , Degree=0
K= 2749
4936.0 , Degree=0
K= 2750
48.7865693377
K= 2751
4936.0 , Degree=0
K= 2752
2511.08737374
K= 2753
223.084686605
K= 2754
4936.0 , Degree=0
K= 2755
1839.95318384
K= 2756
2605.73650794
K= 2757
102.340893149
K= 2758
4936.0 , Degree=0
K= 2759
4936.0 , Degree=0
K= 2760
259.971734499
K= 2761
17.4290086089
K= 2762
4936.0 , Degree=0
K= 2763
2492.27142857
K= 2764
2511.63734545
K= 2765
19.4817788623
K= 2766
4936.0 , Degree=0
K= 2767
4936.0 , Degree=0
K= 2768
18.4536808744
K= 2769
4936.0 , Degree=0
K= 2770
4936.0 , Degree=0
K= 2771
4936.0 , Degree=0
K= 2772
23.7545637313
K= 2773
2490.39444444
K= 2774
4936.0 , Degree=0
K= 2775
4936.0 , Degree=0
K= 2776
2490.20976874
K= 2777
1830.87084825
K= 2778
4936.0 , Degree=0
K= 2779
2401.5
K= 2780
19.6699300699
K= 2781
24.4409406911
K= 2782
85.3425960235
K= 2783
62.5171211241
K= 2784
2505.83333333
K= 2785
4936.0 , Degree=0
K= 2786
4936.0 , Degree=0
K= 2787
4936.0 , Degree=0
K= 2788
60.1888169731
K= 2789
16.8388402149
K= 2790
38.4511933298
K= 2791
4936.0 , Degree=0
K= 2792
4936.0 , Degree=0
K= 2793
4936.0 , Degree=0
K= 2794
17.2612729578
K= 2795
4936.0 , Degree=0
K= 2796
174.959351507
K= 2797
24.3352802644
K= 2798
16.8423838514
K= 2799
45.4166510807
K= 2800
19.0659118526
K= 2801
4936.0 , Degree=0
K= 2802
4811.66666667
K= 2803
28.1259264472
K= 2804
4936.0 , Degree=0
K= 2805
39.8976911933
K= 2806
4936.0 , Degree=0
K= 2807
25.8590303697
K= 2808
4936.0 , Degree=0
K= 2809
4936.0 , Degree=0
K= 2810
4936.0 , Degree=0
K= 2811
16.7725078079
K= 2812
1808.14855253
K= 2813
229.423503078
K= 2814
4936.0 , Degree=0
K= 2815
4936.0 , Degree=0
K= 2816
23.0493581518
K= 2817
4936.0 , Degree=0
K= 2818
4936.0 , Degree=0
K= 2819
2493.73809524
K= 2820
4936.0 , Degree=0
K= 2821
2401.5
K= 2822
4936.0 , Degree=0
K= 2823
4936.0 , Degree=0
K= 2824
22.4035576913
K= 2825
272.066666667
K= 2826
1831.45551224
K= 2827
4936.0 , Degree=0
K= 2828
1803.80966364
K= 2829
33.7103718622
K= 2830
4936.0 , Degree=0
K= 2831
4936.0 , Degree=0
K= 2832
4936.0 , Degree=0
K= 2833
4936.0 , Degree=0
K= 2834
2493.66666667
K= 2835
4936.0 , Degree=0
K= 2836
4936.0 , Degree=0
K= 2837
4936.0 , Degree=0
K= 2838
4936.0 , Degree=0
K= 2839
3121.73097502
K= 2840
2492.63333333
K= 2841
4936.0 , Degree=0
K= 2842
4936.0 , Degree=0
K= 2843
4936.0 , Degree=0
K= 2844
15.8613324964
K= 2845
169.673199023
K= 2846
4756.0
K= 2847
2335.0
K= 2848
36.3677974802
K= 2849
1812.48721658
K= 2850
36.132267818
K= 2851
4936.0 , Degree=0
K= 2852
4936.0 , Degree=0
K= 2853
4936.0 , Degree=0
K= 2854
16.5893458524
K= 2855
158.1004395
K= 2856
4985.5
K= 2857
448.742857143
K= 2858
4936.0 , Degree=0
K= 2859
17.535822212
K= 2860
227.678643579
K= 2861
234.090267283
K= 2862
4936.0 , Degree=0
K= 2863
9872.0
K= 2864
4804.3952381
K= 2865
2401.5
K= 2866
4936.0 , Degree=0
K= 2867
4936.0 , Degree=0
K= 2868
4977.92965368
K= 2869
49.3822578858
K= 2870
2492.48447205
K= 2871
287.583333333
K= 2872
243.820307674
K= 2873
4936.0 , Degree=0
K= 2874
4936.0 , Degree=0
K= 2875
4936.0 , Degree=0
K= 2876
4936.0 , Degree=0
K= 2877
62.4563977584
K= 2878
39.6979353509
K= 2879
4936.0 , Degree=0
K= 2880
4936.0 , Degree=0
K= 2881
4936.0 , Degree=0
K= 2882
4936.0 , Degree=0
K= 2883
4936.0 , Degree=0
K= 2884
289.790674032
K= 2885
4130.11334999
K= 2886
4936.0 , Degree=0
K= 2887
4936.0 , Degree=0
K= 2888
4936.0 , Degree=0
K= 2889
64.0421452282
K= 2890
17.5979046333
K= 2891
13.6666666666
K= 2892
4936.0 , Degree=0
K= 2893
4936.0 , Degree=0
K= 2894
4936.0 , Degree=0
K= 2895
3276.97755164
K= 2896
4936.0 , Degree=0
K= 2897
4936.0 , Degree=0
K= 2898
4812.66666667
K= 2899
1820.89855253
K= 2900
4936.0 , Degree=0
K= 2901
4798.1
K= 2902
4936.0 , Degree=0
K= 2903
4936.0 , Degree=0
K= 2904
4936.0 , Degree=0
K= 2905
4936.0 , Degree=0
K= 2906
2336.18923998
K= 2907
13260.2497273
K= 2908
4936.0 , Degree=0
K= 2909
4936.0 , Degree=0
K= 2910
4597.3715415
K= 2911
2490.73896104
K= 2912
108.036496142
K= 2913
1288.29013901
K= 2914
4936.0 , Degree=0
K= 2915
4936.0 , Degree=0
K= 2916
17.4668436694
K= 2917
273.829006549
K= 2918
256.310008213
K= 2919
60.4572977097
K= 2920
4936.0 , Degree=0
K= 2921
4936.0 , Degree=0
K= 2922
4936.0 , Degree=0
K= 2923
35.3929569959
K= 2924
20.7774410905
K= 2925
22.4035576913
K= 2926
2378.0
K= 2927
4936.0 , Degree=0
K= 2928
4936.0 , Degree=0
K= 2929
27.6023310921
K= 2930
60.9729598703
K= 2931
2491.28030303
K= 2932
4936.0 , Degree=0
K= 2933
4936.0 , Degree=0
K= 2934
4936.0 , Degree=0
K= 2935
4936.0 , Degree=0
K= 2936
4936.0 , Degree=0
K= 2937
16.5894130281
K= 2938
4936.0 , Degree=0
K= 2939
186.376226551
K= 2940
27.5504880853
K= 2941
4936.0 , Degree=0
K= 2942
1812.90203239
K= 2943
15.6666666667
K= 2944
21.1846852014
K= 2945
2459.64156689
K= 2946
4936.0 , Degree=0
K= 2947
4936.0 , Degree=0
K= 2948
4936.0 , Degree=0
K= 2949
4936.0 , Degree=0
K= 2950
4936.0 , Degree=0
K= 2951
27.6666666667
K= 2952
4756.0
K= 2953
4936.0 , Degree=0
K= 2954
190.796861472
K= 2955
15.0684676435
K= 2956
4936.0 , Degree=0
K= 2957
2623.49242424
K= 2958
4936.0 , Degree=0
K= 2959
4936.0 , Degree=0
K= 2960
248.09083219
K= 2961
4936.0 , Degree=0
K= 2962
35.3929569959
K= 2963
378.134765252
K= 2964
4936.0 , Degree=0
K= 2965
40.0738273929
K= 2966
4936.0 , Degree=0
K= 2967
4936.0 , Degree=0
K= 2968
1808.14855253
K= 2969
4936.0 , Degree=0
K= 2970
4936.0 , Degree=0
K= 2971
4936.0 , Degree=0
K= 2972
2401.5
K= 2973
22.2881841382
K= 2974
57.1823189644
K= 2975
4936.0 , Degree=0
K= 2976
4936.0 , Degree=0
K= 2977
259.791398887
K= 2978
4936.0 , Degree=0
K= 2979
4936.0 , Degree=0
K= 2980
39.9268401306
K= 2981
4936.0 , Degree=0
K= 2982
306.633333333
K= 2983
16.0956752755
K= 2984
1059.17245769
K= 2985
2497.88734545
K= 2986
17.8325754053
K= 2987
4936.0 , Degree=0
K= 2988
4936.0 , Degree=0
K= 2989
4936.0 , Degree=0
K= 2990
2336.62467051
K= 2991
4936.0 , Degree=0
K= 2992
4936.0 , Degree=0
K= 2993
17.1665992076
K= 2994
67.1690421584
K= 2995
2493.66666667
K= 2996
2481.73571429
K= 2997
1811.40708426
K= 2998
4936.0 , Degree=0
K= 2999
2492.63333333
K= 3000
66.9405321801
K= 3001
4119.8152192
K= 3002
16.7368590282
K= 3003
17.5613344217
K= 3004
4936.0 , Degree=0
K= 3005
245.203989567
K= 3006
17.1665992076
K= 3007
4936.0 , Degree=0
K= 3008
31.9700722093
K= 3009
259.002154552
K= 3010
4936.0 , Degree=0
K= 3011
4936.0 , Degree=0
K= 3012
4936.0 , Degree=0
K= 3013
24.1990026386
K= 3014
265.731746032
K= 3015
4936.0 , Degree=0
K= 3016
4936.0 , Degree=0
K= 3017
24.5699276076
K= 3018
32.6161489912
K= 3019
4810.77777778
K= 3020
159.81456044
K= 3021
173.17463925
K= 3022
32.0928911501
K= 3023
289.921827843
K= 3024
4936.0 , Degree=0
K= 3025
1807.64855253
K= 3026
53.7988746379
K= 3027
1039.54898022
K= 3028
24.6518515399
K= 3029
4936.0 , Degree=0
K= 3030
246.633328273
K= 3031
4936.0 , Degree=0
K= 3032
949.330265939
K= 3033
31.9810465411
K= 3034
4936.0 , Degree=0
K= 3035
15.5607744238
K= 3036
2337.4765059
K= 3037
4936.0 , Degree=0
K= 3038
2494.16666667
K= 3039
21.0982464458
K= 3040
23.251092492
K= 3041
4936.0 , Degree=0
K= 3042
4936.0 , Degree=0
K= 3043
4936.0 , Degree=0
K= 3044
4936.0 , Degree=0
K= 3045
32.8413172646
K= 3046
2489.52445128
K= 3047
47.0933924555
K= 3048
2491.18268398
K= 3049
4936.0 , Degree=0
K= 3050
2336.93447706
K= 3051
30.755344677
K= 3052
32.6072427102
K= 3053
13255.1965336
K= 3054
2493.66666667
K= 3055
4936.0 , Degree=0
K= 3056
4936.0 , Degree=0
K= 3057
4936.0 , Degree=0
K= 3058
4936.0 , Degree=0
K= 3059
4936.0 , Degree=0
K= 3060
4936.0 , Degree=0
K= 3061
4936.0 , Degree=0
K= 3062
15.8353440872
K= 3063
4936.0 , Degree=0
K= 3064
4936.0 , Degree=0
K= 3065
4936.0 , Degree=0
K= 3066
227.666666667
K= 3067
14.8023809524
K= 3068
22.4671071018
K= 3069
4936.0 , Degree=0
K= 3070
4936.0 , Degree=0
K= 3071
21.557748473
K= 3072
4813.5
K= 3073
4936.0 , Degree=0
K= 3074
4936.0 , Degree=0
K= 3075
24.5547165773
K= 3076
4936.0 , Degree=0
K= 3077
1804.6699811
K= 3078
4936.0 , Degree=0
K= 3079
4936.0 , Degree=0
K= 3080
15.4209926564
K= 3081
2616.2952381
K= 3082
4169.8152192
K= 3083
4936.0 , Degree=0
K= 3084
4936.0 , Degree=0
K= 3085
2571.91011236
K= 3086
24.794793491
K= 3087
4936.0 , Degree=0
K= 3088
4936.0 , Degree=0
K= 3089
2378.0
K= 3090
1871.30832954
K= 3091
4936.0 , Degree=0
K= 3092
2511.63734545
K= 3093
16.5894130281
K= 3094
4936.0 , Degree=0
K= 3095
4936.0 , Degree=0
K= 3096
18.1213494366
K= 3097
14.0
K= 3098
4936.0 , Degree=0
K= 3099
33.502703762
K= 3100
19.3738911577
K= 3101
227.457142857
K= 3102
262.678463204
K= 3103
4936.0 , Degree=0
K= 3104
208.445530468
K= 3105
35.3929569959
K= 3106
2378.0
K= 3107
4815.0
K= 3108
4936.0 , Degree=0
K= 3109
1804.48188587
K= 3110
4936.0 , Degree=0
K= 3111
4936.0 , Degree=0
K= 3112
4936.0 , Degree=0
K= 3113
3150.41088498
K= 3114
36.6896225642
K= 3115
14.3333333333
K= 3116
28.5209432115
K= 3117
2488.7540404
K= 3118
4936.0 , Degree=0
K= 3119
4936.0 , Degree=0
K= 3120
2490.91862745
K= 3121
4936.0 , Degree=0
K= 3122
23.3930141279
K= 3123
128.485714286
K= 3124
24680.0
K= 3125
4936.0 , Degree=0
K= 3126
4936.0 , Degree=0
K= 3127
2493.66666667
K= 3128
5013.52469091
K= 3129
14.1666666667
K= 3130
2588.77323232
K= 3131
1807.64855253
K= 3132
144.348926348
K= 3133
85.0897206634
K= 3134
67.3893273393
K= 3135
141.047191697
K= 3136
253.194603175
K= 3137
4936.0 , Degree=0
K= 3138
4858.0
K= 3139
2334.0
K= 3140
4936.0 , Degree=0
K= 3141
4936.0 , Degree=0
K= 3142
1813.0152192
K= 3143
145.051376203
K= 3144
4936.0 , Degree=0
K= 3145
16.8597717581
K= 3146
4936.0 , Degree=0
K= 3147
4936.0 , Degree=0
K= 3148
4936.0 , Degree=0
K= 3149
4936.0 , Degree=0
K= 3150
2505.91666667
K= 3151
4936.0 , Degree=0
K= 3152
4936.0 , Degree=0
K= 3153
4788.3030303
K= 3154
2378.0
K= 3155
4936.0 , Degree=0
K= 3156
35.5262903293
K= 3157
5137.0
K= 3158
4936.0 , Degree=0
K= 3159
1812.39222553
K= 3160
4936.0 , Degree=0
K= 3161
2493.83333333
K= 3162
24.2744923264
K= 3163
4936.0 , Degree=0
K= 3164
4867.22261905
K= 3165
2473.64156689
K= 3166
4936.0 , Degree=0
K= 3167
4756.0
K= 3168
4936.0 , Degree=0
K= 3169
26.9650921572
K= 3170
4936.0 , Degree=0
K= 3171
20.598790527
K= 3172
4936.0 , Degree=0
K= 3173
4936.0 , Degree=0
K= 3174
29.9155796056
K= 3175
14.7907647907
K= 3176
4936.0 , Degree=0
K= 3177
94.0298534799
K= 3178
30.608359082
K= 3179
2494.15942029
K= 3180
281.25
K= 3181
2378.0
K= 3182
14.0
K= 3183
4936.0 , Degree=0
K= 3184
4936.0 , Degree=0
K= 3185
4936.0 , Degree=0
K= 3186
1817.08188587
K= 3187
24.780746241
K= 3188
5006.81076309
K= 3189
32.2616498051
K= 3190
50.517544835
K= 3191
4936.0 , Degree=0
K= 3192
13216.1469152
K= 3193
4936.0 , Degree=0
K= 3194
2492.8
K= 3195
4936.0 , Degree=0
K= 3196
4936.0 , Degree=0
K= 3197
4936.0 , Degree=0
K= 3198
35.578295879
K= 3199
4936.0 , Degree=0
K= 3200
21.8996581574
K= 3201
17.7846629779
K= 3202
4936.0 , Degree=0
K= 3203
4936.0 , Degree=0
K= 3204
2378.0
K= 3205
4936.0 , Degree=0
K= 3206
4936.0 , Degree=0
K= 3207
27.2329427162
K= 3208
4936.0 , Degree=0
K= 3209
4936.0 , Degree=0
K= 3210
294.329304279
K= 3211
4936.0 , Degree=0
K= 3212
4936.0 , Degree=0
K= 3213
4936.0 , Degree=0
K= 3214
4936.0 , Degree=0
K= 3215
4936.0 , Degree=0
K= 3216
1842.9319424
K= 3217
4936.0 , Degree=0
K= 3218
30.0187105785
K= 3219
1802.32633031
K= 3220
18.901622304
K= 3221
2401.5
K= 3222
4936.0 , Degree=0
K= 3223
1806.42726826
K= 3224
84.6513789155
K= 3225
18.9395400265
K= 3226
4936.0 , Degree=0
K= 3227
4936.0 , Degree=0
K= 3228
24680.0
K= 3229
4936.0 , Degree=0
K= 3230
4936.0 , Degree=0
K= 3231
272.992373313
K= 3232
251.616540334
K= 3233
4936.0 , Degree=0
K= 3234
4936.0 , Degree=0
K= 3235
173.034587025
K= 3236
4936.0 , Degree=0
K= 3237
29.9155796056
K= 3238
4936.0 , Degree=0
K= 3239
4936.0 , Degree=0
K= 3240
4936.0 , Degree=0
K= 3241
160.805657842
K= 3242
20.5
K= 3243
4936.0 , Degree=0
K= 3244
4936.0 , Degree=0
K= 3245
4936.0 , Degree=0
K= 3246
9923.77777778
K= 3247
4936.0 , Degree=0
K= 3248
2511.08737374
K= 3249
246.390904031
K= 3250
29.9155796056
K= 3251
4936.0 , Degree=0
K= 3252
16.7725078079
K= 3253
4936.0 , Degree=0
K= 3254
4807.86666667
K= 3255
2490.70758114
K= 3256
49.3858421508
K= 3257
4936.0 , Degree=0
K= 3258
162.538338296
K= 3259
4813.0
K= 3260
26.9955072555
K= 3261
4936.0 , Degree=0
K= 3262
2571.64864367
K= 3263
4936.0 , Degree=0
K= 3264
4936.0 , Degree=0
K= 3265
24680.0
K= 3266
4936.0 , Degree=0
K= 3267
1930.00236057
K= 3268
2493.25
K= 3269
1804.64855253
K= 3270
4936.0 , Degree=0
K= 3271
28.7268872992
K= 3272
4936.0 , Degree=0
K= 3273
4936.0 , Degree=0
K= 3274
106.374679549
K= 3275
2401.5
K= 3276
2335.85683605
K= 3277
40.7297371277
K= 3278
16.7416510687
K= 3279
19.6879175545
K= 3280
4936.0 , Degree=0
K= 3281
4936.0 , Degree=0
K= 3282
150.816666667
K= 3283
20.290513225
K= 3284
4936.0 , Degree=0
K= 3285
27.1096322187
K= 3286
1039.54898022
K= 3287
2378.0
K= 3288
4723.33333333
K= 3289
4936.0 , Degree=0
K= 3290
20.8918144346
K= 3291
65.9747021684
K= 3292
4936.0 , Degree=0
K= 3293
27.7516418965
K= 3294
278.283333333
K= 3295
4936.0 , Degree=0
K= 3296
4936.0 , Degree=0
K= 3297
4936.0 , Degree=0
K= 3298
4936.0 , Degree=0
K= 3299
36.9140927229
K= 3300
18.8390607401
K= 3301
303.708008658
K= 3302
4936.0 , Degree=0
K= 3303
4936.0 , Degree=0
K= 3304
1839.63328154
K= 3305
4936.0 , Degree=0
K= 3306
19.6225733139
K= 3307
4936.0 , Degree=0
K= 3308
4936.0 , Degree=0
K= 3309
4936.0 , Degree=0
K= 3310
16.5894130281
K= 3311
2473.64156689
K= 3312
4936.0 , Degree=0
K= 3313
4936.0 , Degree=0
K= 3314
4936.0 , Degree=0
K= 3315
75.2045449751
K= 3316
4810.66666667
K= 3317
4936.0 , Degree=0
K= 3318
4936.0 , Degree=0
K= 3319
4936.0 , Degree=0
K= 3320
16.2918904473
K= 3321
4936.0 , Degree=0
K= 3322
2401.5
K= 3323
16.2530487902
K= 3324
52.2900388581
K= 3325
34.9488787023
K= 3326
26.30148283
K= 3327
4936.0 , Degree=0
K= 3328
26.1665905226
K= 3329
2320.22857143
K= 3330
28.1657730985
K= 3331
4936.0 , Degree=0
K= 3332
4936.0 , Degree=0
K= 3333
4936.0 , Degree=0
K= 3334
2509.56892219
K= 3335
4936.0 , Degree=0
K= 3336
90.8492458806
K= 3337
4936.0 , Degree=0
K= 3338
4936.0 , Degree=0
K= 3339
4936.0 , Degree=0
K= 3340
2513.19404762
K= 3341
252.491435005
K= 3342
4936.0 , Degree=0
K= 3343
4936.0 , Degree=0
K= 3344
17.1186774205
K= 3345
4936.0 , Degree=0
K= 3346
2617.73809524
K= 3347
2490.27838346
K= 3348
4936.0 , Degree=0
K= 3349
4936.0 , Degree=0
K= 3350
4936.0 , Degree=0
K= 3351
2492.3047619
K= 3352
41.0142662321
K= 3353
4936.0 , Degree=0
K= 3354
4936.0 , Degree=0
K= 3355
299.014657565
K= 3356
24.9056584034
K= 3357
33.0925105884
K= 3358
4936.0 , Degree=0
K= 3359
26.5003561582
K= 3360
4936.0 , Degree=0
K= 3361
4936.0 , Degree=0
K= 3362
4936.0 , Degree=0
K= 3363
4936.0 , Degree=0
K= 3364
4936.0 , Degree=0
K= 3365
4936.0 , Degree=0
K= 3366
35.3929569959
K= 3367
4936.0 , Degree=0
K= 3368
26.6738639725
K= 3369
2489.83333333
K= 3370
4936.0 , Degree=0
K= 3371
4936.0 , Degree=0
K= 3372
27.4619525105
K= 3373
4936.0 , Degree=0
K= 3374
4936.0 , Degree=0
K= 3375
4936.0 , Degree=0
K= 3376
4936.0 , Degree=0
K= 3377
4936.0 , Degree=0
K= 3378
239.234787823
K= 3379
4936.0 , Degree=0
K= 3380
4815.0
K= 3381
4936.0 , Degree=0
K= 3382
4936.0 , Degree=0
K= 3383
4936.0 , Degree=0
K= 3384
101.511523507
K= 3385
2336.93447706
K= 3386
4936.0 , Degree=0
K= 3387
4936.0 , Degree=0
K= 3388
4936.0 , Degree=0
K= 3389
4936.0 , Degree=0
K= 3390
14.9074476702
K= 3391
1986.07718884
K= 3392
4124.8152192
K= 3393
4936.0 , Degree=0
K= 3394
4936.0 , Degree=0
K= 3395
2571.64864367
K= 3396
4936.0 , Degree=0
K= 3397
2401.5
K= 3398
4936.0 , Degree=0
K= 3399
2401.5
K= 3400
4936.0 , Degree=0
K= 3401
4936.0 , Degree=0
K= 3402
278.6579536
K= 3403
266.333333333
K= 3404
4936.0 , Degree=0
K= 3405
1823.61769032
K= 3406
1812.71140907
K= 3407
152.29272716
K= 3408
248.09083219
K= 3409
22.9316509605
K= 3410
274.630173993
K= 3411
14.6666666667
K= 3412
33.3864533546
K= 3413
2493.5
K= 3414
4936.0 , Degree=0
K= 3415
40.4564114808
K= 3416
292.010714286
K= 3417
2489.72042484
K= 3418
4936.0 , Degree=0
K= 3419
2501.75238095
K= 3420
29.9155796056
K= 3421
27.9818144923
K= 3422
4936.0 , Degree=0
K= 3423
4936.0 , Degree=0
K= 3424
239.234787823
K= 3425
4936.0 , Degree=0
K= 3426
4936.0 , Degree=0
K= 3427
26.3059769254
K= 3428
4815.9
K= 3429
42.0310271149
K= 3430
4936.0 , Degree=0
K= 3431
24.9908547167
K= 3432
4936.0 , Degree=0
K= 3433
4936.0 , Degree=0
K= 3434
28.1280203756
K= 3435
2535.77460317
K= 3436
4936.0 , Degree=0
K= 3437
4810.0
K= 3438
4936.0 , Degree=0
K= 3439
4936.0 , Degree=0
K= 3440
2401.5
K= 3441
4936.0 , Degree=0
K= 3442
2416.0
K= 3443
20.058003848
K= 3444
4936.0 , Degree=0
K= 3445
129.34990454
K= 3446
4936.0 , Degree=0
K= 3447
4756.0
K= 3448
110.198584584
K= 3449
15.4511599512
K= 3450
4936.0 , Degree=0
K= 3451
4936.0 , Degree=0
K= 3452
4936.0 , Degree=0
K= 3453
292.252617359
K= 3454
2378.0
K= 3455
4936.0 , Degree=0
K= 3456
4756.0
K= 3457
21.6952055071
K= 3458
4936.0 , Degree=0
K= 3459
4936.0 , Degree=0
K= 3460
4936.0 , Degree=0
K= 3461
2509.65225552
K= 3462
4936.0 , Degree=0
K= 3463
4936.0 , Degree=0
K= 3464
14.5
K= 3465
4936.0 , Degree=0
K= 3466
29.9155796056
K= 3467
4936.0 , Degree=0
K= 3468
1806.71105253
K= 3469
4936.0 , Degree=0
K= 3470
42.8573580504
K= 3471
285.365873016
K= 3472
4936.0 , Degree=0
K= 3473
4936.0 , Degree=0
K= 3474
19.6713830319
K= 3475
4936.0 , Degree=0
K= 3476
4936.0 , Degree=0
K= 3477
619.394214994
K= 3478
4936.0 , Degree=0
K= 3479
16.125521345
K= 3480
4936.0 , Degree=0
K= 3481
125.842832989
K= 3482
4936.0 , Degree=0
K= 3483
4936.0 , Degree=0
K= 3484
29.6049976466
K= 3485
31.3912506143
K= 3486
2492.3047619
K= 3487
4936.0 , Degree=0
K= 3488
253.995177045
K= 3489
4936.0 , Degree=0
K= 3490
4780.2020202
K= 3491
1174.87757608
K= 3492
4936.0 , Degree=0
K= 3493
286.403968254
K= 3494
4936.0 , Degree=0
K= 3495
4936.0 , Degree=0
K= 3496
4936.0 , Degree=0
K= 3497
4936.0 , Degree=0
K= 3498
30.8251974563
K= 3499
4936.0 , Degree=0
K= 3500
18.8582353133
K= 3501
173.554383162
K= 3502
4936.0 , Degree=0
K= 3503
4936.0 , Degree=0
K= 3504
4936.0 , Degree=0
K= 3505
4936.0 , Degree=0
K= 3506
2612.25
K= 3507
2482.5
K= 3508
17.2612729578
K= 3509
268.60952381
K= 3510
4936.0 , Degree=0
K= 3511
2314.73313742
K= 3512
2401.5
K= 3513
2605.19722222
K= 3514
24.2000454497
K= 3515
2401.5
K= 3516
87.1143467643
K= 3517
13199.9309878
K= 3518
2505.33333333
K= 3519
23.6851134725
K= 3520
19.8125855235
K= 3521
4936.0 , Degree=0
K= 3522
4813.63636364
K= 3523
4936.0 , Degree=0
K= 3524
264.495552636
K= 3525
2378.0
K= 3526
17.2236804261
K= 3527
4936.0 , Degree=0
K= 3528
19.5808010073
K= 3529
4936.0 , Degree=0
K= 3530
231.623543891
K= 3531
4936.0 , Degree=0
K= 3532
4936.0 , Degree=0
K= 3533
2595.41666667
K= 3534
2565.16666667
K= 3535
13212.9796888
K= 3536
4936.0 , Degree=0
K= 3537
4936.0 , Degree=0
K= 3538
16.7725078079
K= 3539
2571.64864367
K= 3540
13443.5111819
K= 3541
4936.0 , Degree=0
K= 3542
214.001884347
K= 3543
4936.0 , Degree=0
K= 3544
4936.0 , Degree=0
K= 3545
690.012628784
K= 3546
4936.0 , Degree=0
K= 3547
4936.0 , Degree=0
K= 3548
15.5607744238
K= 3549
4936.0 , Degree=0
K= 3550
4936.0 , Degree=0
K= 3551
28.116928555
K= 3552
2595.2230236
K= 3553
35.3929569959
K= 3554
4936.0 , Degree=0
K= 3555
4936.0 , Degree=0
K= 3556
243.820307674
K= 3557
4936.0 , Degree=0
K= 3558
814.393854572
K= 3559
4935.0
K= 3560
34.9015487236
K= 3561
1813.92648294
K= 3562
34.6565300274
K= 3563
4936.0 , Degree=0
K= 3564
2489.47333481
K= 3565
4936.0 , Degree=0
K= 3566
20.8325785193
K= 3567
4936.0 , Degree=0
K= 3568
2511.63734545
K= 3569
4936.0 , Degree=0
K= 3570
4936.0 , Degree=0
K= 3571
4936.0 , Degree=0
K= 3572
4936.0 , Degree=0
K= 3573
4936.0 , Degree=0
K= 3574
278.236169386
K= 3575
4936.0 , Degree=0
K= 3576
4936.0 , Degree=0
K= 3577
24.6106615858
K= 3578
2342.68369772
K= 3579
42.2338242314
K= 3580
4936.0 , Degree=0
K= 3581
14.8844720497
K= 3582
4936.0 , Degree=0
K= 3583
4936.0 , Degree=0
K= 3584
266.442857143
K= 3585
4936.0 , Degree=0
K= 3586
263.706288156
K= 3587
132.313621619
K= 3588
1810.94855253
K= 3589
13.1904761905
K= 3590
2576.46902962
K= 3591
4936.0 , Degree=0
K= 3592
4936.0 , Degree=0
K= 3593
4936.0 , Degree=0
K= 3594
260.913841104
K= 3595
4936.0 , Degree=0
K= 3596
34.1285264859
K= 3597
4936.0 , Degree=0
K= 3598
4936.0 , Degree=0
K= 3599
16.8665085753
K= 3600
4936.0 , Degree=0
Betweenness Centrality Improvement
[ 0.  0.  0. ...,  0.  0.  0.]
Top 20 BC Improvement
[2745 3124 3228 3265 3540 2682 2907 2434 2602 3053 2496 3192 3535 2645 3517
 3246 2565 2462 2710 2863]
Top 20 BC Improvement
[ 41994.33333333  24680.          24680.          24680.          13443.51118189
  13284.26445528  13260.24972726  13258.91904931  13255.68943279
  13255.19653364  13253.63888012  13216.14691521  13212.97968884
  13202.28805849  13199.93098779   9923.77777778   9872.           9872.
   9872.           9872.        ]
