txValue= 1000000
Input graph
IGRAPH D--- 4619 68733 -- 
+ attr: pub_key (v), base_fee (e), capacity (e), fee_rate (e), txCost (e)
None
Graph after edges deleted
IGRAPH D--- 4619 32193 -- 
+ attr: pub_key (v), base_fee (e), capacity (e), fee_rate (e), txCost (e)
None
Our nodes starting connections: 
(4618, 2796)
(4618, 1223)
(4618, 1163)
(4618, 222)
(4618, 2745)
(4618, 3884)
(4618, 3265)
(4618, 4209)
(4618, 2087)
(4618, 3540)
(4618, 3690)
(4618, 1039)
(4618, 797)
(4618, 498)
(4618, 4384)
(4618, 408)
(4618, 1440)
(4618, 724)
CurrentBC of our node:  596457.689497
K= 1200
4936.0 , Degree=0
K= 1201
4936.0 , Degree=0
K= 1202
4970.12960373
K= 1203
4936.0 , Degree=0
K= 1204
2495.27098735
K= 1205
4936.0 , Degree=0
K= 1206
30.9121212121
K= 1207
4936.0 , Degree=0
K= 1208
4936.0 , Degree=0
K= 1209
47.2109848486
K= 1210
12.3950216451
K= 1211
18.9333333332
K= 1212
102.975113607
K= 1213
2673.2
K= 1214
2494.28055556
K= 1215
2643.29047619
K= 1216
4936.0 , Degree=0
K= 1217
4936.0 , Degree=0
K= 1218
30.8247252746
K= 1219
14.2666666666
K= 1220
16.3227272726
K= 1221
4936.0 , Degree=0
K= 1222
4936.0 , Degree=0
K= 1223
9.06666666665
K= 1224
17.6071428572
K= 1225
19.4461538461
K= 1226
4936.0 , Degree=0
K= 1227
4936.0 , Degree=0
K= 1228
221.888095238
K= 1229
4936.0 , Degree=0
K= 1230
78.8382382893
K= 1231
18.2785714285
K= 1232
2149.0
K= 1233
19.7666666666
K= 1234
4936.0 , Degree=0
K= 1235
4936.0 , Degree=0
K= 1236
13.7666666666
K= 1237
4936.0 , Degree=0
K= 1238
4936.0 , Degree=0
K= 1239
4936.0 , Degree=0
K= 1240
2646.55359123
K= 1241
816.327755662
K= 1242
4936.0 , Degree=0
K= 1243
4936.0 , Degree=0
K= 1244
4936.0 , Degree=0
K= 1245
4936.0 , Degree=0
K= 1246
2492.27857143
K= 1247
67.6500000001
K= 1248
4936.0 , Degree=0
K= 1249
102.975113607
K= 1250
14.853998779
K= 1251
4936.0 , Degree=0
K= 1252
45.7507962228
K= 1253
4936.0 , Degree=0
K= 1254
4936.0 , Degree=0
K= 1255
4936.0 , Degree=0
K= 1256
4936.0 , Degree=0
K= 1257
16.8738095236
K= 1258
4936.0 , Degree=0
K= 1259
4936.0 , Degree=0
K= 1260
47.9346512596
K= 1261
2642.50558192
K= 1262
4936.0 , Degree=0
K= 1263
20.2666666666
K= 1264
4698.60952381
K= 1265
64.5932040906
K= 1266
4936.0 , Degree=0
K= 1267
13.7952380951
K= 1268
14.2666666666
K= 1269
4936.0 , Degree=0
K= 1270
4936.0 , Degree=0
K= 1271
38.7166666667
K= 1272
4936.0 , Degree=0
K= 1273
2584.15333723
K= 1274
4936.0 , Degree=0
K= 1275
15.7302614051
K= 1276
2640.71494332
K= 1277
2680.96500166
K= 1278
91.2722222219
K= 1279
2607.56783675
K= 1280
2292.91121934
K= 1281
4936.0 , Degree=0
K= 1282
4936.0 , Degree=0
K= 1283
4936.0 , Degree=0
K= 1284
4936.0 , Degree=0
K= 1285
88.6
K= 1286
4936.0 , Degree=0
K= 1287
4936.0 , Degree=0
K= 1288
4936.0 , Degree=0
K= 1289
2485.54876396
K= 1290
4936.0 , Degree=0
K= 1291
2572.74675484
K= 1292
4936.0 , Degree=0
K= 1293
4936.0 , Degree=0
K= 1294
19.5999999999
K= 1295
2224.33260073
K= 1296
4936.0 , Degree=0
K= 1297
4936.0 , Degree=0
K= 1298
2293.75
K= 1299
20.08015873
K= 1300
17.4738095237
K= 1301
4936.0 , Degree=0
K= 1302
2603.67465812
K= 1303
4936.0 , Degree=0
K= 1304
11.7187074828
K= 1305
2487.51111111
K= 1306
2488.60528036
K= 1307
2293.75
K= 1308
13.8230158729
K= 1309
4936.0 , Degree=0
K= 1310
4936.0 , Degree=0
K= 1311
16.2393939393
K= 1312
4654.08333333
K= 1313
4936.0 , Degree=0
K= 1314
2226.0
K= 1315
4936.0 , Degree=0
K= 1316
180.597868798
K= 1317
54.4763499247
K= 1318
174.753541472
K= 1319
4936.0 , Degree=0
K= 1320
116.754744835
K= 1321
3135.29316778
K= 1322
4936.0 , Degree=0
K= 1323
4936.0 , Degree=0
K= 1324
4936.0 , Degree=0
K= 1325
4936.0 , Degree=0
K= 1326
2486.11282051
K= 1327
45.4747711113
K= 1328
3150.78237919
K= 1329
4936.0 , Degree=0
K= 1330
2484.09636122
K= 1331
4936.0 , Degree=0
K= 1332
2648.81886447
K= 1333
19.9333333332
K= 1334
2665.81991989
K= 1335
2389.69804762
K= 1336
78.8382382893
K= 1337
2705.65714286
K= 1338
20.280952381
K= 1339
2293.75
K= 1340
4936.0 , Degree=0
K= 1341
4936.0 , Degree=0
K= 1342
4936.0 , Degree=0
K= 1343
4936.0 , Degree=0
K= 1344
2661.94285301
K= 1345
4936.0 , Degree=0
K= 1346
4936.0 , Degree=0
K= 1347
4936.0 , Degree=0
K= 1348
394.289747825
K= 1349
4936.0 , Degree=0
K= 1350
16.857142857
K= 1351
22.9783549783
K= 1352
66.7898977229
K= 1353
4690.0
K= 1354
20.2805555556
K= 1355
4936.0 , Degree=0
K= 1356
64.278811587
K= 1357
4936.0 , Degree=0
K= 1358
13.8230158729
K= 1359
104.198837355
K= 1360
4936.0 , Degree=0
K= 1361
4936.0 , Degree=0
K= 1362
4435.25
K= 1363
13.9333333332
K= 1364
2491.46190476
K= 1365
4936.0 , Degree=0
K= 1366
4936.0 , Degree=0
K= 1367
25.346316102
K= 1368
4936.0 , Degree=0
K= 1369
4936.0 , Degree=0
K= 1370
35.2142857142
K= 1371
16.3727272726
K= 1372
140.0
K= 1373
4936.0 , Degree=0
K= 1374
4936.0 , Degree=0
K= 1375
4936.0 , Degree=0
K= 1376
18.2666666666
K= 1377
23.4690476189
K= 1378
20.1
K= 1379
16.7904761904
K= 1380
4936.0 , Degree=0
K= 1381
2486.22660673
K= 1382
2656.46945554
K= 1383
40.7681818182
K= 1384
4936.0 , Degree=0
K= 1385
2654.69234603
K= 1386
4936.0 , Degree=0
K= 1387
4936.0 , Degree=0
K= 1388
2222.4047619
K= 1389
4936.0 , Degree=0
K= 1390
4688.0
K= 1391
4936.0 , Degree=0
K= 1392
2666.80301883
K= 1393
4936.0 , Degree=0
K= 1394
18.4619047617
K= 1395
11.7119047618
K= 1396
4936.0 , Degree=0
K= 1397
116.180952381
K= 1398
4936.0 , Degree=0
K= 1399
4936.0 , Degree=0
K= 1400
4936.0 , Degree=0
K= 1401
2293.75
K= 1402
4936.0 , Degree=0
K= 1403
4936.0 , Degree=0
K= 1404
4936.0 , Degree=0
K= 1405
16.9238095238
K= 1406
2493.76666667
K= 1407
19.4461538461
K= 1408
4936.0 , Degree=0
K= 1409
4936.0 , Degree=0
K= 1410
4936.0 , Degree=0
K= 1411
4936.0 , Degree=0
K= 1412
4936.0 , Degree=0
K= 1413
4936.0 , Degree=0
K= 1414
4689.925
K= 1415
2517.62990245
K= 1416
2624.00514735
K= 1417
16.5727272726
K= 1418
4936.0 , Degree=0
K= 1419
79.096979665
K= 1420
8.5
K= 1421
4936.0 , Degree=0
K= 1422
2246.75
K= 1423
4936.0 , Degree=0
K= 1424
4936.0 , Degree=0
K= 1425
32.8321899164
K= 1426
2246.75
K= 1427
4676.1
K= 1428
4936.0 , Degree=0
K= 1429
4936.0 , Degree=0
K= 1430
55.7727272726
K= 1431
4936.0 , Degree=0
K= 1432
13.5999999999
K= 1433
20.1
K= 1434
2308.0
K= 1435
4936.0 , Degree=0
K= 1436
4936.0 , Degree=0
K= 1437
4936.0 , Degree=0
K= 1438
4936.0 , Degree=0
K= 1439
4936.0 , Degree=0
K= 1440
0.0
K= 1441
4936.0 , Degree=0
K= 1442
4936.0 , Degree=0
K= 1443
4613.75
K= 1444
4936.0 , Degree=0
K= 1445
4936.0 , Degree=0
K= 1446
2266.66666667
K= 1447
4936.0 , Degree=0
K= 1448
4936.0 , Degree=0
K= 1449
4936.0 , Degree=0
K= 1450
20.280952381
K= 1451
4661.0
K= 1452
4936.0 , Degree=0
K= 1453
6.69411764701
K= 1454
19.2666666666
K= 1455
4659.08239369
K= 1456
4936.0 , Degree=0
K= 1457
15.9904761903
K= 1458
4936.0 , Degree=0
K= 1459
15.8728430102
K= 1460
4936.0 , Degree=0
K= 1461
4936.0 , Degree=0
K= 1462
14.8720441596
K= 1463
2609.56904762
K= 1464
4936.0 , Degree=0
K= 1465
9892.0
K= 1466
4690.45106291
K= 1467
4936.0 , Degree=0
K= 1468
4936.0 , Degree=0
K= 1469
25.7666666666
K= 1470
4936.0 , Degree=0
K= 1471
4936.0 , Degree=0
K= 1472
172.777495813
K= 1473
4936.0 , Degree=0
K= 1474
4936.0 , Degree=0
K= 1475
102.975113607
K= 1476
12.3836580084
K= 1477
4936.0 , Degree=0
K= 1478
2374.75
K= 1479
4936.0 , Degree=0
K= 1480
24.7992673992
K= 1481
4936.0 , Degree=0
K= 1482
4936.0 , Degree=0
K= 1483
19.7666666666
K= 1484
2492.82301587
K= 1485
4936.0 , Degree=0
K= 1486
4936.0 , Degree=0
K= 1487
3172.15548823
K= 1488
15.2083333331
K= 1489
20.2666666666
K= 1490
16.3727272726
K= 1491
17.4761904761
K= 1492
4936.0 , Degree=0
K= 1493
11.9387626263
K= 1494
4936.0 , Degree=0
K= 1495
2234.33333333
K= 1496
4936.0 , Degree=0
K= 1497
4936.0 , Degree=0
K= 1498
4936.0 , Degree=0
K= 1499
4936.0 , Degree=0
K= 1500
2227.95
K= 1501
17.9619047617
K= 1502
2676.15634921
K= 1503
4936.0 , Degree=0
K= 1504
2571.78968254
K= 1505
4936.0 , Degree=0
K= 1506
4936.0 , Degree=0
K= 1507
17.8619047618
K= 1508
4936.0 , Degree=0
K= 1509
4936.0 , Degree=0
K= 1510
4936.0 , Degree=0
K= 1511
4936.0 , Degree=0
K= 1512
4661.0
K= 1513
2488.79670868
K= 1514
16.945238095
K= 1515
2293.75
K= 1516
157.791381854
K= 1517
79.763095238
K= 1518
210.656349206
K= 1519
4936.0 , Degree=0
K= 1520
4936.0 , Degree=0
K= 1521
4936.0 , Degree=0
K= 1522
4936.0 , Degree=0
K= 1523
46.2533794163
K= 1524
19.1
K= 1525
4936.0 , Degree=0
K= 1526
2612.36111111
K= 1527
17.0238095238
K= 1528
724.352417094
K= 1529
3143.94904586
K= 1530
14.896198246
K= 1531
4936.0 , Degree=0
K= 1532
4936.0 , Degree=0
K= 1533
4936.0 , Degree=0
K= 1534
4936.0 , Degree=0
K= 1535
22.660307084
K= 1536
4670.0
K= 1537
11.7860951138
K= 1538
4936.0 , Degree=0
K= 1539
28.5523809522
K= 1540
14.3079239598
K= 1541
4936.0 , Degree=0
K= 1542
4936.0 , Degree=0
K= 1543
2492.46190476
K= 1544
25.0748917748
K= 1545
2681.7
K= 1546
11.4394688644
K= 1547
4936.0 , Degree=0
K= 1548
55.1852346907
K= 1549
4936.0 , Degree=0
K= 1550
4936.0 , Degree=0
K= 1551
188.628785104
K= 1552
2227.93772894
K= 1553
2651.34701687
K= 1554
4936.0 , Degree=0
K= 1555
4936.0 , Degree=0
K= 1556
23.3797619046
K= 1557
40.958720135
K= 1558
15.0878479853
K= 1559
4936.0 , Degree=0
K= 1560
55.1852346907
K= 1561
4936.0 , Degree=0
K= 1562
4936.0 , Degree=0
K= 1563
4597.0
K= 1564
2625.27680823
K= 1565
4936.0 , Degree=0
K= 1566
2493.6
K= 1567
22.1435573123
K= 1568
4936.0 , Degree=0
K= 1569
16.9619047617
K= 1570
15.4986111111
K= 1571
4936.0 , Degree=0
K= 1572
409.29923592
K= 1573
2487.03729604
K= 1574
4936.0 , Degree=0
K= 1575
4936.0 , Degree=0
K= 1576
16.7119047617
K= 1577
4936.0 , Degree=0
K= 1578
30.3404761906
K= 1579
4936.0 , Degree=0
K= 1580
2452.007653
K= 1581
4936.0 , Degree=0
K= 1582
4936.0 , Degree=0
K= 1583
4936.0 , Degree=0
K= 1584
4936.0 , Degree=0
K= 1585
4936.0 , Degree=0
K= 1586
19.7666666666
K= 1587
25.6158410731
K= 1588
19.5472222223
K= 1589
4936.0 , Degree=0
K= 1590
2538.45168067
K= 1591
4936.0 , Degree=0
K= 1592
4936.0 , Degree=0
K= 1593
4936.0 , Degree=0
K= 1594
4936.0 , Degree=0
K= 1595
4936.0 , Degree=0
K= 1596
4936.0 , Degree=0
K= 1597
4936.0 , Degree=0
K= 1598
62.2227467905
K= 1599
4936.0 , Degree=0
K= 1600
4936.0 , Degree=0
K= 1601
4936.0 , Degree=0
K= 1602
4936.0 , Degree=0
K= 1603
36.6928904427
K= 1604
16.2595571094
K= 1605
2566.23171517
K= 1606
4936.0 , Degree=0
K= 1607
2266.66666667
K= 1608
41.5555555556
K= 1609
4936.0 , Degree=0
K= 1610
61.4001387501
K= 1611
4936.0 , Degree=0
K= 1612
2293.75
K= 1613
14.542654095
K= 1614
4936.0 , Degree=0
K= 1615
2227.66666667
K= 1616
102.975113607
K= 1617
4936.0 , Degree=0
K= 1618
17.695238095
K= 1619
2498.54133089
K= 1620
19.7666666666
K= 1621
39.5333333333
K= 1622
6506.70728917
K= 1623
4936.0 , Degree=0
K= 1624
4936.0 , Degree=0
K= 1625
2221.36111111
K= 1626
59.0974083977
K= 1627
4936.0 , Degree=0
K= 1628
256.324025974
K= 1629
2491.7952381
K= 1630
4936.0 , Degree=0
K= 1631
480.459300161
K= 1632
4936.0 , Degree=0
K= 1633
4936.0 , Degree=0
K= 1634
4936.0 , Degree=0
K= 1635
15.7083333331
K= 1636
23.9829671847
K= 1637
4936.0 , Degree=0
K= 1638
4936.0 , Degree=0
K= 1639
4936.0 , Degree=0
K= 1640
40.3132034631
K= 1641
4936.0 , Degree=0
K= 1642
2222.9
K= 1643
4936.0 , Degree=0
K= 1644
10.545238095
K= 1645
2665.81991989
K= 1646
4936.0 , Degree=0
K= 1647
4936.0 , Degree=0
K= 1648
147.456560521
K= 1649
4936.0 , Degree=0
K= 1650
2566.23171517
K= 1651
19.446153846
K= 1652
2638.32911615
K= 1653
4936.0 , Degree=0
K= 1654
2502.10636574
K= 1655
2299.75
K= 1656
20.1
K= 1657
4936.0 , Degree=0
K= 1658
2675.88333333
K= 1659
16.225108225
K= 1660
19.9333333332
K= 1661
4936.0 , Degree=0
K= 1662
4701.36111111
K= 1663
4936.0 , Degree=0
K= 1664
4936.0 , Degree=0
K= 1665
17.0238095238
K= 1666
4936.0 , Degree=0
K= 1667
4936.0 , Degree=0
K= 1668
4936.0 , Degree=0
K= 1669
4936.0 , Degree=0
K= 1670
10.5620370371
K= 1671
2552.65627854
K= 1672
4936.0 , Degree=0
K= 1673
2490.37272727
K= 1674
4936.0 , Degree=0
K= 1675
4936.0 , Degree=0
K= 1676
37.7166666667
K= 1677
17.0
K= 1678
19.4142857143
K= 1679
4936.0 , Degree=0
K= 1680
4936.0 , Degree=0
K= 1681
11.5096989966
K= 1682
4936.0 , Degree=0
K= 1683
4936.0 , Degree=0
K= 1684
4936.0 , Degree=0
K= 1685
16.2060606058
K= 1686
4936.0 , Degree=0
K= 1687
2697.6952381
K= 1688
13.6
K= 1689
15.3970238095
K= 1690
13.280952381
K= 1691
12.7888888889
K= 1692
4936.0 , Degree=0
K= 1693
29.8252760745
K= 1694
4936.0 , Degree=0
K= 1695
4936.0 , Degree=0
K= 1696
2585.23365004
K= 1697
4661.0
K= 1698
4936.0 , Degree=0
K= 1699
19.7666666666
K= 1700
2619.1051364
K= 1701
2502.05090555
K= 1702
2668.12761905
K= 1703
2246.75
K= 1704
4936.0 , Degree=0
K= 1705
2221.0
K= 1706
4936.0 , Degree=0
K= 1707
2489.61338113
K= 1708
16.4917748916
K= 1709
4936.0 , Degree=0
K= 1710
2493.93333333
K= 1711
5.33333333337
K= 1712
4936.0 , Degree=0
K= 1713
2499.1
K= 1714
4936.0 , Degree=0
K= 1715
4936.0 , Degree=0
K= 1716
4936.0 , Degree=0
K= 1717
4936.0 , Degree=0
K= 1718
19.7666666666
K= 1719
13.7666666666
K= 1720
48.8177250066
K= 1721
4936.0 , Degree=0
K= 1722
16.1822510823
K= 1723
2222.0
K= 1724
14.646198246
K= 1725
2599.77874054
K= 1726
2671.79952381
K= 1727
4936.0 , Degree=0
K= 1728
4936.0 , Degree=0
K= 1729
2695.71111111
K= 1730
4936.0 , Degree=0
K= 1731
4936.0 , Degree=0
K= 1732
4936.0 , Degree=0
K= 1733
19.2666666666
K= 1734
23.1048949254
K= 1735
4936.0 , Degree=0
K= 1736
4936.0 , Degree=0
K= 1737
17.795238095
K= 1738
4936.0 , Degree=0
K= 1739
4936.0 , Degree=0
K= 1740
17.6119047618
K= 1741
2600.97678565
K= 1742
2266.66666667
K= 1743
4936.0 , Degree=0
K= 1744
14.8301892551
K= 1745
2618.0
K= 1746
4731.75
K= 1747
2648.8592401
K= 1748
15.475108225
K= 1749
19.7666666666
K= 1750
2493.76666667
K= 1751
17.0238095238
K= 1752
4936.0 , Degree=0
K= 1753
4936.0 , Degree=0
K= 1754
4936.0 , Degree=0
K= 1755
17.0238095238
K= 1756
13.7666666666
K= 1757
2663.70357082
K= 1758
5306.49848934
K= 1759
4936.0 , Degree=0
K= 1760
131.560994936
K= 1761
17.7785714285
K= 1762
174.891987381
K= 1763
4936.0 , Degree=0
K= 1764
16.7500000001
K= 1765
4936.0 , Degree=0
K= 1766
4936.0 , Degree=0
K= 1767
2293.75
K= 1768
2491.77857143
K= 1769
78.8382382893
K= 1770
2226.0
K= 1771
2492.16190476
K= 1772
4936.0 , Degree=0
K= 1773
4936.0 , Degree=0
K= 1774
4936.0 , Degree=0
K= 1775
4936.0 , Degree=0
K= 1776
7965.16785714
K= 1777
4936.0 , Degree=0
K= 1778
4936.0 , Degree=0
K= 1779
2711.90714286
K= 1780
2687.05
K= 1781
4936.0 , Degree=0
K= 1782
20.2805555556
K= 1783
15.1360143012
K= 1784
2580.43033642
K= 1785
4700.0
K= 1786
11.7119047617
K= 1787
2246.75
K= 1788
49.7265364744
K= 1789
4936.0 , Degree=0
K= 1790
228.842911276
K= 1791
17.795238095
K= 1792
4936.0 , Degree=0
K= 1793
19.7666666666
K= 1794
4936.0 , Degree=0
K= 1795
333.460988545
K= 1796
7.25216450216
K= 1797
28.6387889435
K= 1798
4936.0 , Degree=0
K= 1799
19.6
K= 1800
4936.0 , Degree=0
K= 1801
4936.0 , Degree=0
K= 1802
4936.0 , Degree=0
K= 1803
2494.28055556
K= 1804
16.0904761904
K= 1805
7.82301587285
K= 1806
4936.0 , Degree=0
K= 1807
4936.0 , Degree=0
K= 1808
36.5952237305
K= 1809
16.9619047617
K= 1810
2700.63809524
K= 1811
10.5833333334
K= 1812
4936.0 , Degree=0
K= 1813
17.795238095
K= 1814
16.807142857
K= 1815
21.1492063493
K= 1816
4936.0 , Degree=0
K= 1817
6.48328776483
K= 1818
23.7952380951
K= 1819
2221.36111111
K= 1820
7484.81904762
K= 1821
17.0404761904
K= 1822
4936.0 , Degree=0
K= 1823
4936.0 , Degree=0
K= 1824
2293.75
K= 1825
4936.0 , Degree=0
K= 1826
4936.0 , Degree=0
K= 1827
24.4488950741
K= 1828
293.31836595
K= 1829
19.7666666666
K= 1830
4936.0 , Degree=0
K= 1831
4936.0 , Degree=0
K= 1832
2264.76419545
K= 1833
2660.81991989
K= 1834
4936.0 , Degree=0
K= 1835
2491.7952381
K= 1836
4936.0 , Degree=0
K= 1837
4936.0 , Degree=0
K= 1838
2281.03151831
K= 1839
35.7238095237
K= 1840
4934.9356838
K= 1841
4936.0 , Degree=0
K= 1842
194.246261107
K= 1843
20.2666666666
K= 1844
2599.60577059
K= 1845
19.7666666666
K= 1846
4936.0 , Degree=0
K= 1847
4936.0 , Degree=0
K= 1848
4936.0 , Degree=0
K= 1849
20.2666666666
K= 1850
17.1285714285
K= 1851
4936.0 , Degree=0
K= 1852
4705.1905294
K= 1853
2304.66666667
K= 1854
4936.0 , Degree=0
K= 1855
172.738480686
K= 1856
16.7500000001
K= 1857
2491.0452381
K= 1858
4936.0 , Degree=0
K= 1859
4936.0 , Degree=0
K= 1860
4936.0 , Degree=0
K= 1861
4936.0 , Degree=0
K= 1862
4936.0 , Degree=0
K= 1863
2246.75
K= 1864
25.1
K= 1865
2642.50558192
K= 1866
31.7190476191
K= 1867
2566.23171517
K= 1868
2293.75
K= 1869
39.5333333333
K= 1870
4936.0 , Degree=0
K= 1871
102.975113607
K= 1872
12.5375
K= 1873
4936.0 , Degree=0
K= 1874
12.2087495836
K= 1875
4936.0 , Degree=0
K= 1876
4699.0
K= 1877
17.0238095238
K= 1878
58.8333333334
K= 1879
14.1559523809
K= 1880
4936.0 , Degree=0
K= 1881
4936.0 , Degree=0
K= 1882
15.7083333331
K= 1883
20.2666666666
K= 1884
4936.0 , Degree=0
K= 1885
2491.60714286
K= 1886
107.428959985
K= 1887
19.2805555556
K= 1888
19.7666666666
K= 1889
190.353174603
K= 1890
4936.0 , Degree=0
K= 1891
2622.0
K= 1892
16.7904761904
K= 1893
4701.36111111
K= 1894
4936.0 , Degree=0
K= 1895
2266.66666667
K= 1896
2234.33333333
K= 1897
4936.0 , Degree=0
K= 1898
4936.0 , Degree=0
K= 1899
32.9238095238
K= 1900
2507.0
K= 1901
4936.0 , Degree=0
K= 1902
12.5128205128
K= 1903
4936.0 , Degree=0
K= 1904
6.77083333314
K= 1905
13.3484126984
K= 1906
4936.0 , Degree=0
K= 1907
13.1874999999
K= 1908
2490.77380952
K= 1909
19.7666666666
K= 1910
17.6285714285
K= 1911
19.9333333332
K= 1912
25.7666666666
K= 1913
2266.66666667
K= 1914
4936.0 , Degree=0
K= 1915
4936.0 , Degree=0
K= 1916
4695.36111111
K= 1917
4936.0 , Degree=0
K= 1918
15.6329670328
K= 1919
4718.07777778
K= 1920
2637.77874054
K= 1921
4936.0 , Degree=0
K= 1922
2226.0
K= 1923
2628.2
K= 1924
16.4060606059
K= 1925
2493.6
K= 1926
4936.0 , Degree=0
K= 1927
4936.0 , Degree=0
K= 1928
13.6198031692
K= 1929
17.8619047616
K= 1930
133.789006416
K= 1931
5348.6
K= 1932
2596.12990245
K= 1933
4936.0 , Degree=0
K= 1934
4936.0 , Degree=0
K= 1935
2626.77185592
K= 1936
4936.0 , Degree=0
K= 1937
70.474134846
K= 1938
19.1128205127
K= 1939
20.2805555556
K= 1940
4936.0 , Degree=0
K= 1941
4936.0 , Degree=0
K= 1942
4936.0 , Degree=0
K= 1943
4698.0
K= 1944
4695.36111111
K= 1945
4936.0 , Degree=0
K= 1946
15.2083333331
K= 1947
4936.0 , Degree=0
K= 1948
2621.56307223
K= 1949
102.808446941
K= 1950
4936.0 , Degree=0
K= 1951
4936.0 , Degree=0
K= 1952
4936.0 , Degree=0
K= 1953
4936.0 , Degree=0
K= 1954
16.0130952381
K= 1955
4670.0
K= 1956
4936.0 , Degree=0
K= 1957
15.4514705882
K= 1958
2599.77874054
K= 1959
2299.0
K= 1960
10.1928904428
K= 1961
123.465612166
K= 1962
2491.7952381
K= 1963
19.1
K= 1964
2694.4547619
K= 1965
16.325108225
K= 1966
4936.0 , Degree=0
K= 1967
4936.0 , Degree=0
K= 1968
2304.66666667
K= 1969
4936.0 , Degree=0
K= 1970
4936.0 , Degree=0
K= 1971
40.5368663553
K= 1972
4936.0 , Degree=0
K= 1973
4936.0 , Degree=0
K= 1974
4936.0 , Degree=0
K= 1975
4936.0 , Degree=0
K= 1976
4936.0 , Degree=0
K= 1977
4936.0 , Degree=0
K= 1978
4936.0 , Degree=0
K= 1979
4980.23874315
K= 1980
188.748191265
K= 1981
17.6071428572
K= 1982
78.8382382893
K= 1983
4936.0 , Degree=0
K= 1984
4936.0 , Degree=0
K= 1985
20.2666666666
K= 1986
4936.0 , Degree=0
K= 1987
10.7500000001
K= 1988
441.013492064
K= 1989
4936.0 , Degree=0
K= 1990
2487.82301587
K= 1991
4936.0 , Degree=0
K= 1992
2293.75
K= 1993
17.7785714285
K= 1994
4936.0 , Degree=0
K= 1995
4936.0 , Degree=0
K= 1996
4936.0 , Degree=0
K= 1997
43.1166666667
K= 1998
16.7727272726
K= 1999
4936.0 , Degree=0
K= 2000
13.3230158729
K= 2001
4936.0 , Degree=0
K= 2002
4936.0 , Degree=0
K= 2003
2293.75
K= 2004
2706.65714286
K= 2005
20.2666666667
K= 2006
2686.95
K= 2007
4936.0 , Degree=0
K= 2008
2706.65714286
K= 2009
2246.75
K= 2010
14.8758241757
K= 2011
2390.66232945
K= 2012
25.9942324756
K= 2013
13.0021645022
K= 2014
15.7238095237
K= 2015
4936.0 , Degree=0
K= 2016
4936.0 , Degree=0
K= 2017
2597.45365076
K= 2018
2608.68366928
K= 2019
38.8923076922
K= 2020
19.7666666666
K= 2021
19.7666666666
K= 2022
2293.75
K= 2023
34.5611111111
K= 2024
4936.0 , Degree=0
K= 2025
11.8785714285
K= 2026
4936.0 , Degree=0
K= 2027
4629.19432773
K= 2028
19.7666666666
K= 2029
4936.0 , Degree=0
K= 2030
63.0291316526
K= 2031
12.7443181818
K= 2032
2488.62504016
K= 2033
17.4166666669
K= 2034
4936.0 , Degree=0
K= 2035
4936.0 , Degree=0
K= 2036
64.6556901694
K= 2037
2293.75
K= 2038
4936.0 , Degree=0
K= 2039
4936.0 , Degree=0
K= 2040
89.4750950058
K= 2041
4936.0 , Degree=0
K= 2042
4936.0 , Degree=0
K= 2043
13.1845238094
K= 2044
4936.0 , Degree=0
K= 2045
9892.0
K= 2046
4685.75
K= 2047
34.9238095238
K= 2048
4936.0 , Degree=0
K= 2049
39.2
K= 2050
4936.0 , Degree=0
K= 2051
2293.75
K= 2052
4936.0 , Degree=0
K= 2053
4936.0 , Degree=0
K= 2054
4936.0 , Degree=0
K= 2055
4936.0 , Degree=0
K= 2056
4936.0 , Degree=0
K= 2057
4936.0 , Degree=0
K= 2058
23.5067353698
K= 2059
9.43225108215
K= 2060
2657.00097885
K= 2061
4936.0 , Degree=0
K= 2062
17.9619047617
K= 2063
15.2083333331
K= 2064
4936.0 , Degree=0
K= 2065
4936.0 , Degree=0
K= 2066
15.7119047617
K= 2067
2246.75
K= 2068
4936.0 , Degree=0
K= 2069
4936.0 , Degree=0
K= 2070
118.644689838
K= 2071
19.7666666666
K= 2072
21.8512237761
K= 2073
7.87261904764
K= 2074
61.0602346907
K= 2075
4936.0 , Degree=0
K= 2076
4936.0 , Degree=0
K= 2077
957.395217813
K= 2078
19.7666666666
K= 2079
4936.0 , Degree=0
K= 2080
4936.0 , Degree=0
K= 2081
19.9333333332
K= 2082
4936.0 , Degree=0
K= 2083
2487.53888889
K= 2084
72.4675577169
K= 2085
102.975113607
K= 2086
4936.0 , Degree=0
K= 2087
58.0537049545
K= 2088
4936.0 , Degree=0
K= 2089
126.411721612
K= 2090
2293.75
K= 2091
4936.0 , Degree=0
K= 2092
4432.0
K= 2093
4936.0 , Degree=0
K= 2094
2643.77874054
K= 2095
2497.18260628
K= 2096
181.409044466
K= 2097
52.7896856308
K= 2098
689.948143927
K= 2099
4936.0 , Degree=0
K= 2100
4936.0 , Degree=0
K= 2101
4936.0 , Degree=0
K= 2102
4936.0 , Degree=0
K= 2103
4936.0 , Degree=0
K= 2104
4936.0 , Degree=0
K= 2105
4661.0
K= 2106
4936.0 , Degree=0
K= 2107
4936.0 , Degree=0
K= 2108
36.077064957
K= 2109
2489.20833333
K= 2110
10.5651364181
K= 2111
2489.86908092
K= 2112
4936.0 , Degree=0
K= 2113
17.7119047618
K= 2114
2519.75079622
K= 2115
4936.0 , Degree=0
K= 2116
19.6
K= 2117
4936.0 , Degree=0
K= 2118
16.4917748916
K= 2119
10.7238095237
K= 2120
2226.0
K= 2121
4936.0 , Degree=0
K= 2122
4936.0 , Degree=0
K= 2123
2718.0
K= 2124
10.7060606058
K= 2125
2611.73848069
K= 2126
4936.0 , Degree=0
K= 2127
2692.71666667
K= 2128
4696.0
K= 2129
4936.0 , Degree=0
K= 2130
2293.75
K= 2131
4936.0 , Degree=0
K= 2132
4936.0 , Degree=0
K= 2133
28.8095238096
K= 2134
2648.61946106
K= 2135
4936.0 , Degree=0
K= 2136
2293.75
K= 2137
102.975113607
K= 2138
4936.0 , Degree=0
K= 2139
4936.0 , Degree=0
K= 2140
2490.35844156
K= 2141
489.926193177
K= 2142
2293.75
K= 2143
2524.46338645
K= 2144
4936.0 , Degree=0
K= 2145
4936.0 , Degree=0
K= 2146
2924.93100398
K= 2147
4936.0 , Degree=0
K= 2148
177.714943321
K= 2149
2490.69047619
K= 2150
4936.0 , Degree=0
K= 2151
4936.0 , Degree=0
K= 2152
4936.0 , Degree=0
K= 2153
4936.0 , Degree=0
K= 2154
2655.95634921
K= 2155
4936.0 , Degree=0
K= 2156
4936.0 , Degree=0
K= 2157
4936.0 , Degree=0
K= 2158
4936.0 , Degree=0
K= 2159
4936.0 , Degree=0
K= 2160
4936.0 , Degree=0
K= 2161
81.8595238095
K= 2162
15.7083333331
K= 2163
149.153337232
K= 2164
13.7952380951
K= 2165
4936.0 , Degree=0
K= 2166
19.9333333332
K= 2167
4639.0
K= 2168
4936.0 , Degree=0
K= 2169
4936.0 , Degree=0
K= 2170
14.2000000001
K= 2171
4936.0 , Degree=0
K= 2172
18.6
K= 2173
23.2023809524
K= 2174
4936.0 , Degree=0
K= 2175
4936.0 , Degree=0
K= 2176
12.7746031747
K= 2177
14.2805555555
K= 2178
4936.0 , Degree=0
K= 2179
50.3580640993
K= 2180
15.8758241757
K= 2181
4936.0 , Degree=0
K= 2182
102.975113607
K= 2183
13.280952381
K= 2184
4936.0 , Degree=0
K= 2185
4936.0 , Degree=0
K= 2186
4695.36111111
K= 2187
4936.0 , Degree=0
K= 2188
4689.0
K= 2189
4936.0 , Degree=0
K= 2190
4936.0 , Degree=0
K= 2191
13.6000000001
K= 2192
19.7666666666
K= 2193
4936.0 , Degree=0
K= 2194
2617.51483516
K= 2195
4936.0 , Degree=0
K= 2196
4936.0 , Degree=0
K= 2197
19.7666666666
K= 2198
2493.76666667
K= 2199
4936.0 , Degree=0
K= 2200
4936.0 , Degree=0
K= 2201
2281.75
K= 2202
4936.0 , Degree=0
K= 2203
17.3619047618
K= 2204
2461.48589531
K= 2205
16.7904761904
K= 2206
4936.0 , Degree=0
K= 2207
4936.0 , Degree=0
K= 2208
4936.0 , Degree=0
K= 2209
4936.0 , Degree=0
K= 2210
4936.0 , Degree=0
K= 2211
4936.0 , Degree=0
K= 2212
2266.66666667
K= 2213
4936.0 , Degree=0
K= 2214
4936.0 , Degree=0
K= 2215
4936.0 , Degree=0
K= 2216
4936.0 , Degree=0
K= 2217
4369.82501279
K= 2218
16.2893939393
K= 2219
4936.0 , Degree=0
K= 2220
4936.0 , Degree=0
K= 2221
4936.0 , Degree=0
K= 2222
4936.0 , Degree=0
K= 2223
2226.0
K= 2224
2707.65714286
K= 2225
4936.0 , Degree=0
K= 2226
4936.0 , Degree=0
K= 2227
4936.0 , Degree=0
K= 2228
4969.31103896
K= 2229
0.0
K= 2230
4936.0 , Degree=0
K= 2231
36.4727272728
K= 2232
2905.81507936
K= 2233
4936.0 , Degree=0
K= 2234
4936.0 , Degree=0
K= 2235
4936.0 , Degree=0
K= 2236
4936.0 , Degree=0
K= 2237
22.5255877512
K= 2238
4936.0 , Degree=0
K= 2239
4936.0 , Degree=0
K= 2240
4936.0 , Degree=0
K= 2241
4936.0 , Degree=0
K= 2242
28.5904761906
K= 2243
2215.36111111
K= 2244
4936.0 , Degree=0
K= 2245
14.2916666664
K= 2246
13.2005772006
K= 2247
17.9619047617
K= 2248
19.7666666666
K= 2249
4936.0 , Degree=0
K= 2250
2540.83993507
K= 2251
11.7119047618
K= 2252
4936.0 , Degree=0
K= 2253
5.52734605549
K= 2254
40.5333333333
K= 2255
31.6836692764
K= 2256
6924.0
K= 2257
4706.0
K= 2258
4936.0 , Degree=0
K= 2259
4936.0 , Degree=0
K= 2260
4936.0 , Degree=0
K= 2261
16.9238095237
K= 2262
4936.0 , Degree=0
K= 2263
4936.0 , Degree=0
K= 2264
20.2666666666
K= 2265
20.2666666666
K= 2266
4988.80295195
K= 2267
4936.0 , Degree=0
K= 2268
14.4870985395
K= 2269
4985.53333333
K= 2270
4936.0 , Degree=0
K= 2271
2644.81991989
K= 2272
183.130512691
K= 2273
2706.89047619
K= 2274
4936.0 , Degree=0
K= 2275
4698.0
K= 2276
14.9191819291
K= 2277
4936.0 , Degree=0
K= 2278
4936.0 , Degree=0
K= 2279
4936.0 , Degree=0
K= 2280
4936.0 , Degree=0
K= 2281
4936.0 , Degree=0
K= 2282
15.3537926985
K= 2283
35.6203379952
K= 2284
19.7666666666
K= 2285
4936.0 , Degree=0
K= 2286
25.987012987
K= 2287
4936.0 , Degree=0
K= 2288
4936.0 , Degree=0
K= 2289
4936.0 , Degree=0
K= 2290
4936.0 , Degree=0
K= 2291
2413.75079622
K= 2292
4936.0 , Degree=0
K= 2293
4936.0 , Degree=0
K= 2294
4936.0 , Degree=0
K= 2295
4670.0
K= 2296
14.280952381
K= 2297
4936.0 , Degree=0
K= 2298
4936.0 , Degree=0
K= 2299
19.7666666666
K= 2300
4936.0 , Degree=0
K= 2301
2665.08053058
K= 2302
63.5119047618
K= 2303
4936.0 , Degree=0
K= 2304
4936.0 , Degree=0
K= 2305
2644.81991989
K= 2306
10.2095571094
K= 2307
2611.0
K= 2308
164.231715172
K= 2309
2485.19434566
K= 2310
4936.0 , Degree=0
K= 2311
4936.0 , Degree=0
K= 2312
165.065211741
K= 2313
4936.0 , Degree=0
K= 2314
4936.0 , Degree=0
K= 2315
4936.0 , Degree=0
K= 2316
0.0
K= 2317
4936.0 , Degree=0
K= 2318
17.5238095238
K= 2319
12.3679327917
K= 2320
19.6
K= 2321
2599.77874054
K= 2322
301.907142857
K= 2323
8.70833333314
K= 2324
4936.0 , Degree=0
K= 2325
11.9619047617
K= 2326
2490.75
K= 2327
4936.0 , Degree=0
K= 2328
4698.46777778
K= 2329
4936.0 , Degree=0
K= 2330
2491.52380952
K= 2331
68.6963664014
K= 2332
224.447746698
K= 2333
17.795238095
K= 2334
20.280952381
K= 2335
2234.33333333
K= 2336
4936.0 , Degree=0
K= 2337
4936.0 , Degree=0
K= 2338
4936.0 , Degree=0
K= 2339
2665.05595238
K= 2340
2224.79444444
K= 2341
4936.0 , Degree=0
K= 2342
15.0416666665
K= 2343
4936.0 , Degree=0
K= 2344
4936.0 , Degree=0
K= 2345
4936.0 , Degree=0
K= 2346
4936.0 , Degree=0
K= 2347
33.4561859192
K= 2348
4936.0 , Degree=0
K= 2349
4936.0 , Degree=0
K= 2350
4936.0 , Degree=0
K= 2351
16.5393939392
K= 2352
4936.0 , Degree=0
K= 2353
4936.0 , Degree=0
K= 2354
4936.0 , Degree=0
K= 2355
4936.0 , Degree=0
K= 2356
4936.0 , Degree=0
K= 2357
4936.0 , Degree=0
K= 2358
104.488095238
K= 2359
2374.75
K= 2360
4936.0 , Degree=0
K= 2361
4936.0 , Degree=0
K= 2362
4936.0 , Degree=0
K= 2363
4936.0 , Degree=0
K= 2364
65.8214285715
K= 2365
2636.3531746
K= 2366
4936.0 , Degree=0
K= 2367
35.9238095238
K= 2368
17.9619047617
K= 2369
4625.0
K= 2370
17.4166666667
K= 2371
4936.0 , Degree=0
K= 2372
43.2782585468
K= 2373
4936.0 , Degree=0
K= 2374
19.4461538461
K= 2375
4936.0 , Degree=0
K= 2376
4718.07777778
K= 2377
2573.14002206
K= 2378
4936.0 , Degree=0
K= 2379
4936.0 , Degree=0
K= 2380
4936.0 , Degree=0
K= 2381
2226.0
K= 2382
8693.53230197
K= 2383
4936.0 , Degree=0
K= 2384
18.1310185186
K= 2385
2605.48204279
K= 2386
15.5251082249
K= 2387
125.671972352
K= 2388
15.1083333332
K= 2389
4936.0 , Degree=0
K= 2390
2566.23171517
K= 2391
4936.0 , Degree=0
K= 2392
23.5333333333
K= 2393
4936.0 , Degree=0
K= 2394
2628.5978688
K= 2395
4936.0 , Degree=0
K= 2396
4936.0 , Degree=0
K= 2397
4936.0 , Degree=0
K= 2398
4936.0 , Degree=0
K= 2399
17.607142857
K= 2400
4936.0 , Degree=0
Betweenness Centrality Improvement
[ 0.  0.  0. ...,  0.  0.  0.]
Top 20 BC Improvement
[1465 2045 2382 1776 1820 2256 1622 1931 1758 2266 2269 1979 1202 2228 1638
 1611 1614 1637 1623 1624]
Top 20 BC Improvement
[ 9892.          9892.          8693.53230197  7965.16785714  7484.81904762
  6924.          6506.70728917  5348.6         5306.49848934  4988.80295195
  4985.53333333  4980.23874315  4970.12960373  4969.31103896  4936.          4936.
  4936.          4936.          4936.          4936.        ]
