txValue= 1000000
Input graph
IGRAPH D--- 4619 68733 -- 
+ attr: pub_key (v), base_fee (e), capacity (e), fee_rate (e), txCost (e)
None
Graph after edges deleted
IGRAPH D--- 4619 32193 -- 
+ attr: pub_key (v), base_fee (e), capacity (e), fee_rate (e), txCost (e)
None
Our nodes starting connections: 
(4618, 2796)
(4618, 1223)
(4618, 1163)
(4618, 222)
(4618, 2745)
(4618, 3884)
(4618, 3265)
(4618, 4209)
(4618, 2087)
(4618, 3540)
(4618, 3690)
(4618, 1039)
CurrentBC of our node:  521960.71786
K= 0
42.9144654527
K= 1
16.6166666667
K= 2
18.4999999999
K= 3
58.774908425
K= 4
4936.0 , Degree=0
K= 5
2523.90747072
K= 6
213.366666667
K= 7
25.1428571427
K= 8
2499.0
K= 9
17.8666666667
K= 10
4936.0 , Degree=0
K= 11
27.381216931
K= 12
6773.6
K= 13
59.907106782
K= 14
19.4999999998
K= 15
159.427522477
K= 16
2258.2
K= 17
4936.0 , Degree=0
K= 18
16.2857142857
K= 19
21.5816543518
K= 20
50.6408040488
K= 21
19.6666666665
K= 22
4936.0 , Degree=0
K= 23
4936.0 , Degree=0
K= 24
2485.32717152
K= 25
14.5746336997
K= 26
19.6666666665
K= 27
2272.0
K= 28
4936.0 , Degree=0
K= 29
20.1666666665
K= 30
4936.0 , Degree=0
K= 31
4936.0 , Degree=0
K= 32
2481.77380952
K= 33
20.1666666665
K= 34
4936.0 , Degree=0
K= 35
17.4833333334
K= 36
4727.18619123
K= 37
16.607142857
K= 38
4936.0 , Degree=0
K= 39
21.4688072343
K= 40
4936.0 , Degree=0
K= 41
4936.0 , Degree=0
K= 42
4936.0 , Degree=0
K= 43
16.2454545453
K= 44
4936.0 , Degree=0
K= 45
2491.7
K= 46
4936.0 , Degree=0
K= 47
2548.52309006
K= 48
2296.66666667
K= 49
4936.0 , Degree=0
K= 50
18.3666666667
K= 51
4936.0 , Degree=0
K= 52
2635.72261905
K= 53
87.239682909
K= 54
33.3333333331
K= 55
4936.0 , Degree=0
K= 56
2312.0
K= 57
4936.0 , Degree=0
K= 58
19.6666666665
K= 59
4936.0 , Degree=0
K= 60
2542.63809524
K= 61
21.0019033878
K= 62
15.5166666667
K= 63
4936.0 , Degree=0
K= 64
117.87705137
K= 65
4936.0 , Degree=0
K= 66
2250.0
K= 67
4936.0 , Degree=0
K= 68
4936.0 , Degree=0
K= 69
2625.52222222
K= 70
2581.28068321
K= 71
16.6574000871
K= 72
2590.2252109
K= 73
2488.54047619
K= 74
15.411111111
K= 75
18.1666666665
K= 76
2323.0
K= 77
2323.0
K= 78
2491.76666667
K= 79
4936.0 , Degree=0
K= 80
33.3333333331
K= 81
2609.25957875
K= 82
4936.0 , Degree=0
K= 83
4936.0 , Degree=0
K= 84
58.3155482461
K= 85
15.0357142858
K= 86
4936.0 , Degree=0
K= 87
2494.16666667
K= 88
2323.0
K= 89
2548.52309006
K= 90
191.169588745
K= 91
14.1666666665
K= 92
4691.0
K= 93
2329.0
K= 94
4936.0 , Degree=0
K= 95
4936.0 , Degree=0
K= 96
4936.0 , Degree=0
K= 97
2629.88031748
K= 98
16.8904761904
K= 99
17.007142857
K= 100
4700.0
K= 101
2494.0
K= 102
17.5238095237
K= 103
17.7
K= 104
4936.0 , Degree=0
K= 105
4936.0 , Degree=0
K= 106
4936.0 , Degree=0
K= 107
4936.0 , Degree=0
K= 108
4939.0
K= 109
4936.0 , Degree=0
K= 110
4936.0 , Degree=0
K= 111
4936.0 , Degree=0
K= 112
4936.0 , Degree=0
K= 113
28.0338827839
K= 114
20.1666666665
K= 115
4936.0 , Degree=0
K= 116
4936.0 , Degree=0
K= 117
2323.0
K= 118
4936.0 , Degree=0
K= 119
20.1666666665
K= 120
8.60897435911
K= 121
2296.66666667
K= 122
4936.0 , Degree=0
K= 123
2660.0
K= 124
4936.0 , Degree=0
K= 125
4936.0 , Degree=0
K= 126
11.2936664785
K= 127
7.60404040402
K= 128
4936.0 , Degree=0
K= 129
37.15
K= 130
4936.0 , Degree=0
K= 131
4936.0 , Degree=0
K= 132
2524.64080405
K= 133
13.1179154178
K= 134
4936.0 , Degree=0
K= 135
17.8666666667
K= 136
1527.48698143
K= 137
19.6666666665
K= 138
15.1675603965
K= 139
8.06150793645
K= 140
2611.68158537
K= 141
4936.0 , Degree=0
K= 142
4936.0 , Degree=0
K= 143
9.91538069752
K= 144
4936.0 , Degree=0
K= 145
10.2166666667
K= 146
11.8666666668
K= 147
14.5357142859
K= 148
5048.19061026
K= 149
4936.0 , Degree=0
K= 150
4936.0 , Degree=0
K= 151
2494.16666667
K= 152
14.0246753247
K= 153
4936.0 , Degree=0
K= 154
3697.33005424
K= 155
4936.0 , Degree=0
K= 156
27.3333333334
K= 157
2264.33333333
K= 158
4936.0 , Degree=0
K= 159
150.172387423
K= 160
2489.21904762
K= 161
4936.0 , Degree=0
K= 162
4936.0 , Degree=0
K= 163
2524.64080405
K= 164
4936.0 , Degree=0
K= 165
4936.0 , Degree=0
K= 166
19.6666666665
K= 167
13.6666666665
K= 168
4936.0 , Degree=0
K= 169
4936.0 , Degree=0
K= 170
4936.0 , Degree=0
K= 171
16.6333333333
K= 172
4936.0 , Degree=0
K= 173
20.1666666665
K= 174
4936.0 , Degree=0
K= 175
168.736508675
K= 176
4936.0 , Degree=0
K= 177
4716.61111111
K= 178
4936.0 , Degree=0
K= 179
4936.0 , Degree=0
K= 180
19.9999999998
K= 181
4936.0 , Degree=0
K= 182
7.80264771462
K= 183
64.4710591133
K= 184
14.9999999999
K= 185
4936.0 , Degree=0
K= 186
4936.0 , Degree=0
K= 187
17.3166666666
K= 188
4936.0 , Degree=0
K= 189
15.5897852149
K= 190
2334.66666667
K= 191
4936.0 , Degree=0
K= 192
4936.0 , Degree=0
K= 193
4936.0 , Degree=0
K= 194
19.6666666665
K= 195
4936.0 , Degree=0
K= 196
4936.0 , Degree=0
K= 197
32.5214285714
K= 198
63.5482355529
K= 199
19.4999999999
K= 200
2416.50848917
K= 201
2486.53021109
K= 202
69.0173490047
K= 203
4936.0 , Degree=0
K= 204
4936.0 , Degree=0
K= 205
17.3166666666
K= 206
4936.0 , Degree=0
K= 207
13.8333333331
K= 208
26.5666666668
K= 209
4936.0 , Degree=0
K= 210
4936.0 , Degree=0
K= 211
19.9380186167
K= 212
4936.0 , Degree=0
K= 213
19.8333333331
K= 214
4936.0 , Degree=0
K= 215
2334.66666667
K= 216
19.6666666665
K= 217
2584.0
K= 218
2318.0
K= 219
62.5234370276
K= 220
11.8666666668
K= 221
15.1499999999
K= 222
41.5611222757
K= 223
4936.0 , Degree=0
K= 224
4936.0 , Degree=0
K= 225
13.4999999998
K= 226
17.8666666667
K= 227
4936.0 , Degree=0
K= 228
2318.0
K= 229
4936.0 , Degree=0
K= 230
2625.72546066
K= 231
4936.0 , Degree=0
K= 232
4936.0 , Degree=0
K= 233
2256.0
K= 234
31.6911258947
K= 235
233.171379973
K= 236
4936.0 , Degree=0
K= 237
4936.0 , Degree=0
K= 238
2632.70595238
K= 239
24.048164529
K= 240
4936.0 , Degree=0
K= 241
14.1805555555
K= 242
27.5809523808
K= 243
4936.0 , Degree=0
K= 244
4936.0 , Degree=0
K= 245
4936.0 , Degree=0
K= 246
2626.2252109
K= 247
4936.0 , Degree=0
K= 248
4936.0 , Degree=0
K= 249
2323.0
K= 250
4936.0 , Degree=0
K= 251
16.2339228803
K= 252
4936.0 , Degree=0
K= 253
4927.04576812
K= 254
4936.0 , Degree=0
K= 255
4936.0 , Degree=0
K= 256
20.1666666665
K= 257
2581.28068321
K= 258
21.9136116154
K= 259
4674.33333333
K= 260
24.6456484096
K= 261
4936.0 , Degree=0
K= 262
4936.0 , Degree=0
K= 263
6778.6
K= 264
4936.0 , Degree=0
K= 265
23.4999999999
K= 266
17.7833333334
K= 267
64.2130648029
K= 268
4936.0 , Degree=0
K= 269
18.1833333334
K= 270
2261.08636364
K= 271
4936.0 , Degree=0
K= 272
4936.0 , Degree=0
K= 273
4936.0 , Degree=0
K= 274
2485.71348039
K= 275
2252.08636364
K= 276
2603.0
K= 277
4936.0 , Degree=0
K= 278
4936.0 , Degree=0
K= 279
2296.66666667
K= 280
4936.0 , Degree=0
K= 281
51.9999999999
K= 282
206.930461778
K= 283
4936.0 , Degree=0
K= 284
2677.56666667
K= 285
2664.54479829
K= 286
20.1666666665
K= 287
16.2023809524
K= 288
4936.0 , Degree=0
K= 289
2670.21111111
K= 290
31.9999999998
K= 291
4936.0 , Degree=0
K= 292
4936.0 , Degree=0
K= 293
16.6499999999
K= 294
192.814477067
K= 295
15.6666666667
K= 296
9.68534798548
K= 297
4936.0 , Degree=0
K= 298
4936.0 , Degree=0
K= 299
4936.0 , Degree=0
K= 300
8.85238095245
K= 301
4936.0 , Degree=0
K= 302
11.8666666667
K= 303
4936.0 , Degree=0
K= 304
4936.0 , Degree=0
K= 305
11.4993808049
K= 306
4985.4047619
K= 307
14.0615079364
K= 308
4936.0 , Degree=0
K= 309
2362.52309006
K= 310
4936.0 , Degree=0
K= 311
4727.08636364
K= 312
2647.89047619
K= 313
2589.59698731
K= 314
4936.0 , Degree=0
K= 315
4936.0 , Degree=0
K= 316
150.753592314
K= 317
4936.0 , Degree=0
K= 318
4936.0 , Degree=0
K= 319
16.607142857
K= 320
15.8049783548
K= 321
2502.50539816
K= 322
4936.0 , Degree=0
K= 323
4936.0 , Degree=0
K= 324
4936.0 , Degree=0
K= 325
4936.0 , Degree=0
K= 326
4936.0 , Degree=0
K= 327
2612.56051282
K= 328
13.09013764
K= 329
16.6666666665
K= 330
18.9999999999
K= 331
4936.0 , Degree=0
K= 332
4936.0 , Degree=0
K= 333
19.6666666665
K= 334
4936.0 , Degree=0
K= 335
4936.0 , Degree=0
K= 336
4936.0 , Degree=0
K= 337
2591.84979021
K= 338
4936.0 , Degree=0
K= 339
39.95
K= 340
19.6666666665
K= 341
93.8636661725
K= 342
4728.0
K= 343
6.69959150325
K= 344
27.0338827839
K= 345
4936.0 , Degree=0
K= 346
4936.0 , Degree=0
K= 347
2488.06150794
K= 348
4936.0 , Degree=0
K= 349
19.1666666665
K= 350
19.6666666665
K= 351
4694.0
K= 352
11.5833333334
K= 353
4936.0 , Degree=0
K= 354
4936.0 , Degree=0
K= 355
4936.0 , Degree=0
K= 356
4730.0
K= 357
4936.0 , Degree=0
K= 358
16.2166666667
K= 359
4936.0 , Degree=0
K= 360
2362.52309006
K= 361
15.3832687779
K= 362
4936.0 , Degree=0
K= 363
19.8333333331
K= 364
101.818883702
K= 365
2627.4031746
K= 366
4936.0 , Degree=0
K= 367
4936.0 , Degree=0
K= 368
4936.0 , Degree=0
K= 369
13.7261904762
K= 370
4936.0 , Degree=0
K= 371
4936.0 , Degree=0
K= 372
15.5248511903
K= 373
4936.0 , Degree=0
K= 374
4936.0 , Degree=0
K= 375
154.383196302
K= 376
4936.0 , Degree=0
K= 377
156.489768361
K= 378
20.1666666665
K= 379
20.1666666665
K= 380
13.3917249416
K= 381
4936.0 , Degree=0
K= 382
2493.66666667
K= 383
4936.0 , Degree=0
K= 384
2441.16666667
K= 385
4936.0 , Degree=0
K= 386
2490.84047619
K= 387
4700.0
K= 388
8.01388888876
K= 389
4936.0 , Degree=0
K= 390
13.4777777779
K= 391
4936.0 , Degree=0
K= 392
2251.61111111
K= 393
17.8666666668
K= 394
4936.0 , Degree=0
K= 395
4936.0 , Degree=0
K= 396
67.7445654442
K= 397
4936.0 , Degree=0
K= 398
4936.0 , Degree=0
K= 399
2673.62380952
K= 400
4936.0 , Degree=0
K= 401
17.8666666668
K= 402
4936.0 , Degree=0
K= 403
2491.61666667
K= 404
4936.0 , Degree=0
K= 405
4936.0 , Degree=0
K= 406
4936.0 , Degree=0
K= 407
4936.0 , Degree=0
K= 408
12403.0
K= 409
4936.0 , Degree=0
K= 410
4936.0 , Degree=0
K= 411
4936.0 , Degree=0
K= 412
4936.0 , Degree=0
K= 413
4936.0 , Degree=0
K= 414
16.6499999999
K= 415
57.1496613654
K= 416
4681.66666667
K= 417
246.971428572
K= 418
4936.0 , Degree=0
K= 419
84.2825777445
K= 420
62.0002373121
K= 421
2531.8737679
K= 422
41.9362121212
K= 423
4936.0 , Degree=0
K= 424
4936.0 , Degree=0
K= 425
4936.0 , Degree=0
K= 426
2552.80238095
K= 427
4936.0 , Degree=0
K= 428
4936.0 , Degree=0
K= 429
16.65
K= 430
66.9341878955
K= 431
4936.0 , Degree=0
K= 432
23.195869855
K= 433
10.6
K= 434
4936.0 , Degree=0
K= 435
4936.0 , Degree=0
K= 436
4936.0 , Degree=0
K= 437
4936.0 , Degree=0
K= 438
14.8523809524
K= 439
4936.0 , Degree=0
K= 440
4936.0 , Degree=0
K= 441
2677.56666667
K= 442
17.8666666667
K= 443
4936.0 , Degree=0
K= 444
50.5
K= 445
4936.0 , Degree=0
K= 446
4936.0 , Degree=0
K= 447
4936.0 , Degree=0
K= 448
17.5333333334
K= 449
2277.0
K= 450
4936.0 , Degree=0
K= 451
4936.0 , Degree=0
K= 452
15.7253968256
K= 453
4696.15238095
K= 454
2361.0
K= 455
4936.0 , Degree=0
K= 456
4936.0 , Degree=0
K= 457
2622.42376189
K= 458
4936.0 , Degree=0
K= 459
4936.0 , Degree=0
K= 460
4936.0 , Degree=0
K= 461
4936.0 , Degree=0
K= 462
4936.0 , Degree=0
K= 463
2493.66666667
K= 464
4936.0 , Degree=0
K= 465
17.3166666666
K= 466
2653.36666667
K= 467
149.69054945
K= 468
4936.0 , Degree=0
K= 469
19.6666666665
K= 470
37.0
K= 471
19.4999999998
K= 472
10.9404761903
K= 473
25.1465201465
K= 474
20.1666666665
K= 475
4936.0 , Degree=0
K= 476
4936.0 , Degree=0
K= 477
4936.0 , Degree=0
K= 478
4691.0
K= 479
4936.0 , Degree=0
K= 480
111.323155266
K= 481
4936.0 , Degree=0
K= 482
4936.0 , Degree=0
K= 483
2258.2
K= 484
16.8923076923
K= 485
4936.0 , Degree=0
K= 486
4936.0 , Degree=0
K= 487
20.9441489227
K= 488
4449.74973307
K= 489
4936.0 , Degree=0
K= 490
4936.0 , Degree=0
K= 491
4936.0 , Degree=0
K= 492
2323.0
K= 493
4936.0 , Degree=0
K= 494
15.6238095237
K= 495
4936.0 , Degree=0
K= 496
4936.0 , Degree=0
K= 497
2634.3747199
K= 498
12468.0656039
K= 499
4936.0 , Degree=0
K= 500
19.4999999998
K= 501
2522.68869041
K= 502
16.8428571427
K= 503
2485.95663957
K= 504
2548.52309006
K= 505
4936.0 , Degree=0
K= 506
4936.0 , Degree=0
K= 507
2258.2
K= 508
4936.0 , Degree=0
K= 509
2581.28068321
K= 510
2548.52309006
K= 511
4936.0 , Degree=0
K= 512
4936.0 , Degree=0
K= 513
2277.0
K= 514
3706.69591709
K= 515
14.9609890112
K= 516
4936.0 , Degree=0
K= 517
13.4417249416
K= 518
4936.0 , Degree=0
K= 519
2248.45567766
K= 520
2491.2
K= 521
4936.0 , Degree=0
K= 522
2609.25957875
K= 523
4936.0 , Degree=0
K= 524
159.784376493
K= 525
4936.0 , Degree=0
K= 526
4936.0 , Degree=0
K= 527
2501.69395146
K= 528
2651.70595238
K= 529
2609.0
K= 530
17.8666666667
K= 531
4936.0 , Degree=0
K= 532
4936.0 , Degree=0
K= 533
63.0438076475
K= 534
4936.0 , Degree=0
K= 535
4936.0 , Degree=0
K= 536
4936.0 , Degree=0
K= 537
17.7
K= 538
2629.37977323
K= 539
2256.0
K= 540
44.1429848711
K= 541
4700.0
K= 542
18.4999999998
K= 543
4936.0 , Degree=0
K= 544
4936.0 , Degree=0
K= 545
4936.0 , Degree=0
K= 546
82.4968257662
K= 547
4691.0
K= 548
32.7333333333
K= 549
2264.33333333
K= 550
25.0857142856
K= 551
4936.0 , Degree=0
K= 552
4936.0 , Degree=0
K= 553
4730.0
K= 554
4936.0 , Degree=0
K= 555
2629.74493399
K= 556
136.0
K= 557
4936.0 , Degree=0
K= 558
2623.55433548
K= 559
4936.0 , Degree=0
K= 560
4936.0 , Degree=0
K= 561
380.713077982
K= 562
2638.32029036
K= 563
4936.0 , Degree=0
K= 564
2664.13461538
K= 565
2629.52222222
K= 566
4936.0 , Degree=0
K= 567
46.4048351648
K= 568
4936.0 , Degree=0
K= 569
43.5520782741
K= 570
2556.64164169
K= 571
4936.0 , Degree=0
K= 572
152.946719947
K= 573
4936.0 , Degree=0
K= 574
4936.0 , Degree=0
K= 575
2618.57221974
K= 576
4936.0 , Degree=0
K= 577
19.4999999998
K= 578
4936.0 , Degree=0
K= 579
4936.0 , Degree=0
K= 580
21.9555555555
K= 581
10.9194122617
K= 582
4936.0 , Degree=0
K= 583
16.65
K= 584
4936.0 , Degree=0
K= 585
4936.0 , Degree=0
K= 586
4936.0 , Degree=0
K= 587
4936.0 , Degree=0
K= 588
4936.0 , Degree=0
K= 589
48.5646382576
K= 590
4936.0 , Degree=0
K= 591
2647.76383284
K= 592
4936.0 , Degree=0
K= 593
4936.0 , Degree=0
K= 594
4717.0
K= 595
4936.0 , Degree=0
K= 596
19.6666666665
K= 597
4936.0 , Degree=0
K= 598
12.5311268366
K= 599
3889.29143922
K= 600
2494.16666667
K= 601
2588.33588205
K= 602
4936.0 , Degree=0
K= 603
4936.0 , Degree=0
K= 604
2559.79363956
K= 605
2493.66666667
K= 606
2614.53287161
K= 607
2323.0
K= 608
16.8
K= 609
176.640154947
K= 610
4936.0 , Degree=0
K= 611
4936.0 , Degree=0
K= 612
2483.9101391
K= 613
2601.34031977
K= 614
4936.0 , Degree=0
K= 615
4936.0 , Degree=0
K= 616
4936.0 , Degree=0
K= 617
16.65
K= 618
19.1666666665
K= 619
4936.0 , Degree=0
K= 620
4936.0 , Degree=0
K= 621
2572.25709522
K= 622
20.1666666665
K= 623
158.484635372
K= 624
4936.0 , Degree=0
K= 625
4936.0 , Degree=0
K= 626
4936.0 , Degree=0
K= 627
18.2000000001
K= 628
4936.0 , Degree=0
K= 629
4936.0 , Degree=0
K= 630
4736.0
K= 631
4936.0 , Degree=0
K= 632
4936.0 , Degree=0
K= 633
4936.0 , Degree=0
K= 634
4936.0 , Degree=0
K= 635
4936.0 , Degree=0
K= 636
4936.0 , Degree=0
K= 637
23.8642246642
K= 638
4936.0 , Degree=0
K= 639
2643.99325049
K= 640
4700.0
K= 641
4936.0 , Degree=0
K= 642
16.9999999998
K= 643
10.6265232975
K= 644
4936.0 , Degree=0
K= 645
4936.0 , Degree=0
K= 646
130.7
K= 647
4936.0 , Degree=0
K= 648
4936.0 , Degree=0
K= 649
4936.0 , Degree=0
K= 650
4936.0 , Degree=0
K= 651
2604.96708569
K= 652
35.7439213717
K= 653
4936.0 , Degree=0
K= 654
2619.28068321
K= 655
2323.0
K= 656
4936.0 , Degree=0
K= 657
2256.0
K= 658
16.6499999999
K= 659
4936.0 , Degree=0
K= 660
4936.0 , Degree=0
K= 661
4936.0 , Degree=0
K= 662
4936.0 , Degree=0
K= 663
78.8254070857
K= 664
4936.0 , Degree=0
K= 665
4936.0 , Degree=0
K= 666
4936.0 , Degree=0
K= 667
4936.0 , Degree=0
K= 668
4936.0 , Degree=0
K= 669
21.9666666666
K= 670
2293.94474749
K= 671
4936.0 , Degree=0
K= 672
2607.0
K= 673
20.1666666665
K= 674
70.2425731563
K= 675
33.288271213
K= 676
4936.0 , Degree=0
K= 677
4936.0 , Degree=0
K= 678
2667.14072039
K= 679
4936.0 , Degree=0
K= 680
4936.0 , Degree=0
K= 681
2487.97777778
K= 682
73.189624837
K= 683
4936.0 , Degree=0
K= 684
4936.0 , Degree=0
K= 685
4936.0 , Degree=0
K= 686
16.0404761904
K= 687
152.078279904
K= 688
4936.0 , Degree=0
K= 689
135.259578755
K= 690
4936.0 , Degree=0
K= 691
2669.52619048
K= 692
13.5207070708
K= 693
4936.0 , Degree=0
K= 694
19.6666666665
K= 695
13.4999999998
K= 696
4936.0 , Degree=0
K= 697
56.8379590065
K= 698
4936.0 , Degree=0
K= 699
4936.0 , Degree=0
K= 700
4936.0 , Degree=0
K= 701
2250.0
K= 702
2490.86666667
K= 703
16.607142857
K= 704
4936.0 , Degree=0
K= 705
2558.92682179
K= 706
4691.0
K= 707
4936.0 , Degree=0
K= 708
2548.52309006
K= 709
17.6166666667
K= 710
4936.0 , Degree=0
K= 711
20.1666666665
K= 712
4936.0 , Degree=0
K= 713
68.3812658979
K= 714
4936.0 , Degree=0
K= 715
4936.0 , Degree=0
K= 716
19.9999999998
K= 717
4936.0 , Degree=0
K= 718
80.6666666665
K= 719
20.1666666665
K= 720
11.1785871135
K= 721
2256.0
K= 722
19.6666666665
K= 723
2639.00954557
K= 724
9948.4
K= 725
4936.0 , Degree=0
K= 726
4702.0
K= 727
2277.0
K= 728
4936.0 , Degree=0
K= 729
4936.0 , Degree=0
K= 730
19.3333333331
K= 731
4936.0 , Degree=0
K= 732
2628.43383766
K= 733
4936.0 , Degree=0
K= 734
14.25
K= 735
2488.91089529
K= 736
4936.0 , Degree=0
K= 737
4936.0 , Degree=0
K= 738
4936.0 , Degree=0
K= 739
2130.0
K= 740
4936.0 , Degree=0
K= 741
17.3166666666
K= 742
2521.16603936
K= 743
20.1954545453
K= 744
4936.0 , Degree=0
K= 745
2490.65
K= 746
19.9999999998
K= 747
4936.0 , Degree=0
K= 748
4936.0 , Degree=0
K= 749
4936.0 , Degree=0
K= 750
15.8645021644
K= 751
26.0338827839
K= 752
2429.52309006
K= 753
4936.0 , Degree=0
K= 754
94.7918285212
K= 755
4936.0 , Degree=0
K= 756
2532.52309006
K= 757
4936.0 , Degree=0
K= 758
4936.0 , Degree=0
K= 759
2421.05027914
K= 760
2502.80234106
K= 761
4936.0 , Degree=0
K= 762
4936.0 , Degree=0
K= 763
4936.0 , Degree=0
K= 764
4936.0 , Degree=0
K= 765
75.882756383
K= 766
4936.0 , Degree=0
K= 767
4936.0 , Degree=0
K= 768
4936.0 , Degree=0
K= 769
26.956959707
K= 770
4936.0 , Degree=0
K= 771
2517.55207827
K= 772
20.1666666665
K= 773
4936.0 , Degree=0
K= 774
82.4968257661
K= 775
4936.0 , Degree=0
K= 776
2296.66666667
K= 777
4936.0 , Degree=0
K= 778
2559.98333333
K= 779
4936.0 , Degree=0
K= 780
19.3333333331
K= 781
2351.0
K= 782
4936.0 , Degree=0
K= 783
10.0987586486
K= 784
4936.0 , Degree=0
K= 785
4936.0 , Degree=0
K= 786
4936.0 , Degree=0
K= 787
4936.0 , Degree=0
K= 788
52.9999999999
K= 789
13.9999999999
K= 790
48.4854116075
K= 791
4936.0 , Degree=0
K= 792
4732.16666667
K= 793
4936.0 , Degree=0
K= 794
12.8781746031
K= 795
4936.0 , Degree=0
K= 796
2547.59559163
K= 797
14852.9946082
K= 798
4936.0 , Degree=0
K= 799
4936.0 , Degree=0
K= 800
2543.94671995
K= 801
4936.0 , Degree=0
K= 802
4936.0 , Degree=0
K= 803
4528.66666667
K= 804
2485.18140008
K= 805
19.4999999998
K= 806
11.5995915032
K= 807
2488.16564269
K= 808
4936.0 , Degree=0
K= 809
2492.83333333
K= 810
4936.0 , Degree=0
K= 811
4936.0 , Degree=0
K= 812
14.0781746031
K= 813
4936.0 , Degree=0
K= 814
4936.0 , Degree=0
K= 815
4936.0 , Degree=0
K= 816
174.242148948
K= 817
4936.0 , Degree=0
K= 818
2489.94851966
K= 819
2527.1289099
K= 820
4936.0 , Degree=0
K= 821
4936.0 , Degree=0
K= 822
4936.0 , Degree=0
K= 823
29.9229397021
K= 824
4936.0 , Degree=0
K= 825
2296.66666667
K= 826
4936.0 , Degree=0
K= 827
4936.0 , Degree=0
K= 828
12.6714890501
K= 829
172.122371873
K= 830
4727.08636364
K= 831
4936.0 , Degree=0
K= 832
19.6666666665
K= 833
4936.0 , Degree=0
K= 834
19.3333333331
K= 835
4936.0 , Degree=0
K= 836
4729.0
K= 837
38.9999999998
K= 838
53.3445834394
K= 839
23.3333333332
K= 840
2338.0
K= 841
2247.08636364
K= 842
2591.84979021
K= 843
153.85854325
K= 844
2486.59382525
K= 845
4936.0 , Degree=0
K= 846
16.2500000001
K= 847
4936.0 , Degree=0
K= 848
2632.6556258
K= 849
4936.0 , Degree=0
K= 850
4936.0 , Degree=0
K= 851
2577.96875
K= 852
20.1666666665
K= 853
7575.74531228
K= 854
46.0626227937
K= 855
4936.0 , Degree=0
K= 856
30.3738095236
K= 857
197.591666667
K= 858
4936.0 , Degree=0
K= 859
2323.0
K= 860
68.3506823382
K= 861
4936.0 , Degree=0
K= 862
4936.0 , Degree=0
K= 863
12.9441391942
K= 864
20.1666666665
K= 865
4936.0 , Degree=0
K= 866
4936.0 , Degree=0
K= 867
2250.61111111
K= 868
4936.0 , Degree=0
K= 869
2491.52380952
K= 870
4936.0 , Degree=0
K= 871
8.0
K= 872
4720.08636364
K= 873
4936.0 , Degree=0
K= 874
4936.0 , Degree=0
K= 875
4936.0 , Degree=0
K= 876
4936.0 , Degree=0
K= 877
2672.8
K= 878
4936.0 , Degree=0
K= 879
4936.0 , Degree=0
K= 880
14.1666666665
K= 881
4936.0 , Degree=0
K= 882
13.6040404041
K= 883
4936.0 , Degree=0
K= 884
4936.0 , Degree=0
K= 885
2585.2252109
K= 886
2533.0
K= 887
4936.0 , Degree=0
K= 888
4936.0 , Degree=0
K= 889
35.7333333332
K= 890
18.1833333334
K= 891
10.7738095236
K= 892
15.9978354977
K= 893
4936.0 , Degree=0
K= 894
4936.0 , Degree=0
K= 895
2654.98333333
K= 896
4936.0 , Degree=0
K= 897
2323.0
K= 898
2666.02777778
K= 899
4936.0 , Degree=0
K= 900
34.5039141413
K= 901
4936.0 , Degree=0
K= 902
2296.66666667
K= 903
4936.0 , Degree=0
K= 904
4936.0 , Degree=0
K= 905
13.1666666665
K= 906
4936.0 , Degree=0
K= 907
12.1715976536
K= 908
13.9777777779
K= 909
4936.0 , Degree=0
K= 910
19.1666666665
K= 911
4936.0 , Degree=0
K= 912
2636.51362222
K= 913
4936.0 , Degree=0
K= 914
4721.0
K= 915
109.130952381
K= 916
4936.0 , Degree=0
K= 917
4936.0 , Degree=0
K= 918
2524.64080405
K= 919
4700.0
K= 920
16.6166666667
K= 921
2625.28068321
K= 922
4936.0 , Degree=0
K= 923
4936.0 , Degree=0
K= 924
4936.0 , Degree=0
K= 925
17.6833333334
K= 926
20.1666666665
K= 927
5.50000000006
K= 928
384.076597959
K= 929
4936.0 , Degree=0
K= 930
139.499137208
K= 931
16.8404761903
K= 932
16.1690476191
K= 933
34.6656585275
K= 934
4936.0 , Degree=0
K= 935
17.5238095237
K= 936
4936.0 , Degree=0
K= 937
15.7656619084
K= 938
4936.0 , Degree=0
K= 939
4736.0
K= 940
4936.0 , Degree=0
K= 941
4936.0 , Degree=0
K= 942
4936.0 , Degree=0
K= 943
4936.0 , Degree=0
K= 944
2662.28296946
K= 945
2250.0
K= 946
4936.0 , Degree=0
K= 947
23.0857142858
K= 948
4936.0 , Degree=0
K= 949
4936.0 , Degree=0
K= 950
15.1190476191
K= 951
53.7295385632
K= 952
2508.29459539
K= 953
4936.0 , Degree=0
K= 954
2323.0
K= 955
4936.0 , Degree=0
K= 956
4936.0 , Degree=0
K= 957
2494.16666667
K= 958
13.4999999998
K= 959
61.9241373823
K= 960
2649.96230159
K= 961
4936.0 , Degree=0
K= 962
4936.0 , Degree=0
K= 963
18.4999999998
K= 964
4936.0 , Degree=0
K= 965
4936.0 , Degree=0
K= 966
2334.66666667
K= 967
4936.0 , Degree=0
K= 968
2529.84942305
K= 969
2264.33333333
K= 970
15.8126984126
K= 971
67.6231552659
K= 972
4936.0 , Degree=0
K= 973
4936.0 , Degree=0
K= 974
2323.0
K= 975
2323.0
K= 976
4936.0 , Degree=0
K= 977
16.1499999999
K= 978
4936.0 , Degree=0
K= 979
42.9570056798
K= 980
4936.0 , Degree=0
K= 981
4936.0 , Degree=0
K= 982
15.5248511903
K= 983
4936.0 , Degree=0
K= 984
2506.65386698
K= 985
4936.0 , Degree=0
K= 986
4936.0 , Degree=0
K= 987
3265.24777163
K= 988
2256.0
K= 989
4936.0 , Degree=0
K= 990
4936.0 , Degree=0
K= 991
17.2
K= 992
4936.0 , Degree=0
K= 993
31.5214285715
K= 994
4936.0 , Degree=0
K= 995
37.2623049177
K= 996
4936.0 , Degree=0
K= 997
33.1220931117
K= 998
2493.83333333
K= 999
4936.0 , Degree=0
K= 1000
4936.0 , Degree=0
K= 1001
4936.0 , Degree=0
K= 1002
4936.0 , Degree=0
K= 1003
2475.7
K= 1004
20.1666666665
K= 1005
2633.04761905
K= 1006
70.5796876528
K= 1007
9.1357142856
K= 1008
12.0990214254
K= 1009
4936.0 , Degree=0
K= 1010
4936.0 , Degree=0
K= 1011
6768.6
K= 1012
5.07720769988
K= 1013
4936.0 , Degree=0
K= 1014
11.7666666667
K= 1015
4728.0
K= 1016
19.6666666665
K= 1017
4936.0 , Degree=0
K= 1018
4936.0 , Degree=0
K= 1019
4936.0 , Degree=0
K= 1020
4700.0
K= 1021
4936.0 , Degree=0
K= 1022
4936.0 , Degree=0
K= 1023
2323.0
K= 1024
12.4999999998
K= 1025
4936.0 , Degree=0
K= 1026
2491.61666667
K= 1027
4936.0 , Degree=0
K= 1028
7.608974359
K= 1029
4936.0 , Degree=0
K= 1030
18.8486649839
K= 1031
2678.1
K= 1032
19.6666666665
K= 1033
4936.0 , Degree=0
K= 1034
16.3904761903
K= 1035
4936.0 , Degree=0
K= 1036
15.1190476191
K= 1037
2329.0
K= 1038
55.3013303442
K= 1039
1.33333333337
K= 1040
30.9214285714
K= 1041
4730.0
K= 1042
14.1903149138
K= 1043
4936.0 , Degree=0
K= 1044
4937.0
K= 1045
4700.0
K= 1046
4936.0 , Degree=0
K= 1047
85.7354978354
K= 1048
2486.56604747
K= 1049
171.335655046
K= 1050
4936.0 , Degree=0
K= 1051
4936.0 , Degree=0
K= 1052
4936.0 , Degree=0
K= 1053
16.2142135642
K= 1054
10.8404761903
K= 1055
4936.0 , Degree=0
K= 1056
4936.0 , Degree=0
K= 1057
4936.0 , Degree=0
K= 1058
5313.9985681
K= 1059
16.7000000001
K= 1060
17.6166666667
K= 1061
62.6195652233
K= 1062
20.1666666665
K= 1063
2223.66666667
K= 1064
21.7597883596
K= 1065
4936.0 , Degree=0
K= 1066
4936.0 , Degree=0
K= 1067
4936.0 , Degree=0
K= 1068
20.1666666665
K= 1069
2296.66666667
K= 1070
13.0333333335
K= 1071
4936.0 , Degree=0
K= 1072
2620.61473915
K= 1073
4936.0 , Degree=0
K= 1074
2488.01388889
K= 1075
4936.0 , Degree=0
K= 1076
17.8666666667
K= 1077
4936.0 , Degree=0
K= 1078
19.4999999998
K= 1079
4936.0 , Degree=0
K= 1080
2329.0
K= 1081
18.3666666668
K= 1082
4936.0 , Degree=0
K= 1083
2323.0
K= 1084
4936.0 , Degree=0
K= 1085
19.9999999999
K= 1086
2637.99325049
K= 1087
4936.0 , Degree=0
K= 1088
20.1666666665
K= 1089
4936.0 , Degree=0
K= 1090
2633.25430219
K= 1091
35.3999999998
K= 1092
55.8494230497
K= 1093
4936.0 , Degree=0
K= 1094
14.1666666665
K= 1095
4936.0 , Degree=0
K= 1096
4936.0 , Degree=0
K= 1097
4936.0 , Degree=0
K= 1098
4936.0 , Degree=0
K= 1099
4936.0 , Degree=0
K= 1100
34.2945953899
K= 1101
2423.59698731
K= 1102
2295.66666667
K= 1103
4936.0 , Degree=0
K= 1104
103.653627491
K= 1105
4936.0 , Degree=0
K= 1106
19.6666666665
K= 1107
4936.0 , Degree=0
K= 1108
4936.0 , Degree=0
K= 1109
4936.0 , Degree=0
K= 1110
34.5666666665
K= 1111
4936.0 , Degree=0
K= 1112
4936.0 , Degree=0
K= 1113
17.9714285714
K= 1114
4936.0 , Degree=0
K= 1115
13.8805555555
K= 1116
4936.0 , Degree=0
K= 1117
15.1666666666
K= 1118
57.1496613654
K= 1119
4730.0
K= 1120
4936.0 , Degree=0
K= 1121
4731.61111111
K= 1122
31.6964581882
K= 1123
4936.0 , Degree=0
K= 1124
4707.46774194
K= 1125
4936.0 , Degree=0
K= 1126
26.8522518418
K= 1127
2493.5
K= 1128
4936.0 , Degree=0
K= 1129
4936.0 , Degree=0
K= 1130
2250.9
K= 1131
4936.0 , Degree=0
K= 1132
241.0
K= 1133
4936.0 , Degree=0
K= 1134
4936.0 , Degree=0
K= 1135
4728.0
K= 1136
2323.0
K= 1137
4936.0 , Degree=0
K= 1138
3161.39078235
K= 1139
4725.88888889
K= 1140
2506.0
K= 1141
2488.84979021
K= 1142
4725.0
K= 1143
4936.0 , Degree=0
K= 1144
4936.0 , Degree=0
K= 1145
2277.0
K= 1146
4936.0 , Degree=0
K= 1147
44.9857241141
K= 1148
4936.0 , Degree=0
K= 1149
4725.61111111
K= 1150
5.65633753495
K= 1151
4936.0 , Degree=0
K= 1152
4728.0
K= 1153
4936.0 , Degree=0
K= 1154
4936.0 , Degree=0
K= 1155
12.9999999999
K= 1156
293.978846409
K= 1157
4668.83571429
K= 1158
4558.74973307
K= 1159
4936.0 , Degree=0
K= 1160
2250.0
K= 1161
20.1666666665
K= 1162
2622.0189538
K= 1163
60.5236561054
K= 1164
2415.61291076
K= 1165
4936.0 , Degree=0
K= 1166
13.8360173939
K= 1167
2488.53333333
K= 1168
47.1660393643
K= 1169
2536.86361694
K= 1170
4700.0
K= 1171
4936.0 , Degree=0
K= 1172
4936.0 , Degree=0
K= 1173
2631.44656964
K= 1174
320.791125541
K= 1175
4936.0 , Degree=0
K= 1176
4936.0 , Degree=0
K= 1177
4936.0 , Degree=0
K= 1178
2683.76666667
K= 1179
2632.34031977
K= 1180
14.4913003665
K= 1181
4936.0 , Degree=0
K= 1182
16.5571428571
K= 1183
4936.0 , Degree=0
K= 1184
4670.96875
K= 1185
4936.0 , Degree=0
K= 1186
657.401020634
K= 1187
23.5380952382
K= 1188
2494.16666667
K= 1189
2260.0
K= 1190
67.2274197441
K= 1191
4936.0 , Degree=0
K= 1192
2635.0053347
K= 1193
4936.0 , Degree=0
K= 1194
2500.71663563
K= 1195
53.6005349772
K= 1196
4936.0 , Degree=0
K= 1197
63.0438076475
K= 1198
19.6666666665
K= 1199
4984.26666667
K= 1200
4936.0 , Degree=0
Betweenness Centrality Improvement
[ 42.91446545  16.61666667  18.5        ...,   0.           0.           0.        ]
Top 20 BC Improvement
[ 797  498  408  724  853  263   12 1011 1058  148  306 1199  108 1044 1021
  544  534  493  535  536]
Top 20 BC Improvement
[ 14852.99460825  12468.06560392  12403.           9948.4          7575.74531228
   6778.6          6773.6          6768.6          5313.9985681
   5048.19061026   4985.4047619    4984.26666667   4939.           4937.
   4936.           4936.           4936.           4936.           4936.
   4936.        ]
