txValue= 1000000
Input graph
IGRAPH D--- 4619 68733 -- 
+ attr: pub_key (v), base_fee (e), capacity (e), fee_rate (e), txCost (e)
None
Graph after edges deleted
IGRAPH D--- 4619 32193 -- 
+ attr: pub_key (v), base_fee (e), capacity (e), fee_rate (e), txCost (e)
None
Our nodes starting connections: 
(4618, 2796)
(4618, 1223)
(4618, 1163)
(4618, 222)
(4618, 2745)
CurrentBC of our node:  399260.311942
K= 1200
4936.0 , Degree=0
K= 1201
4936.0 , Degree=0
K= 1202
4978.19480519
K= 1203
4936.0 , Degree=0
K= 1204
2493.77222222
K= 1205
4936.0 , Degree=0
K= 1206
28.4987704343
K= 1207
4936.0 , Degree=0
K= 1208
4936.0 , Degree=0
K= 1209
100.157990905
K= 1210
18.6304212804
K= 1211
18.8432224841
K= 1212
39.502881193
K= 1213
360.455866356
K= 1214
2497.0
K= 1215
343.627380952
K= 1216
4936.0 , Degree=0
K= 1217
4936.0 , Degree=0
K= 1218
30.9166666666
K= 1219
1793.98188587
K= 1220
20.8383381985
K= 1221
4936.0 , Degree=0
K= 1222
4936.0 , Degree=0
K= 1223
162.476234624
K= 1224
25.7921850405
K= 1225
16.3333333332
K= 1226
4936.0 , Degree=0
K= 1227
4936.0 , Degree=0
K= 1228
332.865392858
K= 1229
4936.0 , Degree=0
K= 1230
50.2164418444
K= 1231
22.6150668992
K= 1232
2183.33333333
K= 1233
16.6666666666
K= 1234
4936.0 , Degree=0
K= 1235
4936.0 , Degree=0
K= 1236
1793.48188587
K= 1237
4936.0 , Degree=0
K= 1238
4936.0 , Degree=0
K= 1239
4936.0 , Degree=0
K= 1240
329.931693269
K= 1241
556.254445747
K= 1242
4936.0 , Degree=0
K= 1243
4936.0 , Degree=0
K= 1244
4936.0 , Degree=0
K= 1245
4936.0 , Degree=0
K= 1246
2495.5
K= 1247
1869.3756925
K= 1248
4936.0 , Degree=0
K= 1249
41.0505002406
K= 1250
20.7776661986
K= 1251
4936.0 , Degree=0
K= 1252
39.502881193
K= 1253
4936.0 , Degree=0
K= 1254
4936.0 , Degree=0
K= 1255
4936.0 , Degree=0
K= 1256
4936.0 , Degree=0
K= 1257
21.0992469669
K= 1258
4936.0 , Degree=0
K= 1259
4936.0 , Degree=0
K= 1260
45.2702410488
K= 1261
320.674064319
K= 1262
4936.0 , Degree=0
K= 1263
19.077544185
K= 1264
2496.92380952
K= 1265
49.3054703681
K= 1266
4936.0 , Degree=0
K= 1267
1801.37042099
K= 1268
1802.03659366
K= 1269
4936.0 , Degree=0
K= 1270
4936.0 , Degree=0
K= 1271
54.8009385915
K= 1272
4936.0 , Degree=0
K= 1273
1063.06808278
K= 1274
4936.0 , Degree=0
K= 1275
30.6262907651
K= 1276
319.823080731
K= 1277
2627.60292208
K= 1278
112.08122942
K= 1279
285.772732191
K= 1280
125.143013282
K= 1281
4936.0 , Degree=0
K= 1282
4936.0 , Degree=0
K= 1283
4936.0 , Degree=0
K= 1284
4936.0 , Degree=0
K= 1285
157.580128086
K= 1286
4936.0 , Degree=0
K= 1287
4936.0 , Degree=0
K= 1288
4936.0 , Degree=0
K= 1289
2484.10763841
K= 1290
4936.0 , Degree=0
K= 1291
260.648823788
K= 1292
4936.0 , Degree=0
K= 1293
4936.0 , Degree=0
K= 1294
16.5317460316
K= 1295
2293.60939383
K= 1296
4936.0 , Degree=0
K= 1297
4936.0 , Degree=0
K= 1298
2357.0
K= 1299
1825.9830849
K= 1300
22.3391764819
K= 1301
4936.0 , Degree=0
K= 1302
320.340050231
K= 1303
4936.0 , Degree=0
K= 1304
1788.73188587
K= 1305
2492.04570707
K= 1306
2492.0496732
K= 1307
2368.0
K= 1308
22.3304741505
K= 1309
4936.0 , Degree=0
K= 1310
4936.0 , Degree=0
K= 1311
31.2866431109
K= 1312
2503.7540404
K= 1313
4936.0 , Degree=0
K= 1314
2291.68913425
K= 1315
4936.0 , Degree=0
K= 1316
138.639355706
K= 1317
55.0361514661
K= 1318
140.034272753
K= 1319
4936.0 , Degree=0
K= 1320
13037.7576281
K= 1321
662.282173639
K= 1322
4936.0 , Degree=0
K= 1323
4936.0 , Degree=0
K= 1324
4936.0 , Degree=0
K= 1325
4936.0 , Degree=0
K= 1326
231.671246829
K= 1327
82.1632580333
K= 1328
944.009163149
K= 1329
4936.0 , Degree=0
K= 1330
2489.05976934
K= 1331
4936.0 , Degree=0
K= 1332
328.549242424
K= 1333
16.8333333333
K= 1334
2616.94676527
K= 1335
171.824097361
K= 1336
50.2164418444
K= 1337
385.75
K= 1338
20.3295207428
K= 1339
2357.0
K= 1340
4936.0 , Degree=0
K= 1341
4936.0 , Degree=0
K= 1342
4936.0 , Degree=0
K= 1343
4936.0 , Degree=0
K= 1344
333.499080234
K= 1345
4936.0 , Degree=0
K= 1346
4936.0 , Degree=0
K= 1347
4936.0 , Degree=0
K= 1348
250.325829726
K= 1349
4936.0 , Degree=0
K= 1350
23.6769515296
K= 1351
40.746483496
K= 1352
127.772477903
K= 1353
2475.5
K= 1354
19.145291262
K= 1355
4936.0 , Degree=0
K= 1356
49.2292674755
K= 1357
4936.0 , Degree=0
K= 1358
26.0172469608
K= 1359
84.0964895254
K= 1360
4936.0 , Degree=0
K= 1361
4936.0 , Degree=0
K= 1362
9518.66666667
K= 1363
1793.64855253
K= 1364
2494.83333333
K= 1365
4936.0 , Degree=0
K= 1366
4936.0 , Degree=0
K= 1367
35.0622527203
K= 1368
4936.0 , Degree=0
K= 1369
4936.0 , Degree=0
K= 1370
51.8868156486
K= 1371
23.0751986395
K= 1372
120.743632177
K= 1373
4936.0 , Degree=0
K= 1374
4936.0 , Degree=0
K= 1375
4936.0 , Degree=0
K= 1376
25.2807542765
K= 1377
1820.74855253
K= 1378
16.9999999999
K= 1379
20.8495659787
K= 1380
4936.0 , Degree=0
K= 1381
2491.14331683
K= 1382
337.278336794
K= 1383
52.1407822032
K= 1384
4936.0 , Degree=0
K= 1385
328.707035863
K= 1386
4936.0 , Degree=0
K= 1387
4936.0 , Degree=0
K= 1388
4765.0
K= 1389
4936.0 , Degree=0
K= 1390
2479.01985454
K= 1391
4936.0 , Degree=0
K= 1392
341.292854627
K= 1393
4936.0 , Degree=0
K= 1394
25.4574306651
K= 1395
1795.54932783
K= 1396
4936.0 , Degree=0
K= 1397
101.911189554
K= 1398
4936.0 , Degree=0
K= 1399
4936.0 , Degree=0
K= 1400
4936.0 , Degree=0
K= 1401
2357.0
K= 1402
4936.0 , Degree=0
K= 1403
4936.0 , Degree=0
K= 1404
4936.0 , Degree=0
K= 1405
23.2106184543
K= 1406
2496.57575758
K= 1407
20.1873015871
K= 1408
4936.0 , Degree=0
K= 1409
4936.0 , Degree=0
K= 1410
4936.0 , Degree=0
K= 1411
4936.0 , Degree=0
K= 1412
4936.0 , Degree=0
K= 1413
4936.0 , Degree=0
K= 1414
4737.425
K= 1415
231.420812725
K= 1416
341.229509379
K= 1417
20.6026036368
K= 1418
4936.0 , Degree=0
K= 1419
56.2485662313
K= 1420
1821.68124002
K= 1421
4936.0 , Degree=0
K= 1422
2312.0
K= 1423
4936.0 , Degree=0
K= 1424
4936.0 , Degree=0
K= 1425
39.1884103341
K= 1426
2312.0
K= 1427
2483.1
K= 1428
4936.0 , Degree=0
K= 1429
4936.0 , Degree=0
K= 1430
44.8888888889
K= 1431
4936.0 , Degree=0
K= 1432
1795.92215746
K= 1433
28.5094793941
K= 1434
4769.33333333
K= 1435
4936.0 , Degree=0
K= 1436
4936.0 , Degree=0
K= 1437
4936.0 , Degree=0
K= 1438
4936.0 , Degree=0
K= 1439
4936.0 , Degree=0
K= 1440
12445.0
K= 1441
4936.0 , Degree=0
K= 1442
4936.0 , Degree=0
K= 1443
2466.14156689
K= 1444
4936.0 , Degree=0
K= 1445
4936.0 , Degree=0
K= 1446
2329.77435897
K= 1447
4936.0 , Degree=0
K= 1448
4936.0 , Degree=0
K= 1449
4936.0 , Degree=0
K= 1450
23.4969518593
K= 1451
3237.97755164
K= 1452
4936.0 , Degree=0
K= 1453
1787.22217576
K= 1454
24.1515226708
K= 1455
399.918810601
K= 1456
4936.0 , Degree=0
K= 1457
15.0341891994
K= 1458
4936.0 , Degree=0
K= 1459
1796.71389294
K= 1460
4936.0 , Degree=0
K= 1461
4936.0 , Degree=0
K= 1462
38.0345333756
K= 1463
280.014810442
K= 1464
4936.0 , Degree=0
K= 1465
9872.0
K= 1466
4741.55512444
K= 1467
4936.0 , Degree=0
K= 1468
4936.0 , Degree=0
K= 1469
29.3593700611
K= 1470
4936.0 , Degree=0
K= 1471
4936.0 , Degree=0
K= 1472
139.438772349
K= 1473
4936.0 , Degree=0
K= 1474
4936.0 , Degree=0
K= 1475
39.502881193
K= 1476
31.2188542273
K= 1477
4936.0 , Degree=0
K= 1478
2438.0
K= 1479
4936.0 , Degree=0
K= 1480
102.486911122
K= 1481
4936.0 , Degree=0
K= 1482
4936.0 , Degree=0
K= 1483
19.6058411412
K= 1484
2495.16666667
K= 1485
4936.0 , Degree=0
K= 1486
4936.0 , Degree=0
K= 1487
2616.16666667
K= 1488
31.9411563845
K= 1489
18.9290086089
K= 1490
21.3699595758
K= 1491
22.056338279
K= 1492
4936.0 , Degree=0
K= 1493
24.5033417076
K= 1494
4936.0 , Degree=0
K= 1495
2299.33333333
K= 1496
4936.0 , Degree=0
K= 1497
4936.0 , Degree=0
K= 1498
4936.0 , Degree=0
K= 1499
4936.0 , Degree=0
K= 1500
4748.35555556
K= 1501
37.9009869286
K= 1502
2625.96309524
K= 1503
4936.0 , Degree=0
K= 1504
266.942805383
K= 1505
4936.0 , Degree=0
K= 1506
4936.0 , Degree=0
K= 1507
20.5542418948
K= 1508
4936.0 , Degree=0
K= 1509
4936.0 , Degree=0
K= 1510
4936.0 , Degree=0
K= 1511
4936.0 , Degree=0
K= 1512
3237.97755164
K= 1513
2492.18452381
K= 1514
16.2798836526
K= 1515
2357.0
K= 1516
111.325313283
K= 1517
2135.40670749
K= 1518
155.241285412
K= 1519
4936.0 , Degree=0
K= 1520
4936.0 , Degree=0
K= 1521
4936.0 , Degree=0
K= 1522
4936.0 , Degree=0
K= 1523
104.069665983
K= 1524
21.116095844
K= 1525
4936.0 , Degree=0
K= 1526
295.5
K= 1527
21.6776942841
K= 1528
246.79954846
K= 1529
674.951637444
K= 1530
42.1346064302
K= 1531
4936.0 , Degree=0
K= 1532
4936.0 , Degree=0
K= 1533
4936.0 , Degree=0
K= 1534
4936.0 , Degree=0
K= 1535
47.8754718294
K= 1536
2518.63734545
K= 1537
21.6198435982
K= 1538
4936.0 , Degree=0
K= 1539
60.8387435735
K= 1540
39.9890817255
K= 1541
4936.0 , Degree=0
K= 1542
4936.0 , Degree=0
K= 1543
2495.53900709
K= 1544
31.9345987213
K= 1545
390.863636364
K= 1546
30.6478763185
K= 1547
4936.0 , Degree=0
K= 1548
45.0327914099
K= 1549
4936.0 , Degree=0
K= 1550
4936.0 , Degree=0
K= 1551
142.432602578
K= 1552
4770.33333333
K= 1553
344.032528348
K= 1554
4936.0 , Degree=0
K= 1555
4936.0 , Degree=0
K= 1556
36.7931006542
K= 1557
143.581292021
K= 1558
50.025799485
K= 1559
4936.0 , Degree=0
K= 1560
42.9307275586
K= 1561
4936.0 , Degree=0
K= 1562
4936.0 , Degree=0
K= 1563
2488.14156689
K= 1564
316.438197913
K= 1565
4936.0 , Degree=0
K= 1566
2496.66666667
K= 1567
1841.92556538
K= 1568
4936.0 , Degree=0
K= 1569
16.8327463614
K= 1570
41.6424510459
K= 1571
4936.0 , Degree=0
K= 1572
224.874206349
K= 1573
2491.33333333
K= 1574
4936.0 , Degree=0
K= 1575
4936.0 , Degree=0
K= 1576
28.3647937592
K= 1577
4936.0 , Degree=0
K= 1578
69.834058205
K= 1579
4936.0 , Degree=0
K= 1580
186.921644557
K= 1581
4936.0 , Degree=0
K= 1582
4936.0 , Degree=0
K= 1583
4936.0 , Degree=0
K= 1584
4936.0 , Degree=0
K= 1585
4936.0 , Degree=0
K= 1586
22.5487825282
K= 1587
1809.97029941
K= 1588
27.8228987269
K= 1589
4936.0 , Degree=0
K= 1590
281.532813549
K= 1591
4936.0 , Degree=0
K= 1592
4936.0 , Degree=0
K= 1593
4936.0 , Degree=0
K= 1594
4936.0 , Degree=0
K= 1595
4936.0 , Degree=0
K= 1596
4936.0 , Degree=0
K= 1597
4936.0 , Degree=0
K= 1598
47.3305347555
K= 1599
4936.0 , Degree=0
K= 1600
4936.0 , Degree=0
K= 1601
4936.0 , Degree=0
K= 1602
4936.0 , Degree=0
K= 1603
45.7081578519
K= 1604
18.0993639964
K= 1605
301.037157328
K= 1606
4936.0 , Degree=0
K= 1607
2332.66666667
K= 1608
1821.75966364
K= 1609
4936.0 , Degree=0
K= 1610
88.2469534526
K= 1611
4936.0 , Degree=0
K= 1612
2357.0
K= 1613
26.8360648534
K= 1614
4936.0 , Degree=0
K= 1615
4767.33333333
K= 1616
40.4076430977
K= 1617
4936.0 , Degree=0
K= 1618
23.3860049363
K= 1619
2505.79304029
K= 1620
21.0421023288
K= 1621
45.518993573
K= 1622
7089.91666667
K= 1623
4936.0 , Degree=0
K= 1624
4936.0 , Degree=0
K= 1625
2299.68517322
K= 1626
59.0814116174
K= 1627
4936.0 , Degree=0
K= 1628
2411.76256308
K= 1629
2494.9047619
K= 1630
4936.0 , Degree=0
K= 1631
221.530443086
K= 1632
4936.0 , Degree=0
K= 1633
4936.0 , Degree=0
K= 1634
4936.0 , Degree=0
K= 1635
23.1209066328
K= 1636
48.6080004538
K= 1637
4936.0 , Degree=0
K= 1638
4936.0 , Degree=0
K= 1639
4936.0 , Degree=0
K= 1640
36.4793657791
K= 1641
4936.0 , Degree=0
K= 1642
4769.0
K= 1643
4936.0 , Degree=0
K= 1644
1787.48188587
K= 1645
2616.94676527
K= 1646
4936.0 , Degree=0
K= 1647
4936.0 , Degree=0
K= 1648
13083.4398415
K= 1649
4936.0 , Degree=0
K= 1650
301.037157328
K= 1651
16.3333333332
K= 1652
2599.53423521
K= 1653
4936.0 , Degree=0
K= 1654
2479.75
K= 1655
2359.09683605
K= 1656
16.9999999999
K= 1657
4936.0 , Degree=0
K= 1658
373.116666667
K= 1659
21.1434820722
K= 1660
19.0522204919
K= 1661
4936.0 , Degree=0
K= 1662
4770.5
K= 1663
4936.0 , Degree=0
K= 1664
4936.0 , Degree=0
K= 1665
24.3413625967
K= 1666
4936.0 , Degree=0
K= 1667
4936.0 , Degree=0
K= 1668
4936.0 , Degree=0
K= 1669
4936.0 , Degree=0
K= 1670
1794.60090156
K= 1671
317.533694314
K= 1672
4936.0 , Degree=0
K= 1673
2493.85555556
K= 1674
4936.0 , Degree=0
K= 1675
4936.0 , Degree=0
K= 1676
49.585453547
K= 1677
1798.9402192
K= 1678
29.5777831037
K= 1679
4936.0 , Degree=0
K= 1680
4936.0 , Degree=0
K= 1681
26.8941730822
K= 1682
4936.0 , Degree=0
K= 1683
4936.0 , Degree=0
K= 1684
4936.0 , Degree=0
K= 1685
28.8169222908
K= 1686
4936.0 , Degree=0
K= 1687
2641.76190476
K= 1688
1790.48188587
K= 1689
46.7938339107
K= 1690
1789.98188587
K= 1691
16.6780978765
K= 1692
4936.0 , Degree=0
K= 1693
72.4278851509
K= 1694
4936.0 , Degree=0
K= 1695
4936.0 , Degree=0
K= 1696
315.642881905
K= 1697
3237.97755164
K= 1698
4936.0 , Degree=0
K= 1699
23.7063612908
K= 1700
328.692937564
K= 1701
247.038752485
K= 1702
352.009511175
K= 1703
2312.0
K= 1704
4936.0 , Degree=0
K= 1705
4758.0
K= 1706
4936.0 , Degree=0
K= 1707
2493.95604396
K= 1708
38.8040099462
K= 1709
4936.0 , Degree=0
K= 1710
2496.83333333
K= 1711
1787.9402192
K= 1712
4936.0 , Degree=0
K= 1713
2497.0
K= 1714
4936.0 , Degree=0
K= 1715
4936.0 , Degree=0
K= 1716
4936.0 , Degree=0
K= 1717
4936.0 , Degree=0
K= 1718
20.6373404241
K= 1719
1797.77116928
K= 1720
1815.46882745
K= 1721
4936.0 , Degree=0
K= 1722
17.9241672596
K= 1723
4767.37142857
K= 1724
18.1129347297
K= 1725
318.113051637
K= 1726
346.418818524
K= 1727
4936.0 , Degree=0
K= 1728
4936.0 , Degree=0
K= 1729
358.087373737
K= 1730
4936.0 , Degree=0
K= 1731
4936.0 , Degree=0
K= 1732
4936.0 , Degree=0
K= 1733
40.7009955708
K= 1734
40.1809382281
K= 1735
4936.0 , Degree=0
K= 1736
4936.0 , Degree=0
K= 1737
21.3836748199
K= 1738
4936.0 , Degree=0
K= 1739
4936.0 , Degree=0
K= 1740
20.2839103875
K= 1741
320.688922189
K= 1742
2332.66666667
K= 1743
4936.0 , Degree=0
K= 1744
26.0567665303
K= 1745
298.0
K= 1746
4793.0
K= 1747
2611.45557897
K= 1748
16.1742329762
K= 1749
19.4301693834
K= 1750
2496.56666667
K= 1751
23.7805912914
K= 1752
4936.0 , Degree=0
K= 1753
4936.0 , Degree=0
K= 1754
4936.0 , Degree=0
K= 1755
22.5882917977
K= 1756
1790.48188587
K= 1757
342.993818035
K= 1758
5226.83107721
K= 1759
4936.0 , Degree=0
K= 1760
13050.4679006
K= 1761
30.7010489007
K= 1762
1908.38833497
K= 1763
4936.0 , Degree=0
K= 1764
17.6678103925
K= 1765
4936.0 , Degree=0
K= 1766
4936.0 , Degree=0
K= 1767
2357.0
K= 1768
2495.0
K= 1769
50.2164418444
K= 1770
2293.39924519
K= 1771
2495.4
K= 1772
4936.0 , Degree=0
K= 1773
4936.0 , Degree=0
K= 1774
4936.0 , Degree=0
K= 1775
4936.0 , Degree=0
K= 1776
1015.42895977
K= 1777
4936.0 , Degree=0
K= 1778
4936.0 , Degree=0
K= 1779
2649.99242424
K= 1780
368.719047619
K= 1781
4936.0 , Degree=0
K= 1782
19.145291262
K= 1783
29.047657166
K= 1784
1061.04278578
K= 1785
4768.0
K= 1786
1791.73188587
K= 1787
2312.0
K= 1788
81.4253129708
K= 1789
4936.0 , Degree=0
K= 1790
156.259018453
K= 1791
27.3852977324
K= 1792
4936.0 , Degree=0
K= 1793
16.6666666666
K= 1794
4936.0 , Degree=0
K= 1795
253.250717028
K= 1796
1795.2395753
K= 1797
41.6444608006
K= 1798
4936.0 , Degree=0
K= 1799
30.33356252
K= 1800
4936.0 , Degree=0
K= 1801
4936.0 , Degree=0
K= 1802
4936.0 , Degree=0
K= 1803
2497.0
K= 1804
17.1071619464
K= 1805
12965.3213918
K= 1806
4936.0 , Degree=0
K= 1807
4936.0 , Degree=0
K= 1808
78.5127016081
K= 1809
15.8365701518
K= 1810
378.585714286
K= 1811
10.3333333334
K= 1812
4936.0 , Degree=0
K= 1813
51.5754671901
K= 1814
28.6277632992
K= 1815
36.2257910777
K= 1816
4936.0 , Degree=0
K= 1817
1818.27406267
K= 1818
30.4043933298
K= 1819
2293.4765059
K= 1820
9980.5
K= 1821
18.6274435484
K= 1822
4936.0 , Degree=0
K= 1823
4936.0 , Degree=0
K= 1824
2357.0
K= 1825
4936.0 , Degree=0
K= 1826
4936.0 , Degree=0
K= 1827
53.1388976016
K= 1828
193.89436262
K= 1829
19.4227463614
K= 1830
4936.0 , Degree=0
K= 1831
4936.0 , Degree=0
K= 1832
4611.23714085
K= 1833
2616.94676527
K= 1834
4936.0 , Degree=0
K= 1835
2494.90697674
K= 1836
4936.0 , Degree=0
K= 1837
4936.0 , Degree=0
K= 1838
2291.95800385
K= 1839
39.7064915629
K= 1840
2586.51829628
K= 1841
4936.0 , Degree=0
K= 1842
122.703235653
K= 1843
20.094606291
K= 1844
324.158801164
K= 1845
22.736804982
K= 1846
4936.0 , Degree=0
K= 1847
4936.0 , Degree=0
K= 1848
4936.0 , Degree=0
K= 1849
23.8781901739
K= 1850
22.4797722908
K= 1851
4936.0 , Degree=0
K= 1852
4748.92745098
K= 1853
2370.66666667
K= 1854
4936.0 , Degree=0
K= 1855
1909.54790318
K= 1856
22.162829503
K= 1857
2494.0
K= 1858
4936.0 , Degree=0
K= 1859
4936.0 , Degree=0
K= 1860
4936.0 , Degree=0
K= 1861
4936.0 , Degree=0
K= 1862
4936.0 , Degree=0
K= 1863
2312.0
K= 1864
32.9781392209
K= 1865
320.674064319
K= 1866
35.6059497437
K= 1867
301.037157328
K= 1868
2357.0
K= 1869
130.340804083
K= 1870
4936.0 , Degree=0
K= 1871
39.502881193
K= 1872
25.597182364
K= 1873
4936.0 , Degree=0
K= 1874
30.0252894034
K= 1875
4936.0 , Degree=0
K= 1876
4768.91666667
K= 1877
36.4171725152
K= 1878
106.075156243
K= 1879
18.3934277215
K= 1880
4936.0 , Degree=0
K= 1881
4936.0 , Degree=0
K= 1882
20.3845154421
K= 1883
18.8140876098
K= 1884
4936.0 , Degree=0
K= 1885
2494.87732919
K= 1886
13031.6743974
K= 1887
23.5542131921
K= 1888
16.6666666666
K= 1889
146.53347569
K= 1890
4936.0 , Degree=0
K= 1891
2593.91011236
K= 1892
19.8341227612
K= 1893
4770.5
K= 1894
4936.0 , Degree=0
K= 1895
2332.66666667
K= 1896
2299.33333333
K= 1897
4936.0 , Degree=0
K= 1898
4936.0 , Degree=0
K= 1899
53.7133211268
K= 1900
336.663003663
K= 1901
4936.0 , Degree=0
K= 1902
17.7731111705
K= 1903
4936.0 , Degree=0
K= 1904
1805.47756931
K= 1905
21.3679922018
K= 1906
4936.0 , Degree=0
K= 1907
23.1453948444
K= 1908
2494.04307359
K= 1909
22.4714285713
K= 1910
17.7494130281
K= 1911
17.4999999999
K= 1912
31.8386709
K= 1913
2332.66666667
K= 1914
4936.0 , Degree=0
K= 1915
4936.0 , Degree=0
K= 1916
4769.5
K= 1917
4936.0 , Degree=0
K= 1918
23.1905301652
K= 1919
4777.34141414
K= 1920
2605.44545177
K= 1921
4936.0 , Degree=0
K= 1922
2291.9786246
K= 1923
321.455866356
K= 1924
33.6958369514
K= 1925
2496.5
K= 1926
4936.0 , Degree=0
K= 1927
4936.0 , Degree=0
K= 1928
1832.10832937
K= 1929
20.3939377936
K= 1930
213.745409856
K= 1931
739.860683761
K= 1932
315.220812725
K= 1933
4936.0 , Degree=0
K= 1934
4936.0 , Degree=0
K= 1935
340.626749199
K= 1936
4936.0 , Degree=0
K= 1937
29.7067974387
K= 1938
28.8729368874
K= 1939
19.145291262
K= 1940
4936.0 , Degree=0
K= 1941
4936.0 , Degree=0
K= 1942
4936.0 , Degree=0
K= 1943
2464.0
K= 1944
4769.5
K= 1945
4936.0 , Degree=0
K= 1946
19.0798681133
K= 1947
4936.0 , Degree=0
K= 1948
2586.63676845
K= 1949
42.9581657458
K= 1950
4936.0 , Degree=0
K= 1951
4936.0 , Degree=0
K= 1952
4936.0 , Degree=0
K= 1953
4936.0 , Degree=0
K= 1954
14.9142857142
K= 1955
2518.63734545
K= 1956
4936.0 , Degree=0
K= 1957
29.7804485732
K= 1958
318.113051637
K= 1959
4694.81818182
K= 1960
1790.60482212
K= 1961
95.1428571428
K= 1962
2494.90833333
K= 1963
22.7433479351
K= 1964
2643.62142857
K= 1965
22.8228949724
K= 1966
4936.0 , Degree=0
K= 1967
4936.0 , Degree=0
K= 1968
2370.66666667
K= 1969
4936.0 , Degree=0
K= 1970
4936.0 , Degree=0
K= 1971
112.906460417
K= 1972
4936.0 , Degree=0
K= 1973
4936.0 , Degree=0
K= 1974
4936.0 , Degree=0
K= 1975
4936.0 , Degree=0
K= 1976
4936.0 , Degree=0
K= 1977
4936.0 , Degree=0
K= 1978
4936.0 , Degree=0
K= 1979
4991.27580029
K= 1980
143.025046663
K= 1981
16.6540898024
K= 1982
50.2164418444
K= 1983
4936.0 , Degree=0
K= 1984
4936.0 , Degree=0
K= 1985
19.077544185
K= 1986
4936.0 , Degree=0
K= 1987
1801.48802075
K= 1988
280.6
K= 1989
4936.0 , Degree=0
K= 1990
2495.16666667
K= 1991
4936.0 , Degree=0
K= 1992
2357.0
K= 1993
23.7005684549
K= 1994
4936.0 , Degree=0
K= 1995
4936.0 , Degree=0
K= 1996
4936.0 , Degree=0
K= 1997
66.4894883006
K= 1998
24.4707442592
K= 1999
4936.0 , Degree=0
K= 2000
22.1011764112
K= 2001
4936.0 , Degree=0
K= 2002
4936.0 , Degree=0
K= 2003
2357.0
K= 2004
373.370238095
K= 2005
20.094606291
K= 2006
362.825
K= 2007
4936.0 , Degree=0
K= 2008
388.75
K= 2009
2312.0
K= 2010
20.1836317937
K= 2011
194.853260879
K= 2012
28.4132961517
K= 2013
28.8363367319
K= 2014
23.1159460738
K= 2015
4936.0 , Degree=0
K= 2016
4936.0 , Degree=0
K= 2017
325.986939205
K= 2018
296.193650794
K= 2019
98.976877421
K= 2020
19.9520107537
K= 2021
19.6058411412
K= 2022
2349.0
K= 2023
38.5656819826
K= 2024
4936.0 , Degree=0
K= 2025
1791.89855253
K= 2026
4936.0 , Degree=0
K= 2027
2488.09275736
K= 2028
21.3062646599
K= 2029
4936.0 , Degree=0
K= 2030
91.9270103572
K= 2031
26.2243754136
K= 2032
2492.86839827
K= 2033
17.8941077571
K= 2034
4936.0 , Degree=0
K= 2035
4936.0 , Degree=0
K= 2036
87.0206982647
K= 2037
2357.0
K= 2038
4936.0 , Degree=0
K= 2039
4936.0 , Degree=0
K= 2040
76.7678035608
K= 2041
4936.0 , Degree=0
K= 2042
4936.0 , Degree=0
K= 2043
1810.82413488
K= 2044
4936.0 , Degree=0
K= 2045
9872.0
K= 2046
2480.09569464
K= 2047
43.2727179597
K= 2048
4936.0 , Degree=0
K= 2049
36.0779025988
K= 2050
4936.0 , Degree=0
K= 2051
2357.0
K= 2052
4936.0 , Degree=0
K= 2053
4936.0 , Degree=0
K= 2054
4936.0 , Degree=0
K= 2055
4936.0 , Degree=0
K= 2056
4936.0 , Degree=0
K= 2057
4936.0 , Degree=0
K= 2058
37.0688929913
K= 2059
12962.3198045
K= 2060
327.364732135
K= 2061
4936.0 , Degree=0
K= 2062
20.5028606887
K= 2063
19.0798681133
K= 2064
4936.0 , Degree=0
K= 2065
4936.0 , Degree=0
K= 2066
26.9436862567
K= 2067
2312.0
K= 2068
4936.0 , Degree=0
K= 2069
4936.0 , Degree=0
K= 2070
13038.4535396
K= 2071
16.6666666666
K= 2072
37.3175152215
K= 2073
1793.89349572
K= 2074
50.4800558256
K= 2075
4936.0 , Degree=0
K= 2076
4936.0 , Degree=0
K= 2077
277.895048128
K= 2078
19.6058411412
K= 2079
4936.0 , Degree=0
K= 2080
4936.0 , Degree=0
K= 2081
16.8333333333
K= 2082
4936.0 , Degree=0
K= 2083
2491.91302658
K= 2084
44.3050375518
K= 2085
39.502881193
K= 2086
4936.0 , Degree=0
K= 2087
13237.6666667
K= 2088
4936.0 , Degree=0
K= 2089
109.564230601
K= 2090
2357.0
K= 2091
4936.0 , Degree=0
K= 2092
9516.16666667
K= 2093
4936.0 , Degree=0
K= 2094
2605.44545177
K= 2095
2503.84480519
K= 2096
1919.42454699
K= 2097
137.68453463
K= 2098
294.15
K= 2099
4936.0 , Degree=0
K= 2100
4936.0 , Degree=0
K= 2101
4936.0 , Degree=0
K= 2102
4936.0 , Degree=0
K= 2103
4936.0 , Degree=0
K= 2104
4936.0 , Degree=0
K= 2105
3237.97755164
K= 2106
4936.0 , Degree=0
K= 2107
4936.0 , Degree=0
K= 2108
1824.3703478
K= 2109
2493.31601732
K= 2110
1796.46367521
K= 2111
2493.44025974
K= 2112
4936.0 , Degree=0
K= 2113
17.8327463614
K= 2114
2516.27821068
K= 2115
4936.0 , Degree=0
K= 2116
23.3171787456
K= 2117
4936.0 , Degree=0
K= 2118
18.3359716589
K= 2119
1789.92950491
K= 2120
2290.0
K= 2121
4936.0 , Degree=0
K= 2122
4936.0 , Degree=0
K= 2123
2657.85714286
K= 2124
1793.97077475
K= 2125
323.475541126
K= 2126
4936.0 , Degree=0
K= 2127
359.525468662
K= 2128
4768.0
K= 2129
4936.0 , Degree=0
K= 2130
2357.0
K= 2131
4936.0 , Degree=0
K= 2132
4936.0 , Degree=0
K= 2133
1825.95807634
K= 2134
332.672308909
K= 2135
4936.0 , Degree=0
K= 2136
2357.0
K= 2137
39.502881193
K= 2138
4936.0 , Degree=0
K= 2139
4936.0 , Degree=0
K= 2140
2493.85555556
K= 2141
381.739267834
K= 2142
2357.0
K= 2143
2515.54662887
K= 2144
4936.0 , Degree=0
K= 2145
4936.0 , Degree=0
K= 2146
560.80412667
K= 2147
4936.0 , Degree=0
K= 2148
136.798755194
K= 2149
2494.21428571
K= 2150
4936.0 , Degree=0
K= 2151
4936.0 , Degree=0
K= 2152
4936.0 , Degree=0
K= 2153
4936.0 , Degree=0
K= 2154
327.775
K= 2155
4936.0 , Degree=0
K= 2156
4936.0 , Degree=0
K= 2157
4936.0 , Degree=0
K= 2158
4936.0 , Degree=0
K= 2159
4936.0 , Degree=0
K= 2160
4936.0 , Degree=0
K= 2161
142.086791658
K= 2162
18.5511821088
K= 2163
117.003595849
K= 2164
1793.3152192
K= 2165
4936.0 , Degree=0
K= 2166
16.8333333333
K= 2167
2480.64156689
K= 2168
4936.0 , Degree=0
K= 2169
4936.0 , Degree=0
K= 2170
16.0951831891
K= 2171
4936.0 , Degree=0
K= 2172
50.6534240764
K= 2173
1996.59495016
K= 2174
4936.0 , Degree=0
K= 2175
4936.0 , Degree=0
K= 2176
18.9335307569
K= 2177
1790.98188587
K= 2178
4936.0 , Degree=0
K= 2179
34.1999992897
K= 2180
18.0736180647
K= 2181
4936.0 , Degree=0
K= 2182
39.502881193
K= 2183
1789.98188587
K= 2184
4936.0 , Degree=0
K= 2185
4936.0 , Degree=0
K= 2186
4769.5
K= 2187
4936.0 , Degree=0
K= 2188
4749.0
K= 2189
4936.0 , Degree=0
K= 2190
4936.0 , Degree=0
K= 2191
1803.10012534
K= 2192
24.675507625
K= 2193
4936.0 , Degree=0
K= 2194
299.857234432
K= 2195
4936.0 , Degree=0
K= 2196
4936.0 , Degree=0
K= 2197
18.8559066473
K= 2198
2496.5
K= 2199
4936.0 , Degree=0
K= 2200
4936.0 , Degree=0
K= 2201
2348.0
K= 2202
4936.0 , Degree=0
K= 2203
23.3451421895
K= 2204
252.264927296
K= 2205
20.0784200548
K= 2206
4936.0 , Degree=0
K= 2207
4936.0 , Degree=0
K= 2208
4936.0 , Degree=0
K= 2209
4936.0 , Degree=0
K= 2210
4936.0 , Degree=0
K= 2211
4936.0 , Degree=0
K= 2212
2332.66666667
K= 2213
4936.0 , Degree=0
K= 2214
4936.0 , Degree=0
K= 2215
4936.0 , Degree=0
K= 2216
4936.0 , Degree=0
K= 2217
3065.41088498
K= 2218
19.8242466984
K= 2219
4936.0 , Degree=0
K= 2220
4936.0 , Degree=0
K= 2221
4936.0 , Degree=0
K= 2222
4936.0 , Degree=0
K= 2223
2292.3102225
K= 2224
2650.66666667
K= 2225
4936.0 , Degree=0
K= 2226
4936.0 , Degree=0
K= 2227
4936.0 , Degree=0
K= 2228
4978.33841521
K= 2229
24680.0
K= 2230
4936.0 , Degree=0
K= 2231
45.2676262532
K= 2232
531.578066378
K= 2233
4936.0 , Degree=0
K= 2234
4936.0 , Degree=0
K= 2235
4936.0 , Degree=0
K= 2236
4936.0 , Degree=0
K= 2237
42.3703939515
K= 2238
4936.0 , Degree=0
K= 2239
4936.0 , Degree=0
K= 2240
4936.0 , Degree=0
K= 2241
4936.0 , Degree=0
K= 2242
40.1980307053
K= 2243
4063.8152192
K= 2244
4936.0 , Degree=0
K= 2245
15.0198220429
K= 2246
24.2894135994
K= 2247
20.9862689324
K= 2248
19.6058411412
K= 2249
4936.0 , Degree=0
K= 2250
299.663247983
K= 2251
1794.08078517
K= 2252
4936.0 , Degree=0
K= 2253
1809.57951092
K= 2254
47.6191029118
K= 2255
1821.8152192
K= 2256
7027.0
K= 2257
4770.91304348
K= 2258
4936.0 , Degree=0
K= 2259
4936.0 , Degree=0
K= 2260
4936.0 , Degree=0
K= 2261
25.9104620327
K= 2262
4936.0 , Degree=0
K= 2263
4936.0 , Degree=0
K= 2264
19.0235027167
K= 2265
19.077544185
K= 2266
5006.5
K= 2267
4936.0 , Degree=0
K= 2268
26.9578272643
K= 2269
4991.15942029
K= 2270
4936.0 , Degree=0
K= 2271
319.146765272
K= 2272
140.658106697
K= 2273
395.225641026
K= 2274
4936.0 , Degree=0
K= 2275
2578.47448011
K= 2276
30.7392699642
K= 2277
4936.0 , Degree=0
K= 2278
4936.0 , Degree=0
K= 2279
4936.0 , Degree=0
K= 2280
4936.0 , Degree=0
K= 2281
4936.0 , Degree=0
K= 2282
31.8227802459
K= 2283
68.0936954459
K= 2284
19.593896159
K= 2285
4936.0 , Degree=0
K= 2286
40.0508395957
K= 2287
4936.0 , Degree=0
K= 2288
4936.0 , Degree=0
K= 2289
4936.0 , Degree=0
K= 2290
4936.0 , Degree=0
K= 2291
235.616672217
K= 2292
4936.0 , Degree=0
K= 2293
4936.0 , Degree=0
K= 2294
4936.0 , Degree=0
K= 2295
2518.08737374
K= 2296
1796.18492018
K= 2297
4936.0 , Degree=0
K= 2298
4936.0 , Degree=0
K= 2299
20.3520107538
K= 2300
4936.0 , Degree=0
K= 2301
338.930027954
K= 2302
132.977188637
K= 2303
4936.0 , Degree=0
K= 2304
4936.0 , Degree=0
K= 2305
319.146765272
K= 2306
1790.55309799
K= 2307
293.397619048
K= 2308
119.997790209
K= 2309
2489.79644225
K= 2310
4936.0 , Degree=0
K= 2311
4936.0 , Degree=0
K= 2312
129.476256179
K= 2313
4936.0 , Degree=0
K= 2314
4936.0 , Degree=0
K= 2315
4936.0 , Degree=0
K= 2316
24680.0
K= 2317
4936.0 , Degree=0
K= 2318
1788.72950491
K= 2319
1800.16384796
K= 2320
18.2046279537
K= 2321
318.113051637
K= 2322
2574.53787879
K= 2323
1792.51787781
K= 2324
4936.0 , Degree=0
K= 2325
1788.98188587
K= 2326
2494.63809524
K= 2327
4936.0 , Degree=0
K= 2328
4768.66666667
K= 2329
4936.0 , Degree=0
K= 2330
2494.77344064
K= 2331
137.459082677
K= 2332
172.943247099
K= 2333
28.1752503004
K= 2334
24.1344538301
K= 2335
2299.33333333
K= 2336
4936.0 , Degree=0
K= 2337
4936.0 , Degree=0
K= 2338
4936.0 , Degree=0
K= 2339
2620.50238095
K= 2340
4765.33333333
K= 2341
4936.0 , Degree=0
K= 2342
16.4274377218
K= 2343
4936.0 , Degree=0
K= 2344
4936.0 , Degree=0
K= 2345
4936.0 , Degree=0
K= 2346
4936.0 , Degree=0
K= 2347
53.1785600918
K= 2348
4936.0 , Degree=0
K= 2349
4936.0 , Degree=0
K= 2350
4936.0 , Degree=0
K= 2351
31.610946133
K= 2352
4936.0 , Degree=0
K= 2353
4936.0 , Degree=0
K= 2354
4936.0 , Degree=0
K= 2355
4936.0 , Degree=0
K= 2356
4936.0 , Degree=0
K= 2357
4936.0 , Degree=0
K= 2358
1894.57895546
K= 2359
2438.0
K= 2360
4936.0 , Degree=0
K= 2361
4936.0 , Degree=0
K= 2362
4936.0 , Degree=0
K= 2363
4936.0 , Degree=0
K= 2364
176.585283665
K= 2365
344.553607504
K= 2366
4936.0 , Degree=0
K= 2367
37.2331005363
K= 2368
20.5724551569
K= 2369
2479.80823355
K= 2370
17.8941077571
K= 2371
4936.0 , Degree=0
K= 2372
45.1418845821
K= 2373
4936.0 , Degree=0
K= 2374
16.3333333332
K= 2375
4936.0 , Degree=0
K= 2376
4777.34141414
K= 2377
300.289502165
K= 2378
4936.0 , Degree=0
K= 2379
4936.0 , Degree=0
K= 2380
4936.0 , Degree=0
K= 2381
2292.93447706
K= 2382
6467.11346715
K= 2383
4936.0 , Degree=0
K= 2384
30.3430885242
K= 2385
317.06614531
K= 2386
22.392940644
K= 2387
13047.2041511
K= 2388
19.0450214326
K= 2389
4936.0 , Degree=0
K= 2390
301.037157328
K= 2391
4936.0 , Degree=0
K= 2392
42.9684497968
K= 2393
4936.0 , Degree=0
K= 2394
322.670574107
K= 2395
4936.0 , Degree=0
K= 2396
4936.0 , Degree=0
K= 2397
4936.0 , Degree=0
K= 2398
4936.0 , Degree=0
K= 2399
16.6540898024
K= 2400
4936.0 , Degree=0
Betweenness Centrality Improvement
[ 0.  0.  0. ...,  0.  0.  0.]
Top 20 BC Improvement
[2316 2229 2087 1648 1760 2387 2070 1320 1886 1805 2059 1440 1820 2045 1465
 1362 2092 1622 2256 2382]
Top 20 BC Improvement
[ 24680.          24680.          13237.66666667  13083.4398415
  13050.46790057  13047.20415113  13038.45353958  13037.7576281
  13031.67439742  12965.32139183  12962.31980453  12445.           9980.5
   9872.           9872.           9518.66666667   9516.16666667
   7089.91666667   7027.           6467.11346715]
