txValue= 1000000
Input graph
IGRAPH D--- 4619 68733 -- 
+ attr: pub_key (v), base_fee (e), capacity (e), fee_rate (e), txCost (e)
None
Graph after edges deleted
IGRAPH D--- 4619 32193 -- 
+ attr: pub_key (v), base_fee (e), capacity (e), fee_rate (e), txCost (e)
None
Our nodes starting connections: 
(4618, 2796)
(4618, 1223)
CurrentBC of our node:  175626.401447
K= 3600
4936.0 , Degree=0
K= 3601
7.75
K= 3602
4936.0 , Degree=0
K= 3603
2354.0
K= 3604
4936.0 , Degree=0
K= 3605
4936.0 , Degree=0
K= 3606
4936.0 , Degree=0
K= 3607
1797.8152192
K= 3608
4936.0 , Degree=0
K= 3609
22.145586708
K= 3610
4936.0 , Degree=0
K= 3611
178.666831536
K= 3612
4936.0 , Degree=0
K= 3613
4936.0 , Degree=0
K= 3614
1795.65966364
K= 3615
162.45959596
K= 3616
2485.07142857
K= 3617
4936.0 , Degree=0
K= 3618
17.6839608482
K= 3619
4936.0 , Degree=0
K= 3620
16.902657268
K= 3621
4936.0 , Degree=0
K= 3622
4936.0 , Degree=0
K= 3623
4936.0 , Degree=0
K= 3624
4936.0 , Degree=0
K= 3625
37.4170190828
K= 3626
4936.0 , Degree=0
K= 3627
4936.0 , Degree=0
K= 3628
201.909423097
K= 3629
4936.0 , Degree=0
K= 3630
1796.28188587
K= 3631
4936.0 , Degree=0
K= 3632
4936.0 , Degree=0
K= 3633
1797.14855253
K= 3634
4936.0 , Degree=0
K= 3635
4936.0 , Degree=0
K= 3636
9.05262515263
K= 3637
5.20384615386
K= 3638
29.4893750274
K= 3639
4936.0 , Degree=0
K= 3640
240.316666667
K= 3641
2482.99418167
K= 3642
1799.93631181
K= 3643
4936.0 , Degree=0
K= 3644
17.569321638
K= 3645
11.6457623467
K= 3646
4936.0 , Degree=0
K= 3647
1913.79651262
K= 3648
4936.0 , Degree=0
K= 3649
227.570238095
K= 3650
4936.0 , Degree=0
K= 3651
4936.0 , Degree=0
K= 3652
4936.0 , Degree=0
K= 3653
110.171170236
K= 3654
4936.0 , Degree=0
K= 3655
4936.0 , Degree=0
K= 3656
4936.0 , Degree=0
K= 3657
4857.77777778
K= 3658
2454.0
K= 3659
84.0835321827
K= 3660
4936.0 , Degree=0
K= 3661
52.1977783937
K= 3662
4936.0 , Degree=0
K= 3663
4936.0 , Degree=0
K= 3664
4936.0 , Degree=0
K= 3665
12.7008558661
K= 3666
5.20384615386
K= 3667
4936.0 , Degree=0
K= 3668
4936.0 , Degree=0
K= 3669
2484.84444444
K= 3670
1804.8199811
K= 3671
2563.00952381
K= 3672
94.2310040269
K= 3673
4936.0 , Degree=0
K= 3674
2550.33333333
K= 3675
4936.0 , Degree=0
K= 3676
4936.0 , Degree=0
K= 3677
13.6860415477
K= 3678
2384.4765059
K= 3679
4936.0 , Degree=0
K= 3680
18.1175020996
K= 3681
18.8326517244
K= 3682
4936.0 , Degree=0
K= 3683
2343.13688916
K= 3684
4958.66666667
K= 3685
4936.0 , Degree=0
K= 3686
12.8189346729
K= 3687
2532.0
K= 3688
4936.0 , Degree=0
K= 3689
16.9180878503
K= 3690
1049.10563233
K= 3691
174.399923099
K= 3692
265.342316017
K= 3693
2454.0
K= 3694
17.8619247158
K= 3695
2124.94006849
K= 3696
1804.40995669
K= 3697
4936.0 , Degree=0
K= 3698
4936.0 , Degree=0
K= 3699
16.6385779675
K= 3700
4936.0 , Degree=0
K= 3701
4936.0 , Degree=0
K= 3702
4936.0 , Degree=0
K= 3703
135.074626459
K= 3704
14.4724551569
K= 3705
4936.0 , Degree=0
K= 3706
4936.0 , Degree=0
K= 3707
4936.0 , Degree=0
K= 3708
4936.0 , Degree=0
K= 3709
22.1488154523
K= 3710
180.423809524
K= 3711
151.831457431
K= 3712
211.494047619
K= 3713
2484.84444444
K= 3714
4936.0 , Degree=0
K= 3715
2551.73232323
K= 3716
13.3973505022
K= 3717
4936.0 , Degree=0
K= 3718
13.5696282213
K= 3719
4936.0 , Degree=0
K= 3720
18.6188871586
K= 3721
7.98075427659
K= 3722
4936.0 , Degree=0
K= 3723
177.062931548
K= 3724
169.991604813
K= 3725
4936.0 , Degree=0
K= 3726
174.791777226
K= 3727
167.355852601
K= 3728
2379.03206145
K= 3729
207.67979798
K= 3730
8.64355583058
K= 3731
19.4316786321
K= 3732
4936.0 , Degree=0
K= 3733
4936.0 , Degree=0
K= 3734
4936.0 , Degree=0
K= 3735
78.4929776406
K= 3736
4936.0 , Degree=0
K= 3737
196.416666667
K= 3738
4936.0 , Degree=0
K= 3739
4936.0 , Degree=0
K= 3740
4936.0 , Degree=0
K= 3741
4936.0 , Degree=0
K= 3742
1797.14855253
K= 3743
4936.0 , Degree=0
K= 3744
4784.0
K= 3745
1799.94855253
K= 3746
38.5181946708
K= 3747
1799.28188587
K= 3748
9.69310509146
K= 3749
80.8333333333
K= 3750
2485.46666667
K= 3751
4936.0 , Degree=0
K= 3752
15.1389738999
K= 3753
4936.0 , Degree=0
K= 3754
2578.33333333
K= 3755
4936.0 , Degree=0
K= 3756
11.0639921061
K= 3757
4936.0 , Degree=0
K= 3758
4936.0 , Degree=0
K= 3759
4785.81818182
K= 3760
1889.23145337
K= 3761
4936.0 , Degree=0
K= 3762
8.94133718134
K= 3763
4936.0 , Degree=0
K= 3764
4936.0 , Degree=0
K= 3765
1795.27273554
K= 3766
4936.0 , Degree=0
K= 3767
4936.0 , Degree=0
K= 3768
1799.28188587
K= 3769
159.344236118
K= 3770
6.33333333331
K= 3771
18.9036847997
K= 3772
10.3460032857
K= 3773
4936.0 , Degree=0
K= 3774
4936.0 , Degree=0
K= 3775
2355.18657015
K= 3776
73.1254408732
K= 3777
2486.15942029
K= 3778
4936.0 , Degree=0
K= 3779
9.08941302812
K= 3780
103.166184269
K= 3781
4936.0 , Degree=0
K= 3782
4784.0
K= 3783
2384.39924519
K= 3784
4936.0 , Degree=0
K= 3785
4936.0 , Degree=0
K= 3786
4936.0 , Degree=0
K= 3787
21.2237773556
K= 3788
11.5515110429
K= 3789
207.018253968
K= 3790
2454.0
K= 3791
4936.0 , Degree=0
K= 3792
8.10606060608
K= 3793
90.1472844375
K= 3794
176.903697251
K= 3795
4936.0 , Degree=0
K= 3796
25.2087271249
K= 3797
4936.0 , Degree=0
K= 3798
4936.0 , Degree=0
K= 3799
4936.0 , Degree=0
K= 3800
4936.0 , Degree=0
K= 3801
4936.0 , Degree=0
K= 3802
10.6779073332
K= 3803
4936.0 , Degree=0
K= 3804
104.580391468
K= 3805
33.5957059647
K= 3806
2486.16666667
K= 3807
2483.33333333
K= 3808
182.951188578
K= 3809
185.576730214
K= 3810
4936.0 , Degree=0
K= 3811
4936.0 , Degree=0
K= 3812
179.382936508
K= 3813
1810.80331444
K= 3814
10.7283683749
K= 3815
1809.69855253
K= 3816
1800.81891004
K= 3817
234.827705628
K= 3818
4936.0 , Degree=0
K= 3819
4936.0 , Degree=0
K= 3820
4936.0 , Degree=0
K= 3821
4936.0 , Degree=0
K= 3822
9.92793962444
K= 3823
4936.0 , Degree=0
K= 3824
2378.16666667
K= 3825
4936.0 , Degree=0
K= 3826
28.975122784
K= 3827
4936.0 , Degree=0
K= 3828
233.471824655
K= 3829
9872.0
K= 3830
8.19016938354
K= 3831
4936.0 , Degree=0
K= 3832
4936.0 , Degree=0
K= 3833
4936.0 , Degree=0
K= 3834
94.577059052
K= 3835
4936.0 , Degree=0
K= 3836
10.9465051793
K= 3837
4936.0 , Degree=0
K= 3838
4936.0 , Degree=0
K= 3839
9872.0
K= 3840
12.9628812155
K= 3841
4936.0 , Degree=0
K= 3842
4936.0 , Degree=0
K= 3843
4936.0 , Degree=0
K= 3844
1800.14855253
K= 3845
4936.0 , Degree=0
K= 3846
4936.0 , Degree=0
K= 3847
4936.0 , Degree=0
K= 3848
2573.00833333
K= 3849
15.1413371814
K= 3850
4936.0 , Degree=0
K= 3851
4936.0 , Degree=0
K= 3852
4936.0 , Degree=0
K= 3853
27.0941901569
K= 3854
28.6912885876
K= 3855
4936.0 , Degree=0
K= 3856
4936.0 , Degree=0
K= 3857
13.8687683449
K= 3858
174.399923099
K= 3859
1794.06760015
K= 3860
4936.0 , Degree=0
K= 3861
16.7369345374
K= 3862
4936.0 , Degree=0
K= 3863
322.894483808
K= 3864
176.084815185
K= 3865
2572.1
K= 3866
4936.0 , Degree=0
K= 3867
20.642640163
K= 3868
174.141456511
K= 3869
4936.0 , Degree=0
K= 3870
4936.0 , Degree=0
K= 3871
8.31195792876
K= 3872
4936.0 , Degree=0
K= 3873
4936.0 , Degree=0
K= 3874
177.85571968
K= 3875
6.33333333331
K= 3876
4936.0 , Degree=0
K= 3877
4936.0 , Degree=0
K= 3878
4936.0 , Degree=0
K= 3879
24.8335355254
K= 3880
23.567640163
K= 3881
18.5086120818
K= 3882
4846.0
K= 3883
4936.0 , Degree=0
K= 3884
24716.4
K= 3885
4936.0 , Degree=0
K= 3886
20.642640163
K= 3887
50.8332189045
K= 3888
88.5755081044
K= 3889
22.9187756688
K= 3890
4936.0 , Degree=0
K= 3891
4936.0 , Degree=0
K= 3892
4936.0 , Degree=0
K= 3893
16.5583301749
K= 3894
24.2903461224
K= 3895
79.3976190476
K= 3896
4861.0
K= 3897
4936.0 , Degree=0
K= 3898
79.4744485294
K= 3899
87.9519969967
K= 3900
4936.0 , Degree=0
K= 3901
2485.46666667
K= 3902
4862.0
K= 3903
4936.0 , Degree=0
K= 3904
6.49523809523
K= 3905
4936.0 , Degree=0
K= 3906
4936.0 , Degree=0
K= 3907
4970.66666667
K= 3908
4936.0 , Degree=0
K= 3909
2570.06666667
K= 3910
4936.0 , Degree=0
K= 3911
188.416285566
K= 3912
12.9448568407
K= 3913
4936.0 , Degree=0
K= 3914
4936.0 , Degree=0
K= 3915
4936.0 , Degree=0
K= 3916
4936.0 , Degree=0
K= 3917
4860.33333333
K= 3918
4936.0 , Degree=0
K= 3919
4936.0 , Degree=0
K= 3920
237.341702742
K= 3921
63.3621118395
K= 3922
87.7219292543
K= 3923
90.4726187481
K= 3924
4936.0 , Degree=0
K= 3925
8.26873051788
K= 3926
2558.08737374
K= 3927
4936.0 , Degree=0
K= 3928
17.56469885
K= 3929
141.652380952
K= 3930
18.2953096773
K= 3931
4936.0 , Degree=0
K= 3932
9.08941302812
K= 3933
19.6639385031
K= 3934
4936.0 , Degree=0
K= 3935
4936.0 , Degree=0
K= 3936
4936.0 , Degree=0
K= 3937
2483.23909774
K= 3938
35.8829371949
K= 3939
4936.0 , Degree=0
K= 3940
4936.0 , Degree=0
K= 3941
4936.0 , Degree=0
K= 3942
4936.0 , Degree=0
K= 3943
168.136954589
K= 3944
11.3226485373
K= 3945
4936.0 , Degree=0
K= 3946
4936.0 , Degree=0
K= 3947
4936.0 , Degree=0
K= 3948
178.194011544
K= 3949
4936.0 , Degree=0
K= 3950
4936.0 , Degree=0
K= 3951
9.61709011896
K= 3952
4936.0 , Degree=0
K= 3953
4936.0 , Degree=0
K= 3954
4936.0 , Degree=0
K= 3955
2486.33333333
K= 3956
4936.0 , Degree=0
K= 3957
28.122012705
K= 3958
4936.0 , Degree=0
K= 3959
2454.0
K= 3960
4936.0 , Degree=0
K= 3961
4936.0 , Degree=0
K= 3962
249.67864875
K= 3963
1012.43588498
K= 3964
4936.0 , Degree=0
K= 3965
4936.0 , Degree=0
K= 3966
4936.0 , Degree=0
K= 3967
178.655315704
K= 3968
53.0756006252
K= 3969
196.306227106
K= 3970
23.9762354992
K= 3971
4936.0 , Degree=0
K= 3972
4936.0 , Degree=0
K= 3973
13.1283655729
K= 3974
17.2873661876
K= 3975
4936.0 , Degree=0
K= 3976
4936.0 , Degree=0
K= 3977
4936.0 , Degree=0
K= 3978
15.5999462888
K= 3979
4936.0 , Degree=0
K= 3980
4936.0 , Degree=0
K= 3981
4936.0 , Degree=0
K= 3982
4936.0 , Degree=0
K= 3983
8.75114474253
K= 3984
4936.0 , Degree=0
K= 3985
11.5807542766
K= 3986
4936.0 , Degree=0
K= 3987
4936.0 , Degree=0
K= 3988
9.61867742054
K= 3989
4936.0 , Degree=0
K= 3990
4936.0 , Degree=0
K= 3991
2484.96666667
K= 3992
4936.0 , Degree=0
K= 3993
9.27250780794
K= 3994
4936.0 , Degree=0
K= 3995
4936.0 , Degree=0
K= 3996
4936.0 , Degree=0
K= 3997
82.965984214
K= 3998
4936.0 , Degree=0
K= 3999
102.904761905
K= 4000
4936.0 , Degree=0
K= 4001
4936.0 , Degree=0
K= 4002
4936.0 , Degree=0
K= 4003
4936.0 , Degree=0
K= 4004
19.1118806246
K= 4005
4936.0 , Degree=0
K= 4006
4936.0 , Degree=0
K= 4007
4936.0 , Degree=0
K= 4008
30.195284938
K= 4009
4936.0 , Degree=0
K= 4010
1798.88664777
K= 4011
4936.0 , Degree=0
K= 4012
4858.0
K= 4013
4797.66666667
K= 4014
4784.0
K= 4015
4936.0 , Degree=0
K= 4016
4936.0 , Degree=0
K= 4017
4936.0 , Degree=0
K= 4018
2581.0
K= 4019
4936.0 , Degree=0
K= 4020
118.470972988
K= 4021
1803.74855253
K= 4022
4936.0 , Degree=0
K= 4023
2488.41336526
K= 4024
2454.0
K= 4025
89.4221408172
K= 4026
4936.0 , Degree=0
K= 4027
4936.0 , Degree=0
K= 4028
10.334949194
K= 4029
4936.0 , Degree=0
K= 4030
15.0326447981
K= 4031
1941.19855253
K= 4032
184.386624239
K= 4033
8.02246758773
K= 4034
4936.0 , Degree=0
K= 4035
1876.03579472
K= 4036
4813.0
K= 4037
4936.0 , Degree=0
K= 4038
4936.0 , Degree=0
K= 4039
4936.0 , Degree=0
K= 4040
4936.0 , Degree=0
K= 4041
2454.0
K= 4042
4936.0 , Degree=0
K= 4043
4936.0 , Degree=0
K= 4044
2591.48452381
K= 4045
4936.0 , Degree=0
K= 4046
35.9389498195
K= 4047
1797.8152192
K= 4048
2416.20939383
K= 4049
9.61867742054
K= 4050
4936.0 , Degree=0
K= 4051
4966.82105263
K= 4052
4936.0 , Degree=0
K= 4053
4936.0 , Degree=0
K= 4054
21.980433459
K= 4055
4936.0 , Degree=0
K= 4056
190.462724775
K= 4057
4936.0 , Degree=0
K= 4058
4936.0 , Degree=0
K= 4059
2709.12852986
K= 4060
4936.0 , Degree=0
K= 4061
24.3424020825
K= 4062
4936.0 , Degree=0
K= 4063
4936.0 , Degree=0
K= 4064
4936.0 , Degree=0
K= 4065
213.271367521
K= 4066
4936.0 , Degree=0
K= 4067
9.66659920756
K= 4068
4936.0 , Degree=0
K= 4069
1796.95954968
K= 4070
4936.0 , Degree=0
K= 4071
4936.0 , Degree=0
K= 4072
4936.0 , Degree=0
K= 4073
4936.0 , Degree=0
K= 4074
4936.0 , Degree=0
K= 4075
252.852023667
K= 4076
19.9372644607
K= 4077
39.5159934979
K= 4078
4936.0 , Degree=0
K= 4079
4936.0 , Degree=0
K= 4080
4936.0 , Degree=0
K= 4081
11.0542961434
K= 4082
7.56077442382
K= 4083
145.528167445
K= 4084
4936.0 , Degree=0
K= 4085
22.7150140133
K= 4086
2560.73015873
K= 4087
4936.0 , Degree=0
K= 4088
4936.0 , Degree=0
K= 4089
4936.0 , Degree=0
K= 4090
4936.0 , Degree=0
K= 4091
2465.04133718
K= 4092
4936.0 , Degree=0
K= 4093
4936.0 , Degree=0
K= 4094
213.271367521
K= 4095
4936.0 , Degree=0
K= 4096
4936.0 , Degree=0
K= 4097
17.5197804692
K= 4098
4936.0 , Degree=0
K= 4099
7.16666666666
K= 4100
8.24421085176
K= 4101
4936.0 , Degree=0
K= 4102
11.6660202671
K= 4103
2484.45751634
K= 4104
194.65959596
K= 4105
4936.0 , Degree=0
K= 4106
4936.0 , Degree=0
K= 4107
23.6890851867
K= 4108
4851.0
K= 4109
4936.0 , Degree=0
K= 4110
191.435231435
K= 4111
4936.0 , Degree=0
K= 4112
167.692919906
K= 4113
17.4584538172
K= 4114
4936.0 , Degree=0
K= 4115
4936.0 , Degree=0
K= 4116
2483.12187557
K= 4117
13.8422238628
K= 4118
4936.0 , Degree=0
K= 4119
2484.16349206
K= 4120
9872.0
K= 4121
4854.86666667
K= 4122
92.6126941686
K= 4123
11.0659118526
K= 4124
4936.0 , Degree=0
K= 4125
4799.0
K= 4126
12.8005022176
K= 4127
4936.0 , Degree=0
K= 4128
4936.0 , Degree=0
K= 4129
4776.0
K= 4130
4936.0 , Degree=0
K= 4131
4936.0 , Degree=0
K= 4132
119.597469197
K= 4133
4936.0 , Degree=0
K= 4134
4936.0 , Degree=0
K= 4135
4936.0 , Degree=0
K= 4136
4936.0 , Degree=0
K= 4137
4936.0 , Degree=0
K= 4138
4936.0 , Degree=0
K= 4139
17.2344662674
K= 4140
19.2499850458
K= 4141
4936.0 , Degree=0
K= 4142
4936.0 , Degree=0
K= 4143
4720.0
K= 4144
4936.0 , Degree=0
K= 4145
4936.0 , Degree=0
K= 4146
4860.5
K= 4147
4936.0 , Degree=0
K= 4148
4936.0 , Degree=0
K= 4149
2454.0
K= 4150
4936.0 , Degree=0
K= 4151
4936.0 , Degree=0
K= 4152
9.73257851932
K= 4153
11.6224675877
K= 4154
1797.14855253
K= 4155
83.6716014786
K= 4156
4967.68888889
K= 4157
1797.15786626
K= 4158
4936.0 , Degree=0
K= 4159
2484.97142857
K= 4160
4832.0
K= 4161
39.3965527741
K= 4162
4936.0 , Degree=0
K= 4163
4936.0 , Degree=0
K= 4164
4936.0 , Degree=0
K= 4165
4936.0 , Degree=0
K= 4166
4936.0 , Degree=0
K= 4167
4936.0 , Degree=0
K= 4168
2551.73232323
K= 4169
83.873223558
K= 4170
32.7982545032
K= 4171
78.6809679518
K= 4172
4936.0 , Degree=0
K= 4173
4936.0 , Degree=0
K= 4174
4936.0 , Degree=0
K= 4175
175.467855244
K= 4176
34.3018017916
K= 4177
4936.0 , Degree=0
K= 4178
4936.0 , Degree=0
K= 4179
4936.0 , Degree=0
K= 4180
172.563119778
K= 4181
172.563119778
K= 4182
4936.0 , Degree=0
K= 4183
4936.0 , Degree=0
K= 4184
1012.43588498
K= 4185
16.2418397091
K= 4186
4936.0 , Degree=0
K= 4187
202.170707229
K= 4188
4936.0 , Degree=0
K= 4189
25.560600632
K= 4190
10.4727277294
K= 4191
4936.0 , Degree=0
K= 4192
168.53003663
K= 4193
2483.71428571
K= 4194
20.7077224853
K= 4195
4936.0 , Degree=0
K= 4196
13.9571428572
K= 4197
4936.0 , Degree=0
K= 4198
34.8123501647
K= 4199
202.847893773
K= 4200
171.842857143
K= 4201
11.3265530001
K= 4202
29.9502072453
K= 4203
4936.0 , Degree=0
K= 4204
46.4520648527
K= 4205
4936.0 , Degree=0
K= 4206
4832.0
K= 4207
15.8475587243
K= 4208
4936.0 , Degree=0
K= 4209
17311.0
K= 4210
4936.0 , Degree=0
K= 4211
4936.0 , Degree=0
K= 4212
4861.5
K= 4213
4784.0
K= 4214
25.0143324714
K= 4215
4936.0 , Degree=0
K= 4216
4936.0 , Degree=0
K= 4217
4936.0 , Degree=0
K= 4218
61.2101334183
K= 4219
4936.0 , Degree=0
K= 4220
4936.0 , Degree=0
K= 4221
4936.0 , Degree=0
K= 4222
27.0216877495
K= 4223
4936.0 , Degree=0
K= 4224
2485.07142857
K= 4225
4936.0 , Degree=0
K= 4226
91.3400721774
K= 4227
4936.0 , Degree=0
K= 4228
4936.0 , Degree=0
K= 4229
11.5657901906
K= 4230
196.758741259
K= 4231
1802.50410809
K= 4232
2532.38734545
K= 4233
4936.0 , Degree=0
K= 4234
41.4386532367
K= 4235
233.376046176
K= 4236
26.9288956872
K= 4237
2566.22670696
K= 4238
72.6460927961
K= 4239
16.2818071461
K= 4240
14.109045579
K= 4241
1899.10198579
K= 4242
104.882235437
K= 4243
1793.98579891
K= 4244
2484.6969697
K= 4245
172.499173108
K= 4246
27.5628675091
K= 4247
4936.0 , Degree=0
K= 4248
24.5954924075
K= 4249
4936.0 , Degree=0
K= 4250
4936.0 , Degree=0
K= 4251
4936.0 , Degree=0
K= 4252
4936.0 , Degree=0
K= 4253
4936.0 , Degree=0
K= 4254
4936.0 , Degree=0
K= 4255
4936.0 , Degree=0
K= 4256
4936.0 , Degree=0
K= 4257
2474.89337363
K= 4258
4936.0 , Degree=0
K= 4259
1795.88664777
K= 4260
4936.0 , Degree=0
K= 4261
2486.16666667
K= 4262
4936.0 , Degree=0
K= 4263
2491.66666667
K= 4264
4936.0 , Degree=0
K= 4265
4936.0 , Degree=0
K= 4266
20.2741938231
K= 4267
4936.0 , Degree=0
K= 4268
4936.0 , Degree=0
K= 4269
4936.0 , Degree=0
K= 4270
188.728571429
K= 4271
4936.0 , Degree=0
K= 4272
4936.0 , Degree=0
K= 4273
4936.0 , Degree=0
K= 4274
2454.0
K= 4275
15.3221058799
K= 4276
7.56077442382
K= 4277
2548.66666667
K= 4278
12.8087471753
K= 4279
4936.0 , Degree=0
K= 4280
4799.0
K= 4281
8.58765932309
K= 4282
9872.0
K= 4283
15.4806172127
K= 4284
4936.0 , Degree=0
K= 4285
8.58765932309
K= 4286
1814.29449091
K= 4287
4936.0 , Degree=0
K= 4288
4936.0 , Degree=0
K= 4289
1834.8152192
K= 4290
180.684920635
K= 4291
24.0659941882
K= 4292
11.7725078079
K= 4293
1873.20936162
K= 4294
66.3956947997
K= 4295
4936.0 , Degree=0
K= 4296
4936.0 , Degree=0
K= 4297
4936.0 , Degree=0
K= 4298
4936.0 , Degree=0
K= 4299
2570.16666667
K= 4300
196.656212331
K= 4301
2382.76234194
K= 4302
2484.96666667
K= 4303
4936.0 , Degree=0
K= 4304
2496.72739653
K= 4305
83.6912297212
K= 4306
22.5698993185
K= 4307
20.8445962921
K= 4308
4936.0 , Degree=0
K= 4309
97.25
K= 4310
4936.0 , Degree=0
K= 4311
6.98648870955
K= 4312
4936.0 , Degree=0
K= 4313
8.94317256325
K= 4314
22.8891214381
K= 4315
4936.0 , Degree=0
K= 4316
4936.0 , Degree=0
K= 4317
4936.0 , Degree=0
K= 4318
20.642640163
K= 4319
22.172087948
K= 4320
4936.0 , Degree=0
K= 4321
4859.66666667
K= 4322
1794.69220333
K= 4323
16.0809222088
K= 4324
18.4458826359
K= 4325
1795.65966364
K= 4326
2356.20939383
K= 4327
176.577059052
K= 4328
31.3929940466
K= 4329
14.5455823639
K= 4330
25.9994831653
K= 4331
4936.0 , Degree=0
K= 4332
4936.0 , Degree=0
K= 4333
37.7718435902
K= 4334
4936.0 , Degree=0
K= 4335
4936.0 , Degree=0
K= 4336
1800.14855253
K= 4337
13.6627657528
K= 4338
4936.0 , Degree=0
K= 4339
4936.0 , Degree=0
K= 4340
4936.0 , Degree=0
K= 4341
2575.44285714
K= 4342
4936.0 , Degree=0
K= 4343
4936.0 , Degree=0
K= 4344
4936.0 , Degree=0
K= 4345
9.87986811329
K= 4346
29.6837891516
K= 4347
2558.08737374
K= 4348
4936.0 , Degree=0
K= 4349
4936.0 , Degree=0
K= 4350
91.1806434622
K= 4351
16.4150245938
K= 4352
47.9009018063
K= 4353
4936.0 , Degree=0
K= 4354
4936.0 , Degree=0
K= 4355
4936.0 , Degree=0
K= 4356
4936.0 , Degree=0
K= 4357
170.955852601
K= 4358
26.0350501923
K= 4359
36.426000666
K= 4360
2418.58333333
K= 4361
11.7883394384
K= 4362
4936.0 , Degree=0
K= 4363
1839.28188587
K= 4364
4936.0 , Degree=0
K= 4365
4936.0 , Degree=0
K= 4366
25.3464089764
K= 4367
1812.8152192
K= 4368
207.123512732
K= 4369
14.75
K= 4370
4936.0 , Degree=0
K= 4371
188.504563492
K= 4372
74.6209926564
K= 4373
2382.70462795
K= 4374
96.7468263015
K= 4375
4936.0 , Degree=0
K= 4376
61.2630122404
K= 4377
4936.0 , Degree=0
K= 4378
219.888095238
K= 4379
4936.0 , Degree=0
K= 4380
4936.0 , Degree=0
K= 4381
4936.0 , Degree=0
K= 4382
2580.60666667
K= 4383
8.54270416551
K= 4384
22159.8
K= 4385
4936.0 , Degree=0
K= 4386
2485.07142857
K= 4387
184.265523828
K= 4388
193.803174603
K= 4389
4936.0 , Degree=0
K= 4390
64.5675878124
K= 4391
9.61867742054
K= 4392
1868.95593873
K= 4393
8.29645519832
K= 4394
4936.0 , Degree=0
K= 4395
4936.0 , Degree=0
K= 4396
4936.0 , Degree=0
K= 4397
4936.0 , Degree=0
K= 4398
4936.0 , Degree=0
K= 4399
4936.0 , Degree=0
K= 4400
23.7056361509
K= 4401
4936.0 , Degree=0
K= 4402
4936.0 , Degree=0
K= 4403
44.1580980964
K= 4404
4936.0 , Degree=0
K= 4405
4936.0 , Degree=0
K= 4406
8.24421085176
K= 4407
4936.0 , Degree=0
K= 4408
2450.22857143
K= 4409
4936.0 , Degree=0
K= 4410
4936.0 , Degree=0
K= 4411
4936.0 , Degree=0
K= 4412
4936.0 , Degree=0
K= 4413
11.197511754
K= 4414
4936.0 , Degree=0
K= 4415
4936.0 , Degree=0
K= 4416
2550.38734545
K= 4417
2485.07142857
K= 4418
4936.0 , Degree=0
K= 4419
73.7473691835
K= 4420
87.7347333672
K= 4421
37.8290774454
K= 4422
4936.0 , Degree=0
K= 4423
2483.41721612
K= 4424
10.9701923616
K= 4425
4936.0 , Degree=0
K= 4426
4936.0 , Degree=0
K= 4427
4936.0 , Degree=0
K= 4428
4936.0 , Degree=0
K= 4429
4936.0 , Degree=0
K= 4430
4784.0
K= 4431
14.2760315923
K= 4432
4936.0 , Degree=0
K= 4433
4936.0 , Degree=0
K= 4434
1795.94855253
K= 4435
4936.0 , Degree=0
K= 4436
2484.96666667
K= 4437
70.7056166056
K= 4438
2563.00952381
K= 4439
4936.0 , Degree=0
K= 4440
15.8100146019
K= 4441
4936.0 , Degree=0
K= 4442
406.147627291
K= 4443
10.022573314
K= 4444
9.26127295775
K= 4445
4936.0 , Degree=0
K= 4446
2454.0
K= 4447
4936.0 , Degree=0
K= 4448
97.5665897656
K= 4449
4936.0 , Degree=0
K= 4450
4936.0 , Degree=0
K= 4451
14.4633636383
K= 4452
416.041636142
K= 4453
4936.0 , Degree=0
K= 4454
4936.0 , Degree=0
K= 4455
43.5342663505
K= 4456
4936.0 , Degree=0
K= 4457
1799.33280858
K= 4458
4936.0 , Degree=0
K= 4459
12.2560060685
K= 4460
4936.0 , Degree=0
K= 4461
1809.48188587
K= 4462
101.565911853
K= 4463
4857.66666667
K= 4464
4936.0 , Degree=0
K= 4465
1799.28188587
K= 4466
6.33333333334
K= 4467
4936.0 , Degree=0
K= 4468
4936.0 , Degree=0
K= 4469
4936.0 , Degree=0
K= 4470
4936.0 , Degree=0
K= 4471
1799.95807634
K= 4472
4936.0 , Degree=0
K= 4473
16.6139257039
K= 4474
9.97862459542
K= 4475
4936.0 , Degree=0
K= 4476
38.7630561054
K= 4477
4936.0 , Degree=0
K= 4478
4936.0 , Degree=0
K= 4479
19.2230817619
K= 4480
4936.0 , Degree=0
K= 4481
4936.0 , Degree=0
K= 4482
1800.14855253
K= 4483
4936.0 , Degree=0
K= 4484
4936.0 , Degree=0
K= 4485
2381.0
K= 4486
120.806240981
K= 4487
20.642640163
K= 4488
1799.28188587
K= 4489
4936.0 , Degree=0
K= 4490
1803.74855253
K= 4491
205.098143776
K= 4492
2573.35833333
K= 4493
4966.0
K= 4494
9.27250780794
K= 4495
4936.0 , Degree=0
K= 4496
84.7763264537
K= 4497
1800.14855253
K= 4498
3323.97755164
K= 4499
4936.0 , Degree=0
K= 4500
4936.0 , Degree=0
K= 4501
2378.16666667
K= 4502
100.505790179
K= 4503
2484.51666667
K= 4504
18.6706363757
K= 4505
2485.46666667
K= 4506
4936.0 , Degree=0
K= 4507
30.5885278196
K= 4508
4936.0 , Degree=0
K= 4509
4936.0 , Degree=0
K= 4510
4936.0 , Degree=0
K= 4511
4936.0 , Degree=0
K= 4512
4936.0 , Degree=0
K= 4513
4936.0 , Degree=0
K= 4514
11.9895070991
K= 4515
4936.0 , Degree=0
K= 4516
4936.0 , Degree=0
K= 4517
7.98075427659
K= 4518
1838.88664777
K= 4519
105.421349437
K= 4520
4936.0 , Degree=0
K= 4521
28.5868747293
K= 4522
4936.0 , Degree=0
K= 4523
4936.0 , Degree=0
K= 4524
4936.0 , Degree=0
K= 4525
1797.14855253
K= 4526
23.3125057446
K= 4527
167.355852601
K= 4528
29.1209095391
K= 4529
12.5938260566
K= 4530
360.941711067
K= 4531
4936.0 , Degree=0
K= 4532
4936.0 , Degree=0
K= 4533
8.91867742056
K= 4534
9.31572193679
K= 4535
4936.0 , Degree=0
K= 4536
4936.0 , Degree=0
K= 4537
4936.0 , Degree=0
K= 4538
13.9281809107
K= 4539
4936.0 , Degree=0
K= 4540
198.226862225
K= 4541
4936.0 , Degree=0
K= 4542
22.8180490607
K= 4543
4967.39393939
K= 4544
2535.0
K= 4545
4936.0 , Degree=0
K= 4546
4936.0 , Degree=0
K= 4547
4936.0 , Degree=0
K= 4548
4936.0 , Degree=0
K= 4549
66.3721885167
K= 4550
13.7363371806
K= 4551
4936.0 , Degree=0
K= 4552
2555.63734545
K= 4553
2548.95833333
K= 4554
162.377777778
K= 4555
4936.0 , Degree=0
K= 4556
4936.0 , Degree=0
K= 4557
4936.0 , Degree=0
K= 4558
117.386227782
K= 4559
4936.0 , Degree=0
K= 4560
4936.0 , Degree=0
K= 4561
4936.0 , Degree=0
K= 4562
4936.0 , Degree=0
K= 4563
2539.57179487
K= 4564
4936.0 , Degree=0
K= 4565
35.5284797501
K= 4566
4936.0 , Degree=0
K= 4567
31.4908313001
K= 4568
4936.0 , Degree=0
K= 4569
4799.0
K= 4570
4936.0 , Degree=0
K= 4571
31.0033904471
K= 4572
4936.0 , Degree=0
K= 4573
4832.0
K= 4574
4936.0 , Degree=0
K= 4575
1906.97350259
K= 4576
3323.97755164
K= 4577
4936.0 , Degree=0
K= 4578
4936.0 , Degree=0
K= 4579
1794.8152192
K= 4580
4936.0 , Degree=0
K= 4581
12.9584770375
K= 4582
4936.0 , Degree=0
K= 4583
4936.0 , Degree=0
K= 4584
22.885712519
K= 4585
2491.34285714
K= 4586
19.6738737782
K= 4587
1795.88188587
K= 4588
364.098445033
K= 4589
4936.0 , Degree=0
K= 4590
32.586699317
K= 4591
1885.52579883
K= 4592
11.403170705
K= 4593
2485.46666667
K= 4594
44.449847355
K= 4595
4936.0 , Degree=0
K= 4596
2522.60702076
K= 4597
4936.0 , Degree=0
K= 4598
2383.62467051
K= 4599
2486.23333333
K= 4600
4936.0 , Degree=0
K= 4601
8.00114372591
K= 4602
4936.0 , Degree=0
K= 4603
15.8591446748
K= 4604
4784.0
K= 4605
4936.0 , Degree=0
K= 4606
4936.0 , Degree=0
K= 4607
4936.0 , Degree=0
K= 4608
7.44329432322
K= 4609
4936.0 , Degree=0
K= 4610
4936.0 , Degree=0
K= 4611
4936.0 , Degree=0
K= 4612
4936.0 , Degree=0
K= 4613
2454.0
K= 4614
6.33333333334
K= 4615
237.438888889
K= 4616
13.4554963615
K= 4617
4936.0 , Degree=0
Betweenness Centrality Improvement
[    0.             0.             0.         ...,    13.45549636  4936.
     0.        ]
Top 20 BC Improvement
[3884 4384 4209 4282 3839 3829 4120 3907 4156 4543 4051 4493 3684 4058 4055
 4060 4057 4052 4053 4050]
Top 20 BC Improvement
[ 24716.4         22159.8         17311.           9872.           9872.
   9872.           9872.           4970.66666667   4967.68888889
   4967.39393939   4966.82105263   4966.           4958.66666667   4936.
   4936.           4936.           4936.           4936.           4936.
   4936.        ]
