txValue= 1000000
Input graph
IGRAPH D--- 4619 68733 -- 
+ attr: pub_key (v), base_fee (e), capacity (e), fee_rate (e), txCost (e)
None
Graph after edges deleted
IGRAPH D--- 4619 32193 -- 
+ attr: pub_key (v), base_fee (e), capacity (e), fee_rate (e), txCost (e)
None
Our nodes starting connections: 
(4618, 2796)
(4618, 1223)
(4618, 1163)
CurrentBC of our node:  290905.395275
K= 1200
4936.0 , Degree=0
K= 1201
4936.0 , Degree=0
K= 1202
4975.01298701
K= 1203
4936.0 , Degree=0
K= 1204
2491.46111111
K= 1205
4936.0 , Degree=0
K= 1206
24.876548212
K= 1207
4936.0 , Degree=0
K= 1208
4936.0 , Degree=0
K= 1209
98.9246575712
K= 1210
17.3728455228
K= 1211
16.0098891509
K= 1212
29.9155796056
K= 1213
286.839199689
K= 1214
2494.16666667
K= 1215
270.994047619
K= 1216
4936.0 , Degree=0
K= 1217
4936.0 , Degree=0
K= 1218
25.5499999999
K= 1219
1808.14855253
K= 1220
18.5272270874
K= 1221
4936.0 , Degree=0
K= 1222
4936.0 , Degree=0
K= 1223
166.659567957
K= 1224
23.3993278978
K= 1225
13.5
K= 1226
4936.0 , Degree=0
K= 1227
4936.0 , Degree=0
K= 1228
311.232059525
K= 1229
4936.0 , Degree=0
K= 1230
35.3929569959
K= 1231
20.0817335658
K= 1232
2223.33333333
K= 1233
13.8333333333
K= 1234
4936.0 , Degree=0
K= 1235
4936.0 , Degree=0
K= 1236
1807.64855253
K= 1237
4936.0 , Degree=0
K= 1238
4936.0 , Degree=0
K= 1239
4936.0 , Degree=0
K= 1240
257.391094679
K= 1241
445.913860249
K= 1242
4936.0 , Degree=0
K= 1243
4936.0 , Degree=0
K= 1244
4936.0 , Degree=0
K= 1245
4936.0 , Degree=0
K= 1246
2492.96666667
K= 1247
1875.04235917
K= 1248
4936.0 , Degree=0
K= 1249
31.4631986532
K= 1250
22.6578859787
K= 1251
4936.0 , Degree=0
K= 1252
29.9155796056
K= 1253
4936.0 , Degree=0
K= 1254
4936.0 , Degree=0
K= 1255
4936.0 , Degree=0
K= 1256
4936.0 , Degree=0
K= 1257
18.7063898242
K= 1258
4936.0 , Degree=0
K= 1259
4936.0 , Degree=0
K= 1260
36.062846901
K= 1261
250.030890491
K= 1262
4936.0 , Degree=0
K= 1263
16.2442108517
K= 1264
2489.92380952
K= 1265
39.6069855197
K= 1266
4936.0 , Degree=0
K= 1267
1815.83708765
K= 1268
1816.20326032
K= 1269
4936.0 , Degree=0
K= 1270
4936.0 , Degree=0
K= 1271
51.0509385915
K= 1272
4936.0 , Degree=0
K= 1273
1039.54898022
K= 1274
4936.0 , Degree=0
K= 1275
28.4065105453
K= 1276
248.960966243
K= 1277
2605.19722222
K= 1278
99.4034516422
K= 1279
216.452493265
K= 1280
64.5263466152
K= 1281
4936.0 , Degree=0
K= 1282
4936.0 , Degree=0
K= 1283
4936.0 , Degree=0
K= 1284
4936.0 , Degree=0
K= 1285
140.580128086
K= 1286
4936.0 , Degree=0
K= 1287
4936.0 , Degree=0
K= 1288
4936.0 , Degree=0
K= 1289
2482.95500684
K= 1290
4936.0 , Degree=0
K= 1291
187.373252284
K= 1292
4936.0 , Degree=0
K= 1293
4936.0 , Degree=0
K= 1294
13.6984126984
K= 1295
2335.60939383
K= 1296
4936.0 , Degree=0
K= 1297
4936.0 , Degree=0
K= 1298
2401.5
K= 1299
1837.3830849
K= 1300
23.5463193391
K= 1301
4936.0 , Degree=0
K= 1302
250.265112852
K= 1303
4936.0 , Degree=0
K= 1304
1803.19855253
K= 1305
2490.23459596
K= 1306
2490.37973856
K= 1307
2412.5
K= 1308
19.7971408172
K= 1309
4936.0 , Degree=0
K= 1310
4936.0 , Degree=0
K= 1311
28.9755319997
K= 1312
2497.2540404
K= 1313
4936.0 , Degree=0
K= 1314
2335.68913425
K= 1315
4936.0 , Degree=0
K= 1316
118.555078392
K= 1317
47.3694847993
K= 1318
120.395220466
K= 1319
4936.0 , Degree=0
K= 1320
13255.2016939
K= 1321
530.969672925
K= 1322
4936.0 , Degree=0
K= 1323
4936.0 , Degree=0
K= 1324
4936.0 , Degree=0
K= 1325
4936.0 , Degree=0
K= 1326
177.837913495
K= 1327
76.2632580333
K= 1328
808.268577651
K= 1329
4936.0 , Degree=0
K= 1330
2488.16073552
K= 1331
4936.0 , Degree=0
K= 1332
255.17463925
K= 1333
14.0
K= 1334
2595.66472416
K= 1335
101.963055216
K= 1336
35.3929569959
K= 1337
309.333333333
K= 1338
17.4961874095
K= 1339
2401.5
K= 1340
4936.0 , Degree=0
K= 1341
4936.0 , Degree=0
K= 1342
4936.0 , Degree=0
K= 1343
4936.0 , Degree=0
K= 1344
260.998949131
K= 1345
4936.0 , Degree=0
K= 1346
4936.0 , Degree=0
K= 1347
4936.0 , Degree=0
K= 1348
195.585324806
K= 1349
4936.0 , Degree=0
K= 1350
21.2840943869
K= 1351
36.655574405
K= 1352
120.206934539
K= 1353
2468.5
K= 1354
16.3119579288
K= 1355
4936.0 , Degree=0
K= 1356
39.1141881105
K= 1357
4936.0 , Degree=0
K= 1358
23.4839136275
K= 1359
57.4186477437
K= 1360
4936.0 , Degree=0
K= 1361
4936.0 , Degree=0
K= 1362
9606.16666667
K= 1363
1807.8152192
K= 1364
2492.3
K= 1365
4936.0 , Degree=0
K= 1366
4936.0 , Degree=0
K= 1367
31.7223834393
K= 1368
4936.0 , Degree=0
K= 1369
4936.0 , Degree=0
K= 1370
47.1011013627
K= 1371
20.7640875283
K= 1372
103.743632177
K= 1373
4936.0 , Degree=0
K= 1374
4936.0 , Degree=0
K= 1375
4936.0 , Degree=0
K= 1376
26.0474209433
K= 1377
1830.14855253
K= 1378
14.1666666667
K= 1379
18.4567088359
K= 1380
4936.0 , Degree=0
K= 1381
2489.50478869
K= 1382
264.160407501
K= 1383
45.20744887
K= 1384
4936.0 , Degree=0
K= 1385
256.64426979
K= 1386
4936.0 , Degree=0
K= 1387
4936.0 , Degree=0
K= 1388
4809.0
K= 1389
4936.0 , Degree=0
K= 1390
2472.01985454
K= 1391
4936.0 , Degree=0
K= 1392
267.769396071
K= 1393
4936.0 , Degree=0
K= 1394
26.5240973319
K= 1395
1810.0159945
K= 1396
4936.0 , Degree=0
K= 1397
86.3611895543
K= 1398
4936.0 , Degree=0
K= 1399
4936.0 , Degree=0
K= 1400
4936.0 , Degree=0
K= 1401
2401.5
K= 1402
4936.0 , Degree=0
K= 1403
4936.0 , Degree=0
K= 1404
4936.0 , Degree=0
K= 1405
20.8177613115
K= 1406
2493.74242424
K= 1407
17.353968254
K= 1408
4936.0 , Degree=0
K= 1409
4936.0 , Degree=0
K= 1410
4936.0 , Degree=0
K= 1411
4936.0 , Degree=0
K= 1412
4936.0 , Degree=0
K= 1413
4936.0 , Degree=0
K= 1414
4779.175
K= 1415
160.820307674
K= 1416
267.233272283
K= 1417
18.2914925257
K= 1418
4936.0 , Degree=0
K= 1419
40.3181945705
K= 1420
1836.68124002
K= 1421
4936.0 , Degree=0
K= 1422
4756.0
K= 1423
4936.0 , Degree=0
K= 1424
4936.0 , Degree=0
K= 1425
35.4686301143
K= 1426
4756.0
K= 1427
2473.6
K= 1428
4936.0 , Degree=0
K= 1429
4936.0 , Degree=0
K= 1430
19.0777777778
K= 1431
4936.0 , Degree=0
K= 1432
1810.08882412
K= 1433
25.6761460609
K= 1434
4813.33333333
K= 1435
4936.0 , Degree=0
K= 1436
4936.0 , Degree=0
K= 1437
4936.0 , Degree=0
K= 1438
4936.0 , Degree=0
K= 1439
4936.0 , Degree=0
K= 1440
12433.0
K= 1441
4936.0 , Degree=0
K= 1442
4936.0 , Degree=0
K= 1443
2459.64156689
K= 1444
4936.0 , Degree=0
K= 1445
4936.0 , Degree=0
K= 1446
2375.10769231
K= 1447
4936.0 , Degree=0
K= 1448
4936.0 , Degree=0
K= 1449
4936.0 , Degree=0
K= 1450
20.663618526
K= 1451
3276.97755164
K= 1452
4936.0 , Degree=0
K= 1453
1802.55224112
K= 1454
21.3181893376
K= 1455
294.479250162
K= 1456
4936.0 , Degree=0
K= 1457
13.1413320566
K= 1458
4936.0 , Degree=0
K= 1459
1810.51159409
K= 1460
4936.0 , Degree=0
K= 1461
4936.0 , Degree=0
K= 1462
35.8147531559
K= 1463
203.564810442
K= 1464
4936.0 , Degree=0
K= 1465
9872.0
K= 1466
4781.4165963
K= 1467
4936.0 , Degree=0
K= 1468
4936.0 , Degree=0
K= 1469
26.5260367279
K= 1470
4936.0 , Degree=0
K= 1471
4936.0 , Degree=0
K= 1472
119.773612992
K= 1473
4936.0 , Degree=0
K= 1474
4936.0 , Degree=0
K= 1475
29.9155796056
K= 1476
29.5803260888
K= 1477
4936.0 , Degree=0
K= 1478
2482.5
K= 1479
4936.0 , Degree=0
K= 1480
98.0473506823
K= 1481
4936.0 , Degree=0
K= 1482
4936.0 , Degree=0
K= 1483
16.7725078079
K= 1484
2492.63333333
K= 1485
4936.0 , Degree=0
K= 1486
4936.0 , Degree=0
K= 1487
2565.16666667
K= 1488
29.9078230512
K= 1489
16.0956752755
K= 1490
19.0588484646
K= 1491
23.2634811362
K= 1492
4936.0 , Degree=0
K= 1493
23.3116750409
K= 1494
4936.0 , Degree=0
K= 1495
4789.0
K= 1496
4936.0 , Degree=0
K= 1497
4936.0 , Degree=0
K= 1498
4936.0 , Degree=0
K= 1499
4936.0 , Degree=0
K= 1500
4792.35555556
K= 1501
38.9676535954
K= 1502
2601.98809524
K= 1503
4936.0 , Degree=0
K= 1504
190.071412887
K= 1505
4936.0 , Degree=0
K= 1506
4936.0 , Degree=0
K= 1507
18.0209085615
K= 1508
4936.0 , Degree=0
K= 1509
4936.0 , Degree=0
K= 1510
4936.0 , Degree=0
K= 1511
4936.0 , Degree=0
K= 1512
3276.97755164
K= 1513
2490.49285714
K= 1514
14.2465503194
K= 1515
2401.5
K= 1516
93.8538847118
K= 1517
2149.07099321
K= 1518
131.266285412
K= 1519
4936.0 , Degree=0
K= 1520
4936.0 , Degree=0
K= 1521
4936.0 , Degree=0
K= 1522
4936.0 , Degree=0
K= 1523
97.0696659833
K= 1524
18.2827625107
K= 1525
4936.0 , Degree=0
K= 1526
227.5
K= 1527
19.2848371413
K= 1528
174.828748892
K= 1529
539.611051947
K= 1530
39.9148262104
K= 1531
4936.0 , Degree=0
K= 1532
4936.0 , Degree=0
K= 1533
4936.0 , Degree=0
K= 1534
4936.0 , Degree=0
K= 1535
45.6218486408
K= 1536
2511.63734545
K= 1537
20.4499089577
K= 1538
4936.0 , Degree=0
K= 1539
53.660172145
K= 1540
38.350553587
K= 1541
4936.0 , Degree=0
K= 1542
4936.0 , Degree=0
K= 1543
2493.00567376
K= 1544
27.601265388
K= 1545
317.246969697
K= 1546
29.5309532416
K= 1547
4936.0 , Degree=0
K= 1548
35.2093065614
K= 1549
4936.0 , Degree=0
K= 1550
4936.0 , Degree=0
K= 1551
121.035496423
K= 1552
4812.83333333
K= 1553
271.547918948
K= 1554
4936.0 , Degree=0
K= 1555
4936.0 , Degree=0
K= 1556
34.2597673208
K= 1557
138.755895195
K= 1558
47.8060192652
K= 1559
4936.0 , Degree=0
K= 1560
33.1072427102
K= 1561
4936.0 , Degree=0
K= 1562
4936.0 , Degree=0
K= 1563
2481.14156689
K= 1564
245.982245532
K= 1565
4936.0 , Degree=0
K= 1566
2493.83333333
K= 1567
1854.47194219
K= 1568
4936.0 , Degree=0
K= 1569
18.3994130281
K= 1570
39.2507843793
K= 1571
4936.0 , Degree=0
K= 1572
175.021796667
K= 1573
4925.33333333
K= 1574
4936.0 , Degree=0
K= 1575
4936.0 , Degree=0
K= 1576
29.9314604259
K= 1577
4936.0 , Degree=0
K= 1578
63.7673915381
K= 1579
4936.0 , Degree=0
K= 1580
115.161087416
K= 1581
4936.0 , Degree=0
K= 1582
4936.0 , Degree=0
K= 1583
4936.0 , Degree=0
K= 1584
4936.0 , Degree=0
K= 1585
4936.0 , Degree=0
K= 1586
23.315449195
K= 1587
1821.96049549
K= 1588
24.4895653936
K= 1589
4936.0 , Degree=0
K= 1590
213.961384978
K= 1591
4936.0 , Degree=0
K= 1592
4936.0 , Degree=0
K= 1593
4936.0 , Degree=0
K= 1594
4936.0 , Degree=0
K= 1595
4936.0 , Degree=0
K= 1596
4936.0 , Degree=0
K= 1597
4936.0 , Degree=0
K= 1598
35.5456141207
K= 1599
4936.0 , Degree=0
K= 1600
4936.0 , Degree=0
K= 1601
4936.0 , Degree=0
K= 1602
4936.0 , Degree=0
K= 1603
40.617248761
K= 1604
15.8417882389
K= 1605
231.623543891
K= 1606
4936.0 , Degree=0
K= 1607
2378.0
K= 1608
1830.75966364
K= 1609
4936.0 , Degree=0
K= 1610
79.1493954551
K= 1611
4936.0 , Degree=0
K= 1612
2401.5
K= 1613
25.1661302129
K= 1614
4936.0 , Degree=0
K= 1615
4811.33333333
K= 1616
34.4203415104
K= 1617
4936.0 , Degree=0
K= 1618
20.8526716031
K= 1619
2501.35347985
K= 1620
18.2087689955
K= 1621
39.8523269063
K= 1622
7134.41666667
K= 1623
4936.0 , Degree=0
K= 1624
4936.0 , Degree=0
K= 1625
2343.68517322
K= 1626
48.3122789646
K= 1627
4936.0 , Degree=0
K= 1628
2380.63950849
K= 1629
2492.37142857
K= 1630
4936.0 , Degree=0
K= 1631
150.367539324
K= 1632
4936.0 , Degree=0
K= 1633
4936.0 , Degree=0
K= 1634
4936.0 , Degree=0
K= 1635
21.0875732994
K= 1636
45.1787691981
K= 1637
4936.0 , Degree=0
K= 1638
4936.0 , Degree=0
K= 1639
4936.0 , Degree=0
K= 1640
31.7753975252
K= 1641
4936.0 , Degree=0
K= 1642
4812.0
K= 1643
4936.0 , Degree=0
K= 1644
1802.44855253
K= 1645
2595.66472416
K= 1646
4936.0 , Degree=0
K= 1647
4936.0 , Degree=0
K= 1648
13287.3600405
K= 1649
4936.0 , Degree=0
K= 1650
231.623543891
K= 1651
13.5
K= 1652
2580.64879565
K= 1653
4936.0 , Degree=0
K= 1654
2475.41666667
K= 1655
2403.59683605
K= 1656
14.1666666667
K= 1657
4936.0 , Degree=0
K= 1658
301.7
K= 1659
18.832370961
K= 1660
16.2188871586
K= 1661
4936.0 , Degree=0
K= 1662
4814.5
K= 1663
4936.0 , Degree=0
K= 1664
4936.0 , Degree=0
K= 1665
21.9485054539
K= 1666
4936.0 , Degree=0
K= 1667
4936.0 , Degree=0
K= 1668
4936.0 , Degree=0
K= 1669
4936.0 , Degree=0
K= 1670
1809.38397034
K= 1671
246.91876937
K= 1672
4936.0 , Degree=0
K= 1673
2491.54444444
K= 1674
4936.0 , Degree=0
K= 1675
4936.0 , Degree=0
K= 1676
45.5521202136
K= 1677
1811.9402192
K= 1678
26.1849259608
K= 1679
4936.0 , Degree=0
K= 1680
4936.0 , Degree=0
K= 1681
25.767361488
K= 1682
4936.0 , Degree=0
K= 1683
4936.0 , Degree=0
K= 1684
4936.0 , Degree=0
K= 1685
26.5058111798
K= 1686
4936.0 , Degree=0
K= 1687
2616.2952381
K= 1688
1804.64855253
K= 1689
44.5188339107
K= 1690
1804.14855253
K= 1691
18.9669867653
K= 1692
4936.0 , Degree=0
K= 1693
68.5729289701
K= 1694
4936.0 , Degree=0
K= 1695
4936.0 , Degree=0
K= 1696
245.58948698
K= 1697
3276.97755164
K= 1698
4936.0 , Degree=0
K= 1699
20.8730279575
K= 1700
257.887497594
K= 1701
176.25839065
K= 1702
278.189428013
K= 1703
4756.0
K= 1704
4936.0 , Degree=0
K= 1705
4800.0
K= 1706
4936.0 , Degree=0
K= 1707
2491.73626374
K= 1708
36.4928988351
K= 1709
4936.0 , Degree=0
K= 1710
2494.0
K= 1711
1803.8152192
K= 1712
4936.0 , Degree=0
K= 1713
2494.16666667
K= 1714
4936.0 , Degree=0
K= 1715
4936.0 , Degree=0
K= 1716
4936.0 , Degree=0
K= 1717
4936.0 , Degree=0
K= 1718
17.8040070907
K= 1719
1811.93783594
K= 1720
1823.73845579
K= 1721
4936.0 , Degree=0
K= 1722
15.6130561485
K= 1723
4810.37142857
K= 1724
15.8931545099
K= 1725
248.09083219
K= 1726
270.957778681
K= 1727
4936.0 , Degree=0
K= 1728
4936.0 , Degree=0
K= 1729
281.420707071
K= 1730
4936.0 , Degree=0
K= 1731
4936.0 , Degree=0
K= 1732
4936.0 , Degree=0
K= 1733
37.8676622375
K= 1734
36.0283066493
K= 1735
4936.0 , Degree=0
K= 1736
4936.0 , Degree=0
K= 1737
18.8503414866
K= 1738
4936.0 , Degree=0
K= 1739
4936.0 , Degree=0
K= 1740
17.7505770542
K= 1741
250.101443001
K= 1742
2378.0
K= 1743
4936.0 , Degree=0
K= 1744
24.3369863105
K= 1745
230.0
K= 1746
4788.5
K= 1747
2591.1695993
K= 1748
14.363121865
K= 1749
16.5968360502
K= 1750
2493.73333333
K= 1751
21.3877341487
K= 1752
4936.0 , Degree=0
K= 1753
4936.0 , Degree=0
K= 1754
4936.0 , Degree=0
K= 1755
20.1954346549
K= 1756
1804.64855253
K= 1757
270.051605699
K= 1758
5185.46985735
K= 1759
4936.0 , Degree=0
K= 1760
13261.5773245
K= 1761
28.1677155673
K= 1762
1905.47047403
K= 1763
4936.0 , Degree=0
K= 1764
15.3344770592
K= 1765
4936.0 , Degree=0
K= 1766
4936.0 , Degree=0
K= 1767
2401.5
K= 1768
2492.46666667
K= 1769
38.992956996
K= 1770
2337.39924519
K= 1771
2492.86666667
K= 1772
4936.0 , Degree=0
K= 1773
4936.0 , Degree=0
K= 1774
4936.0 , Degree=0
K= 1775
4936.0 , Degree=0
K= 1776
799.807531194
K= 1777
4936.0 , Degree=0
K= 1778
4936.0 , Degree=0
K= 1779
2623.49242424
K= 1780
293.819047619
K= 1781
4936.0 , Degree=0
K= 1782
16.3119579288
K= 1783
26.8559904994
K= 1784
1037.70854547
K= 1785
4812.0
K= 1786
1821.19855253
K= 1787
4756.0
K= 1788
77.9586463039
K= 1789
4936.0 , Degree=0
K= 1790
125.081470138
K= 1791
24.8519643992
K= 1792
4936.0 , Degree=0
K= 1793
13.8333333333
K= 1794
4936.0 , Degree=0
K= 1795
214.535637786
K= 1796
1810.85699954
K= 1797
38.3045915196
K= 1798
4936.0 , Degree=0
K= 1799
27.5002291867
K= 1800
4936.0 , Degree=0
K= 1801
4936.0 , Degree=0
K= 1802
4936.0 , Degree=0
K= 1803
2494.16666667
K= 1804
18.8143048036
K= 1805
13202.7880585
K= 1806
4936.0 , Degree=0
K= 1807
4936.0 , Degree=0
K= 1808
74.6793682748
K= 1809
13.8032368185
K= 1810
301.195238095
K= 1811
9.33333333331
K= 1812
4936.0 , Degree=0
K= 1813
49.0421338569
K= 1814
26.2349061565
K= 1815
32.6035688553
K= 1816
4936.0 , Degree=0
K= 1817
1833.9964311
K= 1818
27.8710599965
K= 1819
2337.4765059
K= 1820
9967.83333333
K= 1821
16.2345864056
K= 1822
4936.0 , Degree=0
K= 1823
4936.0 , Degree=0
K= 1824
2401.5
K= 1825
4936.0 , Degree=0
K= 1826
4936.0 , Degree=0
K= 1827
48.8055642684
K= 1828
155.681952808
K= 1829
16.5894130281
K= 1830
4936.0 , Degree=0
K= 1831
4936.0 , Degree=0
K= 1832
4603.97956509
K= 1833
2595.66472416
K= 1834
4936.0 , Degree=0
K= 1835
2492.37364341
K= 1836
4936.0 , Degree=0
K= 1837
4936.0 , Degree=0
K= 1838
2335.95800385
K= 1839
34.6398248961
K= 1840
2534.39148469
K= 1841
4936.0 , Degree=0
K= 1842
87.1143467643
K= 1843
17.2612729578
K= 1844
252.482246838
K= 1845
19.9034716487
K= 1846
4936.0 , Degree=0
K= 1847
4936.0 , Degree=0
K= 1848
4936.0 , Degree=0
K= 1849
24.6448568407
K= 1850
19.9464389575
K= 1851
4936.0 , Degree=0
K= 1852
4790.75751634
K= 1853
2416.0
K= 1854
4936.0 , Degree=0
K= 1855
1906.38499942
K= 1856
19.8294961698
K= 1857
2491.96666667
K= 1858
4936.0 , Degree=0
K= 1859
4936.0 , Degree=0
K= 1860
4936.0 , Degree=0
K= 1861
4936.0 , Degree=0
K= 1862
4936.0 , Degree=0
K= 1863
4730.0
K= 1864
30.1448058876
K= 1865
250.030890491
K= 1866
32.6059497437
K= 1867
231.623543891
K= 1868
2401.5
K= 1869
124.174137416
K= 1870
4936.0 , Degree=0
K= 1871
29.9155796056
K= 1872
23.9055156974
K= 1873
4936.0 , Degree=0
K= 1874
31.986761265
K= 1875
4936.0 , Degree=0
K= 1876
4812.91666667
K= 1877
37.6243153724
K= 1878
99.6751562431
K= 1879
16.5005705787
K= 1880
4936.0 , Degree=0
K= 1881
4936.0 , Degree=0
K= 1882
18.3511821087
K= 1883
15.9807542766
K= 1884
4936.0 , Degree=0
K= 1885
2492.48447205
K= 1886
13248.8997883
K= 1887
20.7208798588
K= 1888
13.8333333333
K= 1889
125.776729658
K= 1890
4936.0 , Degree=0
K= 1891
2576.91011236
K= 1892
17.4412656184
K= 1893
4814.5
K= 1894
4936.0 , Degree=0
K= 1895
2378.0
K= 1896
4789.0
K= 1897
4936.0 , Degree=0
K= 1898
4936.0 , Degree=0
K= 1899
48.6466544601
K= 1900
315.663003663
K= 1901
4936.0 , Degree=0
K= 1902
15.9397778374
K= 1903
4936.0 , Degree=0
K= 1904
1820.78590264
K= 1905
19.5568810906
K= 1906
4936.0 , Degree=0
K= 1907
21.4537281777
K= 1908
2491.65021645
K= 1909
23.238095238
K= 1910
15.2160796948
K= 1911
14.6666666667
K= 1912
29.0053375667
K= 1913
2378.0
K= 1914
4936.0 , Degree=0
K= 1915
4936.0 , Degree=0
K= 1916
4813.5
K= 1917
4936.0 , Degree=0
K= 1918
20.9707499454
K= 1919
4817.71919192
K= 1920
2586.42323232
K= 1921
4936.0 , Degree=0
K= 1922
2335.9786246
K= 1923
247.839199689
K= 1924
31.3847258403
K= 1925
2493.66666667
K= 1926
4936.0 , Degree=0
K= 1927
4936.0 , Degree=0
K= 1928
1846.50717995
K= 1929
17.8606044603
K= 1930
189.394429464
K= 1931
589.694017094
K= 1932
244.620307674
K= 1933
4936.0 , Degree=0
K= 1934
4936.0 , Degree=0
K= 1935
266.591431739
K= 1936
4936.0 , Degree=0
K= 1937
23.2681069625
K= 1938
26.0396035541
K= 1939
16.3119579288
K= 1940
4936.0 , Degree=0
K= 1941
4936.0 , Degree=0
K= 1942
4936.0 , Degree=0
K= 1943
2453.0
K= 1944
4813.5
K= 1945
4936.0 , Degree=0
K= 1946
17.0465347799
K= 1947
4936.0 , Degree=0
K= 1948
2568.70827474
K= 1949
33.3708641585
K= 1950
4936.0 , Degree=0
K= 1951
4936.0 , Degree=0
K= 1952
4936.0 , Degree=0
K= 1953
4936.0 , Degree=0
K= 1954
12.5214285714
K= 1955
2511.63734545
K= 1956
4936.0 , Degree=0
K= 1957
27.5887819066
K= 1958
248.09083219
K= 1959
4738.81818182
K= 1960
1805.34724637
K= 1961
78.4047619047
K= 1962
2492.375
K= 1963
19.9100146019
K= 1964
2618.20634921
K= 1965
20.5117838612
K= 1966
4936.0 , Degree=0
K= 1967
4936.0 , Degree=0
K= 1968
2416.0
K= 1969
4936.0 , Degree=0
K= 1970
4936.0 , Degree=0
K= 1971
107.934692296
K= 1972
4936.0 , Degree=0
K= 1973
4936.0 , Degree=0
K= 1974
4936.0 , Degree=0
K= 1975
4936.0 , Degree=0
K= 1976
4936.0 , Degree=0
K= 1977
4936.0 , Degree=0
K= 1978
4936.0 , Degree=0
K= 1979
4986.3953655
K= 1980
121.1694528
K= 1981
14.2612326597
K= 1982
35.3929569959
K= 1983
4936.0 , Degree=0
K= 1984
4936.0 , Degree=0
K= 1985
16.2442108517
K= 1986
4936.0 , Degree=0
K= 1987
1816.15468741
K= 1988
249.6
K= 1989
4936.0 , Degree=0
K= 1990
2492.63333333
K= 1991
4936.0 , Degree=0
K= 1992
2401.5
K= 1993
21.1672351216
K= 1994
4936.0 , Degree=0
K= 1995
4936.0 , Degree=0
K= 1996
4936.0 , Degree=0
K= 1997
59.8228216339
K= 1998
22.1596331481
K= 1999
4936.0 , Degree=0
K= 2000
23.1678430779
K= 2001
4936.0 , Degree=0
K= 2002
4936.0 , Degree=0
K= 2003
2401.5
K= 2004
296.953571429
K= 2005
17.2612729578
K= 2006
288.825
K= 2007
4936.0 , Degree=0
K= 2008
312.333333333
K= 2009
4756.0
K= 2010
18.463851574
K= 2011
126.220210032
K= 2012
25.4132961517
K= 2013
27.0787609742
K= 2014
21.3897555977
K= 2015
4936.0 , Degree=0
K= 2016
4936.0 , Degree=0
K= 2017
256.061806004
K= 2018
228.193650794
K= 2019
93.3102107543
K= 2020
17.1186774205
K= 2021
16.7725078079
K= 2022
2393.5
K= 2023
32.8990153158
K= 2024
4936.0 , Degree=0
K= 2025
1806.3652192
K= 2026
4936.0 , Degree=0
K= 2027
2465.9010907
K= 2028
18.4729313266
K= 2029
4936.0 , Degree=0
K= 2030
81.7270103572
K= 2031
24.532708747
K= 2032
2490.72987013
K= 2033
15.5607744238
K= 2034
4936.0 , Degree=0
K= 2035
4936.0 , Degree=0
K= 2036
75.1436419876
K= 2037
2401.5
K= 2038
4936.0 , Degree=0
K= 2039
4936.0 , Degree=0
K= 2040
58.5172345063
K= 2041
4936.0 , Degree=0
K= 2042
4936.0 , Degree=0
K= 2043
1824.45746821
K= 2044
4936.0 , Degree=0
K= 2045
9872.0
K= 2046
2473.59569464
K= 2047
38.2060512928
K= 2048
4936.0 , Degree=0
K= 2049
30.4112359321
K= 2050
4936.0 , Degree=0
K= 2051
2401.5
K= 2052
4936.0 , Degree=0
K= 2053
4936.0 , Degree=0
K= 2054
4936.0 , Degree=0
K= 2055
4936.0 , Degree=0
K= 2056
4936.0 , Degree=0
K= 2057
4936.0 , Degree=0
K= 2058
34.7636298333
K= 2059
13200.5086934
K= 2060
255.491089477
K= 2061
4936.0 , Degree=0
K= 2062
17.9695273554
K= 2063
17.0465347799
K= 2064
4936.0 , Degree=0
K= 2065
4936.0 , Degree=0
K= 2066
24.4103529234
K= 2067
4756.0
K= 2068
4936.0 , Degree=0
K= 2069
4936.0 , Degree=0
K= 2070
13253.296101
K= 2071
13.8333333333
K= 2072
35.0599394639
K= 2073
1809.00063858
K= 2074
40.6565709771
K= 2075
4936.0 , Degree=0
K= 2076
4936.0 , Degree=0
K= 2077
206.997117467
K= 2078
16.7725078079
K= 2079
4936.0 , Degree=0
K= 2080
4936.0 , Degree=0
K= 2081
14.0
K= 2082
4936.0 , Degree=0
K= 2083
2490.10191547
K= 2084
32.3117926024
K= 2085
29.9155796056
K= 2086
4936.0 , Degree=0
K= 2087
13046.1333333
K= 2088
4936.0 , Degree=0
K= 2089
83.8851097223
K= 2090
2401.5
K= 2091
4936.0 , Degree=0
K= 2092
9604.16666667
K= 2093
4936.0 , Degree=0
K= 2094
2586.42323232
K= 2095
2500.32965368
K= 2096
1912.06700737
K= 2097
131.903160674
K= 2098
226.15
K= 2099
4936.0 , Degree=0
K= 2100
4936.0 , Degree=0
K= 2101
4936.0 , Degree=0
K= 2102
4936.0 , Degree=0
K= 2103
4936.0 , Degree=0
K= 2104
4936.0 , Degree=0
K= 2105
3276.97755164
K= 2106
4936.0 , Degree=0
K= 2107
4936.0 , Degree=0
K= 2108
1832.80443871
K= 2109
2491.28268398
K= 2110
1810.93202266
K= 2111
2491.18268398
K= 2112
4936.0 , Degree=0
K= 2113
15.2994130281
K= 2114
2506.69090909
K= 2115
4936.0 , Degree=0
K= 2116
20.4838454123
K= 2117
4936.0 , Degree=0
K= 2118
16.0248605477
K= 2119
1804.53664777
K= 2120
2334.0
K= 2121
4936.0 , Degree=0
K= 2122
4936.0 , Degree=0
K= 2123
2632.85714286
K= 2124
1808.65966364
K= 2125
252.312637363
K= 2126
4936.0 , Degree=0
K= 2127
283.675468662
K= 2128
4812.0
K= 2129
4936.0 , Degree=0
K= 2130
2401.5
K= 2131
4936.0 , Degree=0
K= 2132
4936.0 , Degree=0
K= 2133
1835.62474301
K= 2134
260.898374124
K= 2135
4936.0 , Degree=0
K= 2136
2401.5
K= 2137
29.9155796056
K= 2138
4936.0 , Degree=0
K= 2139
4936.0 , Degree=0
K= 2140
2491.54444444
K= 2141
263.350058925
K= 2142
2401.5
K= 2143
2506.42289206
K= 2144
4936.0 , Degree=0
K= 2145
4936.0 , Degree=0
K= 2146
455.445793337
K= 2147
4936.0 , Degree=0
K= 2148
116.936640706
K= 2149
2491.82142857
K= 2150
4936.0 , Degree=0
K= 2151
4936.0 , Degree=0
K= 2152
4936.0 , Degree=0
K= 2153
4936.0 , Degree=0
K= 2154
251.619047619
K= 2155
4936.0 , Degree=0
K= 2156
4936.0 , Degree=0
K= 2157
4936.0 , Degree=0
K= 2158
4936.0 , Degree=0
K= 2159
4936.0 , Degree=0
K= 2160
4936.0 , Degree=0
K= 2161
129.562982134
K= 2162
16.5178487754
K= 2163
98.4844932845
K= 2164
1807.78188587
K= 2165
4936.0 , Degree=0
K= 2166
14.0
K= 2167
2473.64156689
K= 2168
4936.0 , Degree=0
K= 2169
4936.0 , Degree=0
K= 2170
17.6951831891
K= 2171
4936.0 , Degree=0
K= 2172
47.8200907432
K= 2173
2013.94256921
K= 2174
4936.0 , Degree=0
K= 2175
4936.0 , Degree=0
K= 2176
17.6224196457
K= 2177
1805.14855253
K= 2178
4936.0 , Degree=0
K= 2179
27.2590901989
K= 2180
15.8538378449
K= 2181
4936.0 , Degree=0
K= 2182
29.9155796056
K= 2183
1804.14855253
K= 2184
4936.0 , Degree=0
K= 2185
4936.0 , Degree=0
K= 2186
4813.5
K= 2187
4936.0 , Degree=0
K= 2188
4793.0
K= 2189
4936.0 , Degree=0
K= 2190
4936.0 , Degree=0
K= 2191
1817.26679201
K= 2192
21.8421742917
K= 2193
4936.0 , Degree=0
K= 2194
226.924542125
K= 2195
4936.0 , Degree=0
K= 2196
4936.0 , Degree=0
K= 2197
16.022573314
K= 2198
2493.66666667
K= 2199
4936.0 , Degree=0
K= 2200
4936.0 , Degree=0
K= 2201
4788.5
K= 2202
4936.0 , Degree=0
K= 2203
20.8118088562
K= 2204
198.311402911
K= 2205
17.685562912
K= 2206
4936.0 , Degree=0
K= 2207
4936.0 , Degree=0
K= 2208
4936.0 , Degree=0
K= 2209
4936.0 , Degree=0
K= 2210
4936.0 , Degree=0
K= 2211
4936.0 , Degree=0
K= 2212
2378.0
K= 2213
4936.0 , Degree=0
K= 2214
4936.0 , Degree=0
K= 2215
4936.0 , Degree=0
K= 2216
4936.0 , Degree=0
K= 2217
3150.41088498
K= 2218
17.5131355873
K= 2219
4936.0 , Degree=0
K= 2220
4936.0 , Degree=0
K= 2221
4936.0 , Degree=0
K= 2222
4936.0 , Degree=0
K= 2223
2336.3102225
K= 2224
2625.25
K= 2225
4936.0 , Degree=0
K= 2226
4936.0 , Degree=0
K= 2227
4936.0 , Degree=0
K= 2228
4976.06135893
K= 2229
24680.0
K= 2230
4936.0 , Degree=0
K= 2231
40.1231818089
K= 2232
429.855050505
K= 2233
4936.0 , Degree=0
K= 2234
4936.0 , Degree=0
K= 2235
4936.0 , Degree=0
K= 2236
4936.0 , Degree=0
K= 2237
40.1895859201
K= 2238
4936.0 , Degree=0
K= 2239
4936.0 , Degree=0
K= 2240
4936.0 , Degree=0
K= 2241
4936.0 , Degree=0
K= 2242
35.1313640385
K= 2243
4124.8152192
K= 2244
4936.0 , Degree=0
K= 2245
13.4864887096
K= 2246
22.5318378418
K= 2247
18.4529355991
K= 2248
16.7725078079
K= 2249
4936.0 , Degree=0
K= 2250
225.455311476
K= 2251
1808.92245184
K= 2252
4936.0 , Degree=0
K= 2253
1825.82769933
K= 2254
47.952436245
K= 2255
1830.8152192
K= 2256
7115.0
K= 2257
4814.91304348
K= 2258
4936.0 , Degree=0
K= 2259
4936.0 , Degree=0
K= 2260
4936.0 , Degree=0
K= 2261
23.5176048899
K= 2262
4936.0 , Degree=0
K= 2263
4936.0 , Degree=0
K= 2264
16.1901693835
K= 2265
16.2442108517
K= 2266
7457.73333333
K= 2267
4936.0 , Degree=0
K= 2268
25.2878926238
K= 2269
4985.49275362
K= 2270
4936.0 , Degree=0
K= 2271
246.864724165
K= 2272
119.628725511
K= 2273
318.658974359
K= 2274
4936.0 , Degree=0
K= 2275
2571.47448011
K= 2276
28.6223468874
K= 2277
4936.0 , Degree=0
K= 2278
4936.0 , Degree=0
K= 2279
4936.0 , Degree=0
K= 2280
4936.0 , Degree=0
K= 2281
4936.0 , Degree=0
K= 2282
29.5652044885
K= 2283
61.3209681733
K= 2284
20.3605628258
K= 2285
4936.0 , Degree=0
K= 2286
36.2063951512
K= 2287
4936.0 , Degree=0
K= 2288
4936.0 , Degree=0
K= 2289
4936.0 , Degree=0
K= 2290
4936.0 , Degree=0
K= 2291
175.029370629
K= 2292
4936.0 , Degree=0
K= 2293
4936.0 , Degree=0
K= 2294
4936.0 , Degree=0
K= 2295
2511.08737374
K= 2296
1810.35158685
K= 2297
4936.0 , Degree=0
K= 2298
4936.0 , Degree=0
K= 2299
17.5186774205
K= 2300
4936.0 , Degree=0
K= 2301
266.492366493
K= 2302
121.443855304
K= 2303
4936.0 , Degree=0
K= 2304
4936.0 , Degree=0
K= 2305
246.864724165
K= 2306
1805.29552223
K= 2307
225.397619048
K= 2308
101.584176772
K= 2309
2488.71678364
K= 2310
4936.0 , Degree=0
K= 2311
4936.0 , Degree=0
K= 2312
110.260295636
K= 2313
4936.0 , Degree=0
K= 2314
4936.0 , Degree=0
K= 2315
4936.0 , Degree=0
K= 2316
24680.0
K= 2317
4936.0 , Degree=0
K= 2318
1803.33664777
K= 2319
1813.91022477
K= 2320
15.3712946204
K= 2321
248.09083219
K= 2322
2548.03787879
K= 2323
1807.48454448
K= 2324
4936.0 , Degree=0
K= 2325
1803.44855253
K= 2326
2492.3047619
K= 2327
4936.0 , Degree=0
K= 2328
4812.66666667
K= 2329
4936.0 , Degree=0
K= 2330
2492.3805835
K= 2331
129.266050347
K= 2332
132.198658354
K= 2333
25.6419169672
K= 2334
21.3011204968
K= 2335
4789.0
K= 2336
4936.0 , Degree=0
K= 2337
4936.0 , Degree=0
K= 2338
4936.0 , Degree=0
K= 2339
2599.62857143
K= 2340
4809.33333333
K= 2341
4936.0 , Degree=0
K= 2342
14.3941043885
K= 2343
4936.0 , Degree=0
K= 2344
4936.0 , Degree=0
K= 2345
4936.0 , Degree=0
K= 2346
4936.0 , Degree=0
K= 2347
50.0399636003
K= 2348
4936.0 , Degree=0
K= 2349
4936.0 , Degree=0
K= 2350
4936.0 , Degree=0
K= 2351
32.899835022
K= 2352
4936.0 , Degree=0
K= 2353
4936.0 , Degree=0
K= 2354
4936.0 , Degree=0
K= 2355
4936.0 , Degree=0
K= 2356
4936.0 , Degree=0
K= 2357
4936.0 , Degree=0
K= 2358
1892.24562213
K= 2359
2482.5
K= 2360
4936.0 , Degree=0
K= 2361
4936.0 , Degree=0
K= 2362
4936.0 , Degree=0
K= 2363
4936.0 , Degree=0
K= 2364
168.635283665
K= 2365
272.796861472
K= 2366
4936.0 , Degree=0
K= 2367
32.1664338695
K= 2368
18.0391218236
K= 2369
2472.80823355
K= 2370
15.5607744238
K= 2371
4936.0 , Degree=0
K= 2372
38.1446984349
K= 2373
4936.0 , Degree=0
K= 2374
13.5
K= 2375
4936.0 , Degree=0
K= 2376
4817.71919192
K= 2377
228.13474026
K= 2378
4936.0 , Degree=0
K= 2379
4936.0 , Degree=0
K= 2380
4936.0 , Degree=0
K= 2381
2336.93447706
K= 2382
6545.11346715
K= 2383
4936.0 , Degree=0
K= 2384
28.9846229159
K= 2385
246.633328273
K= 2386
20.5818295329
K= 2387
13260.319668
K= 2388
20.6116880993
K= 2389
4936.0 , Degree=0
K= 2390
231.623543891
K= 2391
4936.0 , Degree=0
K= 2392
39.4684497968
K= 2393
4936.0 , Degree=0
K= 2394
251.586296793
K= 2395
4936.0 , Degree=0
K= 2396
4936.0 , Degree=0
K= 2397
4936.0 , Degree=0
K= 2398
4936.0 , Degree=0
K= 2399
14.2612326597
K= 2400
4936.0 , Degree=0
Betweenness Centrality Improvement
[ 0.  0.  0. ...,  0.  0.  0.]
Top 20 BC Improvement
[2316 2229 1648 1760 2387 1320 2070 1886 1805 2059 2087 1440 1820 2045 1465
 1362 2092 2266 1622 2256]
Top 20 BC Improvement
[ 24680.          24680.          13287.36004048  13261.57732451
  13260.31966795  13255.20169391  13253.29610104  13248.8997883
  13202.78805849  13200.50869341  13046.13333333  12433.           9967.83333333
   9872.           9872.           9606.16666667   9604.16666667
   7457.73333333   7134.41666667   7115.        ]
