txValue= 1000000
Input graph
IGRAPH D--- 4619 68733 -- 
+ attr: pub_key (v), base_fee (e), capacity (e), fee_rate (e), txCost (e)
None
Graph after edges deleted
IGRAPH D--- 4619 32193 -- 
+ attr: pub_key (v), base_fee (e), capacity (e), fee_rate (e), txCost (e)
None
Our nodes starting connections: 
(4618, 2796)
(4618, 1223)
(4618, 1163)
(4618, 222)
(4618, 2745)
(4618, 3884)
(4618, 3265)
(4618, 4209)
(4618, 2087)
(4618, 3540)
(4618, 3690)
(4618, 1039)
(4618, 797)
CurrentBC of our node:  536813.712469
K= 1200
4936.0 , Degree=0
K= 1201
4936.0 , Degree=0
K= 1202
4970.01531802
K= 1203
4936.0 , Degree=0
K= 1204
2495.27603785
K= 1205
4936.0 , Degree=0
K= 1206
30.6
K= 1207
4936.0 , Degree=0
K= 1208
4936.0 , Degree=0
K= 1209
46.7443181819
K= 1210
12.2512487512
K= 1211
18.8333333333
K= 1212
90.2251136072
K= 1213
2657.21666667
K= 1214
2494.16666667
K= 1215
2630.14761905
K= 1216
4936.0 , Degree=0
K= 1217
4936.0 , Degree=0
K= 1218
30.6166666667
K= 1219
14.1666666666
K= 1220
16.2500000001
K= 1221
4936.0 , Degree=0
K= 1222
4936.0 , Degree=0
K= 1223
9.10952380963
K= 1224
17.5238095239
K= 1225
19.3333333333
K= 1226
4936.0 , Degree=0
K= 1227
4936.0 , Degree=0
K= 1228
225.269047619
K= 1229
4936.0 , Degree=0
K= 1230
66.1377470415
K= 1231
18.1833333336
K= 1232
2164.0
K= 1233
19.6666666667
K= 1234
4936.0 , Degree=0
K= 1235
4936.0 , Degree=0
K= 1236
13.6666666666
K= 1237
4936.0 , Degree=0
K= 1238
4936.0 , Degree=0
K= 1239
4936.0 , Degree=0
K= 1240
2632.9125198
K= 1241
757.811012375
K= 1242
4936.0 , Degree=0
K= 1243
4936.0 , Degree=0
K= 1244
4936.0 , Degree=0
K= 1245
4936.0 , Degree=0
K= 1246
2492.18333333
K= 1247
67.25
K= 1248
4936.0 , Degree=0
K= 1249
90.2251136072
K= 1250
14.7135225887
K= 1251
4936.0 , Degree=0
K= 1252
43.6674628895
K= 1253
4936.0 , Degree=0
K= 1254
4936.0 , Degree=0
K= 1255
4936.0 , Degree=0
K= 1256
4936.0 , Degree=0
K= 1257
16.7904761905
K= 1258
4936.0 , Degree=0
K= 1259
4936.0 , Degree=0
K= 1260
45.1786991569
K= 1261
2630.22499896
K= 1262
4936.0 , Degree=0
K= 1263
20.1666666666
K= 1264
4722.60952381
K= 1265
61.2093795094
K= 1266
4936.0 , Degree=0
K= 1267
13.2000000002
K= 1268
14.1666666666
K= 1269
4936.0 , Degree=0
K= 1270
4936.0 , Degree=0
K= 1271
38.6333333333
K= 1272
4936.0 , Degree=0
K= 1273
2573.65180435
K= 1274
4936.0 , Degree=0
K= 1275
15.6731185484
K= 1276
2628.38892963
K= 1277
2667.38163781
K= 1278
90.7949494951
K= 1279
2596.81860069
K= 1280
2288.60010823
K= 1281
4936.0 , Degree=0
K= 1282
4936.0 , Degree=0
K= 1283
4936.0 , Degree=0
K= 1284
4936.0 , Degree=0
K= 1285
88.0
K= 1286
4936.0 , Degree=0
K= 1287
4936.0 , Degree=0
K= 1288
4936.0 , Degree=0
K= 1289
2485.42430508
K= 1290
4936.0 , Degree=0
K= 1291
2560.18078747
K= 1292
4936.0 , Degree=0
K= 1293
4936.0 , Degree=0
K= 1294
19.5
K= 1295
2248.38974359
K= 1296
4936.0 , Degree=0
K= 1297
4936.0 , Degree=0
K= 1298
2317.83333333
K= 1299
19.8777777777
K= 1300
17.3904761905
K= 1301
4936.0 , Degree=0
K= 1302
2591.21635531
K= 1303
4936.0 , Degree=0
K= 1304
11.6166666669
K= 1305
2487.44292929
K= 1306
2488.4751634
K= 1307
2317.83333333
K= 1308
13.8111111113
K= 1309
4936.0 , Degree=0
K= 1310
4936.0 , Degree=0
K= 1311
16.1666666669
K= 1312
4679.5
K= 1313
4936.0 , Degree=0
K= 1314
2250.0
K= 1315
4936.0 , Degree=0
K= 1316
167.665978466
K= 1317
54.3278205128
K= 1318
162.49203631
K= 1319
4936.0 , Degree=0
K= 1320
108.34190121
K= 1321
3089.09844096
K= 1322
4936.0 , Degree=0
K= 1323
4936.0 , Degree=0
K= 1324
4936.0 , Degree=0
K= 1325
4936.0 , Degree=0
K= 1326
2486.0
K= 1327
45.8453890556
K= 1328
3106.43230257
K= 1329
4936.0 , Degree=0
K= 1330
2483.99347006
K= 1331
4936.0 , Degree=0
K= 1332
2635.58513431
K= 1333
19.8333333333
K= 1334
2652.46753894
K= 1335
2382.03675484
K= 1336
66.1377470415
K= 1337
2688.58333333
K= 1338
20.1666666666
K= 1339
2317.83333333
K= 1340
4936.0 , Degree=0
K= 1341
4936.0 , Degree=0
K= 1342
4936.0 , Degree=0
K= 1343
4936.0 , Degree=0
K= 1344
2648.84016993
K= 1345
4936.0 , Degree=0
K= 1346
4936.0 , Degree=0
K= 1347
4936.0 , Degree=0
K= 1348
361.994973814
K= 1349
4936.0 , Degree=0
K= 1350
16.7738095238
K= 1351
22.8179154181
K= 1352
66.5184628962
K= 1353
4714.0
K= 1354
20.1666666667
K= 1355
4936.0 , Degree=0
K= 1356
57.3446496348
K= 1357
4936.0 , Degree=0
K= 1358
13.8111111114
K= 1359
94.5556498241
K= 1360
4936.0 , Degree=0
K= 1361
4936.0 , Degree=0
K= 1362
9424.05555556
K= 1363
13.8333333333
K= 1364
2491.36666667
K= 1365
4936.0 , Degree=0
K= 1366
4936.0 , Degree=0
K= 1367
25.2568424181
K= 1368
4936.0 , Degree=0
K= 1369
4936.0 , Degree=0
K= 1370
35.0476190476
K= 1371
16.3000000002
K= 1372
135.0
K= 1373
4936.0 , Degree=0
K= 1374
4936.0 , Degree=0
K= 1375
4936.0 , Degree=0
K= 1376
18.1666666666
K= 1377
23.4333333333
K= 1378
20.0
K= 1379
16.7071428573
K= 1380
4936.0 , Degree=0
K= 1381
2486.22394786
K= 1382
2643.30120158
K= 1383
40.7545454546
K= 1384
4936.0 , Degree=0
K= 1385
2641.9900463
K= 1386
4936.0 , Degree=0
K= 1387
4936.0 , Degree=0
K= 1388
2247.0
K= 1389
4936.0 , Degree=0
K= 1390
4712.0
K= 1391
4936.0 , Degree=0
K= 1392
2652.56330022
K= 1393
4936.0 , Degree=0
K= 1394
18.3666666669
K= 1395
11.6166666668
K= 1396
4936.0 , Degree=0
K= 1397
108.130952381
K= 1398
4936.0 , Degree=0
K= 1399
4936.0 , Degree=0
K= 1400
4936.0 , Degree=0
K= 1401
2317.83333333
K= 1402
4936.0 , Degree=0
K= 1403
4936.0 , Degree=0
K= 1404
4936.0 , Degree=0
K= 1405
16.8404761906
K= 1406
2493.66666667
K= 1407
19.3333333333
K= 1408
4936.0 , Degree=0
K= 1409
4936.0 , Degree=0
K= 1410
4936.0 , Degree=0
K= 1411
4936.0 , Degree=0
K= 1412
4936.0 , Degree=0
K= 1413
4936.0 , Degree=0
K= 1414
4713.925
K= 1415
2506.5244431
K= 1416
2611.50693307
K= 1417
16.5000000001
K= 1418
4936.0 , Degree=0
K= 1419
69.6006823382
K= 1420
8.50000000012
K= 1421
4936.0 , Degree=0
K= 1422
2270.83333333
K= 1423
4936.0 , Degree=0
K= 1424
4936.0 , Degree=0
K= 1425
32.8399305342
K= 1426
2270.83333333
K= 1427
4692.93333333
K= 1428
4936.0 , Degree=0
K= 1429
4936.0 , Degree=0
K= 1430
50.330952381
K= 1431
4936.0 , Degree=0
K= 1432
13.5
K= 1433
20.0
K= 1434
2332.0
K= 1435
4936.0 , Degree=0
K= 1436
4936.0 , Degree=0
K= 1437
4936.0 , Degree=0
K= 1438
4936.0 , Degree=0
K= 1439
4936.0 , Degree=0
K= 1440
12399.6666667
K= 1441
4936.0 , Degree=0
K= 1442
4936.0 , Degree=0
K= 1443
4637.83333333
K= 1444
4936.0 , Degree=0
K= 1445
4936.0 , Degree=0
K= 1446
2286.66666667
K= 1447
4936.0 , Degree=0
K= 1448
4936.0 , Degree=0
K= 1449
4936.0 , Degree=0
K= 1450
20.1666666666
K= 1451
4685.0
K= 1452
4936.0 , Degree=0
K= 1453
6.6493808052
K= 1454
19.1666666666
K= 1455
4658.80144131
K= 1456
4936.0 , Degree=0
K= 1457
15.8238095238
K= 1458
4936.0 , Degree=0
K= 1459
15.64596129
K= 1460
4936.0 , Degree=0
K= 1461
4936.0 , Degree=0
K= 1462
14.8690679695
K= 1463
2593.37857143
K= 1464
4936.0 , Degree=0
K= 1465
9892.0
K= 1466
4714.47557663
K= 1467
4936.0 , Degree=0
K= 1468
4936.0 , Degree=0
K= 1469
25.6666666666
K= 1470
4936.0 , Degree=0
K= 1471
4936.0 , Degree=0
K= 1472
160.665984378
K= 1473
4936.0 , Degree=0
K= 1474
4936.0 , Degree=0
K= 1475
90.2251136072
K= 1476
12.3456145306
K= 1477
4936.0 , Degree=0
K= 1478
2398.83333333
K= 1479
4936.0 , Degree=0
K= 1480
24.684981685
K= 1481
4936.0 , Degree=0
K= 1482
4936.0 , Degree=0
K= 1483
19.6666666666
K= 1484
2492.81111111
K= 1485
4936.0 , Degree=0
K= 1486
4936.0 , Degree=0
K= 1487
3161.39078235
K= 1488
15.1190476193
K= 1489
20.1666666666
K= 1490
16.3000000002
K= 1491
17.392857143
K= 1492
4936.0 , Degree=0
K= 1493
11.8064096853
K= 1494
4936.0 , Degree=0
K= 1495
2258.33333333
K= 1496
4936.0 , Degree=0
K= 1497
4936.0 , Degree=0
K= 1498
4936.0 , Degree=0
K= 1499
4936.0 , Degree=0
K= 1500
2248.03333333
K= 1501
17.8666666668
K= 1502
2661.6515873
K= 1503
4936.0 , Degree=0
K= 1504
2557.6015873
K= 1505
4936.0 , Degree=0
K= 1506
4936.0 , Degree=0
K= 1507
17.766666667
K= 1508
4936.0 , Degree=0
K= 1509
4936.0 , Degree=0
K= 1510
4936.0 , Degree=0
K= 1511
4936.0 , Degree=0
K= 1512
4685.0
K= 1513
2488.66190476
K= 1514
16.7666666668
K= 1515
2317.83333333
K= 1516
139.653503066
K= 1517
77.7214285716
K= 1518
195.651587302
K= 1519
4936.0 , Degree=0
K= 1520
4936.0 , Degree=0
K= 1521
4936.0 , Degree=0
K= 1522
4936.0 , Degree=0
K= 1523
46.3678128324
K= 1524
19.0
K= 1525
4936.0 , Degree=0
K= 1526
2603.44444444
K= 1527
16.9404761905
K= 1528
700.681590809
K= 1529
3099.59896924
K= 1530
14.9117826622
K= 1531
4936.0 , Degree=0
K= 1532
4936.0 , Degree=0
K= 1533
4936.0 , Degree=0
K= 1534
4936.0 , Degree=0
K= 1535
22.4228711869
K= 1536
4694.0
K= 1537
11.6580249387
K= 1538
4936.0 , Degree=0
K= 1539
28.5880952384
K= 1540
14.1850649352
K= 1541
4936.0 , Degree=0
K= 1542
4936.0 , Degree=0
K= 1543
2492.36666667
K= 1544
25.0017825313
K= 1545
2665.88333333
K= 1546
11.3230667481
K= 1547
4936.0 , Degree=0
K= 1548
51.7347434429
K= 1549
4936.0 , Degree=0
K= 1550
4936.0 , Degree=0
K= 1551
175.003388279
K= 1552
2252.05413105
K= 1553
2637.77056277
K= 1554
4936.0 , Degree=0
K= 1555
4936.0 , Degree=0
K= 1556
23.1904761906
K= 1557
40.612661022
K= 1558
15.0848717951
K= 1559
4936.0 , Degree=0
K= 1560
51.7347434429
K= 1561
4936.0 , Degree=0
K= 1562
4936.0 , Degree=0
K= 1563
4621.0
K= 1564
2614.10812136
K= 1565
4936.0 , Degree=0
K= 1566
2493.5
K= 1567
21.708319217
K= 1568
4936.0 , Degree=0
K= 1569
16.7833333334
K= 1570
15.36625817
K= 1571
4936.0 , Degree=0
K= 1572
382.771854968
K= 1573
2487.1013986
K= 1574
4936.0 , Degree=0
K= 1575
4936.0 , Degree=0
K= 1576
16.5333333336
K= 1577
4936.0 , Degree=0
K= 1578
30.2333333335
K= 1579
4936.0 , Degree=0
K= 1580
2439.20355041
K= 1581
4936.0 , Degree=0
K= 1582
4936.0 , Degree=0
K= 1583
4936.0 , Degree=0
K= 1584
4936.0 , Degree=0
K= 1585
4936.0 , Degree=0
K= 1586
19.6666666666
K= 1587
25.2254901964
K= 1588
19.5333333334
K= 1589
4936.0 , Degree=0
K= 1590
2532.61834734
K= 1591
4936.0 , Degree=0
K= 1592
4936.0 , Degree=0
K= 1593
4936.0 , Degree=0
K= 1594
4936.0 , Degree=0
K= 1595
4936.0 , Degree=0
K= 1596
4936.0 , Degree=0
K= 1597
4936.0 , Degree=0
K= 1598
51.4068431658
K= 1599
4936.0 , Degree=0
K= 1600
4936.0 , Degree=0
K= 1601
4936.0 , Degree=0
K= 1602
4936.0 , Degree=0
K= 1603
36.528787879
K= 1604
16.1954545454
K= 1605
2555.12394476
K= 1606
4936.0 , Degree=0
K= 1607
2290.66666667
K= 1608
41.3333333334
K= 1609
4936.0 , Degree=0
K= 1610
60.9964590964
K= 1611
4936.0 , Degree=0
K= 1612
2317.83333333
K= 1613
14.4125371361
K= 1614
4936.0 , Degree=0
K= 1615
4723.0
K= 1616
90.2251136072
K= 1617
4936.0 , Degree=0
K= 1618
17.6000000002
K= 1619
2498.42704518
K= 1620
19.6666666666
K= 1621
39.3333333333
K= 1622
6588.15630989
K= 1623
4936.0 , Degree=0
K= 1624
4936.0 , Degree=0
K= 1625
2245.44444444
K= 1626
56.5577499082
K= 1627
4936.0 , Degree=0
K= 1628
250.844444445
K= 1629
2491.7
K= 1630
4936.0 , Degree=0
K= 1631
452.209234023
K= 1632
4936.0 , Degree=0
K= 1633
4936.0 , Degree=0
K= 1634
4936.0 , Degree=0
K= 1635
15.6190476193
K= 1636
23.8534531804
K= 1637
4936.0 , Degree=0
K= 1638
4936.0 , Degree=0
K= 1639
4936.0 , Degree=0
K= 1640
40.1571428572
K= 1641
4936.0 , Degree=0
K= 1642
2246.9
K= 1643
4936.0 , Degree=0
K= 1644
10.3666666668
K= 1645
2652.46753894
K= 1646
4936.0 , Degree=0
K= 1647
4936.0 , Degree=0
K= 1648
145.870126029
K= 1649
4936.0 , Degree=0
K= 1650
2555.12394476
K= 1651
19.3333333333
K= 1652
2626.25173519
K= 1653
4936.0 , Degree=0
K= 1654
2502.07124922
K= 1655
2323.83333333
K= 1656
20.0
K= 1657
4936.0 , Degree=0
K= 1658
2662.46666667
K= 1659
16.1523809525
K= 1660
19.8333333333
K= 1661
4936.0 , Degree=0
K= 1662
4725.44444444
K= 1663
4936.0 , Degree=0
K= 1664
4936.0 , Degree=0
K= 1665
16.9404761905
K= 1666
4936.0 , Degree=0
K= 1667
4936.0 , Degree=0
K= 1668
4936.0 , Degree=0
K= 1669
4936.0 , Degree=0
K= 1670
10.333301405
K= 1671
2541.75307937
K= 1672
4936.0 , Degree=0
K= 1673
2490.3
K= 1674
4936.0 , Degree=0
K= 1675
4936.0 , Degree=0
K= 1676
37.3547619048
K= 1677
17.0000000001
K= 1678
19.3675424195
K= 1679
4936.0 , Degree=0
K= 1680
4936.0 , Degree=0
K= 1681
11.390981048
K= 1682
4936.0 , Degree=0
K= 1683
4936.0 , Degree=0
K= 1684
4936.0 , Degree=0
K= 1685
16.1333333334
K= 1686
4936.0 , Degree=0
K= 1687
2682.6452381
K= 1688
13.5000000001
K= 1689
15.2480042018
K= 1690
13.1666666666
K= 1691
12.6373737375
K= 1692
4936.0 , Degree=0
K= 1693
29.4353347669
K= 1694
4936.0 , Degree=0
K= 1695
4936.0 , Degree=0
K= 1696
2577.54507192
K= 1697
4685.0
K= 1698
4936.0 , Degree=0
K= 1699
19.6666666666
K= 1700
2606.86101554
K= 1701
2489.47520625
K= 1702
2653.95619048
K= 1703
2270.83333333
K= 1704
4936.0 , Degree=0
K= 1705
2245.0
K= 1706
4936.0 , Degree=0
K= 1707
2489.61040494
K= 1708
16.4190476192
K= 1709
4936.0 , Degree=0
K= 1710
2493.83333333
K= 1711
5.33333333349
K= 1712
4936.0 , Degree=0
K= 1713
2499.0
K= 1714
4936.0 , Degree=0
K= 1715
4936.0 , Degree=0
K= 1716
4936.0 , Degree=0
K= 1717
4936.0 , Degree=0
K= 1718
19.6666666666
K= 1719
13.6666666666
K= 1720
45.9814276798
K= 1721
4936.0 , Degree=0
K= 1722
16.1095238096
K= 1723
4721.03764657
K= 1724
14.6617826622
K= 1725
2588.32289638
K= 1726
2658.41215007
K= 1727
4936.0 , Degree=0
K= 1728
4936.0 , Degree=0
K= 1729
2688.04444444
K= 1730
4936.0 , Degree=0
K= 1731
4936.0 , Degree=0
K= 1732
4936.0 , Degree=0
K= 1733
19.1666666666
K= 1734
23.0863292805
K= 1735
4936.0 , Degree=0
K= 1736
4936.0 , Degree=0
K= 1737
17.7000000002
K= 1738
4936.0 , Degree=0
K= 1739
4936.0 , Degree=0
K= 1740
17.516666667
K= 1741
2588.7402232
K= 1742
2290.66666667
K= 1743
4936.0 , Degree=0
K= 1744
14.6897130649
K= 1745
2609.0
K= 1746
4755.83333333
K= 1747
2637.08936049
K= 1748
15.3190476191
K= 1749
19.6666666666
K= 1750
2493.66666667
K= 1751
16.9404761905
K= 1752
4936.0 , Degree=0
K= 1753
4936.0 , Degree=0
K= 1754
4936.0 , Degree=0
K= 1755
16.9404761905
K= 1756
13.6666666667
K= 1757
2650.1260095
K= 1758
5281.27358277
K= 1759
4936.0 , Degree=0
K= 1760
122.223473643
K= 1761
17.6833333336
K= 1762
161.743988158
K= 1763
4936.0 , Degree=0
K= 1764
16.65
K= 1765
4936.0 , Degree=0
K= 1766
4936.0 , Degree=0
K= 1767
2317.83333333
K= 1768
2491.68333333
K= 1769
66.1377470415
K= 1770
2250.0
K= 1771
2492.06666667
K= 1772
4936.0 , Degree=0
K= 1773
4936.0 , Degree=0
K= 1774
4936.0 , Degree=0
K= 1775
4936.0 , Degree=0
K= 1776
7923.34285714
K= 1777
4936.0 , Degree=0
K= 1778
4936.0 , Degree=0
K= 1779
2696.16666667
K= 1780
2672.15
K= 1781
4936.0 , Degree=0
K= 1782
20.1666666667
K= 1783
15.1225871914
K= 1784
2570.07416118
K= 1785
4724.0
K= 1786
11.6166666668
K= 1787
2270.83333333
K= 1788
49.5755859757
K= 1789
4936.0 , Degree=0
K= 1790
204.398534064
K= 1791
17.7000000002
K= 1792
4936.0 , Degree=0
K= 1793
19.6666666666
K= 1794
4936.0 , Degree=0
K= 1795
309.813981561
K= 1796
7.19172494172
K= 1797
28.3785550257
K= 1798
4936.0 , Degree=0
K= 1799
19.5000000001
K= 1800
4936.0 , Degree=0
K= 1801
4936.0 , Degree=0
K= 1802
4936.0 , Degree=0
K= 1803
2494.16666667
K= 1804
15.9238095238
K= 1805
7.81111111143
K= 1806
4936.0 , Degree=0
K= 1807
4936.0 , Degree=0
K= 1808
36.3285570639
K= 1809
16.7833333336
K= 1810
2685.1547619
K= 1811
10.5
K= 1812
4936.0 , Degree=0
K= 1813
17.7000000002
K= 1814
16.723809524
K= 1815
21.0128427129
K= 1816
4936.0 , Degree=0
K= 1817
6.44216222374
K= 1818
23.7000000003
K= 1819
2245.44444444
K= 1820
7482.26666667
K= 1821
16.9571428573
K= 1822
4936.0 , Degree=0
K= 1823
4936.0 , Degree=0
K= 1824
2317.83333333
K= 1825
4936.0 , Degree=0
K= 1826
4936.0 , Degree=0
K= 1827
24.4014880952
K= 1828
268.793762776
K= 1829
19.6666666666
K= 1830
4936.0 , Degree=0
K= 1831
4936.0 , Degree=0
K= 1832
2288.82829802
K= 1833
2647.46753894
K= 1834
4936.0 , Degree=0
K= 1835
2491.7
K= 1836
4936.0 , Degree=0
K= 1837
4936.0 , Degree=0
K= 1838
2294.36485165
K= 1839
35.5333333333
K= 1840
4934.89901713
K= 1841
4936.0 , Degree=0
K= 1842
178.102321713
K= 1843
20.1666666666
K= 1844
2591.75572885
K= 1845
19.6666666667
K= 1846
4936.0 , Degree=0
K= 1847
4936.0 , Degree=0
K= 1848
4936.0 , Degree=0
K= 1849
20.1666666666
K= 1850
17.0333333336
K= 1851
4936.0 , Degree=0
K= 1852
4728.23321946
K= 1853
2328.66666667
K= 1854
4936.0 , Degree=0
K= 1855
160.3402664
K= 1856
16.6500000001
K= 1857
2490.86666667
K= 1858
4936.0 , Degree=0
K= 1859
4936.0 , Degree=0
K= 1860
4936.0 , Degree=0
K= 1861
4936.0 , Degree=0
K= 1862
4936.0 , Degree=0
K= 1863
2270.83333333
K= 1864
25.0
K= 1865
2630.22499896
K= 1866
31.5523809525
K= 1867
2555.12394476
K= 1868
2317.83333333
K= 1869
39.3333333333
K= 1870
4936.0 , Degree=0
K= 1871
90.2251136072
K= 1872
12.4884803924
K= 1873
4936.0 , Degree=0
K= 1874
12.2060907212
K= 1875
4936.0 , Degree=0
K= 1876
4723.0
K= 1877
16.9404761905
K= 1878
58.8333333334
K= 1879
14.0781746033
K= 1880
4936.0 , Degree=0
K= 1881
4936.0 , Degree=0
K= 1882
15.6190476193
K= 1883
20.1666666666
K= 1884
4936.0 , Degree=0
K= 1885
2491.52380952
K= 1886
98.7862625285
K= 1887
19.1666666666
K= 1888
19.6666666667
K= 1889
177.105555556
K= 1890
4936.0 , Degree=0
K= 1891
2613.0
K= 1892
16.7071428573
K= 1893
4725.44444444
K= 1894
4936.0 , Degree=0
K= 1895
2290.66666667
K= 1896
2258.33333333
K= 1897
4936.0 , Degree=0
K= 1898
4936.0 , Degree=0
K= 1899
31.7333333334
K= 1900
2490.0
K= 1901
4936.0 , Degree=0
K= 1902
12.5
K= 1903
4936.0 , Degree=0
K= 1904
6.72181372566
K= 1905
13.3635642137
K= 1906
4936.0 , Degree=0
K= 1907
13.1384803924
K= 1908
2490.69047619
K= 1909
19.6666666666
K= 1910
17.5333333336
K= 1911
19.8333333333
K= 1912
25.6666666666
K= 1913
2290.66666667
K= 1914
4936.0 , Degree=0
K= 1915
4936.0 , Degree=0
K= 1916
4719.44444444
K= 1917
4936.0 , Degree=0
K= 1918
15.5758241761
K= 1919
4741.94141414
K= 1920
2626.32289638
K= 1921
4936.0 , Degree=0
K= 1922
2250.0
K= 1923
2612.21666667
K= 1924
16.3333333335
K= 1925
2493.5
K= 1926
4936.0 , Degree=0
K= 1927
4936.0 , Degree=0
K= 1928
13.506362309
K= 1929
17.7666666668
K= 1930
133.808890723
K= 1931
5318.76666667
K= 1932
2591.5244431
K= 1933
4936.0 , Degree=0
K= 1934
4936.0 , Degree=0
K= 1935
2613.3515873
K= 1936
4936.0 , Degree=0
K= 1937
58.0908015126
K= 1938
19.0
K= 1939
20.1666666667
K= 1940
4936.0 , Degree=0
K= 1941
4936.0 , Degree=0
K= 1942
4936.0 , Degree=0
K= 1943
4716.0
K= 1944
4719.44444444
K= 1945
4936.0 , Degree=0
K= 1946
15.1190476193
K= 1947
4936.0 , Degree=0
K= 1948
2619.93530826
K= 1949
90.0584469406
K= 1950
4936.0 , Degree=0
K= 1951
4936.0 , Degree=0
K= 1952
4936.0 , Degree=0
K= 1953
4936.0 , Degree=0
K= 1954
16.0075396826
K= 1955
4694.0
K= 1956
4936.0 , Degree=0
K= 1957
15.4000000001
K= 1958
2588.32289638
K= 1959
2323.0
K= 1960
10.1287878788
K= 1961
115.905006105
K= 1962
2491.7
K= 1963
19.0
K= 1964
2679.48333333
K= 1965
16.2523809526
K= 1966
4936.0 , Degree=0
K= 1967
4936.0 , Degree=0
K= 1968
2328.66666667
K= 1969
4936.0 , Degree=0
K= 1970
4936.0 , Degree=0
K= 1971
39.93775382
K= 1972
4936.0 , Degree=0
K= 1973
4936.0 , Degree=0
K= 1974
4936.0 , Degree=0
K= 1975
4936.0 , Degree=0
K= 1976
4936.0 , Degree=0
K= 1977
4936.0 , Degree=0
K= 1978
4936.0 , Degree=0
K= 1979
4979.87874315
K= 1980
175.352097321
K= 1981
17.5238095239
K= 1982
66.1377470415
K= 1983
4936.0 , Degree=0
K= 1984
4936.0 , Degree=0
K= 1985
20.1666666666
K= 1986
4936.0 , Degree=0
K= 1987
10.65
K= 1988
390.476190476
K= 1989
4936.0 , Degree=0
K= 1990
2487.81111111
K= 1991
4936.0 , Degree=0
K= 1992
2317.83333333
K= 1993
17.6833333336
K= 1994
4936.0 , Degree=0
K= 1995
4936.0 , Degree=0
K= 1996
4936.0 , Degree=0
K= 1997
42.8333333333
K= 1998
16.7000000001
K= 1999
4936.0 , Degree=0
K= 2000
13.3111111113
K= 2001
4936.0 , Degree=0
K= 2002
4936.0 , Degree=0
K= 2003
2317.83333333
K= 2004
2689.58333333
K= 2005
20.1666666666
K= 2006
2670.1
K= 2007
4936.0 , Degree=0
K= 2008
2689.58333333
K= 2009
2270.83333333
K= 2010
14.7353479855
K= 2011
2380.32294705
K= 2012
25.827565809
K= 2013
12.9417249417
K= 2014
15.5404761906
K= 2015
4936.0 , Degree=0
K= 2016
4936.0 , Degree=0
K= 2017
2586.35164419
K= 2018
2599.71568898
K= 2019
38.6666666666
K= 2020
19.6666666666
K= 2021
19.6666666666
K= 2022
2317.83333333
K= 2023
34.3333333333
K= 2024
4936.0 , Degree=0
K= 2025
11.7833333336
K= 2026
4936.0 , Degree=0
K= 2027
4653.14285714
K= 2028
19.6666666667
K= 2029
4936.0 , Degree=0
K= 2030
62.6523809524
K= 2031
12.6952985743
K= 2032
2488.63698506
K= 2033
17.3166666668
K= 2034
4936.0 , Degree=0
K= 2035
4936.0 , Degree=0
K= 2036
64.3549639094
K= 2037
2317.83333333
K= 2038
4936.0 , Degree=0
K= 2039
4936.0 , Degree=0
K= 2040
82.2461931888
K= 2041
4936.0 , Degree=0
K= 2042
4936.0 , Degree=0
K= 2043
13.0952380955
K= 2044
4936.0 , Degree=0
K= 2045
9892.0
K= 2046
4709.83333333
K= 2047
34.7333333333
K= 2048
4936.0 , Degree=0
K= 2049
39.0
K= 2050
4936.0 , Degree=0
K= 2051
2317.83333333
K= 2052
4936.0 , Degree=0
K= 2053
4936.0 , Degree=0
K= 2054
4936.0 , Degree=0
K= 2055
4936.0 , Degree=0
K= 2056
4936.0 , Degree=0
K= 2057
4936.0 , Degree=0
K= 2058
23.257817621
K= 2059
9.27619047626
K= 2060
2644.07509493
K= 2061
4936.0 , Degree=0
K= 2062
17.8666666668
K= 2063
15.1190476193
K= 2064
4936.0 , Degree=0
K= 2065
4936.0 , Degree=0
K= 2066
15.6166666669
K= 2067
2270.83333333
K= 2068
4936.0 , Degree=0
K= 2069
4936.0 , Degree=0
K= 2070
109.930471046
K= 2071
19.6666666667
K= 2072
21.7871212121
K= 2073
7.79484126996
K= 2074
57.6097434429
K= 2075
4936.0 , Degree=0
K= 2076
4936.0 , Degree=0
K= 2077
933.924357953
K= 2078
19.6666666666
K= 2079
4936.0 , Degree=0
K= 2080
4936.0 , Degree=0
K= 2081
19.8333333333
K= 2082
4936.0 , Degree=0
K= 2083
2487.47070707
K= 2084
61.4406464908
K= 2085
90.2251136072
K= 2086
4936.0 , Degree=0
K= 2087
58.6798203089
K= 2088
4936.0 , Degree=0
K= 2089
111.011721612
K= 2090
2317.83333333
K= 2091
4936.0 , Degree=0
K= 2092
9420.88888889
K= 2093
4936.0 , Degree=0
K= 2094
2632.32289638
K= 2095
2496.88773449
K= 2096
168.618609758
K= 2097
50.3070601483
K= 2098
673.53147726
K= 2099
4936.0 , Degree=0
K= 2100
4936.0 , Degree=0
K= 2101
4936.0 , Degree=0
K= 2102
4936.0 , Degree=0
K= 2103
4936.0 , Degree=0
K= 2104
4936.0 , Degree=0
K= 2105
4685.0
K= 2106
4936.0 , Degree=0
K= 2107
4936.0 , Degree=0
K= 2108
34.327064957
K= 2109
2489.11904762
K= 2110
10.4266110474
K= 2111
2489.80497835
K= 2112
4936.0 , Degree=0
K= 2113
17.6166666669
K= 2114
2517.66746289
K= 2115
4936.0 , Degree=0
K= 2116
19.5
K= 2117
4936.0 , Degree=0
K= 2118
16.4190476192
K= 2119
10.6404761905
K= 2120
2250.0
K= 2121
4936.0 , Degree=0
K= 2122
4936.0 , Degree=0
K= 2123
2702.0
K= 2124
10.6333333334
K= 2125
2599.3402664
K= 2126
4936.0 , Degree=0
K= 2127
2678.08333333
K= 2128
4720.0
K= 2129
4936.0 , Degree=0
K= 2130
2317.83333333
K= 2131
4936.0 , Degree=0
K= 2132
4936.0 , Degree=0
K= 2133
28.8095238096
K= 2134
2636.19812256
K= 2135
4936.0 , Degree=0
K= 2136
2317.83333333
K= 2137
90.2251136072
K= 2138
4936.0 , Degree=0
K= 2139
4936.0 , Degree=0
K= 2140
2490.28571429
K= 2141
451.043588853
K= 2142
2317.83333333
K= 2143
2521.55294689
K= 2144
4936.0 , Degree=0
K= 2145
4936.0 , Degree=0
K= 2146
2892.33660131
K= 2147
4936.0 , Degree=0
K= 2148
165.388929628
K= 2149
2490.60714286
K= 2150
4936.0 , Degree=0
K= 2151
4936.0 , Degree=0
K= 2152
4936.0 , Degree=0
K= 2153
4936.0 , Degree=0
K= 2154
2642.02301587
K= 2155
4936.0 , Degree=0
K= 2156
4936.0 , Degree=0
K= 2157
4936.0 , Degree=0
K= 2158
4936.0 , Degree=0
K= 2159
4936.0 , Degree=0
K= 2160
4936.0 , Degree=0
K= 2161
87.0761904764
K= 2162
15.6190476193
K= 2163
138.651804345
K= 2164
13.2000000003
K= 2165
4936.0 , Degree=0
K= 2166
19.8333333333
K= 2167
4663.0
K= 2168
4936.0 , Degree=0
K= 2169
4936.0 , Degree=0
K= 2170
14.2000000001
K= 2171
4936.0 , Degree=0
K= 2172
18.5000000001
K= 2173
22.9977351918
K= 2174
4936.0 , Degree=0
K= 2175
4936.0 , Degree=0
K= 2176
12.6230880232
K= 2177
14.1666666666
K= 2178
4936.0 , Degree=0
K= 2179
40.0071869063
K= 2180
15.8186813189
K= 2181
4936.0 , Degree=0
K= 2182
90.2251136072
K= 2183
13.1666666666
K= 2184
4936.0 , Degree=0
K= 2185
4936.0 , Degree=0
K= 2186
4719.44444444
K= 2187
4936.0 , Degree=0
K= 2188
4706.0
K= 2189
4936.0 , Degree=0
K= 2190
4936.0 , Degree=0
K= 2191
13.5000000001
K= 2192
19.6666666666
K= 2193
4936.0 , Degree=0
K= 2194
2603.23983516
K= 2195
4936.0 , Degree=0
K= 2196
4936.0 , Degree=0
K= 2197
19.6666666666
K= 2198
2493.66666667
K= 2199
4936.0 , Degree=0
K= 2200
4936.0 , Degree=0
K= 2201
2305.83333333
K= 2202
4936.0 , Degree=0
K= 2203
17.2666666668
K= 2204
2461.14142302
K= 2205
16.7071428573
K= 2206
4936.0 , Degree=0
K= 2207
4936.0 , Degree=0
K= 2208
4936.0 , Degree=0
K= 2209
4936.0 , Degree=0
K= 2210
4936.0 , Degree=0
K= 2211
4936.0 , Degree=0
K= 2212
2290.66666667
K= 2213
4936.0 , Degree=0
K= 2214
4936.0 , Degree=0
K= 2215
4936.0 , Degree=0
K= 2216
4936.0 , Degree=0
K= 2217
4407.94315625
K= 2218
16.2166666668
K= 2219
4936.0 , Degree=0
K= 2220
4936.0 , Degree=0
K= 2221
4936.0 , Degree=0
K= 2222
4936.0 , Degree=0
K= 2223
2250.0
K= 2224
2690.58333333
K= 2225
4936.0 , Degree=0
K= 2226
4936.0 , Degree=0
K= 2227
4936.0 , Degree=0
K= 2228
4969.06828534
K= 2229
0.0
K= 2230
4936.0 , Degree=0
K= 2231
36.3
K= 2232
2876.22222222
K= 2233
4936.0 , Degree=0
K= 2234
4936.0 , Degree=0
K= 2235
4936.0 , Degree=0
K= 2236
4936.0 , Degree=0
K= 2237
22.3059692652
K= 2238
4936.0 , Degree=0
K= 2239
4936.0 , Degree=0
K= 2240
4936.0 , Degree=0
K= 2241
4936.0 , Degree=0
K= 2242
28.4
K= 2243
2239.44444444
K= 2244
4936.0 , Degree=0
K= 2245
14.1190476193
K= 2246
13.1401376402
K= 2247
17.8666666668
K= 2248
19.6666666666
K= 2249
4936.0 , Degree=0
K= 2250
2527.20876623
K= 2251
11.6166666668
K= 2252
4936.0 , Degree=0
K= 2253
5.40862810682
K= 2254
40.3333333333
K= 2255
31.715688981
K= 2256
6971.2
K= 2257
4730.0
K= 2258
4936.0 , Degree=0
K= 2259
4936.0 , Degree=0
K= 2260
4936.0 , Degree=0
K= 2261
16.8404761906
K= 2262
4936.0 , Degree=0
K= 2263
4936.0 , Degree=0
K= 2264
20.1666666666
K= 2265
20.1666666666
K= 2266
4988.82564103
K= 2267
4936.0 , Degree=0
K= 2268
14.3569815806
K= 2269
4985.33333333
K= 2270
4936.0 , Degree=0
K= 2271
2631.46753894
K= 2272
170.380106
K= 2273
2690.61666667
K= 2274
4936.0 , Degree=0
K= 2275
4722.0
K= 2276
14.884993895
K= 2277
4936.0 , Degree=0
K= 2278
4936.0 , Degree=0
K= 2279
4936.0 , Degree=0
K= 2280
4936.0 , Degree=0
K= 2281
4936.0 , Degree=0
K= 2282
15.3501296949
K= 2283
35.4280303031
K= 2284
19.6666666666
K= 2285
4936.0 , Degree=0
K= 2286
25.6523809524
K= 2287
4936.0 , Degree=0
K= 2288
4936.0 , Degree=0
K= 2289
4936.0 , Degree=0
K= 2290
4936.0 , Degree=0
K= 2291
2417.66746289
K= 2292
4936.0 , Degree=0
K= 2293
4936.0 , Degree=0
K= 2294
4936.0 , Degree=0
K= 2295
4694.0
K= 2296
14.1666666666
K= 2297
4936.0 , Degree=0
K= 2298
4936.0 , Degree=0
K= 2299
19.6666666666
K= 2300
4936.0 , Degree=0
K= 2301
2650.80876623
K= 2302
63.116666667
K= 2303
4936.0 , Degree=0
K= 2304
4936.0 , Degree=0
K= 2305
2631.46753894
K= 2306
10.1454545454
K= 2307
2602.0
K= 2308
153.123944756
K= 2309
2485.08729438
K= 2310
4936.0 , Degree=0
K= 2311
4936.0 , Degree=0
K= 2312
153.585654877
K= 2313
4936.0 , Degree=0
K= 2314
4936.0 , Degree=0
K= 2315
4936.0 , Degree=0
K= 2316
0.0
K= 2317
4936.0 , Degree=0
K= 2318
17.4404761905
K= 2319
12.2971635612
K= 2320
19.5
K= 2321
2588.32289638
K= 2322
286.166666667
K= 2323
8.61904761929
K= 2324
4936.0 , Degree=0
K= 2325
11.8666666669
K= 2326
2490.65
K= 2327
4936.0 , Degree=0
K= 2328
4722.51251462
K= 2329
4936.0 , Degree=0
K= 2330
2491.44047619
K= 2331
68.4438217718
K= 2332
202.203302254
K= 2333
17.7000000002
K= 2334
20.1666666666
K= 2335
2258.33333333
K= 2336
4936.0 , Degree=0
K= 2337
4936.0 , Degree=0
K= 2338
4936.0 , Degree=0
K= 2339
2651.11428571
K= 2340
4719.83918129
K= 2341
4936.0 , Degree=0
K= 2342
14.9523809527
K= 2343
4936.0 , Degree=0
K= 2344
4936.0 , Degree=0
K= 2345
4936.0 , Degree=0
K= 2346
4936.0 , Degree=0
K= 2347
33.1072681705
K= 2348
4936.0 , Degree=0
K= 2349
4936.0 , Degree=0
K= 2350
4936.0 , Degree=0
K= 2351
16.4666666668
K= 2352
4936.0 , Degree=0
K= 2353
4936.0 , Degree=0
K= 2354
4936.0 , Degree=0
K= 2355
4936.0 , Degree=0
K= 2356
4936.0 , Degree=0
K= 2357
4936.0 , Degree=0
K= 2358
103.823260073
K= 2359
2398.83333333
K= 2360
4936.0 , Degree=0
K= 2361
4936.0 , Degree=0
K= 2362
4936.0 , Degree=0
K= 2363
4936.0 , Degree=0
K= 2364
64.8095238096
K= 2365
2623.10555556
K= 2366
4936.0 , Degree=0
K= 2367
35.7333333333
K= 2368
17.8666666669
K= 2369
4647.0
K= 2370
17.3166666668
K= 2371
4936.0 , Degree=0
K= 2372
40.5980845543
K= 2373
4936.0 , Degree=0
K= 2374
19.3333333333
K= 2375
4936.0 , Degree=0
K= 2376
4741.94141414
K= 2377
2560.74993067
K= 2378
4936.0 , Degree=0
K= 2379
4936.0 , Degree=0
K= 2380
4936.0 , Degree=0
K= 2381
2250.0
K= 2382
8789.09946615
K= 2383
4936.0 , Degree=0
K= 2384
17.9166507025
K= 2385
2597.42516634
K= 2386
15.3690476192
K= 2387
116.645596033
K= 2388
15.0190476193
K= 2389
4936.0 , Degree=0
K= 2390
2555.12394476
K= 2391
4936.0 , Degree=0
K= 2392
23.3333333334
K= 2393
4936.0 , Degree=0
K= 2394
2615.66597847
K= 2395
4936.0 , Degree=0
K= 2396
4936.0 , Degree=0
K= 2397
4936.0 , Degree=0
K= 2398
4936.0 , Degree=0
K= 2399
17.5238095239
K= 2400
4936.0 , Degree=0
Betweenness Centrality Improvement
[ 0.  0.  0. ...,  0.  0.  0.]
Top 20 BC Improvement
[1440 1465 2045 1362 2092 2382 1776 1820 2256 1622 1931 1758 2266 2269 1979
 1202 2228 1633 1637 1611]
Top 20 BC Improvement
[ 12399.66666667   9892.           9892.           9424.05555556
   9420.88888889   8789.09946615   7923.34285714   7482.26666667   6971.2
   6588.15630989   5318.76666667   5281.27358277   4988.82564103
   4985.33333333   4979.87874315   4970.01531802   4969.06828534   4936.
   4936.           4936.        ]
