txValue= 1000000
Input graph
IGRAPH D--- 4619 68733 -- 
+ attr: pub_key (v), base_fee (e), capacity (e), fee_rate (e), txCost (e)
None
Graph after edges deleted
IGRAPH D--- 4619 32193 -- 
+ attr: pub_key (v), base_fee (e), capacity (e), fee_rate (e), txCost (e)
None
Our nodes starting connections: 
(4618, 2796)
(4618, 1223)
(4618, 1163)
(4618, 222)
(4618, 2745)
(4618, 3884)
(4618, 3265)
(4618, 4209)
(4618, 2087)
CurrentBC of our node:  476938.178608
K= 1200
4936.0 , Degree=0
K= 1201
4936.0 , Degree=0
K= 1202
4980.01531802
K= 1203
4936.0 , Degree=0
K= 1204
2502.21666667
K= 1205
4936.0 , Degree=0
K= 1206
45.3876593229
K= 1207
4936.0 , Degree=0
K= 1208
4936.0 , Degree=0
K= 1209
129.824657571
K= 1210
25.9875641374
K= 1211
27.8432224841
K= 1212
55.0695478595
K= 1213
403.055866356
K= 1214
2500.0
K= 1215
385.989285714
K= 1216
4936.0 , Degree=0
K= 1217
4936.0 , Degree=0
K= 1218
42.6166666667
K= 1219
1792.98188587
K= 1220
29.282782643
K= 1221
4936.0 , Degree=0
K= 1222
4936.0 , Degree=0
K= 1223
164.442901291
K= 1224
34.35170885
K= 1225
25.3333333332
K= 1226
4936.0 , Degree=0
K= 1227
4936.0 , Degree=0
K= 1228
470.565392858
K= 1229
4936.0 , Degree=0
K= 1230
67.8155964337
K= 1231
31.2984002326
K= 1232
2166.33333333
K= 1233
25.6666666665
K= 1234
4936.0 , Degree=0
K= 1235
4936.0 , Degree=0
K= 1236
1792.48188587
K= 1237
4936.0 , Degree=0
K= 1238
4936.0 , Degree=0
K= 1239
4936.0 , Degree=0
K= 1240
371.165300054
K= 1241
627.606210116
K= 1242
4936.0 , Degree=0
K= 1243
4936.0 , Degree=0
K= 1244
4936.0 , Degree=0
K= 1245
4936.0 , Degree=0
K= 1246
2498.18333333
K= 1247
1884.70902584
K= 1248
4936.0 , Degree=0
K= 1249
56.6171669072
K= 1250
29.0946686406
K= 1251
4936.0 , Degree=0
K= 1252
52.3695478595
K= 1253
4936.0 , Degree=0
K= 1254
4936.0 , Degree=0
K= 1255
4936.0 , Degree=0
K= 1256
4936.0 , Degree=0
K= 1257
29.6421041097
K= 1258
4936.0 , Degree=0
K= 1259
4936.0 , Degree=0
K= 1260
57.8968164196
K= 1261
361.131029608
K= 1262
4936.0 , Degree=0
K= 1263
28.0775441849
K= 1264
2493.92380952
K= 1265
65.5462916241
K= 1266
4936.0 , Degree=0
K= 1267
1800.07042099
K= 1268
1801.03659366
K= 1269
4936.0 , Degree=0
K= 1270
4936.0 , Degree=0
K= 1271
81.3009385916
K= 1272
4936.0 , Degree=0
K= 1273
1084.6871304
K= 1274
4936.0 , Degree=0
K= 1275
38.9278891669
K= 1276
359.753453359
K= 1277
2657.43203463
K= 1278
163.18122942
K= 1279
325.237078955
K= 1280
141.299073888
K= 1281
4936.0 , Degree=0
K= 1282
4936.0 , Degree=0
K= 1283
4936.0 , Degree=0
K= 1284
4936.0 , Degree=0
K= 1285
181.580128086
K= 1286
4936.0 , Degree=0
K= 1287
4936.0 , Degree=0
K= 1288
4936.0 , Degree=0
K= 1289
2485.25763841
K= 1290
4936.0 , Degree=0
K= 1291
302.03267926
K= 1292
4936.0 , Degree=0
K= 1293
4936.0 , Degree=0
K= 1294
25.5317460315
K= 1295
2278.60939383
K= 1296
4936.0 , Degree=0
K= 1297
4936.0 , Degree=0
K= 1298
2336.0
K= 1299
1830.0830849
K= 1300
30.865366958
K= 1301
4936.0 , Degree=0
K= 1302
358.950075921
K= 1303
4936.0 , Degree=0
K= 1304
1787.43188587
K= 1305
2493.44292929
K= 1306
2494.30849673
K= 1307
2336.0
K= 1308
31.0304741506
K= 1309
4936.0 , Degree=0
K= 1310
4936.0 , Degree=0
K= 1311
39.7310875553
K= 1312
2486.42070707
K= 1313
4936.0 , Degree=0
K= 1314
2276.68913425
K= 1315
4936.0 , Degree=0
K= 1316
167.985864916
K= 1317
81.0361514658
K= 1318
167.944987039
K= 1319
4936.0 , Degree=0
K= 1320
12960.0043757
K= 1321
736.35954319
K= 1322
4936.0 , Degree=0
K= 1323
4936.0 , Degree=0
K= 1324
4936.0 , Degree=0
K= 1325
4936.0 , Degree=0
K= 1326
252.671246828
K= 1327
109.163258033
K= 1328
1015.16092752
K= 1329
4936.0 , Degree=0
K= 1330
2489.8268034
K= 1331
4936.0 , Degree=0
K= 1332
370.375
K= 1333
25.8333333332
K= 1334
2645.69719262
K= 1335
201.80311478
K= 1336
67.8155964337
K= 1337
427.9
K= 1338
29.3295207427
K= 1339
2336.0
K= 1340
4936.0 , Degree=0
K= 1341
4936.0 , Degree=0
K= 1342
4936.0 , Degree=0
K= 1343
4936.0 , Degree=0
K= 1344
375.108521257
K= 1345
4936.0 , Degree=0
K= 1346
4936.0 , Degree=0
K= 1347
4936.0 , Degree=0
K= 1348
288.730735931
K= 1349
4936.0 , Degree=0
K= 1350
32.2031420058
K= 1351
49.9131501626
K= 1352
176.674330792
K= 1353
2472.5
K= 1354
28.1452912619
K= 1355
4936.0 , Degree=0
K= 1356
63.9127090339
K= 1357
4936.0 , Degree=0
K= 1358
34.7172469609
K= 1359
101.695103613
K= 1360
4936.0 , Degree=0
K= 1361
4936.0 , Degree=0
K= 1362
9482.66666667
K= 1363
1792.64855253
K= 1364
2497.36666667
K= 1365
4936.0 , Degree=0
K= 1366
4936.0 , Degree=0
K= 1367
49.5592224172
K= 1368
4936.0 , Degree=0
K= 1369
4936.0 , Degree=0
K= 1370
69.0058632673
K= 1371
31.519643084
K= 1372
143.743632177
K= 1373
4936.0 , Degree=0
K= 1374
4936.0 , Degree=0
K= 1375
4936.0 , Degree=0
K= 1376
35.2807542764
K= 1377
1824.84855253
K= 1378
25.9999999999
K= 1379
29.3924231215
K= 1380
4936.0 , Degree=0
K= 1381
2492.34561453
K= 1382
378.938257429
K= 1383
71.395544108
K= 1384
4936.0 , Degree=0
K= 1385
369.285204729
K= 1386
4936.0 , Degree=0
K= 1387
4936.0 , Degree=0
K= 1388
2266.0
K= 1389
4936.0 , Degree=0
K= 1390
2476.01985454
K= 1391
4936.0 , Degree=0
K= 1392
382.854282252
K= 1393
4936.0 , Degree=0
K= 1394
34.1574306652
K= 1395
1794.24932783
K= 1396
4936.0 , Degree=0
K= 1397
123.44690384
K= 1398
4936.0 , Degree=0
K= 1399
4936.0 , Degree=0
K= 1400
4936.0 , Degree=0
K= 1401
2336.0
K= 1402
4936.0 , Degree=0
K= 1403
4936.0 , Degree=0
K= 1404
4936.0 , Degree=0
K= 1405
31.7534755971
K= 1406
2499.57575758
K= 1407
29.1873015871
K= 1408
4936.0 , Degree=0
K= 1409
4936.0 , Degree=0
K= 1410
4936.0 , Degree=0
K= 1411
4936.0 , Degree=0
K= 1412
4936.0 , Degree=0
K= 1413
4936.0 , Degree=0
K= 1414
4711.925
K= 1415
264.124048378
K= 1416
383.903318903
K= 1417
29.0470480812
K= 1418
4936.0 , Degree=0
K= 1419
73.4626611947
K= 1420
1819.68124002
K= 1421
4936.0 , Degree=0
K= 1422
2289.0
K= 1423
4936.0 , Degree=0
K= 1424
4936.0 , Degree=0
K= 1425
60.527238173
K= 1426
2289.0
K= 1427
2483.1
K= 1428
4936.0 , Degree=0
K= 1429
4936.0 , Degree=0
K= 1430
54.4500000001
K= 1431
4936.0 , Degree=0
K= 1432
1794.92215746
K= 1433
37.509479394
K= 1434
4748.33333333
K= 1435
4936.0 , Degree=0
K= 1436
4936.0 , Degree=0
K= 1437
4936.0 , Degree=0
K= 1438
4936.0 , Degree=0
K= 1439
4936.0 , Degree=0
K= 1440
12457.0
K= 1441
4936.0 , Degree=0
K= 1442
4936.0 , Degree=0
K= 1443
2457.14156689
K= 1444
4936.0 , Degree=0
K= 1445
4936.0 , Degree=0
K= 1446
2306.77435897
K= 1447
4936.0 , Degree=0
K= 1448
4936.0 , Degree=0
K= 1449
4936.0 , Degree=0
K= 1450
32.4969518592
K= 1451
3221.72755164
K= 1452
4936.0 , Degree=0
K= 1453
1784.4646
K= 1454
33.1515226707
K= 1455
440.572656755
K= 1456
4936.0 , Degree=0
K= 1457
23.5770463422
K= 1458
4936.0 , Degree=0
K= 1459
1797.04805992
K= 1460
4936.0 , Degree=0
K= 1461
4936.0 , Degree=0
K= 1462
46.2543135955
K= 1463
319.631477109
K= 1464
4936.0 , Degree=0
K= 1465
9892.0
K= 1466
4728.7641654
K= 1467
4936.0 , Degree=0
K= 1468
4936.0 , Degree=0
K= 1469
44.3593700611
K= 1470
4936.0 , Degree=0
K= 1471
4936.0 , Degree=0
K= 1472
166.523690177
K= 1473
4936.0 , Degree=0
K= 1474
4936.0 , Degree=0
K= 1475
55.0695478595
K= 1476
38.4211519297
K= 1477
4936.0 , Degree=0
K= 1478
2417.0
K= 1479
4936.0 , Degree=0
K= 1480
112.926471561
K= 1481
4936.0 , Degree=0
K= 1482
4936.0 , Degree=0
K= 1483
28.6058411411
K= 1484
2502.86666667
K= 1485
4936.0 , Degree=0
K= 1486
4936.0 , Degree=0
K= 1487
2639.16666667
K= 1488
39.6078230512
K= 1489
27.9290086087
K= 1490
29.8144040203
K= 1491
30.5682430409
K= 1492
4936.0 , Degree=0
K= 1493
31.7726598894
K= 1494
4936.0 , Degree=0
K= 1495
2277.33333333
K= 1496
4936.0 , Degree=0
K= 1497
4936.0 , Degree=0
K= 1498
4936.0 , Degree=0
K= 1499
4936.0 , Degree=0
K= 1500
2267.55555556
K= 1501
46.4343202621
K= 1502
2650.78968254
K= 1503
4936.0 , Degree=0
K= 1504
310.652726018
K= 1505
4936.0 , Degree=0
K= 1506
4936.0 , Degree=0
K= 1507
29.2375752282
K= 1508
4936.0 , Degree=0
K= 1509
4936.0 , Degree=0
K= 1510
4936.0 , Degree=0
K= 1511
4936.0 , Degree=0
K= 1512
3221.72755164
K= 1513
2494.4952381
K= 1514
24.9632169861
K= 1515
2336.0
K= 1516
136.087218045
K= 1517
2145.17813606
K= 1518
187.067872714
K= 1519
4936.0 , Degree=0
K= 1520
4936.0 , Degree=0
K= 1521
4936.0 , Degree=0
K= 1522
4936.0 , Degree=0
K= 1523
134.402999317
K= 1524
30.1160958439
K= 1525
4936.0 , Degree=0
K= 1526
332.5
K= 1527
30.2038847602
K= 1528
283.956446066
K= 1529
756.303401813
K= 1530
50.4877199834
K= 1531
4936.0 , Degree=0
K= 1532
4936.0 , Degree=0
K= 1533
4936.0 , Degree=0
K= 1534
4936.0 , Degree=0
K= 1535
62.1254718293
K= 1536
2507.63734545
K= 1537
28.8570230854
K= 1538
4936.0 , Degree=0
K= 1539
57.4673150021
K= 1540
48.19354393
K= 1541
4936.0 , Degree=0
K= 1542
4936.0 , Degree=0
K= 1543
2498.23900709
K= 1544
41.9345987213
K= 1545
426.463636364
K= 1546
37.8215942671
K= 1547
4936.0 , Degree=0
K= 1548
61.3319459992
K= 1549
4936.0 , Degree=0
K= 1550
4936.0 , Degree=0
K= 1551
172.185632881
K= 1552
4750.33333333
K= 1553
385.965573081
K= 1554
4936.0 , Degree=0
K= 1555
4936.0 , Degree=0
K= 1556
50.7931006543
K= 1557
168.081688846
K= 1558
58.3428019271
K= 1559
4936.0 , Degree=0
K= 1560
59.229882148
K= 1561
4936.0 , Degree=0
K= 1562
4936.0 , Degree=0
K= 1563
2485.14156689
K= 1564
356.971531247
K= 1565
4936.0 , Degree=0
K= 1566
2499.5
K= 1567
1843.5125219
K= 1568
4936.0 , Degree=0
K= 1569
25.5327463615
K= 1570
49.3188399347
K= 1571
4936.0 , Degree=0
K= 1572
262.66998557
K= 1573
2493.33333333
K= 1574
4936.0 , Degree=0
K= 1575
4936.0 , Degree=0
K= 1576
37.0647937593
K= 1577
4936.0 , Degree=0
K= 1578
88.2340582046
K= 1579
4936.0 , Degree=0
K= 1580
213.58682333
K= 1581
4936.0 , Degree=0
K= 1582
4936.0 , Degree=0
K= 1583
4936.0 , Degree=0
K= 1584
4936.0 , Degree=0
K= 1585
4936.0 , Degree=0
K= 1586
31.5487825281
K= 1587
1812.70737606
K= 1588
36.4895653935
K= 1589
4936.0 , Degree=0
K= 1590
314.921702438
K= 1591
4936.0 , Degree=0
K= 1592
4936.0 , Degree=0
K= 1593
4936.0 , Degree=0
K= 1594
4936.0 , Degree=0
K= 1595
4936.0 , Degree=0
K= 1596
4936.0 , Degree=0
K= 1597
4936.0 , Degree=0
K= 1598
63.9032528197
K= 1599
4936.0 , Degree=0
K= 1600
4936.0 , Degree=0
K= 1601
4936.0 , Degree=0
K= 1602
4936.0 , Degree=0
K= 1603
63.1157336095
K= 1604
26.5069397539
K= 1605
341.245609323
K= 1606
4936.0 , Degree=0
K= 1607
2309.66666667
K= 1608
1826.09299698
K= 1609
4936.0 , Degree=0
K= 1610
116.352447958
K= 1611
4936.0 , Degree=0
K= 1612
2336.0
K= 1613
35.0878176757
K= 1614
4936.0 , Degree=0
K= 1615
4747.33333333
K= 1616
55.9743097643
K= 1617
4936.0 , Degree=0
K= 1618
32.0693382698
K= 1619
2510.42704518
K= 1620
30.0421023287
K= 1621
63.5189935728
K= 1622
6642.6
K= 1623
4936.0 , Degree=0
K= 1624
4936.0 , Degree=0
K= 1625
2284.68517322
K= 1626
73.8127791388
K= 1627
4936.0 , Degree=0
K= 1628
2467.45303927
K= 1629
2497.6047619
K= 1630
4936.0 , Degree=0
K= 1631
251.20425261
K= 1632
4936.0 , Degree=0
K= 1633
4936.0 , Degree=0
K= 1634
4936.0 , Degree=0
K= 1635
29.7875732995
K= 1636
63.5228942428
K= 1637
4936.0 , Degree=0
K= 1638
4936.0 , Degree=0
K= 1639
4936.0 , Degree=0
K= 1640
59.5166673664
K= 1641
4936.0 , Degree=0
K= 1642
2265.9
K= 1643
4936.0 , Degree=0
K= 1644
1786.0152192
K= 1645
2645.69719262
K= 1646
4936.0 , Degree=0
K= 1647
4936.0 , Degree=0
K= 1648
13012.8926382
K= 1649
4936.0 , Degree=0
K= 1650
341.245609323
K= 1651
25.3333333332
K= 1652
2620.10224302
K= 1653
4936.0 , Degree=0
K= 1654
2489.75
K= 1655
2344.09683605
K= 1656
25.9999999999
K= 1657
4936.0 , Degree=0
K= 1658
413.416666667
K= 1659
29.5736408023
K= 1660
28.0522204918
K= 1661
4936.0 , Degree=0
K= 1662
4754.5
K= 1663
4936.0 , Degree=0
K= 1664
4936.0 , Degree=0
K= 1665
32.8675530728
K= 1666
4936.0 , Degree=0
K= 1667
4936.0 , Degree=0
K= 1668
4936.0 , Degree=0
K= 1669
4936.0 , Degree=0
K= 1670
1792.81518727
K= 1671
358.031527403
K= 1672
4936.0 , Degree=0
K= 1673
2496.3
K= 1674
4936.0 , Degree=0
K= 1675
4936.0 , Degree=0
K= 1676
72.5854535469
K= 1677
1798.9402192
K= 1678
38.0718307227
K= 1679
4936.0 , Degree=0
K= 1680
4936.0 , Degree=0
K= 1681
34.0775064156
K= 1682
4936.0 , Degree=0
K= 1683
4936.0 , Degree=0
K= 1684
4936.0 , Degree=0
K= 1685
37.128033402
K= 1686
4936.0 , Degree=0
K= 1687
2671.02857143
K= 1688
1789.3152192
K= 1689
54.4813339107
K= 1690
1788.98188587
K= 1691
24.1114312098
K= 1692
4936.0 , Degree=0
K= 1693
88.060281083
K= 1694
4936.0 , Degree=0
K= 1695
4936.0 , Degree=0
K= 1696
352.632272682
K= 1697
3221.72755164
K= 1698
4936.0 , Degree=0
K= 1699
32.7063612907
K= 1700
368.943322484
K= 1701
281.824949627
K= 1702
392.135593426
K= 1703
2289.0
K= 1704
4936.0 , Degree=0
K= 1705
4739.0
K= 1706
4936.0 , Degree=0
K= 1707
2496.17582418
K= 1708
47.2341686764
K= 1709
4936.0 , Degree=0
K= 1710
2499.83333333
K= 1711
1784.9402192
K= 1712
4936.0 , Degree=0
K= 1713
2505.0
K= 1714
4936.0 , Degree=0
K= 1715
4936.0 , Degree=0
K= 1716
4936.0 , Degree=0
K= 1717
4936.0 , Degree=0
K= 1718
29.6373404239
K= 1719
1796.77116928
K= 1720
1821.15862574
K= 1721
4936.0 , Degree=0
K= 1722
26.368611704
K= 1723
4747.37142857
K= 1724
26.4660482829
K= 1725
357.151940526
K= 1726
387.706629251
K= 1727
4936.0 , Degree=0
K= 1728
4936.0 , Degree=0
K= 1729
410.854040404
K= 1730
4936.0 , Degree=0
K= 1731
4936.0 , Degree=0
K= 1732
4936.0 , Degree=0
K= 1733
49.7009955707
K= 1734
50.4307920293
K= 1735
4936.0 , Degree=0
K= 1736
4936.0 , Degree=0
K= 1737
30.08367482
K= 1738
4936.0 , Degree=0
K= 1739
4936.0 , Degree=0
K= 1740
28.9672437209
K= 1741
359.671173271
K= 1742
2309.66666667
K= 1743
4936.0 , Degree=0
K= 1744
34.3737689724
K= 1745
335.0
K= 1746
4775.0
K= 1747
2632.9558296
K= 1748
24.6043917063
K= 1749
28.4301693833
K= 1750
2499.56666667
K= 1751
32.3067817676
K= 1752
4936.0 , Degree=0
K= 1753
4936.0 , Degree=0
K= 1754
4936.0 , Degree=0
K= 1755
31.1144822738
K= 1756
1789.48188587
K= 1757
384.455581272
K= 1758
5271.60703
K= 1759
4936.0 , Degree=0
K= 1760
12973.3323177
K= 1761
39.3843822341
K= 1762
1925.91780448
K= 1763
4936.0 , Degree=0
K= 1764
25.5844770591
K= 1765
4936.0 , Degree=0
K= 1766
4936.0 , Degree=0
K= 1767
2336.0
K= 1768
2497.68333333
K= 1769
67.8155964337
K= 1770
2278.39924519
K= 1771
2498.06666667
K= 1772
4936.0 , Degree=0
K= 1773
4936.0 , Degree=0
K= 1774
4936.0 , Degree=0
K= 1775
4936.0 , Degree=0
K= 1776
1139.96467405
K= 1777
4936.0 , Degree=0
K= 1778
4936.0 , Degree=0
K= 1779
2684.97575758
K= 1780
409.119047619
K= 1781
4936.0 , Degree=0
K= 1782
28.1452912619
K= 1783
37.3211420144
K= 1784
1081.4132986
K= 1785
4749.0
K= 1786
1790.43188587
K= 1787
2289.0
K= 1788
106.82531297
K= 1789
4936.0 , Degree=0
K= 1790
185.611399405
K= 1791
36.0852977326
K= 1792
4936.0 , Degree=0
K= 1793
25.6666666665
K= 1794
4936.0 , Degree=0
K= 1795
306.28607549
K= 1796
1792.4895753
K= 1797
58.1358452332
K= 1798
4936.0 , Degree=0
K= 1799
39.1668958533
K= 1800
4936.0 , Degree=0
K= 1801
4936.0 , Degree=0
K= 1802
4936.0 , Degree=0
K= 1803
2500.0
K= 1804
25.6500190892
K= 1805
12871.0213918
K= 1806
4936.0 , Degree=0
K= 1807
4936.0 , Degree=0
K= 1808
101.512701608
K= 1809
24.5365701519
K= 1810
422.657142857
K= 1811
17.3333333333
K= 1812
4936.0 , Degree=0
K= 1813
60.2754671903
K= 1814
37.1539537754
K= 1815
51.0638863154
K= 1816
4936.0 , Degree=0
K= 1817
1815.49982025
K= 1818
45.1043933299
K= 1819
2278.4765059
K= 1820
7506.26666667
K= 1821
27.1703006912
K= 1822
4936.0 , Degree=0
K= 1823
4936.0 , Degree=0
K= 1824
2336.0
K= 1825
4936.0 , Degree=0
K= 1826
4936.0 , Degree=0
K= 1827
63.1388976016
K= 1828
224.911029287
K= 1829
28.4227463613
K= 1830
4936.0 , Degree=0
K= 1831
4936.0 , Degree=0
K= 1832
4574.61376422
K= 1833
2640.69719262
K= 1834
4936.0 , Degree=0
K= 1835
2497.60697674
K= 1836
4936.0 , Degree=0
K= 1837
4936.0 , Degree=0
K= 1838
2279.65800385
K= 1839
57.0731582294
K= 1840
2612.71104194
K= 1841
4936.0 , Degree=0
K= 1842
149.682023532
K= 1843
29.0946062909
K= 1844
362.445185227
K= 1845
31.7368049819
K= 1846
4936.0 , Degree=0
K= 1847
4936.0 , Degree=0
K= 1848
4936.0 , Degree=0
K= 1849
32.8781901739
K= 1850
31.0131056242
K= 1851
4936.0 , Degree=0
K= 1852
4736.09738562
K= 1853
2347.66666667
K= 1854
4936.0 , Degree=0
K= 1855
1927.22171271
K= 1856
30.0794961696
K= 1857
2496.7
K= 1858
4936.0 , Degree=0
K= 1859
4936.0 , Degree=0
K= 1860
4936.0 , Degree=0
K= 1861
4936.0 , Degree=0
K= 1862
4936.0 , Degree=0
K= 1863
2289.0
K= 1864
47.9781392209
K= 1865
361.131029608
K= 1866
56.939283077
K= 1867
341.245609323
K= 1868
2336.0
K= 1869
147.840804083
K= 1870
4936.0 , Degree=0
K= 1871
55.0695478595
K= 1872
32.784682364
K= 1873
4936.0 , Degree=0
K= 1874
37.2275871059
K= 1875
4936.0 , Degree=0
K= 1876
4747.91666667
K= 1877
44.9433629913
K= 1878
134.075156243
K= 1879
25.9184277215
K= 1880
4936.0 , Degree=0
K= 1881
4936.0 , Degree=0
K= 1882
28.0511821088
K= 1883
27.8140876098
K= 1884
4936.0 , Degree=0
K= 1885
2497.436853
K= 1886
12951.438955
K= 1887
32.554213192
K= 1888
25.6666666665
K= 1889
176.528713785
K= 1890
4936.0 , Degree=0
K= 1891
2612.91011236
K= 1892
28.376979904
K= 1893
4754.5
K= 1894
4936.0 , Degree=0
K= 1895
2309.66666667
K= 1896
2277.33333333
K= 1897
4936.0 , Degree=0
K= 1898
4936.0 , Degree=0
K= 1899
64.2799877932
K= 1900
381.663003663
K= 1901
4936.0 , Degree=0
K= 1902
24.4397778372
K= 1903
4936.0 , Degree=0
K= 1904
1802.66506931
K= 1905
28.7870398208
K= 1906
4936.0 , Degree=0
K= 1907
30.4400377015
K= 1908
2496.56926407
K= 1909
31.4714285712
K= 1910
26.4494130282
K= 1911
26.4999999998
K= 1912
46.8386708999
K= 1913
2309.66666667
K= 1914
4936.0 , Degree=0
K= 1915
4936.0 , Degree=0
K= 1916
4748.5
K= 1917
4936.0 , Degree=0
K= 1918
31.4991992739
K= 1919
4770.94141414
K= 1920
2620.9287851
K= 1921
4936.0 , Degree=0
K= 1922
2276.9786246
K= 1923
358.055866356
K= 1924
42.1402813959
K= 1925
2499.33333333
K= 1926
4936.0 , Degree=0
K= 1927
4936.0 , Degree=0
K= 1928
1832.2094788
K= 1929
29.077271127
K= 1930
278.929723581
K= 1931
801.460683761
K= 1932
353.924048378
K= 1933
4936.0 , Degree=0
K= 1934
4936.0 , Degree=0
K= 1935
380.951749199
K= 1936
4936.0 , Degree=0
K= 1937
43.4012418831
K= 1938
36.8729368873
K= 1939
28.1452912619
K= 1940
4936.0 , Degree=0
K= 1941
4936.0 , Degree=0
K= 1942
4936.0 , Degree=0
K= 1943
2467.0
K= 1944
4748.5
K= 1945
4936.0 , Degree=0
K= 1946
26.74653478
K= 1947
4936.0 , Degree=0
K= 1948
2605.60864609
K= 1949
58.5248324124
K= 1950
4936.0 , Degree=0
K= 1951
4936.0 , Degree=0
K= 1952
4936.0 , Degree=0
K= 1953
4936.0 , Degree=0
K= 1954
23.4404761904
K= 1955
2507.63734545
K= 1956
4936.0 , Degree=0
K= 1957
38.069337462
K= 1958
357.151940526
K= 1959
4673.81818182
K= 1960
1788.99573122
K= 1961
118.05952381
K= 1962
2497.575
K= 1963
31.5766812684
K= 1964
2670.57619048
K= 1965
31.2530537026
K= 1966
4936.0 , Degree=0
K= 1967
4936.0 , Degree=0
K= 1968
2347.66666667
K= 1969
4936.0 , Degree=0
K= 1970
4936.0 , Degree=0
K= 1971
134.065349733
K= 1972
4936.0 , Degree=0
K= 1973
4936.0 , Degree=0
K= 1974
4936.0 , Degree=0
K= 1975
4936.0 , Degree=0
K= 1976
4936.0 , Degree=0
K= 1977
4936.0 , Degree=0
K= 1978
4936.0 , Degree=0
K= 1979
4997.85403727
K= 1980
171.56365544
K= 1981
25.2136136119
K= 1982
67.8155964337
K= 1983
4936.0 , Degree=0
K= 1984
4936.0 , Degree=0
K= 1985
28.0775441849
K= 1986
4936.0 , Degree=0
K= 1987
1799.23802075
K= 1988
557.409523809
K= 1989
4936.0 , Degree=0
K= 1990
2497.86666667
K= 1991
4936.0 , Degree=0
K= 1992
2336.0
K= 1993
32.3839017884
K= 1994
4936.0 , Degree=0
K= 1995
4936.0 , Degree=0
K= 1996
4936.0 , Degree=0
K= 1997
85.4894883003
K= 1998
32.9318553703
K= 1999
4936.0 , Degree=0
K= 2000
30.6345097446
K= 2001
4936.0 , Degree=0
K= 2002
4936.0 , Degree=0
K= 2003
2336.0
K= 2004
418.631349206
K= 2005
29.0946062909
K= 2006
407.26547619
K= 2007
4936.0 , Degree=0
K= 2008
430.9
K= 2009
2289.0
K= 2010
28.5105548708
K= 2011
233.203400935
K= 2012
44.4132961517
K= 2013
36.0863367317
K= 2014
31.6588032167
K= 2015
4936.0 , Degree=0
K= 2016
4936.0 , Degree=0
K= 2017
365.458367776
K= 2018
333.193650794
K= 2019
116.976877421
K= 2020
28.9520107537
K= 2021
28.6058411411
K= 2022
2336.0
K= 2023
50.5656819823
K= 2024
4936.0 , Degree=0
K= 2025
1790.59855253
K= 2026
4936.0 , Degree=0
K= 2027
2487.28442403
K= 2028
30.3062646598
K= 2029
4936.0 , Degree=0
K= 2030
120.21034369
K= 2031
33.4936935955
K= 2032
2495.08268398
K= 2033
25.8107744238
K= 2034
4936.0 , Degree=0
K= 2035
4936.0 , Degree=0
K= 2036
123.538780183
K= 2037
2336.0
K= 2038
4936.0 , Degree=0
K= 2039
4936.0 , Degree=0
K= 2040
94.1164176489
K= 2041
4936.0 , Degree=0
K= 2042
4936.0 , Degree=0
K= 2043
1808.99080155
K= 2044
4936.0 , Degree=0
K= 2045
9892.0
K= 2046
2469.9528375
K= 2047
60.6727179593
K= 2048
4936.0 , Degree=0
K= 2049
54.0779025986
K= 2050
4936.0 , Degree=0
K= 2051
2336.0
K= 2052
4936.0 , Degree=0
K= 2053
4936.0 , Degree=0
K= 2054
4936.0 , Degree=0
K= 2055
4936.0 , Degree=0
K= 2056
4936.0 , Degree=0
K= 2057
4936.0 , Degree=0
K= 2058
51.509918632
K= 2059
12867.764249
K= 2060
368.312972053
K= 2061
4936.0 , Degree=0
K= 2062
29.0361940221
K= 2063
26.74653478
K= 2064
4936.0 , Degree=0
K= 2065
4936.0 , Degree=0
K= 2066
36.6436862567
K= 2067
2289.0
K= 2068
4936.0 , Degree=0
K= 2069
4936.0 , Degree=0
K= 2070
12958.8113787
K= 2071
25.6666666665
K= 2072
51.682233836
K= 2073
1791.41849572
K= 2074
72.7411669366
K= 2075
4936.0 , Degree=0
K= 2076
4936.0 , Degree=0
K= 2077
317.018599821
K= 2078
28.6058411411
K= 2079
4936.0 , Degree=0
K= 2080
4936.0 , Degree=0
K= 2081
25.8333333332
K= 2082
4936.0 , Degree=0
K= 2083
2493.32016944
K= 2084
60.4034452227
K= 2085
55.0695478595
K= 2086
4936.0 , Degree=0
K= 2087
11.8333333331
K= 2088
4936.0 , Degree=0
K= 2089
156.064230601
K= 2090
2336.0
K= 2091
4936.0 , Degree=0
K= 2092
9474.16666667
K= 2093
4936.0 , Degree=0
K= 2094
2626.9287851
K= 2095
2508.55440115
K= 2096
1939.94222622
K= 2097
167.365407344
K= 2098
329.15
K= 2099
4936.0 , Degree=0
K= 2100
4936.0 , Degree=0
K= 2101
4936.0 , Degree=0
K= 2102
4936.0 , Degree=0
K= 2103
4936.0 , Degree=0
K= 2104
4936.0 , Degree=0
K= 2105
3221.72755164
K= 2106
4936.0 , Degree=0
K= 2107
4936.0 , Degree=0
K= 2108
1826.53701447
K= 2109
2494.98268398
K= 2110
1794.44297967
K= 2111
2495.80497835
K= 2112
4936.0 , Degree=0
K= 2113
26.5327463615
K= 2114
2523.14487734
K= 2115
4936.0 , Degree=0
K= 2116
32.3171787455
K= 2117
4936.0 , Degree=0
K= 2118
26.7661303891
K= 2119
1788.45569539
K= 2120
2275.0
K= 2121
4936.0 , Degree=0
K= 2122
4936.0 , Degree=0
K= 2123
2687.85714286
K= 2124
1792.44855253
K= 2125
363.149350649
K= 2126
4936.0 , Degree=0
K= 2127
404.192135328
K= 2128
4748.0
K= 2129
4936.0 , Degree=0
K= 2130
2336.0
K= 2131
4936.0 , Degree=0
K= 2132
4936.0 , Degree=0
K= 2133
1828.62474301
K= 2134
372.399124884
K= 2135
4936.0 , Degree=0
K= 2136
2336.0
K= 2137
55.0695478595
K= 2138
4936.0 , Degree=0
K= 2139
4936.0 , Degree=0
K= 2140
2496.28571429
K= 2141
462.843998354
K= 2142
2336.0
K= 2143
2525.59295639
K= 2144
4936.0 , Degree=0
K= 2145
4936.0 , Degree=0
K= 2146
621.343505755
K= 2147
4936.0 , Degree=0
K= 2148
164.971552065
K= 2149
2496.60714286
K= 2150
4936.0 , Degree=0
K= 2151
4936.0 , Degree=0
K= 2152
4936.0 , Degree=0
K= 2153
4936.0 , Degree=0
K= 2154
370.477777778
K= 2155
4936.0 , Degree=0
K= 2156
4936.0 , Degree=0
K= 2157
4936.0 , Degree=0
K= 2158
4936.0 , Degree=0
K= 2159
4936.0 , Degree=0
K= 2160
4936.0 , Degree=0
K= 2161
181.643934515
K= 2162
26.2178487754
K= 2163
139.872643468
K= 2164
1792.0152192
K= 2165
4936.0 , Degree=0
K= 2166
25.8333333331
K= 2167
2477.64156689
K= 2168
4936.0 , Degree=0
K= 2169
4936.0 , Degree=0
K= 2170
24.0951831891
K= 2171
4936.0 , Degree=0
K= 2172
59.4867574097
K= 2173
1944.3330454
K= 2174
4936.0 , Degree=0
K= 2175
4936.0 , Degree=0
K= 2176
26.3525783758
K= 2177
1789.98188587
K= 2178
4936.0 , Degree=0
K= 2179
46.6682532579
K= 2180
26.4124459037
K= 2181
4936.0 , Degree=0
K= 2182
55.0695478595
K= 2183
1788.98188587
K= 2184
4936.0 , Degree=0
K= 2185
4936.0 , Degree=0
K= 2186
4748.5
K= 2187
4936.0 , Degree=0
K= 2188
4731.0
K= 2189
4936.0 , Degree=0
K= 2190
4936.0 , Degree=0
K= 2191
1801.93345867
K= 2192
32.6755076249
K= 2193
4936.0 , Degree=0
K= 2194
335.931043956
K= 2195
4936.0 , Degree=0
K= 2196
4936.0 , Degree=0
K= 2197
27.8559066472
K= 2198
2499.5
K= 2199
4936.0 , Degree=0
K= 2200
4936.0 , Degree=0
K= 2201
2325.0
K= 2202
4936.0 , Degree=0
K= 2203
32.028475523
K= 2204
265.357368188
K= 2205
28.6212771976
K= 2206
4936.0 , Degree=0
K= 2207
4936.0 , Degree=0
K= 2208
4936.0 , Degree=0
K= 2209
4936.0 , Degree=0
K= 2210
4936.0 , Degree=0
K= 2211
4936.0 , Degree=0
K= 2212
2309.66666667
K= 2213
4936.0 , Degree=0
K= 2214
4936.0 , Degree=0
K= 2215
4936.0 , Degree=0
K= 2216
4936.0 , Degree=0
K= 2217
3035.96088498
K= 2218
28.2686911428
K= 2219
4936.0 , Degree=0
K= 2220
4936.0 , Degree=0
K= 2221
4936.0 , Degree=0
K= 2222
4936.0 , Degree=0
K= 2223
2277.3102225
K= 2224
2678.81666667
K= 2225
4936.0 , Degree=0
K= 2226
4936.0 , Degree=0
K= 2227
4936.0 , Degree=0
K= 2228
4980.734952
K= 2229
0.0
K= 2230
4936.0 , Degree=0
K= 2231
62.7454040311
K= 2232
605.117460317
K= 2233
4936.0 , Degree=0
K= 2234
4936.0 , Degree=0
K= 2235
4936.0 , Degree=0
K= 2236
4936.0 , Degree=0
K= 2237
56.6382117172
K= 2238
4936.0 , Degree=0
K= 2239
4936.0 , Degree=0
K= 2240
4936.0 , Degree=0
K= 2241
4936.0 , Degree=0
K= 2242
51.2646973717
K= 2243
4038.8152192
K= 2244
4936.0 , Degree=0
K= 2245
22.6864887096
K= 2246
31.6366358215
K= 2247
29.6862689325
K= 2248
28.6058411411
K= 2249
4936.0 , Degree=0
K= 2250
335.968406714
K= 2251
1792.78078517
K= 2252
4936.0 , Degree=0
K= 2253
1806.75965798
K= 2254
65.6191029115
K= 2255
1825.8152192
K= 2256
6991.2
K= 2257
4754.91304348
K= 2258
4936.0 , Degree=0
K= 2259
4936.0 , Degree=0
K= 2260
4936.0 , Degree=0
K= 2261
34.4533191756
K= 2262
4936.0 , Degree=0
K= 2263
4936.0 , Degree=0
K= 2264
28.0235027166
K= 2265
28.0775441849
K= 2266
5015.26666667
K= 2267
4936.0 , Degree=0
K= 2268
35.2095800865
K= 2269
4997.15942029
K= 2270
4936.0 , Degree=0
K= 2271
360.897192622
K= 2272
169.805794843
K= 2273
438.692307692
K= 2274
4936.0 , Degree=0
K= 2275
2567.47448011
K= 2276
38.922127107
K= 2277
4936.0 , Degree=0
K= 2278
4936.0 , Degree=0
K= 2279
4936.0 , Degree=0
K= 2280
4936.0 , Degree=0
K= 2281
4936.0 , Degree=0
K= 2282
40.1994036225
K= 2283
81.1580893852
K= 2284
28.593896159
K= 2285
4936.0 , Degree=0
K= 2286
51.1809983256
K= 2287
4936.0 , Degree=0
K= 2288
4936.0 , Degree=0
K= 2289
4936.0 , Degree=0
K= 2290
4936.0 , Degree=0
K= 2291
260.483338883
K= 2292
4936.0 , Degree=0
K= 2293
4936.0 , Degree=0
K= 2294
4936.0 , Degree=0
K= 2295
2507.08737374
K= 2296
1795.18492018
K= 2297
4936.0 , Degree=0
K= 2298
4936.0 , Degree=0
K= 2299
29.3520107537
K= 2300
4936.0 , Degree=0
K= 2301
379.74585657
K= 2302
151.677188637
K= 2303
4936.0 , Degree=0
K= 2304
4936.0 , Degree=0
K= 2305
360.897192622
K= 2306
1788.96067374
K= 2307
330.397619048
K= 2308
148.206242204
K= 2309
2490.92062771
K= 2310
4936.0 , Degree=0
K= 2311
4936.0 , Degree=0
K= 2312
155.771385429
K= 2313
4936.0 , Degree=0
K= 2314
4936.0 , Degree=0
K= 2315
4936.0 , Degree=0
K= 2316
0.0
K= 2317
4936.0 , Degree=0
K= 2318
1793.25569539
K= 2319
1798.54571609
K= 2320
27.2046279536
K= 2321
357.151940526
K= 2322
2603.52121212
K= 2323
1790.18454448
K= 2324
4936.0 , Degree=0
K= 2325
1787.68188587
K= 2326
2496.5547619
K= 2327
4936.0 , Degree=0
K= 2328
4747.66666667
K= 2329
4936.0 , Degree=0
K= 2330
2497.29963112
K= 2331
169.651197788
K= 2332
202.47412733
K= 2333
36.8752503006
K= 2334
33.13445383
K= 2335
2277.33333333
K= 2336
4936.0 , Degree=0
K= 2337
4936.0 , Degree=0
K= 2338
4936.0 , Degree=0
K= 2339
2644.68095238
K= 2340
4744.33333333
K= 2341
4936.0 , Degree=0
K= 2342
24.0607710551
K= 2343
4936.0 , Degree=0
K= 2344
4936.0 , Degree=0
K= 2345
4936.0 , Degree=0
K= 2346
4936.0 , Degree=0
K= 2347
74.4785600915
K= 2348
4936.0 , Degree=0
K= 2349
4936.0 , Degree=0
K= 2350
4936.0 , Degree=0
K= 2351
39.3887239108
K= 2352
4936.0 , Degree=0
K= 2353
4936.0 , Degree=0
K= 2354
4936.0 , Degree=0
K= 2355
4936.0 , Degree=0
K= 2356
4936.0 , Degree=0
K= 2357
4936.0 , Degree=0
K= 2358
1941.63847927
K= 2359
2417.0
K= 2360
4936.0 , Degree=0
K= 2361
4936.0 , Degree=0
K= 2362
4936.0 , Degree=0
K= 2363
4936.0 , Degree=0
K= 2364
211.751950331
K= 2365
383.882178932
K= 2366
4936.0 , Degree=0
K= 2367
54.633100536
K= 2368
29.272455157
K= 2369
2476.80823355
K= 2370
25.8107744238
K= 2371
4936.0 , Degree=0
K= 2372
59.9521790591
K= 2373
4936.0 , Degree=0
K= 2374
25.3333333332
K= 2375
4936.0 , Degree=0
K= 2376
4770.94141414
K= 2377
342.622835498
K= 2378
4936.0 , Degree=0
K= 2379
4936.0 , Degree=0
K= 2380
4936.0 , Degree=0
K= 2381
2277.93447706
K= 2382
5996.94680048
K= 2383
4936.0 , Degree=0
K= 2384
43.4975998025
K= 2385
354.547175537
K= 2386
30.8230993741
K= 2387
12970.7323908
K= 2388
26.6950214326
K= 2389
4936.0 , Degree=0
K= 2390
341.245609323
K= 2391
4936.0 , Degree=0
K= 2392
52.6351164634
K= 2393
4936.0 , Degree=0
K= 2394
363.636130936
K= 2395
4936.0 , Degree=0
K= 2396
4936.0 , Degree=0
K= 2397
4936.0 , Degree=0
K= 2398
4936.0 , Degree=0
K= 2399
25.2136136119
K= 2400
4936.0 , Degree=0
Betweenness Centrality Improvement
[ 0.  0.  0. ...,  0.  0.  0.]
Top 20 BC Improvement
[1648 1760 2387 1320 2070 1886 1805 2059 1440 1465 2045 1362 2092 1820 2256
 1622 2382 1758 2266 1979]
Top 20 BC Improvement
[ 13012.89263816  12973.33231772  12970.73239079  12960.00437569
  12958.81137874  12951.43895503  12871.02139183  12867.76424897  12457.
   9892.           9892.           9482.66666667   9474.16666667
   7506.26666667   6991.2          6642.6          5996.94680048
   5271.60703      5015.26666667   4997.85403727]
