txValue= 1000000
Input graph
IGRAPH D--- 4619 68733 -- 
+ attr: pub_key (v), base_fee (e), capacity (e), fee_rate (e), txCost (e)
None
Graph after edges deleted
IGRAPH D--- 4619 32193 -- 
+ attr: pub_key (v), base_fee (e), capacity (e), fee_rate (e), txCost (e)
None
Our nodes starting connections: 
(4618, 2796)
(4618, 1223)
(4618, 1163)
(4618, 222)
CurrentBC of our node:  362068.478608
K= 3600
4936.0 , Degree=0
K= 3601
16.6166666665
K= 3602
4936.0 , Degree=0
K= 3603
2327.5
K= 3604
4936.0 , Degree=0
K= 3605
4936.0 , Degree=0
K= 3606
4936.0 , Degree=0
K= 3607
1839.70963633
K= 3608
4936.0 , Degree=0
K= 3609
30.8888767512
K= 3610
4936.0 , Degree=0
K= 3611
301.19857949
K= 3612
4936.0 , Degree=0
K= 3613
4936.0 , Degree=0
K= 3614
1786.67077475
K= 3615
276.45959596
K= 3616
2492.96428571
K= 3617
4936.0 , Degree=0
K= 3618
25.297849737
K= 3619
4936.0 , Degree=0
K= 3620
26.7359906014
K= 3621
4936.0 , Degree=0
K= 3622
4936.0 , Degree=0
K= 3623
4936.0 , Degree=0
K= 3624
4936.0 , Degree=0
K= 3625
59.0570373978
K= 3626
4936.0 , Degree=0
K= 3627
4936.0 , Degree=0
K= 3628
334.957835796
K= 3629
4936.0 , Degree=0
K= 3630
1792.34855253
K= 3631
4936.0 , Degree=0
K= 3632
4936.0 , Degree=0
K= 3633
1789.8152192
K= 3634
4936.0 , Degree=0
K= 3635
4936.0 , Degree=0
K= 3636
22.0378815629
K= 3637
18.1891025641
K= 3638
32.0636086097
K= 3639
4936.0 , Degree=0
K= 3640
366.511111111
K= 3641
2489.16447995
K= 3642
1833.13915113
K= 3643
4936.0 , Degree=0
K= 3644
21.919321638
K= 3645
21.3124290133
K= 3646
4936.0 , Degree=0
K= 3647
13149.9392454
K= 3648
4936.0 , Degree=0
K= 3649
301.561904762
K= 3650
4936.0 , Degree=0
K= 3651
4936.0 , Degree=0
K= 3652
4936.0 , Degree=0
K= 3653
198.895880249
K= 3654
4936.0 , Degree=0
K= 3655
4936.0 , Degree=0
K= 3656
4936.0 , Degree=0
K= 3657
4781.77777778
K= 3658
2372.5
K= 3659
129.890272697
K= 3660
4936.0 , Degree=0
K= 3661
60.5720208178
K= 3662
4936.0 , Degree=0
K= 3663
4936.0 , Degree=0
K= 3664
4936.0 , Degree=0
K= 3665
17.0603796756
K= 3666
18.1891025641
K= 3667
4936.0 , Degree=0
K= 3668
4936.0 , Degree=0
K= 3669
2492.35555556
K= 3670
1812.81283825
K= 3671
2616.82619048
K= 3672
153.057988154
K= 3673
4936.0 , Degree=0
K= 3674
2589.33333333
K= 3675
4936.0 , Degree=0
K= 3676
4936.0 , Degree=0
K= 3677
20.8062796427
K= 3678
2308.4765059
K= 3679
4936.0 , Degree=0
K= 3680
25.8452798773
K= 3681
27.0588422005
K= 3682
4936.0 , Degree=0
K= 3683
2307.13688916
K= 3684
4973.0
K= 3685
4936.0 , Degree=0
K= 3686
19.0522680063
K= 3687
2567.0
K= 3688
4936.0 , Degree=0
K= 3689
29.1180878502
K= 3690
1241.19654142
K= 3691
298.960060184
K= 3692
426.342316017
K= 3693
2372.5
K= 3694
23.5952580491
K= 3695
2509.08984814
K= 3696
1870.06018298
K= 3697
4936.0 , Degree=0
K= 3698
4936.0 , Degree=0
K= 3699
23.2013697508
K= 3700
4936.0 , Degree=0
K= 3701
4936.0 , Degree=0
K= 3702
4936.0 , Degree=0
K= 3703
212.824626459
K= 3704
19.5724551569
K= 3705
4936.0 , Degree=0
K= 3706
4936.0 , Degree=0
K= 3707
4936.0 , Degree=0
K= 3708
4936.0 , Degree=0
K= 3709
28.5893637929
K= 3710
307.6998779
K= 3711
237.209235209
K= 3712
336.110714286
K= 3713
2493.02222222
K= 3714
4936.0 , Degree=0
K= 3715
2601.29246032
K= 3716
21.0973505022
K= 3717
4936.0 , Degree=0
K= 3718
22.4624853641
K= 3719
4936.0 , Degree=0
K= 3720
43.5688871585
K= 3721
17.8140876099
K= 3722
4936.0 , Degree=0
K= 3723
294.996264882
K= 3724
291.968522678
K= 3725
4936.0 , Degree=0
K= 3726
302.532047962
K= 3727
281.864203232
K= 3728
2303.03206145
K= 3729
330.655988456
K= 3730
18.4768891639
K= 3731
26.4353795063
K= 3732
4936.0 , Degree=0
K= 3733
4936.0 , Degree=0
K= 3734
4936.0 , Degree=0
K= 3735
126.033409431
K= 3736
4936.0 , Degree=0
K= 3737
325.233333333
K= 3738
4936.0 , Degree=0
K= 3739
4936.0 , Degree=0
K= 3740
4936.0 , Degree=0
K= 3741
4936.0 , Degree=0
K= 3742
1788.3152192
K= 3743
4936.0 , Degree=0
K= 3744
2348.0
K= 3745
1801.6152192
K= 3746
84.0226391153
K= 3747
1791.48188587
K= 3748
17.8931050915
K= 3749
132.338961039
K= 3750
2493.41666667
K= 3751
4936.0 , Degree=0
K= 3752
22.9798829907
K= 3753
4936.0 , Degree=0
K= 3754
2644.0
K= 3755
4936.0 , Degree=0
K= 3756
20.2639921061
K= 3757
4936.0 , Degree=0
K= 3758
4936.0 , Degree=0
K= 3759
4709.81818182
K= 3760
13112.6376133
K= 3761
4936.0 , Degree=0
K= 3762
21.0484800384
K= 3763
4936.0 , Degree=0
K= 3764
4936.0 , Degree=0
K= 3765
1785.58552732
K= 3766
4936.0 , Degree=0
K= 3767
4936.0 , Degree=0
K= 3768
1810.96232771
K= 3769
243.76096052
K= 3770
15.4999999999
K= 3771
26.890986387
K= 3772
19.5126699523
K= 3773
4936.0 , Degree=0
K= 3774
4936.0 , Degree=0
K= 3775
2305.58657015
K= 3776
111.125440873
K= 3777
2495.99275362
K= 3778
4936.0 , Degree=0
K= 3779
18.4227463614
K= 3780
135.774185419
K= 3781
4936.0 , Degree=0
K= 3782
2348.0
K= 3783
2308.39924519
K= 3784
4936.0 , Degree=0
K= 3785
4936.0 , Degree=0
K= 3786
4936.0 , Degree=0
K= 3787
33.365047197
K= 3788
20.8848443762
K= 3789
339.968253968
K= 3790
2372.5
K= 3791
4936.0 , Degree=0
K= 3792
17.606060606
K= 3793
148.627839993
K= 3794
301.160811379
K= 3795
4936.0 , Degree=0
K= 3796
38.3708186281
K= 3797
4936.0 , Degree=0
K= 3798
4936.0 , Degree=0
K= 3799
4936.0 , Degree=0
K= 3800
4936.0 , Degree=0
K= 3801
4936.0 , Degree=0
K= 3802
19.0445739998
K= 3803
4936.0 , Degree=0
K= 3804
230.496233959
K= 3805
45.516019393
K= 3806
2495.5
K= 3807
2490.58333333
K= 3808
312.589680641
K= 3809
310.302387407
K= 3810
4936.0 , Degree=0
K= 3811
4936.0 , Degree=0
K= 3812
304.743192918
K= 3813
1994.38745307
K= 3814
19.4283683749
K= 3815
1884.39089238
K= 3816
1812.34093136
K= 3817
362.911038961
K= 3818
4936.0 , Degree=0
K= 3819
4936.0 , Degree=0
K= 3820
4936.0 , Degree=0
K= 3821
4936.0 , Degree=0
K= 3822
19.7612729577
K= 3823
4936.0 , Degree=0
K= 3824
2331.66666667
K= 3825
4936.0 , Degree=0
K= 3826
43.975122784
K= 3827
4936.0 , Degree=0
K= 3828
370.894207535
K= 3829
9872.0
K= 3830
18.0235027168
K= 3831
4936.0 , Degree=0
K= 3832
4936.0 , Degree=0
K= 3833
4936.0 , Degree=0
K= 3834
218.546611722
K= 3835
4936.0 , Degree=0
K= 3836
19.063171846
K= 3837
4936.0 , Degree=0
K= 3838
4936.0 , Degree=0
K= 3839
9872.0
K= 3840
25.1258216159
K= 3841
4936.0 , Degree=0
K= 3842
4936.0 , Degree=0
K= 3843
4936.0 , Degree=0
K= 3844
1796.21928418
K= 3845
4936.0 , Degree=0
K= 3846
4936.0 , Degree=0
K= 3847
4936.0 , Degree=0
K= 3848
2633.675
K= 3849
23.3746705147
K= 3850
4936.0 , Degree=0
K= 3851
4936.0 , Degree=0
K= 3852
4936.0 , Degree=0
K= 3853
51.2446230573
K= 3854
38.2246219208
K= 3855
4936.0 , Degree=0
K= 3856
4936.0 , Degree=0
K= 3857
23.5354350115
K= 3858
298.960060184
K= 3859
1785.05093348
K= 3860
4936.0 , Degree=0
K= 3861
24.7702678708
K= 3862
4936.0 , Degree=0
K= 3863
484.334847411
K= 3864
297.703639838
K= 3865
2629.18333333
K= 3866
4936.0 , Degree=0
K= 3867
42.4664418444
K= 3868
301.947987822
K= 3869
4936.0 , Degree=0
K= 3870
4936.0 , Degree=0
K= 3871
18.1452912621
K= 3872
4936.0 , Degree=0
K= 3873
4936.0 , Degree=0
K= 3874
303.372011079
K= 3875
15.4999999999
K= 3876
4936.0 , Degree=0
K= 3877
4936.0 , Degree=0
K= 3878
4936.0 , Degree=0
K= 3879
48.6053969972
K= 3880
51.1414418444
K= 3881
26.3852354583
K= 3882
4776.0
K= 3883
4936.0 , Degree=0
K= 3884
24762.4
K= 3885
4936.0 , Degree=0
K= 3886
42.4664418444
K= 3887
78.8736950949
K= 3888
101.582503645
K= 3889
34.2521090021
K= 3890
4936.0 , Degree=0
K= 3891
4936.0 , Degree=0
K= 3892
4936.0 , Degree=0
K= 3893
23.5544552915
K= 3894
32.2145885466
K= 3895
193.397619048
K= 3896
4785.0
K= 3897
4936.0 , Degree=0
K= 3898
154.89253837
K= 3899
208.417399326
K= 3900
4936.0 , Degree=0
K= 3901
2493.83333333
K= 3902
4786.0
K= 3903
4936.0 , Degree=0
K= 3904
14.9452380952
K= 3905
4936.0 , Degree=0
K= 3906
4936.0 , Degree=0
K= 3907
4989.0
K= 3908
4936.0 , Degree=0
K= 3909
2628.39166667
K= 3910
4936.0 , Degree=0
K= 3911
320.082735783
K= 3912
18.3781901741
K= 3913
4936.0 , Degree=0
K= 3914
4936.0 , Degree=0
K= 3915
4936.0 , Degree=0
K= 3916
4936.0 , Degree=0
K= 3917
4784.33333333
K= 3918
4936.0 , Degree=0
K= 3919
4936.0 , Degree=0
K= 3920
364.658369408
K= 3921
103.695445173
K= 3922
207.546150866
K= 3923
144.401785415
K= 3924
4936.0 , Degree=0
K= 3925
17.4353971845
K= 3926
2518.08737374
K= 3927
4936.0 , Degree=0
K= 3928
25.4011457365
K= 3929
270.545238095
K= 3930
21.1277031609
K= 3931
4936.0 , Degree=0
K= 3932
18.4227463614
K= 3933
38.3306051698
K= 3934
4936.0 , Degree=0
K= 3935
4936.0 , Degree=0
K= 3936
4936.0 , Degree=0
K= 3937
2489.65760234
K= 3938
60.5703331323
K= 3939
4936.0 , Degree=0
K= 3940
4936.0 , Degree=0
K= 3941
4936.0 , Degree=0
K= 3942
4936.0 , Degree=0
K= 3943
249.98929401
K= 3944
19.8559818706
K= 3945
4936.0 , Degree=0
K= 3946
4936.0 , Degree=0
K= 3947
4936.0 , Degree=0
K= 3948
303.185658786
K= 3949
4936.0 , Degree=0
K= 3950
4936.0 , Degree=0
K= 3951
18.1504234523
K= 3952
4936.0 , Degree=0
K= 3953
4936.0 , Degree=0
K= 3954
4936.0 , Degree=0
K= 3955
2496.0
K= 3956
4936.0 , Degree=0
K= 3957
50.9423590254
K= 3958
4936.0 , Degree=0
K= 3959
2372.5
K= 3960
4936.0 , Degree=0
K= 3961
4936.0 , Degree=0
K= 3962
492.586619196
K= 3963
1054.02974945
K= 3964
4936.0 , Degree=0
K= 3965
4936.0 , Degree=0
K= 3966
4936.0 , Degree=0
K= 3967
263.074778186
K= 3968
94.7065530061
K= 3969
318.773972766
K= 3970
30.0934838338
K= 3971
4936.0 , Degree=0
K= 3972
4936.0 , Degree=0
K= 3973
21.1394766841
K= 3974
21.9135566637
K= 3975
4936.0 , Degree=0
K= 3976
4936.0 , Degree=0
K= 3977
4936.0 , Degree=0
K= 3978
30.2666129553
K= 3979
4936.0 , Degree=0
K= 3980
4936.0 , Degree=0
K= 3981
4936.0 , Degree=0
K= 3982
4936.0 , Degree=0
K= 3983
18.0844780758
K= 3984
4936.0 , Degree=0
K= 3985
17.8140876099
K= 3986
4936.0 , Degree=0
K= 3987
4936.0 , Degree=0
K= 3988
18.9520107538
K= 3989
4936.0 , Degree=0
K= 3990
4936.0 , Degree=0
K= 3991
2494.16666667
K= 3992
4936.0 , Degree=0
K= 3993
18.6058411412
K= 3994
4936.0 , Degree=0
K= 3995
4936.0 , Degree=0
K= 3996
4936.0 , Degree=0
K= 3997
131.739817125
K= 3998
4936.0 , Degree=0
K= 3999
214.976190476
K= 4000
4936.0 , Degree=0
K= 4001
4936.0 , Degree=0
K= 4002
4936.0 , Degree=0
K= 4003
4936.0 , Degree=0
K= 4004
27.0361230487
K= 4005
4936.0 , Degree=0
K= 4006
4936.0 , Degree=0
K= 4007
4936.0 , Degree=0
K= 4008
49.1935172612
K= 4009
4936.0 , Degree=0
K= 4010
1793.4067688
K= 4011
4936.0 , Degree=0
K= 4012
4782.0
K= 4013
2327.16666667
K= 4014
2348.0
K= 4015
4936.0 , Degree=0
K= 4016
4936.0 , Degree=0
K= 4017
4936.0 , Degree=0
K= 4018
2651.85714286
K= 4019
4936.0 , Degree=0
K= 4020
210.640789633
K= 4021
1803.98188587
K= 4022
4936.0 , Degree=0
K= 4023
2502.30923476
K= 4024
2372.5
K= 4025
143.157458277
K= 4026
4936.0 , Degree=0
K= 4027
4936.0 , Degree=0
K= 4028
18.7278063368
K= 4029
4936.0 , Degree=0
K= 4030
22.8080776985
K= 4031
2445.85139613
K= 4032
310.916964448
K= 4033
17.355800921
K= 4034
4936.0 , Degree=0
K= 4035
13087.5309655
K= 4036
2327.5
K= 4037
4936.0 , Degree=0
K= 4038
4936.0 , Degree=0
K= 4039
4936.0 , Degree=0
K= 4040
4936.0 , Degree=0
K= 4041
2372.5
K= 4042
4936.0 , Degree=0
K= 4043
4936.0 , Degree=0
K= 4044
2665.93452381
K= 4045
4936.0 , Degree=0
K= 4046
68.2689854339
K= 4047
1798.65229965
K= 4048
2374.70939383
K= 4049
18.9520107538
K= 4050
4936.0 , Degree=0
K= 4051
4980.07631579
K= 4052
4936.0 , Degree=0
K= 4053
4936.0 , Degree=0
K= 4054
30.3029914566
K= 4055
4936.0 , Degree=0
K= 4056
313.274806115
K= 4057
4936.0 , Degree=0
K= 4058
4936.0 , Degree=0
K= 4059
2925.77133
K= 4060
4936.0 , Degree=0
K= 4061
38.3008107489
K= 4062
4936.0 , Degree=0
K= 4063
4936.0 , Degree=0
K= 4064
4936.0 , Degree=0
K= 4065
343.097990898
K= 4066
4936.0 , Degree=0
K= 4067
18.9999325409
K= 4068
4936.0 , Degree=0
K= 4069
1815.36873088
K= 4070
4936.0 , Degree=0
K= 4071
4936.0 , Degree=0
K= 4072
4936.0 , Degree=0
K= 4073
4936.0 , Degree=0
K= 4074
4936.0 , Degree=0
K= 4075
446.350386023
K= 4076
29.270597794
K= 4077
67.0204379424
K= 4078
4936.0 , Degree=0
K= 4079
4936.0 , Degree=0
K= 4080
4936.0 , Degree=0
K= 4081
19.2304866195
K= 4082
16.8941077571
K= 4083
216.239748554
K= 4084
4936.0 , Degree=0
K= 4085
33.2821135804
K= 4086
2613.45581592
K= 4087
4936.0 , Degree=0
K= 4088
4936.0 , Degree=0
K= 4089
4936.0 , Degree=0
K= 4090
4936.0 , Degree=0
K= 4091
2383.54133718
K= 4092
4936.0 , Degree=0
K= 4093
4936.0 , Degree=0
K= 4094
343.097990898
K= 4095
4936.0 , Degree=0
K= 4096
4936.0 , Degree=0
K= 4097
65.9197804692
K= 4098
4936.0 , Degree=0
K= 4099
15.8333333333
K= 4100
18.077544185
K= 4101
4936.0 , Degree=0
K= 4102
20.1993536004
K= 4103
2491.98502674
K= 4104
237.446897547
K= 4105
4936.0 , Degree=0
K= 4106
4936.0 , Degree=0
K= 4107
31.7819423295
K= 4108
4775.0
K= 4109
4936.0 , Degree=0
K= 4110
319.810756787
K= 4111
4936.0 , Degree=0
K= 4112
287.437640872
K= 4113
27.3687102274
K= 4114
4936.0 , Degree=0
K= 4115
4936.0 , Degree=0
K= 4116
2488.93499804
K= 4117
23.5088905295
K= 4118
4936.0 , Degree=0
K= 4119
2492.23015873
K= 4120
9872.0
K= 4121
4778.86666667
K= 4122
150.812694169
K= 4123
20.399245186
K= 4124
4936.0 , Degree=0
K= 4125
2327.5
K= 4126
20.700935118
K= 4127
4936.0 , Degree=0
K= 4128
4936.0 , Degree=0
K= 4129
2303.0
K= 4130
4936.0 , Degree=0
K= 4131
4936.0 , Degree=0
K= 4132
371.276040626
K= 4133
4936.0 , Degree=0
K= 4134
4936.0 , Degree=0
K= 4135
4936.0 , Degree=0
K= 4136
4936.0 , Degree=0
K= 4137
4936.0 , Degree=0
K= 4138
4936.0 , Degree=0
K= 4139
25.2344662674
K= 4140
38.9166517125
K= 4141
4936.0 , Degree=0
K= 4142
4936.0 , Degree=0
K= 4143
2327.5
K= 4144
4936.0 , Degree=0
K= 4145
4936.0 , Degree=0
K= 4146
4784.5
K= 4147
4936.0 , Degree=0
K= 4148
4936.0 , Degree=0
K= 4149
2372.5
K= 4150
4936.0 , Degree=0
K= 4151
4936.0 , Degree=0
K= 4152
19.0659118526
K= 4153
17.355800921
K= 4154
1789.8152192
K= 4155
134.187892877
K= 4156
4983.37777778
K= 4157
1798.67090738
K= 4158
4936.0 , Degree=0
K= 4159
2493.63809524
K= 4160
4762.0
K= 4161
76.7403903092
K= 4162
4936.0 , Degree=0
K= 4163
4936.0 , Degree=0
K= 4164
4936.0 , Degree=0
K= 4165
4936.0 , Degree=0
K= 4166
4936.0 , Degree=0
K= 4167
4936.0 , Degree=0
K= 4168
2601.29246032
K= 4169
132.282359489
K= 4170
59.7116235339
K= 4171
125.520597811
K= 4172
4936.0 , Degree=0
K= 4173
4936.0 , Degree=0
K= 4174
4936.0 , Degree=0
K= 4175
303.773013974
K= 4176
42.9740100901
K= 4177
4936.0 , Degree=0
K= 4178
4936.0 , Degree=0
K= 4179
4936.0 , Degree=0
K= 4180
295.972255709
K= 4181
295.972255709
K= 4182
4936.0 , Degree=0
K= 4183
4936.0 , Degree=0
K= 4184
1054.02974945
K= 4185
24.4418397091
K= 4186
4936.0 , Degree=0
K= 4187
303.254040563
K= 4188
4936.0 , Degree=0
K= 4189
41.0325304567
K= 4190
19.601299158
K= 4191
4936.0 , Degree=0
K= 4192
291.177777778
K= 4193
2490.29761905
K= 4194
35.774389152
K= 4195
4936.0 , Degree=0
K= 4196
19.8571428571
K= 4197
4936.0 , Degree=0
K= 4198
42.2720693344
K= 4199
328.199420024
K= 4200
299.754009879
K= 4201
19.1963332199
K= 4202
38.6613183564
K= 4203
4936.0 , Degree=0
K= 4204
64.8873212629
K= 4205
4936.0 , Degree=0
K= 4206
4762.0
K= 4207
24.3808920577
K= 4208
4936.0 , Degree=0
K= 4209
14893.3
K= 4210
4936.0 , Degree=0
K= 4211
4936.0 , Degree=0
K= 4212
4785.5
K= 4213
2348.0
K= 4214
34.3476658046
K= 4215
4936.0 , Degree=0
K= 4216
4936.0 , Degree=0
K= 4217
4936.0 , Degree=0
K= 4218
109.248167606
K= 4219
4936.0 , Degree=0
K= 4220
4936.0 , Degree=0
K= 4221
4936.0 , Degree=0
K= 4222
31.9216877494
K= 4223
4936.0 , Degree=0
K= 4224
2493.19761905
K= 4225
4936.0 , Degree=0
K= 4226
139.180396867
K= 4227
4936.0 , Degree=0
K= 4228
4936.0 , Degree=0
K= 4229
20.2324568572
K= 4230
326.045646021
K= 4231
1801.35966364
K= 4232
2505.88734545
K= 4233
4936.0 , Degree=0
K= 4234
46.0219967355
K= 4235
350.509379509
K= 4236
44.7394283489
K= 4237
2532.22670696
K= 4238
113.95958486
K= 4239
35.9484738128
K= 4240
32.5090455792
K= 4241
13130.0347159
K= 4242
184.732235437
K= 4243
1783.34337973
K= 4244
2493.24025974
K= 4245
294.195629266
K= 4246
37.5962008424
K= 4247
4936.0 , Degree=0
K= 4248
80.5954924074
K= 4249
4936.0 , Degree=0
K= 4250
4936.0 , Degree=0
K= 4251
4936.0 , Degree=0
K= 4252
4936.0 , Degree=0
K= 4253
4936.0 , Degree=0
K= 4254
4936.0 , Degree=0
K= 4255
4936.0 , Degree=0
K= 4256
4936.0 , Degree=0
K= 4257
2434.89337363
K= 4258
4936.0 , Degree=0
K= 4259
1787.02950491
K= 4260
4936.0 , Degree=0
K= 4261
2496.0
K= 4262
4936.0 , Degree=0
K= 4263
2508.66666667
K= 4264
4936.0 , Degree=0
K= 4265
4936.0 , Degree=0
K= 4266
33.8226065215
K= 4267
4936.0 , Degree=0
K= 4268
4936.0 , Degree=0
K= 4269
4936.0 , Degree=0
K= 4270
317.898412698
K= 4271
4936.0 , Degree=0
K= 4272
4936.0 , Degree=0
K= 4273
4936.0 , Degree=0
K= 4274
2372.5
K= 4275
21.9463483041
K= 4276
16.8941077571
K= 4277
2587.66666667
K= 4278
15.9956269621
K= 4279
4936.0 , Degree=0
K= 4280
2327.5
K= 4281
17.0376593231
K= 4282
9872.0
K= 4283
22.634921242
K= 4284
4936.0 , Degree=0
K= 4285
17.1209926564
K= 4286
1901.98624513
K= 4287
4936.0 , Degree=0
K= 4288
4936.0 , Degree=0
K= 4289
13051.9323315
K= 4290
306.045177045
K= 4291
30.3695568865
K= 4292
27.1058411412
K= 4293
13084.5945552
K= 4294
104.467123371
K= 4295
4936.0 , Degree=0
K= 4296
4936.0 , Degree=0
K= 4297
4936.0 , Degree=0
K= 4298
4936.0 , Degree=0
K= 4299
2630.83333333
K= 4300
320.954187153
K= 4301
2306.76234194
K= 4302
2494.16666667
K= 4303
4936.0 , Degree=0
K= 4304
2516.61962883
K= 4305
135.836644394
K= 4306
46.6315780846
K= 4307
30.1112629587
K= 4308
4936.0 , Degree=0
K= 4309
181.916666667
K= 4310
4936.0 , Degree=0
K= 4311
15.1031553762
K= 4312
4936.0 , Degree=0
K= 4313
18.1431725632
K= 4314
30.0653119142
K= 4315
4936.0 , Degree=0
K= 4316
4936.0 , Degree=0
K= 4317
4936.0 , Degree=0
K= 4318
42.4664418444
K= 4319
31.5054212812
K= 4320
4936.0 , Degree=0
K= 4321
4783.66666667
K= 4322
1784.58506047
K= 4323
25.9142555421
K= 4324
37.1695478596
K= 4325
1786.70410809
K= 4326
2329.70939383
K= 4327
300.546611722
K= 4328
39.8691845227
K= 4329
22.3205823639
K= 4330
48.0503489662
K= 4331
4936.0 , Degree=0
K= 4332
4936.0 , Degree=0
K= 4333
44.0045982386
K= 4334
4936.0 , Degree=0
K= 4335
4936.0 , Degree=0
K= 4336
1801.28252891
K= 4337
29.6341943243
K= 4338
4936.0 , Degree=0
K= 4339
4936.0 , Degree=0
K= 4340
4936.0 , Degree=0
K= 4341
2636.95634921
K= 4342
4936.0 , Degree=0
K= 4343
4936.0 , Degree=0
K= 4344
4936.0 , Degree=0
K= 4345
18.0798681133
K= 4346
36.5693019722
K= 4347
2518.08737374
K= 4348
4936.0 , Degree=0
K= 4349
4936.0 , Degree=0
K= 4350
177.831851236
K= 4351
24.1150245938
K= 4352
76.2925989979
K= 4353
4936.0 , Degree=0
K= 4354
4936.0 , Degree=0
K= 4355
4936.0 , Degree=0
K= 4356
4936.0 , Degree=0
K= 4357
245.864203232
K= 4358
44.7017168591
K= 4359
55.1496658897
K= 4360
2524.08333333
K= 4361
22.1735958486
K= 4362
4936.0 , Degree=0
K= 4363
4123.82139183
K= 4364
4936.0 , Degree=0
K= 4365
4936.0 , Degree=0
K= 4366
46.5301447681
K= 4367
1849.75966364
K= 4368
340.840179399
K= 4369
24.0833333333
K= 4370
4936.0 , Degree=0
K= 4371
313.927218615
K= 4372
113.620992656
K= 4373
2306.70462795
K= 4374
222.314789361
K= 4375
4936.0 , Degree=0
K= 4376
90.0543542317
K= 4377
4936.0 , Degree=0
K= 4378
345.054761905
K= 4379
4936.0 , Degree=0
K= 4380
4936.0 , Degree=0
K= 4381
4936.0 , Degree=0
K= 4382
2644.44
K= 4383
18.2093708321
K= 4384
14892.8
K= 4385
4936.0 , Degree=0
K= 4386
2493.11428571
K= 4387
308.405496355
K= 4388
322.022222222
K= 4389
4936.0 , Degree=0
K= 4390
83.6720167951
K= 4391
18.9520107538
K= 4392
13086.0722913
K= 4393
15.6742329762
K= 4394
4936.0 , Degree=0
K= 4395
4936.0 , Degree=0
K= 4396
4936.0 , Degree=0
K= 4397
4936.0 , Degree=0
K= 4398
4936.0 , Degree=0
K= 4399
4936.0 , Degree=0
K= 4400
34.4147270599
K= 4401
4936.0 , Degree=0
K= 4402
4936.0 , Degree=0
K= 4403
77.5117166999
K= 4404
4936.0 , Degree=0
K= 4405
4936.0 , Degree=0
K= 4406
18.077544185
K= 4407
4936.0 , Degree=0
K= 4408
2368.72857143
K= 4409
4936.0 , Degree=0
K= 4410
4936.0 , Degree=0
K= 4411
4936.0 , Degree=0
K= 4412
4936.0 , Degree=0
K= 4413
21.0308450873
K= 4414
4936.0 , Degree=0
K= 4415
4936.0 , Degree=0
K= 4416
2504.88734545
K= 4417
2493.08095238
K= 4418
4936.0 , Degree=0
K= 4419
122.406301463
K= 4420
142.018066701
K= 4421
42.5219345883
K= 4422
4936.0 , Degree=0
K= 4423
2490.07985348
K= 4424
19.4797161711
K= 4425
4936.0 , Degree=0
K= 4426
4936.0 , Degree=0
K= 4427
4936.0 , Degree=0
K= 4428
4936.0 , Degree=0
K= 4429
4936.0 , Degree=0
K= 4430
2348.0
K= 4431
22.4522220684
K= 4432
4936.0 , Degree=0
K= 4433
4936.0 , Degree=0
K= 4434
1793.38587098
K= 4435
4936.0 , Degree=0
K= 4436
2494.16666667
K= 4437
113.019108669
K= 4438
2616.82619048
K= 4439
4936.0 , Degree=0
K= 4440
19.8266812686
K= 4441
4936.0 , Degree=0
K= 4442
456.681000496
K= 4443
19.3559066472
K= 4444
19.094606291
K= 4445
4936.0 , Degree=0
K= 4446
2372.5
K= 4447
4936.0 , Degree=0
K= 4448
222.126726851
K= 4449
4936.0 , Degree=0
K= 4450
4936.0 , Degree=0
K= 4451
21.7744747495
K= 4452
719.041636142
K= 4453
4936.0 , Degree=0
K= 4454
4936.0 , Degree=0
K= 4455
67.7301468589
K= 4456
4936.0 , Degree=0
K= 4457
1800.37888676
K= 4458
4936.0 , Degree=0
K= 4459
19.7171171796
K= 4460
4936.0 , Degree=0
K= 4461
1849.45155001
K= 4462
166.649245186
K= 4463
4781.66666667
K= 4464
4936.0 , Degree=0
K= 4465
1790.89855253
K= 4466
15.9999999999
K= 4467
4936.0 , Degree=0
K= 4468
4936.0 , Degree=0
K= 4469
4936.0 , Degree=0
K= 4470
4936.0 , Degree=0
K= 4471
1798.47712396
K= 4472
4936.0 , Degree=0
K= 4473
22.1805923706
K= 4474
19.8119579287
K= 4475
4936.0 , Degree=0
K= 4476
60.6797227722
K= 4477
4936.0 , Degree=0
K= 4478
4936.0 , Degree=0
K= 4479
37.0336144236
K= 4480
4936.0 , Degree=0
K= 4481
4936.0 , Degree=0
K= 4482
1803.21204466
K= 4483
4936.0 , Degree=0
K= 4484
4936.0 , Degree=0
K= 4485
2305.0
K= 4486
246.566955267
K= 4487
42.4664418444
K= 4488
1790.80006768
K= 4489
4936.0 , Degree=0
K= 4490
1802.4980149
K= 4491
340.314810442
K= 4492
2634.68495671
K= 4493
4980.8040404
K= 4494
18.6058411412
K= 4495
4936.0 , Degree=0
K= 4496
172.047610725
K= 4497
1821.50597924
K= 4498
3247.97755164
K= 4499
4936.0 , Degree=0
K= 4500
4936.0 , Degree=0
K= 4501
2295.66666667
K= 4502
182.565313989
K= 4503
2492.27777778
K= 4504
29.9873030423
K= 4505
2493.83333333
K= 4506
4936.0 , Degree=0
K= 4507
41.3730041619
K= 4508
4936.0 , Degree=0
K= 4509
4936.0 , Degree=0
K= 4510
4936.0 , Degree=0
K= 4511
4936.0 , Degree=0
K= 4512
4936.0 , Degree=0
K= 4513
4936.0 , Degree=0
K= 4514
20.3823642419
K= 4515
4936.0 , Degree=0
K= 4516
4936.0 , Degree=0
K= 4517
17.8140876099
K= 4518
13038.6190109
K= 4519
197.921349437
K= 4520
4936.0 , Degree=0
K= 4521
47.2535413961
K= 4522
4936.0 , Degree=0
K= 4523
4936.0 , Degree=0
K= 4524
4936.0 , Degree=0
K= 4525
1789.89214228
K= 4526
31.5125057446
K= 4527
281.864203232
K= 4528
37.0971000152
K= 4529
21.7938260565
K= 4530
612.138536463
K= 4531
4936.0 , Degree=0
K= 4532
4936.0 , Degree=0
K= 4533
16.8686774205
K= 4534
18.5157219368
K= 4535
4936.0 , Degree=0
K= 4536
4936.0 , Degree=0
K= 4537
4936.0 , Degree=0
K= 4538
23.261514244
K= 4539
4936.0 , Degree=0
K= 4540
319.830830479
K= 4541
4936.0 , Degree=0
K= 4542
44.6019956697
K= 4543
4984.52813853
K= 4544
2453.5
K= 4545
4936.0 , Degree=0
K= 4546
4936.0 , Degree=0
K= 4547
4936.0 , Degree=0
K= 4548
4936.0 , Degree=0
K= 4549
90.2361818334
K= 4550
22.1939129381
K= 4551
4936.0 , Degree=0
K= 4552
2515.63734545
K= 4553
2590.5521978
K= 4554
214.944444444
K= 4555
4936.0 , Degree=0
K= 4556
4936.0 , Degree=0
K= 4557
4936.0 , Degree=0
K= 4558
251.232930099
K= 4559
4936.0 , Degree=0
K= 4560
4936.0 , Degree=0
K= 4561
4936.0 , Degree=0
K= 4562
4936.0 , Degree=0
K= 4563
2581.90009574
K= 4564
4936.0 , Degree=0
K= 4565
55.6033028945
K= 4566
4936.0 , Degree=0
K= 4567
38.8574979667
K= 4568
4936.0 , Degree=0
K= 4569
2327.5
K= 4570
4936.0 , Degree=0
K= 4571
55.3533904472
K= 4572
4936.0 , Degree=0
K= 4573
4762.0
K= 4574
4936.0 , Degree=0
K= 4575
13129.6663943
K= 4576
3247.97755164
K= 4577
4936.0 , Degree=0
K= 4578
4936.0 , Degree=0
K= 4579
1785.8152192
K= 4580
4936.0 , Degree=0
K= 4581
18.0584770375
K= 4582
4936.0 , Degree=0
K= 4583
4936.0 , Degree=0
K= 4584
41.2857125191
K= 4585
2488.22164502
K= 4586
28.066730921
K= 4587
1787.54855253
K= 4588
620.782908718
K= 4589
4936.0 , Degree=0
K= 4590
89.6098495002
K= 4591
13083.656159
K= 4592
19.7698373717
K= 4593
2493.5
K= 4594
52.6002802554
K= 4595
4936.0 , Degree=0
K= 4596
133.672581123
K= 4597
4936.0 , Degree=0
K= 4598
2307.62467051
K= 4599
2495.56666667
K= 4600
4936.0 , Degree=0
K= 4601
16.6678103925
K= 4602
4936.0 , Degree=0
K= 4603
22.4397002303
K= 4604
2348.0
K= 4605
4936.0 , Degree=0
K= 4606
4936.0 , Degree=0
K= 4607
4936.0 , Degree=0
K= 4608
15.4766276565
K= 4609
4936.0 , Degree=0
K= 4610
4936.0 , Degree=0
K= 4611
4936.0 , Degree=0
K= 4612
4936.0 , Degree=0
K= 4613
2372.5
K= 4614
15.9999999999
K= 4615
355.465079365
K= 4616
16.4554963615
K= 4617
4936.0 , Degree=0
Betweenness Centrality Improvement
[    0.             0.             0.         ...,    16.45549636  4936.
     0.        ]
Top 20 BC Improvement
[3884 4209 4384 3647 4241 4575 3760 4035 4392 4293 4591 4289 4518 4120 4282
 3839 3829 3907 4543 4156]
Top 20 BC Improvement
[ 24762.4         14893.3         14892.8         13149.93924538
  13130.03471587  13129.66639433  13112.63761331  13087.53096553
  13086.07229127  13084.59455523  13083.65615904  13051.9323315
  13038.61901088   9872.           9872.           9872.           9872.
   4989.           4984.52813853   4983.37777778]
