txValue= 1000000
Input graph
IGRAPH D--- 4619 68733 -- 
+ attr: pub_key (v), base_fee (e), capacity (e), fee_rate (e), txCost (e)
None
Graph after edges deleted
IGRAPH D--- 4619 32193 -- 
+ attr: pub_key (v), base_fee (e), capacity (e), fee_rate (e), txCost (e)
None
Our nodes starting connections: 
(4618, 2796)
(4618, 1223)
CurrentBC of our node:  175626.401447
K= 2400
4936.0 , Degree=0
K= 2401
2551.0
K= 2402
4936.0 , Degree=0
K= 2403
4832.0
K= 2404
4936.0 , Degree=0
K= 2405
4859.0
K= 2406
6.33333333334
K= 2407
16.2215943481
K= 2408
175.105852601
K= 2409
250.522533023
K= 2410
26.9445856132
K= 2411
9.61867742054
K= 2412
2485.46666667
K= 2413
4936.0 , Degree=0
K= 2414
21.8305237477
K= 2415
4860.0
K= 2416
7.43016938353
K= 2417
2455.33333333
K= 2418
4936.0 , Degree=0
K= 2419
2484.96666667
K= 2420
4784.0
K= 2421
4936.0 , Degree=0
K= 2422
2454.0
K= 2423
4936.0 , Degree=0
K= 2424
2454.0
K= 2425
13.126648829
K= 2426
212.992901583
K= 2427
4936.0 , Degree=0
K= 2428
4936.0 , Degree=0
K= 2429
4936.0 , Degree=0
K= 2430
4936.0 , Degree=0
K= 2431
20.9303759204
K= 2432
29.2897301552
K= 2433
1796.28188587
K= 2434
1883.14638278
K= 2435
2486.25
K= 2436
192.580288176
K= 2437
4936.0 , Degree=0
K= 2438
75.6243894715
K= 2439
2484.8011583
K= 2440
4936.0 , Degree=0
K= 2441
4855.46666667
K= 2442
4936.0 , Degree=0
K= 2443
4936.0 , Degree=0
K= 2444
1795.88188587
K= 2445
2483.2
K= 2446
16.7598537861
K= 2447
4936.0 , Degree=0
K= 2448
2454.0
K= 2449
15.717089597
K= 2450
2190.10673515
K= 2451
4936.0 , Degree=0
K= 2452
20.7610646329
K= 2453
71.652173913
K= 2454
4753.0
K= 2455
4936.0 , Degree=0
K= 2456
4936.0 , Degree=0
K= 2457
55.7627094896
K= 2458
13.1296050649
K= 2459
4936.0 , Degree=0
K= 2460
4936.0 , Degree=0
K= 2461
142.174325674
K= 2462
9872.0
K= 2463
6.33333333334
K= 2464
4936.0 , Degree=0
K= 2465
172.563119778
K= 2466
2454.0
K= 2467
4936.0 , Degree=0
K= 2468
13.8512466445
K= 2469
4936.0 , Degree=0
K= 2470
4936.0 , Degree=0
K= 2471
181.979161978
K= 2472
8.02246758773
K= 2473
4936.0 , Degree=0
K= 2474
16.6987281187
K= 2475
14.8562034626
K= 2476
4936.0 , Degree=0
K= 2477
4936.0 , Degree=0
K= 2478
4936.0 , Degree=0
K= 2479
2484.41052632
K= 2480
2486.24637681
K= 2481
4936.0 , Degree=0
K= 2482
4936.0 , Degree=0
K= 2483
4936.0 , Degree=0
K= 2484
2555.47473262
K= 2485
30.9350643504
K= 2486
4936.0 , Degree=0
K= 2487
60.2552134265
K= 2488
8.8178266178
K= 2489
37.6451787978
K= 2490
4936.0 , Degree=0
K= 2491
4936.0 , Degree=0
K= 2492
92.0344419898
K= 2493
8.24421085176
K= 2494
4769.0
K= 2495
4936.0 , Degree=0
K= 2496
1880.23849066
K= 2497
4936.0 , Degree=0
K= 2498
4936.0 , Degree=0
K= 2499
7.80975280117
K= 2500
4936.0 , Degree=0
K= 2501
4936.0 , Degree=0
K= 2502
4936.0 , Degree=0
K= 2503
7.38657015184
K= 2504
4936.0 , Degree=0
K= 2505
2497.68765297
K= 2506
8.03681335304
K= 2507
4936.0 , Degree=0
K= 2508
2558.63734545
K= 2509
4936.0 , Degree=0
K= 2510
2486.24637681
K= 2511
4936.0 , Degree=0
K= 2512
4936.0 , Degree=0
K= 2513
2538.44271284
K= 2514
4936.0 , Degree=0
K= 2515
4796.5
K= 2516
4936.0 , Degree=0
K= 2517
4799.0
K= 2518
23.3950920986
K= 2519
4936.0 , Degree=0
K= 2520
166.160239065
K= 2521
2484.84444444
K= 2522
2483.26906797
K= 2523
2556.0
K= 2524
2484.41052632
K= 2525
6.33333333334
K= 2526
4936.0 , Degree=0
K= 2527
1802.00203239
K= 2528
38.2651420616
K= 2529
4936.0 , Degree=0
K= 2530
4936.0 , Degree=0
K= 2531
4936.0 , Degree=0
K= 2532
1798.15579891
K= 2533
4936.0 , Degree=0
K= 2534
16.3242631186
K= 2535
4936.0 , Degree=0
K= 2536
4936.0 , Degree=0
K= 2537
4936.0 , Degree=0
K= 2538
4936.0 , Degree=0
K= 2539
4936.0 , Degree=0
K= 2540
4936.0 , Degree=0
K= 2541
174.244822245
K= 2542
200.092204422
K= 2543
170.766386034
K= 2544
4936.0 , Degree=0
K= 2545
4936.0 , Degree=0
K= 2546
4936.0 , Degree=0
K= 2547
4936.0 , Degree=0
K= 2548
113.692821476
K= 2549
218.983333333
K= 2550
4936.0 , Degree=0
K= 2551
2454.0
K= 2552
4936.0 , Degree=0
K= 2553
53.9881188822
K= 2554
1813.2172322
K= 2555
4936.0 , Degree=0
K= 2556
1802.64855253
K= 2557
4855.25714286
K= 2558
2712.73394544
K= 2559
1800.14855253
K= 2560
2578.07575758
K= 2561
1795.65966364
K= 2562
23.0216883263
K= 2563
1797.99855253
K= 2564
4936.0 , Degree=0
K= 2565
9872.0
K= 2566
6.33333333331
K= 2567
4859.0
K= 2568
4936.0 , Degree=0
K= 2569
4936.0 , Degree=0
K= 2570
4855.37142857
K= 2571
4936.0 , Degree=0
K= 2572
4936.0 , Degree=0
K= 2573
4861.5
K= 2574
9.00476618463
K= 2575
29.3008777264
K= 2576
167.355852601
K= 2577
4936.0 , Degree=0
K= 2578
4936.0 , Degree=0
K= 2579
4936.0 , Degree=0
K= 2580
4936.0 , Degree=0
K= 2581
24.4075939418
K= 2582
8.54270416551
K= 2583
4936.0 , Degree=0
K= 2584
11.2862689325
K= 2585
4936.0 , Degree=0
K= 2586
4936.0 , Degree=0
K= 2587
4936.0 , Degree=0
K= 2588
59.502030719
K= 2589
4858.41721612
K= 2590
190.436441409
K= 2591
4936.0 , Degree=0
K= 2592
4936.0 , Degree=0
K= 2593
9.87064360298
K= 2594
20.642640163
K= 2595
4936.0 , Degree=0
K= 2596
4936.0 , Degree=0
K= 2597
1798.88664777
K= 2598
4936.0 , Degree=0
K= 2599
4936.0 , Degree=0
K= 2600
4936.0 , Degree=0
K= 2601
4936.0 , Degree=0
K= 2602
1880.86381827
K= 2603
4936.0 , Degree=0
K= 2604
1812.39855253
K= 2605
1799.28188587
K= 2606
588.885471652
K= 2607
4936.0 , Degree=0
K= 2608
6.33333333334
K= 2609
1329.33491932
K= 2610
178.351974818
K= 2611
4936.0 , Degree=0
K= 2612
4936.0 , Degree=0
K= 2613
4936.0 , Degree=0
K= 2614
83.8899345087
K= 2615
175.256863637
K= 2616
27.6310538196
K= 2617
4936.0 , Degree=0
K= 2618
2486.16666667
K= 2619
4936.0 , Degree=0
K= 2620
4936.0 , Degree=0
K= 2621
4936.0 , Degree=0
K= 2622
12.6741849953
K= 2623
4936.0 , Degree=0
K= 2624
10.9820398781
K= 2625
4936.0 , Degree=0
K= 2626
2556.0
K= 2627
4936.0 , Degree=0
K= 2628
7436.4535014
K= 2629
63.7306261755
K= 2630
4936.0 , Degree=0
K= 2631
4936.0 , Degree=0
K= 2632
1807.36488326
K= 2633
4936.0 , Degree=0
K= 2634
4936.0 , Degree=0
K= 2635
4936.0 , Degree=0
K= 2636
4936.0 , Degree=0
K= 2637
4936.0 , Degree=0
K= 2638
2382.68980409
K= 2639
4936.0 , Degree=0
K= 2640
4936.0 , Degree=0
K= 2641
4936.0 , Degree=0
K= 2642
4936.0 , Degree=0
K= 2643
22.0141942917
K= 2644
4936.0 , Degree=0
K= 2645
1839.28188587
K= 2646
17.2238180085
K= 2647
2600.19607843
K= 2648
7.56077442382
K= 2649
4832.0
K= 2650
4936.0 , Degree=0
K= 2651
4936.0 , Degree=0
K= 2652
4936.0 , Degree=0
K= 2653
13.3237423944
K= 2654
4936.0 , Degree=0
K= 2655
49.7386594935
K= 2656
2531.6
K= 2657
4936.0 , Degree=0
K= 2658
80.0284162131
K= 2659
4936.0 , Degree=0
K= 2660
4936.0 , Degree=0
K= 2661
4936.0 , Degree=0
K= 2662
4936.0 , Degree=0
K= 2663
36.8721772431
K= 2664
220.955627706
K= 2665
4936.0 , Degree=0
K= 2666
4936.0 , Degree=0
K= 2667
68.8008547009
K= 2668
8.58765932309
K= 2669
149.341822806
K= 2670
61.9467891456
K= 2671
4936.0 , Degree=0
K= 2672
4936.0 , Degree=0
K= 2673
4936.0 , Degree=0
K= 2674
27.5855825644
K= 2675
4936.0 , Degree=0
K= 2676
4936.0 , Degree=0
K= 2677
58.9277588636
K= 2678
4936.0 , Degree=0
K= 2679
4936.0 , Degree=0
K= 2680
4936.0 , Degree=0
K= 2681
4936.0 , Degree=0
K= 2682
1901.23067563
K= 2683
4936.0 , Degree=0
K= 2684
2454.0
K= 2685
2485.37971014
K= 2686
4936.0 , Degree=0
K= 2687
4936.0 , Degree=0
K= 2688
23.7883214479
K= 2689
4936.0 , Degree=0
K= 2690
177.85571968
K= 2691
4936.0 , Degree=0
K= 2692
4936.0 , Degree=0
K= 2693
1810.14855253
K= 2694
4936.0 , Degree=0
K= 2695
3323.97755164
K= 2696
48.1889764558
K= 2697
4936.0 , Degree=0
K= 2698
8.24421085176
K= 2699
10.7025935045
K= 2700
2335.7
K= 2701
4936.0 , Degree=0
K= 2702
8.58765932309
K= 2703
6.33333333334
K= 2704
4936.0 , Degree=0
K= 2705
2486.23809524
K= 2706
16.4290595138
K= 2707
4936.0 , Degree=0
K= 2708
4936.0 , Degree=0
K= 2709
4936.0 , Degree=0
K= 2710
9872.0
K= 2711
2558.63734545
K= 2712
1804.9152192
K= 2713
8.73286552116
K= 2714
9.12776282363
K= 2715
29.6418520617
K= 2716
4936.0 , Degree=0
K= 2717
4936.0 , Degree=0
K= 2718
48.5882501928
K= 2719
269.277517707
K= 2720
4936.0 , Degree=0
K= 2721
2487.21299546
K= 2722
4936.0 , Degree=0
K= 2723
4936.0 , Degree=0
K= 2724
4936.0 , Degree=0
K= 2725
2383.93917447
K= 2726
4936.0 , Degree=0
K= 2727
4799.0
K= 2728
2486.33333333
K= 2729
4936.0 , Degree=0
K= 2730
4936.0 , Degree=0
K= 2731
4936.0 , Degree=0
K= 2732
4936.0 , Degree=0
K= 2733
2484.45751634
K= 2734
4936.0 , Degree=0
K= 2735
4861.0
K= 2736
4936.0 , Degree=0
K= 2737
4936.0 , Degree=0
K= 2738
2558.63734545
K= 2739
200.949675325
K= 2740
4936.0 , Degree=0
K= 2741
33.2768538365
K= 2742
79.5927726327
K= 2743
4936.0 , Degree=0
K= 2744
27.7177199006
K= 2745
46732.3333333
K= 2746
2454.0
K= 2747
4936.0 , Degree=0
K= 2748
4936.0 , Degree=0
K= 2749
4936.0 , Degree=0
K= 2750
31.2902489913
K= 2751
4936.0 , Degree=0
K= 2752
2558.08737374
K= 2753
158.542928363
K= 2754
4936.0 , Degree=0
K= 2755
1800.63133653
K= 2756
2567.73333333
K= 2757
76.3408931494
K= 2758
4936.0 , Degree=0
K= 2759
4936.0 , Degree=0
K= 2760
186.453613889
K= 2761
9.42900860892
K= 2762
4936.0 , Degree=0
K= 2763
2484.82142857
K= 2764
2558.63734545
K= 2765
12.5817788623
K= 2766
4936.0 , Degree=0
K= 2767
4936.0 , Degree=0
K= 2768
11.9858237316
K= 2769
4936.0 , Degree=0
K= 2770
4936.0 , Degree=0
K= 2771
4936.0 , Degree=0
K= 2772
17.0212303979
K= 2773
2484.51666667
K= 2774
4936.0 , Degree=0
K= 2775
4936.0 , Degree=0
K= 2776
2484.41052632
K= 2777
1806.34855253
K= 2778
4936.0 , Degree=0
K= 2779
2454.0
K= 2780
12.1699300699
K= 2781
16.9409406911
K= 2782
55.8279134837
K= 2783
38.2973409044
K= 2784
2533.33333333
K= 2785
4936.0 , Degree=0
K= 2786
4936.0 , Degree=0
K= 2787
4936.0 , Degree=0
K= 2788
39.1888169731
K= 2789
10.320983072
K= 2790
32.7250028536
K= 2791
4936.0 , Degree=0
K= 2792
4936.0 , Degree=0
K= 2793
4936.0 , Degree=0
K= 2794
9.26127295778
K= 2795
4936.0 , Degree=0
K= 2796
161.29268484
K= 2797
12.5019469311
K= 2798
10.109050518
K= 2799
29.4230613371
K= 2800
11.5659118526
K= 2801
4936.0 , Degree=0
K= 2802
4858.66666667
K= 2803
20.4830693043
K= 2804
4936.0 , Degree=0
K= 2805
33.0881673837
K= 2806
4936.0 , Degree=0
K= 2807
18.5256970363
K= 2808
4936.0 , Degree=0
K= 2809
4936.0 , Degree=0
K= 2810
4936.0 , Degree=0
K= 2811
9.27250780794
K= 2812
1800.14855253
K= 2813
205.493259391
K= 2814
4936.0 , Degree=0
K= 2815
4936.0 , Degree=0
K= 2816
16.5731676756
K= 2817
4936.0 , Degree=0
K= 2818
4936.0 , Degree=0
K= 2819
2486.23809524
K= 2820
4936.0 , Degree=0
K= 2821
2454.0
K= 2822
4936.0 , Degree=0
K= 2823
4936.0 , Degree=0
K= 2824
13.9035576913
K= 2825
196.416666667
K= 2826
1806.18884557
K= 2827
4936.0 , Degree=0
K= 2828
1795.65966364
K= 2829
27.3841813859
K= 2830
4936.0 , Degree=0
K= 2831
4936.0 , Degree=0
K= 2832
4936.0 , Degree=0
K= 2833
4936.0 , Degree=0
K= 2834
2486.33333333
K= 2835
4936.0 , Degree=0
K= 2836
4936.0 , Degree=0
K= 2837
4936.0 , Degree=0
K= 2838
4936.0 , Degree=0
K= 2839
2864.07575722
K= 2840
2485.46666667
K= 2841
4936.0 , Degree=0
K= 2842
4936.0 , Degree=0
K= 2843
4936.0 , Degree=0
K= 2844
8.69466582974
K= 2845
104.293101343
K= 2846
4799.0
K= 2847
2382.0
K= 2848
23.5193126317
K= 2849
1799.28188587
K= 2850
29.132267818
K= 2851
4936.0 , Degree=0
K= 2852
4936.0 , Degree=0
K= 2853
4936.0 , Degree=0
K= 2854
8.58934585241
K= 2855
87.9189517912
K= 2856
4970.5
K= 2857
320.742857143
K= 2858
4936.0 , Degree=0
K= 2859
10.635822212
K= 2860
162.678643579
K= 2861
167.226588478
K= 2862
4936.0 , Degree=0
K= 2863
9872.0
K= 2864
4851.22857143
K= 2865
2454.0
K= 2866
4936.0 , Degree=0
K= 2867
4936.0 , Degree=0
K= 2868
4963.39393939
K= 2869
25.5679902091
K= 2870
2484.98447205
K= 2871
222.083333333
K= 2872
172.549428554
K= 2873
4936.0 , Degree=0
K= 2874
4936.0 , Degree=0
K= 2875
4936.0 , Degree=0
K= 2876
4936.0 , Degree=0
K= 2877
50.4917952112
K= 2878
24.9874735904
K= 2879
4936.0 , Degree=0
K= 2880
4936.0 , Degree=0
K= 2881
4936.0 , Degree=0
K= 2882
4936.0 , Degree=0
K= 2883
4936.0 , Degree=0
K= 2884
207.528300294
K= 2885
4174.8152192
K= 2886
4936.0 , Degree=0
K= 2887
4936.0 , Degree=0
K= 2888
4936.0 , Degree=0
K= 2889
52.4946482807
K= 2890
10.0979046333
K= 2891
6.33333333334
K= 2892
4936.0 , Degree=0
K= 2893
4936.0 , Degree=0
K= 2894
4936.0 , Degree=0
K= 2895
3323.97755164
K= 2896
4936.0 , Degree=0
K= 2897
4936.0 , Degree=0
K= 2898
4859.66666667
K= 2899
1802.24855253
K= 2900
4936.0 , Degree=0
K= 2901
4845.1
K= 2902
4936.0 , Degree=0
K= 2903
4936.0 , Degree=0
K= 2904
4936.0 , Degree=0
K= 2905
4936.0 , Degree=0
K= 2906
2383.18923998
K= 2907
1883.49004877
K= 2908
4936.0 , Degree=0
K= 2909
4936.0 , Degree=0
K= 2910
4694.3715415
K= 2911
2484.37229437
K= 2912
82.0364961418
K= 2913
1009.2798312
K= 2914
4936.0 , Degree=0
K= 2915
4936.0 , Degree=0
K= 2916
10.133510336
K= 2917
202.136943057
K= 2918
186.229034275
K= 2919
48.2413886188
K= 2920
4936.0 , Degree=0
K= 2921
4936.0 , Degree=0
K= 2922
4936.0 , Degree=0
K= 2923
20.642640163
K= 2924
11.5774410905
K= 2925
13.9035576913
K= 2926
4784.0
K= 2927
4936.0 , Degree=0
K= 2928
4936.0 , Degree=0
K= 2929
21.1023310921
K= 2930
43.2343656143
K= 2931
2484.6969697
K= 2932
4936.0 , Degree=0
K= 2933
4936.0 , Degree=0
K= 2934
4936.0 , Degree=0
K= 2935
4936.0 , Degree=0
K= 2936
4936.0 , Degree=0
K= 2937
9.08941302812
K= 2938
4936.0 , Degree=0
K= 2939
155.487878788
K= 2940
20.5504880853
K= 2941
4936.0 , Degree=0
K= 2942
1799.00203239
K= 2943
6.83333333331
K= 2944
13.1846852015
K= 2945
2478.71299546
K= 2946
4936.0 , Degree=0
K= 2947
4936.0 , Degree=0
K= 2948
4936.0 , Degree=0
K= 2949
4936.0 , Degree=0
K= 2950
4936.0 , Degree=0
K= 2951
12.6666666666
K= 2952
4799.0
K= 2953
4936.0 , Degree=0
K= 2954
127.526623377
K= 2955
6.42606837608
K= 2956
4936.0 , Degree=0
K= 2957
2578.07575758
K= 2958
4936.0 , Degree=0
K= 2959
4936.0 , Degree=0
K= 2960
174.399923099
K= 2961
4936.0 , Degree=0
K= 2962
20.642640163
K= 2963
264.590916045
K= 2964
4936.0 , Degree=0
K= 2965
23.1235105599
K= 2966
4936.0 , Degree=0
K= 2967
4936.0 , Degree=0
K= 2968
1800.14855253
K= 2969
4936.0 , Degree=0
K= 2970
4936.0 , Degree=0
K= 2971
4936.0 , Degree=0
K= 2972
2454.0
K= 2973
14.7881841382
K= 2974
37.0334107612
K= 2975
4936.0 , Degree=0
K= 2976
4936.0 , Degree=0
K= 2977
185.594904592
K= 2978
4936.0 , Degree=0
K= 2979
4936.0 , Degree=0
K= 2980
32.4268401306
K= 2981
4936.0 , Degree=0
K= 2982
223.133333333
K= 2983
8.09567527557
K= 2984
780.162149882
K= 2985
2550.38734545
K= 2986
10.8325754053
K= 2987
4936.0 , Degree=0
K= 2988
4936.0 , Degree=0
K= 2989
4936.0 , Degree=0
K= 2990
2383.62467051
K= 2991
4936.0 , Degree=0
K= 2992
4936.0 , Degree=0
K= 2993
9.66659920756
K= 2994
52.8921190815
K= 2995
2486.16666667
K= 2996
2505.23571429
K= 2997
1800.14855253
K= 2998
4936.0 , Degree=0
K= 2999
2484.96666667
K= 3000
47.5465889889
K= 3001
4166.8152192
K= 3002
9.09400188539
K= 3003
10.644667755
K= 3004
4936.0 , Degree=0
K= 3005
174.84132542
K= 3006
9.66659920756
K= 3007
4936.0 , Degree=0
K= 3008
20.9510245902
K= 3009
183.243027568
K= 3010
4936.0 , Degree=0
K= 3011
4936.0 , Degree=0
K= 3012
4936.0 , Degree=0
K= 3013
17.9656693053
K= 3014
188.728571429
K= 3015
4936.0 , Degree=0
K= 3016
4936.0 , Degree=0
K= 3017
18.649292687
K= 3018
21.1464520215
K= 3019
4857.77777778
K= 3020
120.61456044
K= 3021
97.8992063492
K= 3022
25.2357482929
K= 3023
222.925002446
K= 3024
4936.0 , Degree=0
K= 3025
1800.14855253
K= 3026
39.3125534428
K= 3027
1012.43588498
K= 3028
14.6185182066
K= 3029
4936.0 , Degree=0
K= 3030
174.33482857
K= 3031
4936.0 , Degree=0
K= 3032
636.780776557
K= 3033
25.2310465411
K= 3034
4936.0 , Degree=0
K= 3035
7.56077442382
K= 3036
2384.4765059
K= 3037
4936.0 , Degree=0
K= 3038
2486.33333333
K= 3039
13.5982464458
K= 3040
15.751092492
K= 3041
4936.0 , Degree=0
K= 3042
4936.0 , Degree=0
K= 3043
4936.0 , Degree=0
K= 3044
4936.0 , Degree=0
K= 3045
26.4143941877
K= 3046
2483.23909774
K= 3047
28.1160115031
K= 3048
2484.6969697
K= 3049
4936.0 , Degree=0
K= 3050
2383.93447706
K= 3051
18.0261780103
K= 3052
20.642640163
K= 3053
1880.35774399
K= 3054
2486.16666667
K= 3055
4936.0 , Degree=0
K= 3056
4936.0 , Degree=0
K= 3057
4936.0 , Degree=0
K= 3058
4936.0 , Degree=0
K= 3059
4936.0 , Degree=0
K= 3060
4936.0 , Degree=0
K= 3061
4936.0 , Degree=0
K= 3062
8.91867742059
K= 3063
4936.0 , Degree=0
K= 3064
4936.0 , Degree=0
K= 3065
4936.0 , Degree=0
K= 3066
162.666666667
K= 3067
7.63571428572
K= 3068
15.9809959906
K= 3069
4936.0 , Degree=0
K= 3070
4936.0 , Degree=0
K= 3071
14.2244151397
K= 3072
4860.5
K= 3073
4936.0 , Degree=0
K= 3074
4936.0 , Degree=0
K= 3075
17.9951927678
K= 3076
4936.0 , Degree=0
K= 3077
1797.88664777
K= 3078
4936.0 , Degree=0
K= 3079
4936.0 , Degree=0
K= 3080
8.58765932309
K= 3081
2573.7952381
K= 3082
4216.8152192
K= 3083
4936.0 , Degree=0
K= 3084
4936.0 , Degree=0
K= 3085
2546.91011236
K= 3086
17.8781268243
K= 3087
4936.0 , Degree=0
K= 3088
4936.0 , Degree=0
K= 3089
4784.0
K= 3090
1832.10908265
K= 3091
4936.0 , Degree=0
K= 3092
2558.63734545
K= 3093
9.08941302812
K= 3094
4936.0 , Degree=0
K= 3095
4936.0 , Degree=0
K= 3096
10.4546827699
K= 3097
6.33333333334
K= 3098
4936.0 , Degree=0
K= 3099
16.8232605889
K= 3100
12.3738911577
K= 3101
162.457142857
K= 3102
187.561796537
K= 3103
4936.0 , Degree=0
K= 3104
163.945530468
K= 3105
20.642640163
K= 3106
4784.0
K= 3107
4862.0
K= 3108
4936.0 , Degree=0
K= 3109
1797.14855253
K= 3110
4936.0 , Degree=0
K= 3111
4936.0 , Degree=0
K= 3112
4936.0 , Degree=0
K= 3113
3236.41088498
K= 3114
22.6705749452
K= 3115
7.0
K= 3116
20.5209432115
K= 3117
2531.7540404
K= 3118
4936.0 , Degree=0
K= 3119
4936.0 , Degree=0
K= 3120
2484.45751634
K= 3121
4936.0 , Degree=0
K= 3122
17.0834903183
K= 3123
87.1095238095
K= 3124
24680.0
K= 3125
4936.0 , Degree=0
K= 3126
4936.0 , Degree=0
K= 3127
2486.33333333
K= 3128
5107.52469091
K= 3129
6.83333333334
K= 3130
2555.47473262
K= 3131
1800.14855253
K= 3132
99.4089263483
K= 3133
67.609436242
K= 3134
41.1893273394
K= 3135
104.559096459
K= 3136
179.161269841
K= 3137
4936.0 , Degree=0
K= 3138
4821.0
K= 3139
2381.0
K= 3140
4936.0 , Degree=0
K= 3141
4936.0 , Degree=0
K= 3142
1798.84855253
K= 3143
75.7371696512
K= 3144
4936.0 , Degree=0
K= 3145
9.69310509143
K= 3146
4936.0 , Degree=0
K= 3147
4936.0 , Degree=0
K= 3148
4936.0 , Degree=0
K= 3149
4936.0 , Degree=0
K= 3150
2494.62179487
K= 3151
4936.0 , Degree=0
K= 3152
4936.0 , Degree=0
K= 3153
4835.3030303
K= 3154
4784.0
K= 3155
4936.0 , Degree=0
K= 3156
20.7759734963
K= 3157
5087.0
K= 3158
4936.0 , Degree=0
K= 3159
1799.16603505
K= 3160
4936.0 , Degree=0
K= 3161
2486.33333333
K= 3162
15.7744923263
K= 3163
4936.0 , Degree=0
K= 3164
4794.10357143
K= 3165
2487.21299546
K= 3166
4936.0 , Degree=0
K= 3167
4799.0
K= 3168
4936.0 , Degree=0
K= 3169
21.2984254905
K= 3170
4936.0 , Degree=0
K= 3171
12.5987905271
K= 3172
4936.0 , Degree=0
K= 3173
4936.0 , Degree=0
K= 3174
18.4458826359
K= 3175
7.1240981241
K= 3176
4936.0 , Degree=0
K= 3177
70.2631868132
K= 3178
24.0905019392
K= 3179
2486.15942029
K= 3180
220.166666667
K= 3181
4784.0
K= 3182
6.33333333334
K= 3183
4936.0 , Degree=0
K= 3184
4936.0 , Degree=0
K= 3185
4936.0 , Degree=0
K= 3186
1800.74855253
K= 3187
19.0260453863
K= 3188
4984.50758849
K= 3189
18.261649805
K= 3190
44.7183024108
K= 3191
4936.0 , Degree=0
K= 3192
1834.8152192
K= 3193
4936.0 , Degree=0
K= 3194
2485.46666667
K= 3195
4936.0 , Degree=0
K= 3196
4936.0 , Degree=0
K= 3197
4936.0 , Degree=0
K= 3198
29.9114127622
K= 3199
4936.0 , Degree=0
K= 3200
15.3996581574
K= 3201
10.5346629778
K= 3202
4936.0 , Degree=0
K= 3203
4936.0 , Degree=0
K= 3204
4784.0
K= 3205
4936.0 , Degree=0
K= 3206
4936.0 , Degree=0
K= 3207
18.3464958298
K= 3208
4936.0 , Degree=0
K= 3209
4936.0 , Degree=0
K= 3210
202.329304279
K= 3211
4936.0 , Degree=0
K= 3212
4936.0 , Degree=0
K= 3213
4936.0 , Degree=0
K= 3214
4936.0 , Degree=0
K= 3215
4936.0 , Degree=0
K= 3216
1802.79400708
K= 3217
4936.0 , Degree=0
K= 3218
24.2821092713
K= 3219
1795.65966364
K= 3220
11.901622304
K= 3221
2454.0
K= 3222
4936.0 , Degree=0
K= 3223
1798.5121889
K= 3224
60.80592437
K= 3225
11.4395400265
K= 3226
4936.0 , Degree=0
K= 3227
4936.0 , Degree=0
K= 3228
24680.0
K= 3229
4936.0 , Degree=0
K= 3230
4936.0 , Degree=0
K= 3231
216.264430014
K= 3232
185.608330153
K= 3233
4936.0 , Degree=0
K= 3234
4936.0 , Degree=0
K= 3235
105.766910257
K= 3236
4936.0 , Degree=0
K= 3237
18.4458826359
K= 3238
4936.0 , Degree=0
K= 3239
4936.0 , Degree=0
K= 3240
4936.0 , Degree=0
K= 3241
89.275472719
K= 3242
11.6666666667
K= 3243
4936.0 , Degree=0
K= 3244
4936.0 , Degree=0
K= 3245
4936.0 , Degree=0
K= 3246
9901.44444444
K= 3247
4936.0 , Degree=0
K= 3248
2558.08737374
K= 3249
174.092404328
K= 3250
18.4458826359
K= 3251
4936.0 , Degree=0
K= 3252
9.27250780794
K= 3253
4936.0 , Degree=0
K= 3254
4854.86666667
K= 3255
2483.75758114
K= 3256
26.242985008
K= 3257
4936.0 , Degree=0
K= 3258
109.595405412
K= 3259
4859.0
K= 3260
20.6288405889
K= 3261
4936.0 , Degree=0
K= 3262
2540.80952381
K= 3263
4936.0 , Degree=0
K= 3264
4936.0 , Degree=0
K= 3265
24680.0
K= 3266
4936.0 , Degree=0
K= 3267
1885.70926682
K= 3268
2486.25
K= 3269
1797.14855253
K= 3270
4936.0 , Degree=0
K= 3271
22.2768872992
K= 3272
4936.0 , Degree=0
K= 3273
4936.0 , Degree=0
K= 3274
81.3746795487
K= 3275
2454.0
K= 3276
2382.85683605
K= 3277
27.1269593499
K= 3278
9.54165106869
K= 3279
12.1045842212
K= 3280
4936.0 , Degree=0
K= 3281
4936.0 , Degree=0
K= 3282
105.316666667
K= 3283
13.6738465584
K= 3284
4936.0 , Degree=0
K= 3285
20.1572512663
K= 3286
1012.43588498
K= 3287
4784.0
K= 3288
4820.33333333
K= 3289
4936.0 , Degree=0
K= 3290
13.8918144346
K= 3291
59.9747021685
K= 3292
4936.0 , Degree=0
K= 3293
21.3016418965
K= 3294
201.5
K= 3295
4936.0 , Degree=0
K= 3296
4936.0 , Degree=0
K= 3297
4936.0 , Degree=0
K= 3298
4936.0 , Degree=0
K= 3299
22.16377589
K= 3300
12.1890607402
K= 3301
238.341341991
K= 3302
4936.0 , Degree=0
K= 3303
4936.0 , Degree=0
K= 3304
1807.77921455
K= 3305
4936.0 , Degree=0
K= 3306
12.1225733139
K= 3307
4936.0 , Degree=0
K= 3308
4936.0 , Degree=0
K= 3309
4936.0 , Degree=0
K= 3310
9.08941302812
K= 3311
2487.21299546
K= 3312
4936.0 , Degree=0
K= 3313
4936.0 , Degree=0
K= 3314
4936.0 , Degree=0
K= 3315
52.0378783085
K= 3316
4857.66666667
K= 3317
4936.0 , Degree=0
K= 3318
4936.0 , Degree=0
K= 3319
4936.0 , Degree=0
K= 3320
8.62522378063
K= 3321
4936.0 , Degree=0
K= 3322
2454.0
K= 3323
9.63638212348
K= 3324
28.1471817153
K= 3325
18.6155453689
K= 3326
13.0181494966
K= 3327
4936.0 , Degree=0
K= 3328
16.6665905226
K= 3329
4745.22857143
K= 3330
21.3824397652
K= 3331
4936.0 , Degree=0
K= 3332
4936.0 , Degree=0
K= 3333
4936.0 , Degree=0
K= 3334
2497.64417471
K= 3335
4936.0 , Degree=0
K= 3336
55.3426982616
K= 3337
4936.0 , Degree=0
K= 3338
4936.0 , Degree=0
K= 3339
4936.0 , Degree=0
K= 3340
2502.11071429
K= 3341
179.956108597
K= 3342
4936.0 , Degree=0
K= 3343
4936.0 , Degree=0
K= 3344
9.61867742054
K= 3345
4936.0 , Degree=0
K= 3346
2572.32142857
K= 3347
2484.41052632
K= 3348
4936.0 , Degree=0
K= 3349
4936.0 , Degree=0
K= 3350
4936.0 , Degree=0
K= 3351
2484.97142857
K= 3352
21.5526538678
K= 3353
4936.0 , Degree=0
K= 3354
4936.0 , Degree=0
K= 3355
218.271367521
K= 3356
15.3223250701
K= 3357
20.6707101666
K= 3358
4936.0 , Degree=0
K= 3359
20.0003561582
K= 3360
4936.0 , Degree=0
K= 3361
4936.0 , Degree=0
K= 3362
4936.0 , Degree=0
K= 3363
4936.0 , Degree=0
K= 3364
4936.0 , Degree=0
K= 3365
4936.0 , Degree=0
K= 3366
20.642640163
K= 3367
4936.0 , Degree=0
K= 3368
19.2571973058
K= 3369
2483.33333333
K= 3370
4936.0 , Degree=0
K= 3371
4936.0 , Degree=0
K= 3372
19.2238572723
K= 3373
4936.0 , Degree=0
K= 3374
4936.0 , Degree=0
K= 3375
4936.0 , Degree=0
K= 3376
4936.0 , Degree=0
K= 3377
4936.0 , Degree=0
K= 3378
169.626581957
K= 3379
4936.0 , Degree=0
K= 3380
4862.0
K= 3381
4936.0 , Degree=0
K= 3382
4936.0 , Degree=0
K= 3383
4936.0 , Degree=0
K= 3384
74.7115235074
K= 3385
2383.93447706
K= 3386
4936.0 , Degree=0
K= 3387
4936.0 , Degree=0
K= 3388
4936.0 , Degree=0
K= 3389
4936.0 , Degree=0
K= 3390
8.40744767024
K= 3391
1833.8652192
K= 3392
4131.8152192
K= 3393
4936.0 , Degree=0
K= 3394
4936.0 , Degree=0
K= 3395
2540.80952381
K= 3396
4936.0 , Degree=0
K= 3397
2454.0
K= 3398
4936.0 , Degree=0
K= 3399
2454.0
K= 3400
4936.0 , Degree=0
K= 3401
4936.0 , Degree=0
K= 3402
207.331055498
K= 3403
184.833333333
K= 3404
4936.0 , Degree=0
K= 3405
1802.20915859
K= 3406
1798.88664777
K= 3407
104.79272716
K= 3408
174.399923099
K= 3409
15.2649842938
K= 3410
196.393727106
K= 3411
7.16666666666
K= 3412
18.7333587439
K= 3413
2486.33333333
K= 3414
4936.0 , Degree=0
K= 3415
32.32615938
K= 3416
209.344047619
K= 3417
2483.34264706
K= 3418
4936.0 , Degree=0
K= 3419
2523.58571429
K= 3420
18.4458826359
K= 3421
21.4707033812
K= 3422
4936.0 , Degree=0
K= 3423
4936.0 , Degree=0
K= 3424
169.626581957
K= 3425
4936.0 , Degree=0
K= 3426
4936.0 , Degree=0
K= 3427
19.9281991476
K= 3428
4853.9
K= 3429
35.6976937816
K= 3430
4936.0 , Degree=0
K= 3431
18.3146642405
K= 3432
4936.0 , Degree=0
K= 3433
4936.0 , Degree=0
K= 3434
14.1089727565
K= 3435
2517.46111111
K= 3436
4936.0 , Degree=0
K= 3437
4857.0
K= 3438
4936.0 , Degree=0
K= 3439
4936.0 , Degree=0
K= 3440
2454.0
K= 3441
4936.0 , Degree=0
K= 3442
4822.0
K= 3443
13.058003848
K= 3444
4936.0 , Degree=0
K= 3445
98.3984393385
K= 3446
4936.0 , Degree=0
K= 3447
4799.0
K= 3448
84.1985845836
K= 3449
8.61782661785
K= 3450
4936.0 , Degree=0
K= 3451
4936.0 , Degree=0
K= 3452
4936.0 , Degree=0
K= 3453
221.680395137
K= 3454
4784.0
K= 3455
4936.0 , Degree=0
K= 3456
4799.0
K= 3457
14.2709630829
K= 3458
4936.0 , Degree=0
K= 3459
4936.0 , Degree=0
K= 3460
4936.0 , Degree=0
K= 3461
2497.68765297
K= 3462
4936.0 , Degree=0
K= 3463
4936.0 , Degree=0
K= 3464
7.0
K= 3465
4936.0 , Degree=0
K= 3466
18.4458826359
K= 3467
4936.0 , Degree=0
K= 3468
1800.14855253
K= 3469
4936.0 , Degree=0
K= 3470
25.0518024949
K= 3471
212.965873016
K= 3472
4936.0 , Degree=0
K= 3473
4936.0 , Degree=0
K= 3474
12.5047163652
K= 3475
4936.0 , Degree=0
K= 3476
4936.0 , Degree=0
K= 3477
602.99514092
K= 3478
4936.0 , Degree=0
K= 3479
9.58980705924
K= 3480
4936.0 , Degree=0
K= 3481
93.3583661258
K= 3482
4936.0 , Degree=0
K= 3483
4936.0 , Degree=0
K= 3484
16.1383309799
K= 3485
16.9150601381
K= 3486
2484.97142857
K= 3487
4936.0 , Degree=0
K= 3488
180.384920635
K= 3489
4936.0 , Degree=0
K= 3490
4825.2020202
K= 3491
1169.11864751
K= 3492
4936.0 , Degree=0
K= 3493
203.261111111
K= 3494
4936.0 , Degree=0
K= 3495
4936.0 , Degree=0
K= 3496
4936.0 , Degree=0
K= 3497
4936.0 , Degree=0
K= 3498
17.4981772542
K= 3499
4936.0 , Degree=0
K= 3500
11.4915686465
K= 3501
98.3524600848
K= 3502
4936.0 , Degree=0
K= 3503
4936.0 , Degree=0
K= 3504
4936.0 , Degree=0
K= 3505
4936.0 , Degree=0
K= 3506
2569.33333333
K= 3507
2535.0
K= 3508
9.26127295778
K= 3509
203.276190476
K= 3510
4936.0 , Degree=0
K= 3511
2353.39980409
K= 3512
2454.0
K= 3513
2567.11904762
K= 3514
18.2972676719
K= 3515
2454.0
K= 3516
68.8008547009
K= 3517
1839.44853192
K= 3518
2491.66666667
K= 3519
20.5583018783
K= 3520
13.5625855236
K= 3521
4936.0 , Degree=0
K= 3522
4860.63636364
K= 3523
4936.0 , Degree=0
K= 3524
192.184441525
K= 3525
4784.0
K= 3526
10.3070137594
K= 3527
4936.0 , Degree=0
K= 3528
12.0808010073
K= 3529
4936.0 , Degree=0
K= 3530
167.355852601
K= 3531
4936.0 , Degree=0
K= 3532
4936.0 , Degree=0
K= 3533
2553.0
K= 3534
2545.66666667
K= 3535
1847.84959846
K= 3536
4936.0 , Degree=0
K= 3537
4936.0 , Degree=0
K= 3538
9.27250780794
K= 3539
2540.80952381
K= 3540
2031.53273885
K= 3541
4936.0 , Degree=0
K= 3542
156.597122442
K= 3543
4936.0 , Degree=0
K= 3544
4936.0 , Degree=0
K= 3545
499.775536139
K= 3546
4936.0 , Degree=0
K= 3547
4936.0 , Degree=0
K= 3548
7.56077442382
K= 3549
4936.0 , Degree=0
K= 3550
4936.0 , Degree=0
K= 3551
20.9502618883
K= 3552
2559.39610052
K= 3553
20.642640163
K= 3554
4936.0 , Degree=0
K= 3555
4936.0 , Degree=0
K= 3556
172.549428554
K= 3557
4936.0 , Degree=0
K= 3558
525.836782534
K= 3559
4935.0
K= 3560
28.0682153902
K= 3561
1798.40862579
K= 3562
16.2289186603
K= 3563
4936.0 , Degree=0
K= 3564
2483.14433048
K= 3565
4936.0 , Degree=0
K= 3566
13.3325785193
K= 3567
4936.0 , Degree=0
K= 3568
2558.63734545
K= 3569
4936.0 , Degree=0
K= 3570
4936.0 , Degree=0
K= 3571
4936.0 , Degree=0
K= 3572
4936.0 , Degree=0
K= 3573
4936.0 , Degree=0
K= 3574
242.631024531
K= 3575
4936.0 , Degree=0
K= 3576
4936.0 , Degree=0
K= 3577
18.7439949191
K= 3578
2389.68369772
K= 3579
27.1641697029
K= 3580
4936.0 , Degree=0
K= 3581
7.71780538303
K= 3582
4936.0 , Degree=0
K= 3583
4936.0 , Degree=0
K= 3584
186.05952381
K= 3585
4936.0 , Degree=0
K= 3586
185.229365079
K= 3587
92.8112406665
K= 3588
1798.28188587
K= 3589
6.32380952383
K= 3590
2546.12852953
K= 3591
4936.0 , Degree=0
K= 3592
4936.0 , Degree=0
K= 3593
4936.0 , Degree=0
K= 3594
191.208712475
K= 3595
4936.0 , Degree=0
K= 3596
27.7451931526
K= 3597
4936.0 , Degree=0
K= 3598
4936.0 , Degree=0
K= 3599
9.19984190864
K= 3600
4936.0 , Degree=0
Betweenness Centrality Improvement
[ 0.  0.  0. ...,  0.  0.  0.]
Top 20 BC Improvement
[2745 3265 3124 3228 3246 2462 2710 2565 2863 2628 3128 3157 3188 2856 2868
 3492 3482 3499 3497 3478]
Top 20 BC Improvement
[ 46732.33333333  24680.          24680.          24680.           9901.44444444
   9872.           9872.           9872.           9872.           7436.4535014
   5107.52469091   5087.           4984.50758849   4970.5          4963.39393939
   4936.           4936.           4936.           4936.           4936.        ]
