txValue= 1000000
Input graph
IGRAPH D--- 4619 68733 -- 
+ attr: pub_key (v), base_fee (e), capacity (e), fee_rate (e), txCost (e)
None
Graph after edges deleted
IGRAPH D--- 4619 32193 -- 
+ attr: pub_key (v), base_fee (e), capacity (e), fee_rate (e), txCost (e)
None
Our nodes starting connections: 
(4618, 2796)
(4618, 1223)
(4618, 1163)
(4618, 222)
(4618, 2745)
(4618, 3884)
(4618, 3265)
(4618, 4209)
(4618, 2087)
(4618, 3540)
(4618, 3690)
(4618, 1039)
(4618, 797)
CurrentBC of our node:  536813.712469
K= 3600
4936.0 , Degree=0
K= 3601
18.6666666666
K= 3602
4936.0 , Degree=0
K= 3603
2270.83333333
K= 3604
4936.0 , Degree=0
K= 3605
4936.0 , Degree=0
K= 3606
4936.0 , Degree=0
K= 3607
8.00000000012
K= 3608
4936.0 , Degree=0
K= 3609
15.804978355
K= 3610
4936.0 , Degree=0
K= 3611
2527.73493071
K= 3612
4936.0 , Degree=0
K= 3613
4936.0 , Degree=0
K= 3614
9.39548229577
K= 3615
2607.0
K= 3616
2490.50714286
K= 3617
4936.0 , Degree=0
K= 3618
15.4111111112
K= 3619
4936.0 , Degree=0
K= 3620
20.1666666666
K= 3621
4936.0 , Degree=0
K= 3622
4936.0 , Degree=0
K= 3623
4936.0 , Degree=0
K= 3624
4936.0 , Degree=0
K= 3625
32.8521527062
K= 3626
4936.0 , Degree=0
K= 3627
4936.0 , Degree=0
K= 3628
2657.49833333
K= 3629
4936.0 , Degree=0
K= 3630
9.86666666681
K= 3631
4936.0 , Degree=0
K= 3632
4936.0 , Degree=0
K= 3633
17.0
K= 3634
4936.0 , Degree=0
K= 3635
4936.0 , Degree=0
K= 3636
27.7529304031
K= 3637
27.7529304031
K= 3638
10.285342547
K= 3639
4936.0 , Degree=0
K= 3640
2676.49444444
K= 3641
2484.89114661
K= 3642
13.6407879196
K= 3643
4936.0 , Degree=0
K= 3644
16.7833333334
K= 3645
20.0
K= 3646
4936.0 , Degree=0
K= 3647
189.286569041
K= 3648
4936.0 , Degree=0
K= 3649
2622.28531746
K= 3650
4936.0 , Degree=0
K= 3651
4936.0 , Degree=0
K= 3652
4936.0 , Degree=0
K= 3653
104.95281339
K= 3654
4936.0 , Degree=0
K= 3655
4936.0 , Degree=0
K= 3656
4936.0 , Degree=0
K= 3657
4723.0
K= 3658
2317.83333333
K= 3659
185.980563441
K= 3660
4936.0 , Degree=0
K= 3661
16.1287878788
K= 3662
4936.0 , Degree=0
K= 3663
4936.0 , Degree=0
K= 3664
4936.0 , Degree=0
K= 3665
16.6500000001
K= 3666
27.7529304031
K= 3667
4936.0 , Degree=0
K= 3668
4936.0 , Degree=0
K= 3669
2489.45238095
K= 3670
33.9404761906
K= 3671
2656.61428571
K= 3672
198.066966367
K= 3673
4936.0 , Degree=0
K= 3674
2613.0
K= 3675
4936.0 , Degree=0
K= 3676
4936.0 , Degree=0
K= 3677
12.6384803923
K= 3678
2245.44444444
K= 3679
4936.0 , Degree=0
K= 3680
13.8373737375
K= 3681
16.8404761906
K= 3682
4936.0 , Degree=0
K= 3683
2249.0
K= 3684
21.3690506119
K= 3685
4936.0 , Degree=0
K= 3686
20.1666666667
K= 3687
2600.0
K= 3688
4936.0 , Degree=0
K= 3689
17.3333333334
K= 3690
0.0
K= 3691
2588.32289638
K= 3692
2643.90721154
K= 3693
2317.83333333
K= 3694
19.5000000001
K= 3695
3994.76245482
K= 3696
21.2782060102
K= 3697
4936.0 , Degree=0
K= 3698
4936.0 , Degree=0
K= 3699
11.7783490591
K= 3700
4936.0 , Degree=0
K= 3701
4936.0 , Degree=0
K= 3702
4936.0 , Degree=0
K= 3703
280.188326164
K= 3704
17.8666666669
K= 3705
4936.0 , Degree=0
K= 3706
4936.0 , Degree=0
K= 3707
4936.0 , Degree=0
K= 3708
4936.0 , Degree=0
K= 3709
11.521011356
K= 3710
2638.87669173
K= 3711
2481.33333333
K= 3712
2667.57261905
K= 3713
2490.45238095
K= 3714
4936.0 , Degree=0
K= 3715
2632.32289638
K= 3716
14.4523809525
K= 3717
4936.0 , Degree=0
K= 3718
17.5238095239
K= 3719
4936.0 , Degree=0
K= 3720
46.4500000001
K= 3721
20.1666666666
K= 3722
4936.0 , Degree=0
K= 3723
368.6
K= 3724
2560.19380728
K= 3725
4936.0 , Degree=0
K= 3726
2648.50148946
K= 3727
2555.12394476
K= 3728
2240.44444444
K= 3729
2656.93809524
K= 3730
20.1666666666
K= 3731
12.5311268369
K= 3732
4936.0 , Degree=0
K= 3733
4936.0 , Degree=0
K= 3734
4936.0 , Degree=0
K= 3735
159.524443101
K= 3736
4936.0 , Degree=0
K= 3737
2630.61428571
K= 3738
4936.0 , Degree=0
K= 3739
4936.0 , Degree=0
K= 3740
4936.0 , Degree=0
K= 3741
4936.0 , Degree=0
K= 3742
12.5
K= 3743
4936.0 , Degree=0
K= 3744
2290.66666667
K= 3745
22.6333333334
K= 3746
113.232679076
K= 3747
12.3666666669
K= 3748
15.1190476193
K= 3749
172.596738974
K= 3750
2490.78333333
K= 3751
4936.0 , Degree=0
K= 3752
15.9145021645
K= 3753
4936.0 , Degree=0
K= 3754
2690.58333333
K= 3755
4936.0 , Degree=0
K= 3756
18.3666666668
K= 3757
4936.0 , Degree=0
K= 3758
4936.0 , Degree=0
K= 3759
2323.0
K= 3760
126.698587801
K= 3761
4936.0 , Degree=0
K= 3762
34.0833333334
K= 3763
4936.0 , Degree=0
K= 3764
4936.0 , Degree=0
K= 3765
8.41951599484
K= 3766
4936.0 , Degree=0
K= 3767
4936.0 , Degree=0
K= 3768
11.7000000003
K= 3769
2503.14733534
K= 3770
19.5
K= 3771
13.5540404042
K= 3772
19.5
K= 3773
4936.0 , Degree=0
K= 3774
4936.0 , Degree=0
K= 3775
2247.84156863
K= 3776
136.0
K= 3777
2494.16666667
K= 3778
4936.0 , Degree=0
K= 3779
19.6666666666
K= 3780
170.909242979
K= 3781
4936.0 , Degree=0
K= 3782
2290.66666667
K= 3783
2250.0
K= 3784
4936.0 , Degree=0
K= 3785
4936.0 , Degree=0
K= 3786
4936.0 , Degree=0
K= 3787
32.2666666666
K= 3788
19.6666666666
K= 3789
2672.23333333
K= 3790
2317.83333333
K= 3791
4936.0 , Degree=0
K= 3792
19.6666666666
K= 3793
191.95954601
K= 3794
2575.06708683
K= 3795
4936.0 , Degree=0
K= 3796
23.5623979736
K= 3797
4936.0 , Degree=0
K= 3798
4936.0 , Degree=0
K= 3799
4936.0 , Degree=0
K= 3800
4936.0 , Degree=0
K= 3801
4936.0 , Degree=0
K= 3802
17.3666666668
K= 3803
4936.0 , Degree=0
K= 3804
2477.18232931
K= 3805
26.4251314244
K= 3806
2493.66666667
K= 3807
2488.25
K= 3808
2615.03202996
K= 3809
2644.00338828
K= 3810
4936.0 , Degree=0
K= 3811
4936.0 , Degree=0
K= 3812
2598.3402664
K= 3813
40.3214285716
K= 3814
17.8666666669
K= 3815
34.8
K= 3816
34.9261140709
K= 3817
2690.16666667
K= 3818
4936.0 , Degree=0
K= 3819
4936.0 , Degree=0
K= 3820
4936.0 , Degree=0
K= 3821
4936.0 , Degree=0
K= 3822
20.1666666667
K= 3823
4936.0 , Degree=0
K= 3824
4522.66666667
K= 3825
4936.0 , Degree=0
K= 3826
35.0000000001
K= 3827
4936.0 , Degree=0
K= 3828
451.388384247
K= 3829
9892.0
K= 3830
20.1666666666
K= 3831
4936.0 , Degree=0
K= 3832
4936.0 , Degree=0
K= 3833
4936.0 , Degree=0
K= 3834
2530.72014112
K= 3835
4936.0 , Degree=0
K= 3836
15.0190476193
K= 3837
4936.0 , Degree=0
K= 3838
4936.0 , Degree=0
K= 3839
9892.0
K= 3840
14.1509649836
K= 3841
4936.0 , Degree=0
K= 3842
4936.0 , Degree=0
K= 3843
4936.0 , Degree=0
K= 3844
13.5
K= 3845
4936.0 , Degree=0
K= 3846
4936.0 , Degree=0
K= 3847
4936.0 , Degree=0
K= 3848
2674.74166667
K= 3849
17.0333333336
K= 3850
4936.0 , Degree=0
K= 3851
4936.0 , Degree=0
K= 3852
4936.0 , Degree=0
K= 3853
20.7917249417
K= 3854
17.7000000002
K= 3855
4936.0 , Degree=0
K= 3856
4936.0 , Degree=0
K= 3857
20.0
K= 3858
2588.32289638
K= 3859
14.8690476193
K= 3860
4936.0 , Degree=0
K= 3861
17.0333333336
K= 3862
4936.0 , Degree=0
K= 3863
608.313042467
K= 3864
2563.15533215
K= 3865
2665.71666667
K= 3866
4936.0 , Degree=0
K= 3867
66.1377470415
K= 3868
2589.33348866
K= 3869
4936.0 , Degree=0
K= 3870
4936.0 , Degree=0
K= 3871
20.1666666666
K= 3872
4936.0 , Degree=0
K= 3873
4936.0 , Degree=0
K= 3874
2615.66597847
K= 3875
19.5
K= 3876
4936.0 , Degree=0
K= 3877
4936.0 , Degree=0
K= 3878
4936.0 , Degree=0
K= 3879
48.9847050549
K= 3880
69.1044137082
K= 3881
15.9383116883
K= 3882
2272.33333333
K= 3883
4936.0 , Degree=0
K= 3884
10.0261904764
K= 3885
4936.0 , Degree=0
K= 3886
66.1377470415
K= 3887
76.0523809524
K= 3888
43.7529304031
K= 3889
20.8333333334
K= 3890
4936.0 , Degree=0
K= 3891
4936.0 , Degree=0
K= 3892
4936.0 , Degree=0
K= 3893
12.518306324
K= 3894
15.3279074727
K= 3895
2525.0
K= 3896
4724.0
K= 3897
4936.0 , Degree=0
K= 3898
261.929486466
K= 3899
2469.99255439
K= 3900
4936.0 , Degree=0
K= 3901
2491.51666667
K= 3902
4730.0
K= 3903
4936.0 , Degree=0
K= 3904
17.6166666668
K= 3905
4936.0 , Degree=0
K= 3906
4936.0 , Degree=0
K= 3907
4985.0
K= 3908
4936.0 , Degree=0
K= 3909
2674.96507937
K= 3910
4936.0 , Degree=0
K= 3911
2658.85980369
K= 3912
18.1833333336
K= 3913
4936.0 , Degree=0
K= 3914
4936.0 , Degree=0
K= 3915
4936.0 , Degree=0
K= 3916
4936.0 , Degree=0
K= 3917
2332.0
K= 3918
4936.0 , Degree=0
K= 3919
4936.0 , Degree=0
K= 3920
2692.81666667
K= 3921
123.377223879
K= 3922
2485.05499084
K= 3923
179.95409117
K= 3924
4936.0 , Degree=0
K= 3925
19.5
K= 3926
4694.0
K= 3927
4936.0 , Degree=0
K= 3928
15.768681319
K= 3929
2584.93333333
K= 3930
11.5500626566
K= 3931
4936.0 , Degree=0
K= 3932
19.6666666666
K= 3933
33.3333333334
K= 3934
4936.0 , Degree=0
K= 3935
4936.0 , Degree=0
K= 3936
4936.0 , Degree=0
K= 3937
2485.53617377
K= 3938
34.843906094
K= 3939
4936.0 , Degree=0
K= 3940
4936.0 , Degree=0
K= 3941
4936.0 , Degree=0
K= 3942
4936.0 , Degree=0
K= 3943
2541.90699078
K= 3944
17.7000000002
K= 3945
4936.0 , Degree=0
K= 3946
4936.0 , Degree=0
K= 3947
4936.0 , Degree=0
K= 3948
2633.30068259
K= 3949
4936.0 , Degree=0
K= 3950
4936.0 , Degree=0
K= 3951
17.6833333336
K= 3952
4936.0 , Degree=0
K= 3953
4936.0 , Degree=0
K= 3954
4936.0 , Degree=0
K= 3955
2494.0
K= 3956
4936.0 , Degree=0
K= 3957
32.8346973337
K= 3958
4936.0 , Degree=0
K= 3959
2317.83333333
K= 3960
4936.0 , Degree=0
K= 3961
4936.0 , Degree=0
K= 3962
712.706034323
K= 3963
2573.65180435
K= 3964
4936.0 , Degree=0
K= 3965
4936.0 , Degree=0
K= 3966
4936.0 , Degree=0
K= 3967
2541.63377456
K= 3968
78.2023809524
K= 3969
2652.4553591
K= 3970
10.1542695866
K= 3971
4936.0 , Degree=0
K= 3972
4936.0 , Degree=0
K= 3973
16.3000000002
K= 3974
16.8404761906
K= 3975
4936.0 , Degree=0
K= 3976
4936.0 , Degree=0
K= 3977
4936.0 , Degree=0
K= 3978
12.6666666666
K= 3979
4936.0 , Degree=0
K= 3980
4936.0 , Degree=0
K= 3981
4936.0 , Degree=0
K= 3982
4936.0 , Degree=0
K= 3983
19.6666666666
K= 3984
4936.0 , Degree=0
K= 3985
20.1666666666
K= 3986
4936.0 , Degree=0
K= 3987
4936.0 , Degree=0
K= 3988
19.6666666666
K= 3989
4936.0 , Degree=0
K= 3990
4936.0 , Degree=0
K= 3991
2487.81111111
K= 3992
4936.0 , Degree=0
K= 3993
19.6666666666
K= 3994
4936.0 , Degree=0
K= 3995
4936.0 , Degree=0
K= 3996
4936.0 , Degree=0
K= 3997
165.388929628
K= 3998
4936.0 , Degree=0
K= 3999
490.08809757
K= 4000
4936.0 , Degree=0
K= 4001
4936.0 , Degree=0
K= 4002
4936.0 , Degree=0
K= 4003
4936.0 , Degree=0
K= 4004
15.8787878788
K= 4005
4936.0 , Degree=0
K= 4006
4936.0 , Degree=0
K= 4007
4936.0 , Degree=0
K= 4008
50.8014101095
K= 4009
4936.0 , Degree=0
K= 4010
10.0075396826
K= 4011
4936.0 , Degree=0
K= 4012
4721.0
K= 4013
2269.83333333
K= 4014
2290.66666667
K= 4015
4936.0 , Degree=0
K= 4016
4936.0 , Degree=0
K= 4017
4936.0 , Degree=0
K= 4018
2695.0
K= 4019
4936.0 , Degree=0
K= 4020
316.16332006
K= 4021
23.5666666667
K= 4022
4936.0 , Degree=0
K= 4023
2502.1451217
K= 4024
2317.83333333
K= 4025
179.260890334
K= 4026
4936.0 , Degree=0
K= 4027
4936.0 , Degree=0
K= 4028
14.79484127
K= 4029
4936.0 , Degree=0
K= 4030
15.837121212
K= 4031
282.265060346
K= 4032
2643.73775863
K= 4033
19.6666666666
K= 4034
4936.0 , Degree=0
K= 4035
88.3710999992
K= 4036
2270.83333333
K= 4037
4936.0 , Degree=0
K= 4038
4936.0 , Degree=0
K= 4039
4936.0 , Degree=0
K= 4040
4936.0 , Degree=0
K= 4041
2317.83333333
K= 4042
4936.0 , Degree=0
K= 4043
4936.0 , Degree=0
K= 4044
4944.81111111
K= 4045
4936.0 , Degree=0
K= 4046
48.2559307605
K= 4047
7.5
K= 4048
2323.83333333
K= 4049
19.6666666666
K= 4050
4936.0 , Degree=0
K= 4051
4975.57024455
K= 4052
4936.0 , Degree=0
K= 4053
4936.0 , Degree=0
K= 4054
13.3286630039
K= 4055
4936.0 , Degree=0
K= 4056
2634.80084242
K= 4057
4936.0 , Degree=0
K= 4058
4936.0 , Degree=0
K= 4059
3110.59896924
K= 4060
4936.0 , Degree=0
K= 4061
22.1906436901
K= 4062
4936.0 , Degree=0
K= 4063
4936.0 , Degree=0
K= 4064
4936.0 , Degree=0
K= 4065
2668.67579365
K= 4066
4936.0 , Degree=0
K= 4067
19.6666666666
K= 4068
4936.0 , Degree=0
K= 4069
6.17941595451
K= 4070
4936.0 , Degree=0
K= 4071
4936.0 , Degree=0
K= 4072
4936.0 , Degree=0
K= 4073
4936.0 , Degree=0
K= 4074
4936.0 , Degree=0
K= 4075
4904.8370299
K= 4076
19.6666666666
K= 4077
70.5326790755
K= 4078
4936.0 , Degree=0
K= 4079
4936.0 , Degree=0
K= 4080
4936.0 , Degree=0
K= 4081
16.7904761905
K= 4082
17.3166666668
K= 4083
266.952380952
K= 4084
4936.0 , Degree=0
K= 4085
15.6287878788
K= 4086
2643.00338828
K= 4087
4936.0 , Degree=0
K= 4088
4936.0 , Degree=0
K= 4089
4936.0 , Degree=0
K= 4090
4936.0 , Degree=0
K= 4091
2370.39098405
K= 4092
4936.0 , Degree=0
K= 4093
4936.0 , Degree=0
K= 4094
2668.67579365
K= 4095
4936.0 , Degree=0
K= 4096
4936.0 , Degree=0
K= 4097
42.4
K= 4098
4936.0 , Degree=0
K= 4099
18.6666666666
K= 4100
20.1666666666
K= 4101
4936.0 , Degree=0
K= 4102
17.7000000002
K= 4103
2489.23071895
K= 4104
2486.53261183
K= 4105
4936.0 , Degree=0
K= 4106
4936.0 , Degree=0
K= 4107
13.2805555557
K= 4108
4710.44444444
K= 4109
4936.0 , Degree=0
K= 4110
2637.47034632
K= 4111
4936.0 , Degree=0
K= 4112
2521.41756744
K= 4113
20.1666666666
K= 4114
4936.0 , Degree=0
K= 4115
4936.0 , Degree=0
K= 4116
2484.09442848
K= 4117
20.0
K= 4118
4936.0 , Degree=0
K= 4119
2488.95238095
K= 4120
9892.0
K= 4121
4719.0
K= 4122
181.552308802
K= 4123
19.6666666666
K= 4124
4936.0 , Degree=0
K= 4125
2270.83333333
K= 4126
15.962121212
K= 4127
4936.0 , Degree=0
K= 4128
4936.0 , Degree=0
K= 4129
2243.83333333
K= 4130
4936.0 , Degree=0
K= 4131
4936.0 , Degree=0
K= 4132
4780.04047619
K= 4133
4936.0 , Degree=0
K= 4134
4936.0 , Degree=0
K= 4135
4936.0 , Degree=0
K= 4136
4936.0 , Degree=0
K= 4137
4936.0 , Degree=0
K= 4138
4936.0 , Degree=0
K= 4139
15.0000000001
K= 4140
34.3333333334
K= 4141
4936.0 , Degree=0
K= 4142
4936.0 , Degree=0
K= 4143
2270.83333333
K= 4144
4936.0 , Degree=0
K= 4145
4936.0 , Degree=0
K= 4146
4724.0
K= 4147
4936.0 , Degree=0
K= 4148
4936.0 , Degree=0
K= 4149
2317.83333333
K= 4150
4936.0 , Degree=0
K= 4151
4936.0 , Degree=0
K= 4152
19.6666666666
K= 4153
19.6666666666
K= 4154
14.0
K= 4155
167.665978466
K= 4156
4978.0
K= 4157
6.48848039226
K= 4158
4936.0 , Degree=0
K= 4159
2490.65
K= 4160
2258.33333333
K= 4161
54.9151871641
K= 4162
4936.0 , Degree=0
K= 4163
4936.0 , Degree=0
K= 4164
4936.0 , Degree=0
K= 4165
4936.0 , Degree=0
K= 4166
4936.0 , Degree=0
K= 4167
4936.0 , Degree=0
K= 4168
2632.32289638
K= 4169
160.21635531
K= 4170
70.692489783
K= 4171
158.336263923
K= 4172
4936.0 , Degree=0
K= 4173
4936.0 , Degree=0
K= 4174
4936.0 , Degree=0
K= 4175
2647.19869663
K= 4176
10.2783981026
K= 4177
4936.0 , Degree=0
K= 4178
4936.0 , Degree=0
K= 4179
4936.0 , Degree=0
K= 4180
2622.21635531
K= 4181
2622.21635531
K= 4182
4936.0 , Degree=0
K= 4183
4936.0 , Degree=0
K= 4184
2573.65180435
K= 4185
12.8666666669
K= 4186
4936.0 , Degree=0
K= 4187
2640.16666667
K= 4188
4936.0 , Degree=0
K= 4189
23.7994874442
K= 4190
17.5333333336
K= 4191
4936.0 , Degree=0
K= 4192
2602.46143983
K= 4193
2487.17557979
K= 4194
33.3333333333
K= 4195
4936.0 , Degree=0
K= 4196
19.8333333333
K= 4197
4936.0 , Degree=0
K= 4198
11.3646723647
K= 4199
2666.20396825
K= 4200
2631.46753894
K= 4201
15.8163003665
K= 4202
12.4444444446
K= 4203
4936.0 , Degree=0
K= 4204
32.8391949702
K= 4205
4936.0 , Degree=0
K= 4206
2258.33333333
K= 4207
17.6833333336
K= 4208
4936.0 , Degree=0
K= 4209
0.474025974167
K= 4210
4936.0 , Degree=0
K= 4211
4936.0 , Degree=0
K= 4212
4725.44444444
K= 4213
2290.66666667
K= 4214
19.6666666667
K= 4215
4936.0 , Degree=0
K= 4216
4936.0 , Degree=0
K= 4217
4936.0 , Degree=0
K= 4218
63.534220355
K= 4219
4936.0 , Degree=0
K= 4220
4936.0 , Degree=0
K= 4221
4936.0 , Degree=0
K= 4222
18.6666666666
K= 4223
4936.0 , Degree=0
K= 4224
2490.72380952
K= 4225
4936.0 , Degree=0
K= 4226
161.841255343
K= 4227
4936.0 , Degree=0
K= 4228
4936.0 , Degree=0
K= 4229
16.6500000001
K= 4230
2653.20876623
K= 4231
18.542857143
K= 4232
4677.63333333
K= 4233
4936.0 , Degree=0
K= 4234
10.2454565648
K= 4235
2675.09285714
K= 4236
44.4835130719
K= 4237
4647.0
K= 4238
174.683438734
K= 4239
34.3333333334
K= 4240
27.6222222223
K= 4241
153.283737882
K= 4242
2479.62863191
K= 4243
5.38576126785
K= 4244
2489.96849898
K= 4245
2576.61547332
K= 4246
19.2000000003
K= 4247
4936.0 , Degree=0
K= 4248
2327.60010823
K= 4249
4936.0 , Degree=0
K= 4250
4936.0 , Degree=0
K= 4251
4936.0 , Degree=0
K= 4252
4936.0 , Degree=0
K= 4253
4936.0 , Degree=0
K= 4254
4936.0 , Degree=0
K= 4255
4936.0 , Degree=0
K= 4256
4936.0 , Degree=0
K= 4257
4555.66666667
K= 4258
4936.0 , Degree=0
K= 4259
10.6071428573
K= 4260
4936.0 , Degree=0
K= 4261
2494.16666667
K= 4262
4936.0 , Degree=0
K= 4263
2504.33333333
K= 4264
4936.0 , Degree=0
K= 4265
4936.0 , Degree=0
K= 4266
18.9974747477
K= 4267
4936.0 , Degree=0
K= 4268
4936.0 , Degree=0
K= 4269
4936.0 , Degree=0
K= 4270
2657.10749531
K= 4271
4936.0 , Degree=0
K= 4272
4936.0 , Degree=0
K= 4273
4936.0 , Degree=0
K= 4274
2317.83333333
K= 4275
12.0583916085
K= 4276
17.3166666668
K= 4277
2608.92621951
K= 4278
12.2631535132
K= 4279
4936.0 , Degree=0
K= 4280
2270.83333333
K= 4281
17.6166666669
K= 4282
9892.0
K= 4283
12.8830280834
K= 4284
4936.0 , Degree=0
K= 4285
17.7000000003
K= 4286
47.8004838299
K= 4287
4936.0 , Degree=0
K= 4288
4936.0 , Degree=0
K= 4289
52.6418635
K= 4290
2596.3402664
K= 4291
11.2249641103
K= 4292
24.1666666667
K= 4293
84.961478365
K= 4294
122.988095238
K= 4295
4936.0 , Degree=0
K= 4296
4936.0 , Degree=0
K= 4297
4936.0 , Degree=0
K= 4298
4936.0 , Degree=0
K= 4299
2672.15
K= 4300
2654.13911867
K= 4301
2250.0
K= 4302
2487.81111111
K= 4303
4936.0 , Degree=0
K= 4304
2522.22884071
K= 4305
171.800842415
K= 4306
63.3888614584
K= 4307
19.5000000001
K= 4308
4936.0 , Degree=0
K= 4309
2494.0
K= 4310
4936.0 , Degree=0
K= 4311
15.035714286
K= 4312
4936.0 , Degree=0
K= 4313
13.8111111114
K= 4314
16.7738095239
K= 4315
4936.0 , Degree=0
K= 4316
4936.0 , Degree=0
K= 4317
4936.0 , Degree=0
K= 4318
66.1377470416
K= 4319
19.6666666666
K= 4320
4936.0 , Degree=0
K= 4321
4719.82777778
K= 4322
6.81150793668
K= 4323
20.1666666667
K= 4324
90.2251136074
K= 4325
10.3333333335
K= 4326
2275.83333333
K= 4327
2618.72014112
K= 4328
18.5000000001
K= 4329
15.6023809526
K= 4330
27.4469419472
K= 4331
4936.0 , Degree=0
K= 4332
4936.0 , Degree=0
K= 4333
11.0221920458
K= 4334
4936.0 , Degree=0
K= 4335
4936.0 , Degree=0
K= 4336
13.0000000001
K= 4337
27.1666666667
K= 4338
4936.0 , Degree=0
K= 4339
4936.0 , Degree=0
K= 4340
4936.0 , Degree=0
K= 4341
2673.48333333
K= 4342
4936.0 , Degree=0
K= 4343
4936.0 , Degree=0
K= 4344
4936.0 , Degree=0
K= 4345
15.1190476193
K= 4346
13.9068187745
K= 4347
4694.0
K= 4348
4936.0 , Degree=0
K= 4349
4936.0 , Degree=0
K= 4350
202.766801899
K= 4351
14.4523809527
K= 4352
67.1591360607
K= 4353
4936.0 , Degree=0
K= 4354
4936.0 , Degree=0
K= 4355
4936.0 , Degree=0
K= 4356
4936.0 , Degree=0
K= 4357
2513.12394476
K= 4358
45.3333333334
K= 4359
43.6674628896
K= 4360
2371.36029537
K= 4361
26.7529304031
K= 4362
4936.0 , Degree=0
K= 4363
11.8666666669
K= 4364
4936.0 , Degree=0
K= 4365
4936.0 , Degree=0
K= 4366
56.4805084846
K= 4367
57.0000000001
K= 4368
2642.7952381
K= 4369
19.6666666667
K= 4370
4936.0 , Degree=0
K= 4371
2603.62945401
K= 4372
134.444444445
K= 4373
2250.0
K= 4374
2457.41370375
K= 4375
4936.0 , Degree=0
K= 4376
51.0525829571
K= 4377
4936.0 , Degree=0
K= 4378
2676.94444444
K= 4379
4936.0 , Degree=0
K= 4380
4936.0 , Degree=0
K= 4381
4936.0 , Degree=0
K= 4382
2691.70238095
K= 4383
20.0000000001
K= 4384
12443.6505863
K= 4385
4936.0 , Degree=0
K= 4386
2490.65714286
K= 4387
2630.30246714
K= 4388
2650.9839772
K= 4389
4936.0 , Degree=0
K= 4390
26.7179466953
K= 4391
19.6666666667
K= 4392
91.2145922959
K= 4393
15.3333333335
K= 4394
4936.0 , Degree=0
K= 4395
4936.0 , Degree=0
K= 4396
4936.0 , Degree=0
K= 4397
4936.0 , Degree=0
K= 4398
4936.0 , Degree=0
K= 4399
4936.0 , Degree=0
K= 4400
21.9714285715
K= 4401
4936.0 , Degree=0
K= 4402
4936.0 , Degree=0
K= 4403
113.187943745
K= 4404
4936.0 , Degree=0
K= 4405
4936.0 , Degree=0
K= 4406
20.1666666667
K= 4407
4936.0 , Degree=0
K= 4408
2313.83333333
K= 4409
4936.0 , Degree=0
K= 4410
4936.0 , Degree=0
K= 4411
4936.0 , Degree=0
K= 4412
4936.0 , Degree=0
K= 4413
20.1666666667
K= 4414
4936.0 , Degree=0
K= 4415
4936.0 , Degree=0
K= 4416
4679.63333333
K= 4417
2490.60714286
K= 4418
4936.0 , Degree=0
K= 4419
167.048041606
K= 4420
180.113090341
K= 4421
16.8904761906
K= 4422
4936.0 , Degree=0
K= 4423
2486.04262404
K= 4424
17.5333333337
K= 4425
4936.0 , Degree=0
K= 4426
4936.0 , Degree=0
K= 4427
4936.0 , Degree=0
K= 4428
4936.0 , Degree=0
K= 4429
4936.0 , Degree=0
K= 4430
2290.66666667
K= 4431
16.7738095239
K= 4432
4936.0 , Degree=0
K= 4433
4936.0 , Degree=0
K= 4434
5.23333333351
K= 4435
4936.0 , Degree=0
K= 4436
2487.81111111
K= 4437
177.102321713
K= 4438
2656.61428571
K= 4439
4936.0 , Degree=0
K= 4440
16.2833333336
K= 4441
4936.0 , Degree=0
K= 4442
2823.79395458
K= 4443
19.6666666666
K= 4444
20.1666666667
K= 4445
4936.0 , Degree=0
K= 4446
2317.83333333
K= 4447
4936.0 , Degree=0
K= 4448
2469.32289638
K= 4449
4936.0 , Degree=0
K= 4450
4936.0 , Degree=0
K= 4451
13.2707070709
K= 4452
7529.0
K= 4453
4936.0 , Degree=0
K= 4454
4936.0 , Degree=0
K= 4455
36.5496024573
K= 4456
4936.0 , Degree=0
K= 4457
13.0663190746
K= 4458
4936.0 , Degree=0
K= 4459
15.4166666669
K= 4460
4936.0 , Degree=0
K= 4461
36.0000000002
K= 4462
216.25
K= 4463
2127.0
K= 4464
4936.0 , Degree=0
K= 4465
11.766666667
K= 4466
20.0000000001
K= 4467
4936.0 , Degree=0
K= 4468
4936.0 , Degree=0
K= 4469
4936.0 , Degree=0
K= 4470
4936.0 , Degree=0
K= 4471
20.7142857143
K= 4472
4936.0 , Degree=0
K= 4473
19.3333333334
K= 4474
20.1666666667
K= 4475
4936.0 , Degree=0
K= 4476
41.3694856495
K= 4477
4936.0 , Degree=0
K= 4478
4936.0 , Degree=0
K= 4479
44.4835130719
K= 4480
4936.0 , Degree=0
K= 4481
4936.0 , Degree=0
K= 4482
13.6666666666
K= 4483
4936.0 , Degree=0
K= 4484
4936.0 , Degree=0
K= 4485
2250.0
K= 4486
2568.26875902
K= 4487
66.1377470416
K= 4488
11.6000000002
K= 4489
4936.0 , Degree=0
K= 4490
21.0666666667
K= 4491
2681.37857143
K= 4492
2676.67579365
K= 4493
4980.95555556
K= 4494
19.6666666667
K= 4495
4936.0 , Degree=0
K= 4496
169.371100309
K= 4497
13.1666666667
K= 4498
4685.0
K= 4499
4936.0 , Degree=0
K= 4500
4936.0 , Degree=0
K= 4501
2238.66666667
K= 4502
2474.09722222
K= 4503
2489.12505978
K= 4504
13.0190476193
K= 4505
2491.51666667
K= 4506
4936.0 , Degree=0
K= 4507
34.8407106784
K= 4508
4936.0 , Degree=0
K= 4509
4936.0 , Degree=0
K= 4510
4936.0 , Degree=0
K= 4511
4936.0 , Degree=0
K= 4512
4936.0 , Degree=0
K= 4513
4936.0 , Degree=0
K= 4514
17.0238095239
K= 4515
4936.0 , Degree=0
K= 4516
4936.0 , Degree=0
K= 4517
20.1666666667
K= 4518
10.0951659454
K= 4519
334.359396168
K= 4520
4936.0 , Degree=0
K= 4521
39.3333333334
K= 4522
4936.0 , Degree=0
K= 4523
4936.0 , Degree=0
K= 4524
4936.0 , Degree=0
K= 4525
13.6666666666
K= 4526
15.1190476193
K= 4527
2555.12394476
K= 4528
13.8948412701
K= 4529
18.3666666669
K= 4530
5230.91902287
K= 4531
4936.0 , Degree=0
K= 4532
4936.0 , Degree=0
K= 4533
16.7833333336
K= 4534
18.3666666669
K= 4535
4936.0 , Degree=0
K= 4536
4936.0 , Degree=0
K= 4537
4936.0 , Degree=0
K= 4538
19.5000000001
K= 4539
4936.0 , Degree=0
K= 4540
2634.75534327
K= 4541
4936.0 , Degree=0
K= 4542
65.9294137083
K= 4543
4974.91313131
K= 4544
2398.83333333
K= 4545
4936.0 , Degree=0
K= 4546
4936.0 , Degree=0
K= 4547
4936.0 , Degree=0
K= 4548
4936.0 , Degree=0
K= 4549
37.3214285717
K= 4550
13.3583916085
K= 4551
4936.0 , Degree=0
K= 4552
4684.8
K= 4553
2612.65180435
K= 4554
364.379744649
K= 4555
4936.0 , Degree=0
K= 4556
4936.0 , Degree=0
K= 4557
4936.0 , Degree=0
K= 4558
2509.69920635
K= 4559
4936.0 , Degree=0
K= 4560
4936.0 , Degree=0
K= 4561
4936.0 , Degree=0
K= 4562
4936.0 , Degree=0
K= 4563
2621.67459716
K= 4564
4936.0 , Degree=0
K= 4565
51.7442481926
K= 4566
4936.0 , Degree=0
K= 4567
16.0333333336
K= 4568
4936.0 , Degree=0
K= 4569
2270.83333333
K= 4570
4936.0 , Degree=0
K= 4571
35.7227600409
K= 4572
4936.0 , Degree=0
K= 4573
2258.33333333
K= 4574
4936.0 , Degree=0
K= 4575
159.504481783
K= 4576
4685.0
K= 4577
4936.0 , Degree=0
K= 4578
4936.0 , Degree=0
K= 4579
9.00000000012
K= 4580
4936.0 , Degree=0
K= 4581
17.8666666669
K= 4582
4936.0 , Degree=0
K= 4583
4936.0 , Degree=0
K= 4584
36.7333333334
K= 4585
4711.54545455
K= 4586
16.8571428573
K= 4587
10.6500000001
K= 4588
5237.37577547
K= 4589
4936.0 , Degree=0
K= 4590
155.27087309
K= 4591
68.9351637361
K= 4592
17.5333333337
K= 4593
2490.86666667
K= 4594
18.1743256744
K= 4595
4936.0 , Degree=0
K= 4596
167.14964702
K= 4597
4936.0 , Degree=0
K= 4598
2296.36485165
K= 4599
2493.66666667
K= 4600
4936.0 , Degree=0
K= 4601
16.6500000001
K= 4602
4936.0 , Degree=0
K= 4603
11.8662581702
K= 4604
2290.66666667
K= 4605
4936.0 , Degree=0
K= 4606
4936.0 , Degree=0
K= 4607
4936.0 , Degree=0
K= 4608
16.8666666669
K= 4609
4936.0 , Degree=0
K= 4610
4936.0 , Degree=0
K= 4611
4936.0 , Degree=0
K= 4612
4936.0 , Degree=0
K= 4613
2317.83333333
K= 4614
20.0000000001
K= 4615
2685.13809524
K= 4616
14.0000000001
K= 4617
4936.0 , Degree=0
Betweenness Centrality Improvement
[    0.     0.     0. ...,    14.  4936.     0.]
Top 20 BC Improvement
[4384 4120 4282 3829 3839 4452 4588 4530 3907 4493 4156 4051 4543 4044 4055
 4060 4058 4057 4043 4053]
Top 20 BC Improvement
[ 12443.65058628   9892.           9892.           9892.           9892.
   7529.           5237.37577547   5230.91902287   4985.           4980.95555556
   4978.           4975.57024455   4974.91313131   4944.81111111   4936.
   4936.           4936.           4936.           4936.           4936.        ]
