txValue= 1000000
Input graph
IGRAPH D--- 4619 68733 -- 
+ attr: pub_key (v), base_fee (e), capacity (e), fee_rate (e), txCost (e)
None
Graph after edges deleted
IGRAPH D--- 4619 32193 -- 
+ attr: pub_key (v), base_fee (e), capacity (e), fee_rate (e), txCost (e)
None
Our nodes starting connections: 
(4618, 2796)
(4618, 1223)
(4618, 1163)
(4618, 222)
(4618, 2745)
(4618, 3884)
(4618, 3265)
(4618, 4209)
(4618, 2087)
(4618, 3540)
(4618, 3690)
CurrentBC of our node:  507081.571345
K= 3600
4936.0 , Degree=0
K= 3601
18.4999999998
K= 3602
4936.0 , Degree=0
K= 3603
2283.0
K= 3604
4936.0 , Degree=0
K= 3605
4936.0 , Degree=0
K= 3606
4936.0 , Degree=0
K= 3607
8.00000000006
K= 3608
4936.0 , Degree=0
K= 3609
15.8049783548
K= 3610
4936.0 , Degree=0
K= 3611
2518.96384843
K= 3612
4936.0 , Degree=0
K= 3613
4936.0 , Degree=0
K= 3614
9.48437118437
K= 3615
2602.0
K= 3616
2490.50714286
K= 3617
4936.0 , Degree=0
K= 3618
15.4111111111
K= 3619
4936.0 , Degree=0
K= 3620
20.1666666665
K= 3621
4936.0 , Degree=0
K= 3622
4936.0 , Degree=0
K= 3623
4936.0 , Degree=0
K= 3624
4936.0 , Degree=0
K= 3625
33.052152706
K= 3626
4936.0 , Degree=0
K= 3627
4936.0 , Degree=0
K= 3628
2646.26619048
K= 3629
4936.0 , Degree=0
K= 3630
9.86666666681
K= 3631
4936.0 , Degree=0
K= 3632
4936.0 , Degree=0
K= 3633
16.9999999999
K= 3634
4936.0 , Degree=0
K= 3635
4936.0 , Degree=0
K= 3636
27.033882784
K= 3637
27.033882784
K= 3638
10.1186758803
K= 3639
4936.0 , Degree=0
K= 3640
2664.64444444
K= 3641
2484.72447995
K= 3642
12.9741212527
K= 3643
4936.0 , Degree=0
K= 3644
16.6166666668
K= 3645
19.9999999999
K= 3646
4936.0 , Degree=0
K= 3647
171.49871987
K= 3648
4936.0 , Degree=0
K= 3649
2611.25198413
K= 3650
4936.0 , Degree=0
K= 3651
4936.0 , Degree=0
K= 3652
4936.0 , Degree=0
K= 3653
102.750534188
K= 3654
4936.0 , Degree=0
K= 3655
4936.0 , Degree=0
K= 3656
4936.0 , Degree=0
K= 3657
4735.0
K= 3658
2329.0
K= 3659
170.701730857
K= 3660
4936.0 , Degree=0
K= 3661
16.1287878787
K= 3662
4936.0 , Degree=0
K= 3663
4936.0 , Degree=0
K= 3664
4936.0 , Degree=0
K= 3665
16.4833333335
K= 3666
27.033882784
K= 3667
4936.0 , Degree=0
K= 3668
4936.0 , Degree=0
K= 3669
2489.28571429
K= 3670
33.9404761905
K= 3671
2646.30238095
K= 3672
187.113852814
K= 3673
4936.0 , Degree=0
K= 3674
2608.0
K= 3675
4936.0 , Degree=0
K= 3676
4936.0 , Degree=0
K= 3677
12.6384803921
K= 3678
2257.61111111
K= 3679
4936.0 , Degree=0
K= 3680
13.8373737373
K= 3681
16.8404761904
K= 3682
4936.0 , Degree=0
K= 3683
2261.0
K= 3684
21.4793447293
K= 3685
4936.0 , Degree=0
K= 3686
20.1666666666
K= 3687
2595.0
K= 3688
4936.0 , Degree=0
K= 3689
17.3333333332
K= 3690
0.0
K= 3691
2579.11926129
K= 3692
2627.9375
K= 3693
2329.0
K= 3694
19.4999999998
K= 3695
3999.10690277
K= 3696
20.7782060102
K= 3697
4936.0 , Degree=0
K= 3698
4936.0 , Degree=0
K= 3699
11.6116823921
K= 3700
4936.0 , Degree=0
K= 3701
4936.0 , Degree=0
K= 3702
4936.0 , Degree=0
K= 3703
262.231874551
K= 3704
17.8666666668
K= 3705
4936.0 , Degree=0
K= 3706
4936.0 , Degree=0
K= 3707
4936.0 , Degree=0
K= 3708
4936.0 , Degree=0
K= 3709
11.3543446892
K= 3710
2630.11002506
K= 3711
2481.16666667
K= 3712
2658.01547619
K= 3713
2490.45238095
K= 3714
4936.0 , Degree=0
K= 3715
2623.11926129
K= 3716
14.4523809524
K= 3717
4936.0 , Degree=0
K= 3718
17.5238095237
K= 3719
4936.0 , Degree=0
K= 3720
46.4499999998
K= 3721
20.1666666665
K= 3722
4936.0 , Degree=0
K= 3723
348.566666667
K= 3724
2551.45775544
K= 3725
4936.0 , Degree=0
K= 3726
2638.29882839
K= 3727
2546.52309006
K= 3728
2252.61111111
K= 3729
2646.73809524
K= 3730
20.1666666665
K= 3731
12.5311268365
K= 3732
4936.0 , Degree=0
K= 3733
4936.0 , Degree=0
K= 3734
4936.0 , Degree=0
K= 3735
150.83957709
K= 3736
4936.0 , Degree=0
K= 3737
2620.30238095
K= 3738
4936.0 , Degree=0
K= 3739
4936.0 , Degree=0
K= 3740
4936.0 , Degree=0
K= 3741
4936.0 , Degree=0
K= 3742
12.4999999999
K= 3743
4936.0 , Degree=0
K= 3744
2302.66666667
K= 3745
22.6333333331
K= 3746
111.239821932
K= 3747
12.3666666668
K= 3748
15.1190476191
K= 3749
163.020297871
K= 3750
2490.61666667
K= 3751
4936.0 , Degree=0
K= 3752
15.9145021643
K= 3753
4936.0 , Degree=0
K= 3754
2678.65
K= 3755
4936.0 , Degree=0
K= 3756
18.3666666668
K= 3757
4936.0 , Degree=0
K= 3758
4936.0 , Degree=0
K= 3759
2335.0
K= 3760
115.132318101
K= 3761
4936.0 , Degree=0
K= 3762
33.7499999999
K= 3763
4936.0 , Degree=0
K= 3764
4936.0 , Degree=0
K= 3765
8.47466305346
K= 3766
4936.0 , Degree=0
K= 3767
4936.0 , Degree=0
K= 3768
11.7000000001
K= 3769
2493.32870679
K= 3770
19.4999999998
K= 3771
13.554040404
K= 3772
19.4999999999
K= 3773
4936.0 , Degree=0
K= 3774
4936.0 , Degree=0
K= 3775
2259.84156863
K= 3776
131.0
K= 3777
2494.16666667
K= 3778
4936.0 , Degree=0
K= 3779
19.6666666665
K= 3780
160.727435897
K= 3781
4936.0 , Degree=0
K= 3782
2302.66666667
K= 3783
2262.0
K= 3784
4936.0 , Degree=0
K= 3785
4936.0 , Degree=0
K= 3786
4936.0 , Degree=0
K= 3787
32.2666666665
K= 3788
19.6666666665
K= 3789
2660.88333333
K= 3790
2329.0
K= 3791
4936.0 , Degree=0
K= 3792
19.6666666665
K= 3793
181.846450771
K= 3794
2566.95597572
K= 3795
4936.0 , Degree=0
K= 3796
23.2290646401
K= 3797
4936.0 , Degree=0
K= 3798
4936.0 , Degree=0
K= 3799
4936.0 , Degree=0
K= 3800
4936.0 , Degree=0
K= 3801
4936.0 , Degree=0
K= 3802
17.3666666668
K= 3803
4936.0 , Degree=0
K= 3804
2466.63769494
K= 3805
26.2584647576
K= 3806
2493.66666667
K= 3807
2488.25
K= 3808
2604.24054644
K= 3809
2633.43690476
K= 3810
4936.0 , Degree=0
K= 3811
4936.0 , Degree=0
K= 3812
2588.59979021
K= 3813
38.5047619048
K= 3814
17.8666666668
K= 3815
34.4666666667
K= 3816
34.9866909938
K= 3817
2678.9
K= 3818
4936.0 , Degree=0
K= 3819
4936.0 , Degree=0
K= 3820
4936.0 , Degree=0
K= 3821
4936.0 , Degree=0
K= 3822
20.1666666666
K= 3823
4936.0 , Degree=0
K= 3824
4534.66666667
K= 3825
4936.0 , Degree=0
K= 3826
34.9999999999
K= 3827
4936.0 , Degree=0
K= 3828
426.126278984
K= 3829
9892.0
K= 3830
20.1666666665
K= 3831
4936.0 , Degree=0
K= 3832
4936.0 , Degree=0
K= 3833
4936.0 , Degree=0
K= 3834
2521.39587109
K= 3835
4936.0 , Degree=0
K= 3836
15.0190476191
K= 3837
4936.0 , Degree=0
K= 3838
4936.0 , Degree=0
K= 3839
9892.0
K= 3840
13.8176316503
K= 3841
4936.0 , Degree=0
K= 3842
4936.0 , Degree=0
K= 3843
4936.0 , Degree=0
K= 3844
13.4999999999
K= 3845
4936.0 , Degree=0
K= 3846
4936.0 , Degree=0
K= 3847
4936.0 , Degree=0
K= 3848
2663.15833333
K= 3849
17.0333333334
K= 3850
4936.0 , Degree=0
K= 3851
4936.0 , Degree=0
K= 3852
4936.0 , Degree=0
K= 3853
20.1250582749
K= 3854
17.7000000001
K= 3855
4936.0 , Degree=0
K= 3856
4936.0 , Degree=0
K= 3857
19.9999999999
K= 3858
2579.11926129
K= 3859
14.8690476191
K= 3860
4936.0 , Degree=0
K= 3861
17.0333333334
K= 3862
4936.0 , Degree=0
K= 3863
607.802632897
K= 3864
2554.7451067
K= 3865
2655.95
K= 3866
4936.0 , Degree=0
K= 3867
62.9756258293
K= 3868
2580.773072
K= 3869
4936.0 , Degree=0
K= 3870
4936.0 , Degree=0
K= 3871
20.1666666665
K= 3872
4936.0 , Degree=0
K= 3873
4936.0 , Degree=0
K= 3874
2606.10984848
K= 3875
19.4999999998
K= 3876
4936.0 , Degree=0
K= 3877
4936.0 , Degree=0
K= 3878
4936.0 , Degree=0
K= 3879
48.8485939438
K= 3880
65.7756258293
K= 3881
15.9383116881
K= 3882
2284.33333333
K= 3883
4936.0 , Degree=0
K= 3884
10.2928571429
K= 3885
4936.0 , Degree=0
K= 3886
62.9756258293
K= 3887
73.2023809524
K= 3888
43.0338827839
K= 3889
20.6666666666
K= 3890
4936.0 , Degree=0
K= 3891
4936.0 , Degree=0
K= 3892
4936.0 , Degree=0
K= 3893
12.5183063237
K= 3894
15.398420293
K= 3895
2520.0
K= 3896
4736.0
K= 3897
4936.0 , Degree=0
K= 3898
236.721996407
K= 3899
2461.84485229
K= 3900
4936.0 , Degree=0
K= 3901
2491.51666667
K= 3902
4742.0
K= 3903
4936.0 , Degree=0
K= 3904
17.6166666668
K= 3905
4936.0 , Degree=0
K= 3906
4936.0 , Degree=0
K= 3907
4985.0
K= 3908
4936.0 , Degree=0
K= 3909
2663.66507936
K= 3910
4936.0 , Degree=0
K= 3911
2649.00140288
K= 3912
18.1833333334
K= 3913
4936.0 , Degree=0
K= 3914
4936.0 , Degree=0
K= 3915
4936.0 , Degree=0
K= 3916
4936.0 , Degree=0
K= 3917
2344.0
K= 3918
4936.0 , Degree=0
K= 3919
4936.0 , Degree=0
K= 3920
2681.89285714
K= 3921
119.377223879
K= 3922
2476.72165751
K= 3923
169.104776596
K= 3924
4936.0 , Degree=0
K= 3925
19.4999999998
K= 3926
4706.0
K= 3927
4936.0 , Degree=0
K= 3928
15.7686813188
K= 3929
2574.1
K= 3930
11.3833959898
K= 3931
4936.0 , Degree=0
K= 3932
19.6666666666
K= 3933
33.3333333331
K= 3934
4936.0 , Degree=0
K= 3935
4936.0 , Degree=0
K= 3936
4936.0 , Degree=0
K= 3937
2485.3695071
K= 3938
34.809107559
K= 3939
4936.0 , Degree=0
K= 3940
4936.0 , Degree=0
K= 3941
4936.0 , Degree=0
K= 3942
4936.0 , Degree=0
K= 3943
2533.51319943
K= 3944
17.7000000001
K= 3945
4936.0 , Degree=0
K= 3946
4936.0 , Degree=0
K= 3947
4936.0 , Degree=0
K= 3948
2624.06442863
K= 3949
4936.0 , Degree=0
K= 3950
4936.0 , Degree=0
K= 3951
17.6833333334
K= 3952
4936.0 , Degree=0
K= 3953
4936.0 , Degree=0
K= 3954
4936.0 , Degree=0
K= 3955
2494.0
K= 3956
4936.0 , Degree=0
K= 3957
44.9792379782
K= 3958
4936.0 , Degree=0
K= 3959
2329.0
K= 3960
4936.0 , Degree=0
K= 3961
4936.0 , Degree=0
K= 3962
673.169485581
K= 3963
2568.25957875
K= 3964
4936.0 , Degree=0
K= 3965
4936.0 , Degree=0
K= 3966
4936.0 , Degree=0
K= 3967
2532.69565296
K= 3968
78.2023809523
K= 3969
2641.83523772
K= 3970
9.98760291981
K= 3971
4936.0 , Degree=0
K= 3972
4936.0 , Degree=0
K= 3973
16.3
K= 3974
16.8404761903
K= 3975
4936.0 , Degree=0
K= 3976
4936.0 , Degree=0
K= 3977
4936.0 , Degree=0
K= 3978
12.4999999998
K= 3979
4936.0 , Degree=0
K= 3980
4936.0 , Degree=0
K= 3981
4936.0 , Degree=0
K= 3982
4936.0 , Degree=0
K= 3983
19.6666666666
K= 3984
4936.0 , Degree=0
K= 3985
20.1666666665
K= 3986
4936.0 , Degree=0
K= 3987
4936.0 , Degree=0
K= 3988
19.6666666666
K= 3989
4936.0 , Degree=0
K= 3990
4936.0 , Degree=0
K= 3991
2487.97777778
K= 3992
4936.0 , Degree=0
K= 3993
19.6666666666
K= 3994
4936.0 , Degree=0
K= 3995
4936.0 , Degree=0
K= 3996
4936.0 , Degree=0
K= 3997
156.32321346
K= 3998
4936.0 , Degree=0
K= 3999
480.176986459
K= 4000
4936.0 , Degree=0
K= 4001
4936.0 , Degree=0
K= 4002
4936.0 , Degree=0
K= 4003
4936.0 , Degree=0
K= 4004
15.8787878787
K= 4005
4936.0 , Degree=0
K= 4006
4936.0 , Degree=0
K= 4007
4936.0 , Degree=0
K= 4008
49.6392888973
K= 4009
4936.0 , Degree=0
K= 4010
10.1047619046
K= 4011
4936.0 , Degree=0
K= 4012
4733.0
K= 4013
2282.0
K= 4014
2302.66666667
K= 4015
4936.0 , Degree=0
K= 4016
4936.0 , Degree=0
K= 4017
4936.0 , Degree=0
K= 4018
2682.0
K= 4019
4936.0 , Degree=0
K= 4020
296.703155562
K= 4021
23.5666666665
K= 4022
4936.0 , Degree=0
K= 4023
2501.78038486
K= 4024
2329.0
K= 4025
168.87456416
K= 4026
4936.0 , Degree=0
K= 4027
4936.0 , Degree=0
K= 4028
14.7948412697
K= 4029
4936.0 , Degree=0
K= 4030
15.837121212
K= 4031
282.265060346
K= 4032
2634.034836
K= 4033
19.6666666666
K= 4034
4936.0 , Degree=0
K= 4035
79.6413048548
K= 4036
2283.0
K= 4037
4936.0 , Degree=0
K= 4038
4936.0 , Degree=0
K= 4039
4936.0 , Degree=0
K= 4040
4936.0 , Degree=0
K= 4041
2329.0
K= 4042
4936.0 , Degree=0
K= 4043
4936.0 , Degree=0
K= 4044
4944.97777778
K= 4045
4936.0 , Degree=0
K= 4046
47.9511179262
K= 4047
7.33333333331
K= 4048
2335.0
K= 4049
19.6666666666
K= 4050
4936.0 , Degree=0
K= 4051
4975.66965976
K= 4052
4936.0 , Degree=0
K= 4053
4936.0 , Degree=0
K= 4054
13.2096153847
K= 4055
4936.0 , Degree=0
K= 4056
2624.97358095
K= 4057
4936.0 , Degree=0
K= 4058
4936.0 , Degree=0
K= 4059
3076.02379177
K= 4060
4936.0 , Degree=0
K= 4061
22.0239770231
K= 4062
4936.0 , Degree=0
K= 4063
4936.0 , Degree=0
K= 4064
4936.0 , Degree=0
K= 4065
2657.56388889
K= 4066
4936.0 , Degree=0
K= 4067
19.6666666666
K= 4068
4936.0 , Degree=0
K= 4069
6.17941595422
K= 4070
4936.0 , Degree=0
K= 4071
4936.0 , Degree=0
K= 4072
4936.0 , Degree=0
K= 4073
4936.0 , Degree=0
K= 4074
4936.0 , Degree=0
K= 4075
4903.57255681
K= 4076
19.6666666666
K= 4077
68.5398219324
K= 4078
4936.0 , Degree=0
K= 4079
4936.0 , Degree=0
K= 4080
4936.0 , Degree=0
K= 4081
16.7904761903
K= 4082
17.3166666665
K= 4083
260.066666667
K= 4084
4936.0 , Degree=0
K= 4085
15.6287878787
K= 4086
2632.43690476
K= 4087
4936.0 , Degree=0
K= 4088
4936.0 , Degree=0
K= 4089
4936.0 , Degree=0
K= 4090
4936.0 , Degree=0
K= 4091
2373.94474749
K= 4092
4936.0 , Degree=0
K= 4093
4936.0 , Degree=0
K= 4094
2657.56388889
K= 4095
4936.0 , Degree=0
K= 4096
4936.0 , Degree=0
K= 4097
41.7333333332
K= 4098
4936.0 , Degree=0
K= 4099
18.4999999998
K= 4100
20.1666666666
K= 4101
4936.0 , Degree=0
K= 4102
17.7000000001
K= 4103
2489.23071895
K= 4104
2486.36594517
K= 4105
4936.0 , Degree=0
K= 4106
4936.0 , Degree=0
K= 4107
12.9948412697
K= 4108
4722.61111111
K= 4109
4936.0 , Degree=0
K= 4110
2627.61320346
K= 4111
4936.0 , Degree=0
K= 4112
2512.80297807
K= 4113
20.1666666666
K= 4114
4936.0 , Degree=0
K= 4115
4936.0 , Degree=0
K= 4116
2484.09442848
K= 4117
19.9999999999
K= 4118
4936.0 , Degree=0
K= 4119
2488.95238095
K= 4120
9892.0
K= 4121
4731.0
K= 4122
170.188888889
K= 4123
19.6666666665
K= 4124
4936.0 , Degree=0
K= 4125
2283.0
K= 4126
15.962121212
K= 4127
4936.0 , Degree=0
K= 4128
4936.0 , Degree=0
K= 4129
2254.78662873
K= 4130
4936.0 , Degree=0
K= 4131
4936.0 , Degree=0
K= 4132
7147.44047619
K= 4133
4936.0 , Degree=0
K= 4134
4936.0 , Degree=0
K= 4135
4936.0 , Degree=0
K= 4136
4936.0 , Degree=0
K= 4137
4936.0 , Degree=0
K= 4138
4936.0 , Degree=0
K= 4139
14.9999999999
K= 4140
34.3333333331
K= 4141
4936.0 , Degree=0
K= 4142
4936.0 , Degree=0
K= 4143
2283.0
K= 4144
4936.0 , Degree=0
K= 4145
4936.0 , Degree=0
K= 4146
4736.0
K= 4147
4936.0 , Degree=0
K= 4148
4936.0 , Degree=0
K= 4149
2329.0
K= 4150
4936.0 , Degree=0
K= 4151
4936.0 , Degree=0
K= 4152
19.6666666666
K= 4153
19.6666666666
K= 4154
13.9999999999
K= 4155
158.109848485
K= 4156
4978.0
K= 4157
6.48848039203
K= 4158
4936.0 , Degree=0
K= 4159
2490.65
K= 4160
2270.33333333
K= 4161
54.697935702
K= 4162
4936.0 , Degree=0
K= 4163
4936.0 , Degree=0
K= 4164
4936.0 , Degree=0
K= 4165
4936.0 , Degree=0
K= 4166
4936.0 , Degree=0
K= 4167
4936.0 , Degree=0
K= 4168
2623.11926129
K= 4169
151.078046426
K= 4170
69.252446493
K= 4171
149.693775159
K= 4172
4936.0 , Degree=0
K= 4173
4936.0 , Degree=0
K= 4174
4936.0 , Degree=0
K= 4175
2636.57387978
K= 4176
10.1117314358
K= 4177
4936.0 , Degree=0
K= 4178
4936.0 , Degree=0
K= 4179
4936.0 , Degree=0
K= 4180
2613.07804643
K= 4181
2613.07804643
K= 4182
4936.0 , Degree=0
K= 4183
4936.0 , Degree=0
K= 4184
2568.25957875
K= 4185
13.0333333334
K= 4186
4936.0 , Degree=0
K= 4187
2628.9
K= 4188
4936.0 , Degree=0
K= 4189
23.9040626074
K= 4190
17.5333333334
K= 4191
4936.0 , Degree=0
K= 4192
2594.16825397
K= 4193
2487.00891312
K= 4194
33.3333333331
K= 4195
4936.0 , Degree=0
K= 4196
19.8333333331
K= 4197
4936.0 , Degree=0
K= 4198
11.1980056979
K= 4199
2654.92063492
K= 4200
2621.22100215
K= 4201
15.8163003664
K= 4202
12.6111111112
K= 4203
4936.0 , Degree=0
K= 4204
32.9671830438
K= 4205
4936.0 , Degree=0
K= 4206
2270.33333333
K= 4207
17.6833333335
K= 4208
4936.0 , Degree=0
K= 4209
0.474025973934
K= 4210
4936.0 , Degree=0
K= 4211
4936.0 , Degree=0
K= 4212
4737.61111111
K= 4213
2302.66666667
K= 4214
19.6666666665
K= 4215
4936.0 , Degree=0
K= 4216
4936.0 , Degree=0
K= 4217
4936.0 , Degree=0
K= 4218
63.5342203548
K= 4219
4936.0 , Degree=0
K= 4220
4936.0 , Degree=0
K= 4221
4936.0 , Degree=0
K= 4222
18.6666666665
K= 4223
4936.0 , Degree=0
K= 4224
2490.72380952
K= 4225
4936.0 , Degree=0
K= 4226
153.346699301
K= 4227
4936.0 , Degree=0
K= 4228
4936.0 , Degree=0
K= 4229
16.6499999999
K= 4230
2642.33852814
K= 4231
18.757142857
K= 4232
4689.8
K= 4233
4936.0 , Degree=0
K= 4234
10.078789898
K= 4235
2663.31428571
K= 4236
42.836687675
K= 4237
4659.0
K= 4238
169.416772067
K= 4239
34.3333333331
K= 4240
27.9555555554
K= 4241
139.502211497
K= 4242
2479.62863191
K= 4243
5.21909460105
K= 4244
2490.03443305
K= 4245
2568.31967363
K= 4246
19.2000000001
K= 4247
4936.0 , Degree=0
K= 4248
2326.01677489
K= 4249
4936.0 , Degree=0
K= 4250
4936.0 , Degree=0
K= 4251
4936.0 , Degree=0
K= 4252
4936.0 , Degree=0
K= 4253
4936.0 , Degree=0
K= 4254
4936.0 , Degree=0
K= 4255
4936.0 , Degree=0
K= 4256
4936.0 , Degree=0
K= 4257
4567.66666667
K= 4258
4936.0 , Degree=0
K= 4259
10.607142857
K= 4260
4936.0 , Degree=0
K= 4261
2494.16666667
K= 4262
4936.0 , Degree=0
K= 4263
2504.33333333
K= 4264
4936.0 , Degree=0
K= 4265
4936.0 , Degree=0
K= 4266
18.6641414143
K= 4267
4936.0 , Degree=0
K= 4268
4936.0 , Degree=0
K= 4269
4936.0 , Degree=0
K= 4270
2645.93049951
K= 4271
4936.0 , Degree=0
K= 4272
4936.0 , Degree=0
K= 4273
4936.0 , Degree=0
K= 4274
2329.0
K= 4275
11.8917249416
K= 4276
17.3166666665
K= 4277
2603.95
K= 4278
12.0964868463
K= 4279
4936.0 , Degree=0
K= 4280
2283.0
K= 4281
17.6166666668
K= 4282
9892.0
K= 4283
12.8830280831
K= 4284
4936.0 , Degree=0
K= 4285
17.7000000001
K= 4286
46.4671504965
K= 4287
4936.0 , Degree=0
K= 4288
4936.0 , Degree=0
K= 4289
39.7427917371
K= 4290
2586.59979021
K= 4291
11.0582974434
K= 4292
23.9999999998
K= 4293
76.4561643336
K= 4294
119.988095238
K= 4295
4936.0 , Degree=0
K= 4296
4936.0 , Degree=0
K= 4297
4936.0 , Degree=0
K= 4298
4936.0 , Degree=0
K= 4299
2660.96666667
K= 4300
2643.86029472
K= 4301
2262.0
K= 4302
2487.97777778
K= 4303
4936.0 , Degree=0
K= 4304
2521.09331209
K= 4305
161.973580951
K= 4306
62.2849653544
K= 4307
19.4999999999
K= 4308
4936.0 , Degree=0
K= 4309
2494.0
K= 4310
4936.0 , Degree=0
K= 4311
15.0357142857
K= 4312
4936.0 , Degree=0
K= 4313
13.9777777778
K= 4314
16.7738095237
K= 4315
4936.0 , Degree=0
K= 4316
4936.0 , Degree=0
K= 4317
4936.0 , Degree=0
K= 4318
62.9756258293
K= 4319
19.6666666666
K= 4320
4936.0 , Degree=0
K= 4321
4731.96111111
K= 4322
6.64484126971
K= 4323
20.1666666666
K= 4324
82.4968257661
K= 4325
10.3333333334
K= 4326
2288.0
K= 4327
2609.39587109
K= 4328
18.4999999999
K= 4329
15.6023809523
K= 4330
27.2802752804
K= 4331
4936.0 , Degree=0
K= 4332
4936.0 , Degree=0
K= 4333
10.8555253789
K= 4334
4936.0 , Degree=0
K= 4335
4936.0 , Degree=0
K= 4336
12.9999999999
K= 4337
27.1666666665
K= 4338
4936.0 , Degree=0
K= 4339
4936.0 , Degree=0
K= 4340
4936.0 , Degree=0
K= 4341
2664.24285714
K= 4342
4936.0 , Degree=0
K= 4343
4936.0 , Degree=0
K= 4344
4936.0 , Degree=0
K= 4345
15.1190476191
K= 4346
13.7401521077
K= 4347
4706.0
K= 4348
4936.0 , Degree=0
K= 4349
4936.0 , Degree=0
K= 4350
191.594518627
K= 4351
14.4523809524
K= 4352
67.0492459506
K= 4353
4936.0 , Degree=0
K= 4354
4936.0 , Degree=0
K= 4355
4936.0 , Degree=0
K= 4356
4936.0 , Degree=0
K= 4357
2504.52309006
K= 4358
45.3333333331
K= 4359
43.552078274
K= 4360
2378.02696204
K= 4361
26.033882784
K= 4362
4936.0 , Degree=0
K= 4363
11.8666666668
K= 4364
4936.0 , Degree=0
K= 4365
4936.0 , Degree=0
K= 4366
54.8090632631
K= 4367
57.0
K= 4368
2631.18333333
K= 4369
19.6666666665
K= 4370
4936.0 , Degree=0
K= 4371
2594.60021479
K= 4372
129.611111111
K= 4373
2262.0
K= 4374
2449.63870375
K= 4375
4936.0 , Degree=0
K= 4376
63.1213660256
K= 4377
4936.0 , Degree=0
K= 4378
2665.11111111
K= 4379
4936.0 , Degree=0
K= 4380
4936.0 , Degree=0
K= 4381
4936.0 , Degree=0
K= 4382
2679.45238095
K= 4383
19.9999999999
K= 4384
12444.2447649
K= 4385
4936.0 , Degree=0
K= 4386
2490.65714286
K= 4387
2621.06966905
K= 4388
2640.67658182
K= 4389
4936.0 , Degree=0
K= 4390
26.217946695
K= 4391
19.6666666666
K= 4392
81.4484586846
K= 4393
15.1666666668
K= 4394
4936.0 , Degree=0
K= 4395
4936.0 , Degree=0
K= 4396
4936.0 , Degree=0
K= 4397
4936.0 , Degree=0
K= 4398
4936.0 , Degree=0
K= 4399
4936.0 , Degree=0
K= 4400
21.6333333332
K= 4401
4936.0 , Degree=0
K= 4402
4936.0 , Degree=0
K= 4403
109.31323512
K= 4404
4936.0 , Degree=0
K= 4405
4936.0 , Degree=0
K= 4406
20.1666666665
K= 4407
4936.0 , Degree=0
K= 4408
2325.0
K= 4409
4936.0 , Degree=0
K= 4410
4936.0 , Degree=0
K= 4411
4936.0 , Degree=0
K= 4412
4936.0 , Degree=0
K= 4413
20.1666666665
K= 4414
4936.0 , Degree=0
K= 4415
4936.0 , Degree=0
K= 4416
4690.8
K= 4417
2490.60714286
K= 4418
4936.0 , Degree=0
K= 4419
158.851963174
K= 4420
170.493035396
K= 4421
16.8904761904
K= 4422
4936.0 , Degree=0
K= 4423
2485.87595738
K= 4424
17.5333333334
K= 4425
4936.0 , Degree=0
K= 4426
4936.0 , Degree=0
K= 4427
4936.0 , Degree=0
K= 4428
4936.0 , Degree=0
K= 4429
4936.0 , Degree=0
K= 4430
2302.66666667
K= 4431
16.7738095237
K= 4432
4936.0 , Degree=0
K= 4433
4936.0 , Degree=0
K= 4434
5.2333333334
K= 4435
4936.0 , Degree=0
K= 4436
2487.97777778
K= 4437
170.335655046
K= 4438
2646.30238095
K= 4439
4936.0 , Degree=0
K= 4440
16.1166666668
K= 4441
4936.0 , Degree=0
K= 4442
2801.1621364
K= 4443
19.6666666666
K= 4444
20.1666666666
K= 4445
4936.0 , Degree=0
K= 4446
2329.0
K= 4447
4936.0 , Degree=0
K= 4448
2460.11926129
K= 4449
4936.0 , Degree=0
K= 4450
4936.0 , Degree=0
K= 4451
13.2707070707
K= 4452
7519.0
K= 4453
4936.0 , Degree=0
K= 4454
4936.0 , Degree=0
K= 4455
36.0496024571
K= 4456
4936.0 , Degree=0
K= 4457
12.7329857411
K= 4458
4936.0 , Degree=0
K= 4459
15.2500000001
K= 4460
4936.0 , Degree=0
K= 4461
34.6666666666
K= 4462
204.9
K= 4463
2144.0
K= 4464
4936.0 , Degree=0
K= 4465
11.7666666668
K= 4466
19.9999999999
K= 4467
4936.0 , Degree=0
K= 4468
4936.0 , Degree=0
K= 4469
4936.0 , Degree=0
K= 4470
4936.0 , Degree=0
K= 4471
20.7142857141
K= 4472
4936.0 , Degree=0
K= 4473
19.3333333332
K= 4474
20.1666666666
K= 4475
4936.0 , Degree=0
K= 4476
41.5384398977
K= 4477
4936.0 , Degree=0
K= 4478
4936.0 , Degree=0
K= 4479
42.836687675
K= 4480
4936.0 , Degree=0
K= 4481
4936.0 , Degree=0
K= 4482
13.6666666665
K= 4483
4936.0 , Degree=0
K= 4484
4936.0 , Degree=0
K= 4485
2262.0
K= 4486
2559.08463203
K= 4487
62.9756258293
K= 4488
11.6000000001
K= 4489
4936.0 , Degree=0
K= 4490
21.0666666666
K= 4491
2669.68333333
K= 4492
2665.56388889
K= 4493
4986.95555556
K= 4494
19.6666666666
K= 4495
4936.0 , Degree=0
K= 4496
168.742895181
K= 4497
13.1666666666
K= 4498
4697.0
K= 4499
4936.0 , Degree=0
K= 4500
4936.0 , Degree=0
K= 4501
2250.66666667
K= 4502
2473.93055556
K= 4503
2489.17476738
K= 4504
13.0190476191
K= 4505
2491.51666667
K= 4506
4936.0 , Degree=0
K= 4507
33.29459539
K= 4508
4936.0 , Degree=0
K= 4509
4936.0 , Degree=0
K= 4510
4936.0 , Degree=0
K= 4511
4936.0 , Degree=0
K= 4512
4936.0 , Degree=0
K= 4513
4936.0 , Degree=0
K= 4514
17.0238095237
K= 4515
4936.0 , Degree=0
K= 4516
4936.0 , Degree=0
K= 4517
20.1666666665
K= 4518
10.2142135641
K= 4519
320.883205692
K= 4520
4936.0 , Degree=0
K= 4521
39.3333333331
K= 4522
4936.0 , Degree=0
K= 4523
4936.0 , Degree=0
K= 4524
4936.0 , Degree=0
K= 4525
13.6666666665
K= 4526
15.1190476191
K= 4527
2546.52309006
K= 4528
13.8948412697
K= 4529
18.3666666668
K= 4530
5210.89203115
K= 4531
4936.0 , Degree=0
K= 4532
4936.0 , Degree=0
K= 4533
16.6166666668
K= 4534
18.3666666668
K= 4535
4936.0 , Degree=0
K= 4536
4936.0 , Degree=0
K= 4537
4936.0 , Degree=0
K= 4538
19.4999999999
K= 4539
4936.0 , Degree=0
K= 4540
2622.74809219
K= 4541
4936.0 , Degree=0
K= 4542
62.767292496
K= 4543
4975.17979798
K= 4544
2410.0
K= 4545
4936.0 , Degree=0
K= 4546
4936.0 , Degree=0
K= 4547
4936.0 , Degree=0
K= 4548
4936.0 , Degree=0
K= 4549
37.3214285715
K= 4550
13.3583916082
K= 4551
4936.0 , Degree=0
K= 4552
4696.8
K= 4553
2607.25957875
K= 4554
356.713077982
K= 4555
4936.0 , Degree=0
K= 4556
4936.0 , Degree=0
K= 4557
4936.0 , Degree=0
K= 4558
2498.17063492
K= 4559
4936.0 , Degree=0
K= 4560
4936.0 , Degree=0
K= 4561
4936.0 , Degree=0
K= 4562
4936.0 , Degree=0
K= 4563
2613.34126383
K= 4564
4936.0 , Degree=0
K= 4565
51.0775815259
K= 4566
4936.0 , Degree=0
K= 4567
15.8666666668
K= 4568
4936.0 , Degree=0
K= 4569
2283.0
K= 4570
4936.0 , Degree=0
K= 4571
41.8697844647
K= 4572
4936.0 , Degree=0
K= 4573
2270.33333333
K= 4574
4936.0 , Degree=0
K= 4575
144.625338456
K= 4576
4697.0
K= 4577
4936.0 , Degree=0
K= 4578
4936.0 , Degree=0
K= 4579
9.0
K= 4580
4936.0 , Degree=0
K= 4581
17.8666666668
K= 4582
4936.0 , Degree=0
K= 4583
4936.0 , Degree=0
K= 4584
36.7333333332
K= 4585
4718.37878788
K= 4586
16.857142857
K= 4587
10.6499999999
K= 4588
5232.57688177
K= 4589
4936.0 , Degree=0
K= 4590
152.382777852
K= 4591
69.3370632873
K= 4592
17.5333333334
K= 4593
2490.7
K= 4594
18.1743256742
K= 4595
4936.0 , Degree=0
K= 4596
157.340411811
K= 4597
4936.0 , Degree=0
K= 4598
2300.75194842
K= 4599
2493.66666667
K= 4600
4936.0 , Degree=0
K= 4601
16.6499999999
K= 4602
4936.0 , Degree=0
K= 4603
11.6995915032
K= 4604
2302.66666667
K= 4605
4936.0 , Degree=0
K= 4606
4936.0 , Degree=0
K= 4607
4936.0 , Degree=0
K= 4608
16.7000000001
K= 4609
4936.0 , Degree=0
K= 4610
4936.0 , Degree=0
K= 4611
4936.0 , Degree=0
K= 4612
4936.0 , Degree=0
K= 4613
2329.0
K= 4614
19.9999999999
K= 4615
2673.87142857
K= 4616
14.0
K= 4617
4936.0 , Degree=0
Betweenness Centrality Improvement
[    0.     0.     0. ...,    14.  4936.     0.]
Top 20 BC Improvement
[4384 4120 3829 3839 4282 4452 4132 4588 4530 4493 3907 4156 4051 4543 4044
 4053 4057 4058 4062 4052]
Top 20 BC Improvement
[ 12444.24476494   9892.           9892.           9892.           9892.
   7519.           7147.44047619   5232.57688177   5210.89203115
   4986.95555556   4985.           4978.           4975.66965976
   4975.17979798   4944.97777778   4936.           4936.           4936.
   4936.           4936.        ]
