greedyBC_new1.py:214: SyntaxWarning: name 'maxRewFee' is used prior to global declaration
  global maxRewFee
greedyBC_new1.py:215: SyntaxWarning: name 'maxRew' is used prior to global declaration
  global maxRew
txValue= 10000
Input graph
IGRAPH D--- 4619 68733 -- 
+ attr: pub_key (v), base_fee (e), capacity (e), fee_rate (e), txCost (e)
None
Graph after edges deleted
IGRAPH D--- 4619 68697 -- 
+ attr: pub_key (v), base_fee (e), capacity (e), fee_rate (e), txCost (e)
None
Our nodes starting connections: 
(4618, 2796)
(4618, 1223)
(4618, 3265)
(4618, 1163)
igraph.Edge(<igraph.Graph object at 0x7fd73f25f718>, 68693, {'txCost': 1010, 'base_fee': 1, 'capacity': 5000000, 'fee_rate': 1, 'edgebetweenness': 5967.0})
igraph.Edge(<igraph.Graph object at 0x7fd73f25f718>, 68695, {'txCost': 1010, 'base_fee': 1, 'capacity': 5000000, 'fee_rate': 1, 'edgebetweenness': 793795.86666666681})
igraph.Edge(<igraph.Graph object at 0x7fd73f25f718>, 68697, {'txCost': 8192, 'base_fee': 8192, 'capacity': 100000000, 'fee_rate': 0, 'edgebetweenness': 26052.0})
igraph.Edge(<igraph.Graph object at 0x7fd73f25f718>, 68699, {'txCost': 1009, 'base_fee': 1009, 'capacity': 100000000, 'fee_rate': 0, 'edgebetweenness': 5565.0})
Initial reward: 1026793564.33
Starting Time: 1569128185.22
K= 80 1026812164.33 1030.0
K= 81 1031485797.33 2019.0
K= 82 0.0 1.0
K= 83 0.0 1.0
K= 84 0.0 1.0
K= 85 0.0 1.0
K= 86 0.0 1.0
K= 87 0.0 1.0
K= 88 0.0 1.0
K= 89 0.0 1.0
K= 420 0.0 1.0
K= 421 1035824240.33 1039.0
K= 422 0.0 1.0
K= 423 0.0 1.0
K= 424 0.0 1.0
K= 425 0.0 1.0
K= 426 0.0 1.0
K= 427 0.0 1.0
K= 428 0.0 1.0
K= 429 0.0 1.0
K= 790 0.0 1.0
K= 791 0.0 1.0
K= 792 0.0 1.0
K= 793 0.0 1.0
K= 794 0.0 1.0
K= 795 0.0 1.0
K= 796 0.0 1.0
K= 797 0.0 1.0
K= 798 1062465762.33 8192.0
K= 799 0.0 1.0
K= 270 1026812164.33 1110.0
K= 271 1062248802.33 8192.0
K= 272 0.0 1.0
K= 273 0 0 , Degree=0
K= 274 0.0 1.0
K= 275 0.0 1.0
K= 276 0.0 1.0
K= 277 0.0 1.0
K= 278 0.0 1.0
K= 279 0.0 1.0
K= 330 0.0 1.0
K= 331 0.0 1.0
K= 332 0 0 , Degree=0
K= 333 0.0 1.0
K= 334 0.0 1.0
K= 335 0.0 1.0
K= 336 0.0 1.0
K= 337 0.0 1.0
K= 338 0.0 1.0
K= 339 0.0 1.0
K= 430 0.0 1.0
K= 431 0.0 1.0
K= 432 0.0 1.0
K= 433 0.0 1.0
K= 434 0.0 1.0
K= 435 0.0 1.0
K= 436 0.0 1.0
K= 437 0.0 1.0
K= 438 0.0 1.0
K= 439 0.0 1.0
K= 700 0.0 1.0
K= 701 0.0 1.0
K= 702 0.0 1.0
K= 703 0.0 1.0
K= 704 0.0 1.0
K= 705 0.0 1.0
K= 706 0.0 1.0
K= 707 1062364798.33 8192.0
K= 708 0.0 1.0
K= 709 0.0 1.0
K= 920 0.0 1.0
K= 921 0.0 1.0
K= 922 0.0 1.0
K= 923 0.0 1.0
K= 924 0.0 1.0
K= 925 0.0 1.0
K= 926 0.0 1.0
K= 927 0.0 1.0
K= 928 0.0 1.0
K= 929 0.0 1.0
K= 240 1027144985.67 2019.0
K= 241 0.0 1.0
K= 242 0.0 1.0
K= 243 0.0 1.0
K= 244 0.0 1.0
K= 245 1066721899.33 8192.0
K= 246 0.0 1.0
K= 247 0.0 1.0
K= 248 0.0 1.0
K= 249 0.0 1.0
K= 410 0.0 1.0
K= 411 0.0 1.0
K= 412 0.0 1.0
K= 413 0 0 , Degree=0
K= 414 0.0 1.0
K= 415 0.0 1.0
K= 416 0.0 1.0
K= 417 0.0 1.0
K= 418 0.0 1.0
K= 419 0.0 1.0
K= 650 0.0 1.0
K= 651 0.0 1.0
K= 652 0.0 1.0
K= 653 0.0 1.0
K= 654 0.0 1.0
K= 655 0.0 1.0
K= 656 0.0 1.0
K= 657 0.0 1.0
K= 658 0.0 1.0
K= 659 0 0 , Degree=0
K= 980 0.0 1.0
K= 981 0.0 1.0
K= 982 0.0 1.0
K= 983 0 0 , Degree=0
K= 984 0.0 1.0
K= 985 0.0 1.0
K= 986 0.0 1.0
K= 987 0.0 1.0
K= 988 0.0 1.0
K= 989 0.0 1.0
K= 1200 0.0 1.0
K= 210 1026797284.33 1030.0
K= 211 0.0 1.0
K= 212 1026815884.33 1130.0
K= 213 0.0 1.0
K= 214 0.0 1.0
K= 215 1062248802.33 8192.0
K= 216 0.0 1.0
K= 217 0.0 1.0
K= 218 0.0 1.0
K= 219 0.0 1.0
K= 580 0.0 1.0
K= 581 0.0 1.0
K= 582 0.0 1.0
K= 583 0.0 1.0
K= 584 0.0 1.0
K= 585 0.0 1.0
K= 586 0.0 1.0
K= 587 0.0 1.0
K= 588 0.0 1.0
K= 589 0.0 1.0
K= 930 0.0 1.0
K= 931 0.0 1.0
K= 932 0.0 1.0
K= 933 0.0 1.0
K= 934 0.0 1.0
K= 935 0.0 1.0
K= 936 0.0 1.0
K= 937 0.0 1.0
K= 938 0.0 1.0
K= 939 0.0 1.0
K= 100 1027213356.0 2049.0
K= 101 0.0 1.0
K= 102 0.0 1.0
K= 103 0.0 1.0
K= 104 0.0 1.0
K= 105 1027290781.0 2039.0
K= 106 0.0 1.0
K= 107 0.0 1.0
K= 108 0.0 1.0
K= 109 0.0 1.0
K= 470 0.0 1.0
K= 471 0.0 1.0
K= 472 0.0 1.0
K= 473 0.0 1.0
K= 474 0.0 1.0
K= 475 1031432772.33 2019.0
K= 476 0.0 1.0
K= 477 0.0 1.0
K= 478 0.0 1.0
K= 479 0.0 1.0
K= 1020 1062404596.43 8192.0
K= 1021 0.0 1.0
K= 1022 0.0 1.0
K= 1023 0.0 1.0
K= 1024 0.0 1.0
K= 1025 0.0 1.0
K= 1026 0.0 1.0
K= 1027 0.0 1.0
K= 1028 0.0 1.0
K= 1029 0 0 , Degree=0
K= 140 1027199780.0 2039.0
K= 141 0.0 1.0
K= 142 1062364798.33 8192.0
K= 143 0.0 1.0
K= 144 0.0 1.0
K= 145 0.0 1.0
K= 146 0.0 1.0
K= 147 0.0 1.0
K= 148 0.0 1.0
K= 149 0.0 1.0
K= 450 0 0 , Degree=0
K= 451 0.0 1.0
K= 452 0.0 1.0
K= 453 0.0 1.0
K= 454 0.0 1.0
K= 455 0.0 1.0
K= 456 0 0 , Degree=0
K= 457 0.0 1.0
K= 458 0.0 1.0
K= 459 0.0 1.0
K= 620 0.0 1.0
K= 621 0.0 1.0
K= 622 0.0 1.0
K= 623 0.0 1.0
K= 624 0.0 1.0
K= 625 0.0 1.0
K= 626 0.0 1.0
K= 627 0.0 1.0
K= 628 0.0 1.0
K= 629 1066603171.33 8192.0
K= 900 0.0 1.0
K= 901 0.0 1.0
K= 902 0.0 1.0
K= 903 0.0 1.0
K= 904 0.0 1.0
K= 905 0.0 1.0
K= 906 0.0 1.0
K= 907 0.0 1.0
K= 908 0.0 1.0
K= 909 0.0 1.0
K= 280 1062248802.33 8192.0
K= 281 0.0 1.0
K= 282 0.0 1.0
K= 283 1062397584.33 8192.0
K= 284 0.0 1.0
K= 285 0.0 1.0
K= 286 0.0 1.0
K= 287 0.0 1.0
K= 288 0.0 1.0
K= 289 0.0 1.0
K= 340 0.0 1.0
K= 341 0.0 1.0
K= 342 1066705403.33 8192.0
K= 343 0.0 1.0
K= 344 0.0 1.0
K= 345 0.0 1.0
K= 346 0.0 1.0
K= 347 0.0 1.0
K= 348 0.0 1.0
K= 349 0.0 1.0
K= 530 0.0 1.0
K= 531 0.0 1.0
K= 532 0.0 1.0
K= 533 0.0 1.0
K= 534 0.0 1.0
K= 535 0.0 1.0
K= 536 0.0 1.0
K= 537 0.0 1.0
K= 538 0.0 1.0
K= 539 0.0 1.0
K= 730 0.0 1.0
K= 731 0.0 1.0
K= 732 0.0 1.0
K= 733 0.0 1.0
K= 734 0.0 1.0
K= 735 0.0 1.0
K= 736 0.0 1.0
K= 737 0.0 1.0
K= 738 0.0 1.0
K= 739 0.0 1.0
K= 990 0.0 1.0
K= 991 0.0 1.0
K= 992 0.0 1.0
K= 993 0.0 1.0
K= 994 0.0 1.0
K= 995 0.0 1.0
K= 996 0.0 1.0
K= 997 0.0 1.0
K= 998 0.0 1.0
K= 999 0.0 1.0
K= 30 1026798958.33 1039.0
K= 31 1027559140.33 2039.0
K= 32 0.0 1.0
K= 33 0.0 1.0
K= 34 0.0 1.0
K= 35 0.0 1.0
K= 36 1066715615.33 8192.0
K= 37 0.0 1.0
K= 38 0.0 1.0
K= 39 0.0 1.0
K= 480 0.0 1.0
K= 481 0.0 1.0
K= 482 0.0 1.0
K= 483 0.0 1.0
K= 484 0.0 1.0
K= 485 0.0 1.0
K= 486 0.0 1.0
K= 487 0.0 1.0
K= 488 0.0 1.0
K= 489 0.0 1.0
K= 740 0.0 1.0
K= 741 0.0 1.0
K= 742 0.0 1.0
K= 743 0.0 1.0
K= 744 0.0 1.0
K= 745 0.0 1.0
K= 746 0.0 1.0
K= 747 0.0 1.0
K= 748 0.0 1.0
K= 749 0.0 1.0
K= 1010 0.0 1.0
K= 1011 0.0 1.0
K= 1012 0.0 1.0
K= 1013 0.0 1.0
K= 1014 0.0 1.0
K= 1015 0.0 1.0
K= 1016 0.0 1.0
K= 1017 0.0 1.0
K= 1018 0.0 1.0
K= 1019 0.0 1.0
K= 160 1026797284.33 1030.0
K= 161 1035466351.33 988.0
K= 162 0.0 1.0
K= 163 0.0 1.0
K= 164 0.0 1.0
K= 165 0.0 1.0
K= 166 0.0 1.0
K= 167 0.0 1.0
K= 168 0.0 1.0
K= 169 0.0 1.0
K= 440 0.0 1.0
K= 441 0.0 1.0
K= 442 0.0 1.0
K= 443 0.0 1.0
K= 444 0.0 1.0
K= 445 0.0 1.0
K= 446 1066682256.83 8192.0
K= 447 0.0 1.0
K= 448 0.0 1.0
K= 449 0.0 1.0
K= 760 0.0 1.0
K= 761 0.0 1.0
K= 762 0.0 1.0
K= 763 0 0 , Degree=0
K= 764 0.0 1.0
K= 765 0.0 1.0
K= 766 0.0 1.0
K= 767 0.0 1.0
K= 768 0.0 1.0
K= 769 0.0 1.0
K= 1000 0.0 1.0
K= 1001 0.0 1.0
K= 1002 0.0 1.0
K= 1003 0.0 1.0
K= 1004 0.0 1.0
K= 1005 0.0 1.0
K= 1006 0.0 1.0
K= 1007 0.0 1.0
K= 1008 0.0 1.0
K= 1009 0 0 , Degree=0
K= 90 1026985276.33 2019.0
K= 91 0.0 1.0
K= 92 0.0 1.0
K= 93 0.0 1.0
K= 94 0.0 1.0
K= 95 0.0 1.0
K= 96 0.0 1.0
K= 97 1031491857.33 2019.0
K= 98 0.0 1.0
K= 99 0.0 1.0
K= 880 1032635958.51 1018.0
K= 881 0.0 1.0
K= 882 0.0 1.0
K= 883 0.0 1.0
K= 884 0.0 1.0
K= 885 0.0 1.0
K= 886 0.0 1.0
K= 887 0.0 1.0
K= 888 0.0 1.0
K= 889 0.0 1.0
K= 180 1026795396.33 1009.0
K= 181 0 0 , Degree=0
K= 182 1026797284.33 1030.0
K= 183 1026818302.33 1029.0
K= 184 0.0 1.0
K= 185 1026910744.33 1640.0
K= 186 1062216328.33 8192.0
K= 187 0.0 1.0
K= 188 0 0 , Degree=0
K= 189 0.0 1.0
K= 520 0.0 1.0
K= 521 0.0 1.0
K= 522 0.0 1.0
K= 523 0.0 1.0
K= 524 0.0 1.0
K= 525 0.0 1.0
K= 526 0.0 1.0
K= 527 0.0 1.0
K= 528 0.0 1.0
K= 529 0.0 1.0
K= 710 0 0 , Degree=0
K= 711 0.0 1.0
K= 712 0.0 1.0
K= 713 0.0 1.0
K= 714 0.0 1.0
K= 715 1062546559.33 8192.0
K= 716 0.0 1.0
K= 717 0.0 1.0
K= 718 0.0 1.0
K= 719 0.0 1.0
K= 950 0.0 1.0
K= 951 0.0 1.0
K= 952 0.0 1.0
K= 953 0.0 1.0
K= 954 0.0 1.0
K= 955 0.0 1.0
K= 956 0.0 1.0
K= 957 0.0 1.0
K= 958 0.0 1.0
K= 959 0.0 1.0
K= 20 1026798958.33 1039.0
K= 21 0.0 1.0
K= 22 1027157633.33 2020.0
K= 23 0.0 1.0
K= 24 0.0 1.0
K= 25 0.0 1.0
K= 26 0.0 1.0
K= 27 0.0 1.0
K= 28 0.0 1.0
K= 29 0.0 1.0
K= 750 0.0 1.0
K= 751 0.0 1.0
K= 752 0.0 1.0
K= 753 1027169764.33 2019.0
K= 754 1039930958.43 1028.0
K= 755 0.0 1.0
K= 756 0.0 1.0
K= 757 0.0 1.0
K= 758 0.0 1.0
K= 759 0.0 1.0
K= 170 1066728969.33 8192.0
K= 171 0.0 1.0
K= 172 0.0 1.0
K= 173 0.0 1.0
K= 174 0.0 1.0
K= 175 0.0 1.0
K= 176 0.0 1.0
K= 177 0.0 1.0
K= 178 0.0 1.0
K= 179 0.0 1.0
K= 360 0.0 1.0
K= 361 0.0 1.0
K= 362 0.0 1.0
K= 363 0.0 1.0
K= 364 0.0 1.0
K= 365 0.0 1.0
K= 366 0.0 1.0
K= 367 0.0 1.0
K= 368 0.0 1.0
K= 369 0.0 1.0
K= 540 0.0 1.0
K= 541 0.0 1.0
K= 542 0.0 1.0
K= 543 0.0 1.0
K= 544 0.0 1.0
K= 545 0.0 1.0
K= 546 0.0 1.0
K= 547 0.0 1.0
K= 548 0.0 1.0
K= 549 0.0 1.0
K= 840 0.0 1.0
K= 841 0.0 1.0
K= 842 0.0 1.0
K= 843 0.0 1.0
K= 844 0.0 1.0
K= 845 0.0 1.0
K= 846 0.0 1.0
K= 847 0.0 1.0
K= 848 0.0 1.0
K= 849 0.0 1.0
K= 1090 0.0 1.0
K= 1091 0.0 1.0
K= 1092 0.0 1.0
K= 1093 0 0 , Degree=0
K= 1094 0.0 1.0
K= 1095 0.0 1.0
K= 1096 0.0 1.0
K= 1097 0.0 1.0
K= 1098 0.0 1.0
K= 1099 0 0 , Degree=0
K= 200 1026801190.33 1051.0
K= 201 0.0 1.0
K= 202 0.0 1.0
K= 203 1027216764.83 2039.0
K= 204 0.0 1.0
K= 205 0.0 1.0
K= 206 0 0 , Degree=0
K= 207 0.0 1.0
K= 208 0.0 1.0
K= 209 1035466351.33 988.0
K= 670 0.0 1.0
K= 671 0.0 1.0
K= 672 0.0 1.0
K= 673 0.0 1.0
K= 674 0.0 1.0
K= 675 0.0 1.0
K= 676 0.0 1.0
K= 677 0.0 1.0
K= 678 0.0 1.0
K= 679 0.0 1.0
K= 1140 0.0 1.0
K= 1141 0.0 1.0
K= 1142 1066603171.33 8192.0
K= 1143 0.0 1.0
K= 1144 0.0 1.0
K= 1145 0.0 1.0
K= 1146 0.0 1.0
K= 1147 0.0 1.0
K= 1148 0 0 , Degree=0
K= 1149 0.0 1.0
K= 220 1032657306.53 1018.0
K= 221 0.0 1.0
K= 222 0.0 1.0
K= 223 1062248802.33 8192.0
K= 224 0.0 1.0
K= 225 0.0 1.0
K= 226 0.0 1.0
K= 227 0.0 1.0
K= 228 0.0 1.0
K= 229 0.0 1.0
K= 390 0.0 1.0
K= 391 0.0 1.0
K= 392 0.0 1.0
K= 393 0.0 1.0
K= 394 0 0 , Degree=0
K= 395 0.0 1.0
K= 396 0.0 1.0
K= 397 0.0 1.0
K= 398 0.0 1.0
K= 399 0.0 1.0
K= 550 0.0 1.0
K= 551 0.0 1.0
K= 552 0.0 1.0
K= 553 0.0 1.0
K= 554 0.0 1.0
K= 555 0.0 1.0
K= 556 0.0 1.0
K= 557 0.0 1.0
K= 558 0.0 1.0
K= 559 0.0 1.0
K= 810 0.0 1.0
K= 811 0.0 1.0
K= 812 0.0 1.0
K= 813 0.0 1.0
K= 814 0.0 1.0
K= 815 0.0 1.0
K= 816 0.0 1.0
K= 817 1062364798.33 8192.0
K= 818 0.0 1.0
K= 819 0.0 1.0
K= 970 0.0 1.0
K= 971 0.0 1.0
K= 972 0.0 1.0
K= 973 0.0 1.0
K= 974 1062392871.77 8192.0
K= 975 0.0 1.0
K= 976 0.0 1.0
K= 977 0.0 1.0
K= 978 0.0 1.0
K= 979 0.0 1.0
K= 130 1026798958.33 1039.0
K= 131 1026799144.33 1040.0
K= 132 0.0 1.0
K= 133 0.0 1.0
K= 134 0.0 1.0
K= 135 1026800632.33 1029.0
K= 136 0.0 1.0
K= 137 0.0 1.0
K= 138 1039169160.52 1027.0
K= 139 0.0 1.0
K= 1070 0.0 1.0
K= 1071 0.0 1.0
K= 1072 0.0 1.0
K= 1073 0.0 1.0
K= 1074 0.0 1.0
K= 1075 0.0 1.0
K= 1076 0.0 1.0
K= 1077 0.0 1.0
K= 1078 0.0 1.0
K= 1079 0.0 1.0
K= 190 1062248802.33 8192.0
K= 191 0.0 1.0
K= 192 0.0 1.0
K= 193 0.0 1.0
K= 194 0.0 1.0
K= 195 0.0 1.0
K= 196 0.0 1.0
K= 197 0.0 1.0
K= 198 0.0 1.0
K= 199 0.0 1.0
K= 350 0.0 1.0
K= 351 0.0 1.0
K= 352 0.0 1.0
K= 353 0.0 1.0
K= 354 0.0 1.0
K= 355 1062364798.33 8192.0
K= 356 0.0 1.0
K= 357 0.0 1.0
K= 358 0.0 1.0
K= 359 1066603171.33 8192.0
K= 500 0.0 1.0
K= 501 0.0 1.0
K= 502 0.0 1.0
K= 503 0.0 1.0
K= 504 0.0 1.0
K= 505 0.0 1.0
K= 506 0.0 1.0
K= 507 0.0 1.0
K= 508 0.0 1.0
K= 509 0.0 1.0
K= 720 0.0 1.0
K= 721 0.0 1.0
K= 722 0.0 1.0
K= 723 0.0 1.0
K= 724 0.0 1.0
K= 725 0.0 1.0
K= 726 0.0 1.0
K= 727 0.0 1.0
K= 728 0.0 1.0
K= 729 0.0 1.0
K= 1060 0.0 1.0
K= 1061 0.0 1.0
K= 1062 0.0 1.0
K= 1063 0.0 1.0
K= 1064 0.0 1.0
K= 1065 0.0 1.0
K= 1066 0.0 1.0
K= 1067 0.0 1.0
K= 1068 0.0 1.0
K= 1069 0.0 1.0
K= 0 1026798958.33 1039.0
K= 1 0.0 1.0
K= 2 0.0 1.0
K= 3 1026871312.33 1029.0
K= 4 0.0 1.0
K= 5 0.0 1.0
K= 6 0.0 1.0
K= 7 0.0 1.0
K= 8 1031312955.33 1030.0
K= 9 0.0 1.0
K= 870 0.0 1.0
K= 871 1033003735.28 1019.0
K= 872 0.0 1.0
K= 873 0.0 1.0
K= 874 0.0 1.0
K= 875 0.0 1.0
K= 876 0.0 1.0
K= 877 0.0 1.0
K= 878 0.0 1.0
K= 879 0.0 1.0
K= 290 1026807700.33 1029.0
K= 291 0.0 1.0
K= 292 1027290781.0 2039.0
K= 293 0.0 1.0
K= 294 0.0 1.0
K= 295 0.0 1.0
K= 296 1032741989.89 1018.0
K= 297 1062248802.33 8192.0
K= 298 1062478889.33 8192.0
K= 299 0.0 1.0
K= 610 0.0 1.0
K= 611 0.0 1.0
K= 612 0.0 1.0
K= 613 0.0 1.0
K= 614 0.0 1.0
K= 615 0.0 1.0
K= 616 1066603171.33 8192.0
K= 617 0.0 1.0
K= 618 0.0 1.0
K= 619 0.0 1.0
K= 820 0.0 1.0
K= 821 0.0 1.0
K= 822 0 0 , Degree=0
K= 823 0.0 1.0
K= 824 0.0 1.0
K= 825 0.0 1.0
K= 826 0.0 1.0
K= 827 0.0 1.0
K= 828 0.0 1.0
K= 829 0.0 1.0
K= 1080 0.0 1.0
K= 1081 0.0 1.0
K= 1082 0.0 1.0
K= 1083 0.0 1.0
K= 1084 0.0 1.0
K= 1085 0.0 1.0
K= 1086 0.0 1.0
K= 1087 0.0 1.0
K= 1088 0.0 1.0
K= 1089 0.0 1.0
K= 50 1026807700.33 1029.0
K= 51 1027155780.67 2039.0
K= 52 0.0 1.0
K= 53 0.0 1.0
K= 54 0.0 1.0
K= 55 1031477905.33 2020.0
K= 56 0.0 1.0
K= 57 0.0 1.0
K= 58 0.0 1.0
K= 59 0.0 1.0
K= 630 1035484764.43 1008.0
K= 631 0.0 1.0
K= 632 0.0 1.0
K= 633 0.0 1.0
K= 634 0.0 1.0
K= 635 0.0 1.0
K= 636 0.0 1.0
K= 637 0.0 1.0
K= 638 0.0 1.0
K= 639 1036206310.33 2019.0
K= 1100 0.0 1.0
K= 1101 0.0 1.0
K= 1102 0.0 1.0
K= 1103 0.0 1.0
K= 1104 0.0 1.0
K= 1105 0.0 1.0
K= 1106 0.0 1.0
K= 1107 0.0 1.0
K= 1108 0 0 , Degree=0
K= 1109 0.0 1.0
K= 10 1062216328.33 8192.0
K= 11 0.0 1.0
K= 12 0.0 1.0
K= 13 0.0 1.0
K= 14 0.0 1.0
K= 15 0.0 1.0
K= 16 0.0 1.0
K= 17 0 0 , Degree=0
K= 18 0.0 1.0
K= 19 0.0 1.0
K= 370 0 0 , Degree=0
K= 371 0.0 1.0
K= 372 0.0 1.0
K= 373 0.0 1.0
K= 374 0.0 1.0
K= 375 0.0 1.0
K= 376 0.0 1.0
K= 377 0.0 1.0
K= 378 0.0 1.0
K= 379 0.0 1.0
K= 490 0.0 1.0
K= 491 0.0 1.0
K= 492 1062364798.33 8192.0
K= 493 0.0 1.0
K= 494 0.0 1.0
K= 495 0.0 1.0
K= 496 0.0 1.0
K= 497 0.0 1.0
K= 498 1094357619.33 1029.0
K= 499 0.0 1.0
K= 770 0.0 1.0
K= 771 0.0 1.0
K= 772 0.0 1.0
K= 773 0.0 1.0
K= 774 0.0 1.0
K= 775 0.0 1.0
K= 776 0.0 1.0
K= 777 0.0 1.0
K= 778 0.0 1.0
K= 779 0.0 1.0
K= 960 0.0 1.0
K= 961 0.0 1.0
K= 962 0.0 1.0
K= 963 0.0 1.0
K= 964 0.0 1.0
K= 965 0.0 1.0
K= 966 0.0 1.0
K= 967 0.0 1.0
K= 968 0.0 1.0
K= 969 0.0 1.0
K= 1160 0.0 1.0
K= 1161 0.0 1.0
K= 1162 0.0 1.0
K= 1163 0.0 1.0
K= 1164 0.0 1.0
K= 1165 0 0 , Degree=0
K= 1166 0.0 1.0
K= 1167 0.0 1.0
K= 1168 0.0 1.0
K= 1169 0.0 1.0
K= 60 1026817558.33 1139.0
K= 61 0.0 1.0
K= 62 1026821836.33 1029.0
K= 63 1031551641.33 2049.0
K= 64 0.0 1.0
K= 65 0.0 1.0
K= 66 1032697135.63 1018.0
K= 67 0.0 1.0
K= 68 0.0 1.0
K= 69 0.0 1.0
K= 680 0.0 1.0
K= 681 0.0 1.0
K= 682 0.0 1.0
K= 683 0.0 1.0
K= 684 0.0 1.0
K= 685 0.0 1.0
K= 686 0.0 1.0
K= 687 0.0 1.0
K= 688 0.0 1.0
K= 689 0.0 1.0
K= 1040 0.0 1.0
K= 1041 1045730191.57 3388.0
K= 1042 0.0 1.0
K= 1043 0.0 1.0
K= 1044 1062657827.67 8192.0
K= 1045 0.0 1.0
K= 1046 0.0 1.0
K= 1047 0.0 1.0
K= 1048 0.0 1.0
K= 1049 0.0 1.0
K= 40 1027169764.33 2019.0
K= 41 1062397584.33 8192.0
K= 42 0.0 1.0
K= 43 0.0 1.0
K= 44 0.0 1.0
K= 45 0.0 1.0
K= 46 0.0 1.0
K= 47 0.0 1.0
K= 48 0.0 1.0
K= 49 0.0 1.0
K= 380 0.0 1.0
K= 381 0.0 1.0
K= 382 0.0 1.0
K= 383 0.0 1.0
K= 384 0.0 1.0
K= 385 0.0 1.0
K= 386 0.0 1.0
K= 387 0.0 1.0
K= 388 0.0 1.0
K= 389 0.0 1.0
K= 600 0.0 1.0
K= 601 0.0 1.0
K= 602 0.0 1.0
K= 603 0.0 1.0
K= 604 0.0 1.0
K= 605 0.0 1.0
K= 606 0.0 1.0
K= 607 0.0 1.0
K= 608 0.0 1.0
K= 609 0.0 1.0
K= 800 0.0 1.0
K= 801 0.0 1.0
K= 802 0.0 1.0
K= 803 0.0 1.0
K= 804 0.0 1.0
K= 805 0.0 1.0
K= 806 0.0 1.0
K= 807 0.0 1.0
K= 808 0.0 1.0
K= 809 0.0 1.0
K= 1030 0.0 1.0
K= 1031 0.0 1.0
K= 1032 0.0 1.0
K= 1033 0.0 1.0
K= 1034 0.0 1.0
K= 1035 0.0 1.0
K= 1036 0.0 1.0
K= 1037 0.0 1.0
K= 1038 0.0 1.0
K= 1039 0.0 1.0
K= 250 1026894748.33 1554.0
K= 251 0.0 1.0
K= 252 1026981376.33 2009.0
K= 253 0.0 1.0
K= 254 1062364798.33 8192.0
K= 255 0 0 , Degree=0
K= 256 0.0 1.0
K= 257 0.0 1.0
K= 258 0.0 1.0
K= 259 0.0 1.0
K= 560 0.0 1.0
K= 561 0.0 1.0
K= 562 0.0 1.0
K= 563 0.0 1.0
K= 564 0.0 1.0
K= 565 0.0 1.0
K= 566 0.0 1.0
K= 567 0.0 1.0
K= 568 0.0 1.0
K= 569 0.0 1.0
K= 830 0.0 1.0
K= 831 0.0 1.0
K= 832 0.0 1.0
K= 833 0.0 1.0
K= 834 0.0 1.0
K= 835 0.0 1.0
K= 836 0.0 1.0
K= 837 0.0 1.0
K= 838 0.0 1.0
K= 839 0.0 1.0
K= 1190 0.0 1.0
K= 1191 0.0 1.0
K= 1192 0.0 1.0
K= 1193 0 0 , Degree=0
K= 1194 0.0 1.0
K= 1195 0.0 1.0
K= 1196 0 0 , Degree=0
K= 1197 0.0 1.0
K= 1198 0.0 1.0
K= 1199 0.0 1.0
K= 260 1026804166.33 1029.0
K= 261 1026848248.33 1304.0
K= 262 0 0 , Degree=0
K= 263 1026981376.33 2009.0
K= 264 1031551641.33 2049.0
K= 265 0.0 1.0
K= 266 0.0 1.0
K= 267 0.0 1.0
K= 268 0.0 1.0
K= 269 0.0 1.0
K= 660 0.0 1.0
K= 661 0.0 1.0
K= 662 0.0 1.0
K= 663 1033086917.83 1019.0
K= 664 0.0 1.0
K= 665 0.0 1.0
K= 666 0.0 1.0
K= 667 0.0 1.0
K= 668 0.0 1.0
K= 669 0.0 1.0
K= 1130 1066722797.33 8192.0
K= 1131 0.0 1.0
K= 1132 0.0 1.0
K= 1133 0.0 1.0
K= 1134 0.0 1.0
K= 1135 0.0 1.0
K= 1136 0.0 1.0
K= 1137 0.0 1.0
K= 1138 0.0 1.0
K= 1139 0.0 1.0
K= 300 1026797284.33 1030.0
K= 301 1026891958.33 1539.0
K= 302 0.0 1.0
K= 303 0.0 1.0
K= 304 0 0 , Degree=0
K= 305 0.0 1.0
K= 306 0.0 1.0
K= 307 0.0 1.0
K= 308 0.0 1.0
K= 309 1026981376.33 2009.0
K= 890 0.0 1.0
K= 891 1032720809.41 1018.0
K= 892 0.0 1.0
K= 893 0.0 1.0
K= 894 0.0 1.0
K= 895 0.0 1.0
K= 896 0.0 1.0
K= 897 0.0 1.0
K= 898 0.0 1.0
K= 899 0.0 1.0
K= 150 1027313675.33 2020.0
K= 151 0.0 1.0
K= 152 1032912448.2 1019.0
K= 153 0.0 1.0
K= 154 0.0 1.0
K= 155 0 0 , Degree=0
K= 156 0.0 1.0
K= 157 0.0 1.0
K= 158 0.0 1.0
K= 159 0.0 1.0
K= 510 0.0 1.0
K= 511 0.0 1.0
K= 512 0.0 1.0
K= 513 0.0 1.0
K= 514 0.0 1.0
K= 515 0.0 1.0
K= 516 1062216328.33 8192.0
K= 517 0.0 1.0
K= 518 0.0 1.0
K= 519 0.0 1.0
K= 940 0.0 1.0
K= 941 0.0 1.0
K= 942 0.0 1.0
K= 943 0.0 1.0
K= 944 0.0 1.0
K= 945 0.0 1.0
K= 946 0.0 1.0
K= 947 0.0 1.0
K= 948 0.0 1.0
K= 949 1062392871.77 8192.0
K= 1170 0.0 1.0
K= 1171 0.0 1.0
K= 1172 0.0 1.0
K= 1173 0.0 1.0
K= 1174 0.0 1.0
K= 1175 0.0 1.0
K= 1176 0.0 1.0
K= 1177 0 0 , Degree=0
K= 1178 0.0 1.0
K= 1179 0.0 1.0
K= 310 1062364798.33 8192.0
K= 311 0.0 1.0
K= 312 0.0 1.0
K= 313 0.0 1.0
K= 314 0.0 1.0
K= 315 0.0 1.0
K= 316 0.0 1.0
K= 317 0 0 , Degree=0
K= 318 0.0 1.0
K= 319 0.0 1.0
K= 320 0.0 1.0
K= 321 0.0 1.0
K= 322 0.0 1.0
K= 323 0.0 1.0
K= 324 0.0 1.0
K= 325 0.0 1.0
K= 326 0.0 1.0
K= 327 0.0 1.0
K= 328 0.0 1.0
K= 329 0.0 1.0
K= 400 0.0 1.0
K= 401 0.0 1.0
K= 402 0.0 1.0
K= 403 0.0 1.0
K= 404 0.0 1.0
K= 405 0.0 1.0
K= 406 0.0 1.0
K= 407 0.0 1.0
K= 408 0.0 1.0
K= 409 0 0 , Degree=0
K= 590 0.0 1.0
K= 591 0.0 1.0
K= 592 0.0 1.0
K= 593 0.0 1.0
K= 594 0.0 1.0
K= 595 0.0 1.0
K= 596 0.0 1.0
K= 597 0.0 1.0
K= 598 0.0 1.0
K= 599 0.0 1.0
K= 860 0.0 1.0
K= 861 0.0 1.0
K= 862 0.0 1.0
K= 863 0.0 1.0
K= 864 0.0 1.0
K= 865 0.0 1.0
K= 866 0.0 1.0
K= 867 0.0 1.0
K= 868 0 0 , Degree=0
K= 869 0.0 1.0
K= 1110 0.0 1.0
K= 1111 0.0 1.0
K= 1112 0.0 1.0
K= 1113 0.0 1.0
K= 1114 0.0 1.0
K= 1115 0.0 1.0
K= 1116 0.0 1.0
K= 1117 0.0 1.0
K= 1118 0.0 1.0
K= 1119 1066507226.33 8192.0
K= 70 1027312665.33 2020.0
K= 71 1033194632.42 1019.0
K= 72 0.0 1.0
K= 73 0.0 1.0
K= 74 0.0 1.0
K= 75 0.0 1.0
K= 76 1047785998.54 2009.0
K= 77 1062364798.33 8192.0
K= 78 0.0 1.0
K= 79 0.0 1.0
K= 570 0.0 1.0
K= 571 0.0 1.0
K= 572 0.0 1.0
K= 573 0.0 1.0
K= 574 0.0 1.0
K= 575 0.0 1.0
K= 576 0.0 1.0
K= 577 0.0 1.0
K= 578 0.0 1.0
K= 579 0.0 1.0
K= 850 0.0 1.0
K= 851 0.0 1.0
K= 852 0.0 1.0
K= 853 0.0 1.0
K= 854 0.0 1.0
K= 855 0.0 1.0
K= 856 0.0 1.0
K= 857 0.0 1.0
K= 858 0.0 1.0
K= 859 0.0 1.0
K= 1180 0.0 1.0
K= 1181 0.0 1.0
K= 1182 0.0 1.0
K= 1183 0.0 1.0
K= 1184 0.0 1.0
K= 1185 0.0 1.0
K= 1186 0.0 1.0
K= 1187 0.0 1.0
K= 1188 0.0 1.0
K= 1189 0.0 1.0
K= 120 1031997377.76 1017.0
K= 121 0.0 1.0
K= 122 0.0 1.0
K= 123 0.0 1.0
K= 124 0 0 , Degree=0
K= 125 0.0 1.0
K= 126 0.0 1.0
K= 127 0.0 1.0
K= 128 0.0 1.0
K= 129 0.0 1.0
K= 460 1062216328.33 8192.0
K= 461 1062248802.33 8192.0
K= 462 0.0 1.0
K= 463 0.0 1.0
K= 464 0.0 1.0
K= 465 0.0 1.0
K= 466 0.0 1.0
K= 467 0.0 1.0
K= 468 0.0 1.0
K= 469 0.0 1.0
K= 690 0.0 1.0
K= 691 0.0 1.0
K= 692 0.0 1.0
K= 693 1062364798.33 8192.0
K= 694 0.0 1.0
K= 695 0.0 1.0
K= 696 0.0 1.0
K= 697 0.0 1.0
K= 698 0.0 1.0
K= 699 0.0 1.0
K= 1050 1066603171.33 8192.0
K= 1051 0.0 1.0
K= 1052 0.0 1.0
K= 1053 0.0 1.0
K= 1054 0.0 1.0
K= 1055 0.0 1.0
K= 1056 0.0 1.0
K= 1057 0.0 1.0
K= 1058 0.0 1.0
K= 1059 0.0 1.0
K= 230 1027072228.79 2019.0
K= 231 1027106218.5 2019.0
K= 232 0.0 1.0
K= 233 0.0 1.0
K= 234 0.0 1.0
K= 235 1027380208.33 1029.0
K= 236 0.0 1.0
K= 237 0.0 1.0
K= 238 0.0 1.0
K= 239 1032606157.62 1018.0
K= 780 0.0 1.0
K= 781 0.0 1.0
K= 782 0.0 1.0
K= 783 0.0 1.0
K= 784 0.0 1.0
K= 785 0.0 1.0
K= 786 0.0 1.0
K= 787 0.0 1.0
K= 788 0.0 1.0
K= 789 0.0 1.0
K= 1120 0.0 1.0
K= 1121 0.0 1.0
K= 1122 1033148128.47 1019.0
K= 1123 0.0 1.0
K= 1124 0.0 1.0
K= 1125 0.0 1.0
K= 1126 0.0 1.0
K= 1127 0.0 1.0
K= 1128 0.0 1.0
K= 1129 0.0 1.0
K= 110 1026800632.33 1029.0
K= 111 0 0 , Degree=0
K= 112 0.0 1.0
K= 113 0.0 1.0
K= 114 0.0 1.0
K= 115 0.0 1.0
K= 116 1027316854.0 2019.0
K= 117 1062364798.33 8192.0
K= 118 0.0 1.0
K= 119 0.0 1.0
K= 640 1062387317.43 8192.0
K= 641 0.0 1.0
K= 642 0.0 1.0
K= 643 0.0 1.0
K= 644 0.0 1.0
K= 645 0.0 1.0
K= 646 0.0 1.0
K= 647 0.0 1.0
K= 648 0.0 1.0
K= 649 0.0 1.0
K= 910 0.0 1.0
K= 911 0.0 1.0
K= 912 0.0 1.0
K= 913 0.0 1.0
K= 914 0.0 1.0
K= 915 0.0 1.0
K= 916 0.0 1.0
K= 917 0.0 1.0
K= 918 0.0 1.0
K= 919 0.0 1.0
K= 1150 0.0 1.0
K= 1151 0.0 1.0
K= 1152 0.0 1.0
K= 1153 0 0 , Degree=0
K= 1154 0.0 1.0
K= 1155 0.0 1.0
K= 1156 0.0 1.0
K= 1157 0.0 1.0
K= 1158 0.0 1.0
K= 1159 0.0 1.0
Ending Time: 1569143933.17
----Computaion Time---- 15747.945467
Top 20 Nodes
[ 498  170 1130  245   36  342  446 1050  359 1142  629  616 1119 1044  715
  298  798 1020  283   41]
Top 20 Rewards
[  1.09435762e+09   1.06672897e+09   1.06672280e+09   1.06672190e+09
   1.06671562e+09   1.06670540e+09   1.06668226e+09   1.06660317e+09
   1.06660317e+09   1.06660317e+09   1.06660317e+09   1.06660317e+09
   1.06650723e+09   1.06265783e+09   1.06254656e+09   1.06247889e+09
   1.06246576e+09   1.06240460e+09   1.06239758e+09   1.06239758e+09]
Top 20 Reward Fees
[ 1029.  8192.  8192.  8192.  8192.  8192.  8192.  8192.  8192.  8192.
  8192.  8192.  8192.  8192.  8192.  8192.  8192.  8192.  8192.  8192.]
