greedyBC_new4.py:214: SyntaxWarning: name 'maxRewFee' is used prior to global declaration
  global maxRewFee
greedyBC_new4.py:215: SyntaxWarning: name 'maxRew' is used prior to global declaration
  global maxRew
txValue= 10000
Input graph
IGRAPH D--- 4619 68733 -- 
+ attr: pub_key (v), base_fee (e), capacity (e), fee_rate (e), txCost (e)
None
Graph after edges deleted
IGRAPH D--- 4619 68697 -- 
+ attr: pub_key (v), base_fee (e), capacity (e), fee_rate (e), txCost (e)
None
Our nodes starting connections: 
(4618, 2796)
(4618, 1223)
(4618, 3265)
(4618, 1163)
igraph.Edge(<igraph.Graph object at 0x7fbb0c535718>, 68693, {'txCost': 1010, 'base_fee': 1, 'capacity': 5000000, 'fee_rate': 1, 'edgebetweenness': 5967.0})
igraph.Edge(<igraph.Graph object at 0x7fbb0c535718>, 68695, {'txCost': 1010, 'base_fee': 1, 'capacity': 5000000, 'fee_rate': 1, 'edgebetweenness': 793795.86666666681})
igraph.Edge(<igraph.Graph object at 0x7fbb0c535718>, 68697, {'txCost': 8192, 'base_fee': 8192, 'capacity': 100000000, 'fee_rate': 0, 'edgebetweenness': 26052.0})
igraph.Edge(<igraph.Graph object at 0x7fbb0c535718>, 68699, {'txCost': 1009, 'base_fee': 1009, 'capacity': 100000000, 'fee_rate': 0, 'edgebetweenness': 5565.0})
Initial reward: 1026793564.33
Starting Time: 1569128202.81
K= 3704 1026797284.33 1030.0
K= 3705 1030900540.33 988.0
K= 3706 0.0 1.0
K= 3707 0.0 1.0
K= 3708 0.0 1.0
K= 3709 0.0 1.0
K= 3710 0.0 1.0
K= 3711 0.0 1.0
K= 3912 0.0 1.0
K= 3913 0.0 1.0
K= 3914 0.0 1.0
K= 3915 0.0 1.0
K= 3916 1062466937.67 8192.0
K= 3917 0.0 1.0
K= 3918 0.0 1.0
K= 3919 0.0 1.0
K= 4104 0.0 1.0
K= 4105 0.0 1.0
K= 4106 0.0 1.0
K= 4107 0.0 1.0
K= 4108 0.0 1.0
K= 4109 0 0 , Degree=0
K= 4110 0.0 1.0
K= 4111 0.0 1.0
K= 4336 0.0 1.0
K= 4337 0.0 1.0
K= 4338 0.0 1.0
K= 4339 0.0 1.0
K= 4340 0.0 1.0
K= 4341 0.0 1.0
K= 4342 0.0 1.0
K= 4343 0.0 1.0
K= 3768 1032714571.87 1018.0
K= 3769 0.0 1.0
K= 3770 0.0 1.0
K= 3771 0.0 1.0
K= 3772 0.0 1.0
K= 3773 0.0 1.0
K= 3774 0.0 1.0
K= 3775 0.0 1.0
K= 3944 0.0 1.0
K= 3945 0.0 1.0
K= 3946 0.0 1.0
K= 3947 1066658383.33 8192.0
K= 3948 0.0 1.0
K= 3949 0.0 1.0
K= 3950 0.0 1.0
K= 3951 0.0 1.0
K= 4136 0.0 1.0
K= 4137 0.0 1.0
K= 4138 0.0 1.0
K= 4139 0.0 1.0
K= 4140 0.0 1.0
K= 4141 0 0 , Degree=0
K= 4142 0.0 1.0
K= 4143 0.0 1.0
K= 4328 0.0 1.0
K= 4329 0.0 1.0
K= 4330 0.0 1.0
K= 4331 0.0 1.0
K= 4332 0.0 1.0
K= 4333 0.0 1.0
K= 4334 0.0 1.0
K= 4335 0.0 1.0
K= 3672 1026985464.33 2020.0
K= 3673 1062364798.33 8192.0
K= 3674 0.0 1.0
K= 3675 0.0 1.0
K= 3676 0.0 1.0
K= 3677 0.0 1.0
K= 3678 0.0 1.0
K= 3679 0.0 1.0
K= 3904 0.0 1.0
K= 3905 0.0 1.0
K= 3906 0.0 1.0
K= 3907 0.0 1.0
K= 3908 0.0 1.0
K= 3909 0.0 1.0
K= 3910 0.0 1.0
K= 3911 0.0 1.0
K= 4008 0.0 1.0
K= 4009 0.0 1.0
K= 4010 0.0 1.0
K= 4011 0.0 1.0
K= 4012 0.0 1.0
K= 4013 0.0 1.0
K= 4014 0.0 1.0
K= 4015 0.0 1.0
K= 4184 0.0 1.0
K= 4185 0.0 1.0
K= 4186 0.0 1.0
K= 4187 0.0 1.0
K= 4188 0.0 1.0
K= 4189 0.0 1.0
K= 4190 0.0 1.0
K= 4191 0.0 1.0
K= 4400 0.0 1.0
K= 4401 0.0 1.0
K= 4402 0.0 1.0
K= 4403 0.0 1.0
K= 4404 0 0 , Degree=0
K= 4405 0.0 1.0
K= 4406 0.0 1.0
K= 4407 0.0 1.0
K= 3744 1026797284.33 1030.0
K= 3745 1026801004.33 1030.0
K= 3746 0.0 1.0
K= 3747 1031966850.79 1017.0
K= 3748 0.0 1.0
K= 3749 0.0 1.0
K= 3750 0.0 1.0
K= 3751 0.0 1.0
K= 4152 0.0 1.0
K= 4153 0.0 1.0
K= 4154 0.0 1.0
K= 4155 0.0 1.0
K= 4156 0.0 1.0
K= 4157 1032687639.34 1018.0
K= 4158 0.0 1.0
K= 4159 1032706387.45 1018.0
K= 3728 1026799330.33 1041.0
K= 3729 1026816070.33 1131.0
K= 3730 0.0 1.0
K= 3731 0.0 1.0
K= 3732 0.0 1.0
K= 3733 0.0 1.0
K= 3734 1027247688.67 2020.0
K= 3735 0.0 1.0
K= 4416 1062387317.43 8192.0
K= 4417 0.0 1.0
K= 4418 0.0 1.0
K= 4419 0.0 1.0
K= 4420 0.0 1.0
K= 4421 0.0 1.0
K= 4422 0.0 1.0
K= 4423 0.0 1.0
K= 3784 1031551641.33 2049.0
K= 3785 1062364798.33 8192.0
K= 3786 0.0 1.0
K= 3787 0.0 1.0
K= 3788 0.0 1.0
K= 3789 0.0 1.0
K= 3790 0.0 1.0
K= 3791 0.0 1.0
K= 3856 0.0 1.0
K= 3857 0.0 1.0
K= 3858 0.0 1.0
K= 3859 0.0 1.0
K= 3860 0.0 1.0
K= 3861 0.0 1.0
K= 3862 1066695191.33 8192.0
K= 3863 0.0 1.0
K= 3928 0.0 1.0
K= 3929 0.0 1.0
K= 3930 0.0 1.0
K= 3931 0.0 1.0
K= 3932 0.0 1.0
K= 3933 0.0 1.0
K= 3934 0.0 1.0
K= 3935 0.0 1.0
K= 4032 0.0 1.0
K= 4033 0.0 1.0
K= 4034 0 0 , Degree=0
K= 4035 0.0 1.0
K= 4036 0.0 1.0
K= 4037 0.0 1.0
K= 4038 0.0 1.0
K= 4039 0.0 1.0
K= 4192 0.0 1.0
K= 4193 0.0 1.0
K= 4194 0.0 1.0
K= 4195 0.0 1.0
K= 4196 0.0 1.0
K= 4197 0.0 1.0
K= 4198 0.0 1.0
K= 4199 0.0 1.0
K= 4384 0.0 1.0
K= 4385 0.0 1.0
K= 4386 0.0 1.0
K= 4387 0.0 1.0
K= 4388 0.0 1.0
K= 4389 0.0 1.0
K= 4390 0.0 1.0
K= 4391 0.0 1.0
K= 4464 0.0 1.0
K= 4465 0.0 1.0
K= 4466 0.0 1.0
K= 4467 0.0 1.0
K= 4468 0.0 1.0
K= 4469 0.0 1.0
K= 4470 0.0 1.0
K= 4471 0.0 1.0
K= 3832 1026798958.33 1039.0
K= 3833 0.0 1.0
K= 3834 1026812164.33 1110.0
K= 3835 0.0 1.0
K= 3836 0.0 1.0
K= 3837 1027248193.67 2020.0
K= 3838 0.0 1.0
K= 3839 0.0 1.0
K= 4352 0.0 1.0
K= 4353 0.0 1.0
K= 4354 0.0 1.0
K= 4355 1062465762.33 8192.0
K= 4356 0.0 1.0
K= 4357 0.0 1.0
K= 4358 0.0 1.0
K= 4359 0.0 1.0
K= 3656 1026985464.33 2020.0
K= 3657 1031508965.33 2110.0
K= 3658 0.0 1.0
K= 3659 0.0 1.0
K= 3660 1062364798.33 8192.0
K= 3661 0.0 1.0
K= 3662 0.0 1.0
K= 3663 1066603171.33 8192.0
K= 3976 0.0 1.0
K= 3977 0.0 1.0
K= 3978 0.0 1.0
K= 3979 0.0 1.0
K= 3980 0.0 1.0
K= 3981 0.0 1.0
K= 3982 0.0 1.0
K= 3983 0.0 1.0
K= 4160 0.0 1.0
K= 4161 0.0 1.0
K= 4162 0.0 1.0
K= 4163 0.0 1.0
K= 4164 0.0 1.0
K= 4165 0.0 1.0
K= 4166 0.0 1.0
K= 4167 0.0 1.0
K= 4392 0.0 1.0
K= 4393 0.0 1.0
K= 4394 0.0 1.0
K= 4395 0.0 1.0
K= 4396 0 0 , Degree=0
K= 4397 0.0 1.0
K= 4398 0.0 1.0
K= 4399 0.0 1.0
K= 3648 1031362107.33 1030.0
K= 3649 0.0 1.0
K= 3650 1031551641.33 2049.0
K= 3651 0.0 1.0
K= 3652 0.0 1.0
K= 3653 0.0 1.0
K= 3654 0.0 1.0
K= 3655 0.0 1.0
K= 3872 0.0 1.0
K= 3873 1062248802.33 8192.0
K= 3874 0.0 1.0
K= 3875 0.0 1.0
K= 3876 0.0 1.0
K= 3877 0.0 1.0
K= 3878 0.0 1.0
K= 3879 0.0 1.0
K= 3952 0.0 1.0
K= 3953 0.0 1.0
K= 3954 0.0 1.0
K= 3955 0.0 1.0
K= 3956 0.0 1.0
K= 3957 0.0 1.0
K= 3958 0.0 1.0
K= 3959 1062364798.33 8192.0
K= 4112 0.0 1.0
K= 4113 0.0 1.0
K= 4114 0.0 1.0
K= 4115 1066728969.33 8192.0
K= 4116 0.0 1.0
K= 4117 0.0 1.0
K= 4118 0.0 1.0
K= 4119 0.0 1.0
K= 4320 0.0 1.0
K= 4321 0.0 1.0
K= 4322 0.0 1.0
K= 4323 0.0 1.0
K= 4324 0.0 1.0
K= 4325 0.0 1.0
K= 4326 0.0 1.0
K= 4327 0.0 1.0
K= 4496 0.0 1.0
K= 4497 0.0 1.0
K= 4498 0.0 1.0
K= 4499 0.0 1.0
K= 4500 0.0 1.0
K= 4501 0.0 1.0
K= 4502 0.0 1.0
K= 4503 0.0 1.0
K= 3824 1026981376.33 2009.0
K= 3825 0 0 , Degree=0
K= 3826 0.0 1.0
K= 3827 0.0 1.0
K= 3828 0.0 1.0
K= 3829 1027400905.92 2029.0
K= 3830 0.0 1.0
K= 3831 1050640303.7 4989.0
K= 4224 0.0 1.0
K= 4225 0.0 1.0
K= 4226 0.0 1.0
K= 4227 0.0 1.0
K= 4228 0.0 1.0
K= 4229 0.0 1.0
K= 4230 0.0 1.0
K= 4231 0.0 1.0
K= 4552 1062370933.43 8192.0
K= 4553 0.0 1.0
K= 4554 0.0 1.0
K= 4555 0.0 1.0
K= 4556 0.0 1.0
K= 4557 0 0 , Degree=0
K= 4558 0.0 1.0
K= 4559 0.0 1.0
K= 3792 1026807700.33 1029.0
K= 3793 1026973996.33 1959.0
K= 3794 0.0 1.0
K= 3795 0.0 1.0
K= 3796 0.0 1.0
K= 3797 0.0 1.0
K= 3798 1027249042.67 2049.0
K= 3799 0.0 1.0
K= 4272 0 0 , Degree=0
K= 4273 0.0 1.0
K= 4274 1062364798.33 8192.0
K= 4275 0.0 1.0
K= 4276 0.0 1.0
K= 4277 0.0 1.0
K= 4278 0.0 1.0
K= 4279 0.0 1.0
K= 4440 0.0 1.0
K= 4441 0.0 1.0
K= 4442 0.0 1.0
K= 4443 0.0 1.0
K= 4444 0.0 1.0
K= 4445 0.0 1.0
K= 4446 0.0 1.0
K= 4447 1062397584.33 8192.0
K= 3760 1039972630.13 1028.0
K= 3761 0.0 1.0
K= 3762 0.0 1.0
K= 3763 0.0 1.0
K= 3764 1062364798.33 8192.0
K= 3765 0.0 1.0
K= 3766 0.0 1.0
K= 3767 0.0 1.0
K= 3864 0.0 1.0
K= 3865 0.0 1.0
K= 3866 0 0 , Degree=0
K= 3867 0.0 1.0
K= 3868 0.0 1.0
K= 3869 0.0 1.0
K= 3870 0.0 1.0
K= 3871 0.0 1.0
K= 3936 0.0 1.0
K= 3937 0.0 1.0
K= 3938 0.0 1.0
K= 3939 0.0 1.0
K= 3940 0.0 1.0
K= 3941 0.0 1.0
K= 3942 0.0 1.0
K= 3943 0.0 1.0
K= 4016 0.0 1.0
K= 4017 0 0 , Degree=0
K= 4018 0.0 1.0
K= 4019 0.0 1.0
K= 4020 0.0 1.0
K= 4021 0.0 1.0
K= 4022 0 0 , Degree=0
K= 4023 0.0 1.0
K= 4128 0.0 1.0
K= 4129 0.0 1.0
K= 4130 0.0 1.0
K= 4131 0.0 1.0
K= 4132 0.0 1.0
K= 4133 0.0 1.0
K= 4134 0.0 1.0
K= 4135 0.0 1.0
K= 4208 0 0 , Degree=0
K= 4209 0.0 1.0
K= 4210 0.0 1.0
K= 4211 0.0 1.0
K= 4212 0.0 1.0
K= 4213 1066722092.33 8192.0
K= 4214 0.0 1.0
K= 4215 0.0 1.0
K= 4304 0.0 1.0
K= 4305 0.0 1.0
K= 4306 0.0 1.0
K= 4307 0.0 1.0
K= 4308 0.0 1.0
K= 4309 0.0 1.0
K= 4310 0.0 1.0
K= 4311 0.0 1.0
K= 4456 0.0 1.0
K= 4457 0.0 1.0
K= 4458 0.0 1.0
K= 4459 0.0 1.0
K= 4460 0.0 1.0
K= 4461 0.0 1.0
K= 4462 0.0 1.0
K= 4463 0.0 1.0
K= 4616 0.0 1.0
K= 4617 0.0 1.0
K= 3840 1026800632.33 1029.0
K= 3841 1066658383.33 8192.0
K= 3842 0 0 , Degree=0
K= 3843 0.0 1.0
K= 3844 0.0 1.0
K= 3845 0.0 1.0
K= 3846 0.0 1.0
K= 3847 0.0 1.0
K= 3968 0.0 1.0
K= 3969 0.0 1.0
K= 3970 0.0 1.0
K= 3971 0.0 1.0
K= 3972 0.0 1.0
K= 3973 0.0 1.0
K= 3974 0.0 1.0
K= 3975 0.0 1.0
K= 4168 0.0 1.0
K= 4169 0.0 1.0
K= 4170 0.0 1.0
K= 4171 0.0 1.0
K= 4172 0.0 1.0
K= 4173 0.0 1.0
K= 4174 0.0 1.0
K= 4175 0.0 1.0
K= 4432 0.0 1.0
K= 4433 0.0 1.0
K= 4434 0.0 1.0
K= 4435 0.0 1.0
K= 4436 0.0 1.0
K= 4437 0.0 1.0
K= 4438 0.0 1.0
K= 4439 0.0 1.0
K= 3800 1026804352.33 1039.0
K= 3801 1062216328.33 8192.0
K= 3802 0.0 1.0
K= 3803 0 0 , Degree=0
K= 3804 0.0 1.0
K= 3805 0.0 1.0
K= 3806 0.0 1.0
K= 3807 0.0 1.0
K= 3888 0.0 1.0
K= 3889 0.0 1.0
K= 3890 0.0 1.0
K= 3891 0.0 1.0
K= 3892 0.0 1.0
K= 3893 0.0 1.0
K= 3894 0.0 1.0
K= 3895 0.0 1.0
K= 4056 0.0 1.0
K= 4057 0.0 1.0
K= 4058 0.0 1.0
K= 4059 0.0 1.0
K= 4060 0.0 1.0
K= 4061 0.0 1.0
K= 4062 0.0 1.0
K= 4063 0.0 1.0
K= 4280 0.0 1.0
K= 4281 0.0 1.0
K= 4282 1107162862.33 8192.0
K= 4283 0.0 1.0
K= 4284 0.0 1.0
K= 4285 0.0 1.0
K= 4286 0.0 1.0
K= 4287 0.0 1.0
K= 4480 0.0 1.0
K= 4481 0.0 1.0
K= 4482 0.0 1.0
K= 4483 0.0 1.0
K= 4484 0.0 1.0
K= 4485 0.0 1.0
K= 4486 0.0 1.0
K= 4487 0.0 1.0
K= 3616 1026801004.33 1030.0
K= 3617 1027290781.0 2039.0
K= 3618 0.0 1.0
K= 3619 0.0 1.0
K= 3620 0.0 1.0
K= 3621 0.0 1.0
K= 3622 0.0 1.0
K= 3623 0.0 1.0
K= 3960 0 0 , Degree=0
K= 3961 0.0 1.0
K= 3962 0.0 1.0
K= 3963 0.0 1.0
K= 3964 0.0 1.0
K= 3965 0.0 1.0
K= 3966 0.0 1.0
K= 3967 0.0 1.0
K= 4120 0.0 1.0
K= 4121 1062093448.33 8192.0
K= 4122 0.0 1.0
K= 4123 0.0 1.0
K= 4124 0.0 1.0
K= 4125 0.0 1.0
K= 4126 0.0 1.0
K= 4127 0.0 1.0
K= 4288 0.0 1.0
K= 4289 0.0 1.0
K= 4290 0.0 1.0
K= 4291 0.0 1.0
K= 4292 0.0 1.0
K= 4293 0.0 1.0
K= 4294 0.0 1.0
K= 4295 0.0 1.0
K= 4536 0.0 1.0
K= 4537 0.0 1.0
K= 4538 0.0 1.0
K= 4539 0.0 1.0
K= 4540 0.0 1.0
K= 4541 0.0 1.0
K= 4542 0.0 1.0
K= 4543 0.0 1.0
K= 3688 1062364798.33 8192.0
K= 3689 0.0 1.0
K= 3690 0.0 1.0
K= 3691 0.0 1.0
K= 3692 0.0 1.0
K= 3693 0.0 1.0
K= 3694 0.0 1.0
K= 3695 0.0 1.0
K= 3880 0.0 1.0
K= 3881 0.0 1.0
K= 3882 0.0 1.0
K= 3883 0.0 1.0
K= 3884 1067377361.33 1009.0
K= 3885 0.0 1.0
K= 3886 0.0 1.0
K= 3887 0.0 1.0
K= 4064 0.0 1.0
K= 4065 0.0 1.0
K= 4066 0.0 1.0
K= 4067 0.0 1.0
K= 4068 0.0 1.0
K= 4069 0.0 1.0
K= 4070 0 0 , Degree=0
K= 4071 0.0 1.0
K= 4248 0.0 1.0
K= 4249 0.0 1.0
K= 4250 0.0 1.0
K= 4251 0.0 1.0
K= 4252 0.0 1.0
K= 4253 0.0 1.0
K= 4254 0.0 1.0
K= 4255 0.0 1.0
K= 4472 0.0 1.0
K= 4473 0.0 1.0
K= 4474 0.0 1.0
K= 4475 0.0 1.0
K= 4476 0.0 1.0
K= 4477 0.0 1.0
K= 4478 0.0 1.0
K= 4479 0.0 1.0
K= 3816 1026804724.33 1030.0
K= 3817 1026985464.33 2020.0
K= 3818 1062216328.33 8192.0
K= 3819 0.0 1.0
K= 3820 0.0 1.0
K= 3821 0.0 1.0
K= 3822 0.0 1.0
K= 3823 0 0 , Degree=0
K= 4000 0.0 1.0
K= 4001 0.0 1.0
K= 4002 0.0 1.0
K= 4003 0.0 1.0
K= 4004 0.0 1.0
K= 4005 0.0 1.0
K= 4006 0.0 1.0
K= 4007 0.0 1.0
K= 4216 0.0 1.0
K= 4217 0.0 1.0
K= 4218 0.0 1.0
K= 4219 0.0 1.0
K= 4220 0.0 1.0
K= 4221 0.0 1.0
K= 4222 0.0 1.0
K= 4223 0.0 1.0
K= 4504 0.0 1.0
K= 4505 0.0 1.0
K= 4506 0.0 1.0
K= 4507 0.0 1.0
K= 4508 0.0 1.0
K= 4509 0.0 1.0
K= 4510 1062364798.33 8192.0
K= 4511 0.0 1.0
K= 3712 1027170740.67 2019.0
K= 3713 0.0 1.0
K= 3714 1031473677.33 2019.0
K= 3715 0.0 1.0
K= 3716 0.0 1.0
K= 3717 0.0 1.0
K= 3718 0.0 1.0
K= 3719 0 0 , Degree=0
K= 3992 0.0 1.0
K= 3993 0.0 1.0
K= 3994 0.0 1.0
K= 3995 0.0 1.0
K= 3996 1035466351.33 988.0
K= 3997 0.0 1.0
K= 3998 0.0 1.0
K= 3999 0.0 1.0
K= 4360 0.0 1.0
K= 4361 0.0 1.0
K= 4362 0.0 1.0
K= 4363 0.0 1.0
K= 4364 1066590602.33 8192.0
K= 4365 1066603171.33 8192.0
K= 4366 0.0 1.0
K= 4367 0.0 1.0
K= 3808 1026815884.33 1130.0
K= 3809 0.0 1.0
K= 3810 0 0 , Degree=0
K= 3811 1062364798.33 8192.0
K= 3812 0.0 1.0
K= 3813 0.0 1.0
K= 3814 0.0 1.0
K= 3815 0.0 1.0
K= 4048 1062397125.33 8192.0
K= 4049 0.0 1.0
K= 4050 0.0 1.0
K= 4051 0.0 1.0
K= 4052 0.0 1.0
K= 4053 0.0 1.0
K= 4054 0.0 1.0
K= 4055 0.0 1.0
K= 4232 0.0 1.0
K= 4233 0.0 1.0
K= 4234 0.0 1.0
K= 4235 0.0 1.0
K= 4236 0.0 1.0
K= 4237 0.0 1.0
K= 4238 0.0 1.0
K= 4239 0.0 1.0
K= 4520 0.0 1.0
K= 4521 0.0 1.0
K= 4522 0.0 1.0
K= 4523 0.0 1.0
K= 4524 0.0 1.0
K= 4525 0.0 1.0
K= 4526 0.0 1.0
K= 4527 0.0 1.0
K= 3664 1031551641.33 2049.0
K= 3665 0.0 1.0
K= 3666 0.0 1.0
K= 3667 0.0 1.0
K= 3668 0 0 , Degree=0
K= 3669 0.0 1.0
K= 3670 0.0 1.0
K= 3671 0.0 1.0
K= 3896 0.0 1.0
K= 3897 1031788800.89 190.0
K= 3898 0.0 1.0
K= 3899 0.0 1.0
K= 3900 0 0 , Degree=0
K= 3901 0.0 1.0
K= 3902 1050649965.68 4489.0
K= 3903 0.0 1.0
K= 4096 0.0 1.0
K= 4097 0.0 1.0
K= 4098 0.0 1.0
K= 4099 0.0 1.0
K= 4100 0.0 1.0
K= 4101 0.0 1.0
K= 4102 0.0 1.0
K= 4103 0.0 1.0
K= 4376 0.0 1.0
K= 4377 0.0 1.0
K= 4378 0.0 1.0
K= 4379 0.0 1.0
K= 4380 0.0 1.0
K= 4381 0.0 1.0
K= 4382 0.0 1.0
K= 4383 0.0 1.0
K= 4560 1062364798.33 8192.0
K= 4561 0.0 1.0
K= 4562 0.0 1.0
K= 4563 0.0 1.0
K= 4564 0.0 1.0
K= 4565 0.0 1.0
K= 4566 0.0 1.0
K= 4567 0.0 1.0
K= 3720 1026819604.33 1030.0
K= 3721 0.0 1.0
K= 3722 0.0 1.0
K= 3723 0.0 1.0
K= 3724 1027131823.83 2039.0
K= 3725 1027247688.67 2020.0
K= 3726 0.0 1.0
K= 3727 0.0 1.0
K= 4264 0.0 1.0
K= 4265 0.0 1.0
K= 4266 0.0 1.0
K= 4267 0.0 1.0
K= 4268 0.0 1.0
K= 4269 1027282953.5 2039.0
K= 4270 1027315507.33 2019.0
K= 4271 0.0 1.0
K= 3680 1026797284.33 1030.0
K= 3681 0.0 1.0
K= 3682 1027792132.33 1017.0
K= 3683 0.0 1.0
K= 3684 0.0 1.0
K= 3685 0.0 1.0
K= 3686 0.0 1.0
K= 3687 0.0 1.0
K= 4080 0.0 1.0
K= 4081 0.0 1.0
K= 4082 0.0 1.0
K= 4083 0.0 1.0
K= 4084 0.0 1.0
K= 4085 0.0 1.0
K= 4086 0.0 1.0
K= 4087 0.0 1.0
K= 4544 1062364798.33 8192.0
K= 4545 0.0 1.0
K= 4546 0.0 1.0
K= 4547 0.0 1.0
K= 4548 0.0 1.0
K= 4549 0.0 1.0
K= 4550 0.0 1.0
K= 4551 0.0 1.0
K= 3752 1026797284.33 1030.0
K= 3753 1039335593.8 1027.0
K= 3754 0.0 1.0
K= 3755 0.0 1.0
K= 3756 0.0 1.0
K= 3757 0.0 1.0
K= 3758 0 0 , Degree=0
K= 3759 0.0 1.0
K= 4024 1062364798.33 8192.0
K= 4025 0.0 1.0
K= 4026 0.0 1.0
K= 4027 0.0 1.0
K= 4028 0.0 1.0
K= 4029 0.0 1.0
K= 4030 0.0 1.0
K= 4031 0.0 1.0
K= 4240 0.0 1.0
K= 4241 0.0 1.0
K= 4242 0.0 1.0
K= 4243 0.0 1.0
K= 4244 0.0 1.0
K= 4245 0.0 1.0
K= 4246 0.0 1.0
K= 4247 0.0 1.0
K= 4592 0.0 1.0
K= 4593 0.0 1.0
K= 4594 0.0 1.0
K= 4595 0.0 1.0
K= 4596 0.0 1.0
K= 4597 0.0 1.0
K= 4598 0.0 1.0
K= 4599 0.0 1.0
K= 3640 1026798958.33 1039.0
K= 3641 0.0 1.0
K= 3642 1033032466.61 1019.0
K= 3643 1062248802.33 8192.0
K= 3644 0.0 1.0
K= 3645 0.0 1.0
K= 3646 0.0 1.0
K= 3647 0.0 1.0
K= 4072 0.0 1.0
K= 4073 0.0 1.0
K= 4074 0.0 1.0
K= 4075 0.0 1.0
K= 4076 0.0 1.0
K= 4077 0.0 1.0
K= 4078 1066722797.33 8192.0
K= 4079 0.0 1.0
K= 4344 0.0 1.0
K= 4345 0.0 1.0
K= 4346 0.0 1.0
K= 4347 0.0 1.0
K= 4348 0.0 1.0
K= 4349 0.0 1.0
K= 4350 0.0 1.0
K= 4351 0.0 1.0
K= 4576 0.0 1.0
K= 4577 0.0 1.0
K= 4578 0.0 1.0
K= 4579 0.0 1.0
K= 4580 0.0 1.0
K= 4581 0.0 1.0
K= 4582 0.0 1.0
K= 4583 0.0 1.0
K= 3600 1026798958.33 1039.0
K= 3601 1026801004.33 1030.0
K= 3602 1026985276.33 2019.0
K= 3603 0.0 1.0
K= 3604 1035376961.33 999.0
K= 3605 0.0 1.0
K= 3606 0.0 1.0
K= 3607 0.0 1.0
K= 4408 1062340222.33 8192.0
K= 4409 0.0 1.0
K= 4410 0.0 1.0
K= 4411 0.0 1.0
K= 4412 0.0 1.0
K= 4413 0.0 1.0
K= 4414 0.0 1.0
K= 4415 0.0 1.0
K= 4608 0.0 1.0
K= 4609 0.0 1.0
K= 4610 0.0 1.0
K= 4611 0.0 1.0
K= 4612 0.0 1.0
K= 4613 1062364798.33 8192.0
K= 4614 0.0 1.0
K= 4615 0.0 1.0
K= 3632 1026985276.33 2019.0
K= 3633 0.0 1.0
K= 3634 1062216328.33 8192.0
K= 3635 0.0 1.0
K= 3636 0.0 1.0
K= 3637 0.0 1.0
K= 3638 0.0 1.0
K= 3639 0.0 1.0
K= 3984 0.0 1.0
K= 3985 0.0 1.0
K= 3986 0.0 1.0
K= 3987 0.0 1.0
K= 3988 0.0 1.0
K= 3989 0.0 1.0
K= 3990 0.0 1.0
K= 3991 0.0 1.0
K= 4144 0.0 1.0
K= 4145 0.0 1.0
K= 4146 0.0 1.0
K= 4147 0.0 1.0
K= 4148 0.0 1.0
K= 4149 1062397125.33 8192.0
K= 4150 0.0 1.0
K= 4151 0.0 1.0
K= 4312 0.0 1.0
K= 4313 0.0 1.0
K= 4314 0.0 1.0
K= 4315 0.0 1.0
K= 4316 0.0 1.0
K= 4317 0.0 1.0
K= 4318 0.0 1.0
K= 4319 0.0 1.0
K= 4528 0.0 1.0
K= 4529 0.0 1.0
K= 4530 0.0 1.0
K= 4531 0.0 1.0
K= 4532 0.0 1.0
K= 4533 0.0 1.0
K= 4534 0.0 1.0
K= 4535 0.0 1.0
K= 3608 0 0 , Degree=0
K= 3609 1026814749.33 1029.0
K= 3610 0 0 , Degree=0
K= 3611 1027303945.67 2020.0
K= 3612 0.0 1.0
K= 3613 1029685737.67 667.0
K= 3614 0.0 1.0
K= 3615 0.0 1.0
K= 4040 0.0 1.0
K= 4041 1062364798.33 8192.0
K= 4042 0.0 1.0
K= 4043 1066728969.33 8192.0
K= 4044 0.0 1.0
K= 4045 0.0 1.0
K= 4046 0.0 1.0
K= 4047 0.0 1.0
K= 4256 0.0 1.0
K= 4257 0.0 1.0
K= 4258 0.0 1.0
K= 4259 0.0 1.0
K= 4260 0.0 1.0
K= 4261 0.0 1.0
K= 4262 0.0 1.0
K= 4263 0.0 1.0
K= 4448 0.0 1.0
K= 4449 0 0 , Degree=0
K= 4450 0.0 1.0
K= 4451 0.0 1.0
K= 4452 0.0 1.0
K= 4453 0.0 1.0
K= 4454 0 0 , Degree=0
K= 4455 0.0 1.0
K= 4600 0 0 , Degree=0
K= 4601 0.0 1.0
K= 4602 0.0 1.0
K= 4603 0.0 1.0
K= 4604 0.0 1.0
K= 4605 0.0 1.0
K= 4606 0.0 1.0
K= 4607 0.0 1.0
K= 3736 1026984958.33 2039.0
K= 3737 1027287262.83 2039.0
K= 3738 0.0 1.0
K= 3739 0 0 , Degree=0
K= 3740 0.0 1.0
K= 3741 0.0 1.0
K= 3742 0.0 1.0
K= 3743 0.0 1.0
K= 4088 1031405609.33 1539.0
K= 4089 0.0 1.0
K= 4090 1062241918.33 8192.0
K= 4091 0.0 1.0
K= 4092 0.0 1.0
K= 4093 0.0 1.0
K= 4094 0.0 1.0
K= 4095 0.0 1.0
K= 4368 0.0 1.0
K= 4369 0.0 1.0
K= 4370 0.0 1.0
K= 4371 0.0 1.0
K= 4372 0.0 1.0
K= 4373 0.0 1.0
K= 4374 0.0 1.0
K= 4375 0.0 1.0
K= 4584 0.0 1.0
K= 4585 0.0 1.0
K= 4586 0.0 1.0
K= 4587 0.0 1.0
K= 4588 0.0 1.0
K= 4589 0.0 1.0
K= 4590 0.0 1.0
K= 4591 0.0 1.0
K= 3696 1032753995.3 1018.0
K= 3697 0.0 1.0
K= 3698 0.0 1.0
K= 3699 0.0 1.0
K= 3700 0.0 1.0
K= 3701 0.0 1.0
K= 3702 0.0 1.0
K= 3703 0.0 1.0
K= 3920 0.0 1.0
K= 3921 0.0 1.0
K= 3922 0.0 1.0
K= 3923 0.0 1.0
K= 3924 0.0 1.0
K= 3925 0.0 1.0
K= 3926 0.0 1.0
K= 3927 0.0 1.0
K= 4176 0.0 1.0
K= 4177 0.0 1.0
K= 4178 1035501052.53 1009.0
K= 4179 0.0 1.0
K= 4180 0.0 1.0
K= 4181 0.0 1.0
K= 4182 0.0 1.0
K= 4183 0.0 1.0
K= 4568 0.0 1.0
K= 4569 0.0 1.0
K= 4570 1062364798.33 8192.0
K= 4571 0.0 1.0
K= 4572 0.0 1.0
K= 4573 0.0 1.0
K= 4574 0.0 1.0
K= 4575 0.0 1.0
K= 3848 1026798958.33 1039.0
K= 3849 0.0 1.0
K= 3850 1027080514.17 2018.0
K= 3851 0.0 1.0
K= 3852 1031506757.33 2109.0
K= 3853 0.0 1.0
K= 3854 0.0 1.0
K= 3855 0.0 1.0
K= 4296 0.0 1.0
K= 4297 0 0 , Degree=0
K= 4298 0.0 1.0
K= 4299 0.0 1.0
K= 4300 0.0 1.0
K= 4301 0.0 1.0
K= 4302 0.0 1.0
K= 4303 0.0 1.0
K= 4488 1031960508.12 1017.0
K= 4489 0.0 1.0
K= 4490 1032096507.34 1018.0
K= 4491 0.0 1.0
K= 4492 0.0 1.0
K= 4493 0.0 1.0
K= 4494 0.0 1.0
K= 4495 0.0 1.0
K= 3624 1026985464.33 2020.0
K= 3625 0.0 1.0
K= 3626 1027317715.33 2020.0
K= 3627 1031551641.33 2049.0
K= 3628 0.0 1.0
K= 3629 0.0 1.0
K= 3630 0.0 1.0
K= 3631 0.0 1.0
K= 4200 0.0 1.0
K= 4201 0.0 1.0
K= 4202 0.0 1.0
K= 4203 0.0 1.0
K= 4204 0.0 1.0
K= 4205 0.0 1.0
K= 4206 0.0 1.0
K= 4207 0.0 1.0
K= 4512 0.0 1.0
K= 4513 0.0 1.0
K= 4514 0.0 1.0
K= 4515 0.0 1.0
K= 4516 0.0 1.0
K= 4517 0.0 1.0
K= 4518 1039375323.92 1027.0
K= 4519 0.0 1.0
K= 3776 1026798958.33 1039.0
K= 3777 0.0 1.0
K= 3778 1026802678.33 1059.0
K= 3779 0.0 1.0
K= 3780 1026921532.33 1698.0
K= 3781 1026985276.33 2019.0
K= 3782 0.0 1.0
K= 3783 1026985464.33 2020.0
K= 4424 0.0 1.0
K= 4425 1027166532.33 2019.0
K= 4426 1062216328.33 8192.0
K= 4427 0.0 1.0
K= 4428 0.0 1.0
K= 4429 0.0 1.0
K= 4430 1062248802.33 8192.0
K= 4431 0.0 1.0
Ending Time: 1569147720.4
----Computaion Time---- 19517.5812669
Traceback (most recent call last):
  File "greedyBC_new4.py", line 334, in <module>
    array1[k]=int(reward[k])
  File "<string>", line 2, in __getitem__
  File "/usr/lib64/python2.7/multiprocessing/managers.py", line 773, in _callmethod
    raise convert_to_error(kind, result)
KeyError: 0
srun: error: insy7: task 0: Exited with exit code 1
