greedyBC_new2.py:214: SyntaxWarning: name 'maxRewFee' is used prior to global declaration
  global maxRewFee
greedyBC_new2.py:215: SyntaxWarning: name 'maxRew' is used prior to global declaration
  global maxRew
txValue= 10000
Input graph
IGRAPH D--- 4619 68733 -- 
+ attr: pub_key (v), base_fee (e), capacity (e), fee_rate (e), txCost (e)
None
Graph after edges deleted
IGRAPH D--- 4619 68697 -- 
+ attr: pub_key (v), base_fee (e), capacity (e), fee_rate (e), txCost (e)
None
Our nodes starting connections: 
(4618, 2796)
(4618, 1223)
igraph.Edge(<igraph.Graph object at 0x7f6ef37e7718>, 68693, {'txCost': 1010, 'base_fee': 1, 'capacity': 5000000, 'fee_rate': 1, 'edgebetweenness': 153.0})
igraph.Edge(<igraph.Graph object at 0x7f6ef37e7718>, 68695, {'txCost': 1010, 'base_fee': 1, 'capacity': 5000000, 'fee_rate': 1, 'edgebetweenness': 636419.8666666667})
Initial reward: 642938595.333
Starting Time: 1569086158.44
K= 1390 643090887.333 2039.0
K= 1391 678350587.333 8192.0
K= 1392 0.0 1.0
K= 1393 0 0 , Degree=0
K= 1394 0.0 1.0
K= 1395 0.0 1.0
K= 1396 0.0 1.0
K= 1397 0.0 1.0
K= 1398 0.0 1.0
K= 1399 678499057.333 8192.0
K= 1570 0.0 1.0
K= 1571 0.0 1.0
K= 1572 0.0 1.0
K= 1573 0.0 1.0
K= 1574 0.0 1.0
K= 1575 0.0 1.0
K= 1576 0.0 1.0
K= 1577 0 0 , Degree=0
K= 1578 0.0 1.0
K= 1579 0.0 1.0
K= 1680 0.0 1.0
K= 1681 0.0 1.0
K= 1682 0.0 1.0
K= 1683 0.0 1.0
K= 1684 0.0 1.0
K= 1685 0.0 1.0
K= 1686 0.0 1.0
K= 1687 0.0 1.0
K= 1688 0.0 1.0
K= 1689 0.0 1.0
K= 1990 0.0 1.0
K= 1991 0.0 1.0
K= 1992 0.0 1.0
K= 1993 0.0 1.0
K= 1994 0.0 1.0
K= 1995 0.0 1.0
K= 1996 0.0 1.0
K= 1997 0.0 1.0
K= 1998 0.0 1.0
K= 1999 0.0 1.0
K= 2220 0 0 , Degree=0
K= 2221 0.0 1.0
K= 2222 716403375.333 7978.0
K= 2223 0.0 1.0
K= 2224 0.0 1.0
K= 2225 0.0 1.0
K= 2226 0.0 1.0
K= 2227 0.0 1.0
K= 2228 0.0 1.0
K= 2229 883456899.333 8192.0
K= 1400 643091965.333 2019.0
K= 1401 0.0 1.0
K= 1402 0.0 1.0
K= 1403 643214493.667 2020.0
K= 1404 678499057.333 8192.0
K= 1405 0.0 1.0
K= 1406 0.0 1.0
K= 1407 0.0 1.0
K= 1408 0.0 1.0
K= 1409 0.0 1.0
K= 1630 0.0 1.0
K= 1631 0.0 1.0
K= 1632 0.0 1.0
K= 1633 0.0 1.0
K= 1634 0.0 1.0
K= 1635 0.0 1.0
K= 1636 0.0 1.0
K= 1637 0.0 1.0
K= 1638 0.0 1.0
K= 1639 0.0 1.0
K= 1870 0.0 1.0
K= 1871 0.0 1.0
K= 1872 0.0 1.0
K= 1873 0.0 1.0
K= 1874 0.0 1.0
K= 1875 0.0 1.0
K= 1876 0.0 1.0
K= 1877 0.0 1.0
K= 1878 0.0 1.0
K= 1879 0.0 1.0
K= 2190 0.0 1.0
K= 2191 0.0 1.0
K= 2192 0.0 1.0
K= 2193 0.0 1.0
K= 2194 0.0 1.0
K= 2195 682792681.333 8192.0
K= 2196 0.0 1.0
K= 2197 0.0 1.0
K= 2198 0.0 1.0
K= 2199 0.0 1.0
K= 1360 643091965.333 2019.0
K= 1361 0.0 1.0
K= 1362 643305075.333 2019.0
K= 1363 646983589.627 1017.0
K= 1364 647457265.333 1030.0
K= 1365 0.0 1.0
K= 1366 0.0 1.0
K= 1367 0.0 1.0
K= 1368 0.0 1.0
K= 1369 0.0 1.0
K= 1820 0.0 1.0
K= 1821 0.0 1.0
K= 1822 0.0 1.0
K= 1823 0.0 1.0
K= 1824 678376177.333 8192.0
K= 1825 0.0 1.0
K= 1826 0.0 1.0
K= 1827 0.0 1.0
K= 1828 0.0 1.0
K= 1829 0.0 1.0
K= 2120 0.0 1.0
K= 2121 0.0 1.0
K= 2122 0.0 1.0
K= 2123 0.0 1.0
K= 2124 0.0 1.0
K= 2125 0.0 1.0
K= 2126 0 0 , Degree=0
K= 2127 0.0 1.0
K= 2128 0.0 1.0
K= 2129 0.0 1.0
K= 2400 0.0 1.0
K= 1490 642947475.333 1030.0
K= 1491 0.0 1.0
K= 1492 642963607.333 1179.0
K= 1493 0.0 1.0
K= 1494 643218870.333 2020.0
K= 1495 0.0 1.0
K= 1496 678350587.333 8192.0
K= 1497 678499057.333 8192.0
K= 1498 0.0 1.0
K= 1499 0.0 1.0
K= 1790 0.0 1.0
K= 1791 0.0 1.0
K= 1792 0 0 , Degree=0
K= 1793 0.0 1.0
K= 1794 0.0 1.0
K= 1795 0.0 1.0
K= 1796 0.0 1.0
K= 1797 0.0 1.0
K= 1798 0.0 1.0
K= 1799 0.0 1.0
K= 2130 0.0 1.0
K= 2131 0.0 1.0
K= 2132 0.0 1.0
K= 2133 0.0 1.0
K= 2134 0.0 1.0
K= 2135 0.0 1.0
K= 2136 0.0 1.0
K= 2137 0.0 1.0
K= 2138 0.0 1.0
K= 2139 0.0 1.0
K= 1380 642941555.333 1030.0
K= 1381 0.0 1.0
K= 1382 0.0 1.0
K= 1383 642944515.333 1030.0
K= 1384 643371735.333 2019.0
K= 1385 0.0 1.0
K= 1386 647607675.333 2019.0
K= 1387 651594721.333 988.0
K= 1388 0.0 1.0
K= 1389 0.0 1.0
K= 1980 0.0 1.0
K= 1981 0.0 1.0
K= 1982 0.0 1.0
K= 1983 0.0 1.0
K= 1984 0.0 1.0
K= 1985 0.0 1.0
K= 1986 0.0 1.0
K= 1987 0.0 1.0
K= 1988 0.0 1.0
K= 1989 678350587.333 8192.0
K= 1470 642942887.333 1039.0
K= 1471 642944663.333 1051.0
K= 1472 643061287.333 1839.0
K= 1473 0.0 1.0
K= 1474 651594721.333 988.0
K= 1475 0.0 1.0
K= 1476 0.0 1.0
K= 1477 0.0 1.0
K= 1478 678499057.333 8192.0
K= 1479 0.0 1.0
K= 1840 0.0 1.0
K= 1841 0.0 1.0
K= 1842 0.0 1.0
K= 1843 0.0 1.0
K= 1844 0.0 1.0
K= 1845 0.0 1.0
K= 1846 0.0 1.0
K= 1847 0.0 1.0
K= 1848 0.0 1.0
K= 1849 0.0 1.0
K= 2170 0.0 1.0
K= 2171 682855075.333 8192.0
K= 2172 0.0 1.0
K= 2173 0.0 1.0
K= 2174 0.0 1.0
K= 2175 0.0 1.0
K= 2176 0.0 1.0
K= 2177 0.0 1.0
K= 2178 0.0 1.0
K= 2179 0.0 1.0
K= 1460 643090887.333 2039.0
K= 1461 0.0 1.0
K= 1462 0.0 1.0
K= 1463 643228212.833 2020.0
K= 1464 0.0 1.0
K= 1465 647725759.062 99.0
K= 1466 0.0 1.0
K= 1467 0.0 1.0
K= 1468 0.0 1.0
K= 1469 0.0 1.0
K= 1740 0.0 1.0
K= 1741 0.0 1.0
K= 1742 0.0 1.0
K= 1743 0.0 1.0
K= 1744 0.0 1.0
K= 1745 0.0 1.0
K= 1746 0.0 1.0
K= 1747 0.0 1.0
K= 1748 0.0 1.0
K= 1749 0.0 1.0
K= 2090 0.0 1.0
K= 2091 0.0 1.0
K= 2092 0.0 1.0
K= 2093 0.0 1.0
K= 2094 0.0 1.0
K= 2095 0.0 1.0
K= 2096 0.0 1.0
K= 2097 0.0 1.0
K= 2098 0.0 1.0
K= 2099 0.0 1.0
K= 1370 642944515.333 1030.0
K= 1371 0.0 1.0
K= 1372 642992319.333 1373.0
K= 1373 0.0 1.0
K= 1374 0 0 , Degree=0
K= 1375 0.0 1.0
K= 1376 0.0 1.0
K= 1377 0.0 1.0
K= 1378 0.0 1.0
K= 1379 0.0 1.0
K= 1920 647410875.333 2020.0
K= 1921 0.0 1.0
K= 1922 0.0 1.0
K= 1923 0.0 1.0
K= 1924 0.0 1.0
K= 1925 0.0 1.0
K= 1926 677869279.333 8192.0
K= 1927 0.0 1.0
K= 1928 0.0 1.0
K= 1929 0.0 1.0
K= 1480 642947031.333 1029.0
K= 1481 0.0 1.0
K= 1482 643077115.333 1920.0
K= 1483 0.0 1.0
K= 1484 647457265.333 1030.0
K= 1485 0.0 1.0
K= 1486 682354801.333 8192.0
K= 1487 0.0 1.0
K= 1488 0.0 1.0
K= 1489 0.0 1.0
K= 1690 0.0 1.0
K= 1691 0.0 1.0
K= 1692 0.0 1.0
K= 1693 0.0 1.0
K= 1694 0 0 , Degree=0
K= 1695 0.0 1.0
K= 1696 0.0 1.0
K= 1697 0.0 1.0
K= 1698 0.0 1.0
K= 1699 0.0 1.0
K= 2030 0.0 1.0
K= 2031 0.0 1.0
K= 2032 0.0 1.0
K= 2033 0.0 1.0
K= 2034 0.0 1.0
K= 2035 0.0 1.0
K= 2036 0.0 1.0
K= 2037 0.0 1.0
K= 2038 0.0 1.0
K= 2039 0.0 1.0
K= 2280 0.0 1.0
K= 2281 0.0 1.0
K= 2282 0.0 1.0
K= 2283 0.0 1.0
K= 2284 0.0 1.0
K= 2285 0.0 1.0
K= 2286 0.0 1.0
K= 2287 0.0 1.0
K= 2288 0.0 1.0
K= 2289 0.0 1.0
K= 1500 642942887.333 1039.0
K= 1501 0.0 1.0
K= 1502 643092115.333 2020.0
K= 1503 647606815.333 2020.0
K= 1504 0.0 1.0
K= 1505 0.0 1.0
K= 1506 0.0 1.0
K= 1507 0.0 1.0
K= 1508 723111363.333 8192.0
K= 1509 0.0 1.0
K= 1750 0.0 1.0
K= 1751 0.0 1.0
K= 1752 0.0 1.0
K= 1753 0.0 1.0
K= 1754 0.0 1.0
K= 1755 0.0 1.0
K= 1756 0.0 1.0
K= 1757 0.0 1.0
K= 1758 0.0 1.0
K= 1759 0.0 1.0
K= 1950 0.0 1.0
K= 1951 0.0 1.0
K= 1952 0.0 1.0
K= 1953 0.0 1.0
K= 1954 0.0 1.0
K= 1955 0.0 1.0
K= 1956 0.0 1.0
K= 1957 0.0 1.0
K= 1958 0.0 1.0
K= 1959 0.0 1.0
K= 2200 0.0 1.0
K= 2201 0.0 1.0
K= 2202 0 0 , Degree=0
K= 2203 0.0 1.0
K= 2204 0.0 1.0
K= 2205 0.0 1.0
K= 2206 0.0 1.0
K= 2207 0.0 1.0
K= 2208 0.0 1.0
K= 2209 0.0 1.0
K= 2370 0.0 1.0
K= 2371 0.0 1.0
K= 2372 0.0 1.0
K= 2373 0.0 1.0
K= 2374 0.0 1.0
K= 2375 0.0 1.0
K= 2376 0.0 1.0
K= 2377 0.0 1.0
K= 2378 0.0 1.0
K= 2379 0.0 1.0
K= 1340 642942887.333 1039.0
K= 1341 643091215.333 2014.0
K= 1342 0.0 1.0
K= 1343 0.0 1.0
K= 1344 643189479.333 2020.0
K= 1345 0 0 , Degree=0
K= 1346 0.0 1.0
K= 1347 647554145.333 2019.0
K= 1348 0.0 1.0
K= 1349 0.0 1.0
K= 1880 0.0 1.0
K= 1881 647687731.119 89.0
K= 1882 0.0 1.0
K= 1883 0.0 1.0
K= 1884 0.0 1.0
K= 1885 0.0 1.0
K= 1886 653423738.866 1028.0
K= 1887 0.0 1.0
K= 1888 0.0 1.0
K= 1889 0.0 1.0
K= 1430 642944515.333 1030.0
K= 1431 0.0 1.0
K= 1432 647645750.633 1018.0
K= 1433 0.0 1.0
K= 1434 0.0 1.0
K= 1435 0.0 1.0
K= 1436 0.0 1.0
K= 1437 0.0 1.0
K= 1438 0.0 1.0
K= 1439 0.0 1.0
K= 1610 0.0 1.0
K= 1611 0.0 1.0
K= 1612 0.0 1.0
K= 1613 0.0 1.0
K= 1614 0.0 1.0
K= 1615 0.0 1.0
K= 1616 0.0 1.0
K= 1617 0.0 1.0
K= 1618 0.0 1.0
K= 1619 0.0 1.0
K= 1930 0.0 1.0
K= 1931 0.0 1.0
K= 1932 0.0 1.0
K= 1933 0.0 1.0
K= 1934 0.0 1.0
K= 1935 0.0 1.0
K= 1936 0.0 1.0
K= 1937 0.0 1.0
K= 1938 0.0 1.0
K= 1939 0.0 1.0
K= 1440 642941407.333 1029.0
K= 1441 678350587.333 8192.0
K= 1442 0.0 1.0
K= 1443 678563697.333 8192.0
K= 1444 0.0 1.0
K= 1445 0.0 1.0
K= 1446 682327195.333 8192.0
K= 1447 0.0 1.0
K= 1448 0.0 1.0
K= 1449 0.0 1.0
K= 1560 0.0 1.0
K= 1561 0.0 1.0
K= 1562 0.0 1.0
K= 1563 0.0 1.0
K= 1564 0.0 1.0
K= 1565 0.0 1.0
K= 1566 0.0 1.0
K= 1567 0.0 1.0
K= 1568 0.0 1.0
K= 1569 0.0 1.0
K= 1760 0.0 1.0
K= 1761 0.0 1.0
K= 1762 0.0 1.0
K= 1763 0.0 1.0
K= 1764 0.0 1.0
K= 1765 0.0 1.0
K= 1766 0.0 1.0
K= 1767 0.0 1.0
K= 1768 0.0 1.0
K= 1769 0.0 1.0
K= 2050 0.0 1.0
K= 2051 0.0 1.0
K= 2052 0.0 1.0
K= 2053 0.0 1.0
K= 2054 0.0 1.0
K= 2055 0.0 1.0
K= 2056 0.0 1.0
K= 2057 0.0 1.0
K= 2058 0.0 1.0
K= 2059 0.0 1.0
K= 2300 0 0 , Degree=0
K= 2301 0.0 1.0
K= 2302 0.0 1.0
K= 2303 0.0 1.0
K= 2304 0.0 1.0
K= 2305 0.0 1.0
K= 2306 0.0 1.0
K= 2307 0.0 1.0
K= 2308 0.0 1.0
K= 2309 0.0 1.0
K= 1200 678350587.333 8192.0
K= 1201 0.0 1.0
K= 1202 0.0 1.0
K= 1203 0.0 1.0
K= 1204 0.0 1.0
K= 1205 678499057.333 8192.0
K= 1206 0.0 1.0
K= 1207 0.0 1.0
K= 1208 0.0 1.0
K= 1209 0.0 1.0
K= 1530 0.0 1.0
K= 1531 0.0 1.0
K= 1532 0.0 1.0
K= 1533 0.0 1.0
K= 1534 0.0 1.0
K= 1535 0.0 1.0
K= 1536 0.0 1.0
K= 1537 0.0 1.0
K= 1538 0.0 1.0
K= 1539 0.0 1.0
K= 1640 0.0 1.0
K= 1641 0.0 1.0
K= 1642 0.0 1.0
K= 1643 0.0 1.0
K= 1644 0.0 1.0
K= 1645 0.0 1.0
K= 1646 0.0 1.0
K= 1647 0.0 1.0
K= 1648 0.0 1.0
K= 1649 0.0 1.0
K= 1960 0.0 1.0
K= 1961 0.0 1.0
K= 1962 0.0 1.0
K= 1963 0.0 1.0
K= 1964 0.0 1.0
K= 1965 0.0 1.0
K= 1966 0.0 1.0
K= 1967 0.0 1.0
K= 1968 0.0 1.0
K= 1969 0.0 1.0
K= 2230 0.0 1.0
K= 2231 0.0 1.0
K= 2232 0.0 1.0
K= 2233 0.0 1.0
K= 2234 0.0 1.0
K= 2235 0.0 1.0
K= 2236 0 0 , Degree=0
K= 2237 0.0 1.0
K= 2238 0.0 1.0
K= 2239 0.0 1.0
K= 1230 642942887.333 1039.0
K= 1231 642947031.333 1029.0
K= 1232 0.0 1.0
K= 1233 0.0 1.0
K= 1234 643090465.333 2009.0
K= 1235 0.0 1.0
K= 1236 0.0 1.0
K= 1237 643314988.667 2020.0
K= 1238 0.0 1.0
K= 1239 0.0 1.0
K= 2100 0 0 , Degree=0
K= 2101 0.0 1.0
K= 2102 678350587.333 8192.0
K= 2103 0.0 1.0
K= 2104 0.0 1.0
K= 2105 0.0 1.0
K= 2106 0.0 1.0
K= 2107 0.0 1.0
K= 2108 0.0 1.0
K= 2109 0.0 1.0
K= 2310 0.0 1.0
K= 2311 0.0 1.0
K= 2312 0.0 1.0
K= 2313 0.0 1.0
K= 2314 0.0 1.0
K= 2315 0.0 1.0
K= 2316 883456899.333 8192.0
K= 2317 0.0 1.0
K= 2318 0.0 1.0
K= 2319 0.0 1.0
K= 1220 642941555.333 1030.0
K= 1221 643088445.333 2009.0
K= 1222 0.0 1.0
K= 1223 0.0 1.0
K= 1224 0.0 1.0
K= 1225 0.0 1.0
K= 1226 0.0 1.0
K= 1227 643382490.333 2020.0
K= 1228 0.0 1.0
K= 1229 643395332.333 2059.0
K= 2070 653358832.018 1028.0
K= 2071 0.0 1.0
K= 2072 0.0 1.0
K= 2073 0.0 1.0
K= 2074 0.0 1.0
K= 2075 0.0 1.0
K= 2076 0.0 1.0
K= 2077 0.0 1.0
K= 2078 0.0 1.0
K= 2079 0 0 , Degree=0
K= 1260 642942887.333 1039.0
K= 1261 642943035.333 1040.0
K= 1262 643486801.417 2029.0
K= 1263 0.0 1.0
K= 1264 678496784.833 8192.0
K= 1265 0.0 1.0
K= 1266 0.0 1.0
K= 1267 0.0 1.0
K= 1268 0.0 1.0
K= 1269 0.0 1.0
K= 1730 0.0 1.0
K= 1731 678523743.774 8192.0
K= 1732 0.0 1.0
K= 1733 0.0 1.0
K= 1734 0.0 1.0
K= 1735 0.0 1.0
K= 1736 682354801.333 8192.0
K= 1737 0.0 1.0
K= 1738 0.0 1.0
K= 1739 0.0 1.0
K= 2000 0.0 1.0
K= 2001 0.0 1.0
K= 2002 0.0 1.0
K= 2003 0.0 1.0
K= 2004 0.0 1.0
K= 2005 0.0 1.0
K= 2006 0.0 1.0
K= 2007 0.0 1.0
K= 2008 0.0 1.0
K= 2009 0.0 1.0
K= 2160 0.0 1.0
K= 2161 0.0 1.0
K= 2162 0.0 1.0
K= 2163 0.0 1.0
K= 2164 0.0 1.0
K= 2165 0.0 1.0
K= 2166 0.0 1.0
K= 2167 0.0 1.0
K= 2168 0.0 1.0
K= 2169 0.0 1.0
K= 1210 642949843.333 1029.0
K= 1211 0.0 1.0
K= 1212 0.0 1.0
K= 1213 643088445.333 2009.0
K= 1214 647457265.333 1030.0
K= 1215 0.0 1.0
K= 1216 0.0 1.0
K= 1217 0 0 , Degree=0
K= 1218 0.0 1.0
K= 1219 647634925.632 1018.0
K= 1800 0.0 1.0
K= 1801 0.0 1.0
K= 1802 678445056.0 8192.0
K= 1803 0.0 1.0
K= 1804 0.0 1.0
K= 1805 0.0 1.0
K= 1806 0.0 1.0
K= 1807 0.0 1.0
K= 1808 0.0 1.0
K= 1809 0.0 1.0
K= 2150 0.0 1.0
K= 2151 0.0 1.0
K= 2152 682354801.333 8192.0
K= 2153 0.0 1.0
K= 2154 0.0 1.0
K= 2155 0.0 1.0
K= 2156 0.0 1.0
K= 2157 0.0 1.0
K= 2158 0.0 1.0
K= 2159 0.0 1.0
K= 2380 0.0 1.0
K= 2381 0.0 1.0
K= 2382 0.0 1.0
K= 2383 0.0 1.0
K= 2384 0.0 1.0
K= 2385 0.0 1.0
K= 2386 0.0 1.0
K= 2387 0.0 1.0
K= 2388 0.0 1.0
K= 2389 0.0 1.0
K= 1350 642941555.333 1030.0
K= 1351 0.0 1.0
K= 1352 643048263.333 1029.0
K= 1353 0.0 1.0
K= 1354 0.0 1.0
K= 1355 0.0 1.0
K= 1356 0.0 1.0
K= 1357 643608613.333 1019.0
K= 1358 0.0 1.0
K= 1359 647613557.269 1018.0
K= 2020 0.0 1.0
K= 2021 0.0 1.0
K= 2022 0.0 1.0
K= 2023 0.0 1.0
K= 2024 0.0 1.0
K= 2025 0.0 1.0
K= 2026 0.0 1.0
K= 2027 0.0 1.0
K= 2028 0.0 1.0
K= 2029 0.0 1.0
K= 1240 642945847.333 1059.0
K= 1241 643649501.333 1019.0
K= 1242 657807608.11 3388.0
K= 1243 0.0 1.0
K= 1244 0.0 1.0
K= 1245 0.0 1.0
K= 1246 0.0 1.0
K= 1247 0.0 1.0
K= 1248 0.0 1.0
K= 1249 0.0 1.0
K= 1720 0.0 1.0
K= 1721 0.0 1.0
K= 1722 0.0 1.0
K= 1723 682848903.333 8192.0
K= 1724 0.0 1.0
K= 1725 0.0 1.0
K= 1726 0.0 1.0
K= 1727 0.0 1.0
K= 1728 0.0 1.0
K= 1729 0.0 1.0
K= 1970 0.0 1.0
K= 1971 0.0 1.0
K= 1972 0.0 1.0
K= 1973 0.0 1.0
K= 1974 0.0 1.0
K= 1975 0.0 1.0
K= 1976 0.0 1.0
K= 1977 0.0 1.0
K= 1978 0.0 1.0
K= 1979 0.0 1.0
K= 2180 0.0 1.0
K= 2181 0.0 1.0
K= 2182 0.0 1.0
K= 2183 0.0 1.0
K= 2184 0.0 1.0
K= 2185 0 0 , Degree=0
K= 2186 0.0 1.0
K= 2187 0.0 1.0
K= 2188 0.0 1.0
K= 2189 0.0 1.0
K= 2390 0.0 1.0
K= 2391 0.0 1.0
K= 2392 0.0 1.0
K= 2393 0.0 1.0
K= 2394 0.0 1.0
K= 2395 0.0 1.0
K= 2396 0.0 1.0
K= 2397 0.0 1.0
K= 2398 0.0 1.0
K= 2399 0.0 1.0
K= 1310 642941555.333 1030.0
K= 1311 0.0 1.0
K= 1312 642943035.333 1040.0
K= 1313 643608613.333 1019.0
K= 1314 678350587.333 8192.0
K= 1315 0.0 1.0
K= 1316 0.0 1.0
K= 1317 0.0 1.0
K= 1318 0.0 1.0
K= 1319 0.0 1.0
K= 1770 0.0 1.0
K= 1771 0.0 1.0
K= 1772 0.0 1.0
K= 1773 0.0 1.0
K= 1774 0.0 1.0
K= 1775 0 0 , Degree=0
K= 1776 0.0 1.0
K= 1777 0.0 1.0
K= 1778 0.0 1.0
K= 1779 0.0 1.0
K= 2040 0.0 1.0
K= 2041 678499057.333 8192.0
K= 2042 0.0 1.0
K= 2043 0.0 1.0
K= 2044 0.0 1.0
K= 2045 0.0 1.0
K= 2046 678544911.333 8192.0
K= 2047 0.0 1.0
K= 2048 0.0 1.0
K= 2049 0.0 1.0
K= 2340 0.0 1.0
K= 2341 0.0 1.0
K= 2342 0.0 1.0
K= 2343 0.0 1.0
K= 2344 0.0 1.0
K= 2345 0.0 1.0
K= 2346 0.0 1.0
K= 2347 0.0 1.0
K= 2348 0.0 1.0
K= 2349 0.0 1.0
K= 1320 653344691.397 1028.0
K= 1321 0.0 1.0
K= 1322 0.0 1.0
K= 1323 0.0 1.0
K= 1324 0.0 1.0
K= 1325 0.0 1.0
K= 1326 0.0 1.0
K= 1327 0.0 1.0
K= 1328 0.0 1.0
K= 1329 0.0 1.0
K= 1580 0.0 1.0
K= 1581 0.0 1.0
K= 1582 0.0 1.0
K= 1583 678499057.333 8192.0
K= 1584 0.0 1.0
K= 1585 0.0 1.0
K= 1586 0.0 1.0
K= 1587 0.0 1.0
K= 1588 0.0 1.0
K= 1589 683659625.333 2019.0
K= 1900 0.0 1.0
K= 1901 0.0 1.0
K= 1902 0.0 1.0
K= 1903 0.0 1.0
K= 1904 0.0 1.0
K= 1905 0.0 1.0
K= 1906 0.0 1.0
K= 1907 0.0 1.0
K= 1908 0.0 1.0
K= 1909 0.0 1.0
K= 2270 0.0 1.0
K= 2271 0.0 1.0
K= 2272 0.0 1.0
K= 2273 0.0 1.0
K= 2274 0.0 1.0
K= 2275 0.0 1.0
K= 2276 0.0 1.0
K= 2277 0.0 1.0
K= 2278 0.0 1.0
K= 2279 0.0 1.0
K= 1410 678499057.333 8192.0
K= 1411 0.0 1.0
K= 1412 0.0 1.0
K= 1413 0.0 1.0
K= 1414 0.0 1.0
K= 1415 0.0 1.0
K= 1416 0.0 1.0
K= 1417 0.0 1.0
K= 1418 0.0 1.0
K= 1419 0.0 1.0
K= 1520 0.0 1.0
K= 1521 0.0 1.0
K= 1522 0.0 1.0
K= 1523 0.0 1.0
K= 1524 0.0 1.0
K= 1525 0.0 1.0
K= 1526 0.0 1.0
K= 1527 0.0 1.0
K= 1528 0.0 1.0
K= 1529 0.0 1.0
K= 1620 0.0 1.0
K= 1621 0.0 1.0
K= 1622 0.0 1.0
K= 1623 0.0 1.0
K= 1624 0.0 1.0
K= 1625 0.0 1.0
K= 1626 0.0 1.0
K= 1627 0.0 1.0
K= 1628 0.0 1.0
K= 1629 0.0 1.0
K= 1910 0.0 1.0
K= 1911 0.0 1.0
K= 1912 0.0 1.0
K= 1913 0.0 1.0
K= 1914 0.0 1.0
K= 1915 0.0 1.0
K= 1916 0.0 1.0
K= 1917 0.0 1.0
K= 1918 0.0 1.0
K= 1919 0.0 1.0
K= 2250 0.0 1.0
K= 2251 0.0 1.0
K= 2252 0.0 1.0
K= 2253 0.0 1.0
K= 2254 0.0 1.0
K= 2255 0.0 1.0
K= 2256 0.0 1.0
K= 2257 0.0 1.0
K= 2258 0.0 1.0
K= 2259 0.0 1.0
K= 1280 642941292.0 1019.0
K= 1281 642943035.333 1040.0
K= 1282 678499057.333 8192.0
K= 1283 0.0 1.0
K= 1284 0.0 1.0
K= 1285 0.0 1.0
K= 1286 0.0 1.0
K= 1287 0.0 1.0
K= 1288 0.0 1.0
K= 1289 0.0 1.0
K= 1590 0.0 1.0
K= 1591 0.0 1.0
K= 1592 0.0 1.0
K= 1593 0.0 1.0
K= 1594 0.0 1.0
K= 1595 0.0 1.0
K= 1596 0 0 , Degree=0
K= 1597 0.0 1.0
K= 1598 0.0 1.0
K= 1599 723111363.333 8192.0
K= 1710 0.0 1.0
K= 1711 0.0 1.0
K= 1712 0.0 1.0
K= 1713 0.0 1.0
K= 1714 0.0 1.0
K= 1715 0.0 1.0
K= 1716 0.0 1.0
K= 1717 0.0 1.0
K= 1718 0.0 1.0
K= 1719 0.0 1.0
K= 1940 0.0 1.0
K= 1941 0.0 1.0
K= 1942 0.0 1.0
K= 1943 0.0 1.0
K= 1944 0.0 1.0
K= 1945 0.0 1.0
K= 1946 0.0 1.0
K= 1947 0.0 1.0
K= 1948 0.0 1.0
K= 1949 0.0 1.0
K= 2210 0.0 1.0
K= 2211 0.0 1.0
K= 2212 0.0 1.0
K= 2213 0.0 1.0
K= 2214 0.0 1.0
K= 2215 0.0 1.0
K= 2216 0.0 1.0
K= 2217 0.0 1.0
K= 2218 0.0 1.0
K= 2219 0.0 1.0
K= 1300 642941555.333 1030.0
K= 1301 682792681.333 8192.0
K= 1302 0.0 1.0
K= 1303 0.0 1.0
K= 1304 0.0 1.0
K= 1305 0.0 1.0
K= 1306 0.0 1.0
K= 1307 0.0 1.0
K= 1308 0.0 1.0
K= 1309 0.0 1.0
K= 1550 0.0 1.0
K= 1551 0.0 1.0
K= 1552 0.0 1.0
K= 1553 0.0 1.0
K= 1554 0.0 1.0
K= 1555 0.0 1.0
K= 1556 0.0 1.0
K= 1557 0.0 1.0
K= 1558 0.0 1.0
K= 1559 0.0 1.0
K= 1650 0.0 1.0
K= 1651 0.0 1.0
K= 1652 0.0 1.0
K= 1653 0.0 1.0
K= 1654 0.0 1.0
K= 1655 0.0 1.0
K= 1656 0.0 1.0
K= 1657 0.0 1.0
K= 1658 0.0 1.0
K= 1659 0.0 1.0
K= 1860 0.0 1.0
K= 1861 0.0 1.0
K= 1862 0.0 1.0
K= 1863 0.0 1.0
K= 1864 0.0 1.0
K= 1865 0.0 1.0
K= 1866 0.0 1.0
K= 1867 0.0 1.0
K= 1868 0.0 1.0
K= 1869 0.0 1.0
K= 2110 0.0 1.0
K= 2111 0.0 1.0
K= 2112 0 0 , Degree=0
K= 2113 0.0 1.0
K= 2114 0.0 1.0
K= 2115 0.0 1.0
K= 2116 0.0 1.0
K= 2117 0 0 , Degree=0
K= 2118 0.0 1.0
K= 2119 0.0 1.0
K= 1250 642941555.333 1030.0
K= 1251 642956355.333 1130.0
K= 1252 0.0 1.0
K= 1253 643091965.333 2019.0
K= 1254 651594721.333 988.0
K= 1255 0.0 1.0
K= 1256 0.0 1.0
K= 1257 0.0 1.0
K= 1258 0.0 1.0
K= 1259 0 0 , Degree=0
K= 1670 0.0 1.0
K= 1671 0.0 1.0
K= 1672 678350587.333 8192.0
K= 1673 0.0 1.0
K= 1674 0.0 1.0
K= 1675 0.0 1.0
K= 1676 0.0 1.0
K= 1677 0.0 1.0
K= 1678 0.0 1.0
K= 1679 0.0 1.0
K= 2060 0.0 1.0
K= 2061 0.0 1.0
K= 2062 0.0 1.0
K= 2063 0.0 1.0
K= 2064 0.0 1.0
K= 2065 0.0 1.0
K= 2066 0.0 1.0
K= 2067 0.0 1.0
K= 2068 0.0 1.0
K= 2069 0.0 1.0
K= 2330 0.0 1.0
K= 2331 0.0 1.0
K= 2332 0.0 1.0
K= 2333 0.0 1.0
K= 2334 0.0 1.0
K= 2335 0.0 1.0
K= 2336 0.0 1.0
K= 2337 0.0 1.0
K= 2338 0.0 1.0
K= 2339 0.0 1.0
K= 1290 642942887.333 1039.0
K= 1291 643136893.5 2019.0
K= 1292 643373400.333 2020.0
K= 1293 678641467.333 8192.0
K= 1294 0.0 1.0
K= 1295 0.0 1.0
K= 1296 0.0 1.0
K= 1297 0.0 1.0
K= 1298 0.0 1.0
K= 1299 0.0 1.0
K= 1700 0.0 1.0
K= 1701 0.0 1.0
K= 1702 0.0 1.0
K= 1703 0.0 1.0
K= 1704 0.0 1.0
K= 1705 0.0 1.0
K= 1706 0.0 1.0
K= 1707 0.0 1.0
K= 1708 0.0 1.0
K= 1709 0.0 1.0
K= 1890 0 0 , Degree=0
K= 1891 0.0 1.0
K= 1892 0.0 1.0
K= 1893 0.0 1.0
K= 1894 0.0 1.0
K= 1895 0.0 1.0
K= 1896 0.0 1.0
K= 1897 0.0 1.0
K= 1898 0.0 1.0
K= 1899 0.0 1.0
K= 2080 0.0 1.0
K= 2081 0.0 1.0
K= 2082 0.0 1.0
K= 2083 0.0 1.0
K= 2084 0.0 1.0
K= 2085 0.0 1.0
K= 2086 0.0 1.0
K= 2087 0.0 1.0
K= 2088 0.0 1.0
K= 2089 0.0 1.0
K= 2350 0 0 , Degree=0
K= 2351 0.0 1.0
K= 2352 0.0 1.0
K= 2353 0.0 1.0
K= 2354 0.0 1.0
K= 2355 0.0 1.0
K= 2356 0.0 1.0
K= 2357 0.0 1.0
K= 2358 0.0 1.0
K= 2359 0.0 1.0
K= 1330 642941555.333 1030.0
K= 1331 643091965.333 2019.0
K= 1332 643382490.333 2020.0
K= 1333 0.0 1.0
K= 1334 647607675.333 2019.0
K= 1335 0.0 1.0
K= 1336 0.0 1.0
K= 1337 0.0 1.0
K= 1338 0.0 1.0
K= 1339 0.0 1.0
K= 1830 0.0 1.0
K= 1831 0.0 1.0
K= 1832 0.0 1.0
K= 1833 0.0 1.0
K= 1834 0.0 1.0
K= 1835 0.0 1.0
K= 1836 647608077.333 2049.0
K= 1837 0.0 1.0
K= 1838 0.0 1.0
K= 1839 0.0 1.0
K= 2260 0 0 , Degree=0
K= 2261 0.0 1.0
K= 2262 651594721.333 988.0
K= 2263 0.0 1.0
K= 2264 0.0 1.0
K= 2265 0.0 1.0
K= 2266 0.0 1.0
K= 2267 678418764.333 8192.0
K= 2268 0.0 1.0
K= 2269 0.0 1.0
K= 1270 643303710.333 2020.0
K= 1271 0.0 1.0
K= 1272 0.0 1.0
K= 1273 0.0 1.0
K= 1274 0.0 1.0
K= 1275 0.0 1.0
K= 1276 643377945.333 2020.0
K= 1277 647607675.333 2019.0
K= 1278 0.0 1.0
K= 1279 0.0 1.0
K= 1810 0.0 1.0
K= 1811 0.0 1.0
K= 1812 651591735.333 988.0
K= 1813 0.0 1.0
K= 1814 0.0 1.0
K= 1815 0.0 1.0
K= 1816 0.0 1.0
K= 1817 0.0 1.0
K= 1818 0.0 1.0
K= 1819 0.0 1.0
K= 2290 0.0 1.0
K= 2291 0.0 1.0
K= 2292 0.0 1.0
K= 2293 666742310.994 4488.0
K= 2294 0.0 1.0
K= 2295 0.0 1.0
K= 2296 0.0 1.0
K= 2297 678350587.333 8192.0
K= 2298 0.0 1.0
K= 2299 0.0 1.0
K= 1510 678499057.333 8192.0
K= 1511 0.0 1.0
K= 1512 0.0 1.0
K= 1513 0.0 1.0
K= 1514 0.0 1.0
K= 1515 0.0 1.0
K= 1516 0.0 1.0
K= 1517 0.0 1.0
K= 1518 0.0 1.0
K= 1519 0.0 1.0
K= 1540 0.0 1.0
K= 1541 0.0 1.0
K= 1542 682737469.333 8192.0
K= 1543 0.0 1.0
K= 1544 0.0 1.0
K= 1545 0.0 1.0
K= 1546 0.0 1.0
K= 1547 0 0 , Degree=0
K= 1548 0.0 1.0
K= 1549 0.0 1.0
K= 1660 0.0 1.0
K= 1661 0.0 1.0
K= 1662 0.0 1.0
K= 1663 0.0 1.0
K= 1664 0.0 1.0
K= 1665 0.0 1.0
K= 1666 0.0 1.0
K= 1667 0.0 1.0
K= 1668 0.0 1.0
K= 1669 0.0 1.0
K= 1850 0.0 1.0
K= 1851 0.0 1.0
K= 1852 0.0 1.0
K= 1853 0.0 1.0
K= 1854 0.0 1.0
K= 1855 0.0 1.0
K= 1856 0.0 1.0
K= 1857 0.0 1.0
K= 1858 0.0 1.0
K= 1859 0.0 1.0
K= 2140 0.0 1.0
K= 2141 0.0 1.0
K= 2142 0.0 1.0
K= 2143 0.0 1.0
K= 2144 0.0 1.0
K= 2145 0.0 1.0
K= 2146 0.0 1.0
K= 2147 0.0 1.0
K= 2148 0.0 1.0
K= 2149 0.0 1.0
K= 2360 0.0 1.0
K= 2361 0.0 1.0
K= 2362 0.0 1.0
K= 2363 0.0 1.0
K= 2364 0.0 1.0
K= 2365 0.0 1.0
K= 2366 0.0 1.0
K= 2367 0.0 1.0
K= 2368 0.0 1.0
K= 2369 0.0 1.0
K= 1450 643049007.333 1019.0
K= 1451 0.0 1.0
K= 1452 0.0 1.0
K= 1453 0.0 1.0
K= 1454 0.0 1.0
K= 1455 0.0 1.0
K= 1456 0.0 1.0
K= 1457 0.0 1.0
K= 1458 643093465.333 2029.0
K= 1459 0.0 1.0
K= 2240 0.0 1.0
K= 2241 0.0 1.0
K= 2242 0.0 1.0
K= 2243 647078023.333 988.0
K= 2244 647560205.333 2019.0
K= 2245 0.0 1.0
K= 2246 0.0 1.0
K= 2247 0.0 1.0
K= 2248 0.0 1.0
K= 2249 0.0 1.0
K= 1420 647641594.701 1018.0
K= 1421 0.0 1.0
K= 1422 0.0 1.0
K= 1423 0.0 1.0
K= 1424 0.0 1.0
K= 1425 0.0 1.0
K= 1426 0.0 1.0
K= 1427 0.0 1.0
K= 1428 0.0 1.0
K= 1429 678350587.333 8192.0
K= 1600 678499057.333 8192.0
K= 1601 0.0 1.0
K= 1602 0 0 , Degree=0
K= 1603 0.0 1.0
K= 1604 0.0 1.0
K= 1605 0.0 1.0
K= 1606 713746195.333 8192.0
K= 1607 0.0 1.0
K= 1608 0.0 1.0
K= 1609 0.0 1.0
K= 1780 0.0 1.0
K= 1781 0.0 1.0
K= 1782 0.0 1.0
K= 1783 0.0 1.0
K= 1784 0.0 1.0
K= 1785 0.0 1.0
K= 1786 0.0 1.0
K= 1787 0.0 1.0
K= 1788 0.0 1.0
K= 1789 0.0 1.0
K= 2010 0.0 1.0
K= 2011 0.0 1.0
K= 2012 0.0 1.0
K= 2013 0.0 1.0
K= 2014 0.0 1.0
K= 2015 0.0 1.0
K= 2016 0.0 1.0
K= 2017 0.0 1.0
K= 2018 0.0 1.0
K= 2019 0.0 1.0
K= 2320 0.0 1.0
K= 2321 0.0 1.0
K= 2322 0.0 1.0
K= 2323 0.0 1.0
K= 2324 0.0 1.0
K= 2325 0.0 1.0
K= 2326 0.0 1.0
K= 2327 0.0 1.0
K= 2328 0.0 1.0
K= 2329 0.0 1.0
Ending Time: 1569102811.81
----Computaion Time---- 16653.3750069
Traceback (most recent call last):
  File "greedyBC_new2.py", line 333, in <module>
    array1[k]=int(reward[k])
  File "<string>", line 2, in __getitem__
  File "/usr/lib64/python2.7/multiprocessing/managers.py", line 773, in _callmethod
    raise convert_to_error(kind, result)
KeyError: 0
srun: error: grs4: task 0: Exited with exit code 1
