txValue= 10000
Input graph
IGRAPH D--- 4619 68733 -- 
+ attr: pub_key (v), base_fee (e), capacity (e), fee_rate (e), txCost (e)
None
Graph after edges deleted
IGRAPH D--- 4619 68697 -- 
+ attr: pub_key (v), base_fee (e), capacity (e), fee_rate (e), txCost (e)
None
Our nodes starting connections: 
(4618, 2796)
(4618, 1223)
(4618, 1163)
(4618, 498)
CurrentBC of our node:  862866.687374
K= 2400
4600.0
K= 2401
4610.0
K= 2402
4847.47442727
K= 2403
155.0
K= 2404
4936.0 , Degree=0
K= 2405
141.0
K= 2406
11.6
K= 2407
10.8666666667
K= 2408
4401.19302039
K= 2409
136.666666667
K= 2410
24.1722222222
K= 2411
10.5952380953
K= 2412
4479.63809524
K= 2413
4760.81486266
K= 2414
5.67218045122
K= 2415
8608.0
K= 2416
78.5754762781
K= 2417
22.0333333333
K= 2418
13278.6662168
K= 2419
4480.16190476
K= 2420
103.611544012
K= 2421
306.416666667
K= 2422
4372.23649627
K= 2423
8501.33333333
K= 2424
4310.75
K= 2425
0.633333333302
K= 2426
4964.81111111
K= 2427
4480.16190476
K= 2428
8609.66666667
K= 2429
201.583333333
K= 2430
130.0
K= 2431
668.519416584
K= 2432
5.85882352933
K= 2433
18.7513888889
K= 2434
11685.3887641
K= 2435
4484.41991342
K= 2436
4867.90358947
K= 2437
4452.48483853
K= 2438
105.65
K= 2439
4479.21904762
K= 2440
347.404205307
K= 2441
9770.08095238
K= 2442
11.5166666667
K= 2443
19.70392835
K= 2444
10.2
K= 2445
4475.29166667
K= 2446
5.20743145735
K= 2447
370.442316017
K= 2448
5118.58220445
K= 2449
14.6398268398
K= 2450
4557.0
K= 2451
5677.87440671
K= 2452
7.47439309058
K= 2453
428.4
K= 2454
34.7710958925
K= 2455
4310.75
K= 2456
4936.0 , Degree=0
K= 2457
24.8601302863
K= 2458
6.68895636534
K= 2459
175.533333333
K= 2460
19.70392835
K= 2461
109.851315789
K= 2462
8983.72229478
K= 2463
11.5166666667
K= 2464
4936.0 , Degree=0
K= 2465
4814.69862164
K= 2466
391.618037518
K= 2467
4656.58333333
K= 2468
6.61343101354
K= 2469
19.70392835
K= 2470
4867.57259858
K= 2471
4526.98531345
K= 2472
10.2
K= 2473
4141.0
K= 2474
23.0333333333
K= 2475
5.61336996336
K= 2476
7.13315018301
K= 2477
117.664018335
K= 2478
18.9971906166
K= 2479
4476.3681203
K= 2480
4481.43333333
K= 2481
4601.0
K= 2482
4767.91773042
K= 2483
4490.70392835
K= 2484
4830.02317262
K= 2485
27.1444807235
K= 2486
4936.0 , Degree=0
K= 2487
19.4690616247
K= 2488
11.0166666667
K= 2489
71.9641006656
K= 2490
155.15
K= 2491
4601.75079365
K= 2492
9.44533146603
K= 2493
11.4333333333
K= 2494
8551.0
K= 2495
19.70392835
K= 2496
11677.9918042
K= 2497
4490.70392835
K= 2498
4310.75
K= 2499
8.95357142843
K= 2500
19.70392835
K= 2501
19.70392835
K= 2502
8591.0
K= 2503
8.39999999991
K= 2504
19.70392835
K= 2505
4490.70392835
K= 2506
9.07222222222
K= 2507
19.70392835
K= 2508
27.6346473043
K= 2509
4878.35833333
K= 2510
4480.43333333
K= 2511
159.702020202
K= 2512
556.758333333
K= 2513
4770.05184654
K= 2514
4251.2
K= 2515
4538.5
K= 2516
242.0
K= 2517
36.0848751095
K= 2518
9.81323763949
K= 2519
19.70392835
K= 2520
42.3585470086
K= 2521
4475.52540461
K= 2522
5.88184822421
K= 2523
140.0
K= 2524
4476.26240602
K= 2525
10.5166666667
K= 2526
4781.68671579
K= 2527
2635.22060726
K= 2528
9.42733638908
K= 2529
4932.6
K= 2530
4841.44231602
K= 2531
19.20392835
K= 2532
3437.62049022
K= 2533
4967.12460318
K= 2534
6.98247863248
K= 2535
4629.51519952
K= 2536
4154.16666667
K= 2537
201.583333333
K= 2538
4615.0
K= 2539
387.911717171
K= 2540
155.5
K= 2541
35.20392835
K= 2542
4437.33730159
K= 2543
85.2659663189
K= 2544
8563.0
K= 2545
4864.71111111
K= 2546
4864.85265568
K= 2547
4862.46071429
K= 2548
113.0
K= 2549
4554.73333333
K= 2550
4936.0 , Degree=0
K= 2551
4310.75
K= 2552
4141.0
K= 2553
10.8185926977
K= 2554
6465.67309403
K= 2555
300.769501065
K= 2556
3604.77261461
K= 2557
4566.0
K= 2558
4492.86114739
K= 2559
4610.24897336
K= 2560
184.583333333
K= 2561
6.68650793645
K= 2562
20.3853516749
K= 2563
22.6072701807
K= 2564
175.083333333
K= 2565
17626.0
K= 2566
14.2895604395
K= 2567
8611.0
K= 2568
149.5
K= 2569
135.0
K= 2570
4598.75079365
K= 2571
372.150944619
K= 2572
4887.95887446
K= 2573
8613.0
K= 2574
9.63809523801
K= 2575
13.1778362396
K= 2576
317.12182364
K= 2577
4394.57864358
K= 2578
4936.0 , Degree=0
K= 2579
8762.75
K= 2580
8612.0
K= 2581
26.7707509882
K= 2582
9.33333333337
K= 2583
4595.75
K= 2584
9.57216117217
K= 2585
440.155811287
K= 2586
8812.0
K= 2587
4878.01217949
K= 2588
25.5333333333
K= 2589
171.071905371
K= 2590
21.2597735036
K= 2591
4725.39324468
K= 2592
32.3297035504
K= 2593
9.03257575759
K= 2594
19.70392835
K= 2595
95.4571428571
K= 2596
4601.75079365
K= 2597
4383.48357904
K= 2598
201.333333333
K= 2599
4435.0
K= 2600
391.44684251
K= 2601
384.015204203
K= 2602
11681.7534438
K= 2603
4909.02857143
K= 2604
5488.67200533
K= 2605
908.196300435
K= 2606
141.333333333
K= 2607
4310.75
K= 2608
19.9333333335
K= 2609
4606.5
K= 2610
377.659950456
K= 2611
66.9114690867
K= 2612
19.6656846207
K= 2613
18.3238095238
K= 2614
381.277848497
K= 2615
4763.87728971
K= 2616
11.067099567
K= 2617
4767.91773042
K= 2618
4479.95357143
K= 2619
4936.0 , Degree=0
K= 2620
4141.0
K= 2621
156.0
K= 2622
8.03571428568
K= 2623
21.8611473902
K= 2624
7.895970696
K= 2625
5089.60127649
K= 2626
4823.0
K= 2627
4936.0 , Degree=0
K= 2628
24.2625074273
K= 2629
16.735188845
K= 2630
4840.93853325
K= 2631
4498.03717518
K= 2632
6031.74780773
K= 2633
4936.0 , Degree=0
K= 2634
5089.60127649
K= 2635
8601.0
K= 2636
4855.8395136
K= 2637
379.745505226
K= 2638
153.65
K= 2639
4793.75079365
K= 2640
4490.70392835
K= 2641
4310.75
K= 2642
309.090930221
K= 2643
10.8500000001
K= 2644
8594.5
K= 2645
11647.2943723
K= 2646
11.6
K= 2647
4862.91666667
K= 2648
10.8666666667
K= 2649
126.0
K= 2650
4864.63928571
K= 2651
4481.8
K= 2652
4650.20054073
K= 2653
8.71666666667
K= 2654
187.533333333
K= 2655
9.07619047619
K= 2656
2251.23281346
K= 2657
140.833333333
K= 2658
29.9544989979
K= 2659
4751.41269004
K= 2660
385.493125714
K= 2661
100.80881384
K= 2662
4601.75079365
K= 2663
13.5518170896
K= 2664
4497.5
K= 2665
4778.11650659
K= 2666
431.470621046
K= 2667
33.158345242
K= 2668
9.13809523801
K= 2669
451.146175996
K= 2670
18.7737812912
K= 2671
23.970215206
K= 2672
4936.0 , Degree=0
K= 2673
4815.69862164
K= 2674
10.0119047619
K= 2675
37.780005883
K= 2676
397.522598431
K= 2677
3.23454106285
K= 2678
4601.75079365
K= 2679
125.0
K= 2680
4141.0
K= 2681
543.758333333
K= 2682
11692.3229638
K= 2683
4310.75
K= 2684
4310.75
K= 2685
4479.16666667
K= 2686
8563.0
K= 2687
4310.75
K= 2688
21.2
K= 2689
4815.69862164
K= 2690
239.669363426
K= 2691
8607.0
K= 2692
4554.0
K= 2693
224.300343121
K= 2694
4846.01532912
K= 2695
4637.69862164
K= 2696
34.6297979798
K= 2697
4793.75079365
K= 2698
11.4333333333
K= 2699
10.5952380953
K= 2700
19.70392835
K= 2701
4868.26490088
K= 2702
9.13809523801
K= 2703
25.770342523
K= 2704
8451.33333333
K= 2705
10.8
K= 2706
10.5952380953
K= 2707
8555.0
K= 2708
4593.04630647
K= 2709
19.70392835
K= 2710
86.1270566852
K= 2711
8594.0
K= 2712
3147.42175918
K= 2713
8.08452380949
K= 2714
7.28826075885
K= 2715
38.4380952381
K= 2716
4833.44047619
K= 2717
4213.0
K= 2718
14.0968511021
K= 2719
25.6867424241
K= 2720
4601.75079365
K= 2721
153.0
K= 2722
816.492857143
K= 2723
4141.0
K= 2724
8563.0
K= 2725
194.756374269
K= 2726
43.0635283426
K= 2727
4591.0
K= 2728
4482.51666667
K= 2729
322.750793651
K= 2730
379.698621641
K= 2731
4830.46250955
K= 2732
4819.77354487
K= 2733
4476.5040107
K= 2734
4872.44047619
K= 2735
8612.0
K= 2736
143.0
K= 2737
4490.70392835
K= 2738
600.0
K= 2739
21.8611473902
K= 2740
201.583333333
K= 2741
24.0205565863
K= 2742
7.07222222234
K= 2743
19.70392835
K= 2744
15.25
K= 2745
65.0
K= 2746
4310.75
K= 2747
33.8471537387
K= 2748
4815.69862164
K= 2749
4892.42857143
K= 2750
34.90629975
K= 2751
4490.70392835
K= 2752
19.70392835
K= 2753
111.333333333
K= 2754
8606.0
K= 2755
6434.28439204
K= 2756
4859.94077312
K= 2757
32.020880021
K= 2758
350.19882653
K= 2759
4936.0 , Degree=0
K= 2760
546.758333333
K= 2761
11.5166666667
K= 2762
4838.58108994
K= 2763
36.6816239316
K= 2764
4795.69862164
K= 2765
6.51199813257
K= 2766
161.75
K= 2767
4835.51519952
K= 2768
6.03679653676
K= 2769
4751.56863553
K= 2770
8609.0
K= 2771
4586.0
K= 2772
9.33783670026
K= 2773
4475.44082166
K= 2774
17.4718409586
K= 2775
4936.0 , Degree=0
K= 2776
4480.95635965
K= 2777
4165.61215561
K= 2778
4889.32619048
K= 2779
4447.0
K= 2780
11.5166666667
K= 2781
11.4666666667
K= 2782
31.6361905638
K= 2783
15.5483516484
K= 2784
4589.0
K= 2785
371.670913836
K= 2786
4490.70392835
K= 2787
8811.0
K= 2788
12.4393162393
K= 2789
5.80650721828
K= 2790
13.5305121024
K= 2791
8612.0
K= 2792
4936.0 , Degree=0
K= 2793
33.158345242
K= 2794
11.4095238096
K= 2795
19.70392835
K= 2796
25.6166666667
K= 2797
29.1585497836
K= 2798
6.54670329671
K= 2799
43.622404012
K= 2800
13.1666666666
K= 2801
5678.85774004
K= 2802
8610.0
K= 2803
11.0445658071
K= 2804
4310.75
K= 2805
5.97696176369
K= 2806
4490.70392835
K= 2807
10.2
K= 2808
19.70392835
K= 2809
19.441892439
K= 2810
4861.50711788
K= 2811
11.5166666667
K= 2812
232.994554456
K= 2813
1068.08377073
K= 2814
4584.0
K= 2815
4310.75
K= 2816
11.2310843178
K= 2817
179.333333333
K= 2818
8606.0
K= 2819
4482.46666667
K= 2820
4560.69830257
K= 2821
4141.0
K= 2822
138.0
K= 2823
4594.0
K= 2824
8.86904761905
K= 2825
146.196129776
K= 2826
19.1762362679
K= 2827
8396.0
K= 2828
20.5156177157
K= 2829
10.52481203
K= 2830
4601.75079365
K= 2831
4310.75
K= 2832
4559.0
K= 2833
4490.70392835
K= 2834
4482.01666667
K= 2835
4936.0 , Degree=0
K= 2836
14848.5
K= 2837
440.566930431
K= 2838
5089.60127649
K= 2839
6467.0893519
K= 2840
4479.56666667
K= 2841
4911.23333333
K= 2842
523.09011544
K= 2843
199.083333333
K= 2844
8.44166666665
K= 2845
4384.0
K= 2846
123.433333333
K= 2847
21.3133311017
K= 2848
14.8977994228
K= 2849
3962.82949457
K= 2850
9.16190476192
K= 2851
135.0
K= 2852
365.130471023
K= 2853
8612.0
K= 2854
14.6569997054
K= 2855
4522.61245493
K= 2856
8944.36840659
K= 2857
135.333333333
K= 2858
6467.0893519
K= 2859
6.73836996325
K= 2860
599.0
K= 2861
39.4078567
K= 2862
4535.0
K= 2863
6037.16749057
K= 2864
19.70392835
K= 2865
5166.94856632
K= 2866
4141.0
K= 2867
370.645033033
K= 2868
23.5664884135
K= 2869
14.0476014181
K= 2870
4479.31904762
K= 2871
304.850295006
K= 2872
4802.58108994
K= 2873
364.515199521
K= 2874
43.0635283425
K= 2875
388.108409362
K= 2876
4490.70392835
K= 2877
19.70392835
K= 2878
19.70392835
K= 2879
21.8611473902
K= 2880
4492.86114739
K= 2881
8612.0
K= 2882
312.933865933
K= 2883
4953.68333333
K= 2884
174.333333333
K= 2885
6838.48580419
K= 2886
21.8611473902
K= 2887
184.583333333
K= 2888
36.1051448552
K= 2889
20.3775965254
K= 2890
11.5166666667
K= 2891
11.0166666667
K= 2892
19.70392835
K= 2893
981.817104063
K= 2894
4310.75
K= 2895
151.0
K= 2896
17210.0
K= 2897
426.97428316
K= 2898
337.344444445
K= 2899
301.713262216
K= 2900
158.0
K= 2901
8607.0
K= 2902
4611.0
K= 2903
43.0635283425
K= 2904
19.70392835
K= 2905
4154.16666667
K= 2906
4141.0
K= 2907
11681.2240304
K= 2908
143.0
K= 2909
4560.0
K= 2910
781.961768304
K= 2911
4476.15842799
K= 2912
142.333333333
K= 2913
28.2622326203
K= 2914
4793.75079365
K= 2915
4802.50711788
K= 2916
11.5166666667
K= 2917
188.583333333
K= 2918
4863.56330323
K= 2919
5.5166666666
K= 2920
4490.70392835
K= 2921
4936.0 , Degree=0
K= 2922
4911.96526251
K= 2923
19.70392835
K= 2924
30.3908963584
K= 2925
8.86904761905
K= 2926
387.166666667
K= 2927
4628.0
K= 2928
183.366666667
K= 2929
6.1931372548
K= 2930
50.4298212896
K= 2931
14.2385081585
K= 2932
4490.70392835
K= 2933
4815.69862164
K= 2934
9.76190476189
K= 2935
454.974236083
K= 2936
21.8611473902
K= 2937
11.4095238096
K= 2938
225.473808232
K= 2939
38.3274547296
K= 2940
9.06666666665
K= 2941
4453.0
K= 2942
61.2958602076
K= 2943
11.5166666667
K= 2944
12.5047979798
K= 2945
4568.91773042
K= 2946
4141.0
K= 2947
4662.69862164
K= 2948
10.3666666667
K= 2949
19.70392835
K= 2950
4462.75
K= 2951
23.0333333333
K= 2952
141.0
K= 2953
544.758333333
K= 2954
4668.94975857
K= 2955
8.00718355726
K= 2956
4310.75
K= 2957
4440.96316739
K= 2958
4141.0
K= 2959
36.9082967355
K= 2960
4672.34394636
K= 2961
5419.36162166
K= 2962
19.70392835
K= 2963
4649.58333333
K= 2964
387.072304382
K= 2965
4.47325581394
K= 2966
8612.0
K= 2967
39.4078567
K= 2968
183.385656989
K= 2969
4936.0 , Degree=0
K= 2970
4141.0
K= 2971
4802.91705528
K= 2972
4310.75
K= 2973
11.2666666667
K= 2974
9.09953703696
K= 2975
19.70392835
K= 2976
298.711518497
K= 2977
279.552159526
K= 2978
4516.0
K= 2979
19.70392835
K= 2980
11.5166666667
K= 2981
4443.0
K= 2982
19.70392835
K= 2983
11.5166666667
K= 2984
20.8611473902
K= 2985
8590.0
K= 2986
6.69188034197
K= 2987
8602.5
K= 2988
4793.75079365
K= 2989
4601.75079365
K= 2990
146.333333333
K= 2991
4310.75
K= 2992
19.70392835
K= 2993
10.2
K= 2994
10.5
K= 2995
4481.2
K= 2996
164.65
K= 2997
3184.85002047
K= 2998
4779.34821559
K= 2999
4480.16190476
K= 3000
15.375
K= 3001
4140.0
K= 3002
10.7999999999
K= 3003
8.84444444452
K= 3004
4891.53571429
K= 3005
306.088829518
K= 3006
10.2
K= 3007
4793.75079365
K= 3008
17.7137941007
K= 3009
37.780005883
K= 3010
4861.50711788
K= 3011
623.668664534
K= 3012
4691.75833333
K= 3013
10.945370032
K= 3014
19.20392835
K= 3015
4841.44231602
K= 3016
4141.0
K= 3017
5.27792889089
K= 3018
22.7723238597
K= 3019
8606.0
K= 3020
4480.36666667
K= 3021
4693.01532912
K= 3022
17.391941392
K= 3023
4903.00724728
K= 3024
398.904570675
K= 3025
138.267321085
K= 3026
28.6641455767
K= 3027
4819.32162044
K= 3028
7.94166666665
K= 3029
4462.75
K= 3030
4484.25
K= 3031
399.975
K= 3032
32.9436819173
K= 3033
31.8942981855
K= 3034
337.344444445
K= 3035
10.8666666667
K= 3036
325.000793651
K= 3037
4936.0 , Degree=0
K= 3038
4482.51666667
K= 3039
11.4333333333
K= 3040
10.2
K= 3041
4601.75079365
K= 3042
4812.2320821
K= 3043
4601.75079365
K= 3044
8559.75
K= 3045
8.54600703856
K= 3046
4476.21500722
K= 3047
11.8091960672
K= 3048
4478.04592075
K= 3049
21.8611473902
K= 3050
415.113095238
K= 3051
8.89610389608
K= 3052
19.70392835
K= 3053
11681.9514033
K= 3054
4479.25277778
K= 3055
4141.0
K= 3056
19.70392835
K= 3057
4310.75
K= 3058
418.312301588
K= 3059
19.70392835
K= 3060
4490.70392835
K= 3061
4872.25052448
K= 3062
289.816666667
K= 3063
4810.66666667
K= 3064
4141.0
K= 3065
4310.75
K= 3066
4586.0
K= 3067
22.3666666666
K= 3068
6.03140962764
K= 3069
185.583333333
K= 3070
4835.51519952
K= 3071
10.2
K= 3072
8612.0
K= 3073
4936.0 , Degree=0
K= 3074
4936.0 , Degree=0
K= 3075
6.77291549032
K= 3076
9.16190476192
K= 3077
32.8380952381
K= 3078
8612.0
K= 3079
4833.44047619
K= 3080
9.66190476192
K= 3081
153.0
K= 3082
19.70392835
K= 3083
4932.40277778
K= 3084
4310.75
K= 3085
18.7887386171
K= 3086
8.95357142843
K= 3087
11.0166666667
K= 3088
4492.86114739
K= 3089
4175.0
K= 3090
3242.92309893
K= 3091
4833.44047619
K= 3092
8594.0
K= 3093
11.4095238096
K= 3094
201.583333333
K= 3095
21.8611473902
K= 3096
10.8666666667
K= 3097
10.3666666667
K= 3098
19.70392835
K= 3099
30.378316
K= 3100
8.08571428573
K= 3101
43.7222947804
K= 3102
244.428571429
K= 3103
4837.12344902
K= 3104
18.7631224712
K= 3105
19.70392835
K= 3106
53.0447052947
K= 3107
4774.50037273
K= 3108
8609.0
K= 3109
11.2666666667
K= 3110
5060.80656989
K= 3111
4936.0 , Degree=0
K= 3112
4310.75
K= 3113
4226.0
K= 3114
35.9809523812
K= 3115
11.0166666667
K= 3116
10.8666666667
K= 3117
155.0
K= 3118
52878.0
K= 3119
21.8611473902
K= 3120
4476.40443068
K= 3121
8608.0
K= 3122
6.21515151509
K= 3123
465.455555556
K= 3124
52878.0
K= 3125
8613.0
K= 3126
440.361567625
K= 3127
4482.01666667
K= 3128
4851.76926129
K= 3129
50.0833333334
K= 3130
4835.51519952
K= 3131
2351.8670964
K= 3132
407.625410302
K= 3133
20.2557932264
K= 3134
6.27495543659
K= 3135
183.666666667
K= 3136
35.3286351743
K= 3137
10.7999999999
K= 3138
8646.0
K= 3139
4141.0
K= 3140
8606.5
K= 3141
19.70392835
K= 3142
14.0666666667
K= 3143
4566.27597743
K= 3144
139.0
K= 3145
9.03257575759
K= 3146
201.583333333
K= 3147
4310.75
K= 3148
19.1660922411
K= 3149
314.994444444
K= 3150
20.5965642587
K= 3151
4908.88333333
K= 3152
191.333333333
K= 3153
119.0
K= 3154
4175.0
K= 3155
8613.0
K= 3156
19.70392835
K= 3157
4604.0
K= 3158
19.70392835
K= 3159
1051.71814361
K= 3160
144.0
K= 3161
4481.51666667
K= 3162
8.15714285721
K= 3163
4134.0
K= 3164
43.4624500501
K= 3165
8576.73552851
K= 3166
4772.64831549
K= 3167
34.918226121
K= 3168
4936.0 , Degree=0
K= 3169
6.68303870037
K= 3170
4610.0
K= 3171
51.6337126601
K= 3172
57.3096088552
K= 3173
4936.0 , Degree=0
K= 3174
27.1056571932
K= 3175
10.8666666667
K= 3176
4628.82952685
K= 3177
65.2930740099
K= 3178
18.3288613692
K= 3179
11.5166666667
K= 3180
130.0
K= 3181
4175.0
K= 3182
10.8666666667
K= 3183
4815.69862164
K= 3184
448.671073654
K= 3185
140.0
K= 3186
19.9839285713
K= 3187
5.2590218595
K= 3188
26.3531852205
K= 3189
8.95357142843
K= 3190
5.61417748919
K= 3191
4936.0 , Degree=0
K= 3192
11676.3993106
K= 3193
4887.9574642
K= 3194
9.63809523801
K= 3195
4833.44047619
K= 3196
4946.53567447
K= 3197
8972.0
K= 3198
4.75013802631
K= 3199
4865.15165945
K= 3200
10.85
K= 3201
11.8265873016
K= 3202
4154.16666667
K= 3203
8.00718355714
K= 3204
157.0
K= 3205
4795.50711788
K= 3206
4310.75
K= 3207
12.8672619046
K= 3208
4213.0
K= 3209
4936.0 , Degree=0
K= 3210
2892.15716455
K= 3211
543.758333333
K= 3212
85.7937233518
K= 3213
4310.75
K= 3214
141.0
K= 3215
155.816666667
K= 3216
4942.21331481
K= 3217
4310.75
K= 3218
8.58147049265
K= 3219
11.0841630594
K= 3220
6.5863247863
K= 3221
419.392828019
K= 3222
4600.85027473
K= 3223
344.987918697
K= 3224
43.2435897436
K= 3225
11.5166666667
K= 3226
180.333333333
K= 3227
8812.0
K= 3228
52878.0
K= 3229
538.425
K= 3230
204.690294933
K= 3231
4801.48867244
K= 3232
4477.0
K= 3233
4870.78015873
K= 3234
5419.36162166
K= 3235
84.7281551819
K= 3236
4936.0 , Degree=0
K= 3237
25.1056571931
K= 3238
4612.0
K= 3239
168.317461218
K= 3240
8612.0
K= 3241
11.6
K= 3242
22.5333333333
K= 3243
78.6011904763
K= 3244
4872.44047619
K= 3245
5679.94107338
K= 3246
22335.7444444
K= 3247
4310.75
K= 3248
8594.0
K= 3249
4683.55457524
K= 3250
28.1056571931
K= 3251
201.583333333
K= 3252
11.5166666667
K= 3253
11.5166666667
K= 3254
4154.16666667
K= 3255
8953.45021645
K= 3256
18.5523809524
K= 3257
19.20392835
K= 3258
30.8548840049
K= 3259
18.8120800231
K= 3260
6.1198412698
K= 3261
4833.44047619
K= 3262
4479.00718356
K= 3263
4141.0
K= 3264
131.0
K= 3265
52878.0
K= 3266
25.9723238597
K= 3267
2856.18047467
K= 3268
10.7999999999
K= 3269
10.1333333333
K= 3270
4936.0 , Degree=0
K= 3271
6.1555555556
K= 3272
4601.75079365
K= 3273
470.065857754
K= 3274
108.0
K= 3275
4310.75
K= 3276
185.583333333
K= 3277
8.93968253955
K= 3278
8.1857142857
K= 3279
8.07499999995
K= 3280
281.759434812
K= 3281
19.70392835
K= 3282
155.0
K= 3283
13.5767912137
K= 3284
4610.0
K= 3285
12.3157894737
K= 3286
6.93575498578
K= 3287
4863.96526251
K= 3288
8612.0
K= 3289
394.847474747
K= 3290
13.8452380953
K= 3291
16.4055555557
K= 3292
181.14710609
K= 3293
5.60351403244
K= 3294
43.3889975453
K= 3295
4141.0
K= 3296
4815.82823924
K= 3297
4292.0
K= 3298
4982.62857143
K= 3299
19.70392835
K= 3300
6.56343101349
K= 3301
20.2974296843
K= 3302
4310.75
K= 3303
4490.70392835
K= 3304
31.5117918989
K= 3305
4872.70357143
K= 3306
10.7999999999
K= 3307
322.750793651
K= 3308
139.5
K= 3309
4906.08333333
K= 3310
11.4095238096
K= 3311
53.0447052947
K= 3312
19.70392835
K= 3313
4420.27868742
K= 3314
5089.60127649
K= 3315
7.65714285721
K= 3316
8602.0
K= 3317
19.20392835
K= 3318
4767.91773042
K= 3319
132.0
K= 3320
6.81277056283
K= 3321
155.0
K= 3322
4310.75
K= 3323
6.55742296914
K= 3324
15.1258645375
K= 3325
8.84444444452
K= 3326
8.17777777778
K= 3327
17566.2
K= 3328
4.33333333326
K= 3329
18.6764705882
K= 3330
7.4826839827
K= 3331
600.0
K= 3332
4870.78015873
K= 3333
4586.0
K= 3334
4490.20392835
K= 3335
4175.0
K= 3336
12.0055270056
K= 3337
176.033333333
K= 3338
4587.41630592
K= 3339
4752.0
K= 3340
4500.12735272
K= 3341
287.086335404
K= 3342
4936.0 , Degree=0
K= 3343
4571.85
K= 3344
10.5952380953
K= 3345
155.15
K= 3346
4583.0
K= 3347
4476.43655844
K= 3348
346.653172931
K= 3349
17626.0
K= 3350
364.452993316
K= 3351
4481.2
K= 3352
47.297105509
K= 3353
19.70392835
K= 3354
17626.0
K= 3355
18.3975714779
K= 3356
87.1932900433
K= 3357
5.35026315798
K= 3358
4614.91773042
K= 3359
38.0063815411
K= 3360
8412.5
K= 3361
4884.20343497
K= 3362
146.333333333
K= 3363
5667.98785728
K= 3364
4310.75
K= 3365
4310.75
K= 3366
19.70392835
K= 3367
4868.00867928
K= 3368
9.06666666665
K= 3369
4477.0
K= 3370
4767.91773042
K= 3371
161.033333333
K= 3372
9.13809523801
K= 3373
174.0
K= 3374
440.803038628
K= 3375
4793.75079365
K= 3376
47.6464423208
K= 3377
4141.0
K= 3378
8.36904761905
K= 3379
4175.0
K= 3380
4490.70392835
K= 3381
4767.91773042
K= 3382
4792.75079365
K= 3383
4310.75
K= 3384
139.5
K= 3385
185.583333333
K= 3386
4861.50711788
K= 3387
4310.75
K= 3388
4310.75
K= 3389
657.740056987
K= 3390
4.5
K= 3391
6383.0495864
K= 3392
4141.0
K= 3393
361.190228831
K= 3394
64.3723002685
K= 3395
4789.06693043
K= 3396
201.583333333
K= 3397
4310.75
K= 3398
184.583333333
K= 3399
4292.0
K= 3400
4936.0 , Degree=0
K= 3401
4936.0 , Degree=0
K= 3402
4876.08281441
K= 3403
4913.00442695
K= 3404
4900.30873016
K= 3405
3631.00873797
K= 3406
3622.34428058
K= 3407
155.816666667
K= 3408
19.9874888476
K= 3409
7.36263736268
K= 3410
4876.96150794
K= 3411
11.5166666667
K= 3412
7.53571428568
K= 3413
4482.6
K= 3414
4141.0
K= 3415
5.00935251021
K= 3416
533.11547619
K= 3417
5.86456140352
K= 3418
4490.70392835
K= 3419
19.70392835
K= 3420
8.78821998113
K= 3421
5.45645363408
K= 3422
381.308663396
K= 3423
19.70392835
K= 3424
4812.2320821
K= 3425
735.602373066
K= 3426
4841.44231602
K= 3427
5.56474850816
K= 3428
43.0635283426
K= 3429
5.33333333326
K= 3430
4861.50711788
K= 3431
5.9541549955
K= 3432
484.0
K= 3433
10.2
K= 3434
15.919467787
K= 3435
4504.15834524
K= 3436
8607.0
K= 3437
4587.0
K= 3438
4601.0
K= 3439
4310.75
K= 3440
4310.75
K= 3441
157.0
K= 3442
4490.70392835
K= 3443
10.2
K= 3444
4936.0 , Degree=0
K= 3445
177.0
K= 3446
4936.0 , Degree=0
K= 3447
113.0
K= 3448
130.5
K= 3449
9.66190476192
K= 3450
32.3868464075
K= 3451
4936.0 , Degree=0
K= 3452
33.4470167514
K= 3453
19.70392835
K= 3454
490.758333333
K= 3455
4609.5
K= 3456
43.0635283426
K= 3457
11.0166666667
K= 3458
4310.75
K= 3459
4490.70392835
K= 3460
4861.50711788
K= 3461
19.70392835
K= 3462
4812.71675676
K= 3463
8606.0
K= 3464
8.82857142843
K= 3465
112.5
K= 3466
21.3475922116
K= 3467
4387.0
K= 3468
845.484745372
K= 3469
4310.75
K= 3470
11.4654528478
K= 3471
10.3666666667
K= 3472
380.323783749
K= 3473
4868.01532912
K= 3474
11.0845238095
K= 3475
4310.75
K= 3476
8609.0
K= 3477
48.7530048349
K= 3478
14.2666666667
K= 3479
6.0499854791
K= 3480
4767.91773042
K= 3481
387.12344902
K= 3482
154.0
K= 3483
8.00718355714
K= 3484
6.19632450875
K= 3485
13.7999999999
K= 3486
4477.4
K= 3487
4793.75079365
K= 3488
4601.75079365
K= 3489
19.70392835
K= 3490
138.0
K= 3491
20.3019685691
K= 3492
4936.0 , Degree=0
K= 3493
524.990306598
K= 3494
4936.0 , Degree=0
K= 3495
4031.33333333
K= 3496
4790.75416667
K= 3497
5940.93368803
K= 3498
25.1833333333
K= 3499
4559.0
K= 3500
6.952991453
K= 3501
4691.45461483
K= 3502
4290.75
K= 3503
4175.0
K= 3504
4950.72222222
K= 3505
341.787337663
K= 3506
4909.75
K= 3507
4163.0
K= 3508
10.4095238096
K= 3509
19.70392835
K= 3510
4886.08333333
K= 3511
36.2095460098
K= 3512
4310.75
K= 3513
4494.97021521
K= 3514
5.57922077924
K= 3515
11.6
K= 3516
64.3723002685
K= 3517
11645.2175325
K= 3518
16.3480930834
K= 3519
6.250041625
K= 3520
6.0
K= 3521
4310.75
K= 3522
19.70392835
K= 3523
4310.75
K= 3524
544.6
K= 3525
19.6604500891
K= 3526
9.63809523801
K= 3527
8612.0
K= 3528
10.0952380953
K= 3529
4601.75079365
K= 3530
4483.39998785
K= 3531
400.285714286
K= 3532
4827.84943972
K= 3533
26.6433434399
K= 3534
80.1164305488
K= 3535
11654.9986092
K= 3536
19.70392835
K= 3537
4601.75079365
K= 3538
11.5166666667
K= 3539
4789.06693043
K= 3540
11711.2905516
K= 3541
337.92421338
K= 3542
40.4447052947
K= 3543
154.890476191
K= 3544
4936.0 , Degree=0
K= 3545
169.65
K= 3546
4936.0 , Degree=0
K= 3547
4310.75
K= 3548
10.8666666667
K= 3549
19.70392835
K= 3550
4793.75079365
K= 3551
11.6
K= 3552
39.4078567
K= 3553
19.70392835
K= 3554
371.87529227
K= 3555
4490.70392835
K= 3556
4802.58108994
K= 3557
140.0
K= 3558
26.5261505722
K= 3559
4649.58333333
K= 3560
11.6
K= 3561
11.9463477698
K= 3562
11.5782653989
K= 3563
4859.30669192
K= 3564
8949.05344079
K= 3565
4895.54285714
K= 3566
7.06904761901
K= 3567
401.23968254
K= 3568
379.698621641
K= 3569
8613.0
K= 3570
4310.75
K= 3571
4310.75
K= 3572
201.583333333
K= 3573
4856.91075036
K= 3574
4553.58828198
K= 3575
4888.8520202
K= 3576
4310.75
K= 3577
13.0458309805
K= 3578
158.333333333
K= 3579
59.4037472287
K= 3580
4141.0
K= 3581
79.5333333333
K= 3582
4882.40946276
K= 3583
4861.50711788
K= 3584
201.583333333
K= 3585
4479.86904762
K= 3586
4600.73690476
K= 3587
186.533333333
K= 3588
10.7083333333
K= 3589
8.97142857127
K= 3590
4535.37400117
K= 3591
312.950876329
K= 3592
4936.0 , Degree=0
K= 3593
8612.0
K= 3594
18.988095238
K= 3595
4835.51519952
K= 3596
8.48012353666
K= 3597
169.0
K= 3598
4310.75
K= 3599
9.63809523801
K= 3600
40.0384872917
Betweenness Centrality Improvement
[ 0.  0.  0. ...,  0.  0.  0.]
Top 20 BC Improvement
[3228 3265 3118 3124 3246 3354 2565 3349 3327 2896 2836 2418 3540 2682 2434
 3053 2602 2907 2496 3192]
Top 20 BC Improvement
[ 52878.          52878.          52878.          52878.          22335.74444444
  17626.          17626.          17626.          17566.2         17210.
  14848.5         13278.66621679  11711.29055163  11692.32296375
  11685.38876409  11681.95140333  11681.75344378  11681.22403041
  11677.9918042   11676.39931065]
