txValue= 10000
Input graph
IGRAPH D--- 4619 68733 -- 
+ attr: pub_key (v), base_fee (e), capacity (e), fee_rate (e), txCost (e)
None
Graph after edges deleted
IGRAPH D--- 4619 68697 -- 
+ attr: pub_key (v), base_fee (e), capacity (e), fee_rate (e), txCost (e)
None
Our nodes starting connections: 
(4618, 2796)
(4618, 1223)
(4618, 1163)
(4618, 498)
(4618, 3265)
(4618, 1589)
CurrentBC of our node:  956113.199439
K= 2400
4600.0
K= 2401
4616.0
K= 2402
4847.47442727
K= 2403
156.0
K= 2404
4936.0 , Degree=0
K= 2405
142.0
K= 2406
12.5999999999
K= 2407
11.8666666666
K= 2408
4401.19302039
K= 2409
138.666666667
K= 2410
41.6722222222
K= 2411
11.5952380951
K= 2412
4479.63809524
K= 2413
4760.81486266
K= 2414
22.672180451
K= 2415
8599.0
K= 2416
79.5754762781
K= 2417
24.0333333332
K= 2418
13275.6662168
K= 2419
4486.16190476
K= 2420
104.611544011
K= 2421
307.416666667
K= 2422
4371.23649627
K= 2423
8491.33333333
K= 2424
4301.75
K= 2425
1.63333333319
K= 2426
4964.81111111
K= 2427
4480.16190476
K= 2428
8601.66666667
K= 2429
202.583333333
K= 2430
131.0
K= 2431
669.519416584
K= 2432
6.99215686275
K= 2433
35.7513888887
K= 2434
11684.8887641
K= 2435
4484.41991342
K= 2436
4868.90358947
K= 2437
4451.48483853
K= 2438
106.65
K= 2439
4479.21904762
K= 2440
348.404205307
K= 2441
9770.08095238
K= 2442
12.5166666666
K= 2443
20.7039283499
K= 2444
11.1999999998
K= 2445
4475.29166667
K= 2446
6.20743145724
K= 2447
371.442316017
K= 2448
5117.58220445
K= 2449
15.6398268398
K= 2450
4557.0
K= 2451
5677.08028907
K= 2452
8.47439309047
K= 2453
429.4
K= 2454
35.7710958923
K= 2455
4301.75
K= 2456
4936.0 , Degree=0
K= 2457
27.8601302862
K= 2458
7.68895636511
K= 2459
176.533333333
K= 2460
20.7039283499
K= 2461
134.670760234
K= 2462
8983.72229478
K= 2463
12.5166666666
K= 2464
4936.0 , Degree=0
K= 2465
4814.69862164
K= 2466
392.618037518
K= 2467
4656.58333333
K= 2468
7.61343101342
K= 2469
20.7039283499
K= 2470
4867.57259858
K= 2471
4527.98531345
K= 2472
11.1999999998
K= 2473
4133.0
K= 2474
25.0333333331
K= 2475
22.6133699632
K= 2476
8.13315018301
K= 2477
118.664018335
K= 2478
19.9971906164
K= 2479
4476.3681203
K= 2480
4481.43333333
K= 2481
4601.0
K= 2482
4767.91773042
K= 2483
4490.70392835
K= 2484
4830.02317262
K= 2485
29.1444807234
K= 2486
4936.0 , Degree=0
K= 2487
23.4690616246
K= 2488
12.0166666666
K= 2489
72.9641006655
K= 2490
156.15
K= 2491
4601.75079365
K= 2492
10.4453314658
K= 2493
12.4333333333
K= 2494
8542.0
K= 2495
20.7039283499
K= 2496
11677.4918042
K= 2497
4490.70392835
K= 2498
4301.75
K= 2499
9.95357142831
K= 2500
20.7039283499
K= 2501
20.7039283499
K= 2502
8581.0
K= 2503
9.39999999979
K= 2504
20.7039283499
K= 2505
4490.70392835
K= 2506
10.0722222222
K= 2507
20.7039283499
K= 2508
28.6346473042
K= 2509
4878.35833333
K= 2510
4480.43333333
K= 2511
161.702020202
K= 2512
557.258333333
K= 2513
4770.05184654
K= 2514
4243.2
K= 2515
4538.5
K= 2516
243.0
K= 2517
37.0848751094
K= 2518
10.8132376394
K= 2519
20.7039283499
K= 2520
44.3585470085
K= 2521
4476.52540461
K= 2522
6.88184822409
K= 2523
141.0
K= 2524
4476.26240602
K= 2525
27.5166666666
K= 2526
4780.68671579
K= 2527
2635.72060726
K= 2528
10.6273363889
K= 2529
4932.6
K= 2530
4841.44231602
K= 2531
20.2039283499
K= 2532
3438.28715689
K= 2533
4967.12460318
K= 2534
8.98247863236
K= 2535
4628.51519952
K= 2536
4145.16666667
K= 2537
202.583333333
K= 2538
4615.0
K= 2539
388.911717171
K= 2540
156.5
K= 2541
36.2039283499
K= 2542
4437.33730159
K= 2543
96.8015327848
K= 2544
8554.0
K= 2545
4864.71111111
K= 2546
4864.85265568
K= 2547
4862.46071429
K= 2548
114.0
K= 2549
4553.73333333
K= 2550
4936.0 , Degree=0
K= 2551
4301.75
K= 2552
4133.0
K= 2553
13.8185926976
K= 2554
6465.50642737
K= 2555
301.769501065
K= 2556
3608.77261461
K= 2557
4566.0
K= 2558
4492.86114739
K= 2559
4610.36008447
K= 2560
185.583333333
K= 2561
7.68650793645
K= 2562
21.3853516747
K= 2563
24.6072701806
K= 2564
176.083333333
K= 2565
17650.0
K= 2566
15.2895604393
K= 2567
8602.0
K= 2568
150.5
K= 2569
136.0
K= 2570
4598.75079365
K= 2571
373.150944619
K= 2572
4887.95887446
K= 2573
8610.0
K= 2574
10.638095238
K= 2575
16.1778362393
K= 2576
318.12182364
K= 2577
4393.57864358
K= 2578
4936.0 , Degree=0
K= 2579
8759.75
K= 2580
8603.0
K= 2581
29.7707509882
K= 2582
10.3333333331
K= 2583
4595.75
K= 2584
10.5721611721
K= 2585
441.155811287
K= 2586
8818.0
K= 2587
4877.01217949
K= 2588
27.8666666666
K= 2589
172.071905371
K= 2590
22.2597735035
K= 2591
4725.39324468
K= 2592
33.3297035504
K= 2593
10.0325757575
K= 2594
20.7039283499
K= 2595
96.4571428571
K= 2596
4601.75079365
K= 2597
4383.62643618
K= 2598
202.333333333
K= 2599
4434.0
K= 2600
392.446842509
K= 2601
385.015204203
K= 2602
11681.2534438
K= 2603
4909.02857143
K= 2604
5489.44018715
K= 2605
908.696300435
K= 2606
142.369047619
K= 2607
4301.75
K= 2608
21.9333333333
K= 2609
4606.5
K= 2610
378.659950455
K= 2611
67.8448024199
K= 2612
20.6656846206
K= 2613
20.3238095237
K= 2614
382.277848497
K= 2615
4763.87728971
K= 2616
12.0670995669
K= 2617
4767.91773042
K= 2618
4479.95357143
K= 2619
4936.0 , Degree=0
K= 2620
4133.0
K= 2621
157.0
K= 2622
9.03571428556
K= 2623
22.8611473901
K= 2624
8.89597069588
K= 2625
5095.60127648
K= 2626
4829.0
K= 2627
4936.0 , Degree=0
K= 2628
26.2625074271
K= 2629
19.4685221782
K= 2630
4840.93853325
K= 2631
4498.03717518
K= 2632
6031.9144744
K= 2633
4936.0 , Degree=0
K= 2634
5095.60127648
K= 2635
8592.0
K= 2636
4855.8395136
K= 2637
380.745505225
K= 2638
154.65
K= 2639
4793.75079365
K= 2640
4490.70392835
K= 2641
4301.75
K= 2642
310.090930221
K= 2643
11.85
K= 2644
4139.5
K= 2645
11646.7943723
K= 2646
12.5999999999
K= 2647
4861.91666667
K= 2648
11.8666666666
K= 2649
127.0
K= 2650
4864.63928571
K= 2651
4481.8
K= 2652
4651.20054073
K= 2653
9.71666666667
K= 2654
188.533333333
K= 2655
27.0761904761
K= 2656
2251.23281346
K= 2657
141.833333333
K= 2658
31.4544989977
K= 2659
4751.41269004
K= 2660
386.493125714
K= 2661
101.80881384
K= 2662
4601.75079365
K= 2663
15.5518170894
K= 2664
4497.5
K= 2665
4778.11650659
K= 2666
447.470621046
K= 2667
34.1583452418
K= 2668
10.138095238
K= 2669
451.146175996
K= 2670
19.7737812911
K= 2671
24.970215206
K= 2672
4936.0 , Degree=0
K= 2673
4815.69862164
K= 2674
11.0119047618
K= 2675
38.780005883
K= 2676
398.522598431
K= 2677
4.23454106273
K= 2678
4601.75079365
K= 2679
126.0
K= 2680
4133.0
K= 2681
544.258333333
K= 2682
11691.8229638
K= 2683
4301.75
K= 2684
4301.75
K= 2685
4479.16666667
K= 2686
8554.0
K= 2687
4301.75
K= 2688
23.1999999997
K= 2689
4815.69862164
K= 2690
240.669363425
K= 2691
8598.0
K= 2692
4554.0
K= 2693
270.281403727
K= 2694
4846.01532912
K= 2695
4638.69862164
K= 2696
36.6297979798
K= 2697
4793.75079365
K= 2698
12.4333333333
K= 2699
11.5952380951
K= 2700
20.7039283499
K= 2701
4868.26490088
K= 2702
10.138095238
K= 2703
26.7703425229
K= 2704
8441.33333333
K= 2705
11.7999999999
K= 2706
11.5952380951
K= 2707
8545.0
K= 2708
4593.04630647
K= 2709
20.7039283499
K= 2710
88.127056685
K= 2711
8585.0
K= 2712
3165.08247346
K= 2713
10.0845238095
K= 2714
8.28826075885
K= 2715
42.4738095236
K= 2716
4833.44047619
K= 2717
4204.0
K= 2718
17.1635177686
K= 2719
26.6867424241
K= 2720
4601.75079365
K= 2721
154.0
K= 2722
816.992857143
K= 2723
4133.0
K= 2724
8554.0
K= 2725
197.756374269
K= 2726
44.0635283425
K= 2727
4591.0
K= 2728
4482.55114943
K= 2729
323.750793651
K= 2730
380.698621641
K= 2731
4830.46250955
K= 2732
4819.77354487
K= 2733
4476.5040107
K= 2734
4872.44047619
K= 2735
8603.0
K= 2736
144.0
K= 2737
4490.70392835
K= 2738
600.0
K= 2739
22.8611473901
K= 2740
202.583333333
K= 2741
28.5830565861
K= 2742
8.07222222222
K= 2743
20.7039283499
K= 2744
19.25
K= 2745
74.0
K= 2746
4301.75
K= 2747
35.8471537386
K= 2748
4815.69862164
K= 2749
4892.42857143
K= 2750
38.9062997497
K= 2751
4490.70392835
K= 2752
20.7039283499
K= 2753
112.333333333
K= 2754
8597.0
K= 2755
6434.11772538
K= 2756
4859.94077312
K= 2757
37.020880021
K= 2758
351.19882653
K= 2759
4936.0 , Degree=0
K= 2760
547.258333333
K= 2761
12.5166666666
K= 2762
4838.58108994
K= 2763
38.6816239316
K= 2764
4795.69862164
K= 2765
7.51199813257
K= 2766
162.75
K= 2767
4835.51519952
K= 2768
7.03679653665
K= 2769
4750.56863553
K= 2770
8601.0
K= 2771
4586.0
K= 2772
10.5461700336
K= 2773
4476.44082166
K= 2774
18.4718409585
K= 2775
4936.0 , Degree=0
K= 2776
4480.95635965
K= 2777
4165.83437783
K= 2778
4889.32619048
K= 2779
4446.0
K= 2780
12.5166666666
K= 2781
12.4666666666
K= 2782
32.6361905638
K= 2783
16.7150183149
K= 2784
4589.0
K= 2785
372.670913836
K= 2786
4490.70392835
K= 2787
8817.0
K= 2788
15.4393162392
K= 2789
22.8065072182
K= 2790
15.5305121023
K= 2791
8603.0
K= 2792
4936.0 , Degree=0
K= 2793
34.1583452418
K= 2794
12.4095238094
K= 2795
20.7039283499
K= 2796
27.731567286
K= 2797
35.2299783549
K= 2798
7.5467032966
K= 2799
49.6568867705
K= 2800
15.1666666665
K= 2801
5678.0636224
K= 2802
8601.0
K= 2803
12.044565807
K= 2804
4301.75
K= 2805
6.97696176358
K= 2806
4490.70392835
K= 2807
11.1999999998
K= 2808
20.7039283499
K= 2809
20.4418924389
K= 2810
4861.50711788
K= 2811
12.5166666666
K= 2812
233.994554456
K= 2813
1069.08377073
K= 2814
4584.0
K= 2815
4301.75
K= 2816
12.2310843177
K= 2817
180.333333333
K= 2818
8605.0
K= 2819
4482.46666667
K= 2820
4560.69830257
K= 2821
4133.0
K= 2822
139.0
K= 2823
4594.0
K= 2824
9.86904761894
K= 2825
147.196129776
K= 2826
35.1762362678
K= 2827
8386.0
K= 2828
21.5781177155
K= 2829
11.52481203
K= 2830
4601.75079365
K= 2831
4301.75
K= 2832
4559.0
K= 2833
4496.70392835
K= 2834
4482.01666667
K= 2835
4936.0 , Degree=0
K= 2836
14848.5
K= 2837
441.566930432
K= 2838
5095.60127648
K= 2839
6467.27268523
K= 2840
4479.56666667
K= 2841
4911.23333333
K= 2842
524.090115439
K= 2843
200.083333333
K= 2844
9.44166666653
K= 2845
4384.0
K= 2846
124.433333333
K= 2847
22.3490453872
K= 2848
17.8977994227
K= 2849
3963.07949457
K= 2850
10.1619047618
K= 2851
136.0
K= 2852
366.130471023
K= 2853
8603.0
K= 2854
15.6569997052
K= 2855
4521.61245493
K= 2856
8944.36840659
K= 2857
136.369047619
K= 2858
6467.27268523
K= 2859
7.73836996313
K= 2860
599.0
K= 2861
41.4078566999
K= 2862
4535.0
K= 2863
6037.45567847
K= 2864
21.2039283499
K= 2865
5165.94856632
K= 2866
4133.0
K= 2867
371.645033032
K= 2868
41.8998217467
K= 2869
26.54041751
K= 2870
4479.31904762
K= 2871
305.850295006
K= 2872
4802.58108994
K= 2873
365.51519952
K= 2874
44.0635283425
K= 2875
389.108409362
K= 2876
4490.70392835
K= 2877
20.7039283499
K= 2878
20.7039283499
K= 2879
22.8611473901
K= 2880
4492.86114739
K= 2881
8603.0
K= 2882
313.933865933
K= 2883
4953.68333333
K= 2884
175.333333333
K= 2885
6829.98580419
K= 2886
22.8611473901
K= 2887
185.583333333
K= 2888
53.1051448552
K= 2889
21.3775965254
K= 2890
12.5166666666
K= 2891
12.0166666666
K= 2892
20.7039283499
K= 2893
982.817104063
K= 2894
4301.75
K= 2895
152.0
K= 2896
17192.0
K= 2897
427.974283159
K= 2898
338.344444444
K= 2899
321.713262215
K= 2900
159.0
K= 2901
8597.0
K= 2902
4611.0
K= 2903
44.0635283425
K= 2904
20.7039283499
K= 2905
4145.16666667
K= 2906
4133.0
K= 2907
11680.7240304
K= 2908
144.0
K= 2909
4560.0
K= 2910
781.461768304
K= 2911
4476.15842799
K= 2912
143.333333333
K= 2913
29.2622326203
K= 2914
4793.75079365
K= 2915
4802.50711788
K= 2916
12.5166666666
K= 2917
189.583333333
K= 2918
4863.56330323
K= 2919
7.51666666649
K= 2920
4490.70392835
K= 2921
4936.0 , Degree=0
K= 2922
4911.96526251
K= 2923
20.7039283499
K= 2924
35.3908963583
K= 2925
9.86904761894
K= 2926
389.166666667
K= 2927
4627.83333333
K= 2928
184.366666667
K= 2929
7.19313725468
K= 2930
51.4298212896
K= 2931
16.2385081584
K= 2932
4490.70392835
K= 2933
4815.69862164
K= 2934
10.7619047617
K= 2935
455.974236083
K= 2936
22.8611473901
K= 2937
12.4095238094
K= 2938
226.473808231
K= 2939
39.5274547294
K= 2940
10.0666666665
K= 2941
4452.0
K= 2942
71.3185874802
K= 2943
12.5166666666
K= 2944
15.5047979797
K= 2945
4567.91773042
K= 2946
4133.0
K= 2947
4661.69862164
K= 2948
11.3666666666
K= 2949
20.7039283499
K= 2950
4453.75
K= 2951
25.0333333331
K= 2952
142.0
K= 2953
545.258333333
K= 2954
4667.94975857
K= 2955
9.00718355714
K= 2956
4301.75
K= 2957
4439.96316739
K= 2958
4133.0
K= 2959
53.9082967353
K= 2960
4671.34394636
K= 2961
5419.36162166
K= 2962
20.7039283499
K= 2963
4649.58333333
K= 2964
388.072304382
K= 2965
5.47325581394
K= 2966
8609.0
K= 2967
41.4078566999
K= 2968
184.385656989
K= 2969
4936.0 , Degree=0
K= 2970
4133.0
K= 2971
4802.91705528
K= 2972
4301.75
K= 2973
12.2666666666
K= 2974
10.224537037
K= 2975
20.7384111085
K= 2976
299.711518497
K= 2977
280.552159526
K= 2978
4516.0
K= 2979
20.7039283499
K= 2980
12.5166666666
K= 2981
4442.0
K= 2982
20.7039283499
K= 2983
12.5166666666
K= 2984
21.8611473901
K= 2985
8580.0
K= 2986
7.69188034174
K= 2987
4146.5
K= 2988
4799.75079365
K= 2989
4601.75079365
K= 2990
147.333333333
K= 2991
4301.75
K= 2992
20.7039283499
K= 2993
11.1999999998
K= 2994
14.7011494252
K= 2995
4487.2
K= 2996
165.65
K= 2997
3185.1833538
K= 2998
4780.34821559
K= 2999
4480.16190476
K= 3000
16.375
K= 3001
4132.0
K= 3002
12.7999999998
K= 3003
9.8444444444
K= 3004
4891.53571429
K= 3005
307.088829517
K= 3006
11.1999999998
K= 3007
4793.75079365
K= 3008
21.079311342
K= 3009
38.780005883
K= 3010
4867.50711788
K= 3011
624.668664534
K= 3012
4691.75833333
K= 3013
11.945370032
K= 3014
20.2039283499
K= 3015
4841.44231602
K= 3016
4133.0
K= 3017
8.27792889089
K= 3018
23.7723238595
K= 3019
8597.0
K= 3020
4480.36666667
K= 3021
4692.01532912
K= 3022
18.3919413917
K= 3023
4903.00724728
K= 3024
399.904570674
K= 3025
139.267321084
K= 3026
29.6641455767
K= 3027
4819.9882871
K= 3028
8.94166666653
K= 3029
4453.75
K= 3030
4484.25
K= 3031
400.975
K= 3032
34.9436819172
K= 3033
34.8942981854
K= 3034
338.344444444
K= 3035
11.8666666666
K= 3036
326.000793651
K= 3037
4936.0 , Degree=0
K= 3038
4482.51666667
K= 3039
12.4333333333
K= 3040
11.1999999998
K= 3041
4601.75079365
K= 3042
4812.2320821
K= 3043
4601.75079365
K= 3044
8549.75
K= 3045
9.54600703844
K= 3046
4476.21500721
K= 3047
13.809196067
K= 3048
4478.04592075
K= 3049
22.8611473901
K= 3050
416.113095238
K= 3051
11.8961038961
K= 3052
20.7039283499
K= 3053
11681.4514033
K= 3054
4479.25277778
K= 3055
4133.0
K= 3056
20.7039283499
K= 3057
4301.75
K= 3058
419.312301587
K= 3059
20.7039283499
K= 3060
4490.70392835
K= 3061
4872.25052448
K= 3062
290.816666667
K= 3063
4810.66666667
K= 3064
4133.0
K= 3065
4301.75
K= 3066
4586.0
K= 3067
23.3666666665
K= 3068
7.03140962753
K= 3069
186.583333333
K= 3070
4835.51519952
K= 3071
11.1999999998
K= 3072
8603.0
K= 3073
4936.0 , Degree=0
K= 3074
4936.0 , Degree=0
K= 3075
8.7729154902
K= 3076
10.1619047618
K= 3077
33.838095238
K= 3078
8603.0
K= 3079
4833.44047619
K= 3080
10.6619047618
K= 3081
154.0
K= 3082
20.7039283499
K= 3083
4933.40277778
K= 3084
4301.75
K= 3085
21.288738617
K= 3086
9.95357142831
K= 3087
12.0166666666
K= 3088
4492.86114739
K= 3089
4167.0
K= 3090
3243.92309893
K= 3091
4833.44047619
K= 3092
8585.0
K= 3093
12.4095238094
K= 3094
202.583333333
K= 3095
22.8611473901
K= 3096
11.8666666666
K= 3097
11.3666666666
K= 3098
20.7039283499
K= 3099
37.3783159999
K= 3100
9.08571428561
K= 3101
45.7222947803
K= 3102
245.42857143
K= 3103
4837.12344902
K= 3104
19.7631224712
K= 3105
20.7039283499
K= 3106
70.0447052948
K= 3107
4774.50037273
K= 3108
8600.0
K= 3109
12.2666666666
K= 3110
5060.80656989
K= 3111
4936.0 , Degree=0
K= 3112
4301.75
K= 3113
4225.0
K= 3114
37.980952381
K= 3115
12.0166666666
K= 3116
11.8666666666
K= 3117
156.0
K= 3118
0.0
K= 3119
22.8611473901
K= 3120
4476.73776402
K= 3121
8599.0
K= 3122
7.21515151509
K= 3123
466.455555556
K= 3124
0.0
K= 3125
8610.0
K= 3126
441.361567625
K= 3127
4481.01666667
K= 3128
4851.76926129
K= 3129
70.1065621369
K= 3130
4835.51519952
K= 3131
2352.3670964
K= 3132
410.696838874
K= 3133
24.2557932263
K= 3134
8.27495543659
K= 3135
184.666666667
K= 3136
36.3286351743
K= 3137
11.7999999998
K= 3138
8636.0
K= 3139
4133.0
K= 3140
8597.5
K= 3141
20.7039283499
K= 3142
31.3999999999
K= 3143
4565.27597743
K= 3144
140.0
K= 3145
10.0325757575
K= 3146
202.583333333
K= 3147
4301.75
K= 3148
20.1660922411
K= 3149
315.994444444
K= 3150
21.5965642586
K= 3151
4908.88333333
K= 3152
192.333333333
K= 3153
120.0
K= 3154
4166.0
K= 3155
8610.0
K= 3156
20.7039283499
K= 3157
4604.0
K= 3158
20.7039283499
K= 3159
1052.21814361
K= 3160
145.0
K= 3161
4481.51666667
K= 3162
9.15714285709
K= 3163
4126.0
K= 3164
60.4624500499
K= 3165
8567.73552851
K= 3166
4772.64831549
K= 3167
36.9182261208
K= 3168
4936.0 , Degree=0
K= 3169
7.68303870026
K= 3170
4616.0
K= 3171
51.6337126601
K= 3172
58.3096088549
K= 3173
4936.0 , Degree=0
K= 3174
29.1056571929
K= 3175
11.8666666666
K= 3176
4627.82952685
K= 3177
66.2930740096
K= 3178
20.3288613691
K= 3179
12.5166666666
K= 3180
131.0
K= 3181
4166.0
K= 3182
11.8666666666
K= 3183
4815.69862164
K= 3184
449.671073654
K= 3185
141.0
K= 3186
22.9839285713
K= 3187
6.2590218595
K= 3188
27.3531852205
K= 3189
9.95357142831
K= 3190
6.61417748907
K= 3191
4936.0 , Degree=0
K= 3192
11675.8993106
K= 3193
4887.9574642
K= 3194
10.638095238
K= 3195
4833.44047619
K= 3196
4946.53567447
K= 3197
8984.0
K= 3198
5.7501380262
K= 3199
4865.15165945
K= 3200
11.8499999999
K= 3201
13.3265873014
K= 3202
4145.16666667
K= 3203
9.00718355714
K= 3204
158.0
K= 3205
4795.50711788
K= 3206
4301.75
K= 3207
14.926085434
K= 3208
4204.0
K= 3209
4936.0 , Degree=0
K= 3210
2892.40716455
K= 3211
544.258333333
K= 3212
87.7937233517
K= 3213
4301.75
K= 3214
142.0
K= 3215
156.816666667
K= 3216
4942.35617196
K= 3217
4301.75
K= 3218
9.58147049253
K= 3219
12.4174963925
K= 3220
7.58632478619
K= 3221
420.392828019
K= 3222
4600.85027473
K= 3223
345.987918697
K= 3224
51.6394230769
K= 3225
12.5166666666
K= 3226
181.333333333
K= 3227
8818.0
K= 3228
0.0
K= 3229
538.925
K= 3230
205.690294933
K= 3231
4801.48867244
K= 3232
4478.73333333
K= 3233
4870.78015873
K= 3234
5425.36162166
K= 3235
105.246012325
K= 3236
4936.0 , Degree=0
K= 3237
27.1056571929
K= 3238
4612.0
K= 3239
169.317461218
K= 3240
8603.0
K= 3241
13.5999999999
K= 3242
33.6185606059
K= 3243
79.6011904762
K= 3244
4872.44047619
K= 3245
5679.14695573
K= 3246
22337.7444444
K= 3247
4301.75
K= 3248
8585.0
K= 3249
4684.55457524
K= 3250
29.1056571929
K= 3251
202.583333333
K= 3252
12.5166666666
K= 3253
12.5166666666
K= 3254
4145.16666667
K= 3255
8953.45021645
K= 3256
20.0523809524
K= 3257
20.2039283499
K= 3258
32.8548840047
K= 3259
20.812080023
K= 3260
7.1198412698
K= 3261
4833.44047619
K= 3262
4479.00718356
K= 3263
4133.0
K= 3264
132.0
K= 3265
0.0
K= 3266
26.9723238595
K= 3267
2856.51380801
K= 3268
12.7999999998
K= 3269
11.1333333332
K= 3270
4936.0 , Degree=0
K= 3271
7.1555555556
K= 3272
4601.75079365
K= 3273
471.065857753
K= 3274
109.0
K= 3275
4301.75
K= 3276
186.583333333
K= 3277
9.93968253955
K= 3278
9.1857142857
K= 3279
9.07499999984
K= 3280
282.719434812
K= 3281
20.7039283499
K= 3282
156.0
K= 3283
16.0767912137
K= 3284
4610.0
K= 3285
14.3157894736
K= 3286
8.66908831894
K= 3287
4862.96526251
K= 3288
8602.0
K= 3289
395.847474747
K= 3290
14.8452380951
K= 3291
18.4055555555
K= 3292
182.14710609
K= 3293
6.60351403232
K= 3294
44.3889975452
K= 3295
4133.0
K= 3296
4815.82823924
K= 3297
4284.0
K= 3298
521.628571428
K= 3299
20.7039283499
K= 3300
7.56343101338
K= 3301
21.2974296843
K= 3302
4301.75
K= 3303
4490.70392835
K= 3304
36.5117918988
K= 3305
4872.70357143
K= 3306
11.7999999998
K= 3307
323.750793651
K= 3308
140.5
K= 3309
4906.08333333
K= 3310
12.4095238094
K= 3311
70.0447052948
K= 3312
20.7039283499
K= 3313
4421.27868742
K= 3314
5095.60127648
K= 3315
9.65714285709
K= 3316
8593.0
K= 3317
20.2039283499
K= 3318
4767.91773042
K= 3319
133.0
K= 3320
7.81277056271
K= 3321
156.0
K= 3322
4301.75
K= 3323
7.55742296902
K= 3324
17.1258645374
K= 3325
9.8444444444
K= 3326
9.17777777766
K= 3327
17557.2
K= 3328
5.66666666651
K= 3329
19.6764705882
K= 3330
8.48268398258
K= 3331
600.0
K= 3332
4870.78015873
K= 3333
4586.0
K= 3334
4490.20392835
K= 3335
4166.0
K= 3336
15.6245746246
K= 3337
177.033333333
K= 3338
4587.41630592
K= 3339
4753.0
K= 3340
4500.12735272
K= 3341
287.086335404
K= 3342
4936.0 , Degree=0
K= 3343
4578.85
K= 3344
11.5952380951
K= 3345
156.15
K= 3346
4583.0
K= 3347
4476.43655844
K= 3348
347.653172931
K= 3349
17650.0
K= 3350
365.452993315
K= 3351
4481.2
K= 3352
56.6304388422
K= 3353
20.7039283499
K= 3354
17650.0
K= 3355
19.3975714779
K= 3356
88.1932900432
K= 3357
8.35026315786
K= 3358
4613.91773042
K= 3359
46.3397148744
K= 3360
8402.5
K= 3361
4884.20343497
K= 3362
147.166666667
K= 3363
5673.2164287
K= 3364
4301.75
K= 3365
4301.75
K= 3366
20.7039283499
K= 3367
4868.00867928
K= 3368
10.0666666665
K= 3369
4477.0
K= 3370
4767.91773042
K= 3371
162.033333333
K= 3372
10.138095238
K= 3373
175.0
K= 3374
456.803038628
K= 3375
4793.75079365
K= 3376
48.6464423207
K= 3377
4133.0
K= 3378
9.36904761894
K= 3379
4166.0
K= 3380
4490.70392835
K= 3381
4767.91773042
K= 3382
4792.75079365
K= 3383
4301.75
K= 3384
140.5
K= 3385
186.583333333
K= 3386
4861.50711788
K= 3387
4301.75
K= 3388
4301.75
K= 3389
658.740056987
K= 3390
21.5
K= 3391
6384.20554196
K= 3392
4133.0
K= 3393
362.190228831
K= 3394
65.3723002683
K= 3395
4789.06693043
K= 3396
202.583333333
K= 3397
4301.75
K= 3398
185.583333333
K= 3399
4284.0
K= 3400
4936.0 , Degree=0
K= 3401
4936.0 , Degree=0
K= 3402
4877.08281441
K= 3403
4913.00442695
K= 3404
4900.30873016
K= 3405
3631.50873797
K= 3406
3623.01094725
K= 3407
156.816666667
K= 3408
20.9874888475
K= 3409
8.36263736256
K= 3410
4876.96150794
K= 3411
12.5166666666
K= 3412
9.26904761896
K= 3413
4482.6
K= 3414
4133.0
K= 3415
6.0093525101
K= 3416
533.61547619
K= 3417
6.8645614034
K= 3418
4490.70392835
K= 3419
20.7039283499
K= 3420
9.90726760007
K= 3421
6.45645363408
K= 3422
382.308663396
K= 3423
20.7039283499
K= 3424
4812.2320821
K= 3425
735.102373066
K= 3426
4841.44231602
K= 3427
6.56474850804
K= 3428
44.0635283425
K= 3429
6.33333333326
K= 3430
4861.50711788
K= 3431
6.95415499527
K= 3432
485.0
K= 3433
11.1999999998
K= 3434
33.119467787
K= 3435
4504.15834524
K= 3436
8597.0
K= 3437
4587.0
K= 3438
4601.0
K= 3439
4301.75
K= 3440
4301.75
K= 3441
158.0
K= 3442
4490.70392835
K= 3443
11.1999999998
K= 3444
4936.0 , Degree=0
K= 3445
178.0
K= 3446
4936.0 , Degree=0
K= 3447
114.0
K= 3448
131.5
K= 3449
10.6619047618
K= 3450
33.3868464077
K= 3451
4936.0 , Degree=0
K= 3452
35.4470167514
K= 3453
20.7039283499
K= 3454
490.258333333
K= 3455
4609.5
K= 3456
44.0635283425
K= 3457
12.0166666666
K= 3458
4301.75
K= 3459
4490.70392835
K= 3460
4861.50711788
K= 3461
20.7039283499
K= 3462
4812.71675676
K= 3463
8603.0
K= 3464
9.82857142831
K= 3465
113.5
K= 3466
22.3475922114
K= 3467
4387.0
K= 3468
862.484745372
K= 3469
4301.75
K= 3470
13.4654528478
K= 3471
12.3666666666
K= 3472
381.323783748
K= 3473
4868.01532912
K= 3474
13.0845238094
K= 3475
4301.75
K= 3476
8600.0
K= 3477
54.8780048348
K= 3478
16.2666666666
K= 3479
7.04998547898
K= 3480
4767.91773042
K= 3481
388.12344902
K= 3482
155.0
K= 3483
9.00718355714
K= 3484
7.19632450875
K= 3485
14.7999999998
K= 3486
4478.4
K= 3487
4793.75079365
K= 3488
4601.75079365
K= 3489
20.7039283499
K= 3490
139.0
K= 3491
25.3019685689
K= 3492
4936.0 , Degree=0
K= 3493
526.990306598
K= 3494
4936.0 , Degree=0
K= 3495
4024.33333333
K= 3496
4790.75416667
K= 3497
5941.16793711
K= 3498
26.1833333332
K= 3499
4559.0
K= 3500
7.95299145288
K= 3501
4690.45461483
K= 3502
4281.75
K= 3503
4166.0
K= 3504
4950.72222222
K= 3505
342.787337662
K= 3506
4908.75
K= 3507
4154.0
K= 3508
27.4095238094
K= 3509
20.7039283499
K= 3510
4892.08333333
K= 3511
37.2095460097
K= 3512
4301.75
K= 3513
4494.97021521
K= 3514
6.57922077912
K= 3515
12.5999999999
K= 3516
65.3723002683
K= 3517
11644.7175325
K= 3518
18.3480930832
K= 3519
8.25004162488
K= 3520
7.0
K= 3521
4301.75
K= 3522
20.7039283499
K= 3523
4301.75
K= 3524
544.6
K= 3525
20.660450089
K= 3526
10.638095238
K= 3527
8603.0
K= 3528
11.0952380951
K= 3529
4601.75079365
K= 3530
4483.39998785
K= 3531
401.285714286
K= 3532
4827.84943972
K= 3533
27.6433434399
K= 3534
81.116430549
K= 3535
11654.4986092
K= 3536
20.7039283499
K= 3537
4601.75079365
K= 3538
12.5166666666
K= 3539
4789.06693043
K= 3540
11710.7905516
K= 3541
338.92421338
K= 3542
58.4447052948
K= 3543
155.890476191
K= 3544
4936.0 , Degree=0
K= 3545
170.65
K= 3546
4936.0 , Degree=0
K= 3547
4301.75
K= 3548
11.8666666666
K= 3549
20.7039283499
K= 3550
4793.75079365
K= 3551
12.5999999999
K= 3552
40.4078566999
K= 3553
20.7039283499
K= 3554
372.87529227
K= 3555
4490.70392835
K= 3556
4802.58108994
K= 3557
141.0
K= 3558
28.5261505721
K= 3559
4649.58333333
K= 3560
12.5999999999
K= 3561
12.9463477698
K= 3562
28.6139796844
K= 3563
4859.30669192
K= 3564
8949.05344079
K= 3565
4901.54285714
K= 3566
8.06904761889
K= 3567
402.23968254
K= 3568
380.698621641
K= 3569
8610.0
K= 3570
4301.75
K= 3571
4301.75
K= 3572
202.583333333
K= 3573
4856.91075036
K= 3574
4553.58828198
K= 3575
4888.8520202
K= 3576
4301.75
K= 3577
14.0458309805
K= 3578
159.333333333
K= 3579
60.4037472287
K= 3580
4133.0
K= 3581
86.5333333333
K= 3582
4882.40946276
K= 3583
4861.50711788
K= 3584
202.583333333
K= 3585
4479.86904762
K= 3586
4600.73690476
K= 3587
187.533333333
K= 3588
11.7083333333
K= 3589
10.9714285713
K= 3590
4535.37400117
K= 3591
314.950876329
K= 3592
4936.0 , Degree=0
K= 3593
8609.0
K= 3594
19.988095238
K= 3595
4834.51519952
K= 3596
10.4801235365
K= 3597
170.0
K= 3598
4301.75
K= 3599
10.638095238
K= 3600
41.0384872915
Betweenness Centrality Improvement
[ 0.  0.  0. ...,  0.  0.  0.]
Top 20 BC Improvement
[3246 3354 3349 2565 3327 2896 2836 2418 3540 2682 2434 3053 2602 2907 2496
 3192 3535 2645 3517 2441]
Top 20 BC Improvement
[ 22337.74444444  17650.          17650.          17650.          17557.2
  17192.          14848.5         13275.66621679  11710.79055163
  11691.82296375  11684.88876409  11681.45140333  11681.25344378
  11680.72403041  11677.4918042   11675.89931065  11654.49860917
  11646.79437229  11644.71753247   9770.08095238]
