txValue= 10000
Input graph
IGRAPH D--- 4619 68733 -- 
+ attr: pub_key (v), base_fee (e), capacity (e), fee_rate (e), txCost (e)
None
Graph after edges deleted
IGRAPH D--- 4619 68697 -- 
+ attr: pub_key (v), base_fee (e), capacity (e), fee_rate (e), txCost (e)
None
Our nodes starting connections: 
(4618, 2796)
(4618, 1223)
(4618, 1163)
(4618, 498)
(4618, 3265)
(4618, 1589)
CurrentBC of our node:  956113.199439
K= 0
21.6034018927
K= 1
9.26666666649
K= 2
12.4095238094
K= 3
96.0351301475
K= 4
284.0
K= 5
4490.70392835
K= 6
141.0
K= 7
15.5714285714
K= 8
4481.09494949
K= 9
13.3766233765
K= 10
4133.0
K= 11
13.1620046648
K= 12
202.583333333
K= 13
20.2039283499
K= 14
25.0333333331
K= 15
367.727027027
K= 16
20.2039283499
K= 17
4936.0 , Degree=0
K= 18
7.63895636506
K= 19
26.5383699632
K= 20
19.7039283499
K= 21
12.4095238094
K= 22
4692.01532912
K= 23
201.583333333
K= 24
4475.26279307
K= 25
7.70684822404
K= 26
12.5166666666
K= 27
23.3666666665
K= 28
4530.39058062
K= 29
12.5166666666
K= 30
20.7039283499
K= 31
1260.63844839
K= 32
926.956960281
K= 33
11.9095238094
K= 34
22.8557950219
K= 35
19.3238095237
K= 36
8601.0
K= 37
8.86904761894
K= 38
4503.52970355
K= 39
9.23015873018
K= 40
4839.12344902
K= 41
8554.0
K= 42
8600.375
K= 43
6.92456140346
K= 44
9.00718355714
K= 45
4479.95357143
K= 46
4325.0
K= 47
12.5999999999
K= 48
189.166666667
K= 49
4557.0
K= 50
24.5346994072
K= 51
4661.69862164
K= 52
19.8624891883
K= 53
23.1388083383
K= 54
22.9333333332
K= 55
4853.46250955
K= 56
4619.0
K= 57
20.7039283499
K= 58
12.4095238094
K= 59
4793.75079365
K= 60
4519.65202703
K= 61
33.3057382954
K= 62
38.6534090908
K= 63
5095.60127648
K= 64
26.3157937663
K= 65
4828.36625768
K= 66
3577.5511737
K= 67
4856.90061744
K= 68
202.083333333
K= 69
33.7083325729
K= 70
4841.34394636
K= 71
6576.22152884
K= 72
4775.07903646
K= 73
4478.68571429
K= 74
6.51431063178
K= 75
12.5166666666
K= 76
8605.4096121
K= 77
4301.75
K= 78
4479.4952381
K= 79
4133.0
K= 80
55.6666666665
K= 81
4834.9882871
K= 82
4907.53095238
K= 83
4872.44047619
K= 84
29.7657031444
K= 85
9.56666666653
K= 86
4487.97184096
K= 87
4482.43333333
K= 88
4467.33333333
K= 89
4741.90026376
K= 90
363.048809524
K= 91
24.5333333331
K= 92
527.11547619
K= 93
45.7222947803
K= 94
20.7039283499
K= 95
51.2480031077
K= 96
487.056335432
K= 97
4794.53186068
K= 98
11.9732142856
K= 99
8.41904761887
K= 100
5646.01589306
K= 101
4481.01190476
K= 102
9.31904761901
K= 103
9.02380952367
K= 104
4595.7521978
K= 105
4601.75079365
K= 106
4490.70392835
K= 107
65.3723002683
K= 108
4591.0
K= 109
162.15
K= 110
38.4023330598
K= 111
4936.0 , Degree=0
K= 112
4490.70392835
K= 113
8.33840316022
K= 114
12.4333333333
K= 115
20.660450089
K= 116
4830.34289044
K= 117
4301.75
K= 118
4882.5766232
K= 119
12.5166666666
K= 120
528.792047743
K= 121
20.8705950166
K= 122
5217.95350955
K= 123
1022.03124098
K= 124
4936.0 , Degree=0
K= 125
114.0
K= 126
6.1875031098
K= 127
375.345699187
K= 128
24.4690049503
K= 129
10.9136904761
K= 130
31.6368111823
K= 131
4507.20954601
K= 132
4490.70392835
K= 133
7.43958215683
K= 134
20.7039283499
K= 135
14.5016233765
K= 136
20.8150394611
K= 137
9.37499999988
K= 138
11655.2851371
K= 139
760.222756195
K= 140
4756.06773055
K= 141
533.343001859
K= 142
4301.75
K= 143
11.5223292588
K= 144
20.660450089
K= 145
4555.64410427
K= 146
11.7253968253
K= 147
13.4397754419
K= 148
11.3690476189
K= 149
4447.75079365
K= 150
4852.21548719
K= 151
19.8833333333
K= 152
6384.70343399
K= 153
4613.91773042
K= 154
4531.22652348
K= 155
4936.0 , Degree=0
K= 156
4.6742424242
K= 157
156.0
K= 158
8603.0
K= 159
319.896334586
K= 160
4478.24404762
K= 161
8610.0
K= 162
4850.74550523
K= 163
8961.70392835
K= 164
453.771031746
K= 165
19.2039283499
K= 166
12.0166666666
K= 167
110.673711986
K= 168
4767.56945829
K= 169
153.15
K= 170
8600.0
K= 171
12.5108585858
K= 172
44.0635283425
K= 173
12.4333333333
K= 174
75.7139530351
K= 175
12.0952380951
K= 176
4793.75079365
K= 177
4766.91773042
K= 178
176.611111111
K= 179
4133.0
K= 180
6.61904761894
K= 181
4936.0 , Degree=0
K= 182
6.65612945391
K= 183
31.2556332555
K= 184
7.0
K= 185
4626.0
K= 186
8603.0
K= 187
11.8666666666
K= 188
4936.0 , Degree=0
K= 189
6.98836996325
K= 190
4204.0
K= 191
133.0
K= 192
4612.0
K= 193
4880.39761905
K= 194
15.6125038114
K= 195
4133.0
K= 196
8779.14285714
K= 197
28.1428571427
K= 198
36.7903979187
K= 199
40.1999999997
K= 200
107.0
K= 201
4476.45702614
K= 202
75.7139530351
K= 203
4599.75079365
K= 204
1243.46964372
K= 205
11.8666666666
K= 206
4936.0 , Degree=0
K= 207
11.8666666666
K= 208
13.0035714284
K= 209
8610.0
K= 210
11.8666666666
K= 211
5.30553405557
K= 212
140.0
K= 213
11.8666666666
K= 214
9.86904761894
K= 215
4204.0
K= 216
11.9666666666
K= 217
20.7311651608
K= 218
4688.5
K= 219
32.4366368132
K= 220
2847.8394029
K= 221
10.9999999999
K= 222
128.188001867
K= 223
4204.0
K= 224
4479.61904762
K= 225
12.5166666666
K= 226
10.5721611721
K= 227
4610.0
K= 228
4644.38024143
K= 229
4384.39285714
K= 230
4782.70820523
K= 231
4619.75833333
K= 232
187.533333333
K= 233
361.028669646
K= 234
25.7420804224
K= 235
504.436886724
K= 236
20.7039283499
K= 237
141.0
K= 238
4825.44047619
K= 239
2630.14858495
K= 240
4867.57259858
K= 241
21.2666666666
K= 242
7.45299145288
K= 243
20.7039283499
K= 244
20.7039283499
K= 245
8603.0
K= 246
4621.65
K= 247
4823.86825397
K= 248
4767.91773042
K= 249
4632.78922626
K= 250
556.258333333
K= 251
6.09456784558
K= 252
186.583333333
K= 253
4314.0
K= 254
4301.75
K= 255
4936.0 , Degree=0
K= 256
11.8666666666
K= 257
391.343946359
K= 258
28.113131313
K= 259
23.9039283498
K= 260
15.5162382062
K= 261
160.0
K= 262
4936.0 , Degree=0
K= 263
186.583333333
K= 264
5095.60127648
K= 265
13.4333333333
K= 266
10.0952380951
K= 267
20.1615777337
K= 268
10.0071835571
K= 269
10.0666666665
K= 270
4613.0
K= 271
4166.0
K= 272
4486.16190476
K= 273
4936.0 , Degree=0
K= 274
4476.6547619
K= 275
43.4298212896
K= 276
33.0369264507
K= 277
4490.70392835
K= 278
4927.9759712
K= 279
20.7039283499
K= 280
4166.0
K= 281
24.1999999998
K= 282
33.1583452418
K= 283
8554.0
K= 284
4901.23333333
K= 285
4710.42420648
K= 286
12.4095238094
K= 287
2707.04617783
K= 288
417.547619047
K= 289
4481.76666667
K= 290
28.5993520396
K= 291
4490.70392835
K= 292
4597.75079365
K= 293
11.1999999998
K= 294
18.5292219274
K= 295
8.34900793654
K= 296
5457.45687341
K= 297
4167.0
K= 298
8602.0
K= 299
148.0
K= 300
23.669047619
K= 301
4563.0
K= 302
34.5738095237
K= 303
33.5600131816
K= 304
4936.0 , Degree=0
K= 305
22.3038758491
K= 306
4486.90598291
K= 307
14.5714285714
K= 308
20.7039283499
K= 309
170.083333333
K= 310
4301.75
K= 311
4585.0
K= 312
4812.94801168
K= 313
197.9
K= 314
4548.74285714
K= 315
4544.0
K= 316
33.3857492383
K= 317
4936.0 , Degree=0
K= 318
145.0
K= 319
21.1454545454
K= 320
7.09848484828
K= 321
326.350315749
K= 322
8603.0
K= 323
4930.2765873
K= 324
4864.23968254
K= 325
4301.75
K= 326
4843.11309524
K= 327
13.2023809523
K= 328
7.15265151509
K= 329
8.41904761887
K= 330
26.4083333331
K= 331
4616.0
K= 332
4936.0 , Degree=0
K= 333
11.7999999998
K= 334
65.4930175429
K= 335
4479.00718356
K= 336
30.6224220576
K= 337
4601.75079365
K= 338
11.7999999998
K= 339
26.0333333332
K= 340
12.4095238094
K= 341
11677.78763
K= 342
8598.0
K= 343
11.5510883064
K= 344
5.40326728043
K= 345
4586.0
K= 346
4160.16666667
K= 347
4477.96648352
K= 348
4282.6
K= 349
10.7
K= 350
12.4095238094
K= 351
41.6825248412
K= 352
22.7541264088
K= 353
87.6166666668
K= 354
20.0985719833
K= 355
4301.75
K= 356
8603.0
K= 357
4301.75
K= 358
9.16161616158
K= 359
4160.16666667
K= 360
170.083333333
K= 361
9.29353979346
K= 362
4489.17647059
K= 363
19.2857142857
K= 364
11689.6051429
K= 365
4846.01532912
K= 366
358.108274969
K= 367
4133.0
K= 368
5095.60127648
K= 369
9.04444444436
K= 370
4936.0 , Degree=0
K= 371
40.218605268
K= 372
8.6857142857
K= 373
4679.97117605
K= 374
4844.91171717
K= 375
374.867393154
K= 376
4489.0
K= 377
20.1060281384
K= 378
12.4333333333
K= 379
12.5166666666
K= 380
7.01431609318
K= 381
20.7039283499
K= 382
4482.40952381
K= 383
11.3666666666
K= 384
28.5166666666
K= 385
4490.70392835
K= 386
4478.48571429
K= 387
8581.0
K= 388
3404.6973572
K= 389
8264.0
K= 390
14.6499999999
K= 391
578.063185567
K= 392
4133.0
K= 393
9.56666666653
K= 394
4936.0 , Degree=0
K= 395
4490.70392835
K= 396
26.9723238596
K= 397
4133.0
K= 398
4641.5
K= 399
4948.58333333
K= 400
22.8611473901
K= 401
12.457031857
K= 402
4490.70392835
K= 403
4479.4952381
K= 404
4617.0
K= 405
435.602371182
K= 406
8603.5
K= 407
405.360006769
K= 408
11.0
K= 409
4936.0 , Degree=0
K= 410
4872.70357143
K= 411
4767.91773042
K= 412
4896.23333333
K= 413
4936.0 , Degree=0
K= 414
11.2999999999
K= 415
13.5119047618
K= 416
12433.6666667
K= 417
282.552159526
K= 418
20.7039283499
K= 419
11674.6260457
K= 420
20.6216772993
K= 421
8956.86996882
K= 422
48.1793907161
K= 423
4622.0
K= 424
4642.25
K= 425
4490.70392835
K= 426
70.0447052948
K= 427
371.442316017
K= 428
200.893620905
K= 429
11.1999999998
K= 430
43.5635283425
K= 431
4851.91075036
K= 432
8.86190476175
K= 433
492.291170012
K= 434
155.0
K= 435
8264.0
K= 436
5425.36162166
K= 437
10.5119047617
K= 438
9.04444444436
K= 439
4490.70392835
K= 440
319.750793651
K= 441
20.7039283499
K= 442
10.0952380951
K= 443
192.333333333
K= 444
52.8192982456
K= 445
4576.0
K= 446
8603.0
K= 447
4661.69862164
K= 448
9.97142857127
K= 449
152.0
K= 450
4936.0 , Degree=0
K= 451
4878.40946276
K= 452
15.6444444443
K= 453
4546.34642857
K= 454
4288.5
K= 455
4833.44047619
K= 456
4936.0 , Degree=0
K= 457
4849.30361018
K= 458
37.0834007337
K= 459
4490.70392835
K= 460
4133.0
K= 461
4166.0
K= 462
4492.86114739
K= 463
4482.40952381
K= 464
4833.44047619
K= 465
16.3187013291
K= 466
4715.21666667
K= 467
142.0
K= 468
20.7039283499
K= 469
12.5166666666
K= 470
33.075490196
K= 471
12.0166666666
K= 472
8.27222222218
K= 473
12.0722222222
K= 474
9.92857142841
K= 475
4861.50711788
K= 476
4767.91773042
K= 477
4490.70392835
K= 478
9.39999999979
K= 479
355.798173793
K= 480
67.8448024199
K= 481
20.7039283499
K= 482
4840.20241703
K= 483
19.2848707477
K= 484
3558.11055374
K= 485
8603.0
K= 486
4793.75079365
K= 487
1338.91845878
K= 488
8428.66666667
K= 489
8609.0
K= 490
8609.0
K= 491
4617.0
K= 492
4301.75
K= 493
3579.59455301
K= 494
8.91904761898
K= 495
44.4862880969
K= 496
8603.0
K= 497
138.416666667
K= 498
6.19726672641
K= 499
20.7039283499
K= 500
25.0333333331
K= 501
4489.89956007
K= 502
7.0186284302
K= 503
4474.60656214
K= 504
56.8833333333
K= 505
4856.54221889
K= 506
139.0
K= 507
186.583333333
K= 508
4904.30238095
K= 509
391.343946359
K= 510
4740.06693043
K= 511
381.718741123
K= 512
4835.51519952
K= 513
1051.1826092
K= 514
138.5
K= 515
25.405942275
K= 516
4133.0
K= 517
9.4763636362
K= 518
4802.50711788
K= 519
12.4666666666
K= 520
4479.16666667
K= 521
32.7473109864
K= 522
4834.9882871
K= 523
9.36904761894
K= 524
44.8663419914
K= 525
4786.65571983
K= 526
4863.46071429
K= 527
124.0
K= 528
4845.01688312
K= 529
129.0
K= 530
10.5721611721
K= 531
4802.58108994
K= 532
4867.50711788
K= 533
20.7039283499
K= 534
4490.70392835
K= 535
4490.70392835
K= 536
53.8447052947
K= 537
10.5952380951
K= 538
4844.91171717
K= 539
144.0
K= 540
28.5935598901
K= 541
35.3873237873
K= 542
11.8499999999
K= 543
4891.53571429
K= 544
40.4477205918
K= 545
8592.0
K= 546
29.1056571929
K= 547
8588.0
K= 548
6550.12488772
K= 549
20.7039283499
K= 550
6.53333333333
K= 551
1121.36162166
K= 552
4890.27102428
K= 553
8599.0
K= 554
158.0
K= 555
70.1133392163
K= 556
146.0
K= 557
20.7039283499
K= 558
4801.50711788
K= 559
4615.0
K= 560
156.0
K= 561
137.766666667
K= 562
4596.42015599
K= 563
4833.44047619
K= 564
8951.58398763
K= 565
196.083333333
K= 566
4301.75
K= 567
10.2842352091
K= 568
4490.70392835
K= 569
327.939815474
K= 570
409.335924703
K= 571
4791.03650794
K= 572
144.0
K= 573
77.1000000001
K= 574
123.0
K= 575
4839.12344902
K= 576
156.15
K= 577
12.0166666666
K= 578
464.276587302
K= 579
204.357142857
K= 580
31.0283613446
K= 581
9.81828324671
K= 582
4490.70392835
K= 583
278.791269841
K= 584
33.5297035505
K= 585
137.0
K= 586
4556.0
K= 587
6319.2371581
K= 588
195.083333333
K= 589
17.9348039214
K= 590
20.7039283499
K= 591
4600.5
K= 592
292.333333333
K= 593
4881.85555556
K= 594
9311.16666667
K= 595
20.7039283499
K= 596
12.4666666666
K= 597
367.462708951
K= 598
6.46963118576
K= 599
202.583333333
K= 600
4482.43333333
K= 601
671.109967059
K= 602
370.093695433
K= 603
4813.00396967
K= 604
4804.34014525
K= 605
4481.5952381
K= 606
4825.47912035
K= 607
4301.75
K= 608
8.71994949493
K= 609
20.3273767562
K= 610
4133.0
K= 611
4301.75
K= 612
4473.34423957
K= 613
4837.77695709
K= 614
5048.7
K= 615
143.0
K= 616
4145.16666667
K= 617
21.3999999999
K= 618
12.5166666666
K= 619
4876.96150794
K= 620
156.15
K= 621
20.660450089
K= 622
26.7666666666
K= 623
152.783333333
K= 624
4909.66666667
K= 625
502.442950514
K= 626
156.0
K= 627
8.8822510821
K= 628
4172.6625
K= 629
4145.16666667
K= 630
8601.5
K= 631
4131.0
K= 632
44.0635283425
K= 633
4782.51519952
K= 634
4901.23333333
K= 635
5417.91717721
K= 636
4929.14217172
K= 637
956.546907094
K= 638
4597.61050779
K= 639
9607.40272964
K= 640
8581.0
K= 641
4877.64301692
K= 642
50.0666666667
K= 643
9.99999999977
K= 644
4793.75079365
K= 645
155.0
K= 646
156.52160352
K= 647
4859.03009768
K= 648
4833.44047619
K= 649
4346.66666667
K= 650
5546.1468346
K= 651
25.2690631807
K= 652
6524.21573877
K= 653
308.414430807
K= 654
19.2478937728
K= 655
4301.75
K= 656
20.7039283499
K= 657
4133.0
K= 658
11.1999999998
K= 659
4936.0 , Degree=0
K= 660
4843.22035251
K= 661
456.245373105
K= 662
102.288567815
K= 663
6283.66031425
K= 664
7080.2977777
K= 665
4793.75079365
K= 666
20.7039283499
K= 667
143.0
K= 668
4576.65571983
K= 669
12.2898954703
K= 670
20.7039283499
K= 671
1021.28853263
K= 672
4608.0
K= 673
10.9357142857
K= 674
63.9560079066
K= 675
22.2251929742
K= 676
4802.39469697
K= 677
383.46250955
K= 678
77.7222947803
K= 679
20.7039283499
K= 680
4767.91773042
K= 681
13430.9857143
K= 682
17.9098039214
K= 683
36.7603241917
K= 684
4588.0
K= 685
202.583333333
K= 686
9.04329004313
K= 687
341.347774812
K= 688
4878.14880952
K= 689
365.05495377
K= 690
4762.58108994
K= 691
4916.65
K= 692
7.00528309401
K= 693
4301.75
K= 694
12.5166666666
K= 695
2580.97937755
K= 696
12.5999999999
K= 697
11659.628079
K= 698
4301.75
K= 699
20.7039283499
K= 700
4888.48231278
K= 701
694.099151076
K= 702
4479.56666667
K= 703
9.67167919793
K= 704
4490.70392835
K= 705
22.7039283499
K= 706
8588.0
K= 707
4301.75
K= 708
127.0
K= 709
10.0845238095
K= 710
4936.0 , Degree=0
K= 711
12.4095238094
K= 712
4133.0
K= 713
77.7987537814
K= 714
4621.0
K= 715
8593.0
K= 716
13.5166666666
K= 717
4750.91666667
K= 718
4483.40952381
K= 719
12.5166666666
K= 720
9.1053128026
K= 721
4133.0
K= 722
12.5166666666
K= 723
2530.91220518
K= 724
51.3424242423
K= 725
19.6764705882
K= 726
5678.66684369
K= 727
308.0
K= 728
4691.75833333
K= 729
44.0635283425
K= 730
12.5999999999
K= 731
4868.01532912
K= 732
4846.6206836
K= 733
202.583333333
K= 734
25.45
K= 735
4476.23917749
K= 736
4479.86904762
K= 737
4811.86825397
K= 738
157.0
K= 739
596.642857143
K= 740
4888.80535021
K= 741
11.8666666666
K= 742
4525.25872757
K= 743
10.6913419912
K= 744
4611.0
K= 745
4481.2
K= 746
10.7619047617
K= 747
20.7039283499
K= 748
5678.14695573
K= 749
78.1333333334
K= 750
7.48206880828
K= 751
13.9000407
K= 752
270.379761905
K= 753
4836.12344902
K= 754
11682.2422738
K= 755
22.8611473901
K= 756
117.333333333
K= 757
600.0
K= 758
2652.35812248
K= 759
162.7
K= 760
168.083333333
K= 761
4722.88205856
K= 762
8602.0
K= 763
4936.0 , Degree=0
K= 764
8610.0
K= 765
20.2301425663
K= 766
4133.0
K= 767
20.7039283499
K= 768
81.1164305491
K= 769
8.9655168904
K= 770
4849.30361018
K= 771
4490.81908257
K= 772
27.6833333332
K= 773
372.917730418
K= 774
28.8199429072
K= 775
4489.99719062
K= 776
20.7039283499
K= 777
8603.0
K= 778
4640.94329004
K= 779
134.5
K= 780
13.9952380952
K= 781
4487.47184096
K= 782
4400.75079365
K= 783
10.6971390811
K= 784
5060.80656989
K= 785
4861.50711788
K= 786
19.249849946
K= 787
105.5
K= 788
21.9333333332
K= 789
7.0
K= 790
10.8690476189
K= 791
4913.44285714
K= 792
443.78963259
K= 793
446.540047757
K= 794
6.60828876996
K= 795
141.0
K= 796
4672.91912805
K= 797
199.592261905
K= 798
8549.75
K= 799
323.750793651
K= 800
4762.58108994
K= 801
4166.0
K= 802
4490.70392835
K= 803
9.00718355714
K= 804
4478.97108597
K= 805
12.0166666666
K= 806
6.4147459165
K= 807
19.7940419228
K= 808
192.866666667
K= 809
4482.01666667
K= 810
4876.96150794
K= 811
4133.0
K= 812
8.67662337655
K= 813
5676.72839513
K= 814
202.333333333
K= 815
4166.0
K= 816
160.99752886
K= 817
4301.75
K= 818
4478.64795472
K= 819
4488.47184096
K= 820
4656.58333333
K= 821
157.0
K= 822
4936.0 , Degree=0
K= 823
12.5166666666
K= 824
4829.72503823
K= 825
27.5999999999
K= 826
380.233155965
K= 827
6045.90761627
K= 828
15.3603174603
K= 829
146.979761905
K= 830
108.5
K= 831
142.0
K= 832
14.936111111
K= 833
20.7039283499
K= 834
10.4952380951
K= 835
20.7039283499
K= 836
4491.86114739
K= 837
32.6585081584
K= 838
31.9999999995
K= 839
9.97142857127
K= 840
8603.0
K= 841
132.0
K= 842
650.942460317
K= 843
27.6111473901
K= 844
4476.54711566
K= 845
4490.70392835
K= 846
7.20265151514
K= 847
4779.87326433
K= 848
186.583333333
K= 849
4133.0
K= 850
11.8666666666
K= 851
141.0
K= 852
23.0333333331
K= 853
4789.06693043
K= 854
11662.6018525
K= 855
5183.26046176
K= 856
12.4095238094
K= 857
12.5166666666
K= 858
20.2039283499
K= 859
163.0
K= 860
35.5044292256
K= 861
304.195005104
K= 862
8547.5
K= 863
7.08516483486
K= 864
12.5166666666
K= 865
41.2095596781
K= 866
4618.0
K= 867
4133.0
K= 868
4936.0 , Degree=0
K= 869
4479.31904762
K= 870
4601.75079365
K= 871
6220.71427051
K= 872
20.7039283499
K= 873
116.0
K= 874
44.0635283425
K= 875
20.7039283499
K= 876
33.2239435323
K= 877
4919.66792929
K= 878
4793.75079365
K= 879
4842.18333333
K= 880
2748.50830568
K= 881
131.5
K= 882
8.27110389608
K= 883
4490.70392835
K= 884
4490.70392835
K= 885
11.0166666666
K= 886
4744.0
K= 887
4490.70392835
K= 888
381.461111111
K= 889
33.4666666666
K= 890
8.90000000002
K= 891
4241.10040508
K= 892
7.61540214159
K= 893
76.3697502189
K= 894
141.0
K= 895
4872.23968254
K= 896
9.00718355714
K= 897
4659.21059569
K= 898
4626.0
K= 899
20.7039283499
K= 900
17.6145299145
K= 901
143.0
K= 902
4166.0
K= 903
4301.75
K= 904
9.00718355714
K= 905
5328.9080641
K= 906
9.86904761894
K= 907
6.10687742371
K= 908
13.738716356
K= 909
4878.40946276
K= 910
11.7999999998
K= 911
192.866666667
K= 912
202.583333333
K= 913
365.959960649
K= 914
4394.0
K= 915
383.76959292
K= 916
8610.0
K= 917
4679.44047619
K= 918
4490.70392835
K= 919
206.673443996
K= 920
8.18333333323
K= 921
4861.34394636
K= 922
8610.0
K= 923
202.583333333
K= 924
6735.43543265
K= 925
9.27499999979
K= 926
12.4333333333
K= 927
945.063320758
K= 928
180.178571429
K= 929
20.7039283499
K= 930
18.7969187674
K= 931
9.20995670988
K= 932
7.6753968253
K= 933
35.0371602942
K= 934
20.1660922411
K= 935
9.31904761901
K= 936
8610.0
K= 937
21.0610206398
K= 938
549.361694678
K= 939
4861.50711788
K= 940
8597.0
K= 941
20.7039283499
K= 942
5095.60127648
K= 943
409.5
K= 944
4905.80494606
K= 945
53.9677822179
K= 946
19.7039283499
K= 947
31.0981979405
K= 948
4808.41666667
K= 949
8581.0
K= 950
10.0325757575
K= 951
20.7039283499
K= 952
4489.67647059
K= 953
508.111904762
K= 954
4301.75
K= 955
4864.22756868
K= 956
131.0
K= 957
4482.40952381
K= 958
12.5166666666
K= 959
28.6991664452
K= 960
8.92110297107
K= 961
5425.25051055
K= 962
158.0
K= 963
11.8499999999
K= 964
4868.00867928
K= 965
8549.75
K= 966
4490.70392835
K= 967
4133.0
K= 968
4490.07040742
K= 969
22.8611473901
K= 970
8.6857142857
K= 971
487.853593662
K= 972
4793.75079365
K= 973
75.7139530351
K= 974
8581.0
K= 975
4447.75079365
K= 976
136.5
K= 977
8.94166666653
K= 978
4656.58333333
K= 979
56.8641433128
K= 980
4166.0
K= 981
4793.75079365
K= 982
8.6857142857
K= 983
4936.0 , Degree=0
K= 984
4477.62051671
K= 985
421.49780093
K= 986
379.281914377
K= 987
426.800903524
K= 988
4133.0
K= 989
81.1164305491
K= 990
4653.2
K= 991
9.33333333326
K= 992
8610.0
K= 993
20.449206349
K= 994
11.8499999999
K= 995
23.1066503257
K= 996
36.8325618826
K= 997
10.1619047618
K= 998
4481.86666667
K= 999
198.583333333
K= 1000
4301.75
K= 1001
8603.0
K= 1002
8353.5841694
K= 1003
9.86904761894
K= 1004
12.4095238094
K= 1005
20.7039283499
K= 1006
53.823997903
K= 1007
3540.71495297
K= 1008
5.86731649027
K= 1009
4936.0 , Degree=0
K= 1010
4612.0
K= 1011
34.1583452418
K= 1012
6615.12543699
K= 1013
4301.75
K= 1014
2514.73254183
K= 1015
8601.0
K= 1016
11.5952380951
K= 1017
4610.0
K= 1018
4490.70392835
K= 1019
8581.0
K= 1020
8585.0
K= 1021
4301.75
K= 1022
4856.54221889
K= 1023
4579.91560378
K= 1024
11.3499999999
K= 1025
33.2239435323
K= 1026
4480.0952381
K= 1027
4864.63928571
K= 1028
890.484302313
K= 1029
4936.0 , Degree=0
K= 1030
3605.43650742
K= 1031
4993.42857143
K= 1032
12.4095238094
K= 1033
370.732448107
K= 1034
7.72510822501
K= 1035
4611.0
K= 1036
10.0527777778
K= 1037
20.7039283499
K= 1038
49.347645541
K= 1039
4.09999999986
K= 1040
12.219047619
K= 1041
8603.0
K= 1042
6.51013090345
K= 1043
6247.23281346
K= 1044
8815.2
K= 1045
394.766666666
K= 1046
4301.75
K= 1047
63.2407254507
K= 1048
4476.24839397
K= 1049
63.7546532095
K= 1050
4145.16666667
K= 1051
20.7039283499
K= 1052
8603.0
K= 1053
14.507081807
K= 1054
4387.89647808
K= 1055
4502.0
K= 1056
6210.23281346
K= 1057
349.13601918
K= 1058
435.137446449
K= 1059
9.97142857127
K= 1060
12.3815476189
K= 1061
20.1764705882
K= 1062
11.8666666666
K= 1063
145.0
K= 1064
37.1425557641
K= 1065
4847.22756868
K= 1066
90.6214646463
K= 1067
419.524488698
K= 1068
9.56666666653
K= 1069
4764.44231602
K= 1070
10.1619047618
K= 1071
4902.96526251
K= 1072
4619.53333333
K= 1073
22.3849569139
K= 1074
4477.49603175
K= 1075
4692.01532912
K= 1076
15.0186868686
K= 1077
20.7039283499
K= 1078
8.55328282819
K= 1079
4600.0452381
K= 1080
20.7384111085
K= 1081
7.18333333312
K= 1082
11.8666666666
K= 1083
144.0
K= 1084
4872.44047619
K= 1085
11.0119047617
K= 1086
4867.57259858
K= 1087
4872.44047619
K= 1088
12.5166666666
K= 1089
541.286914732
K= 1090
4859.30669192
K= 1091
9.99523809506
K= 1092
35.2023330597
K= 1093
4936.0 , Degree=0
K= 1094
2709.50247086
K= 1095
39.5299338427
K= 1096
4905.94776335
K= 1097
4490.70392835
K= 1098
446.410633484
K= 1099
4936.0 , Degree=0
K= 1100
19.6764705882
K= 1101
4615.2320821
K= 1102
728.534335891
K= 1103
4994.69523809
K= 1104
103.668272283
K= 1105
4886.9089813
K= 1106
9.83333333326
K= 1107
8595.0
K= 1108
4936.0 , Degree=0
K= 1109
4953.40753968
K= 1110
18.3094677869
K= 1111
8596.0
K= 1112
4833.44047619
K= 1113
1161.70227104
K= 1114
20.7039283499
K= 1115
8.08571428561
K= 1116
5684.86124145
K= 1117
11.611111111
K= 1118
34.4079314857
K= 1119
8753.0
K= 1120
4653.5
K= 1121
6612.60337936
K= 1122
6588.13554422
K= 1123
4821.48333333
K= 1124
44.0635283425
K= 1125
4815.69862164
K= 1126
18.3826595686
K= 1127
2928.29477186
K= 1128
4789.89218918
K= 1129
20.7039283499
K= 1130
8602.0
K= 1131
323.750793651
K= 1132
110.0
K= 1133
20.7039283499
K= 1134
4793.75079365
K= 1135
10.638095238
K= 1136
4301.75
K= 1137
91.0894105891
K= 1138
4378.33333333
K= 1139
20.7039283499
K= 1140
4480.76666667
K= 1141
4229.0
K= 1142
4145.16666667
K= 1143
116.0
K= 1144
4568.77361111
K= 1145
171.0
K= 1146
8599.0
K= 1147
9.68571428559
K= 1148
4936.0 , Degree=0
K= 1149
4793.75079365
K= 1150
6.40272642381
K= 1151
4894.08383145
K= 1152
341.544420019
K= 1153
4936.0 , Degree=0
K= 1154
194.583333333
K= 1155
10.6999999998
K= 1156
303.636117118
K= 1157
5209.73095238
K= 1158
201.116208791
K= 1159
4301.75
K= 1160
4642.0
K= 1161
8.8444444444
K= 1162
4853.92352763
K= 1163
54.8984108598
K= 1164
4519.48016281
K= 1165
4936.0 , Degree=0
K= 1166
29.3100828447
K= 1167
4498.85923482
K= 1168
108.347545605
K= 1169
4379.0
K= 1170
19.9971906164
K= 1171
20.7039283499
K= 1172
4833.9006622
K= 1173
4687.33575525
K= 1174
140.0
K= 1175
4696.96904762
K= 1176
425.381123409
K= 1177
4936.0 , Degree=0
K= 1178
58.1871197801
K= 1179
44.0022281052
K= 1180
11.9214536339
K= 1181
4667.94975857
K= 1182
27.7162337662
K= 1183
109.0
K= 1184
22.1328571428
K= 1185
8602.0
K= 1186
350.879761905
K= 1187
15.0695526694
K= 1188
4481.86666667
K= 1189
4600.75079365
K= 1190
33.0137191265
K= 1191
202.583333333
K= 1192
4827.39058116
K= 1193
4936.0 , Degree=0
K= 1194
4665.32038085
K= 1195
6527.79016768
K= 1196
4936.0 , Degree=0
K= 1197
20.7039283499
K= 1198
11.7999999998
K= 1199
4476.09494949
K= 1200
4133.0
Betweenness Centrality Improvement
[ 21.60340189   9.26666667  12.40952381 ...,   0.           0.           0.        ]
Top 20 BC Improvement
[ 681  416  364  754  341  419  854  697  138  639  594  163  421  564 1044
  196 1119  916  936  161]
Top 20 BC Improvement
[ 13430.98571429  12433.66666667  11689.60514294  11682.24227384
  11677.78763001  11674.62604569  11662.60185246  11659.62807904
  11655.28513709   9607.40272964   9311.16666667   8961.70392835
   8956.86996882   8951.58398763   8815.2          8779.14285714   8753.
   8610.           8610.           8610.        ]
