txValue= 10000
Input graph
IGRAPH D--- 4619 68733 -- 
+ attr: pub_key (v), base_fee (e), capacity (e), fee_rate (e), txCost (e)
None
Graph after edges deleted
IGRAPH D--- 4619 68697 -- 
+ attr: pub_key (v), base_fee (e), capacity (e), fee_rate (e), txCost (e)
None
Our nodes starting connections: 
(4618, 2796)
(4618, 1223)
(4618, 1163)
(4618, 498)
(4618, 3265)
(4618, 1589)
CurrentBC of our node:  956113.199439
K= 1200
4133.0
K= 1201
361.111160709
K= 1202
8947.32700983
K= 1203
4133.0
K= 1204
4480.21827759
K= 1205
4301.75
K= 1206
8.42187257181
K= 1207
380.327307023
K= 1208
22.8611473901
K= 1209
21.7717902266
K= 1210
20.5583333333
K= 1211
11.8666666666
K= 1212
8.13956043939
K= 1213
198.583333333
K= 1214
4481.36666667
K= 1215
68.1728937731
K= 1216
70.0447052948
K= 1217
4936.0 , Degree=0
K= 1218
20.5952380953
K= 1219
3566.66638667
K= 1220
7.69188034185
K= 1221
202.583333333
K= 1222
20.2039283499
K= 1223
28.761296014
K= 1224
8.18333333323
K= 1225
10.6952380951
K= 1226
4624.0
K= 1227
4846.01532912
K= 1228
76.3675222722
K= 1229
8402.0
K= 1230
20.7039283499
K= 1231
20.2143939392
K= 1232
22.8611473901
K= 1233
11.7999999998
K= 1234
186.533333333
K= 1235
4608.0
K= 1236
12.7999999998
K= 1237
4864.63928571
K= 1238
180.349146623
K= 1239
18.2854726894
K= 1240
156.0
K= 1241
1111.30543967
K= 1242
8588.0
K= 1243
8779.14285714
K= 1244
4849.25163472
K= 1245
4490.70392835
K= 1246
17.778174603
K= 1247
4011.89828263
K= 1248
151.966439116
K= 1249
24.1049955118
K= 1250
6.6879227052
K= 1251
4601.0
K= 1252
47.5446477192
K= 1253
375.413562255
K= 1254
8610.0
K= 1255
4959.28412698
K= 1256
4685.12344902
K= 1257
8.6857142857
K= 1258
4833.44047619
K= 1259
4936.0 , Degree=0
K= 1260
27.9290290776
K= 1261
53.6498015873
K= 1262
5677.93267002
K= 1263
12.4333333333
K= 1264
8598.0
K= 1265
20.7039283499
K= 1266
4612.0
K= 1267
2524.23968991
K= 1268
4861.89683944
K= 1269
20.7039283499
K= 1270
4860.98015873
K= 1271
6.08333333326
K= 1272
30.9957697156
K= 1273
32.6612437925
K= 1274
4490.70392835
K= 1275
13.2345779219
K= 1276
4833.31507828
K= 1277
4896.86975375
K= 1278
23.4756410255
K= 1279
34.1591131091
K= 1280
14.9185784974
K= 1281
4509.17485272
K= 1282
4301.75
K= 1283
201.583333333
K= 1284
20.7039283499
K= 1285
21.6908589471
K= 1286
74.5830006542
K= 1287
20.7039283499
K= 1288
4802.50711788
K= 1289
20.1900432901
K= 1290
20.7039283499
K= 1291
4696.92809889
K= 1292
4735.40958336
K= 1293
8593.0
K= 1294
12.0166666666
K= 1295
142.0
K= 1296
5095.60127648
K= 1297
4618.0
K= 1298
4447.75079365
K= 1299
153.765137434
K= 1300
7.20265151514
K= 1301
4139.5
K= 1302
4699.70013409
K= 1303
8603.0
K= 1304
10.0845238095
K= 1305
4478.55793651
K= 1306
4475.96701747
K= 1307
4562.91773042
K= 1308
10.1619047618
K= 1309
434.792508807
K= 1310
9.31904761901
K= 1311
9.16161616158
K= 1312
73.4721537386
K= 1313
982.817104063
K= 1314
4133.0
K= 1315
465.6
K= 1316
372.917730418
K= 1317
17.0166666666
K= 1318
18.4718409585
K= 1319
5095.60127648
K= 1320
11676.1826463
K= 1321
4904.66666667
K= 1322
4878.46071429
K= 1323
34.1583452418
K= 1324
357.634630223
K= 1325
12.2666666666
K= 1326
12.0999999999
K= 1327
29.7333333333
K= 1328
141.0
K= 1329
8601.0
K= 1330
4475.62132897
K= 1331
441.965262515
K= 1332
4846.01532912
K= 1333
11.8666666666
K= 1334
4867.50711788
K= 1335
4050.73333333
K= 1336
20.7039283499
K= 1337
40.4078566999
K= 1338
11.8666666666
K= 1339
44.7222947803
K= 1340
4490.70392835
K= 1341
415.577651515
K= 1342
153.5
K= 1343
104.457142857
K= 1344
4873.86680227
K= 1345
4936.0 , Degree=0
K= 1346
24.7256674804
K= 1347
4835.51519952
K= 1348
78.7428571431
K= 1349
4490.70392835
K= 1350
8.36904761894
K= 1351
10.9999999999
K= 1352
227.885271326
K= 1353
600.0
K= 1354
11.3666666666
K= 1355
9.00718355714
K= 1356
33.4497035505
K= 1357
982.817104063
K= 1358
6.99523809506
K= 1359
3080.20744498
K= 1360
376.440105267
K= 1361
20.7039283499
K= 1362
4918.93716931
K= 1363
90.5320942448
K= 1364
4479.4
K= 1365
4149.0
K= 1366
20.7039283499
K= 1367
33.4668258027
K= 1368
4767.91773042
K= 1369
6467.27268523
K= 1370
16.3047619045
K= 1371
8.28592074581
K= 1372
140.5
K= 1373
4507.20954601
K= 1374
4936.0 , Degree=0
K= 1375
49.9940348539
K= 1376
12.5166666666
K= 1377
20.0207390648
K= 1378
17.6700757574
K= 1379
9.20995670988
K= 1380
12.4095238094
K= 1381
8936.28892496
K= 1382
11.7999999998
K= 1383
13.5818181817
K= 1384
4784.44231602
K= 1385
4854.15708789
K= 1386
4867.50711788
K= 1387
8610.0
K= 1388
8595.0
K= 1389
4793.75079365
K= 1390
320.875274725
K= 1391
4133.0
K= 1392
308.805230397
K= 1393
4936.0 , Degree=0
K= 1394
19.8809523807
K= 1395
4011.20517153
K= 1396
4566.60230314
K= 1397
68.8
K= 1398
124.5
K= 1399
4301.75
K= 1400
370.949758575
K= 1401
202.583333333
K= 1402
20.7039283499
K= 1403
4813.33968254
K= 1404
8754.0
K= 1405
17.8779127306
K= 1406
4480.06666667
K= 1407
12.5999999999
K= 1408
4821.94975857
K= 1409
4815.68095238
K= 1410
4301.75
K= 1411
297.668951779
K= 1412
4603.33333333
K= 1413
4799.12344902
K= 1414
134.116883117
K= 1415
4303.0
K= 1416
70.0447052948
K= 1417
7.88632478623
K= 1418
4817.74550523
K= 1419
11.1999999998
K= 1420
3350.54171606
K= 1421
4853.46250955
K= 1422
11.4623880626
K= 1423
141.0
K= 1424
20.7039283499
K= 1425
7.99670329655
K= 1426
150.5
K= 1427
4810.19880193
K= 1428
8298.66833902
K= 1429
4225.68092307
K= 1430
14.7497076023
K= 1431
4490.70392835
K= 1432
3566.08570038
K= 1433
11.0119047618
K= 1434
4490.70392835
K= 1435
90.6214646463
K= 1436
4863.6989232
K= 1437
4822.2852938
K= 1438
20.2039283499
K= 1439
578.063185567
K= 1440
4475.83333333
K= 1441
4133.0
K= 1442
11.5999999999
K= 1443
8549.75
K= 1444
218.755194805
K= 1445
4833.44047619
K= 1446
4169.0
K= 1447
8549.75
K= 1448
5384.22332151
K= 1449
186.583333333
K= 1450
102.25504967
K= 1451
9.86904761894
K= 1452
4455.0
K= 1453
14.8060818712
K= 1454
11.9095238094
K= 1455
1570.40098736
K= 1456
22.8611473901
K= 1457
8.34329004318
K= 1458
902.956620094
K= 1459
29.1857779624
K= 1460
321.885531135
K= 1461
4490.70392835
K= 1462
7.05650721816
K= 1463
4838.11746032
K= 1464
4490.70392835
K= 1465
8601.03571429
K= 1466
163.0
K= 1467
4490.70392835
K= 1468
4499.5
K= 1469
11.5952380951
K= 1470
20.7039283499
K= 1471
600.0
K= 1472
124.5
K= 1473
121.5
K= 1474
8610.0
K= 1475
11.8499999999
K= 1476
6.20028860017
K= 1477
203.668377916
K= 1478
4453.75
K= 1479
4284.0
K= 1480
13.1491675266
K= 1481
137.333333333
K= 1482
4632.5
K= 1483
12.5166666666
K= 1484
4486.16190476
K= 1485
4559.0
K= 1486
4166.0
K= 1487
116.0
K= 1488
9.23888888874
K= 1489
12.5166666666
K= 1490
20.8617212173
K= 1491
7.29658119648
K= 1492
143.0
K= 1493
6.39363551477
K= 1494
4581.40958336
K= 1495
145.0
K= 1496
4133.0
K= 1497
4301.75
K= 1498
18.4718409585
K= 1499
13204.0
K= 1500
20.7039283499
K= 1501
9.20952380938
K= 1502
4871.56666667
K= 1503
4903.65
K= 1504
10.6202380951
K= 1505
20.7039283499
K= 1506
4859.21176211
K= 1507
9.16666666651
K= 1508
17650.0
K= 1509
4301.75
K= 1510
4301.75
K= 1511
4283.0
K= 1512
4391.53823743
K= 1513
4477.1
K= 1514
12.3261904761
K= 1515
4430.75079365
K= 1516
243.023809524
K= 1517
7124.02588102
K= 1518
323.286976912
K= 1519
315.53219303
K= 1520
4505.98609626
K= 1521
4301.75
K= 1522
50.2869103587
K= 1523
50.1005244754
K= 1524
27.5166666666
K= 1525
4490.70392835
K= 1526
120.333333333
K= 1527
15.8329670328
K= 1528
20.8705950166
K= 1529
20.7039283499
K= 1530
25.4274107212
K= 1531
9.00718355714
K= 1532
8599.0
K= 1533
4830.46250955
K= 1534
4513.42982129
K= 1535
11.2530514679
K= 1536
4133.0
K= 1537
6.3913650075
K= 1538
8600.70192308
K= 1539
8.4357142857
K= 1540
6.24909812398
K= 1541
62.3600066554
K= 1542
4145.16666667
K= 1543
9.54166666663
K= 1544
12.8063492063
K= 1545
141.0
K= 1546
5.98491517932
K= 1547
4936.0 , Degree=0
K= 1548
20.7039283499
K= 1549
4601.75079365
K= 1550
8602.0
K= 1551
409.193001443
K= 1552
18.6380952379
K= 1553
4619.0
K= 1554
4793.75079365
K= 1555
282.0
K= 1556
9.21666666667
K= 1557
21.9988692608
K= 1558
19.1772301227
K= 1559
5096.60127648
K= 1560
20.7039283499
K= 1561
4301.75
K= 1562
130.333333333
K= 1563
33.6937860511
K= 1564
136.0
K= 1565
5415.58384388
K= 1566
12.5166666666
K= 1567
5610.56222725
K= 1568
4603.91666667
K= 1569
19.6571428571
K= 1570
6.41699012998
K= 1571
4490.70392835
K= 1572
141.0
K= 1573
8951.0
K= 1574
6.79199381697
K= 1575
8603.0
K= 1576
9.97142857127
K= 1577
4936.0 , Degree=0
K= 1578
14.3077380951
K= 1579
4868.7765873
K= 1580
20.0372616833
K= 1581
538.536525974
K= 1582
4542.2
K= 1583
4301.75
K= 1584
4301.75
K= 1585
497.61547619
K= 1586
9.83333333326
K= 1587
15.3288613691
K= 1588
6.0
K= 1589
3.40086826484
K= 1590
51.1484394347
K= 1591
4878.14880952
K= 1592
5262.63146293
K= 1593
4815.69862164
K= 1594
22.8611473901
K= 1595
4812.78733766
K= 1596
4936.0 , Degree=0
K= 1597
8610.0
K= 1598
37.4390186021
K= 1599
17650.0
K= 1600
4301.75
K= 1601
11.7999999998
K= 1602
4936.0 , Degree=0
K= 1603
12.4333333333
K= 1604
10.2249750248
K= 1605
4654.03932332
K= 1606
17202.0
K= 1607
163.0
K= 1608
10.7666666666
K= 1609
4301.75
K= 1610
16.9528138527
K= 1611
20.7039283499
K= 1612
20.6764705882
K= 1613
6.452614379
K= 1614
4133.0
K= 1615
4509.05566421
K= 1616
22.471232656
K= 1617
4767.91773042
K= 1618
8.96869796852
K= 1619
4476.16904762
K= 1620
12.4666666666
K= 1621
12.5166666666
K= 1622
8618.86114739
K= 1623
8603.0
K= 1624
3061.81729811
K= 1625
4128.0
K= 1626
32.7809831316
K= 1627
12717.3333333
K= 1628
8093.65599718
K= 1629
4480.60634921
K= 1630
548.258333333
K= 1631
11961.5023088
K= 1632
4874.00800588
K= 1633
4905.00606061
K= 1634
4840.13908581
K= 1635
9.3444444444
K= 1636
16.3267220279
K= 1637
157.0
K= 1638
4889.20448423
K= 1639
4767.91773042
K= 1640
17.3053724053
K= 1641
8511.0
K= 1642
4492.86114739
K= 1643
11.8499999999
K= 1644
8.97142857127
K= 1645
4867.50711788
K= 1646
4301.75
K= 1647
4601.75079365
K= 1648
11758.7125789
K= 1649
30.4257620448
K= 1650
4740.06693043
K= 1651
12.5999999999
K= 1652
4842.17125652
K= 1653
4642.2320821
K= 1654
4480.07072829
K= 1655
142.0
K= 1656
12.5166666666
K= 1657
13087.0
K= 1658
24.256262247
K= 1659
7.97222222213
K= 1660
11.2
K= 1661
4793.75079365
K= 1662
8610.0
K= 1663
4611.75206249
K= 1664
4866.56666667
K= 1665
8.55920329655
K= 1666
696.903403483
K= 1667
4490.70392835
K= 1668
20.7039283499
K= 1669
4479.00718356
K= 1670
11.3155666945
K= 1671
4746.38100462
K= 1672
4133.0
K= 1673
4477.83888889
K= 1674
491.282142857
K= 1675
40.2848751094
K= 1676
45.0904761904
K= 1677
19.0
K= 1678
26.4298701296
K= 1679
8603.0
K= 1680
526.436869261
K= 1681
6.10039738182
K= 1682
358.685896471
K= 1683
4891.53571429
K= 1684
4863.6989232
K= 1685
8.71994949493
K= 1686
4301.75
K= 1687
20.7039283499
K= 1688
12.5166666666
K= 1689
6.78333333321
K= 1690
34.0
K= 1691
12.1310457516
K= 1692
160.0
K= 1693
26.9907239561
K= 1694
4936.0 , Degree=0
K= 1695
4133.0
K= 1696
359.629758634
K= 1697
315.709577922
K= 1698
434.2
K= 1699
10.0527777778
K= 1700
9627.62338008
K= 1701
4586.4162776
K= 1702
4884.20343497
K= 1703
12.5999999999
K= 1704
4490.70392835
K= 1705
4559.0
K= 1706
410.662024318
K= 1707
4482.00669856
K= 1708
7.69882478623
K= 1709
4490.70392835
K= 1710
4479.16904762
K= 1711
2886.687001
K= 1712
438.088997114
K= 1713
4488.51666667
K= 1714
20.7039283499
K= 1715
4793.75079365
K= 1716
8598.34533147
K= 1717
34.5288440725
K= 1718
12.4666666666
K= 1719
4092.24855047
K= 1720
9.30238095217
K= 1721
8603.0
K= 1722
15.5838744588
K= 1723
8601.0
K= 1724
13.4277777777
K= 1725
20.5237812911
K= 1726
381.70122851
K= 1727
8815.0
K= 1728
20.7039283499
K= 1729
4682.30208933
K= 1730
4904.91666667
K= 1731
8585.0
K= 1732
4126.0
K= 1733
11.1999999998
K= 1734
6.65128933836
K= 1735
4861.50711788
K= 1736
4166.0
K= 1737
9.8444444444
K= 1738
4868.84126984
K= 1739
45.7580090661
K= 1740
9.02380952367
K= 1741
4591.88155857
K= 1742
4797.45172548
K= 1743
4911.23333333
K= 1744
10.9124854789
K= 1745
56.815425506
K= 1746
148.0
K= 1747
4858.12344902
K= 1748
7.58632478619
K= 1749
25.0333333331
K= 1750
4482.51666667
K= 1751
10.3084415583
K= 1752
111.0
K= 1753
4265.5
K= 1754
8602.0
K= 1755
9.2876082249
K= 1756
18.0
K= 1757
4827.99366321
K= 1758
4794.07187819
K= 1759
4726.39761905
K= 1760
11689.3580257
K= 1761
9.17777777766
K= 1762
7.40473688359
K= 1763
4811.86825397
K= 1764
10.6999999998
K= 1765
5001.57857143
K= 1766
185.583333333
K= 1767
4301.75
K= 1768
4479.15714286
K= 1769
9.15714285709
K= 1770
139.0
K= 1771
17.6888888887
K= 1772
4150.0
K= 1773
8610.0
K= 1774
20.7039283499
K= 1775
4936.0 , Degree=0
K= 1776
52.7707796287
K= 1777
4511.0
K= 1778
134.0
K= 1779
4490.70392835
K= 1780
4745.44577225
K= 1781
4878.94130592
K= 1782
21.9333333333
K= 1783
6.91302294191
K= 1784
4473.07892835
K= 1785
8601.0
K= 1786
4246.29967179
K= 1787
127.0
K= 1788
12.7452380951
K= 1789
4301.75
K= 1790
170.537347978
K= 1791
9.36590909073
K= 1792
4936.0 , Degree=0
K= 1793
12.0166666666
K= 1794
6.85725838703
K= 1795
137.5
K= 1796
3971.63636883
K= 1797
15.7583466991
K= 1798
38.2185601394
K= 1799
34.7285714286
K= 1800
20.7039283499
K= 1801
117.547619048
K= 1802
8554.0
K= 1803
4481.36666667
K= 1804
9.05238095229
K= 1805
11653.3570563
K= 1806
21.7039283499
K= 1807
20.7039283499
K= 1808
96.6235392699
K= 1809
8.31190476182
K= 1810
20.7039283499
K= 1811
18.875
K= 1812
8601.0
K= 1813
24.8444444444
K= 1814
9.16904761898
K= 1815
23.7865079365
K= 1816
4784.91794059
K= 1817
6621.73766391
K= 1818
9.82857142831
K= 1819
397.135324158
K= 1820
13423.4761905
K= 1821
8.45476190466
K= 1822
20.7039283499
K= 1823
4793.75079365
K= 1824
4423.17586263
K= 1825
8610.0
K= 1826
9535.2288363
K= 1827
30.6977640179
K= 1828
494.206870155
K= 1829
12.4095238094
K= 1830
142.0
K= 1831
71.5441308692
K= 1832
20.7039283499
K= 1833
4861.50711788
K= 1834
4887.9574642
K= 1835
4479.83333333
K= 1836
5095.60127648
K= 1837
187.533333333
K= 1838
34.0674361509
K= 1839
15.9952380951
K= 1840
8.83088098804
K= 1841
40.2433545985
K= 1842
65.3723002683
K= 1843
12.2666666666
K= 1844
4761.75141329
K= 1845
11.5999999999
K= 1846
20.7039283499
K= 1847
8598.0
K= 1848
43.2007832445
K= 1849
12.0166666666
K= 1850
10.4952380951
K= 1851
4301.75
K= 1852
16.7779620544
K= 1853
4204.0
K= 1854
133.0
K= 1855
400.931250028
K= 1856
11.1999999998
K= 1857
4479.97142857
K= 1858
44.0635283425
K= 1859
4767.91773042
K= 1860
4301.75
K= 1861
4649.03333333
K= 1862
538.536525974
K= 1863
8542.0
K= 1864
24.5333333331
K= 1865
4842.2852938
K= 1866
41.8809113299
K= 1867
146.0
K= 1868
4301.75
K= 1869
155.318181818
K= 1870
156.0
K= 1871
7.63864733151
K= 1872
15.0570112894
K= 1873
4301.75
K= 1874
6.22238766961
K= 1875
4598.52142857
K= 1876
8602.0
K= 1877
12.5685181789
K= 1878
13.5
K= 1879
8.67662337655
K= 1880
130.353766499
K= 1881
8598.0
K= 1882
10.0416666666
K= 1883
12.5166666666
K= 1884
130.0
K= 1885
4478.71994949
K= 1886
11688.2394624
K= 1887
13.1166666666
K= 1888
11.7999999998
K= 1889
370.949758574
K= 1890
4936.0 , Degree=0
K= 1891
4582.0
K= 1892
9.71904761903
K= 1893
8610.0
K= 1894
4480.13519438
K= 1895
449.166666666
K= 1896
4612.0
K= 1897
4847.52950614
K= 1898
5095.60127648
K= 1899
9.86904761894
K= 1900
210.427040026
K= 1901
4454.0
K= 1902
9.22222222213
K= 1903
8595.0
K= 1904
3027.77916295
K= 1905
7.3073083777
K= 1906
20.2039283499
K= 1907
23.7000142087
K= 1908
4478.97510823
K= 1909
28.3663341758
K= 1910
10.6063492063
K= 1911
11.8666666666
K= 1912
8.3023809524
K= 1913
20.7039283499
K= 1914
525.928571428
K= 1915
323.465079365
K= 1916
4655.58333333
K= 1917
20.7039283499
K= 1918
6.86159844045
K= 1919
4888.97428316
K= 1920
4860.34394636
K= 1921
4811.86825397
K= 1922
186.583333333
K= 1923
5133.52973088
K= 1924
7.18924115086
K= 1925
10.638095238
K= 1926
4167.0
K= 1927
492.284126985
K= 1928
5738.18081447
K= 1929
9.20952380938
K= 1930
119.785569513
K= 1931
22.0451989346
K= 1932
873.595389362
K= 1933
4833.44047619
K= 1934
142.0
K= 1935
137.0
K= 1936
63.1437559908
K= 1937
19.2334325396
K= 1938
12.5999999999
K= 1939
11.3666666666
K= 1940
4549.0
K= 1941
33.6815336477
K= 1942
4806.61105245
K= 1943
178.106501641
K= 1944
8603.0
K= 1945
4588.0
K= 1946
10.0666666665
K= 1947
27.8618230867
K= 1948
4509.23214286
K= 1949
29.1056571929
K= 1950
404.071950339
K= 1951
4793.75079365
K= 1952
4301.75
K= 1953
4869.68333333
K= 1954
7.02079293237
K= 1955
4371.0
K= 1956
411.401696377
K= 1957
6.29883289116
K= 1958
21.0237812911
K= 1959
589.631666667
K= 1960
383.50887618
K= 1961
20.7039283499
K= 1962
4478.20995671
K= 1963
11.4285714284
K= 1964
4895.59206349
K= 1965
7.68895636522
K= 1966
4301.75
K= 1967
158.0
K= 1968
4868.08678168
K= 1969
302.244047619
K= 1970
197.9
K= 1971
60.164916122
K= 1972
4861.50711788
K= 1973
202.583333333
K= 1974
4133.0
K= 1975
4133.0
K= 1976
38.1593955879
K= 1977
768.033206608
K= 1978
4767.91773042
K= 1979
8945.89844385
K= 1980
169.2
K= 1981
9.31904761901
K= 1982
20.7039283499
K= 1983
9579.32641151
K= 1984
107.0
K= 1985
12.4333333333
K= 1986
4497.87326433
K= 1987
2855.36546006
K= 1988
75.9238095238
K= 1989
4133.0
K= 1990
4479.16190476
K= 1991
4835.2320821
K= 1992
175.583333333
K= 1993
24.7166666667
K= 1994
5095.60127648
K= 1995
202.583333333
K= 1996
4833.44047619
K= 1997
20.7023809522
K= 1998
8.21994949493
K= 1999
20.7039283499
K= 2000
10.1619047618
K= 2001
4873.56666667
K= 2002
4840.13908581
K= 2003
4301.75
K= 2004
4948.58333333
K= 2005
12.4095238094
K= 2006
270.0
K= 2007
4686.24680356
K= 2008
5001.57857143
K= 2009
144.0
K= 2010
6.97150721808
K= 2011
105.5
K= 2012
11.4
K= 2013
7.27257448412
K= 2014
7.33003662992
K= 2015
4793.75079365
K= 2016
111.784482758
K= 2017
33.482074752
K= 2018
20.1992424242
K= 2019
12.5999999999
K= 2020
11.5952380951
K= 2021
12.5166666666
K= 2022
4566.91773042
K= 2023
8.01666666649
K= 2024
4582.25
K= 2025
1400.41006713
K= 2026
4793.75079365
K= 2027
478.25
K= 2028
11.7999999998
K= 2029
4863.46071429
K= 2030
24.0886904761
K= 2031
6.6734006732
K= 2032
17900.6956422
K= 2033
26.8666666666
K= 2034
4904.30238095
K= 2035
4892.42857143
K= 2036
40.3142807384
K= 2037
112.0
K= 2038
4995.34523809
K= 2039
4133.0
K= 2040
64.5580461208
K= 2041
4301.75
K= 2042
43.0702157905
K= 2043
3771.78717103
K= 2044
54.0447052948
K= 2045
225.0
K= 2046
8598.75
K= 2047
19.6571428571
K= 2048
8610.0
K= 2049
24.5333333331
K= 2050
20.7039283499
K= 2051
8549.75
K= 2052
4490.66045009
K= 2053
4490.70392835
K= 2054
20.7039283499
K= 2055
8523.0
K= 2056
415.698088023
K= 2057
4830.46250955
K= 2058
18.1407894735
K= 2059
11644.5395363
K= 2060
4824.13908581
K= 2061
656.703753538
K= 2062
10.6718725717
K= 2063
10.0666666665
K= 2064
4867.50711788
K= 2065
4132.0
K= 2066
9.26666666649
K= 2067
31.7143841188
K= 2068
394.397910831
K= 2069
4544.87326433
K= 2070
11674.6194996
K= 2071
11.7999999998
K= 2072
7.29848484835
K= 2073
3690.50303398
K= 2074
20.2039283499
K= 2075
4816.74550523
K= 2076
20.7039283499
K= 2077
162.15
K= 2078
12.5166666666
K= 2079
4936.0 , Degree=0
K= 2080
4850.13917096
K= 2081
9.17662337655
K= 2082
4867.57259858
K= 2083
4477.5156746
K= 2084
44.0635283425
K= 2085
19.6764705882
K= 2086
5095.60127648
K= 2087
18212.4869048
K= 2088
4856.93115357
K= 2089
53.7440476189
K= 2090
20.0704074152
K= 2091
5337.29688671
K= 2092
4878.75406575
K= 2093
484.0
K= 2094
304.366595833
K= 2095
8950.07142857
K= 2096
359.733791724
K= 2097
18.2388546683
K= 2098
459.266666666
K= 2099
4802.50711788
K= 2100
4936.0 , Degree=0
K= 2101
314.973993008
K= 2102
4133.0
K= 2103
4623.0
K= 2104
199.583333333
K= 2105
8588.0
K= 2106
4898.23333333
K= 2107
4821.94975857
K= 2108
2792.00013539
K= 2109
4484.71428571
K= 2110
627.36140348
K= 2111
4478.8014763
K= 2112
4936.0 , Degree=0
K= 2113
10.0952380951
K= 2114
17.4550000001
K= 2115
4881.85555556
K= 2116
14.5995310245
K= 2117
4936.0 , Degree=0
K= 2118
8.21507936495
K= 2119
61.7269230768
K= 2120
4133.0
K= 2121
8610.0
K= 2122
17.4479365079
K= 2123
4621.0
K= 2124
141.125591068
K= 2125
4266.47160439
K= 2126
4936.0 , Degree=0
K= 2127
204.422619048
K= 2128
375.724423307
K= 2129
4392.33333333
K= 2130
20.7039283499
K= 2131
11.8499999999
K= 2132
4606.0
K= 2133
39.8185185185
K= 2134
21.5526695527
K= 2135
4504.15834524
K= 2136
4301.75
K= 2137
29.1056571929
K= 2138
41.033283383
K= 2139
4301.75
K= 2140
4477.40972222
K= 2141
357.318010085
K= 2142
4301.75
K= 2143
4490.19924242
K= 2144
4490.70392835
K= 2145
412.165056022
K= 2146
4877.69612978
K= 2147
4476.86904762
K= 2148
357.59294723
K= 2149
4478.65714286
K= 2150
8603.0
K= 2151
4851.2936692
K= 2152
4166.0
K= 2153
4204.0
K= 2154
170.4
K= 2155
4301.75
K= 2156
20.7039283499
K= 2157
20.7039283499
K= 2158
4823.86825397
K= 2159
9295.16666667
K= 2160
4661.69862164
K= 2161
54.3220456729
K= 2162
10.0416666666
K= 2163
10.269047619
K= 2164
8.86904761894
K= 2165
4895.30873016
K= 2166
11.8666666666
K= 2167
424.326190476
K= 2168
4611.0
K= 2169
4633.0
K= 2170
5.44999999995
K= 2171
8597.5
K= 2172
12.9095238094
K= 2173
6587.95282872
K= 2174
5220.80001698
K= 2175
20.7039283499
K= 2176
7.83104575158
K= 2177
11.3666666666
K= 2178
4133.0
K= 2179
19.6764705882
K= 2180
13.5524093695
K= 2181
4617.0
K= 2182
28.1901449274
K= 2183
11.8666666666
K= 2184
4490.70392835
K= 2185
4936.0 , Degree=0
K= 2186
8603.0
K= 2187
18.6524495457
K= 2188
4783.83852814
K= 2189
4622.0
K= 2190
126.088261738
K= 2191
3875.50672276
K= 2192
12.4095238094
K= 2193
16640.3333333
K= 2194
20.7039283499
K= 2195
4139.5
K= 2196
4905.57857143
K= 2197
14.2999999998
K= 2198
11.1999999998
K= 2199
37.2095460097
K= 2200
396.205408187
K= 2201
4772.0
K= 2202
4936.0 , Degree=0
K= 2203
20.9904761905
K= 2204
4450.44105976
K= 2205
8.35317460319
K= 2206
4561.75079365
K= 2207
4562.0
K= 2208
20.7039283499
K= 2209
4859.30669192
K= 2210
461.75
K= 2211
5095.60127648
K= 2212
982.817104063
K= 2213
4301.75
K= 2214
319.066930431
K= 2215
5193.39724328
K= 2216
6045.90761627
K= 2217
20.7039283499
K= 2218
7.95299145288
K= 2219
4301.75
K= 2220
4936.0 , Degree=0
K= 2221
4490.70392835
K= 2222
12732.0
K= 2223
35.2023330597
K= 2224
13492.4445896
K= 2225
4839.20241703
K= 2226
4490.70392835
K= 2227
4301.75
K= 2228
17888.1077179
K= 2229
0.0
K= 2230
4825.40379998
K= 2231
19.5815628816
K= 2232
26.8631543121
K= 2233
4721.91773042
K= 2234
147.333333333
K= 2235
4133.0
K= 2236
4936.0 , Degree=0
K= 2237
9.31682990899
K= 2238
115.0
K= 2239
226.473808231
K= 2240
20.7039283499
K= 2241
376.183820672
K= 2242
18.6888888887
K= 2243
4133.0
K= 2244
4872.44047619
K= 2245
7.56277056271
K= 2246
7.10590781749
K= 2247
10.5721611721
K= 2248
12.5166666666
K= 2249
7.0
K= 2250
722.445963515
K= 2251
2556.46223184
K= 2252
4133.0
K= 2253
5623.17826555
K= 2254
17.5333333331
K= 2255
49.7443181818
K= 2256
325.13930581
K= 2257
8610.0
K= 2258
4133.0
K= 2259
4490.70392835
K= 2260
4936.0 , Degree=0
K= 2261
8.41904761887
K= 2262
8610.0
K= 2263
20.7039283499
K= 2264
12.5166666666
K= 2265
12.2666666666
K= 2266
25.3106442576
K= 2267
8553.5
K= 2268
9.57406841521
K= 2269
4477.0
K= 2270
12.5999999999
K= 2271
4789.4152417
K= 2272
397.744433158
K= 2273
4596.09749695
K= 2274
92.8856593218
K= 2275
4810.58387882
K= 2276
6.04026196024
K= 2277
8609.0
K= 2278
194.75
K= 2279
20.7039283499
K= 2280
4691.75833333
K= 2281
8593.0
K= 2282
8.22943722946
K= 2283
16.1630144365
K= 2284
9.25277777773
K= 2285
4490.10602814
K= 2286
9.92857142841
K= 2287
140.0
K= 2288
20.7039283499
K= 2289
424.075
K= 2290
4924.11736597
K= 2291
21.7499999999
K= 2292
4811.86825397
K= 2293
8610.0
K= 2294
4600.75079365
K= 2295
132.0
K= 2296
2759.53914038
K= 2297
4133.0
K= 2298
20.7039283499
K= 2299
11.5952380951
K= 2300
4936.0 , Degree=0
K= 2301
4879.66847703
K= 2302
19.7619047619
K= 2303
4479.00718356
K= 2304
187.533333333
K= 2305
4802.50711788
K= 2306
7.24670329655
K= 2307
157.0
K= 2308
154.083333333
K= 2309
4475.75623317
K= 2310
4829.0
K= 2311
8610.0
K= 2312
181.616666667
K= 2313
20.7039283499
K= 2314
4802.50711788
K= 2315
4789.89218918
K= 2316
0.0
K= 2317
497.800692641
K= 2318
8.79855232476
K= 2319
480.894705897
K= 2320
27.5166666666
K= 2321
4841.34394636
K= 2322
764.277934288
K= 2323
3387.72212787
K= 2324
462.960569653
K= 2325
9.61666666658
K= 2326
4481.2
K= 2327
4861.50711788
K= 2328
4579.93832973
K= 2329
8603.0
K= 2330
4478.12662338
K= 2331
41.4663840672
K= 2332
239.075595238
K= 2333
14.8468253968
K= 2334
11.8666666666
K= 2335
11.3666666666
K= 2336
4594.0
K= 2337
21.0127253418
K= 2338
5679.14695573
K= 2339
9346.15727595
K= 2340
159.0
K= 2341
4301.75
K= 2342
25.0666666665
K= 2343
319.066930431
K= 2344
4601.75079365
K= 2345
4133.0
K= 2346
1242.61250087
K= 2347
31.9116123092
K= 2348
4656.53333333
K= 2349
8603.0
K= 2350
4936.0 , Degree=0
K= 2351
15.3073593072
K= 2352
4559.0
K= 2353
8554.0
K= 2354
4792.03657703
K= 2355
20.7039283499
K= 2356
179.033333333
K= 2357
4490.70392835
K= 2358
69.5459803354
K= 2359
4453.75
K= 2360
4397.2966885
K= 2361
20.7039283499
K= 2362
4793.75079365
K= 2363
4504.57011803
K= 2364
62.9593570841
K= 2365
489.61547619
K= 2366
70.0447052948
K= 2367
21.2404761905
K= 2368
10.0666666665
K= 2369
8548.0
K= 2370
11.8666666666
K= 2371
4133.0
K= 2372
14.7519118307
K= 2373
160.0
K= 2374
12.5999999999
K= 2375
4609.0
K= 2376
5677.14695573
K= 2377
27.0933204594
K= 2378
4301.75
K= 2379
4611.0
K= 2380
387.100793651
K= 2381
4133.0
K= 2382
11311.2939115
K= 2383
20.7039283499
K= 2384
14.4237693758
K= 2385
19.9001626971
K= 2386
14.6444444443
K= 2387
11678.9871243
K= 2388
20.8833333333
K= 2389
4894.80833333
K= 2390
114.495833333
K= 2391
4554.74285714
K= 2392
12.4333333333
K= 2393
205.632936508
K= 2394
4767.91773042
K= 2395
4490.70392835
K= 2396
309.852910012
K= 2397
20.2039283499
K= 2398
34.1059642894
K= 2399
9.31904761901
K= 2400
4600.0
Betweenness Centrality Improvement
[ 0.  0.  0. ...,  0.  0.  0.]
Top 20 BC Improvement
[2087 2032 2228 1508 1599 1606 2193 2224 1820 1499 1657 2222 1627 1631 1648
 1760 1886 2387 1320 2070]
Top 20 BC Improvement
[ 18212.48690476  17900.69564218  17888.10771788  17650.          17650.
  17202.          16640.33333333  13492.44458956  13423.47619048  13204.
  13087.          12732.          12717.33333333  11961.5023088
  11758.71257886  11689.35802571  11688.23946241  11678.98712427
  11676.18264628  11674.61949955]
