txValue= 10000
Input graph
IGRAPH D--- 4619 68733 -- 
+ attr: pub_key (v), base_fee (e), capacity (e), fee_rate (e), txCost (e)
None
Graph after edges deleted
IGRAPH D--- 4619 68697 -- 
+ attr: pub_key (v), base_fee (e), capacity (e), fee_rate (e), txCost (e)
None
Our nodes starting connections: 
(4618, 2796)
(4618, 1223)
(4618, 1163)
CurrentBC of our node:  795981.35404
K= 1200
4156.0
K= 1201
348.663946012
K= 1202
8947.2562406
K= 1203
4156.0
K= 1204
4480.11533642
K= 1205
4325.75
K= 1206
7.34914529906
K= 1207
368.25140727
K= 1208
21.2130733809
K= 1209
17.7092902266
K= 1210
17.5583333333
K= 1211
10.7666666667
K= 1212
7.08241758228
K= 1213
172.083333333
K= 1214
4481.26666667
K= 1215
34.1062271062
K= 1216
35.7393772893
K= 1217
4936.0 , Degree=0
K= 1218
19.4
K= 1219
3579.92278749
K= 1220
6.62777777773
K= 1221
176.083333333
K= 1222
19.1487812911
K= 1223
28.9279626807
K= 1224
7.11515151511
K= 1225
9.59999999998
K= 1226
4616.0
K= 1227
4831.89221612
K= 1228
68.2008556057
K= 1229
8409.0
K= 1230
19.6487812911
K= 1231
17.125108225
K= 1232
21.2130733809
K= 1233
10.7
K= 1234
175.866666667
K= 1235
4602.0
K= 1236
10.7
K= 1237
4850.64801587
K= 1238
170.9076048
K= 1239
17.0060595102
K= 1240
133.0
K= 1241
1111.44514555
K= 1242
8612.0
K= 1243
8794.14285714
K= 1244
4837.33491898
K= 1245
4490.64878129
K= 1246
16.5222222222
K= 1247
4034.75542549
K= 1248
142.747391497
K= 1249
20.5692812261
K= 1250
5.64318586315
K= 1251
4595.0
K= 1252
44.792266767
K= 1253
361.121101937
K= 1254
8628.0
K= 1255
4941.95555556
K= 1256
4672.70723552
K= 1257
7.60793650791
K= 1258
4822.32142857
K= 1259
4936.0 , Degree=0
K= 1260
26.1568960571
K= 1261
50.7553571427
K= 1262
5608.29315494
K= 1263
11.3333333334
K= 1264
8622.0
K= 1265
19.6487812911
K= 1266
4606.0
K= 1267
2524.32302324
K= 1268
4875.76710971
K= 1269
19.6487812911
K= 1270
4847.40873016
K= 1271
4.08333333326
K= 1272
29.3495518625
K= 1273
30.0255268952
K= 1274
4490.64878129
K= 1275
11.9934523809
K= 1276
4820.77522321
K= 1277
4874.28201927
K= 1278
18.2833333332
K= 1279
31.3456210457
K= 1280
13.8688708951
K= 1281
4508.04376297
K= 1282
4325.75
K= 1283
175.083333333
K= 1284
19.6487812911
K= 1285
19.5900171964
K= 1286
64.8839485699
K= 1287
19.6487812911
K= 1288
4788.68211788
K= 1289
18.0659053591
K= 1290
19.6487812911
K= 1291
4684.15330027
K= 1292
4724.40771234
K= 1293
8617.0
K= 1294
10.9166666666
K= 1295
135.0
K= 1296
5060.15707699
K= 1297
4606.0
K= 1298
4438.51746032
K= 1299
151.384185054
K= 1300
6.14848484832
K= 1301
8609.5
K= 1302
4688.17818464
K= 1303
8627.0
K= 1304
8.99523809517
K= 1305
4477.49749695
K= 1306
4475.94082699
K= 1307
4551.96896159
K= 1308
9.06666666665
K= 1309
421.417234082
K= 1310
8.23571428563
K= 1311
8.08888888883
K= 1312
66.1132838699
K= 1313
981.761957004
K= 1314
4156.0
K= 1315
446.266666667
K= 1316
359.968961594
K= 1317
13.9166666666
K= 1318
17.4718409587
K= 1319
5060.15707699
K= 1320
11708.6826463
K= 1321
4885.16666667
K= 1322
4863.60833333
K= 1323
32.2559616778
K= 1324
340.662641427
K= 1325
11.1666666666
K= 1326
11.0
K= 1327
26.3999999999
K= 1328
134.0
K= 1329
8625.0
K= 1330
4475.60412118
K= 1331
423.811507936
K= 1332
4831.89221612
K= 1333
10.7666666667
K= 1334
4847.68211788
K= 1335
4043.97777778
K= 1336
19.6487812911
K= 1337
39.2975625824
K= 1338
10.7666666667
K= 1339
42.4261467617
K= 1340
4490.64878129
K= 1341
397.577651515
K= 1342
130.5
K= 1343
93.1467032966
K= 1344
4859.82307231
K= 1345
4936.0 , Degree=0
K= 1346
22.6705204216
K= 1347
4824.98662809
K= 1348
74.6761904763
K= 1349
4489.64878129
K= 1350
7.29126984114
K= 1351
9.90000000002
K= 1352
190.021844118
K= 1353
578.0
K= 1354
10.2666666667
K= 1355
7.61551689054
K= 1356
31.4205449637
K= 1357
981.761957004
K= 1358
5.90000000002
K= 1359
3108.33717725
K= 1360
359.812455544
K= 1361
19.6487812911
K= 1362
4898.5776455
K= 1363
88.3320942449
K= 1364
4479.31071429
K= 1365
4144.0
K= 1366
19.6487812911
K= 1367
14.3908998767
K= 1368
4755.96896159
K= 1369
6392.40797221
K= 1370
14.138095238
K= 1371
7.22181818169
K= 1372
133.5
K= 1373
4506.38176823
K= 1374
4936.0 , Degree=0
K= 1375
39.0224231324
K= 1376
11.4166666667
K= 1377
18.6649240465
K= 1378
15.5700757576
K= 1379
8.12662337651
K= 1380
11.3095238095
K= 1381
8936.25473693
K= 1382
10.7
K= 1383
11.4799384824
K= 1384
4771.6482684
K= 1385
4841.09024849
K= 1386
4847.68211788
K= 1387
8628.0
K= 1388
8619.0
K= 1389
4783.51746032
K= 1390
309.591941392
K= 1391
4156.0
K= 1392
298.817135159
K= 1393
4936.0 , Degree=0
K= 1394
16.4523809523
K= 1395
4025.2189078
K= 1396
4556.65230314
K= 1397
65.3166666667
K= 1398
119.5
K= 1399
4325.75
K= 1400
356.825491175
K= 1401
176.083333333
K= 1402
19.6487812911
K= 1403
4800.98571429
K= 1404
8778.0
K= 1405
15.7497076024
K= 1406
4478.98333333
K= 1407
11.5
K= 1408
4808.82549118
K= 1409
4804.99047619
K= 1410
4325.75
K= 1411
287.27994634
K= 1412
4592.58333333
K= 1413
4786.70723552
K= 1414
128.116883117
K= 1415
4297.0
K= 1416
35.7393772893
K= 1417
6.82222222211
K= 1418
4805.81397944
K= 1419
10.1
K= 1420
3362.13695415
K= 1421
4840.55724251
K= 1422
10.0338166341
K= 1423
134.0
K= 1424
19.6487812911
K= 1425
6.93956043944
K= 1426
142.5
K= 1427
4797.22560948
K= 1428
8279.22675618
K= 1429
4248.68092307
K= 1430
12.6133439661
K= 1431
4490.64878129
K= 1432
3589.83570038
K= 1433
9.91666666663
K= 1434
4490.64878129
K= 1435
71.2956709957
K= 1436
4851.49329549
K= 1437
4812.08186453
K= 1438
19.1487812911
K= 1439
564.669231319
K= 1440
4472.83333333
K= 1441
4156.0
K= 1442
10.4999999999
K= 1443
8574.75
K= 1444
202.321861472
K= 1445
4822.32142857
K= 1446
4193.0
K= 1447
8574.75
K= 1448
5331.15616046
K= 1449
176.083333333
K= 1450
134.15504967
K= 1451
8.78571428568
K= 1452
4449.0
K= 1453
13.7327485379
K= 1454
10.8095238095
K= 1455
1464.37584302
K= 1456
21.2130733809
K= 1457
7.26551226538
K= 1458
844.883598445
K= 1459
23.0958999882
K= 1460
310.652197802
K= 1461
4490.64878129
K= 1462
6.00503662997
K= 1463
4817.12222222
K= 1464
4490.64878129
K= 1465
8625.0
K= 1466
153.5
K= 1467
4490.64878129
K= 1468
4494.5
K= 1469
10.5000000001
K= 1470
19.6487812911
K= 1471
578.0
K= 1472
117.5
K= 1473
100.0
K= 1474
8628.0
K= 1475
10.7499999999
K= 1476
5.16925411741
K= 1477
202.228788605
K= 1478
4477.75
K= 1479
4307.0
K= 1480
12.1080419855
K= 1481
127.0
K= 1482
4624.5
K= 1483
11.4166666667
K= 1484
4480.06666667
K= 1485
4553.0
K= 1486
4190.0
K= 1487
110.0
K= 1488
6.83737373725
K= 1489
11.4166666667
K= 1490
17.7171513903
K= 1491
6.23247863236
K= 1492
136.0
K= 1493
5.35696884827
K= 1494
4571.40771234
K= 1495
137.0
K= 1496
4156.0
K= 1497
4325.75
K= 1498
17.4718409587
K= 1499
13222.0
K= 1500
19.6487812911
K= 1501
8.12619047612
K= 1502
4857.2
K= 1503
4886.81666667
K= 1504
9.52500000002
K= 1505
19.6487812911
K= 1506
4845.34624609
K= 1507
8.08333333326
K= 1508
17626.0
K= 1509
4325.75
K= 1510
4325.75
K= 1511
4307.0
K= 1512
4382.63823743
K= 1513
4477.05098039
K= 1514
11.2428571428
K= 1515
4421.51746032
K= 1516
220.0
K= 1517
7156.19254769
K= 1518
312.053643579
K= 1519
304.415526364
K= 1520
4496.84800102
K= 1521
4325.75
K= 1522
47.1721144405
K= 1523
40.6005244754
K= 1524
10.4166666666
K= 1525
4490.64878129
K= 1526
110.0
K= 1527
13.7047619048
K= 1528
19.6487812911
K= 1529
19.6487812911
K= 1530
23.3190773879
K= 1531
7.61551689054
K= 1532
8623.0
K= 1533
4817.55724251
K= 1534
4511.45820957
K= 1535
10.1928364142
K= 1536
4156.0
K= 1537
5.3559803922
K= 1538
8623.70192308
K= 1539
7.35793650791
K= 1540
5.21602934098
K= 1541
54.4369024046
K= 1542
8599.0
K= 1543
8.45238095231
K= 1544
11.7111111111
K= 1545
134.0
K= 1546
4.9580244231
K= 1547
4936.0 , Degree=0
K= 1548
19.6487812911
K= 1549
4591.51746032
K= 1550
8626.0
K= 1551
393.75530303
K= 1552
16.4714285714
K= 1553
4611.0
K= 1554
4783.51746032
K= 1555
269.0
K= 1556
8.13888888888
K= 1557
17.7534391534
K= 1558
17.0629444084
K= 1559
5060.15707699
K= 1560
19.6487812911
K= 1561
4325.75
K= 1562
124.333333333
K= 1563
31.1040151337
K= 1564
129.0
K= 1565
5359.53791124
K= 1566
11.4166666666
K= 1567
5636.6147716
K= 1568
4593.16666667
K= 1569
17.4666666666
K= 1570
5.3570946597
K= 1571
4490.64878129
K= 1572
134.0
K= 1573
8951.0
K= 1574
5.49199381704
K= 1575
8627.0
K= 1576
8.87619047612
K= 1577
4936.0 , Degree=0
K= 1578
13.2125
K= 1579
4854.95198413
K= 1580
18.9821146245
K= 1581
512.760768398
K= 1582
4534.53333333
K= 1583
4325.75
K= 1584
4325.75
K= 1585
476.11547619
K= 1586
8.75
K= 1587
12.2352941176
K= 1588
5.0
K= 1589
40357.0972894
K= 1590
32.7526061015
K= 1591
4862.69642857
K= 1592
5207.58553029
K= 1593
4802.94352304
K= 1594
21.2130733809
K= 1595
4800.75281385
K= 1596
4936.0 , Degree=0
K= 1597
8628.0
K= 1598
19.4390186023
K= 1599
17626.0
K= 1600
4325.75
K= 1601
10.7
K= 1602
4936.0 , Degree=0
K= 1603
11.3333333334
K= 1604
9.18023818277
K= 1605
4643.57883669
K= 1606
17250.0
K= 1607
139.0
K= 1608
9.66666666663
K= 1609
4325.75
K= 1610
14.8575757577
K= 1611
19.6487812911
K= 1612
18.6764705882
K= 1613
5.41457090084
K= 1614
4156.0
K= 1615
4507.74524903
K= 1616
21.0998558446
K= 1617
4755.96896159
K= 1618
7.89597069588
K= 1619
4475.12002801
K= 1620
11.3666666667
K= 1621
11.4166666666
K= 1622
8641.21307338
K= 1623
8627.0
K= 1624
3062.95539335
K= 1625
4151.0
K= 1626
30.5551070006
K= 1627
12759.0
K= 1628
8125.82266384
K= 1629
4480.51111111
K= 1630
524.758333333
K= 1631
11983.7689755
K= 1632
4859.28803141
K= 1633
4886.76796537
K= 1634
4827.46448264
K= 1635
8.26111111115
K= 1636
15.2333855928
K= 1637
134.0
K= 1638
4873.1235067
K= 1639
4755.96896159
K= 1640
15.1579365078
K= 1641
8536.0
K= 1642
4492.21307338
K= 1643
10.7499999999
K= 1644
8.87619047612
K= 1645
4847.68211788
K= 1646
4325.75
K= 1647
4591.51746032
K= 1648
11791.2125789
K= 1649
28.8002820145
K= 1650
4728.49144185
K= 1651
11.5
K= 1652
4828.32010212
K= 1653
4630.34492016
K= 1654
4479.91666667
K= 1655
135.0
K= 1656
11.4166666666
K= 1657
13099.0
K= 1658
22.8173339651
K= 1659
6.9040404039
K= 1660
10.1000000001
K= 1661
4783.51746032
K= 1662
8628.0
K= 1663
4600.82661457
K= 1664
4852.2
K= 1665
7.50206043955
K= 1666
666.688107667
K= 1667
4490.64878129
K= 1668
19.6487812911
K= 1669
4478.61551689
K= 1670
8.76578006579
K= 1671
4733.66507056
K= 1672
4156.0
K= 1673
4477.77070707
K= 1674
469.782142857
K= 1675
35.284586509
K= 1676
36.0904761904
K= 1677
16.0
K= 1678
23.2253246751
K= 1679
8627.0
K= 1680
503.770202594
K= 1681
5.07028985501
K= 1682
352.435896471
K= 1683
4873.9468254
K= 1684
4851.49329549
K= 1685
7.64722222218
K= 1686
4325.75
K= 1687
19.6487812911
K= 1688
11.4166666666
K= 1689
5.73859649105
K= 1690
31.7
K= 1691
11.0628639334
K= 1692
150.0
K= 1693
24.9223242253
K= 1694
4936.0 , Degree=0
K= 1695
4156.0
K= 1696
348.087683873
K= 1697
304.93814935
K= 1698
415.566666667
K= 1699
8.96349206346
K= 1700
9603.36651967
K= 1701
4575.71492478
K= 1702
4868.22605402
K= 1703
11.5
K= 1704
4490.64878129
K= 1705
4553.0
K= 1706
394.969252115
K= 1707
4479.91313131
K= 1708
6.63472222222
K= 1709
4490.64878129
K= 1710
4479.09126984
K= 1711
2910.35366767
K= 1712
420.569949495
K= 1713
4482.41666667
K= 1714
19.6487812911
K= 1715
4783.51746032
K= 1716
8622.28489191
K= 1717
17.4836059773
K= 1718
11.3666666667
K= 1719
4105.99312525
K= 1720
8.17738095229
K= 1721
8627.0
K= 1722
13.462995338
K= 1723
8625.0
K= 1724
12.3383040935
K= 1725
19.5237812911
K= 1726
367.734758585
K= 1727
8809.0
K= 1728
19.6487812911
K= 1729
4672.70297636
K= 1730
4887.43333333
K= 1731
8609.0
K= 1732
4149.0
K= 1733
10.1
K= 1734
5.61176364671
K= 1735
4847.68211788
K= 1736
4190.0
K= 1737
8.76111111115
K= 1738
4854.24642857
K= 1739
42.4261467617
K= 1740
7.9404761903
K= 1741
4581.94108238
K= 1742
4785.6332033
K= 1743
4894.25
K= 1744
9.86101489083
K= 1745
30.7786141147
K= 1746
140.0
K= 1747
4844.70723552
K= 1748
6.52222222218
K= 1749
22.8333333333
K= 1750
4482.41666667
K= 1751
9.23571428552
K= 1752
105.0
K= 1753
4260.5
K= 1754
8626.0
K= 1755
7.21488095215
K= 1756
16.0
K= 1757
4814.94899219
K= 1758
4782.84563039
K= 1759
4711.62619048
K= 1760
11721.8580257
K= 1761
8.0944444444
K= 1762
6.08510854456
K= 1763
4798.54880952
K= 1764
9.59999999998
K= 1765
4978.23333333
K= 1766
175.083333333
K= 1767
4325.75
K= 1768
4479.07936508
K= 1769
8.07936507929
K= 1770
133.0
K= 1771
16.5222222222
K= 1772
4174.0
K= 1773
8628.0
K= 1774
19.6487812911
K= 1775
4936.0 , Degree=0
K= 1776
48.4256120023
K= 1777
4505.0
K= 1778
129.5
K= 1779
4490.64878129
K= 1780
4733.38268617
K= 1781
4863.87622655
K= 1782
18.7440476191
K= 1783
5.86623931618
K= 1784
4471.64878129
K= 1785
8625.0
K= 1786
4259.47784464
K= 1787
119.0
K= 1788
11.65
K= 1789
4325.75
K= 1790
157.301236867
K= 1791
8.27662337641
K= 1792
4936.0 , Degree=0
K= 1793
10.9166666666
K= 1794
5.6263060061
K= 1795
130.5
K= 1796
3985.79534319
K= 1797
13.7010164671
K= 1798
36.0080695465
K= 1799
32.4285714285
K= 1800
19.6487812911
K= 1801
107.5
K= 1802
8578.0
K= 1803
4480.26666667
K= 1804
7.96904761891
K= 1805
11685.6665801
K= 1806
19.6487812911
K= 1807
19.6487812911
K= 1808
80.8847816195
K= 1809
7.23412698403
K= 1810
19.6487812911
K= 1811
12.875
K= 1812
8625.0
K= 1813
7.76111111115
K= 1814
8.09126984118
K= 1815
5.7260683761
K= 1816
4775.94651202
K= 1817
6650.41347577
K= 1818
8.73333333328
K= 1819
381.794698776
K= 1820
13423.1428571
K= 1821
7.34126984118
K= 1822
19.6487812911
K= 1823
4783.51746032
K= 1824
4456.17586263
K= 1825
8628.0
K= 1826
9528.1633601
K= 1827
27.4509803922
K= 1828
472.392521014
K= 1829
11.3095238095
K= 1830
135.0
K= 1831
52.4055916306
K= 1832
19.6487812911
K= 1833
4847.68211788
K= 1834
4872.58603563
K= 1835
4479.75
K= 1836
5060.15707699
K= 1837
176.866666667
K= 1838
32.1650525868
K= 1839
13.9
K= 1840
7.79886128369
K= 1841
39.1439393939
K= 1842
63.4699167042
K= 1843
11.1666666666
K= 1844
4751.21598239
K= 1845
10.4999999999
K= 1846
19.6487812911
K= 1847
8622.0
K= 1848
41.5527092352
K= 1849
10.9166666666
K= 1850
9.40000000002
K= 1851
4325.75
K= 1852
15.7779620545
K= 1853
4228.0
K= 1854
127.0
K= 1855
399.896767269
K= 1856
10.1
K= 1857
4479.87619048
K= 1858
42.4154543332
K= 1859
4755.96896159
K= 1860
4325.75
K= 1861
4641.36666667
K= 1862
512.760768398
K= 1863
8566.0
K= 1864
22.3333333333
K= 1865
4831.08186453
K= 1866
21.788095238
K= 1867
137.0
K= 1868
4325.75
K= 1869
154.218181818
K= 1870
134.0
K= 1871
6.39579018857
K= 1872
12.9809243329
K= 1873
4325.75
K= 1874
5.19036796538
K= 1875
4588.3047619
K= 1876
8626.0
K= 1877
11.4917703654
K= 1878
12.5
K= 1879
7.59884559887
K= 1880
132.458528404
K= 1881
8622.0
K= 1882
8.95238095231
K= 1883
11.4166666666
K= 1884
124.0
K= 1885
4478.64722222
K= 1886
11720.7394624
K= 1887
12.0166666667
K= 1888
10.7
K= 1889
356.825491175
K= 1890
4936.0 , Degree=0
K= 1891
4577.0
K= 1892
8.63571428566
K= 1893
8628.0
K= 1894
4473.4283762
K= 1895
429.866666667
K= 1896
4604.0
K= 1897
4835.35769241
K= 1898
5060.15707699
K= 1899
8.78571428568
K= 1900
206.30046345
K= 1901
4448.0
K= 1902
6.48888888885
K= 1903
8619.0
K= 1904
3038.11416713
K= 1905
6.25016552059
K= 1906
19.1487812911
K= 1907
5.65527736652
K= 1908
4478.90238095
K= 1909
25.1475106465
K= 1910
9.51111111115
K= 1911
10.7666666667
K= 1912
7.21904761903
K= 1913
19.6487812911
K= 1914
502.75
K= 1915
312.231746032
K= 1916
4646.08333333
K= 1917
19.6487812911
K= 1918
5.81481481472
K= 1919
4871.84765978
K= 1920
4847.65163671
K= 1921
4798.54880952
K= 1922
176.083333333
K= 1923
5111.11139755
K= 1924
6.13777056267
K= 1925
9.54285714286
K= 1926
4190.0
K= 1927
473.955555556
K= 1928
5764.4421519
K= 1929
8.12619047612
K= 1930
105.262640544
K= 1931
19.4120376364
K= 1932
860.595389363
K= 1933
4822.32142857
K= 1934
135.0
K= 1935
131.0
K= 1936
53.479186665
K= 1937
18.2334325396
K= 1938
11.5
K= 1939
10.2666666667
K= 1940
4543.0
K= 1941
31.7791500835
K= 1942
4797.2681953
K= 1943
170.742471891
K= 1944
8627.0
K= 1945
4582.0
K= 1946
8.97738095233
K= 1947
25.7598924022
K= 1948
4508.13690476
K= 1949
22.3961333835
K= 1950
388.891488154
K= 1951
4783.51746032
K= 1952
4325.75
K= 1953
4855.60277778
K= 1954
5.96932234429
K= 1955
4366.0
K= 1956
394.094690882
K= 1957
5.26681318693
K= 1958
19.0237812911
K= 1959
564.131666667
K= 1960
382.421691306
K= 1961
19.6487812911
K= 1962
4477.14177489
K= 1963
10.3333333334
K= 1964
4878.23968254
K= 1965
6.6248538011
K= 1966
4325.75
K= 1967
135.0
K= 1968
4855.23670953
K= 1969
289.627380952
K= 1970
171.4
K= 1971
53.9905490717
K= 1972
4847.68211788
K= 1973
176.083333333
K= 1974
4156.0
K= 1975
4156.0
K= 1976
36.1688614876
K= 1977
739.584437784
K= 1978
4755.96896159
K= 1979
8945.8460629
K= 1980
160.866666666
K= 1981
8.23571428563
K= 1982
19.6487812911
K= 1983
9554.15313479
K= 1984
102.0
K= 1985
11.3333333334
K= 1986
4489.92088337
K= 1987
2866.93212672
K= 1988
48.3928571428
K= 1989
4156.0
K= 1990
4479.06666667
K= 1991
4822.34492016
K= 1992
166.083333333
K= 1993
7.63888888888
K= 1994
5060.15707699
K= 1995
176.083333333
K= 1996
4822.32142857
K= 1997
19.1023809523
K= 1998
7.14722222218
K= 1999
19.6487812911
K= 2000
9.06666666665
K= 2001
4859.2
K= 2002
4827.46448264
K= 2003
4325.75
K= 2004
4928.33333333
K= 2005
11.3095238095
K= 2006
258.0
K= 2007
4674.32597023
K= 2008
4978.23333333
K= 2009
136.0
K= 2010
5.92003663001
K= 2011
98.5
K= 2012
10.4
K= 2013
6.22110389604
K= 2014
5.77289377281
K= 2015
4783.51746032
K= 2016
107.333333333
K= 2017
30.6081930783
K= 2018
19.1992424242
K= 2019
11.5
K= 2020
10.5000000001
K= 2021
11.4166666666
K= 2022
4553.96896159
K= 2023
6.94848484837
K= 2024
4578.25
K= 2025
1406.16006713
K= 2026
4783.51746032
K= 2027
456.833333333
K= 2028
10.7
K= 2029
4848.60833333
K= 2030
21.8357142856
K= 2031
5.63227513223
K= 2032
17893.3478261
K= 2033
9.76666666672
K= 2034
4885.82460317
K= 2035
4875.47142857
K= 2036
33.5070707072
K= 2037
105.0
K= 2038
4973.33333333
K= 2039
4156.0
K= 2040
61.8536949162
K= 2041
4325.75
K= 2042
40.1046342024
K= 2043
3785.15765544
K= 2044
35.7393772893
K= 2045
215.0
K= 2046
8623.75
K= 2047
17.4666666666
K= 2048
8628.0
K= 2049
22.3333333333
K= 2050
19.6487812911
K= 2051
8574.75
K= 2052
4490.60530303
K= 2053
4490.64878129
K= 2054
19.6487812911
K= 2055
8525.0
K= 2056
398.656818182
K= 2057
4817.55724251
K= 2058
16.0266590387
K= 2059
11676.9823935
K= 2060
4811.46448264
K= 2061
637.305794355
K= 2062
9.43247863231
K= 2063
8.97738095233
K= 2064
4847.68211788
K= 2065
4155.0
K= 2066
8.17738095229
K= 2067
29.9660255329
K= 2068
380.309754543
K= 2069
4536.92088337
K= 2070
11707.1194996
K= 2071
10.7
K= 2072
6.24134199123
K= 2073
3722.25156339
K= 2074
19.1487812911
K= 2075
4804.81397944
K= 2076
19.6487812911
K= 2077
144.9
K= 2078
11.4166666667
K= 2079
4936.0 , Degree=0
K= 2080
4836.29237054
K= 2081
8.09884559875
K= 2082
4852.01552787
K= 2083
4477.45523504
K= 2084
42.4154543332
K= 2085
18.6764705882
K= 2086
5060.15707699
K= 2087
18195.3535714
K= 2088
4843.42079858
K= 2089
48.7440476191
K= 2090
19.0704074152
K= 2091
5281.42743835
K= 2092
4862.55402893
K= 2093
462.0
K= 2094
295.426119643
K= 2095
8949.97338936
K= 2096
346.431592164
K= 2097
16.2388546685
K= 2098
445.5
K= 2099
4788.68211788
K= 2100
4936.0 , Degree=0
K= 2101
303.539967774
K= 2102
4156.0
K= 2103
4615.0
K= 2104
173.083333333
K= 2105
8612.0
K= 2106
4880.91666667
K= 2107
4808.82549118
K= 2108
2815.20039994
K= 2109
4484.57792208
K= 2110
650.795265914
K= 2111
4478.73737374
K= 2112
4936.0 , Degree=0
K= 2113
9.0
K= 2114
16.455
K= 2115
4867.00079365
K= 2116
13.1492894056
K= 2117
4936.0 , Degree=0
K= 2118
7.07546897535
K= 2119
59.1499999999
K= 2120
4156.0
K= 2121
8628.0
K= 2122
16.4479365079
K= 2123
4614.0
K= 2124
143.180136523
K= 2125
4265.4097407
K= 2126
4936.0 , Degree=0
K= 2127
178.083333333
K= 2128
362.05775664
K= 2129
4386.33333333
K= 2130
19.6487812911
K= 2131
10.7499999999
K= 2132
4598.0
K= 2133
38.6851851851
K= 2134
20.5093795094
K= 2135
4503.25596168
K= 2136
4325.75
K= 2137
22.3961333835
K= 2138
38.8895715395
K= 2139
4325.75
K= 2140
4477.35257937
K= 2141
349.185398649
K= 2142
4325.75
K= 2143
4490.19924242
K= 2144
4490.64878129
K= 2145
397.289445522
K= 2146
4861.30862978
K= 2147
4476.78571429
K= 2148
346.174610056
K= 2149
4478.57936508
K= 2150
8627.0
K= 2151
4838.39673937
K= 2152
4190.0
K= 2153
4228.0
K= 2154
145.15
K= 2155
4325.75
K= 2156
19.6487812911
K= 2157
19.6487812911
K= 2158
4810.54880952
K= 2159
9278.16666667
K= 2160
4649.94352304
K= 2161
47.7042790542
K= 2162
8.95238095231
K= 2163
7.53571428568
K= 2164
7.78571428568
K= 2165
4877.52301587
K= 2166
10.7666666667
K= 2167
407.192857143
K= 2168
4605.0
K= 2169
4624.0
K= 2170
4.44999999995
K= 2171
8621.5
K= 2172
10.8095238095
K= 2173
6620.11949538
K= 2174
5174.61401243
K= 2175
19.6487812911
K= 2176
6.76286393334
K= 2177
10.2666666667
K= 2178
4156.0
K= 2179
18.6764705882
K= 2180
11.4666950838
K= 2181
4605.0
K= 2182
21.7663354037
K= 2183
10.7666666667
K= 2184
4490.64878129
K= 2185
4936.0 , Degree=0
K= 2186
8627.0
K= 2187
17.4327619033
K= 2188
4774.07186147
K= 2189
4614.0
K= 2190
104.811183261
K= 2191
3889.3436597
K= 2192
11.3095238095
K= 2193
16701.8333333
K= 2194
19.6487812911
K= 2195
8609.5
K= 2196
4881.77857143
K= 2197
13.2
K= 2198
10.1
K= 2199
35.3817682319
K= 2200
381.051161496
K= 2201
4758.0
K= 2202
4936.0 , Degree=0
K= 2203
18.7999999999
K= 2204
4450.40301628
K= 2205
7.29273504275
K= 2206
4552.51746032
K= 2207
4555.0
K= 2208
19.6487812911
K= 2209
4845.40037879
K= 2210
442.683333333
K= 2211
5060.15707699
K= 2212
981.761957004
K= 2213
4325.75
K= 2214
306.491441853
K= 2215
5167.88704607
K= 2216
5958.66859085
K= 2217
19.6487812911
K= 2218
6.88888888888
K= 2219
4325.75
K= 2220
4936.0 , Degree=0
K= 2221
4490.64878129
K= 2222
12780.0
K= 2223
32.6125621423
K= 2224
13488.8522935
K= 2225
4826.44448052
K= 2226
4490.64878129
K= 2227
4325.75
K= 2228
17888.0248302
K= 2229
52878.0
K= 2230
4813.67700511
K= 2231
17.4222222222
K= 2232
25.2679162171
K= 2233
4709.96896159
K= 2234
135.0
K= 2235
4156.0
K= 2236
4936.0 , Degree=0
K= 2237
8.3168299091
K= 2238
109.0
K= 2239
224.605657573
K= 2240
19.6487812911
K= 2241
364.203135422
K= 2242
17.5222222222
K= 2243
4156.0
K= 2244
4861.32142857
K= 2245
6.50233100227
K= 2246
6.05443722941
K= 2247
9.4769230769
K= 2248
11.4166666666
K= 2249
5.0
K= 2250
695.171126757
K= 2251
2567.10032708
K= 2252
4156.0
K= 2253
5647.07293338
K= 2254
16.3333333333
K= 2255
46.6818181818
K= 2256
313.990141231
K= 2257
8628.0
K= 2258
4156.0
K= 2259
4490.64878129
K= 2260
4936.0 , Degree=0
K= 2261
7.34126984118
K= 2262
8628.0
K= 2263
19.6487812911
K= 2264
11.4166666666
K= 2265
11.1666666666
K= 2266
23.1047619047
K= 2267
8559.5
K= 2268
8.53294287412
K= 2269
4477.0
K= 2270
11.5
K= 2271
4775.73537157
K= 2272
382.986414012
K= 2273
4585.86416361
K= 2274
82.9264101483
K= 2275
4796.79526784
K= 2276
5.01185286941
K= 2277
8627.0
K= 2278
176.25
K= 2279
19.6487812911
K= 2280
4675.90833333
K= 2281
8617.0
K= 2282
6.16899766901
K= 2283
14.06007326
K= 2284
8.16349206341
K= 2285
4490.06769481
K= 2286
8.83333333326
K= 2287
133.0
K= 2288
19.6487812911
K= 2289
406.041666667
K= 2290
4906.39694472
K= 2291
21.6499999999
K= 2292
4798.54880952
K= 2293
8628.0
K= 2294
4590.51746032
K= 2295
126.0
K= 2296
2770.93914038
K= 2297
4156.0
K= 2298
19.6487812911
K= 2299
10.5000000001
K= 2300
4936.0 , Degree=0
K= 2301
4864.27832552
K= 2302
17.5666666667
K= 2303
4478.61551689
K= 2304
176.866666667
K= 2305
4788.68211788
K= 2306
6.19253662985
K= 2307
134.0
K= 2308
144.583333333
K= 2309
4474.73546022
K= 2310
4812.0
K= 2311
8628.0
K= 2312
171.116666667
K= 2313
19.6487812911
K= 2314
4788.68211788
K= 2315
4779.60885585
K= 2316
52878.0
K= 2317
476.372914863
K= 2318
7.73444976064
K= 2319
502.84727
K= 2320
10.4166666667
K= 2321
4827.65163671
K= 2322
754.874088134
K= 2323
3401.02397973
K= 2324
451.689223183
K= 2325
8.5388888889
K= 2326
4481.1
K= 2327
4847.68211788
K= 2328
4569.67166306
K= 2329
8627.0
K= 2330
4478.05844156
K= 2331
36.3074243207
K= 2332
220.025595238
K= 2333
12.6675324674
K= 2334
10.7666666667
K= 2335
10.2666666667
K= 2336
4586.0
K= 2337
19.6265754109
K= 2338
5609.54315494
K= 2339
9332.0824245
K= 2340
136.0
K= 2341
4325.75
K= 2342
7.97738095233
K= 2343
306.491441852
K= 2344
4591.51746032
K= 2345
4156.0
K= 2346
1166.40423245
K= 2347
26.2979759456
K= 2348
4647.86666667
K= 2349
8627.0
K= 2350
4936.0 , Degree=0
K= 2351
13.1864801864
K= 2352
4553.0
K= 2353
8578.0
K= 2354
4782.2242033
K= 2355
19.6487812911
K= 2356
170.366666667
K= 2357
4490.64878129
K= 2358
64.0781440781
K= 2359
4477.75
K= 2360
4389.29946627
K= 2361
19.6487812911
K= 2362
4783.51746032
K= 2363
4504.57011803
K= 2364
53.5208650207
K= 2365
468.11547619
K= 2366
35.7393772893
K= 2367
19.0499999999
K= 2368
8.97738095233
K= 2369
8572.0
K= 2370
10.7666666667
K= 2371
4156.0
K= 2372
13.7022042285
K= 2373
136.0
K= 2374
11.5
K= 2375
4604.0
K= 2376
5607.54315494
K= 2377
25.0381734006
K= 2378
4325.75
K= 2379
4606.0
K= 2380
373.267460317
K= 2381
4156.0
K= 2382
11172.0863099
K= 2383
19.6487812911
K= 2384
12.4011212921
K= 2385
18.8478751153
K= 2386
13.5080808081
K= 2387
11711.4871243
K= 2388
18.7047619048
K= 2389
4878.175
K= 2390
108.829166667
K= 2391
4545.67619048
K= 2392
11.3333333334
K= 2393
191.049603175
K= 2394
4755.96896159
K= 2395
4490.64878129
K= 2396
299.824730434
K= 2397
19.1487812911
K= 2398
32.2035807254
K= 2399
8.23571428563
K= 2400
4594.0
Betweenness Centrality Improvement
[ 0.  0.  0. ...,  0.  0.  0.]
Top 20 BC Improvement
[2316 2229 1589 2087 2032 2228 1599 1508 1606 2193 2224 1820 1499 1657 2222
 1627 1631 1648 1760 1886]
Top 20 BC Improvement
[ 52878.          52878.          40357.0972894   18195.35357143
  17893.34782609  17888.02483018  17626.          17626.          17250.
  16701.83333333  13488.85229352  13423.14285714  13222.          13099.
  12780.          12759.          11983.76897547  11791.21257886
  11721.85802571  11720.73946241]
