txValue= 10000
Input graph
IGRAPH D--- 4619 68733 -- 
+ attr: pub_key (v), base_fee (e), capacity (e), fee_rate (e), txCost (e)
None
Graph after edges deleted
IGRAPH D--- 4619 68697 -- 
+ attr: pub_key (v), base_fee (e), capacity (e), fee_rate (e), txCost (e)
None
Our nodes starting connections: 
(4618, 2796)
(4618, 1223)
(4618, 1163)
(4618, 498)
(4618, 3265)
(4618, 1589)
(4618, 4051)
(4618, 3246)
(4618, 2087)
CurrentBC of our node:  1019035.21148
K= 3600
44.5384872915
K= 3601
18.7999999998
K= 3602
575.709875061
K= 3603
166.166666667
K= 3604
8532.66666667
K= 3605
371.501874828
K= 3606
4703.32896436
K= 3607
5668.95538885
K= 3608
4936.0 , Degree=0
K= 3609
42.4429254956
K= 3610
4936.0 , Degree=0
K= 3611
4724.44739464
K= 3612
4571.0
K= 3613
8565.0
K= 3614
17.3565656565
K= 3615
4612.0
K= 3616
8951.12752525
K= 3617
4608.83412698
K= 3618
14.0961611619
K= 3619
412.803939145
K= 3620
15.5333333333
K= 3621
21.6128730918
K= 3622
26.8150394611
K= 3623
141.0
K= 3624
442.854761905
K= 3625
9.99523809529
K= 3626
4945.60860806
K= 3627
5110.30464149
K= 3628
4581.4
K= 3629
332.834126984
K= 3630
8.61904761905
K= 3631
356.990806962
K= 3632
430.197619047
K= 3633
11.511904762
K= 3634
4122.0
K= 3635
4492.70392835
K= 3636
16.1738502238
K= 3637
15.1738502238
K= 3638
16.5436407957
K= 3639
567.258333333
K= 3640
32.1310911017
K= 3641
4475.14705282
K= 3642
6500.35867107
K= 3643
4190.0
K= 3644
13.5952380953
K= 3645
10.8452380954
K= 3646
4731.77952728
K= 3647
11649.2563923
K= 3648
4488.16190476
K= 3649
4585.0
K= 3650
5110.30464149
K= 3651
4846.9146645
K= 3652
8589.0
K= 3653
399.21347369
K= 3654
4648.91887171
K= 3655
4870.42378455
K= 3656
4923.47359944
K= 3657
4128.32222222
K= 3658
227.583333333
K= 3659
26.0270879837
K= 3660
4287.75
K= 3661
11.8967032967
K= 3662
25.70392835
K= 3663
4146.16666667
K= 3664
5994.78056335
K= 3665
13.9952380953
K= 3666
15.9173209677
K= 3667
4633.15
K= 3668
4936.0 , Degree=0
K= 3669
4477.372545
K= 3670
28.2377622379
K= 3671
4392.89702038
K= 3672
366.190981241
K= 3673
4287.75
K= 3674
4481.66666667
K= 3675
4481.00718356
K= 3676
196.15
K= 3677
25.7999999999
K= 3678
4122.0
K= 3679
4707.0
K= 3680
11.3222222221
K= 3681
11.0584415585
K= 3682
410.134646301
K= 3683
152.75
K= 3684
4480.25
K= 3685
73.3304776303
K= 3686
15.0333333333
K= 3687
4556.0
K= 3688
4287.75
K= 3689
17.5999999999
K= 3690
741.000738249
K= 3691
4850.13201786
K= 3692
131.333333333
K= 3693
54.5075628774
K= 3694
20.7309630899
K= 3695
89.8428571429
K= 3696
5930.51232355
K= 3697
4772.18423087
K= 3698
4866.57201742
K= 3699
9.41906182759
K= 3700
4367.5
K= 3701
4617.0
K= 3702
25.8611473902
K= 3703
25.6483727944
K= 3704
13.5666666667
K= 3705
8589.0
K= 3706
4372.0
K= 3707
4565.0
K= 3708
21.332001332
K= 3709
9.33564289275
K= 3710
202.083333333
K= 3711
14.2083638583
K= 3712
4903.20555556
K= 3713
4476.89365079
K= 3714
4828.06320069
K= 3715
4792.85598846
K= 3716
16.8659090908
K= 3717
5272.14403484
K= 3718
23.1814125426
K= 3719
4936.0 , Degree=0
K= 3720
54.6
K= 3721
13.5666666667
K= 3722
146.0
K= 3723
149.0
K= 3724
4554.42349079
K= 3725
4873.91201299
K= 3726
4868.93156755
K= 3727
15.1738502238
K= 3728
149.0
K= 3729
163.33149311
K= 3730
15.5333333332
K= 3731
9.41225023335
K= 3732
4506.69916799
K= 3733
146.5
K= 3734
4899.21749639
K= 3735
377.722726621
K= 3736
330.675274725
K= 3737
4569.01228673
K= 3738
187.333333333
K= 3739
4936.0 , Degree=0
K= 3740
4907.6047619
K= 3741
4492.70392835
K= 3742
8.95238095243
K= 3743
14.0071835571
K= 3744
22.1
K= 3745
24.0666666668
K= 3746
77.2412309913
K= 3747
556.24714705
K= 3748
17.2825757575
K= 3749
395.918871711
K= 3750
25.2000000001
K= 3751
26.3150394611
K= 3752
9.98670329654
K= 3753
11728.4138502
K= 3754
4480.86904762
K= 3755
4396.0
K= 3756
9.22278739768
K= 3757
25.1060281387
K= 3758
4936.0 , Degree=0
K= 3759
184.14710609
K= 3760
11634.8953925
K= 3761
4492.70392835
K= 3762
81.9983370289
K= 3763
193.583333333
K= 3764
4287.75
K= 3765
7.51844070945
K= 3766
4152.0
K= 3767
4870.42378455
K= 3768
3737.29589404
K= 3769
179.533333334
K= 3770
15.5166666666
K= 3771
10.7990079364
K= 3772
14.2666666666
K= 3773
4746.32896436
K= 3774
87.7628180697
K= 3775
16.5166666666
K= 3776
25.70392835
K= 3777
4482.26666667
K= 3778
380.879761905
K= 3779
16.4095238094
K= 3780
188.752380952
K= 3781
560.558961871
K= 3782
4486.0
K= 3783
379.070651392
K= 3784
5110.30464149
K= 3785
4287.75
K= 3786
33.7916941147
K= 3787
20.4969696969
K= 3788
15.8
K= 3789
26.3150394611
K= 3790
226.583333333
K= 3791
5110.30464149
K= 3792
34.5666666668
K= 3793
185.0
K= 3794
17.5166666666
K= 3795
26.3150394611
K= 3796
19.0080213904
K= 3797
167.0
K= 3798
5068.30464149
K= 3799
4588.5
K= 3800
48.018967811
K= 3801
4122.0
K= 3802
11.5751082251
K= 3803
4936.0 , Degree=0
K= 3804
4389.55119048
K= 3805
14.390909091
K= 3806
4479.76666667
K= 3807
4475.16666667
K= 3808
4547.2
K= 3809
26.7115189871
K= 3810
4936.0 , Degree=0
K= 3811
4273.0
K= 3812
25.8611473902
K= 3813
7379.59038615
K= 3814
12.8285714287
K= 3815
5925.6226172
K= 3816
21.7971177025
K= 3817
717.833333333
K= 3818
4122.0
K= 3819
412.216666667
K= 3820
24.9971906164
K= 3821
568.258333333
K= 3822
16.4095238094
K= 3823
4936.0 , Degree=0
K= 3824
227.583333333
K= 3825
4936.0 , Degree=0
K= 3826
26.0
K= 3827
13.1190476191
K= 3828
127.450540729
K= 3829
5714.54264266
K= 3830
17.5166666666
K= 3831
8588.0
K= 3832
48.9080680431
K= 3833
7.47325581394
K= 3834
4368.0
K= 3835
25.70392835
K= 3836
22.0810606061
K= 3837
4912.16666667
K= 3838
420.529166667
K= 3839
129.0
K= 3840
11.5269337801
K= 3841
4125.5
K= 3842
4936.0 , Degree=0
K= 3843
4492.70392835
K= 3844
4383.77444189
K= 3845
25.1660922412
K= 3846
22.70392835
K= 3847
4122.0
K= 3848
21.6660922412
K= 3849
10.3583333334
K= 3850
4826.31358388
K= 3851
42.8767831839
K= 3852
8583.0
K= 3853
12.7303454714
K= 3854
35.9857142858
K= 3855
457.266666667
K= 3856
4841.23492063
K= 3857
14.511904762
K= 3858
120.0
K= 3859
21.1555555555
K= 3860
61.7884781887
K= 3861
19.5499999998
K= 3862
4117.36017094
K= 3863
113.967857143
K= 3864
63.7164285715
K= 3865
4916.71666667
K= 3866
4936.0 , Degree=0
K= 3867
26.3150394611
K= 3868
142.34389638
K= 3869
812.848448773
K= 3870
63.7054776303
K= 3871
18.0333333333
K= 3872
305.113202334
K= 3873
4152.0
K= 3874
26.3150394611
K= 3875
13.0166666666
K= 3876
26.3150394611
K= 3877
26.3150394611
K= 3878
4606.0
K= 3879
42.2791666667
K= 3880
25.70392835
K= 3881
14.7736235454
K= 3882
4492.70392835
K= 3883
4287.75
K= 3884
24.4416666668
K= 3885
4873.91201299
K= 3886
26.3150394611
K= 3887
25.128477004
K= 3888
355.907528177
K= 3889
16.5766233766
K= 3890
4835.62381946
K= 3891
4604.37234791
K= 3892
185.083333333
K= 3893
18.7160633485
K= 3894
11.8084207458
K= 3895
4452.0
K= 3896
4492.70392835
K= 3897
8409.71666667
K= 3898
409.328259286
K= 3899
4394.5
K= 3900
4936.0 , Degree=0
K= 3901
4479.73333333
K= 3902
8596.0
K= 3903
4618.0
K= 3904
177.15995671
K= 3905
249.110236822
K= 3906
4909.43800939
K= 3907
8964.03333333
K= 3908
8596.0
K= 3909
4846.45476191
K= 3910
205.95
K= 3911
25.20392835
K= 3912
22.7835497835
K= 3913
500.283502608
K= 3914
81.6097846599
K= 3915
25.8611473902
K= 3916
8574.0
K= 3917
4995.70846452
K= 3918
4152.0
K= 3919
26.3150394611
K= 3920
36.1395487116
K= 3921
284.591616234
K= 3922
4593.56898336
K= 3923
166.0
K= 3924
180.0
K= 3925
16.0166666666
K= 3926
235.163000978
K= 3927
296.0
K= 3928
12.7803578464
K= 3929
414.258333333
K= 3930
9.47341865813
K= 3931
281.546428571
K= 3932
16.4095238094
K= 3933
34.4222222222
K= 3934
15.1738502238
K= 3935
4976.21325864
K= 3936
22.70392835
K= 3937
4476.46432775
K= 3938
122.515900326
K= 3939
4671.8386525
K= 3940
4618.0
K= 3941
8595.0
K= 3942
227.583333333
K= 3943
4756.36581445
K= 3944
14.2619047619
K= 3945
150.0
K= 3946
4698.91887171
K= 3947
4125.66666667
K= 3948
25.8611473902
K= 3949
4562.83412698
K= 3950
4864.74550523
K= 3951
57.1489223739
K= 3952
153.6625
K= 3953
44.5074064824
K= 3954
149.0
K= 3955
4484.51666667
K= 3956
141.5
K= 3957
20.9053030303
K= 3958
123.5
K= 3959
4287.75
K= 3960
4936.0 , Degree=0
K= 3961
227.583333333
K= 3962
36.8044866758
K= 3963
23.0483727944
K= 3964
4540.0
K= 3965
4484.86904762
K= 3966
4891.18452381
K= 3967
23.3958975965
K= 3968
13.3571428572
K= 3969
4865.61351426
K= 3970
8.95017001627
K= 3971
226.583333333
K= 3972
429.785805378
K= 3973
22.556963298
K= 3974
11.5310457515
K= 3975
4561.83412698
K= 3976
38.7760910712
K= 3977
4687.32896436
K= 3978
12.85
K= 3979
26.3150394611
K= 3980
418.898770674
K= 3981
4766.51519952
K= 3982
4841.23492063
K= 3983
15.8
K= 3984
28.3150394611
K= 3985
16.5166666666
K= 3986
4616.0
K= 3987
60.3163530915
K= 3988
15.0952380953
K= 3989
4800.83412698
K= 3990
9557.26655795
K= 3991
4482.16190476
K= 3992
4122.0
K= 3993
32.2625000001
K= 3994
4608.83412698
K= 3995
32.8377625589
K= 3996
8596.0
K= 3997
196.583333333
K= 3998
255.018106894
K= 3999
145.616666667
K= 4000
4508.37319285
K= 4001
204.95
K= 4002
626.426190476
K= 4003
5097.10511936
K= 4004
15.6812229436
K= 4005
4122.0
K= 4006
40.0789904542
K= 4007
149.333333333
K= 4008
25.70392835
K= 4009
4929.16666667
K= 4010
4208.9801356
K= 4011
122.5
K= 4012
4632.0
K= 4013
196.0
K= 4014
4741.63994967
K= 4015
8589.0
K= 4016
4841.23492063
K= 4017
4936.0 , Degree=0
K= 4018
4628.0
K= 4019
538.719480519
K= 4020
363.166666667
K= 4021
131.66373828
K= 4022
4936.0 , Degree=0
K= 4023
4487.84271397
K= 4024
4287.75
K= 4025
419.682366707
K= 4026
4876.42378455
K= 4027
51.4078566999
K= 4028
19.1444444443
K= 4029
4861.90841009
K= 4030
10.3962647001
K= 4031
6064.77550223
K= 4032
4884.81419206
K= 4033
14.8666666666
K= 4034
4936.0 , Degree=0
K= 4035
11632.063816
K= 4036
148.0
K= 4037
4122.0
K= 4038
4967.6
K= 4039
4835.36625768
K= 4040
4856.80885639
K= 4041
4287.75
K= 4042
126.0
K= 4043
8586.0
K= 4044
147.840909091
K= 4045
4730.5007992
K= 4046
19.9838951827
K= 4047
2480.73902728
K= 4048
4306.0
K= 4049
15.0952380953
K= 4050
26.3150394611
K= 4051
5.69170927128
K= 4052
4287.75
K= 4053
4287.75
K= 4054
10.1533699633
K= 4055
4798.33412698
K= 4056
167.0
K= 4057
178.0
K= 4058
4493.20392835
K= 4059
26.3150394611
K= 4060
4927.57390747
K= 4061
33.1906629318
K= 4062
385.016277193
K= 4063
15.569047619
K= 4064
4287.75
K= 4065
180.0
K= 4066
4821.19098124
K= 4067
14.8666666666
K= 4068
8596.0
K= 4069
4895.24589876
K= 4070
4936.0 , Degree=0
K= 4071
379.879761905
K= 4072
73.3304776303
K= 4073
30.6889905264
K= 4074
33.7916941147
K= 4075
318.427168127
K= 4076
16.0166666666
K= 4077
42.2337523589
K= 4078
8595.81333481
K= 4079
47.5635283426
K= 4080
4903.30982025
K= 4081
12.6815476191
K= 4082
15.5333333333
K= 4083
299.277399267
K= 4084
4772.23483091
K= 4085
11.5012691229
K= 4086
69.8873638345
K= 4087
396.954501622
K= 4088
4631.2
K= 4089
4606.0
K= 4090
4287.75
K= 4091
196.916666667
K= 4092
4492.70392835
K= 4093
8596.0
K= 4094
40.1399551837
K= 4095
4618.0
K= 4096
4811.42378455
K= 4097
167.757142857
K= 4098
14.9238502238
K= 4099
12.4761904761
K= 4100
13.5952380953
K= 4101
4895.83190976
K= 4102
13.2166666666
K= 4103
4476.12134159
K= 4104
8.18650793633
K= 4105
4775.9006622
K= 4106
33.0513030128
K= 4107
14.8220779222
K= 4108
4927.06875522
K= 4109
4936.0 , Degree=0
K= 4110
29.7211316745
K= 4111
8584.0
K= 4112
350.035421888
K= 4113
21.1951550945
K= 4114
25.70392835
K= 4115
8586.0
K= 4116
6.15457127278
K= 4117
17.5166666666
K= 4118
4122.0
K= 4119
11.7386363636
K= 4120
82.2490445182
K= 4121
4122.0
K= 4122
2268.68813259
K= 4123
32.6961038961
K= 4124
4600.83412698
K= 4125
4601.0
K= 4126
10.1543714455
K= 4127
4911.5
K= 4128
4848.792288
K= 4129
26.3132278669
K= 4130
8518.0
K= 4131
574.83003663
K= 4132
752.433333333
K= 4133
4492.70392835
K= 4134
113.0
K= 4135
8596.0
K= 4136
4873.37742107
K= 4137
5110.30464149
K= 4138
4871.37278277
K= 4139
10.6666666666
K= 4140
17.5166666666
K= 4141
4936.0 , Degree=0
K= 4142
4287.75
K= 4143
102.885714286
K= 4144
4935.01160589
K= 4145
4880.23492063
K= 4146
4845.92483994
K= 4147
227.583333333
K= 4148
4122.0
K= 4149
4319.0
K= 4150
412.285714286
K= 4151
449.329997453
K= 4152
29.6202380953
K= 4153
14.8666666666
K= 4154
11.511904762
K= 4155
140.0
K= 4156
8956.84444444
K= 4157
3268.6042702
K= 4158
26.3150394611
K= 4159
3597.27195488
K= 4160
4616.0
K= 4161
14.2109988539
K= 4162
4122.0
K= 4163
8589.0
K= 4164
4959.26666667
K= 4165
21.8051742919
K= 4166
560.558961871
K= 4167
472.583333333
K= 4168
4870.13201786
K= 4169
135.5
K= 4170
45.9080680431
K= 4171
124.683333333
K= 4172
9753.36473341
K= 4173
13.5071835571
K= 4174
185.0
K= 4175
217.583333333
K= 4176
30.5277529026
K= 4177
14.6738502238
K= 4178
8596.30844156
K= 4179
201.616666666
K= 4180
4822.1580223
K= 4181
4816.1580223
K= 4182
58.6666666666
K= 4183
362.006597281
K= 4184
4486.56452381
K= 4185
14.1190476192
K= 4186
8596.0
K= 4187
25.8150394611
K= 4188
4895.45595238
K= 4189
15.9736947314
K= 4190
14.0902618866
K= 4191
4571.08773449
K= 4192
215.0
K= 4193
4475.275
K= 4194
10.4190476191
K= 4195
4287.75
K= 4196
40.0
K= 4197
4492.70392835
K= 4198
9.81766625517
K= 4199
21.8543334736
K= 4200
4811.42378455
K= 4201
15.4189646182
K= 4202
13.519191919
K= 4203
26.3150394611
K= 4204
11.5000000001
K= 4205
4492.86114739
K= 4206
70.0834421704
K= 4207
15.0845238095
K= 4208
4936.0 , Degree=0
K= 4209
13417.606746
K= 4210
4934.84642857
K= 4211
339.844444444
K= 4212
8596.0
K= 4213
4154.0
K= 4214
15.8
K= 4215
4558.02738095
K= 4216
26.3150394611
K= 4217
411.424921841
K= 4218
19.2844142786
K= 4219
6187.86243157
K= 4220
29.70392835
K= 4221
140.648208312
K= 4222
17.5999999999
K= 4223
4596.5
K= 4224
4478.64177489
K= 4225
4841.23492063
K= 4226
148.0
K= 4227
4122.0
K= 4228
183.333333333
K= 4229
14.3666666667
K= 4230
26.3150394611
K= 4231
5641.78454955
K= 4232
4425.0
K= 4233
4492.70392835
K= 4234
18.0399721193
K= 4235
408.213380492
K= 4236
21.3235964228
K= 4237
14.6
K= 4238
65.7469066157
K= 4239
28.7301587302
K= 4240
31.5053397754
K= 4241
11651.1854331
K= 4242
8933.09610872
K= 4243
24.5919222207
K= 4244
4478.28499278
K= 4245
24.6615777338
K= 4246
13.8690476191
K= 4247
4122.0
K= 4248
24.2214719495
K= 4249
4530.0
K= 4250
393.94295544
K= 4251
4848.95719697
K= 4252
194.583333333
K= 4253
4656.00481602
K= 4254
4287.75
K= 4255
26.3150394611
K= 4256
151.5
K= 4257
8371.11111111
K= 4258
8589.0
K= 4259
9.3432900433
K= 4260
4484.6
K= 4261
4483.51666667
K= 4262
4608.83412698
K= 4263
4474.21076605
K= 4264
4093.0
K= 4265
4492.70392835
K= 4266
16.2869519367
K= 4267
406.138387021
K= 4268
26.3150394611
K= 4269
4559.075
K= 4270
4881.52916667
K= 4271
384.500799201
K= 4272
4936.0 , Degree=0
K= 4273
4492.70392835
K= 4274
4287.75
K= 4275
10.3498737373
K= 4276
15.5333333333
K= 4277
4492.20392835
K= 4278
10.56753663
K= 4279
4920.4952381
K= 4280
4599.0
K= 4281
13.8047619048
K= 4282
17650.0
K= 4283
20.3758450495
K= 4284
8589.0
K= 4285
12.8285714287
K= 4286
6454.4840531
K= 4287
17547.2
K= 4288
2641.56494617
K= 4289
11631.8083684
K= 4290
4594.53901458
K= 4291
9.04895659699
K= 4292
16.5166666665
K= 4293
11624.6574384
K= 4294
133.183333333
K= 4295
76.6543945061
K= 4296
4840.62458457
K= 4297
4936.0 , Degree=0
K= 4298
4841.23492063
K= 4299
4477.93453907
K= 4300
4883.96793562
K= 4301
150.0
K= 4302
4482.16190476
K= 4303
4505.99682563
K= 4304
4502.37319285
K= 4305
391.549484962
K= 4306
36.1387743013
K= 4307
17.5166666666
K= 4308
4492.70392835
K= 4309
11.511904762
K= 4310
4861.96779609
K= 4311
13.0666666667
K= 4312
4287.75
K= 4313
15.1619047619
K= 4314
17.6714285715
K= 4315
16.0166666666
K= 4316
210.583333333
K= 4317
4476.79199382
K= 4318
26.3150394611
K= 4319
14.6
K= 4320
227.583333333
K= 4321
376.515199521
K= 4322
11.7251082251
K= 4323
14.6666666666
K= 4324
28.7701871075
K= 4325
7.61549145286
K= 4326
16.5166666666
K= 4327
206.333333333
K= 4328
11.5084415585
K= 4329
10.3126206038
K= 4330
43.4603645146
K= 4331
420.211904762
K= 4332
43.1386879458
K= 4333
48.2136156369
K= 4334
26.3150394611
K= 4335
375.174924765
K= 4336
4960.76525379
K= 4337
14.5190476191
K= 4338
26.0197884417
K= 4339
4776.5007992
K= 4340
22.70392835
K= 4341
4484.86904762
K= 4342
4152.0
K= 4343
131.833333333
K= 4344
4696.14600574
K= 4345
13.5666666667
K= 4346
9.30637362623
K= 4347
8571.0
K= 4348
4746.32896436
K= 4349
4492.70392835
K= 4350
548.866666667
K= 4351
12.4444444444
K= 4352
27.7382397755
K= 4353
560.925
K= 4354
4406.33412698
K= 4355
8532.75
K= 4356
4823.0
K= 4357
15.8
K= 4358
17.5166666665
K= 4359
24.2965642585
K= 4360
1763.5979031
K= 4361
11.0
K= 4362
4853.32953326
K= 4363
7.24848484842
K= 4364
8264.75
K= 4365
4146.16666667
K= 4366
40.0866310662
K= 4367
35.6666666666
K= 4368
89.6097846599
K= 4369
15.8
K= 4370
4122.0
K= 4371
4825.76699777
K= 4372
89.0714285721
K= 4373
4122.0
K= 4374
4604.17106704
K= 4375
628.25
K= 4376
22.9918414918
K= 4377
4586.0
K= 4378
4722.12619048
K= 4379
4800.83412698
K= 4380
58.9722947804
K= 4381
4800.83412698
K= 4382
4917.33333333
K= 4383
14.511904762
K= 4384
13419.6338384
K= 4385
4492.70392835
K= 4386
4478.53571429
K= 4387
4743.88964494
K= 4388
4874.17777778
K= 4389
5352.48571429
K= 4390
18.4017508519
K= 4391
15.0952380953
K= 4392
11631.1609675
K= 4393
35.7726495725
K= 4394
4156.0
K= 4395
85.1938060489
K= 4396
4936.0 , Degree=0
K= 4397
4944.17222222
K= 4398
25.70392835
K= 4399
151.0
K= 4400
31.4500000001
K= 4401
4800.83412698
K= 4402
5110.30464149
K= 4403
46.7012321011
K= 4404
4936.0 , Degree=0
K= 4405
24.70392835
K= 4406
16.4333333333
K= 4407
560.558961871
K= 4408
4284.75
K= 4409
4492.70392835
K= 4410
4608.83412698
K= 4411
450.963199665
K= 4412
51.7222947804
K= 4413
14.5333333333
K= 4414
8596.0
K= 4415
4560.8198296
K= 4416
8563.65714286
K= 4417
4479.68571429
K= 4418
4492.70392835
K= 4419
56.4034707374
K= 4420
376.458111821
K= 4421
10.7865079364
K= 4422
144.0
K= 4423
4477.04093344
K= 4424
11.819047619
K= 4425
4746.32896436
K= 4426
4122.0
K= 4427
4608.8202381
K= 4428
25.70392835
K= 4429
44.468843042
K= 4430
4152.0
K= 4431
16.5787601287
K= 4432
159.422222222
K= 4433
52.7222947804
K= 4434
5868.36261635
K= 4435
96.674242424
K= 4436
4482.16190476
K= 4437
73.3304776303
K= 4438
4864.74550523
K= 4439
438.333333333
K= 4440
18.3696581195
K= 4441
4945.6
K= 4442
43.3982919253
K= 4443
10.3055555555
K= 4444
16.4095238094
K= 4445
4121.0
K= 4446
4287.75
K= 4447
8540.0
K= 4448
392.888402781
K= 4449
4936.0 , Degree=0
K= 4450
4492.70392835
K= 4451
11.0627705627
K= 4452
180.5
K= 4453
4491.88495691
K= 4454
4936.0 , Degree=0
K= 4455
32.9455946463
K= 4456
4492.70392835
K= 4457
39.6951928596
K= 4458
4811.42378455
K= 4459
10.8222222221
K= 4460
4800.83412698
K= 4461
3354.12986405
K= 4462
474.85
K= 4463
4667.58333333
K= 4464
36.9610162644
K= 4465
283.034940086
K= 4466
17.5166666666
K= 4467
4771.66787657
K= 4468
4492.70392835
K= 4469
4663.36581445
K= 4470
4146.16666667
K= 4471
54.638888889
K= 4472
38.4239435324
K= 4473
15.5333333333
K= 4474
15.0333333333
K= 4475
4121.0
K= 4476
41.5444444445
K= 4477
4287.75
K= 4478
4967.6
K= 4479
25.8611473901
K= 4480
864.420238095
K= 4481
26.3150394611
K= 4482
3917.84125678
K= 4483
4835.62381946
K= 4484
197.083333333
K= 4485
4273.0
K= 4486
4594.41329791
K= 4487
26.3150394611
K= 4488
283.625555986
K= 4489
387.011163445
K= 4490
891.865022668
K= 4491
16.5166666665
K= 4492
4843.02382374
K= 4493
13415.7690476
K= 4494
16.5166666666
K= 4495
4594.5
K= 4496
40.813073593
K= 4497
5584.26835619
K= 4498
17146.0
K= 4499
4607.0
K= 4500
184.333333333
K= 4501
11718.8635231
K= 4502
482.162337662
K= 4503
4477.1645614
K= 4504
18.6124999999
K= 4505
4482.66190476
K= 4506
4504.56096815
K= 4507
24.6764705882
K= 4508
141.5
K= 4509
4776.5007992
K= 4510
4287.75
K= 4511
201.75
K= 4512
398.816666667
K= 4513
4879.98678805
K= 4514
13.3190476191
K= 4515
432.85952381
K= 4516
26.3150394611
K= 4517
16.5166666665
K= 4518
11600.1205628
K= 4519
177.0
K= 4520
428.704304029
K= 4521
25.5238095239
K= 4522
8589.0
K= 4523
4742.84945266
K= 4524
5110.30464149
K= 4525
39.9333333335
K= 4526
13.5666666667
K= 4527
4746.32896436
K= 4528
17.356354696
K= 4529
12.5777777778
K= 4530
26.3150394611
K= 4531
8589.0
K= 4532
15.0333333333
K= 4533
12.5777777778
K= 4534
13.0666666667
K= 4535
4606.83412698
K= 4536
4857.82269045
K= 4537
38.6493380157
K= 4538
15.7666666666
K= 4539
26.3150394611
K= 4540
224.083333333
K= 4541
572.939546791
K= 4542
25.8150394611
K= 4543
4481.07925408
K= 4544
4439.75
K= 4545
4930.18241758
K= 4546
595.914589424
K= 4547
8596.0
K= 4548
319.931060606
K= 4549
31.7287878788
K= 4550
10.5597943722
K= 4551
4287.75
K= 4552
8559.36538462
K= 4553
4780.48642191
K= 4554
158.1
K= 4555
8477.83333333
K= 4556
19.2392620242
K= 4557
4936.0 , Degree=0
K= 4558
4727.37777778
K= 4559
8583.0
K= 4560
4287.75
K= 4561
560.558961871
K= 4562
26.3150394611
K= 4563
4593.0
K= 4564
4800.83412698
K= 4565
21.8792631013
K= 4566
4843.61351426
K= 4567
12.8285714287
K= 4568
187.533333334
K= 4569
156.0
K= 4570
4287.75
K= 4571
74.6754329005
K= 4572
4623.0
K= 4573
319.0
K= 4574
4287.75
K= 4575
11639.2958312
K= 4576
227.583333333
K= 4577
8587.0
K= 4578
4287.75
K= 4579
14.1666666667
K= 4580
4125.82623707
K= 4581
12.4944444444
K= 4582
4575.90711105
K= 4583
333.834126984
K= 4584
28.7529761904
K= 4585
25.70392835
K= 4586
12.8190476191
K= 4587
23.6972222221
K= 4588
516.333333333
K= 4589
200.330952381
K= 4590
46.5241073741
K= 4591
11637.9812934
K= 4592
16.6638888889
K= 4593
4479.63809524
K= 4594
16.8939255188
K= 4595
498.9
K= 4596
26.3150394611
K= 4597
8530.36017094
K= 4598
205.95
K= 4599
4483.51666667
K= 4600
4936.0 , Degree=0
K= 4601
14.8666666667
K= 4602
4776.5007992
K= 4603
9.94647019636
K= 4604
50.6616647242
K= 4605
4912.96319966
K= 4606
208.083333333
K= 4607
150.0
K= 4608
13.6380952381
K= 4609
4671.53333333
K= 4610
89.6097846599
K= 4611
26.3150394611
K= 4612
4926.07802916
K= 4613
4287.75
K= 4614
17.5166666666
K= 4615
4940.50357143
K= 4616
6.33333333337
K= 4617
6511.73749923
Betweenness Centrality Improvement
[  0.00000000e+00   0.00000000e+00   0.00000000e+00 ...,   6.33333333e+00
   6.51173750e+03   0.00000000e+00]
Top 20 BC Improvement
[4282 4287 4498 4384 4209 4493 3753 4501 4241 3647 4575 4591 3760 4035 4289
 4392 4293 4518 4172 3990]
Top 20 BC Improvement
[ 17650.          17547.2         17146.          13419.63383838
  13417.60674603  13415.76904762  11728.41385021  11718.86352311
  11651.1854331   11649.25639232  11639.29583116  11637.9812934
  11634.89539255  11632.06381601  11631.80836839  11631.1609675
  11624.65743845  11600.12056277   9753.36473341   9557.26655795]
