txValue= 10000
Input graph
IGRAPH D--- 4619 68733 -- 
+ attr: pub_key (v), base_fee (e), capacity (e), fee_rate (e), txCost (e)
None
Graph after edges deleted
IGRAPH D--- 4619 68697 -- 
+ attr: pub_key (v), base_fee (e), capacity (e), fee_rate (e), txCost (e)
None
Our nodes starting connections: 
(4618, 2796)
(4618, 1223)
(4618, 1163)
(4618, 498)
(4618, 3265)
(4618, 1589)
(4618, 4051)
CurrentBC of our node:  978477.480135
K= 2400
4602.0
K= 2401
4618.0
K= 2402
4850.91887171
K= 2403
163.0
K= 2404
4936.0 , Degree=0
K= 2405
144.0
K= 2406
12.6000000001
K= 2407
11.8666666667
K= 2408
4402.19302039
K= 2409
145.166666667
K= 2410
41.6722222222
K= 2411
11.5952380954
K= 2412
4479.63809524
K= 2413
4764.15463528
K= 2414
22.6721804512
K= 2415
8594.0
K= 2416
79.5173367433
K= 2417
24.0333333334
K= 2418
13281.6662168
K= 2419
4486.16190476
K= 2420
110.254401154
K= 2421
313.916666667
K= 2422
4373.23649627
K= 2423
8487.33333333
K= 2424
4296.75
K= 2425
1.63333333342
K= 2426
4970.11111111
K= 2427
4480.16190476
K= 2428
8596.66666667
K= 2429
210.583333333
K= 2430
133.0
K= 2431
669.461277049
K= 2432
6.99215686298
K= 2433
35.7513888889
K= 2434
11669.8887641
K= 2435
4484.41991342
K= 2436
4874.46311328
K= 2437
4453.48483853
K= 2438
107.65
K= 2439
4479.21904762
K= 2440
351.404205307
K= 2441
9780.44761905
K= 2442
12.5166666667
K= 2443
20.70392835
K= 2444
11.2000000001
K= 2445
4475.29166667
K= 2446
6.20743145747
K= 2447
375.004816017
K= 2448
5129.44032617
K= 2449
15.6398268399
K= 2450
4560.0
K= 2451
5693.81480068
K= 2452
8.47439309058
K= 2453
431.4
K= 2454
36.4853816065
K= 2455
4296.75
K= 2456
4936.0 , Degree=0
K= 2457
27.8601302864
K= 2458
7.68895636522
K= 2459
179.533333333
K= 2460
20.70392835
K= 2461
189.829490393
K= 2462
8983.72229478
K= 2463
12.5166666667
K= 2464
4936.0 , Degree=0
K= 2465
4818.1580223
K= 2466
396.383793821
K= 2467
4659.58333333
K= 2468
7.61343101342
K= 2469
20.70392835
K= 2470
4870.78316579
K= 2471
4529.98531345
K= 2472
11.2000000001
K= 2473
4128.0
K= 2474
25.0333333334
K= 2475
22.6133699634
K= 2476
8.13315018336
K= 2477
121.414018335
K= 2478
19.9971906164
K= 2479
4476.3681203
K= 2480
4481.43333333
K= 2481
4603.0
K= 2482
4771.5007992
K= 2483
4490.70392835
K= 2484
4833.02317262
K= 2485
29.1444807237
K= 2486
4936.0 , Degree=0
K= 2487
23.4690616246
K= 2488
12.0166666667
K= 2489
74.3569578084
K= 2490
158.15
K= 2491
4603.75079365
K= 2492
10.4453314658
K= 2493
12.4333333335
K= 2494
8537.0
K= 2495
20.70392835
K= 2496
11662.4483259
K= 2497
4490.70392835
K= 2498
4296.75
K= 2499
9.95357142866
K= 2500
20.70392835
K= 2501
20.70392835
K= 2502
8575.61538462
K= 2503
9.40000000002
K= 2504
20.70392835
K= 2505
4490.70392835
K= 2506
10.0722222221
K= 2507
20.70392835
K= 2508
28.6346473043
K= 2509
4881.35833333
K= 2510
4480.43333333
K= 2511
168.702020202
K= 2512
565.258333333
K= 2513
4772.1772307
K= 2514
4239.2
K= 2515
4541.5
K= 2516
247.0
K= 2517
37.2098751094
K= 2518
10.8132376396
K= 2519
20.70392835
K= 2520
44.3585470085
K= 2521
4476.52540461
K= 2522
6.88184822432
K= 2523
143.0
K= 2524
4476.26240601
K= 2525
27.5166666667
K= 2526
4784.00028251
K= 2527
2634.92852805
K= 2528
10.6273363892
K= 2529
4941.01666667
K= 2530
4845.00481602
K= 2531
20.20392835
K= 2532
3437.33477594
K= 2533
4975.20793651
K= 2534
8.98247863248
K= 2535
4631.51519952
K= 2536
4140.16666667
K= 2537
210.583333333
K= 2538
4618.0
K= 2539
392.329533263
K= 2540
163.5
K= 2541
41.20392835
K= 2542
4439.33730159
K= 2543
96.8015327848
K= 2544
8549.0
K= 2545
4869.17777778
K= 2546
4868.95668498
K= 2547
4865.79404762
K= 2548
115.0
K= 2549
4561.83333333
K= 2550
4936.0 , Degree=0
K= 2551
4296.75
K= 2552
4128.0
K= 2553
13.8185926977
K= 2554
6456.3397607
K= 2555
303.880088235
K= 2556
3607.63625098
K= 2557
4568.0
K= 2558
4492.86114739
K= 2559
4602.86008447
K= 2560
188.583333333
K= 2561
7.68650793645
K= 2562
21.3853516749
K= 2563
24.6072701809
K= 2564
179.083333333
K= 2565
17650.0
K= 2566
15.2895604396
K= 2567
8597.0
K= 2568
157.5
K= 2569
138.0
K= 2570
4600.75079365
K= 2571
376.150944619
K= 2572
4891.98131036
K= 2573
8605.0
K= 2574
10.6380952381
K= 2575
16.1778362396
K= 2576
320.267688396
K= 2577
4395.57864358
K= 2578
4936.0 , Degree=0
K= 2579
8754.75
K= 2580
8598.0
K= 2581
29.7707509882
K= 2582
10.3333333333
K= 2583
4597.25
K= 2584
10.5721611723
K= 2585
444.155811287
K= 2586
8818.0
K= 2587
4885.31217949
K= 2588
27.8666666668
K= 2589
179.071905371
K= 2590
22.2597735035
K= 2591
4728.39324468
K= 2592
33.4130368839
K= 2593
10.0325757576
K= 2594
20.70392835
K= 2595
97.9571428573
K= 2596
4603.75079365
K= 2597
4376.12643618
K= 2598
210.333333333
K= 2599
4436.0
K= 2600
400.696842509
K= 2601
388.397198464
K= 2602
11666.2534438
K= 2603
4915.46190476
K= 2604
5480.69018715
K= 2605
908.6381609
K= 2606
145.619047619
K= 2607
4296.75
K= 2608
21.9333333332
K= 2609
4608.5
K= 2610
381.840573565
K= 2611
69.2376595628
K= 2612
20.6656846207
K= 2613
20.3238095237
K= 2614
385.747641808
K= 2615
4767.18423087
K= 2616
12.0670995672
K= 2617
4771.5007992
K= 2618
4479.95357143
K= 2619
4936.0 , Degree=0
K= 2620
4128.0
K= 2621
164.0
K= 2622
9.0357142858
K= 2623
22.8611473901
K= 2624
8.89597069612
K= 2625
5101.7636836
K= 2626
4832.0
K= 2627
4936.0 , Degree=0
K= 2628
26.2625074273
K= 2629
19.4685221782
K= 2630
4844.0456761
K= 2631
4498.12808427
K= 2632
6023.1644744
K= 2633
4936.0 , Degree=0
K= 2634
5101.7636836
K= 2635
8587.0
K= 2636
4859.20732969
K= 2637
383.745505225
K= 2638
155.65
K= 2639
4795.75079365
K= 2640
4490.70392835
K= 2641
4296.75
K= 2642
313.090930221
K= 2643
11.8500000001
K= 2644
4134.5
K= 2645
11631.7943723
K= 2646
12.6000000001
K= 2647
4867.18333333
K= 2648
11.8666666667
K= 2649
129.0
K= 2650
4868.91201299
K= 2651
4481.8
K= 2652
4654.20054073
K= 2653
9.71666666667
K= 2654
192.783333333
K= 2655
27.0761904763
K= 2656
2257.35781346
K= 2657
145.083333333
K= 2658
31.5259275691
K= 2659
4754.41269004
K= 2660
389.967225078
K= 2661
103.25881384
K= 2662
4603.75079365
K= 2663
15.5518170897
K= 2664
4499.5
K= 2665
4781.70380818
K= 2666
452.803954379
K= 2667
34.2833452418
K= 2668
10.1380952381
K= 2669
457.264044604
K= 2670
19.7737812912
K= 2671
25.0257707614
K= 2672
4936.0 , Degree=0
K= 2673
4819.1580223
K= 2674
11.011904762
K= 2675
38.9744503273
K= 2676
402.522598431
K= 2677
4.23454106273
K= 2678
4603.75079365
K= 2679
128.0
K= 2680
4128.0
K= 2681
551.258333333
K= 2682
11676.8229638
K= 2683
4296.75
K= 2684
4296.75
K= 2685
4479.16666667
K= 2686
8549.0
K= 2687
4296.75
K= 2688
23.2000000001
K= 2689
4819.1580223
K= 2690
244.635209242
K= 2691
8593.0
K= 2692
4556.0
K= 2693
270.280393626
K= 2694
4850.09866245
K= 2695
4642.1580223
K= 2696
36.6297979798
K= 2697
4795.75079365
K= 2698
12.4333333335
K= 2699
11.5952380954
K= 2700
20.70392835
K= 2701
4871.93156755
K= 2702
10.1380952381
K= 2703
26.7703425231
K= 2704
8431.33333333
K= 2705
11.8000000002
K= 2706
11.5952380954
K= 2707
8540.0
K= 2708
4595.04630647
K= 2709
20.70392835
K= 2710
88.1270566852
K= 2711
8580.0
K= 2712
3164.37540276
K= 2713
10.0845238095
K= 2714
8.28826075885
K= 2715
42.4738095239
K= 2716
4836.8015873
K= 2717
4199.0
K= 2718
17.1635177688
K= 2719
26.6867424244
K= 2720
4603.75079365
K= 2721
157.0
K= 2722
828.992857143
K= 2723
4128.0
K= 2724
8549.0
K= 2725
200.967434451
K= 2726
44.0635283425
K= 2727
4594.0
K= 2728
4482.55114943
K= 2729
325.750793651
K= 2730
384.158022298
K= 2731
4833.90841009
K= 2732
4822.983743
K= 2733
4476.5040107
K= 2734
4875.8015873
K= 2735
8598.0
K= 2736
147.0
K= 2737
4490.70392835
K= 2738
607.0
K= 2739
22.8611473901
K= 2740
210.583333333
K= 2741
28.5830565862
K= 2742
8.07222222211
K= 2743
20.70392835
K= 2744
19.25
K= 2745
74.0
K= 2746
4296.75
K= 2747
35.9304870721
K= 2748
4819.1580223
K= 2749
4897.8547619
K= 2750
38.90629975
K= 2751
4490.70392835
K= 2752
20.70392835
K= 2753
113.333333333
K= 2754
8592.0
K= 2755
6425.11772538
K= 2756
4862.94077312
K= 2757
37.1042133545
K= 2758
354.19882653
K= 2759
4936.0 , Degree=0
K= 2760
554.258333333
K= 2761
12.5166666667
K= 2762
4841.92483994
K= 2763
38.6816239317
K= 2764
4799.1580223
K= 2765
7.51199813245
K= 2766
165.75
K= 2767
4838.51519952
K= 2768
7.03679653688
K= 2769
4755.5603022
K= 2770
8596.0
K= 2771
4587.0
K= 2772
10.5461700336
K= 2773
4476.44082166
K= 2774
18.4718409585
K= 2775
4936.0 , Degree=0
K= 2776
4480.95635965
K= 2777
4158.33437783
K= 2778
4894.12619048
K= 2779
4448.0
K= 2780
12.5166666667
K= 2781
12.4666666668
K= 2782
32.6361905638
K= 2783
16.7150183149
K= 2784
4591.0
K= 2785
375.670913836
K= 2786
4490.70392835
K= 2787
8817.0
K= 2788
15.4393162393
K= 2789
22.8065072183
K= 2790
15.5305121023
K= 2791
8598.0
K= 2792
4936.0 , Degree=0
K= 2793
35.5333452418
K= 2794
12.4095238096
K= 2795
20.70392835
K= 2796
31.0446741027
K= 2797
35.229978355
K= 2798
7.54670329671
K= 2799
49.6568867706
K= 2800
15.1666666667
K= 2801
5694.79813402
K= 2802
8596.0
K= 2803
12.0445658073
K= 2804
4296.75
K= 2805
6.97696176381
K= 2806
4490.70392835
K= 2807
11.2000000001
K= 2808
20.70392835
K= 2809
20.4418924389
K= 2810
4865.42378455
K= 2811
12.5166666667
K= 2812
233.994554456
K= 2813
1069.08377073
K= 2814
4585.0
K= 2815
4296.75
K= 2816
12.231084318
K= 2817
183.333333333
K= 2818
8600.0
K= 2819
4482.46666667
K= 2820
4562.69830257
K= 2821
4128.0
K= 2822
141.0
K= 2823
4596.0
K= 2824
9.86904761917
K= 2825
149.196129776
K= 2826
35.1762362678
K= 2827
8381.0
K= 2828
21.5781177155
K= 2829
11.5248120301
K= 2830
4603.75079365
K= 2831
4296.75
K= 2832
4561.0
K= 2833
4496.70392835
K= 2834
4482.01666667
K= 2835
4936.0 , Degree=0
K= 2836
14864.5
K= 2837
443.725684222
K= 2838
5101.7636836
K= 2839
6482.43267958
K= 2840
4479.56666667
K= 2841
4915.06666667
K= 2842
533.473448773
K= 2843
208.083333333
K= 2844
9.44166666665
K= 2845
4386.0
K= 2846
125.933333333
K= 2847
22.3490453874
K= 2848
17.8977994228
K= 2849
3955.57949457
K= 2850
10.161904762
K= 2851
138.0
K= 2852
369.296731459
K= 2853
8598.0
K= 2854
15.6569997052
K= 2855
4524.61245493
K= 2856
8944.36840659
K= 2857
138.369047619
K= 2858
6482.43267958
K= 2859
7.73836996348
K= 2860
606.0
K= 2861
41.4078566999
K= 2862
4537.0
K= 2863
6065.84707772
K= 2864
21.20392835
K= 2865
5175.60241247
K= 2866
4128.0
K= 2867
374.845219638
K= 2868
41.8998217469
K= 2869
26.5404175101
K= 2870
4479.31904762
K= 2871
308.850295006
K= 2872
4805.92483994
K= 2873
368.51519952
K= 2874
44.0635283425
K= 2875
392.582572833
K= 2876
4490.70392835
K= 2877
20.70392835
K= 2878
20.70392835
K= 2879
22.8611473901
K= 2880
4492.86114739
K= 2881
8598.0
K= 2882
315.933865933
K= 2883
4962.1
K= 2884
178.333333333
K= 2885
6824.36724749
K= 2886
22.8611473901
K= 2887
188.583333333
K= 2888
53.4384781887
K= 2889
21.3775965254
K= 2890
12.5166666667
K= 2891
12.0166666667
K= 2892
20.70392835
K= 2893
982.817104063
K= 2894
4296.75
K= 2895
159.0
K= 2896
17182.0
K= 2897
432.801206236
K= 2898
345.344444444
K= 2899
321.713262216
K= 2900
166.0
K= 2901
8592.0
K= 2902
4613.0
K= 2903
44.0635283425
K= 2904
20.70392835
K= 2905
4140.16666667
K= 2906
4128.0
K= 2907
11665.7240304
K= 2908
146.0
K= 2909
4563.0
K= 2910
791.245101637
K= 2911
4476.15842799
K= 2912
146.583333333
K= 2913
29.2622326204
K= 2914
4795.75079365
K= 2915
4806.42378455
K= 2916
12.5166666667
K= 2917
197.583333333
K= 2918
4867.27630804
K= 2919
7.51666666672
K= 2920
4490.70392835
K= 2921
4936.0 , Degree=0
K= 2922
4914.96526251
K= 2923
20.70392835
K= 2924
35.3908963585
K= 2925
9.86904761917
K= 2926
400.166666667
K= 2927
4630.83333333
K= 2928
188.616666667
K= 2929
7.19313725503
K= 2930
52.8798212897
K= 2931
16.2385081586
K= 2932
4490.70392835
K= 2933
4819.1580223
K= 2934
10.761904762
K= 2935
459.20264188
K= 2936
22.8611473901
K= 2937
12.4095238096
K= 2938
231.608195583
K= 2939
39.5274547295
K= 2940
10.0666666667
K= 2941
4454.0
K= 2942
71.3175773793
K= 2943
12.5166666667
K= 2944
15.5047979798
K= 2945
4571.5007992
K= 2946
4128.0
K= 2947
4665.1580223
K= 2948
11.3666666667
K= 2949
20.70392835
K= 2950
4448.75
K= 2951
25.0333333334
K= 2952
144.0
K= 2953
552.258333333
K= 2954
4671.34975857
K= 2955
9.56273911265
K= 2956
4296.75
K= 2957
4441.96316739
K= 2958
4128.0
K= 2959
53.9082967354
K= 2960
4675.06951786
K= 2961
5433.1443969
K= 2962
20.70392835
K= 2963
4652.58333333
K= 2964
391.557299605
K= 2965
5.47325581394
K= 2966
8604.0
K= 2967
41.4078566999
K= 2968
184.327517454
K= 2969
4936.0 , Degree=0
K= 2970
4128.0
K= 2971
4805.98424896
K= 2972
4296.75
K= 2973
12.2666666667
K= 2974
10.2245370371
K= 2975
20.7384111086
K= 2976
302.711518497
K= 2977
283.218826193
K= 2978
4520.0
K= 2979
20.70392835
K= 2980
12.5166666667
K= 2981
4444.0
K= 2982
20.70392835
K= 2983
12.5166666667
K= 2984
21.8611473901
K= 2985
8575.0
K= 2986
7.69188034185
K= 2987
4141.5
K= 2988
4801.75079365
K= 2989
4603.75079365
K= 2990
150.583333333
K= 2991
4296.75
K= 2992
20.70392835
K= 2993
11.2000000001
K= 2994
14.7011494252
K= 2995
4487.2
K= 2996
172.65
K= 2997
3184.23097285
K= 2998
4782.34821559
K= 2999
4480.16190476
K= 3000
16.375
K= 3001
4127.0
K= 3002
12.8000000002
K= 3003
9.84444444452
K= 3004
4896.98344156
K= 3005
310.373477912
K= 3006
11.2000000001
K= 3007
4795.75079365
K= 3008
21.079311342
K= 3009
38.9744503273
K= 3010
4871.42378455
K= 3011
632.668664534
K= 3012
4694.75833333
K= 3013
11.9453700323
K= 3014
20.20392835
K= 3015
4845.00481602
K= 3016
4128.0
K= 3017
8.27792889078
K= 3018
23.7723238595
K= 3019
8592.0
K= 3020
4480.36666667
K= 3021
4696.09866245
K= 3022
18.3919413921
K= 3023
4907.76319967
K= 3024
403.011237341
K= 3025
139.267321085
K= 3026
30.2197011322
K= 3027
4822.9882871
K= 3028
8.94166666677
K= 3029
4448.75
K= 3030
4486.25
K= 3031
404.641666667
K= 3032
34.9436819173
K= 3033
34.8942981856
K= 3034
345.344444444
K= 3035
11.8666666667
K= 3036
328.000793651
K= 3037
4936.0 , Degree=0
K= 3038
4482.51666667
K= 3039
12.4333333335
K= 3040
11.2000000001
K= 3041
4603.75079365
K= 3042
4815.29975887
K= 3043
4603.75079365
K= 3044
8544.75
K= 3045
9.54600703844
K= 3046
4476.21500722
K= 3047
13.809196067
K= 3048
4478.04592075
K= 3049
22.8611473901
K= 3050
421.565873016
K= 3051
11.8961038961
K= 3052
20.70392835
K= 3053
11666.4514033
K= 3054
4479.25277778
K= 3055
4128.0
K= 3056
20.70392835
K= 3057
4296.75
K= 3058
424.228968254
K= 3059
20.70392835
K= 3060
4490.70392835
K= 3061
4876.35766733
K= 3062
290.816666667
K= 3063
4815.47619048
K= 3064
4128.0
K= 3065
4296.75
K= 3066
4588.0
K= 3067
23.3666666668
K= 3068
7.03140962776
K= 3069
189.583333333
K= 3070
4838.51519952
K= 3071
11.2000000001
K= 3072
8598.0
K= 3073
4936.0 , Degree=0
K= 3074
4936.0 , Degree=0
K= 3075
8.77291549032
K= 3076
10.161904762
K= 3077
33.8380952382
K= 3078
8598.0
K= 3079
4836.8015873
K= 3080
10.661904762
K= 3081
161.0
K= 3082
20.70392835
K= 3083
4940.15277778
K= 3084
4296.75
K= 3085
21.2887386171
K= 3086
9.95357142866
K= 3087
12.0166666667
K= 3088
4492.86114739
K= 3089
4162.0
K= 3090
3243.21602822
K= 3091
4836.8015873
K= 3092
8580.0
K= 3093
12.4095238096
K= 3094
210.583333333
K= 3095
22.8611473901
K= 3096
11.8666666667
K= 3097
11.3666666667
K= 3098
20.70392835
K= 3099
37.378316
K= 3100
9.08571428584
K= 3101
45.7222947803
K= 3102
248.42857143
K= 3103
4840.37476755
K= 3104
19.7631224712
K= 3105
20.70392835
K= 3106
75.3780386281
K= 3107
4777.50037273
K= 3108
8595.0
K= 3109
12.2666666667
K= 3110
5064.80165944
K= 3111
4936.0 , Degree=0
K= 3112
4296.75
K= 3113
4226.0
K= 3114
37.9809523809
K= 3115
12.0166666667
K= 3116
11.8666666667
K= 3117
159.0
K= 3118
0.0
K= 3119
22.8611473901
K= 3120
4476.73776402
K= 3121
4130.36017094
K= 3122
7.21515151521
K= 3123
472.622222223
K= 3124
0.0
K= 3125
8605.0
K= 3126
445.893119336
K= 3127
4481.01666667
K= 3128
4856.39052753
K= 3129
70.106562137
K= 3130
4838.51519952
K= 3131
2351.84078061
K= 3132
410.696838874
K= 3133
24.2557932263
K= 3134
9.52495543682
K= 3135
192.666666667
K= 3136
36.4119685077
K= 3137
11.8000000002
K= 3138
8631.0
K= 3139
4128.0
K= 3140
8592.5
K= 3141
20.70392835
K= 3142
31.4000000001
K= 3143
4567.40530233
K= 3144
142.0
K= 3145
10.0325757576
K= 3146
210.583333333
K= 3147
4296.75
K= 3148
20.1660922411
K= 3149
322.494444444
K= 3150
21.5965642586
K= 3151
4916.73333333
K= 3152
200.333333333
K= 3153
122.0
K= 3154
4161.0
K= 3155
8605.0
K= 3156
20.70392835
K= 3157
4606.0
K= 3158
20.70392835
K= 3159
1052.16000407
K= 3160
147.0
K= 3161
4481.51666667
K= 3162
9.15714285721
K= 3163
4121.0
K= 3164
60.4624500501
K= 3165
8562.73552851
K= 3166
4775.64831549
K= 3167
36.9182261209
K= 3168
4936.0 , Degree=0
K= 3169
7.68303870049
K= 3170
4618.0
K= 3171
51.6337126601
K= 3172
60.9005179459
K= 3173
4936.0 , Degree=0
K= 3174
30.3556571929
K= 3175
11.8666666667
K= 3176
4632.46480823
K= 3177
66.3453615913
K= 3178
20.3288613692
K= 3179
12.5166666667
K= 3180
133.0
K= 3181
4161.0
K= 3182
11.8666666667
K= 3183
4819.1580223
K= 3184
449.671073654
K= 3185
143.0
K= 3186
22.9839285716
K= 3187
6.25902185938
K= 3188
32.3531852205
K= 3189
9.95357142866
K= 3190
6.61417748919
K= 3191
4936.0 , Degree=0
K= 3192
11660.8993106
K= 3193
4893.20508325
K= 3194
10.6380952381
K= 3195
4836.8015873
K= 3196
4951.8690078
K= 3197
8987.0
K= 3198
5.7501380262
K= 3199
4869.07932052
K= 3200
11.8500000001
K= 3201
13.3265873017
K= 3202
4140.16666667
K= 3203
9.00718355714
K= 3204
165.0
K= 3205
4799.42378455
K= 3206
4296.75
K= 3207
14.9195494865
K= 3208
4199.0
K= 3209
4936.0 , Degree=0
K= 3210
2893.24049788
K= 3211
551.258333333
K= 3212
87.7937233518
K= 3213
4296.75
K= 3214
144.0
K= 3215
158.816666667
K= 3216
4940.60044677
K= 3217
4296.75
K= 3218
9.58147049276
K= 3219
12.4174963926
K= 3220
7.58632478642
K= 3221
424.457235833
K= 3222
4602.85027473
K= 3223
345.872976168
K= 3224
51.6394230769
K= 3225
12.5166666668
K= 3226
184.333333333
K= 3227
8818.0
K= 3228
0.0
K= 3229
545.925
K= 3230
210.781204024
K= 3231
4805.28867244
K= 3232
4480.73333333
K= 3233
4875.51825397
K= 3234
5439.1443969
K= 3235
105.246012325
K= 3236
4936.0 , Degree=0
K= 3237
27.105657193
K= 3238
4614.0
K= 3239
174.317461218
K= 3240
8598.0
K= 3241
13.6000000001
K= 3242
33.6175505052
K= 3243
82.267857143
K= 3244
4875.8015873
K= 3245
5695.88146735
K= 3246
22337.7444444
K= 3247
4296.75
K= 3248
8580.0
K= 3249
4687.55457524
K= 3250
30.3556571929
K= 3251
210.583333333
K= 3252
12.5166666667
K= 3253
12.5166666667
K= 3254
4140.16666667
K= 3255
8953.45021645
K= 3256
20.0523809524
K= 3257
20.20392835
K= 3258
33.1490016519
K= 3259
20.812080023
K= 3260
7.1198412698
K= 3261
4836.8015873
K= 3262
4479.00718356
K= 3263
4128.0
K= 3264
134.0
K= 3265
0.0
K= 3266
27.6866095738
K= 3267
2857.8505427
K= 3268
12.8000000002
K= 3269
11.1333333335
K= 3270
4936.0 , Degree=0
K= 3271
7.15555555548
K= 3272
4603.75079365
K= 3273
476.394429182
K= 3274
110.0
K= 3275
4296.75
K= 3276
189.583333333
K= 3277
9.93968253979
K= 3278
9.18571428582
K= 3279
9.07500000007
K= 3280
282.819434812
K= 3281
20.70392835
K= 3282
163.0
K= 3283
16.0767912138
K= 3284
4612.0
K= 3285
14.3157894737
K= 3286
8.66908831894
K= 3287
4865.96526251
K= 3288
8597.0
K= 3289
399.280808081
K= 3290
14.8452380954
K= 3291
18.4055555556
K= 3292
182.14710609
K= 3293
6.60351403255
K= 3294
45.8389975454
K= 3295
4128.0
K= 3296
4818.82823924
K= 3297
4279.0
K= 3298
528.061904762
K= 3299
20.70392835
K= 3300
7.56343101349
K= 3301
21.2974296843
K= 3302
4296.75
K= 3303
4490.70392835
K= 3304
36.5117918988
K= 3305
4876.52916667
K= 3306
11.8000000002
K= 3307
325.750793651
K= 3308
147.5
K= 3309
4914.66666667
K= 3310
12.4095238096
K= 3311
75.3780386281
K= 3312
20.70392835
K= 3313
4423.27868742
K= 3314
5101.7636836
K= 3315
9.65714285721
K= 3316
8588.0
K= 3317
20.20392835
K= 3318
4771.5007992
K= 3319
139.0
K= 3320
7.81277056271
K= 3321
159.0
K= 3322
4296.75
K= 3323
7.55742296937
K= 3324
17.1258645377
K= 3325
9.84444444452
K= 3326
9.17777777789
K= 3327
17552.2
K= 3328
5.66666666663
K= 3329
19.6764705882
K= 3330
8.48268398282
K= 3331
607.0
K= 3332
4875.51825397
K= 3333
4587.0
K= 3334
4490.20392835
K= 3335
4161.0
K= 3336
15.6245746246
K= 3337
180.033333333
K= 3338
4589.41630592
K= 3339
4757.0
K= 3340
4500.12735272
K= 3341
294.086335404
K= 3342
4936.0 , Degree=0
K= 3343
4580.18333333
K= 3344
11.5952380954
K= 3345
158.15
K= 3346
4584.0
K= 3347
4476.43655844
K= 3348
350.653172931
K= 3349
17650.0
K= 3350
368.848257
K= 3351
4481.2
K= 3352
56.6304388422
K= 3353
20.70392835
K= 3354
17650.0
K= 3355
19.397571478
K= 3356
88.1932900434
K= 3357
8.35026315774
K= 3358
4617.5007992
K= 3359
46.3397148746
K= 3360
8397.5
K= 3361
4888.9867683
K= 3362
150.416666667
K= 3363
5689.96564335
K= 3364
4296.75
K= 3365
4296.75
K= 3366
20.70392835
K= 3367
4871.68236671
K= 3368
10.0666666667
K= 3369
4477.0
K= 3370
4771.5007992
K= 3371
165.283333333
K= 3372
10.1380952381
K= 3373
178.0
K= 3374
462.136371961
K= 3375
4795.75079365
K= 3376
49.5512042253
K= 3377
4128.0
K= 3378
9.36904761917
K= 3379
4161.0
K= 3380
4490.70392835
K= 3381
4771.5007992
K= 3382
4794.75079365
K= 3383
4296.75
K= 3384
142.5
K= 3385
189.583333333
K= 3386
4865.42378455
K= 3387
4296.75
K= 3388
4296.75
K= 3389
667.628100466
K= 3390
21.5
K= 3391
6375.44799591
K= 3392
4128.0
K= 3393
366.486519553
K= 3394
66.7473002683
K= 3395
4791.22568422
K= 3396
210.583333333
K= 3397
4296.75
K= 3398
188.583333333
K= 3399
4279.0
K= 3400
4936.0 , Degree=0
K= 3401
4936.0 , Degree=0
K= 3402
4881.12448107
K= 3403
4917.83026777
K= 3404
4904.26468254
K= 3405
3630.98242218
K= 3406
3621.67474035
K= 3407
158.816666667
K= 3408
20.9874888475
K= 3409
8.36263736268
K= 3410
4882.45595238
K= 3411
12.5166666667
K= 3412
9.26904761908
K= 3413
4482.6
K= 3414
4128.0
K= 3415
6.00935251021
K= 3416
540.61547619
K= 3417
6.86456140364
K= 3418
4490.70392835
K= 3419
20.70392835
K= 3420
9.90726760007
K= 3421
6.45645363396
K= 3422
385.6712306
K= 3423
20.70392835
K= 3424
4815.29975887
K= 3425
743.522480592
K= 3426
4845.00481602
K= 3427
6.56474850827
K= 3428
44.0635283425
K= 3429
6.33333333337
K= 3430
4865.42378455
K= 3431
6.95415499539
K= 3432
492.0
K= 3433
11.2000000001
K= 3434
33.1194677872
K= 3435
4504.28334524
K= 3436
8592.0
K= 3437
4589.0
K= 3438
4603.0
K= 3439
4296.75
K= 3440
4296.75
K= 3441
165.0
K= 3442
4490.70392835
K= 3443
11.2000000001
K= 3444
4936.0 , Degree=0
K= 3445
181.0
K= 3446
4936.0 , Degree=0
K= 3447
115.0
K= 3448
134.5
K= 3449
10.661904762
K= 3450
33.470179741
K= 3451
4936.0 , Degree=0
K= 3452
35.4470167514
K= 3453
20.70392835
K= 3454
497.258333333
K= 3455
4611.5
K= 3456
44.0635283425
K= 3457
12.0166666667
K= 3458
4296.75
K= 3459
4490.70392835
K= 3460
4865.42378455
K= 3461
20.70392835
K= 3462
4815.99143803
K= 3463
8598.0
K= 3464
9.82857142866
K= 3465
114.5
K= 3466
22.3475922116
K= 3467
4388.0
K= 3468
862.426605837
K= 3469
4296.75
K= 3470
13.465452848
K= 3471
12.3666666667
K= 3472
384.656262381
K= 3473
4872.09866245
K= 3474
13.0845238095
K= 3475
4296.75
K= 3476
8595.0
K= 3477
54.878004835
K= 3478
16.2666666667
K= 3479
7.04998547921
K= 3480
4771.5007992
K= 3481
391.374767545
K= 3482
158.0
K= 3483
9.00718355714
K= 3484
7.19632450875
K= 3485
14.8
K= 3486
4478.4
K= 3487
4795.75079365
K= 3488
4603.75079365
K= 3489
20.70392835
K= 3490
141.0
K= 3491
25.3019685692
K= 3492
4936.0 , Degree=0
K= 3493
526.990306598
K= 3494
4936.0 , Degree=0
K= 3495
4020.33333333
K= 3496
4794.98800505
K= 3497
5954.54341067
K= 3498
26.1833333335
K= 3499
4561.0
K= 3500
7.952991453
K= 3501
4694.37737124
K= 3502
4276.75
K= 3503
4161.0
K= 3504
4958.90555556
K= 3505
346.454004329
K= 3506
4916.75
K= 3507
4149.0
K= 3508
27.4095238096
K= 3509
20.70392835
K= 3510
4897.08333333
K= 3511
37.3524031525
K= 3512
4296.75
K= 3513
4495.02577076
K= 3514
6.57922077936
K= 3515
12.6000000001
K= 3516
66.7473002683
K= 3517
11629.7175325
K= 3518
18.3480930835
K= 3519
8.250041625
K= 3520
7.0
K= 3521
4296.75
K= 3522
20.70392835
K= 3523
4296.75
K= 3524
550.1
K= 3525
20.6604500891
K= 3526
10.6380952381
K= 3527
8598.0
K= 3528
11.0952380954
K= 3529
4603.75079365
K= 3530
4484.39998785
K= 3531
404.285714286
K= 3532
4832.4208683
K= 3533
27.7266767733
K= 3534
81.1997638823
K= 3535
11639.4986092
K= 3536
20.70392835
K= 3537
4603.75079365
K= 3538
12.5166666667
K= 3539
4791.22568422
K= 3540
11695.7470734
K= 3541
341.92421338
K= 3542
58.7780386282
K= 3543
159.057142857
K= 3544
4936.0 , Degree=0
K= 3545
177.65
K= 3546
4936.0 , Degree=0
K= 3547
4296.75
K= 3548
11.8666666667
K= 3549
20.70392835
K= 3550
4795.75079365
K= 3551
12.6000000001
K= 3552
40.4078566999
K= 3553
20.70392835
K= 3554
376.077707319
K= 3555
4490.70392835
K= 3556
4805.92483994
K= 3557
143.0
K= 3558
28.5261505721
K= 3559
4652.58333333
K= 3560
12.6000000001
K= 3561
12.9463477698
K= 3562
28.6139796847
K= 3563
4863.3740716
K= 3564
8949.05344079
K= 3565
4907.38809524
K= 3566
8.06904761912
K= 3567
406.03968254
K= 3568
384.158022298
K= 3569
8605.0
K= 3570
4296.75
K= 3571
4296.75
K= 3572
210.583333333
K= 3573
4860.48217893
K= 3574
4555.58828198
K= 3575
4894.32821068
K= 3576
4296.75
K= 3577
14.0458309806
K= 3578
163.583333333
K= 3579
61.3959040913
K= 3580
4128.0
K= 3581
86.5333333334
K= 3582
4886.07612943
K= 3583
4865.42378455
K= 3584
210.583333333
K= 3585
4479.86904762
K= 3586
4602.73690476
K= 3587
190.533333333
K= 3588
11.7083333333
K= 3589
10.9714285715
K= 3590
4535.5962234
K= 3591
318.123675751
K= 3592
4936.0 , Degree=0
K= 3593
8604.0
K= 3594
19.9880952382
K= 3595
4837.51519952
K= 3596
10.4801235365
K= 3597
178.0
K= 3598
4296.75
K= 3599
10.6380952381
K= 3600
41.0384872915
Betweenness Centrality Improvement
[ 0.  0.  0. ...,  0.  0.  0.]
Top 20 BC Improvement
[3246 3354 3349 2565 3327 2896 2836 2418 3540 2682 2434 3053 2602 2907 2496
 3192 3535 2645 3517 2441]
Top 20 BC Improvement
[ 22337.74444444  17650.          17650.          17650.          17552.2
  17182.          14864.5         13281.66621679  11695.74707336
  11676.82296375  11669.88876409  11666.45140333  11666.25344378
  11665.72403041  11662.44832594  11660.89931065  11639.49860917
  11631.79437229  11629.71753247   9780.44761905]
