txValue= 10000
Input graph
IGRAPH D--- 4619 68733 -- 
+ attr: pub_key (v), base_fee (e), capacity (e), fee_rate (e), txCost (e)
None
Graph after edges deleted
IGRAPH D--- 4619 68697 -- 
+ attr: pub_key (v), base_fee (e), capacity (e), fee_rate (e), txCost (e)
None
Our nodes starting connections: 
(4618, 2796)
(4618, 1223)
(4618, 1163)
(4618, 498)
(4618, 3265)
(4618, 1589)
(4618, 4051)
(4618, 3246)
(4618, 2087)
(4618, 2032)
CurrentBC of our node:  1036943.90713
K= 2400
4609.0
K= 2401
4625.0
K= 2402
4862.35220504
K= 2403
186.0
K= 2404
4936.0 , Degree=0
K= 2405
151.0
K= 2406
17.5999999999
K= 2407
15.5333333332
K= 2408
4410.62635372
K= 2409
164.666666667
K= 2410
45.6722222223
K= 2411
15.0952380953
K= 2412
4480.63809524
K= 2413
4775.06990766
K= 2414
25.9578947368
K= 2415
8581.0
K= 2416
81.0880604272
K= 2417
26.0333333333
K= 2418
13307.4162168
K= 2419
4488.16190476
K= 2420
128.496825397
K= 2421
336.583333333
K= 2422
4381.8198296
K= 2423
8474.83333333
K= 2424
4283.75
K= 2425
4.6333333333
K= 2426
4986.81111111
K= 2427
4482.16190476
K= 2428
8586.66666667
K= 2429
236.583333333
K= 2430
143.0
K= 2431
670.208463196
K= 2432
10.3254901962
K= 2433
36.5513888891
K= 2434
11621.5861325
K= 2435
4485.08658009
K= 2436
4885.67263709
K= 2437
4461.23483853
K= 2438
118.65
K= 2439
4480.21904762
K= 2440
365.10658626
K= 2441
9806.79047619
K= 2442
16.5166666665
K= 2443
26.1281707742
K= 2444
11.8666666666
K= 2445
4475.54166667
K= 2446
9.3502886002
K= 2447
388.762391775
K= 2448
5156.24280424
K= 2449
19.6398268397
K= 2450
4572.0
K= 2451
5736.95777432
K= 2452
11.6410597571
K= 2453
438.4
K= 2454
43.7964927176
K= 2455
4283.75
K= 2456
4936.0 , Degree=0
K= 2457
36.8601302864
K= 2458
10.9746706509
K= 2459
192.533333334
K= 2460
22.7039283499
K= 2461
299.137890881
K= 2462
8983.72229478
K= 2463
17.5166666665
K= 2464
4936.0 , Degree=0
K= 2465
4827.46885974
K= 2466
410.929545455
K= 2467
4669.58333333
K= 2468
10.9467643468
K= 2469
26.1205950166
K= 2470
4884.24475245
K= 2471
4537.73531345
K= 2472
14.8666666666
K= 2473
4118.0
K= 2474
33.0333333333
K= 2475
25.6133699634
K= 2476
11.4188644688
K= 2477
134.914018335
K= 2478
25.3893474792
K= 2479
4476.3681203
K= 2480
4482.43333333
K= 2481
4610.0
K= 2482
4782.91492071
K= 2483
4492.70392835
K= 2484
4843.06862716
K= 2485
35.6444807234
K= 2486
4936.0 , Degree=0
K= 2487
36.01451617
K= 2488
16.0166666666
K= 2489
82.5438625702
K= 2490
170.15
K= 2491
4613.83412698
K= 2492
13.7310457516
K= 2493
16.4333333332
K= 2494
8525.0
K= 2495
26.315039461
K= 2496
11614.4483259
K= 2497
4492.70392835
K= 2498
4283.75
K= 2499
13.9535714285
K= 2500
26.315039461
K= 2501
26.315039461
K= 2502
8559.03205128
K= 2503
12.8999999999
K= 2504
26.315039461
K= 2505
4492.70392835
K= 2506
13.0722222222
K= 2507
25.7039283499
K= 2508
34.0790917487
K= 2509
4892.19166667
K= 2510
4481.43333333
K= 2511
191.702020202
K= 2512
589.258333333
K= 2513
4781.52485636
K= 2514
4228.2
K= 2515
4550.5
K= 2516
264.0
K= 2517
42.9983555016
K= 2518
14.0989519253
K= 2519
26.1281707742
K= 2520
51.3585470085
K= 2521
4476.65040461
K= 2522
7.13184822421
K= 2523
153.0
K= 2524
4476.26240601
K= 2525
31.5166666665
K= 2526
4794.36506478
K= 2527
2621.74298221
K= 2528
13.6273363892
K= 2529
4959.73333333
K= 2530
4855.76239177
K= 2531
25.2039283499
K= 2532
3422.78390215
K= 2533
4992.05793651
K= 2534
12.4824786325
K= 2535
4639.57402305
K= 2536
4127.16666667
K= 2537
236.583333333
K= 2538
4626.0
K= 2539
406.797760419
K= 2540
186.5
K= 2541
59.2039283499
K= 2542
4448.62063492
K= 2543
106.851532785
K= 2544
8536.0
K= 2545
4881.97777778
K= 2546
4881.73406593
K= 2547
4878.14404762
K= 2548
123.0
K= 2549
4575.9047619
K= 2550
4936.0 , Degree=0
K= 2551
4283.75
K= 2552
4118.0
K= 2553
19.8185926975
K= 2554
6429.20642737
K= 2555
316.541113022
K= 2556
3593.40410812
K= 2557
4574.0
K= 2558
4492.86114739
K= 2559
4583.96579272
K= 2560
201.583333333
K= 2561
8.01984126994
K= 2562
24.3853516749
K= 2563
24.6072701807
K= 2564
192.083333333
K= 2565
17650.0
K= 2566
20.0895604395
K= 2567
8584.0
K= 2568
180.5
K= 2569
148.0
K= 2570
4610.83412698
K= 2571
389.863065831
K= 2572
4905.78625541
K= 2573
8592.0
K= 2574
14.638095238
K= 2575
25.1778362396
K= 2576
332.870764512
K= 2577
4404.07864358
K= 2578
4936.0 , Degree=0
K= 2579
8741.75
K= 2580
8585.0
K= 2581
38.7707509883
K= 2582
14.3333333333
K= 2583
4603.91666667
K= 2584
14.2388278388
K= 2585
455.027970378
K= 2586
8818.0
K= 2587
4900.37289377
K= 2588
33.8666666667
K= 2589
203.225751525
K= 2590
25.7597735035
K= 2591
4739.44324468
K= 2592
39.1594244046
K= 2593
13.5325757575
K= 2594
26.315039461
K= 2595
106.623809524
K= 2596
4613.83412698
K= 2597
4356.97808832
K= 2598
236.333333333
K= 2599
4443.0
K= 2600
427.551009176
K= 2601
402.357361065
K= 2602
11618.2008122
K= 2603
4930.52857143
K= 2604
5464.09018715
K= 2605
906.9381609
K= 2606
157.785714286
K= 2607
4283.75
K= 2608
29.1
K= 2609
4615.5
K= 2610
394.977438176
K= 2611
77.4245643247
K= 2612
25.6656846207
K= 2613
30.3238095238
K= 2614
400.047831202
K= 2615
4778.06974083
K= 2616
15.4670995671
K= 2617
4782.91492071
K= 2618
4480.6202381
K= 2619
4936.0 , Degree=0
K= 2620
4118.0
K= 2621
187.0
K= 2622
12.7023809523
K= 2623
25.8611473901
K= 2624
12.3959706959
K= 2625
5118.82897826
K= 2626
4842.0
K= 2627
4936.0 , Degree=0
K= 2628
26.2625074273
K= 2629
25.4685221782
K= 2630
4855.38090338
K= 2631
4500.43117678
K= 2632
6004.05790874
K= 2633
4936.0 , Degree=0
K= 2634
5118.82897826
K= 2635
8576.0
K= 2636
4870.61672363
K= 2637
397.836414316
K= 2638
167.65
K= 2639
4805.83412698
K= 2640
4492.70392835
K= 2641
4283.75
K= 2642
326.504263554
K= 2643
15.8499999999
K= 2644
4121.5
K= 2645
11584.461039
K= 2646
17.5999999999
K= 2647
4877.75476191
K= 2648
15.5333333332
K= 2649
140.0
K= 2650
4881.67261905
K= 2651
4482.8
K= 2652
4664.20054073
K= 2653
13.05
K= 2654
207.95
K= 2655
33.0761904762
K= 2656
2272.09520979
K= 2657
157.25
K= 2658
33.6330704262
K= 2659
4764.41269004
K= 2660
405.304802443
K= 2661
111.834882216
K= 2662
4613.83412698
K= 2663
21.7523183429
K= 2664
4506.5
K= 2665
4790.90582838
K= 2666
470.946811522
K= 2667
39.8801589672
K= 2668
13.8047619046
K= 2669
477.161543604
K= 2670
25.3848924022
K= 2671
27.2523903593
K= 2672
4936.0 , Degree=0
K= 2673
4828.46885974
K= 2674
14.5119047619
K= 2675
44.7522439684
K= 2676
416.522598431
K= 2677
7.23454106273
K= 2678
4613.83412698
K= 2679
138.0
K= 2680
4118.0
K= 2681
574.258333333
K= 2682
11628.7932877
K= 2683
4283.75
K= 2684
4283.75
K= 2685
4479.56666667
K= 2686
8536.0
K= 2687
4283.75
K= 2688
29.2
K= 2689
4828.46885974
K= 2690
260.428188017
K= 2691
8580.0
K= 2692
4564.0
K= 2693
269.280393626
K= 2694
4863.24866245
K= 2695
4648.46885974
K= 2696
42.6297979797
K= 2697
4805.83412698
K= 2698
16.4333333332
K= 2699
15.0952380953
K= 2700
25.7039283499
K= 2701
4884.54942469
K= 2702
13.8047619048
K= 2703
31.6036758564
K= 2704
8402.33333333
K= 2705
12.7999999999
K= 2706
15.0952380953
K= 2707
8524.0
K= 2708
4605.1296398
K= 2709
22.7039283499
K= 2710
95.1270566852
K= 2711
8567.0
K= 2712
3145.35175411
K= 2713
13.751190476
K= 2714
11.6215940922
K= 2715
50.2238095237
K= 2716
4848.0015873
K= 2717
4186.0
K= 2718
26.1635177687
K= 2719
31.7455659537
K= 2720
4613.83412698
K= 2721
168.0
K= 2722
860.826190476
K= 2723
4118.0
K= 2724
8536.0
K= 2725
215.116094969
K= 2726
47.5635283425
K= 2727
4603.0
K= 2728
4483.55114943
K= 2729
338.834126984
K= 2730
396.468859737
K= 2731
4844.24469574
K= 2732
4833.14115234
K= 2733
4476.5040107
K= 2734
4887.0015873
K= 2735
8585.0
K= 2736
156.0
K= 2737
4492.70392835
K= 2738
630.0
K= 2739
26.3611473901
K= 2740
236.583333333
K= 2741
36.5830565862
K= 2742
11.0722222222
K= 2743
26.315039461
K= 2744
26.75
K= 2745
73.0
K= 2746
4283.75
K= 2747
41.457617339
K= 2748
4828.46885974
K= 2749
4912.7547619
K= 2750
38.90629975
K= 2751
4492.70392835
K= 2752
26.315039461
K= 2753
118.333333333
K= 2754
4001.38333333
K= 2755
6402.16674499
K= 2756
4873.35743978
K= 2757
39.5172675418
K= 2758
367.731084595
K= 2759
4936.0 , Degree=0
K= 2760
577.258333333
K= 2761
16.5166666665
K= 2762
4853.31075264
K= 2763
38.6816239316
K= 2764
4808.46885974
K= 2765
10.7619981326
K= 2766
178.75
K= 2767
4849.57402305
K= 2768
10.2186147185
K= 2769
4767.02220696
K= 2770
8586.0
K= 2771
4593.0
K= 2772
13.5461700336
K= 2773
4476.574155
K= 2774
21.8051742919
K= 2775
4936.0 , Degree=0
K= 2776
4481.35635965
K= 2777
4144.49906037
K= 2778
4907.69761905
K= 2779
4455.0
K= 2780
16.5166666665
K= 2781
16.4666666666
K= 2782
38.3195238971
K= 2783
20.215018315
K= 2784
4598.0
K= 2785
389.729737366
K= 2786
4492.70392835
K= 2787
8817.0
K= 2788
21.4393162393
K= 2789
25.8065072183
K= 2790
18.5305121022
K= 2791
8585.0
K= 2792
4936.0 , Degree=0
K= 2793
43.1831892702
K= 2794
16.4095238093
K= 2795
25.7039283499
K= 2796
47.3955285945
K= 2797
50.2410894661
K= 2798
10.9467032966
K= 2799
67.6568867706
K= 2800
20.6666666665
K= 2801
5738.94110765
K= 2802
8583.0
K= 2803
15.5445658071
K= 2804
4283.75
K= 2805
10.2269617638
K= 2806
4492.70392835
K= 2807
14.8666666666
K= 2808
26.315039461
K= 2809
23.4418924389
K= 2810
4876.92378455
K= 2811
16.5166666665
K= 2812
235.994554456
K= 2813
1071.08377073
K= 2814
4591.0
K= 2815
4283.75
K= 2816
15.5387766255
K= 2817
196.333333333
K= 2818
8593.0
K= 2819
4483.46666667
K= 2820
4572.44830257
K= 2821
4118.0
K= 2822
151.0
K= 2823
4603.0
K= 2824
13.8690476191
K= 2825
159.418351998
K= 2826
35.1762362679
K= 2827
8365.0
K= 2828
23.5781177155
K= 2829
14.7601061476
K= 2830
4613.83412698
K= 2831
4283.75
K= 2832
4568.0
K= 2833
4498.70392835
K= 2834
4483.01666667
K= 2835
4936.0 , Degree=0
K= 2836
14900.5
K= 2837
456.440075475
K= 2838
5118.82897826
K= 2839
6533.59457145
K= 2840
4480.06666667
K= 2841
4926.56666667
K= 2842
563.475829725
K= 2843
234.083333333
K= 2844
12.9416666665
K= 2845
4393.0
K= 2846
134.6
K= 2847
25.3490453872
K= 2848
27.3388250638
K= 2849
3938.10449457
K= 2850
15.1619047619
K= 2851
148.0
K= 2852
381.407266905
K= 2853
8585.0
K= 2854
19.3236663719
K= 2855
4533.68937801
K= 2856
8944.36840659
K= 2857
148.369047619
K= 2858
6533.59457145
K= 2859
11.0717032967
K= 2860
628.0
K= 2861
51.4078566999
K= 2862
4545.0
K= 2863
6111.69690643
K= 2864
26.2039283499
K= 2865
5199.68617316
K= 2866
4118.0
K= 2867
385.652362495
K= 2868
41.899821747
K= 2869
28.5404175101
K= 2870
4480.31904762
K= 2871
321.888756545
K= 2872
4817.31075264
K= 2873
382.57402305
K= 2874
47.5635283425
K= 2875
406.924901203
K= 2876
4492.70392835
K= 2877
22.7039283499
K= 2878
26.315039461
K= 2879
25.8611473901
K= 2880
4492.86114739
K= 2881
8585.0
K= 2882
328.017199266
K= 2883
4981.41666667
K= 2884
191.333333333
K= 2885
6795.94501041
K= 2886
26.1944807235
K= 2887
201.583333333
K= 2888
58.6702242205
K= 2889
24.3775965254
K= 2890
13.5166666665
K= 2891
16.0166666665
K= 2892
26.315039461
K= 2893
984.817104063
K= 2894
4283.75
K= 2895
182.0
K= 2896
8244.64444444
K= 2897
449.343086579
K= 2898
362.844444444
K= 2899
321.2839859
K= 2900
189.0
K= 2901
8579.0
K= 2902
4620.0
K= 2903
47.5635283425
K= 2904
26.315039461
K= 2905
4127.16666667
K= 2906
4118.0
K= 2907
11617.7240304
K= 2908
156.0
K= 2909
4571.0
K= 2910
823.945498463
K= 2911
4476.30128514
K= 2912
157.75
K= 2913
35.2622326203
K= 2914
4805.83412698
K= 2915
4817.92378455
K= 2916
17.5166666665
K= 2917
223.583333333
K= 2918
4878.78443129
K= 2919
13.6499999999
K= 2920
4492.70392835
K= 2921
4936.0 , Degree=0
K= 2922
4928.71645299
K= 2923
26.315039461
K= 2924
47.7242296918
K= 2925
13.8690476191
K= 2926
439.166666667
K= 2927
4640.83333333
K= 2928
203.783333334
K= 2929
10.6931372549
K= 2930
63.1580680431
K= 2931
16.9051748251
K= 2932
4492.70392835
K= 2933
4828.46885974
K= 2934
13.7619047619
K= 2935
469.371120141
K= 2936
22.8611473901
K= 2937
16.4095238093
K= 2938
244.567909523
K= 2939
43.0274547295
K= 2940
13.5666666665
K= 2941
4461.0
K= 2942
71.3175773792
K= 2943
17.5166666665
K= 2944
19.0047979797
K= 2945
4579.91492071
K= 2946
4118.0
K= 2947
4671.46885974
K= 2948
15.0333333332
K= 2949
26.315039461
K= 2950
4435.75
K= 2951
33.0333333333
K= 2952
152.0
K= 2953
575.258333333
K= 2954
4679.64975857
K= 2955
15.7738502237
K= 2956
4283.75
K= 2957
4450.04650072
K= 2958
4118.0
K= 2959
53.9082967354
K= 2960
4683.87927019
K= 2961
5462.89478675
K= 2962
26.315039461
K= 2963
4663.58333333
K= 2964
407.045875621
K= 2965
10.4732558139
K= 2966
8591.0
K= 2967
52.6300789221
K= 2968
185.90327503
K= 2969
4936.0 , Degree=0
K= 2970
4118.0
K= 2971
4816.09076708
K= 2972
4283.75
K= 2973
15.2666666665
K= 2974
14.2245370371
K= 2975
26.3495222196
K= 2976
316.253185163
K= 2977
296.343826193
K= 2978
4536.0
K= 2979
26.315039461
K= 2980
14.5166666665
K= 2981
4451.0
K= 2982
25.7039283499
K= 2983
16.5166666665
K= 2984
24.8611473901
K= 2985
8559.0
K= 2986
10.9775946275
K= 2987
4128.5
K= 2988
4811.83412698
K= 2989
4613.83412698
K= 2990
162.75
K= 2991
4283.75
K= 2992
26.315039461
K= 2993
14.8666666666
K= 2994
23.7011494252
K= 2995
4487.86666667
K= 2996
197.65
K= 2997
3169.60875063
K= 2998
4795.11488226
K= 2999
4482.16190476
K= 3000
19.375
K= 3001
4114.0
K= 3002
16.7999999999
K= 3003
13.3444444444
K= 3004
4911.74404762
K= 3005
322.542238609
K= 3006
14.8666666666
K= 3007
4805.83412698
K= 3008
30.679311342
K= 3009
44.7522439684
K= 3010
4882.92378455
K= 3011
657.751997867
K= 3012
4706.75833333
K= 3013
15.3090063956
K= 3014
25.815039461
K= 3015
4855.76239177
K= 3016
4118.0
K= 3017
12.1612622241
K= 3018
28.8834349707
K= 3019
4124.32222222
K= 3020
4481.03333333
K= 3021
4706.24866245
K= 3022
23.391941392
K= 3023
4922.39931078
K= 3024
418.594570675
K= 3025
140.133987751
K= 3026
36.334419747
K= 3027
4832.01859013
K= 3028
12.2749999999
K= 3029
4435.75
K= 3030
4493.25
K= 3031
420.475
K= 3032
41.610348584
K= 3033
43.8942981855
K= 3034
362.844444444
K= 3035
15.5333333332
K= 3036
341.084126984
K= 3037
4936.0 , Degree=0
K= 3038
4484.51666667
K= 3039
16.4333333332
K= 3040
14.8666666666
K= 3041
4613.83412698
K= 3042
4825.40748111
K= 3043
4613.83412698
K= 3044
8528.75
K= 3045
12.7278252203
K= 3046
4476.35786436
K= 3047
19.809196067
K= 3048
4478.44592075
K= 3049
25.8611473901
K= 3050
438.829509379
K= 3051
14.8961038961
K= 3052
26.315039461
K= 3053
11618.4514033
K= 3054
4479.75277778
K= 3055
4118.0
K= 3056
26.315039461
K= 3057
4283.75
K= 3058
441.045634921
K= 3059
26.315039461
K= 3060
4492.70392835
K= 3061
4889.35052448
K= 3062
291.216666667
K= 3063
4827.79285714
K= 3064
4118.0
K= 3065
4283.75
K= 3066
4595.0
K= 3067
28.3666666667
K= 3068
10.25363185
K= 3069
203.583333333
K= 3070
4849.57402305
K= 3071
14.8666666666
K= 3072
8585.0
K= 3073
4936.0 , Degree=0
K= 3074
4936.0 , Degree=0
K= 3075
12.0586297759
K= 3076
15.1619047619
K= 3077
33.838095238
K= 3078
8585.0
K= 3079
4848.0015873
K= 3080
14.6619047619
K= 3081
184.0
K= 3082
25.7039283499
K= 3083
4955.46944445
K= 3084
4283.75
K= 3085
26.2887386171
K= 3086
13.9535714285
K= 3087
16.0166666665
K= 3088
4492.86114739
K= 3089
4152.0
K= 3090
3229.26737957
K= 3091
4848.0015873
K= 3092
8567.0
K= 3093
16.4095238093
K= 3094
236.583333333
K= 3095
25.8611473901
K= 3096
15.5333333332
K= 3097
15.0333333332
K= 3098
26.315039461
K= 3099
48.3783159998
K= 3100
12.0857142857
K= 3101
52.7222947803
K= 3102
260.761904763
K= 3103
4852.69105667
K= 3104
25.3742335823
K= 3105
26.315039461
K= 3106
93.6097846599
K= 3107
4788.54799178
K= 3108
8582.0
K= 3109
12.2666666665
K= 3110
5081.3325164
K= 3111
4936.0 , Degree=0
K= 3112
4283.75
K= 3113
4230.0
K= 3114
43.9809523809
K= 3115
16.0166666665
K= 3116
15.5333333332
K= 3117
171.0
K= 3118
0.0
K= 3119
26.3611473901
K= 3120
4477.07109735
K= 3121
4117.36017094
K= 3122
10.5008658008
K= 3123
491.205555556
K= 3124
0.0
K= 3125
8592.0
K= 3126
462.711481529
K= 3127
4482.01666667
K= 3128
4869.93832165
K= 3129
75.1065621369
K= 3130
4849.57402305
K= 3131
2344.7109195
K= 3132
410.696838874
K= 3133
36.4964349376
K= 3134
15.5805109924
K= 3135
218.666666667
K= 3136
44.0845465045
K= 3137
15.7999999999
K= 3138
8615.0
K= 3139
4118.0
K= 3140
8579.5
K= 3141
26.315039461
K= 3142
31.4
K= 3143
4573.97752455
K= 3144
148.5
K= 3145
13.5325757575
K= 3146
236.583333333
K= 3147
4283.75
K= 3148
25.5827589077
K= 3149
340.144444444
K= 3150
23.6734873354
K= 3151
4932.13333333
K= 3152
226.333333333
K= 3153
130.0
K= 3154
4148.0
K= 3155
8592.0
K= 3156
26.315039461
K= 3157
4613.0
K= 3158
22.7039283499
K= 3159
1043.45643264
K= 3160
157.0
K= 3161
4482.51666667
K= 3162
12.6571428571
K= 3163
4119.32222222
K= 3164
68.0735611612
K= 3165
8549.73552851
K= 3166
4785.9939945
K= 3167
42.9182261209
K= 3168
4936.0 , Degree=0
K= 3169
11.0163720339
K= 3170
4625.0
K= 3171
52.3003793267
K= 3172
73.4338512791
K= 3173
4936.0 , Degree=0
K= 3174
37.6334349706
K= 3175
15.5333333332
K= 3176
4643.26846013
K= 3177
73.9532277018
K= 3178
26.3288613691
K= 3179
14.5166666665
K= 3180
143.0
K= 3181
4148.0
K= 3182
15.5333333332
K= 3183
4828.46885974
K= 3184
451.380895082
K= 3185
153.0
K= 3186
22.9839285713
K= 3187
9.44084004126
K= 3188
45.1031852205
K= 3189
13.9535714285
K= 3190
9.79599567084
K= 3191
4936.0 , Degree=0
K= 3192
11612.8993106
K= 3193
4907.34595627
K= 3194
12.638095238
K= 3195
4848.0015873
K= 3196
4963.8690078
K= 3197
8997.0
K= 3198
8.83347135957
K= 3199
4881.64365079
K= 3200
15.8499999999
K= 3201
16.8265873016
K= 3202
4127.16666667
K= 3203
14.207183557
K= 3204
188.0
K= 3205
4810.92378455
K= 3206
4283.75
K= 3207
18.5862161531
K= 3208
4186.0
K= 3209
4936.0 , Degree=0
K= 3210
2909.96391058
K= 3211
574.258333333
K= 3212
94.7937233518
K= 3213
4283.75
K= 3214
154.0
K= 3215
170.816666667
K= 3216
4923.66588794
K= 3217
4283.75
K= 3218
12.7064704924
K= 3219
13.1894262171
K= 3220
10.5863247863
K= 3221
440.976168861
K= 3222
4612.93360806
K= 3223
343.942471966
K= 3224
75.6394230769
K= 3225
16.5166666665
K= 3226
197.333333333
K= 3227
8818.0
K= 3228
0.0
K= 3229
568.925
K= 3230
223.612867954
K= 3231
4818.03152958
K= 3232
4484.73333333
K= 3233
4888.50634921
K= 3234
5468.89478675
K= 3235
151.996012325
K= 3236
4936.0 , Degree=0
K= 3237
33.716768304
K= 3238
4621.0
K= 3239
183.517461218
K= 3240
8585.0
K= 3241
18.5999999999
K= 3242
39.6175505051
K= 3243
99.6984126985
K= 3244
4887.0015873
K= 3245
5740.02444099
K= 3246
2.19722222211
K= 3247
4283.75
K= 3248
8567.0
K= 3249
4696.63149832
K= 3250
37.6334349707
K= 3251
236.583333333
K= 3252
16.5166666665
K= 3253
17.5166666665
K= 3254
4127.16666667
K= 3255
8954.25021645
K= 3256
23.7190476189
K= 3257
22.2039283499
K= 3258
46.3156683187
K= 3259
22.812080023
K= 3260
10.1198412699
K= 3261
4848.0015873
K= 3262
4481.20718356
K= 3263
4118.0
K= 3264
143.0
K= 3265
0.0
K= 3266
34.1310540184
K= 3267
2855.25937729
K= 3268
13.7999999999
K= 3269
12.1333333333
K= 3270
4936.0 , Degree=0
K= 3271
10.1555555556
K= 3272
4613.83412698
K= 3273
494.815857754
K= 3274
118.0
K= 3275
4283.75
K= 3276
202.583333333
K= 3277
13.6063492063
K= 3278
12.6857142857
K= 3279
12.4083333333
K= 3280
285.227008217
K= 3281
26.315039461
K= 3282
186.0
K= 3283
16.3625054994
K= 3284
4619.0
K= 3285
20.7602339181
K= 3286
11.8690883189
K= 3287
4876.71645299
K= 3288
8584.0
K= 3289
414.780808081
K= 3290
18.3452380953
K= 3291
24.4055555556
K= 3292
184.14710609
K= 3293
9.80351403228
K= 3294
54.4150659214
K= 3295
4118.0
K= 3296
4829.90516232
K= 3297
4269.0
K= 3298
545.461904762
K= 3299
25.7039283499
K= 3300
10.8491452991
K= 3301
24.7974296842
K= 3302
4283.75
K= 3303
4492.70392835
K= 3304
35.5117918986
K= 3305
4889.63053221
K= 3306
15.7999999999
K= 3307
338.834126984
K= 3308
170.5
K= 3309
4930.71666667
K= 3310
16.4095238093
K= 3311
93.6097846599
K= 3312
26.315039461
K= 3313
4430.36202076
K= 3314
5118.82897826
K= 3315
13.0571428571
K= 3316
4126.73214286
K= 3317
25.6281707741
K= 3318
4782.91492071
K= 3319
161.0
K= 3320
11.2127705627
K= 3321
171.0
K= 3322
4283.75
K= 3323
10.8907563025
K= 3324
20.4335568453
K= 3325
13.2444444444
K= 3326
12.5777777778
K= 3327
17543.2
K= 3328
9.33333333337
K= 3329
25.0931372548
K= 3330
11.8826839826
K= 3331
630.0
K= 3332
4888.50634921
K= 3333
4593.0
K= 3334
4492.20392835
K= 3335
4148.0
K= 3336
19.6245746245
K= 3337
192.033333333
K= 3338
4599.49963925
K= 3339
4774.0
K= 3340
4501.00054113
K= 3341
314.086335404
K= 3342
4936.0 , Degree=0
K= 3343
4587.63571429
K= 3344
15.0952380953
K= 3345
170.15
K= 3346
4590.0
K= 3347
4476.65878066
K= 3348
362.175395153
K= 3349
17650.0
K= 3350
383.138540401
K= 3351
4481.86666667
K= 3352
68.6304388422
K= 3353
26.315039461
K= 3354
17650.0
K= 3355
21.397571478
K= 3356
88.6932900433
K= 3357
11.3502631579
K= 3358
4625.91492071
K= 3359
64.3397148744
K= 3360
8381.5
K= 3361
4902.68716513
K= 3362
162.583333333
K= 3363
5733.16137101
K= 3364
4283.75
K= 3365
4283.75
K= 3366
26.315039461
K= 3367
4883.53218356
K= 3368
13.5666666665
K= 3369
4478.0
K= 3370
4782.91492071
K= 3371
179.45
K= 3372
14.138095238
K= 3373
191.0
K= 3374
480.368117993
K= 3375
4805.83412698
K= 3376
56.11087877
K= 3377
4118.0
K= 3378
13.3690476191
K= 3379
4148.0
K= 3380
4492.70392835
K= 3381
4782.91492071
K= 3382
4804.83412698
K= 3383
4283.75
K= 3384
152.5
K= 3385
202.583333333
K= 3386
4876.92378455
K= 3387
4283.75
K= 3388
4283.75
K= 3389
696.413100466
K= 3390
25.0
K= 3391
6355.19145996
K= 3392
4115.0
K= 3393
383.274464743
K= 3394
74.3971442967
K= 3395
4800.94007548
K= 3396
236.583333333
K= 3397
4283.75
K= 3398
201.583333333
K= 3399
4269.0
K= 3400
4936.0 , Degree=0
K= 3401
4936.0 , Degree=0
K= 3402
4894.82448107
K= 3403
4932.94137888
K= 3404
4917.66746032
K= 3405
3618.17408885
K= 3406
3606.59189345
K= 3407
170.816666667
K= 3408
23.9874888476
K= 3409
11.6483516484
K= 3410
4896.68625541
K= 3411
16.5166666665
K= 3412
12.269047619
K= 3413
4484.6
K= 3414
4118.0
K= 3415
9.12699956878
K= 3416
563.61547619
K= 3417
10.1502756891
K= 3418
4492.70392835
K= 3419
25.7039283499
K= 3420
14.9628231556
K= 3421
9.63827181573
K= 3422
398.924182918
K= 3423
26.315039461
K= 3424
4825.40748111
K= 3425
770.82213497
K= 3426
4855.76239177
K= 3427
9.7185946618
K= 3428
47.5635283425
K= 3429
6.33333333337
K= 3430
4876.92378455
K= 3431
10.2874883286
K= 3432
515.0
K= 3433
14.8666666666
K= 3434
36.1194677871
K= 3435
4506.88015897
K= 3436
8579.0
K= 3437
4597.0
K= 3438
4610.0
K= 3439
4283.75
K= 3440
4283.75
K= 3441
188.0
K= 3442
4492.70392835
K= 3443
14.8666666666
K= 3444
4936.0 , Degree=0
K= 3445
191.0
K= 3446
4936.0 , Degree=0
K= 3447
124.0
K= 3448
145.5
K= 3449
15.6619047619
K= 3450
39.2165672617
K= 3451
4936.0 , Degree=0
K= 3452
41.9470167514
K= 3453
26.315039461
K= 3454
520.258333333
K= 3455
4618.5
K= 3456
47.5635283425
K= 3457
16.0166666666
K= 3458
4283.75
K= 3459
4492.70392835
K= 3460
4876.92378455
K= 3461
22.7039283499
K= 3462
4826.86729578
K= 3463
8469.38333333
K= 3464
12.8285714285
K= 3465
123.5
K= 3466
27.4245152884
K= 3467
4394.0
K= 3468
861.305177266
K= 3469
4283.75
K= 3470
19.4654528478
K= 3471
19.0333333332
K= 3472
398.320005071
K= 3473
4885.24866245
K= 3474
17.5845238094
K= 3475
4283.75
K= 3476
8582.0
K= 3477
55.5030048348
K= 3478
19.2666666665
K= 3479
10.2999854791
K= 3480
4782.91492071
K= 3481
406.691056665
K= 3482
171.0
K= 3483
14.2071835571
K= 3484
10.7796578421
K= 3485
20.0499999998
K= 3486
4480.06666667
K= 3487
4805.83412698
K= 3488
4613.83412698
K= 3489
26.315039461
K= 3490
151.0
K= 3491
40.3019685691
K= 3492
4936.0 , Degree=0
K= 3493
532.990306598
K= 3494
4936.0 , Degree=0
K= 3495
4012.33333333
K= 3496
4808.06527778
K= 3497
5994.0014049
K= 3498
31.1833333333
K= 3499
4568.0
K= 3500
11.2863247864
K= 3501
4704.42516536
K= 3502
4263.75
K= 3503
4148.0
K= 3504
4977.40555556
K= 3505
362.620670996
K= 3506
4927.83333333
K= 3507
4136.0
K= 3508
31.4095238093
K= 3509
26.315039461
K= 3510
4911.08333333
K= 3511
42.9893079144
K= 3512
4283.75
K= 3513
4497.17546728
K= 3514
9.57922077912
K= 3515
17.5999999999
K= 3516
74.3971442967
K= 3517
11582.0075325
K= 3518
18.3480930832
K= 3519
14.3333749584
K= 3520
12.0
K= 3521
4283.75
K= 3522
25.7039283499
K= 3523
4283.75
K= 3524
571.6
K= 3525
26.2715612001
K= 3526
14.638095238
K= 3527
8585.0
K= 3528
14.5952380953
K= 3529
4613.83412698
K= 3530
4492.89998785
K= 3531
417.285714286
K= 3532
4846.22602703
K= 3533
33.0775887755
K= 3534
88.846151403
K= 3535
11591.8319425
K= 3536
26.315039461
K= 3537
4613.83412698
K= 3538
16.5166666665
K= 3539
4800.94007548
K= 3540
11657.1743377
K= 3541
354.609747972
K= 3542
67.00978466
K= 3543
174.890476191
K= 3544
4936.0 , Degree=0
K= 3545
202.65
K= 3546
4936.0 , Degree=0
K= 3547
4283.75
K= 3548
15.5333333332
K= 3549
22.7039283499
K= 3550
4805.83412698
K= 3551
17.5999999999
K= 3552
47.4078566999
K= 3553
26.315039461
K= 3554
389.230449576
K= 3555
4492.70392835
K= 3556
4817.31075264
K= 3557
153.0
K= 3558
36.5261505721
K= 3559
4662.58333333
K= 3560
17.5999999999
K= 3561
12.9463477699
K= 3562
32.0139796848
K= 3563
4875.26982323
K= 3564
8949.3611331
K= 3565
4921.47619048
K= 3566
11.3547619047
K= 3567
421.973015873
K= 3568
396.468859737
K= 3569
8592.0
K= 3570
4283.75
K= 3571
4283.75
K= 3572
236.583333333
K= 3573
4871.11075036
K= 3574
4565.67161531
K= 3575
4907.36749639
K= 3576
4283.75
K= 3577
17.617259552
K= 3578
176.75
K= 3579
67.9597985301
K= 3580
4118.0
K= 3581
114.533333333
K= 3582
4899.21898657
K= 3583
4876.92378455
K= 3584
236.583333333
K= 3585
4480.86904762
K= 3586
4612.8202381
K= 3587
203.533333334
K= 3588
12.2083333331
K= 3589
14.638095238
K= 3590
4540.50762691
K= 3591
334.909029287
K= 3592
4936.0 , Degree=0
K= 3593
8591.0
K= 3594
24.9880952381
K= 3595
4845.57402305
K= 3596
10.6134568698
K= 3597
202.0
K= 3598
4283.75
K= 3599
14.6380952381
K= 3600
44.5384872915
Betweenness Centrality Improvement
[ 0.  0.  0. ...,  0.  0.  0.]
Top 20 BC Improvement
[3349 3354 2565 3327 2836 2418 3540 2682 2434 3053 2602 2907 2496 3192 3535
 2645 3517 2441 3197 2462]
Top 20 BC Improvement
[ 17650.          17650.          17650.          17543.2         14900.5
  13307.41621679  11657.17433769  11628.79328768  11621.58613251
  11618.45140333  11618.2008122   11617.72403041  11614.44832594
  11612.89931065  11591.8319425   11584.46103896  11582.00753247
   9806.79047619   8997.           8983.72229478]
