txValue= 10000
Input graph
IGRAPH D--- 4619 68733 -- 
+ attr: pub_key (v), base_fee (e), capacity (e), fee_rate (e), txCost (e)
None
Graph after edges deleted
IGRAPH D--- 4619 68697 -- 
+ attr: pub_key (v), base_fee (e), capacity (e), fee_rate (e), txCost (e)
None
Our nodes starting connections: 
(4618, 2796)
(4618, 1223)
CurrentBC of our node:  649089.0
K= 0
16.2642625521
K= 1
5.97738095222
K= 2
8.30952380947
K= 3
46.7458444333
K= 4
220.0
K= 5
4487.28257576
K= 6
109.0
K= 7
9.47619047621
K= 8
4476.02222222
K= 9
7.2655122655
K= 10
4189.0
K= 11
7.37928538292
K= 12
137.25
K= 13
16.2825757576
K= 14
16.8333333333
K= 15
228.727027027
K= 16
16.2825757576
K= 17
4936.0 , Degree=0
K= 18
4.37485380098
K= 19
6.48122710607
K= 20
16.2825757576
K= 21
8.30952380947
K= 22
4629.6537851
K= 23
136.25
K= 24
4473.10472429
K= 25
4.4830387003
K= 26
8.41666666663
K= 27
16.6666666665
K= 28
4483.88819967
K= 29
8.41666666663
K= 30
16.2825757576
K= 31
1054.35883911
K= 32
1220.71803254
K= 33
8.30952380947
K= 34
17.0265724472
K= 35
13.1333333333
K= 36
8657.0
K= 37
4.8008658007
K= 38
4496.35068392
K= 39
5.64682539681
K= 40
4778.34109761
K= 41
8611.0
K= 42
8654.25
K= 43
3.62777777773
K= 44
4.721102971
K= 45
4477.525
K= 46
4293.0
K= 47
8.5
K= 48
137.0
K= 49
4522.0
K= 50
13.0156362486
K= 51
4601.241187
K= 52
15.6332814709
K= 53
18.4758786964
K= 54
16.7333333333
K= 55
4791.71061552
K= 56
4585.0
K= 57
16.2825757576
K= 58
8.30952380947
K= 59
4740.8984127
K= 60
4489.02702703
K= 61
16.576470995
K= 62
16.5291666666
K= 63
4984.86063354
K= 64
20.4334968474
K= 65
4768.90441109
K= 66
2793.49751392
K= 67
4794.4137987
K= 68
136.75
K= 69
25.3212049061
K= 70
4776.11213644
K= 71
3806.38510075
K= 72
4719.07813403
K= 73
4476.10793651
K= 74
3.33192779718
K= 75
8.41666666663
K= 76
8667.33970978
K= 77
4360.0
K= 78
4476.4
K= 79
4189.0
K= 80
40.8333333333
K= 81
4774.54167222
K= 82
4838.7452381
K= 83
4811.88571429
K= 84
23.2260901236
K= 85
5.97738095222
K= 86
4485.39537037
K= 87
4479.33333333
K= 88
4431.0
K= 89
4685.52679643
K= 90
302.288095238
K= 91
16.3333333333
K= 92
447.105555556
K= 93
34.0604978355
K= 94
16.2825757576
K= 95
32.5850593852
K= 96
409.59963339
K= 97
4740.43450618
K= 98
6.78003246745
K= 99
5.00793650793
K= 100
5409.79293876
K= 101
4478.58333333
K= 102
5.73571428563
K= 103
5.60714285704
K= 104
4543.76648352
K= 105
4548.8984127
K= 106
4487.28257576
K= 107
56.6647790102
K= 108
4560.0
K= 109
112.9
K= 110
28.3572462024
K= 111
4936.0 , Degree=0
K= 112
4487.28257576
K= 113
4.15727040416
K= 114
8.33333333337
K= 115
16.2825757576
K= 116
4766.56394716
K= 117
4360.0
K= 118
4812.64129048
K= 119
8.41666666663
K= 120
434.166031147
K= 121
16.2825757576
K= 122
5079.06770753
K= 123
857.261399711
K= 124
4936.0 , Degree=0
K= 125
87.0
K= 126
3.06457431451
K= 127
284.338664114
K= 128
18.3227663279
K= 129
1.51785714284
K= 130
23.7964199589
K= 131
4499.02541903
K= 132
4487.28257576
K= 133
4.21247592987
K= 134
16.2825757576
K= 135
7.95995670988
K= 136
16.2825757576
K= 137
5.95238095219
K= 138
7885.32727273
K= 139
751.818589528
K= 140
4698.59273055
K= 141
428.869138304
K= 142
4360.0
K= 143
6.7565911212
K= 144
16.2825757576
K= 145
3229.20414899
K= 146
6.51111111103
K= 147
8.01948051935
K= 148
5.78571428568
K= 149
4395.8984127
K= 150
4789.93720483
K= 151
11.7047619048
K= 152
3771.54192711
K= 153
4554.23514166
K= 154
4500.78038351
K= 155
4936.0 , Degree=0
K= 156
2.33333333326
K= 157
116.0
K= 158
8660.0
K= 159
267.222525063
K= 160
4475.66071429
K= 161
8661.0
K= 162
4793.73731999
K= 163
8958.28257576
K= 164
372.21984127
K= 165
16.2825757576
K= 166
8.41666666663
K= 167
104.906669489
K= 168
4708.34303121
K= 169
111.4
K= 170
8657.0
K= 171
7.34722222213
K= 172
38.2326298701
K= 173
8.33333333337
K= 174
61.6949016481
K= 175
7.50000000012
K= 176
4740.8984127
K= 177
4706.23514166
K= 178
131.933333333
K= 179
4189.0
K= 180
3.53571428568
K= 181
4936.0 , Degree=0
K= 182
2.77993897779
K= 183
15.4884615385
K= 184
3.0
K= 185
4587.0
K= 186
8660.0
K= 187
7.76666666672
K= 188
4936.0 , Degree=0
K= 189
3.61029978783
K= 190
8630.0
K= 191
103.0
K= 192
4581.0
K= 193
4813.96547619
K= 194
10.0683140726
K= 195
4189.0
K= 196
8790.14285714
K= 197
16.607142857
K= 198
27.441847858
K= 199
17.8333333333
K= 200
66.0
K= 201
4473.26015914
K= 202
61.6949016481
K= 203
4546.8984127
K= 204
978.751530578
K= 205
7.76666666672
K= 206
4936.0 , Degree=0
K= 207
7.76666666672
K= 208
8.57499999995
K= 209
8661.0
K= 210
7.76666666672
K= 211
2.28799019603
K= 212
109.0
K= 213
7.76666666672
K= 214
5.78571428568
K= 215
8630.0
K= 216
8.3666666667
K= 217
16.2116472396
K= 218
4624.91666667
K= 219
21.3077665704
K= 220
2358.26236554
K= 221
7.56666666665
K= 222
67.9411764706
K= 223
8630.0
K= 224
4476.53571429
K= 225
8.41666666663
K= 226
6.4769230769
K= 227
4577.0
K= 228
4581.97044891
K= 229
4402.75
K= 230
4720.71863607
K= 231
4554.45
K= 232
137.0
K= 233
304.441806619
K= 234
16.1455624392
K= 235
332.0
K= 236
16.2825757576
K= 237
109.0
K= 238
4764.88571429
K= 239
2221.04731872
K= 240
4798.7640785
K= 241
12.4952380952
K= 242
4.38888888876
K= 243
16.2825757576
K= 244
16.2825757576
K= 245
8660.0
K= 246
4581.15
K= 247
4763.46746032
K= 248
4707.23514166
K= 249
4576.00776669
K= 250
468.248412698
K= 251
2.98753724177
K= 252
137.25
K= 253
4287.0
K= 254
4360.0
K= 255
4936.0 , Degree=0
K= 256
7.76666666672
K= 257
325.112136443
K= 258
13.8666666666
K= 259
18.2825757576
K= 260
7.78063851176
K= 261
110.0
K= 262
4936.0 , Degree=0
K= 263
137.25
K= 264
4984.86063354
K= 265
8.33333333337
K= 266
6.49999999988
K= 267
15.8629329003
K= 268
5.721102971
K= 269
5.97738095222
K= 270
4582.0
K= 271
8592.0
K= 272
4477.56666667
K= 273
4936.0 , Degree=0
K= 274
4474.46904762
K= 275
32.5850593852
K= 276
24.6819911083
K= 277
4487.28257576
K= 278
4851.87456427
K= 279
16.2825757576
K= 280
8592.0
K= 281
16.9999999999
K= 282
25.4508239838
K= 283
8611.0
K= 284
4826.95
K= 285
4657.51112662
K= 286
8.30952380947
K= 287
2297.33797108
K= 288
250.047619048
K= 289
4479.16666667
K= 290
22.4451324388
K= 291
4487.28257576
K= 292
4544.8984127
K= 293
7.76666666672
K= 294
11.3261083743
K= 295
4.28856837598
K= 296
3517.51246638
K= 297
4158.0
K= 298
8659.0
K= 299
101.0
K= 300
5.09126984118
K= 301
4526.5
K= 302
13.0499999999
K= 303
25.3137027716
K= 304
4936.0 , Degree=0
K= 305
3.26720918249
K= 306
4476.77777778
K= 307
10.0158730159
K= 308
16.2825757576
K= 309
110.0
K= 310
4360.0
K= 311
4559.0
K= 312
4753.25986763
K= 313
133.15
K= 314
4531.34285714
K= 315
4515.0
K= 316
23.78663098
K= 317
4936.0 , Degree=0
K= 318
107.0
K= 319
11.3983957219
K= 320
3.84946524061
K= 321
264.300962726
K= 322
8628.0
K= 323
4848.10836941
K= 324
4799.59444444
K= 325
4360.0
K= 326
4778.4718254
K= 327
7.78571428568
K= 328
3.89848484844
K= 329
5.00793650793
K= 330
18.5833333333
K= 331
4582.0
K= 332
4936.0 , Degree=0
K= 333
8.3666666667
K= 334
53.1774891773
K= 335
4475.72110297
K= 336
22.9527795875
K= 337
4548.8984127
K= 338
8.3666666667
K= 339
14.3333333333
K= 340
8.30952380947
K= 341
7887.72857143
K= 342
8655.0
K= 343
6.26272851799
K= 344
2.38199068478
K= 345
4559.0
K= 346
8647.0
K= 347
4475.65238095
K= 348
4254.0
K= 349
7.76666666672
K= 350
8.30952380947
K= 351
32.519949495
K= 352
10.7726449275
K= 353
65.9500000001
K= 354
15.8313458763
K= 355
4360.0
K= 356
8660.0
K= 357
4360.0
K= 358
5.08888888871
K= 359
8647.0
K= 360
110.0
K= 361
4.72943722946
K= 362
4485.45833333
K= 363
12.7746031747
K= 364
7891.79834237
K= 365
4782.6537851
K= 366
300.700699212
K= 367
4189.0
K= 368
4984.86063354
K= 369
5.76111111103
K= 370
4936.0 , Degree=0
K= 371
29.6804286785
K= 372
5.10793650791
K= 373
4619.09336219
K= 374
4782.93575729
K= 375
315.021583174
K= 376
4486.0
K= 377
15.8072552447
K= 378
8.33333333337
K= 379
8.41666666663
K= 380
3.82467532472
K= 381
16.2825757576
K= 382
4479.30952381
K= 383
7.76666666672
K= 384
8.41666666663
K= 385
4487.28257576
K= 386
4476.07460317
K= 387
8639.0
K= 388
2733.29435037
K= 389
8376.0
K= 390
9.47142857139
K= 391
498.987049204
K= 392
4189.0
K= 393
5.97738095222
K= 394
4936.0 , Degree=0
K= 395
4487.28257576
K= 396
18.864320518
K= 397
4189.0
K= 398
4600.0
K= 399
4863.28333333
K= 400
17.0302489178
K= 401
6.89292929287
K= 402
4487.28257576
K= 403
4476.4
K= 404
4580.0
K= 405
361.705411198
K= 406
8655.0
K= 407
339.607217015
K= 408
5.0
K= 409
4936.0 , Degree=0
K= 410
4807.51865079
K= 411
4707.23514166
K= 412
4829.83333333
K= 413
4936.0 , Degree=0
K= 414
7.76666666672
K= 415
7.78571428568
K= 416
12543.0
K= 417
239.376262626
K= 418
16.2825757576
K= 419
7890.48909152
K= 420
16.2075757575
K= 421
8951.53504662
K= 422
24.6302559428
K= 423
4585.5
K= 424
4595.25
K= 425
4487.28257576
K= 426
27.5985653234
K= 427
312.189935065
K= 428
146.193370279
K= 429
7.76666666672
K= 430
37.7326298701
K= 431
4791.1988456
K= 432
5.46904761903
K= 433
409.868455271
K= 434
108.0
K= 435
8376.0
K= 436
5251.78296864
K= 437
7.58333333337
K= 438
5.76111111103
K= 439
4487.28257576
K= 440
265.898412698
K= 441
16.2825757576
K= 442
6.49999999988
K= 443
129.25
K= 444
25.4621553884
K= 445
4538.0
K= 446
8660.0
K= 447
4601.241187
K= 448
6.54285714275
K= 449
113.0
K= 450
4936.0 , Degree=0
K= 451
4813.20112943
K= 452
9.0080808081
K= 453
4495.3702381
K= 454
4261.0
K= 455
4772.88571429
K= 456
4936.0 , Degree=0
K= 457
4785.66624754
K= 458
28.4010349715
K= 459
4487.28257576
K= 460
4189.0
K= 461
8592.0
K= 462
4488.03024892
K= 463
4479.30952381
K= 464
4772.88571429
K= 465
10.1505005242
K= 466
4624.66666667
K= 467
109.0
K= 468
16.2825757576
K= 469
8.41666666663
K= 470
17.2999999999
K= 471
8.41666666663
K= 472
4.50404040387
K= 473
7.50404040387
K= 474
6.49999999988
K= 475
4796.91273449
K= 476
4707.23514166
K= 477
4487.28257576
K= 478
5.97738095222
K= 479
292.855713476
K= 480
59.7273421024
K= 481
16.2825757576
K= 482
4781.98614719
K= 483
15.9488529015
K= 484
2747.74115253
K= 485
8660.0
K= 486
4740.8984127
K= 487
1166.82701709
K= 488
8492.0
K= 489
8660.0
K= 490
8659.0
K= 491
4580.0
K= 492
4360.0
K= 493
3548.59455301
K= 494
5.63571428566
K= 495
33.8938311689
K= 496
8660.0
K= 497
95.5833333334
K= 498
66861.3333333
K= 499
16.2825757576
K= 500
16.8333333333
K= 501
4485.60263158
K= 502
3.80049117538
K= 503
4473.33333333
K= 504
42.75
K= 505
4793.86450216
K= 506
108.0
K= 507
137.25
K= 508
4832.32460317
K= 509
325.112136443
K= 510
4684.66012977
K= 511
320.487049204
K= 512
4779.20110055
K= 513
537.18527694
K= 514
108.0
K= 515
12.7655913978
K= 516
4189.0
K= 517
5.43523809523
K= 518
4737.91273449
K= 519
8.3666666667
K= 520
4476.75
K= 521
24.9562917046
K= 522
4774.54167222
K= 523
5.78571428568
K= 524
33.0449134199
K= 525
4734.39857698
K= 526
4797.9797619
K= 527
84.0
K= 528
4784.80642136
K= 529
94.0
K= 530
6.4769230769
K= 531
4743.17203777
K= 532
4796.91273449
K= 533
16.2825757576
K= 534
4487.28257576
K= 535
4487.28257576
K= 536
27.3985653234
K= 537
6.49999999988
K= 538
4782.93575729
K= 539
110.0
K= 540
21.4646896472
K= 541
27.2865301366
K= 542
8.41666666663
K= 543
4822.23571429
K= 544
19.2472441994
K= 545
8649.0
K= 546
18.864320518
K= 547
8645.0
K= 548
3794.67127739
K= 549
16.2825757576
K= 550
3.48859649117
K= 551
953.782968638
K= 552
4819.88615747
K= 553
8656.0
K= 554
110.0
K= 555
54.9885492116
K= 556
111.0
K= 557
16.2825757576
K= 558
4736.91273449
K= 559
4580.0
K= 560
109.0
K= 561
100.833333333
K= 562
4543.65110837
K= 563
4772.88571429
K= 564
8946.30635606
K= 565
131.75
K= 566
4360.0
K= 567
5.12222222204
K= 568
4487.28257576
K= 569
281.861974369
K= 570
372.30259137
K= 571
4739.18412698
K= 572
109.0
K= 573
58.842857143
K= 574
95.0833333335
K= 575
4778.34109761
K= 576
113.15
K= 577
8.41666666663
K= 578
381.108369409
K= 579
160.0
K= 580
8.90698453295
K= 581
5.15629530174
K= 582
4487.28257576
K= 583
177.270634921
K= 584
25.3506839188
K= 585
106.0
K= 586
4525.0
K= 587
5949.13862759
K= 588
133.25
K= 589
14.3583333333
K= 590
16.2825757576
K= 591
4573.0
K= 592
227.0
K= 593
4815.40793651
K= 594
9214.5
K= 595
16.2825757576
K= 596
8.3666666667
K= 597
306.143309319
K= 598
3.28873056464
K= 599
137.25
K= 600
4479.33333333
K= 601
587.830998805
K= 602
309.134953432
K= 603
4760.10692828
K= 604
4744.31452206
K= 605
4478.5
K= 606
4767.68140807
K= 607
4360.0
K= 608
5.14722222206
K= 609
16.0776090319
K= 610
4189.0
K= 611
4360.0
K= 612
4471.74414576
K= 613
4774.1354616
K= 614
4942.36666667
K= 615
110.0
K= 616
8632.0
K= 617
15.5333333333
K= 618
8.41666666663
K= 619
4811.22857143
K= 620
113.15
K= 621
16.2825757576
K= 622
8.16666666663
K= 623
113.083333333
K= 624
4841.33333333
K= 625
408.794934641
K= 626
108.0
K= 627
5.6095238094
K= 628
4227.1
K= 629
8632.0
K= 630
8652.0
K= 631
4187.0
K= 632
38.2326298701
K= 633
4726.20110055
K= 634
4826.95
K= 635
5250.17185753
K= 636
4850.43780664
K= 637
763.110641922
K= 638
4550.39433604
K= 639
9495.05887446
K= 640
8639.0
K= 641
4808.85291291
K= 642
33.6666666666
K= 643
4.66666666663
K= 644
4740.8984127
K= 645
115.0
K= 646
86.5154637905
K= 647
4796.86269841
K= 648
4772.88571429
K= 649
4334.5
K= 650
5309.49493381
K= 651
18.8994107743
K= 652
3736.09838193
K= 653
259.658600526
K= 654
15.5187271063
K= 655
4360.0
K= 656
16.2825757576
K= 657
4189.0
K= 658
7.76666666672
K= 659
4936.0 , Degree=0
K= 660
4782.20069921
K= 661
378.592664702
K= 662
77.3240005648
K= 663
3804.80558374
K= 664
6612.47326969
K= 665
4740.8984127
K= 666
16.2825757576
K= 667
110.0
K= 668
4524.39857698
K= 669
8.16666666663
K= 670
16.2825757576
K= 671
523.554004329
K= 672
4577.0
K= 673
7.10793650791
K= 674
35.4081010607
K= 675
17.2224358974
K= 676
4744.15660173
K= 677
320.710615521
K= 678
34.0604978355
K= 679
16.2825757576
K= 680
4707.23514166
K= 681
13423.7
K= 682
13.4583333333
K= 683
23.8101612227
K= 684
4557.0
K= 685
137.25
K= 686
5.62662337651
K= 687
285.324490597
K= 688
4813.10357143
K= 689
303.541672217
K= 690
4704.17203777
K= 691
4843.93333333
K= 692
3.95111642731
K= 693
4360.0
K= 694
8.41666666663
K= 695
2196.00136359
K= 696
8.5
K= 697
7888.91971753
K= 698
4360.0
K= 699
16.2825757576
K= 700
4818.27993183
K= 701
570.130015732
K= 702
4476.97738095
K= 703
5.58834586455
K= 704
4487.28257576
K= 705
17.2825757576
K= 706
8645.0
K= 707
4360.0
K= 708
83.0
K= 709
5.99523809506
K= 710
4936.0 , Degree=0
K= 711
8.30952380947
K= 712
4189.0
K= 713
65.7308452608
K= 714
4582.0
K= 715
8650.0
K= 716
8.41666666663
K= 717
4683.18333333
K= 718
4479.30952381
K= 719
8.41666666663
K= 720
3.17192567594
K= 721
4189.0
K= 722
8.41666666663
K= 723
2463.82006087
K= 724
34.4333333333
K= 725
15.4583333333
K= 726
5418.12931927
K= 727
234.0
K= 728
4627.45
K= 729
38.2326298701
K= 730
8.5
K= 731
4804.6537851
K= 732
4786.87257559
K= 733
137.25
K= 734
4.44999999995
K= 735
4474.06325156
K= 736
4476.78571429
K= 737
4751.46746032
K= 738
109.0
K= 739
465.142857143
K= 740
4822.52287157
K= 741
7.76666666672
K= 742
4514.67275698
K= 743
5.99134199135
K= 744
4580.0
K= 745
4478.76666667
K= 746
7.33333333337
K= 747
16.2825757576
K= 748
5417.62764491
K= 749
59.9
K= 750
4.221629248
K= 751
6.971102971
K= 752
209.333333333
K= 753
4775.34109761
K= 754
7889.28297005
K= 755
17.0302489178
K= 756
84.0
K= 757
553.0
K= 758
2237.0937858
K= 759
104.083333333
K= 760
108.0
K= 761
4678.40110618
K= 762
8659.0
K= 763
4936.0 , Degree=0
K= 764
8661.0
K= 765
15.3335752214
K= 766
4189.0
K= 767
16.2825757576
K= 768
68.9374109172
K= 769
4.721102971
K= 770
4785.66624754
K= 771
4487.23502868
K= 772
8.41666666663
K= 773
311.235141656
K= 774
18.864320518
K= 775
4486.75508569
K= 776
16.2825757576
K= 777
8660.0
K= 778
4586.09805195
K= 779
106.0
K= 780
8.56666666665
K= 781
4483.39537037
K= 782
4348.8984127
K= 783
5.46086261258
K= 784
4962.35152106
K= 785
4796.91273449
K= 786
15.2067779507
K= 787
82.0
K= 788
16.7333333333
K= 789
3.0
K= 790
5.78571428568
K= 791
4835.27619048
K= 792
367.556299256
K= 793
368.436628954
K= 794
3.89015151514
K= 795
109.0
K= 796
4614.74602719
K= 797
106.0
K= 798
8609.0
K= 799
269.898412698
K= 800
4704.17203777
K= 801
8592.0
K= 802
4487.28257576
K= 803
4.721102971
K= 804
4473.76198135
K= 805
8.41666666663
K= 806
3.27670243825
K= 807
15.5805916305
K= 808
137.0
K= 809
4479.41666667
K= 810
4811.22857143
K= 811
4189.0
K= 812
5.09884559875
K= 813
5415.69847824
K= 814
137.25
K= 815
8592.0
K= 816
135.083405483
K= 817
4360.0
K= 818
4476.29279757
K= 819
4485.39537037
K= 820
4608.25
K= 821
109.0
K= 822
4936.0 , Degree=0
K= 823
8.41666666663
K= 824
4770.25321618
K= 825
8.5
K= 826
319.103790885
K= 827
5728.23549323
K= 828
8.04862155381
K= 829
105.0
K= 830
84.0
K= 831
110.0
K= 832
9.1330808081
K= 833
16.2825757576
K= 834
6.39999999991
K= 835
16.2825757576
K= 836
4487.03024892
K= 837
9.36363636353
K= 838
7.56666666665
K= 839
6.54285714275
K= 840
8660.0
K= 841
101.0
K= 842
542.090079365
K= 843
19.5302489178
K= 844
4474.3409233
K= 845
4487.28257576
K= 846
3.89848484844
K= 847
4730.05183575
K= 848
137.25
K= 849
4189.0
K= 850
7.76666666672
K= 851
109.0
K= 852
16.8333333333
K= 853
4732.66012977
K= 854
7887.26342071
K= 855
5054.1017316
K= 856
8.30952380947
K= 857
8.41666666663
K= 858
16.2825757576
K= 859
130.0
K= 860
21.5853778386
K= 861
250.334746259
K= 862
8575.0
K= 863
3.70281189377
K= 864
8.41666666663
K= 865
28.5140186996
K= 866
4581.0
K= 867
4189.0
K= 868
4936.0 , Degree=0
K= 869
4476.73571429
K= 870
4548.8984127
K= 871
3719.19290191
K= 872
16.2825757576
K= 873
88.0
K= 874
38.2326298701
K= 875
16.2825757576
K= 876
24.6053111632
K= 877
4840.68416306
K= 878
4740.8984127
K= 879
4780.18333333
K= 880
2259.35287143
K= 881
104.5
K= 882
4.21066433575
K= 883
4487.28257576
K= 884
4487.28257576
K= 885
8.41666666663
K= 886
4687.0
K= 887
4487.28257576
K= 888
317.527777778
K= 889
11.2999999999
K= 890
5.64999999991
K= 891
3084.69019485
K= 892
4.221629248
K= 893
57.1537145001
K= 894
109.0
K= 895
4807.59444444
K= 896
4.721102971
K= 897
4597.56494339
K= 898
4587.0
K= 899
16.2825757576
K= 900
12.0573870573
K= 901
110.0
K= 902
8592.0
K= 903
4360.0
K= 904
4.721102971
K= 905
3483.85945642
K= 906
5.78571428568
K= 907
2.98586080573
K= 908
8.61014492752
K= 909
4813.20112943
K= 910
8.3666666667
K= 911
137.0
K= 912
137.25
K= 913
305.882966685
K= 914
4361.0
K= 915
299.274348139
K= 916
8661.0
K= 917
4619.88571429
K= 918
4487.28257576
K= 919
139.760974244
K= 920
4.615151515
K= 921
4796.11213644
K= 922
8661.0
K= 923
137.25
K= 924
6312.75244197
K= 925
5.85238095222
K= 926
8.33333333337
K= 927
839.459116541
K= 928
157.716666667
K= 929
16.2825757576
K= 930
11.5714285714
K= 931
5.62662337651
K= 932
4.2816239316
K= 933
18.2079040547
K= 934
15.8920329671
K= 935
5.73571428563
K= 936
8661.0
K= 937
9.00298492564
K= 938
497.954551821
K= 939
4796.91273449
K= 940
8654.0
K= 941
16.2825757576
K= 942
4984.86063354
K= 943
343.25
K= 944
4829.07764063
K= 945
27.5985653234
K= 946
16.2825757576
K= 947
18.5228639783
K= 948
4718.03333333
K= 949
8639.0
K= 950
5.94329004316
K= 951
16.2825757576
K= 952
4486.45833333
K= 953
416.016666667
K= 954
4360.0
K= 955
4795.56676114
K= 956
100.0
K= 957
4479.30952381
K= 958
8.41666666663
K= 959
22.6825757575
K= 960
4.721102971
K= 961
5251.67185753
K= 962
110.0
K= 963
8.41666666663
K= 964
4803.6762617
K= 965
8609.0
K= 966
4487.28257576
K= 967
4189.0
K= 968
4486.81104312
K= 969
17.0302489178
K= 970
5.10793650791
K= 971
259.5770055
K= 972
4740.8984127
K= 973
61.6949016481
K= 974
8639.0
K= 975
4395.8984127
K= 976
105.5
K= 977
5.66388888878
K= 978
4608.25
K= 979
25.8166666667
K= 980
8592.0
K= 981
4740.8984127
K= 982
5.10793650791
K= 983
4936.0 , Degree=0
K= 984
4474.40171571
K= 985
348.353079399
K= 986
318.136644332
K= 987
359.092884702
K= 988
4189.0
K= 989
68.9374109172
K= 990
4606.33333333
K= 991
5.74999999988
K= 992
8661.0
K= 993
11.126984127
K= 994
8.41666666663
K= 995
13.2538047973
K= 996
28.6484348985
K= 997
6.56666666665
K= 998
4478.76666667
K= 999
134.25
K= 1000
4360.0
K= 1001
8660.0
K= 1002
8198.62760611
K= 1003
5.78571428568
K= 1004
8.30952380947
K= 1005
16.2825757576
K= 1006
34.1728097724
K= 1007
2688.51589319
K= 1008
2.74414575868
K= 1009
4936.0 , Degree=0
K= 1010
4581.0
K= 1011
25.4508239838
K= 1012
3757.98975198
K= 1013
4360.0
K= 1014
2146.38485192
K= 1015
8658.0
K= 1016
7.50000000012
K= 1017
4577.0
K= 1018
4487.28257576
K= 1019
8639.0
K= 1020
8642.0
K= 1021
4360.0
K= 1022
4793.86450216
K= 1023
4525.93017511
K= 1024
8.41666666663
K= 1025
24.6053111632
K= 1026
4477.5
K= 1027
4801.36071429
K= 1028
701.366370498
K= 1029
4936.0 , Degree=0
K= 1030
2741.45327566
K= 1031
4898.63333333
K= 1032
8.30952380947
K= 1033
311.4745116
K= 1034
4.90238095226
K= 1035
4579.0
K= 1036
5.96349206334
K= 1037
16.2825757576
K= 1038
39.7175617358
K= 1039
0.599999999977
K= 1040
6.63571428566
K= 1041
8660.0
K= 1042
3.32774806884
K= 1043
6303.23281346
K= 1044
8809.0
K= 1045
282.666666667
K= 1046
4360.0
K= 1047
35.9659222384
K= 1048
4474.11637427
K= 1049
55.6647790102
K= 1050
8632.0
K= 1051
16.2825757576
K= 1052
8660.0
K= 1053
9.72374847368
K= 1054
3125.95549934
K= 1055
4472.0
K= 1056
6236.23281346
K= 1057
302.356935521
K= 1058
361.006035144
K= 1059
6.54285714275
K= 1060
7.59821428568
K= 1061
15.4583333333
K= 1062
7.76666666672
K= 1063
111.0
K= 1064
25.0981878755
K= 1065
4784.56676114
K= 1066
47.0917027417
K= 1067
348.819715806
K= 1068
5.97738095222
K= 1069
4707.18993506
K= 1070
6.56666666665
K= 1071
4828.78809524
K= 1072
4579.08333333
K= 1073
16.6969155844
K= 1074
4475.29273504
K= 1075
4629.6537851
K= 1076
7.8444444444
K= 1077
16.2825757576
K= 1078
5.14722222206
K= 1079
4547.35952381
K= 1080
16.2825757576
K= 1081
3.80098039203
K= 1082
7.76666666672
K= 1083
110.0
K= 1084
4811.88571429
K= 1085
7.58333333337
K= 1086
4798.7640785
K= 1087
4811.88571429
K= 1088
8.41666666663
K= 1089
450.369067028
K= 1090
4795.66565657
K= 1091
6.39999999991
K= 1092
26.5572462024
K= 1093
4936.0 , Degree=0
K= 1094
2258.50152007
K= 1095
30.3241161617
K= 1096
4833.27034632
K= 1097
4487.28257576
K= 1098
376.562464986
K= 1099
4936.0 , Degree=0
K= 1100
15.4583333333
K= 1101
4555.4531618
K= 1102
5024.13299762
K= 1103
4901.05
K= 1104
56.0
K= 1105
4815.26739649
K= 1106
5.74999999988
K= 1107
8651.0
K= 1108
4936.0 , Degree=0
K= 1109
4867.50833333
K= 1110
13.0478341012
K= 1111
8653.0
K= 1112
4772.88571429
K= 1113
979.070008257
K= 1114
16.2825757576
K= 1115
4.81753246742
K= 1116
5418.46097824
K= 1117
4.54444444436
K= 1118
15.2075757575
K= 1119
8811.0
K= 1120
4607.5
K= 1121
6226.69683667
K= 1122
3872.90351753
K= 1123
4758.75
K= 1124
38.2326298701
K= 1125
4754.241187
K= 1126
12.0560364474
K= 1127
2447.22006211
K= 1128
4737.09496696
K= 1129
16.2825757576
K= 1130
8659.0
K= 1131
269.898412698
K= 1132
85.0
K= 1133
16.2825757576
K= 1134
4740.8984127
K= 1135
6.54285714275
K= 1136
4360.0
K= 1137
55.1971306474
K= 1138
4388.5
K= 1139
16.2825757576
K= 1140
4477.16666667
K= 1141
4197.0
K= 1142
8632.0
K= 1143
88.0
K= 1144
4518.76428571
K= 1145
117.0
K= 1146
8617.0
K= 1147
5.60238095233
K= 1148
4936.0 , Degree=0
K= 1149
4740.8984127
K= 1150
3.26605975721
K= 1151
4821.21851759
K= 1152
285.253211228
K= 1153
4936.0 , Degree=0
K= 1154
132.25
K= 1155
7.76666666672
K= 1156
252.964921973
K= 1157
5084.18809524
K= 1158
151.166666667
K= 1159
4360.0
K= 1160
4598.0
K= 1161
5.76111111103
K= 1162
4790.83166472
K= 1163
146892.35404
K= 1164
4464.40162183
K= 1165
4936.0 , Degree=0
K= 1166
14.1178347579
K= 1167
4477.37799534
K= 1168
75.3363784911
K= 1169
4351.0
K= 1170
15.7550856902
K= 1171
16.2825757576
K= 1172
4768.30743247
K= 1173
4619.89329004
K= 1174
104.0
K= 1175
4629.37619048
K= 1176
356.336065689
K= 1177
4936.0 , Degree=0
K= 1178
42.9293792951
K= 1179
28.8774381005
K= 1180
6.57767056522
K= 1181
4608.15241425
K= 1182
16.907142857
K= 1183
81.0
K= 1184
16.8713186813
K= 1185
8659.0
K= 1186
285.333333333
K= 1187
8.93015873001
K= 1188
4478.76666667
K= 1189
4547.8984127
K= 1190
25.2235627067
K= 1191
137.25
K= 1192
4766.17525831
K= 1193
4936.0 , Degree=0
K= 1194
4605.64933446
K= 1195
3788.82664234
K= 1196
4936.0 , Degree=0
K= 1197
16.2825757576
K= 1198
8.3666666667
K= 1199
4474.02222222
K= 1200
4189.0
Betweenness Centrality Improvement
[ 16.26426255   5.97738095   8.30952381 ...,   0.           0.           0.        ]
Top 20 BC Improvement
[1163  498  681  416  639  594  163  421  564 1119 1044  196   76  764  161
  209  922  992  916  936]
Top 20 BC Improvement
[ 146892.3540404    66861.33333333   13423.7          12543.
    9495.05887446    9214.5           8958.28257576    8951.53504662
    8946.30635606    8811.            8809.            8790.14285714
    8667.33970978    8661.            8661.            8661.            8661.
    8661.            8661.            8661.        ]
