txValue= 10000
Input graph
IGRAPH D--- 4619 68733 -- 
+ attr: pub_key (v), base_fee (e), capacity (e), fee_rate (e), txCost (e)
None
Graph after edges deleted
IGRAPH D--- 4619 68697 -- 
+ attr: pub_key (v), base_fee (e), capacity (e), fee_rate (e), txCost (e)
None
Our nodes starting connections: 
(4618, 2796)
(4618, 1223)
(4618, 1163)
(4618, 498)
(4618, 3265)
(4618, 1589)
(4618, 4051)
(4618, 3246)
CurrentBC of our node:  1000815.22458
K= 0
21.6034018928
K= 1
9.26666666672
K= 2
12.4095238097
K= 3
96.0351301476
K= 4
290.0
K= 5
4490.70392835
K= 6
144.0
K= 7
15.5714285717
K= 8
4481.0949495
K= 9
13.3766233769
K= 10
4123.0
K= 11
13.1620046649
K= 12
219.583333333
K= 13
20.2039283501
K= 14
25.0333333336
K= 15
370.727027027
K= 16
20.2039283501
K= 17
4936.0 , Degree=0
K= 18
7.63895636529
K= 19
26.5383699635
K= 20
19.7039283501
K= 21
12.4095238097
K= 22
4698.09866245
K= 23
218.583333333
K= 24
4475.26279307
K= 25
7.70684822428
K= 26
12.516666667
K= 27
23.3666666668
K= 28
4534.39058062
K= 29
12.516666667
K= 30
20.7039283501
K= 31
1276.63844839
K= 32
950.956960281
K= 33
11.9095238097
K= 34
22.855795022
K= 35
19.323809524
K= 36
8591.0
K= 37
8.86904761917
K= 38
4503.69637022
K= 39
9.23015873041
K= 40
4844.42155117
K= 41
8544.0
K= 42
8590.375
K= 43
6.92456140369
K= 44
9.56273911288
K= 45
4479.95357143
K= 46
4329.0
K= 47
12.6000000002
K= 48
195.416666667
K= 49
4562.0
K= 50
24.5346994075
K= 51
4665.1580223
K= 52
19.8624891886
K= 53
23.593353793
K= 54
22.9333333336
K= 55
4858.90841009
K= 56
4624.0
K= 57
20.7039283501
K= 58
12.4095238097
K= 59
4797.75079365
K= 60
4522.65202703
K= 61
33.3057382954
K= 62
38.6534090911
K= 63
5105.81637252
K= 64
26.3684253454
K= 65
4833.36625768
K= 66
3564.49561814
K= 67
4862.61351426
K= 68
219.083333333
K= 69
33.9103527752
K= 70
4847.06951786
K= 71
6557.78402884
K= 72
4780.07903646
K= 73
4478.68571429
K= 74
6.51431063202
K= 75
12.516666667
K= 76
8589.59422748
K= 77
4291.75
K= 78
4479.4952381
K= 79
4123.0
K= 80
55.6666666669
K= 81
4839.9882871
K= 82
4915.20357143
K= 83
4877.9015873
K= 84
29.9477095439
K= 85
9.56666666677
K= 86
4487.97184096
K= 87
4482.43333333
K= 88
4472.33333333
K= 89
4746.07896436
K= 90
369.525
K= 91
24.5333333336
K= 92
542.115476191
K= 93
45.7222947804
K= 94
20.7039283501
K= 95
54.573003108
K= 96
499.950406578
K= 97
4800.07211313
K= 98
11.9732142859
K= 99
8.41904761933
K= 100
5666.18483693
K= 101
4481.01190476
K= 102
9.31904761924
K= 103
9.02380952402
K= 104
4599.7521978
K= 105
4605.75079365
K= 106
4490.70392835
K= 107
67.4836639048
K= 108
4594.0
K= 109
167.4
K= 110
38.6520656801
K= 111
4936.0 , Degree=0
K= 112
4490.70392835
K= 113
8.89395871595
K= 114
12.4333333336
K= 115
20.6604500893
K= 116
4836.65999001
K= 117
4291.75
K= 118
4887.78288263
K= 119
12.516666667
K= 120
528.11626115
K= 121
20.8705950167
K= 122
5237.57496755
K= 123
1045.36457431
K= 124
4936.0 , Degree=0
K= 125
116.0
K= 126
6.18750311015
K= 127
375.068809652
K= 128
24.4690049503
K= 129
10.9136904763
K= 130
31.7867320201
K= 131
4507.47740315
K= 132
4490.70392835
K= 133
7.43958215707
K= 134
20.7039283501
K= 135
14.5016233769
K= 136
20.8150394611
K= 137
9.37500000012
K= 138
11619.2851371
K= 139
758.93328251
K= 140
4759.32003824
K= 141
548.408344849
K= 142
4291.75
K= 143
11.5223292592
K= 144
20.6604500893
K= 145
4545.98880124
K= 146
11.7253968256
K= 147
12.4397754424
K= 148
11.3690476193
K= 149
4451.75079365
K= 150
4857.72734386
K= 151
19.8833333334
K= 152
6360.39093399
K= 153
4619.5007992
K= 154
4531.70271395
K= 155
4936.0 , Degree=0
K= 156
4.67424242443
K= 157
160.0
K= 158
8593.0
K= 159
323.896334587
K= 160
4478.24404762
K= 161
8600.0
K= 162
4855.74550523
K= 163
8961.70392835
K= 164
463.459126985
K= 165
19.2039283501
K= 166
12.016666667
K= 167
110.673711987
K= 168
4772.82609714
K= 169
157.15
K= 170
8590.0
K= 171
12.5108585859
K= 172
44.0635283426
K= 173
12.4333333336
K= 174
77.2726831939
K= 175
12.0952380955
K= 176
4797.75079365
K= 177
4772.5007992
K= 178
181.611111111
K= 179
4123.0
K= 180
6.61904761929
K= 181
4936.0 , Degree=0
K= 182
6.65612945415
K= 183
31.2546231548
K= 184
7.0
K= 185
4631.0
K= 186
8593.0
K= 187
11.8666666668
K= 188
4936.0 , Degree=0
K= 189
6.98836996348
K= 190
4194.0
K= 191
136.0
K= 192
4615.0
K= 193
4886.19761905
K= 194
15.6125038115
K= 195
4123.0
K= 196
8774.14285714
K= 197
28.142857143
K= 198
37.0339876623
K= 199
40.2000000002
K= 200
120.0
K= 201
4476.4504902
K= 202
77.2726831939
K= 203
4603.75079365
K= 204
1268.62593506
K= 205
11.8666666668
K= 206
4936.0 , Degree=0
K= 207
11.8666666668
K= 208
13.0035714287
K= 209
8600.0
K= 210
11.8666666668
K= 211
5.30553405581
K= 212
143.0
K= 213
11.8666666668
K= 214
9.86904761929
K= 215
4194.0
K= 216
11.9666666669
K= 217
20.7311651609
K= 218
4697.0
K= 219
34.1110632643
K= 220
2839.3458462
K= 221
11.0000000002
K= 222
128.188001868
K= 223
4194.0
K= 224
4479.61904762
K= 225
12.516666667
K= 226
10.5721611723
K= 227
4613.0
K= 228
4649.78229271
K= 229
4386.39285714
K= 230
4787.08546236
K= 231
4624.75833333
K= 232
192.533333334
K= 233
366.028669647
K= 234
25.7410703214
K= 235
503.436886724
K= 236
20.7039283501
K= 237
144.0
K= 238
4830.9015873
K= 239
2621.74726916
K= 240
4872.78316579
K= 241
21.2666666667
K= 242
7.452991453
K= 243
20.7039283501
K= 244
20.7039283501
K= 245
8593.0
K= 246
4625.65
K= 247
4830.19098124
K= 248
4773.5007992
K= 249
4637.99624233
K= 250
573.258333333
K= 251
6.09456784569
K= 252
191.583333333
K= 253
4317.0
K= 254
4291.75
K= 255
4936.0 , Degree=0
K= 256
11.8666666668
K= 257
397.069517864
K= 258
28.1131313132
K= 259
23.9039283501
K= 260
15.5162382063
K= 261
175.0
K= 262
4936.0 , Degree=0
K= 263
196.583333333
K= 264
5105.81637252
K= 265
13.4333333336
K= 266
10.0952380954
K= 267
20.1615777339
K= 268
10.0071835573
K= 269
10.0666666668
K= 270
4616.0
K= 271
4156.0
K= 272
4486.16190476
K= 273
4936.0 , Degree=0
K= 274
4476.65476191
K= 275
43.7548212897
K= 276
33.2278355416
K= 277
4490.70392835
K= 278
4935.02294089
K= 279
20.7039283501
K= 280
4156.0
K= 281
24.2000000003
K= 282
34.0976309562
K= 283
8544.0
K= 284
4908.5
K= 285
4714.53299712
K= 286
12.4095238097
K= 287
2698.42117783
K= 288
420.547619048
K= 289
4481.76666667
K= 290
28.5993520399
K= 291
4490.70392835
K= 292
4601.75079365
K= 293
11.2000000002
K= 294
18.5292219274
K= 295
8.34900793654
K= 296
5435.12354008
K= 297
4157.0
K= 298
8592.0
K= 299
163.0
K= 300
23.6690476192
K= 301
4568.0
K= 302
34.573809524
K= 303
33.7850131819
K= 304
4936.0 , Degree=0
K= 305
22.3038758492
K= 306
4486.90598291
K= 307
14.5714285717
K= 308
20.7039283501
K= 309
186.083333333
K= 310
4291.75
K= 311
4587.0
K= 312
4818.25570399
K= 313
214.9
K= 314
4549.82619048
K= 315
4547.0
K= 316
33.5126723154
K= 317
4936.0 , Degree=0
K= 318
150.0
K= 319
21.1454545456
K= 320
7.09848484863
K= 321
330.434410685
K= 322
8593.0
K= 323
4941.20992064
K= 324
4870.03968254
K= 325
4291.75
K= 326
4850.56587302
K= 327
13.2023809527
K= 328
7.15265151509
K= 329
8.41904761933
K= 330
26.4083333336
K= 331
4620.0
K= 332
4936.0 , Degree=0
K= 333
11.8000000003
K= 334
65.4930175433
K= 335
4479.00718356
K= 336
30.7224220578
K= 337
4605.75079365
K= 338
11.8000000003
K= 339
26.0333333334
K= 340
12.4095238097
K= 341
11641.78763
K= 342
8588.0
K= 343
11.5510883066
K= 344
5.40326728066
K= 345
4588.0
K= 346
4150.16666667
K= 347
4477.96648352
K= 348
4286.6
K= 349
10.7000000002
K= 350
12.4095238097
K= 351
41.6825248413
K= 352
22.7541264092
K= 353
88.9500000004
K= 354
20.0985719835
K= 355
4291.75
K= 356
8593.0
K= 357
4291.75
K= 358
9.1616161617
K= 359
4150.16666667
K= 360
186.083333333
K= 361
9.2935397937
K= 362
4489.17647059
K= 363
19.2857142859
K= 364
11653.6051429
K= 365
4852.09866245
K= 366
363.319584493
K= 367
4123.0
K= 368
5105.81637252
K= 369
9.04444444447
K= 370
4936.0 , Degree=0
K= 371
40.4436052683
K= 372
8.68571428594
K= 373
4685.28589466
K= 374
4850.32953326
K= 375
380.085250297
K= 376
4489.0
K= 377
20.1060281387
K= 378
12.4333333336
K= 379
12.516666667
K= 380
7.01431609329
K= 381
20.7039283501
K= 382
4482.40952381
K= 383
11.3666666668
K= 384
40.516666667
K= 385
4490.70392835
K= 386
4478.48571429
K= 387
8570.61538462
K= 388
3395.83179116
K= 389
8244.0
K= 390
14.6500000003
K= 391
591.950049278
K= 392
4123.0
K= 393
9.56666666677
K= 394
4936.0 , Degree=0
K= 395
4490.70392835
K= 396
27.686609574
K= 397
4123.0
K= 398
4646.5
K= 399
4955.88333333
K= 400
22.8611473903
K= 401
12.4570318572
K= 402
4490.70392835
K= 403
4479.4952381
K= 404
4620.0
K= 405
442.015716171
K= 406
8593.5
K= 407
411.296953095
K= 408
11.0
K= 409
4936.0 , Degree=0
K= 410
4878.52916667
K= 411
4773.5007992
K= 412
4906.16666667
K= 413
4936.0 , Degree=0
K= 414
11.3000000002
K= 415
13.5119047621
K= 416
12414.4666667
K= 417
288.093826193
K= 418
20.7039283501
K= 419
11638.6260457
K= 420
20.6216772994
K= 421
4491.86996882
K= 422
48.1793907163
K= 423
4627.0
K= 424
4647.25
K= 425
4490.70392835
K= 426
82.5208957711
K= 427
377.004816017
K= 428
205.893620906
K= 429
11.2000000002
K= 430
43.5635283426
K= 431
4857.48217893
K= 432
8.86190476222
K= 433
491.204005262
K= 434
170.0
K= 435
8244.0
K= 436
5447.89172573
K= 437
10.5119047621
K= 438
9.04444444447
K= 439
4490.70392835
K= 440
322.750793651
K= 441
20.7039283501
K= 442
10.0952380954
K= 443
209.333333333
K= 444
52.8192982457
K= 445
4580.0
K= 446
8593.0
K= 447
4665.1580223
K= 448
9.97142857162
K= 449
157.0
K= 450
4936.0 , Degree=0
K= 451
4884.07612943
K= 452
15.6444444446
K= 453
4550.34642857
K= 454
4291.5
K= 455
4838.9015873
K= 456
4936.0 , Degree=0
K= 457
4855.16670542
K= 458
37.3687542691
K= 459
4490.70392835
K= 460
4123.0
K= 461
4156.0
K= 462
4492.86114739
K= 463
4482.40952381
K= 464
4838.9015873
K= 465
16.3187013294
K= 466
4724.3
K= 467
145.0
K= 468
20.7039283501
K= 469
12.516666667
K= 470
33.0689542486
K= 471
12.016666667
K= 472
8.27222222218
K= 473
12.0722222222
K= 474
9.92857142875
K= 475
4867.42378455
K= 476
4773.5007992
K= 477
4490.70392835
K= 478
9.40000000014
K= 479
362.131507127
K= 480
70.362659563
K= 481
20.7039283501
K= 482
4845.43158369
K= 483
19.2848707479
K= 484
3551.67538257
K= 485
8593.0
K= 486
4797.75079365
K= 487
1328.20214672
K= 488
8412.88888889
K= 489
8599.0
K= 490
8599.0
K= 491
4620.0
K= 492
4291.75
K= 493
3582.59455301
K= 494
8.91904761922
K= 495
44.486288097
K= 496
8593.0
K= 497
152.916666667
K= 498
6.35599688534
K= 499
20.7039283501
K= 500
25.0333333336
K= 501
4489.89956007
K= 502
7.01862843044
K= 503
4474.60656214
K= 504
57.2166666667
K= 505
4861.85396132
K= 506
142.0
K= 507
191.583333333
K= 508
4911.21904762
K= 509
397.069517864
K= 510
4744.24563103
K= 511
387.105604834
K= 512
4840.51519952
K= 513
1051.1826092
K= 514
141.5
K= 515
25.4059422753
K= 516
4123.0
K= 517
9.47636363667
K= 518
4808.42378455
K= 519
12.4666666669
K= 520
4479.16666667
K= 521
34.858674623
K= 522
4839.9882871
K= 523
9.36904761929
K= 524
45.3663419915
K= 525
4790.65571983
K= 526
4868.79404762
K= 527
138.0
K= 528
4850.22224026
K= 529
133.0
K= 530
10.5721611723
K= 531
4807.92483994
K= 532
4873.42378455
K= 533
20.7039283501
K= 534
4490.70392835
K= 535
4490.70392835
K= 536
54.320895771
K= 537
10.5952380954
K= 538
4850.32953326
K= 539
147.0
K= 540
28.7295248026
K= 541
35.6551809304
K= 542
11.8500000003
K= 543
4898.98344156
K= 544
40.5898774548
K= 545
4122.0
K= 546
30.355657193
K= 547
8578.0
K= 548
6529.70383509
K= 549
20.7039283501
K= 550
6.53333333356
K= 551
1143.89172573
K= 552
4896.39921414
K= 553
8589.0
K= 554
173.0
K= 555
70.3986927518
K= 556
150.0
K= 557
20.7039283501
K= 558
4807.42378455
K= 559
4620.0
K= 560
171.0
K= 561
149.433333333
K= 562
4600.42015599
K= 563
4838.9015873
K= 564
8951.58398763
K= 565
213.083333333
K= 566
4291.75
K= 567
10.2842352093
K= 568
4490.70392835
K= 569
327.939815474
K= 570
422.335924703
K= 571
4795.03650794
K= 572
149.0
K= 573
78.1833333336
K= 574
125.25
K= 575
4844.42155117
K= 576
160.15
K= 577
12.016666667
K= 578
475.209920636
K= 579
213.357142857
K= 580
31.0283613447
K= 581
9.81828324695
K= 582
4490.70392835
K= 583
278.791269841
K= 584
33.6963702175
K= 585
140.0
K= 586
4559.0
K= 587
6373.74725136
K= 588
212.083333333
K= 589
17.9348039216
K= 590
20.7039283501
K= 591
4603.5
K= 592
298.333333333
K= 593
4888.02222222
K= 594
9321.16666667
K= 595
20.7039283501
K= 596
12.4666666669
K= 597
372.567261262
K= 598
6.46963118587
K= 599
219.583333333
K= 600
4482.43333333
K= 601
687.10996706
K= 602
375.56319737
K= 603
4818.00396968
K= 604
4809.34014525
K= 605
4481.5952381
K= 606
4830.70847853
K= 607
4291.75
K= 608
8.71994949505
K= 609
20.3273767565
K= 610
4123.0
K= 611
4291.75
K= 612
4473.34423957
K= 613
4843.57201742
K= 614
5057.45
K= 615
146.0
K= 616
4135.16666667
K= 617
21.4000000001
K= 618
12.516666667
K= 619
4884.45595238
K= 620
160.15
K= 621
20.6604500893
K= 622
26.766666667
K= 623
156.783333333
K= 624
4915.6
K= 625
513.077474323
K= 626
171.0
K= 627
8.88225108234
K= 628
4163.6625
K= 629
4135.16666667
K= 630
8591.5
K= 631
4121.0
K= 632
44.0635283426
K= 633
4787.51519952
K= 634
4908.5
K= 635
5440.44728128
K= 636
4939.04574315
K= 637
955.752269542
K= 638
4602.61050779
K= 639
9617.08249154
K= 640
8570.61538462
K= 641
4883.4572713
K= 642
50.0666666669
K= 643
10.0
K= 644
4797.75079365
K= 645
160.0
K= 646
156.52160352
K= 647
4865.04676435
K= 648
4838.9015873
K= 649
4348.66666667
K= 650
5572.59114239
K= 651
25.2690631808
K= 652
6504.21573877
K= 653
312.414430807
K= 654
19.2478937729
K= 655
4291.75
K= 656
20.7039283501
K= 657
4123.0
K= 658
11.2000000002
K= 659
4936.0 , Degree=0
K= 660
4848.44257473
K= 661
463.582277867
K= 662
109.921901149
K= 663
6264.67954502
K= 664
7159.66720691
K= 665
4797.75079365
K= 666
20.7039283501
K= 667
146.0
K= 668
4580.65571983
K= 669
12.2898954706
K= 670
20.7039283501
K= 671
1021.28853263
K= 672
4611.0
K= 673
10.9357142859
K= 674
62.9560079067
K= 675
22.2251929743
K= 676
4807.95719697
K= 677
388.908410088
K= 678
101.722294781
K= 679
20.7039283501
K= 680
4773.5007992
K= 681
13430.9857143
K= 682
17.9098039216
K= 683
36.760324192
K= 684
4591.0
K= 685
219.583333333
K= 686
9.04329004348
K= 687
346.382141738
K= 688
4884.14880952
K= 689
370.05495377
K= 690
4767.92483994
K= 691
4925.23333333
K= 692
7.00528309413
K= 693
4291.75
K= 694
12.516666667
K= 695
2569.29755936
K= 696
12.6000000002
K= 697
11623.628079
K= 698
4291.75
K= 699
20.7039283501
K= 700
4894.93808201
K= 701
709.121228815
K= 702
4479.56666667
K= 703
9.67167919816
K= 704
4490.70392835
K= 705
22.7039283501
K= 706
8578.0
K= 707
4291.75
K= 708
141.0
K= 709
10.0845238096
K= 710
4936.0 , Degree=0
K= 711
12.4095238097
K= 712
4123.0
K= 713
78.6654204483
K= 714
4626.0
K= 715
8583.0
K= 716
13.516666667
K= 717
4758.18333333
K= 718
4483.40952381
K= 719
12.516666667
K= 720
9.10531280295
K= 721
4123.0
K= 722
12.516666667
K= 723
2539.99269969
K= 724
51.3424242426
K= 725
19.6764705882
K= 726
5707.16074766
K= 727
318.0
K= 728
4696.75833333
K= 729
44.0635283426
K= 730
12.6000000002
K= 731
4874.09866245
K= 732
4851.94605125
K= 733
219.583333333
K= 734
25.4500000001
K= 735
4476.23917749
K= 736
4479.86904762
K= 737
4818.19098124
K= 738
172.0
K= 739
608.642857143
K= 740
4895.21776002
K= 741
11.8666666668
K= 742
4525.62274037
K= 743
10.6913419915
K= 744
4614.0
K= 745
4481.2
K= 746
10.7619047621
K= 747
20.7039283501
K= 748
5706.81704547
K= 749
78.9666666668
K= 750
7.4820688084
K= 751
13.9000407001
K= 752
284.379761905
K= 753
4841.42155117
K= 754
11646.1987956
K= 755
22.8611473903
K= 756
120.583333333
K= 757
615.0
K= 758
2643.95680669
K= 759
178.7
K= 760
184.083333333
K= 761
4726.88205856
K= 762
8592.0
K= 763
4936.0 , Degree=0
K= 764
8600.0
K= 765
20.2301425665
K= 766
4123.0
K= 767
20.7039283501
K= 768
81.9830972159
K= 769
9.52107244614
K= 770
4855.16670542
K= 771
4490.81908257
K= 772
27.6833333336
K= 773
378.500799201
K= 774
30.0699429073
K= 775
4489.99719062
K= 776
20.7039283501
K= 777
8593.0
K= 778
4646.60995671
K= 779
137.5
K= 780
13.9952380954
K= 781
4487.47184096
K= 782
4404.75079365
K= 783
10.6971390814
K= 784
5068.59197725
K= 785
4867.42378455
K= 786
19.2498499462
K= 787
107.5
K= 788
21.9333333336
K= 789
7.0
K= 790
10.8690476193
K= 791
4920.73809524
K= 792
458.78963259
K= 793
453.567428709
K= 794
6.60828877008
K= 795
144.0
K= 796
4678.13764657
K= 797
199.592261905
K= 798
8539.75
K= 799
327.750793651
K= 800
4767.92483994
K= 801
4156.0
K= 802
4490.70392835
K= 803
9.56273911288
K= 804
4478.97108597
K= 805
12.016666667
K= 806
6.4147459165
K= 807
19.794041923
K= 808
199.116666667
K= 809
4482.01666667
K= 810
4884.45595238
K= 811
4123.0
K= 812
8.67662337678
K= 813
5705.39848486
K= 814
219.333333333
K= 815
4156.0
K= 816
169.664195527
K= 817
4291.75
K= 818
4478.64795472
K= 819
4488.47184096
K= 820
4661.58333333
K= 821
172.0
K= 822
4936.0 , Degree=0
K= 823
12.516666667
K= 824
4834.93234216
K= 825
27.6000000002
K= 826
385.593572631
K= 827
6076.76077902
K= 828
15.3603174606
K= 829
151.229761905
K= 830
110.5
K= 831
145.0
K= 832
14.9361111112
K= 833
20.7039283501
K= 834
10.4952380954
K= 835
20.7039283501
K= 836
4491.86114739
K= 837
32.6585081588
K= 838
31.9999999998
K= 839
9.97142857162
K= 840
8593.0
K= 841
135.0
K= 842
666.942460318
K= 843
27.6111473903
K= 844
4476.54711566
K= 845
4490.70392835
K= 846
7.20265151514
K= 847
4783.87326433
K= 848
191.583333333
K= 849
4123.0
K= 850
11.8666666668
K= 851
144.0
K= 852
23.0333333336
K= 853
4793.24563103
K= 854
11626.5583742
K= 855
5194.66046176
K= 856
12.4095238097
K= 857
12.516666667
K= 858
20.2039283501
K= 859
166.0
K= 860
37.0631593844
K= 861
308.236055435
K= 862
8537.5
K= 863
7.08516483533
K= 864
12.516666667
K= 865
42.1254687692
K= 866
4621.0
K= 867
4123.0
K= 868
4936.0 , Degree=0
K= 869
4479.31904762
K= 870
4605.75079365
K= 871
6201.73350128
K= 872
20.7039283501
K= 873
118.0
K= 874
44.0635283426
K= 875
20.7039283501
K= 876
33.4489435325
K= 877
4927.53459596
K= 878
4797.75079365
K= 879
4849.45
K= 880
2740.01474898
K= 881
134.5
K= 882
8.2711038962
K= 883
4490.70392835
K= 884
4490.70392835
K= 885
11.016666667
K= 886
4749.0
K= 887
4490.70392835
K= 888
389.661111111
K= 889
33.4666666668
K= 890
8.90000000014
K= 891
4225.04484952
K= 892
7.61540214182
K= 893
80.0197502192
K= 894
144.0
K= 895
4878.03968254
K= 896
9.00718355726
K= 897
4664.518288
K= 898
4630.0
K= 899
20.7039283501
K= 900
17.6145299146
K= 901
146.0
K= 902
4156.0
K= 903
4291.75
K= 904
9.56273911288
K= 905
5317.06961593
K= 906
9.86904761929
K= 907
6.10687742371
K= 908
13.7387163563
K= 909
4884.07612943
K= 910
11.8000000003
K= 911
199.116666667
K= 912
219.583333333
K= 913
371.174246363
K= 914
4398.0
K= 915
384.30084292
K= 916
8600.0
K= 917
4684.9015873
K= 918
4490.70392835
K= 919
223.673443996
K= 920
8.18333333335
K= 921
4867.06951786
K= 922
8600.0
K= 923
219.583333333
K= 924
6782.05127643
K= 925
9.27500000014
K= 926
12.4333333336
K= 927
943.870046088
K= 928
189.345238096
K= 929
20.7039283501
K= 930
18.7903828201
K= 931
9.20995671011
K= 932
7.67539682542
K= 933
35.0371602942
K= 934
20.1660922412
K= 935
9.31904761924
K= 936
8600.0
K= 937
21.0610206401
K= 938
564.361694678
K= 939
4867.42378455
K= 940
8587.0
K= 941
20.7039283501
K= 942
5105.81637252
K= 943
417.345238095
K= 944
4911.58567352
K= 945
54.4439726942
K= 946
19.7039283501
K= 947
31.0981979405
K= 948
4816.85
K= 949
8570.61538462
K= 950
10.0325757577
K= 951
20.7039283501
K= 952
4489.67647059
K= 953
519.778571429
K= 954
4291.75
K= 955
4869.71860051
K= 956
134.0
K= 957
4482.40952381
K= 958
12.516666667
K= 959
28.6991664454
K= 960
9.47665852681
K= 961
5447.78061462
K= 962
173.0
K= 963
11.8500000003
K= 964
4873.68236671
K= 965
8539.75
K= 966
4490.70392835
K= 967
4123.0
K= 968
4490.07040742
K= 969
22.8611473903
K= 970
8.68571428594
K= 971
487.853593662
K= 972
4797.75079365
K= 973
77.2726831939
K= 974
8570.61538462
K= 975
4451.75079365
K= 976
141.25
K= 977
8.94166666677
K= 978
4661.58333333
K= 979
56.8631332121
K= 980
4156.0
K= 981
4797.75079365
K= 982
8.68571428594
K= 983
4936.0 , Degree=0
K= 984
4477.62051671
K= 985
426.891807498
K= 986
384.35824288
K= 987
433.830093413
K= 988
4123.0
K= 989
81.9830972159
K= 990
4658.2
K= 991
9.33333333337
K= 992
8600.0
K= 993
20.4492063494
K= 994
11.8500000003
K= 995
23.1066503261
K= 996
37.1004190256
K= 997
10.161904762
K= 998
4481.86666667
K= 999
215.583333333
K= 1000
4291.75
K= 1001
8593.0
K= 1002
8384.7380174
K= 1003
9.86904761929
K= 1004
12.4095238097
K= 1005
20.7039283501
K= 1006
53.8239979034
K= 1007
3525.33995297
K= 1008
5.86731649062
K= 1009
4936.0 , Degree=0
K= 1010
4615.0
K= 1011
34.383345242
K= 1012
6594.70438435
K= 1013
4291.75
K= 1014
2499.35754183
K= 1015
8591.0
K= 1016
11.5952380955
K= 1017
4613.0
K= 1018
4490.70392835
K= 1019
8570.61538462
K= 1020
8575.0
K= 1021
4291.75
K= 1022
4861.85396132
K= 1023
4584.03110513
K= 1024
11.3500000003
K= 1025
34.1632292467
K= 1026
4480.0952381
K= 1027
4870.91201299
K= 1028
889.397137562
K= 1029
4936.0 , Degree=0
K= 1030
3588.00317408
K= 1031
5001.92857143
K= 1032
12.4095238097
K= 1033
376.213651115
K= 1034
7.72510822536
K= 1035
4614.0
K= 1036
10.0527777779
K= 1037
20.7039283501
K= 1038
50.1658273592
K= 1039
4.10000000009
K= 1040
12.2190476193
K= 1041
8593.0
K= 1042
6.51013090368
K= 1043
6240.35781346
K= 1044
8815.2
K= 1045
416.766666667
K= 1046
4291.75
K= 1047
63.2407254508
K= 1048
4476.24839397
K= 1049
65.866016846
K= 1050
4135.16666667
K= 1051
20.7039283501
K= 1052
8593.0
K= 1053
14.5070818072
K= 1054
4376.92147808
K= 1055
4505.0
K= 1056
6203.35781346
K= 1057
353.13601918
K= 1058
441.18419333
K= 1059
9.97142857162
K= 1060
12.3815476192
K= 1061
20.1764705882
K= 1062
11.8666666668
K= 1063
148.0
K= 1064
37.1425557642
K= 1065
4852.71860051
K= 1066
97.0214646466
K= 1067
425.701596312
K= 1068
9.56666666677
K= 1069
4770.00481602
K= 1070
10.161904762
K= 1071
4908.06050061
K= 1072
4623.53333333
K= 1073
22.3849569141
K= 1074
4477.49603175
K= 1075
4698.09866245
K= 1076
15.0186868688
K= 1077
20.7039283501
K= 1078
8.55328282842
K= 1079
4604.0452381
K= 1080
20.7384111087
K= 1081
7.18333333358
K= 1082
11.8666666668
K= 1083
147.0
K= 1084
4877.9015873
K= 1085
11.0119047621
K= 1086
4872.78316579
K= 1087
4877.9015873
K= 1088
12.516666667
K= 1089
554.223544768
K= 1090
4865.3740716
K= 1091
9.99523809541
K= 1092
35.4520656801
K= 1093
4936.0 , Degree=0
K= 1094
2701.00891416
K= 1095
39.9541762673
K= 1096
4911.03704906
K= 1097
4490.70392835
K= 1098
456.410633484
K= 1099
4936.0 , Degree=0
K= 1100
19.6764705882
K= 1101
4620.32899274
K= 1102
748.586029686
K= 1103
5003.1952381
K= 1104
103.668272283
K= 1105
4893.18542152
K= 1106
9.83333333337
K= 1107
8586.0
K= 1108
4936.0 , Degree=0
K= 1109
4962.67420635
K= 1110
18.309467787
K= 1111
8594.32222222
K= 1112
4838.9015873
K= 1113
1160.13501958
K= 1114
20.7039283501
K= 1115
8.08571428584
K= 1116
5713.53133118
K= 1117
11.6111111112
K= 1118
34.4079314857
K= 1119
8742.61538462
K= 1120
4658.5
K= 1121
6650.52766863
K= 1122
6566.88554422
K= 1123
4828.75
K= 1124
44.0635283426
K= 1125
4819.1580223
K= 1126
18.3826595686
K= 1127
2919.71270115
K= 1128
4793.89218918
K= 1129
20.7039283501
K= 1130
8592.0
K= 1131
327.750793651
K= 1132
112.0
K= 1133
20.7039283501
K= 1134
4797.75079365
K= 1135
10.6380952382
K= 1136
4291.75
K= 1137
92.0417915416
K= 1138
4380.33333333
K= 1139
20.7039283501
K= 1140
4480.76666667
K= 1141
4232.0
K= 1142
4135.16666667
K= 1143
118.0
K= 1144
4572.77361111
K= 1145
188.0
K= 1146
8589.0
K= 1147
9.68571428594
K= 1148
4936.0 , Degree=0
K= 1149
4797.75079365
K= 1150
6.40272642393
K= 1151
4900.95327589
K= 1152
346.72401059
K= 1153
4936.0 , Degree=0
K= 1154
211.583333333
K= 1155
10.7000000002
K= 1156
307.636117118
K= 1157
5220.6531746
K= 1158
206.116208791
K= 1159
4291.75
K= 1160
4647.0
K= 1161
8.84444444452
K= 1162
4859.32686096
K= 1163
58.1400775266
K= 1164
4521.59554206
K= 1165
4936.0 , Degree=0
K= 1166
29.3035468973
K= 1167
4498.85923482
K= 1168
108.529552004
K= 1169
4382.0
K= 1170
19.9971906164
K= 1171
20.7039283501
K= 1172
4838.9006622
K= 1173
4692.78185415
K= 1174
145.0
K= 1175
4704.23571429
K= 1176
431.534619913
K= 1177
4936.0 , Degree=0
K= 1178
58.4590496048
K= 1179
44.2875816406
K= 1180
11.921453634
K= 1181
4673.34975857
K= 1182
27.7162337664
K= 1183
110.0
K= 1184
22.1328571431
K= 1185
8592.0
K= 1186
365.879761905
K= 1187
15.0695526699
K= 1188
4481.86666667
K= 1189
4604.75079365
K= 1190
33.1803857933
K= 1191
219.583333333
K= 1192
4832.62381946
K= 1193
4936.0 , Degree=0
K= 1194
4670.57038085
K= 1195
6507.77010997
K= 1196
4936.0 , Degree=0
K= 1197
20.7039283501
K= 1198
11.8000000003
K= 1199
4476.0949495
K= 1200
4123.0
Betweenness Centrality Improvement
[ 21.60340189   9.26666667  12.40952381 ...,   0.           0.           0.        ]
Top 20 BC Improvement
[ 681  416  364  754  341  419  854  697  138  639  594  163  564 1044  196
 1119  161  764  209  992]
Top 20 BC Improvement
[ 13430.98571429  12414.46666667  11653.60514294  11646.19879558
  11641.78763001  11638.62604569  11626.5583742   11623.62807904
  11619.28513709   9617.08249154   9321.16666667   8961.70392835
   8951.58398763   8815.2          8774.14285714   8742.61538462   8600.
   8600.           8600.           8600.        ]
