txValue= 10000
Input graph
IGRAPH D--- 4619 68733 -- 
+ attr: pub_key (v), base_fee (e), capacity (e), fee_rate (e), txCost (e)
None
Graph after edges deleted
IGRAPH D--- 4619 68697 -- 
+ attr: pub_key (v), base_fee (e), capacity (e), fee_rate (e), txCost (e)
None
Our nodes starting connections: 
(4618, 2796)
(4618, 1223)
(4618, 1163)
CurrentBC of our node:  795981.35404
K= 3600
39.3904132823
K= 3601
16.6214285714
K= 3602
541.800582701
K= 3603
149.166666667
K= 3604
8567.5
K= 3605
346.691575708
K= 3606
4689.49144185
K= 3607
5723.07053512
K= 3608
4936.0 , Degree=0
K= 3609
34.1978274564
K= 3610
4936.0 , Degree=0
K= 3611
4704.46953781
K= 3612
4560.0
K= 3613
8602.0
K= 3614
14.8777777777
K= 3615
4598.0
K= 3616
8951.01919192
K= 3617
4591.51746032
K= 3618
8.89145101712
K= 3619
385.855688784
K= 3620
10.7666666667
K= 3621
17.3628730917
K= 3622
19.6487812911
K= 3623
126.0
K= 3624
411.471428571
K= 3625
5.90000000002
K= 3626
4914.57527473
K= 3627
5060.15707699
K= 3628
4567.4
K= 3629
311.517460317
K= 3630
7.53571428568
K= 3631
334.587929683
K= 3632
401.626190476
K= 3633
9.91666666663
K= 3634
4156.0
K= 3635
4490.64878129
K= 3636
8.61551689054
K= 3637
7.61551689054
K= 3638
12.3596259956
K= 3639
521.758333333
K= 3640
25.3791077407
K= 3641
4474.56248709
K= 3642
6559.73693664
K= 3643
4228.0
K= 3644
8.83333333326
K= 3645
9.25
K= 3646
4714.34619395
K= 3647
11731.8375999
K= 3648
4480.06666667
K= 3649
4569.0
K= 3650
5060.15707699
K= 3651
4825.92653319
K= 3652
8627.0
K= 3653
256.458143079
K= 3654
4631.59823679
K= 3655
4847.68211788
K= 3656
4895.07478992
K= 3657
8621.0
K= 3658
176.083333333
K= 3659
21.155436361
K= 3660
4325.75
K= 3661
7.43956043944
K= 3662
19.6487812911
K= 3663
8614.0
K= 3664
5874.36334752
K= 3665
8.89999999991
K= 3666
10.9839876343
K= 3667
4617.9
K= 3668
4936.0 , Degree=0
K= 3669
4477.05209682
K= 3670
23.0454545454
K= 3671
4405.46549459
K= 3672
339.548809524
K= 3673
4325.75
K= 3674
4481.56666667
K= 3675
4478.61551689
K= 3676
146.9
K= 3677
5.7509803921
K= 3678
4156.0
K= 3679
4685.0
K= 3680
6.75404040399
K= 3681
6.65238095226
K= 3682
383.321154238
K= 3683
137.25
K= 3684
4469.91666667
K= 3685
63.4699167042
K= 3686
10.2666666667
K= 3687
4550.0
K= 3688
4325.75
K= 3689
11.5
K= 3690
708.084094318
K= 3691
4827.65163671
K= 3692
119.333333333
K= 3693
43.9938861922
K= 3694
12.5856337704
K= 3695
70.7595238094
K= 3696
5984.99814288
K= 3697
4752.26331403
K= 3698
4844.29358768
K= 3699
5.12620468473
K= 3700
4357.5
K= 3701
4605.0
K= 3702
21.2130733809
K= 3703
19.5932257356
K= 3704
8.97738095233
K= 3705
8627.0
K= 3706
4361.0
K= 3707
4553.0
K= 3708
17.332001332
K= 3709
5.13695652166
K= 3710
168.583333333
K= 3711
13.0444444445
K= 3712
4876.38650794
K= 3713
4476.54749695
K= 3714
4804.70818903
K= 3715
4775.63932179
K= 3716
8.27662337641
K= 3717
5227.58717536
K= 3718
18.4998420299
K= 3719
4936.0 , Degree=0
K= 3720
49.0555555555
K= 3721
8.97738095233
K= 3722
130.0
K= 3723
133.0
K= 3724
4538.49015746
K= 3725
4850.64801587
K= 3726
4846.56225255
K= 3727
7.61551689054
K= 3728
134.0
K= 3729
139.180982906
K= 3730
10.7666666667
K= 3731
5.37558356684
K= 3732
4502.42362189
K= 3733
134.0
K= 3734
4872.95559163
K= 3735
354.457595496
K= 3736
309.475274725
K= 3737
4552.8789534
K= 3738
166.833333333
K= 3739
4936.0 , Degree=0
K= 3740
4880.97619048
K= 3741
4490.64878129
K= 3742
7.86904761894
K= 3743
7.61551689054
K= 3744
11.5
K= 3745
21.5333333333
K= 3746
67.0836913087
K= 3747
555.186238966
K= 3748
12.1932900432
K= 3749
370.598236791
K= 3750
23.95
K= 3751
19.6487812911
K= 3752
5.77529978775
K= 3753
11800.6138502
K= 3754
4479.78571429
K= 3755
4386.0
K= 3756
5.06937830686
K= 3757
19.0676948052
K= 3758
4936.0 , Degree=0
K= 3759
181.091959031
K= 3760
11718.4480241
K= 3761
4490.64878129
K= 3762
36.3560606061
K= 3763
172.083333333
K= 3764
4325.75
K= 3765
5.18986928102
K= 3766
4190.0
K= 3767
4847.68211788
K= 3768
3767.18678846
K= 3769
157.866666667
K= 3770
10.4166666666
K= 3771
6.48856837605
K= 3772
10.1666666666
K= 3773
4728.49144185
K= 3774
75.0872719621
K= 3775
11.4166666666
K= 3776
19.6487812911
K= 3777
4482.16666667
K= 3778
334.879761905
K= 3779
11.3095238095
K= 3780
171.952380952
K= 3781
512.760768398
K= 3782
4476.0
K= 3783
354.519494423
K= 3784
5060.15707699
K= 3785
4325.75
K= 3786
26.793695777
K= 3787
12.3826839826
K= 3788
10.7
K= 3789
19.6487812911
K= 3790
175.083333333
K= 3791
5060.15707699
K= 3792
30.3666666666
K= 3793
164.0
K= 3794
11.4166666666
K= 3795
19.6487812911
K= 3796
10.9257703081
K= 3797
147.0
K= 3798
5024.15707699
K= 3799
4579.5
K= 3800
39.2975625824
K= 3801
4156.0
K= 3802
7.10238095222
K= 3803
4936.0 , Degree=0
K= 3804
4372.68452381
K= 3805
9.34617224871
K= 3806
4479.17738095
K= 3807
4475.16666667
K= 3808
4535.2
K= 3809
4.48121595674
K= 3810
4936.0 , Degree=0
K= 3811
4307.0
K= 3812
21.2130733809
K= 3813
7445.00961073
K= 3814
8.73333333328
K= 3815
5988.5359944
K= 3816
12.7472084465
K= 3817
654.833333333
K= 3818
4156.0
K= 3819
384.426190476
K= 3820
18.966948681
K= 3821
522.758333333
K= 3822
11.3095238095
K= 3823
4936.0 , Degree=0
K= 3824
176.083333333
K= 3825
4936.0 , Degree=0
K= 3826
12.0
K= 3827
8.03571428568
K= 3828
111.430982906
K= 3829
5608.54315494
K= 3830
11.4166666666
K= 3831
8626.0
K= 3832
40.4582095681
K= 3833
4.47325581382
K= 3834
4357.0
K= 3835
19.6487812911
K= 3836
14.8099567099
K= 3837
4887.08333333
K= 3838
393.448809524
K= 3839
114.0
K= 3840
8.27782030497
K= 3841
8609.5
K= 3842
4936.0 , Degree=0
K= 3843
4490.64878129
K= 3844
4416.109212
K= 3845
19.1228021978
K= 3846
19.6487812911
K= 3847
4156.0
K= 3848
18.6228021978
K= 3849
8.77499999991
K= 3850
4806.85108794
K= 3851
35.4486233923
K= 3852
8621.0
K= 3853
8.68748832855
K= 3854
23.7
K= 3855
421.766666667
K= 3856
4822.32142857
K= 3857
9.91666666663
K= 3858
106.0
K= 3859
16.1888888888
K= 3860
51.8563492064
K= 3861
15.3714285714
K= 3862
8619.0
K= 3863
83.8273809524
K= 3864
53.7164285714
K= 3865
4888.38333333
K= 3866
4936.0 , Degree=0
K= 3867
19.6487812911
K= 3868
128.332915788
K= 3869
755.833369408
K= 3870
53.9074167042
K= 3871
13.2666666667
K= 3872
288.208440429
K= 3873
4190.0
K= 3874
19.6487812911
K= 3875
10.9166666666
K= 3876
19.6487812911
K= 3877
19.6487812911
K= 3878
4594.0
K= 3879
21.1005952382
K= 3880
19.6487812911
K= 3881
10.4570239888
K= 3882
4490.64878129
K= 3883
4325.75
K= 3884
40172.7583333
K= 3885
4850.64801587
K= 3886
19.6487812911
K= 3887
19.0886219315
K= 3888
357.326278177
K= 3889
10.8266233765
K= 3890
4814.80288078
K= 3891
4587.39853839
K= 3892
137.583333333
K= 3893
10.6452941176
K= 3894
7.24431818165
K= 3895
4441.0
K= 3896
4490.64878129
K= 3897
8467.71666667
K= 3898
377.858283909
K= 3899
4378.5
K= 3900
4936.0 , Degree=0
K= 3901
4479.15
K= 3902
8628.0
K= 3903
4605.0
K= 3904
172.576623376
K= 3905
193.103968254
K= 3906
4883.33734295
K= 3907
8961.83333333
K= 3908
8628.0
K= 3909
4814.49285714
K= 3910
176.866666667
K= 3911
19.1487812911
K= 3912
15.638095238
K= 3913
456.040645466
K= 3914
35.7393772893
K= 3915
21.2130733809
K= 3916
8612.0
K= 3917
4961.60643419
K= 3918
4190.0
K= 3919
19.6487812911
K= 3920
29.3359384919
K= 3921
259.329711472
K= 3922
4576.95432052
K= 3923
146.0
K= 3924
134.0
K= 3925
10.9166666666
K= 3926
179.481182796
K= 3927
268.0
K= 3928
8.45064770163
K= 3929
369.758333333
K= 3930
5.28418788896
K= 3931
237.879761905
K= 3932
11.3095238095
K= 3933
28.1540404039
K= 3934
7.61551689054
K= 3935
4947.28174603
K= 3936
19.6487812911
K= 3937
4476.27509698
K= 3938
63.6985855218
K= 3939
4655.30531917
K= 3940
4606.0
K= 3941
8627.0
K= 3942
176.083333333
K= 3943
4739.34492016
K= 3944
9.5
K= 3945
134.0
K= 3946
4681.59823679
K= 3947
8610.83333333
K= 3948
21.2130733809
K= 3949
4545.51746032
K= 3950
4838.81397944
K= 3951
24.8828485354
K= 3952
136.6625
K= 3953
34.8245060494
K= 3954
136.0
K= 3955
4482.41666667
K= 3956
126.0
K= 3957
12.296969697
K= 3958
108.5
K= 3959
4325.75
K= 3960
4936.0 , Degree=0
K= 3961
176.083333333
K= 3962
29.854061618
K= 3963
17.6487812911
K= 3964
4528.0
K= 3965
4479.78571429
K= 3966
4864.29404762
K= 3967
17.3958975965
K= 3968
10.2889610387
K= 3969
4842.73040432
K= 3970
4.8158881733
K= 3971
176.083333333
K= 3972
400.416206023
K= 3973
13.7620915032
K= 3974
7.06286393339
K= 3975
4544.51746032
K= 3976
31.5005449636
K= 3977
4673.49144185
K= 3978
10.7499999999
K= 3979
19.6487812911
K= 3980
390.982031857
K= 3981
4747.98662809
K= 3982
4822.32142857
K= 3983
10.7
K= 3984
19.6487812911
K= 3985
11.4166666666
K= 3986
4604.0
K= 3987
51.5583694084
K= 3988
10.5
K= 3989
4783.51746032
K= 3990
9521.1290475
K= 3991
4480.06666667
K= 3992
4156.0
K= 3993
26.0624999999
K= 3994
4591.51746032
K= 3995
26.0720438079
K= 3996
8628.0
K= 3997
175.083333333
K= 3998
219.443290043
K= 3999
110.583333333
K= 4000
4499.26121313
K= 4001
175.866666667
K= 4002
568.009523809
K= 4003
5045.13935019
K= 4004
8.57705627684
K= 4005
4156.0
K= 4006
32.9214507715
K= 4007
132.166666667
K= 4008
19.6487812911
K= 4009
4896.58333333
K= 4010
4241.87812813
K= 4011
109.0
K= 4012
4616.0
K= 4013
146.0
K= 4014
4728.96675722
K= 4015
8612.0
K= 4016
4822.32142857
K= 4017
4936.0 , Degree=0
K= 4018
4614.0
K= 4019
478.233766233
K= 4020
328.166666667
K= 4021
130.485166851
K= 4022
4936.0 , Degree=0
K= 4023
4487.08002458
K= 4024
4325.75
K= 4025
392.931420431
K= 4026
4847.68211788
K= 4027
39.2975625824
K= 4028
15.0080808081
K= 4029
4840.55724251
K= 4030
6.14948107442
K= 4031
6115.76829519
K= 4032
4860.76203359
K= 4033
10.1
K= 4034
4936.0 , Degree=0
K= 4035
11715.563816
K= 4036
135.0
K= 4037
4156.0
K= 4038
4932.85
K= 4039
4815.85376174
K= 4040
4835.30180457
K= 4041
4325.75
K= 4042
111.0
K= 4043
8624.0
K= 4044
115.257575757
K= 4045
4709.96896159
K= 4046
12.9062478303
K= 4047
2501.11402728
K= 4048
4340.0
K= 4049
10.5
K= 4050
19.6487812911
K= 4051
22361.0282051
K= 4052
4325.75
K= 4053
4325.75
K= 4054
5.94196645438
K= 4055
4783.51746032
K= 4056
147.0
K= 4057
133.0
K= 4058
4490.64878129
K= 4059
19.6487812911
K= 4060
4892.20601425
K= 4061
12.569783811
K= 4062
360.275689077
K= 4063
10.7666666667
K= 4064
4325.75
K= 4065
134.0
K= 4066
4798.54880952
K= 4067
10.1
K= 4068
8628.0
K= 4069
4936.64776178
K= 4070
4936.0 , Degree=0
K= 4071
333.879761905
K= 4072
63.4699167042
K= 4073
22.3961333835
K= 4074
26.793695777
K= 4075
293.791788278
K= 4076
10.9166666666
K= 4077
35.0762126762
K= 4078
8629.78904332
K= 4079
42.4154543333
K= 4080
4877.18521708
K= 4081
8.09821428568
K= 4082
10.7666666667
K= 4083
134.742857143
K= 4084
4753.58125963
K= 4085
6.79503663001
K= 4086
67.8873638344
K= 4087
370.907544571
K= 4088
4616.0
K= 4089
4594.0
K= 4090
4310.75
K= 4091
168.666666667
K= 4092
4490.64878129
K= 4093
8628.0
K= 4094
17.4836059773
K= 4095
4606.0
K= 4096
4788.68211788
K= 4097
149.757142857
K= 4098
7.36551689054
K= 4099
7.9928571427
K= 4100
8.83333333326
K= 4101
4871.00770341
K= 4102
8.73333333328
K= 4103
4475.88467492
K= 4104
6.71832611819
K= 4105
4756.38281709
K= 4106
26.0707210185
K= 4107
10.3443001442
K= 4108
4899.04256474
K= 4109
4936.0 , Degree=0
K= 4110
23.22760655
K= 4111
8622.0
K= 4112
327.688993317
K= 4113
15.9897219512
K= 4114
19.6487812911
K= 4115
8624.0
K= 4116
4.99360870605
K= 4117
11.4166666666
K= 4118
4156.0
K= 4119
10.6303030303
K= 4120
59.7476089721
K= 4121
4141.0
K= 4122
2275.61075163
K= 4123
19.5484848485
K= 4124
4582.51746032
K= 4125
4585.0
K= 4126
5.82392031769
K= 4127
4878.36666667
K= 4128
4827.46448264
K= 4129
19.646969697
K= 4130
8530.42857143
K= 4131
529.663369963
K= 4132
649.111111111
K= 4133
4490.64878129
K= 4134
101.0
K= 4135
8628.0
K= 4136
4845.75336092
K= 4137
5060.15707699
K= 4138
4848.81728827
K= 4139
6.0
K= 4140
12.4166666666
K= 4141
4936.0 , Degree=0
K= 4142
4325.75
K= 4143
91.7857142858
K= 4144
4906.70565351
K= 4145
4861.32142857
K= 4146
4826.45086096
K= 4147
176.083333333
K= 4148
4156.0
K= 4149
4357.0
K= 4150
386.0
K= 4151
385.861904762
K= 4152
8.52500000002
K= 4153
10.1
K= 4154
9.91666666663
K= 4155
125.0
K= 4156
8944.73015873
K= 4157
3293.02358605
K= 4158
19.6487812911
K= 4159
3641.71140293
K= 4160
4601.0
K= 4161
10.0068321873
K= 4162
4156.0
K= 4163
8627.0
K= 4164
4922.46666667
K= 4165
17.4718409586
K= 4166
512.760768398
K= 4167
428.333333333
K= 4168
4847.65163671
K= 4169
124.0
K= 4170
40.4582095681
K= 4171
112.5
K= 4172
9707.86284086
K= 4173
7.11551689054
K= 4174
136.0
K= 4175
167.083333333
K= 4176
22.4359514838
K= 4177
7.61551689054
K= 4178
8629.90238095
K= 4179
172.866666666
K= 4180
4802.94352304
K= 4181
4795.94352304
K= 4182
42.2666666666
K= 4183
341.783184583
K= 4184
4471.89071429
K= 4185
8.03571428568
K= 4186
8628.0
K= 4187
19.1487812911
K= 4188
4869.62857143
K= 4189
11.3946433479
K= 4190
8.48792270513
K= 4191
4562.99098124
K= 4192
196.0
K= 4193
4475.19166667
K= 4194
7.34126984118
K= 4195
4325.75
K= 4196
31.7
K= 4197
4490.64878129
K= 4198
5.78663177253
K= 4199
18.8240915382
K= 4200
4788.68211788
K= 4201
10.9787975815
K= 4202
7.44646464626
K= 4203
19.6487812911
K= 4204
7.33333333326
K= 4205
4492.21307338
K= 4206
63.6392201425
K= 4207
10.9952380952
K= 4208
4936.0 , Degree=0
K= 4209
13415.6690476
K= 4210
4902.60119048
K= 4211
313.344444444
K= 4212
8628.0
K= 4213
4192.0
K= 4214
10.7
K= 4215
4541.04166667
K= 4216
19.6487812911
K= 4217
383.298646318
K= 4218
15.1712732527
K= 4219
6245.92790776
K= 4220
19.6487812911
K= 4221
118.158988566
K= 4222
11.5
K= 4223
4584.5
K= 4224
4478.23571429
K= 4225
4822.32142857
K= 4226
133.0
K= 4227
4156.0
K= 4228
161.833333333
K= 4229
9.59999999998
K= 4230
19.6487812911
K= 4231
5691.8856374
K= 4232
4409.0
K= 4233
4490.64878129
K= 4234
13.8148135568
K= 4235
381.201035484
K= 4236
19.9493049248
K= 4237
11.5
K= 4238
47.4628173619
K= 4239
7.64682539681
K= 4240
9.45855614974
K= 4241
11734.6854331
K= 4242
8916.58962149
K= 4243
20.4638434029
K= 4244
4477.72455322
K= 4245
18.6200757576
K= 4246
8.78571428568
K= 4247
4156.0
K= 4248
16.717442645
K= 4249
4519.0
K= 4250
361.761353543
K= 4251
4827.61493506
K= 4252
176.083333333
K= 4253
4638.6482684
K= 4254
4325.75
K= 4255
19.6487812911
K= 4256
135.5
K= 4257
8397.0
K= 4258
8627.0
K= 4259
7.59884559875
K= 4260
4482.5
K= 4261
4482.41666667
K= 4262
4591.51746032
K= 4263
4473.17769726
K= 4264
4127.0
K= 4265
4490.64878129
K= 4266
11.5475579974
K= 4267
380.309754543
K= 4268
19.6487812911
K= 4269
4542.075
K= 4270
4858.44880952
K= 4271
359.968961594
K= 4272
4936.0 , Degree=0
K= 4273
4490.64878129
K= 4274
4325.75
K= 4275
6.07348484837
K= 4276
10.7666666667
K= 4277
4490.14878129
K= 4278
6.1800366299
K= 4279
4891.91190476
K= 4280
4583.0
K= 4281
9.04285714286
K= 4282
17626.0
K= 4283
16.2577749048
K= 4284
8627.0
K= 4285
8.73333333328
K= 4286
6513.57467207
K= 4287
17581.0
K= 4288
2484.57682966
K= 4289
11715.3083684
K= 4290
4577.56520506
K= 4291
4.90578401263
K= 4292
11.4166666666
K= 4293
11708.1574384
K= 4294
119.0
K= 4295
62.5181421912
K= 4296
4822.10563032
K= 4297
4936.0 , Degree=0
K= 4298
4822.32142857
K= 4299
4477.58472222
K= 4300
4859.08765702
K= 4301
134.0
K= 4302
4480.06666667
K= 4303
4502.77262834
K= 4304
4499.26121313
K= 4305
365.977680391
K= 4306
26.5467588695
K= 4307
11.4166666666
K= 4308
4490.64878129
K= 4309
9.91666666663
K= 4310
4838.69319292
K= 4311
8.47738095233
K= 4312
4325.75
K= 4313
9.06666666665
K= 4314
8.51587301586
K= 4315
10.9166666666
K= 4316
167.083333333
K= 4317
4476.49199382
K= 4318
19.6487812911
K= 4319
10.5
K= 4320
176.083333333
K= 4321
353.986628092
K= 4322
9.31904761889
K= 4323
10.5666666667
K= 4324
22.3939966314
K= 4325
6.21805555536
K= 4326
11.4166666666
K= 4327
155.833333333
K= 4328
7.10238095222
K= 4329
5.98216947587
K= 4330
28.9884068427
K= 4331
391.8
K= 4332
35.7105281543
K= 4333
27.661495489
K= 4334
19.6487812911
K= 4335
351.219777706
K= 4336
5008.58192045
K= 4337
9.94126984128
K= 4338
19.3563897489
K= 4339
4755.96896159
K= 4340
19.6487812911
K= 4341
4479.78571429
K= 4342
4190.0
K= 4343
118.666666667
K= 4344
4667.4789923
K= 4345
8.97738095233
K= 4346
5.12149298971
K= 4347
8609.0
K= 4348
4728.49144185
K= 4349
4490.64878129
K= 4350
528.866666666
K= 4351
7.96111111098
K= 4352
21.3620492994
K= 4353
515.425
K= 4354
4391.51746032
K= 4355
8574.75
K= 4356
4784.0
K= 4357
10.7
K= 4358
11.4166666666
K= 4359
21.0196735022
K= 4360
1751.29638403
K= 4361
6.0
K= 4362
4831.05424701
K= 4363
6.19134199119
K= 4364
8335.75
K= 4365
8614.0
K= 4366
32.884326337
K= 4367
32.6666666666
K= 4368
35.7393772893
K= 4369
10.7
K= 4370
4156.0
K= 4371
4805.69648495
K= 4372
78.1095238097
K= 4373
4156.0
K= 4374
4589.94939952
K= 4375
580.25
K= 4376
14.3636363636
K= 4377
4571.0
K= 4378
4700.19285714
K= 4379
4783.51746032
K= 4380
45.6761467617
K= 4381
4783.51746032
K= 4382
4889.66666667
K= 4383
9.91666666663
K= 4384
13417.0227273
K= 4385
4490.64878129
K= 4386
4478.13419913
K= 4387
4726.77697613
K= 4388
4852.71388889
K= 4389
5305.61904762
K= 4390
14.3489316435
K= 4391
10.5
K= 4392
11714.3063119
K= 4393
14.6444444444
K= 4394
4190.0
K= 4395
68.5891818387
K= 4396
4936.0 , Degree=0
K= 4397
4914.17698413
K= 4398
19.6487812911
K= 4399
135.0
K= 4400
22.9999999999
K= 4401
4783.51746032
K= 4402
5060.15707699
K= 4403
38.1979853481
K= 4404
4936.0 , Degree=0
K= 4405
21.6487812911
K= 4406
11.3333333334
K= 4407
512.760768398
K= 4408
4322.75
K= 4409
4490.64878129
K= 4410
4591.51746032
K= 4411
419.578675856
K= 4412
42.4261467617
K= 4413
9.76666666672
K= 4414
8628.0
K= 4415
4546.00316293
K= 4416
8606.0
K= 4417
4479.10793651
K= 4418
4490.64878129
K= 4419
47.5284995544
K= 4420
351.878692556
K= 4421
6.7260683761
K= 4422
129.0
K= 4423
4476.79414981
K= 4424
7.73571428563
K= 4425
4728.49144185
K= 4426
4156.0
K= 4427
4591.50357143
K= 4428
19.6487812911
K= 4429
36.9849394453
K= 4430
4190.0
K= 4431
11.2646575646
K= 4432
142.365079365
K= 4433
42.4261467617
K= 4434
5914.68408082
K= 4435
85.5108225107
K= 4436
4480.06666667
K= 4437
63.4699167042
K= 4438
4838.81397944
K= 4439
393.333333333
K= 4440
15.3055555554
K= 4441
4911.91666667
K= 4442
29.6694805194
K= 4443
6.03431372542
K= 4444
11.3095238095
K= 4445
4155.0
K= 4446
4325.75
K= 4447
8578.0
K= 4448
367.488240443
K= 4449
4936.0 , Degree=0
K= 4450
4490.64878129
K= 4451
6.71661671659
K= 4452
134.0
K= 4453
4491.2368829
K= 4454
4936.0 , Degree=0
K= 4455
20.864145703
K= 4456
4490.64878129
K= 4457
37.465778177
K= 4458
4788.68211788
K= 4459
6.75404040399
K= 4460
4783.51746032
K= 4461
3374.48995769
K= 4462
443.133333333
K= 4463
4646.08333333
K= 4464
29.8576923794
K= 4465
281.902603431
K= 4466
11.4166666666
K= 4467
4750.89162504
K= 4468
4490.64878129
K= 4469
4646.34492016
K= 4470
8614.0
K= 4471
48.3616161614
K= 4472
31.2548933016
K= 4473
10.7666666667
K= 4474
10.2666666667
K= 4475
4153.0
K= 4476
26.5444444444
K= 4477
4325.75
K= 4478
4932.85
K= 4479
21.2130733809
K= 4480
802.336904762
K= 4481
19.6487812911
K= 4482
3956.94536446
K= 4483
4814.80288078
K= 4484
175.583333333
K= 4485
4307.0
K= 4486
4577.96275457
K= 4487
19.6487812911
K= 4488
279.783397902
K= 4489
361.142538201
K= 4490
898.927313346
K= 4491
11.4166666666
K= 4492
4823.61379868
K= 4493
17869.6071429
K= 4494
11.4166666666
K= 4495
4583.5
K= 4496
36.813073593
K= 4497
5632.76835619
K= 4498
17222.0
K= 4499
4595.0
K= 4500
162.833333333
K= 4501
11791.2706439
K= 4502
448.808441558
K= 4503
4476.86777778
K= 4504
16.3714285714
K= 4505
4480.56666667
K= 4506
4496.45657878
K= 4507
18.6764705882
K= 4508
126.5
K= 4509
4755.96896159
K= 4510
4325.75
K= 4511
173.333333333
K= 4512
354.816666667
K= 4513
4857.71634199
K= 4514
8.23571428563
K= 4515
400.001190476
K= 4516
19.6487812911
K= 4517
11.4166666666
K= 4518
11683.5372294
K= 4519
131.0
K= 4520
399.926923077
K= 4521
20.3333333333
K= 4522
8627.0
K= 4523
4725.28555986
K= 4524
5060.15707699
K= 4525
20.7333333333
K= 4526
8.97738095233
K= 4527
4728.49144185
K= 4528
15.2441017316
K= 4529
8.09444444429
K= 4530
19.6487812911
K= 4531
8627.0
K= 4532
10.2666666667
K= 4533
8.09444444429
K= 4534
8.47738095233
K= 4535
4589.51746032
K= 4536
4837.93150899
K= 4537
30.6123070483
K= 4538
10.6666666667
K= 4539
19.6487812911
K= 4540
169.583333333
K= 4541
547.750510827
K= 4542
19.1487812911
K= 4543
4476.01515152
K= 4544
4477.75
K= 4545
4901.7046398
K= 4546
561.698995268
K= 4547
8628.0
K= 4548
301.762012987
K= 4549
22.5573593072
K= 4550
6.2199134198
K= 4551
4325.75
K= 4552
8602.0
K= 4553
4764.80979853
K= 4554
124.583333333
K= 4555
8515.16666667
K= 4556
15.2392620239
K= 4557
4936.0 , Degree=0
K= 4558
4703.28253968
K= 4559
8621.0
K= 4560
4325.75
K= 4561
512.760768398
K= 4562
19.6487812911
K= 4563
4581.0
K= 4564
4783.51746032
K= 4565
16.8792631011
K= 4566
4820.73040432
K= 4567
8.73333333328
K= 4568
166.866666667
K= 4569
137.0
K= 4570
4325.75
K= 4571
48.424549062
K= 4572
4605.0
K= 4573
283.0
K= 4574
4325.75
K= 4575
11722.8484627
K= 4576
176.083333333
K= 4577
8625.0
K= 4578
4325.75
K= 4579
11.0
K= 4580
4155.80071155
K= 4581
8.01111111115
K= 4582
4554.87655549
K= 4583
312.517460317
K= 4584
20.4999999999
K= 4585
19.6487812911
K= 4586
7.73571428563
K= 4587
6.62904040399
K= 4588
463.833333333
K= 4589
176.866666667
K= 4590
40.705059755
K= 4591
11721.4812934
K= 4592
12.0805555555
K= 4593
4478.87619048
K= 4594
8.84490591101
K= 4595
469.4
K= 4596
19.6487812911
K= 4597
8568.0
K= 4598
176.866666667
K= 4599
4482.41666667
K= 4600
4936.0 , Degree=0
K= 4601
10.1
K= 4602
4755.96896159
K= 4603
5.72179487173
K= 4604
39.2830461205
K= 4605
4885.57867586
K= 4606
176.083333333
K= 4607
134.0
K= 4608
8.87619047612
K= 4609
4647.86666667
K= 4610
35.7393772893
K= 4611
19.6487812911
K= 4612
4891.13041011
K= 4613
4325.75
K= 4614
11.4166666666
K= 4615
4911.15357143
K= 4616
5.33333333337
K= 4617
6392.40797221
Betweenness Centrality Improvement
[  0.00000000e+00   0.00000000e+00   0.00000000e+00 ...,   5.33333333e+00
   6.39240797e+03   0.00000000e+00]
Top 20 BC Improvement
[3884 4051 4493 4282 4287 4498 4384 4209 3753 4501 4241 3647 4575 4591 3760
 4035 4289 4392 4293 4518]
Top 20 BC Improvement
[ 40172.75833333  22361.02820513  17869.60714286  17626.          17581.
  17222.          13417.02272727  13415.66904762  11800.61385021
  11791.27064386  11734.6854331   11731.83759988  11722.84846274
  11721.4812934   11718.44802412  11715.56381601  11715.30836839
  11714.30631186  11708.15743845  11683.53722944]
