txValue= 10000
Input graph
IGRAPH D--- 4619 68733 -- 
+ attr: pub_key (v), base_fee (e), capacity (e), fee_rate (e), txCost (e)
None
Graph after edges deleted
IGRAPH D--- 4619 68697 -- 
+ attr: pub_key (v), base_fee (e), capacity (e), fee_rate (e), txCost (e)
None
Our nodes starting connections: 
(4618, 2796)
(4618, 1223)
CurrentBC of our node:  649089.0
K= 3600
35.2075888192
K= 3601
11.9547619048
K= 3602
476.334656861
K= 3603
118.166666667
K= 3604
8596.5
K= 3605
301.027545251
K= 3606
4645.66012977
K= 3607
3615.8796045
K= 3608
4936.0 , Degree=0
K= 3609
21.102589361
K= 3610
4936.0 , Degree=0
K= 3611
4656.10201201
K= 3612
4536.0
K= 3613
8602.0
K= 3614
10.2111111111
K= 3615
4571.0
K= 3616
8947.7969697
K= 3617
4548.8984127
K= 3618
5.34797275614
K= 3619
334.38261186
K= 3620
7.76666666672
K= 3621
14.3160894661
K= 3622
16.2825757576
K= 3623
101.0
K= 3624
359.711904762
K= 3625
4.40000000002
K= 3626
4853.5014652
K= 3627
4984.86063354
K= 3628
4542.0
K= 3629
269.398412698
K= 3630
5.53571428568
K= 3631
288.872931191
K= 3632
350.96547619
K= 3633
7.58333333337
K= 3634
4189.0
K= 3635
4487.28257576
K= 3636
5.721102971
K= 3637
4.721102971
K= 3638
7.37153075752
K= 3639
463.248412698
K= 3640
20.4496317318
K= 3641
4472.49105852
K= 3642
3770.1554625
K= 3643
8630.0
K= 3644
6.49999999988
K= 3645
7.58333333337
K= 3646
4666.27608813
K= 3647
7893.58147582
K= 3648
4477.56666667
K= 3649
4540.0
K= 3650
4984.86063354
K= 3651
4777.67956349
K= 3652
8660.0
K= 3653
137.897246272
K= 3654
4582.82092989
K= 3655
4796.91273449
K= 3656
4838.20177404
K= 3657
8654.0
K= 3658
137.25
K= 3659
16.980418046
K= 3660
4360.0
K= 3661
4.43956043944
K= 3662
16.2825757576
K= 3663
8647.0
K= 3664
5656.66367264
K= 3665
6.56666666665
K= 3666
6.30635605531
K= 3667
4584.15
K= 3668
4936.0 , Degree=0
K= 3669
4474.85209682
K= 3670
14.0454545454
K= 3671
4751.73731999
K= 3672
292.467460317
K= 3673
4360.0
K= 3674
4478.56666667
K= 3675
4475.72110297
K= 3676
113.15
K= 3677
3.7509803921
K= 3678
4189.0
K= 3679
9071.0
K= 3680
4.50404040387
K= 3681
4.90238095226
K= 3682
326.355731372
K= 3683
111.083333333
K= 3684
4468.33333333
K= 3685
56.6647790102
K= 3686
7.76666666672
K= 3687
4534.0
K= 3688
4360.0
K= 3689
8.5
K= 3690
406.682282724
K= 3691
4776.11213644
K= 3692
98.0
K= 3693
40.4326077976
K= 3694
8.08563377033
K= 3695
55.9428571428
K= 3696
3615.1941923
K= 3697
4704.11591941
K= 3698
4794.1354616
K= 3699
3.48334754189
K= 3700
4338.0
K= 3701
4580.0
K= 3702
17.0302489178
K= 3703
16.227020202
K= 3704
5.97738095222
K= 3705
8660.0
K= 3706
4336.0
K= 3707
4528.0
K= 3708
14.2908757909
K= 3709
3.0536231884
K= 3710
132.25
K= 3711
8.64444444445
K= 3712
4823.39365079
K= 3713
4474.29749695
K= 3714
4758.28672439
K= 3715
4733.08694084
K= 3716
5.94329004316
K= 3717
5127.27092319
K= 3718
13.5276198076
K= 3719
4936.0 , Degree=0
K= 3720
35.0555555555
K= 3721
5.97738095222
K= 3722
107.0
K= 3723
109.0
K= 3724
4496.10444317
K= 3725
4801.36071429
K= 3726
4796.3086599
K= 3727
4.721102971
K= 3728
109.0
K= 3729
112.604059829
K= 3730
7.76666666672
K= 3731
3.23272642388
K= 3732
4496.35068392
K= 3733
109.0
K= 3734
4821.54209957
K= 3735
307.302754082
K= 3736
267.272893773
K= 3737
4513.43173118
K= 3738
129.25
K= 3739
4936.0 , Degree=0
K= 3740
4829.40952381
K= 3741
4487.28257576
K= 3742
5.53571428568
K= 3743
4.721102971
K= 3744
8.5
K= 3745
15.5333333333
K= 3746
60.7273421023
K= 3747
467.650476929
K= 3748
8.02662337653
K= 3749
321.820929887
K= 3750
16.95
K= 3751
16.2825757576
K= 3752
3.60863312113
K= 3753
7976.31
K= 3754
4476.78571429
K= 3755
4364.0
K= 3756
2.92652116413
K= 3757
15.8072552447
K= 3758
4936.0 , Degree=0
K= 3759
130.047294372
K= 3760
7889.27410727
K= 3761
4487.28257576
K= 3762
21.7727272727
K= 3763
134.25
K= 3764
4360.0
K= 3765
3.48986928095
K= 3766
8592.0
K= 3767
4796.91273449
K= 3768
2897.49771061
K= 3769
118.0
K= 3770
8.41666666663
K= 3771
4.28856837598
K= 3772
8.16666666663
K= 3773
4684.66012977
K= 3774
68.9374109172
K= 3775
8.41666666663
K= 3776
16.2825757576
K= 3777
4479.16666667
K= 3778
292.333333333
K= 3779
8.30952380947
K= 3780
136.285714286
K= 3781
454.060822511
K= 3782
4451.0
K= 3783
305.853971992
K= 3784
4984.86063354
K= 3785
4360.0
K= 3786
21.4646896473
K= 3787
7.98268398258
K= 3788
8.3666666667
K= 3789
16.2825757576
K= 3790
137.25
K= 3791
4984.86063354
K= 3792
21.8666666666
K= 3793
129.0
K= 3794
8.41666666663
K= 3795
16.2825757576
K= 3796
6.70354808588
K= 3797
117.0
K= 3798
4948.86063354
K= 3799
4558.0
K= 3800
32.5651515152
K= 3801
4189.0
K= 3802
4.90238095226
K= 3803
4936.0 , Degree=0
K= 3804
4330.16071429
K= 3805
5.58859649114
K= 3806
4476.97738095
K= 3807
4473.33333333
K= 3808
4511.0
K= 3809
2.88559918606
K= 3810
4936.0 , Degree=0
K= 3811
4340.0
K= 3812
17.0302489178
K= 3813
4097.94083654
K= 3814
6.39999999991
K= 3815
3701.50303584
K= 3816
7.53292273229
K= 3817
583.666666667
K= 3818
4189.0
K= 3819
336.483333333
K= 3820
15.7550856902
K= 3821
464.248412698
K= 3822
8.30952380947
K= 3823
4936.0 , Degree=0
K= 3824
137.25
K= 3825
4936.0 , Degree=0
K= 3826
6.0
K= 3827
5.53571428568
K= 3828
89.604059829
K= 3829
5417.62764491
K= 3830
8.41666666663
K= 3831
8659.0
K= 3832
32.5850593852
K= 3833
2.44999999995
K= 3834
4334.0
K= 3835
16.2825757576
K= 3836
10.1432900431
K= 3837
4833.66666667
K= 3838
342.518650794
K= 3839
89.0
K= 3840
4.67782030487
K= 3841
8643.0
K= 3842
4936.0 , Degree=0
K= 3843
4487.28257576
K= 3844
3130.80807988
K= 3845
15.8920329671
K= 3846
16.2825757576
K= 3847
4189.0
K= 3848
15.8920329669
K= 3849
5.77499999991
K= 3850
4758.90262855
K= 3851
27.8600879513
K= 3852
8654.0
K= 3853
5.4874883286
K= 3854
19.2
K= 3855
369.766666667
K= 3856
4772.88571429
K= 3857
7.58333333337
K= 3858
84.0
K= 3859
11.5222222222
K= 3860
42.5591269841
K= 3861
11.7047619048
K= 3862
8652.0
K= 3863
66.8852564102
K= 3864
45.8172222222
K= 3865
4836.8
K= 3866
4936.0 , Degree=0
K= 3867
16.2825757576
K= 3868
104.332915787
K= 3869
667.973412698
K= 3870
47.1022790102
K= 3871
9.76666666672
K= 3872
248.006059477
K= 3873
8592.0
K= 3874
16.2825757576
K= 3875
8.41666666663
K= 3876
16.2825757576
K= 3877
16.2825757576
K= 3878
4569.0
K= 3879
15.7672619048
K= 3880
16.2825757576
K= 3881
6.25702398899
K= 3882
4487.28257576
K= 3883
4360.0
K= 3884
40166.5333333
K= 3885
4801.36071429
K= 3886
16.2825757576
K= 3887
15.8578527007
K= 3888
277.883926546
K= 3889
6.62662337651
K= 3890
4766.17525831
K= 3891
4545.32278081
K= 3892
103.0
K= 3893
6.42307189538
K= 3894
4.74431818177
K= 3895
4416.0
K= 3896
4487.28257576
K= 3897
8626.0
K= 3898
330.242798761
K= 3899
4350.0
K= 3900
4936.0 , Degree=0
K= 3901
4476.81666667
K= 3902
8661.0
K= 3903
4579.0
K= 3904
170.826623376
K= 3905
146.051190476
K= 3906
4827.60135583
K= 3907
8956.83333333
K= 3908
8661.0
K= 3909
4768.04285714
K= 3910
137.0
K= 3911
16.2825757576
K= 3912
9.63809523801
K= 3913
400.822441447
K= 3914
27.5985653234
K= 3915
17.0302489178
K= 3916
8645.0
K= 3917
4896.28638416
K= 3918
8592.0
K= 3919
16.2825757576
K= 3920
23.0028172955
K= 3921
373.638095238
K= 3922
4534.30432052
K= 3923
116.0
K= 3924
109.0
K= 3925
8.41666666663
K= 3926
139.583333333
K= 3927
220.0
K= 3928
5.32564770151
K= 3929
311.248412698
K= 3930
3.18418788898
K= 3931
198.333333333
K= 3932
8.30952380947
K= 3933
21.2373737373
K= 3934
4.721102971
K= 3935
4882.01507937
K= 3936
16.2825757576
K= 3937
4474.18418789
K= 3938
41.3652521884
K= 3939
4612.24202662
K= 3940
4581.0
K= 3941
8660.0
K= 3942
137.25
K= 3943
4693.4531618
K= 3944
6.49999999988
K= 3945
109.0
K= 3946
4632.82092989
K= 3947
8643.0
K= 3948
17.0302489178
K= 3949
4502.8984127
K= 3950
4793.73731999
K= 3951
15.8828485355
K= 3952
110.1
K= 3953
28.7657148406
K= 3954
110.0
K= 3955
4479.41666667
K= 3956
101.0
K= 3957
7.79696969688
K= 3958
86.0
K= 3959
4360.0
K= 3960
4936.0 , Degree=0
K= 3961
137.25
K= 3962
24.161884711
K= 3963
14.2825757576
K= 3964
4503.0
K= 3965
4476.78571429
K= 3966
4813.04404762
K= 3967
14.6538955325
K= 3968
6.78896103881
K= 3969
4794.4137987
K= 3970
2.74445960193
K= 3971
137.25
K= 3972
344.780815923
K= 3973
8.76209150325
K= 3974
4.56286393327
K= 3975
4501.8984127
K= 3976
25.3506839188
K= 3977
4629.66012977
K= 3978
8.41666666663
K= 3979
16.2825757576
K= 3980
340.911000111
K= 3981
4702.20110055
K= 3982
4772.88571429
K= 3983
8.3666666667
K= 3984
16.2825757576
K= 3985
8.41666666663
K= 3986
4578.0
K= 3987
42.5944805194
K= 3988
7.50000000012
K= 3989
4740.8984127
K= 3990
9436.60741008
K= 3991
4477.56666667
K= 3992
4189.0
K= 3993
18.8958333333
K= 3994
4548.8984127
K= 3995
21.7520445053
K= 3996
8661.0
K= 3997
137.25
K= 3998
189.981385281
K= 3999
89.1666666666
K= 4000
4494.33637849
K= 4001
137.0
K= 4002
497.433333333
K= 4003
4967.09084387
K= 4004
5.94848484849
K= 4005
4189.0
K= 4006
26.7484348984
K= 4007
107.666666667
K= 4008
16.2825757576
K= 4009
4844.75
K= 4010
3020.59253618
K= 4011
87.0
K= 4012
4585.0
K= 4013
116.0
K= 4014
4749.67065332
K= 4015
8645.0
K= 4016
4772.88571429
K= 4017
4936.0 , Degree=0
K= 4018
4585.0
K= 4019
404.150829726
K= 4020
250.5
K= 4021
103.678001771
K= 4022
4936.0 , Degree=0
K= 4023
4484.53100497
K= 4024
4360.0
K= 4025
342.676261701
K= 4026
4796.91273449
K= 4027
32.5651515152
K= 4028
9.0080808081
K= 4029
4791.71061552
K= 4030
3.64948107442
K= 4031
3747.05675141
K= 4032
4808.61122979
K= 4033
7.76666666672
K= 4034
4936.0 , Degree=0
K= 4035
7890.81769389
K= 4036
106.0
K= 4037
4189.0
K= 4038
4864.1
K= 4039
4767.90441109
K= 4040
4785.75086996
K= 4041
4360.0
K= 4042
88.0
K= 4043
8657.0
K= 4044
93.0075757577
K= 4045
4661.23514166
K= 4046
8.7062478303
K= 4047
1796.40755255
K= 4048
4308.0
K= 4049
7.50000000012
K= 4050
16.2825757576
K= 4051
22351.8615385
K= 4052
4360.0
K= 4053
4360.0
K= 4054
3.60863312113
K= 4055
4740.8984127
K= 4056
117.0
K= 4057
108.0
K= 4058
4487.28257576
K= 4059
16.2825757576
K= 4060
4837.27127774
K= 4061
8.56978381099
K= 4062
312.474630876
K= 4063
7.76666666672
K= 4064
4360.0
K= 4065
109.0
K= 4066
4751.46746032
K= 4067
7.76666666672
K= 4068
8661.0
K= 4069
3360.62085865
K= 4070
4936.0 , Degree=0
K= 4071
291.333333333
K= 4072
56.6647790102
K= 4073
18.864320518
K= 4074
21.4646896473
K= 4075
248.101434124
K= 4076
8.41666666663
K= 4077
28.7198634699
K= 4078
8660.78904332
K= 4079
38.2326298702
K= 4080
4824.18370193
K= 4081
5.59821428568
K= 4082
7.76666666672
K= 4083
83.9999999999
K= 4084
4707.88451076
K= 4085
3.79503662989
K= 4086
57.5814814814
K= 4087
323.005988492
K= 4088
4586.0
K= 4089
4570.0
K= 4090
4345.0
K= 4091
132.333333333
K= 4092
4487.28257576
K= 4093
8661.0
K= 4094
15.3094988344
K= 4095
4581.0
K= 4096
4737.91273449
K= 4097
54.857142857
K= 4098
4.471102971
K= 4099
5.79285714275
K= 4100
6.49999999988
K= 4101
4819.78770951
K= 4102
5.73333333328
K= 4103
4474.21800826
K= 4104
4.57546897535
K= 4105
4708.30743247
K= 4106
21.2250793092
K= 4107
7.14430014428
K= 4108
4840.12391395
K= 4109
4936.0 , Degree=0
K= 4110
18.8814178712
K= 4111
8655.0
K= 4112
285.42232665
K= 4113
10.8988128604
K= 4114
16.2825757576
K= 4115
8657.0
K= 4116
2.89360870607
K= 4117
8.41666666663
K= 4118
4189.0
K= 4119
7.796969697
K= 4120
47.592839918
K= 4121
4174.0
K= 4122
1729.49557211
K= 4123
12.5484848485
K= 4124
4539.8984127
K= 4125
4555.0
K= 4126
3.65725365106
K= 4127
4826.95
K= 4128
4778.96677022
K= 4129
16.2825757576
K= 4130
8562.33333333
K= 4131
483.674481074
K= 4132
529.277777778
K= 4133
4487.28257576
K= 4134
82.0
K= 4135
8661.0
K= 4136
4797.67399584
K= 4137
4984.86063354
K= 4138
4799.46701354
K= 4139
3.0
K= 4140
9.41666666663
K= 4141
4936.0 , Degree=0
K= 4142
4360.0
K= 4143
71.8364468864
K= 4144
4848.81956738
K= 4145
4811.88571429
K= 4146
4779.17203777
K= 4147
137.25
K= 4148
4189.0
K= 4149
4325.0
K= 4150
337.666666667
K= 4151
290.99047619
K= 4152
6.52499999991
K= 4153
7.76666666672
K= 4154
7.58333333337
K= 4155
100.0
K= 4156
8940.33015873
K= 4157
2585.48928379
K= 4158
16.2825757576
K= 4159
2828.8800358
K= 4160
4570.0
K= 4161
6.10016552068
K= 4162
4189.0
K= 4163
8660.0
K= 4164
4868.63333333
K= 4165
14.3953703704
K= 4166
454.060822511
K= 4167
386.166666667
K= 4168
4796.11213644
K= 4169
100.0
K= 4170
32.5850593852
K= 4171
90.6666666667
K= 4172
9607.3525234
K= 4173
4.721102971
K= 4174
106.0
K= 4175
130.25
K= 4176
12.9359514838
K= 4177
4.721102971
K= 4178
8660.90238095
K= 4179
135.333333333
K= 4180
4754.241187
K= 4181
4747.241187
K= 4182
30.2666666666
K= 4183
296.51502219
K= 4184
4430.73833333
K= 4185
5.53571428568
K= 4186
8661.0
K= 4187
16.2825757576
K= 4188
4819.22857143
K= 4189
6.72797668132
K= 4190
5.62125603855
K= 4191
4544.70714286
K= 4192
153.0
K= 4193
4473.125
K= 4194
5.00793650793
K= 4195
4360.0
K= 4196
22.7
K= 4197
4487.28257576
K= 4198
3.02905601484
K= 4199
15.7550856902
K= 4200
4737.91273449
K= 4201
6.38788849069
K= 4202
5.113131313
K= 4203
16.2825757576
K= 4204
4.0
K= 4205
4488.03024892
K= 4206
51.0907467532
K= 4207
7.85238095222
K= 4208
4936.0 , Degree=0
K= 4209
13413.25
K= 4210
4841.57619048
K= 4211
272.5
K= 4212
8661.0
K= 4213
8589.0
K= 4214
8.3666666667
K= 4215
4500.93452381
K= 4216
16.2825757576
K= 4217
331.869442559
K= 4218
10.5601621417
K= 4219
5807.74987578
K= 4220
16.2825757576
K= 4221
105.198990659
K= 4222
8.5
K= 4223
4560.0
K= 4224
4475.90238095
K= 4225
4772.88571429
K= 4226
110.0
K= 4227
4189.0
K= 4228
126.25
K= 4229
7.76666666672
K= 4230
16.2825757576
K= 4231
3603.83436126
K= 4232
4379.0
K= 4233
4487.28257576
K= 4234
8.41096740309
K= 4235
332.933575167
K= 4236
16.0663077654
K= 4237
8.5
K= 4238
40.4283117329
K= 4239
5.64682539681
K= 4240
6.29188948299
K= 4241
7888.73333333
K= 4242
8913.58962149
K= 4243
12.1002070393
K= 4244
4475.22455322
K= 4245
15.8629329003
K= 4246
5.78571428568
K= 4247
4189.0
K= 4248
14.1591093118
K= 4249
4494.0
K= 4250
313.8937199
K= 4251
4782.15660173
K= 4252
137.25
K= 4253
4593.18993506
K= 4254
4360.0
K= 4255
16.2825757576
K= 4256
110.0
K= 4257
8430.0
K= 4258
8660.0
K= 4259
5.09884559875
K= 4260
4479.5
K= 4261
4479.41666667
K= 4262
4548.8984127
K= 4263
4471.07769726
K= 4264
4158.0
K= 4265
4487.28257576
K= 4266
7.2420024419
K= 4267
331.33977591
K= 4268
16.2825757576
K= 4269
4501.96785714
K= 4270
4807.51865079
K= 4271
311.235141656
K= 4272
4936.0 , Degree=0
K= 4273
4487.28257576
K= 4274
4360.0
K= 4275
3.94848484849
K= 4276
7.76666666672
K= 4277
4487.28257576
K= 4278
3.98003662983
K= 4279
4840.16190476
K= 4280
4553.0
K= 4281
6.54285714275
K= 4282
17626.0
K= 4283
9.97206061904
K= 4284
8660.0
K= 4285
6.39999999991
K= 4286
3778.01919687
K= 4287
17608.0
K= 4288
2178.64019886
K= 4289
7885.91666667
K= 4290
4535.48944748
K= 4291
2.82245067926
K= 4292
8.41666666663
K= 4293
7887.5376666
K= 4294
95.1666666667
K= 4295
54.9885492116
K= 4296
4777.85312629
K= 4297
4936.0 , Degree=0
K= 4298
4772.88571429
K= 4299
4475.38472222
K= 4300
4806.42056515
K= 4301
109.0
K= 4302
4477.56666667
K= 4303
4496.13415732
K= 4304
4494.33637849
K= 4305
317.40949135
K= 4306
21.4089620931
K= 4307
8.41666666663
K= 4308
4487.28257576
K= 4309
7.58333333337
K= 4310
4788.07222222
K= 4311
5.97738095222
K= 4312
4360.0
K= 4313
6.56666666665
K= 4314
6.01587301586
K= 4315
8.41666666663
K= 4316
132.25
K= 4317
4474.15317803
K= 4318
16.2825757576
K= 4319
8.16666666674
K= 4320
137.25
K= 4321
308.201100548
K= 4322
6.81904761901
K= 4323
7.56666666665
K= 4324
18.864320518
K= 4325
4.38472222211
K= 4326
8.41666666663
K= 4327
119.25
K= 4328
4.90238095226
K= 4329
3.6488361425
K= 4330
18.8455496997
K= 4331
341.183333333
K= 4332
28.1934212846
K= 4333
15.8381238414
K= 4334
16.2825757576
K= 4335
302.903519536
K= 4336
3388.26908593
K= 4337
7.10793650791
K= 4338
16.046541264
K= 4339
4707.23514166
K= 4340
16.2825757576
K= 4341
4476.78571429
K= 4342
8592.0
K= 4343
96.1666666667
K= 4344
4619.41520551
K= 4345
5.97738095222
K= 4346
3.03815965634
K= 4347
8642.0
K= 4348
4684.66012977
K= 4349
4487.28257576
K= 4350
326.2
K= 4351
5.76111111103
K= 4352
17.8309871847
K= 4353
456.915079365
K= 4354
4348.8984127
K= 4355
8609.0
K= 4356
4784.0
K= 4357
8.3666666667
K= 4358
8.41666666663
K= 4359
17.6641473141
K= 4360
1462.60446418
K= 4361
3.0
K= 4362
4782.93575729
K= 4363
3.99134199135
K= 4364
8370.0
K= 4365
8647.0
K= 4366
26.4660464887
K= 4367
20.0
K= 4368
27.5985653234
K= 4369
8.3666666667
K= 4370
4189.0
K= 4371
4756.53058973
K= 4372
62.7333333334
K= 4373
4189.0
K= 4374
4541.73444225
K= 4375
555.0
K= 4376
9.36363636365
K= 4377
4543.0
K= 4378
4648.22619048
K= 4379
4740.8984127
K= 4380
36.0604978355
K= 4381
4740.8984127
K= 4382
4837.0
K= 4383
7.58333333337
K= 4384
17843.2727273
K= 4385
4487.28257576
K= 4386
4475.8008658
K= 4387
4685.5936428
K= 4388
4803.47222222
K= 4389
5199.11904762
K= 4390
7.6822649769
K= 4391
7.50000000012
K= 4392
7887.03614078
K= 4393
9.64444444445
K= 4394
4158.0
K= 4395
55.17576467
K= 4396
4936.0 , Degree=0
K= 4397
4847.85555556
K= 4398
16.2825757576
K= 4399
110.0
K= 4400
17.3333333333
K= 4401
4740.8984127
K= 4402
4984.86063354
K= 4403
31.7840659341
K= 4404
4936.0 , Degree=0
K= 4405
17.2825757576
K= 4406
8.33333333337
K= 4407
454.060822511
K= 4408
4357.0
K= 4409
4487.28257576
K= 4410
4548.8984127
K= 4411
360.430659983
K= 4412
34.0604978355
K= 4413
7.76666666672
K= 4414
8661.0
K= 4415
4504.55078198
K= 4416
8639.0
K= 4417
4476.10793651
K= 4418
4487.28257576
K= 4419
42.1489510724
K= 4420
303.273809805
K= 4421
4.22606837598
K= 4422
105.166666667
K= 4423
4474.65129267
K= 4424
5.53571428568
K= 4425
4684.66012977
K= 4426
4189.0
K= 4427
4548.88452381
K= 4428
16.2825757576
K= 4429
29.0126450732
K= 4430
8592.0
K= 4431
6.84041514038
K= 4432
114.165079365
K= 4433
34.0604978355
K= 4434
3582.44757283
K= 4435
69.2547619047
K= 4436
4477.56666667
K= 4437
56.6647790102
K= 4438
4793.73731999
K= 4439
329.833333333
K= 4440
8.72222222213
K= 4441
4858.25
K= 4442
20.0944805195
K= 4443
3.78431372542
K= 4444
8.30952380947
K= 4445
4188.0
K= 4446
4360.0
K= 4447
8611.0
K= 4448
318.708398546
K= 4449
4936.0 , Degree=0
K= 4450
4487.28257576
K= 4451
4.21661671659
K= 4452
109.0
K= 4453
4487.69691558
K= 4454
4936.0 , Degree=0
K= 4455
12.6101206583
K= 4456
4487.28257576
K= 4457
22.6324448436
K= 4458
4737.91273449
K= 4459
4.50404040387
K= 4460
4740.8984127
K= 4461
2708.92036291
K= 4462
390.466666667
K= 4463
4607.25
K= 4464
23.7724207065
K= 4465
245.359234066
K= 4466
8.41666666663
K= 4467
4703.11508491
K= 4468
4487.28257576
K= 4469
4600.4531618
K= 4470
8647.0
K= 4471
32.0282828283
K= 4472
24.5386444966
K= 4473
7.76666666672
K= 4474
7.76666666672
K= 4475
4186.0
K= 4476
14.6
K= 4477
4360.0
K= 4478
4864.1
K= 4479
17.0302489178
K= 4480
717.076984127
K= 4481
16.2825757576
K= 4482
2897.48840187
K= 4483
4766.17525831
K= 4484
136.75
K= 4485
4340.0
K= 4486
4533.22043218
K= 4487
16.2825757576
K= 4488
223.468843011
K= 4489
312.843687626
K= 4490
839.802719474
K= 4491
8.41666666663
K= 4492
4777.33857417
K= 4493
17856.8571429
K= 4494
8.41666666663
K= 4495
4539.0
K= 4496
30.113073593
K= 4497
3592.21754055
K= 4498
17288.0
K= 4499
4570.0
K= 4500
126.25
K= 4501
7970.04055728
K= 4502
446.808441558
K= 4503
4474.61777778
K= 4504
11.7047619048
K= 4505
4477.56666667
K= 4506
4491.95027044
K= 4507
15.4583333333
K= 4508
103.0
K= 4509
4707.23514166
K= 4510
4360.0
K= 4511
135.0
K= 4512
321.0
K= 4513
4807.93447386
K= 4514
5.73571428563
K= 4515
348.275
K= 4516
16.2825757576
K= 4517
8.41666666663
K= 4518
7882.38571429
K= 4519
106.0
K= 4520
347.834065934
K= 4521
14.8333333333
K= 4522
8660.0
K= 4523
4681.71348989
K= 4524
4984.86063354
K= 4525
16.7333333333
K= 4526
5.97738095222
K= 4527
4684.66012977
K= 4528
10.2486471861
K= 4529
5.76111111103
K= 4530
16.2825757576
K= 4531
8660.0
K= 4532
7.76666666672
K= 4533
5.76111111103
K= 4534
5.97738095233
K= 4535
4546.8984127
K= 4536
4792.88539456
K= 4537
24.6819911082
K= 4538
8.33333333337
K= 4539
16.2825757576
K= 4540
131.75
K= 4541
484.975579646
K= 4542
16.2825757576
K= 4543
4473.68181818
K= 4544
4512.0
K= 4545
4844.15470085
K= 4546
496.047051683
K= 4547
8661.0
K= 4548
259.40487013
K= 4549
14.0573593073
K= 4550
3.96991341992
K= 4551
4360.0
K= 4552
8635.0
K= 4553
4723.51932234
K= 4554
100.833333333
K= 4555
8543.0
K= 4556
13.071899878
K= 4557
4936.0 , Degree=0
K= 4558
4650.91587302
K= 4559
8654.0
K= 4560
4360.0
K= 4561
454.060822511
K= 4562
16.2825757576
K= 4563
4556.0
K= 4564
4740.8984127
K= 4565
14.3141180957
K= 4566
4772.4137987
K= 4567
6.40000000002
K= 4568
127.0
K= 4569
107.0
K= 4570
4360.0
K= 4571
27.2942460317
K= 4572
4580.0
K= 4573
226.0
K= 4574
4360.0
K= 4575
7887.5452381
K= 4576
137.25
K= 4577
8658.0
K= 4578
4360.0
K= 4579
6.0
K= 4580
4186.80071155
K= 4581
5.76111111103
K= 4582
4513.76544438
K= 4583
269.898412698
K= 4584
14.9999999999
K= 4585
16.2825757576
K= 4586
5.73571428563
K= 4587
4.62904040387
K= 4588
402.166666667
K= 4589
137.0
K= 4590
25.2495652495
K= 4591
7891.42542574
K= 4592
7.83055555541
K= 4593
4476.54285714
K= 4594
5.7199059109
K= 4595
444.4
K= 4596
16.2825757576
K= 4597
8601.0
K= 4598
137.0
K= 4599
4479.41666667
K= 4600
4936.0 , Degree=0
K= 4601
7.76666666672
K= 4602
4707.23514166
K= 4603
3.47179487173
K= 4604
30.5926961928
K= 4605
4826.43065998
K= 4606
137.25
K= 4607
109.0
K= 4608
6.54285714275
K= 4609
4608.0
K= 4610
27.5985653234
K= 4611
16.2825757576
K= 4612
4806.97889496
K= 4613
4360.0
K= 4614
8.41666666663
K= 4615
4857.00357143
K= 4616
3.0
K= 4617
6117.02513595
Betweenness Centrality Improvement
[  0.00000000e+00   0.00000000e+00   0.00000000e+00 ...,   3.00000000e+00
   6.11702514e+03   0.00000000e+00]
Top 20 BC Improvement
[3884 4051 4493 4384 4282 4287 4498 4209 4172 3990 3679 3907 3616 4156 4242
 4547 4414 4186 3996 4135]
Top 20 BC Improvement
[ 40166.53333333  22351.86153846  17856.85714286  17843.27272727  17626.
  17608.          17288.          13413.25         9607.3525234
   9436.60741008   9071.           8956.83333333   8947.7969697
   8940.33015873   8913.58962149   8661.           8661.           8661.
   8661.           8661.        ]
