txValue= 10000
Input graph
IGRAPH D--- 4619 68733 -- 
+ attr: pub_key (v), base_fee (e), capacity (e), fee_rate (e), txCost (e)
None
Graph after edges deleted
IGRAPH D--- 4619 68697 -- 
+ attr: pub_key (v), base_fee (e), capacity (e), fee_rate (e), txCost (e)
None
Our nodes starting connections: 
(4618, 2796)
(4618, 1223)
(4618, 1163)
(4618, 498)
(4618, 3265)
(4618, 1589)
(4618, 4051)
(4618, 3246)
(4618, 2087)
CurrentBC of our node:  1019035.21148
K= 2400
4606.0
K= 2401
4622.0
K= 2402
4855.91887171
K= 2403
179.0
K= 2404
4936.0 , Degree=0
K= 2405
148.0
K= 2406
17.6
K= 2407
15.5333333332
K= 2408
4406.29302039
K= 2409
161.166666667
K= 2410
45.6722222221
K= 2411
15.0952380953
K= 2412
4480.63809524
K= 2413
4769.15463528
K= 2414
25.9578947369
K= 2415
8585.0
K= 2416
81.2985867432
K= 2417
26.0333333334
K= 2418
13292.4162168
K= 2419
4488.16190476
K= 2420
122.254401154
K= 2421
329.916666667
K= 2422
4376.8198296
K= 2423
8477.83333333
K= 2424
4287.75
K= 2425
4.6333333333
K= 2426
4975.14444445
K= 2427
4482.16190476
K= 2428
8590.66666667
K= 2429
227.583333333
K= 2430
140.0
K= 2431
670.608463196
K= 2432
10.3254901961
K= 2433
36.5513888889
K= 2434
11633.5861325
K= 2435
4485.08658009
K= 2436
4879.46311328
K= 2437
4457.06817187
K= 2438
114.65
K= 2439
4480.21904762
K= 2440
359.404205307
K= 2441
9789.98095238
K= 2442
16.5166666666
K= 2443
26.1281707742
K= 2444
11.8666666667
K= 2445
4475.54166667
K= 2446
9.35028860031
K= 2447
383.004816017
K= 2448
5136.93134328
K= 2449
19.6398268398
K= 2450
4567.0
K= 2451
5713.44026171
K= 2452
11.6410597572
K= 2453
435.4
K= 2454
43.0298260511
K= 2455
4287.75
K= 2456
4936.0 , Degree=0
K= 2457
36.8601302862
K= 2458
10.9746706508
K= 2459
187.533333334
K= 2460
22.70392835
K= 2461
255.002506266
K= 2462
8983.72229478
K= 2463
17.5166666666
K= 2464
4936.0 , Degree=0
K= 2465
4821.1580223
K= 2466
404.383793821
K= 2467
4664.58333333
K= 2468
10.9467643467
K= 2469
26.1205950166
K= 2470
4875.85459436
K= 2471
4533.06864679
K= 2472
14.8666666667
K= 2473
4122.0
K= 2474
33.0333333334
K= 2475
25.6133699634
K= 2476
11.4188644688
K= 2477
131.580685001
K= 2478
25.3893474792
K= 2479
4476.3681203
K= 2480
4482.43333333
K= 2481
4607.0
K= 2482
4776.5007992
K= 2483
4492.70392835
K= 2484
4838.02317262
K= 2485
35.6444807235
K= 2486
4936.0 , Degree=0
K= 2487
36.0145161701
K= 2488
16.0166666666
K= 2489
81.2938625703
K= 2490
166.15
K= 2491
4608.83412698
K= 2492
13.7310457515
K= 2493
16.4333333333
K= 2494
8529.0
K= 2495
26.3150394611
K= 2496
11626.4483259
K= 2497
4492.70392835
K= 2498
4287.75
K= 2499
13.9535714287
K= 2500
26.3150394611
K= 2501
26.3150394611
K= 2502
8563.36538462
K= 2503
12.9
K= 2504
26.3150394611
K= 2505
4492.70392835
K= 2506
13.0722222221
K= 2507
25.70392835
K= 2508
34.0790917487
K= 2509
4886.35833333
K= 2510
4481.43333333
K= 2511
184.702020202
K= 2512
582.258333333
K= 2513
4776.26056404
K= 2514
4231.2
K= 2515
4546.5
K= 2516
258.0
K= 2517
42.4150221683
K= 2518
14.0989519253
K= 2519
26.1281707742
K= 2520
51.3585470086
K= 2521
4476.65040461
K= 2522
7.13184822409
K= 2523
150.0
K= 2524
4476.26240601
K= 2525
31.5166666666
K= 2526
4787.00028251
K= 2527
2623.79703627
K= 2528
13.6273363889
K= 2529
4946.51666667
K= 2530
4850.00481602
K= 2531
25.20392835
K= 2532
3425.10948354
K= 2533
4979.95793651
K= 2534
12.4824786324
K= 2535
4633.51519952
K= 2536
4131.16666667
K= 2537
227.583333333
K= 2538
4623.0
K= 2539
400.329533263
K= 2540
179.5
K= 2541
55.20392835
K= 2542
4444.42063492
K= 2543
106.851532785
K= 2544
8540.0
K= 2545
4874.17777778
K= 2546
4873.95668498
K= 2547
4870.79404762
K= 2548
122.0
K= 2549
4563.83333333
K= 2550
4936.0 , Degree=0
K= 2551
4287.75
K= 2552
4122.0
K= 2553
19.8185926976
K= 2554
6433.20642737
K= 2555
310.963421569
K= 2556
3595.90410812
K= 2557
4571.0
K= 2558
4492.86114739
K= 2559
4587.96579272
K= 2560
196.583333333
K= 2561
8.01984126982
K= 2562
24.3853516749
K= 2563
24.6072701807
K= 2564
187.083333333
K= 2565
17650.0
K= 2566
20.0895604395
K= 2567
8588.0
K= 2568
173.5
K= 2569
145.0
K= 2570
4605.83412698
K= 2571
384.150944619
K= 2572
4896.98131036
K= 2573
8596.0
K= 2574
14.6380952381
K= 2575
25.1778362395
K= 2576
327.368841436
K= 2577
4399.07864358
K= 2578
4936.0 , Degree=0
K= 2579
8745.75
K= 2580
8589.0
K= 2581
38.770750988
K= 2582
14.3333333334
K= 2583
4601.25
K= 2584
14.2388278388
K= 2585
448.937061287
K= 2586
8818.0
K= 2587
4887.56217949
K= 2588
33.8666666667
K= 2589
195.225751525
K= 2590
25.7597735035
K= 2591
4733.39324468
K= 2592
38.5760910712
K= 2593
13.5325757575
K= 2594
26.3150394611
K= 2595
103.457142857
K= 2596
4608.83412698
K= 2597
4360.06669592
K= 2598
227.333333333
K= 2599
4440.0
K= 2600
417.696842509
K= 2601
396.397198464
K= 2602
11630.2008122
K= 2603
4920.46190476
K= 2604
5468.09018715
K= 2605
907.3381609
K= 2606
153.452380952
K= 2607
4287.75
K= 2608
29.1
K= 2609
4612.5
K= 2610
389.840573565
K= 2611
76.1745643248
K= 2612
25.6656846207
K= 2613
30.3238095237
K= 2614
393.747641808
K= 2615
4772.18423087
K= 2616
15.4670995671
K= 2617
4776.5007992
K= 2618
4480.6202381
K= 2619
4936.0 , Degree=0
K= 2620
4122.0
K= 2621
180.0
K= 2622
12.7023809524
K= 2623
25.8611473901
K= 2624
12.395970696
K= 2625
5110.30464149
K= 2626
4837.0
K= 2627
4936.0 , Degree=0
K= 2628
26.2625074271
K= 2629
25.4685221782
K= 2630
4849.0456761
K= 2631
4500.20895455
K= 2632
6008.05790874
K= 2633
4936.0 , Degree=0
K= 2634
5110.30464149
K= 2635
8580.0
K= 2636
4864.18339029
K= 2637
391.745505225
K= 2638
163.65
K= 2639
4800.83412698
K= 2640
4492.70392835
K= 2641
4287.75
K= 2642
322.424263554
K= 2643
15.85
K= 2644
4125.5
K= 2645
11596.461039
K= 2646
17.6
K= 2647
4869.18333333
K= 2648
15.5333333333
K= 2649
136.0
K= 2650
4873.91201299
K= 2651
4482.8
K= 2652
4659.20054073
K= 2653
13.05
K= 2654
201.616666667
K= 2655
33.0761904762
K= 2656
2265.45520979
K= 2657
152.916666667
K= 2658
33.6330704264
K= 2659
4759.41269004
K= 2660
397.967225078
K= 2661
110.434882216
K= 2662
4608.83412698
K= 2663
21.7523183428
K= 2664
4503.5
K= 2665
4786.70380818
K= 2666
466.946811522
K= 2667
39.4801589674
K= 2668
13.8047619048
K= 2669
467.680711271
K= 2670
25.3848924023
K= 2671
27.0985442057
K= 2672
4936.0 , Degree=0
K= 2673
4822.1580223
K= 2674
14.511904762
K= 2675
44.1543945061
K= 2676
410.522598431
K= 2677
7.23454106273
K= 2678
4608.83412698
K= 2679
135.0
K= 2680
4122.0
K= 2681
567.258333333
K= 2682
11640.7932877
K= 2683
4287.75
K= 2684
4287.75
K= 2685
4479.56666667
K= 2686
8540.0
K= 2687
4287.75
K= 2688
29.2000000001
K= 2689
4822.1580223
K= 2690
254.11298702
K= 2691
8584.0
K= 2692
4561.0
K= 2693
270.280393626
K= 2694
4855.09866245
K= 2695
4642.1580223
K= 2696
42.6297979798
K= 2697
4800.83412698
K= 2698
16.4333333332
K= 2699
15.0952380953
K= 2700
25.70392835
K= 2701
4876.93156755
K= 2702
13.8047619048
K= 2703
31.6036758563
K= 2704
8410.33333333
K= 2705
12.8
K= 2706
15.0952380953
K= 2707
8528.0
K= 2708
4600.1296398
K= 2709
22.70392835
K= 2710
95.1270566852
K= 2711
8571.0
K= 2712
3151.35175411
K= 2713
13.7511904761
K= 2714
11.6215940921
K= 2715
50.2238095239
K= 2716
4841.23492063
K= 2717
4190.0
K= 2718
26.1635177686
K= 2719
31.7455659537
K= 2720
4608.83412698
K= 2721
165.0
K= 2722
845.992857143
K= 2723
4122.0
K= 2724
8540.0
K= 2725
208.967434451
K= 2726
47.5635283426
K= 2727
4599.0
K= 2728
4483.55114943
K= 2729
333.834126984
K= 2730
390.158022298
K= 2731
4838.90841009
K= 2732
4827.983743
K= 2733
4476.5040107
K= 2734
4880.23492063
K= 2735
8589.0
K= 2736
153.0
K= 2737
4492.70392835
K= 2738
623.0
K= 2739
26.3611473902
K= 2740
227.583333333
K= 2741
37.5830565862
K= 2742
11.0722222221
K= 2743
26.3150394611
K= 2744
26.75
K= 2745
73.0
K= 2746
4287.75
K= 2747
41.0205606015
K= 2748
4822.1580223
K= 2749
4902.8547619
K= 2750
38.90629975
K= 2751
4492.70392835
K= 2752
26.3150394611
K= 2753
116.333333333
K= 2754
4008.05
K= 2755
6406.16674499
K= 2756
4867.94077312
K= 2757
39.2672675418
K= 2758
362.19882653
K= 2759
4936.0 , Degree=0
K= 2760
570.258333333
K= 2761
16.5166666666
K= 2762
4845.92483994
K= 2763
38.6816239316
K= 2764
4802.1580223
K= 2765
10.7619981325
K= 2766
173.75
K= 2767
4843.51519952
K= 2768
10.2186147184
K= 2769
4757.52220696
K= 2770
8590.0
K= 2771
4591.0
K= 2772
13.5461700335
K= 2773
4476.574155
K= 2774
21.8051742919
K= 2775
4936.0 , Degree=0
K= 2776
4481.35635965
K= 2777
4148.49906037
K= 2778
4899.12619048
K= 2779
4452.0
K= 2780
16.5166666666
K= 2781
16.4666666667
K= 2782
37.7361905638
K= 2783
20.215018315
K= 2784
4595.0
K= 2785
383.670913836
K= 2786
4492.70392835
K= 2787
8817.0
K= 2788
21.4393162392
K= 2789
25.8065072182
K= 2790
18.5305121022
K= 2791
8589.0
K= 2792
4936.0 , Degree=0
K= 2793
42.1165226038
K= 2794
16.4095238094
K= 2795
25.70392835
K= 2796
44.5595370176
K= 2797
50.2410894663
K= 2798
10.9467032966
K= 2799
67.6568867706
K= 2800
20.6666666666
K= 2801
5714.42359504
K= 2802
8587.0
K= 2803
15.5445658071
K= 2804
4287.75
K= 2805
10.2269617636
K= 2806
4492.70392835
K= 2807
14.8666666667
K= 2808
26.3150394611
K= 2809
23.441892439
K= 2810
4870.42378455
K= 2811
16.5166666666
K= 2812
235.994554456
K= 2813
1071.08377073
K= 2814
4589.0
K= 2815
4287.75
K= 2816
15.5387766255
K= 2817
191.333333333
K= 2818
8597.0
K= 2819
4483.46666667
K= 2820
4567.78163591
K= 2821
4122.0
K= 2822
148.0
K= 2823
4600.0
K= 2824
13.8690476191
K= 2825
156.418351998
K= 2826
35.1762362678
K= 2827
8369.0
K= 2828
23.5781177154
K= 2829
14.7601061475
K= 2830
4608.83412698
K= 2831
4287.75
K= 2832
4565.0
K= 2833
4498.70392835
K= 2834
4483.01666667
K= 2835
4936.0 , Degree=0
K= 2836
14873.5
K= 2837
450.828964364
K= 2838
5110.30464149
K= 2839
6511.73749923
K= 2840
4480.06666667
K= 2841
4920.06666667
K= 2842
550.340115439
K= 2843
225.083333333
K= 2844
12.9416666667
K= 2845
4390.0
K= 2846
131.933333333
K= 2847
25.3490453874
K= 2848
27.3388250638
K= 2849
3940.97949457
K= 2850
15.1619047619
K= 2851
145.0
K= 2852
375.296731459
K= 2853
8589.0
K= 2854
19.3236663718
K= 2855
4529.61245493
K= 2856
8944.36840659
K= 2857
145.369047619
K= 2858
6511.73749923
K= 2859
11.0717032967
K= 2860
622.0
K= 2861
51.4078566999
K= 2862
4542.0
K= 2863
6084.55931758
K= 2864
26.20392835
K= 2865
5182.8246347
K= 2866
4122.0
K= 2867
379.845219638
K= 2868
41.8998217469
K= 2869
29.5404175101
K= 2870
4480.31904762
K= 2871
316.850295006
K= 2872
4809.92483994
K= 2873
376.515199521
K= 2874
47.5635283426
K= 2875
400.582572833
K= 2876
4492.70392835
K= 2877
22.70392835
K= 2878
26.3150394611
K= 2879
25.8611473902
K= 2880
4492.86114739
K= 2881
8589.0
K= 2882
324.017199266
K= 2883
4967.6
K= 2884
186.333333333
K= 2885
6803.94501041
K= 2886
26.1944807236
K= 2887
196.583333333
K= 2888
58.6702242205
K= 2889
24.3775965255
K= 2890
13.5166666666
K= 2891
16.0166666666
K= 2892
26.3150394611
K= 2893
984.817104063
K= 2894
4287.75
K= 2895
175.0
K= 2896
8252.64444444
K= 2897
440.912317348
K= 2898
357.844444444
K= 2899
321.494512215
K= 2900
182.0
K= 2901
8583.0
K= 2902
4617.0
K= 2903
47.5635283426
K= 2904
26.3150394611
K= 2905
4131.16666667
K= 2906
4122.0
K= 2907
11629.7240304
K= 2908
153.0
K= 2909
4568.0
K= 2910
811.11216513
K= 2911
4476.30128514
K= 2912
154.416666667
K= 2913
35.2622326204
K= 2914
4800.83412698
K= 2915
4811.42378455
K= 2916
17.5166666666
K= 2917
214.583333333
K= 2918
4872.33880804
K= 2919
13.6499999999
K= 2920
4492.70392835
K= 2921
4936.0 , Degree=0
K= 2922
4919.86050061
K= 2923
26.3150394611
K= 2924
48.7242296918
K= 2925
13.8690476191
K= 2926
425.166666667
K= 2927
4635.83333333
K= 2928
197.45
K= 2929
10.6931372549
K= 2930
61.2414013764
K= 2931
16.905174825
K= 2932
4492.70392835
K= 2933
4822.1580223
K= 2934
13.761904762
K= 2935
464.20264188
K= 2936
22.8611473902
K= 2937
16.4095238094
K= 2938
242.217637291
K= 2939
43.0274547295
K= 2940
13.5666666667
K= 2941
4458.0
K= 2942
71.3175773792
K= 2943
17.5166666666
K= 2944
19.0047979798
K= 2945
4573.5007992
K= 2946
4122.0
K= 2947
4665.1580223
K= 2948
15.0333333332
K= 2949
26.3150394611
K= 2950
4439.75
K= 2951
33.0333333334
K= 2952
149.0
K= 2953
568.258333333
K= 2954
4673.34975857
K= 2955
15.1738502238
K= 2956
4287.75
K= 2957
4445.04650072
K= 2958
4122.0
K= 2959
53.9082967354
K= 2960
4677.13201786
K= 2961
5445.10739062
K= 2962
26.3150394611
K= 2963
4658.58333333
K= 2964
399.557299605
K= 2965
10.4732558139
K= 2966
8595.0
K= 2967
52.6300789221
K= 2968
189.90327503
K= 2969
4936.0 , Degree=0
K= 2970
4122.0
K= 2971
4811.05076708
K= 2972
4287.75
K= 2973
15.2666666666
K= 2974
14.2245370371
K= 2975
26.3495222197
K= 2976
310.711518497
K= 2977
292.343826193
K= 2978
4528.0
K= 2979
26.3150394611
K= 2980
14.5166666666
K= 2981
4448.0
K= 2982
25.70392835
K= 2983
16.5166666666
K= 2984
24.8611473902
K= 2985
8563.0
K= 2986
10.9775946274
K= 2987
4132.5
K= 2988
4806.83412698
K= 2989
4608.83412698
K= 2990
158.416666667
K= 2991
4287.75
K= 2992
26.3150394611
K= 2993
14.8666666666
K= 2994
23.7011494254
K= 2995
4487.86666667
K= 2996
189.65
K= 2997
3171.89446491
K= 2998
4790.44821559
K= 2999
4482.16190476
K= 3000
19.375
K= 3001
4118.0
K= 3002
16.8
K= 3003
13.3444444445
K= 3004
4901.98344156
K= 3005
318.373477912
K= 3006
14.8666666666
K= 3007
4800.83412698
K= 3008
30.679311342
K= 3009
44.1543945061
K= 3010
4876.42378455
K= 3011
649.668664534
K= 3012
4699.75833333
K= 3013
15.3090063956
K= 3014
25.8150394611
K= 3015
4850.00481602
K= 3016
4122.0
K= 3017
12.161262224
K= 3018
28.7723238596
K= 3019
4128.32222222
K= 3020
4481.03333333
K= 3021
4698.09866245
K= 3022
23.391941392
K= 3023
4912.96319966
K= 3024
411.511237341
K= 3025
140.133987751
K= 3026
35.4534673661
K= 3027
4825.9882871
K= 3028
12.275
K= 3029
4439.75
K= 3030
4490.25
K= 3031
412.641666667
K= 3032
41.610348584
K= 3033
43.8942981854
K= 3034
357.844444444
K= 3035
15.5333333332
K= 3036
336.084126984
K= 3037
4936.0 , Degree=0
K= 3038
4484.51666667
K= 3039
16.4333333333
K= 3040
14.8666666666
K= 3041
4608.83412698
K= 3042
4820.36581445
K= 3043
4608.83412698
K= 3044
8532.75
K= 3045
12.7278252202
K= 3046
4476.35786436
K= 3047
19.809196067
K= 3048
4478.44592075
K= 3049
25.8611473902
K= 3050
429.565873016
K= 3051
14.896103896
K= 3052
26.3150394611
K= 3053
11630.4514033
K= 3054
4479.75277778
K= 3055
4122.0
K= 3056
26.3150394611
K= 3057
4287.75
K= 3058
432.228968254
K= 3059
26.3150394611
K= 3060
4492.70392835
K= 3061
4881.35766733
K= 3062
291.216666667
K= 3063
4820.47619048
K= 3064
4122.0
K= 3065
4287.75
K= 3066
4592.0
K= 3067
28.3666666667
K= 3068
10.25363185
K= 3069
198.583333333
K= 3070
4843.51519952
K= 3071
14.8666666666
K= 3072
8589.0
K= 3073
4936.0 , Degree=0
K= 3074
4936.0 , Degree=0
K= 3075
12.0586297759
K= 3076
15.1619047619
K= 3077
33.838095238
K= 3078
8589.0
K= 3079
4841.23492063
K= 3080
14.6619047619
K= 3081
177.0
K= 3082
25.70392835
K= 3083
4945.08611111
K= 3084
4287.75
K= 3085
26.2887386172
K= 3086
13.9535714287
K= 3087
16.0166666666
K= 3088
4492.86114739
K= 3089
4156.0
K= 3090
3232.81737957
K= 3091
4841.23492063
K= 3092
8571.0
K= 3093
16.4095238094
K= 3094
227.583333333
K= 3095
25.8611473902
K= 3096
15.5333333333
K= 3097
15.0333333332
K= 3098
26.3150394611
K= 3099
49.3783159998
K= 3100
12.0857142857
K= 3101
52.7222947804
K= 3102
255.595238096
K= 3103
4845.32631308
K= 3104
25.3742335824
K= 3105
26.3150394611
K= 3106
89.6097846599
K= 3107
4782.50037273
K= 3108
8586.0
K= 3109
12.2666666666
K= 3110
5073.00882289
K= 3111
4936.0 , Degree=0
K= 3112
4287.75
K= 3113
4228.0
K= 3114
43.9809523809
K= 3115
16.0166666666
K= 3116
15.5333333332
K= 3117
167.0
K= 3118
0.0
K= 3119
26.3611473902
K= 3120
4477.07109735
K= 3121
4121.36017094
K= 3122
10.5008658007
K= 3123
480.655555556
K= 3124
0.0
K= 3125
8596.0
K= 3126
455.843119336
K= 3127
4482.01666667
K= 3128
4861.39052753
K= 3129
75.106562137
K= 3130
4843.51519952
K= 3131
2346.4609195
K= 3132
410.696838873
K= 3133
36.4964349377
K= 3134
14.5805109922
K= 3135
209.666666667
K= 3136
42.9297845998
K= 3137
15.7999999999
K= 3138
8619.0
K= 3139
4122.0
K= 3140
8583.5
K= 3141
26.3150394611
K= 3142
31.4
K= 3143
4568.48863566
K= 3144
145.5
K= 3145
13.5325757575
K= 3146
227.583333333
K= 3147
4287.75
K= 3148
25.5827589078
K= 3149
335.494444444
K= 3150
23.5965642586
K= 3151
4921.73333333
K= 3152
217.333333333
K= 3153
127.0
K= 3154
4152.0
K= 3155
8596.0
K= 3156
26.3150394611
K= 3157
4610.0
K= 3158
22.70392835
K= 3159
1043.85643264
K= 3160
154.0
K= 3161
4482.51666667
K= 3162
12.6571428572
K= 3163
4123.32222222
K= 3164
68.0735611612
K= 3165
8553.73552851
K= 3166
4780.64831549
K= 3167
42.918226121
K= 3168
4936.0 , Degree=0
K= 3169
11.0163720337
K= 3170
4622.0
K= 3171
52.3003793267
K= 3172
70.4338512792
K= 3173
4936.0 , Degree=0
K= 3174
36.1889905263
K= 3175
15.5333333333
K= 3176
4634.47743449
K= 3177
72.9198943686
K= 3178
26.3288613692
K= 3179
14.5166666666
K= 3180
140.0
K= 3181
4152.0
K= 3182
15.5333333333
K= 3183
4822.1580223
K= 3184
451.380895082
K= 3185
150.0
K= 3186
22.9839285715
K= 3187
9.44084004126
K= 3188
41.1031852206
K= 3189
13.9535714287
K= 3190
9.79599567095
K= 3191
4936.0 , Degree=0
K= 3192
11624.8993106
K= 3193
4898.34794039
K= 3194
12.6380952381
K= 3195
4841.23492063
K= 3196
4954.8690078
K= 3197
8992.0
K= 3198
8.83347135945
K= 3199
4873.98678805
K= 3200
15.85
K= 3201
16.8265873016
K= 3202
4131.16666667
K= 3203
14.0071835571
K= 3204
181.0
K= 3205
4804.42378455
K= 3206
4287.75
K= 3207
18.5862161531
K= 3208
4190.0
K= 3209
4936.0 , Degree=0
K= 3210
2901.96391058
K= 3211
567.258333333
K= 3212
94.7937233518
K= 3213
4287.75
K= 3214
151.0
K= 3215
166.816666667
K= 3216
4927.66588794
K= 3217
4287.75
K= 3218
12.7064704925
K= 3219
13.1894262171
K= 3220
10.5863247861
K= 3221
432.498679684
K= 3222
4607.93360806
K= 3223
344.513900537
K= 3224
75.6394230769
K= 3225
16.5166666666
K= 3226
192.333333333
K= 3227
8818.0
K= 3228
0.0
K= 3229
561.925
K= 3230
221.390645732
K= 3231
4810.28867244
K= 3232
4481.73333333
K= 3233
4880.51825397
K= 3234
5451.10739062
K= 3235
151.996012325
K= 3236
4936.0 , Degree=0
K= 3237
33.605657193
K= 3238
4618.0
K= 3239
182.717461218
K= 3240
8589.0
K= 3241
18.5999999999
K= 3242
39.6175505052
K= 3243
96.267857143
K= 3244
4880.23492063
K= 3245
5715.50692837
K= 3246
2.19722222222
K= 3247
4287.75
K= 3248
8571.0
K= 3249
4692.55457524
K= 3250
36.1889905263
K= 3251
227.583333333
K= 3252
16.5166666666
K= 3253
17.5166666666
K= 3254
4131.16666667
K= 3255
8954.25021645
K= 3256
23.7190476189
K= 3257
22.20392835
K= 3258
45.4656683187
K= 3259
22.812080023
K= 3260
10.1198412698
K= 3261
4841.23492063
K= 3262
4481.00718356
K= 3263
4122.0
K= 3264
140.0
K= 3265
0.0
K= 3266
33.2199429072
K= 3267
2854.20223443
K= 3268
13.7999999999
K= 3269
12.1333333334
K= 3270
4936.0 , Degree=0
K= 3271
10.1555555555
K= 3272
4608.83412698
K= 3273
484.244429182
K= 3274
116.0
K= 3275
4287.75
K= 3276
197.583333333
K= 3277
13.6063492064
K= 3278
12.6857142857
K= 3279
12.4083333334
K= 3280
284.959151074
K= 3281
26.3150394611
K= 3282
179.0
K= 3283
16.3625054994
K= 3284
4616.0
K= 3285
20.7602339182
K= 3286
11.6690883191
K= 3287
4867.86050061
K= 3288
8588.0
K= 3289
407.280808081
K= 3290
18.3452380953
K= 3291
24.4055555557
K= 3292
184.14710609
K= 3293
9.80351403216
K= 3294
53.0150659215
K= 3295
4122.0
K= 3296
4823.82823924
K= 3297
4273.0
K= 3298
532.645238095
K= 3299
25.70392835
K= 3300
10.8491452989
K= 3301
24.7974296843
K= 3302
4287.75
K= 3303
4492.70392835
K= 3304
36.5117918986
K= 3305
4881.52916667
K= 3306
15.8
K= 3307
333.834126984
K= 3308
163.5
K= 3309
4919.66666667
K= 3310
16.4095238094
K= 3311
89.6097846599
K= 3312
26.3150394611
K= 3313
4426.36202076
K= 3314
5110.30464149
K= 3315
13.0571428572
K= 3316
4130.73214286
K= 3317
25.6281707742
K= 3318
4776.5007992
K= 3319
155.0
K= 3320
11.2127705627
K= 3321
166.0
K= 3322
4287.75
K= 3323
10.8907563025
K= 3324
20.4335568453
K= 3325
13.2444444444
K= 3326
12.5777777778
K= 3327
17547.2
K= 3328
9.33333333337
K= 3329
25.0931372548
K= 3330
11.8826839827
K= 3331
623.0
K= 3332
4880.51825397
K= 3333
4591.0
K= 3334
4492.20392835
K= 3335
4152.0
K= 3336
19.6245746245
K= 3337
187.033333334
K= 3338
4594.49963925
K= 3339
4768.0
K= 3340
4500.46068605
K= 3341
307.086335404
K= 3342
4936.0 , Degree=0
K= 3343
4586.18333333
K= 3344
15.0952380953
K= 3345
166.15
K= 3346
4588.0
K= 3347
4476.65878066
K= 3348
356.653172931
K= 3349
17650.0
K= 3350
376.848257
K= 3351
4481.86666667
K= 3352
68.6304388421
K= 3353
26.3150394611
K= 3354
17650.0
K= 3355
21.3975714782
K= 3356
88.6932900433
K= 3357
11.3502631577
K= 3358
4619.5007992
K= 3359
64.3397148744
K= 3360
8385.5
K= 3361
4893.8538318
K= 3362
158.25
K= 3363
5709.56565607
K= 3364
4287.75
K= 3365
4287.75
K= 3366
26.3150394611
K= 3367
4876.68236671
K= 3368
13.5666666667
K= 3369
4478.0
K= 3370
4776.5007992
K= 3371
174.116666667
K= 3372
14.1380952381
K= 3373
186.0
K= 3374
476.368117993
K= 3375
4800.83412698
K= 3376
55.550813835
K= 3377
4122.0
K= 3378
13.3690476191
K= 3379
4152.0
K= 3380
4492.70392835
K= 3381
4776.5007992
K= 3382
4799.83412698
K= 3383
4287.75
K= 3384
149.5
K= 3385
197.583333333
K= 3386
4870.42378455
K= 3387
4287.75
K= 3388
4287.75
K= 3389
684.628100466
K= 3390
25.0
K= 3391
6359.19145996
K= 3392
4119.0
K= 3393
376.167838235
K= 3394
73.3304776303
K= 3395
4795.32896436
K= 3396
227.583333333
K= 3397
4287.75
K= 3398
196.583333333
K= 3399
4273.0
K= 3400
4936.0 , Degree=0
K= 3401
4936.0 , Degree=0
K= 3402
4886.12448107
K= 3403
4922.94137888
K= 3404
4909.26468254
K= 3405
3619.77408885
K= 3406
3609.30617916
K= 3407
166.816666667
K= 3408
23.9874888476
K= 3409
11.6483516484
K= 3410
4887.45595238
K= 3411
16.5166666666
K= 3412
12.2690476191
K= 3413
4484.6
K= 3414
4122.0
K= 3415
9.12699956878
K= 3416
556.61547619
K= 3417
10.1502756892
K= 3418
4492.70392835
K= 3419
25.70392835
K= 3420
14.9072676002
K= 3421
9.63827181561
K= 3422
393.671230601
K= 3423
26.3150394611
K= 3424
4820.36581445
K= 3425
760.522480593
K= 3426
4850.00481602
K= 3427
9.71859466191
K= 3428
47.5635283426
K= 3429
6.33333333337
K= 3430
4870.42378455
K= 3431
10.2874883288
K= 3432
508.0
K= 3433
14.8666666667
K= 3434
36.1194677871
K= 3435
4506.48015897
K= 3436
8583.0
K= 3437
4594.0
K= 3438
4607.0
K= 3439
4287.75
K= 3440
4287.75
K= 3441
181.0
K= 3442
4492.70392835
K= 3443
14.8666666667
K= 3444
4936.0 , Degree=0
K= 3445
186.0
K= 3446
4936.0 , Degree=0
K= 3447
122.0
K= 3448
142.5
K= 3449
15.6619047619
K= 3450
38.6332339284
K= 3451
4936.0 , Degree=0
K= 3452
41.9470167514
K= 3453
26.3150394611
K= 3454
513.258333333
K= 3455
4615.5
K= 3456
47.5635283426
K= 3457
16.0166666666
K= 3458
4287.75
K= 3459
4492.70392835
K= 3460
4870.42378455
K= 3461
22.70392835
K= 3462
4820.99143803
K= 3463
8476.05
K= 3464
12.8285714287
K= 3465
121.5
K= 3466
27.3475922116
K= 3467
4392.0
K= 3468
861.876605837
K= 3469
4287.75
K= 3470
19.4654528478
K= 3471
19.0333333333
K= 3472
392.656262381
K= 3473
4877.09866245
K= 3474
17.5845238095
K= 3475
4287.75
K= 3476
8586.0
K= 3477
55.5030048349
K= 3478
19.2666666666
K= 3479
10.299985479
K= 3480
4776.5007992
K= 3481
399.326313076
K= 3482
166.0
K= 3483
14.0071835571
K= 3484
10.7796578421
K= 3485
20.0499999998
K= 3486
4480.06666667
K= 3487
4800.83412698
K= 3488
4608.83412698
K= 3489
26.3150394611
K= 3490
148.0
K= 3491
40.3019685691
K= 3492
4936.0 , Degree=0
K= 3493
532.990306598
K= 3494
4936.0 , Degree=0
K= 3495
4015.33333333
K= 3496
4799.98800505
K= 3497
5971.26891121
K= 3498
31.1833333335
K= 3499
4565.0
K= 3500
11.2863247861
K= 3501
4696.37737124
K= 3502
4267.75
K= 3503
4152.0
K= 3504
4964.23888889
K= 3505
354.454004329
K= 3506
4917.83333333
K= 3507
4140.0
K= 3508
31.4095238094
K= 3509
26.3150394611
K= 3510
4902.08333333
K= 3511
42.5393079144
K= 3512
4287.75
K= 3513
4497.09854421
K= 3514
9.57922077924
K= 3515
17.6
K= 3516
73.3304776303
K= 3517
11594.0075325
K= 3518
18.3480930832
K= 3519
14.2500416251
K= 3520
12.0
K= 3521
4287.75
K= 3522
25.70392835
K= 3523
4287.75
K= 3524
565.6
K= 3525
26.2715612003
K= 3526
14.6380952381
K= 3527
8589.0
K= 3528
14.5952380953
K= 3529
4608.83412698
K= 3530
4488.49998785
K= 3531
412.285714286
K= 3532
4837.37126512
K= 3533
32.8414776644
K= 3534
87.7628180697
K= 3535
11603.8319425
K= 3536
26.3150394611
K= 3537
4608.83412698
K= 3538
16.5166666666
K= 3539
4795.32896436
K= 3540
11669.2008278
K= 3541
348.92421338
K= 3542
67.00978466
K= 3543
169.723809524
K= 3544
4936.0 , Degree=0
K= 3545
194.65
K= 3546
4936.0 , Degree=0
K= 3547
4287.75
K= 3548
15.5333333333
K= 3549
22.70392835
K= 3550
4800.83412698
K= 3551
17.5999999999
K= 3552
47.4078566999
K= 3553
26.3150394611
K= 3554
384.077707319
K= 3555
4492.70392835
K= 3556
4809.92483994
K= 3557
150.0
K= 3558
36.526150572
K= 3559
4657.58333333
K= 3560
17.6
K= 3561
12.9463477698
K= 3562
32.0139796844
K= 3563
4868.3740716
K= 3564
8949.3611331
K= 3565
4912.23809524
K= 3566
11.3547619047
K= 3567
414.03968254
K= 3568
390.158022298
K= 3569
8596.0
K= 3570
4287.75
K= 3571
4287.75
K= 3572
227.583333333
K= 3573
4865.48217893
K= 3574
4560.67161531
K= 3575
4899.21749639
K= 3576
4287.75
K= 3577
17.6172595521
K= 3578
172.416666667
K= 3579
66.7252747207
K= 3580
4122.0
K= 3581
114.533333333
K= 3582
4891.07612943
K= 3583
4870.42378455
K= 3584
227.583333333
K= 3585
4480.86904762
K= 3586
4607.8202381
K= 3587
198.533333334
K= 3588
12.2083333331
K= 3589
14.6380952381
K= 3590
4539.77429357
K= 3591
329.123675751
K= 3592
4936.0 , Degree=0
K= 3593
8595.0
K= 3594
24.9880952381
K= 3595
4839.51519952
K= 3596
10.6134568698
K= 3597
195.0
K= 3598
4287.75
K= 3599
14.6380952381
K= 3600
44.5384872915
Betweenness Centrality Improvement
[ 0.  0.  0. ...,  0.  0.  0.]
Top 20 BC Improvement
[3349 2565 3354 3327 2836 2418 3540 2682 2434 3053 2602 2907 2496 3192 3535
 2645 3517 2441 3197 2462]
Top 20 BC Improvement
[ 17650.          17650.          17650.          17547.2         14873.5
  13292.41621679  11669.20082776  11640.79328768  11633.58613251
  11630.45140333  11630.2008122   11629.72403041  11626.44832594
  11624.89931065  11603.8319425   11596.46103896  11594.00753247
   9789.98095238   8992.           8983.72229478]
