txValue= 10000
Input graph
IGRAPH D--- 4619 68733 -- 
+ attr: pub_key (v), base_fee (e), capacity (e), fee_rate (e), txCost (e)
None
Graph after edges deleted
IGRAPH D--- 4619 68697 -- 
+ attr: pub_key (v), base_fee (e), capacity (e), fee_rate (e), txCost (e)
None
Our nodes starting connections: 
(4618, 2796)
(4618, 1223)
(4618, 1163)
(4618, 498)
(4618, 3265)
CurrentBC of our node:  915744.687374
K= 1200
4141.0
K= 1201
360.111160709
K= 1202
8947.32700983
K= 1203
4141.0
K= 1204
4480.21827759
K= 1205
4310.75
K= 1206
7.42187257193
K= 1207
379.327307023
K= 1208
21.8611473902
K= 1209
17.7092902267
K= 1210
17.5583333333
K= 1211
10.8666666667
K= 1212
7.13956043951
K= 1213
197.583333333
K= 1214
4481.36666667
K= 1215
51.1728937731
K= 1216
53.0447052948
K= 1217
4936.0 , Degree=0
K= 1218
19.5952380954
K= 1219
3566.39315786
K= 1220
6.69188034197
K= 1221
201.583333333
K= 1222
19.20392835
K= 1223
28.9279626807
K= 1224
7.18333333335
K= 1225
9.69523809524
K= 1226
4624.0
K= 1227
4846.01532912
K= 1228
68.2008556057
K= 1229
8411.0
K= 1230
19.70392835
K= 1231
17.2143939394
K= 1232
21.8611473902
K= 1233
10.7999999999
K= 1234
185.533333333
K= 1235
4608.0
K= 1236
10.7999999999
K= 1237
4864.63928571
K= 1238
179.349146623
K= 1239
17.2854726895
K= 1240
155.0
K= 1241
1111.55543967
K= 1242
8597.0
K= 1243
8788.14285714
K= 1244
4849.25163472
K= 1245
4490.70392835
K= 1246
16.6888888889
K= 1247
4011.23161596
K= 1248
150.966439116
K= 1249
23.1049955118
K= 1250
5.68792270531
K= 1251
4601.0
K= 1252
45.5446477195
K= 1253
374.413562255
K= 1254
8619.0
K= 1255
4959.28412698
K= 1256
4686.12344902
K= 1257
7.6857142857
K= 1258
4833.44047619
K= 1259
4936.0 , Degree=0
K= 1260
26.9290290778
K= 1261
52.6498015873
K= 1262
5678.69107338
K= 1263
11.4333333333
K= 1264
8607.0
K= 1265
19.70392835
K= 1266
4612.0
K= 1267
2524.40635658
K= 1268
4861.69683944
K= 1269
19.70392835
K= 1270
4860.98015873
K= 1271
4.08333333337
K= 1272
29.9179919381
K= 1273
30.9279104595
K= 1274
4490.70392835
K= 1275
12.034577922
K= 1276
4833.31507828
K= 1277
4896.86975375
K= 1278
18.4756410256
K= 1279
31.9591131093
K= 1280
13.9185784976
K= 1281
4509.17485272
K= 1282
4310.75
K= 1283
200.583333333
K= 1284
19.70392835
K= 1285
19.6908589472
K= 1286
73.5830006544
K= 1287
19.70392835
K= 1288
4802.50711788
K= 1289
18.1900432903
K= 1290
19.70392835
K= 1291
4696.92809889
K= 1292
4735.40958336
K= 1293
8602.0
K= 1294
11.0166666667
K= 1295
141.0
K= 1296
5095.60127649
K= 1297
4618.0
K= 1298
4448.75079365
K= 1299
151.669899339
K= 1300
6.20265151514
K= 1301
8594.5
K= 1302
4699.70013409
K= 1303
8612.0
K= 1304
9.08452380949
K= 1305
4477.55793651
K= 1306
4475.96701747
K= 1307
4563.91773042
K= 1308
9.16190476192
K= 1309
433.792508808
K= 1310
8.31904761912
K= 1311
8.16161616158
K= 1312
72.4721537388
K= 1313
981.817104063
K= 1314
4141.0
K= 1315
464.6
K= 1316
371.917730418
K= 1317
14.0166666667
K= 1318
17.4718409586
K= 1319
5095.60127649
K= 1320
11676.6826463
K= 1321
4904.66666667
K= 1322
4878.46071429
K= 1323
33.158345242
K= 1324
356.801296889
K= 1325
11.2666666667
K= 1326
11.1
K= 1327
26.4
K= 1328
140.0
K= 1329
8610.0
K= 1330
4475.62132897
K= 1331
440.965262515
K= 1332
4846.01532912
K= 1333
10.8666666667
K= 1334
4867.50711788
K= 1335
4051.73333333
K= 1336
19.70392835
K= 1337
39.4078567
K= 1338
10.8666666667
K= 1339
43.7222947804
K= 1340
4490.70392835
K= 1341
414.577651515
K= 1342
152.5
K= 1343
103.457142857
K= 1344
4873.86680227
K= 1345
4936.0 , Degree=0
K= 1346
22.7256674805
K= 1347
4835.51519952
K= 1348
77.7428571431
K= 1349
4489.70392835
K= 1350
7.36904761905
K= 1351
10.0
K= 1352
191.722771326
K= 1353
600.0
K= 1354
10.3666666667
K= 1355
8.00718355714
K= 1356
32.4497035505
K= 1357
981.817104063
K= 1358
5.99523809517
K= 1359
3079.54077831
K= 1360
375.531014358
K= 1361
19.70392835
K= 1362
4916.93716931
K= 1363
88.5320942448
K= 1364
4479.4
K= 1365
4150.0
K= 1366
19.70392835
K= 1367
14.4668258028
K= 1368
4767.91773042
K= 1369
6467.0893519
K= 1370
14.3047619046
K= 1371
7.28592074593
K= 1372
139.5
K= 1373
4507.20954601
K= 1374
4936.0 , Degree=0
K= 1375
48.994034854
K= 1376
11.5166666667
K= 1377
18.758834303
K= 1378
15.6700757577
K= 1379
8.20995670999
K= 1380
11.4095238096
K= 1381
8936.28892496
K= 1382
10.7999999999
K= 1383
11.5818181818
K= 1384
4784.44231602
K= 1385
4854.15708789
K= 1386
4867.50711788
K= 1387
8619.0
K= 1388
8604.0
K= 1389
4793.75079365
K= 1390
319.875274725
K= 1391
4141.0
K= 1392
307.805230397
K= 1393
4936.0 , Degree=0
K= 1394
16.5476190475
K= 1395
4010.95517153
K= 1396
4566.60230314
K= 1397
67.8
K= 1398
123.5
K= 1399
4310.75
K= 1400
369.949758575
K= 1401
201.583333333
K= 1402
19.70392835
K= 1403
4814.33968254
K= 1404
8763.0
K= 1405
15.8779127306
K= 1406
4479.06666667
K= 1407
11.6
K= 1408
4821.94975857
K= 1409
4815.68095238
K= 1410
4310.75
K= 1411
296.668951779
K= 1412
4603.33333333
K= 1413
4800.12344902
K= 1414
133.116883117
K= 1415
4302.0
K= 1416
53.0447052948
K= 1417
6.88632478635
K= 1418
4817.74550523
K= 1419
10.2
K= 1420
3350.70838272
K= 1421
4853.46250955
K= 1422
10.4623880627
K= 1423
140.0
K= 1424
19.70392835
K= 1425
6.99670329667
K= 1426
149.5
K= 1427
4809.10951621
K= 1428
8305.28897394
K= 1429
4233.68092307
K= 1430
12.7497076024
K= 1431
4490.70392835
K= 1432
3565.83570038
K= 1433
10.0119047619
K= 1434
4490.70392835
K= 1435
89.6214646467
K= 1436
4863.6989232
K= 1437
4823.2852938
K= 1438
19.20392835
K= 1439
577.063185568
K= 1440
4472.83333333
K= 1441
4141.0
K= 1442
10.6
K= 1443
8559.75
K= 1444
217.755194805
K= 1445
4833.44047619
K= 1446
4178.0
K= 1447
8559.75
K= 1448
5385.22332151
K= 1449
185.583333333
K= 1450
102.25504967
K= 1451
8.86904761905
K= 1452
4456.0
K= 1453
13.8060818714
K= 1454
10.9095238096
K= 1455
1560.61299717
K= 1456
21.8611473902
K= 1457
7.3432900433
K= 1458
901.956620094
K= 1459
23.1857779626
K= 1460
320.885531135
K= 1461
4490.70392835
K= 1462
6.05650721828
K= 1463
4839.11746032
K= 1464
4490.70392835
K= 1465
8610.0
K= 1466
161.5
K= 1467
4490.70392835
K= 1468
4499.5
K= 1469
10.5952380953
K= 1470
19.70392835
K= 1471
600.0
K= 1472
123.5
K= 1473
120.5
K= 1474
8619.0
K= 1475
10.85
K= 1476
5.20028860029
K= 1477
202.668377917
K= 1478
4462.75
K= 1479
4292.0
K= 1480
12.1491675267
K= 1481
136.333333333
K= 1482
4632.5
K= 1483
11.5166666667
K= 1484
4486.16190476
K= 1485
4559.0
K= 1486
4175.0
K= 1487
115.0
K= 1488
6.90555555548
K= 1489
11.5166666667
K= 1490
17.8617212174
K= 1491
6.2965811966
K= 1492
142.0
K= 1493
5.39363551489
K= 1494
4582.40958336
K= 1495
144.0
K= 1496
4141.0
K= 1497
4310.75
K= 1498
17.4718409586
K= 1499
13213.0
K= 1500
19.70392835
K= 1501
8.20952380949
K= 1502
4871.56666667
K= 1503
4903.65
K= 1504
9.62023809517
K= 1505
19.70392835
K= 1506
4859.21176211
K= 1507
8.16666666663
K= 1508
17650.0
K= 1509
4310.75
K= 1510
4310.75
K= 1511
4292.0
K= 1512
4392.53823743
K= 1513
4477.1
K= 1514
11.3261904762
K= 1515
4431.75079365
K= 1516
241.023809524
K= 1517
7124.19254769
K= 1518
322.286976912
K= 1519
314.532193031
K= 1520
4505.98609626
K= 1521
4310.75
K= 1522
47.2869103588
K= 1523
40.6005244756
K= 1524
10.5166666667
K= 1525
4490.70392835
K= 1526
119.333333333
K= 1527
13.8329670329
K= 1528
19.70392835
K= 1529
19.70392835
K= 1530
23.4274107213
K= 1531
8.00718355714
K= 1532
8608.0
K= 1533
4830.46250955
K= 1534
4513.42982129
K= 1535
10.2530514681
K= 1536
4141.0
K= 1537
5.39136500761
K= 1538
8608.70192308
K= 1539
7.4357142857
K= 1540
5.2490981241
K= 1541
61.3600066557
K= 1542
4154.16666667
K= 1543
8.54166666663
K= 1544
11.8063492063
K= 1545
140.0
K= 1546
4.98491517943
K= 1547
4936.0 , Degree=0
K= 1548
19.70392835
K= 1549
4601.75079365
K= 1550
8611.0
K= 1551
408.193001443
K= 1552
16.638095238
K= 1553
4618.0
K= 1554
4793.75079365
K= 1555
281.0
K= 1556
8.21666666667
K= 1557
17.873869261
K= 1558
17.1772301228
K= 1559
5095.60127649
K= 1560
19.70392835
K= 1561
4310.75
K= 1562
129.333333333
K= 1563
32.6937860512
K= 1564
135.0
K= 1565
5415.58384388
K= 1566
11.5166666667
K= 1567
5610.10944947
K= 1568
4603.91666667
K= 1569
17.6571428571
K= 1570
5.39376132644
K= 1571
4490.70392835
K= 1572
140.0
K= 1573
8951.0
K= 1574
5.79199381708
K= 1575
8612.0
K= 1576
8.97142857127
K= 1577
4936.0 , Degree=0
K= 1578
13.3077380952
K= 1579
4868.7765873
K= 1580
19.0372616834
K= 1581
537.536525974
K= 1582
4542.2
K= 1583
4310.75
K= 1584
4310.75
K= 1585
497.11547619
K= 1586
8.83333333337
K= 1587
12.3288613692
K= 1588
5.0
K= 1589
40368.5120648
K= 1590
33.0859394348
K= 1591
4878.14880952
K= 1592
5263.63146293
K= 1593
4815.69862164
K= 1594
21.8611473902
K= 1595
4812.78733766
K= 1596
4936.0 , Degree=0
K= 1597
8619.0
K= 1598
19.4390186023
K= 1599
17650.0
K= 1600
4310.75
K= 1601
10.7999999999
K= 1602
4936.0 , Degree=0
K= 1603
11.4333333333
K= 1604
9.22497502505
K= 1605
4654.03932332
K= 1606
17220.0
K= 1607
162.0
K= 1608
9.76666666672
K= 1609
4310.75
K= 1610
14.9528138528
K= 1611
19.70392835
K= 1612
18.6764705882
K= 1613
5.45261437912
K= 1614
4141.0
K= 1615
4509.05566421
K= 1616
21.4712326562
K= 1617
4767.91773042
K= 1618
7.96869796875
K= 1619
4475.16904762
K= 1620
11.4666666667
K= 1621
11.5166666667
K= 1622
8626.86114739
K= 1623
8612.0
K= 1624
3061.48396478
K= 1625
4136.0
K= 1626
31.7809831317
K= 1627
12734.3333333
K= 1628
8093.82266384
K= 1629
4480.60634921
K= 1630
547.758333333
K= 1631
11962.0023088
K= 1632
4874.00800588
K= 1633
4905.00606061
K= 1634
4840.13908581
K= 1635
8.34444444452
K= 1636
15.326722028
K= 1637
156.0
K= 1638
4889.20448423
K= 1639
4767.91773042
K= 1640
15.3053724054
K= 1641
8521.0
K= 1642
4492.86114739
K= 1643
10.85
K= 1644
8.97142857127
K= 1645
4867.50711788
K= 1646
4310.75
K= 1647
4601.75079365
K= 1648
11759.2125789
K= 1649
28.9257620451
K= 1650
4740.06693043
K= 1651
11.6
K= 1652
4842.17125652
K= 1653
4643.2320821
K= 1654
4480.01190476
K= 1655
141.0
K= 1656
11.5166666667
K= 1657
13096.0
K= 1658
23.256262247
K= 1659
6.97222222213
K= 1660
10.2000000001
K= 1661
4793.75079365
K= 1662
8619.0
K= 1663
4612.75206249
K= 1664
4866.56666667
K= 1665
7.55920329667
K= 1666
696.236736816
K= 1667
4490.70392835
K= 1668
19.70392835
K= 1669
4479.00718356
K= 1670
8.81556669448
K= 1671
4746.38100462
K= 1672
4141.0
K= 1673
4477.83888889
K= 1674
490.782142857
K= 1675
39.2848751094
K= 1676
36.0904761906
K= 1677
16.0
K= 1678
23.4298701298
K= 1679
8612.0
K= 1680
525.770202594
K= 1681
5.10039738193
K= 1682
357.685896471
K= 1683
4891.53571429
K= 1684
4863.6989232
K= 1685
7.71994949493
K= 1686
4310.75
K= 1687
19.70392835
K= 1688
11.5166666667
K= 1689
5.78333333333
K= 1690
32.0
K= 1691
11.1310457516
K= 1692
158.0
K= 1693
24.9907239563
K= 1694
4936.0 , Degree=0
K= 1695
4141.0
K= 1696
358.504268438
K= 1697
314.709577922
K= 1698
433.2
K= 1699
9.05277777778
K= 1700
9627.62338008
K= 1701
4587.4162776
K= 1702
4884.20343497
K= 1703
11.6
K= 1704
4490.70392835
K= 1705
4559.0
K= 1706
409.662024318
K= 1707
4480.00669856
K= 1708
6.69882478635
K= 1709
4490.70392835
K= 1710
4479.16904762
K= 1711
2883.687001
K= 1712
437.088997114
K= 1713
4488.51666667
K= 1714
19.70392835
K= 1715
4793.75079365
K= 1716
8607.34533147
K= 1717
17.5288440726
K= 1718
11.4666666667
K= 1719
4092.15764138
K= 1720
8.2666666666
K= 1721
8612.0
K= 1722
13.5838744588
K= 1723
8610.0
K= 1724
12.4277777778
K= 1725
19.5237812912
K= 1726
380.70122851
K= 1727
8815.0
K= 1728
19.70392835
K= 1729
4682.30208933
K= 1730
4904.91666667
K= 1731
8594.0
K= 1732
4134.0
K= 1733
10.2
K= 1734
5.65128933848
K= 1735
4861.50711788
K= 1736
4175.0
K= 1737
8.84444444452
K= 1738
4868.84126984
K= 1739
43.7222947804
K= 1740
8.02380952379
K= 1741
4591.88155857
K= 1742
4798.45172548
K= 1743
4911.23333333
K= 1744
9.91248547914
K= 1745
39.8154255061
K= 1746
147.0
K= 1747
4858.12344902
K= 1748
6.5863247863
K= 1749
23.0333333333
K= 1750
4482.51666667
K= 1751
9.30844155839
K= 1752
110.0
K= 1753
4266.5
K= 1754
8611.0
K= 1755
7.28760822501
K= 1756
16.0
K= 1757
4827.99366321
K= 1758
4794.0361639
K= 1759
4727.39761905
K= 1760
11689.8580257
K= 1761
8.17777777778
K= 1762
6.40473688371
K= 1763
4811.86825397
K= 1764
9.69999999995
K= 1765
5001.57857143
K= 1766
184.583333333
K= 1767
4310.75
K= 1768
4479.15714286
K= 1769
8.15714285721
K= 1770
138.0
K= 1771
16.6888888889
K= 1772
4159.0
K= 1773
8619.0
K= 1774
19.70392835
K= 1775
4936.0 , Degree=0
K= 1776
49.7707796288
K= 1777
4511.0
K= 1778
134.0
K= 1779
4490.70392835
K= 1780
4745.44577225
K= 1781
4878.94130592
K= 1782
18.9333333335
K= 1783
5.91302294203
K= 1784
4471.70392835
K= 1785
8610.0
K= 1786
4246.04967179
K= 1787
126.0
K= 1788
11.7452380952
K= 1789
4310.75
K= 1790
169.634570201
K= 1791
8.36590909085
K= 1792
4936.0 , Degree=0
K= 1793
11.0166666667
K= 1794
5.85725838714
K= 1795
136.5
K= 1796
3971.43636883
K= 1797
13.7583466991
K= 1798
37.2185601395
K= 1799
32.7285714287
K= 1800
19.70392835
K= 1801
116.833333333
K= 1802
8563.0
K= 1803
4480.36666667
K= 1804
8.05238095229
K= 1805
11653.8570563
K= 1806
19.70392835
K= 1807
19.70392835
K= 1808
80.8847816197
K= 1809
7.31190476194
K= 1810
19.70392835
K= 1811
12.875
K= 1812
8610.0
K= 1813
7.84444444452
K= 1814
8.1690476191
K= 1815
5.78650793654
K= 1816
4785.91794059
K= 1817
6621.66074084
K= 1818
8.82857142843
K= 1819
396.135324158
K= 1820
13423.4761905
K= 1821
7.41904761898
K= 1822
19.70392835
K= 1823
4793.75079365
K= 1824
4432.17586263
K= 1825
8619.0
K= 1826
9543.2288363
K= 1827
27.6977640179
K= 1828
493.206870155
K= 1829
11.4095238096
K= 1830
141.0
K= 1831
70.5441308693
K= 1832
19.70392835
K= 1833
4861.50711788
K= 1834
4887.9574642
K= 1835
4479.83333333
K= 1836
5095.60127649
K= 1837
186.533333333
K= 1838
33.0674361511
K= 1839
13.9952380952
K= 1840
7.83088098804
K= 1841
39.2433545985
K= 1842
64.3723002685
K= 1843
11.2666666667
K= 1844
4761.75141329
K= 1845
10.6
K= 1846
19.70392835
K= 1847
8607.0
K= 1848
42.2007832446
K= 1849
11.0166666667
K= 1850
9.49523809517
K= 1851
4310.75
K= 1852
15.7779620545
K= 1853
4213.0
K= 1854
132.0
K= 1855
399.89676727
K= 1856
10.2
K= 1857
4479.97142857
K= 1858
43.0635283426
K= 1859
4767.91773042
K= 1860
4310.75
K= 1861
4649.03333333
K= 1862
537.536525974
K= 1863
8551.0
K= 1864
22.5333333333
K= 1865
4842.2852938
K= 1866
21.788095238
K= 1867
145.0
K= 1868
4310.75
K= 1869
154.318181818
K= 1870
155.0
K= 1871
6.63864733151
K= 1872
13.0570112894
K= 1873
4310.75
K= 1874
5.22238766972
K= 1875
4598.52142857
K= 1876
8611.0
K= 1877
11.568518179
K= 1878
12.5
K= 1879
7.67662337667
K= 1880
129.353766499
K= 1881
8607.0
K= 1882
9.04166666663
K= 1883
11.5166666667
K= 1884
129.0
K= 1885
4478.71994949
K= 1886
11688.7394624
K= 1887
12.1166666667
K= 1888
10.7999999999
K= 1889
369.949758575
K= 1890
4936.0 , Degree=0
K= 1891
4582.0
K= 1892
8.71904761903
K= 1893
8619.0
K= 1894
4481.13519438
K= 1895
449.166666667
K= 1896
4612.0
K= 1897
4847.52950614
K= 1898
5095.60127649
K= 1899
8.86904761905
K= 1900
207.427040026
K= 1901
4455.0
K= 1902
6.48888888897
K= 1903
8604.0
K= 1904
3026.77916295
K= 1905
6.30730837781
K= 1906
19.20392835
K= 1907
5.70001420868
K= 1908
4478.97510823
K= 1909
25.3663341759
K= 1910
9.6063492063
K= 1911
10.8666666667
K= 1912
7.3023809524
K= 1913
19.70392835
K= 1914
524.928571429
K= 1915
322.465079365
K= 1916
4655.58333333
K= 1917
19.70392835
K= 1918
5.86159844056
K= 1919
4888.97428316
K= 1920
4861.34394636
K= 1921
4811.86825397
K= 1922
185.583333333
K= 1923
5134.52973088
K= 1924
6.18924115098
K= 1925
9.63809523801
K= 1926
4175.0
K= 1927
491.284126985
K= 1928
5737.93081447
K= 1929
8.20952380949
K= 1930
105.618902847
K= 1931
20.0451989349
K= 1932
872.595389363
K= 1933
4833.44047619
K= 1934
141.0
K= 1935
136.0
K= 1936
62.1782387496
K= 1937
18.2334325397
K= 1938
11.6
K= 1939
10.3666666667
K= 1940
4549.0
K= 1941
32.6815336478
K= 1942
4806.61105245
K= 1943
177.106501641
K= 1944
8612.0
K= 1945
4588.0
K= 1946
9.06666666665
K= 1947
25.8618230869
K= 1948
4509.23214286
K= 1949
28.105657193
K= 1950
403.071950339
K= 1951
4793.75079365
K= 1952
4310.75
K= 1953
4869.68333333
K= 1954
6.02079293248
K= 1955
4372.0
K= 1956
410.401696377
K= 1957
5.29883289128
K= 1958
19.0237812912
K= 1959
589.131666667
K= 1960
382.473161895
K= 1961
19.70392835
K= 1962
4477.20995671
K= 1963
10.4285714286
K= 1964
4895.59206349
K= 1965
6.68895636534
K= 1966
4310.75
K= 1967
157.0
K= 1968
4869.08678168
K= 1969
301.244047619
K= 1970
196.9
K= 1971
54.1024161221
K= 1972
4861.50711788
K= 1973
201.583333333
K= 1974
4141.0
K= 1975
4141.0
K= 1976
37.1593955881
K= 1977
767.533206608
K= 1978
4767.91773042
K= 1979
8945.89844385
K= 1980
168.2
K= 1981
8.31904761912
K= 1982
19.70392835
K= 1983
9579.30368424
K= 1984
106.0
K= 1985
11.4333333333
K= 1986
4497.87326433
K= 1987
2855.03212672
K= 1988
48.3928571428
K= 1989
4141.0
K= 1990
4479.16190476
K= 1991
4835.2320821
K= 1992
174.583333333
K= 1993
7.71666666667
K= 1994
5095.60127649
K= 1995
201.583333333
K= 1996
4833.44047619
K= 1997
19.2023809524
K= 1998
7.21994949493
K= 1999
19.70392835
K= 2000
9.16190476192
K= 2001
4873.56666667
K= 2002
4840.13908581
K= 2003
4310.75
K= 2004
4948.58333333
K= 2005
11.4095238096
K= 2006
268.0
K= 2007
4687.24680356
K= 2008
5001.57857143
K= 2009
143.0
K= 2010
5.9715072182
K= 2011
104.5
K= 2012
10.4
K= 2013
6.27257448423
K= 2014
5.83003663004
K= 2015
4793.75079365
K= 2016
110.75
K= 2017
31.482074752
K= 2018
19.1992424243
K= 2019
11.6
K= 2020
10.5952380953
K= 2021
11.5166666667
K= 2022
4565.91773042
K= 2023
7.0166666666
K= 2024
4582.25
K= 2025
1398.41006713
K= 2026
4793.75079365
K= 2027
477.25
K= 2028
10.7999999999
K= 2029
4863.46071429
K= 2030
22.0261904763
K= 2031
5.67340067332
K= 2032
17893.4944928
K= 2033
9.8666666667
K= 2034
4903.30238095
K= 2035
4892.42857143
K= 2036
33.7797979799
K= 2037
111.0
K= 2038
4995.3452381
K= 2039
4141.0
K= 2040
63.5580461208
K= 2041
4310.75
K= 2042
40.9749776954
K= 2043
3771.4538377
K= 2044
37.0447052948
K= 2045
225.0
K= 2046
8608.75
K= 2047
17.6571428571
K= 2048
8619.0
K= 2049
22.5333333333
K= 2050
19.70392835
K= 2051
8559.75
K= 2052
4490.66045009
K= 2053
4490.70392835
K= 2054
19.70392835
K= 2055
8532.0
K= 2056
414.698088023
K= 2057
4830.46250955
K= 2058
16.1407894737
K= 2059
11645.0395363
K= 2060
4824.13908581
K= 2061
654.703753538
K= 2062
9.50520590518
K= 2063
9.06666666665
K= 2064
4867.50711788
K= 2065
4140.0
K= 2066
8.2666666666
K= 2067
30.7143841189
K= 2068
393.397910831
K= 2069
4544.87326433
K= 2070
11675.1194996
K= 2071
10.7999999999
K= 2072
6.29848484846
K= 2073
3690.30303398
K= 2074
19.20392835
K= 2075
4816.74550523
K= 2076
19.70392835
K= 2077
161.15
K= 2078
11.5166666667
K= 2079
4936.0 , Degree=0
K= 2080
4850.13917096
K= 2081
8.17662337667
K= 2082
4867.57259858
K= 2083
4477.5156746
K= 2084
43.0635283426
K= 2085
18.6764705882
K= 2086
5095.60127649
K= 2087
18209.4869048
K= 2088
4856.93115357
K= 2089
48.7440476191
K= 2090
19.0704074153
K= 2091
5337.29688671
K= 2092
4877.75406574
K= 2093
483.0
K= 2094
303.366595833
K= 2095
8950.07142857
K= 2096
358.733791724
K= 2097
16.2388546685
K= 2098
458.266666666
K= 2099
4802.50711788
K= 2100
4936.0 , Degree=0
K= 2101
313.973993008
K= 2102
4141.0
K= 2103
4622.0
K= 2104
198.583333333
K= 2105
8597.0
K= 2106
4898.23333333
K= 2107
4821.94975857
K= 2108
2791.50013539
K= 2109
4484.71428571
K= 2110
626.86140348
K= 2111
4478.8014763
K= 2112
4936.0 , Degree=0
K= 2113
9.09523809515
K= 2114
16.4550000001
K= 2115
4881.85555556
K= 2116
13.2661976911
K= 2117
4936.0 , Degree=0
K= 2118
7.1436507937
K= 2119
59.7269230769
K= 2120
4141.0
K= 2121
8619.0
K= 2122
16.4479365079
K= 2123
4621.0
K= 2124
140.125591068
K= 2125
4266.47160439
K= 2126
4936.0 , Degree=0
K= 2127
203.333333333
K= 2128
374.724423307
K= 2129
4392.33333333
K= 2130
19.70392835
K= 2131
10.85
K= 2132
4605.0
K= 2133
38.6851851852
K= 2134
20.5526695527
K= 2135
4504.15834524
K= 2136
4310.75
K= 2137
28.105657193
K= 2138
40.0332833831
K= 2139
4310.75
K= 2140
4477.40972222
K= 2141
354.318010085
K= 2142
4310.75
K= 2143
4490.19924242
K= 2144
4490.70392835
K= 2145
411.165056022
K= 2146
4876.69612978
K= 2147
4476.86904762
K= 2148
356.59294723
K= 2149
4478.65714286
K= 2150
8612.0
K= 2151
4851.2936692
K= 2152
4175.0
K= 2153
4213.0
K= 2154
169.4
K= 2155
4310.75
K= 2156
19.70392835
K= 2157
19.70392835
K= 2158
4823.86825397
K= 2159
9295.16666667
K= 2160
4662.69862164
K= 2161
47.7042790542
K= 2162
9.04166666663
K= 2163
7.53571428568
K= 2164
7.86904761905
K= 2165
4895.30873016
K= 2166
10.8666666667
K= 2167
423.326190476
K= 2168
4611.0
K= 2169
4633.0
K= 2170
4.44999999995
K= 2171
8606.5
K= 2172
10.9095238096
K= 2173
6588.11949538
K= 2174
5220.80001698
K= 2175
19.70392835
K= 2176
6.83104575158
K= 2177
10.3666666667
K= 2178
4141.0
K= 2179
18.6764705882
K= 2180
11.5524093695
K= 2181
4617.0
K= 2182
27.4758592132
K= 2183
10.8666666667
K= 2184
4490.70392835
K= 2185
4936.0 , Degree=0
K= 2186
8612.0
K= 2187
17.6524495458
K= 2188
4783.83852814
K= 2189
4622.0
K= 2190
125.088261738
K= 2191
3875.17338943
K= 2192
11.4095238096
K= 2193
16666.3333333
K= 2194
19.70392835
K= 2195
8594.5
K= 2196
4905.57857143
K= 2197
13.2999999999
K= 2198
10.2
K= 2199
36.2095460098
K= 2200
395.205408187
K= 2201
4772.0
K= 2202
4936.0 , Degree=0
K= 2203
18.9904761905
K= 2204
4450.44105976
K= 2205
7.35317460319
K= 2206
4562.75079365
K= 2207
4562.0
K= 2208
19.70392835
K= 2209
4859.30669192
K= 2210
460.75
K= 2211
5095.60127649
K= 2212
981.817104063
K= 2213
4310.75
K= 2214
318.066930431
K= 2215
5193.39724328
K= 2216
6046.51212161
K= 2217
19.70392835
K= 2218
6.952991453
K= 2219
4310.75
K= 2220
4936.0 , Degree=0
K= 2221
4490.70392835
K= 2222
12750.0
K= 2223
34.2023330599
K= 2224
13491.4445896
K= 2225
4839.20241703
K= 2226
4490.70392835
K= 2227
4310.75
K= 2228
17888.1077179
K= 2229
0.0
K= 2230
4825.40379998
K= 2231
17.5815628817
K= 2232
25.3631543122
K= 2233
4721.91773042
K= 2234
146.333333333
K= 2235
4141.0
K= 2236
4936.0 , Degree=0
K= 2237
8.31682990922
K= 2238
114.0
K= 2239
225.473808232
K= 2240
19.70392835
K= 2241
375.183820672
K= 2242
17.6888888889
K= 2243
4141.0
K= 2244
4872.44047619
K= 2245
6.56277056283
K= 2246
6.1059078176
K= 2247
9.57216117217
K= 2248
11.5166666667
K= 2249
5.0
K= 2250
722.945963515
K= 2251
2555.46223184
K= 2252
4141.0
K= 2253
5623.10134248
K= 2254
16.5333333333
K= 2255
46.6818181818
K= 2256
323.13930581
K= 2257
8619.0
K= 2258
4141.0
K= 2259
4490.70392835
K= 2260
4936.0 , Degree=0
K= 2261
7.41904761898
K= 2262
8619.0
K= 2263
19.70392835
K= 2264
11.5166666667
K= 2265
11.2666666667
K= 2266
23.3106442577
K= 2267
8544.5
K= 2268
8.57406841533
K= 2269
4477.0
K= 2270
11.6
K= 2271
4789.4152417
K= 2272
396.744433158
K= 2273
4596.09749695
K= 2274
91.8856593221
K= 2275
4809.58387882
K= 2276
5.04026196036
K= 2277
8618.0
K= 2278
193.75
K= 2279
19.70392835
K= 2280
4691.75833333
K= 2281
8602.0
K= 2282
6.22943722946
K= 2283
14.1630144366
K= 2284
8.25277777773
K= 2285
4490.10602814
K= 2286
8.92857142841
K= 2287
139.0
K= 2288
19.70392835
K= 2289
423.075
K= 2290
4924.11736597
K= 2291
21.75
K= 2292
4811.86825397
K= 2293
8619.0
K= 2294
4600.75079365
K= 2295
131.0
K= 2296
2759.03914038
K= 2297
4141.0
K= 2298
19.70392835
K= 2299
10.5952380953
K= 2300
4936.0 , Degree=0
K= 2301
4879.66847703
K= 2302
17.761904762
K= 2303
4479.00718356
K= 2304
186.533333333
K= 2305
4802.50711788
K= 2306
6.24670329667
K= 2307
156.0
K= 2308
153.083333333
K= 2309
4474.75623317
K= 2310
4829.0
K= 2311
8619.0
K= 2312
180.616666667
K= 2313
19.70392835
K= 2314
4802.50711788
K= 2315
4789.89218918
K= 2316
0.0
K= 2317
496.800692641
K= 2318
7.79855232488
K= 2319
478.894705897
K= 2320
10.5166666667
K= 2321
4841.34394636
K= 2322
764.777934288
K= 2323
3387.47212787
K= 2324
461.960569653
K= 2325
8.6166666667
K= 2326
4481.2
K= 2327
4861.50711788
K= 2328
4579.93832973
K= 2329
8612.0
K= 2330
4478.12662338
K= 2331
36.4663840673
K= 2332
238.075595238
K= 2333
12.7357142856
K= 2334
10.8666666667
K= 2335
10.3666666667
K= 2336
4594.0
K= 2337
20.0127253419
K= 2338
5679.94107338
K= 2339
9346.15727595
K= 2340
158.0
K= 2341
4310.75
K= 2342
8.06666666665
K= 2343
318.066930431
K= 2344
4601.75079365
K= 2345
4141.0
K= 2346
1241.45694531
K= 2347
26.4116123094
K= 2348
4656.53333333
K= 2349
8612.0
K= 2350
4936.0 , Degree=0
K= 2351
13.3073593073
K= 2352
4559.0
K= 2353
8563.0
K= 2354
4792.03657703
K= 2355
19.70392835
K= 2356
178.033333333
K= 2357
4490.70392835
K= 2358
64.5459803354
K= 2359
4462.75
K= 2360
4398.2966885
K= 2361
19.70392835
K= 2362
4793.75079365
K= 2363
4504.57011803
K= 2364
53.5208650208
K= 2365
489.11547619
K= 2366
53.0447052948
K= 2367
19.2404761905
K= 2368
9.06666666665
K= 2369
8557.0
K= 2370
10.8666666667
K= 2371
4141.0
K= 2372
13.751911831
K= 2373
159.0
K= 2374
11.6
K= 2375
4609.0
K= 2376
5677.94107338
K= 2377
25.0933204595
K= 2378
4310.75
K= 2379
4612.0
K= 2380
386.100793651
K= 2381
4141.0
K= 2382
11312.8821468
K= 2383
19.70392835
K= 2384
12.4237693759
K= 2385
18.9001626972
K= 2386
13.6444444444
K= 2387
11679.4871243
K= 2388
18.8833333333
K= 2389
4894.80833333
K= 2390
113.829166667
K= 2391
4554.74285714
K= 2392
11.4333333333
K= 2393
204.632936508
K= 2394
4767.91773042
K= 2395
4490.70392835
K= 2396
308.852910013
K= 2397
19.20392835
K= 2398
33.1059642896
K= 2399
8.31904761912
K= 2400
4600.0
Betweenness Centrality Improvement
[ 0.  0.  0. ...,  0.  0.  0.]
Top 20 BC Improvement
[1589 2087 2032 2228 1508 1599 1606 2193 2224 1820 1499 1657 2222 1627 1631
 1648 1760 1886 2387 1320]
Top 20 BC Improvement
[ 40368.51206479  18209.48690476  17893.49449275  17888.10771788  17650.
  17650.          17220.          16666.33333333  13491.44458956
  13423.47619048  13213.          13096.          12750.          12734.33333333
  11962.0023088   11759.21257886  11689.85802571  11688.73946241
  11679.48712427  11676.68264628]
