txValue= 10000
Input graph
IGRAPH D--- 4619 68733 -- 
+ attr: pub_key (v), base_fee (e), capacity (e), fee_rate (e), txCost (e)
None
Graph after edges deleted
IGRAPH D--- 4619 68697 -- 
+ attr: pub_key (v), base_fee (e), capacity (e), fee_rate (e), txCost (e)
None
Our nodes starting connections: 
(4618, 2796)
(4618, 1223)
(4618, 1163)
(4618, 498)
(4618, 3265)
(4618, 1589)
(4618, 4051)
(4618, 3246)
CurrentBC of our node:  1000815.22458
K= 3600
41.0384872918
K= 3601
17.8
K= 3602
567.709875061
K= 3603
163.166666667
K= 3604
8535.66666667
K= 3605
365.447112924
K= 3606
4704.24563103
K= 3607
5673.17309923
K= 3608
4936.0 , Degree=0
K= 3609
36.4429254957
K= 3610
4936.0 , Degree=0
K= 3611
4721.44739464
K= 3612
4568.0
K= 3613
8569.0
K= 3614
16.0232323234
K= 3615
4609.0
K= 3616
8951.12752525
K= 3617
4605.75079365
K= 3618
10.9294944955
K= 3619
406.732510573
K= 3620
11.8666666668
K= 3621
18.3628730918
K= 3622
21.2039283501
K= 3623
135.0
K= 3624
436.854761905
K= 3625
6.99523809541
K= 3626
4942.35860806
K= 3627
5105.81637252
K= 3628
4577.4
K= 3629
326.750793651
K= 3630
8.61904761929
K= 3631
350.990806962
K= 3632
424.197619047
K= 3633
11.0119047621
K= 3634
4123.0
K= 3635
4490.70392835
K= 3636
10.5627391128
K= 3637
9.56273911276
K= 3638
13.4007836529
K= 3639
559.258333333
K= 3640
27.0848762054
K= 3641
4474.5780873
K= 3642
6508.21950441
K= 3643
4194.0
K= 3644
9.92857142875
K= 3645
10.3452380955
K= 3646
4728.77952728
K= 3647
11663.3375999
K= 3648
4486.16190476
K= 3649
4582.0
K= 3650
5105.81637252
K= 3651
4843.9146645
K= 3652
8593.0
K= 3653
300.06347369
K= 3654
4648.91887171
K= 3655
4867.42378455
K= 3656
4920.27359944
K= 3657
4132.32222222
K= 3658
219.583333333
K= 3659
22.7770879838
K= 3660
4291.75
K= 3661
8.4967032969
K= 3662
20.7039283501
K= 3663
4150.16666667
K= 3664
5989.7557034
K= 3665
9.99523809541
K= 3666
12.5839876344
K= 3667
4630.15
K= 3668
4936.0 , Degree=0
K= 3669
4477.172545
K= 3670
28.237762238
K= 3671
4394.89702038
K= 3672
360.190981241
K= 3673
4291.75
K= 3674
4481.66666667
K= 3675
4479.00718356
K= 3676
188.15
K= 3677
22.8000000003
K= 3678
4123.0
K= 3679
4698.0
K= 3680
7.82222222222
K= 3681
7.72510822536
K= 3682
406.967979635
K= 3683
146.25
K= 3684
4473.91666667
K= 3685
67.4836639048
K= 3686
11.3666666668
K= 3687
4554.0
K= 3688
4291.75
K= 3689
12.6000000002
K= 3690
741.000738249
K= 3691
4847.06951786
K= 3692
128.333333333
K= 3693
49.063118433
K= 3694
14.7309630901
K= 3695
83.342857143
K= 3696
5938.70279974
K= 3697
4769.18423087
K= 3698
4863.57201742
K= 3699
6.16906182782
K= 3700
4364.5
K= 3701
4614.0
K= 3702
22.8611473903
K= 3703
20.6483727945
K= 3704
10.0666666668
K= 3705
8593.0
K= 3706
4369.0
K= 3707
4562.0
K= 3708
18.3320013321
K= 3709
6.16897622624
K= 3710
194.083333333
K= 3711
14.2083638586
K= 3712
4900.20555556
K= 3713
4476.60793651
K= 3714
4825.06320069
K= 3715
4789.77265512
K= 3716
10.3659090911
K= 3717
5266.14403484
K= 3718
20.1814125427
K= 3719
4936.0 , Degree=0
K= 3720
54.6000000001
K= 3721
10.0666666668
K= 3722
140.0
K= 3723
143.0
K= 3724
4551.34015746
K= 3725
4870.91201299
K= 3726
4865.93156755
K= 3727
9.56273911276
K= 3728
143.0
K= 3729
156.498159777
K= 3730
11.8666666668
K= 3731
6.41225023358
K= 3732
4504.61944714
K= 3733
143.5
K= 3734
4896.41749639
K= 3735
372.722726621
K= 3736
324.591941392
K= 3737
4565.9289534
K= 3738
181.333333333
K= 3739
4936.0 , Degree=0
K= 3740
4904.6047619
K= 3741
4490.70392835
K= 3742
8.95238095266
K= 3743
9.00718355726
K= 3744
14.1000000002
K= 3745
22.7333333335
K= 3746
71.4293262295
K= 3747
556.318575622
K= 3748
13.2825757576
K= 3749
389.918871711
K= 3750
25.2000000002
K= 3751
20.7039283501
K= 3752
6.82003663003
K= 3753
11738.4138502
K= 3754
4479.86904762
K= 3755
4393.0
K= 3756
6.09778739791
K= 3757
20.1060281387
K= 3758
4936.0 , Degree=0
K= 3759
182.14710609
K= 3760
11649.9480241
K= 3761
4490.70392835
K= 3762
50.4983370289
K= 3763
187.583333333
K= 3764
4291.75
K= 3765
7.232726424
K= 3766
4156.0
K= 3767
4867.42378455
K= 3768
3739.86732261
K= 3769
173.533333334
K= 3770
11.516666667
K= 3771
7.5490079365
K= 3772
11.266666667
K= 3773
4744.24563103
K= 3774
81.983097216
K= 3775
12.516666667
K= 3776
20.7039283501
K= 3777
4482.26666667
K= 3778
372.879761905
K= 3779
12.4095238097
K= 3780
185.752380952
K= 3781
553.058961872
K= 3782
4483.0
K= 3783
373.070651391
K= 3784
5105.81637252
K= 3785
4291.75
K= 3786
28.7295248026
K= 3787
14.4969696972
K= 3788
11.8000000003
K= 3789
20.7039283501
K= 3790
218.583333333
K= 3791
5105.81637252
K= 3792
31.5666666669
K= 3793
179.0
K= 3794
12.516666667
K= 3795
20.7039283501
K= 3796
13.0080213906
K= 3797
161.0
K= 3798
5063.81637252
K= 3799
4585.5
K= 3800
40.4078566999
K= 3801
4123.0
K= 3802
8.17510822532
K= 3803
4936.0 , Degree=0
K= 3804
4387.96785714
K= 3805
11.3909090911
K= 3806
4479.26666667
K= 3807
4475.16666667
K= 3808
4544.2
K= 3809
21.7115189871
K= 3810
4936.0 , Degree=0
K= 3811
4274.0
K= 3812
22.8611473903
K= 3813
7390.00064256
K= 3814
9.82857142878
K= 3815
5932.05682773
K= 3816
15.7971177028
K= 3817
709.833333333
K= 3818
4123.0
K= 3819
406.216666667
K= 3820
19.9971906166
K= 3821
560.258333333
K= 3822
12.4095238097
K= 3823
4936.0 , Degree=0
K= 3824
219.583333333
K= 3825
4936.0 , Degree=0
K= 3826
15.0
K= 3827
9.11904761929
K= 3828
120.450540729
K= 3829
5706.85275975
K= 3830
12.516666667
K= 3831
8592.0
K= 3832
43.7548212897
K= 3833
5.47325581394
K= 3834
4365.0
K= 3835
20.7039283501
K= 3836
16.8992424244
K= 3837
4909.16666667
K= 3838
414.529166667
K= 3839
126.0
K= 3840
11.5269337802
K= 3841
4129.5
K= 3842
4936.0 , Degree=0
K= 3843
4490.70392835
K= 3844
4387.63158474
K= 3845
20.1660922412
K= 3846
20.7039283501
K= 3847
4123.0
K= 3848
19.6660922413
K= 3849
9.85833333351
K= 3850
4823.31358388
K= 3851
37.7660805696
K= 3852
8587.0
K= 3853
9.73034547176
K= 3854
26.985714286
K= 3855
451.266666667
K= 3856
4838.9015873
K= 3857
11.0119047621
K= 3858
114.0
K= 3859
17.3555555557
K= 3860
56.5782217784
K= 3861
16.55
K= 3862
4121.36017094
K= 3863
107.301190476
K= 3864
57.7164285715
K= 3865
4913.71666667
K= 3866
4936.0 , Degree=0
K= 3867
20.7039283501
K= 3868
137.34389638
K= 3869
804.848448774
K= 3870
57.8586639048
K= 3871
14.3666666668
K= 3872
300.029869001
K= 3873
4156.0
K= 3874
20.7039283501
K= 3875
12.016666667
K= 3876
20.7039283501
K= 3877
20.7039283501
K= 3878
4603.0
K= 3879
39.2791666668
K= 3880
20.7039283501
K= 3881
11.5236235458
K= 3882
4490.70392835
K= 3883
4291.75
K= 3884
5.99166666681
K= 3885
4870.91201299
K= 3886
20.7039283501
K= 3887
20.128477004
K= 3888
355.907528177
K= 3889
12.9099567101
K= 3890
4832.62381946
K= 3891
4601.27234791
K= 3892
178.083333333
K= 3893
12.7160633487
K= 3894
8.30842074601
K= 3895
4449.0
K= 3896
4490.70392835
K= 3897
8418.71666667
K= 3898
402.828259286
K= 3899
4391.5
K= 3900
4936.0 , Degree=0
K= 3901
4479.23333333
K= 3902
8600.0
K= 3903
4615.0
K= 3904
173.65995671
K= 3905
241.110236822
K= 3906
4906.52689827
K= 3907
8962.03333333
K= 3908
8600.0
K= 3909
4843.45476191
K= 3910
199.116666667
K= 3911
20.2039283501
K= 3912
19.7835497838
K= 3913
492.283502609
K= 3914
74.5208957711
K= 3915
22.8611473903
K= 3916
8578.0
K= 3917
4991.72062765
K= 3918
4156.0
K= 3919
20.7039283501
K= 3920
31.1395487116
K= 3921
279.091616234
K= 3922
4592.56898336
K= 3923
160.0
K= 3924
172.0
K= 3925
12.016666667
K= 3926
223.981182796
K= 3927
287.0
K= 3928
9.61369118001
K= 3929
406.258333333
K= 3930
6.31957250449
K= 3931
273.546428571
K= 3932
12.4095238097
K= 3933
29.4222222223
K= 3934
9.56273911276
K= 3935
4973.54659197
K= 3936
20.7039283501
K= 3937
4476.3104816
K= 3938
92.5159003262
K= 3939
4669.7386525
K= 3940
4615.0
K= 3941
8599.0
K= 3942
219.583333333
K= 3943
4756.32899274
K= 3944
10.5952380954
K= 3945
144.0
K= 3946
4698.91887171
K= 3947
4129.66666667
K= 3948
22.8611473903
K= 3949
4559.75079365
K= 3950
4861.74550523
K= 3951
45.1489223741
K= 3952
147.6625
K= 3953
38.3074064825
K= 3954
146.0
K= 3955
4482.51666667
K= 3956
135.5
K= 3957
14.9053030304
K= 3958
117.5
K= 3959
4291.75
K= 3960
4936.0 , Degree=0
K= 3961
219.583333333
K= 3962
31.7646316034
K= 3963
19.4372616834
K= 3964
4537.0
K= 3965
4480.86904762
K= 3966
4888.18452381
K= 3967
18.3958975966
K= 3968
13.3571428573
K= 3969
4862.61351426
K= 3970
5.83905890537
K= 3971
219.583333333
K= 3972
423.946519664
K= 3973
15.8902966316
K= 3974
8.13104575162
K= 3975
4558.75079365
K= 3976
33.6963702175
K= 3977
4688.24563103
K= 3978
11.8500000003
K= 3979
20.7039283501
K= 3980
412.898770674
K= 3981
4763.51519952
K= 3982
4838.9015873
K= 3983
11.8000000003
K= 3984
22.7039283501
K= 3985
12.516666667
K= 3986
4613.0
K= 3987
55.1060966812
K= 3988
11.5952380955
K= 3989
4797.75079365
K= 3990
9551.26655795
K= 3991
4480.16190476
K= 3992
4123.0
K= 3993
27.2625000002
K= 3994
4605.75079365
K= 3995
27.8377625591
K= 3996
8600.0
K= 3997
190.583333333
K= 3998
248.18477356
K= 3999
138.116666667
K= 4000
4506.31137019
K= 4001
198.116666667
K= 4002
618.926190476
K= 4003
5092.47816329
K= 4004
10.6312229437
K= 4005
4123.0
K= 4006
35.0170856924
K= 4007
143.333333333
K= 4008
20.7039283501
K= 4009
4926.16666667
K= 4010
4212.9801356
K= 4011
116.5
K= 4012
4629.0
K= 4013
188.0
K= 4014
4742.76494967
K= 4015
8593.0
K= 4016
4838.9015873
K= 4017
4936.0 , Degree=0
K= 4018
4625.0
K= 4019
530.552813852
K= 4020
354.166666667
K= 4021
131.66373828
K= 4022
4936.0 , Degree=0
K= 4023
4487.84271397
K= 4024
4291.75
K= 4025
413.682366707
K= 4026
4873.42378455
K= 4027
41.4078566999
K= 4028
16.1444444446
K= 4029
4858.90841009
K= 4030
7.19626470038
K= 4031
6072.94216889
K= 4032
4881.75169206
K= 4033
11.2000000002
K= 4034
4936.0 , Degree=0
K= 4035
11647.063816
K= 4036
143.0
K= 4037
4123.0
K= 4038
4964.1
K= 4039
4832.36625768
K= 4040
4853.80885639
K= 4041
4291.75
K= 4042
120.0
K= 4043
8590.0
K= 4044
139.840909091
K= 4045
4727.5007992
K= 4046
15.9838951831
K= 4047
2482.37236061
K= 4048
4307.0
K= 4049
11.5952380955
K= 4050
20.7039283501
K= 4051
5.1917092714
K= 4052
4291.75
K= 4053
4291.75
K= 4054
6.98670329677
K= 4055
4796.75079365
K= 4056
161.0
K= 4057
170.0
K= 4058
4491.20392835
K= 4059
20.7039283501
K= 4060
4924.46279635
K= 4061
29.690662932
K= 4062
379.016277193
K= 4063
11.9023809525
K= 4064
4291.75
K= 4065
172.0
K= 4066
4818.19098124
K= 4067
11.2000000002
K= 4068
8600.0
K= 4069
4900.79351781
K= 4070
4936.0 , Degree=0
K= 4071
371.879761905
K= 4072
67.4836639048
K= 4073
24.8556571931
K= 4074
28.7295248026
K= 4075
310.104945905
K= 4076
12.016666667
K= 4077
37.1718475971
K= 4078
8596.81333481
K= 4079
44.0635283428
K= 4080
4900.53204247
K= 4081
9.18154761929
K= 4082
11.8666666668
K= 4083
182.427399267
K= 4084
4769.15149758
K= 4085
8.25126912317
K= 4086
69.8873638344
K= 4087
390.954501622
K= 4088
4628.2
K= 4089
4603.0
K= 4090
4291.75
K= 4091
190.083333333
K= 4092
4490.70392835
K= 4093
8600.0
K= 4094
34.5288440726
K= 4095
4615.0
K= 4096
4808.42378455
K= 4097
163.757142857
K= 4098
9.31273911276
K= 4099
9.07619047619
K= 4100
9.92857142875
K= 4101
4893.05413198
K= 4102
9.81666666677
K= 4103
4475.92134159
K= 4104
7.78650793643
K= 4105
4772.9006622
K= 4106
27.9898844514
K= 4107
11.4220779223
K= 4108
4923.86875522
K= 4109
4936.0 , Degree=0
K= 4110
24.7211316746
K= 4111
8588.0
K= 4112
344.035421888
K= 4113
17.1081985729
K= 4114
20.7039283501
K= 4115
8590.0
K= 4116
6.02123793971
K= 4117
12.516666667
K= 4118
4123.0
K= 4119
11.7386363638
K= 4120
69.9734640411
K= 4121
4123.0
K= 4122
2267.32146592
K= 4123
22.6961038964
K= 4124
4597.75079365
K= 4125
4598.0
K= 4126
6.86865715997
K= 4127
4908.5
K= 4128
4845.792288
K= 4129
20.7021167559
K= 4130
8522.0
K= 4131
566.83003663
K= 4132
734.433333333
K= 4133
4490.70392835
K= 4134
107.0
K= 4135
8600.0
K= 4136
4870.37742107
K= 4137
5105.81637252
K= 4138
4868.37278277
K= 4139
7.0
K= 4140
13.516666667
K= 4141
4936.0 , Degree=0
K= 4142
4291.75
K= 4143
97.3857142861
K= 4144
4932.20208208
K= 4145
4877.9015873
K= 4146
4843.92483994
K= 4147
219.583333333
K= 4148
4123.0
K= 4149
4323.0
K= 4150
406.285714286
K= 4151
438.329997454
K= 4152
25.6202380954
K= 4153
11.2000000002
K= 4154
11.0119047621
K= 4155
134.0
K= 4156
8947.84444444
K= 4157
3273.75291885
K= 4158
20.7039283501
K= 4159
3601.27195488
K= 4160
4613.0
K= 4161
11.0609988541
K= 4162
4123.0
K= 4163
8593.0
K= 4164
4957.26666667
K= 4165
18.4718409587
K= 4166
553.058961872
K= 4167
464.583333333
K= 4168
4867.06951786
K= 4169
132.5
K= 4170
43.7548212897
K= 4171
119.516666667
K= 4172
9747.36473341
K= 4173
8.50718355726
K= 4174
177.0
K= 4175
210.583333333
K= 4176
24.5277529027
K= 4177
9.56273911276
K= 4178
8596.97510823
K= 4179
194.783333333
K= 4180
4819.1580223
K= 4181
4816.1580223
K= 4182
46.6666666669
K= 4183
356.006597281
K= 4184
4485.48119048
K= 4185
9.11904761929
K= 4186
8600.0
K= 4187
20.2039283501
K= 4188
4892.45595238
K= 4189
12.4736947317
K= 4190
10.8680396645
K= 4191
4568.58773449
K= 4192
209.0
K= 4193
4475.19166667
K= 4194
10.4190476193
K= 4195
4291.75
K= 4196
34.0
K= 4197
4490.70392835
K= 4198
6.8176662554
K= 4199
19.8543334737
K= 4200
4808.42378455
K= 4201
12.0462938111
K= 4202
8.51919191924
K= 4203
20.7039283501
K= 4204
8.50000000012
K= 4205
4492.86114739
K= 4206
68.5834421705
K= 4207
12.0845238096
K= 4208
4936.0 , Degree=0
K= 4209
13417.1496032
K= 4210
4931.59642857
K= 4211
331.844444445
K= 4212
8600.0
K= 4213
4158.0
K= 4214
11.8000000003
K= 4215
4554.94404762
K= 4216
20.7039283501
K= 4217
405.381443581
K= 4218
16.2844142787
K= 4219
6193.49576491
K= 4220
21.7039283501
K= 4221
130.948208312
K= 4222
12.6000000002
K= 4223
4593.5
K= 4224
4478.30844156
K= 4225
4838.9015873
K= 4226
142.0
K= 4227
4123.0
K= 4228
177.333333333
K= 4229
10.7000000002
K= 4230
20.7039283501
K= 4231
5649.36788289
K= 4232
4421.0
K= 4233
4490.70392835
K= 4234
14.8581539379
K= 4235
402.213380492
K= 4236
21.3235964229
K= 4237
12.6000000002
K= 4238
60.2885732823
K= 4239
24.7301587304
K= 4240
28.8386731088
K= 4241
11666.1854331
K= 4242
8932.69610872
K= 4243
24.5919222209
K= 4244
4477.78499279
K= 4245
19.6615777339
K= 4246
9.86904761929
K= 4247
4123.0
K= 4248
20.0214719495
K= 4249
4527.0
K= 4250
387.109622107
K= 4251
4845.95719697
K= 4252
191.583333333
K= 4253
4656.00481602
K= 4254
4291.75
K= 4255
20.7039283501
K= 4256
145.5
K= 4257
8376.44444444
K= 4258
8593.0
K= 4259
8.67662337678
K= 4260
4482.6
K= 4261
4482.51666667
K= 4262
4605.75079365
K= 4263
4474.21076605
K= 4264
4094.0
K= 4265
4490.70392835
K= 4266
12.6202852703
K= 4267
400.138387021
K= 4268
20.7039283501
K= 4269
4555.99166667
K= 4270
4878.52916667
K= 4271
378.500799201
K= 4272
4936.0 , Degree=0
K= 4273
4490.70392835
K= 4274
4291.75
K= 4275
7.12765151518
K= 4276
11.8666666668
K= 4277
4490.20392835
K= 4278
7.23420329671
K= 4279
4917.4952381
K= 4280
4596.0
K= 4281
10.1380952382
K= 4282
17650.0
K= 4283
17.3758450497
K= 4284
8593.0
K= 4285
9.82857142878
K= 4286
6461.6090531
K= 4287
17547.2
K= 4288
2634.42103082
K= 4289
11646.8083684
K= 4290
4591.43901458
K= 4291
5.93130953854
K= 4292
12.516666667
K= 4293
11639.6574384
K= 4294
127.016666667
K= 4295
70.3986927518
K= 4296
4837.62458457
K= 4297
4936.0 , Degree=0
K= 4298
4838.9015873
K= 4299
4477.64882479
K= 4300
4881.0457134
K= 4301
144.0
K= 4302
4480.16190476
K= 4303
4503.90001191
K= 4304
4500.31137019
K= 4305
385.549484962
K= 4306
29.9615256242
K= 4307
12.516666667
K= 4308
4490.70392835
K= 4309
11.0119047621
K= 4310
4858.96779609
K= 4311
9.56666666677
K= 4312
4291.75
K= 4313
10.161904762
K= 4314
11.6714285717
K= 4315
12.016666667
K= 4316
203.583333333
K= 4317
4476.79199382
K= 4318
20.7039283501
K= 4319
11.6000000003
K= 4320
219.583333333
K= 4321
370.515199521
K= 4322
11.391774892
K= 4323
11.6666666669
K= 4324
23.7701871075
K= 4325
7.28215811972
K= 4326
12.516666667
K= 4327
198.333333333
K= 4328
8.17510822532
K= 4329
7.02690631826
K= 4330
33.571475626
K= 4331
414.211904762
K= 4332
38.0279853315
K= 4333
32.7136156372
K= 4334
20.7039283501
K= 4335
369.174924765
K= 4336
4966.43192045
K= 4337
11.0190476193
K= 4338
20.4086773307
K= 4339
4773.5007992
K= 4340
20.7039283501
K= 4341
4480.86904762
K= 4342
4156.0
K= 4343
125.833333333
K= 4344
4693.14600574
K= 4345
10.0666666668
K= 4346
6.1525274727
K= 4347
8575.0
K= 4348
4744.24563103
K= 4349
4490.70392835
K= 4350
544.866666667
K= 4351
9.04444444447
K= 4352
22.7382397755
K= 4353
552.925
K= 4354
4404.75079365
K= 4355
8539.75
K= 4356
4818.0
K= 4357
11.8000000003
K= 4358
13.516666667
K= 4359
22.2965642586
K= 4360
1761.03319721
K= 4361
7.00000000012
K= 4362
4850.32953326
K= 4363
7.24848484865
K= 4364
8273.75
K= 4365
4150.16666667
K= 4366
35.0866310663
K= 4367
35.6666666666
K= 4368
82.5208957711
K= 4369
11.8000000003
K= 4370
4123.0
K= 4371
4822.76699777
K= 4372
83.7047619055
K= 4373
4123.0
K= 4374
4604.17106704
K= 4375
618.25
K= 4376
16.991841492
K= 4377
4583.0
K= 4378
4722.12619048
K= 4379
4797.75079365
K= 4380
49.9722947804
K= 4381
4797.75079365
K= 4382
4914.33333333
K= 4383
11.0119047621
K= 4384
13419.1338384
K= 4385
4490.70392835
K= 4386
4478.20238095
K= 4387
4740.88964494
K= 4388
4871.17777778
K= 4389
5348.48571429
K= 4390
15.4017508521
K= 4391
11.5952380955
K= 4392
11645.7628336
K= 4393
32.7726495728
K= 4394
4157.0
K= 4395
78.1564600617
K= 4396
4936.0 , Degree=0
K= 4397
4942.83888889
K= 4398
20.7039283501
K= 4399
145.0
K= 4400
25.2000000002
K= 4401
4797.75079365
K= 4402
5105.81637252
K= 4403
39.2845654346
K= 4404
4936.0 , Degree=0
K= 4405
22.7039283501
K= 4406
12.4333333336
K= 4407
553.058961872
K= 4408
4288.75
K= 4409
4490.70392835
K= 4410
4605.75079365
K= 4411
444.763199665
K= 4412
45.7222947804
K= 4413
10.8666666668
K= 4414
8600.0
K= 4415
4559.23649627
K= 4416
8570.8
K= 4417
4479.18571429
K= 4418
4490.70392835
K= 4419
50.3201374041
K= 4420
370.458111821
K= 4421
7.78650793654
K= 4422
138.0
K= 4423
4476.84093344
K= 4424
8.81904761924
K= 4425
4744.24563103
K= 4426
4123.0
K= 4427
4605.73690476
K= 4428
20.7039283501
K= 4429
39.4069382802
K= 4430
4156.0
K= 4431
13.3287601289
K= 4432
153.422222222
K= 4433
45.7222947804
K= 4434
5875.21975921
K= 4435
91.5075757575
K= 4436
4480.16190476
K= 4437
67.4836639048
K= 4438
4861.74550523
K= 4439
430.333333333
K= 4440
18.3696581199
K= 4441
4943.6
K= 4442
32.8982919257
K= 4443
7.0833333336
K= 4444
12.4095238097
K= 4445
4122.0
K= 4446
4291.75
K= 4447
8544.0
K= 4448
386.888402781
K= 4449
4936.0 , Degree=0
K= 4450
4490.70392835
K= 4451
7.77705627715
K= 4452
172.5
K= 4453
4491.88495691
K= 4454
4936.0 , Degree=0
K= 4455
23.9455946465
K= 4456
4490.70392835
K= 4457
39.6951928599
K= 4458
4808.42378455
K= 4459
7.82222222222
K= 4460
4797.75079365
K= 4461
3357.3167493
K= 4462
469.85
K= 4463
4660.58333333
K= 4464
31.8812954107
K= 4465
283.034940087
K= 4466
12.516666667
K= 4467
4768.66787657
K= 4468
4490.70392835
K= 4469
4663.32899274
K= 4470
4150.16666667
K= 4471
51.8388888891
K= 4472
33.3822768659
K= 4473
11.8666666668
K= 4474
11.3666666668
K= 4475
4120.0
K= 4476
32.5444444446
K= 4477
4291.75
K= 4478
4964.1
K= 4479
22.8611473903
K= 4480
856.420238095
K= 4481
20.7039283501
K= 4482
3923.50792344
K= 4483
4832.62381946
K= 4484
191.083333333
K= 4485
4274.0
K= 4486
4594.41329791
K= 4487
20.7039283501
K= 4488
281.696984557
K= 4489
380.427830112
K= 4490
893.142800446
K= 4491
12.516666667
K= 4492
4841.02382374
K= 4493
17870.765873
K= 4494
12.516666667
K= 4495
4591.5
K= 4496
37.813073593
K= 4497
5589.43502285
K= 4498
17154.0
K= 4499
4604.0
K= 4500
178.333333333
K= 4501
11728.8635231
K= 4502
476.876623377
K= 4503
4476.9145614
K= 4504
18.6125
K= 4505
4480.66190476
K= 4506
4499.50497472
K= 4507
19.6764705882
K= 4508
135.5
K= 4509
4773.5007992
K= 4510
4291.75
K= 4511
194.916666667
K= 4512
390.816666667
K= 4513
4877.16860623
K= 4514
9.31904761924
K= 4515
426.85952381
K= 4516
20.7039283501
K= 4517
12.516666667
K= 4518
11615.1205628
K= 4519
169.0
K= 4520
422.704304029
K= 4521
22.023809524
K= 4522
8593.0
K= 4523
4740.74945266
K= 4524
5105.81637252
K= 4525
37.9333333336
K= 4526
10.0666666668
K= 4527
4744.24563103
K= 4528
17.3563546963
K= 4529
9.17777777789
K= 4530
20.7039283501
K= 4531
8593.0
K= 4532
11.3666666668
K= 4533
9.17777777789
K= 4534
9.56666666677
K= 4535
4603.75079365
K= 4536
4854.82269045
K= 4537
33.561168875
K= 4538
11.766666667
K= 4539
20.7039283501
K= 4540
213.083333333
K= 4541
570.272880124
K= 4542
20.2039283501
K= 4543
4477.07925408
K= 4544
4443.75
K= 4545
4927.03956044
K= 4546
587.914589424
K= 4547
8600.0
K= 4548
316.847727273
K= 4549
25.7287878791
K= 4550
7.27408008662
K= 4551
4291.75
K= 4552
8566.61538462
K= 4553
4779.40308858
K= 4554
150.433333333
K= 4555
8482.33333333
K= 4556
16.2392620242
K= 4557
4936.0 , Degree=0
K= 4558
4728.04444444
K= 4559
8587.0
K= 4560
4291.75
K= 4561
553.058961872
K= 4562
20.7039283501
K= 4563
4591.0
K= 4564
4797.75079365
K= 4565
18.8792631013
K= 4566
4840.61351426
K= 4567
9.82857142878
K= 4568
181.533333334
K= 4569
150.0
K= 4570
4291.75
K= 4571
56.6754329005
K= 4572
4620.0
K= 4573
307.0
K= 4574
4291.75
K= 4575
11654.3484627
K= 4576
219.583333333
K= 4577
8591.0
K= 4578
4291.75
K= 4579
12.1666666667
K= 4580
4123.82623707
K= 4581
9.09444444452
K= 4582
4569.80711105
K= 4583
327.750793651
K= 4584
22.7529761906
K= 4585
20.7039283501
K= 4586
8.81904761924
K= 4587
23.1972222222
K= 4588
505.333333334
K= 4589
193.497619048
K= 4590
42.5241073741
K= 4591
11652.9812934
K= 4592
13.163888889
K= 4593
4478.97142857
K= 4594
10.8939255191
K= 4595
490.9
K= 4596
20.7039283501
K= 4597
8537.36017094
K= 4598
199.116666667
K= 4599
4482.51666667
K= 4600
4936.0 , Degree=0
K= 4601
11.2000000002
K= 4602
4773.5007992
K= 4603
6.76465201483
K= 4604
44.4707306584
K= 4605
4909.76319967
K= 4606
200.083333333
K= 4607
144.0
K= 4608
9.97142857162
K= 4609
4668.53333333
K= 4610
82.5208957712
K= 4611
20.7039283501
K= 4612
4919.87802916
K= 4613
4291.75
K= 4614
12.516666667
K= 4615
4938.1702381
K= 4616
6.33333333337
K= 4617
6508.18649672
Betweenness Centrality Improvement
[  0.00000000e+00   0.00000000e+00   0.00000000e+00 ...,   6.33333333e+00
   6.50818650e+03   0.00000000e+00]
Top 20 BC Improvement
[4493 4282 4287 4498 4384 4209 3753 4501 4241 3647 4575 4591 3760 4035 4289
 4392 4293 4518 4172 3990]
Top 20 BC Improvement
[ 17870.76587302  17650.          17547.2         17154.          13419.13383838
  13417.14960317  11738.41385021  11728.86352311  11666.1854331
  11663.33759988  11654.34846274  11652.9812934   11649.94802412
  11647.06381601  11646.80836839  11645.7628336   11639.65743845
  11615.12056277   9747.36473341   9551.26655795]
