txValue= 10000
Input graph
IGRAPH D--- 4619 68733 -- 
+ attr: pub_key (v), base_fee (e), capacity (e), fee_rate (e), txCost (e)
None
Graph after edges deleted
IGRAPH D--- 4619 68697 -- 
+ attr: pub_key (v), base_fee (e), capacity (e), fee_rate (e), txCost (e)
None
Our nodes starting connections: 
(4618, 2796)
(4618, 1223)
(4618, 1163)
(4618, 498)
(4618, 3265)
(4618, 1589)
(4618, 4051)
(4618, 3246)
CurrentBC of our node:  1000815.22458
K= 2400
4603.0
K= 2401
4619.0
K= 2402
4852.91887171
K= 2403
171.0
K= 2404
4936.0 , Degree=0
K= 2405
145.0
K= 2406
12.6000000002
K= 2407
11.8666666668
K= 2408
4404.19302039
K= 2409
153.166666667
K= 2410
41.6722222223
K= 2411
11.5952380955
K= 2412
4479.63809524
K= 2413
4766.15463528
K= 2414
22.6721804513
K= 2415
8589.0
K= 2416
79.2985867434
K= 2417
24.0333333336
K= 2418
13287.6662168
K= 2419
4486.16190476
K= 2420
114.754401154
K= 2421
321.916666667
K= 2422
4375.23649627
K= 2423
8482.33333333
K= 2424
4291.75
K= 2425
1.63333333342
K= 2426
4972.21111111
K= 2427
4480.16190476
K= 2428
8591.66666667
K= 2429
219.583333333
K= 2430
134.0
K= 2431
669.037034625
K= 2432
6.9921568631
K= 2433
35.751388889
K= 2434
11648.8887641
K= 2435
4484.41991342
K= 2436
4876.46311328
K= 2437
4455.48483853
K= 2438
109.65
K= 2439
4479.21904762
K= 2440
353.404205307
K= 2441
9784.64761905
K= 2442
12.516666667
K= 2443
20.7039283501
K= 2444
11.2000000002
K= 2445
4475.29166667
K= 2446
6.2074314577
K= 2447
377.004816017
K= 2448
5134.07432403
K= 2449
15.63982684
K= 2450
4564.0
K= 2451
5705.7503788
K= 2452
8.4743930907
K= 2453
432.4
K= 2454
37.3298260511
K= 2455
4291.75
K= 2456
4936.0 , Degree=0
K= 2457
27.8601302863
K= 2458
7.68895636534
K= 2459
181.533333334
K= 2460
20.7039283501
K= 2461
199.007268171
K= 2462
8983.72229478
K= 2463
12.516666667
K= 2464
4936.0 , Degree=0
K= 2465
4818.1580223
K= 2466
398.383793821
K= 2467
4661.58333333
K= 2468
7.61343101354
K= 2469
20.7039283501
K= 2470
4872.78316579
K= 2471
4529.98531345
K= 2472
11.2000000002
K= 2473
4123.0
K= 2474
25.0333333336
K= 2475
22.6133699635
K= 2476
8.13315018336
K= 2477
124.247351668
K= 2478
19.9971906164
K= 2479
4476.3681203
K= 2480
4481.43333333
K= 2481
4604.0
K= 2482
4773.5007992
K= 2483
4490.70392835
K= 2484
4835.02317262
K= 2485
29.1444807238
K= 2486
4936.0 , Degree=0
K= 2487
23.4690616247
K= 2488
12.016666667
K= 2489
75.4819578085
K= 2490
160.15
K= 2491
4605.75079365
K= 2492
10.445331466
K= 2493
12.4333333336
K= 2494
8533.0
K= 2495
20.7039283501
K= 2496
11641.4483259
K= 2497
4490.70392835
K= 2498
4291.75
K= 2499
9.95357142878
K= 2500
20.7039283501
K= 2501
20.7039283501
K= 2502
8570.61538462
K= 2503
9.40000000014
K= 2504
20.7039283501
K= 2505
4490.70392835
K= 2506
10.0722222222
K= 2507
20.7039283501
K= 2508
28.6346473044
K= 2509
4883.35833333
K= 2510
4480.43333333
K= 2511
176.702020202
K= 2512
574.258333333
K= 2513
4774.1772307
K= 2514
4234.2
K= 2515
4543.5
K= 2516
249.0
K= 2517
37.3098751095
K= 2518
10.8132376397
K= 2519
20.7039283501
K= 2520
44.3585470086
K= 2521
4476.52540461
K= 2522
6.88184822432
K= 2523
144.0
K= 2524
4476.26240602
K= 2525
27.516666667
K= 2526
4786.00028251
K= 2527
2627.05352805
K= 2528
10.6273363893
K= 2529
4943.01666667
K= 2530
4847.00481602
K= 2531
20.2039283501
K= 2532
3428.77922038
K= 2533
4977.29126984
K= 2534
8.98247863259
K= 2535
4633.51519952
K= 2536
4135.16666667
K= 2537
219.583333333
K= 2538
4620.0
K= 2539
394.329533263
K= 2540
171.5
K= 2541
48.2039283501
K= 2542
4441.33730159
K= 2543
96.8015327851
K= 2544
8544.0
K= 2545
4871.17777778
K= 2546
4870.95668498
K= 2547
4867.79404762
K= 2548
116.0
K= 2549
4563.83333333
K= 2550
4936.0 , Degree=0
K= 2551
4291.75
K= 2552
4123.0
K= 2553
13.8185926977
K= 2554
6442.3397607
K= 2555
305.880088235
K= 2556
3599.76125098
K= 2557
4569.0
K= 2558
4492.86114739
K= 2559
4593.31462993
K= 2560
190.583333333
K= 2561
7.68650793657
K= 2562
21.385351675
K= 2563
24.6072701809
K= 2564
181.083333333
K= 2565
17650.0
K= 2566
15.2895604398
K= 2567
8592.0
K= 2568
165.5
K= 2569
139.0
K= 2570
4602.75079365
K= 2571
378.150944619
K= 2572
4893.98131036
K= 2573
8600.0
K= 2574
10.6380952382
K= 2575
16.1778362398
K= 2576
322.285508102
K= 2577
4397.57864358
K= 2578
4936.0 , Degree=0
K= 2579
8749.75
K= 2580
8593.0
K= 2581
29.7707509882
K= 2582
10.3333333334
K= 2583
4598.25
K= 2584
10.5721611723
K= 2585
445.937061287
K= 2586
8818.0
K= 2587
4887.31217949
K= 2588
27.8666666669
K= 2589
188.071905371
K= 2590
22.2597735038
K= 2591
4730.39324468
K= 2592
33.4963702174
K= 2593
10.0325757577
K= 2594
20.7039283501
K= 2595
98.2904761907
K= 2596
4605.75079365
K= 2597
4366.58098163
K= 2598
219.333333333
K= 2599
4437.0
K= 2600
409.69684251
K= 2601
390.397198464
K= 2602
11645.2534438
K= 2603
4917.46190476
K= 2604
5471.59018715
K= 2605
907.838160901
K= 2606
146.619047619
K= 2607
4291.75
K= 2608
21.9333333333
K= 2609
4609.5
K= 2610
383.840573565
K= 2611
70.362659563
K= 2612
20.6656846208
K= 2613
20.323809524
K= 2614
387.747641808
K= 2615
4769.18423087
K= 2616
12.0670995672
K= 2617
4773.5007992
K= 2618
4479.95357143
K= 2619
4936.0 , Degree=0
K= 2620
4123.0
K= 2621
172.0
K= 2622
9.03571428591
K= 2623
22.8611473903
K= 2624
8.89597069623
K= 2625
5105.81637252
K= 2626
4834.0
K= 2627
4936.0 , Degree=0
K= 2628
26.2625074274
K= 2629
19.4685221785
K= 2630
4846.0456761
K= 2631
4498.17570332
K= 2632
6013.61901986
K= 2633
4936.0 , Degree=0
K= 2634
5105.81637252
K= 2635
8582.0
K= 2636
4861.24399635
K= 2637
385.745505226
K= 2638
157.65
K= 2639
4797.75079365
K= 2640
4490.70392835
K= 2641
4291.75
K= 2642
315.090930221
K= 2643
11.8500000003
K= 2644
4129.5
K= 2645
11610.7943723
K= 2646
12.6000000002
K= 2647
4869.18333333
K= 2648
11.8666666668
K= 2649
130.0
K= 2650
4870.91201299
K= 2651
4481.8
K= 2652
4656.20054073
K= 2653
9.71666666679
K= 2654
194.783333334
K= 2655
27.0761904764
K= 2656
2259.35781346
K= 2657
146.083333333
K= 2658
31.5616418549
K= 2659
4756.41269004
K= 2660
391.967225078
K= 2661
104.05881384
K= 2662
4605.75079365
K= 2663
15.5518170898
K= 2664
4500.5
K= 2665
4783.70380818
K= 2666
459.946811522
K= 2667
34.383345242
K= 2668
10.1380952382
K= 2669
464.264044604
K= 2670
19.7737812913
K= 2671
25.059104095
K= 2672
4936.0 , Degree=0
K= 2673
4819.1580223
K= 2674
11.0119047621
K= 2675
39.0653594184
K= 2676
404.522598431
K= 2677
4.23454106285
K= 2678
4605.75079365
K= 2679
129.0
K= 2680
4123.0
K= 2681
559.258333333
K= 2682
11655.8229638
K= 2683
4291.75
K= 2684
4291.75
K= 2685
4479.16666667
K= 2686
8544.0
K= 2687
4291.75
K= 2688
23.2000000002
K= 2689
4819.1580223
K= 2690
247.41298702
K= 2691
8588.0
K= 2692
4558.0
K= 2693
270.280393626
K= 2694
4852.09866245
K= 2695
4642.1580223
K= 2696
36.62979798
K= 2697
4797.75079365
K= 2698
12.4333333336
K= 2699
11.5952380955
K= 2700
20.7039283501
K= 2701
4873.93156755
K= 2702
10.1380952382
K= 2703
26.7703425232
K= 2704
8419.33333333
K= 2705
11.8000000003
K= 2706
11.5952380955
K= 2707
8535.0
K= 2708
4597.04630647
K= 2709
20.7039283501
K= 2710
88.1270566853
K= 2711
8575.0
K= 2712
3156.50040276
K= 2713
10.0845238096
K= 2714
8.28826075885
K= 2715
42.4738095241
K= 2716
4838.9015873
K= 2717
4194.0
K= 2718
17.163517769
K= 2719
26.6867424245
K= 2720
4605.75079365
K= 2721
159.0
K= 2722
837.992857143
K= 2723
4123.0
K= 2724
8544.0
K= 2725
202.967434451
K= 2726
44.0635283426
K= 2727
4596.0
K= 2728
4482.55114943
K= 2729
327.750793651
K= 2730
384.158022298
K= 2731
4835.90841009
K= 2732
4824.983743
K= 2733
4476.5040107
K= 2734
4877.9015873
K= 2735
8593.0
K= 2736
147.0
K= 2737
4490.70392835
K= 2738
615.0
K= 2739
22.8611473903
K= 2740
219.583333333
K= 2741
28.5830565864
K= 2742
8.07222222222
K= 2743
20.7039283501
K= 2744
19.25
K= 2745
73.0
K= 2746
4291.75
K= 2747
35.9893106015
K= 2748
4819.1580223
K= 2749
4899.8547619
K= 2750
38.9062997501
K= 2751
4490.70392835
K= 2752
20.7039283501
K= 2753
114.333333333
K= 2754
8587.0
K= 2755
6414.00007832
K= 2756
4864.94077312
K= 2757
37.187546688
K= 2758
356.19882653
K= 2759
4936.0 , Degree=0
K= 2760
562.258333333
K= 2761
12.516666667
K= 2762
4843.92483994
K= 2763
38.6816239317
K= 2764
4799.1580223
K= 2765
7.51199813257
K= 2766
167.75
K= 2767
4840.51519952
K= 2768
7.03679653688
K= 2769
4757.65554029
K= 2770
8591.0
K= 2771
4588.0
K= 2772
10.5461700336
K= 2773
4476.44082166
K= 2774
18.4718409587
K= 2775
4936.0 , Degree=0
K= 2776
4480.95635965
K= 2777
4150.45937783
K= 2778
4896.12619048
K= 2779
4449.0
K= 2780
12.516666667
K= 2781
12.4666666669
K= 2782
32.7361905639
K= 2783
16.7150183151
K= 2784
4592.0
K= 2785
377.670913836
K= 2786
4490.70392835
K= 2787
8817.0
K= 2788
15.4393162394
K= 2789
22.8065072184
K= 2790
15.5305121024
K= 2791
8593.0
K= 2792
4936.0 , Degree=0
K= 2793
36.2697088782
K= 2794
12.4095238097
K= 2795
20.7039283501
K= 2796
31.6668963251
K= 2797
35.2299783551
K= 2798
7.54670329683
K= 2799
49.6568867707
K= 2800
15.1666666669
K= 2801
5706.73371214
K= 2802
8591.0
K= 2803
12.0445658073
K= 2804
4291.75
K= 2805
6.97696176381
K= 2806
4490.70392835
K= 2807
11.2000000002
K= 2808
20.7039283501
K= 2809
20.4418924392
K= 2810
4867.42378455
K= 2811
12.516666667
K= 2812
233.994554456
K= 2813
1069.08377073
K= 2814
4586.0
K= 2815
4291.75
K= 2816
12.2310843181
K= 2817
185.333333333
K= 2818
8595.0
K= 2819
4482.46666667
K= 2820
4564.69830257
K= 2821
4123.0
K= 2822
142.0
K= 2823
4597.0
K= 2824
9.86904761929
K= 2825
150.196129776
K= 2826
35.176236268
K= 2827
8376.0
K= 2828
21.5781177157
K= 2829
11.5248120301
K= 2830
4605.75079365
K= 2831
4291.75
K= 2832
4562.0
K= 2833
4496.70392835
K= 2834
4482.01666667
K= 2835
4936.0 , Degree=0
K= 2836
14870.5
K= 2837
445.745631031
K= 2838
5105.81637252
K= 2839
6508.18649672
K= 2840
4479.56666667
K= 2841
4917.06666667
K= 2842
542.573448773
K= 2843
217.083333333
K= 2844
9.44166666677
K= 2845
4387.0
K= 2846
126.933333333
K= 2847
22.3490453875
K= 2848
17.897799423
K= 2849
3946.47949457
K= 2850
10.161904762
K= 2851
139.0
K= 2852
369.296731459
K= 2853
8593.0
K= 2854
15.6569997054
K= 2855
4526.61245493
K= 2856
8944.36840659
K= 2857
139.369047619
K= 2858
6508.18649672
K= 2859
7.73836996348
K= 2860
614.0
K= 2861
41.4078566999
K= 2862
4539.0
K= 2863
6080.71615526
K= 2864
21.2039283501
K= 2865
5179.60241247
K= 2866
4123.0
K= 2867
376.845219638
K= 2868
41.899821747
K= 2869
26.5404175101
K= 2870
4479.31904762
K= 2871
310.850295006
K= 2872
4807.92483994
K= 2873
370.515199521
K= 2874
44.0635283428
K= 2875
394.582572833
K= 2876
4490.70392835
K= 2877
20.7039283501
K= 2878
20.7039283501
K= 2879
22.8611473903
K= 2880
4492.86114739
K= 2881
8593.0
K= 2882
317.933865933
K= 2883
4964.1
K= 2884
180.333333333
K= 2885
6811.49224749
K= 2886
22.8611473903
K= 2887
190.583333333
K= 2888
53.5813353317
K= 2889
21.3775965256
K= 2890
12.516666667
K= 2891
12.016666667
K= 2892
20.7039283501
K= 2893
982.817104063
K= 2894
4291.75
K= 2895
167.0
K= 2896
8260.64444444
K= 2897
434.801206237
K= 2898
349.844444445
K= 2899
321.494512216
K= 2900
174.0
K= 2901
8587.0
K= 2902
4614.0
K= 2903
44.0635283428
K= 2904
20.7039283501
K= 2905
4135.16666667
K= 2906
4123.0
K= 2907
11644.7240304
K= 2908
147.0
K= 2909
4565.0
K= 2910
800.334387352
K= 2911
4476.15842799
K= 2912
147.583333333
K= 2913
29.2622326206
K= 2914
4797.75079365
K= 2915
4808.42378455
K= 2916
12.516666667
K= 2917
206.583333333
K= 2918
4869.27630804
K= 2919
7.51666666684
K= 2920
4490.70392835
K= 2921
4936.0 , Degree=0
K= 2922
4917.06050061
K= 2923
20.7039283501
K= 2924
35.3908963586
K= 2925
9.86904761929
K= 2926
411.166666667
K= 2927
4632.83333333
K= 2928
190.616666667
K= 2929
7.19313725515
K= 2930
54.7548212897
K= 2931
16.2385081587
K= 2932
4490.70392835
K= 2933
4819.1580223
K= 2934
10.7619047621
K= 2935
461.20264188
K= 2936
22.8611473903
K= 2937
12.4095238097
K= 2938
235.155814631
K= 2939
39.5274547297
K= 2940
10.0666666668
K= 2941
4455.0
K= 2942
71.3175773794
K= 2943
12.516666667
K= 2944
15.50479798
K= 2945
4573.5007992
K= 2946
4123.0
K= 2947
4665.1580223
K= 2948
11.3666666668
K= 2949
20.7039283501
K= 2950
4443.75
K= 2951
25.0333333336
K= 2952
145.0
K= 2953
560.258333333
K= 2954
4673.34975857
K= 2955
9.56273911276
K= 2956
4291.75
K= 2957
4443.96316739
K= 2958
4123.0
K= 2959
53.9082967355
K= 2960
4677.06951786
K= 2961
5441.89172573
K= 2962
20.7039283501
K= 2963
4654.58333333
K= 2964
393.557299605
K= 2965
5.47325581394
K= 2966
8599.0
K= 2967
41.4078566999
K= 2968
183.90327503
K= 2969
4936.0 , Degree=0
K= 2970
4123.0
K= 2971
4808.01187819
K= 2972
4291.75
K= 2973
12.266666667
K= 2974
10.2245370372
K= 2975
20.7384111087
K= 2976
304.711518497
K= 2977
285.093826193
K= 2978
4522.0
K= 2979
20.7039283501
K= 2980
12.516666667
K= 2981
4445.0
K= 2982
20.7039283501
K= 2983
12.516666667
K= 2984
21.8611473903
K= 2985
8570.0
K= 2986
7.69188034197
K= 2987
4136.5
K= 2988
4803.75079365
K= 2989
4605.75079365
K= 2990
151.583333333
K= 2991
4291.75
K= 2992
20.7039283501
K= 2993
11.2000000002
K= 2994
14.7011494254
K= 2995
4487.2
K= 2996
181.65
K= 2997
3175.67541729
K= 2998
4784.34821559
K= 2999
4480.16190476
K= 3000
16.375
K= 3001
4122.0
K= 3002
12.8000000003
K= 3003
9.84444444464
K= 3004
4898.98344156
K= 3005
312.373477912
K= 3006
11.2000000002
K= 3007
4797.75079365
K= 3008
21.0793113421
K= 3009
39.0653594184
K= 3010
4873.42378455
K= 3011
641.668664534
K= 3012
4696.75833333
K= 3013
11.9453700322
K= 3014
20.2039283501
K= 3015
4847.00481602
K= 3016
4123.0
K= 3017
8.27792889089
K= 3018
23.7723238597
K= 3019
4132.32222222
K= 3020
4480.36666667
K= 3021
4698.09866245
K= 3022
18.3919413922
K= 3023
4909.76319967
K= 3024
405.011237341
K= 3025
139.267321085
K= 3026
30.3106102232
K= 3027
4824.9882871
K= 3028
8.94166666677
K= 3029
4443.75
K= 3030
4487.25
K= 3031
406.641666667
K= 3032
34.9436819174
K= 3033
34.8942981857
K= 3034
349.844444445
K= 3035
11.8666666668
K= 3036
330.000793651
K= 3037
4936.0 , Degree=0
K= 3038
4482.51666667
K= 3039
12.4333333336
K= 3040
11.2000000002
K= 3041
4605.75079365
K= 3042
4817.32899274
K= 3043
4605.75079365
K= 3044
8539.75
K= 3045
9.54600703868
K= 3046
4476.21500722
K= 3047
13.8091960672
K= 3048
4478.04592075
K= 3049
22.8611473903
K= 3050
423.565873016
K= 3051
11.8961038961
K= 3052
20.7039283501
K= 3053
11645.4514033
K= 3054
4479.25277778
K= 3055
4123.0
K= 3056
20.7039283501
K= 3057
4291.75
K= 3058
426.228968254
K= 3059
20.7039283501
K= 3060
4490.70392835
K= 3061
4878.35766733
K= 3062
290.816666667
K= 3063
4817.47619048
K= 3064
4123.0
K= 3065
4291.75
K= 3066
4589.0
K= 3067
23.3666666668
K= 3068
7.03140962787
K= 3069
191.583333333
K= 3070
4840.51519952
K= 3071
11.2000000002
K= 3072
8593.0
K= 3073
4936.0 , Degree=0
K= 3074
4936.0 , Degree=0
K= 3075
8.77291549044
K= 3076
10.161904762
K= 3077
33.8380952383
K= 3078
8593.0
K= 3079
4838.9015873
K= 3080
10.661904762
K= 3081
169.0
K= 3082
20.7039283501
K= 3083
4942.25277778
K= 3084
4291.75
K= 3085
21.2887386172
K= 3086
9.95357142878
K= 3087
12.016666667
K= 3088
4492.86114739
K= 3089
4157.0
K= 3090
3235.46602822
K= 3091
4838.9015873
K= 3092
8575.0
K= 3093
12.4095238097
K= 3094
219.583333333
K= 3095
22.8611473903
K= 3096
11.8666666668
K= 3097
11.3666666668
K= 3098
20.7039283501
K= 3099
37.3783160002
K= 3100
9.08571428596
K= 3101
45.7222947804
K= 3102
250.42857143
K= 3103
4842.42155117
K= 3104
19.7631224713
K= 3105
20.7039283501
K= 3106
82.5208957711
K= 3107
4779.50037273
K= 3108
8590.0
K= 3109
12.266666667
K= 3110
5068.59197725
K= 3111
4936.0 , Degree=0
K= 3112
4291.75
K= 3113
4227.0
K= 3114
37.980952381
K= 3115
12.016666667
K= 3116
11.8666666668
K= 3117
161.0
K= 3118
0.0
K= 3119
22.8611473903
K= 3120
4476.73776402
K= 3121
4125.36017094
K= 3122
7.21515151509
K= 3123
474.722222223
K= 3124
0.0
K= 3125
8600.0
K= 3126
448.593119336
K= 3127
4481.01666667
K= 3128
4858.39052753
K= 3129
70.1065621371
K= 3130
4840.51519952
K= 3131
2347.8546695
K= 3132
410.696838874
K= 3133
24.2557932264
K= 3134
9.52495543682
K= 3135
201.666666667
K= 3136
37.1953018412
K= 3137
11.8000000003
K= 3138
8626.0
K= 3139
4123.0
K= 3140
8587.5
K= 3141
20.7039283501
K= 3142
31.4000000003
K= 3143
4569.40530233
K= 3144
143.0
K= 3145
10.0325757577
K= 3146
219.583333333
K= 3147
4291.75
K= 3148
20.1660922412
K= 3149
326.994444444
K= 3150
21.5965642587
K= 3151
4918.73333333
K= 3152
209.333333333
K= 3153
122.0
K= 3154
4156.0
K= 3155
8600.0
K= 3156
20.7039283501
K= 3157
4607.0
K= 3158
20.7039283501
K= 3159
1044.28500407
K= 3160
148.0
K= 3161
4481.51666667
K= 3162
9.15714285732
K= 3163
4124.32222222
K= 3164
60.4624500502
K= 3165
8557.73552851
K= 3166
4777.64831549
K= 3167
36.918226121
K= 3168
4936.0 , Degree=0
K= 3169
7.68303870049
K= 3170
4619.0
K= 3171
51.6337126601
K= 3172
63.4338512792
K= 3173
4936.0 , Degree=0
K= 3174
30.3556571931
K= 3175
11.8666666668
K= 3176
4634.54814156
K= 3177
67.0817252278
K= 3178
20.3288613694
K= 3179
12.516666667
K= 3180
134.0
K= 3181
4156.0
K= 3182
11.8666666668
K= 3183
4819.1580223
K= 3184
449.452323654
K= 3185
144.0
K= 3186
22.9839285717
K= 3187
6.2590218595
K= 3188
34.1031852206
K= 3189
9.95357142878
K= 3190
6.6141774893
K= 3191
4936.0 , Degree=0
K= 3192
11639.8993106
K= 3193
4895.20508325
K= 3194
10.6380952382
K= 3195
4838.9015873
K= 3196
4953.8690078
K= 3197
8989.0
K= 3198
5.75013802631
K= 3199
4871.16860623
K= 3200
11.8500000003
K= 3201
13.3265873018
K= 3202
4135.16666667
K= 3203
9.00718355726
K= 3204
173.0
K= 3205
4801.42378455
K= 3206
4291.75
K= 3207
14.9195494866
K= 3208
4194.0
K= 3209
4936.0 , Degree=0
K= 3210
2889.50835502
K= 3211
559.258333333
K= 3212
87.7937233519
K= 3213
4291.75
K= 3214
145.0
K= 3215
160.816666667
K= 3216
4931.50044677
K= 3217
4291.75
K= 3218
9.58147049288
K= 3219
12.4174963927
K= 3220
7.5863247863
K= 3221
426.525417651
K= 3222
4604.85027473
K= 3223
345.255329109
K= 3224
51.639423077
K= 3225
12.516666667
K= 3226
186.333333333
K= 3227
8818.0
K= 3228
0.0
K= 3229
553.925
K= 3230
214.328823072
K= 3231
4807.28867244
K= 3232
4481.73333333
K= 3233
4877.51825397
K= 3234
5447.89172573
K= 3235
103.246012325
K= 3236
4936.0 , Degree=0
K= 3237
27.1056571931
K= 3238
4615.0
K= 3239
175.717461218
K= 3240
8593.0
K= 3241
13.6000000002
K= 3242
33.6175505053
K= 3243
89.7678571431
K= 3244
4877.9015873
K= 3245
5707.81704547
K= 3246
2.19722222234
K= 3247
4291.75
K= 3248
8575.0
K= 3249
4689.55457524
K= 3250
30.3556571931
K= 3251
219.583333333
K= 3252
12.516666667
K= 3253
12.516666667
K= 3254
4135.16666667
K= 3255
8953.45021645
K= 3256
20.0523809525
K= 3257
20.2039283501
K= 3258
33.149001652
K= 3259
20.8120800231
K= 3260
7.11984126992
K= 3261
4838.9015873
K= 3262
4479.00718356
K= 3263
4123.0
K= 3264
135.0
K= 3265
0.0
K= 3266
27.686609574
K= 3267
2853.70580586
K= 3268
12.8000000003
K= 3269
11.1333333337
K= 3270
4936.0 , Degree=0
K= 3271
7.1555555556
K= 3272
4605.75079365
K= 3273
478.494429182
K= 3274
111.0
K= 3275
4291.75
K= 3276
191.583333333
K= 3277
9.9396825399
K= 3278
9.18571428594
K= 3279
9.07500000019
K= 3280
282.881934812
K= 3281
20.7039283501
K= 3282
171.0
K= 3283
16.0767912139
K= 3284
4613.0
K= 3285
14.3157894738
K= 3286
8.66908831918
K= 3287
4868.06050061
K= 3288
8592.0
K= 3289
401.280808081
K= 3290
14.8452380955
K= 3291
18.4055555557
K= 3292
182.14710609
K= 3293
6.60351403244
K= 3294
46.6389975453
K= 3295
4123.0
K= 3296
4820.82823924
K= 3297
4274.0
K= 3298
530.145238095
K= 3299
20.7039283501
K= 3300
7.56343101349
K= 3301
21.2974296843
K= 3302
4291.75
K= 3303
4490.70392835
K= 3304
36.5117918989
K= 3305
4878.52916667
K= 3306
11.8000000003
K= 3307
327.750793651
K= 3308
155.5
K= 3309
4916.66666667
K= 3310
12.4095238097
K= 3311
82.5208957711
K= 3312
20.7039283501
K= 3313
4425.27868742
K= 3314
5105.81637252
K= 3315
9.65714285732
K= 3316
8583.0
K= 3317
20.2039283501
K= 3318
4773.5007992
K= 3319
147.0
K= 3320
7.81277056283
K= 3321
160.0
K= 3322
4291.75
K= 3323
7.55742296949
K= 3324
17.1258645379
K= 3325
9.84444444464
K= 3326
9.17777777789
K= 3327
17547.2
K= 3328
5.66666666686
K= 3329
19.6764705882
K= 3330
8.48268398293
K= 3331
615.0
K= 3332
4877.51825397
K= 3333
4588.0
K= 3334
4490.20392835
K= 3335
4156.0
K= 3336
15.6245746248
K= 3337
182.033333334
K= 3338
4591.41630592
K= 3339
4759.0
K= 3340
4500.46068605
K= 3341
301.086335404
K= 3342
4936.0 , Degree=0
K= 3343
4580.68333333
K= 3344
11.5952380955
K= 3345
160.15
K= 3346
4585.0
K= 3347
4476.43655844
K= 3348
350.653172931
K= 3349
17650.0
K= 3350
370.848257
K= 3351
4481.2
K= 3352
56.6304388423
K= 3353
20.7039283501
K= 3354
17650.0
K= 3355
19.3975714782
K= 3356
88.1932900434
K= 3357
8.35026315786
K= 3358
4619.5007992
K= 3359
46.3397148746
K= 3360
8392.5
K= 3361
4891.07605402
K= 3362
151.416666667
K= 3363
5701.8747491
K= 3364
4291.75
K= 3365
4291.75
K= 3366
20.7039283501
K= 3367
4873.68236671
K= 3368
10.0666666668
K= 3369
4477.0
K= 3370
4773.5007992
K= 3371
167.283333334
K= 3372
10.1380952382
K= 3373
180.0
K= 3374
469.279229104
K= 3375
4797.75079365
K= 3376
49.9245375588
K= 3377
4123.0
K= 3378
9.36904761929
K= 3379
4156.0
K= 3380
4490.70392835
K= 3381
4773.5007992
K= 3382
4796.75079365
K= 3383
4291.75
K= 3384
143.5
K= 3385
191.583333333
K= 3386
4867.42378455
K= 3387
4291.75
K= 3388
4291.75
K= 3389
676.628100466
K= 3390
21.5
K= 3391
6364.33034885
K= 3392
4123.0
K= 3393
369.024981092
K= 3394
67.4836639048
K= 3395
4793.24563103
K= 3396
219.583333333
K= 3397
4291.75
K= 3398
190.583333333
K= 3399
4274.0
K= 3400
4936.0 , Degree=0
K= 3401
4936.0 , Degree=0
K= 3402
4883.12448107
K= 3403
4919.83026777
K= 3404
4906.26468254
K= 3405
3623.10742218
K= 3406
3613.1191848
K= 3407
160.816666667
K= 3408
20.9874888476
K= 3409
8.36263736291
K= 3410
4884.45595238
K= 3411
12.516666667
K= 3412
9.26904761919
K= 3413
4482.6
K= 3414
4123.0
K= 3415
6.00935251033
K= 3416
548.615476191
K= 3417
6.86456140364
K= 3418
4490.70392835
K= 3419
20.7039283501
K= 3420
9.90726760018
K= 3421
6.45645363408
K= 3422
387.6712306
K= 3423
20.7039283501
K= 3424
4817.32899274
K= 3425
752.522480593
K= 3426
4847.00481602
K= 3427
6.56474850827
K= 3428
44.0635283428
K= 3429
6.33333333337
K= 3430
4867.42378455
K= 3431
6.9541549955
K= 3432
500.0
K= 3433
11.2000000002
K= 3434
33.1194677873
K= 3435
4504.38334524
K= 3436
8587.0
K= 3437
4591.0
K= 3438
4604.0
K= 3439
4291.75
K= 3440
4291.75
K= 3441
173.0
K= 3442
4490.70392835
K= 3443
11.2000000002
K= 3444
4936.0 , Degree=0
K= 3445
183.0
K= 3446
4936.0 , Degree=0
K= 3447
116.0
K= 3448
136.5
K= 3449
10.661904762
K= 3450
33.5535130745
K= 3451
4936.0 , Degree=0
K= 3452
35.4470167514
K= 3453
20.7039283501
K= 3454
505.258333333
K= 3455
4612.5
K= 3456
44.0635283428
K= 3457
12.016666667
K= 3458
4291.75
K= 3459
4490.70392835
K= 3460
4867.42378455
K= 3461
20.7039283501
K= 3462
4817.99143803
K= 3463
8593.0
K= 3464
9.82857142878
K= 3465
115.5
K= 3466
22.3475922117
K= 3467
4389.0
K= 3468
861.626605837
K= 3469
4291.75
K= 3470
13.465452848
K= 3471
12.3666666668
K= 3472
386.656262381
K= 3473
4874.09866245
K= 3474
13.0845238096
K= 3475
4291.75
K= 3476
8590.0
K= 3477
54.8780048351
K= 3478
16.266666667
K= 3479
7.04998547921
K= 3480
4773.5007992
K= 3481
393.421551171
K= 3482
160.0
K= 3483
9.00718355726
K= 3484
7.19632450887
K= 3485
14.8000000002
K= 3486
4478.4
K= 3487
4797.75079365
K= 3488
4605.75079365
K= 3489
20.7039283501
K= 3490
142.0
K= 3491
25.3019685693
K= 3492
4936.0 , Degree=0
K= 3493
526.990306598
K= 3494
4936.0 , Degree=0
K= 3495
4016.33333333
K= 3496
4796.98800505
K= 3497
5967.11454613
K= 3498
26.1833333336
K= 3499
4562.0
K= 3500
7.952991453
K= 3501
4696.37737124
K= 3502
4271.75
K= 3503
4156.0
K= 3504
4960.90555556
K= 3505
348.454004329
K= 3506
4918.83333333
K= 3507
4144.0
K= 3508
27.4095238097
K= 3509
20.7039283501
K= 3510
4899.08333333
K= 3511
37.4774031526
K= 3512
4291.75
K= 3513
4495.05910409
K= 3514
6.57922077947
K= 3515
12.6000000002
K= 3516
67.4836639048
K= 3517
11608.7175325
K= 3518
18.3480930835
K= 3519
8.25004162523
K= 3520
7.0
K= 3521
4291.75
K= 3522
20.7039283501
K= 3523
4291.75
K= 3524
558.1
K= 3525
20.6604500893
K= 3526
10.6380952382
K= 3527
8593.0
K= 3528
11.0952380955
K= 3529
4605.75079365
K= 3530
4486.39998785
K= 3531
406.285714286
K= 3532
4834.51015401
K= 3533
27.7793083524
K= 3534
81.983097216
K= 3535
11618.4986092
K= 3536
20.7039283501
K= 3537
4605.75079365
K= 3538
12.516666667
K= 3539
4793.24563103
K= 3540
11674.7470734
K= 3541
343.92421338
K= 3542
58.9208957712
K= 3543
162.890476191
K= 3544
4936.0 , Degree=0
K= 3545
186.65
K= 3546
4936.0 , Degree=0
K= 3547
4291.75
K= 3548
11.8666666668
K= 3549
20.7039283501
K= 3550
4797.75079365
K= 3551
12.6000000002
K= 3552
40.4078566999
K= 3553
20.7039283501
K= 3554
378.077707319
K= 3555
4490.70392835
K= 3556
4807.92483994
K= 3557
144.0
K= 3558
28.5261505722
K= 3559
4654.58333333
K= 3560
12.6000000002
K= 3561
12.9463477699
K= 3562
28.6139796848
K= 3563
4865.3740716
K= 3564
8949.05344079
K= 3565
4909.48809524
K= 3566
8.06904761912
K= 3567
408.03968254
K= 3568
384.158022298
K= 3569
8600.0
K= 3570
4291.75
K= 3571
4291.75
K= 3572
219.583333333
K= 3573
4862.48217893
K= 3574
4557.58828198
K= 3575
4896.41749639
K= 3576
4291.75
K= 3577
14.0458309808
K= 3578
165.583333333
K= 3579
61.4868131824
K= 3580
4123.0
K= 3581
86.5333333336
K= 3582
4888.07612943
K= 3583
4867.42378455
K= 3584
219.583333333
K= 3585
4479.86904762
K= 3586
4604.73690476
K= 3587
192.533333334
K= 3588
11.7083333334
K= 3589
10.9714285716
K= 3590
4535.5962234
K= 3591
320.123675752
K= 3592
4936.0 , Degree=0
K= 3593
8599.0
K= 3594
19.9880952383
K= 3595
4839.51519952
K= 3596
10.4801235367
K= 3597
187.0
K= 3598
4291.75
K= 3599
10.6380952382
K= 3600
41.0384872918
Betweenness Centrality Improvement
[ 0.  0.  0. ...,  0.  0.  0.]
Top 20 BC Improvement
[2565 3354 3349 3327 2836 2418 3540 2682 2434 3053 2602 2907 2496 3192 3535
 2645 3517 2441 3197 2462]
Top 20 BC Improvement
[ 17650.          17650.          17650.          17547.2         14870.5
  13287.66621679  11674.74707336  11655.82296375  11648.88876409
  11645.45140333  11645.25344378  11644.72403041  11641.44832594
  11639.89931065  11618.49860917  11610.79437229  11608.71753247
   9784.64761905   8989.           8983.72229478]
