txValue= 10000
Input graph
IGRAPH D--- 4619 68733 -- 
+ attr: pub_key (v), base_fee (e), capacity (e), fee_rate (e), txCost (e)
None
Graph after edges deleted
IGRAPH D--- 4619 68697 -- 
+ attr: pub_key (v), base_fee (e), capacity (e), fee_rate (e), txCost (e)
None
Our nodes starting connections: 
(4618, 2796)
(4618, 1223)
(4618, 1163)
CurrentBC of our node:  795981.35404
K= 2400
4594.0
K= 2401
4605.0
K= 2402
4834.59823679
K= 2403
133.0
K= 2404
4936.0 , Degree=0
K= 2405
135.0
K= 2406
11.5
K= 2407
10.7666666667
K= 2408
4393.40968705
K= 2409
116.5
K= 2410
23.9936507937
K= 2411
10.5000000001
K= 2412
4479.54285714
K= 2413
4749.01374104
K= 2414
5.62539682537
K= 2415
8623.0
K= 2416
78.4754762781
K= 2417
21.8333333333
K= 2418
13249.0434895
K= 2419
4480.06666667
K= 2420
94.3243145742
K= 2421
285.666666667
K= 2422
4362.00316293
K= 2423
8515.16666667
K= 2424
4325.75
K= 2425
0.633333333302
K= 2426
4943.2
K= 2427
4480.06666667
K= 2428
8624.66666667
K= 2429
176.083333333
K= 2430
125.0
K= 2431
668.519416584
K= 2432
5.8098039215
K= 2433
18.5847222222
K= 2434
11717.3887641
K= 2435
4484.28354978
K= 2436
4854.24922439
K= 2437
4444.85785441
K= 2438
102.65
K= 2439
4479.13571429
K= 2440
336.930497534
K= 2441
9740.78095238
K= 2442
11.4166666666
K= 2443
19.6487812911
K= 2444
10.1
K= 2445
4475.29166667
K= 2446
5.17436267412
K= 2447
357.648268398
K= 2448
5068.96205811
K= 2449
14.5398268398
K= 2450
4549.0
K= 2451
5607.47648827
K= 2452
7.43634961231
K= 2453
422.4
K= 2454
26.0720438079
K= 2455
4325.75
K= 2456
4936.0 , Degree=0
K= 2457
24.707519792
K= 2458
6.6248538011
K= 2459
166.866666667
K= 2460
19.6487812911
K= 2461
48.517982456
K= 2462
8982.42614676
K= 2463
11.4166666666
K= 2464
4936.0 , Degree=0
K= 2465
4801.94352304
K= 2466
377.631096681
K= 2467
4647.08333333
K= 2468
6.55299145298
K= 2469
19.6487812911
K= 2470
4852.01552787
K= 2471
4517.13531345
K= 2472
10.1
K= 2473
4156.0
K= 2474
22.8333333333
K= 2475
5.56863312121
K= 2476
7.06904761889
K= 2477
98.9854469062
K= 2478
18.966948681
K= 2479
4476.33145363
K= 2480
4481.33333333
K= 2481
4595.0
K= 2482
4755.96896159
K= 2483
4490.64878129
K= 2484
4819.49654924
K= 2485
26.451669872
K= 2486
4936.0 , Degree=0
K= 2487
19.4690616246
K= 2488
10.9166666667
K= 2489
71.1363228877
K= 2490
146.9
K= 2491
4591.51746032
K= 2492
9.38489190547
K= 2493
11.3333333334
K= 2494
8566.0
K= 2495
19.6487812911
K= 2496
11709.9918042
K= 2497
4490.64878129
K= 2498
4325.75
K= 2499
8.85833333328
K= 2500
19.6487812911
K= 2501
19.6487812911
K= 2502
8606.0
K= 2503
8.31071428559
K= 2504
19.6487812911
K= 2505
4490.64878129
K= 2506
9.00404040399
K= 2507
19.6487812911
K= 2508
27.4932257356
K= 2509
4863.28452381
K= 2510
4480.33333333
K= 2511
138.202020202
K= 2512
532.758333333
K= 2513
4758.75105289
K= 2514
4265.03333333
K= 2515
4531.5
K= 2516
232.0
K= 2517
35.284586509
K= 2518
9.75609478226
K= 2519
19.6487812911
K= 2520
41.1211111111
K= 2521
4475.49777537
K= 2522
5.83282861626
K= 2523
134.0
K= 2524
4476.22933723
K= 2525
10.4166666666
K= 2526
4769.59569442
K= 2527
2647.1664406
K= 2528
9.37586580077
K= 2529
4914.26666667
K= 2530
4828.6482684
K= 2531
19.1487812911
K= 2532
3451.36268961
K= 2533
4945.36746032
K= 2534
6.91429681412
K= 2535
4618.98662809
K= 2536
8599.0
K= 2537
176.083333333
K= 2538
4608.0
K= 2539
374.054247015
K= 2540
134.0
K= 2541
19.1487812911
K= 2542
4428.40634921
K= 2543
85.2659663188
K= 2544
8578.0
K= 2545
4852.71388889
K= 2546
4851.35119048
K= 2547
4847.60833333
K= 2548
108.0
K= 2549
4534.91666667
K= 2550
4936.0 , Degree=0
K= 2551
4325.75
K= 2552
4156.0
K= 2553
10.7700097016
K= 2554
6492.06915737
K= 2555
290.547783894
K= 2556
3628.77261461
K= 2557
4561.0
K= 2558
4492.21307338
K= 2559
4634.14897336
K= 2560
176.083333333
K= 2561
6.626068376
K= 2562
19.7326000204
K= 2563
22.4838935573
K= 2564
165.833333333
K= 2565
17626.0
K= 2566
14.1895604394
K= 2567
8626.0
K= 2568
128.0
K= 2569
129.0
K= 2570
4588.51746032
K= 2571
359.523728357
K= 2572
4871.18311688
K= 2573
8628.0
K= 2574
9.54285714286
K= 2575
13.1225777725
K= 2576
305.599321994
K= 2577
4385.84531025
K= 2578
4936.0 , Degree=0
K= 2579
8777.75
K= 2580
8627.0
K= 2581
26.5421795595
K= 2582
9.33333333326
K= 2583
4591.0
K= 2584
9.4769230769
K= 2585
428.224285503
K= 2586
8812.0
K= 2587
4858.86217949
K= 2588
25.3333333333
K= 2589
147.782379679
K= 2590
20.6004284441
K= 2591
4714.91824468
K= 2592
31.3005449637
K= 2593
8.94329004316
K= 2594
19.6487812911
K= 2595
93.1467032966
K= 2596
4591.51746032
K= 2597
4407.42313947
K= 2598
175.833333333
K= 2599
4429.0
K= 2600
363.423658286
K= 2601
371.002446536
K= 2602
11713.7534438
K= 2603
4890.2952381
K= 2604
5512.29773633
K= 2605
911.323573162
K= 2606
130.0
K= 2607
4325.75
K= 2608
19.7440476191
K= 2609
4601.5
K= 2610
365.028478414
K= 2611
66.0836913087
K= 2612
19.6105375618
K= 2613
18.1333333332
K= 2614
368.194447991
K= 2615
4752.26331403
K= 2616
11.067099567
K= 2617
4755.96896159
K= 2618
4479.85833333
K= 2619
4936.0 , Degree=0
K= 2620
4156.0
K= 2621
134.0
K= 2622
7.95238095219
K= 2623
21.2130733809
K= 2624
7.81263736251
K= 2625
5060.15707699
K= 2626
4812.0
K= 2627
4936.0 , Degree=0
K= 2628
24.0980052627
K= 2629
16.6936868688
K= 2630
4828.88884404
K= 2631
4497.37547847
K= 2632
6060.54780773
K= 2633
4936.0 , Degree=0
K= 2634
5060.15707699
K= 2635
8616.0
K= 2636
4841.65104318
K= 2637
367.813979442
K= 2638
145.4
K= 2639
4783.51746032
K= 2640
4490.64878129
K= 2641
4325.75
K= 2642
299.636810593
K= 2643
10.7500000001
K= 2644
8609.5
K= 2645
11679.1991342
K= 2646
11.5
K= 2647
4845.43333333
K= 2648
10.7666666667
K= 2649
119.0
K= 2650
4850.64801587
K= 2651
4481.7
K= 2652
4641.18098291
K= 2653
8.63888888888
K= 2654
173.866666667
K= 2655
9.03333333321
K= 2656
2243.23281346
K= 2657
129.5
K= 2658
29.7030602405
K= 2659
4739.81747468
K= 2660
372.373428391
K= 2661
94.1650653286
K= 2662
4591.51746032
K= 2663
13.4891572603
K= 2664
4492.5
K= 2665
4767.55027283
K= 2666
414.16529304
K= 2667
32.2559616778
K= 2668
9.04285714286
K= 2669
423.753971904
K= 2670
18.7737812911
K= 2671
23.4851763947
K= 2672
4936.0 , Degree=0
K= 2673
4802.94352304
K= 2674
9.91666666663
K= 2675
36.5181421912
K= 2676
385.522598431
K= 2677
3.20012547832
K= 2678
4591.51746032
K= 2679
120.0
K= 2680
4156.0
K= 2681
521.758333333
K= 2682
11724.3229638
K= 2683
4325.75
K= 2684
4325.75
K= 2685
4479.08333333
K= 2686
8578.0
K= 2687
4325.75
K= 2688
20.9999999999
K= 2689
4802.94352304
K= 2690
220.580672796
K= 2691
8622.0
K= 2692
4548.0
K= 2693
224.300343121
K= 2694
4831.89221612
K= 2695
4624.94352304
K= 2696
34.3388888889
K= 2697
4783.51746032
K= 2698
11.3333333334
K= 2699
10.5000000001
K= 2700
19.6487812911
K= 2701
4854.56225255
K= 2702
9.04285714286
K= 2703
25.5381996658
K= 2704
8451.33333333
K= 2705
10.7000000001
K= 2706
10.5
K= 2707
8570.0
K= 2708
4582.76297314
K= 2709
19.6487812911
K= 2710
84.8309086665
K= 2711
8609.0
K= 2712
3179.42175918
K= 2713
7.99523809517
K= 2714
7.22782119841
K= 2715
38.0746031745
K= 2716
4822.32142857
K= 2717
4228.0
K= 2718
14.0260818712
K= 2719
25.4867424242
K= 2720
4591.51746032
K= 2721
145.0
K= 2722
784.60952381
K= 2723
4156.0
K= 2724
8578.0
K= 2725
185.422247285
K= 2726
42.4154543332
K= 2727
4583.0
K= 2728
4482.41666667
K= 2729
312.517460317
K= 2730
366.943523036
K= 2731
4817.55724251
K= 2732
4807.53773187
K= 2733
4476.46288515
K= 2734
4861.32142857
K= 2735
8627.0
K= 2736
135.0
K= 2737
4490.64878129
K= 2738
578.0
K= 2739
21.2130733809
K= 2740
176.083333333
K= 2741
23.82313621
K= 2742
7.00404040399
K= 2743
19.6487812911
K= 2744
15.25
K= 2745
65.0
K= 2746
4325.75
K= 2747
32.8216172033
K= 2748
4802.94352304
K= 2749
4875.47142857
K= 2750
34.9062997499
K= 2751
4490.64878129
K= 2752
19.6487812911
K= 2753
107.333333333
K= 2754
8621.0
K= 2755
6460.86046638
K= 2756
4846.83521756
K= 2757
30.9917214343
K= 2758
339.509415502
K= 2759
4936.0 , Degree=0
K= 2760
523.758333333
K= 2761
11.4166666666
K= 2762
4826.45086096
K= 2763
36.361111111
K= 2764
4782.94352304
K= 2765
6.45155857212
K= 2766
153.25
K= 2767
4824.98662809
K= 2768
5.98777692881
K= 2769
4734.86607143
K= 2770
8624.0
K= 2771
4581.0
K= 2772
9.28367003356
K= 2773
4475.404155
K= 2774
17.4718409587
K= 2775
4936.0 , Degree=0
K= 2776
4480.88027269
K= 2777
4179.25980451
K= 2778
4873.19285714
K= 2779
4441.0
K= 2780
11.4166666666
K= 2781
11.3666666667
K= 2782
31.1786148062
K= 2783
15.5483516483
K= 2784
4582.0
K= 2785
359.776967967
K= 2786
4490.64878129
K= 2787
8811.0
K= 2788
12.3111111111
K= 2789
5.75503662997
K= 2790
13.4333034684
K= 2791
8627.0
K= 2792
4936.0 , Degree=0
K= 2793
32.2559616778
K= 2794
11.3095238095
K= 2795
19.6487812911
K= 2796
22.95
K= 2797
29.1585497835
K= 2798
6.4925366299
K= 2799
43.3116332609
K= 2800
13.0666666667
K= 2801
5607.45982161
K= 2802
8625.0
K= 2803
10.9672089533
K= 2804
4325.75
K= 2805
5.92549117538
K= 2806
4490.64878129
K= 2807
10.1
K= 2808
19.6487812911
K= 2809
19.1066224977
K= 2810
4847.68211788
K= 2811
11.4166666666
K= 2812
232.794554456
K= 2813
1068.02862367
K= 2814
4580.0
K= 2815
4325.75
K= 2816
11.1520329344
K= 2817
171.333333333
K= 2818
8621.0
K= 2819
4482.36666667
K= 2820
4551.58163591
K= 2821
4156.0
K= 2822
132.0
K= 2823
4588.0
K= 2824
8.78571428568
K= 2825
141.141963109
K= 2826
19.0368862459
K= 2827
8411.0
K= 2828
20.2974358974
K= 2829
10.4586744639
K= 2830
4591.51746032
K= 2831
4325.75
K= 2832
4553.0
K= 2833
4490.64878129
K= 2834
4481.91666667
K= 2835
4936.0 , Degree=0
K= 2836
14792.0
K= 2837
428.991441852
K= 2838
5060.15707699
K= 2839
6392.40797221
K= 2840
4479.47738095
K= 2841
4894.25
K= 2842
489.788833389
K= 2843
173.583333333
K= 2844
8.35238095233
K= 2845
4378.0
K= 2846
118.666666667
K= 2847
20.8373193754
K= 2848
14.8294233544
K= 2849
3977.09918321
K= 2850
9.06666666665
K= 2851
130.0
K= 2852
352.716852521
K= 2853
8627.0
K= 2854
14.5327082073
K= 2855
4512.13627648
K= 2856
8944.26007326
K= 2857
129.333333333
K= 2858
6392.40797221
K= 2859
6.68122710614
K= 2860
577.0
K= 2861
39.2975625824
K= 2862
4529.0
K= 2863
5955.12506939
K= 2864
19.6487812911
K= 2865
5132.69531957
K= 2866
4156.0
K= 2867
359.47252603
K= 2868
23.3606060605
K= 2869
13.9571783908
K= 2870
4479.23571429
K= 2871
294.427288152
K= 2872
4790.45086096
K= 2873
353.986628092
K= 2874
42.4154543332
K= 2875
375.058475706
K= 2876
4490.64878129
K= 2877
19.6487812911
K= 2878
19.6487812911
K= 2879
21.2130733809
K= 2880
4492.21307338
K= 2881
8627.0
K= 2882
302.979104028
K= 2883
4932.85
K= 2884
164.833333333
K= 2885
6864.91437562
K= 2886
21.2130733809
K= 2887
175.083333333
K= 2888
34.8657509157
K= 2889
20.0023761308
K= 2890
11.4166666666
K= 2891
10.9166666666
K= 2892
19.6487812911
K= 2893
981.761957004
K= 2894
4325.75
K= 2895
129.0
K= 2896
17240.0
K= 2897
409.847659783
K= 2898
331.344444444
K= 2899
301.419214597
K= 2900
135.0
K= 2901
8622.0
K= 2902
4605.0
K= 2903
42.4154543332
K= 2904
19.6487812911
K= 2905
8599.0
K= 2906
4156.0
K= 2907
11713.2240304
K= 2908
136.0
K= 2909
4553.0
K= 2910
749.984387352
K= 2911
4476.12739351
K= 2912
132.0
K= 2913
28.1622326203
K= 2914
4783.51746032
K= 2915
4788.68211788
K= 2916
11.4166666666
K= 2917
164.083333333
K= 2918
4849.63581785
K= 2919
5.47862318833
K= 2920
4490.64878129
K= 2921
4936.0 , Degree=0
K= 2922
4894.81150794
K= 2923
19.6487812911
K= 2924
30.1908963583
K= 2925
8.78571428568
K= 2926
352.166666667
K= 2927
4620.0
K= 2928
170.366666667
K= 2929
6.14166666649
K= 2930
40.4582095681
K= 2931
14.1103030302
K= 2932
4490.64878129
K= 2933
4802.94352304
K= 2934
9.66666666663
K= 2935
442.498964882
K= 2936
21.2130733809
K= 2937
11.3095238095
K= 2938
224.605657573
K= 2939
38.0679611681
K= 2940
8.97738095233
K= 2941
4447.0
K= 2942
60.7797026453
K= 2943
11.4166666666
K= 2944
12.4155122655
K= 2945
4556.96896159
K= 2946
4156.0
K= 2947
4649.94352304
K= 2948
10.2666666667
K= 2949
19.6487812911
K= 2950
4477.75
K= 2951
22.8333333333
K= 2952
135.0
K= 2953
522.758333333
K= 2954
4655.82549118
K= 2955
7.61551689054
K= 2956
4325.75
K= 2957
4431.67983405
K= 2958
4156.0
K= 2959
36.1981957253
K= 2960
4658.65163671
K= 2961
5363.31568902
K= 2962
19.6487812911
K= 2963
4640.08333333
K= 2964
372.802720834
K= 2965
4.47325581382
K= 2966
8627.0
K= 2967
39.2975625824
K= 2968
183.085656989
K= 2969
4936.0 , Degree=0
K= 2970
4156.0
K= 2971
4790.03445412
K= 2972
4325.75
K= 2973
11.1666666666
K= 2974
9.09953703696
K= 2975
19.6487812911
K= 2976
291.454996757
K= 2977
266.218826193
K= 2978
4502.0
K= 2979
19.6487812911
K= 2980
11.4166666666
K= 2981
4436.0
K= 2982
19.6487812911
K= 2983
11.4166666666
K= 2984
20.2130733809
K= 2985
8605.0
K= 2986
6.62777777773
K= 2987
8617.5
K= 2988
4783.51746032
K= 2989
4591.51746032
K= 2990
135.0
K= 2991
4325.75
K= 2992
19.6487812911
K= 2993
10.1
K= 2994
10.5
K= 2995
4481.1
K= 2996
140.65
K= 2997
3198.49157891
K= 2998
4769.47440607
K= 2999
4480.06666667
K= 3000
15.375
K= 3001
4155.0
K= 3002
10.7
K= 3003
8.76111111103
K= 3004
4873.9468254
K= 3005
296.352877898
K= 3006
10.1
K= 3007
4783.51746032
K= 3008
17.5734432234
K= 3009
36.5181421912
K= 3010
4847.68211788
K= 3011
595.860858948
K= 3012
4675.90833333
K= 3013
10.8663186486
K= 3014
19.1487812911
K= 3015
4828.6482684
K= 3016
4156.0
K= 3017
5.24486010778
K= 3018
22.3961333835
K= 3019
8621.0
K= 3020
4480.26666667
K= 3021
4678.89221612
K= 3022
17.2252747252
K= 3023
4885.57867586
K= 3024
385.50418552
K= 3025
143.500654418
K= 3026
27.4412060161
K= 3027
4806.89439821
K= 3028
7.86388888885
K= 3029
4477.75
K= 3030
4480.25
K= 3031
385.325
K= 3032
32.9436819172
K= 3033
31.6572536511
K= 3034
331.344444444
K= 3035
10.7666666667
K= 3036
314.767460317
K= 3037
4936.0 , Degree=0
K= 3038
4482.41666667
K= 3039
11.3333333334
K= 3040
10.1
K= 3041
4591.51746032
K= 3042
4799.34492016
K= 3043
4591.51746032
K= 3044
8574.75
K= 3045
8.5139873341
K= 3046
4476.18193843
K= 3047
11.7156288156
K= 3048
4477.98181818
K= 3049
21.2130733809
K= 3050
398.846825397
K= 3051
8.83566433564
K= 3052
19.6487812911
K= 3053
11713.9514033
K= 3054
4479.16349206
K= 3055
4156.0
K= 3056
19.6487812911
K= 3057
4325.75
K= 3058
402.00515873
K= 3059
19.6487812911
K= 3060
4490.64878129
K= 3061
4858.56645854
K= 3062
289.733333333
K= 3063
4799.92619048
K= 3064
4156.0
K= 3065
4325.75
K= 3066
4580.0
K= 3067
22.1666666666
K= 3068
5.98462600191
K= 3069
176.083333333
K= 3070
4824.98662809
K= 3071
10.1
K= 3072
8627.0
K= 3073
4936.0 , Degree=0
K= 3074
4936.0 , Degree=0
K= 3075
6.71247592987
K= 3076
9.06666666665
K= 3077
32.6825396825
K= 3078
8627.0
K= 3079
4822.32142857
K= 3080
9.56666666665
K= 3081
132.0
K= 3082
19.6487812911
K= 3083
4915.29166667
K= 3084
4325.75
K= 3085
18.7575558213
K= 3086
8.85833333328
K= 3087
10.9166666666
K= 3088
4492.21307338
K= 3089
4190.0
K= 3090
3254.06674972
K= 3091
4822.32142857
K= 3092
8609.0
K= 3093
11.3095238095
K= 3094
176.083333333
K= 3095
21.2130733809
K= 3096
10.7666666667
K= 3097
10.2666666667
K= 3098
19.6487812911
K= 3099
30.2524559528
K= 3100
8.00793650793
K= 3101
42.4261467617
K= 3102
233.833333334
K= 3103
4823.70723552
K= 3104
18.7287309368
K= 3105
19.6487812911
K= 3106
35.7393772893
K= 3107
4763.96189234
K= 3108
8624.0
K= 3109
11.1666666666
K= 3110
5033.0774627
K= 3111
4936.0 , Degree=0
K= 3112
4325.75
K= 3113
4221.0
K= 3114
35.6000000001
K= 3115
10.9166666666
K= 3116
10.7666666667
K= 3117
147.0
K= 3118
52878.0
K= 3119
21.2130733809
K= 3120
4476.35764706
K= 3121
8623.0
K= 3122
6.16098484839
K= 3123
447.844444445
K= 3124
52878.0
K= 3125
8628.0
K= 3126
422.072620093
K= 3127
4481.91666667
K= 3128
4836.44465812
K= 3129
49.5833333333
K= 3130
4824.98662809
K= 3131
2363.50042973
K= 3132
407.581354358
K= 3133
20.2557932263
K= 3134
6.22348484828
K= 3135
175.166666667
K= 3136
30.2994765877
K= 3137
10.7
K= 3138
8661.0
K= 3139
4156.0
K= 3140
8621.5
K= 3141
19.6487812911
K= 3142
13.9771929824
K= 3143
4554.81193657
K= 3144
134.0
K= 3145
8.94329004316
K= 3146
176.083333333
K= 3147
4325.75
K= 3148
19.1228021978
K= 3149
311.238492063
K= 3150
20.3196735022
K= 3151
4889.55
K= 3152
165.833333333
K= 3153
114.0
K= 3154
4190.0
K= 3155
8628.0
K= 3156
19.6487812911
K= 3157
4599.0
K= 3158
19.6487812911
K= 3159
1075.60385789
K= 3160
137.0
K= 3161
4481.41666667
K= 3162
8.07936507929
K= 3163
4149.0
K= 3164
43.3719738594
K= 3165
8591.73552851
K= 3166
4762.42591424
K= 3167
34.9182261208
K= 3168
4936.0 , Degree=0
K= 3169
6.62589584314
K= 3170
4605.0
K= 3171
51.6337126599
K= 3172
50.1179061135
K= 3173
4936.0 , Degree=0
K= 3174
21.3961333835
K= 3175
10.7666666667
K= 3176
4616.00766537
K= 3177
64.4176749829
K= 3178
18.2352941176
K= 3179
11.4166666666
K= 3180
125.0
K= 3181
4190.0
K= 3182
10.7666666667
K= 3183
4802.94352304
K= 3184
448.615926595
K= 3185
134.0
K= 3186
19.8283730159
K= 3187
5.22595307638
K= 3188
18.3531852204
K= 3189
8.85833333328
K= 3190
5.5761340108
K= 3191
4936.0 , Degree=0
K= 3192
11708.3993106
K= 3193
4872.58603563
K= 3194
9.54285714286
K= 3195
4822.32142857
K= 3196
4927.66695652
K= 3197
8964.0
K= 3198
4.72936507931
K= 3199
4851.71634199
K= 3200
10.7499999999
K= 3201
11.7373015871
K= 3202
8599.0
K= 3203
7.61551689054
K= 3204
135.0
K= 3205
4781.68211788
K= 3206
4325.75
K= 3207
12.7720238095
K= 3208
4228.0
K= 3209
4936.0 , Degree=0
K= 3210
2871.05183654
K= 3211
521.758333333
K= 3212
84.4975753332
K= 3213
4325.75
K= 3214
135.0
K= 3215
147.483333333
K= 3216
4956.92922639
K= 3217
4325.75
K= 3218
8.55384125898
K= 3219
10.9897655962
K= 3220
6.52222222206
K= 3221
403.164842671
K= 3222
4590.61694139
K= 3223
344.96756717
K= 3224
43.2435897435
K= 3225
11.4166666666
K= 3226
171.333333333
K= 3227
8812.0
K= 3228
52878.0
K= 3229
516.425
K= 3230
203.967224709
K= 3231
4791.55963203
K= 3232
4472.0
K= 3233
4857.12777778
K= 3234
5363.31568902
K= 3235
84.7281551817
K= 3236
4936.0 , Degree=0
K= 3237
24.7294667169
K= 3238
4606.0
K= 3239
168.301340999
K= 3240
8627.0
K= 3241
11.5
K= 3242
22.3333333333
K= 3243
60.0083333333
K= 3244
4861.32142857
K= 3245
5609.54315494
K= 3246
22335.7444444
K= 3247
4325.75
K= 3248
8609.0
K= 3249
4674.020678
K= 3250
22.3961333835
K= 3251
176.083333333
K= 3252
11.4166666666
K= 3253
11.4166666666
K= 3254
8599.0
K= 3255
8953.3047619
K= 3256
18.4523809524
K= 3257
19.1487812911
K= 3258
29.6798840048
K= 3259
18.7843489305
K= 3260
6.05940170935
K= 3261
4822.32142857
K= 3262
4478.61551689
K= 3263
4156.0
K= 3264
127.0
K= 3265
52878.0
K= 3266
22.3961333835
K= 3267
2862.18047467
K= 3268
10.7
K= 3269
10.0333333333
K= 3270
4936.0 , Degree=0
K= 3271
6.08737373736
K= 3272
4591.51746032
K= 3273
449.629960318
K= 3274
104.0
K= 3275
4325.75
K= 3276
176.083333333
K= 3277
8.8444444444
K= 3278
8.10793650779
K= 3279
7.99722222215
K= 3280
304.958651356
K= 3281
19.6487812911
K= 3282
133.0
K= 3283
13.4977848033
K= 3284
4604.0
K= 3285
12.2222222221
K= 3286
6.54408831906
K= 3287
4846.81150794
K= 3288
8627.0
K= 3289
382.971717172
K= 3290
13.7500000001
K= 3291
16.4055555556
K= 3292
181.091959031
K= 3293
5.56398834067
K= 3294
36.7452490338
K= 3295
4156.0
K= 3296
4803.98313851
K= 3297
4307.0
K= 3298
4960.28333333
K= 3299
19.6487812911
K= 3300
6.50299145293
K= 3301
19.6404437179
K= 3302
4325.75
K= 3303
4490.64878129
K= 3304
31.3666540178
K= 3305
4858.44880952
K= 3306
10.7
K= 3307
312.517460317
K= 3308
134.0
K= 3309
4889.08333333
K= 3310
11.3095238095
K= 3311
35.7393772893
K= 3312
19.6487812911
K= 3313
4410.01202076
K= 3314
5060.15707699
K= 3315
7.57936507929
K= 3316
8617.0
K= 3317
19.1487812911
K= 3318
4755.96896159
K= 3319
111.0
K= 3320
6.75233100227
K= 3321
147.0
K= 3322
4325.75
K= 3323
6.50595238083
K= 3324
15.046813154
K= 3325
8.76111111115
K= 3326
8.09444444429
K= 3327
17581.0
K= 3328
4.33333333326
K= 3329
18.6764705882
K= 3330
7.40995670983
K= 3331
578.0
K= 3332
4857.12777778
K= 3333
4581.0
K= 3334
4490.14878129
K= 3335
4190.0
K= 3336
11.98000148
K= 3337
167.366666667
K= 3338
4578.18297258
K= 3339
4740.0
K= 3340
4498.19474089
K= 3341
264.086335404
K= 3342
4936.0 , Degree=0
K= 3343
4568.9
K= 3344
10.5
K= 3345
147.9
K= 3346
4578.0
K= 3347
4476.39989177
K= 3348
336.42232045
K= 3349
17626.0
K= 3350
352.289354402
K= 3351
4481.1
K= 3352
46.8730757375
K= 3353
19.6487812911
K= 3354
17626.0
K= 3355
18.3631799435
K= 3356
87.1099567098
K= 3357
5.31359649124
K= 3358
4602.96896159
K= 3359
37.6982696529
K= 3360
8426.5
K= 3361
4868.22605402
K= 3362
135.0
K= 3363
5597.41919898
K= 3364
4325.75
K= 3365
4325.75
K= 3366
19.6487812911
K= 3367
4853.93142043
K= 3368
8.97738095233
K= 3369
4477.0
K= 3370
4755.96896159
K= 3371
147.366666667
K= 3372
9.04285714286
K= 3373
165.0
K= 3374
423.497710623
K= 3375
4783.51746032
K= 3376
47.1620416639
K= 3377
4156.0
K= 3378
8.28571428568
K= 3379
4190.0
K= 3380
4490.64878129
K= 3381
4755.96896159
K= 3382
4782.51746032
K= 3383
4325.75
K= 3384
134.0
K= 3385
176.083333333
K= 3386
4847.68211788
K= 3387
4325.75
K= 3388
4325.75
K= 3389
630.527884015
K= 3390
4.5
K= 3391
6415.0495864
K= 3392
4156.0
K= 3393
346.357266746
K= 3394
63.4699167042
K= 3395
4777.49144185
K= 3396
176.083333333
K= 3397
4325.75
K= 3398
175.083333333
K= 3399
4307.0
K= 3400
4936.0 , Degree=0
K= 3401
4936.0 , Degree=0
K= 3402
4859.74035409
K= 3403
4894.3579623
K= 3404
4882.52301587
K= 3405
3642.9455293
K= 3406
3635.98078852
K= 3407
147.483333333
K= 3408
19.552317101
K= 3409
7.29445554432
K= 3410
4861.62857143
K= 3411
11.4166666666
K= 3412
7.53571428568
K= 3413
4482.5
K= 3414
4156.0
K= 3415
4.98172327667
K= 3416
512.11547619
K= 3417
5.81777777767
K= 3418
4490.64878129
K= 3419
19.6487812911
K= 3420
8.54536283819
K= 3421
5.41841015581
K= 3422
368.403396351
K= 3423
19.6487812911
K= 3424
4799.34492016
K= 3425
706.506195945
K= 3426
4828.6482684
K= 3427
5.52522281639
K= 3428
42.4154543333
K= 3429
5.33333333326
K= 3430
4847.68211788
K= 3431
5.90941815323
K= 3432
463.0
K= 3433
10.1
K= 3434
15.7528011203
K= 3435
4503.25596168
K= 3436
8622.0
K= 3437
4579.0
K= 3438
4595.0
K= 3439
4325.75
K= 3440
4325.75
K= 3441
135.0
K= 3442
4490.64878129
K= 3443
10.1
K= 3444
4936.0 , Degree=0
K= 3445
168.0
K= 3446
4936.0 , Degree=0
K= 3447
109.0
K= 3448
125.5
K= 3449
9.56666666665
K= 3450
31.3576878208
K= 3451
4936.0 , Degree=0
K= 3452
33.4470167514
K= 3453
19.6487812911
K= 3454
468.758333333
K= 3455
4604.0
K= 3456
42.4154543333
K= 3457
10.9166666666
K= 3458
4325.75
K= 3459
4490.64878129
K= 3460
4847.68211788
K= 3461
19.6487812911
K= 3462
4800.11753619
K= 3463
8621.0
K= 3464
8.73333333328
K= 3465
108.0
K= 3466
21.0642588782
K= 3467
4382.0
K= 3468
848.584745372
K= 3469
4325.75
K= 3470
11.379738562
K= 3471
10.2666666667
K= 3472
369.135623361
K= 3473
4853.89221612
K= 3474
10.9952380952
K= 3475
4325.75
K= 3476
8624.0
K= 3477
48.6142884787
K= 3478
14.1666666666
K= 3479
5.99851489079
K= 3480
4755.96896159
K= 3481
373.707235517
K= 3482
146.0
K= 3483
7.61551689054
K= 3484
6.14215784206
K= 3485
13.7
K= 3486
4477.31071429
K= 3487
4783.51746032
K= 3488
4591.51746032
K= 3489
19.6487812911
K= 3490
133.0
K= 3491
20.1815384616
K= 3492
4936.0 , Degree=0
K= 3493
524.575341154
K= 3494
4936.0 , Degree=0
K= 3495
4045.16666667
K= 3496
4779.16924603
K= 3497
5866.38035501
K= 3498
24.9833333333
K= 3499
4553.0
K= 3500
6.88888888876
K= 3501
4677.39707515
K= 3502
4305.75
K= 3503
4190.0
K= 3504
4927.60555556
K= 3505
329.752813853
K= 3506
4894.83333333
K= 3507
4178.0
K= 3508
10.3095238095
K= 3509
19.6487812911
K= 3510
4871.25
K= 3511
35.3817682319
K= 3512
4325.75
K= 3513
4494.48517639
K= 3514
5.53809523804
K= 3515
11.5
K= 3516
63.4699167042
K= 3517
11677.1603896
K= 3518
16.1936813185
K= 3519
5.9615800865
K= 3520
6.0
K= 3521
4325.75
K= 3522
19.6487812911
K= 3523
4325.75
K= 3524
525.166666667
K= 3525
19.6053030302
K= 3526
9.54285714286
K= 3527
8627.0
K= 3528
10.0
K= 3529
4591.51746032
K= 3530
4474.73973144
K= 3531
386.0
K= 3532
4814.8633365
K= 3533
25.8910983744
K= 3534
75.0872719621
K= 3535
11686.9605657
K= 3536
19.6487812911
K= 3537
4591.51746032
K= 3538
11.4166666666
K= 3539
4777.49144185
K= 3540
11743.2905516
K= 3541
329.165880047
K= 3542
39.1393772893
K= 3543
135.746428572
K= 3544
4936.0 , Degree=0
K= 3545
145.4
K= 3546
4936.0 , Degree=0
K= 3547
4325.75
K= 3548
10.7666666667
K= 3549
19.6487812911
K= 3550
4783.51746032
K= 3551
11.5
K= 3552
39.2975625824
K= 3553
19.6487812911
K= 3554
359.058355415
K= 3555
4490.64878129
K= 3556
4790.45086096
K= 3557
135.0
K= 3558
26.4028216951
K= 3559
4640.08333333
K= 3560
11.5
K= 3561
11.8434065933
K= 3562
11.4868055284
K= 3563
4845.40037879
K= 3564
8948.99818232
K= 3565
4879.83452381
K= 3566
7.00086580066
K= 3567
386.477777778
K= 3568
366.943523036
K= 3569
8628.0
K= 3570
4325.75
K= 3571
4325.75
K= 3572
176.083333333
K= 3573
4843.91789322
K= 3574
4543.62161531
K= 3575
4872.95559163
K= 3576
4325.75
K= 3577
12.9249518597
K= 3578
145.0
K= 3579
52.4806429779
K= 3580
4156.0
K= 3581
78.8333333334
K= 3582
4867.26819292
K= 3583
4847.68211788
K= 3584
176.083333333
K= 3585
4479.78571429
K= 3586
4590.50357143
K= 3587
176.866666667
K= 3588
10.6190476189
K= 3589
8.87619047612
K= 3590
4533.55113959
K= 3591
302.505170885
K= 3592
4936.0 , Degree=0
K= 3593
8627.0
K= 3594
18.8214285714
K= 3595
4824.98662809
K= 3596
8.44345686992
K= 3597
145.0
K= 3598
4325.75
K= 3599
9.54285714286
K= 3600
39.3904132823
Betweenness Centrality Improvement
[ 0.  0.  0. ...,  0.  0.  0.]
Top 20 BC Improvement
[3124 3228 3265 3118 3246 3354 2565 3349 3327 2896 2836 2418 3540 2682 2434
 3053 2602 2907 2496 3192]
Top 20 BC Improvement
[ 52878.          52878.          52878.          52878.          22335.74444444
  17626.          17626.          17626.          17581.          17240.
  14792.          13249.04348952  11743.29055163  11724.32296375
  11717.38876409  11713.95140333  11713.75344378  11713.22403041
  11709.9918042   11708.39931065]
