txValue= 10000
Input graph
IGRAPH D--- 4619 68733 -- 
+ attr: pub_key (v), base_fee (e), capacity (e), fee_rate (e), txCost (e)
None
Graph after edges deleted
IGRAPH D--- 4619 68697 -- 
+ attr: pub_key (v), base_fee (e), capacity (e), fee_rate (e), txCost (e)
None
Our nodes starting connections: 
(4618, 2796)
(4618, 1223)
(4618, 1163)
(4618, 498)
(4618, 3265)
(4618, 1589)
(4618, 4051)
CurrentBC of our node:  978477.480135
K= 0
21.6034018927
K= 1
9.26666666672
K= 2
12.4095238096
K= 3
96.0351301475
K= 4
288.0
K= 5
4490.70392835
K= 6
143.0
K= 7
15.5714285715
K= 8
4481.09494949
K= 9
13.3766233767
K= 10
4128.0
K= 11
13.1620046648
K= 12
210.583333333
K= 13
20.20392835
K= 14
25.0333333334
K= 15
369.727027027
K= 16
20.20392835
K= 17
4936.0 , Degree=0
K= 18
7.63895636529
K= 19
26.5383699634
K= 20
19.70392835
K= 21
12.4095238096
K= 22
4696.09866245
K= 23
209.583333333
K= 24
4475.26279307
K= 25
7.70684822428
K= 26
12.5166666667
K= 27
23.3666666668
K= 28
4532.39058062
K= 29
12.5166666667
K= 30
20.70392835
K= 31
1268.63844839
K= 32
936.956960281
K= 33
11.9095238096
K= 34
22.8557950219
K= 35
19.3238095237
K= 36
8596.0
K= 37
8.86904761905
K= 38
4503.61303688
K= 39
9.23015873029
K= 40
4842.37476755
K= 41
8549.0
K= 42
8595.375
K= 43
6.92456140358
K= 44
9.56273911265
K= 45
4479.95357143
K= 46
4327.0
K= 47
12.6000000001
K= 48
193.416666667
K= 49
4560.0
K= 50
24.5346994076
K= 51
4665.1580223
K= 52
19.8624891884
K= 53
23.5933537928
K= 54
22.9333333335
K= 55
4856.90841009
K= 56
4622.0
K= 57
20.70392835
K= 58
12.4095238096
K= 59
4795.75079365
K= 60
4521.65202703
K= 61
33.3057382953
K= 62
38.6534090909
K= 63
5101.7636836
K= 64
26.3157937663
K= 65
4831.36625768
K= 66
3572.0511737
K= 67
4860.61351426
K= 68
210.083333333
K= 69
33.8194436841
K= 70
4845.06951786
K= 71
6568.72152884
K= 72
4778.07903646
K= 73
4478.68571429
K= 74
6.5143106319
K= 75
12.5166666667
K= 76
8597.59422748
K= 77
4296.75
K= 78
4479.4952381
K= 79
4128.0
K= 80
55.6666666667
K= 81
4837.9882871
K= 82
4913.20357143
K= 83
4875.8015873
K= 84
29.9000904962
K= 85
9.56666666665
K= 86
4487.97184096
K= 87
4482.43333333
K= 88
4470.33333333
K= 89
4744.05901756
K= 90
367.525
K= 91
24.5333333334
K= 92
534.11547619
K= 93
45.7222947803
K= 94
20.70392835
K= 95
52.6980031078
K= 96
495.617073245
K= 97
4798.07211313
K= 98
11.9732142858
K= 99
8.41904761922
K= 100
5658.31299634
K= 101
4481.01190476
K= 102
9.31904761912
K= 103
9.0238095239
K= 104
4597.7521978
K= 105
4603.75079365
K= 106
4490.70392835
K= 107
66.7473002683
K= 108
4593.0
K= 109
165.4
K= 110
38.5611565891
K= 111
4936.0 , Degree=0
K= 112
4490.70392835
K= 113
8.89395871584
K= 114
12.4333333335
K= 115
20.6604500891
K= 116
4834.65999001
K= 117
4296.75
K= 118
4885.78288263
K= 119
12.5166666667
K= 120
528.733908209
K= 121
20.8705950166
K= 122
5230.23840168
K= 123
1034.36457431
K= 124
4936.0 , Degree=0
K= 125
115.0
K= 126
6.18750311004
K= 127
375.287559652
K= 128
24.4690049503
K= 129
10.9136904762
K= 130
31.7391129725
K= 131
4507.35240315
K= 132
4490.70392835
K= 133
7.43958215695
K= 134
20.70392835
K= 135
14.5016233767
K= 136
20.8150394611
K= 137
9.375
K= 138
11640.2851371
K= 139
760.222756195
K= 140
4759.32003824
K= 141
542.813106754
K= 142
4296.75
K= 143
11.5223292591
K= 144
20.6604500891
K= 145
4553.86380124
K= 146
11.7253968255
K= 147
12.4397754422
K= 148
11.3690476192
K= 149
4449.75079365
K= 150
4855.72734386
K= 151
19.8833333333
K= 152
6374.39093399
K= 153
4617.5007992
K= 154
4531.55985681
K= 155
4936.0 , Degree=0
K= 156
4.67424242431
K= 157
159.0
K= 158
8598.0
K= 159
321.896334586
K= 160
4478.24404762
K= 161
8605.0
K= 162
4853.74550523
K= 163
8961.70392835
K= 164
461.459126985
K= 165
19.20392835
K= 166
12.0166666667
K= 167
110.673711986
K= 168
4770.82609714
K= 169
155.15
K= 170
8595.0
K= 171
12.5108585859
K= 172
44.0635283425
K= 173
12.4333333335
K= 174
76.4282387494
K= 175
12.0952380954
K= 176
4795.75079365
K= 177
4770.5007992
K= 178
179.611111111
K= 179
4128.0
K= 180
6.61904761917
K= 181
4936.0 , Degree=0
K= 182
6.65612945391
K= 183
31.2546231546
K= 184
7.0
K= 185
4629.0
K= 186
8598.0
K= 187
11.8666666667
K= 188
4936.0 , Degree=0
K= 189
6.98836996336
K= 190
4199.0
K= 191
135.0
K= 192
4614.0
K= 193
4884.19761905
K= 194
15.6125038114
K= 195
4128.0
K= 196
8777.14285714
K= 197
28.142857143
K= 198
36.9570645854
K= 199
40.2000000001
K= 200
112.0
K= 201
4476.4504902
K= 202
76.4282387494
K= 203
4601.75079365
K= 204
1258.47338289
K= 205
11.8666666667
K= 206
4936.0 , Degree=0
K= 207
11.8666666667
K= 208
13.0035714287
K= 209
8605.0
K= 210
11.8666666667
K= 211
5.30553405569
K= 212
142.0
K= 213
11.8666666667
K= 214
9.86904761917
K= 215
4199.0
K= 216
11.9666666668
K= 217
20.7311651608
K= 218
4695.0
K= 219
33.5199701467
K= 220
2847.2208462
K= 221
11.0
K= 222
128.188001867
K= 223
4199.0
K= 224
4479.61904762
K= 225
12.5166666667
K= 226
10.5721611723
K= 227
4612.0
K= 228
4647.74690809
K= 229
4384.39285714
K= 230
4785.08546236
K= 231
4622.75833333
K= 232
190.533333333
K= 233
364.028669647
K= 234
25.7410703213
K= 235
503.436886724
K= 236
20.70392835
K= 237
143.0
K= 238
4828.8015873
K= 239
2629.62226916
K= 240
4870.78316579
K= 241
21.2666666666
K= 242
7.452991453
K= 243
20.70392835
K= 244
20.70392835
K= 245
8598.0
K= 246
4623.65
K= 247
4828.19098124
K= 248
4771.5007992
K= 249
4635.99624233
K= 250
564.258333333
K= 251
6.09456784558
K= 252
189.583333333
K= 253
4316.0
K= 254
4296.75
K= 255
4936.0 , Degree=0
K= 256
11.8666666667
K= 257
395.069517864
K= 258
28.1131313131
K= 259
23.90392835
K= 260
15.5162382064
K= 261
167.0
K= 262
4936.0 , Degree=0
K= 263
189.583333333
K= 264
5101.7636836
K= 265
13.4333333335
K= 266
10.0952380953
K= 267
20.1615777338
K= 268
10.0071835571
K= 269
10.0666666667
K= 270
4615.0
K= 271
4161.0
K= 272
4486.16190476
K= 273
4936.0 , Degree=0
K= 274
4476.6547619
K= 275
43.6298212897
K= 276
33.1369264505
K= 277
4490.70392835
K= 278
4932.92294089
K= 279
20.70392835
K= 280
4161.0
K= 281
24.2000000002
K= 282
33.9976309561
K= 283
8549.0
K= 284
4906.5
K= 285
4712.51786815
K= 286
12.4095238096
K= 287
2706.29617783
K= 288
419.547619048
K= 289
4481.76666667
K= 290
28.5993520397
K= 291
4490.70392835
K= 292
4599.75079365
K= 293
11.2000000001
K= 294
18.5292219274
K= 295
8.34900793643
K= 296
5449.12354008
K= 297
4162.0
K= 298
8597.0
K= 299
155.0
K= 300
23.6690476191
K= 301
4566.0
K= 302
34.5738095238
K= 303
33.6850131818
K= 304
4936.0 , Degree=0
K= 305
22.3038758492
K= 306
4486.90598291
K= 307
14.5714285716
K= 308
20.70392835
K= 309
177.083333333
K= 310
4296.75
K= 311
4586.0
K= 312
4816.25570399
K= 313
205.9
K= 314
4549.49285714
K= 315
4546.0
K= 316
33.4626723152
K= 317
4936.0 , Degree=0
K= 318
148.0
K= 319
21.1454545455
K= 320
7.09848484863
K= 321
328.434410685
K= 322
8598.0
K= 323
4939.10992064
K= 324
4868.03968254
K= 325
4296.75
K= 326
4848.56587302
K= 327
13.2023809525
K= 328
7.15265151521
K= 329
8.41904761922
K= 330
26.4083333334
K= 331
4618.0
K= 332
4936.0 , Degree=0
K= 333
11.8000000002
K= 334
65.4930175432
K= 335
4479.00718356
K= 336
30.6224220577
K= 337
4603.75079365
K= 338
11.8000000002
K= 339
26.0333333334
K= 340
12.4095238096
K= 341
11662.78763
K= 342
8593.0
K= 343
11.5510883064
K= 344
5.40326728055
K= 345
4587.0
K= 346
4155.16666667
K= 347
4477.96648352
K= 348
4284.6
K= 349
10.7000000001
K= 350
12.4095238096
K= 351
41.6825248412
K= 352
22.7541264091
K= 353
87.9500000003
K= 354
20.0985719833
K= 355
4296.75
K= 356
8598.0
K= 357
4296.75
K= 358
9.16161616158
K= 359
4155.16666667
K= 360
177.083333333
K= 361
9.29353979358
K= 362
4489.17647059
K= 363
19.2857142858
K= 364
11674.6051429
K= 365
4850.09866245
K= 366
361.319584493
K= 367
4128.0
K= 368
5101.7636836
K= 369
9.04444444459
K= 370
4936.0 , Degree=0
K= 371
40.3436052682
K= 372
8.68571428582
K= 373
4683.28589466
K= 374
4848.32953326
K= 375
378.085250297
K= 376
4489.0
K= 377
20.1060281385
K= 378
12.4333333335
K= 379
12.5166666667
K= 380
7.01431609318
K= 381
20.70392835
K= 382
4482.40952381
K= 383
11.3666666667
K= 384
33.5166666667
K= 385
4490.70392835
K= 386
4478.48571429
K= 387
8575.61538462
K= 388
3403.70679116
K= 389
8254.0
K= 390
14.6500000001
K= 391
586.450049278
K= 392
4128.0
K= 393
9.56666666665
K= 394
4936.0 , Degree=0
K= 395
4490.70392835
K= 396
27.6866095739
K= 397
4128.0
K= 398
4644.5
K= 399
4953.88333333
K= 400
22.8611473901
K= 401
12.4570318571
K= 402
4490.70392835
K= 403
4479.4952381
K= 404
4619.0
K= 405
439.932382837
K= 406
8598.5
K= 407
409.239810238
K= 408
11.0
K= 409
4936.0 , Degree=0
K= 410
4876.52916667
K= 411
4771.5007992
K= 412
4904.08333333
K= 413
4936.0 , Degree=0
K= 414
11.3
K= 415
13.511904762
K= 416
12424.4666667
K= 417
286.218826193
K= 418
20.70392835
K= 419
11659.6260457
K= 420
20.6216772993
K= 421
4491.86996882
K= 422
48.1793907161
K= 423
4625.0
K= 424
4645.25
K= 425
4490.70392835
K= 426
75.3780386281
K= 427
375.004816017
K= 428
203.893620906
K= 429
11.2000000001
K= 430
43.5635283425
K= 431
4855.48217893
K= 432
8.8619047621
K= 433
492.176227484
K= 434
162.0
K= 435
8254.0
K= 436
5439.1443969
K= 437
10.511904762
K= 438
9.04444444459
K= 439
4490.70392835
K= 440
321.750793651
K= 441
20.70392835
K= 442
10.0952380953
K= 443
200.333333333
K= 444
52.8192982456
K= 445
4579.0
K= 446
8598.0
K= 447
4665.1580223
K= 448
9.9714285715
K= 449
155.0
K= 450
4936.0 , Degree=0
K= 451
4882.07612943
K= 452
15.6444444444
K= 453
4548.34642857
K= 454
4290.5
K= 455
4836.8015873
K= 456
4936.0 , Degree=0
K= 457
4853.10956256
K= 458
37.277845178
K= 459
4490.70392835
K= 460
4128.0
K= 461
4161.0
K= 462
4492.86114739
K= 463
4482.40952381
K= 464
4836.8015873
K= 465
16.3187013293
K= 466
4722.3
K= 467
144.0
K= 468
20.70392835
K= 469
12.5166666667
K= 470
33.0689542484
K= 471
12.0166666667
K= 472
8.27222222218
K= 473
12.0722222221
K= 474
9.92857142864
K= 475
4865.42378455
K= 476
4771.5007992
K= 477
4490.70392835
K= 478
9.40000000002
K= 479
360.131507127
K= 480
69.2376595627
K= 481
20.70392835
K= 482
4843.43158369
K= 483
19.2848707477
K= 484
3556.93938257
K= 485
8598.0
K= 486
4795.75079365
K= 487
1330.58512544
K= 488
8418.66666667
K= 489
8604.0
K= 490
8604.0
K= 491
4619.0
K= 492
4296.75
K= 493
3581.59455301
K= 494
8.91904761922
K= 495
44.486288097
K= 496
8598.0
K= 497
144.916666667
K= 498
6.35599688522
K= 499
20.70392835
K= 500
25.0333333334
K= 501
4489.89956007
K= 502
7.01862843044
K= 503
4474.60656214
K= 504
56.8833333333
K= 505
4859.85396132
K= 506
141.0
K= 507
189.583333333
K= 508
4909.21904762
K= 509
395.069517864
K= 510
4742.22568422
K= 511
385.105604834
K= 512
4838.51519952
K= 513
1051.1826092
K= 514
140.5
K= 515
25.4059422751
K= 516
4128.0
K= 517
9.47636363655
K= 518
4806.42378455
K= 519
12.4666666668
K= 520
4479.16666667
K= 521
34.1223109864
K= 522
4837.9882871
K= 523
9.36904761917
K= 524
45.1163419914
K= 525
4788.65571983
K= 526
4866.79404762
K= 527
130.0
K= 528
4848.22224026
K= 529
131.0
K= 530
10.5721611723
K= 531
4805.92483994
K= 532
4871.42378455
K= 533
20.70392835
K= 534
4490.70392835
K= 535
4490.70392835
K= 536
54.1780386282
K= 537
10.5952380953
K= 538
4848.32953326
K= 539
146.0
K= 540
28.6768932235
K= 541
35.5301809303
K= 542
11.8500000001
K= 543
4896.98344156
K= 544
40.5310539253
K= 545
4127.0
K= 546
30.3556571929
K= 547
8583.0
K= 548
6541.12488772
K= 549
20.70392835
K= 550
6.53333333344
K= 551
1135.1443969
K= 552
4894.33511158
K= 553
8594.0
K= 554
165.0
K= 555
70.3077836607
K= 556
148.0
K= 557
20.70392835
K= 558
4805.42378455
K= 559
4618.0
K= 560
163.0
K= 561
141.433333333
K= 562
4598.42015599
K= 563
4836.8015873
K= 564
8951.58398763
K= 565
204.083333333
K= 566
4296.75
K= 567
10.2842352092
K= 568
4490.70392835
K= 569
327.939815474
K= 570
414.335924703
K= 571
4793.03650794
K= 572
147.0
K= 573
77.8500000001
K= 574
124.25
K= 575
4842.37476755
K= 576
158.15
K= 577
12.0166666667
K= 578
473.109920636
K= 579
208.857142857
K= 580
31.0283613446
K= 581
9.81828324683
K= 582
4490.70392835
K= 583
278.791269841
K= 584
33.6130368839
K= 585
139.0
K= 586
4558.0
K= 587
6347.18145094
K= 588
203.083333333
K= 589
17.9348039215
K= 590
20.70392835
K= 591
4602.5
K= 592
296.333333333
K= 593
4886.02222222
K= 594
9317.16666667
K= 595
20.70392835
K= 596
12.4666666668
K= 597
370.567261262
K= 598
6.46963118576
K= 599
210.583333333
K= 600
4482.43333333
K= 601
678.109967059
K= 602
373.56319737
K= 603
4816.00396967
K= 604
4807.34014525
K= 605
4481.5952381
K= 606
4828.70847853
K= 607
4296.75
K= 608
8.71994949493
K= 609
20.3273767564
K= 610
4128.0
K= 611
4296.75
K= 612
4473.34423957
K= 613
4841.57201742
K= 614
5055.45
K= 615
145.0
K= 616
4140.16666667
K= 617
21.4
K= 618
12.5166666667
K= 619
4882.45595238
K= 620
158.15
K= 621
20.6604500891
K= 622
26.7666666667
K= 623
154.783333333
K= 624
4913.6
K= 625
509.982236228
K= 626
163.0
K= 627
8.88225108245
K= 628
4167.6625
K= 629
4140.16666667
K= 630
8596.5
K= 631
4126.0
K= 632
44.0635283425
K= 633
4785.51519952
K= 634
4906.5
K= 635
5431.69995245
K= 636
4936.94574315
K= 637
956.369916601
K= 638
4600.61050779
K= 639
9613.08249154
K= 640
8575.61538462
K= 641
4881.4572713
K= 642
50.0666666667
K= 643
9.99999999988
K= 644
4795.75079365
K= 645
158.0
K= 646
156.52160352
K= 647
4863.04676435
K= 648
4836.8015873
K= 649
4346.66666667
K= 650
5562.0136079
K= 651
25.2690631807
K= 652
6515.88240544
K= 653
310.414430807
K= 654
19.2478937728
K= 655
4296.75
K= 656
20.70392835
K= 657
4128.0
K= 658
11.2000000001
K= 659
4936.0 , Degree=0
K= 660
4846.44257473
K= 661
461.498944533
K= 662
107.455234482
K= 663
6274.91031425
K= 664
7109.8283925
K= 665
4795.75079365
K= 666
20.70392835
K= 667
145.0
K= 668
4578.65571983
K= 669
12.2898954704
K= 670
20.70392835
K= 671
1021.28853263
K= 672
4610.0
K= 673
10.9357142858
K= 674
62.9560079066
K= 675
22.2251929742
K= 676
4805.95719697
K= 677
386.908410087
K= 678
87.7222947803
K= 679
20.70392835
K= 680
4771.5007992
K= 681
13430.9857143
K= 682
17.9098039215
K= 683
36.7603241918
K= 684
4590.0
K= 685
210.583333333
K= 686
9.04329004337
K= 687
344.382141737
K= 688
4882.14880952
K= 689
368.05495377
K= 690
4765.92483994
K= 691
4923.23333333
K= 692
7.00528309401
K= 693
4296.75
K= 694
12.5166666667
K= 695
2573.47937755
K= 696
12.6000000001
K= 697
11644.628079
K= 698
4296.75
K= 699
20.70392835
K= 700
4892.93808201
K= 701
702.583408779
K= 702
4479.56666667
K= 703
9.67167919804
K= 704
4490.70392835
K= 705
22.70392835
K= 706
8583.0
K= 707
4296.75
K= 708
133.0
K= 709
10.0845238095
K= 710
4936.0 , Degree=0
K= 711
12.4095238096
K= 712
4128.0
K= 713
77.8820871147
K= 714
4624.0
K= 715
8588.0
K= 716
13.5166666667
K= 717
4756.18333333
K= 718
4483.40952381
K= 719
12.5166666667
K= 720
9.10531280271
K= 721
4128.0
K= 722
12.5166666667
K= 723
2537.99269969
K= 724
51.3424242425
K= 725
19.6764705882
K= 726
5695.31095453
K= 727
314.0
K= 728
4694.75833333
K= 729
44.0635283425
K= 730
12.6000000001
K= 731
4872.09866245
K= 732
4849.94605125
K= 733
210.583333333
K= 734
25.45
K= 735
4476.23917749
K= 736
4479.86904762
K= 737
4816.19098124
K= 738
164.0
K= 739
603.642857143
K= 740
4893.12252192
K= 741
11.8666666667
K= 742
4525.52750228
K= 743
10.6913419913
K= 744
4613.0
K= 745
4481.2
K= 746
10.761904762
K= 747
20.70392835
K= 748
5694.88146735
K= 749
78.6333333333
K= 750
7.4820688084
K= 751
13.9000407
K= 752
276.379761905
K= 753
4839.37476755
K= 754
11667.1987956
K= 755
22.8611473901
K= 756
119.583333333
K= 757
607.0
K= 758
2651.83180669
K= 759
169.7
K= 760
175.083333333
K= 761
4724.88205856
K= 762
8597.0
K= 763
4936.0 , Degree=0
K= 764
8605.0
K= 765
20.2301425664
K= 766
4128.0
K= 767
20.70392835
K= 768
81.1997638824
K= 769
9.52107244602
K= 770
4853.10956256
K= 771
4490.81908257
K= 772
27.6833333333
K= 773
376.500799201
K= 774
30.0699429072
K= 775
4489.99719062
K= 776
20.70392835
K= 777
8598.0
K= 778
4644.60995671
K= 779
136.5
K= 780
13.9952380954
K= 781
4487.47184096
K= 782
4402.75079365
K= 783
10.6971390813
K= 784
5064.80165944
K= 785
4865.42378455
K= 786
19.249849946
K= 787
106.5
K= 788
21.9333333335
K= 789
7.0
K= 790
10.8690476192
K= 791
4918.73809524
K= 792
450.78963259
K= 793
451.472190614
K= 794
6.60828877008
K= 795
143.0
K= 796
4676.13764657
K= 797
199.592261905
K= 798
8544.75
K= 799
325.750793651
K= 800
4765.92483994
K= 801
4161.0
K= 802
4490.70392835
K= 803
9.56273911265
K= 804
4478.97108597
K= 805
12.0166666667
K= 806
6.41474591638
K= 807
19.7940419229
K= 808
197.116666667
K= 809
4482.01666667
K= 810
4882.45595238
K= 811
4128.0
K= 812
8.67662337667
K= 813
5693.46290674
K= 814
210.333333333
K= 815
4161.0
K= 816
165.99752886
K= 817
4296.75
K= 818
4478.64795472
K= 819
4488.47184096
K= 820
4659.58333333
K= 821
164.0
K= 822
4936.0 , Degree=0
K= 823
12.5166666667
K= 824
4832.93234215
K= 825
27.6000000001
K= 826
383.593572631
K= 827
6061.030961
K= 828
15.3603174604
K= 829
150.229761905
K= 830
109.5
K= 831
144.0
K= 832
14.9361111111
K= 833
20.70392835
K= 834
10.4952380953
K= 835
20.70392835
K= 836
4491.86114739
K= 837
32.6585081586
K= 838
31.9999999997
K= 839
9.9714285715
K= 840
8598.0
K= 841
134.0
K= 842
657.942460317
K= 843
27.6111473902
K= 844
4476.54711566
K= 845
4490.70392835
K= 846
7.20265151514
K= 847
4781.87326433
K= 848
189.583333333
K= 849
4128.0
K= 850
11.8666666667
K= 851
143.0
K= 852
23.0333333334
K= 853
4791.22568422
K= 854
11647.5583742
K= 855
5190.66046176
K= 856
12.4095238096
K= 857
12.5166666667
K= 858
20.20392835
K= 859
165.0
K= 860
36.2187149399
K= 861
306.223410186
K= 862
8542.5
K= 863
7.08516483521
K= 864
12.5166666667
K= 865
42.0345596782
K= 866
4620.0
K= 867
4128.0
K= 868
4936.0 , Degree=0
K= 869
4479.31904762
K= 870
4603.75079365
K= 871
6211.96427051
K= 872
20.70392835
K= 873
117.0
K= 874
44.0635283425
K= 875
20.70392835
K= 876
33.3489435323
K= 877
4925.53459596
K= 878
4795.75079365
K= 879
4847.45
K= 880
2747.88974898
K= 881
133.5
K= 882
8.27110389608
K= 883
4490.70392835
K= 884
4490.70392835
K= 885
11.0166666667
K= 886
4747.0
K= 887
4490.70392835
K= 888
387.561111111
K= 889
33.4666666667
K= 890
8.90000000002
K= 891
4233.60040508
K= 892
7.6154021417
K= 893
79.119750219
K= 894
143.0
K= 895
4876.03968254
K= 896
9.00718355714
K= 897
4662.518288
K= 898
4629.0
K= 899
20.70392835
K= 900
17.6145299145
K= 901
145.0
K= 902
4161.0
K= 903
4296.75
K= 904
9.56273911265
K= 905
5326.61507047
K= 906
9.86904761917
K= 907
6.10687742359
K= 908
13.7387163562
K= 909
4882.07612943
K= 910
11.8000000002
K= 911
197.116666667
K= 912
210.583333333
K= 913
369.174246363
K= 914
4396.0
K= 915
384.51959292
K= 916
8605.0
K= 917
4682.8015873
K= 918
4490.70392835
K= 919
214.673443996
K= 920
8.18333333323
K= 921
4865.06951786
K= 922
8605.0
K= 923
210.583333333
K= 924
6756.0806612
K= 925
9.27500000002
K= 926
12.4333333335
K= 927
945.005181223
K= 928
185.511904762
K= 929
20.70392835
K= 930
18.7903828199
K= 931
9.20995670999
K= 932
7.67539682542
K= 933
35.0371602941
K= 934
20.1660922411
K= 935
9.31904761912
K= 936
8605.0
K= 937
21.06102064
K= 938
556.361694678
K= 939
4865.42378455
K= 940
8592.0
K= 941
20.70392835
K= 942
5101.7636836
K= 943
415.345238095
K= 944
4909.52157096
K= 945
54.3011155513
K= 946
19.70392835
K= 947
31.0981979405
K= 948
4814.85
K= 949
8575.61538462
K= 950
10.0325757576
K= 951
20.70392835
K= 952
4489.67647059
K= 953
517.695238095
K= 954
4296.75
K= 955
4867.67907482
K= 956
133.0
K= 957
4482.40952381
K= 958
12.5166666667
K= 959
28.6991664453
K= 960
9.47665852669
K= 961
5439.03328578
K= 962
165.0
K= 963
11.8500000001
K= 964
4871.68236671
K= 965
8544.75
K= 966
4490.70392835
K= 967
4128.0
K= 968
4490.07040742
K= 969
22.8611473901
K= 970
8.68571428582
K= 971
487.853593662
K= 972
4795.75079365
K= 973
76.4282387494
K= 974
8575.61538462
K= 975
4449.75079365
K= 976
139.75
K= 977
8.94166666677
K= 978
4659.58333333
K= 979
56.863133212
K= 980
4161.0
K= 981
4795.75079365
K= 982
8.68571428582
K= 983
4936.0 , Degree=0
K= 984
4477.62051671
K= 985
424.891807498
K= 986
382.35824288
K= 987
431.246895032
K= 988
4128.0
K= 989
81.1997638824
K= 990
4656.2
K= 991
9.33333333337
K= 992
8605.0
K= 993
20.4492063493
K= 994
11.8500000001
K= 995
23.1066503259
K= 996
36.9754190255
K= 997
10.161904762
K= 998
4481.86666667
K= 999
206.583333333
K= 1000
4296.75
K= 1001
8598.0
K= 1002
8371.29647407
K= 1003
9.86904761917
K= 1004
12.4095238096
K= 1005
20.70392835
K= 1006
53.8239979033
K= 1007
3533.21495297
K= 1008
5.8673164905
K= 1009
4936.0 , Degree=0
K= 1010
4614.0
K= 1011
34.2833452418
K= 1012
6606.12543699
K= 1013
4296.75
K= 1014
2507.23254183
K= 1015
8596.0
K= 1016
11.5952380954
K= 1017
4612.0
K= 1018
4490.70392835
K= 1019
8575.61538462
K= 1020
8580.0
K= 1021
4296.75
K= 1022
4859.85396132
K= 1023
4582.03110513
K= 1024
11.3500000001
K= 1025
34.0632292466
K= 1026
4480.0952381
K= 1027
4868.91201299
K= 1028
890.369359784
K= 1029
4936.0 , Degree=0
K= 1030
3597.10317408
K= 1031
4999.8452381
K= 1032
12.4095238096
K= 1033
374.213651115
K= 1034
7.72510822525
K= 1035
4613.0
K= 1036
10.0527777778
K= 1037
20.70392835
K= 1038
49.8021909954
K= 1039
4.09999999998
K= 1040
12.2190476191
K= 1041
8598.0
K= 1042
6.51013090357
K= 1043
6245.35781346
K= 1044
8815.2
K= 1045
405.766666667
K= 1046
4296.75
K= 1047
63.2407254507
K= 1048
4476.24839397
K= 1049
65.1296532095
K= 1050
4140.16666667
K= 1051
20.70392835
K= 1052
8598.0
K= 1053
14.5070818071
K= 1054
4386.02147808
K= 1055
4504.0
K= 1056
6208.35781346
K= 1057
351.13601918
K= 1058
439.111466057
K= 1059
9.9714285715
K= 1060
12.3815476191
K= 1061
20.1764705882
K= 1062
11.8666666667
K= 1063
147.0
K= 1064
37.1425557641
K= 1065
4850.67907482
K= 1066
93.3214646465
K= 1067
423.62886904
K= 1068
9.56666666665
K= 1069
4768.00481602
K= 1070
10.161904762
K= 1071
4905.96526251
K= 1072
4621.53333333
K= 1073
22.3849569139
K= 1074
4477.49603175
K= 1075
4696.09866245
K= 1076
15.0186868687
K= 1077
20.70392835
K= 1078
8.5532828283
K= 1079
4602.0452381
K= 1080
20.7384111086
K= 1081
7.18333333347
K= 1082
11.8666666667
K= 1083
146.0
K= 1084
4875.8015873
K= 1085
11.011904762
K= 1086
4870.78316579
K= 1087
4875.8015873
K= 1088
12.5166666667
K= 1089
549.829771874
K= 1090
4863.3740716
K= 1091
9.99523809529
K= 1092
35.361156589
K= 1093
4936.0 , Degree=0
K= 1094
2708.88391416
K= 1095
39.8632671761
K= 1096
4908.94776335
K= 1097
4490.70392835
K= 1098
452.07730015
K= 1099
4936.0 , Degree=0
K= 1100
19.6764705882
K= 1101
4618.29975887
K= 1102
741.368615264
K= 1103
5001.11190476
K= 1104
103.668272283
K= 1105
4891.18542152
K= 1106
9.83333333337
K= 1107
8590.0
K= 1108
4936.0 , Degree=0
K= 1109
4960.57420635
K= 1110
18.309467787
K= 1111
8591.0
K= 1112
4836.8015873
K= 1113
1161.42449326
K= 1114
20.70392835
K= 1115
8.08571428584
K= 1116
5701.59575307
K= 1117
11.6111111111
K= 1118
34.4079314857
K= 1119
8747.61538462
K= 1120
4656.5
K= 1121
6629.91001337
K= 1122
6577.82304422
K= 1123
4826.75
K= 1124
44.0635283425
K= 1125
4819.1580223
K= 1126
18.3826595686
K= 1127
2927.58770115
K= 1128
4791.89218918
K= 1129
20.70392835
K= 1130
8597.0
K= 1131
325.750793651
K= 1132
111.0
K= 1133
20.70392835
K= 1134
4795.75079365
K= 1135
10.6380952381
K= 1136
4296.75
K= 1137
91.7560772558
K= 1138
4378.33333333
K= 1139
20.70392835
K= 1140
4480.76666667
K= 1141
4231.0
K= 1142
4140.16666667
K= 1143
117.0
K= 1144
4570.77361111
K= 1145
179.0
K= 1146
8594.0
K= 1147
9.68571428582
K= 1148
4936.0 , Degree=0
K= 1149
4795.75079365
K= 1150
6.40272642393
K= 1151
4898.95327589
K= 1152
344.72401059
K= 1153
4936.0 , Degree=0
K= 1154
202.583333333
K= 1155
10.7000000001
K= 1156
305.636117118
K= 1157
5216.4531746
K= 1158
204.116208791
K= 1159
4296.75
K= 1160
4645.0
K= 1161
8.84444444452
K= 1162
4857.29019429
K= 1163
56.5650775266
K= 1164
4521.59554206
K= 1165
4936.0 , Degree=0
K= 1166
29.3035468971
K= 1167
4498.85923482
K= 1168
108.481932957
K= 1169
4381.0
K= 1170
19.9971906164
K= 1171
20.70392835
K= 1172
4836.9006622
K= 1173
4690.78185415
K= 1174
143.0
K= 1175
4702.23571429
K= 1176
429.46189264
K= 1177
4936.0 , Degree=0
K= 1178
58.3537864469
K= 1179
44.1966725496
K= 1180
11.9214536339
K= 1181
4671.34975857
K= 1182
27.7162337664
K= 1183
110.0
K= 1184
22.1328571428
K= 1185
8597.0
K= 1186
357.879761905
K= 1187
15.0695526697
K= 1188
4481.86666667
K= 1189
4602.75079365
K= 1190
33.0970524598
K= 1191
210.583333333
K= 1192
4830.62381946
K= 1193
4936.0 , Degree=0
K= 1194
4668.57038085
K= 1195
6518.5034433
K= 1196
4936.0 , Degree=0
K= 1197
20.70392835
K= 1198
11.8000000002
K= 1199
4476.09494949
K= 1200
4128.0
Betweenness Centrality Improvement
[ 21.60340189   9.26666667  12.40952381 ...,   0.           0.           0.        ]
Top 20 BC Improvement
[ 681  416  364  754  341  419  854  697  138  639  594  163  564 1044  196
 1119  161  922  209  992]
Top 20 BC Improvement
[ 13430.98571429  12424.46666667  11674.60514294  11667.19879558
  11662.78763001  11659.62604569  11647.5583742   11644.62807904
  11640.28513709   9613.08249154   9317.16666667   8961.70392835
   8951.58398763   8815.2          8777.14285714   8747.61538462   8605.
   8605.           8605.           8605.        ]
