txValue= 10000
Input graph
IGRAPH D--- 4619 68733 -- 
+ attr: pub_key (v), base_fee (e), capacity (e), fee_rate (e), txCost (e)
None
Graph after edges deleted
IGRAPH D--- 4619 68697 -- 
+ attr: pub_key (v), base_fee (e), capacity (e), fee_rate (e), txCost (e)
None
Our nodes starting connections: 
(4618, 2796)
(4618, 1223)
CurrentBC of our node:  649089.0
K= 1200
4189.0
K= 1201
300.640907156
K= 1202
8944.30385965
K= 1203
4189.0
K= 1204
4475.61533642
K= 1205
4360.0
K= 1206
5.09914529906
K= 1207
320.677251716
K= 1208
17.0302489178
K= 1209
10.3991452991
K= 1210
9.0
K= 1211
7.76666666672
K= 1212
4.58241758228
K= 1213
134.25
K= 1214
4478.76666667
K= 1215
27.1074175823
K= 1216
27.5985653234
K= 1217
4936.0 , Degree=0
K= 1218
14.9
K= 1219
2820.93333666
K= 1220
4.37777777761
K= 1221
137.25
K= 1222
16.2825757576
K= 1223
0.0
K= 1224
4.615151515
K= 1225
6.59999999998
K= 1226
4585.0
K= 1227
4782.6537851
K= 1228
37.9553571428
K= 1229
8431.0
K= 1230
16.2825757576
K= 1231
10.1251082249
K= 1232
17.0302489178
K= 1233
8.3666666667
K= 1234
136.0
K= 1235
4577.0
K= 1236
8.3666666667
K= 1237
4801.36071429
K= 1238
133.239225988
K= 1239
14.3544317512
K= 1240
108.0
K= 1241
586.91955267
K= 1242
8645.0
K= 1243
8790.14285714
K= 1244
4792.27743065
K= 1245
4487.28257576
K= 1246
11.5222222223
K= 1247
2999.695399
K= 1248
121.043040293
K= 1249
17.2833278792
K= 1250
3.53207475203
K= 1251
4570.0
K= 1252
37.7286410361
K= 1253
311.900222816
K= 1254
8661.0
K= 1255
4877.35555556
K= 1256
4625.34109761
K= 1257
5.10793650791
K= 1258
4772.88571429
K= 1259
4936.0 , Degree=0
K= 1260
21.3487232607
K= 1261
41.0761904761
K= 1262
5417.37764491
K= 1263
8.33333333337
K= 1264
8655.0
K= 1265
16.2825757576
K= 1266
4581.0
K= 1267
1684.09972234
K= 1268
3324.17940371
K= 1269
16.2825757576
K= 1270
4798.17619048
K= 1271
2.33333333326
K= 1272
23.4119501779
K= 1273
23.2638674621
K= 1274
4487.28257576
K= 1275
7.49345238099
K= 1276
4773.72451269
K= 1277
4818.60393259
K= 1278
15.0166666666
K= 1279
26.3345099346
K= 1280
12.16374269
K= 1281
4500.01264507
K= 1282
4360.0
K= 1283
136.25
K= 1284
16.2825757576
K= 1285
14.2297607861
K= 1286
60.6472826005
K= 1287
16.2825757576
K= 1288
4737.91273449
K= 1289
12.065905359
K= 1290
16.2825757576
K= 1291
4634.90710805
K= 1292
4677.03158329
K= 1293
8650.0
K= 1294
8.41666666663
K= 1295
110.0
K= 1296
4984.86063354
K= 1297
4581.0
K= 1298
4395.8984127
K= 1299
107.039243629
K= 1300
3.89848484844
K= 1301
8643.0
K= 1302
4640.04147918
K= 1303
8660.0
K= 1304
5.99523809506
K= 1305
4475.29749695
K= 1306
4473.8499179
K= 1307
4503.23514166
K= 1308
6.56666666665
K= 1309
371.03345459
K= 1310
5.73571428563
K= 1311
5.08888888871
K= 1312
56.9923505298
K= 1313
503.482575757
K= 1314
4189.0
K= 1315
379.85
K= 1316
311.235141656
K= 1317
9.41666666663
K= 1318
14.3953703704
K= 1319
4984.86063354
K= 1320
7885.70224595
K= 1321
4833.66666667
K= 1322
4812.9797619
K= 1323
25.4508239838
K= 1324
294.863114286
K= 1325
8.16666666663
K= 1326
8.5
K= 1327
14.3999999999
K= 1328
109.0
K= 1329
8658.0
K= 1330
4473.54162118
K= 1331
366.788095238
K= 1332
4782.6537851
K= 1333
7.76666666672
K= 1334
4796.91273449
K= 1335
4002.61111111
K= 1336
16.2825757576
K= 1337
32.5651515152
K= 1338
7.76666666672
K= 1339
34.0604978355
K= 1340
4487.28257576
K= 1341
347.333333333
K= 1342
107.0
K= 1343
74.2595238094
K= 1344
4809.19260326
K= 1345
4936.0 , Degree=0
K= 1346
18.304314888
K= 1347
4779.20110055
K= 1348
60.342857143
K= 1349
4486.28257576
K= 1350
5.09126984118
K= 1351
7.56666666665
K= 1352
156.002399673
K= 1353
553.0
K= 1354
7.76666666672
K= 1355
4.721102971
K= 1356
25.2706839188
K= 1357
503.482575757
K= 1358
4.39999999991
K= 1359
2464.54216875
K= 1360
312.134728696
K= 1361
16.2825757576
K= 1362
4843.8276455
K= 1363
79.8950027416
K= 1364
4476.97738095
K= 1365
4122.0
K= 1366
16.2825757576
K= 1367
8.89089987671
K= 1368
4707.23514166
K= 1369
6117.02513595
K= 1370
11.4714285714
K= 1371
4.72181818169
K= 1372
108.0
K= 1373
4500.02541903
K= 1374
4936.0 , Degree=0
K= 1375
31.4826062827
K= 1376
8.41666666674
K= 1377
12.3038129354
K= 1378
10.5075757576
K= 1379
5.62662337651
K= 1380
8.30952380947
K= 1381
8934.12973693
K= 1382
8.3666666667
K= 1383
7.47993848252
K= 1384
4726.18993506
K= 1385
4791.82460689
K= 1386
4796.91273449
K= 1387
8661.0
K= 1388
8652.0
K= 1389
4740.8984127
K= 1390
266.88956044
K= 1391
4189.0
K= 1392
259.614754207
K= 1393
4936.0 , Degree=0
K= 1394
10.9999999999
K= 1395
3019.58793154
K= 1396
4514.34992219
K= 1397
51.9
K= 1398
97.0
K= 1399
4360.0
K= 1400
309.152414252
K= 1401
137.25
K= 1402
16.2825757576
K= 1403
4753.14920635
K= 1404
8811.0
K= 1405
10.7497076024
K= 1406
4476.65
K= 1407
8.5
K= 1408
4761.15241425
K= 1409
4756.47380952
K= 1410
4360.0
K= 1411
245.612882848
K= 1412
4569.66666667
K= 1413
4739.34109761
K= 1414
103.071428571
K= 1415
4274.0
K= 1416
27.5985653234
K= 1417
4.32222222211
K= 1418
4760.73731999
K= 1419
7.76666666672
K= 1420
2600.48437865
K= 1421
4791.71061552
K= 1422
5.58600054216
K= 1423
109.0
K= 1424
16.2825757576
K= 1425
4.43956043944
K= 1426
114.0
K= 1427
4752.14895003
K= 1428
8035.53336702
K= 1429
4281.68092307
K= 1430
9.11334396596
K= 1431
4487.28257576
K= 1432
2794.58403066
K= 1433
7.58333333337
K= 1434
4487.28257576
K= 1435
47.0917027417
K= 1436
4801.67179667
K= 1437
4763.88574524
K= 1438
16.2825757576
K= 1439
498.987049204
K= 1440
4471.0
K= 1441
4189.0
K= 1442
8.16666666663
K= 1443
8609.0
K= 1444
154.290909091
K= 1445
4772.88571429
K= 1446
8589.0
K= 1447
8609.0
K= 1448
5220.77260147
K= 1449
137.25
K= 1450
93.1550496699
K= 1451
5.78571428568
K= 1452
4420.0
K= 1453
8.48274853767
K= 1454
8.30952380947
K= 1455
1337.01870016
K= 1456
17.0302489178
K= 1457
5.09884559875
K= 1458
706.618659725
K= 1459
12.7837787761
K= 1460
269.033150183
K= 1461
4487.28257576
K= 1462
3.75503662997
K= 1463
4752.57222222
K= 1464
4487.28257576
K= 1465
8658.0
K= 1466
121.5
K= 1467
4487.28257576
K= 1468
4471.0
K= 1469
7.50000000012
K= 1470
16.2825757576
K= 1471
553.0
K= 1472
92.0
K= 1473
79.0
K= 1474
8661.0
K= 1475
8.41666666663
K= 1476
3.04425411741
K= 1477
195.73486283
K= 1478
4512.0
K= 1479
4340.0
K= 1480
7.52207707323
K= 1481
104.0
K= 1482
4592.5
K= 1483
8.41666666663
K= 1484
4477.56666667
K= 1485
4528.0
K= 1486
8592.0
K= 1487
88.0
K= 1488
4.50404040387
K= 1489
8.41666666663
K= 1490
11.1457228188
K= 1491
4.39914529899
K= 1492
110.0
K= 1493
3.26605975721
K= 1494
4524.03158329
K= 1495
106.0
K= 1496
4189.0
K= 1497
4360.0
K= 1498
14.3953703704
K= 1499
13230.0
K= 1500
16.2825757576
K= 1501
5.79285714275
K= 1502
4808.5
K= 1503
4833.23333333
K= 1504
6.52499999991
K= 1505
16.2825757576
K= 1506
4796.33707662
K= 1507
5.74999999988
K= 1508
17626.0
K= 1509
4360.0
K= 1510
4360.0
K= 1511
4340.0
K= 1512
4340.25252314
K= 1513
4474.80098039
K= 1514
7.79285714275
K= 1515
4378.8984127
K= 1516
177.733333333
K= 1517
3854.08050834
K= 1518
269.601262626
K= 1519
262.468304142
K= 1520
4454.46228673
K= 1521
4360.0
K= 1522
37.5161399802
K= 1523
23.111111111
K= 1524
8.41666666663
K= 1525
4487.28257576
K= 1526
88.0
K= 1527
9.30476190476
K= 1528
16.2825757576
K= 1529
16.2825757576
K= 1530
13.9997791424
K= 1531
4.721102971
K= 1532
8655.0
K= 1533
4768.71061552
K= 1534
4503.58505939
K= 1535
5.97061419196
K= 1536
4189.0
K= 1537
3.24486928096
K= 1538
8655.125
K= 1539
5.10793650791
K= 1540
3.09102934087
K= 1541
48.3815864648
K= 1542
8632.0
K= 1543
5.95238095219
K= 1544
8.51111111103
K= 1545
109.0
K= 1546
2.88659585163
K= 1547
4936.0 , Degree=0
K= 1548
16.2825757576
K= 1549
4548.8984127
K= 1550
8659.0
K= 1551
343.491269841
K= 1552
11.4714285714
K= 1553
4581.0
K= 1554
4740.8984127
K= 1555
220.0
K= 1556
5.63888888876
K= 1557
12.1820105821
K= 1558
11.0041208791
K= 1559
4984.86063354
K= 1560
16.2825757576
K= 1561
4360.0
K= 1562
102.0
K= 1563
25.6375880827
K= 1564
106.0
K= 1565
5248.00519086
K= 1566
8.41666666663
K= 1567
3543.23087503
K= 1568
4569.66666667
K= 1569
12.7999999999
K= 1570
3.21423751686
K= 1571
4487.28257576
K= 1572
109.0
K= 1573
8946.0
K= 1574
3.1531780276
K= 1575
8660.0
K= 1576
6.54285714275
K= 1577
4936.0 , Degree=0
K= 1578
9.46249999991
K= 1579
4804.51587302
K= 1580
16.2825757576
K= 1581
454.060822511
K= 1582
4499.5
K= 1583
4360.0
K= 1584
4360.0
K= 1585
420.605555556
K= 1586
5.74999999988
K= 1587
8.23529411759
K= 1588
2.5
K= 1589
40308.8824084
K= 1590
28.6785320274
K= 1591
4813.10357143
K= 1592
5096.17185753
K= 1593
4754.241187
K= 1594
17.0302489178
K= 1595
4756.7004329
K= 1596
4936.0 , Degree=0
K= 1597
8661.0
K= 1598
17.1205000837
K= 1599
17626.0
K= 1600
4360.0
K= 1601
8.3666666667
K= 1602
4936.0 , Degree=0
K= 1603
8.33333333337
K= 1604
5.62712462968
K= 1605
4599.90851523
K= 1606
17316.0
K= 1607
112.0
K= 1608
8.16666666663
K= 1609
4360.0
K= 1610
10.4909090908
K= 1611
16.2825757576
K= 1612
15.4583333333
K= 1613
3.28957090073
K= 1614
4189.0
K= 1615
4500.50675056
K= 1616
18.2049350649
K= 1617
4707.23514166
K= 1618
4.89597069588
K= 1619
4472.78669468
K= 1620
8.3666666667
K= 1621
8.41666666663
K= 1622
8670.03024892
K= 1623
8660.0
K= 1624
2589.11936364
K= 1625
4184.0
K= 1626
24.7244795725
K= 1627
12825.0
K= 1628
4507.0923905
K= 1629
4477.51111111
K= 1630
464.248412698
K= 1631
8141.4984127
K= 1632
4809.45176768
K= 1633
4834.02828283
K= 1634
4778.96677022
K= 1635
5.76111111103
K= 1636
9.60838559282
K= 1637
109.0
K= 1638
4819.91145526
K= 1639
4707.23514166
K= 1640
10.1579365078
K= 1641
8537.0
K= 1642
4488.03024892
K= 1643
8.41666666663
K= 1644
6.54285714275
K= 1645
4796.91273449
K= 1646
4360.0
K= 1647
4548.8984127
K= 1648
7927.88118414
K= 1649
23.0884190237
K= 1650
4684.66012977
K= 1651
8.5
K= 1652
4778.19617605
K= 1653
4584.4531618
K= 1654
4477.58333333
K= 1655
110.0
K= 1656
8.41666666663
K= 1657
13132.0
K= 1658
18.8325408448
K= 1659
4.57070707052
K= 1660
7.76666666672
K= 1661
4740.8984127
K= 1662
8661.0
K= 1663
4552.12969939
K= 1664
4803.5
K= 1665
4.50206043944
K= 1666
587.308850197
K= 1667
4487.28257576
K= 1668
16.2825757576
K= 1669
4475.72110297
K= 1670
5.59911339905
K= 1671
4688.65481415
K= 1672
4189.0
K= 1673
4475.57070707
K= 1674
414.272222222
K= 1675
28.57685725
K= 1676
21.1499999999
K= 1677
7.0
K= 1678
15.4253246752
K= 1679
8660.0
K= 1680
442.723747089
K= 1681
2.98695652164
K= 1682
313.588095238
K= 1683
4822.23571429
K= 1684
4801.67179667
K= 1685
5.14722222206
K= 1686
4360.0
K= 1687
16.2825757576
K= 1688
8.41666666663
K= 1689
3.5385964911
K= 1690
22.7
K= 1691
6.81286393327
K= 1692
116.0
K= 1693
14.1723242253
K= 1694
4936.0 , Degree=0
K= 1695
4189.0
K= 1696
302.713181117
K= 1697
262.495689033
K= 1698
364.283333333
K= 1699
5.96349206334
K= 1700
9507.46026529
K= 1701
4527.11491205
K= 1702
4817.49199918
K= 1703
8.5
K= 1704
4487.28257576
K= 1705
4528.0
K= 1706
342.116803896
K= 1707
4475.24646465
K= 1708
4.38472222211
K= 1709
4487.28257576
K= 1710
4476.09126984
K= 1711
2281.21089988
K= 1712
368.520743146
K= 1713
4479.41666667
K= 1714
16.2825757576
K= 1715
4740.8984127
K= 1716
8653.28489191
K= 1717
15.3094988344
K= 1718
8.3666666667
K= 1719
3054.87253468
K= 1720
5.97738095233
K= 1721
8660.0
K= 1722
8.46299533802
K= 1723
8657.0
K= 1724
7.33830409357
K= 1725
16.1575757576
K= 1726
316.0127006
K= 1727
8809.0
K= 1728
16.2825757576
K= 1729
4630.70428255
K= 1730
4836.18333333
K= 1731
8642.0
K= 1732
4182.0
K= 1733
7.76666666672
K= 1734
3.36176364671
K= 1735
4796.91273449
K= 1736
8592.0
K= 1737
5.76111111103
K= 1738
4802.46666667
K= 1739
34.0604978355
K= 1740
5.60714285704
K= 1741
4539.98199147
K= 1742
4738.32255474
K= 1743
4843.25
K= 1744
5.86101489072
K= 1745
23.8848597266
K= 1746
113.0
K= 1747
4797.34109761
K= 1748
4.32222222211
K= 1749
16.8333333333
K= 1750
4479.41666667
K= 1751
5.90238095226
K= 1752
85.0
K= 1753
4235.0
K= 1754
8659.0
K= 1755
4.88154761889
K= 1756
9.0
K= 1757
4766.25331613
K= 1758
4740.0203228
K= 1759
4660.96547619
K= 1760
7891.43102231
K= 1761
5.76111111103
K= 1762
3.62495134061
K= 1763
4751.46746032
K= 1764
7.76666666672
K= 1765
4906.26666667
K= 1766
137.25
K= 1767
4360.0
K= 1768
4476.07936508
K= 1769
5.07936507929
K= 1770
109.0
K= 1771
11.5222222223
K= 1772
4207.0
K= 1773
8661.0
K= 1774
16.2825757576
K= 1775
4936.0 , Degree=0
K= 1776
37.8599630762
K= 1777
4478.0
K= 1778
106.0
K= 1779
4487.28257576
K= 1780
4684.71461894
K= 1781
4812.79087302
K= 1782
13.7440476191
K= 1783
3.61623931618
K= 1784
4468.28257576
K= 1785
8658.0
K= 1786
3129.68090141
K= 1787
93.0
K= 1788
8.39999999991
K= 1789
4360.0
K= 1790
128.41988417
K= 1791
5.94329004316
K= 1792
4936.0 , Degree=0
K= 1793
8.41666666663
K= 1794
3.30733754917
K= 1795
107.0
K= 1796
2985.054055
K= 1797
8.02601646702
K= 1798
29.2695710722
K= 1799
24.9285714285
K= 1800
16.2825757576
K= 1801
86.0
K= 1802
8611.0
K= 1803
4477.76666667
K= 1804
5.63571428566
K= 1805
7882.51030303
K= 1806
16.2825757576
K= 1807
16.2825757576
K= 1808
45.3632233306
K= 1809
5.09126984118
K= 1810
16.2825757576
K= 1811
6.5
K= 1812
8658.0
K= 1813
5.76111111103
K= 1814
5.09126984118
K= 1815
4.22606837598
K= 1816
4733.7540517
K= 1817
3767.21932175
K= 1818
6.39999999991
K= 1819
332.39690613
K= 1820
13411.1428571
K= 1821
5.00793650793
K= 1822
16.2825757576
K= 1823
4740.8984127
K= 1824
4444.63333333
K= 1825
8661.0
K= 1826
9406.01912934
K= 1827
20.4509803921
K= 1828
416.54591167
K= 1829
8.30952380947
K= 1830
110.0
K= 1831
42.9417027417
K= 1832
16.2825757576
K= 1833
4796.91273449
K= 1834
4816.99754357
K= 1835
4476.75
K= 1836
4984.86063354
K= 1837
137.0
K= 1838
25.3599148928
K= 1839
8.77500000002
K= 1840
5.04886128369
K= 1841
32.4151515152
K= 1842
56.6647790102
K= 1843
8.16666666663
K= 1844
4704.93377553
K= 1845
8.16666666663
K= 1846
16.2825757576
K= 1847
8655.0
K= 1848
37.7326298701
K= 1849
8.41666666663
K= 1850
6.39999999991
K= 1851
4360.0
K= 1852
13.2292812666
K= 1853
8630.0
K= 1854
104.0
K= 1855
344.973717501
K= 1856
7.76666666672
K= 1857
4477.54285714
K= 1858
38.2326298701
K= 1859
4707.23514166
K= 1860
4360.0
K= 1861
4604.0
K= 1862
454.060822511
K= 1863
8598.0
K= 1864
16.3333333333
K= 1865
4782.88574524
K= 1866
13.1214285714
K= 1867
105.0
K= 1868
4360.0
K= 1869
95.2095238095
K= 1870
110.0
K= 1871
4.39579018869
K= 1872
7.58092433272
K= 1873
4360.0
K= 1874
3.06536796538
K= 1875
4545.68571429
K= 1876
8659.0
K= 1877
7.10288147652
K= 1878
6.0
K= 1879
5.09884559875
K= 1880
124.484522472
K= 1881
8655.0
K= 1882
5.95238095219
K= 1883
8.41666666663
K= 1884
99.0
K= 1885
4476.14722222
K= 1886
7890.43816119
K= 1887
9.76666666672
K= 1888
8.3666666667
K= 1889
309.152414252
K= 1890
4936.0 , Degree=0
K= 1891
4555.0
K= 1892
5.63571428566
K= 1893
8661.0
K= 1894
4433.01928529
K= 1895
4808.53333333
K= 1896
4573.0
K= 1897
4785.03325867
K= 1898
4984.86063354
K= 1899
5.78571428568
K= 1900
148.983285995
K= 1901
4422.0
K= 1902
3.98888888885
K= 1903
8652.0
K= 1904
2365.06271218
K= 1905
4.05016552075
K= 1906
16.2825757576
K= 1907
3.6552773664
K= 1908
4475.90238095
K= 1909
18.9141773131
K= 1910
6.51111111103
K= 1911
7.76666666672
K= 1912
5.63571428566
K= 1913
16.2825757576
K= 1914
431.283333333
K= 1915
269.731746032
K= 1916
4607.25
K= 1917
16.2825757576
K= 1918
3.61481481476
K= 1919
4816.74981596
K= 1920
4796.11213644
K= 1921
4751.46746032
K= 1922
137.25
K= 1923
5022.08973856
K= 1924
3.88777056278
K= 1925
6.54285714275
K= 1926
4158.0
K= 1927
409.355555556
K= 1928
3608.44646203
K= 1929
5.79285714275
K= 1930
69.2280251592
K= 1931
16.4923100425
K= 1932
738.040348148
K= 1933
4772.88571429
K= 1934
110.0
K= 1935
107.0
K= 1936
49.1591873624
K= 1937
15.2041986686
K= 1938
8.5
K= 1939
7.76666666672
K= 1940
4519.0
K= 1941
25.184157317
K= 1942
4756.18486197
K= 1943
134.542167585
K= 1944
8660.0
K= 1945
4557.0
K= 1946
5.97738095222
K= 1947
19.8936868687
K= 1948
4500.36071429
K= 1949
18.864320518
K= 1950
338.64547452
K= 1951
4740.8984127
K= 1952
4360.0
K= 1953
4805.50873016
K= 1954
3.80265567754
K= 1955
4344.0
K= 1956
340.059139853
K= 1957
3.10014652018
K= 1958
16.1575757576
K= 1959
490.248412698
K= 1960
325.668286702
K= 1961
16.2825757576
K= 1962
4474.80844156
K= 1963
7.33333333337
K= 1964
4826.62301587
K= 1965
4.37485380098
K= 1966
4360.0
K= 1967
110.0
K= 1968
4804.6529433
K= 1969
272.617857143
K= 1970
133.15
K= 1971
31.5495492191
K= 1972
4796.91273449
K= 1973
137.25
K= 1974
4189.0
K= 1975
4189.0
K= 1976
28.3184212846
K= 1977
657.340697211
K= 1978
4707.23514166
K= 1979
8941.69221675
K= 1980
123.333333333
K= 1981
5.73571428563
K= 1982
16.2825757576
K= 1983
9454.85995116
K= 1984
80.0
K= 1985
8.33333333337
K= 1986
4448.05183575
K= 1987
2331.74170635
K= 1988
20.1428571428
K= 1989
4189.0
K= 1990
4476.56666667
K= 1991
4776.4531618
K= 1992
127.25
K= 1993
5.63888888876
K= 1994
4984.86063354
K= 1995
137.25
K= 1996
4772.88571429
K= 1997
12.8166666667
K= 1998
5.14722222206
K= 1999
16.2825757576
K= 2000
6.56666666665
K= 2001
4810.5
K= 2002
4778.96677022
K= 2003
4360.0
K= 2004
4873.41666667
K= 2005
8.30952380947
K= 2006
210.0
K= 2007
4625.8683695
K= 2008
4906.26666667
K= 2009
110.0
K= 2010
3.79503662989
K= 2011
79.0
K= 2012
6.0
K= 2013
3.88777056278
K= 2014
4.43956043944
K= 2015
4740.8984127
K= 2016
86.8333333334
K= 2017
25.1127667653
K= 2018
15.9575757575
K= 2019
8.5
K= 2020
7.5
K= 2021
8.41666666663
K= 2022
4505.23514166
K= 2023
4.615151515
K= 2024
4557.0
K= 2025
1271.43346054
K= 2026
4740.8984127
K= 2027
401.916666667
K= 2028
8.3666666667
K= 2029
4797.9797619
K= 2030
14.8357142856
K= 2031
3.43227513228
K= 2032
17887.3478261
K= 2033
7.76666666672
K= 2034
4832.32460317
K= 2035
4823.71190476
K= 2036
22.1070707071
K= 2037
84.0
K= 2038
4901.53333333
K= 2039
4189.0
K= 2040
53.1479409479
K= 2041
4360.0
K= 2042
32.3588966066
K= 2043
2900.11730747
K= 2044
27.5985653234
K= 2045
171.0
K= 2046
8658.0
K= 2047
12.7999999999
K= 2048
8661.0
K= 2049
16.3333333333
K= 2050
16.2825757576
K= 2051
8609.0
K= 2052
4487.28257576
K= 2053
4487.28257576
K= 2054
16.2825757576
K= 2055
8554.0
K= 2056
347.819083694
K= 2057
4768.71061552
K= 2058
9.72665903892
K= 2059
7875.91634199
K= 2060
4762.96677022
K= 2061
557.647391289
K= 2062
6.09914529906
K= 2063
5.97738095222
K= 2064
4796.91273449
K= 2065
4188.0
K= 2066
5.97738095222
K= 2067
24.2933815104
K= 2068
331.33977591
K= 2069
4495.05183575
K= 2070
7885.44174762
K= 2071
8.3666666667
K= 2072
3.99134199135
K= 2073
2839.9882564
K= 2074
16.2825757576
K= 2075
4759.73731999
K= 2076
16.2825757576
K= 2077
111.15
K= 2078
8.41666666663
K= 2079
4936.0 , Degree=0
K= 2080
4788.80189435
K= 2081
5.09884559875
K= 2082
4798.7640785
K= 2083
4475.28856838
K= 2084
38.2326298701
K= 2085
15.4583333333
K= 2086
4984.86063354
K= 2087
18122.4285714
K= 2088
4794.02993633
K= 2089
23.7440476191
K= 2090
15.8110431235
K= 2091
5181.50242624
K= 2092
4807.83202022
K= 2093
398.0
K= 2094
253.62373869
K= 2095
8945.57338936
K= 2096
300.723034538
K= 2097
14.2087471415
K= 2098
385.166666667
K= 2099
4737.91273449
K= 2100
4936.0 , Degree=0
K= 2101
261.302635063
K= 2102
4189.0
K= 2103
4585.0
K= 2104
134.25
K= 2105
8645.0
K= 2106
4828.5
K= 2107
4761.15241425
K= 2108
2299.4702455
K= 2109
4478.57792208
K= 2110
561.296958922
K= 2111
4475.73737374
K= 2112
4936.0 , Degree=0
K= 2113
6.49999999988
K= 2114
14.2919565217
K= 2115
4815.40793651
K= 2116
9.21595607221
K= 2117
4936.0 , Degree=0
K= 2118
4.57546897535
K= 2119
38.9
K= 2120
4189.0
K= 2121
8661.0
K= 2122
8.3257142856
K= 2123
4585.0
K= 2124
121.681584383
K= 2125
4258.11348105
K= 2126
4936.0 , Degree=0
K= 2127
138.25
K= 2128
314.386531569
K= 2129
4361.33333333
K= 2130
16.2825757576
K= 2131
8.41666666663
K= 2132
4570.0
K= 2133
21.0185185184
K= 2134
16.9965589965
K= 2135
4496.45082398
K= 2136
4360.0
K= 2137
18.864320518
K= 2138
30.1713786214
K= 2139
4360.0
K= 2140
4475.22757937
K= 2141
358.216533466
K= 2142
4360.0
K= 2143
4486.95757576
K= 2144
4487.28257576
K= 2145
340.526399211
K= 2146
4807.44196311
K= 2147
4473.78571429
K= 2148
300.809275886
K= 2149
4476.07936508
K= 2150
8660.0
K= 2151
4789.06896159
K= 2152
8592.0
K= 2153
8630.0
K= 2154
111.4
K= 2155
4360.0
K= 2156
16.2825757576
K= 2157
16.2825757576
K= 2158
4763.46746032
K= 2159
9204.5
K= 2160
4601.241187
K= 2161
31.2928321678
K= 2162
5.95238095219
K= 2163
4.53571428568
K= 2164
5.78571428568
K= 2165
4824.90634921
K= 2166
7.76666666672
K= 2167
355.226190476
K= 2168
4580.0
K= 2169
4593.0
K= 2170
2.25
K= 2171
8657.0
K= 2172
8.30952380947
K= 2173
3766.43159206
K= 2174
5080.04923774
K= 2175
16.2825757576
K= 2176
4.56286393327
K= 2177
7.76666666672
K= 2178
4189.0
K= 2179
15.4583333333
K= 2180
6.96669508377
K= 2181
4580.0
K= 2182
18.262300316
K= 2183
7.76666666672
K= 2184
4487.28257576
K= 2185
4936.0 , Degree=0
K= 2186
8660.0
K= 2187
14.8233294653
K= 2188
4732.03614719
K= 2189
4583.0
K= 2190
85.8834054834
K= 2191
2982.25303343
K= 2192
8.30952380947
K= 2193
16763.0
K= 2194
16.2825757576
K= 2195
8643.0
K= 2196
4830.27857143
K= 2197
10.3666666667
K= 2198
7.76666666672
K= 2199
29.0254190254
K= 2200
331.387928704
K= 2201
4700.0
K= 2202
4936.0 , Degree=0
K= 2203
12.7999999999
K= 2204
4448.26015914
K= 2205
4.29273504263
K= 2206
4509.8984127
K= 2207
4525.5
K= 2208
16.2825757576
K= 2209
4795.66565657
K= 2210
389.85
K= 2211
4984.86063354
K= 2212
503.482575757
K= 2213
4360.0
K= 2214
262.660129766
K= 2215
5070.482374
K= 2216
5728.23549323
K= 2217
16.2825757576
K= 2218
4.38888888876
K= 2219
4360.0
K= 2220
4936.0 , Degree=0
K= 2221
4487.28257576
K= 2222
12846.0
K= 2223
26.5572462024
K= 2224
13472.1209957
K= 2225
4780.98614719
K= 2226
4487.28257576
K= 2227
4360.0
K= 2228
17883.6914968
K= 2229
52878.0
K= 2230
4770.38542054
K= 2231
11.9222222222
K= 2232
20.5645828837
K= 2233
4661.23514166
K= 2234
110.0
K= 2235
4189.0
K= 2236
4936.0 , Degree=0
K= 2237
4.20192307688
K= 2238
88.0
K= 2239
201.836378491
K= 2240
16.2825757576
K= 2241
317.843335724
K= 2242
11.5222222222
K= 2243
4189.0
K= 2244
4811.88571429
K= 2245
4.25233100238
K= 2246
3.88777056278
K= 2247
6.4769230769
K= 2248
8.41666666663
K= 2249
3.0
K= 2250
650.302863668
K= 2251
2177.0549898
K= 2252
4189.0
K= 2253
3527.43642083
K= 2254
12.3333333333
K= 2255
29.25
K= 2256
269.416331708
K= 2257
8661.0
K= 2258
4189.0
K= 2259
4487.28257576
K= 2260
4936.0 , Degree=0
K= 2261
5.00793650793
K= 2262
8661.0
K= 2263
16.2825757576
K= 2264
8.41666666663
K= 2265
8.16666666663
K= 2266
17.0333333333
K= 2267
8593.0
K= 2268
5.43294287415
K= 2269
4474.0
K= 2270
8.5
K= 2271
4725.28241342
K= 2272
333.781699279
K= 2273
4543.41178266
K= 2274
76.4317066454
K= 2275
4750.41893196
K= 2276
2.90074175817
K= 2277
8660.0
K= 2278
137.25
K= 2279
16.2825757576
K= 2280
4627.45
K= 2281
8650.0
K= 2282
4.16899766901
K= 2283
9.5600732601
K= 2284
5.96349206334
K= 2285
4486.80725524
K= 2286
6.49999999988
K= 2287
108.0
K= 2288
16.2825757576
K= 2289
354.925
K= 2290
4847.24249639
K= 2291
16.4166666666
K= 2292
4751.46746032
K= 2293
8661.0
K= 2294
4547.8984127
K= 2295
101.0
K= 2296
2331.60169923
K= 2297
4189.0
K= 2298
16.2825757576
K= 2299
7.50000000012
K= 2300
4936.0 , Degree=0
K= 2301
4811.24921245
K= 2302
14.5666666667
K= 2303
4475.72110297
K= 2304
137.0
K= 2305
4737.91273449
K= 2306
3.9925366299
K= 2307
109.0
K= 2308
110.0
K= 2309
4472.64455113
K= 2310
4764.0
K= 2311
8661.0
K= 2312
133.083333333
K= 2313
16.2825757576
K= 2314
4737.91273449
K= 2315
4737.09496696
K= 2316
52878.0
K= 2317
408.814978355
K= 2318
4.73444976076
K= 2319
481.278582684
K= 2320
8.41666666663
K= 2321
4776.11213644
K= 2322
676.295321345
K= 2323
2722.37798557
K= 2324
385.178145908
K= 2325
5.53888888878
K= 2326
4478.76666667
K= 2327
4796.91273449
K= 2328
4527.14785354
K= 2329
8660.0
K= 2330
4475.80844156
K= 2331
22.9740909874
K= 2332
200.817857143
K= 2333
8.71753246745
K= 2334
7.76666666672
K= 2335
7.76666666672
K= 2336
4556.0
K= 2337
15.6704260048
K= 2338
5418.62764491
K= 2339
9279.5074245
K= 2340
110.0
K= 2341
4360.0
K= 2342
5.97738095222
K= 2343
262.660129766
K= 2344
4548.8984127
K= 2345
4189.0
K= 2346
978.351530578
K= 2347
15.684339582
K= 2348
4608.0
K= 2349
8660.0
K= 2350
4936.0 , Degree=0
K= 2351
8.51981351979
K= 2352
4528.0
K= 2353
8611.0
K= 2354
4736.17632479
K= 2355
16.2825757576
K= 2356
133.0
K= 2357
4487.28257576
K= 2358
38.078144078
K= 2359
4512.0
K= 2360
4348.89232342
K= 2361
16.2825757576
K= 2362
4740.8984127
K= 2363
4498.4967847
K= 2364
39.1413127412
K= 2365
412.605555556
K= 2366
27.5985653234
K= 2367
13.0499999999
K= 2368
5.97738095222
K= 2369
8605.0
K= 2370
7.76666666672
K= 2371
4157.0
K= 2372
12.1637426901
K= 2373
110.0
K= 2374
8.5
K= 2375
4580.0
K= 2376
5416.62764491
K= 2377
20.3450757576
K= 2378
4360.0
K= 2379
4581.0
K= 2380
325.475
K= 2381
4189.0
K= 2382
10790.2552898
K= 2383
16.2825757576
K= 2384
6.79397843499
K= 2385
16.0381108056
K= 2386
9.0080808081
K= 2387
7887.58333333
K= 2388
13.7047619048
K= 2389
4826.85833333
K= 2390
76.0
K= 2391
4531.34285714
K= 2392
8.33333333337
K= 2393
142.827380952
K= 2394
4707.23514166
K= 2395
4487.28257576
K= 2396
256.308404518
K= 2397
16.2825757576
K= 2398
25.4222525551
K= 2399
5.73571428563
K= 2400
4569.0
Betweenness Centrality Improvement
[ 0.  0.  0. ...,  0.  0.  0.]
Top 20 BC Improvement
[2229 2316 1589 2087 2032 2228 1599 1508 1606 2193 2224 1820 1499 1657 2222
 1627 2382 1700 1983 1826]
Top 20 BC Improvement
[ 52878.          52878.          40308.88240844  18122.42857143
  17887.34782609  17883.69149685  17626.          17626.          17316.
  16763.          13472.12099567  13411.14285714  13230.          13132.
  12846.          12825.          10790.25528982   9507.46026529
   9454.85995116   9406.01912934]
