txValue= 10000
Input graph
IGRAPH D--- 4619 68733 -- 
+ attr: pub_key (v), base_fee (e), capacity (e), fee_rate (e), txCost (e)
None
Graph after edges deleted
IGRAPH D--- 4619 68697 -- 
+ attr: pub_key (v), base_fee (e), capacity (e), fee_rate (e), txCost (e)
None
Our nodes starting connections: 
(4618, 2796)
(4618, 1223)
(4618, 1163)
(4618, 498)
(4618, 3265)
(4618, 1589)
(4618, 4051)
CurrentBC of our node:  978477.480135
K= 1200
4128.0
K= 1201
364.278765018
K= 1202
8947.32700983
K= 1203
4128.0
K= 1204
4480.21827759
K= 1205
4296.75
K= 1206
8.42187257193
K= 1207
383.549264695
K= 1208
22.8611473901
K= 1209
21.7717902266
K= 1210
20.5583333333
K= 1211
11.8666666667
K= 1212
8.13956043962
K= 1213
206.583333333
K= 1214
4481.36666667
K= 1215
73.5062271064
K= 1216
75.3780386281
K= 1217
4936.0 , Degree=0
K= 1218
20.5952380951
K= 1219
3565.56546923
K= 1220
7.69188034185
K= 1221
210.583333333
K= 1222
20.20392835
K= 1223
28.761296014
K= 1224
8.18333333323
K= 1225
10.6952380954
K= 1226
4627.0
K= 1227
4850.09866245
K= 1228
76.3675222724
K= 1229
8399.0
K= 1230
20.70392835
K= 1231
20.2143939394
K= 1232
22.8611473901
K= 1233
11.8000000002
K= 1234
189.533333333
K= 1235
4610.0
K= 1236
12.8000000002
K= 1237
4868.91201299
K= 1238
183.360257734
K= 1239
18.2854726894
K= 1240
162.0
K= 1241
1111.30543967
K= 1242
8583.0
K= 1243
8777.14285714
K= 1244
4852.25163472
K= 1245
4490.70392835
K= 1246
17.7781746032
K= 1247
4010.53076126
K= 1248
157.609296259
K= 1249
24.1049955118
K= 1250
6.68792270543
K= 1251
4603.0
K= 1252
47.5446477194
K= 1253
378.413562255
K= 1254
8605.0
K= 1255
4966.11746032
K= 1256
4688.37476755
K= 1257
8.68571428582
K= 1258
4836.8015873
K= 1259
4936.0 , Degree=0
K= 1260
28.0123624111
K= 1261
53.6498015873
K= 1262
5694.66718164
K= 1263
12.4333333335
K= 1264
8593.0
K= 1265
20.70392835
K= 1266
4614.0
K= 1267
2516.73968991
K= 1268
4860.29683944
K= 1269
20.70392835
K= 1270
4865.76944444
K= 1271
6.08333333326
K= 1272
31.0545932451
K= 1273
33.5005295068
K= 1274
4490.70392835
K= 1275
13.2345779223
K= 1276
4836.5506514
K= 1277
4901.33844062
K= 1278
23.4756410256
K= 1279
34.1591131091
K= 1280
14.9185784975
K= 1281
4509.37485272
K= 1282
4296.75
K= 1283
209.583333333
K= 1284
20.70392835
K= 1285
21.6908589473
K= 1286
75.2972863684
K= 1287
20.70392835
K= 1288
4806.42378455
K= 1289
20.19004329
K= 1290
20.70392835
K= 1291
4700.46058681
K= 1292
4738.81377366
K= 1293
8588.0
K= 1294
12.0166666667
K= 1295
144.0
K= 1296
5101.7636836
K= 1297
4620.0
K= 1298
4449.75079365
K= 1299
153.7069979
K= 1300
7.20265151514
K= 1301
4134.5
K= 1302
4702.96775423
K= 1303
8598.0
K= 1304
10.0845238095
K= 1305
4478.55793651
K= 1306
4475.96701747
K= 1307
4566.5007992
K= 1308
10.161904762
K= 1309
438.292508808
K= 1310
9.31904761912
K= 1311
9.16161616158
K= 1312
74.5554870721
K= 1313
982.817104063
K= 1314
4128.0
K= 1315
474.016666666
K= 1316
376.500799201
K= 1317
17.0166666667
K= 1318
18.4718409585
K= 1319
5101.7636836
K= 1320
11661.139168
K= 1321
4912.75
K= 1322
4881.79404762
K= 1323
34.2833452418
K= 1324
361.975539314
K= 1325
12.2666666667
K= 1326
12.1000000001
K= 1327
29.7333333333
K= 1328
143.0
K= 1329
8596.0
K= 1330
4475.62132897
K= 1331
444.965262515
K= 1332
4850.09866245
K= 1333
11.8666666667
K= 1334
4871.42378455
K= 1335
4052.73333333
K= 1336
20.70392835
K= 1337
40.4078566999
K= 1338
11.8666666667
K= 1339
44.7222947803
K= 1340
4490.70392835
K= 1341
423.577651515
K= 1342
160.5
K= 1343
110.957142857
K= 1344
4877.67038623
K= 1345
4936.0 , Degree=0
K= 1346
24.7256674804
K= 1347
4838.51519952
K= 1348
79.4928571429
K= 1349
4490.70392835
K= 1350
8.36904761917
K= 1351
11.0
K= 1352
227.885271326
K= 1353
607.0
K= 1354
11.3666666667
K= 1355
9.56273911265
K= 1356
33.5330368839
K= 1357
982.817104063
K= 1358
6.99523809529
K= 1359
3079.54417967
K= 1360
380.292322015
K= 1361
20.70392835
K= 1362
4923.93716931
K= 1363
90.532094245
K= 1364
4479.4
K= 1365
4151.0
K= 1366
20.70392835
K= 1367
33.4668258027
K= 1368
4771.5007992
K= 1369
6482.43267958
K= 1370
16.3047619049
K= 1371
8.28592074593
K= 1372
142.5
K= 1373
4507.35240315
K= 1374
4936.0 , Degree=0
K= 1375
51.444034854
K= 1376
12.5166666667
K= 1377
20.0207390649
K= 1378
17.6700757577
K= 1379
9.20995670999
K= 1380
12.4095238096
K= 1381
8936.28892496
K= 1382
11.8000000002
K= 1383
13.5818181819
K= 1384
4788.00481602
K= 1385
4857.63533187
K= 1386
4871.42378455
K= 1387
8605.0
K= 1388
8590.0
K= 1389
4795.75079365
K= 1390
322.875274725
K= 1391
4128.0
K= 1392
310.805230397
K= 1393
4936.0 , Degree=0
K= 1394
19.8809523809
K= 1395
4002.8718382
K= 1396
4568.60230314
K= 1397
69.2999999999
K= 1398
126.5
K= 1399
4296.75
K= 1400
374.349758575
K= 1401
210.583333333
K= 1402
20.70392835
K= 1403
4817.42907648
K= 1404
8749.0
K= 1405
17.8779127307
K= 1406
4480.06666667
K= 1407
12.6000000001
K= 1408
4825.34975857
K= 1409
4818.97186147
K= 1410
4296.75
K= 1411
300.783237493
K= 1412
4604.83333333
K= 1413
4802.37476755
K= 1414
136.116883117
K= 1415
4305.0
K= 1416
75.3780386281
K= 1417
7.88632478635
K= 1418
4820.74550523
K= 1419
11.2000000001
K= 1420
3342.20838272
K= 1421
4856.90841009
K= 1422
11.4623880626
K= 1423
143.0
K= 1424
20.70392835
K= 1425
7.99670329678
K= 1426
153.5
K= 1427
4813.19880193
K= 1428
8326.85016936
K= 1429
4220.68092307
K= 1430
19.7497076023
K= 1431
4490.70392835
K= 1432
3564.94933675
K= 1433
11.011904762
K= 1434
4490.70392835
K= 1435
93.3214646465
K= 1436
4867.40428034
K= 1437
4825.64793117
K= 1438
20.20392835
K= 1439
586.450049278
K= 1440
4475.83333333
K= 1441
4128.0
K= 1442
11.6000000001
K= 1443
8544.75
K= 1444
221.755194805
K= 1445
4836.8015873
K= 1446
4164.0
K= 1447
8544.75
K= 1448
5397.683461
K= 1449
189.583333333
K= 1450
102.25504967
K= 1451
9.86904761917
K= 1452
4458.0
K= 1453
14.8060818714
K= 1454
11.9095238096
K= 1455
1585.39445142
K= 1456
22.8611473902
K= 1457
8.3432900433
K= 1458
915.223048639
K= 1459
29.1857779624
K= 1460
323.885531135
K= 1461
4490.70392835
K= 1462
7.05650721828
K= 1463
4844.25079365
K= 1464
4490.70392835
K= 1465
8596.03571429
K= 1466
166.0
K= 1467
4490.70392835
K= 1468
4501.5
K= 1469
11.5952380954
K= 1470
20.70392835
K= 1471
607.0
K= 1472
126.5
K= 1473
127.5
K= 1474
8605.0
K= 1475
11.8500000001
K= 1476
6.2002886004
K= 1477
203.668377916
K= 1478
4448.75
K= 1479
4279.0
K= 1480
13.1491675267
K= 1481
140.583333333
K= 1482
4635.5
K= 1483
12.5166666667
K= 1484
4486.16190476
K= 1485
4561.0
K= 1486
4161.0
K= 1487
117.0
K= 1488
9.23888888885
K= 1489
12.5166666667
K= 1490
20.8617212175
K= 1491
7.2965811966
K= 1492
145.0
K= 1493
6.39363551489
K= 1494
4584.81377366
K= 1495
148.0
K= 1496
4128.0
K= 1497
4296.75
K= 1498
18.4718409586
K= 1499
13201.0
K= 1500
20.70392835
K= 1501
9.20952380961
K= 1502
4876.57857143
K= 1503
4909.4
K= 1504
10.6202380953
K= 1505
20.70392835
K= 1506
4862.65775362
K= 1507
9.16666666674
K= 1508
17650.0
K= 1509
4296.75
K= 1510
4296.75
K= 1511
4278.0
K= 1512
4393.53823743
K= 1513
4477.1
K= 1514
12.3261904763
K= 1515
4432.75079365
K= 1516
248.523809524
K= 1517
7114.58143658
K= 1518
325.286976912
K= 1519
317.532193031
K= 1520
4507.98609626
K= 1521
4296.75
K= 1522
50.2869103588
K= 1523
50.1005244754
K= 1524
27.5166666667
K= 1525
4490.70392835
K= 1526
122.583333333
K= 1527
15.8329670331
K= 1528
20.8705950166
K= 1529
20.70392835
K= 1530
25.4274107213
K= 1531
9.00718355714
K= 1532
8594.0
K= 1533
4833.90841009
K= 1534
4513.62982129
K= 1535
11.2530514682
K= 1536
4128.0
K= 1537
6.39136500773
K= 1538
8595.70192308
K= 1539
8.43571428582
K= 1540
6.24909812422
K= 1541
63.3521635181
K= 1542
4140.16666667
K= 1543
9.54166666663
K= 1544
12.8063492064
K= 1545
143.0
K= 1546
5.98491517943
K= 1547
4936.0 , Degree=0
K= 1548
20.70392835
K= 1549
4603.75079365
K= 1550
8597.0
K= 1551
413.33030303
K= 1552
18.6380952382
K= 1553
4622.0
K= 1554
4795.75079365
K= 1555
286.0
K= 1556
9.21666666667
K= 1557
21.9988692611
K= 1558
19.1772301227
K= 1559
5102.7636836
K= 1560
20.70392835
K= 1561
4296.75
K= 1562
132.333333333
K= 1563
33.8526095805
K= 1564
138.0
K= 1565
5429.36661912
K= 1566
12.5166666667
K= 1567
5603.06222725
K= 1568
4605.41666667
K= 1569
19.6571428571
K= 1570
6.41699012986
K= 1571
4490.70392835
K= 1572
143.0
K= 1573
8951.0
K= 1574
6.79199381708
K= 1575
8598.0
K= 1576
9.9714285715
K= 1577
4936.0 , Degree=0
K= 1578
14.3077380953
K= 1579
4874.12709235
K= 1580
20.0372616834
K= 1581
547.558961871
K= 1582
4545.2
K= 1583
4296.75
K= 1584
4296.75
K= 1585
503.61547619
K= 1586
9.83333333337
K= 1587
15.3288613692
K= 1588
6.0
K= 1589
3.47487301845
K= 1590
51.1484394348
K= 1591
4882.14880952
K= 1592
5276.41423817
K= 1593
4819.1580223
K= 1594
22.8611473901
K= 1595
4816.45400433
K= 1596
4936.0 , Degree=0
K= 1597
8605.0
K= 1598
37.4390186021
K= 1599
17650.0
K= 1600
4296.75
K= 1601
11.8000000002
K= 1602
4936.0 , Degree=0
K= 1603
12.4333333335
K= 1604
10.2249750252
K= 1605
4656.16511697
K= 1606
17192.0
K= 1607
170.0
K= 1608
10.7666666667
K= 1609
4296.75
K= 1610
16.9528138529
K= 1611
20.70392835
K= 1612
20.6764705882
K= 1613
6.45261437912
K= 1614
4128.0
K= 1615
4509.25566421
K= 1616
23.1855183704
K= 1617
4771.5007992
K= 1618
8.96869796887
K= 1619
4476.16904762
K= 1620
12.4666666668
K= 1621
12.5166666667
K= 1622
8613.86114739
K= 1623
8598.0
K= 1624
3064.1540328
K= 1625
4123.0
K= 1626
32.7809831317
K= 1627
12712.3333333
K= 1628
8083.34349718
K= 1629
4480.60634921
K= 1630
555.258333333
K= 1631
11948.5023088
K= 1632
4878.09292652
K= 1633
4910.9012987
K= 1634
4843.792288
K= 1635
9.34444444452
K= 1636
16.3267220282
K= 1637
164.0
K= 1638
4893.88255441
K= 1639
4771.5007992
K= 1640
17.3053724052
K= 1641
8506.0
K= 1642
4492.86114739
K= 1643
11.8500000001
K= 1644
8.9714285715
K= 1645
4871.42378455
K= 1646
4296.75
K= 1647
4603.75079365
K= 1648
11743.6691006
K= 1649
30.4257620451
K= 1650
4742.22568422
K= 1651
12.6000000001
K= 1652
4845.89208985
K= 1653
4645.29975887
K= 1654
4480.06419234
K= 1655
144.0
K= 1656
12.5166666667
K= 1657
13082.0
K= 1658
29.3038812946
K= 1659
7.97222222213
K= 1660
11.2000000001
K= 1661
4795.75079365
K= 1662
8605.0
K= 1663
4615.28309698
K= 1664
4871.57857143
K= 1665
8.55920329678
K= 1666
705.280596465
K= 1667
4490.70392835
K= 1668
20.70392835
K= 1669
4479.00718356
K= 1670
11.3155666945
K= 1671
4749.66517408
K= 1672
4128.0
K= 1673
4477.83888889
K= 1674
497.282142857
K= 1675
42.9098751094
K= 1676
45.0904761906
K= 1677
19.0
K= 1678
26.4298701298
K= 1679
8598.0
K= 1680
533.436869261
K= 1681
6.10039738193
K= 1682
362.352563137
K= 1683
4896.98344156
K= 1684
4867.40428034
K= 1685
8.71994949493
K= 1686
4296.75
K= 1687
20.70392835
K= 1688
12.5166666667
K= 1689
6.78333333344
K= 1690
34.0
K= 1691
12.1310457515
K= 1692
170.0
K= 1693
26.9907239563
K= 1694
4936.0 , Degree=0
K= 1695
4128.0
K= 1696
362.623222686
K= 1697
317.709577922
K= 1698
439.628571429
K= 1699
10.0527777778
K= 1700
9634.32043977
K= 1701
4589.82378676
K= 1702
4888.9867683
K= 1703
12.6000000001
K= 1704
4490.70392835
K= 1705
4561.0
K= 1706
414.838465421
K= 1707
4482.00669856
K= 1708
7.69882478635
K= 1709
4490.70392835
K= 1710
4479.16904762
K= 1711
2885.97993029
K= 1712
442.213997114
K= 1713
4488.51666667
K= 1714
20.70392835
K= 1715
4795.75079365
K= 1716
8593.34533147
K= 1717
34.5288440725
K= 1718
12.4666666668
K= 1719
4084.74855047
K= 1720
9.3023809524
K= 1721
8598.0
K= 1722
15.5838744589
K= 1723
8596.0
K= 1724
13.4277777779
K= 1725
20.5237812912
K= 1726
384.982937106
K= 1727
8815.0
K= 1728
20.70392835
K= 1729
4685.58396068
K= 1730
4910.18333333
K= 1731
8580.0
K= 1732
4126.0
K= 1733
11.2000000001
K= 1734
6.65128933836
K= 1735
4865.42378455
K= 1736
4161.0
K= 1737
9.84444444452
K= 1738
4873.39484127
K= 1739
45.7580090661
K= 1740
9.0238095239
K= 1741
4593.88155857
K= 1742
4800.91401138
K= 1743
4915.06666667
K= 1744
10.9124854791
K= 1745
61.9265366171
K= 1746
151.0
K= 1747
4861.37476755
K= 1748
7.58632478642
K= 1749
25.0333333334
K= 1750
4482.51666667
K= 1751
10.3084415586
K= 1752
112.0
K= 1753
4267.5
K= 1754
8597.0
K= 1755
9.28760822536
K= 1756
18.0
K= 1757
4831.50491862
K= 1758
4797.42785995
K= 1759
4730.19761905
K= 1760
11674.3580257
K= 1761
9.17777777789
K= 1762
7.40473688359
K= 1763
4816.19098124
K= 1764
10.7000000001
K= 1765
5010.57857143
K= 1766
188.583333333
K= 1767
4296.75
K= 1768
4479.15714286
K= 1769
9.15714285721
K= 1770
141.0
K= 1771
17.6888888889
K= 1772
4145.0
K= 1773
8605.0
K= 1774
20.70392835
K= 1775
4936.0 , Degree=0
K= 1776
52.770779629
K= 1777
4513.0
K= 1778
136.0
K= 1779
4490.70392835
K= 1780
4748.953794
K= 1781
4883.30569986
K= 1782
21.9333333332
K= 1783
6.91302294203
K= 1784
4473.07892835
K= 1785
8596.0
K= 1786
4238.79967179
K= 1787
129.0
K= 1788
12.7452380953
K= 1789
4296.75
K= 1790
175.037347978
K= 1791
9.36590909096
K= 1792
4936.0 , Degree=0
K= 1793
12.0166666667
K= 1794
6.85725838703
K= 1795
139.5
K= 1796
3970.0093847
K= 1797
15.7583466992
K= 1798
38.4185601396
K= 1799
34.7285714286
K= 1800
20.70392835
K= 1801
119.797619048
K= 1802
8549.0
K= 1803
4481.36666667
K= 1804
9.05238095252
K= 1805
11638.3570563
K= 1806
21.70392835
K= 1807
20.70392835
K= 1808
96.622529169
K= 1809
8.31190476194
K= 1810
20.70392835
K= 1811
18.875
K= 1812
8596.0
K= 1813
24.8444444445
K= 1814
9.1690476191
K= 1815
23.7865079364
K= 1816
4786.91794059
K= 1817
6612.73766391
K= 1818
9.82857142866
K= 1819
400.612988716
K= 1820
13423.4761905
K= 1821
8.4547619049
K= 1822
20.70392835
K= 1823
4795.75079365
K= 1824
4422.17586263
K= 1825
8605.0
K= 1826
9536.2288363
K= 1827
30.697764018
K= 1828
502.5406127
K= 1829
12.4095238096
K= 1830
144.0
K= 1831
76.7941308692
K= 1832
20.70392835
K= 1833
4865.42378455
K= 1834
4893.20508325
K= 1835
4479.83333333
K= 1836
5101.7636836
K= 1837
190.533333333
K= 1838
34.192436151
K= 1839
15.9952380953
K= 1840
8.83088098804
K= 1841
40.2433545985
K= 1842
66.7473002683
K= 1843
12.2666666667
K= 1844
4764.75141329
K= 1845
11.6000000001
K= 1846
20.70392835
K= 1847
8593.0
K= 1848
43.2007832445
K= 1849
12.0166666667
K= 1850
10.4952380953
K= 1851
4296.75
K= 1852
16.7779620545
K= 1853
4199.0
K= 1854
135.0
K= 1855
400.931250028
K= 1856
11.2000000001
K= 1857
4479.97142857
K= 1858
44.0635283425
K= 1859
4771.5007992
K= 1860
4296.75
K= 1861
4652.03333333
K= 1862
547.558961871
K= 1863
8537.0
K= 1864
24.5333333334
K= 1865
4845.64793117
K= 1866
41.88091133
K= 1867
148.0
K= 1868
4296.75
K= 1869
155.318181818
K= 1870
163.0
K= 1871
7.63864733151
K= 1872
15.0570112894
K= 1873
4296.75
K= 1874
6.22238766996
K= 1875
4600.52142857
K= 1876
8597.0
K= 1877
12.568518179
K= 1878
13.5
K= 1879
8.67662337667
K= 1880
130.353766499
K= 1881
8593.0
K= 1882
10.0416666666
K= 1883
12.5166666667
K= 1884
132.0
K= 1885
4478.71994949
K= 1886
11673.2394624
K= 1887
13.1166666667
K= 1888
11.8000000002
K= 1889
374.349758575
K= 1890
4936.0 , Degree=0
K= 1891
4583.0
K= 1892
9.71904761915
K= 1893
8605.0
K= 1894
4482.13519438
K= 1895
455.25
K= 1896
4615.0
K= 1897
4850.62041523
K= 1898
5101.7636836
K= 1899
9.86904761917
K= 1900
210.427040026
K= 1901
4456.0
K= 1902
9.22222222213
K= 1903
4126.36017094
K= 1904
3027.16060625
K= 1905
7.30730837793
K= 1906
20.20392835
K= 1907
23.7000142087
K= 1908
4478.97510823
K= 1909
28.366334176
K= 1910
10.6063492064
K= 1911
11.8666666667
K= 1912
8.30238095252
K= 1913
20.70392835
K= 1914
533.011904762
K= 1915
325.465079365
K= 1916
4658.58333333
K= 1917
20.70392835
K= 1918
6.86159844068
K= 1919
4893.80120624
K= 1920
4864.06951786
K= 1921
4816.19098124
K= 1922
189.583333333
K= 1923
5139.52973088
K= 1924
7.18924115109
K= 1925
10.6380952381
K= 1926
4162.0
K= 1927
499.117460318
K= 1928
5729.43081447
K= 1929
9.20952380961
K= 1930
118.785569514
K= 1931
22.0451989347
K= 1932
877.595389363
K= 1933
4836.8015873
K= 1934
144.0
K= 1935
139.0
K= 1936
63.858041705
K= 1937
20.4834325397
K= 1938
12.6000000001
K= 1939
11.3666666667
K= 1940
4551.0
K= 1941
33.8065336477
K= 1942
4809.61105245
K= 1943
178.711764799
K= 1944
8598.0
K= 1945
4590.0
K= 1946
10.0666666667
K= 1947
27.861823087
K= 1948
4509.23214286
K= 1949
30.3556571929
K= 1950
407.63807588
K= 1951
4795.75079365
K= 1952
4296.75
K= 1953
4874.26111111
K= 1954
7.0207929326
K= 1955
4373.0
K= 1956
415.422424668
K= 1957
6.29883289116
K= 1958
21.0237812912
K= 1959
597.631666667
K= 1960
383.450736645
K= 1961
20.70392835
K= 1962
4478.20995671
K= 1963
11.4285714286
K= 1964
4898.21468254
K= 1965
7.68895636522
K= 1966
4296.75
K= 1967
165.0
K= 1968
4871.08678168
K= 1969
307.994047619
K= 1970
205.9
K= 1971
60.1649161222
K= 1972
4865.42378455
K= 1973
210.583333333
K= 1974
4128.0
K= 1975
4128.0
K= 1976
38.3260622545
K= 1977
776.616275391
K= 1978
4771.5007992
K= 1979
8945.89844386
K= 1980
172.2
K= 1981
9.31904761912
K= 1982
20.70392835
K= 1983
9586.2142903
K= 1984
108.0
K= 1985
12.4333333335
K= 1986
4499.87326433
K= 1987
2854.70219475
K= 1988
82.6557197593
K= 1989
4128.0
K= 1990
4479.16190476
K= 1991
4838.29975887
K= 1992
178.583333333
K= 1993
24.7166666667
K= 1994
5101.7636836
K= 1995
210.583333333
K= 1996
4836.8015873
K= 1997
20.7023809524
K= 1998
8.21994949493
K= 1999
20.70392835
K= 2000
10.161904762
K= 2001
4878.57857143
K= 2002
4843.792288
K= 2003
4296.75
K= 2004
4957.08333333
K= 2005
12.4095238096
K= 2006
284.0
K= 2007
4689.5801369
K= 2008
5010.57857143
K= 2009
146.0
K= 2010
6.97150721832
K= 2011
111.5
K= 2012
11.4
K= 2013
7.27257448446
K= 2014
7.33003663016
K= 2015
4795.75079365
K= 2016
113.284482758
K= 2017
33.5931858631
K= 2018
20.1992424242
K= 2019
12.6000000001
K= 2020
11.5952380954
K= 2021
12.5166666667
K= 2022
4570.5007992
K= 2023
8.0166666666
K= 2024
4583.25
K= 2025
1400.2951246
K= 2026
4795.75079365
K= 2027
486.75
K= 2028
11.8000000002
K= 2029
4866.79404762
K= 2030
24.0886904761
K= 2031
6.67340067367
K= 2032
17900.6956422
K= 2033
26.8666666667
K= 2034
4909.21904762
K= 2035
4897.8547619
K= 2036
39.3142807385
K= 2037
113.0
K= 2038
5002.92857143
K= 2039
4128.0
K= 2040
65.3636016764
K= 2041
4296.75
K= 2042
43.0702157905
K= 2043
3770.58181389
K= 2044
54.3780386281
K= 2045
227.0
K= 2046
8593.75
K= 2047
19.6571428571
K= 2048
8605.0
K= 2049
24.5333333334
K= 2050
20.70392835
K= 2051
8544.75
K= 2052
4490.66045009
K= 2053
4490.70392835
K= 2054
20.70392835
K= 2055
8518.0
K= 2056
420.145815296
K= 2057
4833.90841009
K= 2058
18.1407894737
K= 2059
11629.5395363
K= 2060
4827.792288
K= 2061
662.703753538
K= 2062
10.6718725719
K= 2063
10.0666666667
K= 2064
4871.42378455
K= 2065
4127.0
K= 2066
9.26666666672
K= 2067
33.0643841188
K= 2068
398.138387021
K= 2069
4546.87326433
K= 2070
11659.6194996
K= 2071
11.8000000002
K= 2072
7.29848484846
K= 2073
3689.33186281
K= 2074
20.20392835
K= 2075
4819.74550523
K= 2076
20.70392835
K= 2077
169.15
K= 2078
12.5166666667
K= 2079
4936.0 , Degree=0
K= 2080
4853.7711154
K= 2081
9.17662337667
K= 2082
4870.78316579
K= 2083
4477.5156746
K= 2084
44.0635283425
K= 2085
19.6764705882
K= 2086
5101.7636836
K= 2087
18216.9869048
K= 2088
4860.36959443
K= 2089
53.7440476191
K= 2090
20.0704074152
K= 2091
5348.09536869
K= 2092
4882.69489699
K= 2093
491.0
K= 2094
306.366595833
K= 2095
8950.07142857
K= 2096
362.797678148
K= 2097
18.2388546685
K= 2098
465.766666666
K= 2099
4806.42378455
K= 2100
4936.0 , Degree=0
K= 2101
318.122141156
K= 2102
4128.0
K= 2103
4626.0
K= 2104
207.583333333
K= 2105
8583.0
K= 2106
4906.16666667
K= 2107
4825.34975857
K= 2108
2791.4738196
K= 2109
4484.71428571
K= 2110
627.36140348
K= 2111
4478.8014763
K= 2112
4936.0 , Degree=0
K= 2113
10.0952380953
K= 2114
17.4550000001
K= 2115
4886.02222222
K= 2116
14.5995310245
K= 2117
4936.0 , Degree=0
K= 2118
8.21507936495
K= 2119
61.7269230769
K= 2120
4128.0
K= 2121
8605.0
K= 2122
17.447936508
K= 2123
4624.0
K= 2124
141.067451533
K= 2125
4266.5827155
K= 2126
4936.0 , Degree=0
K= 2127
212.422619048
K= 2128
378.724423307
K= 2129
4394.33333333
K= 2130
20.70392835
K= 2131
11.8500000001
K= 2132
4608.0
K= 2133
39.8185185185
K= 2134
21.5526695527
K= 2135
4504.28334524
K= 2136
4296.75
K= 2137
30.3556571929
K= 2138
41.033283383
K= 2139
4296.75
K= 2140
4477.40972222
K= 2141
363.901343419
K= 2142
4296.75
K= 2143
4490.19924242
K= 2144
4490.70392835
K= 2145
416.133193277
K= 2146
4885.62946311
K= 2147
4476.86904762
K= 2148
360.59294723
K= 2149
4478.65714286
K= 2150
8598.0
K= 2151
4855.51201715
K= 2152
4161.0
K= 2153
4199.0
K= 2154
177.4
K= 2155
4296.75
K= 2156
20.70392835
K= 2157
20.70392835
K= 2158
4828.19098124
K= 2159
9301.16666667
K= 2160
4665.1580223
K= 2161
54.3155097254
K= 2162
10.0416666666
K= 2163
10.2690476191
K= 2164
8.86904761917
K= 2165
4899.26468254
K= 2166
11.8666666667
K= 2167
429.126190476
K= 2168
4613.0
K= 2169
4636.0
K= 2170
5.45000000007
K= 2171
8592.5
K= 2172
12.9095238096
K= 2173
6579.20282872
K= 2174
5233.08227753
K= 2175
20.70392835
K= 2176
7.83104575158
K= 2177
11.3666666667
K= 2178
4128.0
K= 2179
19.6764705882
K= 2180
13.5524093697
K= 2181
4619.0
K= 2182
29.4401449274
K= 2183
11.8666666667
K= 2184
4490.70392835
K= 2185
4936.0 , Degree=0
K= 2186
8598.0
K= 2187
18.6524495457
K= 2188
4785.83852814
K= 2189
4625.0
K= 2190
131.588261738
K= 2191
3874.13920139
K= 2192
12.4095238096
K= 2193
16630.3333333
K= 2194
20.70392835
K= 2195
4134.5
K= 2196
4910.59047619
K= 2197
14.3000000002
K= 2198
11.2000000001
K= 2199
37.3524031525
K= 2200
399.785061867
K= 2201
4778.0
K= 2202
4936.0 , Degree=0
K= 2203
20.9904761905
K= 2204
4450.44105976
K= 2205
8.35317460308
K= 2206
4563.75079365
K= 2207
4565.0
K= 2208
20.70392835
K= 2209
4863.3740716
K= 2210
467.016666667
K= 2211
5101.7636836
K= 2212
982.817104063
K= 2213
4296.75
K= 2214
321.225684222
K= 2215
5200.3160446
K= 2216
6061.030961
K= 2217
20.70392835
K= 2218
7.952991453
K= 2219
4296.75
K= 2220
4936.0 , Degree=0
K= 2221
4490.70392835
K= 2222
12722.0
K= 2223
35.361156589
K= 2224
13492.4445896
K= 2225
4842.43158369
K= 2226
4490.70392835
K= 2227
4296.75
K= 2228
17888.1077179
K= 2229
0.0
K= 2230
4828.40379998
K= 2231
19.5815628816
K= 2232
26.8631543124
K= 2233
4725.5007992
K= 2234
150.583333333
K= 2235
4128.0
K= 2236
4936.0 , Degree=0
K= 2237
9.31682990922
K= 2238
116.0
K= 2239
231.608195583
K= 2240
20.70392835
K= 2241
379.183820672
K= 2242
18.6888888889
K= 2243
4128.0
K= 2244
4875.8015873
K= 2245
7.56277056271
K= 2246
7.10590781772
K= 2247
10.5721611723
K= 2248
12.5166666667
K= 2249
7.0
K= 2250
730.445963515
K= 2251
2555.79896653
K= 2252
4128.0
K= 2253
5615.67826555
K= 2254
17.5333333334
K= 2255
49.7443181819
K= 2256
327.13930581
K= 2257
8605.0
K= 2258
4128.0
K= 2259
4490.70392835
K= 2260
4936.0 , Degree=0
K= 2261
8.41904761922
K= 2262
8605.0
K= 2263
20.70392835
K= 2264
12.5166666667
K= 2265
12.2666666667
K= 2266
25.3106442578
K= 2267
8548.5
K= 2268
9.57406841533
K= 2269
4477.0
K= 2270
12.6000000001
K= 2271
4793.12952742
K= 2272
401.185077698
K= 2273
4598.09749695
K= 2274
94.7398259885
K= 2275
4812.64637882
K= 2276
6.04026196024
K= 2277
8604.0
K= 2278
202.75
K= 2279
20.70392835
K= 2280
4694.75833333
K= 2281
8588.0
K= 2282
8.22943722946
K= 2283
16.1630144365
K= 2284
9.25277777785
K= 2285
4490.10602814
K= 2286
9.92857142864
K= 2287
142.0
K= 2288
20.70392835
K= 2289
429.086904762
K= 2290
4929.44355644
K= 2291
21.75
K= 2292
4816.19098124
K= 2293
8605.0
K= 2294
4602.75079365
K= 2295
134.0
K= 2296
2758.74706117
K= 2297
4128.0
K= 2298
20.70392835
K= 2299
11.5952380954
K= 2300
4936.0 , Degree=0
K= 2301
4883.65511888
K= 2302
19.7619047619
K= 2303
4479.00718356
K= 2304
190.533333333
K= 2305
4806.42378455
K= 2306
7.24670329678
K= 2307
164.0
K= 2308
156.083333333
K= 2309
4475.75623317
K= 2310
4832.0
K= 2311
8605.0
K= 2312
184.616666667
K= 2313
20.70392835
K= 2314
4806.42378455
K= 2315
4791.89218918
K= 2316
0.0
K= 2317
503.984025974
K= 2318
8.79855232488
K= 2319
480.836566362
K= 2320
27.5166666667
K= 2321
4845.06951786
K= 2322
772.277934288
K= 2323
3386.5509567
K= 2324
465.902430118
K= 2325
9.6166666667
K= 2326
4481.2
K= 2327
4865.42378455
K= 2328
4580.93832973
K= 2329
8598.0
K= 2330
4478.12662338
K= 2331
41.4663840674
K= 2332
241.575595238
K= 2333
14.8468253968
K= 2334
11.8666666667
K= 2335
11.3666666667
K= 2336
4597.0
K= 2337
21.0127253419
K= 2338
5695.88146735
K= 2339
9352.50727595
K= 2340
166.0
K= 2341
4296.75
K= 2342
25.0666666667
K= 2343
321.225684222
K= 2344
4603.75079365
K= 2345
4128.0
K= 2346
1257.61624004
K= 2347
31.9116123092
K= 2348
4659.53333333
K= 2349
8598.0
K= 2350
4936.0 , Degree=0
K= 2351
15.3073593074
K= 2352
4561.0
K= 2353
8549.0
K= 2354
4795.18203158
K= 2355
20.70392835
K= 2356
182.033333333
K= 2357
4490.70392835
K= 2358
69.5459803353
K= 2359
4448.75
K= 2360
4399.2966885
K= 2361
20.70392835
K= 2362
4795.75079365
K= 2363
4504.57011803
K= 2364
62.9593570844
K= 2365
495.61547619
K= 2366
75.3780386281
K= 2367
21.2404761905
K= 2368
10.0666666667
K= 2369
8543.0
K= 2370
11.8666666667
K= 2371
4128.0
K= 2372
14.7519118309
K= 2373
167.0
K= 2374
12.6000000001
K= 2375
4611.0
K= 2376
5693.88146735
K= 2377
27.0933204596
K= 2378
4296.75
K= 2379
4613.0
K= 2380
390.900793651
K= 2381
4128.0
K= 2382
11344.7629347
K= 2383
20.70392835
K= 2384
14.4237693759
K= 2385
19.9001626971
K= 2386
14.6444444444
K= 2387
11663.9871243
K= 2388
20.8833333333
K= 2389
4898.80833333
K= 2390
120.495833333
K= 2391
4555.49285714
K= 2392
12.4333333335
K= 2393
208.632936508
K= 2394
4771.5007992
K= 2395
4490.70392835
K= 2396
313.409829134
K= 2397
20.20392835
K= 2398
34.2309642894
K= 2399
9.31904761912
K= 2400
4602.0
Betweenness Centrality Improvement
[ 0.  0.  0. ...,  0.  0.  0.]
Top 20 BC Improvement
[2087 2032 2228 1508 1599 1606 2193 2224 1820 1499 1657 2222 1627 1631 1648
 1760 1886 2387 1320 2070]
Top 20 BC Improvement
[ 18216.98690476  17900.69564218  17888.10771788  17650.          17650.
  17192.          16630.33333333  13492.44458956  13423.47619048  13201.
  13082.          12722.          12712.33333333  11948.5023088
  11743.66910059  11674.35802571  11673.23946241  11663.98712427
  11661.13916802  11659.61949955]
