txValue= 10000
Input graph
IGRAPH D--- 4619 68733 -- 
+ attr: pub_key (v), base_fee (e), capacity (e), fee_rate (e), txCost (e)
None
Graph after edges deleted
IGRAPH D--- 4619 68697 -- 
+ attr: pub_key (v), base_fee (e), capacity (e), fee_rate (e), txCost (e)
None
Our nodes starting connections: 
(4618, 2796)
(4618, 1223)
(4618, 1163)
(4618, 498)
(4618, 3265)
(4618, 1589)
(4618, 4051)
(4618, 3246)
(4618, 2087)
CurrentBC of our node:  1019035.21148
K= 1200
4122.0
K= 1201
372.278765018
K= 1202
8947.32700983
K= 1203
4122.0
K= 1204
4480.88494426
K= 1205
4287.75
K= 1206
11.8218725717
K= 1207
391.549264695
K= 1208
25.8611473902
K= 1209
32.3967902267
K= 1210
29.5583333333
K= 1211
15.5333333333
K= 1212
11.8062271061
K= 1213
223.583333333
K= 1214
4482.03333333
K= 1215
87.7379731382
K= 1216
89.6097846599
K= 1217
4936.0 , Degree=0
K= 1218
25.5952380953
K= 1219
3555.53149787
K= 1220
10.9775946274
K= 1221
227.583333333
K= 1222
25.20392835
K= 1223
28.761296014
K= 1224
11.6833333332
K= 1225
15.6952380952
K= 1226
4632.0
K= 1227
4855.09866245
K= 1228
95.8675222724
K= 1229
8391.0
K= 1230
26.3150394611
K= 1231
29.7143939394
K= 1232
26.3611473901
K= 1233
15.8
K= 1234
197.533333334
K= 1235
4614.0
K= 1236
13.8
K= 1237
4873.91201299
K= 1238
191.360257734
K= 1239
21.2854726897
K= 1240
178.0
K= 1241
1115.41655078
K= 1242
8574.0
K= 1243
8773.14285714
K= 1244
4857.25163472
K= 1245
4492.70392835
K= 1246
18.5781746032
K= 1247
3998.75576126
K= 1248
169.442629592
K= 1249
29.6819185888
K= 1250
9.88792270527
K= 1251
4607.0
K= 1252
57.5446477195
K= 1253
386.413562255
K= 1254
8596.0
K= 1255
4969.45079365
K= 1256
4690.32631308
K= 1257
12.1857142857
K= 1258
4841.23492063
K= 1259
4936.0 , Degree=0
K= 1260
30.1271633023
K= 1261
58.8998015875
K= 1262
5714.29264266
K= 1263
16.4333333333
K= 1264
8584.0
K= 1265
25.70392835
K= 1266
4618.0
K= 1267
2514.17598335
K= 1268
4848.42183944
K= 1269
26.3150394611
K= 1270
4870.76944444
K= 1271
12.3690476191
K= 1272
36.1390674987
K= 1273
37.1973432325
K= 1274
4492.70392835
K= 1275
17.4012445888
K= 1276
4841.5506514
K= 1277
4906.44955173
K= 1278
32.4756410255
K= 1279
39.2841131091
K= 1280
14.9185784975
K= 1281
4511.52766657
K= 1282
4287.75
K= 1283
226.583333333
K= 1284
26.3150394611
K= 1285
26.1908589472
K= 1286
81.8417308129
K= 1287
26.3150394611
K= 1288
4811.42378455
K= 1289
20.19004329
K= 1290
26.3150394611
K= 1291
4702.46058681
K= 1292
4743.81377366
K= 1293
8579.0
K= 1294
16.0166666666
K= 1295
151.0
K= 1296
5110.30464149
K= 1297
4624.0
K= 1298
4453.33412698
K= 1299
159.4882479
K= 1300
10.202651515
K= 1301
4125.5
K= 1302
4705.96775423
K= 1303
8589.0
K= 1304
10.7511904761
K= 1305
4478.84365079
K= 1306
4476.09201747
K= 1307
4571.5007992
K= 1308
15.1619047619
K= 1309
443.002330236
K= 1310
13.3190476191
K= 1311
12.6616161615
K= 1312
81.3268792828
K= 1313
984.817104063
K= 1314
4122.0
K= 1315
482.516666666
K= 1316
384.500799201
K= 1317
24.0166666666
K= 1318
18.4718409586
K= 1319
5110.30464149
K= 1320
11625.285668
K= 1321
4917.75
K= 1322
4886.79404762
K= 1323
39.4801589674
K= 1324
369.808872647
K= 1325
15.2666666666
K= 1326
14.1
K= 1327
35.7333333334
K= 1328
150.0
K= 1329
8587.0
K= 1330
4475.69540305
K= 1331
452.86050061
K= 1332
4855.09866245
K= 1333
15.5333333332
K= 1334
4876.42378455
K= 1335
4055.48333333
K= 1336
26.3150394611
K= 1337
48.018967811
K= 1338
15.5333333332
K= 1339
48.2222947804
K= 1340
4492.70392835
K= 1341
436.577651515
K= 1342
176.5
K= 1343
121.457142857
K= 1344
4882.67038623
K= 1345
4936.0 , Degree=0
K= 1346
33.3367785915
K= 1347
4843.51519952
K= 1348
85.9373015874
K= 1349
4492.70392835
K= 1350
11.8690476191
K= 1351
14.0
K= 1352
342.051937992
K= 1353
623.0
K= 1354
15.0333333333
K= 1355
15.1738502238
K= 1356
39.1722815474
K= 1357
984.817104063
K= 1358
9.99523809529
K= 1359
3075.39332914
K= 1360
388.825655349
K= 1361
26.3150394611
K= 1362
4934.93716931
K= 1363
91.6466775782
K= 1364
4480.06666667
K= 1365
4153.25
K= 1366
26.3150394611
K= 1367
42.9668258027
K= 1368
4776.5007992
K= 1369
6511.73749923
K= 1370
24.3047619048
K= 1371
11.6192540792
K= 1372
150.5
K= 1373
4509.53930791
K= 1374
4936.0 , Degree=0
K= 1375
59.8056149407
K= 1376
16.5166666666
K= 1377
20.420739065
K= 1378
25.7306818181
K= 1379
12.70995671
K= 1380
16.4095238094
K= 1381
8936.45559163
K= 1382
15.7999999999
K= 1383
19.5818181817
K= 1384
4793.00481602
K= 1385
4862.63533187
K= 1386
4876.42378455
K= 1387
8596.0
K= 1388
4126.13095238
K= 1389
4800.83412698
K= 1390
330.958608059
K= 1391
4122.0
K= 1392
318.888563731
K= 1393
4936.0 , Degree=0
K= 1394
23.5476190475
K= 1395
3991.24485407
K= 1396
4573.68563648
K= 1397
75.1333333333
K= 1398
133.5
K= 1399
4287.75
K= 1400
382.349758575
K= 1401
227.583333333
K= 1402
26.3150394611
K= 1403
4819.42907648
K= 1404
8740.0
K= 1405
22.9493413019
K= 1406
4480.06666667
K= 1407
17.6
K= 1408
4830.34975857
K= 1409
4823.97186147
K= 1410
4287.75
K= 1411
308.783237493
K= 1412
4608.83333333
K= 1413
4804.32631308
K= 1414
143.163394745
K= 1415
4306.2
K= 1416
89.6097846599
K= 1417
10.8863247861
K= 1418
4825.74550523
K= 1419
14.8666666666
K= 1420
3330.44122586
K= 1421
4861.90841009
K= 1422
14.8623880628
K= 1423
150.0
K= 1424
26.3150394611
K= 1425
11.4967032967
K= 1426
161.5
K= 1427
4821.19880193
K= 1428
8346.52474345
K= 1429
4211.03360165
K= 1430
30.8330409357
K= 1431
4492.70392835
K= 1432
3551.07433675
K= 1433
14.511904762
K= 1434
4492.70392835
K= 1435
104.021464647
K= 1436
4872.40428034
K= 1437
4827.64793117
K= 1438
22.20392835
K= 1439
599.950049278
K= 1440
4486.83333333
K= 1441
4122.0
K= 1442
14.6
K= 1443
8532.75
K= 1444
229.755194805
K= 1445
4841.23492063
K= 1446
4155.0
K= 1447
8532.75
K= 1448
5406.57032347
K= 1449
194.583333333
K= 1450
103.75504967
K= 1451
13.8690476191
K= 1452
4463.0
K= 1453
15.1394152045
K= 1454
15.9095238094
K= 1455
1654.39445142
K= 1456
25.8611473902
K= 1457
11.7432900433
K= 1458
930.685477795
K= 1459
29.1857779624
K= 1460
331.968864469
K= 1461
4492.70392835
K= 1462
10.0565072182
K= 1463
4844.58412698
K= 1464
4492.70392835
K= 1465
8587.03571429
K= 1466
174.0
K= 1467
4492.70392835
K= 1468
4505.5
K= 1469
15.0952380953
K= 1470
26.3150394611
K= 1471
623.0
K= 1472
134.5
K= 1473
142.5
K= 1474
8596.0
K= 1475
15.85
K= 1476
9.33362193359
K= 1477
205.700635981
K= 1478
4439.75
K= 1479
4273.0
K= 1480
13.3309857084
K= 1481
147.416666667
K= 1482
4640.5
K= 1483
16.5166666666
K= 1484
4488.16190476
K= 1485
4565.0
K= 1486
4152.0
K= 1487
124.0
K= 1488
15.2388888887
K= 1489
16.5166666666
K= 1490
28.3617212174
K= 1491
10.7965811965
K= 1492
152.0
K= 1493
9.53649265761
K= 1494
4586.81377366
K= 1495
155.0
K= 1496
4122.0
K= 1497
4287.75
K= 1498
21.4718409586
K= 1499
4268.64444444
K= 1500
26.3150394611
K= 1501
12.7095238096
K= 1502
4881.57857143
K= 1503
4914.4
K= 1504
14.6202380953
K= 1505
26.3150394611
K= 1506
4867.63106189
K= 1507
12.5666666668
K= 1508
17650.0
K= 1509
4287.75
K= 1510
4287.75
K= 1511
4272.0
K= 1512
4395.12157076
K= 1513
4477.43333333
K= 1514
15.7261904761
K= 1515
4435.83412698
K= 1516
265.542857143
K= 1517
7091.29254769
K= 1518
333.370310245
K= 1519
325.615526364
K= 1520
4513.06942959
K= 1521
4287.75
K= 1522
56.2869103586
K= 1523
66.6005244756
K= 1524
32.5166666666
K= 1525
4492.70392835
K= 1526
130.416666667
K= 1527
21.8329670329
K= 1528
26.4817061278
K= 1529
26.3150394611
K= 1530
31.4274107211
K= 1531
14.0071835571
K= 1532
8585.0
K= 1533
4838.90841009
K= 1534
4515.90806804
K= 1535
11.5387657537
K= 1536
4122.0
K= 1537
6.5246983408
K= 1538
8586.70192308
K= 1539
9.10238095233
K= 1540
9.3740981241
K= 1541
68.7312417499
K= 1542
4131.16666667
K= 1543
10.0416666666
K= 1544
16.473015873
K= 1545
147.0
K= 1546
9.08491517929
K= 1547
4936.0 , Degree=0
K= 1548
25.70392835
K= 1549
4608.83412698
K= 1550
8588.0
K= 1551
421.425541125
K= 1552
26.6380952381
K= 1553
4627.0
K= 1554
4800.83412698
K= 1555
294.0
K= 1556
12.55
K= 1557
21.9988692609
K= 1558
22.1772301227
K= 1559
5114.30464149
K= 1560
25.70392835
K= 1561
4287.75
K= 1562
139.333333333
K= 1563
38.9819802099
K= 1564
145.0
K= 1565
5441.32961284
K= 1566
13.5166666666
K= 1567
5585.3306096
K= 1568
4609.41666667
K= 1569
25.657142857
K= 1570
9.5598472727
K= 1571
4492.70392835
K= 1572
150.0
K= 1573
8953.0
K= 1574
9.79199381708
K= 1575
8589.0
K= 1576
13.6380952381
K= 1577
4936.0 , Degree=0
K= 1578
18.8077380953
K= 1579
4879.12709235
K= 1580
25.0372616834
K= 1581
560.558961871
K= 1582
4550.2
K= 1583
4287.75
K= 1584
4287.75
K= 1585
519.61547619
K= 1586
13.2333333334
K= 1587
15.3288613692
K= 1588
9.5
K= 1589
3.47487301845
K= 1590
57.1484394348
K= 1591
4887.14880952
K= 1592
5285.37723189
K= 1593
4822.1580223
K= 1594
26.3611473902
K= 1595
4821.45400433
K= 1596
4936.0 , Degree=0
K= 1597
8596.0
K= 1598
44.2416501812
K= 1599
17650.0
K= 1600
4287.75
K= 1601
15.8
K= 1602
4936.0 , Degree=0
K= 1603
16.4333333332
K= 1604
13.4471972474
K= 1605
4660.2484503
K= 1606
17174.0
K= 1607
186.0
K= 1608
12.7666666666
K= 1609
4287.75
K= 1610
21.4528138528
K= 1611
26.3150394611
K= 1612
26.1007130125
K= 1613
9.59547152196
K= 1614
4122.0
K= 1615
4511.48173259
K= 1616
28.6855183705
K= 1617
4776.5007992
K= 1618
12.3686979688
K= 1619
4479.41904762
K= 1620
16.4666666667
K= 1621
16.5166666666
K= 1622
8610.86114739
K= 1623
8589.0
K= 1624
3058.68920769
K= 1625
4119.0
K= 1626
37.8524117031
K= 1627
12701.2539683
K= 1628
8059.12127495
K= 1629
4481.27301587
K= 1630
571.258333333
K= 1631
11917.5856421
K= 1632
4883.09292652
K= 1633
4915.9012987
K= 1634
4848.792288
K= 1635
12.7444444445
K= 1636
19.326722028
K= 1637
180.0
K= 1638
4898.86810219
K= 1639
4776.5007992
K= 1640
24.7053724054
K= 1641
8494.0
K= 1642
4492.86114739
K= 1643
15.85
K= 1644
9.9714285715
K= 1645
4876.42378455
K= 1646
4287.75
K= 1647
4608.83412698
K= 1648
11705.1691006
K= 1649
35.8179189079
K= 1650
4746.32896436
K= 1651
17.6
K= 1652
4850.89208985
K= 1653
4647.36581445
K= 1654
4480.56419234
K= 1655
151.0
K= 1656
17.5166666666
K= 1657
13073.0
K= 1658
38.6936300931
K= 1659
11.3722222222
K= 1660
14.8666666666
K= 1661
4800.83412698
K= 1662
8596.0
K= 1663
4617.28309698
K= 1664
4876.57857143
K= 1665
12.0592032967
K= 1666
722.280596465
K= 1667
4492.70392835
K= 1668
25.70392835
K= 1669
4481.00718356
K= 1670
11.3155666944
K= 1671
4754.66517408
K= 1672
4122.0
K= 1673
4478.23888889
K= 1674
513.282142857
K= 1675
50.0650221683
K= 1676
66.5904761906
K= 1677
19.0
K= 1678
33.287012987
K= 1679
8589.0
K= 1680
548.436869261
K= 1681
9.21804444084
K= 1682
374.852563137
K= 1683
4901.98344156
K= 1684
4872.40428034
K= 1685
12.7199494948
K= 1686
4287.75
K= 1687
26.3150394611
K= 1688
14.5166666666
K= 1689
10.0055555556
K= 1690
34.0
K= 1691
15.4643790849
K= 1692
193.0
K= 1693
32.9907239563
K= 1694
4936.0 , Degree=0
K= 1695
4122.0
K= 1696
370.623222686
K= 1697
325.792911255
K= 1698
447.628571429
K= 1699
13.5527777778
K= 1700
9644.32043977
K= 1701
4591.82378676
K= 1702
4893.8538318
K= 1703
17.5999999999
K= 1704
4492.70392835
K= 1705
4565.0
K= 1706
422.832055164
K= 1707
4482.57812714
K= 1708
11.0321581195
K= 1709
4492.70392835
K= 1710
4479.66904762
K= 1711
2875.72897121
K= 1712
449.975901876
K= 1713
4490.51666667
K= 1714
26.3150394611
K= 1715
4800.83412698
K= 1716
8584.59533147
K= 1717
40.1399551837
K= 1718
16.4666666667
K= 1719
4072.51129557
K= 1720
9.80238095229
K= 1721
8589.0
K= 1722
22.2505411255
K= 1723
8587.0
K= 1724
17.0944444444
K= 1725
25.5237812912
K= 1726
393.136783259
K= 1727
8815.0
K= 1728
25.70392835
K= 1729
4692.58396068
K= 1730
4915.18333333
K= 1731
8571.0
K= 1732
4120.0
K= 1733
14.8666666667
K= 1734
9.87351156049
K= 1735
4870.42378455
K= 1736
4152.0
K= 1737
13.2444444444
K= 1738
4878.39484127
K= 1739
52.7580090661
K= 1740
12.6904761905
K= 1741
4598.98155857
K= 1742
4802.91401138
K= 1743
4920.06666667
K= 1744
14.162485479
K= 1745
72.6098699505
K= 1746
159.0
K= 1747
4866.32631308
K= 1748
10.9196581194
K= 1749
33.0333333334
K= 1750
4483.51666667
K= 1751
10.6417748919
K= 1752
118.0
K= 1753
4272.5
K= 1754
8588.0
K= 1755
14.1209415585
K= 1756
21.0
K= 1757
4836.50491862
K= 1758
4802.42785995
K= 1759
4732.19761905
K= 1760
11638.3580257
K= 1761
12.5777777779
K= 1762
9.40473688371
K= 1763
4821.19098124
K= 1764
14.3666666666
K= 1765
5015.16190476
K= 1766
196.583333333
K= 1767
4287.75
K= 1768
4479.65714286
K= 1769
12.5571428572
K= 1770
148.0
K= 1771
18.4888888889
K= 1772
4136.0
K= 1773
8596.0
K= 1774
26.3150394611
K= 1775
4936.0 , Degree=0
K= 1776
61.7707796287
K= 1777
4518.0
K= 1778
140.0
K= 1779
4492.70392835
K= 1780
4753.953794
K= 1781
4888.30569986
K= 1782
29.1
K= 1783
10.1987372277
K= 1784
4473.07892835
K= 1785
8589.0
K= 1786
4226.95723099
K= 1787
137.0
K= 1788
16.4119047619
K= 1789
4287.75
K= 1790
185.237347979
K= 1791
12.8659090908
K= 1792
4936.0 , Degree=0
K= 1793
16.0166666666
K= 1794
8.85725838714
K= 1795
146.5
K= 1796
3958.31927765
K= 1797
21.7583466991
K= 1798
43.6446285157
K= 1799
43.7285714287
K= 1800
26.3150394611
K= 1801
127.630952381
K= 1802
8540.0
K= 1803
4485.03333333
K= 1804
12.5523809524
K= 1805
11606.3570563
K= 1806
27.3150394611
K= 1807
26.3150394611
K= 1808
133.372529169
K= 1809
11.711904762
K= 1810
26.3150394611
K= 1811
18.875
K= 1812
8587.0
K= 1813
28.2444444445
K= 1814
12.5690476191
K= 1815
26.7865079364
K= 1816
4790.50127392
K= 1817
6592.44877502
K= 1818
12.8285714287
K= 1819
408.571917287
K= 1820
8963.33809524
K= 1821
11.4547619048
K= 1822
26.3150394611
K= 1823
4800.83412698
K= 1824
4422.17586263
K= 1825
8596.0
K= 1826
9542.4788363
K= 1827
39.6977640177
K= 1828
513.5406127
K= 1829
16.4095238094
K= 1830
148.0
K= 1831
91.3377206129
K= 1832
25.70392835
K= 1833
4870.42378455
K= 1834
4898.34794039
K= 1835
4480.23333333
K= 1836
5110.30464149
K= 1837
198.533333334
K= 1838
39.3892498765
K= 1839
22.9952380953
K= 1840
12.595838253
K= 1841
47.2433545986
K= 1842
73.3304776303
K= 1843
15.2666666666
K= 1844
4769.75141329
K= 1845
14.6
K= 1846
26.3150394611
K= 1847
8584.0
K= 1848
46.7007832445
K= 1849
16.0166666666
K= 1850
13.4952380953
K= 1851
4287.75
K= 1852
19.7779620545
K= 1853
4190.0
K= 1854
141.0
K= 1855
402.641071457
K= 1856
14.8666666667
K= 1857
4480.63809524
K= 1858
47.5635283425
K= 1859
4776.5007992
K= 1860
4287.75
K= 1861
4657.03333333
K= 1862
560.558961871
K= 1863
8529.0
K= 1864
30.5333333334
K= 1865
4850.64793117
K= 1866
53.8809113301
K= 1867
155.0
K= 1868
4287.75
K= 1869
156.318181818
K= 1870
179.0
K= 1871
12.6386473315
K= 1872
21.3903446228
K= 1873
4287.75
K= 1874
9.36524481256
K= 1875
4605.6047619
K= 1876
8588.0
K= 1877
15.818518179
K= 1878
16.5
K= 1879
12.0766233767
K= 1880
131.063587927
K= 1881
8584.0
K= 1882
13.5416666666
K= 1883
16.5166666666
K= 1884
139.0
K= 1885
4479.38661616
K= 1886
11637.1868308
K= 1887
16.7833333332
K= 1888
15.7999999999
K= 1889
382.349758575
K= 1890
4936.0 , Degree=0
K= 1891
4587.0
K= 1892
13.719047619
K= 1893
8596.0
K= 1894
4486.23519438
K= 1895
460.25
K= 1896
4619.0
K= 1897
4855.62041523
K= 1898
5110.30464149
K= 1899
13.8690476191
K= 1900
210.427040026
K= 1901
4460.0
K= 1902
15.222222222
K= 1903
4117.36017094
K= 1904
3016.30979774
K= 1905
10.6406417112
K= 1906
25.6281707742
K= 1907
27.0333475419
K= 1908
4479.37510823
K= 1909
32.8663341759
K= 1910
14.6063492064
K= 1911
15.5333333333
K= 1912
12.3023809524
K= 1913
26.3150394611
K= 1914
540.595238095
K= 1915
333.548412698
K= 1916
4663.58333333
K= 1917
25.70392835
K= 1918
10.1473127262
K= 1919
4898.91231735
K= 1920
4866.13201786
K= 1921
4821.19098124
K= 1922
197.583333333
K= 1923
5149.52973088
K= 1924
10.3892411508
K= 1925
11.6380952381
K= 1926
4156.0
K= 1927
505.450793652
K= 1928
5712.45760018
K= 1929
12.6095238095
K= 1930
131.985569513
K= 1931
25.5451989347
K= 1932
558.671146938
K= 1933
4841.23492063
K= 1934
151.0
K= 1935
146.0
K= 1936
70.4024861496
K= 1937
26.3167658731
K= 1938
17.6
K= 1939
15.0333333332
K= 1940
4555.0
K= 1941
39.0033473732
K= 1942
4814.61105245
K= 1943
185.297479085
K= 1944
8589.0
K= 1945
4594.0
K= 1946
13.5666666667
K= 1947
33.6951564202
K= 1948
4511.48214286
K= 1949
36.1889905263
K= 1950
415.638075881
K= 1951
4800.83412698
K= 1952
4287.75
K= 1953
4879.26111111
K= 1954
7.35412626574
K= 1955
4377.0
K= 1956
423.493853239
K= 1957
9.29883289104
K= 1958
27.5237812912
K= 1959
614.631666667
K= 1960
383.047375301
K= 1961
25.70392835
K= 1962
4481.54329004
K= 1963
14.4285714286
K= 1964
4903.21468254
K= 1965
10.9746706508
K= 1966
4287.75
K= 1967
181.0
K= 1968
4873.08678168
K= 1969
318.827380952
K= 1970
222.9
K= 1971
72.164916122
K= 1972
4870.42378455
K= 1973
227.583333333
K= 1974
4122.0
K= 1975
4122.0
K= 1976
43.5136879458
K= 1977
793.616275391
K= 1978
4776.5007992
K= 1979
8946.13373797
K= 1980
180.2
K= 1981
13.3190476191
K= 1982
26.3150394611
K= 1983
9596.2142903
K= 1984
115.0
K= 1985
16.4333333333
K= 1986
4504.95659766
K= 1987
2848.72055315
K= 1988
151.857884261
K= 1989
4122.0
K= 1990
4481.16190476
K= 1991
4843.36581445
K= 1992
186.583333333
K= 1993
28.05
K= 1994
5110.30464149
K= 1995
227.583333333
K= 1996
4841.23492063
K= 1997
24.7023809523
K= 1998
12.2199494948
K= 1999
26.3150394611
K= 2000
15.1619047619
K= 2001
4883.57857143
K= 2002
4848.792288
K= 2003
4287.75
K= 2004
4961.16666667
K= 2005
16.4095238094
K= 2006
316.0
K= 2007
4694.5801369
K= 2008
5015.16190476
K= 2009
153.0
K= 2010
10.1937294404
K= 2011
126.5
K= 2012
14.4
K= 2013
10.4725744842
K= 2014
10.33003663
K= 2015
4800.83412698
K= 2016
119.451149425
K= 2017
35.7314633752
K= 2018
25.615909091
K= 2019
17.6
K= 2020
15.0952380953
K= 2021
16.5166666666
K= 2022
4572.5007992
K= 2023
11.5166666666
K= 2024
4587.25
K= 2025
1396.6459904
K= 2026
4800.83412698
K= 2027
493.833333333
K= 2028
15.7999999999
K= 2029
4871.79404762
K= 2030
30.0886904761
K= 2031
9.84006733994
K= 2032
17908.6956422
K= 2033
30.5333333332
K= 2034
4914.21904762
K= 2035
4902.8547619
K= 2036
51.8142807384
K= 2037
119.0
K= 2038
5007.51190476
K= 2039
4122.0
K= 2040
71.7827100072
K= 2041
4287.75
K= 2042
50.0702157906
K= 2043
3759.37348056
K= 2044
59.6097846599
K= 2045
235.0
K= 2046
8581.75
K= 2047
25.657142857
K= 2048
8596.0
K= 2049
30.5333333334
K= 2050
26.3150394611
K= 2051
8532.75
K= 2052
4492.66045009
K= 2053
4492.70392835
K= 2054
26.3150394611
K= 2055
8509.0
K= 2056
428.145815296
K= 2057
4838.90841009
K= 2058
24.1407894737
K= 2059
11593.8252506
K= 2060
4832.792288
K= 2061
676.703753538
K= 2062
14.3385392383
K= 2063
13.5666666667
K= 2064
4876.42378455
K= 2065
4121.0
K= 2066
12.7666666666
K= 2067
39.7523146666
K= 2068
406.138387021
K= 2069
4551.95659766
K= 2070
11623.6194996
K= 2071
15.7999999999
K= 2072
10.2984848485
K= 2073
3674.85964059
K= 2074
25.20392835
K= 2075
4824.74550523
K= 2076
26.3150394611
K= 2077
182.65
K= 2078
16.5166666666
K= 2079
4936.0 , Degree=0
K= 2080
4858.7711154
K= 2081
12.8432900433
K= 2082
4875.85459436
K= 2083
4477.80138889
K= 2084
47.5635283425
K= 2085
25.1007130125
K= 2086
5110.30464149
K= 2087
18.0567460319
K= 2088
4865.36959443
K= 2089
53.7440476191
K= 2090
25.0704074153
K= 2091
5358.99117873
K= 2092
4890.74251604
K= 2093
507.0
K= 2094
311.449929166
K= 2095
8950.64285714
K= 2096
367.881011482
K= 2097
21.2388546685
K= 2098
481.766666666
K= 2099
4811.42378455
K= 2100
4936.0 , Degree=0
K= 2101
326.122141156
K= 2102
4122.0
K= 2103
4631.0
K= 2104
224.583333333
K= 2105
8574.0
K= 2106
4911.16666667
K= 2107
4830.34975857
K= 2108
2782.98117254
K= 2109
4485.28571429
K= 2110
625.860423088
K= 2111
4479.3014763
K= 2112
4936.0 , Degree=0
K= 2113
13.7619047619
K= 2114
22.4550000001
K= 2115
4891.02222222
K= 2116
18.7047941823
K= 2117
4936.0 , Degree=0
K= 2118
11.6150793649
K= 2119
41.8179487179
K= 2120
4122.0
K= 2121
8596.0
K= 2122
21.447936508
K= 2123
4629.0
K= 2124
142.110606295
K= 2125
4268.76265968
K= 2126
4936.0 , Degree=0
K= 2127
229.422619048
K= 2128
387.724423307
K= 2129
4399.33333333
K= 2130
25.70392835
K= 2131
15.85
K= 2132
4613.0
K= 2133
39.8185185185
K= 2134
28.4693362195
K= 2135
4506.48015897
K= 2136
4287.75
K= 2137
36.1889905263
K= 2138
46.176140526
K= 2139
4287.75
K= 2140
4477.63194444
K= 2141
385.034171701
K= 2142
4287.75
K= 2143
4492.19924242
K= 2144
4492.70392835
K= 2145
421.079648782
K= 2146
4890.85168533
K= 2147
4477.86904762
K= 2148
368.59294723
K= 2149
4479.15714286
K= 2150
8589.0
K= 2151
4860.51201715
K= 2152
4152.0
K= 2153
4190.0
K= 2154
194.4
K= 2155
4287.75
K= 2156
26.3150394611
K= 2157
26.3150394611
K= 2158
4833.19098124
K= 2159
9309.16666667
K= 2160
4665.1580223
K= 2161
69.8155097254
K= 2162
13.5416666666
K= 2163
13.269047619
K= 2164
9.86904761905
K= 2165
4904.26468254
K= 2166
15.5333333333
K= 2167
437.126190476
K= 2168
4617.0
K= 2169
4641.0
K= 2170
8.73571428563
K= 2171
8583.5
K= 2172
16.9095238094
K= 2173
6559.85282872
K= 2174
5246.25886024
K= 2175
26.3150394611
K= 2176
11.1643790848
K= 2177
12.0333333333
K= 2178
4119.0
K= 2179
25.1007130125
K= 2180
19.996853814
K= 2181
4623.0
K= 2182
35.2734782607
K= 2183
12.5333333332
K= 2184
4492.70392835
K= 2185
4936.0 , Degree=0
K= 2186
8589.0
K= 2187
21.6524495458
K= 2188
4790.92186147
K= 2189
4630.0
K= 2190
148.675441226
K= 2191
3863.85732978
K= 2192
16.4095238094
K= 2193
16610.3333333
K= 2194
26.3150394611
K= 2195
4125.5
K= 2196
4915.59047619
K= 2197
18.2999999999
K= 2198
14.8666666666
K= 2199
42.5393079144
K= 2200
407.747124953
K= 2201
4788.0
K= 2202
4936.0 , Degree=0
K= 2203
26.9904761903
K= 2204
4450.59490591
K= 2205
11.6865079365
K= 2206
4567.33412698
K= 2207
4570.0
K= 2208
25.70392835
K= 2209
4868.3740716
K= 2210
474.1
K= 2211
5110.30464149
K= 2212
984.817104063
K= 2213
4287.75
K= 2214
328.328964364
K= 2215
5206.3160446
K= 2216
6080.94439778
K= 2217
25.70392835
K= 2218
11.2863247861
K= 2219
4287.75
K= 2220
4936.0 , Degree=0
K= 2221
4492.70392835
K= 2222
12704.0
K= 2223
40.5402348208
K= 2224
13495.4445896
K= 2225
4847.43158369
K= 2226
4492.70392835
K= 2227
4287.75
K= 2228
17888.5362893
K= 2229
0.0
K= 2230
4833.40379998
K= 2231
26.4815628815
K= 2232
29.8631543122
K= 2233
4730.5007992
K= 2234
158.416666667
K= 2235
4122.0
K= 2236
4936.0 , Degree=0
K= 2237
12.3168299093
K= 2238
123.0
K= 2239
242.217637291
K= 2240
25.70392835
K= 2241
387.183820672
K= 2242
22.4888888889
K= 2243
4119.0
K= 2244
4880.23492063
K= 2245
10.9627705627
K= 2246
10.3059078174
K= 2247
14.2388278388
K= 2248
16.5166666666
K= 2249
11.0
K= 2250
747.445963515
K= 2251
2549.93140117
K= 2252
4122.0
K= 2253
5597.05187666
K= 2254
20.5333333334
K= 2255
49.7443181818
K= 2256
335.222639143
K= 2257
8596.0
K= 2258
4122.0
K= 2259
4492.70392835
K= 2260
4936.0 , Degree=0
K= 2261
11.4190476191
K= 2262
8596.0
K= 2263
25.70392835
K= 2264
17.5166666666
K= 2265
15.2666666666
K= 2266
25.3106442578
K= 2267
8539.5
K= 2268
12.755886597
K= 2269
4478.0
K= 2270
17.6
K= 2271
4798.12952742
K= 2272
409.185077698
K= 2273
4603.18083028
K= 2274
101.444760426
K= 2275
4820.72971215
K= 2276
9.04026196012
K= 2277
8595.0
K= 2278
219.75
K= 2279
26.3150394611
K= 2280
4699.75833333
K= 2281
8579.0
K= 2282
10.2294372293
K= 2283
19.1630144365
K= 2284
12.7527777777
K= 2285
4492.10602814
K= 2286
13.5952380953
K= 2287
149.0
K= 2288
25.70392835
K= 2289
437.086904762
K= 2290
4934.21022311
K= 2291
23.7499999999
K= 2292
4821.19098124
K= 2293
8596.0
K= 2294
4607.83412698
K= 2295
141.0
K= 2296
2748.77206117
K= 2297
4122.0
K= 2298
26.3150394611
K= 2299
15.0952380953
K= 2300
4936.0 , Degree=0
K= 2301
4888.73204196
K= 2302
22.7619047619
K= 2303
4481.00718356
K= 2304
198.533333334
K= 2305
4811.42378455
K= 2306
7.58003662992
K= 2307
180.0
K= 2308
163.083333333
K= 2309
4478.75623317
K= 2310
4837.0
K= 2311
8596.0
K= 2312
192.616666667
K= 2313
26.3150394611
K= 2314
4811.42378455
K= 2315
4796.97552252
K= 2316
0.0
K= 2317
511.667359308
K= 2318
9.46521899139
K= 2319
478.900668926
K= 2320
32.5166666666
K= 2321
4850.13201786
K= 2322
789.277934288
K= 2323
3378.51109463
K= 2324
468.683680118
K= 2325
9.6166666667
K= 2326
4481.86666667
K= 2327
4870.42378455
K= 2328
4584.52166306
K= 2329
8589.0
K= 2330
4478.45995671
K= 2331
56.4663840672
K= 2332
252.408928572
K= 2333
19.3468253968
K= 2334
15.5333333333
K= 2335
15.0333333333
K= 2336
4602.0
K= 2337
24.0127253419
K= 2338
5715.50692837
K= 2339
9357.66112211
K= 2340
182.0
K= 2341
4287.75
K= 2342
28.7333333333
K= 2343
328.328964364
K= 2344
4608.83412698
K= 2345
4122.0
K= 2346
1275.78443489
K= 2347
46.9116123092
K= 2348
4664.53333333
K= 2349
8589.0
K= 2350
4936.0 , Degree=0
K= 2351
22.3073593073
K= 2352
4565.0
K= 2353
8540.0
K= 2354
4800.18203158
K= 2355
26.3150394611
K= 2356
190.033333334
K= 2357
4492.70392835
K= 2358
79.5459803353
K= 2359
4439.75
K= 2360
4402.63002183
K= 2361
26.3150394611
K= 2362
4800.83412698
K= 2363
4504.57011803
K= 2364
89.7664999416
K= 2365
511.61547619
K= 2366
89.6097846599
K= 2367
28.5738095237
K= 2368
13.5666666667
K= 2369
8534.0
K= 2370
15.5333333332
K= 2371
4122.0
K= 2372
17.7519118309
K= 2373
183.0
K= 2374
17.6
K= 2375
4615.0
K= 2376
5717.50692837
K= 2377
34.2044315707
K= 2378
4287.75
K= 2379
4617.0
K= 2380
398.900793651
K= 2381
4122.0
K= 2382
11386.0138567
K= 2383
26.3150394611
K= 2384
20.5146784668
K= 2385
25.500162697
K= 2386
17.6444444443
K= 2387
11627.6844927
K= 2388
23.8833333332
K= 2389
4903.80833333
K= 2390
134.495833333
K= 2391
4558.32619048
K= 2392
16.4333333333
K= 2393
216.632936508
K= 2394
4776.5007992
K= 2395
4492.70392835
K= 2396
321.409829134
K= 2397
25.8150394611
K= 2398
39.427778015
K= 2399
13.3190476191
K= 2400
4606.0
Betweenness Centrality Improvement
[ 0.  0.  0. ...,  0.  0.  0.]
Top 20 BC Improvement
[2032 2228 1599 1508 1606 2193 2224 1657 2222 1627 1631 1648 1760 1886 2387
 1320 2070 1805 2059 2382]
Top 20 BC Improvement
[ 17908.69564218  17888.53628931  17650.          17650.          17174.
  16610.33333333  13495.44458956  13073.          12704.          12701.25396825
  11917.58564214  11705.16910059  11638.35802571  11637.18683084
  11627.68449269  11625.28566805  11623.61949955  11606.35705628
  11593.82525063  11386.01385674]
