txValue= 10000
Input graph
IGRAPH D--- 4619 68733 -- 
+ attr: pub_key (v), base_fee (e), capacity (e), fee_rate (e), txCost (e)
None
Graph after edges deleted
IGRAPH D--- 4619 68697 -- 
+ attr: pub_key (v), base_fee (e), capacity (e), fee_rate (e), txCost (e)
None
Our nodes starting connections: 
(4618, 2796)
(4618, 1223)
(4618, 1163)
(4618, 498)
(4618, 3265)
(4618, 1589)
(4618, 4051)
(4618, 3246)
(4618, 2087)
(4618, 2032)
CurrentBC of our node:  1036943.90713
K= 1200
4118.0
K= 1201
377.406335581
K= 1202
8947.32700983
K= 1203
4118.0
K= 1204
4480.88494426
K= 1205
4283.75
K= 1206
11.8218725718
K= 1207
397.702042473
K= 1208
25.8611473901
K= 1209
32.3967902266
K= 1210
29.5583333333
K= 1211
15.5333333332
K= 1212
11.8062271061
K= 1213
232.583333333
K= 1214
4482.03333333
K= 1215
91.7379731382
K= 1216
93.6097846599
K= 1217
4936.0 , Degree=0
K= 1218
25.5952380953
K= 1219
3551.53149787
K= 1220
10.9775946275
K= 1221
232.583333333
K= 1222
25.2039283499
K= 1223
28.761296014
K= 1224
11.6833333333
K= 1225
15.6952380952
K= 1226
4635.0
K= 1227
4863.24866245
K= 1228
95.8675222724
K= 1229
8388.0
K= 1230
26.315039461
K= 1231
29.7143939392
K= 1232
26.3611473901
K= 1233
15.7999999999
K= 1234
202.533333333
K= 1235
4617.0
K= 1236
13.7999999999
K= 1237
4881.67261905
K= 1238
196.360257734
K= 1239
21.2854726895
K= 1240
185.0
K= 1241
1115.41655078
K= 1242
8570.0
K= 1243
8774.14285714
K= 1244
4863.34254382
K= 1245
4492.70392835
K= 1246
18.5781746034
K= 1247
3996.22514902
K= 1248
175.685053835
K= 1249
30.1043784817
K= 1250
9.88792270527
K= 1251
4610.0
K= 1252
57.7668699417
K= 1253
393.413562255
K= 1254
8592.0
K= 1255
4979.95079365
K= 1256
4697.69105667
K= 1257
12.1857142857
K= 1258
4848.0015873
K= 1259
4936.0 , Degree=0
K= 1260
30.3632744134
K= 1261
59.7331349207
K= 1262
5738.81015527
K= 1263
16.4333333332
K= 1264
8580.0
K= 1265
25.7039283499
K= 1266
4621.0
K= 1267
2510.17598335
K= 1268
4845.58312976
K= 1269
26.315039461
K= 1270
4876.83888889
K= 1271
12.3690476191
K= 1272
36.2224008321
K= 1273
38.0973432322
K= 1274
4492.70392835
K= 1275
17.4012445887
K= 1276
4847.37805588
K= 1277
4915.29029433
K= 1278
32.4756410256
K= 1279
39.4841131091
K= 1280
14.9185784975
K= 1281
4511.94433324
K= 1282
4283.75
K= 1283
235.583333333
K= 1284
26.315039461
K= 1285
26.1908589472
K= 1286
82.6083974795
K= 1287
26.315039461
K= 1288
4817.92378455
K= 1289
20.1900432899
K= 1290
26.315039461
K= 1291
4709.02892014
K= 1292
4750.10944388
K= 1293
8575.0
K= 1294
16.0166666665
K= 1295
154.0
K= 1296
5118.82897826
K= 1297
4627.0
K= 1298
4458.33412698
K= 1299
159.277721584
K= 1300
10.2026515151
K= 1301
4121.5
K= 1302
4711.82048894
K= 1303
8585.0
K= 1304
10.751190476
K= 1305
4478.84365079
K= 1306
4476.09201747
K= 1307
4577.91492071
K= 1308
15.1619047619
K= 1309
448.488441347
K= 1310
13.319047619
K= 1311
12.6616161616
K= 1312
82.5639360204
K= 1313
984.817104063
K= 1314
4118.0
K= 1315
495.733333333
K= 1316
390.914920711
K= 1317
24.0166666665
K= 1318
18.4718409586
K= 1319
5118.82897826
K= 1320
11613.285668
K= 1321
4929.8
K= 1322
4894.14404762
K= 1323
39.8801589672
K= 1324
377.232126929
K= 1325
15.2666666665
K= 1326
14.0999999999
K= 1327
35.7333333333
K= 1328
153.0
K= 1329
8583.0
K= 1330
4475.69540305
K= 1331
461.716452991
K= 1332
4863.24866245
K= 1333
15.5333333332
K= 1334
4882.92378455
K= 1335
4059.88333333
K= 1336
26.315039461
K= 1337
48.018967811
K= 1338
15.5333333332
K= 1339
48.2222947804
K= 1340
4492.70392835
K= 1341
445.577651515
K= 1342
183.5
K= 1343
128.623809524
K= 1344
4890.54306022
K= 1345
4936.0 , Degree=0
K= 1346
33.3367785915
K= 1347
4849.57402305
K= 1348
87.3896825397
K= 1349
4492.70392835
K= 1350
11.8690476191
K= 1351
13.9999999999
K= 1352
342.051937993
K= 1353
630.0
K= 1354
15.0333333332
K= 1355
15.7738502237
K= 1356
40.2000593252
K= 1357
984.817104063
K= 1358
9.99523809529
K= 1359
3074.62409837
K= 1360
395.42434172
K= 1361
26.315039461
K= 1362
4943.93716931
K= 1363
91.6466775783
K= 1364
4480.06666667
K= 1365
4157.25
K= 1366
26.315039461
K= 1367
42.9668258027
K= 1368
4782.91492071
K= 1369
6533.59457145
K= 1370
24.3047619048
K= 1371
11.6192540792
K= 1372
153.5
K= 1373
4509.98930791
K= 1374
4936.0 , Degree=0
K= 1375
61.7222816073
K= 1376
16.5166666665
K= 1377
20.4207390648
K= 1378
25.730681818
K= 1379
12.7099567099
K= 1380
16.4095238093
K= 1381
8936.45559163
K= 1382
15.7999999999
K= 1383
19.5818181819
K= 1384
4798.76239177
K= 1385
4868.5645138
K= 1386
4882.92378455
K= 1387
8592.0
K= 1388
4122.13095238
K= 1389
4805.83412698
K= 1390
335.958608059
K= 1391
4118.0
K= 1392
323.388563731
K= 1393
4936.0 , Degree=0
K= 1394
23.5476190475
K= 1395
3987.24485407
K= 1396
4578.35230314
K= 1397
75.9666666667
K= 1398
136.5
K= 1399
4283.75
K= 1400
388.649758575
K= 1401
236.583333333
K= 1402
26.315039461
K= 1403
4826.13253968
K= 1404
8736.0
K= 1405
22.949341302
K= 1406
4480.06666667
K= 1407
17.5999999999
K= 1408
4836.64975857
K= 1409
4829.78138528
K= 1410
4283.75
K= 1411
313.868951779
K= 1412
4611.48333333
K= 1413
4811.69105667
K= 1414
146.163394745
K= 1415
4309.2
K= 1416
93.6097846599
K= 1417
10.8863247863
K= 1418
4831.83641432
K= 1419
14.8666666666
K= 1420
3326.44122586
K= 1421
4867.24469574
K= 1422
14.8623880626
K= 1423
153.0
K= 1424
26.315039461
K= 1425
11.4967032967
K= 1426
165.5
K= 1427
4827.28971102
K= 1428
8362.94323006
K= 1429
4206.82307533
K= 1430
34.8330409356
K= 1431
4492.70392835
K= 1432
3548.57433675
K= 1433
14.5119047619
K= 1434
4492.70392835
K= 1435
107.85479798
K= 1436
4879.87928034
K= 1437
4833.89425469
K= 1438
22.2039283499
K= 1439
607.231001659
K= 1440
4486.83333333
K= 1441
4118.0
K= 1442
14.5999999999
K= 1443
8528.75
K= 1444
236.755194805
K= 1445
4848.0015873
K= 1446
4151.0
K= 1447
8528.75
K= 1448
5424.28680325
K= 1449
199.583333333
K= 1450
103.75504967
K= 1451
13.8690476191
K= 1452
4466.0
K= 1453
15.1394152048
K= 1454
15.9095238093
K= 1455
1666.39445142
K= 1456
25.8611473901
K= 1457
11.7432900432
K= 1458
950.537588187
K= 1459
29.1857779623
K= 1460
336.968864469
K= 1461
4492.70392835
K= 1462
10.0565072183
K= 1463
4855.25079365
K= 1464
4492.70392835
K= 1465
8583.03571429
K= 1466
179.0
K= 1467
4492.70392835
K= 1468
4508.5
K= 1469
15.0952380953
K= 1470
26.315039461
K= 1471
630.0
K= 1472
138.5
K= 1473
149.5
K= 1474
8592.0
K= 1475
15.85
K= 1476
9.33362193347
K= 1477
205.844225724
K= 1478
4435.75
K= 1479
4269.0
K= 1480
13.3309857084
K= 1481
151.75
K= 1482
4645.5
K= 1483
16.5166666665
K= 1484
4488.16190476
K= 1485
4568.0
K= 1486
4148.0
K= 1487
126.0
K= 1488
15.238888889
K= 1489
16.5166666665
K= 1490
28.3617212175
K= 1491
10.7965811966
K= 1492
155.0
K= 1493
9.53649265761
K= 1494
4593.10944388
K= 1495
160.0
K= 1496
4118.0
K= 1497
4283.75
K= 1498
21.4718409586
K= 1499
4267.64444444
K= 1500
26.315039461
K= 1501
12.7095238095
K= 1502
4889.15
K= 1503
4923.28333333
K= 1504
14.6202380953
K= 1505
26.315039461
K= 1506
4874.12666433
K= 1507
12.5666666667
K= 1508
17650.0
K= 1509
4283.75
K= 1510
4283.75
K= 1511
4268.0
K= 1512
4399.78823743
K= 1513
4477.43333333
K= 1514
15.7261904761
K= 1515
4440.83412698
K= 1516
273.476190476
K= 1517
7087.29254769
K= 1518
338.036976912
K= 1519
328.615526364
K= 1520
4517.73609626
K= 1521
4283.75
K= 1522
56.2869103586
K= 1523
66.6005244754
K= 1524
32.5166666665
K= 1525
4492.70392835
K= 1526
133.75
K= 1527
21.832967033
K= 1528
26.4817061276
K= 1529
26.315039461
K= 1530
31.4274107212
K= 1531
14.207183557
K= 1532
8581.0
K= 1533
4844.24469574
K= 1534
4516.49140138
K= 1535
11.5387657536
K= 1536
4118.0
K= 1537
6.5246983408
K= 1538
8582.70192308
K= 1539
9.10238095233
K= 1540
9.37409812398
K= 1541
69.9657655593
K= 1542
4127.16666667
K= 1543
10.0416666665
K= 1544
16.4730158729
K= 1545
150.0
K= 1546
9.08491517941
K= 1547
4936.0 , Degree=0
K= 1548
25.7039283499
K= 1549
4613.83412698
K= 1550
8584.0
K= 1551
429.239177489
K= 1552
26.6380952381
K= 1553
4630.0
K= 1554
4805.83412698
K= 1555
300.0
K= 1556
12.5499999999
K= 1557
21.998869261
K= 1558
22.1772301228
K= 1559
5122.82897826
K= 1560
25.7039283499
K= 1561
4283.75
K= 1562
142.333333333
K= 1563
39.4165040193
K= 1564
148.0
K= 1565
5458.22812008
K= 1566
13.5166666665
K= 1567
5581.3306096
K= 1568
4612.08333333
K= 1569
25.6571428571
K= 1570
9.55984727282
K= 1571
4492.70392835
K= 1572
153.0
K= 1573
8953.0
K= 1574
9.79199381708
K= 1575
8585.0
K= 1576
13.6380952381
K= 1577
4936.0 , Degree=0
K= 1578
18.8077380952
K= 1579
4887.93769841
K= 1580
25.0372616833
K= 1581
573.363906926
K= 1582
4555.2
K= 1583
4283.75
K= 1584
4283.75
K= 1585
525.61547619
K= 1586
13.2333333333
K= 1587
15.3288613691
K= 1588
9.5
K= 1589
3.62610454555
K= 1590
57.1484394348
K= 1591
4894.14880952
K= 1592
5302.27573913
K= 1593
4828.46885974
K= 1594
26.3611473901
K= 1595
4829.620671
K= 1596
4936.0 , Degree=0
K= 1597
8592.0
K= 1598
44.2416501811
K= 1599
17650.0
K= 1600
4283.75
K= 1601
15.7999999999
K= 1602
4936.0 , Degree=0
K= 1603
16.4333333332
K= 1604
13.4471972473
K= 1605
4665.73639356
K= 1606
17166.0
K= 1607
193.0
K= 1608
12.7666666665
K= 1609
4283.75
K= 1610
21.4528138528
K= 1611
26.315039461
K= 1612
26.1007130124
K= 1613
9.59547152184
K= 1614
4118.0
K= 1615
4511.88173259
K= 1616
29.4355183704
K= 1617
4782.91492071
K= 1618
12.3686979687
K= 1619
4479.41904762
K= 1620
16.4666666666
K= 1621
16.5166666665
K= 1622
8606.86114739
K= 1623
8585.0
K= 1624
3060.74803121
K= 1625
4115.0
K= 1626
38.1063799571
K= 1627
12697.2539683
K= 1628
8052.03355566
K= 1629
4481.27301587
K= 1630
578.258333333
K= 1631
11910.5856421
K= 1632
4890.05959318
K= 1633
4925.57272727
K= 1634
4854.22187802
K= 1635
12.7444444444
K= 1636
19.3267220279
K= 1637
187.0
K= 1638
4907.7545057
K= 1639
4782.91492071
K= 1640
24.7053724054
K= 1641
8490.0
K= 1642
4492.86114739
K= 1643
15.8499999999
K= 1644
9.9714285715
K= 1645
4882.92378455
K= 1646
4283.75
K= 1647
4613.83412698
K= 1648
11693.1426105
K= 1649
35.8179189077
K= 1650
4751.94007548
K= 1651
17.5999999999
K= 1652
4858.52321731
K= 1653
4652.40748111
K= 1654
4480.56419234
K= 1655
154.0
K= 1656
17.5166666665
K= 1657
13069.0
K= 1658
40.0857869559
K= 1659
11.3722222223
K= 1660
14.8666666666
K= 1661
4805.83412698
K= 1662
8592.0
K= 1663
4623.66177958
K= 1664
4884.15
K= 1665
12.0592032967
K= 1666
732.830648065
K= 1667
4492.70392835
K= 1668
25.7039283499
K= 1669
4481.20718356
K= 1670
11.3155666945
K= 1671
4760.30768615
K= 1672
4118.0
K= 1673
4478.23888889
K= 1674
519.282142857
K= 1675
51.6483555016
K= 1676
66.5904761906
K= 1677
19.0
K= 1678
33.2870129868
K= 1679
8585.0
K= 1680
555.436869261
K= 1681
9.21804444073
K= 1682
380.185896471
K= 1683
4911.74404762
K= 1684
4879.87928034
K= 1685
12.7199494949
K= 1686
4283.75
K= 1687
26.315039461
K= 1688
14.5166666665
K= 1689
10.0055555555
K= 1690
34.0
K= 1691
15.464379085
K= 1692
201.0
K= 1693
32.9907239563
K= 1694
4936.0 , Degree=0
K= 1695
4118.0
K= 1696
376.320192383
K= 1697
329.792911255
K= 1698
456.533333333
K= 1699
13.5527777777
K= 1700
9654.78025273
K= 1701
4598.10057247
K= 1702
4902.68716513
K= 1703
17.5999999999
K= 1704
4492.70392835
K= 1705
4568.0
K= 1706
430.055681538
K= 1707
4481.57812714
K= 1708
11.0321581196
K= 1709
4492.70392835
K= 1710
4479.66904762
K= 1711
2873.78611407
K= 1712
458.642568542
K= 1713
4490.51666667
K= 1714
26.315039461
K= 1715
4805.83412698
K= 1716
8580.59533147
K= 1717
40.1399551837
K= 1718
16.4666666666
K= 1719
4068.51129557
K= 1720
9.80238095229
K= 1721
8585.0
K= 1722
22.2505411254
K= 1723
8583.0
K= 1724
17.0944444443
K= 1725
25.5237812911
K= 1726
400.320621643
K= 1727
8815.0
K= 1728
25.7039283499
K= 1729
4699.89052634
K= 1730
4923.75476191
K= 1731
8567.0
K= 1732
4116.0
K= 1733
14.8666666666
K= 1734
9.87351156049
K= 1735
4876.92378455
K= 1736
4148.0
K= 1737
13.2444444444
K= 1738
4885.63293651
K= 1739
52.7580090661
K= 1740
12.6904761904
K= 1741
4603.48155857
K= 1742
4809.19901138
K= 1743
4926.56666667
K= 1744
14.1624854791
K= 1745
76.6098699503
K= 1746
162.0
K= 1747
4873.69105667
K= 1748
10.9196581197
K= 1749
33.0333333333
K= 1750
4483.51666667
K= 1751
10.6417748918
K= 1752
120.0
K= 1753
4275.5
K= 1754
8584.0
K= 1755
14.1209415585
K= 1756
21.0
K= 1757
4844.06097922
K= 1758
4808.84618976
K= 1759
4741.13095238
K= 1760
11626.3580257
K= 1761
12.5777777778
K= 1762
9.52695910574
K= 1763
4827.91825397
K= 1764
14.3666666666
K= 1765
5028.91190476
K= 1766
201.583333333
K= 1767
4283.75
K= 1768
4479.65714286
K= 1769
12.5571428571
K= 1770
151.0
K= 1771
18.4888888891
K= 1772
4132.0
K= 1773
8592.0
K= 1774
26.315039461
K= 1775
4936.0 , Degree=0
K= 1776
61.7707796289
K= 1777
4521.0
K= 1778
143.0
K= 1779
4492.70392835
K= 1780
4760.3026847
K= 1781
4895.44963925
K= 1782
29.1
K= 1783
10.1987372276
K= 1784
4473.07892835
K= 1785
8585.0
K= 1786
4222.95723099
K= 1787
140.0
K= 1788
16.4119047618
K= 1789
4283.75
K= 1790
189.570681312
K= 1791
12.8659090908
K= 1792
4936.0 , Degree=0
K= 1793
16.0166666665
K= 1794
8.95033198013
K= 1795
149.5
K= 1796
3954.31927765
K= 1797
21.7583466992
K= 1798
44.0446285156
K= 1799
43.7285714286
K= 1800
26.315039461
K= 1801
130.964285714
K= 1802
8536.0
K= 1803
4485.03333333
K= 1804
12.5523809524
K= 1805
11594.3570563
K= 1806
27.315039461
K= 1807
26.315039461
K= 1808
133.372529169
K= 1809
11.7119047618
K= 1810
26.315039461
K= 1811
18.875
K= 1812
8583.0
K= 1813
28.2444444444
K= 1814
12.569047619
K= 1815
26.7865079365
K= 1816
4794.50127392
K= 1817
6588.44877502
K= 1818
12.8285714287
K= 1819
414.890395106
K= 1820
8963.33809524
K= 1821
11.4547619048
K= 1822
26.315039461
K= 1823
4805.83412698
K= 1824
4422.17586263
K= 1825
8592.0
K= 1826
9551.9788363
K= 1827
39.6977640179
K= 1828
523.777139916
K= 1829
16.4095238093
K= 1830
151.0
K= 1831
96.0877206129
K= 1832
25.7039283499
K= 1833
4876.92378455
K= 1834
4907.34595627
K= 1835
4480.23333333
K= 1836
5118.82897826
K= 1837
203.533333333
K= 1838
39.7892498764
K= 1839
22.9952380952
K= 1840
12.5958382532
K= 1841
47.2433545986
K= 1842
74.3971442968
K= 1843
15.2666666665
K= 1844
4774.78474662
K= 1845
14.5999999999
K= 1846
26.315039461
K= 1847
8580.0
K= 1848
46.7007832445
K= 1849
16.0166666665
K= 1850
13.4952380952
K= 1851
4283.75
K= 1852
19.7779620545
K= 1853
4186.0
K= 1854
144.0
K= 1855
402.641071457
K= 1856
14.8666666666
K= 1857
4480.63809524
K= 1858
47.5635283425
K= 1859
4782.91492071
K= 1860
4283.75
K= 1861
4662.03333333
K= 1862
573.363906926
K= 1863
8525.0
K= 1864
30.5333333333
K= 1865
4856.89425469
K= 1866
53.88091133
K= 1867
160.0
K= 1868
4283.75
K= 1869
156.318181818
K= 1870
184.0
K= 1871
12.694202887
K= 1872
21.3903446227
K= 1873
4283.75
K= 1874
9.36524481256
K= 1875
4610.6047619
K= 1876
8584.0
K= 1877
15.818518179
K= 1878
16.5
K= 1879
12.0766233766
K= 1880
130.853061612
K= 1881
8580.0
K= 1882
13.5416666666
K= 1883
16.5166666665
K= 1884
141.0
K= 1885
4479.38661616
K= 1886
11625.1868308
K= 1887
16.7833333332
K= 1888
15.7999999999
K= 1889
388.649758575
K= 1890
4936.0 , Degree=0
K= 1891
4589.0
K= 1892
13.719047619
K= 1893
8592.0
K= 1894
4490.13519438
K= 1895
470.8
K= 1896
4624.0
K= 1897
4860.82577237
K= 1898
5118.82897826
K= 1899
13.8690476191
K= 1900
210.427040026
K= 1901
4463.0
K= 1902
15.2222222222
K= 1903
4113.36017094
K= 1904
3012.30979774
K= 1905
10.6406417112
K= 1906
25.6281707742
K= 1907
26.0333475419
K= 1908
4479.37510823
K= 1909
32.866334176
K= 1910
14.6063492063
K= 1911
15.5333333332
K= 1912
12.3023809524
K= 1913
26.315039461
K= 1914
552.895238095
K= 1915
338.548412698
K= 1916
4668.58333333
K= 1917
25.7039283499
K= 1918
10.1473127261
K= 1919
4907.34308658
K= 1920
4872.87927019
K= 1921
4827.91825397
K= 1922
202.583333333
K= 1923
5161.66306421
K= 1924
10.3892411509
K= 1925
11.638095238
K= 1926
4152.0
K= 1927
515.950793652
K= 1928
5708.45760018
K= 1929
12.6095238095
K= 1930
131.985569513
K= 1931
25.5451989347
K= 1932
560.460620622
K= 1933
4848.0015873
K= 1934
154.0
K= 1935
149.0
K= 1936
71.1691528162
K= 1937
27.316765873
K= 1938
17.5999999999
K= 1939
15.0333333332
K= 1940
4558.0
K= 1941
39.4033473731
K= 1942
4819.97563578
K= 1943
189.482962956
K= 1944
8585.0
K= 1945
4597.0
K= 1946
13.5666666665
K= 1947
33.6951564201
K= 1948
4511.48214286
K= 1949
37.6334349707
K= 1950
423.383958621
K= 1951
4805.83412698
K= 1952
4283.75
K= 1953
4886.32474747
K= 1954
7.35412626597
K= 1955
4380.0
K= 1956
431.977938453
K= 1957
9.29883289116
K= 1958
27.5237812911
K= 1959
623.631666667
K= 1960
383.047375301
K= 1961
25.7039283499
K= 1962
4481.54329004
K= 1963
14.4285714285
K= 1964
4909.61746032
K= 1965
10.9746706509
K= 1966
4283.75
K= 1967
188.0
K= 1968
4880.53678168
K= 1969
325.43452381
K= 1970
231.9
K= 1971
72.1649161221
K= 1972
4876.92378455
K= 1973
236.583333333
K= 1974
4118.0
K= 1975
4118.0
K= 1976
43.8565450885
K= 1977
804.030396902
K= 1978
4782.91492071
K= 1979
8946.13373797
K= 1980
185.2
K= 1981
13.319047619
K= 1982
26.315039461
K= 1983
9605.65873474
K= 1984
117.0
K= 1985
16.4333333332
K= 1986
4509.62326433
K= 1987
2846.777696
K= 1988
157.653875838
K= 1989
4118.0
K= 1990
4481.16190476
K= 1991
4848.40748111
K= 1992
191.583333333
K= 1993
28.0499999999
K= 1994
5118.82897826
K= 1995
236.583333333
K= 1996
4848.0015873
K= 1997
24.7023809522
K= 1998
12.2199494949
K= 1999
26.315039461
K= 2000
15.1619047619
K= 2001
4891.15
K= 2002
4854.22187802
K= 2003
4283.75
K= 2004
4972.66666667
K= 2005
16.4095238093
K= 2006
328.0
K= 2007
4700.8301369
K= 2008
5028.91190476
K= 2009
156.0
K= 2010
10.1937294406
K= 2011
133.5
K= 2012
14.4
K= 2013
10.4725744843
K= 2014
10.3300366302
K= 2015
4805.83412698
K= 2016
122.617816092
K= 2017
36.0981300416
K= 2018
25.6159090908
K= 2019
17.5999999999
K= 2020
15.0952380953
K= 2021
16.5166666665
K= 2022
4578.91492071
K= 2023
11.5166666667
K= 2024
4589.25
K= 2025
1396.07456183
K= 2026
4805.83412698
K= 2027
505.333333333
K= 2028
15.7999999999
K= 2029
4879.14404762
K= 2030
30.0886904763
K= 2031
9.84006733994
K= 2032
5.10362522025
K= 2033
30.5333333332
K= 2034
4922.71904762
K= 2035
4912.7547619
K= 2036
50.8142807384
K= 2037
122.0
K= 2038
5020.31190476
K= 2039
4118.0
K= 2040
73.3963463707
K= 2041
4283.75
K= 2042
50.0702157905
K= 2043
3756.75809594
K= 2044
59.6097846599
K= 2045
239.0
K= 2046
8577.75
K= 2047
25.6571428572
K= 2048
8592.0
K= 2049
30.5333333333
K= 2050
26.315039461
K= 2051
8528.75
K= 2052
4492.66045009
K= 2053
4492.70392835
K= 2054
26.315039461
K= 2055
8505.0
K= 2056
436.656421356
K= 2057
4844.24469574
K= 2058
24.1407894737
K= 2059
11581.8252506
K= 2060
4838.22187802
K= 2061
687.703753538
K= 2062
14.3385392386
K= 2063
13.5666666665
K= 2064
4882.92378455
K= 2065
4117.0
K= 2066
12.7666666665
K= 2067
40.9273146666
K= 2068
412.613387021
K= 2069
4556.62326433
K= 2070
11611.6194996
K= 2071
15.7999999999
K= 2072
10.2984848485
K= 2073
3672.24425597
K= 2074
25.2039283499
K= 2075
4830.83641432
K= 2076
26.315039461
K= 2077
190.65
K= 2078
16.5166666665
K= 2079
4936.0 , Degree=0
K= 2080
4864.93778207
K= 2081
12.8432900432
K= 2082
4884.24475245
K= 2083
4477.80138889
K= 2084
47.5635283425
K= 2085
25.1007130124
K= 2086
5118.82897826
K= 2087
18.5567460321
K= 2088
4872.83115357
K= 2089
53.7440476191
K= 2090
25.0704074152
K= 2091
5375.30443822
K= 2092
4898.8420739
K= 2093
514.0
K= 2094
315.949929166
K= 2095
8950.64285714
K= 2096
372.918048519
K= 2097
21.2388546683
K= 2098
488.433333333
K= 2099
4817.92378455
K= 2100
4936.0 , Degree=0
K= 2101
333.270289305
K= 2102
4118.0
K= 2103
4634.0
K= 2104
233.583333333
K= 2105
8570.0
K= 2106
4922.23809524
K= 2107
4836.64975857
K= 2108
2781.38708652
K= 2109
4485.28571429
K= 2110
625.460423088
K= 2111
4479.3014763
K= 2112
4936.0 , Degree=0
K= 2113
13.7619047618
K= 2114
22.4550000001
K= 2115
4899.27222222
K= 2116
18.7047941824
K= 2117
4936.0 , Degree=0
K= 2118
11.6150793651
K= 2119
41.8179487179
K= 2120
4118.0
K= 2121
8592.0
K= 2122
21.447936508
K= 2123
4632.0
K= 2124
142.110606295
K= 2125
4269.12932635
K= 2126
4936.0 , Degree=0
K= 2127
238.422619048
K= 2128
393.429551512
K= 2129
4401.33333333
K= 2130
25.7039283499
K= 2131
15.8499999999
K= 2132
4616.0
K= 2133
39.8185185185
K= 2134
28.4693362194
K= 2135
4506.88015897
K= 2136
4283.75
K= 2137
37.6334349707
K= 2138
46.8428071927
K= 2139
4283.75
K= 2140
4477.63194444
K= 2141
392.384171701
K= 2142
4283.75
K= 2143
4492.19924242
K= 2144
4492.70392835
K= 2145
427.768257559
K= 2146
4901.418352
K= 2147
4477.86904762
K= 2148
374.287391674
K= 2149
4479.15714286
K= 2150
8585.0
K= 2151
4868.42749334
K= 2152
4148.0
K= 2153
4186.0
K= 2154
202.4
K= 2155
4283.75
K= 2156
26.315039461
K= 2157
26.315039461
K= 2158
4839.91825397
K= 2159
9319.16666667
K= 2160
4671.46885974
K= 2161
69.8155097254
K= 2162
13.5416666665
K= 2163
13.269047619
K= 2164
9.86904761905
K= 2165
4912.66746032
K= 2166
15.5333333332
K= 2167
445.697619048
K= 2168
4620.0
K= 2169
4646.0
K= 2170
8.73571428563
K= 2171
8579.5
K= 2172
16.9095238093
K= 2173
6555.85282872
K= 2174
5262.49729636
K= 2175
26.315039461
K= 2176
11.1643790849
K= 2177
12.0333333332
K= 2178
4115.0
K= 2179
25.1007130124
K= 2180
19.996853814
K= 2181
4626.0
K= 2182
36.7179227051
K= 2183
12.5333333332
K= 2184
4492.70392835
K= 2185
4936.0 , Degree=0
K= 2186
8585.0
K= 2187
21.6524495457
K= 2188
4794.92186147
K= 2189
4634.0
K= 2190
154.175441226
K= 2191
3861.00018693
K= 2192
16.4095238094
K= 2193
16604.3333333
K= 2194
26.315039461
K= 2195
4121.5
K= 2196
4923.16190476
K= 2197
18.2999999999
K= 2198
14.8666666666
K= 2199
42.9893079144
K= 2200
414.425583451
K= 2201
4794.0
K= 2202
4936.0 , Degree=0
K= 2203
26.9904761906
K= 2204
4450.59490591
K= 2205
11.6865079366
K= 2206
4572.33412698
K= 2207
4573.0
K= 2208
25.7039283499
K= 2209
4875.26982323
K= 2210
482.671428572
K= 2211
5118.82897826
K= 2212
984.817104063
K= 2213
4283.75
K= 2214
333.940075475
K= 2215
5218.93771947
K= 2216
6101.21281962
K= 2217
25.7039283499
K= 2218
11.2863247864
K= 2219
4283.75
K= 2220
4936.0 , Degree=0
K= 2221
4492.70392835
K= 2222
12696.0
K= 2223
40.9747586303
K= 2224
13495.4445896
K= 2225
4852.52249278
K= 2226
4492.70392835
K= 2227
4283.75
K= 2228
17888.5362893
K= 2229
0.0
K= 2230
4839.10750368
K= 2231
26.4815628815
K= 2232
29.8631543122
K= 2233
4736.91492071
K= 2234
162.75
K= 2235
4118.0
K= 2236
4936.0 , Degree=0
K= 2237
12.3168299092
K= 2238
125.0
K= 2239
244.567909523
K= 2240
25.7039283499
K= 2241
392.183820672
K= 2242
22.4888888891
K= 2243
4115.0
K= 2244
4887.0015873
K= 2245
10.9627705627
K= 2246
10.3059078176
K= 2247
14.2388278388
K= 2248
16.5166666665
K= 2249
11.0
K= 2250
756.85072542
K= 2251
2548.04904823
K= 2252
4118.0
K= 2253
5593.05187666
K= 2254
20.5333333333
K= 2255
49.7443181818
K= 2256
339.88930581
K= 2257
8592.0
K= 2258
4118.0
K= 2259
4492.70392835
K= 2260
4936.0 , Degree=0
K= 2261
11.4190476191
K= 2262
8592.0
K= 2263
25.7039283499
K= 2264
17.5166666665
K= 2265
15.2666666665
K= 2266
25.3106442577
K= 2267
8535.5
K= 2268
12.755886597
K= 2269
4478.0
K= 2270
17.5999999999
K= 2271
4804.5152417
K= 2272
415.765865876
K= 2273
4608.18083028
K= 2274
102.566188997
K= 2275
4825.76971215
K= 2276
9.04026196024
K= 2277
8591.0
K= 2278
228.75
K= 2279
26.315039461
K= 2280
4706.75833333
K= 2281
8575.0
K= 2282
10.2294372295
K= 2283
19.1630144366
K= 2284
12.7527777776
K= 2285
4492.10602814
K= 2286
13.5952380951
K= 2287
152.0
K= 2288
25.7039283499
K= 2289
446.158333334
K= 2290
4943.80704851
K= 2291
23.7499999998
K= 2292
4827.91825397
K= 2293
8592.0
K= 2294
4612.83412698
K= 2295
144.0
K= 2296
2746.66679801
K= 2297
4118.0
K= 2298
26.315039461
K= 2299
15.0952380953
K= 2300
4936.0 , Degree=0
K= 2301
4895.68951521
K= 2302
22.7619047619
K= 2303
4481.20718356
K= 2304
203.533333334
K= 2305
4817.92378455
K= 2306
7.58003662992
K= 2307
186.0
K= 2308
168.083333333
K= 2309
4478.75623317
K= 2310
4842.0
K= 2311
8592.0
K= 2312
197.616666667
K= 2313
26.315039461
K= 2314
4817.92378455
K= 2315
4800.97552252
K= 2316
0.0
K= 2317
522.479264069
K= 2318
9.46521899139
K= 2319
478.500668926
K= 2320
32.5166666666
K= 2321
4856.87927019
K= 2322
799.368843379
K= 2323
3375.92285934
K= 2324
474.172078533
K= 2325
9.61666666658
K= 2326
4481.86666667
K= 2327
4876.92378455
K= 2328
4589.02166306
K= 2329
8585.0
K= 2330
4478.45995671
K= 2331
56.4663840671
K= 2332
255.242261905
K= 2333
19.3468253968
K= 2334
15.5333333332
K= 2335
15.0333333332
K= 2336
4606.0
K= 2337
24.0127253419
K= 2338
5740.02444099
K= 2339
9364.48255068
K= 2340
189.0
K= 2341
4283.75
K= 2342
28.7333333332
K= 2343
333.940075475
K= 2344
4613.83412698
K= 2345
4118.0
K= 2346
1298.07651655
K= 2347
46.9116123092
K= 2348
4669.53333333
K= 2349
8585.0
K= 2350
4936.0 , Degree=0
K= 2351
22.3073593073
K= 2352
4568.0
K= 2353
8536.0
K= 2354
4806.07946748
K= 2355
26.315039461
K= 2356
195.033333334
K= 2357
4492.70392835
K= 2358
79.5459803354
K= 2359
4435.75
K= 2360
4407.63002183
K= 2361
26.315039461
K= 2362
4805.83412698
K= 2363
4504.57011803
K= 2364
89.7664999415
K= 2365
517.61547619
K= 2366
93.6097846599
K= 2367
28.573809524
K= 2368
13.5666666665
K= 2369
8530.0
K= 2370
15.5333333332
K= 2371
4118.0
K= 2372
17.7519118309
K= 2373
190.0
K= 2374
17.5999999999
K= 2375
4618.0
K= 2376
5742.02444099
K= 2377
34.2044315706
K= 2378
4283.75
K= 2379
4620.0
K= 2380
406.500793651
K= 2381
4118.0
K= 2382
11435.048882
K= 2383
26.315039461
K= 2384
20.5146784667
K= 2385
25.500162697
K= 2386
17.6444444443
K= 2387
11615.6844927
K= 2388
23.8833333334
K= 2389
4912.75833333
K= 2390
141.495833333
K= 2391
4559.77857143
K= 2392
16.4333333332
K= 2393
222.632936508
K= 2394
4782.91492071
K= 2395
4492.70392835
K= 2396
327.814978017
K= 2397
25.815039461
K= 2398
39.8277780148
K= 2399
13.319047619
K= 2400
4609.0
Betweenness Centrality Improvement
[ 0.  0.  0. ...,  0.  0.  0.]
Top 20 BC Improvement
[2228 1508 1599 1606 2193 2224 1657 1627 2222 1631 1648 1760 1886 2387 1320
 2070 1805 2059 2382 1700]
Top 20 BC Improvement
[ 17888.53628931  17650.          17650.          17166.          16604.33333333
  13495.44458956  13069.          12697.25396825  12696.          11910.58564214
  11693.14261053  11626.35802571  11625.18683084  11615.68449269
  11613.28566805  11611.61949955  11594.35705628  11581.82525063
  11435.04888197   9654.78025273]
