txValue= 10000
Input graph
IGRAPH D--- 4619 68733 -- 
+ attr: pub_key (v), base_fee (e), capacity (e), fee_rate (e), txCost (e)
None
Graph after edges deleted
IGRAPH D--- 4619 68697 -- 
+ attr: pub_key (v), base_fee (e), capacity (e), fee_rate (e), txCost (e)
None
Our nodes starting connections: 
(4618, 2796)
(4618, 1223)
(4618, 1163)
(4618, 498)
(4618, 3265)
(4618, 1589)
(4618, 4051)
(4618, 3246)
CurrentBC of our node:  1000815.22458
K= 1200
4123.0
K= 1201
366.278765018
K= 1202
8947.32700983
K= 1203
4123.0
K= 1204
4480.21827759
K= 1205
4291.75
K= 1206
8.42187257204
K= 1207
385.549264695
K= 1208
22.8611473903
K= 1209
21.7717902267
K= 1210
20.5583333333
K= 1211
11.8666666668
K= 1212
8.13956043962
K= 1213
215.583333333
K= 1214
4481.36666667
K= 1215
80.6490842494
K= 1216
82.5208957711
K= 1217
4936.0 , Degree=0
K= 1218
20.5952380953
K= 1219
3557.69046924
K= 1220
7.69188034197
K= 1221
219.583333333
K= 1222
20.2039283501
K= 1223
28.761296014
K= 1224
8.18333333335
K= 1225
10.6952380955
K= 1226
4629.0
K= 1227
4852.09866245
K= 1228
76.3675222725
K= 1229
8394.0
K= 1230
20.7039283501
K= 1231
20.2143939395
K= 1232
22.8611473903
K= 1233
11.8000000003
K= 1234
191.533333334
K= 1235
4611.0
K= 1236
12.8000000003
K= 1237
4870.91201299
K= 1238
185.360257735
K= 1239
18.2854726895
K= 1240
170.0
K= 1241
1111.30543967
K= 1242
8578.0
K= 1243
8774.14285714
K= 1244
4854.25163472
K= 1245
4490.70392835
K= 1246
17.7781746034
K= 1247
4002.65576126
K= 1248
162.109296259
K= 1249
24.1049955119
K= 1250
6.68792270555
K= 1251
4604.0
K= 1252
47.5446477196
K= 1253
380.413562255
K= 1254
8600.0
K= 1255
4968.11746032
K= 1256
4690.42155117
K= 1257
8.68571428594
K= 1258
4838.9015873
K= 1259
4936.0 , Degree=0
K= 1260
28.0649939902
K= 1261
53.8998015876
K= 1262
5706.60275975
K= 1263
12.4333333336
K= 1264
8588.0
K= 1265
20.7039283501
K= 1266
4615.0
K= 1267
2515.60455478
K= 1268
4852.42183944
K= 1269
20.7039283501
K= 1270
4867.76944444
K= 1271
6.08333333349
K= 1272
31.0930547838
K= 1273
33.6005295069
K= 1274
4490.70392835
K= 1275
13.2345779224
K= 1276
4838.5506514
K= 1277
4903.33844062
K= 1278
23.4756410256
K= 1279
34.2841131092
K= 1280
14.9185784976
K= 1281
4509.46576181
K= 1282
4291.75
K= 1283
218.583333333
K= 1284
20.7039283501
K= 1285
21.6908589475
K= 1286
76.141730813
K= 1287
20.7039283501
K= 1288
4808.42378455
K= 1289
20.1900432901
K= 1290
20.7039283501
K= 1291
4702.46058681
K= 1292
4740.81377366
K= 1293
8583.0
K= 1294
12.016666667
K= 1295
145.0
K= 1296
5105.81637252
K= 1297
4621.0
K= 1298
4451.75079365
K= 1299
153.4882479
K= 1300
7.20265151514
K= 1301
4129.5
K= 1302
4702.96775423
K= 1303
8593.0
K= 1304
10.0845238096
K= 1305
4478.55793651
K= 1306
4475.96701747
K= 1307
4568.5007992
K= 1308
10.161904762
K= 1309
440.073758808
K= 1310
9.31904761924
K= 1311
9.1616161617
K= 1312
75.1527721401
K= 1313
982.817104063
K= 1314
4123.0
K= 1315
476.016666667
K= 1316
378.500799201
K= 1317
17.016666667
K= 1318
18.4718409587
K= 1319
5105.81637252
K= 1320
11640.139168
K= 1321
4914.75
K= 1322
4883.79404762
K= 1323
34.383345242
K= 1324
363.975539314
K= 1325
12.266666667
K= 1326
12.1000000002
K= 1327
29.7333333334
K= 1328
144.0
K= 1329
8591.0
K= 1330
4475.62132897
K= 1331
447.06050061
K= 1332
4852.09866245
K= 1333
11.8666666668
K= 1334
4873.42378455
K= 1335
4054.73333333
K= 1336
20.7039283501
K= 1337
40.4078566999
K= 1338
11.8666666668
K= 1339
44.7222947804
K= 1340
4490.70392835
K= 1341
429.077651515
K= 1342
168.5
K= 1343
114.790476191
K= 1344
4879.67038623
K= 1345
4936.0 , Degree=0
K= 1346
24.7256674805
K= 1347
4840.51519952
K= 1348
79.8261904764
K= 1349
4490.70392835
K= 1350
8.36904761917
K= 1351
11.0000000001
K= 1352
227.885271326
K= 1353
615.0
K= 1354
11.3666666668
K= 1355
9.56273911288
K= 1356
33.6163702174
K= 1357
982.817104063
K= 1358
6.99523809541
K= 1359
3071.77262795
K= 1360
382.292322016
K= 1361
20.7039283501
K= 1362
4925.93716931
K= 1363
90.3133442451
K= 1364
4479.4
K= 1365
4152.0
K= 1366
20.7039283501
K= 1367
33.4668258029
K= 1368
4773.5007992
K= 1369
6508.18649672
K= 1370
16.304761905
K= 1371
8.28592074604
K= 1372
144.5
K= 1373
4507.47740315
K= 1374
4936.0 , Degree=0
K= 1375
53.3190348541
K= 1376
12.516666667
K= 1377
20.020739065
K= 1378
17.6700757578
K= 1379
9.20995671011
K= 1380
12.4095238097
K= 1381
8936.28892496
K= 1382
11.8000000003
K= 1383
13.581818182
K= 1384
4790.00481602
K= 1385
4859.63533187
K= 1386
4873.42378455
K= 1387
8600.0
K= 1388
8585.0
K= 1389
4797.75079365
K= 1390
324.875274725
K= 1391
4123.0
K= 1392
312.805230397
K= 1393
4936.0 , Degree=0
K= 1394
19.8809523811
K= 1395
3994.31628264
K= 1396
4570.60230314
K= 1397
69.6333333334
K= 1398
127.5
K= 1399
4291.75
K= 1400
376.349758575
K= 1401
219.583333333
K= 1402
20.7039283501
K= 1403
4819.42907648
K= 1404
8744.0
K= 1405
17.8779127307
K= 1406
4480.06666667
K= 1407
12.6000000002
K= 1408
4827.34975857
K= 1409
4820.97186147
K= 1410
4291.75
K= 1411
302.783237493
K= 1412
4605.83333333
K= 1413
4804.42155117
K= 1414
137.116883117
K= 1415
4306.0
K= 1416
82.5208957711
K= 1417
7.88632478646
K= 1418
4822.74550523
K= 1419
11.2000000002
K= 1420
3334.33338272
K= 1421
4858.90841009
K= 1422
11.4623880627
K= 1423
144.0
K= 1424
20.7039283501
K= 1425
7.9967032969
K= 1426
155.5
K= 1427
4815.19880193
K= 1428
8349.81363234
K= 1429
4215.46217307
K= 1430
21.4997076024
K= 1431
4490.70392835
K= 1432
3557.07433675
K= 1433
11.0119047621
K= 1434
4490.70392835
K= 1435
97.0214646466
K= 1436
4869.40428034
K= 1437
4827.64793117
K= 1438
20.2039283501
K= 1439
591.950049278
K= 1440
4475.83333333
K= 1441
4123.0
K= 1442
11.6000000003
K= 1443
8539.75
K= 1444
223.755194805
K= 1445
4838.9015873
K= 1446
4159.0
K= 1447
8539.75
K= 1448
5406.3328639
K= 1449
191.583333333
K= 1450
102.25504967
K= 1451
9.86904761929
K= 1452
4460.0
K= 1453
14.8060818715
K= 1454
11.9095238097
K= 1455
1627.39445142
K= 1456
22.8611473903
K= 1457
8.34329004341
K= 1458
920.82634789
K= 1459
29.1857779624
K= 1460
325.885531135
K= 1461
4490.70392835
K= 1462
7.0565072184
K= 1463
4846.25079365
K= 1464
4490.70392835
K= 1465
8591.03571429
K= 1466
168.0
K= 1467
4490.70392835
K= 1468
4502.5
K= 1469
11.5952380955
K= 1470
20.7039283501
K= 1471
615.0
K= 1472
128.5
K= 1473
135.5
K= 1474
8600.0
K= 1475
11.8500000003
K= 1476
6.20028860052
K= 1477
203.700635981
K= 1478
4443.75
K= 1479
4274.0
K= 1480
13.149167527
K= 1481
141.583333333
K= 1482
4637.5
K= 1483
12.516666667
K= 1484
4486.16190476
K= 1485
4562.0
K= 1486
4156.0
K= 1487
118.0
K= 1488
9.23888888897
K= 1489
12.516666667
K= 1490
20.8617212175
K= 1491
7.29658119672
K= 1492
146.0
K= 1493
6.39363551489
K= 1494
4586.81377366
K= 1495
149.0
K= 1496
4123.0
K= 1497
4291.75
K= 1498
18.4718409587
K= 1499
4269.64444444
K= 1500
20.7039283501
K= 1501
9.20952380961
K= 1502
4878.57857143
K= 1503
4911.4
K= 1504
10.6202380954
K= 1505
20.7039283501
K= 1506
4864.70249046
K= 1507
9.16666666674
K= 1508
17650.0
K= 1509
4291.75
K= 1510
4291.75
K= 1511
4273.0
K= 1512
4393.53823743
K= 1513
4477.1
K= 1514
12.3261904762
K= 1515
4434.75079365
K= 1516
251.923809524
K= 1517
7100.58143658
K= 1518
327.286976912
K= 1519
319.532193031
K= 1520
4509.98609626
K= 1521
4291.75
K= 1522
50.2869103589
K= 1523
50.1005244756
K= 1524
27.516666667
K= 1525
4490.70392835
K= 1526
123.583333333
K= 1527
15.8329670333
K= 1528
20.8705950167
K= 1529
20.7039283501
K= 1530
25.4274107212
K= 1531
9.00718355726
K= 1532
8589.0
K= 1533
4835.90841009
K= 1534
4513.75482129
K= 1535
11.2530514683
K= 1536
4123.0
K= 1537
6.39136500785
K= 1538
8590.70192308
K= 1539
8.43571428594
K= 1540
6.24909812433
K= 1541
63.4430726093
K= 1542
4135.16666667
K= 1543
9.54166666674
K= 1544
12.8063492065
K= 1545
144.0
K= 1546
5.98491517943
K= 1547
4936.0 , Degree=0
K= 1548
20.7039283501
K= 1549
4605.75079365
K= 1550
8592.0
K= 1551
415.425541125
K= 1552
18.6380952384
K= 1553
4624.0
K= 1554
4797.75079365
K= 1555
288.0
K= 1556
9.21666666679
K= 1557
21.9988692612
K= 1558
19.1772301228
K= 1559
5106.81637252
K= 1560
20.7039283501
K= 1561
4291.75
K= 1562
133.333333333
K= 1563
33.9435186714
K= 1564
139.0
K= 1565
5438.11394795
K= 1566
12.516666667
K= 1567
5592.12472725
K= 1568
4606.41666667
K= 1569
19.6571428572
K= 1570
6.41699012998
K= 1571
4490.70392835
K= 1572
144.0
K= 1573
8951.0
K= 1574
6.7919938172
K= 1575
8593.0
K= 1576
9.97142857162
K= 1577
4936.0 , Degree=0
K= 1578
14.3077380954
K= 1579
4876.12709235
K= 1580
20.0372616835
K= 1581
553.058961872
K= 1582
4547.2
K= 1583
4291.75
K= 1584
4291.75
K= 1585
511.615476191
K= 1586
9.83333333337
K= 1587
15.3288613693
K= 1588
6.0
K= 1589
3.47487301857
K= 1590
51.1484394349
K= 1591
4884.14880952
K= 1592
5285.161567
K= 1593
4819.1580223
K= 1594
22.8611473903
K= 1595
4818.45400433
K= 1596
4936.0 , Degree=0
K= 1597
8600.0
K= 1598
37.4390186024
K= 1599
17650.0
K= 1600
4291.75
K= 1601
11.8000000003
K= 1602
4936.0 , Degree=0
K= 1603
12.4333333336
K= 1604
10.2249750253
K= 1605
4658.16511697
K= 1606
17182.0
K= 1607
178.0
K= 1608
10.766666667
K= 1609
4291.75
K= 1610
16.952813853
K= 1611
20.7039283501
K= 1612
20.6764705882
K= 1613
6.45261437923
K= 1614
4123.0
K= 1615
4509.35566421
K= 1616
23.1855183705
K= 1617
4773.5007992
K= 1618
8.96869796899
K= 1619
4476.16904762
K= 1620
12.4666666669
K= 1621
12.516666667
K= 1622
8608.86114739
K= 1623
8593.0
K= 1624
3058.2790328
K= 1625
4118.0
K= 1626
32.8524117033
K= 1627
12703.1111111
K= 1628
8069.34349718
K= 1629
4480.60634921
K= 1630
563.258333333
K= 1631
11929.5023088
K= 1632
4880.09292652
K= 1633
4912.9012987
K= 1634
4845.792288
K= 1635
9.34444444464
K= 1636
16.3267220283
K= 1637
172.0
K= 1638
4895.95528168
K= 1639
4773.5007992
K= 1640
17.3053724054
K= 1641
8501.0
K= 1642
4492.86114739
K= 1643
11.8500000003
K= 1644
8.97142857162
K= 1645
4873.42378455
K= 1646
4291.75
K= 1647
4605.75079365
K= 1648
11722.6691006
K= 1649
30.4257620452
K= 1650
4744.24563103
K= 1651
12.6000000002
K= 1652
4847.89208985
K= 1653
4647.32899274
K= 1654
4480.06419234
K= 1655
145.0
K= 1656
12.516666667
K= 1657
13077.0
K= 1658
31.661604872
K= 1659
7.97222222225
K= 1660
11.2000000002
K= 1661
4797.75079365
K= 1662
8600.0
K= 1663
4617.28309698
K= 1664
4873.57857143
K= 1665
8.5592032969
K= 1666
714.280596465
K= 1667
4490.70392835
K= 1668
20.7039283501
K= 1669
4479.00718356
K= 1670
11.3155666946
K= 1671
4751.66517408
K= 1672
4123.0
K= 1673
4477.83888889
K= 1674
505.282142857
K= 1675
43.7098751095
K= 1676
45.0904761907
K= 1677
19.0
K= 1678
26.4298701299
K= 1679
8593.0
K= 1680
540.436869261
K= 1681
6.10039738205
K= 1682
367.852563137
K= 1683
4898.98344156
K= 1684
4869.40428034
K= 1685
8.71994949505
K= 1686
4291.75
K= 1687
20.7039283501
K= 1688
12.516666667
K= 1689
6.78333333344
K= 1690
34.0
K= 1691
12.1310457516
K= 1692
179.0
K= 1693
26.9907239564
K= 1694
4936.0 , Degree=0
K= 1695
4123.0
K= 1696
364.623222687
K= 1697
319.709577922
K= 1698
441.628571429
K= 1699
10.0527777779
K= 1700
9638.32043977
K= 1701
4591.82378676
K= 1702
4891.07605402
K= 1703
12.6000000002
K= 1704
4490.70392835
K= 1705
4562.0
K= 1706
416.921798754
K= 1707
4482.00669856
K= 1708
7.69882478635
K= 1709
4490.70392835
K= 1710
4479.16904762
K= 1711
2878.10493029
K= 1712
444.309235209
K= 1713
4488.51666667
K= 1714
20.7039283501
K= 1715
4797.75079365
K= 1716
8588.34533147
K= 1717
34.5288440726
K= 1718
12.4666666669
K= 1719
4075.64855047
K= 1720
9.30238095252
K= 1721
8593.0
K= 1722
15.583874459
K= 1723
8591.0
K= 1724
13.427777778
K= 1725
20.5237812913
K= 1726
386.982937106
K= 1727
8815.0
K= 1728
20.7039283501
K= 1729
4687.58396068
K= 1730
4912.18333333
K= 1731
8575.0
K= 1732
4121.0
K= 1733
11.2000000002
K= 1734
6.65128933848
K= 1735
4867.42378455
K= 1736
4156.0
K= 1737
9.84444444452
K= 1738
4875.39484127
K= 1739
45.7580090662
K= 1740
9.02380952402
K= 1741
4595.88155857
K= 1742
4802.91401138
K= 1743
4917.06666667
K= 1744
10.9124854793
K= 1745
65.5515366172
K= 1746
153.0
K= 1747
4863.42155117
K= 1748
7.5863247863
K= 1749
25.0333333336
K= 1750
4482.51666667
K= 1751
10.3084415587
K= 1752
113.0
K= 1753
4269.5
K= 1754
8592.0
K= 1755
9.28760822536
K= 1756
18.0
K= 1757
4833.50491862
K= 1758
4799.42785995
K= 1759
4732.19761905
K= 1760
11653.3580257
K= 1761
9.17777777789
K= 1762
7.40473688371
K= 1763
4818.19098124
K= 1764
10.7000000002
K= 1765
5012.66190476
K= 1766
190.583333333
K= 1767
4291.75
K= 1768
4479.15714286
K= 1769
9.15714285732
K= 1770
142.0
K= 1771
17.688888889
K= 1772
4140.0
K= 1773
8600.0
K= 1774
20.7039283501
K= 1775
4936.0 , Degree=0
K= 1776
52.770779629
K= 1777
4515.0
K= 1778
137.0
K= 1779
4490.70392835
K= 1780
4750.953794
K= 1781
4885.30569986
K= 1782
21.9333333333
K= 1783
6.91302294214
K= 1784
4473.07892835
K= 1785
8591.0
K= 1786
4230.24411624
K= 1787
131.0
K= 1788
12.7452380954
K= 1789
4291.75
K= 1790
177.737347979
K= 1791
9.36590909108
K= 1792
4936.0 , Degree=0
K= 1793
12.016666667
K= 1794
6.85725838726
K= 1795
140.5
K= 1796
3961.45382915
K= 1797
15.7583466993
K= 1798
38.5185601396
K= 1799
34.7285714287
K= 1800
20.7039283501
K= 1801
120.797619048
K= 1802
8544.0
K= 1803
4481.36666667
K= 1804
9.05238095263
K= 1805
11617.3570563
K= 1806
21.7039283501
K= 1807
20.7039283501
K= 1808
96.6225291691
K= 1809
8.31190476206
K= 1810
20.7039283501
K= 1811
18.875
K= 1812
8591.0
K= 1813
24.8444444445
K= 1814
9.16904761922
K= 1815
23.7865079365
K= 1816
4788.91794059
K= 1817
6601.07099725
K= 1818
9.82857142878
K= 1819
402.667155383
K= 1820
13423.4761905
K= 1821
8.45476190501
K= 1822
20.7039283501
K= 1823
4797.75079365
K= 1824
4424.17586263
K= 1825
8600.0
K= 1826
9537.2288363
K= 1827
30.6977640181
K= 1828
506.0406127
K= 1829
12.4095238097
K= 1830
145.0
K= 1831
84.1274642027
K= 1832
20.7039283501
K= 1833
4867.42378455
K= 1834
4895.20508325
K= 1835
4479.83333333
K= 1836
5105.81637252
K= 1837
192.533333334
K= 1838
34.2924361511
K= 1839
15.9952380954
K= 1840
8.83088098816
K= 1841
40.2433545988
K= 1842
67.4836639048
K= 1843
12.266666667
K= 1844
4766.75141329
K= 1845
11.6000000003
K= 1846
20.7039283501
K= 1847
8588.0
K= 1848
43.2007832446
K= 1849
12.016666667
K= 1850
10.4952380954
K= 1851
4291.75
K= 1852
16.7779620545
K= 1853
4194.0
K= 1854
136.0
K= 1855
400.712500028
K= 1856
11.2000000002
K= 1857
4479.97142857
K= 1858
44.0635283426
K= 1859
4773.5007992
K= 1860
4291.75
K= 1861
4654.03333333
K= 1862
553.058961872
K= 1863
8533.0
K= 1864
24.5333333336
K= 1865
4847.64793117
K= 1866
41.8809113301
K= 1867
150.0
K= 1868
4291.75
K= 1869
155.318181818
K= 1870
171.0
K= 1871
7.63864733162
K= 1872
15.0570112895
K= 1873
4291.75
K= 1874
6.22238767007
K= 1875
4602.52142857
K= 1876
8592.0
K= 1877
12.5685181791
K= 1878
13.5
K= 1879
8.67662337678
K= 1880
130.135016499
K= 1881
8588.0
K= 1882
10.0416666667
K= 1883
12.516666667
K= 1884
133.0
K= 1885
4478.7199495
K= 1886
11652.2394624
K= 1887
13.1166666668
K= 1888
11.8000000003
K= 1889
376.349758575
K= 1890
4936.0 , Degree=0
K= 1891
4584.0
K= 1892
9.71904761926
K= 1893
8600.0
K= 1894
4484.13519438
K= 1895
457.25
K= 1896
4616.0
K= 1897
4852.62041523
K= 1898
5105.81637252
K= 1899
9.86904761929
K= 1900
210.427040027
K= 1901
4457.0
K= 1902
9.22222222213
K= 1903
4121.36017094
K= 1904
3019.28560625
K= 1905
7.30730837805
K= 1906
20.2039283501
K= 1907
23.7000142088
K= 1908
4478.97510823
K= 1909
28.3663341762
K= 1910
10.6063492065
K= 1911
11.8666666668
K= 1912
8.30238095263
K= 1913
20.7039283501
K= 1914
535.095238095
K= 1915
327.465079365
K= 1916
4660.58333333
K= 1917
20.7039283501
K= 1918
6.86159844068
K= 1919
4895.80120624
K= 1920
4866.06951786
K= 1921
4818.19098124
K= 1922
191.583333333
K= 1923
5143.52973088
K= 1924
7.18924115121
K= 1925
10.6380952382
K= 1926
4157.0
K= 1927
501.117460318
K= 1928
5718.49331447
K= 1929
9.20952380961
K= 1930
118.785569514
K= 1931
22.0451989349
K= 1932
881.171146938
K= 1933
4838.9015873
K= 1934
145.0
K= 1935
140.0
K= 1936
64.7024861496
K= 1937
20.4834325399
K= 1938
12.6000000002
K= 1939
11.3666666668
K= 1940
4553.0
K= 1941
33.9065336478
K= 1942
4811.61105245
K= 1943
180.711764799
K= 1944
8593.0
K= 1945
4591.0
K= 1946
10.0666666668
K= 1947
27.8618230871
K= 1948
4509.48214286
K= 1949
30.355657193
K= 1950
409.638075881
K= 1951
4797.75079365
K= 1952
4291.75
K= 1953
4876.26111111
K= 1954
7.0207929326
K= 1955
4374.0
K= 1956
417.422424668
K= 1957
6.29883289128
K= 1958
21.0237812913
K= 1959
606.631666667
K= 1960
382.833089587
K= 1961
20.7039283501
K= 1962
4478.20995671
K= 1963
11.4285714288
K= 1964
4900.21468254
K= 1965
7.68895636534
K= 1966
4291.75
K= 1967
173.0
K= 1968
4873.08678168
K= 1969
311.827380953
K= 1970
214.9
K= 1971
60.1649161223
K= 1972
4867.42378455
K= 1973
219.583333333
K= 1974
4123.0
K= 1975
4123.0
K= 1976
38.4029853315
K= 1977
785.616275391
K= 1978
4773.5007992
K= 1979
8945.89844386
K= 1980
174.2
K= 1981
9.31904761924
K= 1982
20.7039283501
K= 1983
9590.2142903
K= 1984
109.0
K= 1985
12.4333333336
K= 1986
4501.87326433
K= 1987
2850.55745791
K= 1988
82.6557197595
K= 1989
4123.0
K= 1990
4479.16190476
K= 1991
4840.32899274
K= 1992
180.583333333
K= 1993
24.7166666668
K= 1994
5105.81637252
K= 1995
219.583333333
K= 1996
4838.9015873
K= 1997
20.7023809525
K= 1998
8.21994949505
K= 1999
20.7039283501
K= 2000
10.161904762
K= 2001
4880.57857143
K= 2002
4845.792288
K= 2003
4291.75
K= 2004
4959.16666667
K= 2005
12.4095238097
K= 2006
300.0
K= 2007
4691.5801369
K= 2008
5012.66190476
K= 2009
147.0
K= 2010
6.97150721843
K= 2011
119.5
K= 2012
11.4
K= 2013
7.27257448458
K= 2014
7.33003663027
K= 2015
4797.75079365
K= 2016
113.784482758
K= 2017
33.6840949542
K= 2018
20.1992424243
K= 2019
12.6000000002
K= 2020
11.5952380955
K= 2021
12.516666667
K= 2022
4572.5007992
K= 2023
8.01666666672
K= 2024
4584.25
K= 2025
1398.22694278
K= 2026
4797.75079365
K= 2027
488.833333333
K= 2028
11.8000000003
K= 2029
4868.79404762
K= 2030
24.0886904763
K= 2031
6.67340067367
K= 2032
17900.6956422
K= 2033
26.8666666668
K= 2034
4911.21904762
K= 2035
4899.8547619
K= 2036
39.3142807386
K= 2037
114.0
K= 2038
5005.01190476
K= 2039
4123.0
K= 2040
65.6593333839
K= 2041
4291.75
K= 2042
43.0702157906
K= 2043
3762.70681389
K= 2044
54.5208957711
K= 2045
229.0
K= 2046
8588.75
K= 2047
19.6571428572
K= 2048
8600.0
K= 2049
24.5333333336
K= 2050
20.7039283501
K= 2051
8539.75
K= 2052
4490.66045009
K= 2053
4490.70392835
K= 2054
20.7039283501
K= 2055
8513.0
K= 2056
422.145815296
K= 2057
4835.90841009
K= 2058
18.1407894739
K= 2059
11608.5395363
K= 2060
4829.792288
K= 2061
666.703753538
K= 2062
10.671872572
K= 2063
10.0666666668
K= 2064
4873.42378455
K= 2065
4122.0
K= 2066
9.26666666672
K= 2067
34.0108126902
K= 2068
400.138387021
K= 2069
4548.87326433
K= 2070
11638.6194996
K= 2071
11.8000000003
K= 2072
7.2984848487
K= 2073
3680.77630725
K= 2074
20.2039283501
K= 2075
4821.74550523
K= 2076
20.7039283501
K= 2077
174.65
K= 2078
12.516666667
K= 2079
4936.0 , Degree=0
K= 2080
4855.7711154
K= 2081
9.17662337678
K= 2082
4872.78316579
K= 2083
4477.5156746
K= 2084
44.0635283426
K= 2085
19.6764705882
K= 2086
5105.81637252
K= 2087
18219.9869048
K= 2088
4862.36959443
K= 2089
53.7440476192
K= 2090
20.0704074153
K= 2091
5355.55996419
K= 2092
4884.69489699
K= 2093
499.0
K= 2094
308.366595833
K= 2095
8950.07142857
K= 2096
364.797678148
K= 2097
18.2388546686
K= 2098
473.766666667
K= 2099
4808.42378455
K= 2100
4936.0 , Degree=0
K= 2101
320.122141156
K= 2102
4123.0
K= 2103
4628.0
K= 2104
216.583333333
K= 2105
8578.0
K= 2106
4908.16666667
K= 2107
4827.34975857
K= 2108
2783.5988196
K= 2109
4484.71428571
K= 2110
626.743756421
K= 2111
4478.8014763
K= 2112
4936.0 , Degree=0
K= 2113
10.0952380954
K= 2114
17.4550000001
K= 2115
4888.02222222
K= 2116
14.5995310245
K= 2117
4936.0 , Degree=0
K= 2118
8.21507936507
K= 2119
61.726923077
K= 2120
4123.0
K= 2121
8600.0
K= 2122
17.447936508
K= 2123
4626.0
K= 2124
140.848701533
K= 2125
4266.67362459
K= 2126
4936.0 , Degree=0
K= 2127
221.422619048
K= 2128
380.724423307
K= 2129
4396.33333333
K= 2130
20.7039283501
K= 2131
11.8500000003
K= 2132
4610.0
K= 2133
39.8185185186
K= 2134
21.5526695529
K= 2135
4504.38334524
K= 2136
4291.75
K= 2137
30.355657193
K= 2138
41.1761405258
K= 2139
4291.75
K= 2140
4477.40972222
K= 2141
366.084676752
K= 2142
4291.75
K= 2143
4490.19924242
K= 2144
4490.70392835
K= 2145
418.197295841
K= 2146
4887.62946311
K= 2147
4476.86904762
K= 2148
362.59294723
K= 2149
4478.65714286
K= 2150
8593.0
K= 2151
4857.51201715
K= 2152
4156.0
K= 2153
4194.0
K= 2154
186.4
K= 2155
4291.75
K= 2156
20.7039283501
K= 2157
20.7039283501
K= 2158
4830.19098124
K= 2159
9305.16666667
K= 2160
4665.1580223
K= 2161
54.3155097254
K= 2162
10.0416666667
K= 2163
10.2690476192
K= 2164
8.86904761929
K= 2165
4901.26468254
K= 2166
11.8666666668
K= 2167
431.126190476
K= 2168
4614.0
K= 2169
4638.0
K= 2170
5.44999999995
K= 2171
8587.5
K= 2172
12.9095238097
K= 2173
6567.65282872
K= 2174
5240.43884692
K= 2175
20.7039283501
K= 2176
7.83104575158
K= 2177
11.3666666668
K= 2178
4123.0
K= 2179
19.6764705882
K= 2180
13.5524093697
K= 2181
4620.0
K= 2182
29.4401449275
K= 2183
11.8666666668
K= 2184
4490.70392835
K= 2185
4936.0 , Degree=0
K= 2186
8593.0
K= 2187
18.6524495459
K= 2188
4787.83852814
K= 2189
4627.0
K= 2190
139.254928405
K= 2191
3866.26420139
K= 2192
12.4095238097
K= 2193
16616.3333333
K= 2194
20.7039283501
K= 2195
4129.5
K= 2196
4912.59047619
K= 2197
14.3000000003
K= 2198
11.2000000002
K= 2199
37.4774031526
K= 2200
401.834081474
K= 2201
4782.0
K= 2202
4936.0 , Degree=0
K= 2203
20.9904761905
K= 2204
4450.44105976
K= 2205
8.35317460319
K= 2206
4565.75079365
K= 2207
4567.0
K= 2208
20.7039283501
K= 2209
4865.3740716
K= 2210
469.1
K= 2211
5105.81637252
K= 2212
982.817104063
K= 2213
4291.75
K= 2214
323.245631031
K= 2215
5200.3160446
K= 2216
6076.76077902
K= 2217
20.7039283501
K= 2218
7.952991453
K= 2219
4291.75
K= 2220
4936.0 , Degree=0
K= 2221
4490.70392835
K= 2222
12712.0
K= 2223
35.4520656801
K= 2224
13492.4445896
K= 2225
4844.43158369
K= 2226
4490.70392835
K= 2227
4291.75
K= 2228
17888.1077179
K= 2229
0.0
K= 2230
4830.40379998
K= 2231
19.5815628816
K= 2232
26.8631543125
K= 2233
4727.5007992
K= 2234
151.583333333
K= 2235
4123.0
K= 2236
4936.0 , Degree=0
K= 2237
9.31682990934
K= 2238
117.0
K= 2239
235.155814631
K= 2240
20.7039283501
K= 2241
381.183820672
K= 2242
18.688888889
K= 2243
4123.0
K= 2244
4877.9015873
K= 2245
7.56277056283
K= 2246
7.10590781784
K= 2247
10.5721611723
K= 2248
12.516666667
K= 2249
7.0
K= 2250
739.445963515
K= 2251
2551.51146653
K= 2252
4123.0
K= 2253
5604.74076555
K= 2254
17.5333333336
K= 2255
49.7443181818
K= 2256
329.13930581
K= 2257
8600.0
K= 2258
4123.0
K= 2259
4490.70392835
K= 2260
4936.0 , Degree=0
K= 2261
8.41904761933
K= 2262
8600.0
K= 2263
20.7039283501
K= 2264
12.516666667
K= 2265
12.266666667
K= 2266
25.3106442579
K= 2267
8543.5
K= 2268
9.57406841556
K= 2269
4477.0
K= 2270
12.6000000002
K= 2271
4795.12952742
K= 2272
403.185077698
K= 2273
4600.09749695
K= 2274
95.2620482108
K= 2275
4814.64637882
K= 2276
6.04026196036
K= 2277
8599.0
K= 2278
211.75
K= 2279
20.7039283501
K= 2280
4696.75833333
K= 2281
8583.0
K= 2282
7.22943722946
K= 2283
16.1630144366
K= 2284
9.25277777785
K= 2285
4490.10602814
K= 2286
9.92857142875
K= 2287
143.0
K= 2288
20.7039283501
K= 2289
431.086904762
K= 2290
4931.54355644
K= 2291
21.7500000002
K= 2292
4818.19098124
K= 2293
8600.0
K= 2294
4604.75079365
K= 2295
135.0
K= 2296
2750.87206117
K= 2297
4123.0
K= 2298
20.7039283501
K= 2299
11.5952380955
K= 2300
4936.0 , Degree=0
K= 2301
4885.65511888
K= 2302
19.761904762
K= 2303
4479.00718356
K= 2304
192.533333334
K= 2305
4808.42378455
K= 2306
7.24670329678
K= 2307
172.0
K= 2308
158.083333333
K= 2309
4475.75623317
K= 2310
4834.0
K= 2311
8600.0
K= 2312
186.616666667
K= 2313
20.7039283501
K= 2314
4808.42378455
K= 2315
4793.89218918
K= 2316
0.0
K= 2317
506.084025974
K= 2318
8.798552325
K= 2319
479.400668926
K= 2320
27.516666667
K= 2321
4847.06951786
K= 2322
781.277934288
K= 2323
3381.2869567
K= 2324
465.683680118
K= 2325
9.61666666681
K= 2326
4481.2
K= 2327
4867.42378455
K= 2328
4582.93832973
K= 2329
8593.0
K= 2330
4478.12662338
K= 2331
41.4663840674
K= 2332
245.408928572
K= 2333
14.846825397
K= 2334
11.8666666668
K= 2335
11.3666666668
K= 2336
4599.0
K= 2337
21.0127253421
K= 2338
5707.81704547
K= 2339
9354.50727595
K= 2340
174.0
K= 2341
4291.75
K= 2342
25.0666666668
K= 2343
323.245631031
K= 2344
4605.75079365
K= 2345
4123.0
K= 2346
1267.7687922
K= 2347
31.9116123093
K= 2348
4661.53333333
K= 2349
8593.0
K= 2350
4936.0 , Degree=0
K= 2351
15.3073593075
K= 2352
4562.0
K= 2353
8544.0
K= 2354
4797.18203158
K= 2355
20.7039283501
K= 2356
184.033333334
K= 2357
4490.70392835
K= 2358
69.5459803354
K= 2359
4443.75
K= 2360
4401.2966885
K= 2361
20.7039283501
K= 2362
4797.75079365
K= 2363
4504.57011803
K= 2364
62.9593570845
K= 2365
503.615476191
K= 2366
82.5208957711
K= 2367
21.2404761906
K= 2368
10.0666666668
K= 2369
8538.0
K= 2370
11.8666666668
K= 2371
4123.0
K= 2372
14.751911831
K= 2373
175.0
K= 2374
12.6000000002
K= 2375
4612.0
K= 2376
5705.31704547
K= 2377
27.0933204597
K= 2378
4291.75
K= 2379
4614.0
K= 2380
392.900793651
K= 2381
4123.0
K= 2382
11367.6340909
K= 2383
20.7039283501
K= 2384
14.423769376
K= 2385
19.9001626972
K= 2386
14.6444444446
K= 2387
11642.9871243
K= 2388
20.8833333334
K= 2389
4900.80833333
K= 2390
127.495833333
K= 2391
4555.82619048
K= 2392
12.4333333336
K= 2393
210.632936508
K= 2394
4773.5007992
K= 2395
4490.70392835
K= 2396
315.409829134
K= 2397
20.2039283501
K= 2398
34.3309642895
K= 2399
9.31904761924
K= 2400
4603.0
Betweenness Centrality Improvement
[ 0.  0.  0. ...,  0.  0.  0.]
Top 20 BC Improvement
[2087 2032 2228 1508 1599 1606 2193 2224 1820 1657 2222 1627 1631 1648 1760
 1886 2387 1320 2070 1805]
Top 20 BC Improvement
[ 18219.98690476  17900.69564218  17888.10771788  17650.          17650.
  17182.          16616.33333333  13492.44458956  13423.47619048  13077.
  12712.          12703.11111111  11929.5023088   11722.66910059
  11653.35802571  11652.23946241  11642.98712427  11640.13916802
  11638.61949955  11617.35705628]
