txValue= 10000
Input graph
IGRAPH D--- 4619 68733 -- 
+ attr: pub_key (v), base_fee (e), capacity (e), fee_rate (e), txCost (e)
None
Graph after edges deleted
IGRAPH D--- 4619 68697 -- 
+ attr: pub_key (v), base_fee (e), capacity (e), fee_rate (e), txCost (e)
None
Our nodes starting connections: 
(4618, 2796)
(4618, 1223)
(4618, 1163)
(4618, 498)
(4618, 3265)
CurrentBC of our node:  915744.687374
K= 3600
40.0384872917
K= 3601
16.7999999999
K= 3602
552.973462018
K= 3603
157.166666667
K= 3604
8554.66666667
K= 3605
359.384697957
K= 3606
4701.06693043
K= 3607
5691.07053512
K= 3608
4936.0 , Degree=0
K= 3609
34.4429254958
K= 3610
4936.0 , Degree=0
K= 3611
4716.11911971
K= 3612
4565.0
K= 3613
8588.0
K= 3614
15.0232323232
K= 3615
4605.0
K= 3616
8951.12752525
K= 3617
4601.75079365
K= 3618
8.92949449539
K= 3619
399.926348108
K= 3620
10.8666666667
K= 3621
17.3628730918
K= 3622
19.70392835
K= 3623
131.0
K= 3624
428.428571429
K= 3625
5.99523809517
K= 3626
4934.50860806
K= 3627
5095.60127649
K= 3628
4573.4
K= 3629
321.750793651
K= 3630
7.61904761905
K= 3631
344.990806962
K= 3632
417.397619047
K= 3633
10.0119047619
K= 3634
4141.0
K= 3635
4490.70392835
K= 3636
9.00718355714
K= 3637
8.00718355714
K= 3638
12.4007836528
K= 3639
543.758333333
K= 3640
25.984625579
K= 3641
4474.5780873
K= 3642
6527.79215398
K= 3643
4213.0
K= 3644
8.92857142841
K= 3645
9.34523809527
K= 3646
4725.77952728
K= 3647
11699.8375999
K= 3648
4486.16190476
K= 3649
4577.0
K= 3650
5095.60127649
K= 3651
4838.58133117
K= 3652
8612.0
K= 3653
256.45814308
K= 3654
4644.47442727
K= 3655
4861.50711788
K= 3656
4913.37478992
K= 3657
8606.0
K= 3658
201.583333333
K= 3659
21.8014782276
K= 3660
4310.75
K= 3661
7.49670329667
K= 3662
19.70392835
K= 3663
4169.16666667
K= 3664
5949.45731756
K= 3665
8.99523809517
K= 3666
11.5839876343
K= 3667
4626.15
K= 3668
4936.0 , Degree=0
K= 3669
4477.10111643
K= 3670
23.2377622377
K= 3671
4401.39702038
K= 3672
352.868253968
K= 3673
4310.75
K= 3674
4481.66666667
K= 3675
4479.00718356
K= 3676
171.15
K= 3677
5.79999999993
K= 3678
4141.0
K= 3679
4693.0
K= 3680
6.82222222222
K= 3681
6.72510822513
K= 3682
399.017582809
K= 3683
142.25
K= 3684
4469.91666667
K= 3685
64.3723002685
K= 3686
10.3666666667
K= 3687
4553.0
K= 3688
4310.75
K= 3689
11.6
K= 3690
708.084094318
K= 3691
4841.34394636
K= 3692
124.333333333
K= 3693
47.6357680055
K= 3694
12.6964803312
K= 3695
73.0095238095
K= 3696
5958.33147621
K= 3697
4763.87728971
K= 3698
4857.77695709
K= 3699
5.16906182771
K= 3700
4362.5
K= 3701
4611.0
K= 3702
21.8611473902
K= 3703
19.6483727945
K= 3704
9.06666666665
K= 3705
8612.0
K= 3706
4367.0
K= 3707
4559.0
K= 3708
17.332001332
K= 3709
5.16897622612
K= 3710
176.083333333
K= 3711
13.1726495727
K= 3712
4893.10555556
K= 3713
4476.60793651
K= 3714
4817.79909812
K= 3715
4785.77265512
K= 3716
8.36590909085
K= 3717
5254.55391418
K= 3718
18.6814125428
K= 3719
4936.0 , Degree=0
K= 3720
49.6
K= 3721
9.06666666665
K= 3722
136.0
K= 3723
139.0
K= 3724
4548.34015746
K= 3725
4864.63928571
K= 3726
4860.26490088
K= 3727
8.00718355714
K= 3728
139.0
K= 3729
150.533874062
K= 3730
10.8666666667
K= 3731
5.41225023346
K= 3732
4503.45278047
K= 3733
139.5
K= 3734
4888.8520202
K= 3735
366.472726621
K= 3736
319.591941392
K= 3737
4561.9289534
K= 3738
175.333333333
K= 3739
4936.0 , Degree=0
K= 3740
4897.80952381
K= 3741
4490.70392835
K= 3742
7.95238095231
K= 3743
8.00718355714
K= 3744
11.6
K= 3745
21.7333333334
K= 3746
67.9114690867
K= 3747
555.376715157
K= 3748
12.2825757576
K= 3749
383.474427267
K= 3750
24.2
K= 3751
19.70392835
K= 3752
5.82003663003
K= 3753
11773.2471835
K= 3754
4479.86904762
K= 3755
4391.0
K= 3756
5.09778739791
K= 3757
19.1060281387
K= 3758
4936.0 , Degree=0
K= 3759
181.14710609
K= 3760
11686.4480241
K= 3761
4490.70392835
K= 3762
36.3560606062
K= 3763
181.583333333
K= 3764
4310.75
K= 3765
5.23272642388
K= 3766
4175.0
K= 3767
4861.50711788
K= 3768
3752.89133391
K= 3769
167.533333333
K= 3770
10.5166666667
K= 3771
6.5490079365
K= 3772
10.2666666667
K= 3773
4740.06693043
K= 3774
80.116430549
K= 3775
11.5166666667
K= 3776
19.70392835
K= 3777
4482.26666667
K= 3778
356.879761905
K= 3779
11.4095238096
K= 3780
179.952380952
K= 3781
537.536525974
K= 3782
4481.0
K= 3783
366.583908967
K= 3784
5095.60127649
K= 3785
4310.75
K= 3786
27.5935598902
K= 3787
12.4969696971
K= 3788
10.7999999999
K= 3789
19.70392835
K= 3790
200.583333333
K= 3791
5095.60127649
K= 3792
30.5666666667
K= 3793
173.0
K= 3794
11.5166666667
K= 3795
19.70392835
K= 3796
11.0080213904
K= 3797
155.0
K= 3798
5053.60127649
K= 3799
4583.5
K= 3800
39.4078567
K= 3801
4141.0
K= 3802
7.17510822508
K= 3803
4936.0 , Degree=0
K= 3804
4382.96785714
K= 3805
9.39090909099
K= 3806
4479.26666667
K= 3807
4475.16666667
K= 3808
4541.2
K= 3809
4.71151898708
K= 3810
4936.0 , Degree=0
K= 3811
4292.0
K= 3812
21.8611473902
K= 3813
7413.00961073
K= 3814
8.82857142843
K= 3815
5956.5359944
K= 3816
12.7971177024
K= 3817
689.833333333
K= 3818
4141.0
K= 3819
398.683333333
K= 3820
18.9971906164
K= 3821
544.758333333
K= 3822
11.4095238096
K= 3823
4936.0 , Degree=0
K= 3824
201.583333333
K= 3825
4936.0 , Degree=0
K= 3826
12.0
K= 3827
8.11904761905
K= 3828
115.450540729
K= 3829
5678.94107338
K= 3830
11.5166666667
K= 3831
8611.0
K= 3832
42.4298212896
K= 3833
4.47325581394
K= 3834
4363.0
K= 3835
19.70392835
K= 3836
14.8992424242
K= 3837
4903.08333333
K= 3838
407.703571429
K= 3839
121.0
K= 3840
8.29776711354
K= 3841
8594.5
K= 3842
4936.0 , Degree=0
K= 3843
4490.70392835
K= 3844
4402.50658474
K= 3845
19.1660922411
K= 3846
19.70392835
K= 3847
4141.0
K= 3848
18.6660922411
K= 3849
8.8583333334
K= 3850
4818.31358388
K= 3851
36.5224908261
K= 3852
8606.0
K= 3853
8.73034547153
K= 3854
23.9857142856
K= 3855
441.266666667
K= 3856
4833.44047619
K= 3857
10.0119047619
K= 3858
111.0
K= 3859
16.3555555556
K= 3860
53.9948884451
K= 3861
15.5499999999
K= 3862
8604.0
K= 3863
93.6345238097
K= 3864
53.7164285715
K= 3865
4906.53333333
K= 3866
4936.0 , Degree=0
K= 3867
19.70392835
K= 3868
133.34389638
K= 3869
785.520670996
K= 3870
54.8098002685
K= 3871
13.3666666667
K= 3872
297.029869001
K= 3873
4175.0
K= 3874
19.70392835
K= 3875
11.0166666667
K= 3876
19.70392835
K= 3877
19.70392835
K= 3878
4600.0
K= 3879
21.2791666667
K= 3880
19.70392835
K= 3881
10.5236235454
K= 3882
4490.70392835
K= 3883
4310.75
K= 3884
40172.7583333
K= 3885
4864.63928571
K= 3886
19.70392835
K= 3887
19.128477004
K= 3888
354.126278177
K= 3889
10.9099567099
K= 3890
4827.39058116
K= 3891
4597.27234791
K= 3892
161.083333333
K= 3893
10.7160633485
K= 3894
7.30842074589
K= 3895
4447.0
K= 3896
4490.70392835
K= 3897
8444.71666667
K= 3898
393.459768734
K= 3899
4386.5
K= 3900
4936.0 , Degree=0
K= 3901
4479.23333333
K= 3902
8619.0
K= 3903
4612.0
K= 3904
172.65995671
K= 3905
221.509523809
K= 3906
4900.07083767
K= 3907
8962.03333333
K= 3908
8619.0
K= 3909
4833.60952381
K= 3910
191.866666667
K= 3911
19.20392835
K= 3912
15.7835497835
K= 3913
476.384693085
K= 3914
45.0447052948
K= 3915
21.8611473902
K= 3916
8597.0
K= 3917
4982.94156789
K= 3918
4175.0
K= 3919
19.70392835
K= 3920
30.0807251822
K= 3921
270.091616234
K= 3922
4588.35193956
K= 3923
154.0
K= 3924
156.0
K= 3925
11.0166666667
K= 3926
204.981182796
K= 3927
280.0
K= 3928
8.4886911799
K= 3929
391.758333333
K= 3930
5.31957250449
K= 3931
258.879761905
K= 3932
11.4095238096
K= 3933
28.4222222222
K= 3934
8.00718355714
K= 3935
4964.71325864
K= 3936
19.70392835
K= 3937
4476.3104816
K= 3938
64.1792876842
K= 3939
4665.7386525
K= 3940
4612.0
K= 3941
8618.0
K= 3942
201.583333333
K= 3943
4752.2320821
K= 3944
9.59523809515
K= 3945
140.0
K= 3946
4694.47442727
K= 3947
8595.83333333
K= 3948
21.8611473902
K= 3949
4555.75079365
K= 3950
4856.74550523
K= 3951
25.0596366597
K= 3952
142.6625
K= 3953
35.474073149
K= 3954
142.0
K= 3955
4482.51666667
K= 3956
131.0
K= 3957
12.4053030303
K= 3958
113.5
K= 3959
4310.75
K= 3960
4936.0 , Degree=0
K= 3961
201.583333333
K= 3962
30.5840760481
K= 3963
17.70392835
K= 3964
4534.0
K= 3965
4479.86904762
K= 3966
4881.18452381
K= 3967
17.3958975965
K= 3968
10.357142857
K= 3969
4856.90061744
K= 3970
4.83905890491
K= 3971
201.583333333
K= 3972
416.184506677
K= 3973
13.8902966315
K= 3974
7.13104575162
K= 3975
4554.75079365
K= 3976
32.5297035505
K= 3977
4685.06693043
K= 3978
10.85
K= 3979
19.70392835
K= 3980
406.071664447
K= 3981
4758.51519952
K= 3982
4833.44047619
K= 3983
10.7999999999
K= 3984
19.70392835
K= 3985
11.5166666667
K= 3986
4610.0
K= 3987
53.522763348
K= 3988
10.5952380953
K= 3989
4793.75079365
K= 3990
9540.69512938
K= 3991
4480.16190476
K= 3992
4141.0
K= 3993
26.2625
K= 3994
4601.75079365
K= 3995
26.7710958924
K= 3996
8619.0
K= 3997
184.583333333
K= 3998
238.018106893
K= 3999
122.616666667
K= 4000
4506.12936379
K= 4001
190.866666667
K= 4002
602.242857143
K= 4003
5078.34663648
K= 4004
8.63122294366
K= 4005
4141.0
K= 4006
33.7492285494
K= 4007
138.333333333
K= 4008
19.70392835
K= 4009
4920.23333333
K= 4010
4229.72616735
K= 4011
113.5
K= 4012
4624.0
K= 4013
170.0
K= 4014
4740.898283
K= 4015
8612.0
K= 4016
4833.44047619
K= 4017
4936.0 , Degree=0
K= 4018
4621.0
K= 4019
511.169480519
K= 4020
343.166666667
K= 4021
130.66373828
K= 4022
4936.0 , Degree=0
K= 4023
4487.10938064
K= 4024
4310.75
K= 4025
407.008679283
K= 4026
4867.50711788
K= 4027
39.4078567
K= 4028
15.1444444444
K= 4029
4853.46250955
K= 4030
6.19626470027
K= 4031
6089.10162853
K= 4032
4875.98341221
K= 4033
10.2
K= 4034
4936.0 , Degree=0
K= 4035
11683.563816
K= 4036
140.0
K= 4037
4141.0
K= 4038
4953.68333333
K= 4039
4827.36625768
K= 4040
4848.70218972
K= 4041
4310.75
K= 4042
117.0
K= 4043
8609.0
K= 4044
127.840909091
K= 4045
4721.91773042
K= 4046
12.9838951828
K= 4047
2497.91402728
K= 4048
4325.0
K= 4049
10.5952380953
K= 4050
19.70392835
K= 4051
22361.1991453
K= 4052
4310.75
K= 4053
4310.75
K= 4054
5.98670329666
K= 4055
4793.75079365
K= 4056
155.0
K= 4057
154.0
K= 4058
4490.70392835
K= 4059
19.70392835
K= 4060
4917.01207485
K= 4061
12.6906629318
K= 4062
372.862431039
K= 4063
10.8666666667
K= 4064
4310.75
K= 4065
156.0
K= 4066
4811.86825397
K= 4067
10.2
K= 4068
8619.0
K= 4069
4912.67617087
K= 4070
4936.0 , Degree=0
K= 4071
355.879761905
K= 4072
64.3723002685
K= 4073
22.7723238597
K= 4074
27.5935598902
K= 4075
304.050860141
K= 4076
11.0166666667
K= 4077
35.9039904542
K= 4078
8614.81333481
K= 4079
43.0635283426
K= 4080
4894.10274955
K= 4081
8.18154761905
K= 4082
10.8666666667
K= 4083
134.742857143
K= 4084
4766.10453363
K= 4085
6.8465072182
K= 4086
67.8873638344
K= 4087
384.616266328
K= 4088
4623.2
K= 4089
4600.0
K= 4090
4310.75
K= 4091
183.0
K= 4092
4490.70392835
K= 4093
8619.0
K= 4094
17.5288440726
K= 4095
4612.0
K= 4096
4802.50711788
K= 4097
149.757142857
K= 4098
7.75718355714
K= 4099
8.07619047619
K= 4100
8.92857142841
K= 4101
4886.80261683
K= 4102
8.81666666677
K= 4103
4475.92134159
K= 4104
6.78650793654
K= 4105
4767.9006622
K= 4106
26.853919539
K= 4107
10.422077922
K= 4108
4917.36637427
K= 4109
4936.0 , Degree=0
K= 4110
23.682670136
K= 4111
8607.0
K= 4112
338.035421888
K= 4113
16.1081985728
K= 4114
19.70392835
K= 4115
8609.0
K= 4116
5.0212379396
K= 4117
11.5166666667
K= 4118
4141.0
K= 4119
10.7386363635
K= 4120
67.6736223653
K= 4121
4141.0
K= 4122
2278.55360878
K= 4123
19.6484848486
K= 4124
4592.75079365
K= 4125
4593.0
K= 4126
5.86865715997
K= 4127
4901.23333333
K= 4128
4840.13908581
K= 4129
19.7021167558
K= 4130
8532.0
K= 4131
551.163369963
K= 4132
697.266666667
K= 4133
4490.70392835
K= 4134
104.0
K= 4135
8619.0
K= 4136
4865.09170679
K= 4137
5095.60127649
K= 4138
4862.4697126
K= 4139
6.0
K= 4140
12.5166666667
K= 4141
4936.0 , Degree=0
K= 4142
4310.75
K= 4143
94.885714286
K= 4144
4925.41755827
K= 4145
4872.44047619
K= 4146
4838.58108994
K= 4147
201.583333333
K= 4148
4141.0
K= 4149
4342.0
K= 4150
400.285714286
K= 4151
411.092857143
K= 4152
8.62023809517
K= 4153
10.2
K= 4154
10.0119047619
K= 4155
130.0
K= 4156
8944.84444444
K= 4157
3281.33498955
K= 4158
19.70392835
K= 4159
3610.01140293
K= 4160
4609.0
K= 4161
10.0609988541
K= 4162
4141.0
K= 4163
8612.0
K= 4164
4948.1
K= 4165
17.4718409586
K= 4166
537.536525974
K= 4167
449.083333333
K= 4168
4861.34394636
K= 4169
129.5
K= 4170
42.4298212896
K= 4171
116.016666667
K= 4172
9736.01735857
K= 4173
7.50718355714
K= 4174
159.0
K= 4175
191.583333333
K= 4176
22.5277529026
K= 4177
8.00718355714
K= 4178
8614.97510823
K= 4179
187.533333333
K= 4180
4815.69862164
K= 4181
4808.69862164
K= 4182
42.6666666667
K= 4183
352.006597281
K= 4184
4480.74785714
K= 4185
8.11904761905
K= 4186
8619.0
K= 4187
19.20392835
K= 4188
4884.96150794
K= 4189
11.4736947315
K= 4190
8.53470633097
K= 4191
4566.94487734
K= 4192
204.0
K= 4193
4475.19166667
K= 4194
7.41904761898
K= 4195
4310.75
K= 4196
32.0
K= 4197
4490.70392835
K= 4198
5.8176662554
K= 4199
18.8543334736
K= 4200
4802.50711788
K= 4201
11.0462938109
K= 4202
7.51919191913
K= 4203
19.70392835
K= 4204
7.33333333326
K= 4205
4492.86114739
K= 4206
65.5834421704
K= 4207
11.0845238095
K= 4208
4936.0 , Degree=0
K= 4209
13415.6690476
K= 4210
4921.46785714
K= 4211
319.344444444
K= 4212
8619.0
K= 4213
4177.0
K= 4214
10.7999999999
K= 4215
4550.94404762
K= 4216
19.70392835
K= 4217
398.469727066
K= 4218
15.2844142783
K= 4219
6227.72790776
K= 4220
19.70392835
K= 4221
128.25614482
K= 4222
11.6
K= 4223
4590.5
K= 4224
4478.30844156
K= 4225
4833.44047619
K= 4226
138.0
K= 4227
4141.0
K= 4228
171.333333333
K= 4229
9.69999999995
K= 4230
19.70392835
K= 4231
5668.01371622
K= 4232
4417.0
K= 4233
4490.70392835
K= 4234
13.8581539375
K= 4235
395.610112518
K= 4236
20.3235964228
K= 4237
11.6
K= 4238
47.9012128358
K= 4239
7.73015873018
K= 4240
9.50533977547
K= 4241
11702.6854331
K= 4242
8916.69610872
K= 4243
20.5919222208
K= 4244
4477.78499279
K= 4245
18.6615777338
K= 4246
8.86904761905
K= 4247
4141.0
K= 4248
17.2000433778
K= 4249
4524.0
K= 4250
379.699622107
K= 4251
4840.39469697
K= 4252
185.583333333
K= 4253
4651.44231602
K= 4254
4310.75
K= 4255
19.70392835
K= 4256
141.5
K= 4257
8397.0
K= 4258
8612.0
K= 4259
7.67662337667
K= 4260
4482.6
K= 4261
4482.51666667
K= 4262
4601.75079365
K= 4263
4473.21076605
K= 4264
4112.0
K= 4265
4490.70392835
K= 4266
11.6202852703
K= 4267
393.397910831
K= 4268
19.70392835
K= 4269
4551.99166667
K= 4270
4872.70357143
K= 4271
371.917730418
K= 4272
4936.0 , Degree=0
K= 4273
4490.70392835
K= 4274
4310.75
K= 4275
6.12765151518
K= 4276
10.8666666667
K= 4277
4490.20392835
K= 4278
6.2342032966
K= 4279
4910.22857143
K= 4280
4591.0
K= 4281
9.13809523801
K= 4282
17650.0
K= 4283
16.3758450496
K= 4284
8612.0
K= 4285
8.82857142843
K= 4286
6481.77571976
K= 4287
17566.2
K= 4288
2583.73007489
K= 4289
11683.3083684
K= 4290
4587.43901458
K= 4291
4.93130953819
K= 4292
11.5166666667
K= 4293
11676.1574384
K= 4294
123.516666667
K= 4295
69.1133392162
K= 4296
4832.62458457
K= 4297
4936.0 , Degree=0
K= 4298
4833.44047619
K= 4299
4477.64882479
K= 4300
4874.85341729
K= 4301
140.0
K= 4302
4480.16190476
K= 4303
4503.67501191
K= 4304
4500.12936379
K= 4305
379.018392463
K= 4306
27.2870991732
K= 4307
11.5166666667
K= 4308
4490.70392835
K= 4309
10.0119047619
K= 4310
4853.55112943
K= 4311
8.56666666665
K= 4312
4310.75
K= 4313
9.16190476192
K= 4314
8.67142857134
K= 4315
11.0166666667
K= 4316
190.583333333
K= 4317
4476.79199382
K= 4318
19.70392835
K= 4319
10.6000000001
K= 4320
201.583333333
K= 4321
364.515199521
K= 4322
9.39177489176
K= 4323
10.6666666667
K= 4324
22.7701871075
K= 4325
6.2821581196
K= 4326
11.5166666667
K= 4327
180.333333333
K= 4328
7.17510822508
K= 4329
6.02690631815
K= 4330
29.2381422925
K= 4331
406.25
K= 4332
36.784395588
K= 4333
27.7136156369
K= 4334
19.70392835
K= 4335
362.841591431
K= 4336
4984.58192045
K= 4337
10.0190476191
K= 4338
19.4086773307
K= 4339
4767.91773042
K= 4340
19.70392835
K= 4341
4479.86904762
K= 4342
4175.0
K= 4343
122.333333333
K= 4344
4687.63186051
K= 4345
9.06666666665
K= 4346
5.15252747247
K= 4347
8594.0
K= 4348
4740.06693043
K= 4349
4490.70392835
K= 4350
540.866666667
K= 4351
8.04444444447
K= 4352
21.7382397755
K= 4353
537.425
K= 4354
4401.75079365
K= 4355
8559.75
K= 4356
4806.0
K= 4357
10.7999999999
K= 4358
11.5166666667
K= 4359
21.2965642586
K= 4360
1757.79876498
K= 4361
6.0
K= 4362
4844.91171717
K= 4363
6.24848484842
K= 4364
8304.75
K= 4365
4169.16666667
K= 4366
33.8435755109
K= 4367
32.6666666666
K= 4368
53.0447052948
K= 4369
10.7999999999
K= 4370
4141.0
K= 4371
4817.62414063
K= 4372
81.3714285719
K= 4373
4141.0
K= 4374
4600.00732435
K= 4375
602.25
K= 4376
14.4918414919
K= 4377
4578.0
K= 4378
4716.32619048
K= 4379
4793.75079365
K= 4380
46.9722947804
K= 4381
4793.75079365
K= 4382
4907.83333333
K= 4383
10.0119047619
K= 4384
13417.0227273
K= 4385
4490.70392835
K= 4386
4478.20238095
K= 4387
4735.70782676
K= 4388
4864.71111111
K= 4389
5336.45238095
K= 4390
14.401750852
K= 4391
10.5952380953
K= 4392
11682.3063119
K= 4393
14.7726495727
K= 4394
4175.0
K= 4395
70.9469650442
K= 4396
4936.0 , Degree=0
K= 4397
4934.00555556
K= 4398
19.70392835
K= 4399
141.0
K= 4400
23.2
K= 4401
4793.75079365
K= 4402
5095.60127649
K= 4403
38.2845654346
K= 4404
4936.0 , Degree=0
K= 4405
21.70392835
K= 4406
11.4333333333
K= 4407
537.536525974
K= 4408
4307.75
K= 4409
4490.70392835
K= 4410
4601.75079365
K= 4411
437.007247284
K= 4412
43.7222947804
K= 4413
9.8666666667
K= 4414
8619.0
K= 4415
4556.23649627
K= 4416
8591.0
K= 4417
4479.18571429
K= 4418
4490.70392835
K= 4419
48.2553614939
K= 4420
364.071756509
K= 4421
6.78650793654
K= 4422
134.0
K= 4423
4476.84093344
K= 4424
7.81904761901
K= 4425
4740.06693043
K= 4426
4141.0
K= 4427
4601.73690476
K= 4428
19.70392835
K= 4429
38.1160291891
K= 4430
4175.0
K= 4431
11.3287601287
K= 4432
148.422222222
K= 4433
43.7222947804
K= 4434
5888.01741415
K= 4435
88.8647186146
K= 4436
4480.16190476
K= 4437
64.3723002685
K= 4438
4856.74550523
K= 4439
414.333333333
K= 4440
15.3696581196
K= 4441
4935.58333333
K= 4442
29.8982919254
K= 4443
6.08333333326
K= 4444
11.4095238096
K= 4445
4140.0
K= 4446
4310.75
K= 4447
8563.0
K= 4448
380.659236114
K= 4449
4936.0 , Degree=0
K= 4450
4490.70392835
K= 4451
6.77705627715
K= 4452
155.5
K= 4453
4491.88495691
K= 4454
4936.0 , Degree=0
K= 4455
20.9455946463
K= 4456
4490.70392835
K= 4457
37.6951928596
K= 4458
4802.50711788
K= 4459
6.82222222222
K= 4460
4793.75079365
K= 4461
3360.77567198
K= 4462
461.766666667
K= 4463
4655.58333333
K= 4464
30.7979620772
K= 4465
282.093079621
K= 4466
11.5166666667
K= 4467
4763.66787657
K= 4468
4490.70392835
K= 4469
4659.2320821
K= 4470
4169.16666667
K= 4471
48.8388888888
K= 4472
32.1572768658
K= 4473
10.8666666667
K= 4474
10.3666666667
K= 4475
4138.0
K= 4476
26.5444444444
K= 4477
4310.75
K= 4478
4953.68333333
K= 4479
21.8611473902
K= 4480
836.653571429
K= 4481
19.70392835
K= 4482
3933.03465017
K= 4483
4827.39058116
K= 4484
185.083333333
K= 4485
4292.0
K= 4486
4589.79752078
K= 4487
19.70392835
K= 4488
279.973874092
K= 4489
373.70560789
K= 4490
893.749152427
K= 4491
11.5166666667
K= 4492
4835.72303009
K= 4493
17869.6071429
K= 4494
11.5166666667
K= 4495
4589.5
K= 4496
36.813073593
K= 4497
5606.20168952
K= 4498
17192.0
K= 4499
4601.0
K= 4500
172.333333333
K= 4501
11763.3635231
K= 4502
464.876623377
K= 4503
4476.9145614
K= 4504
16.5499999999
K= 4505
4480.66190476
K= 4506
4497.38984314
K= 4507
18.6764705882
K= 4508
131.5
K= 4509
4767.91773042
K= 4510
4310.75
K= 4511
187.666666667
K= 4512
374.816666667
K= 4513
4871.15165945
K= 4514
8.31904761912
K= 4515
416.186904762
K= 4516
19.70392835
K= 4517
11.5166666667
K= 4518
11651.6205628
K= 4519
153.0
K= 4520
415.448351648
K= 4521
20.5238095238
K= 4522
8612.0
K= 4523
4736.65845032
K= 4524
5095.60127649
K= 4525
20.9333333333
K= 4526
9.06666666665
K= 4527
4740.06693043
K= 4528
15.356354696
K= 4529
8.17777777778
K= 4530
19.70392835
K= 4531
8612.0
K= 4532
10.3666666667
K= 4533
8.17777777778
K= 4534
8.56666666665
K= 4535
4599.75079365
K= 4536
4849.82269045
K= 4537
32.0369264508
K= 4538
10.7666666667
K= 4539
19.70392835
K= 4540
195.083333333
K= 4541
562.270932072
K= 4542
19.20392835
K= 4543
4476.07925408
K= 4544
4462.75
K= 4545
4920.31178266
K= 4546
574.075462865
K= 4547
8619.0
K= 4548
311.847727273
K= 4549
22.7287878788
K= 4550
6.27408008662
K= 4551
4310.75
K= 4552
8587.0
K= 4553
4774.66975524
K= 4554
136.766666667
K= 4555
8501.33333333
K= 4556
15.2392620241
K= 4557
4936.0 , Degree=0
K= 4558
4721.84920635
K= 4559
8606.0
K= 4560
4310.75
K= 4561
537.536525974
K= 4562
19.70392835
K= 4563
4588.0
K= 4564
4793.75079365
K= 4565
16.8792631013
K= 4566
4834.90061744
K= 4567
8.82857142843
K= 4568
175.533333333
K= 4569
144.0
K= 4570
4310.75
K= 4571
48.4245490622
K= 4572
4617.0
K= 4573
298.0
K= 4574
4310.75
K= 4575
11690.8484627
K= 4576
201.583333333
K= 4577
8610.0
K= 4578
4310.75
K= 4579
11.0
K= 4580
4140.82623707
K= 4581
8.09444444452
K= 4582
4564.80711105
K= 4583
322.750793651
K= 4584
20.6904761905
K= 4585
19.70392835
K= 4586
7.81904761912
K= 4587
6.69722222222
K= 4588
488.333333333
K= 4589
186.533333333
K= 4590
41.4883930885
K= 4591
11689.4812934
K= 4592
12.1638888889
K= 4593
4478.97142857
K= 4594
8.89392551885
K= 4595
474.9
K= 4596
19.70392835
K= 4597
8553.0
K= 4598
191.866666667
K= 4599
4482.51666667
K= 4600
4936.0 , Degree=0
K= 4601
10.2
K= 4602
4767.91773042
K= 4603
5.76465201459
K= 4604
40.9873973251
K= 4605
4903.00724728
K= 4606
185.583333333
K= 4607
140.0
K= 4608
8.97142857127
K= 4609
4663.53333333
K= 4610
53.0447052948
K= 4611
19.70392835
K= 4612
4910.87802916
K= 4613
4310.75
K= 4614
11.5166666667
K= 4615
4930.13690476
K= 4616
5.33333333337
K= 4617
6467.0893519
Betweenness Centrality Improvement
[  0.00000000e+00   0.00000000e+00   0.00000000e+00 ...,   5.33333333e+00
   6.46708935e+03   0.00000000e+00]
Top 20 BC Improvement
[3884 4051 4493 4282 4287 4498 4384 4209 3753 4501 4241 3647 4575 4591 3760
 4035 4289 4392 4293 4518]
Top 20 BC Improvement
[ 40172.75833333  22361.1991453   17869.60714286  17650.          17566.2
  17192.          13417.02272727  13415.66904762  11773.24718354
  11763.36352311  11702.6854331   11699.83759988  11690.84846274
  11689.4812934   11686.44802412  11683.56381601  11683.30836839
  11682.30631186  11676.15743845  11651.62056277]
