txValue= 10000
Input graph
IGRAPH D--- 4619 68733 -- 
+ attr: pub_key (v), base_fee (e), capacity (e), fee_rate (e), txCost (e)
None
Graph after edges deleted
IGRAPH D--- 4619 68697 -- 
+ attr: pub_key (v), base_fee (e), capacity (e), fee_rate (e), txCost (e)
None
Our nodes starting connections: 
(4618, 2796)
(4618, 1223)
(4618, 1163)
(4618, 498)
CurrentBC of our node:  862866.687374
K= 0
20.6034018928
K= 1
8.2666666666
K= 2
11.4095238096
K= 3
83.4458444334
K= 4
282.0
K= 5
4490.70392835
K= 6
140.0
K= 7
14.5714285715
K= 8
4479.09494949
K= 9
11.3766233766
K= 10
4141.0
K= 11
12.1620046649
K= 12
201.583333333
K= 13
19.20392835
K= 14
23.0333333333
K= 15
366.727027027
K= 16
19.20392835
K= 17
4936.0 , Degree=0
K= 18
6.63895636529
K= 19
9.53836996329
K= 20
19.70392835
K= 21
11.4095238096
K= 22
4693.01532912
K= 23
200.583333333
K= 24
4475.26279307
K= 25
6.70684822416
K= 26
11.5166666667
K= 27
21.3666666666
K= 28
4530.22391395
K= 29
11.5166666667
K= 30
19.70392835
K= 31
1258.63844839
K= 32
910.123626948
K= 33
10.9095238096
K= 34
21.855795022
K= 35
18.3238095238
K= 36
8610.0
K= 37
7.86904761905
K= 38
4503.52970355
K= 39
8.23015873018
K= 40
4839.12344902
K= 41
8563.0
K= 42
8608.375
K= 43
5.92456140358
K= 44
8.00718355714
K= 45
4479.95357143
K= 46
4326.0
K= 47
11.6
K= 48
188.333333333
K= 49
4558.0
K= 50
21.4156517882
K= 51
4662.69862164
K= 52
18.8624891884
K= 53
22.1388083383
K= 54
21.9333333333
K= 55
4853.46250955
K= 56
4619.0
K= 57
19.70392835
K= 58
11.4095238096
K= 59
4793.75079365
K= 60
4518.52702703
K= 61
27.3057382955
K= 62
32.4867424242
K= 63
5089.60127649
K= 64
25.3157937664
K= 65
4828.36625768
K= 66
3577.4261737
K= 67
4856.90061744
K= 68
201.083333333
K= 69
32.7083325731
K= 70
4841.34394636
K= 71
6576.38819551
K= 72
4775.07903646
K= 73
4478.68571429
K= 74
5.5143106319
K= 75
11.5166666667
K= 76
8622.4096121
K= 77
4310.75
K= 78
4479.4952381
K= 79
4141.0
K= 80
52.6666666667
K= 81
4834.32162044
K= 82
4907.53095238
K= 83
4872.44047619
K= 84
28.7657031447
K= 85
8.56666666665
K= 86
4487.97184096
K= 87
4482.43333333
K= 88
4468.33333333
K= 89
4740.90026376
K= 90
362.048809524
K= 91
22.5333333333
K= 92
526.61547619
K= 93
43.7222947804
K= 94
19.70392835
K= 95
50.4298212896
K= 96
486.056335432
K= 97
4794.53186068
K= 98
10.9732142857
K= 99
7.41904761898
K= 100
5645.88255973
K= 101
4481.01190476
K= 102
8.31904761912
K= 103
8.02380952379
K= 104
4595.7521978
K= 105
4601.75079365
K= 106
4490.70392835
K= 107
64.3723002685
K= 108
4591.0
K= 109
161.15
K= 110
36.4023330599
K= 111
4936.0 , Degree=0
K= 112
4490.70392835
K= 113
7.21340316033
K= 114
11.4333333333
K= 115
19.6604500891
K= 116
4830.34289044
K= 117
4310.75
K= 118
4882.5766232
K= 119
11.5166666667
K= 120
528.292047743
K= 121
19.70392835
K= 122
5217.95350955
K= 123
1021.03124098
K= 124
4936.0 , Degree=0
K= 125
113.0
K= 126
5.18750310992
K= 127
374.845699187
K= 128
22.9690049504
K= 129
3.85119047621
K= 130
30.6368111825
K= 131
4506.20954601
K= 132
4490.70392835
K= 133
6.43958215695
K= 134
19.70392835
K= 135
12.5016233766
K= 136
19.70392835
K= 137
8.37499999988
K= 138
11655.7851371
K= 139
755.556089528
K= 140
4756.06773055
K= 141
532.343001859
K= 142
4310.75
K= 143
10.3556625923
K= 144
19.6604500891
K= 145
4555.44410427
K= 146
9.6063492063
K= 147
11.1064421086
K= 148
8.86904761905
K= 149
4448.75079365
K= 150
4852.21548719
K= 151
17.8833333333
K= 152
6384.87010065
K= 153
4614.91773042
K= 154
4514.22652348
K= 155
4936.0 , Degree=0
K= 156
3.67424242431
K= 157
155.0
K= 158
8612.0
K= 159
318.896334586
K= 160
4478.24404762
K= 161
8613.0
K= 162
4850.74550523
K= 163
8961.70392835
K= 164
452.771031746
K= 165
19.20392835
K= 166
11.0166666667
K= 167
109.673711986
K= 168
4768.56945829
K= 169
152.15
K= 170
8609.0
K= 171
11.5108585859
K= 172
43.0635283426
K= 173
11.4333333333
K= 174
74.7139530354
K= 175
10.5952380953
K= 176
4793.75079365
K= 177
4766.91773042
K= 178
175.611111111
K= 179
4141.0
K= 180
5.61904761905
K= 181
4936.0 , Degree=0
K= 182
4.92279612087
K= 183
26.1138583638
K= 184
6.0
K= 185
4626.0
K= 186
8612.0
K= 187
10.8666666667
K= 188
4936.0 , Degree=0
K= 189
5.98836996336
K= 190
4213.0
K= 191
132.0
K= 192
4612.0
K= 193
4880.39761905
K= 194
14.5500038115
K= 195
4141.0
K= 196
8788.14285714
K= 197
25.8571428572
K= 198
35.790397919
K= 199
23.0333333333
K= 200
105.0
K= 201
4475.39820261
K= 202
74.7139530354
K= 203
4599.75079365
K= 204
1242.31408817
K= 205
10.8666666667
K= 206
4936.0 , Degree=0
K= 207
10.8666666667
K= 208
11.0035714285
K= 209
8613.0
K= 210
10.8666666667
K= 211
4.30553405581
K= 212
139.0
K= 213
10.8666666667
K= 214
8.86904761905
K= 215
4213.0
K= 216
10.9666666667
K= 217
18.7311651609
K= 218
4687.5
K= 219
31.4366368133
K= 220
2847.10130766
K= 221
10.0
K= 222
115.941176471
K= 223
4213.0
K= 224
4479.61904762
K= 225
11.5166666667
K= 226
9.57216117217
K= 227
4610.0
K= 228
4645.38024143
K= 229
4391.39285714
K= 230
4782.70820523
K= 231
4618.75833333
K= 232
186.533333334
K= 233
360.028669647
K= 234
24.7193531496
K= 235
378.608730159
K= 236
19.70392835
K= 237
140.0
K= 238
4825.44047619
K= 239
2628.64858495
K= 240
4867.57259858
K= 241
19.2666666667
K= 242
6.452991453
K= 243
19.70392835
K= 244
19.70392835
K= 245
8612.0
K= 246
4621.65
K= 247
4823.86825397
K= 248
4767.91773042
K= 249
4633.78922626
K= 250
555.758333333
K= 251
5.09456784569
K= 252
185.583333333
K= 253
4315.0
K= 254
4310.75
K= 255
4936.0 , Degree=0
K= 256
10.8666666667
K= 257
390.34394636
K= 258
26.0131313131
K= 259
22.90392835
K= 260
12.5162382063
K= 261
159.0
K= 262
4936.0 , Degree=0
K= 263
185.583333333
K= 264
5089.60127649
K= 265
11.4333333333
K= 266
9.09523809515
K= 267
19.1615777338
K= 268
9.00718355714
K= 269
9.06666666665
K= 270
4613.0
K= 271
4175.0
K= 272
4480.16190476
K= 273
4936.0 , Degree=0
K= 274
4476.6547619
K= 275
42.4298212896
K= 276
32.0369264508
K= 277
4490.70392835
K= 278
4927.9759712
K= 279
19.70392835
K= 280
4175.0
K= 281
23.2
K= 282
32.158345242
K= 283
8563.0
K= 284
4895.23333333
K= 285
4710.42420648
K= 286
11.4095238096
K= 287
2706.54617783
K= 288
416.714285714
K= 289
4481.76666667
K= 290
26.0648692811
K= 291
4490.70392835
K= 292
4597.75079365
K= 293
10.2
K= 294
16.5292219275
K= 295
7.34900793654
K= 296
5457.29020674
K= 297
4175.0
K= 298
8611.0
K= 299
147.0
K= 300
6.6690476191
K= 301
4563.0
K= 302
17.2404761905
K= 303
32.5600131819
K= 304
4936.0 , Degree=0
K= 305
5.30387584923
K= 306
4482.90598291
K= 307
14.5714285715
K= 308
19.70392835
K= 309
169.083333333
K= 310
4310.75
K= 311
4585.0
K= 312
4812.94801168
K= 313
196.9
K= 314
4548.74285714
K= 315
4544.0
K= 316
31.3857492384
K= 317
4936.0 , Degree=0
K= 318
144.0
K= 319
18.1454545454
K= 320
6.09848484839
K= 321
323.35031575
K= 322
8612.0
K= 323
4930.2765873
K= 324
4864.23968254
K= 325
4310.75
K= 326
4844.11309524
K= 327
11.2023809524
K= 328
6.15265151509
K= 329
7.41904761898
K= 330
25.4083333333
K= 331
4616.0
K= 332
4936.0 , Degree=0
K= 333
10.7999999999
K= 334
64.493017543
K= 335
4479.00718356
K= 336
29.6224220579
K= 337
4601.75079365
K= 338
10.7999999999
K= 339
23.5333333333
K= 340
11.4095238096
K= 341
11678.28763
K= 342
8607.0
K= 343
10.5510883065
K= 344
4.40326728055
K= 345
4586.0
K= 346
4169.16666667
K= 347
4477.96648352
K= 348
4281.6
K= 349
9.70000000007
K= 350
11.4095238096
K= 351
39.349191508
K= 352
18.4207930757
K= 353
85.6166666669
K= 354
19.0985719835
K= 355
4310.75
K= 356
8612.0
K= 357
4310.75
K= 358
8.16161616158
K= 359
4169.16666667
K= 360
169.083333333
K= 361
7.29353979358
K= 362
4488.17647059
K= 363
18.2857142857
K= 364
11690.1051429
K= 365
4846.01532912
K= 366
357.10827497
K= 367
4141.0
K= 368
5089.60127649
K= 369
8.04444444447
K= 370
4936.0 , Degree=0
K= 371
38.0995576491
K= 372
7.6857142857
K= 373
4679.97117605
K= 374
4844.91171717
K= 375
373.867393154
K= 376
4489.0
K= 377
19.1060281387
K= 378
11.4333333333
K= 379
11.5166666667
K= 380
6.01431609329
K= 381
19.70392835
K= 382
4482.40952381
K= 383
10.3666666667
K= 384
27.5166666667
K= 385
4490.70392835
K= 386
4477.98571429
K= 387
8591.0
K= 388
3404.86402387
K= 389
8280.0
K= 390
13.65
K= 391
577.063185568
K= 392
4141.0
K= 393
8.56666666665
K= 394
4936.0 , Degree=0
K= 395
4490.70392835
K= 396
25.9723238598
K= 397
4141.0
K= 398
4641.5
K= 399
4948.58333333
K= 400
21.8611473902
K= 401
10.457031857
K= 402
4490.70392835
K= 403
4479.4952381
K= 404
4611.0
K= 405
434.602371182
K= 406
8606.5
K= 407
404.360006769
K= 408
9.0
K= 409
4936.0 , Degree=0
K= 410
4872.70357143
K= 411
4767.91773042
K= 412
4896.23333333
K= 413
4936.0 , Degree=0
K= 414
10.2
K= 415
10.5119047619
K= 416
12452.6666667
K= 417
281.552159526
K= 418
19.70392835
K= 419
11675.1260457
K= 420
19.6216772994
K= 421
8954.70330215
K= 422
41.1793907163
K= 423
4622.0
K= 424
4636.25
K= 425
4490.70392835
K= 426
53.0447052947
K= 427
370.442316017
K= 428
199.893620906
K= 429
10.2
K= 430
42.5635283426
K= 431
4851.91075036
K= 432
7.86190476187
K= 433
491.291170012
K= 434
154.0
K= 435
8280.0
K= 436
5419.36162166
K= 437
9.51190476189
K= 438
8.04444444447
K= 439
4490.70392835
K= 440
318.750793651
K= 441
19.70392835
K= 442
9.09523809515
K= 443
191.333333333
K= 444
34.8192982457
K= 445
4576.0
K= 446
8612.0
K= 447
4662.69862164
K= 448
8.97142857127
K= 449
151.0
K= 450
4936.0 , Degree=0
K= 451
4878.40946276
K= 452
13.6444444444
K= 453
4545.34642857
K= 454
4289.5
K= 455
4833.44047619
K= 456
4936.0 , Degree=0
K= 457
4849.30361018
K= 458
36.0834007337
K= 459
4490.70392835
K= 460
4141.0
K= 461
4175.0
K= 462
4492.86114739
K= 463
4482.40952381
K= 464
4833.44047619
K= 465
15.3187013292
K= 466
4715.21666667
K= 467
140.0
K= 468
19.70392835
K= 469
11.5166666667
K= 470
29.6833333333
K= 471
11.0166666667
K= 472
6.27222222218
K= 473
11.0722222222
K= 474
8.92857142841
K= 475
4861.50711788
K= 476
4767.91773042
K= 477
4490.70392835
K= 478
8.39999999991
K= 479
354.798173794
K= 480
66.9114690867
K= 481
19.70392835
K= 482
4840.20241703
K= 483
18.2848707478
K= 484
3557.26531565
K= 485
8612.0
K= 486
4793.75079365
K= 487
1338.41845878
K= 488
8438.66666667
K= 489
8612.0
K= 490
8611.0
K= 491
4611.0
K= 492
4310.75
K= 493
3579.59455301
K= 494
7.91904761898
K= 495
43.486288097
K= 496
8612.0
K= 497
137.416666667
K= 498
5.33333333337
K= 499
19.70392835
K= 500
22.0333333333
K= 501
4488.86507731
K= 502
6.01862843032
K= 503
4474.58333333
K= 504
55.8833333334
K= 505
4856.54221889
K= 506
138.0
K= 507
185.583333333
K= 508
4903.30238095
K= 509
390.34394636
K= 510
4740.06693043
K= 511
380.718741123
K= 512
4835.51519952
K= 513
1050.1826092
K= 514
137.5
K= 515
21.4059422751
K= 516
4141.0
K= 517
8.47636363632
K= 518
4802.50711788
K= 519
11.4666666667
K= 520
4479.16666667
K= 521
31.7473109866
K= 522
4834.32162044
K= 523
8.36904761905
K= 524
43.8663419915
K= 525
4786.65571983
K= 526
4863.46071429
K= 527
123.0
K= 528
4844.01688312
K= 529
127.0
K= 530
9.57216117217
K= 531
4802.58108994
K= 532
4861.50711788
K= 533
19.70392835
K= 534
4490.70392835
K= 535
4490.70392835
K= 536
36.8447052947
K= 537
9.59523809515
K= 538
4844.91171717
K= 539
143.0
K= 540
27.5935598902
K= 541
34.3873237876
K= 542
10.85
K= 543
4891.53571429
K= 544
23.4477205918
K= 545
8601.0
K= 546
28.1056571931
K= 547
8597.0
K= 548
6550.29155439
K= 549
19.70392835
K= 550
5.53333333333
K= 551
1121.36162166
K= 552
4890.27102428
K= 553
8608.0
K= 554
157.0
K= 555
69.1133392162
K= 556
145.0
K= 557
19.70392835
K= 558
4801.50711788
K= 559
4615.0
K= 560
155.0
K= 561
136.766666667
K= 562
4596.42015599
K= 563
4833.44047619
K= 564
8951.58398763
K= 565
195.083333333
K= 566
4310.75
K= 567
8.19494949491
K= 568
4490.70392835
K= 569
327.439815474
K= 570
409.30259137
K= 571
4791.03650794
K= 572
143.0
K= 573
76.1000000002
K= 574
122.0
K= 575
4839.12344902
K= 576
155.15
K= 577
11.0166666667
K= 578
463.276587302
K= 579
203.5
K= 580
13.0283613447
K= 581
8.81828324683
K= 582
4490.70392835
K= 583
278.791269841
K= 584
32.5297035504
K= 585
136.0
K= 586
4556.0
K= 587
6312.96438032
K= 588
194.083333333
K= 589
16.9348039216
K= 590
19.70392835
K= 591
4600.5
K= 592
290.333333333
K= 593
4881.85555556
K= 594
9311.16666667
K= 595
19.70392835
K= 596
11.4666666667
K= 597
366.462708951
K= 598
5.46963118587
K= 599
201.583333333
K= 600
4482.43333333
K= 601
671.60996706
K= 602
369.093695433
K= 603
4813.00396967
K= 604
4803.60681192
K= 605
4481.5952381
K= 606
4825.47912035
K= 607
4310.75
K= 608
7.71994949493
K= 609
19.3273767565
K= 610
4141.0
K= 611
4310.75
K= 612
4473.34423957
K= 613
4837.77695709
K= 614
5048.7
K= 615
142.0
K= 616
4154.16666667
K= 617
20.4
K= 618
11.5166666667
K= 619
4876.96150794
K= 620
155.15
K= 621
19.6604500891
K= 622
9.76666666672
K= 623
151.783333333
K= 624
4909.66666667
K= 625
500.442950514
K= 626
155.0
K= 627
7.88225108222
K= 628
4180.6625
K= 629
4154.16666667
K= 630
8604.0
K= 631
4139.0
K= 632
43.0635283426
K= 633
4782.51519952
K= 634
4895.23333333
K= 635
5417.91717721
K= 636
4928.14217172
K= 637
955.916654993
K= 638
4598.61050779
K= 639
9607.40272964
K= 640
8591.0
K= 641
4877.64301692
K= 642
46.0666666668
K= 643
8.0
K= 644
4793.75079365
K= 645
154.0
K= 646
125.515463791
K= 647
4859.03009768
K= 648
4833.44047619
K= 649
4354.66666667
K= 650
5546.1468346
K= 651
24.2690631809
K= 652
6524.10175523
K= 653
307.414430807
K= 654
19.2478937729
K= 655
4310.75
K= 656
19.70392835
K= 657
4141.0
K= 658
10.2
K= 659
4936.0 , Degree=0
K= 660
4843.22035251
K= 661
455.245373105
K= 662
97.2885678153
K= 663
6283.31662056
K= 664
7076.00803411
K= 665
4793.75079365
K= 666
19.70392835
K= 667
142.0
K= 668
4576.65571983
K= 669
11.2666666667
K= 670
19.70392835
K= 671
1020.28853263
K= 672
4608.0
K= 673
9.9357142857
K= 674
53.8042221924
K= 675
21.2251929744
K= 676
4802.39469697
K= 677
382.46250955
K= 678
75.7222947804
K= 679
19.70392835
K= 680
4767.91773042
K= 681
13429.9857143
K= 682
16.1764705882
K= 683
32.7603241918
K= 684
4588.0
K= 685
201.583333333
K= 686
8.04329004325
K= 687
340.347774812
K= 688
4878.14880952
K= 689
363.321620437
K= 690
4763.58108994
K= 691
4916.65
K= 692
6.00528309413
K= 693
4310.75
K= 694
11.5166666667
K= 695
2580.47937755
K= 696
11.6
K= 697
11660.128079
K= 698
4310.75
K= 699
19.70392835
K= 700
4888.48231278
K= 701
694.099151077
K= 702
4479.56666667
K= 703
8.67167919804
K= 704
4490.70392835
K= 705
21.70392835
K= 706
8597.0
K= 707
4310.75
K= 708
126.0
K= 709
9.08452380949
K= 710
4936.0 , Degree=0
K= 711
11.4095238096
K= 712
4141.0
K= 713
76.7987537812
K= 714
4621.0
K= 715
8602.0
K= 716
11.5166666667
K= 717
4751.91666667
K= 718
4482.40952381
K= 719
11.5166666667
K= 720
6.10531280271
K= 721
4141.0
K= 722
11.5166666667
K= 723
2529.91220518
K= 724
46.3424242424
K= 725
18.6764705882
K= 726
5679.46096133
K= 727
306.0
K= 728
4691.75833333
K= 729
43.0635283426
K= 730
11.6
K= 731
4868.01532912
K= 732
4846.6206836
K= 733
201.583333333
K= 734
8.45000000007
K= 735
4476.23917749
K= 736
4479.86904762
K= 737
4811.86825397
K= 738
156.0
K= 739
594.642857143
K= 740
4888.80535021
K= 741
10.8666666667
K= 742
4526.25872757
K= 743
9.6913419913
K= 744
4611.0
K= 745
4481.2
K= 746
9.76190476189
K= 747
19.70392835
K= 748
5678.94107338
K= 749
77.1333333334
K= 750
6.4820688084
K= 751
11.9000407
K= 752
269.879761905
K= 753
4836.12344902
K= 754
11682.7422738
K= 755
21.8611473902
K= 756
116.333333333
K= 757
600.0
K= 758
2651.85812248
K= 759
161.533333333
K= 760
167.083333333
K= 761
4722.88205856
K= 762
8611.0
K= 763
4936.0 , Degree=0
K= 764
8613.0
K= 765
19.2301425665
K= 766
4141.0
K= 767
19.70392835
K= 768
80.116430549
K= 769
7.96551689052
K= 770
4849.30361018
K= 771
4490.81908257
K= 772
10.5166666667
K= 773
371.917730418
K= 774
28.1056571931
K= 775
4489.99719062
K= 776
19.70392835
K= 777
8612.0
K= 778
4641.94329004
K= 779
133.5
K= 780
11.9952380953
K= 781
4486.47184096
K= 782
4401.75079365
K= 783
9.69713908131
K= 784
5060.80656989
K= 785
4861.50711788
K= 786
18.2498499461
K= 787
104.5
K= 788
20.9333333333
K= 789
6.0
K= 790
8.86904761905
K= 791
4913.44285714
K= 792
443.122965923
K= 793
445.540047757
K= 794
5.60828876996
K= 795
140.0
K= 796
4673.91912805
K= 797
173.666666667
K= 798
8559.75
K= 799
322.750793651
K= 800
4763.58108994
K= 801
4175.0
K= 802
4490.70392835
K= 803
8.00718355726
K= 804
4477.97108597
K= 805
11.0166666667
K= 806
5.4147459165
K= 807
18.794041923
K= 808
191.866666667
K= 809
4482.01666667
K= 810
4876.96150794
K= 811
4141.0
K= 812
7.67662337667
K= 813
5677.52251277
K= 814
201.333333333
K= 815
4175.0
K= 816
159.99752886
K= 817
4310.75
K= 818
4478.64795472
K= 819
4488.47184096
K= 820
4656.58333333
K= 821
156.0
K= 822
4936.0 , Degree=0
K= 823
11.5166666667
K= 824
4829.72503823
K= 825
10.6
K= 826
379.233155965
K= 827
6040.51212161
K= 828
13.3603174604
K= 829
143.533333333
K= 830
107.5
K= 831
141.0
K= 832
13.9361111112
K= 833
19.70392835
K= 834
9.49523809517
K= 835
19.70392835
K= 836
4491.86114739
K= 837
13.4918414918
K= 838
9.66666666674
K= 839
8.97142857127
K= 840
8612.0
K= 841
131.0
K= 842
649.942460318
K= 843
26.3611473902
K= 844
4476.54711566
K= 845
4490.70392835
K= 846
6.20265151514
K= 847
4779.87326433
K= 848
185.583333333
K= 849
4141.0
K= 850
10.8666666667
K= 851
140.0
K= 852
23.0333333333
K= 853
4788.06693043
K= 854
11663.1018525
K= 855
5182.76046176
K= 856
11.4095238096
K= 857
11.5166666667
K= 858
19.20392835
K= 859
163.0
K= 860
34.5044292259
K= 861
303.195005104
K= 862
8556.5
K= 863
6.08516483498
K= 864
11.5166666667
K= 865
40.2095596783
K= 866
4612.0
K= 867
4141.0
K= 868
4936.0 , Degree=0
K= 869
4479.31904762
K= 870
4601.75079365
K= 871
6220.65544698
K= 872
19.70392835
K= 873
115.0
K= 874
43.0635283426
K= 875
19.70392835
K= 876
32.2239435326
K= 877
4919.66792929
K= 878
4793.75079365
K= 879
4842.18333333
K= 880
2748.00830568
K= 881
130.5
K= 882
7.2711038962
K= 883
4490.70392835
K= 884
4490.70392835
K= 885
11.0166666667
K= 886
4743.0
K= 887
4490.70392835
K= 888
380.461111111
K= 889
15.4666666667
K= 890
7.90000000002
K= 891
4240.90040508
K= 892
6.6154021417
K= 893
75.369750219
K= 894
140.0
K= 895
4872.23968254
K= 896
8.00718355714
K= 897
4658.21059569
K= 898
4626.0
K= 899
19.70392835
K= 900
14.6145299146
K= 901
142.0
K= 902
4175.0
K= 903
4310.75
K= 904
8.00718355714
K= 905
5329.07473077
K= 906
8.86904761905
K= 907
5.10687742382
K= 908
12.7387163561
K= 909
4878.40946276
K= 910
10.7999999999
K= 911
191.866666667
K= 912
201.583333333
K= 913
364.959960649
K= 914
4394.0
K= 915
382.76959292
K= 916
8613.0
K= 917
4680.44047619
K= 918
4490.70392835
K= 919
205.673443996
K= 920
7.18333333335
K= 921
4861.34394636
K= 922
8613.0
K= 923
201.583333333
K= 924
6735.43543264
K= 925
8.27499999991
K= 926
11.4333333333
K= 927
928.468082663
K= 928
179.511904762
K= 929
19.70392835
K= 930
16.738095238
K= 931
8.20995670999
K= 932
6.67539682542
K= 933
32.7448838716
K= 934
19.1660922411
K= 935
8.31904761912
K= 936
8613.0
K= 937
15.7276873066
K= 938
548.861694678
K= 939
4861.50711788
K= 940
8606.0
K= 941
19.70392835
K= 942
5089.60127649
K= 943
408.5
K= 944
4899.80494606
K= 945
36.9677822178
K= 946
19.70392835
K= 947
27.0356979406
K= 948
4809.41666667
K= 949
8591.0
K= 950
9.03257575759
K= 951
19.70392835
K= 952
4489.67647059
K= 953
507.111904762
K= 954
4310.75
K= 955
4858.22756868
K= 956
130.0
K= 957
4482.40952381
K= 958
10.5166666667
K= 959
27.6991664452
K= 960
7.92110297119
K= 961
5419.25051055
K= 962
157.0
K= 963
10.85
K= 964
4868.00867928
K= 965
8559.75
K= 966
4490.70392835
K= 967
4141.0
K= 968
4490.07040742
K= 969
21.8611473902
K= 970
7.6857142857
K= 971
486.853593662
K= 972
4793.75079365
K= 973
74.7139530354
K= 974
8591.0
K= 975
4448.75079365
K= 976
135.5
K= 977
7.94166666665
K= 978
4656.58333333
K= 979
47.7164160401
K= 980
4175.0
K= 981
4793.75079365
K= 982
7.6857142857
K= 983
4936.0 , Degree=0
K= 984
4477.58480243
K= 985
420.49780093
K= 986
378.281914378
K= 987
425.800903524
K= 988
4141.0
K= 989
80.116430549
K= 990
4653.2
K= 991
8.33333333337
K= 992
8613.0
K= 993
18.2825396826
K= 994
10.85
K= 995
20.1066503258
K= 996
35.8325618827
K= 997
9.16190476192
K= 998
4481.86666667
K= 999
197.583333333
K= 1000
4310.75
K= 1001
8612.0
K= 1002
8353.6346023
K= 1003
8.86904761905
K= 1004
11.4095238096
K= 1005
19.70392835
K= 1006
48.3239979031
K= 1007
3540.49904387
K= 1008
4.86731649027
K= 1009
4936.0 , Degree=0
K= 1010
4612.0
K= 1011
33.158345242
K= 1012
6615.29210365
K= 1013
4310.75
K= 1014
2513.73254183
K= 1015
8610.0
K= 1016
10.5952380953
K= 1017
4610.0
K= 1018
4490.70392835
K= 1019
8591.0
K= 1020
8594.0
K= 1021
4310.75
K= 1022
4856.54221889
K= 1023
4580.91560378
K= 1024
10.35
K= 1025
32.2239435326
K= 1026
4480.0952381
K= 1027
4864.63928571
K= 1028
872.484302313
K= 1029
4936.0 , Degree=0
K= 1030
3605.18650742
K= 1031
4992.42857143
K= 1032
11.4095238096
K= 1033
369.732448108
K= 1034
6.72510822513
K= 1035
4610.0
K= 1036
9.05277777778
K= 1037
19.70392835
K= 1038
48.347645541
K= 1039
1.60000000009
K= 1040
10.219047619
K= 1041
8612.0
K= 1042
5.51013090357
K= 1043
6256.23281346
K= 1044
8809.2
K= 1045
393.766666667
K= 1046
4310.75
K= 1047
53.1782254508
K= 1048
4476.24839397
K= 1049
62.8723002685
K= 1050
4154.16666667
K= 1051
19.70392835
K= 1052
8612.0
K= 1053
12.5070818071
K= 1054
4387.69647808
K= 1055
4502.0
K= 1056
6220.23281346
K= 1057
348.13601918
K= 1058
434.137446449
K= 1059
8.97142857127
K= 1060
10.381547619
K= 1061
18.6764705882
K= 1062
10.8666666667
K= 1063
143.0
K= 1064
34.1425557641
K= 1065
4847.22756868
K= 1066
89.6214646467
K= 1067
418.524488697
K= 1068
8.56666666665
K= 1069
4765.44231602
K= 1070
9.16190476192
K= 1071
4902.96526251
K= 1072
4619.53333333
K= 1073
21.384956914
K= 1074
4477.49603175
K= 1075
4693.01532912
K= 1076
13.0186868688
K= 1077
19.70392835
K= 1078
7.55328282819
K= 1079
4600.0452381
K= 1080
19.70392835
K= 1081
6.18333333323
K= 1082
10.8666666667
K= 1083
143.0
K= 1084
4872.44047619
K= 1085
10.0119047619
K= 1086
4867.57259858
K= 1087
4872.44047619
K= 1088
11.5166666667
K= 1089
540.286914732
K= 1090
4859.30669192
K= 1091
8.99523809517
K= 1092
34.2023330599
K= 1093
4936.0 , Degree=0
K= 1094
2709.00247086
K= 1095
38.5299338425
K= 1096
4905.94776335
K= 1097
4490.70392835
K= 1098
445.410633484
K= 1099
4936.0 , Degree=0
K= 1100
18.6764705882
K= 1101
4614.2320821
K= 1102
728.534335891
K= 1103
4994.6952381
K= 1104
85.4646825397
K= 1105
4886.9089813
K= 1106
8.83333333337
K= 1107
8603.0
K= 1108
4936.0 , Degree=0
K= 1109
4953.40753968
K= 1110
17.309467787
K= 1111
8605.0
K= 1112
4833.44047619
K= 1113
1161.20227104
K= 1114
19.70392835
K= 1115
7.08571428561
K= 1116
5679.65535909
K= 1117
9.61111111112
K= 1118
17.4079314856
K= 1119
8763.0
K= 1120
4653.5
K= 1121
6612.33671269
K= 1122
6588.38554422
K= 1123
4815.48333333
K= 1124
43.0635283426
K= 1125
4815.69862164
K= 1126
17.3826595686
K= 1127
2927.29477186
K= 1128
4789.89218918
K= 1129
19.70392835
K= 1130
8611.0
K= 1131
322.750793651
K= 1132
109.0
K= 1133
19.70392835
K= 1134
4793.75079365
K= 1135
9.63809523801
K= 1136
4310.75
K= 1137
74.0894105894
K= 1138
4386.83333333
K= 1139
19.70392835
K= 1140
4479.76666667
K= 1141
4230.0
K= 1142
4154.16666667
K= 1143
115.0
K= 1144
4568.77361111
K= 1145
170.0
K= 1146
8602.0
K= 1147
8.6857142857
K= 1148
4936.0 , Degree=0
K= 1149
4793.75079365
K= 1150
5.40272642393
K= 1151
4894.08383145
K= 1152
340.544420019
K= 1153
4936.0 , Degree=0
K= 1154
193.583333333
K= 1155
9.69999999995
K= 1156
301.636117118
K= 1157
5209.73095238
K= 1158
200.116208791
K= 1159
4310.75
K= 1160
4642.0
K= 1161
7.84444444452
K= 1162
4853.92352763
K= 1163
54.5446293473
K= 1164
4519.48016281
K= 1165
4936.0 , Degree=0
K= 1166
24.0501098901
K= 1167
4482.83220779
K= 1168
107.347545605
K= 1169
4380.0
K= 1170
18.9971906166
K= 1171
19.70392835
K= 1172
4827.9006622
K= 1173
4681.33575525
K= 1174
139.0
K= 1175
4696.96904762
K= 1176
424.381123409
K= 1177
4936.0 , Degree=0
K= 1178
55.1871197803
K= 1179
43.0022281052
K= 1180
10.921453634
K= 1181
4668.94975857
K= 1182
24.7162337663
K= 1183
108.0
K= 1184
21.1328571429
K= 1185
8611.0
K= 1186
349.879761905
K= 1187
14.0695526695
K= 1188
4481.86666667
K= 1189
4600.75079365
K= 1190
32.0137191265
K= 1191
201.583333333
K= 1192
4827.39058116
K= 1193
4936.0 , Degree=0
K= 1194
4666.32038085
K= 1195
6527.42491168
K= 1196
4936.0 , Degree=0
K= 1197
19.70392835
K= 1198
10.7999999999
K= 1199
4476.09494949
K= 1200
4141.0
Betweenness Centrality Improvement
[ 20.60340189   8.26666667  11.40952381 ...,   0.           0.           0.        ]
Top 20 BC Improvement
[ 681  416  364  754  341  419  854  697  138  639  594  163  421  564 1044
  196 1119   76  161  209]
Top 20 BC Improvement
[ 13429.98571429  12452.66666667  11690.10514294  11682.74227384
  11678.28763001  11675.12604569  11663.10185246  11660.12807904
  11655.78513709   9607.40272964   9311.16666667   8961.70392835
   8954.70330215   8951.58398763   8809.2          8788.14285714   8763.
   8622.4096121    8613.           8613.        ]
