txValue= 10000
Input graph
IGRAPH D--- 4619 68733 -- 
+ attr: pub_key (v), base_fee (e), capacity (e), fee_rate (e), txCost (e)
None
Graph after edges deleted
IGRAPH D--- 4619 68697 -- 
+ attr: pub_key (v), base_fee (e), capacity (e), fee_rate (e), txCost (e)
None
Our nodes starting connections: 
(4618, 2796)
(4618, 1223)
CurrentBC of our node:  649089.0
K= 2400
4569.0
K= 2401
4580.0
K= 2402
4785.82092989
K= 2403
108.0
K= 2404
4936.0 , Degree=0
K= 2405
110.0
K= 2406
8.5
K= 2407
7.76666666672
K= 2408
4356.51087753
K= 2409
95.0833333334
K= 2410
16.4936507937
K= 2411
7.50000000012
K= 2412
4477.54285714
K= 2413
4700.82320422
K= 2414
3.62539682537
K= 2415
8656.0
K= 2416
61.6450443096
K= 2417
16.8333333333
K= 2418
13128.0530133
K= 2419
4477.56666667
K= 2420
75.7071428571
K= 2421
243.333333333
K= 2422
4320.55078198
K= 2423
8543.0
K= 2424
4360.0
K= 2425
0.0999999999767
K= 2426
4878.05
K= 2427
4477.56666667
K= 2428
8655.5
K= 2429
137.25
K= 2430
100.0
K= 2431
570.892479273
K= 2432
3.8098039215
K= 2433
13.5847222222
K= 2434
7888.01190476
K= 2435
4479.61688312
K= 2436
4803.29107143
K= 2437
4405.84039409
K= 2438
77.4
K= 2439
4476.63571429
K= 2440
291.561715868
K= 2441
9636.97142857
K= 2442
8.41666666663
K= 2443
16.2825757576
K= 2444
7.76666666672
K= 2445
4473.16666667
K= 2446
3.09102934087
K= 2447
312.189935065
K= 2448
4944.86638679
K= 2449
10.5095238095
K= 2450
4518.0
K= 2451
5416.57764491
K= 2452
5.29349246935
K= 2453
253.6
K= 2454
21.7520445053
K= 2455
4360.0
K= 2456
4936.0 , Degree=0
K= 2457
15.1539483634
K= 2458
4.37485380098
K= 2459
127.0
K= 2460
16.2825757576
K= 2461
32.0
K= 2462
8974.06049784
K= 2463
8.41666666663
K= 2464
4936.0 , Degree=0
K= 2465
4753.241187
K= 2466
328.731421356
K= 2467
4608.25
K= 2468
4.30299145298
K= 2469
16.2825757576
K= 2470
4798.7640785
K= 2471
4474.74959917
K= 2472
7.76666666672
K= 2473
4189.0
K= 2474
16.8333333333
K= 2475
3.56863312109
K= 2476
4.73571428563
K= 2477
75.2690476191
K= 2478
15.7550856902
K= 2479
4474.18859649
K= 2480
4478.33333333
K= 2481
4570.0
K= 2482
4707.23514166
K= 2483
4487.28257576
K= 2484
4772.74525524
K= 2485
20.5188454089
K= 2486
4936.0 , Degree=0
K= 2487
11.6671568627
K= 2488
8.41666666663
K= 2489
63.7799736814
K= 2490
113.15
K= 2491
4548.8984127
K= 2492
6.38489190536
K= 2493
8.33333333337
K= 2494
8598.0
K= 2495
16.2825757576
K= 2496
7890.06606452
K= 2497
4487.28257576
K= 2498
4360.0
K= 2499
6.52499999991
K= 2500
16.2825757576
K= 2501
16.2825757576
K= 2502
8639.0
K= 2503
5.97738095222
K= 2504
16.2825757576
K= 2505
4487.28257576
K= 2506
5.50404040387
K= 2507
16.2825757576
K= 2508
22.127020202
K= 2509
4814.76785714
K= 2510
4477.33333333
K= 2511
111.111111111
K= 2512
469.248412698
K= 2513
4718.28914813
K= 2514
4294.66666667
K= 2515
4503.0
K= 2516
190.0
K= 2517
28.57685725
K= 2518
6.08942811575
K= 2519
16.2825757576
K= 2520
33.8142857143
K= 2521
4473.87277537
K= 2522
3.70782861626
K= 2523
109.0
K= 2524
4474.10433723
K= 2525
8.41666666663
K= 2526
4722.44761111
K= 2527
2268.91214289
K= 2528
5.87586580089
K= 2529
4847.85
K= 2530
4783.18993506
K= 2531
16.2825757576
K= 2532
2756.64718334
K= 2533
4881.40793651
K= 2534
4.58096348087
K= 2535
4573.20110055
K= 2536
8632.0
K= 2537
137.25
K= 2538
4580.0
K= 2539
325.935757286
K= 2540
109.0
K= 2541
16.2825757576
K= 2542
4388.45396825
K= 2543
56.9965218743
K= 2544
8611.0
K= 2545
4803.47222222
K= 2546
4802.00198413
K= 2547
4796.9797619
K= 2548
86.0
K= 2549
4483.66666667
K= 2550
4936.0 , Degree=0
K= 2551
4360.0
K= 2552
4189.0
K= 2553
7.57000970165
K= 2554
3805.69421811
K= 2555
248.862452805
K= 2556
2750.74594173
K= 2557
4538.0
K= 2558
4488.03024892
K= 2559
3257.22101259
K= 2560
137.25
K= 2561
4.29273504263
K= 2562
16.0449783549
K= 2563
14.0553221288
K= 2564
129.25
K= 2565
17626.0
K= 2566
10.5705128205
K= 2567
8659.0
K= 2568
105.0
K= 2569
106.0
K= 2570
4545.8984127
K= 2571
311.632555761
K= 2572
4819.72748918
K= 2573
8661.0
K= 2574
6.54285714275
K= 2575
7.84555074549
K= 2576
261.830299629
K= 2577
4347.39292929
K= 2578
4936.0 , Degree=0
K= 2579
8812.0
K= 2580
8660.0
K= 2581
18.0088462263
K= 2582
4.66666666663
K= 2583
4568.16666667
K= 2584
6.4769230769
K= 2585
379.726222455
K= 2586
8812.0
K= 2587
4798.93479854
K= 2588
18.3333333333
K= 2589
114.534046346
K= 2590
16.5844065518
K= 2591
4670.15276849
K= 2592
25.3506839188
K= 2593
5.94329004316
K= 2594
16.2825757576
K= 2595
74.2595238094
K= 2596
4548.8984127
K= 2597
3154.04396378
K= 2598
137.25
K= 2599
4404.0
K= 2600
299.316876179
K= 2601
322.81042239
K= 2602
7887.15
K= 2603
4837.16190476
K= 2604
3587.65763165
K= 2605
723.79818292
K= 2606
109.0
K= 2607
4360.0
K= 2608
13.7440476191
K= 2609
4578.0
K= 2610
316.963437203
K= 2611
60.2273421024
K= 2612
16.2538942052
K= 2613
13.1333333333
K= 2614
319.989010811
K= 2615
4704.11591941
K= 2616
5.64285714284
K= 2617
4707.23514166
K= 2618
4477.525
K= 2619
4936.0 , Degree=0
K= 2620
4189.0
K= 2621
109.0
K= 2622
5.61904761894
K= 2623
17.0302489178
K= 2624
5.61263736256
K= 2625
4984.86063354
K= 2626
4764.0
K= 2627
4936.0 , Degree=0
K= 2628
15.5070961717
K= 2629
13.9698773448
K= 2630
4779.24694404
K= 2631
4492.78216448
K= 2632
4134.68566774
K= 2633
4936.0 , Degree=0
K= 2634
4984.86063354
K= 2635
8649.0
K= 2636
4792.58092296
K= 2637
322.73731999
K= 2638
111.65
K= 2639
4740.8984127
K= 2640
4487.28257576
K= 2641
4360.0
K= 2642
255.894759311
K= 2643
8.41666666663
K= 2644
8643.0
K= 2645
7878.21428571
K= 2646
8.5
K= 2647
4794.18333333
K= 2648
7.76666666672
K= 2649
93.0
K= 2650
4801.36071429
K= 2651
4479.36666667
K= 2652
4602.60405983
K= 2653
5.63888888876
K= 2654
135.0
K= 2655
5.53333333321
K= 2656
2213.23281346
K= 2657
106.0
K= 2658
22.3202159564
K= 2659
4693.32345968
K= 2660
323.014022628
K= 2661
83.7801022077
K= 2662
4548.8984127
K= 2663
7.98598265706
K= 2664
4469.0
K= 2665
4722.36235986
K= 2666
372.621703297
K= 2667
25.4508239838
K= 2668
6.54285714275
K= 2669
347.208002829
K= 2670
16.1575757576
K= 2671
19.3378920446
K= 2672
4936.0 , Degree=0
K= 2673
4754.241187
K= 2674
7.58333333337
K= 2675
28.9885492116
K= 2676
314.862791783
K= 2677
1.05726833548
K= 2678
4548.8984127
K= 2679
97.0
K= 2680
4189.0
K= 2681
463.248412698
K= 2682
7888.42135595
K= 2683
4360.0
K= 2684
4360.0
K= 2685
4476.75
K= 2686
8611.0
K= 2687
4360.0
K= 2688
16.3333333333
K= 2689
4754.241187
K= 2690
173.177036341
K= 2691
8655.0
K= 2692
4520.0
K= 2693
132.168589744
K= 2694
4782.6537851
K= 2695
4576.241187
K= 2696
22.0888888889
K= 2697
4740.8984127
K= 2698
8.33333333337
K= 2699
7.50000000012
K= 2700
16.2825757576
K= 2701
4804.3086599
K= 2702
6.54285714275
K= 2703
18.4548663325
K= 2704
8486.0
K= 2705
8.3666666667
K= 2706
7.5
K= 2707
8538.0
K= 2708
4540.06059219
K= 2709
16.2825757576
K= 2710
76.4652597404
K= 2711
8642.0
K= 2712
2544.06571156
K= 2713
5.99523809506
K= 2714
4.22782119841
K= 2715
28.2079365079
K= 2716
4772.88571429
K= 2717
8630.0
K= 2718
8.35941520461
K= 2719
18.9242424242
K= 2720
4548.8984127
K= 2721
114.0
K= 2722
699.873412698
K= 2723
4189.0
K= 2724
8611.0
K= 2725
143.048913952
K= 2726
38.2326298701
K= 2727
4553.0
K= 2728
4479.41666667
K= 2729
269.898412698
K= 2730
318.241186999
K= 2731
4768.71061552
K= 2732
4759.43660165
K= 2733
4474.35177404
K= 2734
4811.88571429
K= 2735
8660.0
K= 2736
104.0
K= 2737
4487.28257576
K= 2738
553.0
K= 2739
17.0302489178
K= 2740
137.25
K= 2741
15.0017076386
K= 2742
4.50404040387
K= 2743
16.2825757576
K= 2744
11.0
K= 2745
37.5
K= 2746
4360.0
K= 2747
25.9673505297
K= 2748
4754.241187
K= 2749
4823.71190476
K= 2750
21.4847799542
K= 2751
4487.28257576
K= 2752
16.2825757576
K= 2753
87.0
K= 2754
8654.0
K= 2755
3765.01295678
K= 2756
4800.125
K= 2757
25.0418603894
K= 2758
295.655664933
K= 2759
4936.0 , Degree=0
K= 2760
464.248412698
K= 2761
8.41666666663
K= 2762
4779.17203777
K= 2763
23.611111111
K= 2764
4734.241187
K= 2765
4.28489190538
K= 2766
121.25
K= 2767
4779.20110055
K= 2768
3.84491978609
K= 2769
4676.17599206
K= 2770
8657.0
K= 2771
4559.0
K= 2772
5.97255892248
K= 2773
4473.26129785
K= 2774
14.3953703704
K= 2775
4936.0 , Degree=0
K= 2776
4476.54693936
K= 2777
3082.64087052
K= 2778
4821.22619048
K= 2779
4416.0
K= 2780
8.41666666663
K= 2781
8.3666666667
K= 2782
25.2022347535
K= 2783
8.54835164826
K= 2784
4556.0
K= 2785
314.757421119
K= 2786
4487.28257576
K= 2787
8811.0
K= 2788
8.64444444445
K= 2789
3.75503662985
K= 2790
8.32219235727
K= 2791
8660.0
K= 2792
4936.0 , Degree=0
K= 2793
25.4508239838
K= 2794
8.30952380947
K= 2795
16.2825757576
K= 2796
0.0
K= 2797
17.3214285714
K= 2798
3.9925366299
K= 2799
27.1449665944
K= 2800
10.3666666667
K= 2801
5416.12764491
K= 2802
8658.0
K= 2803
6.76720895339
K= 2804
4360.0
K= 2805
3.80049117538
K= 2806
4487.28257576
K= 2807
7.76666666672
K= 2808
16.2825757576
K= 2809
15.5991280061
K= 2810
4796.91273449
K= 2811
8.41666666663
K= 2812
183.966141364
K= 2813
547.082575757
K= 2814
4558.0
K= 2815
4360.0
K= 2816
6.65203293436
K= 2817
133.5
K= 2818
8653.0
K= 2819
4479.36666667
K= 2820
4512.39115972
K= 2821
4189.0
K= 2822
107.0
K= 2823
4563.0
K= 2824
5.78571428568
K= 2825
113.941963109
K= 2826
12.5368862459
K= 2827
8444.0
K= 2828
15.2974358974
K= 2829
6.25867446384
K= 2830
4548.8984127
K= 2831
4360.0
K= 2832
4528.0
K= 2833
4487.28257576
K= 2834
4479.41666667
K= 2835
4936.0 , Degree=0
K= 2836
14637.5
K= 2837
344.660129766
K= 2838
4984.86063354
K= 2839
6117.02513595
K= 2840
4476.97738095
K= 2841
4843.25
K= 2842
414.712085137
K= 2843
134.75
K= 2844
5.85238095222
K= 2845
4353.0
K= 2846
96.8333333334
K= 2847
16.7087243837
K= 2848
8.45442335436
K= 2849
2957.86313887
K= 2850
6.56666666665
K= 2851
107.0
K= 2852
306.689950002
K= 2853
8660.0
K= 2854
10.5327082073
K= 2855
4464.06474616
K= 2856
8939.86007326
K= 2857
106.0
K= 2858
6117.02513595
K= 2859
4.48122710607
K= 2860
552.0
K= 2861
32.5651515152
K= 2862
4502.0
K= 2863
5706.69413963
K= 2864
16.2825757576
K= 2865
5022.49963192
K= 2866
4189.0
K= 2867
312.314442312
K= 2868
15.3606060606
K= 2869
8.39835486142
K= 2870
4476.73571429
K= 2871
253.758059797
K= 2872
4743.17203777
K= 2873
308.201100548
K= 2874
38.2326298701
K= 2875
326.383123278
K= 2876
4487.28257576
K= 2877
16.2825757576
K= 2878
16.2825757576
K= 2879
17.0302489178
K= 2880
4488.03024892
K= 2881
8660.0
K= 2882
260.943389742
K= 2883
4864.1
K= 2884
129.25
K= 2885
6439.08485341
K= 2886
17.0302489178
K= 2887
136.25
K= 2888
27.3018620267
K= 2889
16.1038054033
K= 2890
8.41666666663
K= 2891
8.41666666663
K= 2892
16.2825757576
K= 2893
503.482575757
K= 2894
4360.0
K= 2895
106.0
K= 2896
17306.0
K= 2897
354.74981596
K= 2898
288.5
K= 2899
223.369837473
K= 2900
110.0
K= 2901
8655.0
K= 2902
4580.0
K= 2903
38.2326298701
K= 2904
16.2825757576
K= 2905
8632.0
K= 2906
4189.0
K= 2907
7888.70905029
K= 2908
110.0
K= 2909
4523.5
K= 2910
699.250332518
K= 2911
4474.0162824
K= 2912
107.0
K= 2913
23.9830659537
K= 2914
4740.8984127
K= 2915
4737.91273449
K= 2916
8.41666666663
K= 2917
127.25
K= 2918
4798.70452919
K= 2919
3.37862318836
K= 2920
4487.28257576
K= 2921
4936.0 , Degree=0
K= 2922
4837.78809524
K= 2923
16.2825757576
K= 2924
20.0813725491
K= 2925
5.78571428568
K= 2926
274.5
K= 2927
4589.0
K= 2928
133.0
K= 2929
4.30833333323
K= 2930
32.5850593852
K= 2931
9.44363636361
K= 2932
4487.28257576
K= 2933
4754.241187
K= 2934
7.33333333337
K= 2935
367.547240602
K= 2936
17.0302489178
K= 2937
8.30952380947
K= 2938
201.836378491
K= 2939
35.4647772448
K= 2940
5.97738095222
K= 2941
4422.0
K= 2942
46.7797026453
K= 2943
8.41666666663
K= 2944
8.07460317446
K= 2945
4508.23514166
K= 2946
4189.0
K= 2947
4601.241187
K= 2948
7.76666666672
K= 2949
16.2825757576
K= 2950
4512.0
K= 2951
16.8333333333
K= 2952
110.0
K= 2953
464.248412698
K= 2954
4608.15241425
K= 2955
4.721102971
K= 2956
4360.0
K= 2957
4389.9774531
K= 2958
4189.0
K= 2959
30.2139767237
K= 2960
4607.11213644
K= 2961
5251.78296864
K= 2962
16.2825757576
K= 2963
4601.25
K= 2964
323.609666154
K= 2965
2.44999999995
K= 2966
8658.0
K= 2967
32.5651515152
K= 2968
152.727000572
K= 2969
4936.0 , Degree=0
K= 2970
4189.0
K= 2971
4744.15572145
K= 2972
4360.0
K= 2973
8.16666666663
K= 2974
5.0625
K= 2975
16.2825757576
K= 2976
251.094441202
K= 2977
238.376262626
K= 2978
4450.0
K= 2979
16.2825757576
K= 2980
8.41666666663
K= 2981
4410.0
K= 2982
16.2825757576
K= 2983
8.41666666663
K= 2984
17.0302489178
K= 2985
8638.0
K= 2986
4.37777777761
K= 2987
8651.0
K= 2988
4740.8984127
K= 2989
4548.8984127
K= 2990
110.0
K= 2991
4360.0
K= 2992
16.2825757576
K= 2993
7.76666666672
K= 2994
6.0
K= 2995
4478.76666667
K= 2996
107.9
K= 2997
2606.91681352
K= 2998
4728.58912468
K= 2999
4477.56666667
K= 3000
9.0
K= 3001
4188.0
K= 3002
8.3666666667
K= 3003
5.76111111103
K= 3004
4822.23571429
K= 3005
252.448455186
K= 3006
7.76666666672
K= 3007
4740.8984127
K= 3008
10.9734432234
K= 3009
28.9885492116
K= 3010
4796.91273449
K= 3011
532.674523544
K= 3012
4627.45
K= 3013
6.66631864861
K= 3014
16.2825757576
K= 3015
4783.18993506
K= 3016
4189.0
K= 3017
3.13374899665
K= 3018
18.864320518
K= 3019
8654.0
K= 3020
4477.76666667
K= 3021
4629.6537851
K= 3022
11.2252747252
K= 3023
4826.43065998
K= 3024
335.953250916
K= 3025
119.495993596
K= 3026
22.214008214
K= 3027
4759.54167222
K= 3028
5.66388888878
K= 3029
4512.0
K= 3030
4458.0
K= 3031
335.575
K= 3032
28.7907407407
K= 3033
20.1572536509
K= 3034
288.5
K= 3035
7.76666666672
K= 3036
271.898412698
K= 3037
4936.0 , Degree=0
K= 3038
4479.41666667
K= 3039
8.33333333337
K= 3040
7.76666666672
K= 3041
4548.8984127
K= 3042
4753.4531618
K= 3043
4548.8984127
K= 3044
8609.0
K= 3045
5.12113019126
K= 3046
4474.09102934
K= 3047
7.21562881558
K= 3048
4475.73181818
K= 3049
17.0302489178
K= 3050
349.471825397
K= 3051
6.16899766901
K= 3052
16.2825757576
K= 3053
7889.37086288
K= 3054
4476.96349206
K= 3055
4189.0
K= 3056
16.2825757576
K= 3057
4360.0
K= 3058
350.169444444
K= 3059
16.2825757576
K= 3060
4487.28257576
K= 3061
4807.83681874
K= 3062
144.9
K= 3063
4754.8
K= 3064
4189.0
K= 3065
4360.0
K= 3066
4555.0
K= 3067
16.6666666666
K= 3068
3.65129266854
K= 3069
137.25
K= 3070
4779.20110055
K= 3071
7.76666666672
K= 3072
8660.0
K= 3073
4936.0 , Degree=0
K= 3074
4936.0 , Degree=0
K= 3075
4.21247592987
K= 3076
6.56666666665
K= 3077
11.0158730157
K= 3078
8660.0
K= 3079
4772.88571429
K= 3080
6.56666666665
K= 3081
108.0
K= 3082
16.2825757576
K= 3083
4851.09166667
K= 3084
4360.0
K= 3085
15.5783891546
K= 3086
6.52499999991
K= 3087
8.41666666663
K= 3088
4488.03024892
K= 3089
4158.0
K= 3090
2553.15079221
K= 3091
4772.88571429
K= 3092
8642.0
K= 3093
8.30952380947
K= 3094
137.25
K= 3095
17.0302489178
K= 3096
7.76666666672
K= 3097
7.76666666672
K= 3098
16.2825757576
K= 3099
18.4597209101
K= 3100
5.00793650793
K= 3101
34.0604978355
K= 3102
187.166666667
K= 3103
4776.34109761
K= 3104
15.64956427
K= 3105
16.2825757576
K= 3106
27.5985653234
K= 3107
4718.18986216
K= 3108
8657.0
K= 3109
8.16666666663
K= 3110
4962.35152106
K= 3111
4936.0 , Degree=0
K= 3112
4360.0
K= 3113
4198.0
K= 3114
25.6000000001
K= 3115
8.41666666663
K= 3116
7.76666666672
K= 3117
117.0
K= 3118
52878.0
K= 3119
17.0302489178
K= 3120
4474.15764706
K= 3121
8656.0
K= 3122
3.96098484844
K= 3123
384.477777778
K= 3124
52878.0
K= 3125
8661.0
K= 3126
371.591901114
K= 3127
4479.41666667
K= 3128
4785.74386447
K= 3129
42.0833333333
K= 3130
4779.20110055
K= 3131
2050.22593643
K= 3132
323.894688645
K= 3133
10.4469696969
K= 3134
3.89015151514
K= 3135
138.25
K= 3136
24.2385044317
K= 3137
8.3666666667
K= 3138
8629.0
K= 3139
4189.0
K= 3140
8657.0
K= 3141
16.2825757576
K= 3142
8.97719298245
K= 3143
4511.1083857
K= 3144
109.0
K= 3145
5.94329004316
K= 3146
137.25
K= 3147
4360.0
K= 3148
15.8920329671
K= 3149
269.644047619
K= 3150
17.4641473142
K= 3151
4836.3
K= 3152
129.25
K= 3153
92.0
K= 3154
8592.0
K= 3155
8661.0
K= 3156
16.2825757576
K= 3157
4575.0
K= 3158
16.2825757576
K= 3159
848.627646005
K= 3160
110.0
K= 3161
4478.41666667
K= 3162
5.07936507929
K= 3163
4182.0
K= 3164
36.6904262404
K= 3165
8622.19886184
K= 3166
4717.79048722
K= 3167
28.7701869052
K= 3168
4936.0 , Degree=0
K= 3169
4.4830387003
K= 3170
4580.0
K= 3171
26.6337126601
K= 3172
37.1199494951
K= 3173
4936.0 , Degree=0
K= 3174
17.864320518
K= 3175
7.76666666672
K= 3176
4567.89072121
K= 3177
56.7856361159
K= 3178
11.2352941176
K= 3179
8.41666666663
K= 3180
100.0
K= 3181
8592.0
K= 3182
7.76666666672
K= 3183
4754.241187
K= 3184
381.57764463
K= 3185
109.0
K= 3186
14.0158730159
K= 3187
3.10095307638
K= 3188
15.6242474916
K= 3189
6.52500000002
K= 3190
3.40946734417
K= 3191
4936.0 , Degree=0
K= 3192
7888.88333333
K= 3193
4816.99754357
K= 3194
6.54285714275
K= 3195
4772.88571429
K= 3196
4875.50028986
K= 3197
8932.0
K= 3198
2.66269841266
K= 3199
4801.93447386
K= 3200
8.41666666663
K= 3201
8.01349206339
K= 3202
8632.0
K= 3203
4.721102971
K= 3204
110.0
K= 3205
4730.91273449
K= 3206
4360.0
K= 3207
8.60535714286
K= 3208
8630.0
K= 3209
4936.0 , Degree=0
K= 3210
2149.27497491
K= 3211
463.248412698
K= 3212
76.131926407
K= 3213
4360.0
K= 3214
110.0
K= 3215
112.9
K= 3216
3361.03799395
K= 3217
4360.0
K= 3218
5.10013755527
K= 3219
7.80643226288
K= 3220
4.32222222211
K= 3221
348.692381999
K= 3222
4548.24789377
K= 3223
317.911170012
K= 3224
24.0769230769
K= 3225
8.41666666663
K= 3226
134.0
K= 3227
8812.0
K= 3228
52878.0
K= 3229
457.915079365
K= 3230
181.337467509
K= 3231
4746.95248918
K= 3232
4449.0
K= 3233
4807.23015873
K= 3234
5251.78296864
K= 3235
38.4886281547
K= 3236
4936.0 , Degree=0
K= 3237
20.864320518
K= 3238
4581.0
K= 3239
158.217056277
K= 3240
8660.0
K= 3241
8.5
K= 3242
16.3333333333
K= 3243
48.35
K= 3244
4811.88571429
K= 3245
5418.62764491
K= 3246
22324.7777778
K= 3247
4360.0
K= 3248
8642.0
K= 3249
4628.98221646
K= 3250
18.864320518
K= 3251
137.25
K= 3252
8.41666666663
K= 3253
8.41666666663
K= 3254
8632.0
K= 3255
8949.63809524
K= 3256
12.1666666667
K= 3257
16.2825757576
K= 3258
20.4966422467
K= 3259
15.5158261744
K= 3260
4.22606837598
K= 3261
4772.88571429
K= 3262
4475.72110297
K= 3263
4189.0
K= 3264
104.0
K= 3265
52878.0
K= 3266
18.864320518
K= 3267
2372.11183278
K= 3268
8.3666666667
K= 3269
8.3666666667
K= 3270
4936.0 , Degree=0
K= 3271
4.50404040387
K= 3272
4548.8984127
K= 3273
387.139484127
K= 3274
84.0
K= 3275
4360.0
K= 3276
137.25
K= 3277
6.51111111115
K= 3278
5.10793650791
K= 3279
5.66388888878
K= 3280
250.546590479
K= 3281
16.2825757576
K= 3282
108.0
K= 3283
8.84091345826
K= 3284
4579.0
K= 3285
7.22222222213
K= 3286
3.64967439964
K= 3287
4789.78809524
K= 3288
8628.0
K= 3289
334.046969697
K= 3290
9.50000000012
K= 3291
8.70555555553
K= 3292
130.047294372
K= 3293
3.36398834072
K= 3294
29.5067505593
K= 3295
4157.0
K= 3296
4759.04815683
K= 3297
4340.0
K= 3298
4890.15
K= 3299
16.2825757576
K= 3300
4.30299145298
K= 3301
16.6185721199
K= 3302
4360.0
K= 3303
4487.28257576
K= 3304
20.4777651289
K= 3305
4807.51865079
K= 3306
8.3666666667
K= 3307
269.898412698
K= 3308
109.0
K= 3309
4835.66666667
K= 3310
8.30952380947
K= 3311
27.5985653234
K= 3312
16.2825757576
K= 3313
4367.97630647
K= 3314
4984.86063354
K= 3315
5.07936507929
K= 3316
8650.0
K= 3317
16.2825757576
K= 3318
4707.23514166
K= 3319
88.0
K= 3320
4.25233100238
K= 3321
116.0
K= 3322
4360.0
K= 3323
4.30595238088
K= 3324
8.88655674388
K= 3325
5.76111111103
K= 3326
5.76111111103
K= 3327
17608.0
K= 3328
2.5
K= 3329
15.4583333333
K= 3330
4.90995670983
K= 3331
553.0
K= 3332
4807.23015873
K= 3333
4559.0
K= 3334
4487.28257576
K= 3335
8592.0
K= 3336
6.88909238914
K= 3337
129.5
K= 3338
4535.73059163
K= 3339
4690.0
K= 3340
4494.09173882
K= 3341
202.086335404
K= 3342
4936.0 , Degree=0
K= 3343
4551.33333333
K= 3344
7.50000000012
K= 3345
115.15
K= 3346
4556.0
K= 3347
4474.27489177
K= 3348
292.182290094
K= 3349
17626.0
K= 3350
303.686852226
K= 3351
4478.76666667
K= 3352
30.2309188747
K= 3353
16.2825757576
K= 3354
17626.0
K= 3355
15.6688522125
K= 3356
48.2766233765
K= 3357
3.18859649124
K= 3358
4554.23514166
K= 3359
25.6406938954
K= 3360
8462.0
K= 3361
4817.49199918
K= 3362
110.0
K= 3363
5413.3661575
K= 3364
4360.0
K= 3365
4360.0
K= 3366
16.2825757576
K= 3367
4803.6762617
K= 3368
5.97738095222
K= 3369
4474.0
K= 3370
4707.23514166
K= 3371
112.833333333
K= 3372
6.54285714286
K= 3373
129.0
K= 3374
381.846978022
K= 3375
4740.8984127
K= 3376
42.3602023962
K= 3377
4189.0
K= 3378
5.78571428568
K= 3379
8592.0
K= 3380
4487.28257576
K= 3381
4707.23514166
K= 3382
4739.8984127
K= 3383
4360.0
K= 3384
109.0
K= 3385
137.25
K= 3386
4796.91273449
K= 3387
4360.0
K= 3388
4360.0
K= 3389
565.937652508
K= 3390
2.5
K= 3391
3772.86635178
K= 3392
4157.0
K= 3393
303.055665015
K= 3394
56.6647790102
K= 3395
4733.66012977
K= 3396
137.25
K= 3397
4360.0
K= 3398
137.25
K= 3399
4340.0
K= 3400
4936.0 , Degree=0
K= 3401
4936.0 , Degree=0
K= 3402
4809.17686203
K= 3403
4838.78440906
K= 3404
4829.90634921
K= 3405
2671.82721697
K= 3406
2858.49572581
K= 3407
112.9
K= 3408
16.1794483033
K= 3409
4.79445554432
K= 3410
4811.22857143
K= 3411
8.41666666663
K= 3412
4.53571428568
K= 3413
4479.5
K= 3414
4189.0
K= 3415
2.90480019967
K= 3416
455.105555556
K= 3417
3.61777777772
K= 3418
4487.28257576
K= 3419
16.2825757576
K= 3420
5.43425172707
K= 3421
3.27555301297
K= 3422
319.556769367
K= 3423
16.2825757576
K= 3424
4753.4531618
K= 3425
658.870248434
K= 3426
4783.18993506
K= 3427
3.32522281632
K= 3428
38.2326298701
K= 3429
3.0
K= 3430
4796.91273449
K= 3431
3.65941815311
K= 3432
399.0
K= 3433
7.76666666672
K= 3434
11.0861344537
K= 3435
4496.45082398
K= 3436
8655.0
K= 3437
4549.0
K= 3438
4570.0
K= 3439
4360.0
K= 3440
4360.0
K= 3441
110.0
K= 3442
4487.28257576
K= 3443
7.76666666672
K= 3444
4936.0 , Degree=0
K= 3445
132.0
K= 3446
4936.0 , Degree=0
K= 3447
87.0
K= 3448
101.0
K= 3449
6.56666666665
K= 3450
25.2792553473
K= 3451
4936.0 , Degree=0
K= 3452
28.367965368
K= 3453
16.2825757576
K= 3454
445.758333333
K= 3455
4579.0
K= 3456
38.2326298701
K= 3457
8.41666666663
K= 3458
4360.0
K= 3459
4487.28257576
K= 3460
4796.91273449
K= 3461
16.2825757576
K= 3462
4753.13027483
K= 3463
8654.0
K= 3464
6.40000000002
K= 3465
87.0
K= 3466
17.6952621343
K= 3467
4360.0
K= 3468
678.151771316
K= 3469
4360.0
K= 3470
6.87973856204
K= 3471
7.76666666672
K= 3472
321.964203489
K= 3473
4804.6537851
K= 3474
7.85238095222
K= 3475
4360.0
K= 3476
8658.0
K= 3477
26.3920662566
K= 3478
10.1666666666
K= 3479
3.79851489072
K= 3480
4707.23514166
K= 3481
326.341097612
K= 3482
117.0
K= 3483
4.721102971
K= 3484
3.97549117531
K= 3485
10.5
K= 3486
4474.97738095
K= 3487
4740.8984127
K= 3488
4548.8984127
K= 3489
16.2825757576
K= 3490
109.0
K= 3491
11.8482051283
K= 3492
4936.0 , Degree=0
K= 3493
438.644635079
K= 3494
4936.0 , Degree=0
K= 3495
4075.0
K= 3496
4734.74464286
K= 3497
5645.54531947
K= 3498
18.7333333333
K= 3499
4528.0
K= 3500
4.38888888876
K= 3501
4628.20223388
K= 3502
4340.0
K= 3503
8592.0
K= 3504
4862.63888889
K= 3505
285.7004329
K= 3506
4842.75
K= 3507
4211.0
K= 3508
8.30952380947
K= 3509
16.2825757576
K= 3510
4819.91666667
K= 3511
29.0254190254
K= 3512
4360.0
K= 3513
4490.33789204
K= 3514
3.3952380952
K= 3515
8.5
K= 3516
56.6647790102
K= 3517
7875.96558442
K= 3518
11.2651098899
K= 3519
2.34920634911
K= 3520
3.0
K= 3521
4360.0
K= 3522
16.2825757576
K= 3523
4360.0
K= 3524
508.333333333
K= 3525
16.2825757576
K= 3526
6.54285714275
K= 3527
8660.0
K= 3528
7.50000000012
K= 3529
4548.8984127
K= 3530
4439.86116001
K= 3531
337.666666667
K= 3532
4764.89189683
K= 3533
20.7525684352
K= 3534
68.9374109172
K= 3535
7885.85412444
K= 3536
16.2825757576
K= 3537
4548.8984127
K= 3538
8.41666666663
K= 3539
4733.66012977
K= 3540
7905.02918019
K= 3541
286.010354992
K= 3542
29.66523199
K= 3543
109.60952381
K= 3544
4936.0 , Degree=0
K= 3545
111.65
K= 3546
4936.0 , Degree=0
K= 3547
4360.0
K= 3548
7.76666666672
K= 3549
16.2825757576
K= 3550
4740.8984127
K= 3551
8.5
K= 3552
32.5651515152
K= 3553
16.2825757576
K= 3554
310.957500659
K= 3555
4487.28257576
K= 3556
4743.17203777
K= 3557
110.0
K= 3558
20.7866161615
K= 3559
4602.25
K= 3560
8.5
K= 3561
7.51007326005
K= 3562
7.48680552852
K= 3563
4795.66565657
K= 3564
8944.79818232
K= 3565
4827.7952381
K= 3566
4.8008658007
K= 3567
336.594444444
K= 3568
318.241186999
K= 3569
8661.0
K= 3570
4360.0
K= 3571
4360.0
K= 3572
137.25
K= 3573
4796.1988456
K= 3574
4501.11605976
K= 3575
4821.54209957
K= 3576
4360.0
K= 3577
8.42495185975
K= 3578
115.0
K= 3579
46.5142159268
K= 3580
4189.0
K= 3581
58.8333333334
K= 3582
4817.20112943
K= 3583
4796.91273449
K= 3584
137.25
K= 3585
4476.78571429
K= 3586
4547.88452381
K= 3587
137.0
K= 3588
6.95238095219
K= 3589
6.54285714275
K= 3590
4520.04557682
K= 3591
260.701450999
K= 3592
4936.0 , Degree=0
K= 3593
8660.0
K= 3594
13.5714285714
K= 3595
4779.20110055
K= 3596
5.30059972708
K= 3597
115.0
K= 3598
4360.0
K= 3599
6.54285714275
K= 3600
35.2075888192
Betweenness Centrality Improvement
[ 0.  0.  0. ...,  0.  0.  0.]
Top 20 BC Improvement
[3265 3228 3118 3124 3246 3349 2565 3354 3327 2896 2836 2418 2441 2462 3255
 3564 2856 3197 2579 2586]
Top 20 BC Improvement
[ 52878.          52878.          52878.          52878.          22324.77777778
  17626.          17626.          17626.          17608.          17306.
  14637.5         13128.05301333   9636.97142857   8974.06049784
   8949.63809524   8944.79818232   8939.86007326   8932.           8812.
   8812.        ]
