txValue= 100
IGRAPH D--- 4619 68733 -- 
+ attr: pub_key (v), base_fee (e), capacity (e), fee_rate (e), txCost (e)
None
IGRAPH D--- 4619 68733 -- 
+ attr: pub_key (v), base_fee (e), capacity (e), fee_rate (e), txCost (e)
None
Our nodes starting connections: 
(4618, 2796)
(4618, 1223)
(4618, 498)
(4618, 3265)
(4618, 3884)
(4618, 2836)
(4618, 2032)
(4618, 4051)
K= 1200
378.305436647
K= 1201
313.45601465
K= 1202
212.045184691
K= 1203
387.670502436
K= 1204
427.798804044
K= 1205
4311.83428932
K= 1206
153.879358682
K= 1207
281.198916385
K= 1208
288.177043148
K= 1209
174.659402607
K= 1210
159.378620863
K= 1211
133.277166381
K= 1212
110.273831948
K= 1213
161.471933625
K= 1214
4555.0293871
K= 1215
125.560701797
K= 1216
163.74199647
K= 1217
2041.60568391
K= 1218
139.569203493
K= 1219
177.525987246
K= 1220
97.6014162538
K= 1221
167.305266958
K= 1222
81.4892989437
K= 1223
1085.90044428
K= 1224
341.240235706
K= 1225
265.370552913
K= 1226
4582.33333333
K= 1227
5983.05497982
K= 1228
393.338508449
K= 1229
8581.43262162
K= 1230
180.900418059
K= 1231
136.951442989
K= 1232
125.9819746
K= 1233
328.127831974
K= 1234
224.543683875
K= 1235
300.717766807
K= 1236
69.5557503556
K= 1237
6319.19717759
K= 1238
247.343203071
K= 1239
97.291909816
K= 1240
170.148146215
K= 1241
442.891500782
K= 1242
8626.71428571
K= 1243
8739.84210526
K= 1244
5468.73596703
K= 1245
4528.48333333
K= 1246
157.929990238
K= 1247
467.33361396
K= 1248
149.053109615
K= 1249
101.902305605
K= 1250
101.781636628
K= 1251
344.13580961
K= 1252
146.273763772
K= 1253
314.544927959
K= 1254
8649.0
K= 1255
7297.54674063
K= 1256
5360.88346269
K= 1257
74.4554062255
K= 1258
6204.55467454
K= 1259
8839.0
K= 1260
94.0873603225
K= 1261
242.707207625
K= 1262
7959.305063
K= 1263
280.964191921
K= 1264
4590.84375
K= 1265
126.052298133
K= 1266
4545.25833333
K= 1267
427.073020156
K= 1268
719.624276987
K= 1269
176.361956522
K= 1270
6114.44210508
K= 1271
194.927331853
K= 1272
183.928506006
K= 1273
189.662549582
K= 1274
523.139395547
K= 1275
78.2418675177
K= 1276
5331.53809523
K= 1277
6623.70580503
K= 1278
235.253833493
K= 1279
213.80117736
K= 1280
37.5725291199
K= 1281
1502.74438108
K= 1282
4311.83428932
K= 1283
172.805266958
K= 1284
176.961956522
K= 1285
138.16580029
K= 1286
451.707483596
K= 1287
180.111956522
K= 1288
5845.73222697
K= 1289
140.974987888
K= 1290
177.261956522
K= 1291
5474.12690946
K= 1292
5349.22348799
K= 1293
8631.32957292
K= 1294
227.813908626
K= 1295
119.633333333
K= 1296
6719.30486163
K= 1297
4589.0
K= 1298
5169.63933363
K= 1299
308.242026826
K= 1300
119.281794365
K= 1301
4189.95968347
K= 1302
4458.63530413
K= 1303
4583.1
K= 1304
40.4123309632
K= 1305
379.598758302
K= 1306
440.841719361
K= 1307
5355.00690889
K= 1308
273.798788652
K= 1309
148.727748949
K= 1310
343.271964135
K= 1311
127.696901878
K= 1312
313.797652957
K= 1313
180.357682354
K= 1314
387.630921098
K= 1315
360.898518819
K= 1316
343.617075345
K= 1317
375.828674415
K= 1318
45.5631488975
K= 1319
6719.30486163
K= 1320
3334.55041048
K= 1321
6549.51407724
K= 1322
5990.49156381
K= 1323
366.937241209
K= 1324
703.780931786
K= 1325
100.376626982
K= 1326
117.278999557
K= 1327
140.166781284
K= 1328
216.91631457
K= 1329
8501.55938967
K= 1330
520.187932848
K= 1331
380.591150932
K= 1332
5983.05497982
K= 1333
387.721973105
K= 1334
5909.73222697
K= 1335
4067.61335138
K= 1336
209.719532279
K= 1337
227.345289855
K= 1338
117.438303755
K= 1339
129.122997383
K= 1340
523.139395547
K= 1341
882.54414414
K= 1342
164.226177988
K= 1343
173.187179487
K= 1344
5909.38641073
K= 1345
8839.0
K= 1346
102.731019662
K= 1347
5472.16772847
K= 1348
176.334523809
K= 1349
54.663165565
K= 1350
210.06887999
K= 1351
148.469491185
K= 1352
1845.5506977
K= 1353
977.098608502
K= 1354
351.060091123
K= 1355
226.833616141
K= 1356
191.645100926
K= 1357
207.347785304
K= 1358
66.5358656272
K= 1359
600.534611273
K= 1360
833.383952917
K= 1361
176.361956522
K= 1362
6493.60550279
K= 1363
235.041789945
K= 1364
62.5069753777
K= 1365
4267.8204474
K= 1366
176.361956522
K= 1367
205.225408881
K= 1368
5560.25228847
K= 1369
5798.97834765
K= 1370
216.059398346
K= 1371
94.8185580964
K= 1372
331.326128963
K= 1373
962.170884877
K= 1374
8839.0
K= 1375
298.212352739
K= 1376
432.543725471
K= 1377
65.7550972559
K= 1378
256.961939086
K= 1379
68.62143569
K= 1380
135.964942423
K= 1381
129.176160689
K= 1382
215.564447075
K= 1383
95.670461031
K= 1384
4520.16655008
K= 1385
5642.79367483
K= 1386
5909.73222697
K= 1387
8649.0
K= 1388
8594.55972679
K= 1389
5316.89685888
K= 1390
338.387280777
K= 1391
394.808029954
K= 1392
273.510203305
K= 1393
8839.0
K= 1394
334.319840201
K= 1395
204.143558921
K= 1396
4965.70230145
K= 1397
78.8582029913
K= 1398
280.719279109
K= 1399
4311.83428932
K= 1400
294.693276503
K= 1401
123.971933625
K= 1402
90.4666666664
K= 1403
4471.41868132
K= 1404
4581.6
K= 1405
111.667193116
K= 1406
532.492148745
K= 1407
112.408837044
K= 1408
5599.64304287
K= 1409
5887.48949686
K= 1410
4311.83428932
K= 1411
255.071829882
K= 1412
4572.58333333
K= 1413
4458.4592837
K= 1414
321.254706176
K= 1415
4248.54326767
K= 1416
172.603404591
K= 1417
86.8430974011
K= 1418
5571.61881869
K= 1419
324.196183917
K= 1420
490.444914419
K= 1421
5511.68726835
K= 1422
122.242515092
K= 1423
165.315417093
K= 1424
177.611956522
K= 1425
112.137686618
K= 1426
376.201803972
K= 1427
5489.14819814
K= 1428
8347.33730925
K= 1429
180.506951133
K= 1430
103.143209703
K= 1431
523.567966976
K= 1432
185.969530413
K= 1433
142.082373362
K= 1434
519.77153504
K= 1435
451.027962622
K= 1436
5751.77150918
K= 1437
5512.52323745
K= 1438
57.6380936267
K= 1439
1700.2096702
K= 1440
606.455847428
K= 1441
270.176430498
K= 1442
85.5666329188
K= 1443
8412.66356108
K= 1444
337.545888352
K= 1445
6204.55467454
K= 1446
137.5230918
K= 1447
8412.66356108
K= 1448
7354.29433659
K= 1449
94.9719336251
K= 1450
243.28772193
K= 1451
203.781118832
K= 1452
4435.85
K= 1453
128.524924865
K= 1454
160.594191937
K= 1455
480.278654217
K= 1456
130.459228799
K= 1457
70.8702509392
K= 1458
278.328557089
K= 1459
174.543397467
K= 1460
361.825026209
K= 1461
523.139395547
K= 1462
78.6067511253
K= 1463
7251.53301323
K= 1464
532.942470334
K= 1465
8627.56881929
K= 1466
266.611970299
K= 1467
523.139395547
K= 1468
446.025891506
K= 1469
98.0346083
K= 1470
212.708349535
K= 1471
790.213241817
K= 1472
133.600545222
K= 1473
148.819779961
K= 1474
8649.0
K= 1475
156.348117975
K= 1476
88.1712381201
K= 1477
246.249226159
K= 1478
4382.33428932
K= 1479
302.653482415
K= 1480
110.205369337
K= 1481
247.092632235
K= 1482
2014.52783705
K= 1483
134.493698565
K= 1484
4543.56677041
K= 1485
444.876259417
K= 1486
4478.03296703
K= 1487
223.936011762
K= 1488
116.407377249
K= 1489
115.674490454
K= 1490
154.275870142
K= 1491
95.3635424986
K= 1492
129.17179445
K= 1493
268.239449299
K= 1494
5194.32862006
K= 1495
142.608902692
K= 1496
350.617075345
K= 1497
4311.83428932
K= 1498
80.0427285827
K= 1499
9096.09095842
K= 1500
159.221666666
K= 1501
110.394006745
K= 1502
6151.83841223
K= 1503
6792.54723209
K= 1504
72.8585493638
K= 1505
176.361956522
K= 1506
2552.26046639
K= 1507
131.636833911
K= 1508
17678.0
K= 1509
4311.83428932
K= 1510
4311.83428932
K= 1511
312.434577922
K= 1512
4819.21347329
K= 1513
349.171296659
K= 1514
325.826003204
K= 1515
5165.4509165
K= 1516
280.393447966
K= 1517
3221.7948084
K= 1518
307.163339808
K= 1519
313.942499023
K= 1520
4932.56307791
K= 1521
4311.83428932
K= 1522
108.250987239
K= 1523
386.182821747
K= 1524
103.80481191
K= 1525
524.067966976
K= 1526
107.377409765
K= 1527
159.312897399
K= 1528
76.6106625255
K= 1529
189.83645988
K= 1530
125.574333058
K= 1531
196.37062924
K= 1532
6562.78536175
K= 1533
5497.68726835
K= 1534
2013.25808299
K= 1535
102.483512208
K= 1536
391.080921098
K= 1537
65.4622839794
K= 1538
8640.684689
K= 1539
85.2562679691
K= 1540
94.86469993
K= 1541
353.229946088
K= 1542
4185.0281563
K= 1543
150.236274162
K= 1544
290.113651625
K= 1545
116.090886718
K= 1546
272.745184944
K= 1547
8839.0
K= 1548
143.090530303
K= 1549
5316.89685888
K= 1550
900.896073265
K= 1551
2046.73984507
K= 1552
596.216150061
K= 1553
4584.1
K= 1554
5445.89685888
K= 1555
256.189470592
K= 1556
81.7123529309
K= 1557
175.98503501
K= 1558
133.511872465
K= 1559
6721.46736163
K= 1560
152.405900621
K= 1561
4311.83428932
K= 1562
297.104076525
K= 1563
187.828117148
K= 1564
330.022190815
K= 1565
7464.95480012
K= 1566
116.352950247
K= 1567
966.726757407
K= 1568
4573.58333333
K= 1569
105.824754974
K= 1570
162.428564314
K= 1571
4528.48333333
K= 1572
158.173874802
K= 1573
9040.15045886
K= 1574
92.659526801
K= 1575
8640.42105263
K= 1576
124.5358766
K= 1577
8839.0
K= 1578
74.7913831894
K= 1579
6015.89035741
K= 1580
86.9609886148
K= 1581
2202.85144024
K= 1582
4517.78050965
K= 1583
4311.83428932
K= 1584
4311.83428932
K= 1585
492.442718777
K= 1586
114.813808786
K= 1587
157.609433709
K= 1588
79.8920615555
K= 1589
657.181577584
K= 1590
171.797377998
K= 1591
6175.67378574
K= 1592
7339.1139287
K= 1593
5489.03097623
K= 1594
120.59416775
K= 1595
5932.64377848
K= 1596
8839.0
K= 1597
8649.0
K= 1598
135.382222053
K= 1599
17678.0
K= 1600
4311.83428932
K= 1601
135.799757668
K= 1602
8839.0
K= 1603
148.881557145
K= 1604
85.1402840135
K= 1605
4969.22342148
K= 1606
2157.89433976
K= 1607
170.573051021
K= 1608
90.3696699876
K= 1609
4311.83428932
K= 1610
126.195921714
K= 1611
188.665031309
K= 1612
93.6178532897
K= 1613
99.6115557782
K= 1614
4432.42717188
K= 1615
4544.20634921
K= 1616
115.154690921
K= 1617
5560.25228847
K= 1618
98.4204722021
K= 1619
457.844046846
K= 1620
337.343099384
K= 1621
102.102761429
K= 1622
8723.39285714
K= 1623
8640.42105263
K= 1624
145.938522574
K= 1625
4260.96949806
K= 1626
280.208047952
K= 1627
12507.1820275
K= 1628
6216.84917107
K= 1629
4557.50753155
K= 1630
496.866455584
K= 1631
251.352322316
K= 1632
6095.07361304
K= 1633
6099.30144193
K= 1634
5749.95884113
K= 1635
106.12481854
K= 1636
83.3251724195
K= 1637
159.471933625
K= 1638
6584.08967593
K= 1639
5560.25228847
K= 1640
378.78592142
K= 1641
4435.78296703
K= 1642
729.152405961
K= 1643
367.242898096
K= 1644
68.6509412827
K= 1645
5909.73222697
K= 1646
4311.83428932
K= 1647
5316.89685888
K= 1648
2104.20288812
K= 1649
133.021045877
K= 1650
5133.093133
K= 1651
320.279743629
K= 1652
5669.3368617
K= 1653
5199.31912742
K= 1654
87.4854148842
K= 1655
321.116363007
K= 1656
115.144486169
K= 1657
13133.0
K= 1658
118.687632641
K= 1659
249.717739269
K= 1660
104.335912877
K= 1661
5316.89685888
K= 1662
8649.0
K= 1663
5377.90741065
K= 1664
6150.69941088
K= 1665
74.2992247298
K= 1666
1418.69131239
K= 1667
4531.48528675
K= 1668
149.307875458
K= 1669
1000.38380555
K= 1670
149.033407328
K= 1671
5289.49141398
K= 1672
386.956434397
K= 1673
4528.94739255
K= 1674
507.460811738
K= 1675
252.506858557
K= 1676
212.304296344
K= 1677
139.460225395
K= 1678
147.753198377
K= 1679
1125.39761006
K= 1680
429.831336101
K= 1681
98.14404922
K= 1682
275.176638781
K= 1683
6472.70553007
K= 1684
5751.77150918
K= 1685
150.970549693
K= 1686
4311.83428932
K= 1687
218.898148192
K= 1688
108.79238558
K= 1689
100.529232289
K= 1690
87.6905605664
K= 1691
112.543255536
K= 1692
261.853928571
K= 1693
155.994944444
K= 1694
8839.0
K= 1695
394.808029954
K= 1696
391.769367528
K= 1697
372.766899102
K= 1698
298.748916385
K= 1699
134.07170792
K= 1700
9073.73888889
K= 1701
4346.45370237
K= 1702
6468.15306375
K= 1703
145.808112694
K= 1704
476.590748547
K= 1705
444.876259417
K= 1706
366.346298154
K= 1707
443.360546682
K= 1708
76.865669764
K= 1709
4539.28640812
K= 1710
525.628383317
K= 1711
3538.15917914
K= 1712
273.808232252
K= 1713
4557.9731934
K= 1714
187.165031309
K= 1715
5316.89685888
K= 1716
8618.186811
K= 1717
75.1149266104
K= 1718
138.243248816
K= 1719
223.02165809
K= 1720
84.7289357422
K= 1721
8612.31166893
K= 1722
140.753302495
K= 1723
8634.02225705
K= 1724
359.439960739
K= 1725
144.954761905
K= 1726
391.210725625
K= 1727
8828.25
K= 1728
126.213086124
K= 1729
5316.53053243
K= 1730
6525.20417056
K= 1731
4540.52777778
K= 1732
382.630921098
K= 1733
98.3249286102
K= 1734
94.8115490573
K= 1735
5845.73222697
K= 1736
4478.03296703
K= 1737
88.4613450159
K= 1738
5872.56527908
K= 1739
200.213049848
K= 1740
61.9013519562
K= 1741
5089.50049052
K= 1742
4470.46980914
K= 1743
6297.58104469
K= 1744
86.2213632733
K= 1745
168.300866861
K= 1746
341.540142812
K= 1747
5522.40341642
K= 1748
99.5233657212
K= 1749
248.451280287
K= 1750
1131.9949339
K= 1751
66.9117388235
K= 1752
298.385840175
K= 1753
4291.07347361
K= 1754
4574.8
K= 1755
125.264940066
K= 1756
96.3226440777
K= 1757
5676.36307225
K= 1758
5522.24259476
K= 1759
6120.80214612
K= 1760
3384.40896264
K= 1761
284.273528218
K= 1762
77.3920788056
K= 1763
6027.25422155
K= 1764
138.554011172
K= 1765
7904.21036807
K= 1766
116.100505054
K= 1767
4311.83428932
K= 1768
505.496011595
K= 1769
63.4346331927
K= 1770
186.604752801
K= 1771
511.141818013
K= 1772
4164.89427852
K= 1773
8649.0
K= 1774
176.361956522
K= 1775
8839.0
K= 1776
211.787698427
K= 1777
4075.9301959
K= 1778
89.9346136516
K= 1779
398.224949117
K= 1780
4490.32777778
K= 1781
6146.75731339
K= 1782
199.522851137
K= 1783
104.280580167
K= 1784
476.343660811
K= 1785
8617.59306012
K= 1786
311.696488538
K= 1787
135.276813455
K= 1788
86.504479453
K= 1789
4311.83428932
K= 1790
410.820421393
K= 1791
321.875555188
K= 1792
5516.43968939
K= 1793
114.941883988
K= 1794
56.2763050261
K= 1795
293.590675024
K= 1796
228.971408131
K= 1797
303.516124748
K= 1798
289.254316068
K= 1799
185.991596398
K= 1800
180.206291497
K= 1801
174.089202324
K= 1802
8558.94927536
K= 1803
908.427073096
K= 1804
105.172085744
K= 1805
224.285041307
K= 1806
176.111956522
K= 1807
187.165031309
K= 1808
517.915887457
K= 1809
105.159743296
K= 1810
179.214588101
K= 1811
195.133763704
K= 1812
8638.2797619
K= 1813
199.248591052
K= 1814
293.399423661
K= 1815
144.654692868
K= 1816
5055.51123956
K= 1817
1468.52488426
K= 1818
73.6344006804
K= 1819
327.580709451
K= 1820
2807.34668708
K= 1821
184.363109807
K= 1822
176.361956522
K= 1823
5316.89685888
K= 1824
4277.14871844
K= 1825
8649.0
K= 1826
8654.09918007
K= 1827
106.172087786
K= 1828
1588.93665615
K= 1829
107.584269539
K= 1830
71.1660256409
K= 1831
162.609090909
K= 1832
94.4587519593
K= 1833
5845.73222697
K= 1834
6599.35882109
K= 1835
844.304455025
K= 1836
6719.30486163
K= 1837
219.287144558
K= 1838
204.997608738
K= 1839
88.9363970624
K= 1840
105.174825442
K= 1841
203.33559014
K= 1842
470.973047664
K= 1843
92.2209257841
K= 1844
2955.65014393
K= 1845
85.1069672118
K= 1846
176.361956522
K= 1847
8615.7030438
K= 1848
330.076189533
K= 1849
119.840649941
K= 1850
86.3153121648
K= 1851
4311.83428932
K= 1852
91.9691327282
K= 1853
4478.03296703
K= 1854
202.917992452
K= 1855
370.986950104
K= 1856
280.918288631
K= 1857
679.096256463
K= 1858
322.51367236
K= 1859
5560.25228847
K= 1860
4311.83428932
K= 1861
1374.34272488
K= 1862
2202.85144024
K= 1863
4614.0
K= 1864
118.819316325
K= 1865
5536.51497954
K= 1866
198.924632002
K= 1867
198.237622657
K= 1868
4311.83428932
K= 1869
180.801284227
K= 1870
155.764518125
K= 1871
95.0390806114
K= 1872
278.761597092
K= 1873
4311.83428932
K= 1874
87.5836991281
K= 1875
5279.79815748
K= 1876
4581.7125
K= 1877
91.1594068051
K= 1878
136.57587226
K= 1879
107.927433348
K= 1880
170.929073283
K= 1881
8615.7030438
K= 1882
124.848472573
K= 1883
250.120478371
K= 1884
205.664999172
K= 1885
902.215068605
K= 1886
3789.18655883
K= 1887
68.384129353
K= 1888
335.324757187
K= 1889
354.185998839
K= 1890
8839.0
K= 1891
4555.15186588
K= 1892
275.509517131
K= 1893
8649.0
K= 1894
4330.17754017
K= 1895
4478.48296703
K= 1896
4575.32608696
K= 1897
5430.28074405
K= 1898
6719.30486163
K= 1899
166.612374399
K= 1900
357.962664457
K= 1901
4434.3
K= 1902
225.45940841
K= 1903
4155.09237117
K= 1904
449.027742489
K= 1905
74.3679780682
K= 1906
135.051494116
K= 1907
103.911546889
K= 1908
572.355571953
K= 1909
165.44457564
K= 1910
295.893118217
K= 1911
360.469225853
K= 1912
157.481099461
K= 1913
180.983751393
K= 1914
383.410307509
K= 1915
383.811228983
K= 1916
148.351731605
K= 1917
89.6459228114
K= 1918
114.926270249
K= 1919
6094.31936108
K= 1920
5778.0083253
K= 1921
6027.25422155
K= 1922
149.738600292
K= 1923
4564.1043956
K= 1924
112.52118017
K= 1925
656.588524096
K= 1926
398.967792739
K= 1927
387.374593223
K= 1928
1151.67886448
K= 1929
113.704735043
K= 1930
518.77789665
K= 1931
92.5843823371
K= 1932
715.056972532
K= 1933
6204.55467454
K= 1934
307.938026295
K= 1935
441.150344083
K= 1936
313.214665576
K= 1937
235.263484289
K= 1938
58.9993709517
K= 1939
320.891492645
K= 1940
4556.3758658
K= 1941
362.427311514
K= 1942
5128.22592344
K= 1943
137.807305268
K= 1944
8640.42105263
K= 1945
4573.50430108
K= 1946
115.115928102
K= 1947
126.863541367
K= 1948
1331.57476193
K= 1949
244.019557099
K= 1950
340.090142812
K= 1951
5445.89685888
K= 1952
4311.83428932
K= 1953
6078.96356851
K= 1954
93.5896528611
K= 1955
1174.08195119
K= 1956
343.281093844
K= 1957
111.719101055
K= 1958
114.167691057
K= 1959
496.866455584
K= 1960
463.650789841
K= 1961
133.742416194
K= 1962
109.887432572
K= 1963
111.018556172
K= 1964
4583.3452381
K= 1965
93.877848539
K= 1966
4311.83428932
K= 1967
126.329790359
K= 1968
4471.56868132
K= 1969
884.65050233
K= 1970
169.857264568
K= 1971
236.729537821
K= 1972
5845.73222697
K= 1973
171.305266958
K= 1974
251.230013382
K= 1975
366.089987384
K= 1976
98.8981424097
K= 1977
489.666455584
K= 1978
5560.25228847
K= 1979
856.542297454
K= 1980
122.737933602
K= 1981
145.568205137
K= 1982
94.8833333332
K= 1983
11077.8122762
K= 1984
325.932378816
K= 1985
112.62623946
K= 1986
4960.9928547
K= 1987
388.382907095
K= 1988
619.288150803
K= 1989
359.626261723
K= 1990
1302.41019475
K= 1991
4583.98179092
K= 1992
114.001188581
K= 1993
119.4642613
K= 1994
6719.30486163
K= 1995
172.055266958
K= 1996
6204.55467454
K= 1997
108.035118693
K= 1998
104.00424301
K= 1999
205.475592885
K= 2000
63.6596403685
K= 2001
6154.69941088
K= 2002
5749.95884113
K= 2003
4311.83428932
K= 2004
7138.30643416
K= 2005
313.215595736
K= 2006
303.041596639
K= 2007
5373.57556537
K= 2008
7904.02941569
K= 2009
159.70745614
K= 2010
90.9228660329
K= 2011
98.2132010527
K= 2012
170.597211188
K= 2013
108.544576382
K= 2014
139.663069731
K= 2015
5316.89685888
K= 2016
367.251852941
K= 2017
107.605779223
K= 2018
130.789381362
K= 2019
185.770778983
K= 2020
361.926495611
K= 2021
149.721396517
K= 2022
4275.10989011
K= 2023
128.72197411
K= 2024
4559.18347895
K= 2025
1444.67616857
K= 2026
2221.25982488
K= 2027
366.139987384
K= 2028
287.435152187
K= 2029
5990.49156381
K= 2030
124.519061243
K= 2031
97.6710983353
K= 2032
109.221733374
K= 2033
145.525294765
K= 2034
6476.25668828
K= 2035
6313.90357666
K= 2036
219.395395833
K= 2037
116.4931399
K= 2038
7931.16799547
K= 2039
366.089987384
K= 2040
304.212252924
K= 2041
4311.83428932
K= 2042
176.986572277
K= 2043
460.017429339
K= 2044
152.075329804
K= 2045
99.853074787
K= 2046
8640.58087607
K= 2047
141.273039383
K= 2048
4594.91666667
K= 2049
148.16874032
K= 2050
127.378623188
K= 2051
8410.79371981
K= 2052
525.425109833
K= 2053
398.200210072
K= 2054
185.361956522
K= 2055
8568.0
K= 2056
361.058735064
K= 2057
5497.68726835
K= 2058
114.45982021
K= 2059
287.382320278
K= 2060
5731.12343455
K= 2061
565.887338773
K= 2062
85.6724233865
K= 2063
225.998417436
K= 2064
5909.73222697
K= 2065
383.1186301
K= 2066
128.825419124
K= 2067
138.604994526
K= 2068
357.836525745
K= 2069
5003.1803547
K= 2070
2978.53651201
K= 2071
335.324757187
K= 2072
249.889660115
K= 2073
356.421405549
K= 2074
147.63004073
K= 2075
5570.61881869
K= 2076
176.361956522
K= 2077
113.832606682
K= 2078
129.130524384
K= 2079
8839.0
K= 2080
6051.48867111
K= 2081
110.626408047
K= 2082
6057.59017182
K= 2083
404.685166127
K= 2084
330.351585013
K= 2085
82.1052769772
K= 2086
6719.30486163
K= 2087
4276.72728609
K= 2088
5673.64773319
K= 2089
154.861865
K= 2090
121.172848966
K= 2091
7323.42564193
K= 2092
6055.85699481
K= 2093
4457.63892928
K= 2094
106.343778305
K= 2095
704.363644943
K= 2096
107.383691321
K= 2097
175.105965262
K= 2098
552.373254896
K= 2099
5845.73222697
K= 2100
8839.0
K= 2101
193.435617257
K= 2102
388.99116401
K= 2103
4582.0
K= 2104
174.557807065
K= 2105
8611.96428571
K= 2106
6679.87209989
K= 2107
5599.64304287
K= 2108
438.33568008
K= 2109
534.102906045
K= 2110
770.38245902
K= 2111
472.404588908
K= 2112
8839.0
K= 2113
105.363565279
K= 2114
63.636520471
K= 2115
6421.04965744
K= 2116
120.643482751
K= 2117
8839.0
K= 2118
77.3193073416
K= 2119
166.200330303
K= 2120
365.521951422
K= 2121
4594.91666667
K= 2122
138.066681373
K= 2123
4578.85
K= 2124
267.178210971
K= 2125
4400.19635553
K= 2126
8839.0
K= 2127
173.079552673
K= 2128
211.722320475
K= 2129
4020.53879757
K= 2130
124.13207577
K= 2131
368.892073919
K= 2132
4579.14381806
K= 2133
120.642173954
K= 2134
78.088127697
K= 2135
4565.93393167
K= 2136
4311.83428932
K= 2137
213.217031847
K= 2138
129.990909091
K= 2139
4311.83428932
K= 2140
455.470254024
K= 2141
948.888510666
K= 2142
4311.83428932
K= 2143
56.8616617718
K= 2144
4539.28640812
K= 2145
1414.89237477
K= 2146
6503.25861293
K= 2147
4536.1730168
K= 2148
248.550579211
K= 2149
4534.75771965
K= 2150
5416.65011635
K= 2151
5776.25025433
K= 2152
4478.03296703
K= 2153
4585.03296703
K= 2154
168.037627538
K= 2155
4311.83428932
K= 2156
176.611956522
K= 2157
152.13072109
K= 2158
6036.25422155
K= 2159
9131.57576346
K= 2160
5331.00366943
K= 2161
377.555676295
K= 2162
191.413936339
K= 2163
215.807334773
K= 2164
64.6151628584
K= 2165
6249.33251351
K= 2166
296.127083075
K= 2167
366.389987384
K= 2168
4576.8732938
K= 2169
4616.78571429
K= 2170
134.368432092
K= 2171
8632.02419125
K= 2172
102.802960935
K= 2173
1906.70331683
K= 2174
7108.83358912
K= 2175
176.361956522
K= 2176
99.4155880576
K= 2177
75.8102403077
K= 2178
4165.42105263
K= 2179
157.605299177
K= 2180
123.271512685
K= 2181
4586.47742518
K= 2182
175.369542579
K= 2183
70.8734000518
K= 2184
523.139395547
K= 2185
8839.0
K= 2186
8640.42105263
K= 2187
175.724887246
K= 2188
1999.24369287
K= 2189
4591.5
K= 2190
200.875757576
K= 2191
320.640283394
K= 2192
111.749592666
K= 2193
8908.36265779
K= 2194
176.650418059
K= 2195
4189.95968347
K= 2196
6424.48640483
K= 2197
367.641967131
K= 2198
76.8693376773
K= 2199
313.234938659
K= 2200
343.045976801
K= 2201
230.715836947
K= 2202
8839.0
K= 2203
125.812621321
K= 2204
4500.87306778
K= 2205
125.164847268
K= 2206
4343.08604182
K= 2207
4530.12096774
K= 2208
146.205285446
K= 2209
5948.52820263
K= 2210
306.005436647
K= 2211
6719.30486163
K= 2212
205.847785304
K= 2213
4311.83428932
K= 2214
302.144904354
K= 2215
6522.48775946
K= 2216
8347.32291358
K= 2217
121.985714286
K= 2218
88.9336967362
K= 2219
4311.83428932
K= 2220
8839.0
K= 2221
523.139395547
K= 2222
8641.26584674
K= 2223
318.709237392
K= 2224
2497.8654321
K= 2225
5445.4673243
K= 2226
450.639395547
K= 2227
4311.83428932
K= 2228
18050.5658053
K= 2229
0.0
K= 2230
5284.57804274
K= 2231
383.915263572
K= 2232
179.702755837
K= 2233
5510.14604916
K= 2234
252.846012189
K= 2235
4432.42717188
K= 2236
8839.0
K= 2237
159.25242997
K= 2238
350.531369687
K= 2239
435.723780971
K= 2240
110.111668811
K= 2241
347.509975089
K= 2242
93.1528972189
K= 2243
4124.42105263
K= 2244
6204.55467454
K= 2245
60.2994951573
K= 2246
120.772889174
K= 2247
109.483513451
K= 2248
276.609226863
K= 2249
130.062240215
K= 2250
500.050263852
K= 2251
100.49932714
K= 2252
455.345000435
K= 2253
656.83754719
K= 2254
108.972281134
K= 2255
257.059321602
K= 2256
819.28332371
K= 2257
4589.0
K= 2258
365.521951422
K= 2259
523.139395547
K= 2260
8839.0
K= 2261
258.472090426
K= 2262
8649.0
K= 2263
79.5959330142
K= 2264
369.32188077
K= 2265
58.2563779317
K= 2266
119.332543257
K= 2267
8552.16347562
K= 2268
255.822460075
K= 2269
56.3137897109
K= 2270
319.393379993
K= 2271
5654.27463916
K= 2272
316.826561312
K= 2273
5221.37897963
K= 2274
465.05569721
K= 2275
5281.23566379
K= 2276
87.9472011355
K= 2277
8643.07193363
K= 2278
165.909410974
K= 2279
176.361956522
K= 2280
5585.89647155
K= 2281
8631.32957293
K= 2282
84.2352052694
K= 2283
190.868002948
K= 2284
118.539945494
K= 2285
4555.18746197
K= 2286
98.9665519504
K= 2287
312.951721643
K= 2288
124.188822751
K= 2289
267.836556343
K= 2290
6325.71923599
K= 2291
85.3377660621
K= 2292
6027.25422155
K= 2293
4594.91666667
K= 2294
5315.56731343
K= 2295
309.981531951
K= 2296
302.921109888
K= 2297
365.521951422
K= 2298
180.909038749
K= 2299
359.998186533
K= 2300
8839.0
K= 2301
6399.59945365
K= 2302
107.266356714
K= 2303
1000.38380555
K= 2304
212.867280092
K= 2305
5845.73222697
K= 2306
66.7634431868
K= 2307
174.205266958
K= 2308
99.2310302472
K= 2309
412.349272987
K= 2310
4646.91666667
K= 2311
4594.91666667
K= 2312
116.705872004
K= 2313
176.361956522
K= 2314
5845.73222697
K= 2315
5042.83096474
K= 2316
0.0
K= 2317
2505.20251322
K= 2318
52.8118957101
K= 2319
540.500434843
K= 2320
138.872933638
K= 2321
5864.46886869
K= 2322
1431.20828454
K= 2323
137.187796097
K= 2324
830.761493188
K= 2325
63.1481440573
K= 2326
918.90199909
K= 2327
5845.73222697
K= 2328
5018.9440422
K= 2329
8631.32957293
K= 2330
539.115631343
K= 2331
172.822793093
K= 2332
736.742184125
K= 2333
89.8871397554
K= 2334
325.201483208
K= 2335
104.159690128
K= 2336
4571.25
K= 2337
55.5577764922
K= 2338
7955.92411062
K= 2339
6541.23178284
K= 2340
164.875329804
K= 2341
4311.83428932
K= 2342
116.922987782
K= 2343
439.526737265
K= 2344
5316.89685888
K= 2345
385.868611393
K= 2346
342.11038163
K= 2347
306.622874649
K= 2348
4576.75
K= 2349
1041.58509752
K= 2350
8839.0
K= 2351
118.911688175
K= 2352
444.876259417
K= 2353
8558.94927536
K= 2354
5685.29250552
K= 2355
176.361956522
K= 2356
212.145751158
K= 2357
525.409570986
K= 2358
460.215513338
K= 2359
4452.83428932
K= 2360
4840.04648476
K= 2361
176.361956522
K= 2362
5445.89685888
K= 2363
74.3132598384
K= 2364
322.152331402
K= 2365
363.330258468
K= 2366
164.075329804
K= 2367
105.839793352
K= 2368
119.761464305
K= 2369
8511.19098409
K= 2370
265.623153915
K= 2371
377.537061992
K= 2372
70.3844985722
K= 2373
159.877196783
K= 2374
297.155472908
K= 2375
4576.27777778
K= 2376
7474.776393
K= 2377
190.318526884
K= 2378
4311.83428932
K= 2379
4527.68809524
K= 2380
381.065502314
K= 2381
359.626261723
K= 2382
15826.9628074
K= 2383
176.361956522
K= 2384
172.982875723
K= 2385
122.932661137
K= 2386
92.8087888308
K= 2387
3699.36536327
K= 2388
99.2129270766
K= 2389
6163.61621677
K= 2390
184.516402647
K= 2391
4534.48333333
K= 2392
120.176105251
K= 2393
298.645612336
K= 2394
5560.25228847
K= 2395
523.567966976
K= 2396
358.082016275
K= 2397
191.426469563
K= 2398
249.85767065
K= 2399
325.239873553
K= 2400
4574.2
Betweenness Centrality Improvement
[ 0.  0.  0. ...,  0.  0.  0.]
Top 20 BC Improvement
[2228 1599 1508 2382 1657 1627 1983 2159 1499 1700 1573 2193 1547 1775 2185
 1374 2079 2202 2350 1577]
Top 20 BC Improvement
[ 18050.5658053   17678.          17678.          15826.96280737  13133.
  12507.18202747  11077.81227616   9131.57576346   9096.09095842
   9073.73888889   9040.15045886   8908.36265779   8839.           8839.
   8839.           8839.           8839.           8839.           8839.
   8839.        ]
