txValue= 100
IGRAPH D--- 4619 68733 -- 
+ attr: pub_key (v), base_fee (e), capacity (e), fee_rate (e), txCost (e)
None
IGRAPH D--- 4619 68733 -- 
+ attr: pub_key (v), base_fee (e), capacity (e), fee_rate (e), txCost (e)
None
Our nodes starting connections: 
(4618, 2796)
(4618, 1223)
(4618, 498)
(4618, 3265)
(4618, 3884)
(4618, 2836)
(4618, 2032)
(4618, 4051)
(4618, 2228)
K= 3600
244.325250845
K= 3601
53.2966677846
K= 3602
1472.11203074
K= 3603
127.084050836
K= 3604
8572.16666667
K= 3605
312.505260636
K= 3606
4414.49793138
K= 3607
936.13897172
K= 3608
8839.0
K= 3609
163.848478086
K= 3610
8839.0
K= 3611
4485.74444444
K= 3612
4557.88636364
K= 3613
8546.13860029
K= 3614
95.6233465219
K= 3615
4575.16363636
K= 3616
828.447362956
K= 3617
5321.62226516
K= 3618
83.4421974538
K= 3619
316.324593223
K= 3620
239.752055148
K= 3621
149.205736544
K= 3622
175.278623188
K= 3623
258.794135757
K= 3624
389.354811021
K= 3625
53.6639572371
K= 3626
7225.04100197
K= 3627
6752.57191289
K= 3628
517.292440193
K= 3629
354.704563812
K= 3630
58.5242988733
K= 3631
258.616426063
K= 3632
298.781492142
K= 3633
44.2286441156
K= 3634
388.188577254
K= 3635
526.895239703
K= 3636
223.55075111
K= 3637
140.74823937
K= 3638
141.516763161
K= 3639
499.866455584
K= 3640
315.108543767
K= 3641
521.392491776
K= 3642
1183.05174241
K= 3643
4476.27142857
K= 3644
104.504293215
K= 3645
126.938492122
K= 3646
4613.88154618
K= 3647
4232.22149757
K= 3648
4542.85563654
K= 3649
4560.75
K= 3650
6752.57191289
K= 3651
5609.47656267
K= 3652
8636.35
K= 3653
1210.12051618
K= 3654
5503.68349311
K= 3655
5860.72123137
K= 3656
7102.84036369
K= 3657
8421.04571945
K= 3658
126.971933625
K= 3659
147.92906336
K= 3660
4307.83428932
K= 3661
120.280901263
K= 3662
163.811335404
K= 3663
4189.0281563
K= 3664
7615.29033735
K= 3665
137.373237516
K= 3666
174.576358015
K= 3667
4567.69922469
K= 3668
8839.0
K= 3669
293.273042341
K= 3670
92.4061249145
K= 3671
4474.27142857
K= 3672
472.345000435
K= 3673
4307.83428932
K= 3674
517.287017878
K= 3675
4535.14896255
K= 3676
171.992017479
K= 3677
100.628445239
K= 3678
4429.85611925
K= 3679
1953.26198479
K= 3680
282.3392865
K= 3681
102.611760966
K= 3682
116.31790734
K= 3683
397.436827348
K= 3684
411.905280725
K= 3685
473.621020613
K= 3686
134.703493068
K= 3687
1039.17045973
K= 3688
4307.83428932
K= 3689
124.230356148
K= 3690
2008.64877142
K= 3691
5887.44173111
K= 3692
102.679926642
K= 3693
301.836281019
K= 3694
114.681928727
K= 3695
66.9141151938
K= 3696
1723.93928398
K= 3697
5332.27133669
K= 3698
5918.73043779
K= 3699
76.2665235683
K= 3700
4434.38889254
K= 3701
1314.57521921
K= 3702
280.762090636
K= 3703
64.8804185512
K= 3704
112.286048335
K= 3705
8636.35
K= 3706
305.326259418
K= 3707
445.876259417
K= 3708
139.238664986
K= 3709
120.29011926
K= 3710
159.003288374
K= 3711
79.0739291414
K= 3712
6366.9610514
K= 3713
379.178952608
K= 3714
4637.05137902
K= 3715
5091.44744866
K= 3716
180.041975968
K= 3717
5919.39710446
K= 3718
155.669746048
K= 3719
8839.0
K= 3720
215.010576627
K= 3721
361.111110617
K= 3722
260.385838876
K= 3723
135.016758956
K= 3724
4950.64706725
K= 3725
6342.14709701
K= 3726
5473.97144047
K= 3727
217.398111815
K= 3728
241.298042309
K= 3729
212.014923705
K= 3730
366.990934343
K= 3731
110.089234403
K= 3732
1416.24926887
K= 3733
99.5718822769
K= 3734
6229.34805862
K= 3735
298.468969534
K= 3736
307.247617862
K= 3737
4967.16037961
K= 3738
142.08867076
K= 3739
8839.0
K= 3740
6241.76981034
K= 3741
526.139395547
K= 3742
53.7898537968
K= 3743
109.492632493
K= 3744
170.842695679
K= 3745
73.6349551175
K= 3746
370.240574121
K= 3747
670.763451617
K= 3748
159.50786659
K= 3749
267.874218681
K= 3750
101.814583103
K= 3751
87.3833333333
K= 3752
88.7595976338
K= 3753
390.724289829
K= 3754
729.727244923
K= 3755
4446.74885946
K= 3756
97.649058369
K= 3757
86.8699794506
K= 3758
8839.0
K= 3759
180.27058558
K= 3760
3503.26940931
K= 3761
526.567966976
K= 3762
1123.55500656
K= 3763
163.183044736
K= 3764
4307.83428932
K= 3765
87.4190091559
K= 3766
4476.27142857
K= 3767
5860.72123137
K= 3768
331.681565164
K= 3769
170.137105094
K= 3770
166.399801005
K= 3771
89.6084676426
K= 3772
69.0516892977
K= 3773
5134.66609892
K= 3774
372.63247017
K= 3775
141.108043725
K= 3776
94.424493471
K= 3777
710.425765677
K= 3778
864.881968943
K= 3779
358.061584777
K= 3780
151.196136923
K= 3781
2222.27638518
K= 3782
448.270666426
K= 3783
352.156299591
K= 3784
6752.57191289
K= 3785
4307.83428932
K= 3786
376.789991903
K= 3787
114.81820476
K= 3788
340.688452945
K= 3789
181.171785582
K= 3790
128.526150493
K= 3791
6752.57191289
K= 3792
123.67352065
K= 3793
390.706755846
K= 3794
307.891167696
K= 3795
177.861956522
K= 3796
102.892117426
K= 3797
155.204140832
K= 3798
6710.85762717
K= 3799
2499.82648776
K= 3800
224.51057697
K= 3801
388.298181189
K= 3802
88.4549647711
K= 3803
8839.0
K= 3804
4953.33789847
K= 3805
89.3846558086
K= 3806
535.399286294
K= 3807
391.812993836
K= 3808
687.165702279
K= 3809
187.996627417
K= 3810
8839.0
K= 3811
320.042368337
K= 3812
173.936957796
K= 3813
4114.61441776
K= 3814
125.187367319
K= 3815
1883.06307939
K= 3816
161.711697475
K= 3817
2274.87061253
K= 3818
379.641800283
K= 3819
243.614302678
K= 3820
110.056771542
K= 3821
499.866455584
K= 3822
109.202300367
K= 3823
8839.0
K= 3824
174.305266959
K= 3825
8839.0
K= 3826
87.0865576279
K= 3827
61.9831136708
K= 3828
151.758870978
K= 3829
7984.40878396
K= 3830
368.26305778
K= 3831
8634.0
K= 3832
229.203302172
K= 3833
45.850032318
K= 3834
301.824879865
K= 3835
168.350490196
K= 3836
99.2650347181
K= 3837
6834.6556199
K= 3838
312.891550513
K= 3839
100.031210222
K= 3840
318.589429283
K= 3841
4185.95968347
K= 3842
8839.0
K= 3843
526.567966976
K= 3844
423.127004209
K= 3845
142.841984126
K= 3846
53.4833333333
K= 3847
4381.17278592
K= 3848
56.1902406086
K= 3849
409.569919711
K= 3850
4734.29995608
K= 3851
173.407883655
K= 3852
8343.81680768
K= 3853
137.066094443
K= 3854
133.158183409
K= 3855
388.868611393
K= 3856
6210.59265609
K= 3857
193.733848722
K= 3858
307.754236405
K= 3859
62.1634111975
K= 3860
243.36140382
K= 3861
67.7788221986
K= 3862
4151.09237117
K= 3863
196.466260621
K= 3864
167.720701232
K= 3865
3255.97562414
K= 3866
8839.0
K= 3867
177.861956522
K= 3868
161.738707113
K= 3869
5969.68782081
K= 3870
330.621020613
K= 3871
121.151113848
K= 3872
305.222951938
K= 3873
4476.27142857
K= 3874
178.608245906
K= 3875
111.820941068
K= 3876
177.861956522
K= 3877
177.861956522
K= 3878
106.2
K= 3879
126.540714252
K= 3880
141.50185398
K= 3881
107.883401266
K= 3882
402.838449816
K= 3883
4307.83428932
K= 3884
307.546564184
K= 3885
6342.14709701
K= 3886
177.861956522
K= 3887
89.4217799215
K= 3888
397.829600181
K= 3889
73.0377323274
K= 3890
5293.48532287
K= 3891
5144.74535397
K= 3892
151.176078483
K= 3893
116.098150544
K= 3894
90.0788794698
K= 3895
4431.3
K= 3896
542.954330612
K= 3897
4443.07142857
K= 3898
737.835342749
K= 3899
4398.18384893
K= 3900
8839.0
K= 3901
629.909484697
K= 3902
4594.91666667
K= 3903
4582.2
K= 3904
246.714799893
K= 3905
643.69062178
K= 3906
6850.7301597
K= 3907
1561.06126707
K= 3908
8645.0
K= 3909
6417.73346896
K= 3910
251.943900107
K= 3911
167.589981267
K= 3912
91.1674471131
K= 3913
1290.5040078
K= 3914
145.738548944
K= 3915
97.0553864777
K= 3916
8623.41780822
K= 3917
4304.6704567
K= 3918
4476.27142857
K= 3919
177.611956522
K= 3920
133.833655914
K= 3921
312.239085349
K= 3922
5018.65277921
K= 3923
355.889150452
K= 3924
163.903306174
K= 3925
120.484433132
K= 3926
147.463779869
K= 3927
398.018566617
K= 3928
118.263608826
K= 3929
427.53312225
K= 3930
91.0240863478
K= 3931
719.440919941
K= 3932
139.805368056
K= 3933
276.135155468
K= 3934
218.685887053
K= 3935
7296.34959321
K= 3936
58.0971405795
K= 3937
443.887537219
K= 3938
689.482829982
K= 3939
4569.41126742
K= 3940
1541.64302598
K= 3941
8624.53344402
K= 3942
174.305266959
K= 3943
4449.11274824
K= 3944
121.529880172
K= 3945
300.699704385
K= 3946
5556.6198083
K= 3947
4163.95968347
K= 3948
187.488994884
K= 3949
1418.44308875
K= 3950
5596.38911482
K= 3951
562.345508363
K= 3952
278.012132971
K= 3953
316.55035971
K= 3954
100.321882277
K= 3955
4546.93214591
K= 3956
352.084832419
K= 3957
145.925486737
K= 3958
382.454003574
K= 3959
4307.83428932
K= 3960
8839.0
K= 3961
174.305266959
K= 3962
348.402104566
K= 3963
117.920238095
K= 3964
451.293626364
K= 3965
1116.98279601
K= 3966
6274.54920313
K= 3967
83.4246636039
K= 3968
160.364507922
K= 3969
6142.77270656
K= 3970
119.98249095
K= 3971
129.638600292
K= 3972
254.594254045
K= 3973
178.113464883
K= 3974
276.993042208
K= 3975
5279.14726516
K= 3976
249.498266809
K= 3977
4396.74793138
K= 3978
93.7692083217
K= 3979
91.4637445896
K= 3980
335.64451402
K= 3981
5425.95737445
K= 3982
6210.59265609
K= 3983
351.020436313
K= 3984
113.681838626
K= 3985
436.5633306
K= 3986
4575.17777778
K= 3987
262.594454741
K= 3988
362.913447128
K= 3989
5450.62226516
K= 3990
10842.2054066
K= 3991
1315.00856762
K= 3992
4381.17278592
K= 3993
136.911148743
K= 3994
5321.62226516
K= 3995
251.273459458
K= 3996
8645.0
K= 3997
150.700505054
K= 3998
1057.84616599
K= 3999
139.428789659
K= 4000
4582.02116329
K= 4001
252.736921279
K= 4002
3127.33913674
K= 4003
6905.87892311
K= 4004
113.312709165
K= 4005
388.868611393
K= 4006
173.276784218
K= 4007
385.917494072
K= 4008
149.806922588
K= 4009
6401.83617982
K= 4010
333.134769973
K= 4011
129.903083006
K= 4012
4582.33333333
K= 4013
127.792120791
K= 4014
4474.02142857
K= 4015
8651.0
K= 4016
6210.59265609
K= 4017
8839.0
K= 4018
4467.87142857
K= 4019
2241.20128522
K= 4020
217.697850125
K= 4021
281.403570898
K= 4022
8839.0
K= 4023
542.193847561
K= 4024
4307.83428932
K= 4025
1743.02015317
K= 4026
5924.72123137
K= 4027
170.137554113
K= 4028
117.145917171
K= 4029
5514.99546962
K= 4030
89.3749210327
K= 4031
2998.28044594
K= 4032
6219.62957568
K= 4033
144.440180132
K= 4034
8839.0
K= 4035
3538.89755723
K= 4036
85.4421126145
K= 4037
397.808029954
K= 4038
7472.27469857
K= 4039
4739.84022406
K= 4040
1946.61928002
K= 4041
4307.83428932
K= 4042
153.365891353
K= 4043
4148.4725937
K= 4044
164.517897166
K= 4045
5516.07821382
K= 4046
83.6587984791
K= 4047
478.087949302
K= 4048
309.472103314
K= 4049
143.18418788
K= 4050
177.861956522
K= 4051
107.818684149
K= 4052
4307.83428932
K= 4053
4307.83428932
K= 4054
75.8598412484
K= 4055
5242.95750945
K= 4056
153.392120791
K= 4057
144.81538877
K= 4058
526.889395547
K= 4059
97.0400432901
K= 4060
6883.68769957
K= 4061
120.602488493
K= 4062
210.42155755
K= 4063
364.396990509
K= 4064
4307.83428932
K= 4065
163.138600292
K= 4066
6050.76742676
K= 4067
333.917531487
K= 4068
8645.0
K= 4069
503.74252698
K= 4070
8839.0
K= 4071
481.536967992
K= 4072
473.621020613
K= 4073
198.535923176
K= 4074
349.613842645
K= 4075
344.422213797
K= 4076
274.525426757
K= 4077
293.937714137
K= 4078
8636.76268978
K= 4079
333.280366604
K= 4080
6555.50485034
K= 4081
101.349908323
K= 4082
139.020120236
K= 4083
855.745381205
K= 4084
5133.24524281
K= 4085
76.9080153146
K= 4086
132.656030539
K= 4087
339.701807132
K= 4088
4587.72222222
K= 4089
4577.16666667
K= 4090
4181.0281563
K= 4091
207.553587946
K= 4092
540.525759184
K= 4093
8645.0
K= 4094
200.231454044
K= 4095
4572.50430108
K= 4096
5860.72123137
K= 4097
561.229430976
K= 4098
216.700172767
K= 4099
101.57338486
K= 4100
112.500209257
K= 4101
6269.92023756
K= 4102
104.45526649
K= 4103
450.454554885
K= 4104
265.767309908
K= 4105
4646.32236181
K= 4106
218.308638519
K= 4107
103.379703669
K= 4108
6710.40298175
K= 4109
8839.0
K= 4110
132.24816251
K= 4111
8574.11393156
K= 4112
380.200153628
K= 4113
101.063433492
K= 4114
123.63392343
K= 4115
4148.4725937
K= 4116
72.6870508563
K= 4117
211.489573875
K= 4118
379.641800283
K= 4119
468.997619423
K= 4120
279.162318677
K= 4121
371.145541089
K= 4122
364.874215828
K= 4123
170.630683317
K= 4124
5314.82801674
K= 4125
4571.75
K= 4126
88.5315007835
K= 4127
6525.61899328
K= 4128
5753.74747937
K= 4129
164.569788107
K= 4130
8555.75076006
K= 4131
97.8218822769
K= 4132
8470.71079457
K= 4133
485.348194788
K= 4134
321.669220045
K= 4135
8645.0
K= 4136
5410.56836949
K= 4137
6752.57191289
K= 4138
5851.13409879
K= 4139
129.233863648
K= 4140
112.401089875
K= 4141
8839.0
K= 4142
4307.83428932
K= 4143
160.670238096
K= 4144
6951.30139673
K= 4145
6210.59265609
K= 4146
5477.34854165
K= 4147
174.305266959
K= 4148
390.630921098
K= 4149
4333.52142857
K= 4150
369.021951422
K= 4151
1194.73356435
K= 4152
135.916169277
K= 4153
140.573588604
K= 4154
40.1735609689
K= 4155
132.00073045
K= 4156
874.873728735
K= 4157
571.50366677
K= 4158
181.441069603
K= 4159
360.768228416
K= 4160
4574.82608696
K= 4161
87.7523483046
K= 4162
246.81125584
K= 4163
5343.22906372
K= 4164
7092.69362765
K= 4165
152.829592827
K= 4166
2222.27638518
K= 4167
506.3813117
K= 4168
5862.7421487
K= 4169
71.9358230536
K= 4170
87.3111221452
K= 4171
142.162605042
K= 4172
11880.4741205
K= 4173
125.862482835
K= 4174
155.758331438
K= 4175
172.076082008
K= 4176
142.447536971
K= 4177
145.788874688
K= 4178
8688.71781413
K= 4179
153.206521739
K= 4180
5496.17581251
K= 4181
5492.22039959
K= 4182
341.752244009
K= 4183
245.07908066
K= 4184
4835.24617584
K= 4185
77.7261614668
K= 4186
8645.0
K= 4187
172.16016258
K= 4188
6396.94987806
K= 4189
175.235218979
K= 4190
104.871600699
K= 4191
741.464157045
K= 4192
97.686056311
K= 4193
387.998249774
K= 4194
98.7019739924
K= 4195
4307.83428932
K= 4196
118.895645541
K= 4197
526.139395547
K= 4198
151.896622517
K= 4199
40.3016594514
K= 4200
5860.72123137
K= 4201
288.955383822
K= 4202
113.748601938
K= 4203
177.861956522
K= 4204
115.076591768
K= 4205
1034.71674165
K= 4206
305.094636117
K= 4207
104.053894329
K= 4208
8839.0
K= 4209
9145.24920678
K= 4210
7025.0522625
K= 4211
809.693964649
K= 4212
8645.0
K= 4213
4474.27142857
K= 4214
168.059343959
K= 4215
5016.60952633
K= 4216
173.611956522
K= 4217
363.876261723
K= 4218
130.099418527
K= 4219
4238.46040696
K= 4220
136.017277245
K= 4221
513.389930807
K= 4222
139.059878312
K= 4223
4575.37857143
K= 4224
579.848577867
K= 4225
6129.61565385
K= 4226
204.601763879
K= 4227
306.142326677
K= 4228
161.473933563
K= 4229
72.7199048124
K= 4230
189.481649314
K= 4231
765.367560977
K= 4232
4386.51944444
K= 4233
526.567966976
K= 4234
154.114153234
K= 4235
385.45002165
K= 4236
66.5349782825
K= 4237
326.125333775
K= 4238
496.435382635
K= 4239
109.903462997
K= 4240
121.381169535
K= 4241
3894.71159028
K= 4242
135.893892882
K= 4243
132.56397554
K= 4244
501.560853152
K= 4245
160.20158538
K= 4246
210.858831703
K= 4247
270.645647253
K= 4248
118.249204423
K= 4249
445.751259417
K= 4250
934.557542815
K= 4251
5602.93243223
K= 4252
96.4219336252
K= 4253
5455.18777007
K= 4254
4307.83428932
K= 4255
177.861956522
K= 4256
161.471933625
K= 4257
4363.39444444
K= 4258
8636.32957293
K= 4259
49.3352173921
K= 4260
461.917682868
K= 4261
4559.60532583
K= 4262
5321.62226516
K= 4263
356.033253992
K= 4264
3943.73131949
K= 4265
526.567966976
K= 4266
180.938278744
K= 4267
253.729885352
K= 4268
163.151822472
K= 4269
5032.76012235
K= 4270
5991.88151997
K= 4271
371.298226032
K= 4272
8839.0
K= 4273
526.139395547
K= 4274
4307.83428932
K= 4275
82.2892778926
K= 4276
138.614857078
K= 4277
4521.13922241
K= 4278
89.6170403783
K= 4279
6453.85910509
K= 4280
4570.75
K= 4281
101.063625176
K= 4282
17678.0
K= 4283
75.7847095018
K= 4284
4583.1
K= 4285
100.204732965
K= 4286
1927.68045282
K= 4287
1790.75224241
K= 4288
5019.6211327
K= 4289
3318.82336195
K= 4290
5161.59116092
K= 4291
151.257922375
K= 4292
141.092545424
K= 4293
3285.06577422
K= 4294
141.801190476
K= 4295
354.360750625
K= 4296
5319.90893679
K= 4297
8839.0
K= 4298
6210.59265609
K= 4299
498.251947327
K= 4300
6139.55230926
K= 4301
362.480640681
K= 4302
449.979735071
K= 4303
1032.75215553
K= 4304
2283.75494274
K= 4305
387.449273405
K= 4306
153.574126075
K= 4307
99.1529152095
K= 4308
526.567966976
K= 4309
88.7139437888
K= 4310
5863.99956919
K= 4311
67.0151185628
K= 4312
4307.83428932
K= 4313
280.358220438
K= 4314
112.49687519
K= 4315
236.118713771
K= 4316
175.986688069
K= 4317
749.548272951
K= 4318
177.861956522
K= 4319
108.394986714
K= 4320
174.305266959
K= 4321
374.710836356
K= 4322
72.6044143217
K= 4323
239.085817211
K= 4324
66.684692631
K= 4325
86.3767401597
K= 4326
132.132236742
K= 4327
166.247298794
K= 4328
86.8007759366
K= 4329
268.368434826
K= 4330
203.321575063
K= 4331
247.331571635
K= 4332
348.413360633
K= 4333
231.348042435
K= 4334
177.861956522
K= 4335
354.126261723
K= 4336
525.034158266
K= 4337
95.9220068362
K= 4338
172.262951429
K= 4339
5567.52025267
K= 4340
51.4833333333
K= 4341
469.460723749
K= 4342
4476.27142857
K= 4343
257.860547765
K= 4344
5677.60639777
K= 4345
127.642344283
K= 4346
145.661595495
K= 4347
4541.99444444
K= 4348
5134.66609892
K= 4349
526.567966976
K= 4350
352.873835119
K= 4351
132.936112308
K= 4352
128.136177663
K= 4353
498.760477323
K= 4354
5135.13365972
K= 4355
8408.66356108
K= 4356
5231.77951665
K= 4357
119.051920798
K= 4358
304.21423325
K= 4359
83.6668989722
K= 4360
316.696362324
K= 4361
95.8281999637
K= 4362
5635.64877063
K= 4363
51.1968266824
K= 4364
7759.10857151
K= 4365
4189.0281563
K= 4366
179.010839786
K= 4367
201.584965429
K= 4368
172.125829645
K= 4369
134.260968789
K= 4370
458.345000435
K= 4371
4537.74444444
K= 4372
127.450140181
K= 4373
387.267911255
K= 4374
5430.7927612
K= 4375
991.343197627
K= 4376
107.653475324
K= 4377
4549.61666667
K= 4378
4396.36111111
K= 4379
5450.62226516
K= 4380
423.581190797
K= 4381
5321.62226516
K= 4382
6359.14125508
K= 4383
344.396497354
K= 4384
13697.7585556
K= 4385
526.139395547
K= 4386
532.924184287
K= 4387
5258.0513416
K= 4388
6103.65572065
K= 4389
8477.270937
K= 4390
172.822137401
K= 4391
212.611300279
K= 4392
3382.93482116
K= 4393
109.253684032
K= 4394
394.468941789
K= 4395
65.9730171954
K= 4396
8839.0
K= 4397
7901.13857867
K= 4398
153.949846586
K= 4399
466.858033016
K= 4400
167.405869339
K= 4401
5450.62226516
K= 4402
6752.57191289
K= 4403
103.984282723
K= 4404
8839.0
K= 4405
57.298620449
K= 4406
151.063850257
K= 4407
2222.27638518
K= 4408
4159.20407524
K= 4409
526.139395547
K= 4410
5321.62226516
K= 4411
363.558735064
K= 4412
185.618759766
K= 4413
342.022064337
K= 4414
8645.0
K= 4415
5096.53019073
K= 4416
4399.39444444
K= 4417
543.051584329
K= 4418
526.139395547
K= 4419
364.792439904
K= 4420
329.735896341
K= 4421
136.28021365
K= 4422
223.547069532
K= 4423
480.119359121
K= 4424
75.4061873647
K= 4425
5134.66609892
K= 4426
388.868611393
K= 4427
5278.7074995
K= 4428
158.333513932
K= 4429
313.57399862
K= 4430
4476.27142857
K= 4431
88.8486206949
K= 4432
162.488548944
K= 4433
146.757708805
K= 4434
1246.87641172
K= 4435
153.01077095
K= 4436
1314.37041454
K= 4437
474.196924227
K= 4438
5596.38911482
K= 4439
844.34933794
K= 4440
84.0586880709
K= 4441
7180.03088828
K= 4442
295.929448874
K= 4443
91.3161440511
K= 4444
224.719866537
K= 4445
343.268593629
K= 4446
4307.83428932
K= 4447
8554.80641822
K= 4448
310.322855104
K= 4449
8839.0
K= 4450
4528.48333333
K= 4451
71.2905554665
K= 4452
156.4033511
K= 4453
4561.57247402
K= 4454
8839.0
K= 4455
145.67269174
K= 4456
526.567966976
K= 4457
133.705180329
K= 4458
5860.72123137
K= 4459
299.55129114
K= 4460
5321.62226516
K= 4461
413.616206998
K= 4462
313.133085306
K= 4463
2423.02475549
K= 4464
114.345693436
K= 4465
399.426665692
K= 4466
100.741669715
K= 4467
5366.09755983
K= 4468
526.139395547
K= 4469
5205.01575845
K= 4470
4197.0281563
K= 4471
186.049707672
K= 4472
297.797233669
K= 4473
74.8480453556
K= 4474
125.410686855
K= 4475
232.462160361
K= 4476
194.126713912
K= 4477
4307.83428932
K= 4478
7472.27469857
K= 4479
281.047334296
K= 4480
498.878659141
K= 4481
177.861956522
K= 4482
482.741572673
K= 4483
5293.48532287
K= 4484
140.555266959
K= 4485
319.688618088
K= 4486
4391.275
K= 4487
139.74831598
K= 4488
297.847341722
K= 4489
841.054346278
K= 4490
1018.82233143
K= 4491
157.042351294
K= 4492
5365.05595614
K= 4493
1218.97517858
K= 4494
130.893836904
K= 4495
4472.36666667
K= 4496
83.126359088
K= 4497
714.528036472
K= 4498
17216.5952381
K= 4499
4545.8563466
K= 4500
143.432329553
K= 4501
228.257759305
K= 4502
1255.62917855
K= 4503
4535.23159528
K= 4504
100.205675525
K= 4505
736.749407314
K= 4506
674.862441661
K= 4507
75.8201267103
K= 4508
140.124028154
K= 4509
5567.52025267
K= 4510
4307.83428932
K= 4511
251.936921279
K= 4512
382.118333519
K= 4513
6075.3991677
K= 4514
211.069787326
K= 4515
391.080921098
K= 4516
177.861956522
K= 4517
435.503373222
K= 4518
418.747844175
K= 4519
176.588660771
K= 4520
301.090583051
K= 4521
292.002527596
K= 4522
4582.33333333
K= 4523
5002.20406844
K= 4524
6752.57191289
K= 4525
104.015465886
K= 4526
142.107018991
K= 4527
5134.66609892
K= 4528
81.1982332394
K= 4529
302.191912087
K= 4530
178.233385093
K= 4531
8636.35
K= 4532
351.972075882
K= 4533
124.617277077
K= 4534
142.620102716
K= 4535
5287.94807802
K= 4536
5500.74134076
K= 4537
147.984890625
K= 4538
72.485199663
K= 4539
180.277243637
K= 4540
190.99660797
K= 4541
206.263644597
K= 4542
178.07623069
K= 4543
4563.41821629
K= 4544
4378.33428932
K= 4545
7036.20031719
K= 4546
1554.22778291
K= 4547
8645.0
K= 4548
99.8473816331
K= 4549
156.554527379
K= 4550
101.407394551
K= 4551
4307.83428932
K= 4552
4397.58675214
K= 4553
4978.22880445
K= 4554
160.374523809
K= 4555
8534.54974633
K= 4556
244.641518756
K= 4557
8839.0
K= 4558
6632.9810624
K= 4559
8616.94570512
K= 4560
4307.83428932
K= 4561
2222.27638518
K= 4562
139.74831598
K= 4563
4552.30386037
K= 4564
5321.62226516
K= 4565
138.434901867
K= 4566
4533.3836675
K= 4567
93.3073947247
K= 4568
202.741492755
K= 4569
355.084595056
K= 4570
4307.83428932
K= 4571
295.62800888
K= 4572
4586.47742518
K= 4573
532.082758541
K= 4574
4307.83428932
K= 4575
3451.28608039
K= 4576
174.305266959
K= 4577
8574.86839343
K= 4578
4307.83428932
K= 4579
121.182678987
K= 4580
358.440735008
K= 4581
314.148491146
K= 4582
4870.75478674
K= 4583
314.65831088
K= 4584
116.640706748
K= 4585
138.475793651
K= 4586
78.5423847687
K= 4587
73.7253682131
K= 4588
568.25638199
K= 4589
187.103587946
K= 4590
136.375602333
K= 4591
3787.91686233
K= 4592
61.6433320922
K= 4593
335.738415815
K= 4594
80.4522503269
K= 4595
429.754830846
K= 4596
196.698320159
K= 4597
8536.90586323
K= 4598
252.436921279
K= 4599
818.258733928
K= 4600
8839.0
K= 4601
297.54212957
K= 4602
5567.52025267
K= 4603
87.7266691442
K= 4604
113.263530697
K= 4605
6819.52199743
K= 4606
151.138600292
K= 4607
351.624334599
K= 4608
323.174031199
K= 4609
4584.0
K= 4610
166.821882277
K= 4611
182.239381702
K= 4612
5638.41350893
K= 4613
4307.83428932
K= 4614
246.394036329
K= 4615
6450.81525943
K= 4616
123.291721494
K= 4617
5808.52887356
Betweenness Centrality Improvement
[    0.             0.             0.         ...,   123.29172149
  5808.52887356     0.        ]
Top 20 BC Improvement
[4282 4498 4384 4172 3990 4209 4022 3900 3739 4034 3758 3803 4017 3810 3823
 3825 3960 3842 3866 3668]
Top 20 BC Improvement
[ 17678.          17216.5952381   13697.75855561  11880.47412046
  10842.20540656   9145.24920678   8839.           8839.           8839.
   8839.           8839.           8839.           8839.           8839.
   8839.           8839.           8839.           8839.           8839.
   8839.        ]
