txValue= 100
IGRAPH D--- 4619 68733 -- 
+ attr: pub_key (v), base_fee (e), capacity (e), fee_rate (e), txCost (e)
None
IGRAPH D--- 4619 68733 -- 
+ attr: pub_key (v), base_fee (e), capacity (e), fee_rate (e), txCost (e)
None
Our nodes starting connections: 
(4618, 2796)
(4618, 1223)
(4618, 498)
(4618, 3265)
(4618, 3884)
(4618, 2836)
K= 1200
363.305436647
K= 1201
298.53568498
K= 1202
235.710320575
K= 1203
372.670502436
K= 1204
421.371251637
K= 1205
4319.8827639
K= 1206
149.495660759
K= 1207
266.209630671
K= 1208
285.752004255
K= 1209
187.055345672
K= 1210
160.239069685
K= 1211
128.38833422
K= 1212
118.106222068
K= 1213
148.588600292
K= 1214
4552.29071742
K= 1215
115.02015411
K= 1216
152.567984589
K= 1217
2023.99594297
K= 1218
144.305882771
K= 1219
175.667103593
K= 1220
88.1868316469
K= 1221
160.421933625
K= 1222
79.4121792689
K= 1223
1085.58221766
K= 1224
337.082464255
K= 1225
259.870552914
K= 1226
4576.33333333
K= 1227
5926.78001795
K= 1228
394.604708924
K= 1229
8571.90440408
K= 1230
178.77862319
K= 1231
132.694692219
K= 1232
134.829803953
K= 1233
339.714760371
K= 1234
213.543683875
K= 1235
289.217766807
K= 1236
68.2965031097
K= 1237
6256.25822418
K= 1238
235.162381551
K= 1239
99.5123583652
K= 1240
158.399428267
K= 1241
441.526153292
K= 1242
8634.71428571
K= 1243
8744.17647059
K= 1244
5438.22442126
K= 1245
4526.73333333
K= 1246
156.686627398
K= 1247
475.600770937
K= 1248
138.247063784
K= 1249
103.327089964
K= 1250
102.685140742
K= 1251
333.552988459
K= 1252
151.109128879
K= 1253
304.17679609
K= 1254
8657.0
K= 1255
7191.71052116
K= 1256
5314.17013819
K= 1257
70.6581839864
K= 1258
6152.81465255
K= 1259
8839.0
K= 1260
92.1224676195
K= 1261
239.443863978
K= 1262
7894.01905916
K= 1263
268.562359188
K= 1264
4583.84375
K= 1265
121.23881162
K= 1266
4542.25833333
K= 1267
430.521261177
K= 1268
731.402411959
K= 1269
170.778623189
K= 1270
6058.3508939
K= 1271
184.227484615
K= 1272
192.506544604
K= 1273
178.636141976
K= 1274
512.389395548
K= 1275
82.0452565774
K= 1276
5297.42654492
K= 1277
6540.57987902
K= 1278
263.808762494
K= 1279
214.574584265
K= 1280
36.6757092733
K= 1281
1494.29362214
K= 1282
4319.8827639
K= 1283
159.921933625
K= 1284
171.778623189
K= 1285
148.55891556
K= 1286
442.007436884
K= 1287
176.528623189
K= 1288
5800.93034516
K= 1289
162.525648316
K= 1290
172.128623189
K= 1291
5435.61683457
K= 1292
5311.20298413
K= 1293
8639.32957292
K= 1294
216.609836842
K= 1295
106.633333333
K= 1296
6657.69898377
K= 1297
4583.0
K= 1298
5149.43547142
K= 1299
305.257755736
K= 1300
133.045963622
K= 1301
4198.00316174
K= 1302
4452.65873016
K= 1303
4577.1
K= 1304
39.7355909097
K= 1305
379.513128776
K= 1306
447.271718484
K= 1307
5312.54442478
K= 1308
281.277557124
K= 1309
142.727748949
K= 1310
333.82750419
K= 1311
124.266129127
K= 1312
301.297652957
K= 1313
178.806211767
K= 1314
372.630921098
K= 1315
355.860057282
K= 1316
328.617075345
K= 1317
363.012231148
K= 1318
48.2615782038
K= 1319
6657.69898377
K= 1320
3392.77472465
K= 1321
6479.73272789
K= 1322
5949.85366302
K= 1323
355.660833603
K= 1324
668.569545348
K= 1325
104.133708749
K= 1326
132.653132549
K= 1327
143.018482081
K= 1328
204.098457427
K= 1329
8467.55136424
K= 1330
517.757660601
K= 1331
365.591150932
K= 1332
5926.78001795
K= 1333
381.336346074
K= 1334
5864.93034516
K= 1335
4076.41211186
K= 1336
209.305895916
K= 1337
220.011956522
K= 1338
116.316247145
K= 1339
124.84328816
K= 1340
512.389395548
K= 1341
864.465127918
K= 1342
153.20467792
K= 1343
160.25548765
K= 1344
5855.14748785
K= 1345
8839.0
K= 1346
97.6786324903
K= 1347
5445.20974365
K= 1348
170.751190476
K= 1349
56.6047272509
K= 1350
207.327978095
K= 1351
148.673055506
K= 1352
1810.37801424
K= 1353
965.636239343
K= 1354
340.427214674
K= 1355
223.667691955
K= 1356
183.915007261
K= 1357
209.257853179
K= 1358
78.9311063277
K= 1359
607.471043859
K= 1360
794.406747991
K= 1361
170.778623189
K= 1362
6425.13571468
K= 1363
229.019532875
K= 1364
67.1491837964
K= 1365
4271.50149018
K= 1366
170.778623189
K= 1367
197.83094873
K= 1368
5517.3636697
K= 1369
5761.28127406
K= 1370
205.650151507
K= 1371
88.7488728527
K= 1372
328.163611354
K= 1373
952.928022941
K= 1374
8839.0
K= 1375
286.373716375
K= 1376
439.450279217
K= 1377
76.9533392488
K= 1378
251.184722191
K= 1379
64.0133339597
K= 1380
125.021525143
K= 1381
147.294888207
K= 1382
213.235758054
K= 1383
104.324099025
K= 1384
4514.67549039
K= 1385
5596.86330233
K= 1386
5864.93034516
K= 1387
8657.0
K= 1388
8601.47869462
K= 1389
5296.46085381
K= 1390
335.290110726
K= 1391
379.808029954
K= 1392
271.149072215
K= 1393
8839.0
K= 1394
325.346153871
K= 1395
207.173093753
K= 1396
4952.27701518
K= 1397
85.8407532215
K= 1398
270.818999261
K= 1399
4319.8827639
K= 1400
279.693276503
K= 1401
111.088600292
K= 1402
84.8833333337
K= 1403
4469.15714286
K= 1404
4575.6
K= 1405
103.728039592
K= 1406
526.571248678
K= 1407
104.279801219
K= 1408
5560.24028637
K= 1409
5848.28013076
K= 1410
4319.8827639
K= 1411
242.071829882
K= 1412
4569.58333333
K= 1413
4456.21222797
K= 1414
317.607568787
K= 1415
4249.19005602
K= 1416
169.450404476
K= 1417
95.6207486945
K= 1418
5540.53372136
K= 1419
318.071446172
K= 1420
490.500913046
K= 1421
5473.45893288
K= 1422
118.037663708
K= 1423
152.476039803
K= 1424
172.028623189
K= 1425
114.83558418
K= 1426
367.93234315
K= 1427
5462.82774181
K= 1428
8304.50639975
K= 1429
174.60922386
K= 1430
109.227758259
K= 1431
512.989395548
K= 1432
185.957251588
K= 1433
130.873105531
K= 1434
509.530475355
K= 1435
438.536134799
K= 1436
5708.42763748
K= 1437
5475.76676681
K= 1438
61.4129886059
K= 1439
1654.7527128
K= 1440
607.358161163
K= 1441
257.290465586
K= 1442
84.1369574262
K= 1443
8420.73498965
K= 1444
324.651681578
K= 1445
6152.81465255
K= 1446
135.26155334
K= 1447
8420.73498965
K= 1448
7290.31756866
K= 1449
91.0886002916
K= 1450
244.870381481
K= 1451
197.100842154
K= 1452
4428.85
K= 1453
133.931636917
K= 1454
157.619759382
K= 1455
500.972343985
K= 1456
146.071654344
K= 1457
66.414668153
K= 1458
266.190736577
K= 1459
189.135681107
K= 1460
358.012704642
K= 1461
512.389395548
K= 1462
84.1366989955
K= 1463
7146.79895513
K= 1464
530.130148768
K= 1465
8632.05569046
K= 1466
251.861970299
K= 1467
512.389395548
K= 1468
436.089248022
K= 1469
92.7993625246
K= 1470
226.120752756
K= 1471
778.916904951
K= 1472
131.831974016
K= 1473
138.958039142
K= 1474
8657.0
K= 1475
158.571318682
K= 1476
86.6350892843
K= 1477
253.195282789
K= 1478
4390.3827639
K= 1479
289.653482415
K= 1480
120.3718345
K= 1481
234.124800067
K= 1482
2001.8849799
K= 1483
126.707211562
K= 1484
4543.39632198
K= 1485
432.876259417
K= 1486
4475.77142857
K= 1487
225.290356862
K= 1488
128.280376815
K= 1489
126.590286352
K= 1490
148.807326376
K= 1491
96.6099123547
K= 1492
122.497782568
K= 1493
266.711280869
K= 1494
5156.90811619
K= 1495
129.608902692
K= 1496
335.617075345
K= 1497
4319.8827639
K= 1498
80.9190207524
K= 1499
9091.09095842
K= 1500
153.638333334
K= 1501
117.243833252
K= 1502
6088.92221939
K= 1503
6716.51542265
K= 1504
66.6296898016
K= 1505
170.778623189
K= 1506
2505.9617078
K= 1507
121.79794004
K= 1508
17678.0
K= 1509
4319.8827639
K= 1510
4319.8827639
K= 1511
301.934577922
K= 1512
4804.98351404
K= 1513
340.602080245
K= 1514
313.729926575
K= 1515
5145.63594317
K= 1516
255.40386044
K= 1517
3261.40107387
K= 1518
305.851018242
K= 1519
310.130177457
K= 1520
4919.46638162
K= 1521
4319.8827639
K= 1522
110.359457083
K= 1523
396.940392591
K= 1524
108.883393737
K= 1525
514.489395548
K= 1526
107.132419888
K= 1527
157.514331165
K= 1528
71.4547101449
K= 1529
192.619376409
K= 1530
128.327907912
K= 1531
197.869410936
K= 1532
6471.51898051
K= 1533
5459.45893288
K= 1534
2006.10530521
K= 1535
110.918244766
K= 1536
376.080921098
K= 1537
70.5335974314
K= 1538
8648.55513434
K= 1539
81.5278031194
K= 1540
95.3559439533
K= 1541
340.349359611
K= 1542
4193.29062796
K= 1543
150.825145925
K= 1544
280.77951017
K= 1545
116.25672269
K= 1546
268.23541792
K= 1547
8839.0
K= 1548
139.267000892
K= 1549
5296.46085381
K= 1550
886.729406598
K= 1551
1978.88200536
K= 1552
576.186255943
K= 1553
4578.1
K= 1554
5425.46085381
K= 1555
252.189470592
K= 1556
81.6767264506
K= 1557
198.097652775
K= 1558
154.189736846
K= 1559
6658.96148377
K= 1560
151.372567288
K= 1561
4319.8827639
K= 1562
290.815738803
K= 1563
182.003522339
K= 1564
318.942895836
K= 1565
7396.6824192
K= 1566
120.188640581
K= 1567
979.386341619
K= 1568
4570.58333333
K= 1569
111.497153958
K= 1570
163.538544595
K= 1571
4526.73333333
K= 1572
147.130942765
K= 1573
9053.48569981
K= 1574
93.5161239608
K= 1575
8648.58823529
K= 1576
119.611685524
K= 1577
8839.0
K= 1578
79.4869192943
K= 1579
5961.16489457
K= 1580
94.5247630277
K= 1581
2147.42313568
K= 1582
4518.34746592
K= 1583
4319.8827639
K= 1584
4319.8827639
K= 1585
488.852619432
K= 1586
105.678483938
K= 1587
176.265055544
K= 1588
75.5568865722
K= 1589
625.038844921
K= 1590
165.269951614
K= 1591
6117.66120258
K= 1592
7268.95834441
K= 1593
5445.51108741
K= 1594
118.698563529
K= 1595
5885.39930748
K= 1596
8839.0
K= 1597
8657.0
K= 1598
144.12380609
K= 1599
17678.0
K= 1600
4319.8827639
K= 1601
124.218945769
K= 1602
8839.0
K= 1603
153.117510466
K= 1604
81.9625039338
K= 1605
4940.99335915
K= 1606
2130.87365011
K= 1607
161.034589484
K= 1608
96.1008623992
K= 1609
4319.8827639
K= 1610
151.044485841
K= 1611
191.019376409
K= 1612
89.1429651445
K= 1613
99.9068334774
K= 1614
4436.09435455
K= 1615
4541.53968254
K= 1616
116.049913974
K= 1617
5517.3636697
K= 1618
93.0025218464
K= 1619
457.154346682
K= 1620
333.634585548
K= 1621
105.102350969
K= 1622
8725.13174603
K= 1623
8648.58823529
K= 1624
142.264866102
K= 1625
4247.23184229
K= 1626
276.520098941
K= 1627
12446.1446865
K= 1628
6302.00492094
K= 1629
4563.00857768
K= 1630
484.088677806
K= 1631
254.540000749
K= 1632
6028.79912436
K= 1633
6045.12591228
K= 1634
5702.05137693
K= 1635
105.213582361
K= 1636
96.0464789723
K= 1637
146.588600292
K= 1638
6486.98159922
K= 1639
5517.3636697
K= 1640
366.690667824
K= 1641
4433.52142857
K= 1642
722.057661774
K= 1643
354.836641849
K= 1644
74.8220204992
K= 1645
5864.93034516
K= 1646
4319.8827639
K= 1647
5296.46085381
K= 1648
2149.80389154
K= 1649
129.308890489
K= 1650
5100.8888598
K= 1651
310.851713326
K= 1652
5623.14076659
K= 1653
5166.48057026
K= 1654
86.0292410171
K= 1655
308.116363007
K= 1656
110.587606575
K= 1657
13141.0
K= 1658
116.755042199
K= 1659
245.461997432
K= 1660
109.586496015
K= 1661
5296.46085381
K= 1662
8657.0
K= 1663
5338.22183937
K= 1664
6087.61603538
K= 1665
90.4040036941
K= 1666
1368.24649371
K= 1667
4529.77924279
K= 1668
143.724542125
K= 1669
991.651117962
K= 1670
171.303360748
K= 1671
5257.08931218
K= 1672
371.956434397
K= 1673
4530.43507113
K= 1674
504.537928582
K= 1675
240.506858557
K= 1676
223.057299587
K= 1677
142.55027137
K= 1678
144.806711475
K= 1679
1112.18332434
K= 1680
419.381044597
K= 1681
97.3009687219
K= 1682
279.989019956
K= 1683
6412.60153013
K= 1684
5708.42763748
K= 1685
150.699081386
K= 1686
4319.8827639
K= 1687
221.465028583
K= 1688
109.235540509
K= 1689
106.309212497
K= 1690
93.9059404045
K= 1691
109.895093816
K= 1692
238.853928571
K= 1693
169.099458716
K= 1694
8839.0
K= 1695
379.808029954
K= 1696
380.861295472
K= 1697
368.967072007
K= 1698
283.748916385
K= 1699
123.94779328
K= 1700
9061.73888889
K= 1701
4340.61656566
K= 1702
6408.37308668
K= 1703
140.941446027
K= 1704
465.840748547
K= 1705
432.876259417
K= 1706
351.346298154
K= 1707
443.391388859
K= 1708
72.8861945628
K= 1709
4545.47408655
K= 1710
524.122093913
K= 1711
3588.23034978
K= 1712
267.010842143
K= 1713
4557.15907285
K= 1714
189.519376409
K= 1715
5296.46085381
K= 1716
8623.16270231
K= 1717
70.1075813954
K= 1718
125.347056546
K= 1719
220.531149807
K= 1720
96.9999108325
K= 1721
8620.47885159
K= 1722
127.225514384
K= 1723
8642.02225705
K= 1724
357.159522738
K= 1725
140.276190476
K= 1726
376.282695322
K= 1727
8828.25
K= 1728
120.640467077
K= 1729
5279.10054629
K= 1730
6455.2723866
K= 1731
4534.52777778
K= 1732
380.630921098
K= 1733
113.293237178
K= 1734
90.4824342357
K= 1735
5800.93034516
K= 1736
4475.77142857
K= 1737
91.5966180109
K= 1738
5830.52852391
K= 1739
192.589580845
K= 1740
58.7016950753
K= 1741
5081.00520608
K= 1742
4468.20827068
K= 1743
6245.85640232
K= 1744
83.8414438501
K= 1745
157.383997836
K= 1746
326.740142812
K= 1747
5475.18694491
K= 1748
102.719712707
K= 1749
229.934681177
K= 1750
1122.70863092
K= 1751
65.8719673108
K= 1752
295.3273606
K= 1753
4299.79825905
K= 1754
4570.8
K= 1755
122.686493453
K= 1756
103.688159075
K= 1757
5629.87430846
K= 1758
5479.5347283
K= 1759
6066.31836457
K= 1760
3434.62245175
K= 1761
279.293767349
K= 1762
78.9478587738
K= 1763
5974.23927737
K= 1764
137.227263917
K= 1765
7824.85504412
K= 1766
103.960028863
K= 1767
4319.8827639
K= 1768
495.77868579
K= 1769
64.5910744353
K= 1770
179.915835626
K= 1771
505.671733628
K= 1772
4172.01332613
K= 1773
8657.0
K= 1774
170.778623189
K= 1775
8839.0
K= 1776
202.164316429
K= 1777
4070.01201408
K= 1778
90.179751512
K= 1779
387.491207015
K= 1780
4484.32777778
K= 1781
6083.76457175
K= 1782
187.574548235
K= 1783
120.748252863
K= 1784
474.391778805
K= 1785
8624.56202795
K= 1786
309.008122409
K= 1787
131.670285115
K= 1788
96.1574118972
K= 1789
4319.8827639
K= 1790
405.124674164
K= 1791
311.736847685
K= 1792
5484.24031172
K= 1793
113.765047006
K= 1794
56.5977674868
K= 1795
289.183013677
K= 1796
239.425209399
K= 1797
311.253596402
K= 1798
283.817672584
K= 1799
200.338439693
K= 1800
174.848464458
K= 1801
175.782169582
K= 1802
8565.94927536
K= 1803
895.295546277
K= 1804
97.7267516017
K= 1805
225.882910557
K= 1806
170.528623189
K= 1807
189.519376409
K= 1808
540.342042077
K= 1809
97.7585370856
K= 1810
173.656074169
K= 1811
218.918498043
K= 1812
8646.2797619
K= 1813
208.733152963
K= 1814
285.680881019
K= 1815
156.706151882
K= 1816
5044.1548156
K= 1817
1493.90073747
K= 1818
88.3589310553
K= 1819
317.747376117
K= 1820
2773.40046576
K= 1821
201.285898961
K= 1822
170.778623189
K= 1823
5296.46085381
K= 1824
4278.03760733
K= 1825
8657.0
K= 1826
8657.51584674
K= 1827
119.35878467
K= 1828
1546.94480739
K= 1829
98.8798138017
K= 1830
68.166025641
K= 1831
150.661355662
K= 1832
101.874635523
K= 1833
5800.93034516
K= 1834
6499.64419461
K= 1835
833.434496404
K= 1836
6657.69898377
K= 1837
206.287144558
K= 1838
220.703751361
K= 1839
93.5404336045
K= 1840
118.456522457
K= 1841
199.441627242
K= 1842
459.878782915
K= 1843
90.3601626948
K= 1844
2928.88015544
K= 1845
85.6797178015
K= 1846
170.778623189
K= 1847
8620.27595442
K= 1848
327.710963042
K= 1849
127.382110009
K= 1850
94.8435370314
K= 1851
4319.8827639
K= 1852
99.8596383433
K= 1853
4475.77142857
K= 1854
191.103242341
K= 1855
377.619981139
K= 1856
269.201622159
K= 1857
671.502435217
K= 1858
320.617743464
K= 1859
5517.3636697
K= 1860
4319.8827639
K= 1861
1367.04244503
K= 1862
2147.42313568
K= 1863
4604.0
K= 1864
117.87667439
K= 1865
5499.00460828
K= 1866
222.414984297
K= 1867
188.58988706
K= 1868
4319.8827639
K= 1869
179.908806138
K= 1870
145.897524141
K= 1871
88.5916420706
K= 1872
274.281400271
K= 1873
4319.8827639
K= 1874
86.5744439303
K= 1875
5259.84913156
K= 1876
4575.7125
K= 1877
88.3645814443
K= 1878
145.164371505
K= 1879
103.382838894
K= 1880
167.974432971
K= 1881
8620.27595442
K= 1882
117.474106115
K= 1883
248.276732289
K= 1884
195.270792399
K= 1885
892.413097129
K= 1886
3834.03490781
K= 1887
70.509243545
K= 1888
325.72400715
K= 1889
339.185998839
K= 1890
8839.0
K= 1891
4561.04384182
K= 1892
267.533556473
K= 1893
8657.0
K= 1894
4347.73961165
K= 1895
4476.22142857
K= 1896
4569.32608696
K= 1897
5406.75880665
K= 1898
6657.69898377
K= 1899
160.942526646
K= 1900
359.029641827
K= 1901
4429.3
K= 1902
247.755775106
K= 1903
8643.5
K= 1904
452.795687066
K= 1905
78.0674507491
K= 1906
132.194612536
K= 1907
105.681150868
K= 1908
562.654790857
K= 1909
166.791528464
K= 1910
287.105329147
K= 1911
348.736346073
K= 1912
170.54224588
K= 1913
178.885766047
K= 1914
370.124593223
K= 1915
377.998907417
K= 1916
139.968398271
K= 1917
89.0475539722
K= 1918
115.264826913
K= 1919
6031.4940638
K= 1920
5710.92493793
K= 1921
5974.23927737
K= 1922
136.855266958
K= 1923
4555.84285714
K= 1924
111.867261033
K= 1925
665.726553421
K= 1926
387.429331203
K= 1927
372.374593223
K= 1928
1166.42369194
K= 1929
103.203983783
K= 1930
570.310330159
K= 1931
90.1742047557
K= 1932
715.033418674
K= 1933
6152.81465255
K= 1934
298.477977276
K= 1935
433.686707719
K= 1936
311.12500792
K= 1937
240.361073484
K= 1938
54.9966380022
K= 1939
310.112023356
K= 1940
4550.93863636
K= 1941
355.152077814
K= 1942
5109.63491175
K= 1943
136.357243547
K= 1944
8648.58823529
K= 1945
4567.50430108
K= 1946
104.85971823
K= 1947
121.645521124
K= 1948
1325.2505794
K= 1949
235.53103259
K= 1950
325.100857097
K= 1951
5425.46085381
K= 1952
4319.8827639
K= 1953
6025.66099204
K= 1954
101.290935595
K= 1955
1164.79601971
K= 1956
328.318933662
K= 1957
126.228277751
K= 1958
111.295130929
K= 1959
484.088677806
K= 1960
466.438070899
K= 1961
132.30871471
K= 1962
114.118012749
K= 1963
111.466803545
K= 1964
4577.65128205
K= 1965
84.3043140993
K= 1966
4319.8827639
K= 1967
119.083507671
K= 1968
4469.30714286
K= 1969
873.089958072
K= 1970
157.126443048
K= 1971
256.855556102
K= 1972
5800.93034516
K= 1973
158.421933625
K= 1974
236.230013382
K= 1975
351.089987384
K= 1976
92.9381962095
K= 1977
476.888677806
K= 1978
5517.3636697
K= 1979
850.478652604
K= 1980
114.431889646
K= 1981
135.995173764
K= 1982
89.3000000003
K= 1983
11009.4093865
K= 1984
332.130771535
K= 1985
107.307740061
K= 1986
4951.89122031
K= 1987
396.771728895
K= 1988
636.754055819
K= 1989
344.626261723
K= 1990
1294.09404383
K= 1991
4581.76302386
K= 1992
103.117855247
K= 1993
113.984749769
K= 1994
6657.69898377
K= 1995
159.171933625
K= 1996
6152.81465255
K= 1997
114.25983507
K= 1998
106.66896682
K= 1999
199.928623189
K= 2000
65.7282160791
K= 2001
6091.61603538
K= 2002
5702.05137693
K= 2003
4319.8827639
K= 2004
7053.28564918
K= 2005
302.95482007
K= 2006
278.438909775
K= 2007
5341.00864057
K= 2008
7824.39538025
K= 2009
146.70745614
K= 2010
84.4689281166
K= 2011
86.9019702364
K= 2012
191.117679745
K= 2013
103.389712671
K= 2014
158.306549747
K= 2015
5296.46085381
K= 2016
359.994277184
K= 2017
113.569993968
K= 2018
126.685014076
K= 2019
194.441738457
K= 2020
358.676479253
K= 2021
147.319784426
K= 2022
4272.57142857
K= 2023
121.368134476
K= 2024
4568.74587163
K= 2025
1462.99586942
K= 2026
2191.72314533
K= 2027
351.139987384
K= 2028
277.787311654
K= 2029
5949.85366302
K= 2030
135.307544874
K= 2031
94.2548343085
K= 2032
18104.1555919
K= 2033
137.167960788
K= 2034
6410.26477782
K= 2035
6251.10024054
K= 2036
225.643669161
K= 2037
111.954678363
K= 2038
7841.15648698
K= 2039
351.089987384
K= 2040
293.214165911
K= 2041
4319.8827639
K= 2042
169.982560838
K= 2043
460.139290435
K= 2044
142.901317922
K= 2045
105.458935039
K= 2046
8650.20077921
K= 2047
139.868476372
K= 2048
4587.91666667
K= 2049
146.008590633
K= 2050
121.795289855
K= 2051
8419.6826087
K= 2052
514.675109833
K= 2053
387.450210072
K= 2054
179.778623189
K= 2055
8576.0
K= 2056
348.21944935
K= 2057
5459.45893288
K= 2058
127.902655959
K= 2059
286.293864372
K= 2060
5683.22896137
K= 2061
540.483656869
K= 2062
88.8573418211
K= 2063
215.23326725
K= 2064
5864.93034516
K= 2065
370.1186301
K= 2066
118.00700609
K= 2067
126.947167488
K= 2068
345.490371899
K= 2069
4994.23130128
K= 2070
3026.30288686
K= 2071
325.72400715
K= 2072
253.780956124
K= 2073
365.41652883
K= 2074
143.386123973
K= 2075
5539.53372136
K= 2076
170.778623189
K= 2077
110.234570829
K= 2078
118.585892398
K= 2079
8839.0
K= 2080
5998.11928313
K= 2081
107.606502925
K= 2082
6002.10292907
K= 2083
399.721978263
K= 2084
327.971875791
K= 2085
77.630388832
K= 2086
6657.69898377
K= 2087
4229.34284012
K= 2088
5625.48533875
K= 2089
160.450748719
K= 2090
116.04226249
K= 2091
7244.5969595
K= 2092
5990.73198116
K= 2093
4453.63892928
K= 2094
111.910921384
K= 2095
690.84766908
K= 2096
101.607631707
K= 2097
194.909550159
K= 2098
540.373254896
K= 2099
5800.93034516
K= 2100
8839.0
K= 2101
178.435617257
K= 2102
373.99116401
K= 2103
4576.0
K= 2104
161.780266958
K= 2105
8619.38095238
K= 2106
6623.45268779
K= 2107
5560.24028637
K= 2108
445.028953773
K= 2109
527.251333813
K= 2110
793.775336651
K= 2111
467.912197548
K= 2112
8839.0
K= 2113
95.7436052889
K= 2114
68.7799242981
K= 2115
6359.31132518
K= 2116
123.925029548
K= 2117
8839.0
K= 2118
80.3206116528
K= 2119
171.564849867
K= 2120
352.521951422
K= 2121
4587.91666667
K= 2122
131.845860046
K= 2123
4571.85
K= 2124
260.961353875
K= 2125
4410.78189329
K= 2126
8839.0
K= 2127
160.567585799
K= 2128
197.34834543
K= 2129
4022.72647601
K= 2130
119.29159958
K= 2131
360.428308516
K= 2132
4573.1975188
K= 2133
139.227019
K= 2134
80.6246156546
K= 2135
4563.65752407
K= 2136
4319.8827639
K= 2137
202.992143701
K= 2138
122.990909091
K= 2139
4319.8827639
K= 2140
446.483320061
K= 2141
912.923329918
K= 2142
4319.8827639
K= 2143
63.574265685
K= 2144
4545.47408655
K= 2145
1360.57080641
K= 2146
6437.43808335
K= 2147
4534.32607346
K= 2148
240.818331332
K= 2149
4535.96602224
K= 2150
5415.81729901
K= 2151
5733.9052225
K= 2152
4475.77142857
K= 2153
4582.77142857
K= 2154
164.573315418
K= 2155
4319.8827639
K= 2156
171.028623189
K= 2157
150.045289856
K= 2158
5983.23927737
K= 2159
9124.29004917
K= 2160
5288.37266949
K= 2161
402.383061286
K= 2162
180.578031418
K= 2163
209.377058095
K= 2164
64.1844237675
K= 2165
6186.42207566
K= 2166
284.417629326
K= 2167
351.389987384
K= 2168
4573.60867116
K= 2169
4607.78571429
K= 2170
127.217974184
K= 2171
8640.14085792
K= 2172
113.116157559
K= 2173
1932.3147532
K= 2174
7046.55755959
K= 2175
170.778623189
K= 2176
97.8891801195
K= 2177
82.3498502752
K= 2178
4173.58823529
K= 2179
153.166774668
K= 2180
133.883673078
K= 2181
4583.18172269
K= 2182
173.187411838
K= 2183
80.9047004241
K= 2184
512.389395548
K= 2185
8839.0
K= 2186
8648.58823529
K= 2187
207.696413327
K= 2188
1974.21627033
K= 2189
4583.5
K= 2190
185.928022329
K= 2191
320.774920367
K= 2192
106.653587047
K= 2193
8896.07099113
K= 2194
179.02862319
K= 2195
4198.00316173
K= 2196
6364.32686454
K= 2197
364.482166999
K= 2198
74.685146516
K= 2199
301.568271992
K= 2200
328.107267123
K= 2201
222.985533917
K= 2202
8839.0
K= 2203
125.014216887
K= 2204
4503.01684515
K= 2205
123.353825436
K= 2206
4350.01218179
K= 2207
4523.12096774
K= 2208
140.83861878
K= 2209
5899.39844736
K= 2210
291.005436647
K= 2211
6657.69898377
K= 2212
207.757853179
K= 2213
4319.8827639
K= 2214
288.414751173
K= 2215
6435.42455577
K= 2216
8288.71798188
K= 2217
117.569047619
K= 2218
82.3035888721
K= 2219
4319.8827639
K= 2220
8839.0
K= 2221
512.389395548
K= 2222
8649.26584674
K= 2223
305.828650915
K= 2224
2463.50000859
K= 2225
5414.12058983
K= 2226
439.889395548
K= 2227
4319.8827639
K= 2228
18066.6671647
K= 2229
0.0
K= 2230
5259.0053006
K= 2231
375.33465388
K= 2232
187.873565628
K= 2233
5467.19827094
K= 2234
239.846012189
K= 2235
4436.09435455
K= 2236
8839.0
K= 2237
179.638641147
K= 2238
352.180586584
K= 2239
424.54173332
K= 2240
104.528335479
K= 2241
332.509975089
K= 2242
88.9760224462
K= 2243
4131.58823529
K= 2244
6152.81465255
K= 2245
57.7944124778
K= 2246
111.50990461
K= 2247
99.1753475794
K= 2248
265.361201397
K= 2249
126.061638377
K= 2250
489.184024537
K= 2251
98.0709501348
K= 2252
445.595000435
K= 2253
664.130484189
K= 2254
102.704928565
K= 2255
284.661675413
K= 2256
802.234554608
K= 2257
4583.0
K= 2258
352.521951422
K= 2259
512.389395548
K= 2260
8839.0
K= 2261
258.462581421
K= 2262
8657.0
K= 2263
74.0125996814
K= 2264
359.258865849
K= 2265
58.8636046459
K= 2266
130.815409802
K= 2267
8560.25451203
K= 2268
252.929055131
K= 2269
58.4645956851
K= 2270
309.893379993
K= 2271
5617.32879475
K= 2272
301.864365381
K= 2273
5203.44707882
K= 2274
452.071110744
K= 2275
5252.0338172
K= 2276
92.2839303591
K= 2277
8651.18860029
K= 2278
153.026077641
K= 2279
170.778623189
K= 2280
5538.50279834
K= 2281
8639.32957292
K= 2282
88.9716707674
K= 2283
205.619878732
K= 2284
110.29591834
K= 2285
4555.40325575
K= 2286
102.255631687
K= 2287
299.995677687
K= 2288
123.438822752
K= 2289
252.878980586
K= 2290
6221.52416877
K= 2291
89.326771947
K= 2292
5974.23927737
K= 2293
4587.91666667
K= 2294
5295.13130836
K= 2295
303.824563921
K= 2296
300.353085139
K= 2297
352.521951422
K= 2298
178.84063736
K= 2299
348.060491743
K= 2300
8839.0
K= 2301
6305.98443177
K= 2302
115.273007063
K= 2303
991.651117962
K= 2304
202.533946759
K= 2305
5800.93034516
K= 2306
67.6688218911
K= 2307
163.904076482
K= 2308
92.1175437334
K= 2309
419.727729213
K= 2310
4636.91666667
K= 2311
4587.91666667
K= 2312
108.601673465
K= 2313
170.778623189
K= 2314
5800.93034516
K= 2315
5028.07293538
K= 2316
0.0
K= 2317
2415.59604986
K= 2318
54.9660589398
K= 2319
564.371648615
K= 2320
137.451678721
K= 2321
5795.88548131
K= 2322
1392.36167614
K= 2323
147.163897345
K= 2324
808.830252557
K= 2325
66.2073521628
K= 2326
910.119892182
K= 2327
5800.93034516
K= 2328
5009.17803791
K= 2329
8639.32957292
K= 2330
529.839940254
K= 2331
183.405116488
K= 2332
725.569585717
K= 2333
102.192079438
K= 2334
313.416900018
K= 2335
92.4210204515
K= 2336
4565.25
K= 2337
54.1554482226
K= 2338
7889.95239249
K= 2339
6477.61087975
K= 2340
153.801317922
K= 2341
4319.8827639
K= 2342
111.303580397
K= 2343
434.508122548
K= 2344
5296.46085381
K= 2345
370.868611393
K= 2346
331.756468587
K= 2347
318.41402906
K= 2348
4572.75
K= 2349
1028.15432829
K= 2350
8839.0
K= 2351
116.691594004
K= 2352
432.876259417
K= 2353
8565.94927536
K= 2354
5652.99660721
K= 2355
170.778623189
K= 2356
205.823890282
K= 2357
514.659570986
K= 2358
484.649328536
K= 2359
4460.8827639
K= 2360
4827.32722831
K= 2361
170.778623189
K= 2362
5425.46085381
K= 2363
74.3338274885
K= 2364
345.939621145
K= 2365
359.517936902
K= 2366
152.901317922
K= 2367
98.4013818551
K= 2368
109.395428751
K= 2369
8511.30435978
K= 2370
254.189831819
K= 2371
370.665783118
K= 2372
79.5774658297
K= 2373
147.020953233
K= 2374
296.509818008
K= 2375
4572.27777778
K= 2376
7382.86738609
K= 2377
192.534827253
K= 2378
4319.8827639
K= 2379
4521.68809524
K= 2380
368.107926556
K= 2381
344.626261723
K= 2382
15695.7027237
K= 2383
170.778623189
K= 2384
179.313663779
K= 2385
119.665714622
K= 2386
93.4358057946
K= 2387
3747.51142408
K= 2388
97.4278061845
K= 2389
6114.48956297
K= 2390
173.080352189
K= 2391
4532.73333333
K= 2392
115.769481671
K= 2393
283.751405562
K= 2394
5517.3636697
K= 2395
512.989395548
K= 2396
345.082016274
K= 2397
187.991361167
K= 2398
244.044714494
K= 2399
327.868409502
K= 2400
4568.60714286
Betweenness Centrality Improvement
[ 0.  0.  0. ...,  0.  0.  0.]
Top 20 BC Improvement
[2032 2228 1508 1599 2382 1657 1627 1983 2159 1499 1700 1573 2193 1596 2100
 1694 1393 2185 2079 2112]
Top 20 BC Improvement
[ 18104.15559189  18066.66716471  17678.          17678.          15695.70272368
  13141.          12446.14468653  11009.40938647   9124.29004917
   9091.09095842   9061.73888889   9053.48569981   8896.07099113   8839.
   8839.           8839.           8839.           8839.           8839.
   8839.        ]
