txValue= 100
IGRAPH D--- 4619 68733 -- 
+ attr: pub_key (v), base_fee (e), capacity (e), fee_rate (e), txCost (e)
None
IGRAPH D--- 4619 68733 -- 
+ attr: pub_key (v), base_fee (e), capacity (e), fee_rate (e), txCost (e)
None
Our nodes starting connections: 
(4618, 2796)
(4618, 1223)
(4618, 498)
(4618, 3265)
(4618, 3884)
(4618, 2836)
(4618, 2032)
K= 2400
4571.375
K= 2401
4581.33333333
K= 2402
5674.06003486
K= 2403
163.081616589
K= 2404
8839.0
K= 2405
102.64225633
K= 2406
313.393379993
K= 2407
305.977920293
K= 2408
4312.27786632
K= 2409
149.485125275
K= 2410
97.3188570089
K= 2411
309.579133436
K= 2412
48.3126226435
K= 2413
5358.06202984
K= 2414
115.540604484
K= 2415
8531.20656289
K= 2416
162.527999866
K= 2417
363.001329705
K= 2418
14338.443473
K= 2419
4543.52776824
K= 2420
91.6516556066
K= 2421
286.993909419
K= 2422
4911.29157717
K= 2423
8541.43286321
K= 2424
4315.83428932
K= 2425
149.790883545
K= 2426
7649.63979496
K= 2427
4478.52776824
K= 2428
8685.8893281
K= 2429
164.305266958
K= 2430
346.937717938
K= 2431
705.671677762
K= 2432
107.753972005
K= 2433
117.097883468
K= 2434
3769.56735501
K= 2435
634.889567066
K= 2436
5939.74608125
K= 2437
4307.81616393
K= 2438
96.0830103717
K= 2439
4532.40489855
K= 2440
374.84475127
K= 2441
12775.1773748
K= 2442
315.377002185
K= 2443
146.922100121
K= 2444
93.2262408365
K= 2445
4642.4124744
K= 2446
186.756761182
K= 2447
378.304530716
K= 2448
7297.62160074
K= 2449
94.6935700403
K= 2450
4536.93869518
K= 2451
7858.1283382
K= 2452
119.139891306
K= 2453
316.887249525
K= 2454
151.42550287
K= 2455
4315.83428932
K= 2456
8839.0
K= 2457
276.74521895
K= 2458
93.9441276385
K= 2459
195.396829837
K= 2460
68.4691665268
K= 2461
2608.4611492
K= 2462
2047.19102616
K= 2463
241.032500829
K= 2464
8839.0
K= 2465
5466.60111607
K= 2466
220.173916385
K= 2467
2416.47193362
K= 2468
128.657528298
K= 2469
143.773408527
K= 2470
6032.41706047
K= 2471
4380.72026682
K= 2472
266.929319322
K= 2473
324.033897029
K= 2474
265.065803821
K= 2475
118.363839559
K= 2476
81.5855920921
K= 2477
543.884704737
K= 2478
132.042716975
K= 2479
369.560127106
K= 2480
634.712072109
K= 2481
337.148340302
K= 2482
5538.43706686
K= 2483
517.817966976
K= 2484
5186.08699716
K= 2485
97.358428632
K= 2486
8839.0
K= 2487
231.272056909
K= 2488
87.1184718383
K= 2489
361.219521489
K= 2490
150.711252533
K= 2491
5311.87998144
K= 2492
132.644178409
K= 2493
198.503266831
K= 2494
4610.0
K= 2495
195.347789715
K= 2496
3276.52686833
K= 2497
517.389395547
K= 2498
4315.83428932
K= 2499
110.195258651
K= 2500
170.778623188
K= 2501
173.281163295
K= 2502
4394.86111111
K= 2503
110.488612588
K= 2504
129.737636396
K= 2505
517.389395547
K= 2506
89.3603440271
K= 2507
149.807482993
K= 2508
124.552818877
K= 2509
6190.57690501
K= 2510
87.0626935457
K= 2511
167.896557964
K= 2512
490.088677806
K= 2513
5024.74220523
K= 2514
4206.17363376
K= 2515
4543.82097303
K= 2516
247.655297554
K= 2517
181.88113549
K= 2518
114.836145217
K= 2519
130.107814408
K= 2520
210.163498246
K= 2521
119.544938706
K= 2522
60.6060611088
K= 2523
335.311881904
K= 2524
280.23431395
K= 2525
122.079068123
K= 2526
5389.76665043
K= 2527
123.692221164
K= 2528
118.12692944
K= 2529
7068.56888051
K= 2530
5575.81106948
K= 2531
124.648777091
K= 2532
181.711313599
K= 2533
7677.76835481
K= 2534
82.815208946
K= 2535
5284.96904174
K= 2536
4189.11999304
K= 2537
164.805266958
K= 2538
4580.95
K= 2539
293.298916385
K= 2540
136.19502144
K= 2541
154.172471904
K= 2542
4682.54580833
K= 2543
477.916944618
K= 2544
8561.94927536
K= 2545
6052.9753616
K= 2546
4121.86632875
K= 2547
5973.90245982
K= 2548
297.43541955
K= 2549
6054.23759769
K= 2550
8839.0
K= 2551
4315.83428932
K= 2552
357.521951422
K= 2553
148.756101528
K= 2554
1682.45207465
K= 2555
289.455997866
K= 2556
574.473446842
K= 2557
408.26365252
K= 2558
870.725492498
K= 2559
566.829261097
K= 2560
130.194124767
K= 2561
57.0631336771
K= 2562
175.640706247
K= 2563
119.858518345
K= 2564
140.077556817
K= 2565
17678.0
K= 2566
135.198806476
K= 2567
4581.85
K= 2568
158.869488292
K= 2569
143.348218876
K= 2570
5308.75701493
K= 2571
218.25392676
K= 2572
4587.78036612
K= 2573
8653.0
K= 2574
131.354879793
K= 2575
215.922354382
K= 2576
360.564363562
K= 2577
5018.23391271
K= 2578
8839.0
K= 2579
8800.83428932
K= 2580
4578.375
K= 2581
173.117932161
K= 2582
119.22965929
K= 2583
3050.80398103
K= 2584
106.386409344
K= 2585
159.680608148
K= 2586
8828.5
K= 2587
4475.5987013
K= 2588
156.124019245
K= 2589
125.586148665
K= 2590
113.906109448
K= 2591
478.293281505
K= 2592
322.049996532
K= 2593
83.9617960831
K= 2594
179.548320157
K= 2595
285.768464552
K= 2596
5311.87998144
K= 2597
238.906809289
K= 2598
164.805266958
K= 2599
4426.70430108
K= 2600
1531.51288823
K= 2601
212.325033218
K= 2602
3498.93045978
K= 2603
6333.65761134
K= 2604
940.277756346
K= 2605
1071.73035959
K= 2606
132.318564794
K= 2607
4315.83428932
K= 2608
484.180708185
K= 2609
4571.24716351
K= 2610
386.188201286
K= 2611
350.350018328
K= 2612
147.829904717
K= 2613
638.609027858
K= 2614
348.064055128
K= 2615
5310.40291197
K= 2616
139.074149889
K= 2617
5538.43706686
K= 2618
815.23335723
K= 2619
8839.0
K= 2620
356.846298154
K= 2621
172.515056022
K= 2622
71.0352831325
K= 2623
210.197212907
K= 2624
95.3879773956
K= 2625
6693.04588267
K= 2626
4588.02592593
K= 2627
8131.21128804
K= 2628
173.838311944
K= 2629
171.174785044
K= 2630
5084.33493041
K= 2631
4576.35207582
K= 2632
580.516755964
K= 2633
8839.0
K= 2634
6693.04588267
K= 2635
4611.66304348
K= 2636
5713.95796189
K= 2637
379.99116401
K= 2638
135.445286147
K= 2639
5311.87998144
K= 2640
517.389395547
K= 2641
4315.83428932
K= 2642
382.306824712
K= 2643
406.847681888
K= 2644
4193.95968347
K= 2645
185.181898139
K= 2646
91.8907747725
K= 2647
4471.9987013
K= 2648
122.623043217
K= 2649
364.257784615
K= 2650
6287.3845103
K= 2651
1066.2453183
K= 2652
4644.73768852
K= 2653
265.321824204
K= 2654
269.336921279
K= 2655
134.506420236
K= 2656
4566.1875
K= 2657
144.395856232
K= 2658
87.9613143797
K= 2659
5202.39396071
K= 2660
370.955436646
K= 2661
521.036799805
K= 2662
5311.87998144
K= 2663
159.866246173
K= 2664
438.590089589
K= 2665
5501.03646426
K= 2666
483.618767007
K= 2667
334.401394127
K= 2668
78.9388840199
K= 2669
227.227915116
K= 2670
136.633568904
K= 2671
110.85935777
K= 2672
8839.0
K= 2673
5467.02930156
K= 2674
318.79272067
K= 2675
304.92169108
K= 2676
329.110761127
K= 2677
155.189994131
K= 2678
5311.87998144
K= 2679
115.204186059
K= 2680
377.868611393
K= 2681
490.068767007
K= 2682
3750.36123495
K= 2683
4315.83428932
K= 2684
4315.83428932
K= 2685
526.145367608
K= 2686
8561.94927536
K= 2687
4315.83428932
K= 2688
261.125326614
K= 2689
5467.02930156
K= 2690
1056.52214643
K= 2691
8640.04285714
K= 2692
4521.07096774
K= 2693
837.13836239
K= 2694
5954.95195299
K= 2695
5283.79130072
K= 2696
212.540656113
K= 2697
951.102817208
K= 2698
274.009337203
K= 2699
129.807368009
K= 2700
130.697187508
K= 2701
5884.65863815
K= 2702
72.1067406242
K= 2703
234.119464777
K= 2704
8504.03229523
K= 2705
130.676054298
K= 2706
123.668845901
K= 2707
4292.00779221
K= 2708
5226.22687377
K= 2709
54.3119047617
K= 2710
650.598839839
K= 2711
4538.99444444
K= 2712
666.294028171
K= 2713
112.264470802
K= 2714
95.9778279654
K= 2715
168.243968217
K= 2716
6179.69288157
K= 2717
4584.0987013
K= 2718
212.397731761
K= 2719
84.4738675769
K= 2720
5311.87998144
K= 2721
287.903683344
K= 2722
497.399052725
K= 2723
375.945347138
K= 2724
8561.94927536
K= 2725
357.08704744
K= 2726
328.6607284
K= 2727
4565.35
K= 2728
454.743351427
K= 2729
336.779480664
K= 2730
307.420638179
K= 2731
5480.43964466
K= 2732
5214.09708743
K= 2733
441.258312501
K= 2734
6212.69288157
K= 2735
965.729406598
K= 2736
356.709337397
K= 2737
4534.16969697
K= 2738
973.119496224
K= 2739
107.58214077
K= 2740
164.305266958
K= 2741
284.644214099
K= 2742
171.158069394
K= 2743
173.111956522
K= 2744
266.330623818
K= 2745
315.76128473
K= 2746
4315.83428932
K= 2747
148.33470696
K= 2748
5467.02930156
K= 2749
6281.5465872
K= 2750
334.352903559
K= 2751
517.389395547
K= 2752
134.681123049
K= 2753
93.9227340771
K= 2754
8616.54166667
K= 2755
1502.35228572
K= 2756
5583.47194788
K= 2757
145.412149688
K= 2758
207.520503702
K= 2759
8839.0
K= 2760
491.288677806
K= 2761
141.513486652
K= 2762
5441.58304296
K= 2763
648.015971197
K= 2764
4507.10705267
K= 2765
78.3192805024
K= 2766
210.061725299
K= 2767
5459.78152585
K= 2768
103.859887086
K= 2769
6658.5299136
K= 2770
8522.40854117
K= 2771
4443.24013427
K= 2772
82.177553294
K= 2773
434.299868958
K= 2774
152.908529658
K= 2775
8839.0
K= 2776
442.607730641
K= 2777
446.813262479
K= 2778
6590.68538633
K= 2779
4428.375
K= 2780
301.147851792
K= 2781
303.017088722
K= 2782
178.581597526
K= 2783
148.893615053
K= 2784
4569.80254011
K= 2785
358.424691148
K= 2786
469.840748546
K= 2787
8829.5
K= 2788
121.85019966
K= 2789
243.260333541
K= 2790
183.588914581
K= 2791
8644.5
K= 2792
1302.26673123
K= 2793
154.917960164
K= 2794
125.33106903
K= 2795
170.896657066
K= 2796
1199.07437449
K= 2797
123.357710918
K= 2798
95.0139946431
K= 2799
224.106062309
K= 2800
123.76171483
K= 2801
7428.67052778
K= 2802
8435.71758886
K= 2803
108.729580124
K= 2804
4315.83428932
K= 2805
73.8199775203
K= 2806
4527.73333333
K= 2807
169.228991456
K= 2808
91.6358734402
K= 2809
284.862607458
K= 2810
5825.51593671
K= 2811
293.314638619
K= 2812
464.071728752
K= 2813
229.767320039
K= 2814
4577.77087593
K= 2815
4315.83428932
K= 2816
111.07026262
K= 2817
143.714790768
K= 2818
8659.20373325
K= 2819
1053.50561428
K= 2820
5038.09135111
K= 2821
4385.17278592
K= 2822
386.884706466
K= 2823
4568.63622995
K= 2824
342.893744441
K= 2825
450.819363611
K= 2826
188.330323187
K= 2827
8403.93538647
K= 2828
90.5621331257
K= 2829
80.3541802661
K= 2830
5311.87998144
K= 2831
4315.83428932
K= 2832
438.376259417
K= 2833
4516.93020629
K= 2834
4546.08240089
K= 2835
8839.0
K= 2836
1029.64575647
K= 2837
910.525556737
K= 2838
6693.04588267
K= 2839
5782.72591648
K= 2840
4530.20312479
K= 2841
6273.87811001
K= 2842
2337.66412858
K= 2843
164.391140399
K= 2844
109.384302121
K= 2845
298.00959275
K= 2846
145.541085188
K= 2847
82.052378865
K= 2848
232.448200072
K= 2849
273.528847994
K= 2850
84.0319632172
K= 2851
331.516646187
K= 2852
903.280711104
K= 2853
8644.5
K= 2854
117.317462884
K= 2855
4444.3880475
K= 2856
129.285004479
K= 2857
88.9631904166
K= 2858
5782.72591648
K= 2859
76.7227992857
K= 2860
986.122138187
K= 2861
179.52542683
K= 2862
4521.41186214
K= 2863
8164.20113547
K= 2864
144.663045287
K= 2865
7911.28310399
K= 2866
358.089987384
K= 2867
109.061111111
K= 2868
953.077975833
K= 2869
152.863415578
K= 2870
462.808344996
K= 2871
978.483069167
K= 2872
5441.58304296
K= 2873
1249.2876451
K= 2874
328.6607284
K= 2875
331.681259141
K= 2876
517.389395547
K= 2877
52.733333333
K= 2878
191.047789715
K= 2879
189.185232328
K= 2880
1028.23996059
K= 2881
5415.72906372
K= 2882
357.925774569
K= 2883
7382.72857813
K= 2884
139.335890151
K= 2885
146.119208869
K= 2886
190.825408325
K= 2887
149.846681099
K= 2888
146.209982791
K= 2889
150.831994286
K= 2890
68.5322214979
K= 2891
120.418234085
K= 2892
171.480263108
K= 2893
179.607682354
K= 2894
4315.83428932
K= 2895
171.18866564
K= 2896
16785.4269239
K= 2897
379.145206812
K= 2898
363.406959536
K= 2899
438.402958107
K= 2900
159.101503759
K= 2901
8637.0
K= 2902
4580.32581454
K= 2903
328.6607284
K= 2904
173.611956522
K= 2905
4189.11999304
K= 2906
377.868611393
K= 2907
3384.4161773
K= 2908
272.436890423
K= 2909
4524.53596774
K= 2910
509.701932044
K= 2911
455.565837348
K= 2912
264.772635565
K= 2913
81.379460396
K= 2914
5311.87998144
K= 2915
5825.51593671
K= 2916
270.823107469
K= 2917
159.877379057
K= 2918
5899.58335833
K= 2919
121.952787367
K= 2920
517.817966976
K= 2921
8839.0
K= 2922
967.772473825
K= 2923
173.111956522
K= 2924
271.458834561
K= 2925
266.163621905
K= 2926
243.28499279
K= 2927
4573.0
K= 2928
242.150751451
K= 2929
274.873826205
K= 2930
266.670144946
K= 2931
434.00938946
K= 2932
513.889395547
K= 2933
5467.02930156
K= 2934
244.276951926
K= 2935
823.724140515
K= 2936
172.754774311
K= 2937
112.459546807
K= 2938
778.440813458
K= 2939
121.043777642
K= 2940
94.5891291632
K= 2941
362.879015547
K= 2942
353.657436665
K= 2943
128.426432208
K= 2944
99.6736420275
K= 2945
5342.33355012
K= 2946
377.868611393
K= 2947
5309.5575503
K= 2948
305.893569155
K= 2949
193.514456382
K= 2950
4456.83428932
K= 2951
606.933436424
K= 2952
311.004593345
K= 2953
490.088677806
K= 2954
5430.70978568
K= 2955
125.424644037
K= 2956
4315.83428932
K= 2957
5083.45348537
K= 2958
357.521951422
K= 2959
140.749382923
K= 2960
5669.60899901
K= 2961
7457.93628407
K= 2962
173.111956522
K= 2963
4566.72193363
K= 2964
338.17067496
K= 2965
63.0590606529
K= 2966
8582.90637916
K= 2967
344.323913043
K= 2968
411.768158486
K= 2969
1612.31532575
K= 2970
272.036890423
K= 2971
5286.464411
K= 2972
4315.83428932
K= 2973
88.7285703172
K= 2974
76.1191071224
K= 2975
214.528610956
K= 2976
385.380951034
K= 2977
481.054182242
K= 2978
4445.93692015
K= 2979
173.111956522
K= 2980
67.6526020048
K= 2981
4425.65784314
K= 2982
94.45830794
K= 2983
361.896213161
K= 2984
92.3244614385
K= 2985
4395.39444444
K= 2986
113.435145508
K= 2987
4197.95968347
K= 2988
5447.73712429
K= 2989
5311.87998144
K= 2990
122.824358974
K= 2991
4315.83428932
K= 2992
170.875308334
K= 2993
323.514051401
K= 2994
225.116848467
K= 2995
4558.32670249
K= 2996
118.817905195
K= 2997
170.460388999
K= 2998
5109.83908568
K= 2999
4528.42001488
K= 3000
158.607989981
K= 3001
4036.24341823
K= 3002
103.669708941
K= 3003
79.9814521649
K= 3004
6442.10348992
K= 3005
327.142368337
K= 3006
330.577636499
K= 3007
5311.87998144
K= 3008
202.566399933
K= 3009
313.782839528
K= 3010
5889.51593671
K= 3011
1223.46374303
K= 3012
5607.75179417
K= 3013
83.4872210106
K= 3014
178.578167646
K= 3015
5575.81106948
K= 3016
378.956434397
K= 3017
113.051475581
K= 3018
128.295413778
K= 3019
8395.21346195
K= 3020
4553.11703985
K= 3021
5758.30346814
K= 3022
157.009675477
K= 3023
6742.17927585
K= 3024
1218.91616297
K= 3025
188.843031152
K= 3026
169.656809459
K= 3027
5384.26045336
K= 3028
80.6562216023
K= 3029
4386.33428932
K= 3030
4544.09209401
K= 3031
379.50186595
K= 3032
119.150126314
K= 3033
131.68063229
K= 3034
405.060519124
K= 3035
275.623851648
K= 3036
332.374828208
K= 3037
8839.0
K= 3038
1104.04524526
K= 3039
136.509946165
K= 3040
319.109562778
K= 3041
5311.87998144
K= 3042
5340.39647922
K= 3043
5311.87998144
K= 3044
8416.23498965
K= 3045
93.2184143269
K= 3046
416.743240654
K= 3047
160.34420954
K= 3048
4530.96353092
K= 3049
96.067973963
K= 3050
302.872598719
K= 3051
89.0956958611
K= 3052
62.4959415583
K= 3053
3254.55289668
K= 3054
540.345693483
K= 3055
379.374593223
K= 3056
173.111956522
K= 3057
4315.83428932
K= 3058
2055.51047691
K= 3059
91.6333333331
K= 3060
517.389395547
K= 3061
6042.89586657
K= 3062
273.505997343
K= 3063
6113.90179479
K= 3064
272.036890423
K= 3065
4315.83428932
K= 3066
4569.70430108
K= 3067
68.9494495271
K= 3068
108.173396402
K= 3069
141.851731605
K= 3070
5459.78152585
K= 3071
306.822434123
K= 3072
8644.5
K= 3073
8839.0
K= 3074
8839.0
K= 3075
74.4573035217
K= 3076
83.7101443593
K= 3077
156.968696106
K= 3078
965.729406598
K= 3079
6179.69288157
K= 3080
76.2631953241
K= 3081
152.015917415
K= 3082
123.033095432
K= 3083
7040.03980423
K= 3084
4315.83428932
K= 3085
114.512857873
K= 3086
85.7031740423
K= 3087
228.758812724
K= 3088
4537.07261696
K= 3089
383.379934895
K= 3090
651.27407416
K= 3091
6179.69288157
K= 3092
4538.99444444
K= 3093
126.621728714
K= 3094
164.305266958
K= 3095
247.853168008
K= 3096
99.3701510807
K= 3097
143.635080256
K= 3098
173.111956522
K= 3099
210.649413709
K= 3100
96.9900099809
K= 3101
208.941664579
K= 3102
255.960379816
K= 3103
5481.43115625
K= 3104
97.5460032738
K= 3105
173.111956522
K= 3106
163.898908977
K= 3107
4556.63049684
K= 3108
4580.9375
K= 3109
55.7968635267
K= 3110
6606.42833908
K= 3111
8839.0
K= 3112
4315.83428932
K= 3113
4293.00856047
K= 3114
204.284429269
K= 3115
173.51296032
K= 3116
101.994253239
K= 3117
154.258297261
K= 3118
0.0
K= 3119
107.88214077
K= 3120
450.69419932
K= 3121
8639.5
K= 3122
92.4403850912
K= 3123
325.242166412
K= 3124
0.0
K= 3125
4586.0625
K= 3126
1350.21458349
K= 3127
103.982411574
K= 3128
4539.40286133
K= 3129
184.131206637
K= 3130
5459.78152585
K= 3131
105.038722447
K= 3132
610.596450373
K= 3133
216.843578578
K= 3134
173.807693813
K= 3135
113.44790765
K= 3136
134.645483022
K= 3137
347.695374021
K= 3138
4435.5987013
K= 3139
352.558735064
K= 3140
8635.47193363
K= 3141
190.847789715
K= 3142
117.987528925
K= 3143
4891.97736102
K= 3144
100.02221728
K= 3145
137.023742733
K= 3146
164.305266958
K= 3147
4315.83428932
K= 3148
203.673071719
K= 3149
797.814226793
K= 3150
79.0495271574
K= 3151
6603.72371433
K= 3152
163.519223484
K= 3153
294.513634257
K= 3154
4477.0987013
K= 3155
8653.0
K= 3156
173.719799659
K= 3157
3909.44330077
K= 3158
176.153623188
K= 3159
1419.40831073
K= 3160
335.246541565
K= 3161
1112.29791755
K= 3162
69.294975273
K= 3163
4191.2195812
K= 3164
193.548762229
K= 3165
8582.54683336
K= 3166
5078.38799296
K= 3167
122.985861962
K= 3168
8839.0
K= 3169
64.5110649116
K= 3170
4582.46666667
K= 3171
96.6086472122
K= 3172
127.753718877
K= 3173
8839.0
K= 3174
129.142019228
K= 3175
272.986986145
K= 3176
4331.27564935
K= 3177
367.036915895
K= 3178
136.716037779
K= 3179
85.1316477238
K= 3180
362.643750422
K= 3181
4477.0987013
K= 3182
373.402930408
K= 3183
5467.02930156
K= 3184
487.654284299
K= 3185
263.905969078
K= 3186
139.399515379
K= 3187
111.328140699
K= 3188
157.757445293
K= 3189
104.40740038
K= 3190
103.279438916
K= 3191
8839.0
K= 3192
3242.42254938
K= 3193
6552.81557798
K= 3194
62.8998390831
K= 3195
6179.69288157
K= 3196
6774.88519943
K= 3197
8936.0
K= 3198
147.051628866
K= 3199
6018.71097594
K= 3200
186.885658785
K= 3201
126.106196675
K= 3202
4189.11999304
K= 3203
176.154792559
K= 3204
165.73224231
K= 3205
5821.91593671
K= 3206
4315.83428932
K= 3207
96.8440601255
K= 3208
4477.0987013
K= 3209
8839.0
K= 3210
577.931639145
K= 3211
490.088677806
K= 3212
651.098839839
K= 3213
4315.83428932
K= 3214
363.180690332
K= 3215
205.897417858
K= 3216
709.022498865
K= 3217
4315.83428932
K= 3218
97.696419442
K= 3219
103.80032395
K= 3220
69.0207939541
K= 3221
307.934577922
K= 3222
5285.86446119
K= 3223
500.499837494
K= 3224
360.549233235
K= 3225
107.796585319
K= 3226
225.573017903
K= 3227
5290.43344267
K= 3228
0.0
K= 3229
488.962788746
K= 3230
781.668313318
K= 3231
5834.41701782
K= 3232
454.345307036
K= 3233
6112.91672714
K= 3234
7476.18173861
K= 3235
637.292055573
K= 3236
8839.0
K= 3237
159.484533553
K= 3238
4543.75833333
K= 3239
524.86522111
K= 3240
8644.5
K= 3241
285.36481122
K= 3242
165.990013374
K= 3243
167.458441558
K= 3244
6179.69288157
K= 3245
7920.28815061
K= 3246
2014.23184495
K= 3247
4315.83428932
K= 3248
4537.52777778
K= 3249
4608.17716617
K= 3250
207.539775113
K= 3251
168.805266958
K= 3252
342.907238988
K= 3253
358.390867874
K= 3254
4189.11999304
K= 3255
812.585296481
K= 3256
129.324953426
K= 3257
54.8391041167
K= 3258
203.417572938
K= 3259
48.3684716224
K= 3260
98.5033026072
K= 3261
6179.69288157
K= 3262
1010.17756068
K= 3263
331.220686529
K= 3264
144.789197455
K= 3265
0.0
K= 3266
181.02269267
K= 3267
251.241422514
K= 3268
80.2878101214
K= 3269
68.1649643244
K= 3270
8839.0
K= 3271
119.72437692
K= 3272
5311.87998144
K= 3273
3108.20964953
K= 3274
142.895672474
K= 3275
4315.83428932
K= 3276
141.705266958
K= 3277
112.582385722
K= 3278
78.8440069592
K= 3279
109.003695375
K= 3280
338.874401449
K= 3281
177.397670807
K= 3282
151.974473732
K= 3283
138.070979833
K= 3284
4578.86666667
K= 3285
138.722372875
K= 3286
168.798720622
K= 3287
4474.38441558
K= 3288
2479.88490843
K= 3289
378.424593223
K= 3290
91.3042425453
K= 3291
164.111135061
K= 3292
179.607682354
K= 3293
75.2278784497
K= 3294
177.297737956
K= 3295
374.013911458
K= 3296
5452.59559933
K= 3297
210.853980586
K= 3298
3043.41738777
K= 3299
80.6083333332
K= 3300
151.892657696
K= 3301
104.184680877
K= 3302
4315.83428932
K= 3303
4527.73333333
K= 3304
239.733494398
K= 3305
5960.38873301
K= 3306
100.878241704
K= 3307
318.421912086
K= 3308
140.795878674
K= 3309
6635.23820164
K= 3310
121.523779996
K= 3311
157.462545341
K= 3312
174.826242236
K= 3313
4866.48750693
K= 3314
6693.04588267
K= 3315
95.1051645714
K= 3316
8516.87121594
K= 3317
171.932870233
K= 3318
5538.43706686
K= 3319
173.340045201
K= 3320
118.522914132
K= 3321
384.758214776
K= 3322
4315.83428932
K= 3323
182.238665344
K= 3324
89.8476184621
K= 3325
128.533719375
K= 3326
126.108644443
K= 3327
1875.82301109
K= 3328
63.7524651706
K= 3329
101.007710659
K= 3330
80.262784444
K= 3331
102.681722689
K= 3332
6112.91672714
K= 3333
1547.94552584
K= 3334
518.569892386
K= 3335
4477.0987013
K= 3336
170.434787352
K= 3337
221.122889107
K= 3338
5185.0857959
K= 3339
4827.48624143
K= 3340
4543.1760398
K= 3341
4163.95396944
K= 3342
8839.0
K= 3343
4581.19444444
K= 3344
354.02878412
K= 3345
167.574772516
K= 3346
2513.07578976
K= 3347
276.569891412
K= 3348
197.583181793
K= 3349
17678.0
K= 3350
1161.30538171
K= 3351
912.475065022
K= 3352
226.108080735
K= 3353
193.117965154
K= 3354
17678.0
K= 3355
90.7216614021
K= 3356
148.038111687
K= 3357
93.4844796781
K= 3358
5379.88685588
K= 3359
306.910785368
K= 3360
8453.39946856
K= 3361
6440.54474352
K= 3362
159.349298922
K= 3363
7721.32975455
K= 3364
4315.83428932
K= 3365
4315.83428932
K= 3366
124.278623188
K= 3367
5905.11029757
K= 3368
109.00018085
K= 3369
427.934547751
K= 3370
5538.43706686
K= 3371
267.353575714
K= 3372
164.973514428
K= 3373
195.996354987
K= 3374
490.068767007
K= 3375
5369.96312541
K= 3376
353.931228619
K= 3377
4434.00611925
K= 3378
148.816413196
K= 3379
4477.0987013
K= 3380
517.389395547
K= 3381
5538.43706686
K= 3382
5439.87998144
K= 3383
4315.83428932
K= 3384
450.664048054
K= 3385
136.071933625
K= 3386
5825.51593671
K= 3387
4315.83428932
K= 3388
4315.83428932
K= 3389
1273.91781134
K= 3390
118.517825227
K= 3391
2075.1571932
K= 3392
109.722077921
K= 3393
1180.32222418
K= 3394
464.823742821
K= 3395
5160.93722477
K= 3396
166.019552673
K= 3397
4315.83428932
K= 3398
144.8466811
K= 3399
309.042368337
K= 3400
8839.0
K= 3401
8839.0
K= 3402
4576.575
K= 3403
6353.45721901
K= 3404
6217.83394358
K= 3405
625.90014452
K= 3406
364.637836206
K= 3407
213.989759954
K= 3408
183.878470919
K= 3409
139.081753579
K= 3410
6332.71049312
K= 3411
153.749858654
K= 3412
127.726335649
K= 3413
772.822758765
K= 3414
378.956434397
K= 3415
107.887483913
K= 3416
489.802507978
K= 3417
67.3020632548
K= 3418
4527.73333333
K= 3419
76.1635026737
K= 3420
118.041299382
K= 3421
118.433808062
K= 3422
461.357576558
K= 3423
173.561956521
K= 3424
5340.39647922
K= 3425
509.313181613
K= 3426
5594.18606948
K= 3427
104.677438954
K= 3428
328.6607284
K= 3429
72.4015440593
K= 3430
5825.51593671
K= 3431
193.917338453
K= 3432
4569.96666667
K= 3433
131.846562871
K= 3434
126.754289992
K= 3435
4564.08462683
K= 3436
8636.88235294
K= 3437
4566.68225655
K= 3438
337.148340302
K= 3439
4315.83428932
K= 3440
4315.83428932
K= 3441
168.482142857
K= 3442
505.973178325
K= 3443
149.078892418
K= 3444
8839.0
K= 3445
99.0
K= 3446
8839.0
K= 3447
148.031278968
K= 3448
372.348408094
K= 3449
109.670113527
K= 3450
318.943209083
K= 3451
8839.0
K= 3452
128.93489199
K= 3453
110.169166527
K= 3454
489.894336953
K= 3455
4573.29841878
K= 3456
329.7857284
K= 3457
105.725203921
K= 3458
4315.83428932
K= 3459
517.817966976
K= 3460
5825.51593671
K= 3461
52.7166666664
K= 3462
5319.08026716
K= 3463
8633.54166667
K= 3464
87.0659474091
K= 3465
142.616389336
K= 3466
159.487618701
K= 3467
508.357862855
K= 3468
870.73818599
K= 3469
4315.83428932
K= 3470
134.183566483
K= 3471
139.836343736
K= 3472
370.805436646
K= 3473
5954.95195299
K= 3474
184.269298748
K= 3475
4315.83428932
K= 3476
8621.75243767
K= 3477
1985.68423489
K= 3478
98.4666362535
K= 3479
101.833694038
K= 3480
5538.43706686
K= 3481
289.587322521
K= 3482
218.317549087
K= 3483
99.1494392281
K= 3484
296.509321927
K= 3485
122.587951639
K= 3486
678.061391728
K= 3487
5311.87998144
K= 3488
5311.87998144
K= 3489
173.111956521
K= 3490
390.075498448
K= 3491
210.695745507
K= 3492
8839.0
K= 3493
858.743484111
K= 3494
8839.0
K= 3495
379.868611393
K= 3496
4564.16666667
K= 3497
8116.11008937
K= 3498
104.467482772
K= 3499
379.759269181
K= 3500
101.177512123
K= 3501
5732.24612158
K= 3502
4315.83428932
K= 3503
4477.0987013
K= 3504
7245.73727022
K= 3505
379.670502436
K= 3506
4476.2487013
K= 3507
8176.61668179
K= 3508
127.346794288
K= 3509
88.4736096177
K= 3510
6484.32395305
K= 3511
277.007477715
K= 3512
4315.83428932
K= 3513
1568.70533619
K= 3514
85.68291132
K= 3515
264.66004666
K= 3516
464.823742821
K= 3517
330.894340657
K= 3518
191.320759417
K= 3519
92.3420918047
K= 3520
72.5889355311
K= 3521
4315.83428932
K= 3522
112.928480851
K= 3523
4315.83428932
K= 3524
79.3180049588
K= 3525
183.084034443
K= 3526
126.428737585
K= 3527
3221.18224451
K= 3528
290.449345293
K= 3529
5311.87998144
K= 3530
4679.68125493
K= 3531
379.291603066
K= 3532
6519.56317261
K= 3533
303.231676569
K= 3534
338.265878998
K= 3535
996.491546995
K= 3536
175.546571906
K= 3537
5311.87998144
K= 3538
298.547004213
K= 3539
5169.08008191
K= 3540
3611.8853333
K= 3541
380.358142751
K= 3542
128.298018163
K= 3543
395.279073878
K= 3544
8839.0
K= 3545
175.951887878
K= 3546
8839.0
K= 3547
4315.83428932
K= 3548
79.0771765264
K= 3549
53.6410256409
K= 3550
5311.87998144
K= 3551
165.203783805
K= 3552
125.790750447
K= 3553
173.111956521
K= 3554
332.977121489
K= 3555
469.840748546
K= 3556
5441.58304296
K= 3557
319.942198313
K= 3558
103.782097992
K= 3559
4563.3802043
K= 3560
58.3903146973
K= 3561
125.329425342
K= 3562
123.502347568
K= 3563
5926.59536675
K= 3564
650.221814332
K= 3565
6418.85883851
K= 3566
103.355846098
K= 3567
378.283707124
K= 3568
308.126226313
K= 3569
8653.0
K= 3570
4315.83428932
K= 3571
4315.83428932
K= 3572
164.305266958
K= 3573
5776.12793645
K= 3574
5000.31238988
K= 3575
6168.8770641
K= 3576
4315.83428932
K= 3577
93.7732618661
K= 3578
228.655679543
K= 3579
293.457434707
K= 3580
386.608029954
K= 3581
362.932995653
K= 3582
6075.77418653
K= 3583
5825.51593671
K= 3584
164.305266958
K= 3585
1398.45806753
K= 3586
5280.28433594
K= 3587
219.032032538
K= 3588
71.9534148739
K= 3589
90.8469838768
K= 3590
4632.61831599
K= 3591
272.876808375
K= 3592
8839.0
K= 3593
8651.81818182
K= 3594
181.923205369
K= 3595
5464.96904174
K= 3596
88.4844415403
K= 3597
152.471933625
K= 3598
4315.83428932
K= 3599
107.665077367
K= 3600
239.681803116
Betweenness Centrality Improvement
[ 0.  0.  0. ...,  0.  0.  0.]
Top 20 BC Improvement
[2565 3349 3354 2896 2418 2441 3197 3168 2633 2619 3074 2672 3037 3073 2578
 2921 2835 2550 2404 2464]
Top 20 BC Improvement
[ 17678.          17678.          17678.          16785.42692389
  14338.44347297  12775.17737482   8936.           8839.           8839.
   8839.           8839.           8839.           8839.           8839.
   8839.           8839.           8839.           8839.           8839.
   8839.        ]
