txValue= 100
IGRAPH D--- 4619 68733 -- 
+ attr: pub_key (v), base_fee (e), capacity (e), fee_rate (e), txCost (e)
None
Our nodes starting connections: 
(4618, 2796)
(4618, 1223)
K= 2400
4559.0
K= 2401
4563.0
K= 2402
5504.91030538
K= 2403
116.142753553
K= 2404
8827.0
K= 2405
88.3922563295
K= 2406
274.949428899
K= 2407
263.630767816
K= 2408
4271.94444444
K= 2409
107.796113307
K= 2410
38.7454359882
K= 2411
265.613338785
K= 2412
24.1187848988
K= 2413
5219.0916089
K= 2414
36.2818903318
K= 2415
8450.57819607
K= 2416
141.039155859
K= 2417
337.249949147
K= 2418
14071.9462263
K= 2419
4522.93076923
K= 2420
63.6840388005
K= 2421
245.351701627
K= 2422
4788.7467138
K= 2423
8569.91583535
K= 2424
4347.0
K= 2425
6.27359525999
K= 2426
7246.44927281
K= 2427
4466.93076923
K= 2428
8709.09498142
K= 2429
127.976086886
K= 2430
306.362717938
K= 2431
645.394158691
K= 2432
21.3616883116
K= 2433
59.6211902768
K= 2434
3200.85092513
K= 2435
587.087531787
K= 2436
5702.12627404
K= 2437
4260.42857143
K= 2438
37.1113033367
K= 2439
4507.49749695
K= 2440
331.464254431
K= 2441
12167.9826339
K= 2442
275.37455886
K= 2443
105.874481075
K= 2444
68.0000000001
K= 2445
4485.92510264
K= 2446
117.634979975
K= 2447
336.464254431
K= 2448
6875.16880165
K= 2449
70.0
K= 2450
4512.82608696
K= 2451
7574.08065945
K= 2452
33.7823970224
K= 2453
286.457255682
K= 2454
91.0499999999
K= 2455
4347.0
K= 2456
8827.0
K= 2457
159.742351141
K= 2458
53.9511294262
K= 2459
161.378496503
K= 2460
35.4
K= 2461
1876.99901493
K= 2462
1985.34791478
K= 2463
195.521047932
K= 2464
8827.0
K= 2465
5310.25351608
K= 2466
178.923916385
K= 2467
2390.64275355
K= 2468
84.5031377391
K= 2469
93.6413632119
K= 2470
5774.40349095
K= 2471
4329.94444444
K= 2472
235.235950161
K= 2473
286.863262108
K= 2474
223.484415584
K= 2475
18.2736837377
K= 2476
21.6679292928
K= 2477
477.246137305
K= 2478
88.4271218766
K= 2479
288.663855956
K= 2480
595.452525417
K= 2481
300.266589632
K= 2482
5373.0157349
K= 2483
483.839395548
K= 2484
5085.6143067
K= 2485
53.2823375228
K= 2486
8827.0
K= 2487
114.905024709
K= 2488
58.5833333334
K= 2489
327.488569109
K= 2490
96.3355136551
K= 2491
5166.04419634
K= 2492
19.2881784878
K= 2493
165.469015603
K= 2494
4582.0
K= 2495
141.695289855
K= 2496
2822.48357688
K= 2497
483.839395548
K= 2498
4347.0
K= 2499
62.5833333334
K= 2500
149.745289855
K= 2501
149.745289855
K= 2502
4380.94444444
K= 2503
69.4166666667
K= 2504
99.3286231884
K= 2505
483.839395548
K= 2506
51.4749639251
K= 2507
130.357482993
K= 2508
70.0511126672
K= 2509
5946.49980167
K= 2510
70.0
K= 2511
108.398472425
K= 2512
447.453412105
K= 2513
4943.80937749
K= 2514
4229.90440527
K= 2515
4527.85714286
K= 2516
204.890711265
K= 2517
153.123992633
K= 2518
35.047450954
K= 2519
106.791147741
K= 2520
159.7
K= 2521
15.0997150037
K= 2522
28.2999310328
K= 2523
284.559823006
K= 2524
195.427862118
K= 2525
73.9742424242
K= 2526
5245.83434344
K= 2527
82.02430248
K= 2528
16.5482073483
K= 2529
6652.42531761
K= 2530
5414.91896251
K= 2531
96.5552631581
K= 2532
108.710878278
K= 2533
7222.29670558
K= 2534
44.2185897436
K= 2535
5160.48585169
K= 2536
8641.84
K= 2537
127.976086886
K= 2538
4564.8
K= 2539
249.923916385
K= 2540
82.0124384237
K= 2541
77.1132034631
K= 2542
4600.10827493
K= 2543
130.324645512
K= 2544
8591.94927536
K= 2545
5800.93217451
K= 2546
3911.03263462
K= 2547
5750.60812636
K= 2548
238.514203113
K= 2549
5649.42339302
K= 2550
8827.0
K= 2551
4347.0
K= 2552
313.316095566
K= 2553
44.7710678342
K= 2554
1512.12817942
K= 2555
250.358863113
K= 2556
394.987866245
K= 2557
363.615925247
K= 2558
830.697897183
K= 2559
514.59036179
K= 2560
104.30942022
K= 2561
33.0540043289
K= 2562
149.263492064
K= 2563
47.5118379082
K= 2564
101.349767128
K= 2565
17654.0
K= 2566
97.9028376014
K= 2567
4567.25
K= 2568
99.5074561402
K= 2569
88.074122807
K= 2570
5162.92881173
K= 2571
183.387260093
K= 2572
4361.69089337
K= 2573
8678.0
K= 2574
71.1214285715
K= 2575
109.960520074
K= 2576
317.783029674
K= 2577
4890.4360266
K= 2578
8827.0
K= 2579
8826.0
K= 2580
4566.0
K= 2581
94.0112221112
K= 2582
77.8121967179
K= 2583
3029.3967287
K= 2584
66.9500000001
K= 2585
143.980608148
K= 2586
8824.0
K= 2587
4452.42857143
K= 2588
91.2947577276
K= 2589
58.8765353269
K= 2590
82.6333333333
K= 2591
430.079451333
K= 2592
284.650823299
K= 2593
48.3726190476
K= 2594
149.745289855
K= 2595
245.893189826
K= 2596
5166.04419634
K= 2597
213.592469543
K= 2598
127.976086886
K= 2599
4410.87096774
K= 2600
1366.17897023
K= 2601
180.153980586
K= 2602
2974.91016788
K= 2603
6039.16084873
K= 2604
805.60129631
K= 2605
1015.04843006
K= 2606
84.9999999999
K= 2607
4347.0
K= 2608
405.041363287
K= 2609
4561.0
K= 2610
338.457830676
K= 2611
326.321902442
K= 2612
115.20212694
K= 2613
573.219129937
K= 2614
315.164055128
K= 2615
5182.20577746
K= 2616
53.8205294706
K= 2617
5373.0157349
K= 2618
770.236067355
K= 2619
8827.0
K= 2620
317.120107678
K= 2621
132.333333333
K= 2622
30.5967532466
K= 2623
182.873405471
K= 2624
62.592857143
K= 2625
6353.01039053
K= 2626
4566.92592593
K= 2627
8128.95851192
K= 2628
24.9646927634
K= 2629
89.1969630313
K= 2630
4919.33951488
K= 2631
4536.24242424
K= 2632
543.297875238
K= 2633
8827.0
K= 2634
6353.01039053
K= 2635
4587.57971014
K= 2636
5506.43450074
K= 2637
339.457830677
K= 2638
84.5021803217
K= 2639
5166.04419634
K= 2640
483.839395548
K= 2641
4347.0
K= 2642
339.440158046
K= 2643
365.864883376
K= 2644
8648.81818182
K= 2645
166.723702707
K= 2646
43.1117979694
K= 2647
4451.42857143
K= 2648
89.4
K= 2649
292.316095566
K= 2650
5972.38770484
K= 2651
1030.82169868
K= 2652
4612.0755866
K= 2653
213.547407425
K= 2654
197.698826041
K= 2655
22.9299381935
K= 2656
4551.0
K= 2657
87.4074561403
K= 2658
46.481843711
K= 2659
5107.74126144
K= 2660
338.83876998
K= 2661
475.24156171
K= 2662
5166.04419634
K= 2663
65.1903709042
K= 2664
399.68459275
K= 2665
5329.55926247
K= 2666
422.178412106
K= 2667
294.289616223
K= 2668
47.3160714286
K= 2669
196.84074097
K= 2670
64.8175315425
K= 2671
56.0858585858
K= 2672
8827.0
K= 2673
5311.40113085
K= 2674
270.180373902
K= 2675
265.776411542
K= 2676
296.828280905
K= 2677
18.1973566987
K= 2678
5166.04419634
K= 2679
76.0
K= 2680
337.934087584
K= 2681
428.378412105
K= 2682
3119.65584323
K= 2683
4347.0
K= 2684
4347.0
K= 2685
446.727201375
K= 2686
8591.94927536
K= 2687
4347.0
K= 2688
201.126783537
K= 2689
5311.40113085
K= 2690
907.382989181
K= 2691
8671.9
K= 2692
4509.87096774
K= 2693
575.823653877
K= 2694
5715.16948215
K= 2695
5132.46255952
K= 2696
87.6540385484
K= 2697
891.053963701
K= 2698
231.923916385
K= 2699
88.3166666668
K= 2700
101.834633396
K= 2701
5671.61800966
K= 2702
45.1777777779
K= 2703
186.531752018
K= 2704
8514.05599005
K= 2705
23.1928571429
K= 2706
80.2023809524
K= 2707
4274.42857143
K= 2708
5087.11844134
K= 2709
43.4500000001
K= 2710
596.216787851
K= 2711
4522.94444444
K= 2712
436.094661535
K= 2713
57.5363095237
K= 2714
46.6790043289
K= 2715
74.8027034876
K= 2716
5896.02807802
K= 2717
4565.42857143
K= 2718
138.697786775
K= 2719
56.8318903319
K= 2720
5166.04419634
K= 2721
261.407041286
K= 2722
448.313787025
K= 2723
336.485751179
K= 2724
8591.94927536
K= 2725
310.340427394
K= 2726
298.108393925
K= 2727
4551.0
K= 2728
404.464488444
K= 2729
278.301583978
K= 2730
262.941363287
K= 2731
5329.66113077
K= 2732
5106.64833569
K= 2733
365.448739441
K= 2734
5929.02807802
K= 2735
929.029406598
K= 2736
307.032844527
K= 2737
4521.45
K= 2738
934.814916392
K= 2739
83.3500000001
K= 2740
127.976086886
K= 2741
186.99075894
K= 2742
61.2994373905
K= 2743
149.745289855
K= 2744
31.4798484577
K= 2745
116.719835421
K= 2746
4347.0
K= 2747
109.933333333
K= 2748
5311.40113085
K= 2749
5984.69186231
K= 2750
36.2791379199
K= 2751
483.839395548
K= 2752
94.3619565218
K= 2753
52.2729201664
K= 2754
8644.12583153
K= 2755
1367.84580532
K= 2756
5432.18385588
K= 2757
71.093495935
K= 2758
163.511952053
K= 2759
8827.0
K= 2760
447.453412105
K= 2761
103.0
K= 2762
5307.51703356
K= 2763
585.74323282
K= 2764
4489.94444444
K= 2765
50.1300616052
K= 2766
170.75678498
K= 2767
5333.52932995
K= 2768
50.3802308801
K= 2769
6251.15135668
K= 2770
8382.64049117
K= 2771
4401.87096774
K= 2772
42.1497813556
K= 2773
350.557869578
K= 2774
121.862698413
K= 2775
8827.0
K= 2776
357.709462766
K= 2777
387.582572805
K= 2778
6253.56959251
K= 2779
4417.0
K= 2780
270.375987365
K= 2781
268.769801243
K= 2782
144.327695855
K= 2783
94.6907779836
K= 2784
4553.8
K= 2785
313.316095566
K= 2786
432.489039145
K= 2787
8825.0
K= 2788
59.4214285712
K= 2789
114.952667061
K= 2790
46.874696546
K= 2791
8677.0
K= 2792
1270.86911218
K= 2793
117.939393939
K= 2794
89.8666666667
K= 2795
122.184633396
K= 2796
691.437249629
K= 2797
76.8185144321
K= 2798
35.9656048557
K= 2799
109.530270655
K= 2800
89.7283286544
K= 2801
7027.29337943
K= 2802
8231.04726925
K= 2803
35.2477610009
K= 2804
4347.0
K= 2805
20.6767667518
K= 2806
4521.45
K= 2807
145.268536296
K= 2808
71.8500000001
K= 2809
253.913888889
K= 2810
5608.43430426
K= 2811
256.451165378
K= 2812
412.674485143
K= 2813
218.735339583
K= 2814
4542.84615385
K= 2815
4347.0
K= 2816
28.5191062593
K= 2817
107.042753553
K= 2818
8676.29878907
K= 2819
1007.92156455
K= 2820
4929.81762171
K= 2821
4395.91881766
K= 2822
335.60889193
K= 2823
4558.0
K= 2824
306.83905441
K= 2825
410.884247747
K= 2826
83.5695827706
K= 2827
8437.94927536
K= 2828
46.6886585637
K= 2829
24.2085099542
K= 2830
5166.04419634
K= 2831
4347.0
K= 2832
401.851259417
K= 2833
4507.08839533
K= 2834
4536.58333333
K= 2835
8827.0
K= 2836
19191.5677156
K= 2837
781.785240021
K= 2838
6353.01039053
K= 2839
5597.29022674
K= 2840
4512.13253968
K= 2841
5996.56353467
K= 2842
2021.32486395
K= 2843
127.976086886
K= 2844
71.1190476192
K= 2845
259.18459275
K= 2846
117.691490868
K= 2847
47.6
K= 2848
146.95852767
K= 2849
208.682809632
K= 2850
26.4487845488
K= 2851
288.616247183
K= 2852
751.313624234
K= 2853
8677.0
K= 2854
64.9023809523
K= 2855
4411.92668703
K= 2856
32.4877206128
K= 2857
56.7333333334
K= 2858
5597.29022674
K= 2859
35.3041958042
K= 2860
936.103921991
K= 2861
120.765158486
K= 2862
4493.87096774
K= 2863
7869.78470496
K= 2864
115.772893773
K= 2865
7303.26695557
K= 2866
317.032844527
K= 2867
89.9444444443
K= 2868
835.120457566
K= 2869
27.9230305643
K= 2870
421.511270006
K= 2871
860.295815738
K= 2872
5307.51703356
K= 2873
1099.78148094
K= 2874
298.108393925
K= 2875
288.505501565
K= 2876
483.839395548
K= 2877
43.4500000001
K= 2878
141.695289855
K= 2879
137.791125541
K= 2880
994.517343632
K= 2881
5421.97451826
K= 2882
291.984957659
K= 2883
6943.99271014
K= 2884
106.083100461
K= 2885
130.039663414
K= 2886
134.866241496
K= 2887
108.042753553
K= 2888
92.1407894737
K= 2889
86.0491559337
K= 2890
27.0369769122
K= 2891
77.3999999999
K= 2892
148.328623189
K= 2893
171.38827143
K= 2894
4347.0
K= 2895
129.333333333
K= 2896
16343.6020115
K= 2897
338.464254431
K= 2898
331.754809932
K= 2899
323.106320252
K= 2900
120.315789473
K= 2901
8671.0
K= 2902
4563.0
K= 2903
298.108393925
K= 2904
149.745289855
K= 2905
8641.84
K= 2906
337.934087584
K= 2907
2902.84368463
K= 2908
226.937714598
K= 2909
4510.12096774
K= 2910
455.924625052
K= 2911
351.410457357
K= 2912
196.698826041
K= 2913
27.2730158729
K= 2914
5166.04419634
K= 2915
5608.43430426
K= 2916
238.008958243
K= 2917
122.262484699
K= 2918
5664.6982402
K= 2919
50.6601677799
K= 2920
483.839395548
K= 2921
8827.0
K= 2922
928.786759539
K= 2923
149.745289855
K= 2924
182.827242141
K= 2925
231.418455683
K= 2926
187.618840439
K= 2927
4563.0
K= 2928
197.698826041
K= 2929
213.531107501
K= 2930
225.227484806
K= 2931
395.471172208
K= 2932
483.839395548
K= 2933
5311.40113085
K= 2934
217.632271557
K= 2935
720.087149734
K= 2936
159.692207856
K= 2937
75.3333333334
K= 2938
748.890047026
K= 2939
24.482142857
K= 2940
53.0833333335
K= 2941
321.917144344
K= 2942
130.109775075
K= 2943
67.8666666668
K= 2944
41.9910162843
K= 2945
5184.15191962
K= 2946
337.934087584
K= 2947
5157.29604626
K= 2948
274.759862642
K= 2949
141.695289855
K= 2950
4488.0
K= 2951
535.4826664
K= 2952
264.337169103
K= 2953
447.453412105
K= 2954
5258.84599186
K= 2955
98.6438721464
K= 2956
4347.0
K= 2957
4948.34766117
K= 2958
313.316095566
K= 2959
70.7523809522
K= 2960
5430.2186241
K= 2961
7087.26469521
K= 2962
149.745289855
K= 2963
4553.64275355
K= 2964
300.174948464
K= 2965
43.042717087
K= 2966
8556.49664678
K= 2967
293.157246377
K= 2968
376.446497638
K= 2969
1575.65494134
K= 2970
226.937714598
K= 2971
5176.04462164
K= 2972
4347.0
K= 2973
58.0968253969
K= 2974
28.3960622711
K= 2975
141.695289855
K= 2976
338.941363287
K= 2977
435.176197405
K= 2978
4402.82608696
K= 2979
149.745289855
K= 2980
40.9944444445
K= 2981
4408.8
K= 2982
50.5944444444
K= 2983
317.038647703
K= 2984
33.1428571428
K= 2985
4379.94444444
K= 2986
47.9023809525
K= 2987
8648.81818182
K= 2988
5295.04419634
K= 2989
5166.04419634
K= 2990
84.9999999999
K= 2991
4347.0
K= 2992
126.931283069
K= 2993
283.013106483
K= 2994
26.3033429033
K= 2995
4536.31666667
K= 2996
57.9355136551
K= 2997
116.579685258
K= 2998
4988.68008432
K= 2999
4514.87301587
K= 3000
31.0623264577
K= 3001
3912.8954697
K= 3002
35.2750360749
K= 3003
52.4670634922
K= 3004
6120.68164474
K= 3005
268.699511194
K= 3006
282.491894362
K= 3007
5166.04419634
K= 3008
93.4906177155
K= 3009
293.142914438
K= 3010
5663.43430426
K= 3011
1081.01131268
K= 3012
5389.85502045
K= 3013
32.0869975612
K= 3014
148.578623189
K= 3015
5414.91896251
K= 3016
337.337386778
K= 3017
15.7927414089
K= 3018
84.1237520189
K= 3019
8171.80100574
K= 3020
4538.83333333
K= 3021
5524.26385444
K= 3022
43.9873015874
K= 3023
6396.48679508
K= 3024
1055.58351838
K= 3025
167.658077524
K= 3026
121.924912754
K= 3027
5238.81301527
K= 3028
19.3880702627
K= 3029
4417.5
K= 3030
4491.87096774
K= 3031
336.791259889
K= 3032
53.3634920634
K= 3033
60.5793801522
K= 3034
382.448614363
K= 3035
214.614975238
K= 3036
267.398413305
K= 3037
8827.0
K= 3038
1070.53415867
K= 3039
87.9338867445
K= 3040
273.179773149
K= 3041
5166.04419634
K= 3042
5225.2783954
K= 3043
5166.04419634
K= 3044
8448.94927536
K= 3045
27.6379462266
K= 3046
331.796548262
K= 3047
37.4015131067
K= 3048
4508.93493173
K= 3049
49.0261904761
K= 3050
271.709595056
K= 3051
40.9289851433
K= 3052
40.9666666668
K= 3053
2772.15207836
K= 3054
485.458696433
K= 3055
337.791259889
K= 3056
149.745289855
K= 3057
4347.0
K= 3058
1754.22407236
K= 3059
71.8500000001
K= 3060
483.839395548
K= 3061
5793.59351163
K= 3062
244.935772478
K= 3063
5829.2371757
K= 3064
226.937714598
K= 3065
4347.0
K= 3066
4551.87096774
K= 3067
49.0633384158
K= 3068
36.1282106781
K= 3069
109.042753553
K= 3070
5333.52932995
K= 3071
277.364476629
K= 3072
8677.0
K= 3073
8827.0
K= 3074
8827.0
K= 3075
37.2929828343
K= 3076
44.408924409
K= 3077
54.5181233798
K= 3078
929.029406598
K= 3079
5896.02807802
K= 3080
33.3499999999
K= 3081
82.6023809524
K= 3082
99.4816257817
K= 3083
6631.49054617
K= 3084
4347.0
K= 3085
29.3521645023
K= 3086
34.8000000002
K= 3087
192.257485886
K= 3088
4525.85
K= 3089
337.428419745
K= 3090
574.667145957
K= 3091
5896.02807802
K= 3092
4522.94444444
K= 3093
90.0666666668
K= 3094
127.976086886
K= 3095
219.218762538
K= 3096
45.7285714288
K= 3097
98.4833333333
K= 3098
149.745289855
K= 3099
94.7048206216
K= 3100
54.9527777779
K= 3101
166.7
K= 3102
210.242125848
K= 3103
5300.98765477
K= 3104
69.3917487686
K= 3105
149.745289855
K= 3106
101.240789474
K= 3107
4537.91666667
K= 3108
4564.9375
K= 3109
38.8416666668
K= 3110
6286.35656073
K= 3111
8827.0
K= 3112
4347.0
K= 3113
4259.0
K= 3114
152.633612384
K= 3115
147.980559428
K= 3116
66.7301324503
K= 3117
104.30942022
K= 3118
52962.0
K= 3119
83.3500000001
K= 3120
373.620130378
K= 3121
8666.0
K= 3122
37.3630380732
K= 3123
286.436610857
K= 3124
52962.0
K= 3125
4566.0
K= 3126
1179.64054384
K= 3127
29.1595238096
K= 3128
4521.99546866
K= 3129
117.107142857
K= 3130
5333.52932995
K= 3131
89.1399314206
K= 3132
410.772266849
K= 3133
54.8882968344
K= 3134
32.030243273
K= 3135
80.642753553
K= 3136
99.593495935
K= 3137
306.667420917
K= 3138
4416.42857143
K= 3139
315.317068397
K= 3140
8670.14275355
K= 3141
141.695289855
K= 3142
17.3275183151
K= 3143
4795.71486591
K= 3144
79.6089743588
K= 3145
75.05
K= 3146
127.976086886
K= 3147
4347.0
K= 3148
144.701648352
K= 3149
769.669051355
K= 3150
40.5023809522
K= 3151
6268.8602374
K= 3152
125.016433794
K= 3153
265.143770762
K= 3154
4458.42857143
K= 3155
8678.0
K= 3156
149.745289855
K= 3157
3846.45585488
K= 3158
149.661956522
K= 3159
1289.92637256
K= 3160
312.27049539
K= 3161
1077.81174004
K= 3162
38.7265262516
K= 3163
3945.05315674
K= 3164
136.65022586
K= 3165
8610.5349286
K= 3166
5002.81345912
K= 3167
86.4412698413
K= 3168
8827.0
K= 3169
18.7738837688
K= 3170
4562.86666667
K= 3171
60.8803729611
K= 3172
106.634737194
K= 3173
8827.0
K= 3174
64.1412698411
K= 3175
245.549282661
K= 3176
4313.42857143
K= 3177
308.532777274
K= 3178
59.0001496328
K= 3179
69.8666666667
K= 3180
329.645361066
K= 3181
4458.42857143
K= 3182
324.191363287
K= 3183
5311.40113085
K= 3184
442.627498487
K= 3185
220.413731131
K= 3186
45.2893226431
K= 3187
24.4628407747
K= 3188
24.298917749
K= 3189
34.2426596349
K= 3190
41.5909140713
K= 3191
8827.0
K= 3192
2783.21990261
K= 3193
6164.06262193
K= 3194
35.1551948051
K= 3195
5896.02807802
K= 3196
6401.75878411
K= 3197
8911.0
K= 3198
64.1480127029
K= 3199
5773.21144825
K= 3200
112.239301875
K= 3201
61.3999999999
K= 3202
8641.84
K= 3203
142.137693108
K= 3204
101.240789474
K= 3205
5604.83430426
K= 3206
4347.0
K= 3207
59.9666666666
K= 3208
4458.42857143
K= 3209
8827.0
K= 3210
528.504271784
K= 3211
447.453412105
K= 3212
596.216787851
K= 3213
4347.0
K= 3214
316.155293507
K= 3215
138.640372543
K= 3216
644.5273302
K= 3217
4347.0
K= 3218
24.2331525475
K= 3219
32.369745104
K= 3220
31.184293484
K= 3221
270.567911255
K= 3222
5143.28294165
K= 3223
324.796379525
K= 3224
189.888343863
K= 3225
71.9523809525
K= 3226
171.206499128
K= 3227
5261.51824659
K= 3228
52962.0
K= 3229
428.185477323
K= 3230
728.981713692
K= 3231
5606.36623968
K= 3232
398.03459275
K= 3233
5853.09359023
K= 3234
7097.9599333
K= 3235
373.147081482
K= 3236
8827.0
K= 3237
61.1027465231
K= 3238
4535.73333333
K= 3239
497.84835593
K= 3240
8677.0
K= 3241
216.049428899
K= 3242
84.2579587079
K= 3243
100.733333333
K= 3244
5896.02807802
K= 3245
7588.17589754
K= 3246
1713.75822984
K= 3247
4347.0
K= 3248
4522.94444444
K= 3249
4567.12466486
K= 3250
162.782159375
K= 3251
127.976086886
K= 3252
304.046146699
K= 3253
319.649696341
K= 3254
8641.84
K= 3255
673.368605256
K= 3256
94.0822612086
K= 3257
41.5333333334
K= 3258
147.000506797
K= 3259
35.1340411839
K= 3260
12.9275676939
K= 3261
5896.02807802
K= 3262
945.150984682
K= 3263
299.929019863
K= 3264
126.441796112
K= 3265
52962.0
K= 3266
109.945910405
K= 3267
239.964153121
K= 3268
23.7214285715
K= 3269
41.6666666666
K= 3270
8827.0
K= 3271
13.2754804835
K= 3272
5166.04419634
K= 3273
2687.90795033
K= 3274
82.5432019936
K= 3275
4347.0
K= 3276
109.042753553
K= 3277
72.4754593445
K= 3278
35.7623376623
K= 3279
50.1377705627
K= 3280
322.853999718
K= 3281
149.745289855
K= 3282
116.142753553
K= 3283
79.9167349112
K= 3284
4564.86666667
K= 3285
72.6927566715
K= 3286
114.085532593
K= 3287
4453.42857143
K= 3288
2452.63902099
K= 3289
335.791259889
K= 3290
64.4362811872
K= 3291
23.0033913794
K= 3292
171.38827143
K= 3293
26.1769230771
K= 3294
112.333333333
K= 3295
331.680722426
K= 3296
5317.08916287
K= 3297
180.153980586
K= 3298
7050.96605067
K= 3299
59.6166666668
K= 3300
93.2838771212
K= 3301
75.0833333334
K= 3302
4347.0
K= 3303
4521.45
K= 3304
39.140857136
K= 3305
5745.13155966
K= 3306
72.5111111113
K= 3307
264.817489149
K= 3308
101.240789474
K= 3309
6278.49446094
K= 3310
85.3333333334
K= 3311
101.240789474
K= 3312
149.745289855
K= 3313
4755.14978949
K= 3314
6353.01039053
K= 3315
38.4134920634
K= 3316
8428.60170849
K= 3317
92.511257764
K= 3318
5373.0157349
K= 3319
91.4824561402
K= 3320
51.8591269843
K= 3321
338.908214775
K= 3322
4347.0
K= 3323
140.313879685
K= 3324
26.4584360087
K= 3325
97.8531743705
K= 3326
100.88400775
K= 3327
17674.192497
K= 3328
25.1952153983
K= 3329
62.958846301
K= 3330
46.5579365081
K= 3331
84.9999999999
K= 3332
5853.09359023
K= 3333
1493.02278788
K= 3334
482.672728881
K= 3335
4458.42857143
K= 3336
48.1798200466
K= 3337
175.606992748
K= 3338
5057.63693277
K= 3339
4782.37671762
K= 3340
4534.15095027
K= 3341
4126.11965846
K= 3342
8827.0
K= 3343
4561.44444444
K= 3344
311.374497343
K= 3345
100.526159922
K= 3346
2468.7232899
K= 3347
208.366491691
K= 3348
158.809775274
K= 3349
17654.0
K= 3350
1013.86386838
K= 3351
869.085244783
K= 3352
111.761051894
K= 3353
141.695289855
K= 3354
17654.0
K= 3355
47.1492063493
K= 3356
103.85921524
K= 3357
36.5191087998
K= 3358
5219.41355236
K= 3359
183.878956345
K= 3360
8491.92915137
K= 3361
6134.72116726
K= 3362
115.448826041
K= 3363
7357.63753634
K= 3364
4347.0
K= 3365
4347.0
K= 3366
102.411956522
K= 3367
5697.78480583
K= 3368
70.6444444446
K= 3369
360.704086898
K= 3370
5373.0157349
K= 3371
179.698826041
K= 3372
124.018793151
K= 3373
166.498735939
K= 3374
428.378412105
K= 3375
5227.81267216
K= 3376
320.608212746
K= 3377
4443.252151
K= 3378
115.666666667
K= 3379
4458.42857143
K= 3380
483.839395548
K= 3381
5373.0157349
K= 3382
5294.04419634
K= 3383
4347.0
K= 3384
407.695000435
K= 3385
109.042753553
K= 3386
5608.43430426
K= 3387
4347.0
K= 3388
4347.0
K= 3389
1115.23637873
K= 3390
50.8376984127
K= 3391
1823.38837616
K= 3392
87.4285714285
K= 3393
1025.89962269
K= 3394
424.446016932
K= 3395
5058.84362791
K= 3396
127.976086886
K= 3397
4347.0
K= 3398
109.042753553
K= 3399
269.699511194
K= 3400
8827.0
K= 3401
8827.0
K= 3402
4554.875
K= 3403
6018.20283525
K= 3404
5912.76430971
K= 3405
579.952565917
K= 3406
318.476612866
K= 3407
160.387260093
K= 3408
117.338845756
K= 3409
86.9887091944
K= 3410
6001.22170823
K= 3411
124.920851371
K= 3412
73.7860879313
K= 3413
740.674742892
K= 3414
337.337386778
K= 3415
25.1989058439
K= 3416
445.453412105
K= 3417
22.2940752059
K= 3418
4521.45
K= 3419
56.3590909092
K= 3420
85.9967396262
K= 3421
23.1041871139
K= 3422
409.895000435
K= 3423
149.745289855
K= 3424
5225.2783954
K= 3425
460.067294167
K= 3426
5432.91896251
K= 3427
32.7590847295
K= 3428
298.108393925
K= 3429
14.6875763125
K= 3430
5608.43430426
K= 3431
140.583224874
K= 3432
4557.86666667
K= 3433
105.114918732
K= 3434
54.3165741261
K= 3435
4548.60606061
K= 3436
8670.88235294
K= 3437
4546.83333333
K= 3438
300.266589632
K= 3439
4347.0
K= 3440
4347.0
K= 3441
129.166666667
K= 3442
434.413205071
K= 3443
104.735505839
K= 3444
8827.0
K= 3445
84.9999999999
K= 3446
8827.0
K= 3447
73.7324561402
K= 3448
332.567911255
K= 3449
51.5440476191
K= 3450
284.369470219
K= 3451
8827.0
K= 3452
85.4873959376
K= 3453
63.8
K= 3454
438.549097999
K= 3455
4543.74078947
K= 3456
298.108393925
K= 3457
76.3333333334
K= 3458
4347.0
K= 3459
483.839395548
K= 3460
5608.43430426
K= 3461
43.05
K= 3462
5183.12024843
K= 3463
8652.12583153
K= 3464
55.6956709957
K= 3465
39.7194444444
K= 3466
120.419186184
K= 3467
443.660158458
K= 3468
815.545800848
K= 3469
4347.0
K= 3470
22.0837110085
K= 3471
90.7435897436
K= 3472
338.83876998
K= 3473
5715.16948215
K= 3474
158.145294535
K= 3475
4347.0
K= 3476
8629.27118108
K= 3477
1774.19381589
K= 3478
72.1534248366
K= 3479
41.0381673881
K= 3480
5373.0157349
K= 3481
274.459486087
K= 3482
177.113636439
K= 3483
81.04648119
K= 3484
228.154650597
K= 3485
66.1663911224
K= 3486
633.443473626
K= 3487
5166.04419634
K= 3488
5166.04419634
K= 3489
149.745289855
K= 3490
336.943775759
K= 3491
46.6542989332
K= 3492
8827.0
K= 3493
692.931265967
K= 3494
8827.0
K= 3495
337.934087584
K= 3496
4548.91666667
K= 3497
7787.52053437
K= 3498
77.3249751031
K= 3499
352.598997265
K= 3500
30.4575396826
K= 3501
5515.31311379
K= 3502
4347.0
K= 3503
4458.42857143
K= 3504
6849.89293626
K= 3505
338.337169103
K= 3506
4457.42857143
K= 3507
8083.00041717
K= 3508
41.6
K= 3509
66.3666666669
K= 3510
6135.39724546
K= 3511
246.578906287
K= 3512
4347.0
K= 3513
1485.79850367
K= 3514
29.7108897278
K= 3515
227.616095566
K= 3516
424.446016932
K= 3517
293.792144856
K= 3518
26.954450082
K= 3519
56.5564285716
K= 3520
22.866053391
K= 3521
4347.0
K= 3522
90.8416302017
K= 3523
4347.0
K= 3524
52.0674603173
K= 3525
149.745289855
K= 3526
58.9619047621
K= 3527
3200.13938737
K= 3528
216.531228345
K= 3529
5166.04419634
K= 3530
4597.2665168
K= 3531
335.738633814
K= 3532
6156.83359945
K= 3533
234.604229016
K= 3534
303.734887583
K= 3535
946.910224961
K= 3536
149.745289855
K= 3537
5166.04419634
K= 3538
265.006864304
K= 3539
5057.89124696
K= 3540
2922.6747909
K= 3541
332.337386778
K= 3542
71.8092132281
K= 3543
352.480054271
K= 3544
8827.0
K= 3545
108.168846988
K= 3546
8827.0
K= 3547
4347.0
K= 3548
48.8277777777
K= 3549
43.4500000001
K= 3550
5166.04419634
K= 3551
137.306167602
K= 3552
96.9333333331
K= 3553
149.745289855
K= 3554
290.168279132
K= 3555
432.489039145
K= 3556
5307.51703356
K= 3557
285.204238492
K= 3558
75.4849653081
K= 3559
4552.74275355
K= 3560
21.9546862544
K= 3561
29.5205864855
K= 3562
63.6344837085
K= 3563
5686.26958653
K= 3564
529.083490068
K= 3565
6088.69127145
K= 3566
35.038095238
K= 3567
336.337386778
K= 3568
258.982762232
K= 3569
8678.0
K= 3570
4347.0
K= 3571
4347.0
K= 3572
127.976086886
K= 3573
5590.13440918
K= 3574
4886.39250688
K= 3575
5867.44542373
K= 3576
4347.0
K= 3577
37.6650053164
K= 3578
186.102108115
K= 3579
254.819992745
K= 3580
340.941363287
K= 3581
647.400656382
K= 3582
5847.33628081
K= 3583
5608.43430426
K= 3584
127.976086886
K= 3585
1368.95186234
K= 3586
5137.85699176
K= 3587
180.622508729
K= 3588
28.7074577467
K= 3589
64.8539682539
K= 3590
4577.96969697
K= 3591
223.458951232
K= 3592
8827.0
K= 3593
8676.81818182
K= 3594
150.790335063
K= 3595
5329.46520296
K= 3596
27.9199614999
K= 3597
116.142753553
K= 3598
4347.0
K= 3599
43.3999999999
K= 3600
209.266983308
Betweenness Centrality Improvement
[ 0.  0.  0. ...,  0.  0.  0.]
Top 20 BC Improvement
[3124 3228 3118 3265 2836 3327 2565 3349 3354 2896 2418 2441 3197 2578 3168
 3270 2464 3446 3451 3191]
