txValue= 100
IGRAPH D--- 4619 68733 -- 
+ attr: pub_key (v), base_fee (e), capacity (e), fee_rate (e), txCost (e)
None
IGRAPH D--- 4619 68733 -- 
+ attr: pub_key (v), base_fee (e), capacity (e), fee_rate (e), txCost (e)
None
Our nodes starting connections: 
(4618, 2796)
(4618, 1223)
(4618, 498)
(4618, 3265)
(4618, 3884)
(4618, 2836)
(4618, 2032)
(4618, 4051)
K= 0
106.412979433
K= 1
117.144833458
K= 2
98.0394186295
K= 3
733.377624931
K= 4
345.145868624
K= 5
524.831618488
K= 6
168.661134454
K= 7
101.431794374
K= 8
126.346606021
K= 9
113.51847929
K= 10
378.305436647
K= 11
105.348940648
K= 12
124.421933625
K= 13
62.7511585028
K= 14
188.07518854
K= 15
200.712921618
K= 16
200.841891641
K= 17
8839.0
K= 18
92.1879082135
K= 19
108.793745403
K= 20
120.937916057
K= 21
311.31189766
K= 22
5807.98827068
K= 23
171.405266958
K= 24
457.777859095
K= 25
67.4864484126
K= 26
272.606873131
K= 27
122.058749518
K= 28
5043.14396181
K= 29
71.6376699602
K= 30
127.528623188
K= 31
190.794314183
K= 32
197.317602998
K= 33
345.571804242
K= 34
88.2677014583
K= 35
92.6915641077
K= 36
8634.02225705
K= 37
106.451808973
K= 38
1386.52963733
K= 39
117.659330859
K= 40
5506.31569713
K= 41
8558.94927536
K= 42
8612.44444444
K= 43
297.347600692
K= 44
214.223398497
K= 45
602.718734888
K= 46
104.790237623
K= 47
190.885604354
K= 48
252.975382817
K= 49
4457.61822344
K= 50
121.82455771
K= 51
5331.00366943
K= 52
180.205487723
K= 53
126.577930715
K= 54
325.552160071
K= 55
5511.68726835
K= 56
981.316970272
K= 57
167.466498316
K= 58
103.606491762
K= 59
5444.52185888
K= 60
4528.48997008
K= 61
272.167557616
K= 62
184.830336989
K= 63
6719.30486163
K= 64
100.092747555
K= 65
4733.75214393
K= 66
243.155886727
K= 67
6121.25523102
K= 68
175.055266958
K= 69
92.8575368216
K= 70
5864.46886869
K= 71
1839.32094383
K= 72
5332.67483792
K= 73
49.259213655
K= 74
93.6137095754
K= 75
147.10805787
K= 76
4266.87695785
K= 77
4311.83428932
K= 78
540.317199062
K= 79
364.846298154
K= 80
125.065867016
K= 81
5411.36277938
K= 82
6756.35422702
K= 83
6204.55467454
K= 84
267.241425237
K= 85
97.2254061729
K= 86
478.472775319
K= 87
710.747559239
K= 88
4443.0
K= 89
5141.46921207
K= 90
330.147074222
K= 91
101.165058449
K= 92
489.666455584
K= 93
141.297600558
K= 94
205.475592885
K= 95
225.236811613
K= 96
1837.68776979
K= 97
5550.6573869
K= 98
121.049797615
K= 99
90.8969515772
K= 100
4540.99444444
K= 101
808.618670768
K= 102
308.482786163
K= 103
88.0087988471
K= 104
5220.7489165
K= 105
5316.89685888
K= 106
523.139395547
K= 107
470.673047664
K= 108
4562.57142857
K= 109
240.489996066
K= 110
147.258936279
K= 111
8839.0
K= 112
523.139395547
K= 113
213.33207447
K= 114
88.8378945834
K= 115
178.647670807
K= 116
6368.25705906
K= 117
4311.83428932
K= 118
6385.45793623
K= 119
355.706793118
K= 120
589.839201663
K= 121
100.421794871
K= 122
7143.20960655
K= 123
500.239694165
K= 124
8839.0
K= 125
227.467933066
K= 126
91.9595072233
K= 127
488.112866912
K= 128
142.942760514
K= 129
268.968207296
K= 130
312.859993762
K= 131
1011.71983546
K= 132
4539.28640812
K= 133
103.245897358
K= 134
94.8833333332
K= 135
219.25389851
K= 136
151.906794171
K= 137
109.890082007
K= 138
355.717184176
K= 139
1056.16115691
K= 140
5193.22874954
K= 141
2543.0124669
K= 142
4311.83428932
K= 143
132.219428592
K= 144
178.647670807
K= 145
330.480977039
K= 146
54.8186192694
K= 147
148.319891674
K= 148
221.477257798
K= 149
5169.63933363
K= 150
5747.37625118
K= 151
565.906194684
K= 152
1705.88773745
K= 153
5401.20207749
K= 154
4598.23125605
K= 155
8839.0
K= 156
207.641644186
K= 157
390.859826804
K= 158
8640.42105263
K= 159
303.835829459
K= 160
469.831405238
K= 161
8649.0
K= 162
5571.61881869
K= 163
969.307053735
K= 164
298.614975238
K= 165
52.8348978166
K= 166
124.211716853
K= 167
170.934107736
K= 168
4448.15825439
K= 169
106.282606682
K= 170
4152.4725937
K= 171
284.03220897
K= 172
330.351585013
K= 173
150.234082597
K= 174
448.494924122
K= 175
79.17980068
K= 176
5316.89685888
K= 177
5547.70619394
K= 178
100.649632089
K= 179
4432.42717188
K= 180
94.7022345341
K= 181
8839.0
K= 182
162.029823039
K= 183
328.623789835
K= 184
125.237114971
K= 185
4590.5
K= 186
972.896073265
K= 187
100.447562988
K= 188
8839.0
K= 189
109.979515037
K= 190
4478.03296703
K= 191
194.412804516
K= 192
4573.50430108
K= 193
6270.40324502
K= 194
123.10361436
K= 195
378.305436647
K= 196
8739.84210526
K= 197
111.060865465
K= 198
270.072796764
K= 199
131.492619826
K= 200
133.487117946
K= 201
457.205347091
K= 202
443.994924122
K= 203
5244.51898647
K= 204
3867.72826726
K= 205
129.59151201
K= 206
8839.0
K= 207
85.3986262595
K= 208
192.228166842
K= 209
8649.0
K= 210
115.240681977
K= 211
65.2043733079
K= 212
218.69639659
K= 213
129.917842115
K= 214
160.396973183
K= 215
4478.03296703
K= 216
108.409547572
K= 217
109.298039739
K= 218
6514.47508483
K= 219
162.469845472
K= 220
332.165714835
K= 221
185.237772125
K= 222
421.281808812
K= 223
4585.03296703
K= 224
479.24384306
K= 225
77.1818389995
K= 226
300.602067846
K= 227
4576.0
K= 228
4315.14560439
K= 229
4553.9011595
K= 230
5462.14452579
K= 231
5585.11542579
K= 232
207.362411676
K= 233
366.374451659
K= 234
81.1047912932
K= 235
2069.85572769
K= 236
180.274451598
K= 237
220.665003476
K= 238
6196.55467454
K= 239
216.044367137
K= 240
6057.59017182
K= 241
158.316529527
K= 242
106.758376217
K= 243
176.361956522
K= 244
124.161956522
K= 245
8640.32957292
K= 246
4568.8201356
K= 247
6027.25422155
K= 248
5560.25228847
K= 249
5121.08505935
K= 250
495.866455584
K= 251
168.330191724
K= 252
149.738600292
K= 253
306.324157613
K= 254
4311.83428932
K= 255
8839.0
K= 256
296.884931114
K= 257
358.54292839
K= 258
194.673353041
K= 259
191.885311028
K= 260
164.216394178
K= 261
159.771933625
K= 262
8839.0
K= 263
145.733838387
K= 264
6719.30486163
K= 265
110.896108869
K= 266
93.975758895
K= 267
109.536683936
K= 268
165.757576339
K= 269
320.166150042
K= 270
1304.67196355
K= 271
4478.03296703
K= 272
4543.56677041
K= 273
8839.0
K= 274
451.776708692
K= 275
206.879971551
K= 276
231.776551672
K= 277
523.567966976
K= 278
7210.00951638
K= 279
143.643226428
K= 280
4478.03296703
K= 281
135.750642851
K= 282
149.809965409
K= 283
8558.94927536
K= 284
6501.02600088
K= 285
4929.74326926
K= 286
136.455822246
K= 287
167.298554973
K= 288
224.71477737
K= 289
515.954612755
K= 290
127.403606899
K= 291
523.139395547
K= 292
5306.9359438
K= 293
165.723612393
K= 294
111.757819744
K= 295
88.0141175637
K= 296
806.756014283
K= 297
349.870871642
K= 298
8638.0
K= 299
157.825329804
K= 300
108.565602574
K= 301
4530.62096774
K= 302
86.0008858191
K= 303
93.0031380489
K= 304
8839.0
K= 305
114.014255161
K= 306
561.859677866
K= 307
110.515090301
K= 308
62.7083333331
K= 309
152.342141358
K= 310
4311.83428932
K= 311
4554.91140812
K= 312
5472.82570017
K= 313
124.440597901
K= 314
523.139395547
K= 315
447.446434856
K= 316
112.901431152
K= 317
8839.0
K= 318
380.42775974
K= 319
174.912578462
K= 320
122.93712203
K= 321
852.283517884
K= 322
4585.53094274
K= 323
7284.48514158
K= 324
5960.63547041
K= 325
4311.83428932
K= 326
4476.36263736
K= 327
143.801736716
K= 328
82.5411601863
K= 329
96.1214975505
K= 330
118.968655333
K= 331
4581.69935065
K= 332
8839.0
K= 333
176.41096607
K= 334
294.527655385
K= 335
4535.47218828
K= 336
183.294406993
K= 337
5316.89685888
K= 338
217.266346208
K= 339
163.322198715
K= 340
367.576039215
K= 341
3390.75243315
K= 342
8636.04285714
K= 343
70.7490849206
K= 344
120.791251499
K= 345
1545.26276743
K= 346
4193.0281563
K= 347
4562.38031032
K= 348
4378.40898801
K= 349
53.0071853062
K= 350
315.119040518
K= 351
876.608995392
K= 352
200.685636978
K= 353
148.866103633
K= 354
120.746208089
K= 355
4311.83428932
K= 356
1210.23374471
K= 357
4311.83428932
K= 358
77.9416411234
K= 359
4201.0281563
K= 360
152.342141358
K= 361
119.879668974
K= 362
488.501972145
K= 363
155.852862566
K= 364
3521.91367764
K= 365
5983.05497982
K= 366
295.377356515
K= 367
386.956434397
K= 368
6719.30486163
K= 369
145.545539492
K= 370
8839.0
K= 371
184.572612385
K= 372
298.511724461
K= 373
5655.86485063
K= 374
5622.05629593
K= 375
319.474869583
K= 376
3973.44196679
K= 377
94.8525913657
K= 378
280.964191921
K= 379
306.6440767
K= 380
97.9099240595
K= 381
58.0217948708
K= 382
696.400108323
K= 383
134.846098248
K= 384
49.2164278438
K= 385
523.139395547
K= 386
359.929099668
K= 387
4399.39444444
K= 388
203.472124978
K= 389
8862.85434377
K= 390
72.3128809165
K= 391
1652.26169911
K= 392
4390.22243282
K= 393
146.714210199
K= 394
8839.0
K= 395
523.139395547
K= 396
126.051129127
K= 397
299.298916385
K= 398
4582.59963209
K= 399
7212.91674123
K= 400
110.18014024
K= 401
142.249556767
K= 402
523.139395547
K= 403
449.555164122
K= 404
4586.47742518
K= 405
267.845647253
K= 406
8618.05526696
K= 407
361.558735064
K= 408
886.325476306
K= 409
8839.0
K= 410
5978.49492032
K= 411
5560.25228847
K= 412
6450.82380292
K= 413
8839.0
K= 414
86.3632281086
K= 415
132.679509533
K= 416
4502.53119658
K= 417
484.610020934
K= 418
176.361956522
K= 419
3548.77129226
K= 420
113.494776465
K= 421
89.2398543496
K= 422
298.364334335
K= 423
4530.62096774
K= 424
4634.7
K= 425
523.139395547
K= 426
150.699139328
K= 427
338.95562102
K= 428
377.202805068
K= 429
94.7004538676
K= 430
331.051585013
K= 431
5795.37065095
K= 432
136.231252294
K= 433
651.824067666
K= 434
173.009315134
K= 435
8862.85434377
K= 436
7514.31777486
K= 437
344.677836356
K= 438
304.418382269
K= 439
523.139395547
K= 440
334.198697233
K= 441
179.23213196
K= 442
143.742654979
K= 443
169.984386165
K= 444
135.602294602
K= 445
4564.45833333
K= 446
8599.94927536
K= 447
5331.00366943
K= 448
104.724481884
K= 449
161.057905985
K= 450
8839.0
K= 451
6095.14253122
K= 452
130.083244456
K= 453
4990.37215894
K= 454
4347.90524706
K= 455
6204.55467454
K= 456
8839.0
K= 457
5891.64817638
K= 458
318.731983049
K= 459
523.139395547
K= 460
356.306299591
K= 461
4478.03296703
K= 462
4537.99089875
K= 463
805.869426752
K= 464
6204.55467454
K= 465
154.224935122
K= 466
4540.99444444
K= 467
106.234848485
K= 468
176.361956522
K= 469
110.403717305
K= 470
270.813165966
K= 471
167.406792541
K= 472
83.5105395215
K= 473
80.0548312285
K= 474
114.336722372
K= 475
5900.73222697
K= 476
5560.25228847
K= 477
523.139395547
K= 478
271.964424341
K= 479
706.403367186
K= 480
374.22584017
K= 481
166.361956522
K= 482
5501.36021361
K= 483
125.000867168
K= 484
523.702849068
K= 485
8559.44927536
K= 486
5316.89685888
K= 487
1484.2664758
K= 488
8348.5875823
K= 489
6797.90991109
K= 490
8675.53535354
K= 491
4586.47742518
K= 492
4311.83428932
K= 493
70.2583333331
K= 494
95.8164971021
K= 495
124.57054983
K= 496
4581.66666667
K= 497
120.950719602
K= 498
273.164293464
K= 499
176.361956522
K= 500
219.246506755
K= 501
4571.27539288
K= 502
91.8375996368
K= 503
4763.03550031
K= 504
144.115292356
K= 505
5892.45549407
K= 506
188.976696303
K= 507
160.410395163
K= 508
6476.25668828
K= 509
304.048916385
K= 510
5133.093133
K= 511
265.913032847
K= 512
5450.16772847
K= 513
235.290324011
K= 514
152.894743722
K= 515
168.690518219
K= 516
359.626261723
K= 517
76.7008884411
K= 518
5845.73222697
K= 519
91.0716879689
K= 520
686.819660151
K= 521
144.226299769
K= 522
5411.36277938
K= 523
344.931967016
K= 524
227.86584109
K= 525
5141.3918849
K= 526
5990.49156381
K= 527
126.428494955
K= 528
5873.3278135
K= 529
311.443197351
K= 530
120.901611588
K= 531
5458.69331534
K= 532
5909.73222697
K= 533
141.53484127
K= 534
523.567966976
K= 535
4530.48333333
K= 536
152.255944698
K= 537
129.883091742
K= 538
5622.05629593
K= 539
365.39181944
K= 540
307.740405186
K= 541
122.623981165
K= 542
172.104560284
K= 543
6472.70553007
K= 544
139.504687423
K= 545
4634.00322581
K= 546
133.362833387
K= 547
8626.71428571
K= 548
1541.0956771
K= 549
180.261956522
K= 550
100.725073521
K= 551
3171.81777486
K= 552
6615.06224451
K= 553
8547.68706524
K= 554
166.601503759
K= 555
354.127363676
K= 556
126.357593798
K= 557
146.623825831
K= 558
5834.91662045
K= 559
4583.95
K= 560
165.703901232
K= 561
158.108073756
K= 562
5133.74577963
K= 563
6204.55467454
K= 564
1084.64207609
K= 565
171.133997542
K= 566
4311.83428932
K= 567
89.8789895617
K= 568
523.567966976
K= 569
409.651127281
K= 570
480.820321803
K= 571
5287.44537104
K= 572
152.926924659
K= 573
140.822373241
K= 574
318.866652539
K= 575
5506.31569713
K= 576
129.292130491
K= 577
99.7463361602
K= 578
246.092336194
K= 579
272.141767952
K= 580
156.9992971
K= 581
196.400931717
K= 582
531.567966976
K= 583
401.871175861
K= 584
216.70747366
K= 585
304.510073537
K= 586
448.876259417
K= 587
8370.42493763
K= 588
123.732676825
K= 589
137.976428362
K= 590
179.750814696
K= 591
1586.68175484
K= 592
560.809861431
K= 593
6421.04965744
K= 594
4840.44386725
K= 595
154.594272968
K= 596
128.35796743
K= 597
384.420502436
K= 598
268.877907872
K= 599
171.042109064
K= 600
4528.47479934
K= 601
504.899212283
K= 602
356.196298154
K= 603
1167.9524242
K= 604
5194.8214413
K= 605
1111.93518563
K= 606
4588.16584249
K= 607
4311.83428932
K= 608
179.835403897
K= 609
205.921234795
K= 610
365.521951422
K= 611
4311.83428932
K= 612
392.93932298
K= 613
4533.32679739
K= 614
7904.96070628
K= 615
389.688647703
K= 616
4185.0281563
K= 617
66.5387722437
K= 618
110.666176436
K= 619
6368.52750169
K= 620
91.2826066817
K= 621
164.397660672
K= 622
102.150578482
K= 623
164.356877289
K= 624
6522.02064299
K= 625
817.169012421
K= 626
159.424473732
K= 627
317.815137551
K= 628
4199.78096363
K= 629
4185.0281563
K= 630
4595.66666667
K= 631
311.17045156
K= 632
330.351585013
K= 633
5450.16772847
K= 634
6501.02600088
K= 635
7493.23768828
K= 636
6827.82460605
K= 637
1172.63220433
K= 638
4970.78282016
K= 639
11504.83109
K= 640
4399.39444444
K= 641
6297.9017478
K= 642
236.388962737
K= 643
93.0428964561
K= 644
5445.89685888
K= 645
378.905436647
K= 646
594.420108062
K= 647
5967.67627202
K= 648
6204.55467454
K= 649
4449.05288098
K= 650
7772.78697518
K= 651
99.09892791
K= 652
1292.52957561
K= 653
323.620432924
K= 654
78.4419186466
K= 655
4311.83428932
K= 656
176.361956522
K= 657
345.622300456
K= 658
312.012849665
K= 659
8839.0
K= 660
5405.73467567
K= 661
359.672483786
K= 662
988.167502968
K= 663
1818.10798499
K= 664
8530.7758622
K= 665
5445.89685888
K= 666
100.51140812
K= 667
95.371933625
K= 668
5000.3918849
K= 669
103.737889835
K= 670
134.107814408
K= 671
197.258023247
K= 672
4578.66470588
K= 673
66.1395413093
K= 674
238.392149154
K= 675
56.1812257103
K= 676
5571.83202356
K= 677
358.774456307
K= 678
269.08966405
K= 679
95.8833333331
K= 680
5560.25228847
K= 681
2634.23294017
K= 682
163.277468859
K= 683
118.248877087
K= 684
4573.50430108
K= 685
171.805266958
K= 686
202.054912992
K= 687
281.531287368
K= 688
6175.67378574
K= 689
395.90424617
K= 690
4461.56034798
K= 691
6534.62527366
K= 692
71.1927447659
K= 693
4311.83428932
K= 694
144.417297603
K= 695
138.582617195
K= 696
114.999162985
K= 697
536.808661185
K= 698
4311.83428932
K= 699
169.590757259
K= 700
6388.33971152
K= 701
4336.40989011
K= 702
67.4730667939
K= 703
105.633660672
K= 704
4528.48333333
K= 705
189.667733772
K= 706
8626.71428571
K= 707
4311.83428932
K= 708
152.342141358
K= 709
283.410672718
K= 710
8839.0
K= 711
124.11748253
K= 712
387.630921098
K= 713
363.162725985
K= 714
4587.67878788
K= 715
8631.32957292
K= 716
229.585707122
K= 717
6355.48181306
K= 718
3867.76288581
K= 719
286.650702858
K= 720
111.920405912
K= 721
260.085955161
K= 722
101.023823619
K= 723
5946.44554321
K= 724
148.39987537
K= 725
61.987189717
K= 726
7887.0564061
K= 727
307.22955101
K= 728
5628.12855711
K= 729
330.351585013
K= 730
104.09047619
K= 731
6002.05497982
K= 732
5476.23612681
K= 733
171.305266958
K= 734
98.3380820167
K= 735
4610.09153013
K= 736
992.919651241
K= 737
6027.25422155
K= 738
168.613791341
K= 739
227.075408666
K= 740
6375.25705842
K= 741
128.379460132
K= 742
3395.91424751
K= 743
97.7331572925
K= 744
2578.1929057
K= 745
4562.07156144
K= 746
155.929461696
K= 747
176.861956522
K= 748
7481.97912829
K= 749
164.191170025
K= 750
111.767025061
K= 751
72.4628872669
K= 752
699.448605248
K= 753
5503.02392223
K= 754
3449.62647739
K= 755
105.911092621
K= 756
216.84167675
K= 757
790.213241817
K= 758
152.907240156
K= 759
144.922524409
K= 760
161.122288417
K= 761
516.77928569
K= 762
4620.42857143
K= 763
8839.0
K= 764
8649.0
K= 765
127.850792199
K= 766
385.298181189
K= 767
176.361956522
K= 768
369.648953686
K= 769
218.961860035
K= 770
5891.64817638
K= 771
977.544737393
K= 772
356.539977804
K= 773
307.630921098
K= 774
166.943222323
K= 775
470.366397889
K= 776
156.848355509
K= 777
1140.9281631
K= 778
5590.67675415
K= 779
201.669394412
K= 780
303.577532997
K= 781
487.493928166
K= 782
5130.40825344
K= 783
78.3006649541
K= 784
6630.17397537
K= 785
5845.73222697
K= 786
181.977752553
K= 787
334.767855068
K= 788
155.867727049
K= 789
80.8544962383
K= 790
153.942076194
K= 791
6719.65406426
K= 792
494.608507739
K= 793
360.326261723
K= 794
73.7177490566
K= 795
107.882187085
K= 796
1082.39833261
K= 797
3103.99928245
K= 798
8412.66356108
K= 799
323.835750814
K= 800
4468.60858396
K= 801
4478.03296703
K= 802
4539.0994407
K= 803
110.17218828
K= 804
459.648121253
K= 805
118.926594706
K= 806
88.9543362957
K= 807
137.304626304
K= 808
249.436921279
K= 809
80.6356291522
K= 810
6368.52750169
K= 811
357.076425035
K= 812
94.769021531
K= 813
7956.87649157
K= 814
177.00801421
K= 815
4478.03296703
K= 816
448.305839635
K= 817
4311.83428932
K= 818
471.853454875
K= 819
288.479972801
K= 820
2420.47193362
K= 821
123.971933625
K= 822
8839.0
K= 823
341.311701998
K= 824
5328.29093119
K= 825
93.4166398497
K= 826
388.362629715
K= 827
8347.32291358
K= 828
157.427120034
K= 829
286.338316419
K= 830
88.8477330589
K= 831
150.481457435
K= 832
123.852983441
K= 833
80.1731157327
K= 834
113.943502881
K= 835
127.528623188
K= 836
1035.18435571
K= 837
137.359569595
K= 838
124.633598987
K= 839
130.379294769
K= 840
6642.1929057
K= 841
315.914428115
K= 842
5224.89685888
K= 843
108.897707509
K= 844
598.837501679
K= 845
523.567966976
K= 846
74.5614281973
K= 847
922.18755917
K= 848
153.671933625
K= 849
357.270123965
K= 850
343.592318583
K= 851
323.239855826
K= 852
109.752724702
K= 853
5166.70683129
K= 854
457.368112325
K= 855
7179.15266846
K= 856
113.826233216
K= 857
139.292709283
K= 858
124.463588317
K= 859
106.157142857
K= 860
192.504926478
K= 861
434.716056352
K= 862
8490.32907648
K= 863
157.549087613
K= 864
315.674298937
K= 865
164.885505023
K= 866
4589.0
K= 867
4431.42717188
K= 868
6204.55467454
K= 869
4568.00153847
K= 870
5316.89685888
K= 871
1257.37203405
K= 872
153.460662525
K= 873
116.723312882
K= 874
330.351585013
K= 875
176.361956522
K= 876
278.485203343
K= 877
7004.27462747
K= 878
5316.89685888
K= 879
6489.73321983
K= 880
155.115559599
K= 881
202.23629376
K= 882
92.0809668652
K= 883
523.567966976
K= 884
4526.98333333
K= 885
269.440201989
K= 886
4602.04404762
K= 887
522.617966976
K= 888
386.880921098
K= 889
117.435874539
K= 890
70.9327809716
K= 891
357.28010975
K= 892
72.1875844179
K= 893
335.923525224
K= 894
105.961134454
K= 895
5960.63547041
K= 896
142.92644725
K= 897
5393.53285573
K= 898
4568.32608696
K= 899
131.275705416
K= 900
269.864343479
K= 901
310.055134989
K= 902
4478.03296703
K= 903
4311.83428932
K= 904
142.223398497
K= 905
654.54036949
K= 906
200.536180575
K= 907
84.1505521507
K= 908
312.827969831
K= 909
6095.14253122
K= 910
39.7271977655
K= 911
249.436921279
K= 912
172.292986257
K= 913
240.040658093
K= 914
4444.38640812
K= 915
344.002023048
K= 916
8649.0
K= 917
6038.38018453
K= 918
4528.48333333
K= 919
174.721933625
K= 920
106.302746548
K= 921
5874.38992132
K= 922
8649.0
K= 923
159.471933625
K= 924
6130.4745029
K= 925
99.0624269177
K= 926
280.964191921
K= 927
1147.05798642
K= 928
294.816977454
K= 929
176.361956522
K= 930
86.0687402781
K= 931
104.903003148
K= 932
91.534195314
K= 933
302.84135522
K= 934
178.958740198
K= 935
100.857932161
K= 936
8649.0
K= 937
171.950786071
K= 938
4582.25
K= 939
4527.91666667
K= 940
8620.561811
K= 941
176.361956522
K= 942
6719.30486163
K= 943
219.450254767
K= 944
6531.34676726
K= 945
148.65918961
K= 946
167.409512913
K= 947
181.862540419
K= 948
6946.89529049
K= 949
4397.86111111
K= 950
113.243104013
K= 951
102.823745512
K= 952
485.463451167
K= 953
359.881493823
K= 954
4311.83428932
K= 955
5588.53609476
K= 956
320.265187908
K= 957
959.438041686
K= 958
79.7073646206
K= 959
157.534094165
K= 960
216.509112783
K= 961
7504.34982614
K= 962
171.605266958
K= 963
296.493180087
K= 964
5931.22233459
K= 965
8412.66356108
K= 966
356.192155204
K= 967
386.956434397
K= 968
349.967352726
K= 969
287.010237034
K= 970
183.489810673
K= 971
249.192312193
K= 972
5316.89685888
K= 973
437.744924122
K= 974
4397.86111111
K= 975
5169.63933363
K= 976
212.552403512
K= 977
135.565542541
K= 978
2420.97193363
K= 979
297.824409589
K= 980
4478.03296703
K= 981
5445.89685888
K= 982
296.883153033
K= 983
8839.0
K= 984
82.313504077
K= 985
1341.36890709
K= 986
223.815205618
K= 987
1434.45579086
K= 988
277.328557089
K= 989
368.709330439
K= 990
4572.62318841
K= 991
82.8858591127
K= 992
8649.0
K= 993
74.9004494674
K= 994
85.118304873
K= 995
222.078953929
K= 996
322.361003243
K= 997
157.76840647
K= 998
1139.3116134
K= 999
169.284966207
K= 1000
4311.83428932
K= 1001
846.827467102
K= 1002
8401.73217596
K= 1003
96.7241157035
K= 1004
120.234683877
K= 1005
195.415031309
K= 1006
342.497185391
K= 1007
494.460900452
K= 1008
91.8904844878
K= 1009
8839.0
K= 1010
1538.64302598
K= 1011
126.380188279
K= 1012
1504.29106289
K= 1013
4311.83428932
K= 1014
100.108738461
K= 1015
8632.84017933
K= 1016
361.926495611
K= 1017
4576.0
K= 1018
523.139395547
K= 1019
4397.86111111
K= 1020
4541.99444444
K= 1021
4311.83428932
K= 1022
5892.45549407
K= 1023
4887.23389309
K= 1024
83.9024863902
K= 1025
219.825644821
K= 1026
4520.44959012
K= 1027
6319.19717759
K= 1028
1128.94407897
K= 1029
8839.0
K= 1030
140.027397604
K= 1031
7543.04513534
K= 1032
145.198028086
K= 1033
384.767212752
K= 1034
165.09051722
K= 1035
1155.92664307
K= 1036
106.02853093
K= 1037
169.260128204
K= 1038
435.91355115
K= 1039
426.013954413
K= 1040
55.0998100829
K= 1041
8626.71428571
K= 1042
93.0835479177
K= 1043
4638.96947674
K= 1044
8829.70348665
K= 1045
302.477200584
K= 1046
4311.83428932
K= 1047
471.161838661
K= 1048
387.346654439
K= 1049
466.694474624
K= 1050
4185.0281563
K= 1051
181.775987217
K= 1052
820.52676991
K= 1053
171.033349489
K= 1054
525.356241091
K= 1055
4523.50430108
K= 1056
4476.17239011
K= 1057
249.73296567
K= 1058
367.389987384
K= 1059
129.356883094
K= 1060
104.222483339
K= 1061
150.130740487
K= 1062
142.528145093
K= 1063
234.478460496
K= 1064
198.205581282
K= 1065
1354.65557555
K= 1066
451.027962622
K= 1067
392.908241316
K= 1068
91.7649356826
K= 1069
4457.67173933
K= 1070
92.670222376
K= 1071
6790.18562734
K= 1072
2339.47044975
K= 1073
188.184511
K= 1074
4544.5193372
K= 1075
5784.97792354
K= 1076
126.677186864
K= 1077
176.361956522
K= 1078
212.731861264
K= 1079
5281.59905645
K= 1080
174.010128204
K= 1081
109.867143389
K= 1082
238.865378704
K= 1083
327.222785918
K= 1084
6204.55467454
K= 1085
343.528204266
K= 1086
6057.59017182
K= 1087
6204.55467454
K= 1088
365.32188077
K= 1089
1955.64073108
K= 1090
5948.52820263
K= 1091
257.706506704
K= 1092
324.572486736
K= 1093
8839.0
K= 1094
129.74290845
K= 1095
348.30927821
K= 1096
6657.45481462
K= 1097
523.639395547
K= 1098
630.294763738
K= 1099
8839.0
K= 1100
91.7988640299
K= 1101
4372.84529263
K= 1102
4479.53296703
K= 1103
8068.56971934
K= 1104
553.284476607
K= 1105
6601.36269693
K= 1106
116.852636092
K= 1107
8631.58333333
K= 1108
8839.0
K= 1109
7572.21202372
K= 1110
112.203561517
K= 1111
5187.99966114
K= 1112
6204.55467454
K= 1113
1285.75396712
K= 1114
179.947243268
K= 1115
70.3257457335
K= 1116
7965.92411062
K= 1117
145.203220341
K= 1118
103.693264044
K= 1119
4468.86111111
K= 1120
1373.91928326
K= 1121
8408.10662773
K= 1122
1730.39236635
K= 1123
6219.97003077
K= 1124
330.551585013
K= 1125
5489.03097623
K= 1126
86.0027395291
K= 1127
191.622868896
K= 1128
5055.47674396
K= 1129
176.361956522
K= 1130
8639.31716834
K= 1131
450.363339808
K= 1132
139.945095327
K= 1133
166.361956522
K= 1134
5445.89685888
K= 1135
122.91087823
K= 1136
4311.83428932
K= 1137
196.851504006
K= 1138
4532.25960871
K= 1139
177.18013834
K= 1140
96.9925967793
K= 1141
4293.14980952
K= 1142
4185.0281563
K= 1143
234.606184172
K= 1144
4871.10666467
K= 1145
174.558838387
K= 1146
8578.92857143
K= 1147
104.158768933
K= 1148
8839.0
K= 1149
5445.44291151
K= 1150
69.9036190504
K= 1151
6635.30294719
K= 1152
333.979761947
K= 1153
8839.0
K= 1154
168.551572204
K= 1155
58.9222753947
K= 1156
332.857723891
K= 1157
4644.16889777
K= 1158
133.303340067
K= 1159
4311.83428932
K= 1160
4581.54575163
K= 1161
321.942536667
K= 1162
5722.19303182
K= 1163
1121.75378661
K= 1164
4301.07217853
K= 1165
8839.0
K= 1166
381.171276395
K= 1167
4561.16428944
K= 1168
122.666105998
K= 1169
4389.2872135
K= 1170
123.570462125
K= 1171
176.361956522
K= 1172
4711.33093075
K= 1173
5523.24678195
K= 1174
309.452390387
K= 1175
6186.72405049
K= 1176
331.560293749
K= 1177
8839.0
K= 1178
179.137572273
K= 1179
148.284327511
K= 1180
76.5953566692
K= 1181
5446.91546608
K= 1182
238.044260775
K= 1183
112.675347935
K= 1184
56.4809884237
K= 1185
4582.91071429
K= 1186
281.448884183
K= 1187
66.6735983453
K= 1188
679.310789609
K= 1189
5315.89685888
K= 1190
190.484173011
K= 1191
171.605266958
K= 1192
5291.46489736
K= 1193
4527.87096774
K= 1194
5321.09109312
K= 1195
1686.16661435
K= 1196
8839.0
K= 1197
132.969532279
K= 1198
352.07165189
K= 1199
75.6688291307
Betweenness Centrality Improvement
[ 106.41297943  117.14483346   98.03941863 ...,    0.            0.            0.        ]
Top 20 BC Improvement
[ 639  435  389 1153  394 1108  822  124  710  370  111  409 1148 1029 1177
  206  413 1099  450  456]
Top 20 BC Improvement
[ 11504.83108997   8862.85434377   8862.85434377   8839.           8839.
   8839.           8839.           8839.           8839.           8839.
   8839.           8839.           8839.           8839.           8839.
   8839.           8839.           8839.           8839.           8839.        ]
