txValue= 100
IGRAPH D--- 4619 68733 -- 
+ attr: pub_key (v), base_fee (e), capacity (e), fee_rate (e), txCost (e)
None
IGRAPH D--- 4619 68733 -- 
+ attr: pub_key (v), base_fee (e), capacity (e), fee_rate (e), txCost (e)
None
Our nodes starting connections: 
(4618, 2796)
(4618, 1223)
(4618, 498)
(4618, 3265)
K= 3600
217.87809442
K= 3601
33.774170274
K= 3602
1383.83788197
K= 3603
112.60684643
K= 3604
8594.66666667
K= 3605
285.863940967
K= 3606
4402.42857143
K= 3607
907.162897638
K= 3608
8839.0
K= 3609
97.0154831413
K= 3610
8839.0
K= 3611
4465.94444444
K= 3612
4533.5
K= 3613
8572.33026696
K= 3614
68.628918304
K= 3615
4567.0
K= 3616
725.083571022
K= 3617
5224.55838547
K= 3618
39.2215589054
K= 3619
290.041259889
K= 3620
206.06060142
K= 3621
122.130494506
K= 3622
160.861956522
K= 3623
234.268752388
K= 3624
360.337386778
K= 3625
21.7074373829
K= 3626
6868.78679641
K= 3627
6479.60281231
K= 3628
481.022773858
K= 3629
308.606299591
K= 3630
16.1836537044
K= 3631
228.171848865
K= 3632
270.173916385
K= 3633
29.0303353082
K= 3634
360.480243921
K= 3635
503.456062214
K= 3636
191.151214379
K= 3637
120.408205391
K= 3638
62.7619289765
K= 3639
470.453412106
K= 3640
289.179781502
K= 3641
359.73160694
K= 3642
1099.24475307
K= 3643
4464.57142857
K= 3644
73.2738095238
K= 3645
96.0634920634
K= 3646
4592.34461772
K= 3647
3524.68457871
K= 3648
4531.97362637
K= 3649
4550.0
K= 3650
6479.60281231
K= 3651
5496.83082841
K= 3652
8662.0
K= 3653
840.312251037
K= 3654
5394.70312874
K= 3655
5707.56830022
K= 3656
6763.56647513
K= 3657
8245.81351926
K= 3658
103.163600292
K= 3659
99.2586632362
K= 3660
4331.97457181
K= 3661
66.2694192968
K= 3662
148.585144928
K= 3663
4213.77860839
K= 3664
7341.67266638
K= 3665
104.355695012
K= 3666
148.62404086
K= 3667
4543.38786523
K= 3668
8839.0
K= 3669
218.449980003
K= 3670
36.4554841355
K= 3671
4461.57142857
K= 3672
434.095000435
K= 3673
4331.97457181
K= 3674
480.248068756
K= 3675
4528.80892857
K= 3676
129.721198561
K= 3677
35.6160089265
K= 3678
4445.252151
K= 3679
1884.93141138
K= 3680
252.545633941
K= 3681
60.478907204
K= 3682
102.31790734
K= 3683
362.622114865
K= 3684
327.169834731
K= 3685
437.362683599
K= 3686
109.726190476
K= 3687
983.262379245
K= 3688
4331.97457181
K= 3689
84.2214285714
K= 3690
1553.30453287
K= 3691
5700.34471859
K= 3692
82.0
K= 3693
258.810771568
K= 3694
55.6297727718
K= 3695
43.6742424243
K= 3696
1595.44847533
K= 3697
5242.39313844
K= 3698
5739.17280982
K= 3699
37.4033901284
K= 3700
4406.67980296
K= 3701
1280.54324858
K= 3702
263.946025948
K= 3703
31.7166666668
K= 3704
84.6607142857
K= 3705
8662.0
K= 3706
279.892926084
K= 3707
421.892926084
K= 3708
71.3820887447
K= 3709
71.1215583842
K= 3710
129.634360526
K= 3711
44.8446997452
K= 3712
6143.12673756
K= 3713
313.392251649
K= 3714
4600.02686922
K= 3715
5004.84226515
K= 3716
124.703074754
K= 3717
5738.17280982
K= 3718
32.9098412668
K= 3719
8839.0
K= 3720
154.577855478
K= 3721
328.767298797
K= 3722
231.266980332
K= 3723
114.649973241
K= 3724
4875.44313955
K= 3725
6094.322125
K= 3726
5317.92309408
K= 3727
151.465348248
K= 3728
226.52989477
K= 3729
182.580001966
K= 3730
336.170720112
K= 3731
34.2502520083
K= 3732
1367.93135726
K= 3733
70.0503132833
K= 3734
5987.75854533
K= 3735
269.173916385
K= 3736
266.044591737
K= 3737
4906.27761001
K= 3738
114.469711724
K= 3739
8839.0
K= 3740
6026.25712471
K= 3741
503.456062214
K= 3742
25.9002617263
K= 3743
88.8920299476
K= 3744
99.888606722
K= 3745
64.7083333334
K= 3746
338.714759585
K= 3747
614.933317739
K= 3748
122.074160626
K= 3749
238.987313919
K= 3750
73.9300144301
K= 3751
74.4666666669
K= 3752
38.4808144473
K= 3753
359.878809899
K= 3754
693.581511562
K= 3755
4419.77916667
K= 3756
32.5138289991
K= 3757
71.5524630542
K= 3758
8839.0
K= 3759
173.455707328
K= 3760
3044.02575176
K= 3761
503.456062214
K= 3762
717.699108114
K= 3763
138.663600292
K= 3764
4331.97457181
K= 3765
14.7871142746
K= 3766
4464.57142857
K= 3767
5707.56830022
K= 3768
300.280721531
K= 3769
152.23234319
K= 3770
137.692646258
K= 3771
56.773313492
K= 3772
29.2174603172
K= 3773
5066.60367608
K= 3774
350.862114946
K= 3775
111.583333333
K= 3776
57.6709706958
K= 3777
681.02184608
K= 3778
838.794667356
K= 3779
332.980026246
K= 3780
132.894398954
K= 3781
2043.73301118
K= 3782
420.730190235
K= 3783
323.356299591
K= 3784
6479.60281231
K= 3785
4331.97457181
K= 3786
342.912231743
K= 3787
74.1015728718
K= 3788
309.917420917
K= 3789
160.861956522
K= 3790
103.163600292
K= 3791
6479.60281231
K= 3792
97.4784361405
K= 3793
362.733071636
K= 3794
230.442399793
K= 3795
160.861956522
K= 3796
43.8063322868
K= 3797
131.563600292
K= 3798
6439.60281231
K= 3799
2469.87499948
K= 3800
201.178623189
K= 3801
360.783029674
K= 3802
57.1696570253
K= 3803
8839.0
K= 3804
4865.69661646
K= 3805
35.9097672211
K= 3806
483.957174284
K= 3807
304.781383491
K= 3808
654.072817761
K= 3809
118.170426499
K= 3810
8839.0
K= 3811
292.842368337
K= 3812
129.911310585
K= 3813
3651.27684425
K= 3814
52.0637085134
K= 3815
1707.81096393
K= 3816
20.0280317286
K= 3817
2027.58240189
K= 3818
353.58876998
K= 3819
220.743973008
K= 3820
98.7178826529
K= 3821
470.453412106
K= 3822
72.5928571428
K= 3823
8839.0
K= 3824
150.496933625
K= 3825
8839.0
K= 3826
41.1779538073
K= 3827
38.3557219661
K= 3828
109.434986011
K= 3829
7705.55575634
K= 3830
339.325886817
K= 3831
8661.0
K= 3832
184.853439616
K= 3833
31.9760504202
K= 3834
278.226259417
K= 3835
148.242156863
K= 3836
74.0151464248
K= 3837
6520.05175003
K= 3838
286.23916956
K= 3839
69.0
K= 3840
153.479023063
K= 3841
8633.81818182
K= 3842
8839.0
K= 3843
503.456062214
K= 3844
392.699529979
K= 3845
121.437568681
K= 3846
46.0666666669
K= 3847
4397.91881766
K= 3848
41.1611721611
K= 3849
370.146050492
K= 3850
4698.66725667
K= 3851
151.558552104
K= 3852
8101.2224828
K= 3853
59.9280804567
K= 3854
42.0866803783
K= 3855
361.184087584
K= 3856
6006.31027569
K= 3857
169.983000172
K= 3858
259.951637819
K= 3859
37.6056277059
K= 3860
210.549071397
K= 3861
33.5171245422
K= 3862
8651.0
K= 3863
139.166666667
K= 3864
66.7666666667
K= 3865
2985.0668656
K= 3866
8839.0
K= 3867
160.861956522
K= 3868
136.143889544
K= 3869
5792.78430992
K= 3870
295.362683599
K= 3871
97.7535222316
K= 3872
258.385508705
K= 3873
4464.57142857
K= 3874
142.883791209
K= 3875
62.6344988346
K= 3876
160.861956522
K= 3877
160.861956522
K= 3878
94.0
K= 3879
61.9649075689
K= 3880
110.335144928
K= 3881
43.5691919191
K= 3882
370.514036459
K= 3883
4331.97457181
K= 3884
40098.6477792
K= 3885
6094.322125
K= 3886
160.861956522
K= 3887
42.5600509705
K= 3888
343.844284381
K= 3889
36.2261111108
K= 3890
5210.36987806
K= 3891
5052.5890653
K= 3892
125.783331438
K= 3893
42.2802953582
K= 3894
50.6046758798
K= 3895
4423.0
K= 3896
502.706062214
K= 3897
4431.37142857
K= 3898
664.978796796
K= 3899
4373.82608696
K= 3900
8839.0
K= 3901
601.518661209
K= 3902
4582.91666667
K= 3903
4572.8
K= 3904
189.748950659
K= 3905
504.695558941
K= 3906
6502.09110516
K= 3907
1517.89548709
K= 3908
8669.0
K= 3909
6134.29999692
K= 3910
221.885458549
K= 3911
96.5075091575
K= 3912
28.8436868683
K= 3913
1170.78499642
K= 3914
102.21697995
K= 3915
80.1595238096
K= 3916
8648.91780822
K= 3917
4078.04407422
K= 3918
4464.57142857
K= 3919
160.861956522
K= 3920
64.4333333333
K= 3921
285.964643222
K= 3922
4954.4703586
K= 3923
332.139150452
K= 3924
138.663600292
K= 3925
83.086879787
K= 3926
117.439382422
K= 3927
371.223328521
K= 3928
64.7432405491
K= 3929
399.453412106
K= 3930
27.5446793401
K= 3931
673.066444359
K= 3932
118.142857143
K= 3933
224.062207602
K= 3934
191.512519741
K= 3935
6931.12081605
K= 3936
45.9000000003
K= 3937
382.380768131
K= 3938
528.182246916
K= 3939
4546.64848499
K= 3940
1521.65969265
K= 3941
8631.07781206
K= 3942
150.496933625
K= 3943
4435.57142857
K= 3944
79.3575757577
K= 3945
270.821903264
K= 3946
5443.09530812
K= 3947
8612.39148831
K= 3948
167.159513207
K= 3949
1304.62920907
K= 3950
5507.80299356
K= 3951
461.129478821
K= 3952
246.74123372
K= 3953
292.842966226
K= 3954
70.0503132835
K= 3955
4538.72619048
K= 3956
326.451499085
K= 3957
76.8007251519
K= 3958
336.041259889
K= 3959
4331.97457181
K= 3960
8839.0
K= 3961
150.496933625
K= 3962
306.748913255
K= 3963
80.0500000003
K= 3964
421.642926084
K= 3965
1080.27750424
K= 3966
6087.15762277
K= 3967
41.3785714286
K= 3968
91.5191721463
K= 3969
5940.01732401
K= 3970
64.4266149063
K= 3971
102.663600292
K= 3972
227.881018751
K= 3973
132.674322344
K= 3974
243.618708225
K= 3975
5182.55838547
K= 3976
208.917990885
K= 3977
4385.42857143
K= 3978
68.0138888889
K= 3979
72.7166666669
K= 3980
315.867590943
K= 3981
5343.34614571
K= 3982
6006.31027569
K= 3983
326.917420917
K= 3984
69.1666666666
K= 3985
392.376931688
K= 3986
4567.77777778
K= 3987
242.992473994
K= 3988
332.017354486
K= 3989
5353.55838547
K= 3990
10663.2506528
K= 3991
1262.50125141
K= 3992
4397.91881766
K= 3993
94.0166666666
K= 3994
5224.55838547
K= 3995
219.293899353
K= 3996
8669.0
K= 3997
126.830266958
K= 3998
1037.19573308
K= 3999
117.826086956
K= 4000
4567.88528139
K= 4001
222.698826041
K= 4002
2813.94198957
K= 4003
6577.22257459
K= 4004
47.1642659055
K= 4005
361.184087584
K= 4006
124.417679029
K= 4007
358.557970262
K= 4008
115.278338002
K= 4009
6175.74598549
K= 4010
313.235812888
K= 4011
68.1253132833
K= 4012
4569.83333333
K= 4013
103.163600292
K= 4014
4458.57142857
K= 4015
8678.0
K= 4016
6006.31027569
K= 4017
8839.0
K= 4018
4455.57142857
K= 4019
2024.25657976
K= 4020
188.119043828
K= 4021
260.282206095
K= 4022
8839.0
K= 4023
457.103879396
K= 4024
4331.97457181
K= 4025
1579.43121513
K= 4026
5768.56830022
K= 4027
147.204761905
K= 4028
68.6594478622
K= 4029
5411.76964027
K= 4030
44.2417933372
K= 4031
2473.82806582
K= 4032
5960.94474611
K= 4033
116.422818439
K= 4034
8839.0
K= 4035
3036.48640239
K= 4036
72.8429195975
K= 4037
364.141363287
K= 4038
7097.16994056
K= 4039
4706.58970197
K= 4040
1838.0299256
K= 4041
4331.97457181
K= 4042
117.887865228
K= 4043
8655.84375
K= 4044
123.088548685
K= 4045
5403.37437335
K= 4046
33.5148523313
K= 4047
419.203636665
K= 4048
282.105436647
K= 4049
116.05952381
K= 4050
160.861956522
K= 4051
17958.6332792
K= 4052
4331.97457181
K= 4053
4331.97457181
K= 4054
29.7019119769
K= 4055
5148.36001302
K= 4056
131.563600292
K= 4057
85.4074561405
K= 4058
503.456062214
K= 4059
82.8000000003
K= 4060
6575.53069967
K= 4061
55.4605158732
K= 4062
182.832921186
K= 4063
331.80319112
K= 4064
4331.97457181
K= 4065
138.663600292
K= 4066
5845.97919333
K= 4067
288.033341
K= 4068
8669.0
K= 4069
433.355323879
K= 4070
8839.0
K= 4071
449.941162159
K= 4072
437.362683599
K= 4073
166.259937153
K= 4074
320.235005596
K= 4075
303.120971018
K= 4076
249.957956668
K= 4077
269.409142709
K= 4078
8655.56575632
K= 4079
306.751251068
K= 4080
6326.3036624
K= 4081
70.2165204678
K= 4082
117.333333333
K= 4083
265.981826638
K= 4084
5075.48023276
K= 4085
40.4896077452
K= 4086
82.8563492068
K= 4087
309.601807132
K= 4088
4576.22222222
K= 4089
4562.0
K= 4090
4205.77860839
K= 4091
175.365492708
K= 4092
502.706062214
K= 4093
8669.0
K= 4094
136.865714286
K= 4095
4558.20430108
K= 4096
5707.56830022
K= 4097
308.839815268
K= 4098
190.512519741
K= 4099
62.3825396824
K= 4100
89.1654761904
K= 4101
6034.53827671
K= 4102
59.6435897435
K= 4103
370.365713924
K= 4104
248.056425686
K= 4105
4626.3033108
K= 4106
192.264329191
K= 4107
66.8595238094
K= 4108
6444.17367992
K= 4109
8839.0
K= 4110
44.8965517242
K= 4111
8542.52915532
K= 4112
337.926436501
K= 4113
64.8669172932
K= 4114
109.950641026
K= 4115
8655.84375
K= 4116
16.1118055314
K= 4117
189.351552344
K= 4118
353.58876998
K= 4119
443.003833176
K= 4120
241.922943723
K= 4121
346.395541089
K= 4122
332.282490733
K= 4123
100.378994103
K= 4124
5214.18338547
K= 4125
4560.0
K= 4126
24.3370475651
K= 4127
6283.52953819
K= 4128
5620.25473405
K= 4129
145.743290043
K= 4130
8564.19020248
K= 4131
67.0503132833
K= 4132
8429.68591725
K= 4133
461.982718598
K= 4134
275.055452438
K= 4135
8669.0
K= 4136
5327.83681025
K= 4137
6479.60281231
K= 4138
5688.9152108
K= 4139
100.705028571
K= 4140
87.5166666666
K= 4141
8839.0
K= 4142
4331.97457181
K= 4143
132.4
K= 4144
6623.50482507
K= 4145
6006.31027569
K= 4146
5382.32650265
K= 4147
150.496933625
K= 4148
362.797587765
K= 4149
4322.57142857
K= 4150
336.416095566
K= 4151
934.27406353
K= 4152
78.8793650792
K= 4153
115.025
K= 4154
32.3536647991
K= 4155
118.01704474
K= 4156
762.817460797
K= 4157
507.653052895
K= 4158
147.054710145
K= 4159
332.789540798
K= 4160
4560.82608696
K= 4161
19.6271898525
K= 4162
220.611909435
K= 4163
5348.97451826
K= 4164
6735.68279096
K= 4165
132.182575757
K= 4166
2043.73301118
K= 4167
465.026472991
K= 4168
5676.25251821
K= 4169
57.4416666665
K= 4170
77.9166666667
K= 4171
119.940476191
K= 4172
11576.3581283
K= 4173
81.5121645547
K= 4174
131.949998104
K= 4175
146.549191252
K= 4176
54.2653381119
K= 4177
116.008205391
K= 4178
8707.68567127
K= 4179
129.289855072
K= 4180
5389.01402979
K= 4181
5380.54924101
K= 4182
271.99047619
K= 4183
216.974862559
K= 4184
4755.85393671
K= 4185
17.2879197547
K= 4186
8669.0
K= 4187
151.953916494
K= 4188
6124.98214176
K= 4189
132.822947753
K= 4190
32.1897408144
K= 4191
721.854311345
K= 4192
66.0
K= 4193
271.945696544
K= 4194
35.1709576972
K= 4195
4331.97457181
K= 4196
59.2498778998
K= 4197
503.456062214
K= 4198
59.5034674491
K= 4199
34.2905483405
K= 4200
5707.56830022
K= 4201
249.587506555
K= 4202
43.6429650846
K= 4203
160.861956522
K= 4204
42.1148355305
K= 4205
1014.49353411
K= 4206
251.311904762
K= 4207
45.3550028191
K= 4208
8839.0
K= 4209
8969.57219019
K= 4210
6665.60780925
K= 4211
765.762398639
K= 4212
8669.0
K= 4213
4462.57142857
K= 4214
132.232396173
K= 4215
4944.36182937
K= 4216
156.611956522
K= 4217
333.79292839
K= 4218
78.1143217895
K= 4219
4261.29977646
K= 4220
111.460990695
K= 4221
465.950163644
K= 4222
93.4321592097
K= 4223
4564.0
K= 4224
540.058263086
K= 4225
5934.09338667
K= 4226
177.573192451
K= 4227
288.0654036
K= 4228
132.8039472
K= 4229
41.4948604171
K= 4230
152.311956522
K= 4231
693.247129432
K= 4232
4370.94444444
K= 4233
503.456062214
K= 4234
60.9661348057
K= 4235
361.184087584
K= 4236
47.1583333333
K= 4237
294.27085747
K= 4238
405.921519516
K= 4239
67.0179475128
K= 4240
63.6267689675
K= 4241
3306.23072857
K= 4242
55.1020565382
K= 4243
64.126544027
K= 4244
454.564458649
K= 4245
103.881043956
K= 4246
173.105263016
K= 4247
242.187313919
K= 4248
100.167845444
K= 4249
421.767926084
K= 4250
846.001109317
K= 4251
5490.28748618
K= 4252
86.1636002917
K= 4253
5345.25970437
K= 4254
4331.97457181
K= 4255
160.861956522
K= 4256
138.663600292
K= 4257
4351.94444444
K= 4258
8661.91780822
K= 4259
25.9088855591
K= 4260
438.704262955
K= 4261
4548.50757576
K= 4262
5224.55838547
K= 4263
273.807054511
K= 4264
3700.67726738
K= 4265
503.456062214
K= 4266
145.659043359
K= 4267
227.349983392
K= 4268
146.365786436
K= 4269
4959.58648215
K= 4270
5850.63464378
K= 4271
340.131559365
K= 4272
8839.0
K= 4273
503.456062214
K= 4274
4331.97457181
K= 4275
36.6344877343
K= 4276
117.333333333
K= 4277
4515.69280538
K= 4278
56.0789191802
K= 4279
6205.47327505
K= 4280
4560.0
K= 4281
77.7210678214
K= 4282
17678.0
K= 4283
34.2939336092
K= 4284
4572.1
K= 4285
55.0060457516
K= 4286
1819.22109725
K= 4287
17662.4520208
K= 4288
4825.64214703
K= 4289
2840.8279999
K= 4290
5067.26991729
K= 4291
87.769409062
K= 4292
94.9011655013
K= 4293
2850.48019214
K= 4294
107.840476191
K= 4295
330.82400989
K= 4296
5252.19458311
K= 4297
8839.0
K= 4298
6006.31027569
K= 4299
451.152448246
K= 4300
5922.11003821
K= 4301
335.566354967
K= 4302
414.882523438
K= 4303
944.404015956
K= 4304
2249.53293869
K= 4305
355.538647703
K= 4306
120.610714286
K= 4307
71.376923077
K= 4308
503.456062214
K= 4309
73.4523809523
K= 4310
5712.98124871
K= 4311
52.4261904764
K= 4312
4331.97457181
K= 4313
261.225777371
K= 4314
22.8874458873
K= 4315
210.880171062
K= 4316
145.632524585
K= 4317
723.096776814
K= 4318
160.861956522
K= 4319
69.3660135187
K= 4320
150.496933625
K= 4321
348.33876998
K= 4322
41.8166707029
K= 4323
214.967322633
K= 4324
48.5300944223
K= 4325
16.2520521145
K= 4326
104.15
K= 4327
140.823678346
K= 4328
26.5838966586
K= 4329
229.481742834
K= 4330
119.418181818
K= 4331
222.995557648
K= 4332
322.293841916
K= 4333
110.448337193
K= 4334
160.861956522
K= 4335
326.79292839
K= 4336
489.808225903
K= 4337
30.7714285714
K= 4338
132.035916306
K= 4339
5450.04669573
K= 4340
46.0666666669
K= 4341
436.302452049
K= 4342
4464.57142857
K= 4343
232.926576627
K= 4344
5499.88965872
K= 4345
89.8777777781
K= 4346
65.30523734
K= 4347
4529.94444444
K= 4348
5066.60367608
K= 4349
503.456062214
K= 4350
337.22442198
K= 4351
98.2478998454
K= 4352
100.933323137
K= 4353
470.260477323
K= 4354
5040.2114467
K= 4355
8433.73498965
K= 4356
5219.68665951
K= 4357
90.9166666669
K= 4358
265.102444311
K= 4359
42.4595238094
K= 4360
282.276669532
K= 4361
49.127873842
K= 4362
5517.68906659
K= 4363
21.2230311353
K= 4364
7796.32642866
K= 4365
4213.77860839
K= 4366
148.065460835
K= 4367
58.8356163604
K= 4368
122.550313283
K= 4369
106.845238095
K= 4370
434.095000435
K= 4371
4519.94444444
K= 4372
49.353095238
K= 4373
364.734577922
K= 4374
5309.86556351
K= 4375
966.082440386
K= 4376
28.4898268399
K= 4377
4538.86666667
K= 4378
4385.94444444
K= 4379
5353.55838547
K= 4380
374.243107614
K= 4381
5224.55838547
K= 4382
6132.57015638
K= 4383
319.57248863
K= 4384
13464.6210366
K= 4385
503.456062214
K= 4386
489.432468817
K= 4387
5174.28816466
K= 4388
5906.23907554
K= 4389
7940.61965499
K= 4390
28.9425522016
K= 4391
182.13912298
K= 4392
2953.42837286
K= 4393
45.8926046176
K= 4394
362.318941788
K= 4395
41.6704338731
K= 4396
8839.0
K= 4397
7597.93514606
K= 4398
138.356989444
K= 4399
434.037857578
K= 4400
111.933333333
K= 4401
5353.55838547
K= 4402
6479.60281231
K= 4403
70.7556776556
K= 4404
8839.0
K= 4405
45.316666667
K= 4406
123.159523809
K= 4407
2043.73301118
K= 4408
4182.95862069
K= 4409
503.456062214
K= 4410
5224.55838547
K= 4411
338.567068397
K= 4412
125.572294372
K= 4413
314.981627123
K= 4414
8669.0
K= 4415
5018.65139801
K= 4416
4387.94444444
K= 4417
506.604869175
K= 4418
503.456062214
K= 4419
309.425884246
K= 4420
308.735896341
K= 4421
50.8376956376
K= 4422
194.53078802
K= 4423
431.752546392
K= 4424
49.9277167277
K= 4425
5066.60367608
K= 4426
361.184087584
K= 4427
5187.19002572
K= 4428
144.458513932
K= 4429
289.433350265
K= 4430
4464.57142857
K= 4431
57.1674989117
K= 4432
122.550313283
K= 4433
92.4190476191
K= 4434
1180.72848731
K= 4435
128.725682992
K= 4436
1283.94814463
K= 4437
437.338587214
K= 4438
5507.80299356
K= 4439
821.189801398
K= 4440
42.3864207243
K= 4441
6857.16152039
K= 4442
250.305058985
K= 4443
37.3193643807
K= 4444
200.636173529
K= 4445
323.574149184
K= 4446
4331.97457181
K= 4447
8577.94927536
K= 4448
276.831188437
K= 4449
8839.0
K= 4450
4524.06666667
K= 4451
36.2854007104
K= 4452
104.609163059
K= 4453
4515.85
K= 4454
8839.0
K= 4455
39.0731271585
K= 4456
503.456062214
K= 4457
37.1844083547
K= 4458
5707.56830022
K= 4459
216.519357011
K= 4460
5224.55838547
K= 4461
139.507627209
K= 4462
282.768799591
K= 4463
2400.86642216
K= 4464
68.6344776786
K= 4465
358.30225271
K= 4466
77.7261904763
K= 4467
5297.01824334
K= 4468
503.456062214
K= 4469
5132.82859011
K= 4470
4221.77860839
K= 4471
128.401226551
K= 4472
265.267592668
K= 4473
37.6630952379
K= 4474
101.626190476
K= 4475
200.106604805
K= 4476
115.706623842
K= 4477
4331.97457181
K= 4478
7097.16994056
K= 4479
264.020555322
K= 4480
469.18775005
K= 4481
160.861956522
K= 4482
460.242995241
K= 4483
5210.36987806
K= 4484
120.913600292
K= 4485
289.082762232
K= 4486
4381.875
K= 4487
104.978623188
K= 4488
280.152660792
K= 4489
763.215549328
K= 4490
927.180709675
K= 4491
116.35
K= 4492
5278.1603872
K= 4493
1096.00794089
K= 4494
105.45
K= 4495
4461.86666667
K= 4496
54.1835418127
K= 4497
695.396870263
K= 4498
17261.3333333
K= 4499
4561.0
K= 4500
120.870613866
K= 4501
198.810207762
K= 4502
1203.81817935
K= 4503
4500.80424131
K= 4504
47.392207792
K= 4505
707.733720324
K= 4506
572.900450572
K= 4507
27.5654271594
K= 4508
110.275
K= 4509
5450.04669573
K= 4510
4331.97457181
K= 4511
221.698826041
K= 4512
344.921030393
K= 4513
5888.25142627
K= 4514
185.342131865
K= 4515
362.797587765
K= 4516
160.861956522
K= 4517
410.411667101
K= 4518
399.069412646
K= 4519
147.677080684
K= 4520
273.173916385
K= 4521
263.868905281
K= 4522
4572.33333333
K= 4523
4944.93993021
K= 4524
6479.60281231
K= 4525
44.0833333334
K= 4526
71.8764411027
K= 4527
5066.60367608
K= 4528
41.0311808842
K= 4529
273.676601295
K= 4530
160.861956522
K= 4531
8662.0
K= 4532
325.064960456
K= 4533
98.9452412785
K= 4534
114.376706526
K= 4535
5195.15654928
K= 4536
5418.07377172
K= 4537
106.468343739
K= 4538
30.3329192548
K= 4539
160.111956522
K= 4540
166.580266958
K= 4541
195.143406501
K= 4542
159.328623189
K= 4543
4506.31095124
K= 4544
4402.47457181
K= 4545
6686.63578768
K= 4546
1452.56658258
K= 4547
8669.0
K= 4548
69.1229895932
K= 4549
57.2063629028
K= 4550
73.3040616246
K= 4551
4331.97457181
K= 4552
4385.94444444
K= 4553
4893.32726125
K= 4554
139.273333333
K= 4555
8556.96961165
K= 4556
36.9566069595
K= 4557
8839.0
K= 4558
6346.14205586
K= 4559
8635.23173073
K= 4560
4331.97457181
K= 4561
2043.73301118
K= 4562
104.978623188
K= 4563
4539.3039472
K= 4564
5224.55838547
K= 4565
82.7561844406
K= 4566
4519.94444444
K= 4567
27.4823509821
K= 4568
174.989977603
K= 4569
326.79292839
K= 4570
4331.97457181
K= 4571
177.092534899
K= 4572
4575.0
K= 4573
478.439149518
K= 4574
4331.97457181
K= 4575
2965.90785469
K= 4576
150.496933625
K= 4577
8550.94397299
K= 4578
4331.97457181
K= 4579
28.294128118
K= 4580
329.214190367
K= 4581
282.286591736
K= 4582
4813.49806236
K= 4583
267.082762232
K= 4584
61.2222947803
K= 4585
117.515079365
K= 4586
21.0944805192
K= 4587
40.1248212672
K= 4588
518.838012117
K= 4589
158.365492708
K= 4590
118.662744032
K= 4591
3250.0364696
K= 4592
38.4151154401
K= 4593
304.039059038
K= 4594
24.8663394443
K= 4595
404.892926084
K= 4596
160.111956522
K= 4597
8566.0
K= 4598
222.698826041
K= 4599
796.16329822
K= 4600
8839.0
K= 4601
272.83819901
K= 4602
5450.04669573
K= 4603
50.3724969474
K= 4604
88.7851677149
K= 4605
6544.17036718
K= 4606
127.330266958
K= 4607
329.391001265
K= 4608
288.299066271
K= 4609
4575.0
K= 4610
122.550313283
K= 4611
161.261956522
K= 4612
5504.789528
K= 4613
4331.97457181
K= 4614
216.663905075
K= 4615
6129.29298833
K= 4616
11.6457546538
K= 4617
5677.18663627
Betweenness Centrality Improvement
[    0.             0.             0.         ...,    11.64575465
  5677.18663627     0.        ]
Top 20 BC Improvement
[3884 4051 4282 4287 4498 4384 4172 3990 4209 4022 4396 4141 3842 3719 4017
 4557 4454 3825 3739 3823]
Top 20 BC Improvement
[ 40098.64777924  17958.63327919  17678.          17662.45202081
  17261.33333333  13464.62103665  11576.35812826  10663.25065283
   8969.57219019   8839.           8839.           8839.           8839.
   8839.           8839.           8839.           8839.           8839.
   8839.           8839.        ]
