txValue= 100
IGRAPH D--- 4619 68733 -- 
+ attr: pub_key (v), base_fee (e), capacity (e), fee_rate (e), txCost (e)
None
IGRAPH D--- 4619 68733 -- 
+ attr: pub_key (v), base_fee (e), capacity (e), fee_rate (e), txCost (e)
None
Our nodes starting connections: 
(4618, 2796)
(4618, 1223)
(4618, 498)
(4618, 3265)
(4618, 3884)
(4618, 2836)
K= 3600
238.957236222
K= 3601
53.6655115243
K= 3602
1426.76101488
K= 3603
128.308941887
K= 3604
8584.16666667
K= 3605
296.667300965
K= 3606
4416.26862598
K= 3607
937.994215974
K= 3608
8839.0
K= 3609
169.968479302
K= 3610
8839.0
K= 3611
4479.81587302
K= 3612
4567.4
K= 3613
8557.25526696
K= 3614
96.9292865731
K= 3615
4572.06363636
K= 3616
826.228788011
K= 3617
5296.46085381
K= 3618
83.0696840615
K= 3619
299.824593223
K= 3620
229.346242907
K= 3621
148.464531842
K= 3622
174.978623189
K= 3623
244.415180959
K= 3624
373.122668163
K= 3625
57.6443258042
K= 3626
7082.32775158
K= 3627
6657.69898377
K= 3628
501.771868335
K= 3629
346.147052812
K= 3630
65.0064367197
K= 3631
245.218170802
K= 3632
282.532249718
K= 3633
44.519721475
K= 3634
371.956434397
K= 3635
513.316668275
K= 3636
211.400971719
K= 3637
126.765481528
K= 3638
154.26434138
K= 3639
484.088677806
K= 3640
307.573704324
K= 3641
540.942910037
K= 3642
1196.65184244
K= 3643
4475.77142857
K= 3644
95.675792658
K= 3645
125.022294477
K= 3646
4601.58680245
K= 3647
4338.99253825
K= 3648
4543.39632198
K= 3649
4554.75
K= 3650
6657.69898377
K= 3651
5567.32913644
K= 3652
8648.58823529
K= 3653
1206.36691897
K= 3654
5456.68586677
K= 3655
5800.93034516
K= 3656
6965.03260735
K= 3657
8372.77606784
K= 3658
111.088600292
K= 3659
143.528814408
K= 3660
4319.8827639
K= 3661
116.215185526
K= 3662
157.561335404
K= 3663
4201.29062796
K= 3664
7511.2915701
K= 3665
130.473356653
K= 3666
170.018243382
K= 3667
4573.07028511
K= 3668
8839.0
K= 3669
298.447313012
K= 3670
115.422058598
K= 3671
4473.77142857
K= 3672
460.595000435
K= 3673
4319.8827639
K= 3674
509.35207563
K= 3675
4533.16620471
K= 3676
165.491853742
K= 3677
105.069216669
K= 3678
4436.09435455
K= 3679
1953.87978492
K= 3680
275.472515847
K= 3681
95.8967571695
K= 3682
110.31790734
K= 3683
388.977677022
K= 3684
402.921951598
K= 3685
459.396640058
K= 3686
122.368639499
K= 3687
1035.42216145
K= 3688
4319.8827639
K= 3689
121.796705601
K= 3690
2060.13178902
K= 3691
5795.88548131
K= 3692
102.518474108
K= 3693
293.911276366
K= 3694
122.257221135
K= 3695
61.3031179613
K= 3696
1760.69154749
K= 3697
5291.38995658
K= 3698
5840.4058725
K= 3699
79.2818919918
K= 3700
4437.89151934
K= 3701
1304.56775202
K= 3702
276.703599823
K= 3703
59.8741059997
K= 3704
104.280385461
K= 3705
8648.58823529
K= 3706
297.376259418
K= 3707
432.876259417
K= 3708
146.889926883
K= 3709
131.41124346
K= 3710
146.085336143
K= 3711
84.497222533
K= 3712
6280.86642617
K= 3713
376.939380658
K= 3714
4632.92270255
K= 3715
5070.99067051
K= 3716
179.656037414
K= 3717
5841.17057838
K= 3718
193.812967211
K= 3719
8839.0
K= 3720
247.970323603
K= 3721
355.97247804
K= 3722
252.699692946
K= 3723
125.201683198
K= 3724
4935.67010772
K= 3725
6256.25822418
K= 3726
5406.36863993
K= 3727
218.096685138
K= 3728
233.963562374
K= 3729
197.448257038
K= 3730
355.604280109
K= 3731
121.074242102
K= 3732
1410.82851586
K= 3733
97.6513179219
K= 3734
6136.80700846
K= 3735
282.883336675
K= 3736
300.018678291
K= 3737
4956.45329157
K= 3738
127.773392561
K= 3739
8839.0
K= 3740
6150.72962415
K= 3741
512.389395548
K= 3742
65.5189985902
K= 3743
97.5538646183
K= 3744
187.735328086
K= 3745
71.3665232483
K= 3746
355.573907455
K= 3747
691.800277883
K= 3748
173.943521665
K= 3749
249.874218681
K= 3750
104.677397391
K= 3751
80.3000000003
K= 3752
81.9973573147
K= 3753
390.102408556
K= 3754
716.512563376
K= 3755
4450.01991989
K= 3756
98.522477756
K= 3757
87.6158931109
K= 3758
8839.0
K= 3759
178.806211767
K= 3760
3574.1316086
K= 3761
514.703681262
K= 3762
1085.6984853
K= 3763
147.299711403
K= 3764
4319.8827639
K= 3765
106.270828609
K= 3766
4475.77142857
K= 3767
5800.93034516
K= 3768
336.804114541
K= 3769
160.970438428
K= 3770
152.454352873
K= 3771
84.7539854982
K= 3772
78.0815058387
K= 3773
5100.8888598
K= 3774
362.022431449
K= 3775
125.404465797
K= 3776
89.2030212815
K= 3777
701.658105051
K= 3778
850.040421601
K= 3779
346.37253846
K= 3780
150.246136923
K= 3781
2147.42313568
K= 3782
441.320666426
K= 3783
334.156299591
K= 3784
6657.69898377
K= 3785
4319.8827639
K= 3786
362.177248822
K= 3787
111.509978413
K= 3788
326.087408619
K= 3789
179.354710146
K= 3790
112.785968713
K= 3791
6657.69898377
K= 3792
127.230895656
K= 3793
372.766404969
K= 3794
323.90452138
K= 3795
170.778623189
K= 3796
112.952442432
K= 3797
140.932440871
K= 3798
6616.19898377
K= 3799
2505.78592087
K= 3800
216.359669135
K= 3801
372.516363007
K= 3802
88.444953435
K= 3803
8839.0
K= 3804
4934.96381203
K= 3805
100.576240409
K= 3806
532.214782079
K= 3807
401.218728394
K= 3808
671.698127778
K= 3809
183.899233641
K= 3810
8839.0
K= 3811
302.042368337
K= 3812
182.200566356
K= 3813
4210.22472196
K= 3814
135.396656
K= 3815
1948.20871849
K= 3816
200.19275775
K= 3817
2181.7901497
K= 3818
363.305436647
K= 3819
232.36605093
K= 3820
105.697247732
K= 3821
484.088677806
K= 3822
109.849778364
K= 3823
8839.0
K= 3824
158.421933625
K= 3825
8839.0
K= 3826
92.2741673116
K= 3827
61.9800358611
K= 3828
149.151570062
K= 3829
7895.01905916
K= 3830
355.258865849
K= 3831
8646.0
K= 3832
226.034822165
K= 3833
45.3375867896
K= 3834
289.357305364
K= 3835
161.267156863
K= 3836
91.256720537
K= 3837
6725.03618491
K= 3838
298.391550513
K= 3839
103.520452469
K= 3840
358.623118545
K= 3841
4198.00316174
K= 3842
8839.0
K= 3843
512.989395548
K= 3844
428.396790945
K= 3845
137.584270238
K= 3846
51.7333333336
K= 3847
4387.17278592
K= 3848
55.5945670492
K= 3849
437.367146346
K= 3850
4720.39723709
K= 3851
167.214628626
K= 3852
8257.41818069
K= 3853
159.150540288
K= 3854
160.256344893
K= 3855
370.868611393
K= 3856
6152.81465255
K= 3857
181.409734356
K= 3858
303.111011119
K= 3859
72.4311573176
K= 3860
229.141473005
K= 3861
72.1698875849
K= 3862
8643.5
K= 3863
197.865678456
K= 3864
196.598808223
K= 3865
3154.8027323
K= 3866
8839.0
K= 3867
170.778623189
K= 3868
151.646245078
K= 3869
5901.2872253
K= 3870
316.396640058
K= 3871
109.703114112
K= 3872
304.557214308
K= 3873
4475.77142857
K= 3874
185.595973002
K= 3875
99.0579627344
K= 3876
170.778623189
K= 3877
170.778623189
K= 3878
100.607142857
K= 3879
128.227173583
K= 3880
142.140393627
K= 3881
116.004458421
K= 3882
389.38616531
K= 3883
4319.8827639
K= 3884
358.27113982
K= 3885
6256.25822418
K= 3886
170.778623189
K= 3887
98.2117679577
K= 3888
404.629322341
K= 3889
75.8672530304
K= 3890
5259.45408426
K= 3891
5132.69431308
K= 3892
137.670225071
K= 3893
132.251194299
K= 3894
93.1448571909
K= 3895
4425.48214286
K= 3896
544.139395548
K= 3897
4442.57142857
K= 3898
698.240095561
K= 3899
4392.37024635
K= 3900
8839.0
K= 3901
616.653135899
K= 3902
4587.91666667
K= 3903
4576.2
K= 3904
258.681474599
K= 3905
581.492082682
K= 3906
6703.47873446
K= 3907
1536.09420049
K= 3908
8657.0
K= 3909
6311.56663851
K= 3910
235.943900107
K= 3911
206.219682556
K= 3912
113.355676139
K= 3913
1232.13884868
K= 3914
131.817984589
K= 3915
94.7468956643
K= 3916
8635.41780822
K= 3917
4223.23167484
K= 3918
4475.77142857
K= 3919
170.528623189
K= 3920
153.328629762
K= 3921
311.575671391
K= 3922
4986.92933658
K= 3923
339.389150452
K= 3924
148.130266958
K= 3925
113.521454798
K= 3926
129.580701171
K= 3927
387.749659054
K= 3928
115.128844346
K= 3929
411.755344473
K= 3930
106.129858694
K= 3931
714.179976117
K= 3932
127.902036024
K= 3933
282.235636992
K= 3934
204.703129211
K= 3935
7158.71528306
K= 3936
61.5542427914
K= 3937
442.555882969
K= 3938
694.639968631
K= 3939
4560.25958844
K= 3940
1531.14302598
K= 3941
8631.21866604
K= 3942
158.421933625
K= 3943
4448.99017319
K= 3944
118.125962224
K= 3945
285.8977178
K= 3946
5508.63000824
K= 3947
4176.00316174
K= 3948
183.636892277
K= 3949
1383.78167741
K= 3950
5560.53372136
K= 3951
564.917676087
K= 3952
265.449583214
K= 3953
302.072728131
K= 3954
98.4013179219
K= 3955
4545.47735016
K= 3956
337.784832419
K= 3957
157.948233058
K= 3958
378.530969153
K= 3959
4319.8827639
K= 3960
8839.0
K= 3961
158.421933625
K= 3962
348.183128732
K= 3963
111.536904762
K= 3964
438.373296694
K= 3965
1103.36456497
K= 3966
6211.28034519
K= 3967
85.0612752212
K= 3968
164.884621354
K= 3969
6060.51012257
K= 3970
131.081872532
K= 3971
113.955266958
K= 3972
236.594254045
K= 3973
160.046202186
K= 3974
270.542701766
K= 3975
5253.93338128
K= 3976
248.020142859
K= 3977
4398.06862598
K= 3978
82.9305911943
K= 3979
90.0333333345
K= 3980
323.82451402
K= 3981
5394.20974365
K= 3982
6152.81465255
K= 3983
336.41010406
K= 3984
115.205772777
K= 3985
439.504304346
K= 3986
4571.17777778
K= 3987
256.825172479
K= 3988
348.060491743
K= 3989
5425.46085381
K= 3990
10762.5457796
K= 3991
1312.59395171
K= 3992
4387.17278592
K= 3993
131.281298115
K= 3994
5296.46085381
K= 3995
241.106387299
K= 3996
8657.0
K= 3997
135.560028863
K= 3998
1044.52906642
K= 3999
124.605080812
K= 4000
4578.86419325
K= 4001
236.936921279
K= 4002
3002.6907578
K= 4003
6795.99175415
K= 4004
121.627833245
K= 4005
370.868611393
K= 4006
162.934882643
K= 4007
370.231130436
K= 4008
151.692268732
K= 4009
6323.58123787
K= 4010
341.704487318
K= 4011
132.636912413
K= 4012
4576.33333333
K= 4013
112.021933625
K= 4014
4473.52142857
K= 4015
8663.0
K= 4016
6152.81465255
K= 4017
8839.0
K= 4018
4467.37142857
K= 4019
2148.62058599
K= 4020
201.555391036
K= 4021
288.950702746
K= 4022
8839.0
K= 4023
549.591151905
K= 4024
4319.8827639
K= 4025
1674.08758139
K= 4026
5864.93034516
K= 4027
159.907142857
K= 4028
126.570776595
K= 4029
5473.45893288
K= 4030
85.4406118795
K= 4031
3089.14899678
K= 4032
6097.46733293
K= 4033
140.359555083
K= 4034
8839.0
K= 4035
3620.4104963
K= 4036
81.5822053116
K= 4037
379.808029954
K= 4038
7329.08129313
K= 4039
4725.91283505
K= 4040
1893.0689024
K= 4041
4319.8827639
K= 4042
151.236951782
K= 4043
8644.34375
K= 4044
164.799146836
K= 4045
5467.19827094
K= 4046
91.8589176493
K= 4047
493.035562542
K= 4048
298.022103314
K= 4049
128.331232495
K= 4050
170.778623189
K= 4051
18100.9221426
K= 4052
4319.8827639
K= 4053
4319.8827639
K= 4054
75.5659246522
K= 4055
5218.43698147
K= 4056
139.121933625
K= 4057
145.658460779
K= 4058
513.389395548
K= 4059
90.0424242428
K= 4060
6756.38016839
K= 4061
120.905300111
K= 4062
192.42155755
K= 4063
353.377550514
K= 4064
4319.8827639
K= 4065
147.296933625
K= 4066
5974.23927737
K= 4067
328.625149828
K= 4068
8657.0
K= 4069
515.368948134
K= 4070
8839.0
K= 4071
465.700902419
K= 4072
459.396640058
K= 4073
185.494091753
K= 4074
334.775000663
K= 4075
326.680470958
K= 4076
270.376789411
K= 4077
281.687714138
K= 4078
8646.86186022
K= 4079
327.971875791
K= 4080
6467.49766841
K= 4081
90.8928484335
K= 4082
124.690542856
K= 4083
913.682580793
K= 4084
5105.91569419
K= 4085
79.4881511024
K= 4086
146.942079117
K= 4087
323.701807132
K= 4088
4580.72222222
K= 4089
4573.16666667
K= 4090
4193.29062796
K= 4091
191.553587946
K= 4092
541.539395548
K= 4093
8657.0
K= 4094
202.68027165
K= 4095
4566.50430108
K= 4096
5800.93034516
K= 4097
603.961379601
K= 4098
202.717414925
K= 4099
104.628225006
K= 4100
104.224709554
K= 4101
6167.56296827
K= 4102
103.968581501
K= 4103
461.694074964
K= 4104
267.582778316
K= 4105
4633.97867512
K= 4106
209.101476229
K= 4107
94.1229464216
K= 4108
6584.79812187
K= 4109
8839.0
K= 4110
149.224088349
K= 4111
8570.76217466
K= 4112
365.761997663
K= 4113
98.2352261571
K= 4114
116.663736264
K= 4115
8644.34375
K= 4116
81.0204189353
K= 4117
206.285823609
K= 4118
363.305436647
K= 4119
479.293100387
K= 4120
254.216585196
K= 4121
355.645541089
K= 4122
378.910376555
K= 4123
173.825200827
K= 4124
5290.23208159
K= 4125
4565.75
K= 4126
107.850886391
K= 4127
6444.72051019
K= 4128
5702.05137693
K= 4129
168.638528139
K= 4130
8566.07124137
K= 4131
95.9837355044
K= 4132
8482.65250454
K= 4133
471.814861455
K= 4134
320.105523866
K= 4135
8657.0
K= 4136
5373.08675097
K= 4137
6657.69898377
K= 4138
5785.29220207
K= 4139
128.652163347
K= 4140
106.144952771
K= 4141
8839.0
K= 4142
4319.8827639
K= 4143
149.720238096
K= 4144
6805.01031002
K= 4145
6152.81465255
K= 4146
5431.03096538
K= 4147
158.421933625
K= 4148
372.630921098
K= 4149
4332.57142857
K= 4150
353.021951422
K= 4151
1086.73623735
K= 4152
125.75584881
K= 4153
126.510146516
K= 4154
39.7088788369
K= 4155
124.067397117
K= 4156
864.758404046
K= 4157
584.375785339
K= 4158
183.128796699
K= 4159
351.986253029
K= 4160
4568.82608696
K= 4161
99.056334721
K= 4162
231.410520546
K= 4163
5343.22906372
K= 4164
6958.42889535
K= 4165
151.211578204
K= 4166
2147.42313568
K= 4167
491.393933308
K= 4168
5771.44723705
K= 4169
71.1238095236
K= 4170
84.4598170037
K= 4171
131.152380952
K= 4172
11754.1232184
K= 4173
130.52077561
K= 4174
139.874998104
K= 4175
156.682524585
K= 4176
151.07199652
K= 4177
132.720566639
K= 4178
8697.0892427
K= 4179
137.206521739
K= 4180
5445.51108741
K= 4181
5441.79299911
K= 4182
310.503918231
K= 4183
232.214636877
K= 4184
4824.08355361
K= 4185
87.6549446657
K= 4186
8657.0
K= 4187
174.075134913
K= 4188
6302.15498395
K= 4189
178.45520297
K= 4190
116.084212831
K= 4191
729.027272058
K= 4192
106.662224493
K= 4193
393.725497596
K= 4194
111.929800911
K= 4195
4319.8827639
K= 4196
121.719023691
K= 4197
512.389395548
K= 4198
175.485386149
K= 4199
39.1588023088
K= 4200
5800.93034516
K= 4201
284.725637965
K= 4202
135.559324944
K= 4203
170.778623189
K= 4204
135.42749888
K= 4205
1025.55110798
K= 4206
281.036145303
K= 4207
108.928288412
K= 4208
8839.0
K= 4209
9175.57430915
K= 4210
6884.16093351
K= 4211
802.241063633
K= 4212
8657.0
K= 4213
4473.77142857
K= 4214
160.496117288
K= 4215
5000.69951919
K= 4216
166.528623189
K= 4217
347.54292839
K= 4218
147.120766158
K= 4219
4250.88801175
K= 4220
127.560928039
K= 4221
497.370294546
K= 4222
142.084901769
K= 4223
4570.12142857
K= 4224
568.412925069
K= 4225
6074.68037364
K= 4226
195.294621022
K= 4227
294.142326677
K= 4228
146.123025728
K= 4229
74.19129455
K= 4230
190.869376409
K= 4231
781.980703027
K= 4232
4381.38611111
K= 4233
512.989395548
K= 4234
168.554911875
K= 4235
375.32502165
K= 4236
69.62513499
K= 4237
314.157759273
K= 4238
496.941597166
K= 4239
106.421391261
K= 4240
123.648897418
K= 4241
3980.02027917
K= 4242
140.71371825
K= 4243
141.596747973
K= 4244
492.898807519
K= 4245
170.156568246
K= 4246
215.748746346
K= 4247
252.645647253
K= 4248
104.318653949
K= 4249
432.751259417
K= 4250
889.93042565
K= 4251
5554.20042061
K= 4252
92.6386002917
K= 4253
5406.94248007
K= 4254
4319.8827639
K= 4255
170.778623189
K= 4256
147.588600292
K= 4257
4357.39444444
K= 4258
8648.32957292
K= 4259
52.7589106424
K= 4260
448.551016201
K= 4261
4561.07513925
K= 4262
5296.46085381
K= 4263
363.404144446
K= 4264
3871.19697006
K= 4265
512.989395548
K= 4266
179.19192186
K= 4267
237.329150058
K= 4268
156.084066006
K= 4269
5016.44923076
K= 4270
5936.16540629
K= 4271
353.298226032
K= 4272
8839.0
K= 4273
512.389395548
K= 4274
4319.8827639
K= 4275
80.573753541
K= 4276
124.258189915
K= 4277
4522.57127018
K= 4278
84.0110598836
K= 4279
6356.04821779
K= 4280
4564.75
K= 4281
87.534598796
K= 4282
17678.0
K= 4283
80.5906579492
K= 4284
4577.1
K= 4285
97.615956649
K= 4286
1953.02479514
K= 4287
1917.76286092
K= 4288
4951.75010243
K= 4289
3386.85164956
K= 4290
5148.59505195
K= 4291
162.533690841
K= 4292
128.234525711
K= 4293
3350.24236035
K= 4294
127.801190476
K= 4295
341.247298256
K= 4296
5294.93181271
K= 4297
8839.0
K= 4298
6152.81465255
K= 4299
491.599217023
K= 4300
6043.8180051
K= 4301
346.480640681
K= 4302
444.23708718
K= 4303
1044.83151938
K= 4304
2269.74666756
K= 4305
369.51732854
K= 4306
139.225060003
K= 4307
94.900074399
K= 4308
512.989395548
K= 4309
86.5755437082
K= 4310
5816.95924376
K= 4311
66.3127198982
K= 4312
4319.8827639
K= 4313
274.941330123
K= 4314
144.612494581
K= 4315
221.943170176
K= 4316
173.393130646
K= 4317
740.592169812
K= 4318
170.778623189
K= 4319
116.49107231
K= 4320
158.421933625
K= 4321
362.839853823
K= 4322
75.0747350439
K= 4323
239.02263445
K= 4324
60.2482141095
K= 4325
101.519504097
K= 4326
117.952084845
K= 4327
150.896390959
K= 4328
93.2324190752
K= 4329
266.02547337
K= 4330
209.897028249
K= 4331
233.331571635
K= 4332
336.304680342
K= 4333
247.244082121
K= 4334
170.778623189
K= 4335
337.79292839
K= 4336
535.134173308
K= 4337
104.074699283
K= 4338
190.994685829
K= 4339
5517.3636697
K= 4340
49.7333333336
K= 4341
461.719093275
K= 4342
4475.77142857
K= 4343
248.489565231
K= 4344
5596.99404252
K= 4345
128.778672283
K= 4346
164.202133519
K= 4347
4535.99444444
K= 4348
5100.8888598
K= 4349
512.989395548
K= 4350
348.144529724
K= 4351
123.527919157
K= 4352
122.882063727
K= 4353
482.982699545
K= 4354
5109.97105789
K= 4355
8420.73498965
K= 4356
5220.9723738
K= 4357
106.212283151
K= 4358
293.13879501
K= 4359
91.3351732572
K= 4360
319.967422753
K= 4361
102.665780344
K= 4362
5578.29732008
K= 4363
59.8380227364
K= 4364
7782.18357151
K= 4365
4201.29062796
K= 4366
176.376420544
K= 4367
227.206637873
K= 4368
158.214553216
K= 4369
127.293843516
K= 4370
445.595000435
K= 4371
4531.74444444
K= 4372
141.145274894
K= 4373
375.934577922
K= 4374
5404.71237479
K= 4375
977.140010055
K= 4376
126.995750399
K= 4377
4543.91666667
K= 4378
4390.36111111
K= 4379
5425.46085381
K= 4380
410.745152041
K= 4381
5296.46085381
K= 4382
6272.07960636
K= 4383
331.609845525
K= 4384
13746.7493547
K= 4385
512.389395548
K= 4386
520.637597265
K= 4387
5224.77941248
K= 4388
6022.5305697
K= 4389
8285.76032561
K= 4390
213.226964877
K= 4391
205.347528567
K= 4392
3471.9318491
K= 4393
110.214801072
K= 4394
381.518941789
K= 4395
53.0774916216
K= 4396
8839.0
K= 4397
7797.59763671
K= 4398
147.199846586
K= 4399
454.108033016
K= 4400
167.464712491
K= 4401
5425.46085381
K= 4402
6657.69898377
K= 4403
99.5832441249
K= 4404
8839.0
K= 4405
62.6310459481
K= 4406
138.129237973
K= 4407
2147.42313568
K= 4408
4171.20407524
K= 4409
512.389395548
K= 4410
5296.46085381
K= 4411
347.71944935
K= 4412
173.618669871
K= 4413
332.539445703
K= 4414
8657.0
K= 4415
5077.64651672
K= 4416
4393.39444444
K= 4417
531.413655273
K= 4418
512.389395548
K= 4419
365.429296117
K= 4420
313.735896341
K= 4421
173.377458837
K= 4422
209.629487115
K= 4423
473.287649222
K= 4424
72.7084533755
K= 4425
5100.8888598
K= 4426
370.868611393
K= 4427
5255.50941976
K= 4428
152.916847266
K= 4429
300.963353199
K= 4430
4475.77142857
K= 4431
90.2381803391
K= 4432
153.067984589
K= 4433
141.239417916
K= 4434
1265.65554558
K= 4435
141.795307157
K= 4436
1303.1253857
K= 4437
459.972543672
K= 4438
5560.53372136
K= 4439
830.189801398
K= 4440
97.1192547471
K= 4441
7072.05293653
K= 4442
279.767481591
K= 4443
112.102978438
K= 4444
213.547684666
K= 4445
332.353134691
K= 4446
4319.8827639
K= 4447
8565.94927536
K= 4448
293.894283676
K= 4449
8839.0
K= 4450
4526.73333333
K= 4451
70.7172266375
K= 4452
144.732786746
K= 4453
4589.72682859
K= 4454
8839.0
K= 4455
163.149273445
K= 4456
512.989395548
K= 4457
160.676327084
K= 4458
5800.93034516
K= 4459
310.392518579
K= 4460
5296.46085381
K= 4461
482.218544314
K= 4462
300.183085306
K= 4463
2413.57965746
K= 4464
122.838056787
K= 4465
419.965898191
K= 4466
89.7868739732
K= 4467
5341.11629351
K= 4468
512.389395548
K= 4469
5171.62834445
K= 4470
4209.29062796
K= 4471
189.731874533
K= 4472
289.992735657
K= 4473
64.9690062336
K= 4474
113.462687118
K= 4475
218.870493694
K= 4476
207.106214472
K= 4477
4319.8827639
K= 4478
7329.08129313
K= 4479
279.339492833
K= 4480
483.143305606
K= 4481
170.778623189
K= 4482
485.195796993
K= 4483
5259.45408426
K= 4484
131.505266958
K= 4485
303.688618088
K= 4486
4385.275
K= 4487
140.686043076
K= 4488
297.214342281
K= 4489
800.262354504
K= 4490
1045.55498168
K= 4491
159.469039325
K= 4492
5322.50485821
K= 4493
1197.53553866
K= 4494
116.907211561
K= 4495
4466.36666667
K= 4496
86.4995645053
K= 4497
715.644483367
K= 4498
17238.7619048
K= 4499
4572.5
K= 4500
129.581421718
K= 4501
233.688795198
K= 4502
1250.00313179
K= 4503
4546.2482787
K= 4504
123.324727504
K= 4505
729.860370404
K= 4506
666.937584331
K= 4507
78.4660918557
K= 4508
135.448692418
K= 4509
5517.3636697
K= 4510
4319.8827639
K= 4511
235.93692128
K= 4512
368.922448028
K= 4513
5989.69221142
K= 4514
199.470638962
K= 4515
373.080921098
K= 4516
170.778623189
K= 4517
429.673286539
K= 4518
424.334340096
K= 4519
160.776756009
K= 4520
285.798916385
K= 4521
284.830135236
K= 4522
4576.33333333
K= 4523
4974.80416103
K= 4524
6657.69898377
K= 4525
111.230987587
K= 4526
137.699917172
K= 4527
5100.8888598
K= 4528
91.1336415742
K= 4529
292.078076175
K= 4530
171.15005176
K= 4531
8648.58823529
K= 4532
339.660439782
K= 4533
125.688047491
K= 4534
145.152284365
K= 4535
5266.25008391
K= 4536
5466.46880662
K= 4537
143.083734242
K= 4538
76.7742676816
K= 4539
173.726335802
K= 4540
173.788542017
K= 4541
200.238644597
K= 4542
173.95827846
K= 4543
4573.15967039
K= 4544
4390.3827639
K= 4545
6887.54771786
K= 4546
1509.3164519
K= 4547
8657.0
K= 4548
103.386299205
K= 4549
194.157943006
K= 4550
95.2876310564
K= 4551
4319.8827639
K= 4552
4391.62171717
K= 4553
4964.20046637
K= 4554
147.884047619
K= 4555
8544.20294499
K= 4556
319.698064428
K= 4557
8839.0
K= 4558
6513.31982151
K= 4559
8624.41270231
K= 4560
4319.8827639
K= 4561
2147.42313568
K= 4562
140.686043076
K= 4563
4551.22028579
K= 4564
5296.46085381
K= 4565
157.374003855
K= 4566
4527.49795322
K= 4567
109.260064995
K= 4568
191.839977604
K= 4569
338.751261723
K= 4570
4319.8827639
K= 4571
324.733719415
K= 4572
4583.18172269
K= 4573
499.258197137
K= 4574
4319.8827639
K= 4575
3516.0871943
K= 4576
158.421933625
K= 4577
8571.241182
K= 4578
4319.8827639
K= 4579
140.561141455
K= 4580
339.939567875
K= 4581
303.524692943
K= 4582
4860.98037054
K= 4583
307.929371309
K= 4584
126.195425318
K= 4585
132.559126984
K= 4586
94.9652899792
K= 4587
75.2331761977
K= 4588
570.589294168
K= 4589
171.103587946
K= 4590
135.385450517
K= 4591
3872.4012307
K= 4592
59.2815284624
K= 4593
328.068116894
K= 4594
86.0292927809
K= 4595
421.804830847
K= 4596
209.42862319
K= 4597
8560.0
K= 4598
236.436921279
K= 4599
806.003843115
K= 4600
8839.0
K= 4601
285.437183969
K= 4602
5517.3636697
K= 4603
86.6051186498
K= 4604
103.316592641
K= 4605
6691.71435482
K= 4606
135.255266958
K= 4607
349.6743346
K= 4608
310.9697527
K= 4609
4580.0
K= 4610
152.901317922
K= 4611
175.860345878
K= 4612
5608.78522839
K= 4613
4319.8827639
K= 4614
235.605907253
K= 4615
6321.66396106
K= 4616
149.055810833
K= 4617
5761.28127406
Betweenness Centrality Improvement
[    0.             0.             0.         ...,   149.05581083
  5761.28127406     0.        ]
Top 20 BC Improvement
[4051 4282 4498 4384 4172 3990 4209 3900 4109 3825 4396 4404 4557 4070 3719
 3842 4141 4034 4022 4017]
Top 20 BC Improvement
[ 18100.92214265  17678.          17238.76190476  13746.74935474
  11754.12321839  10762.54577964   9175.57430915   8839.           8839.
   8839.           8839.           8839.           8839.           8839.
   8839.           8839.           8839.           8839.           8839.
   8839.        ]
