txValue= 100
IGRAPH D--- 4619 68733 -- 
+ attr: pub_key (v), base_fee (e), capacity (e), fee_rate (e), txCost (e)
None
IGRAPH D--- 4619 68733 -- 
+ attr: pub_key (v), base_fee (e), capacity (e), fee_rate (e), txCost (e)
None
Our nodes starting connections: 
(4618, 2796)
(4618, 1223)
(4618, 498)
(4618, 3265)
(4618, 3884)
(4618, 2836)
(4618, 2032)
(4618, 4051)
(4618, 2228)
K= 2400
4574.2
K= 2401
4583.33333333
K= 2402
5702.30869719
K= 2403
173.074263648
K= 2404
8839.0
K= 2405
104.64225633
K= 2406
322.393379993
K= 2407
309.767119104
K= 2408
4305.29976201
K= 2409
158.959590516
K= 2410
99.9610406219
K= 2411
316.625749362
K= 2412
47.9637050878
K= 2413
5383.18032119
K= 2414
116.347308239
K= 2415
8545.85371987
K= 2416
162.438973019
K= 2417
364.589855266
K= 2418
14366.8729138
K= 2419
4542.85563654
K= 2420
96.8027007686
K= 2421
296.466636692
K= 2422
4917.26463941
K= 2423
8534.54974633
K= 2424
4307.83428932
K= 2425
133.731311146
K= 2426
7715.95892831
K= 2427
4477.85563654
K= 2428
8678.76869873
K= 2429
174.305266958
K= 2430
356.937717938
K= 2431
695.009819714
K= 2432
88.5878078691
K= 2433
113.523153501
K= 2434
3712.47756233
K= 2435
642.924394996
K= 2436
5984.22170879
K= 2437
4299.05592983
K= 2438
90.2398342635
K= 2439
4527.7137609
K= 2440
384.8785286
K= 2441
12880.6407278
K= 2442
323.223243519
K= 2443
140.558401102
K= 2444
92.5740393733
K= 2445
4623.50443772
K= 2446
184.33729668
K= 2447
389.246208213
K= 2448
7386.41955074
K= 2449
99.5992231823
K= 2450
4539.93361331
K= 2451
7905.59748692
K= 2452
111.7192611
K= 2453
315.221215561
K= 2454
156.009727057
K= 2455
4307.83428932
K= 2456
8839.0
K= 2457
262.252836439
K= 2458
93.7281988709
K= 2459
205.396829837
K= 2460
62.2030261252
K= 2461
2672.7850444
K= 2462
2061.63719134
K= 2463
246.394036329
K= 2464
8839.0
K= 2465
5495.7408281
K= 2466
229.573916385
K= 2467
2422.47193363
K= 2468
124.260527435
K= 2469
141.432268125
K= 2470
6086.917018
K= 2471
4375.94904454
K= 2472
275.551205431
K= 2473
331.033897029
K= 2474
271.565891309
K= 2475
108.302895133
K= 2476
75.2292006965
K= 2477
546.118564335
K= 2478
127.876576574
K= 2479
372.00071806
K= 2480
643.057011574
K= 2481
347.118222114
K= 2482
5567.52025267
K= 2483
526.567966976
K= 2484
5199.01853083
K= 2485
102.799350159
K= 2486
8839.0
K= 2487
228.882810718
K= 2488
90.6361240487
K= 2489
370.552854822
K= 2490
149.458748497
K= 2491
5321.62226516
K= 2492
119.88902475
K= 2493
205.991439377
K= 2494
4614.0
K= 2495
193.081649314
K= 2496
3219.70407634
K= 2497
526.139395547
K= 2498
4307.83428932
K= 2499
115.275802681
K= 2500
175.528623188
K= 2501
178.023810354
K= 2502
4397.86111111
K= 2503
118.694564484
K= 2504
130.972582225
K= 2505
526.139395547
K= 2506
86.3739607914
K= 2507
154.482482993
K= 2508
121.772392761
K= 2509
6227.28275038
K= 2510
87.9202870224
K= 2511
176.922561567
K= 2512
499.866455584
K= 2513
5036.32243018
K= 2514
4199.05714769
K= 2515
4545.85475036
K= 2516
257.863733292
K= 2517
191.38113549
K= 2518
106.177180863
K= 2519
134.857814408
K= 2520
217.581131225
K= 2521
107.730852344
K= 2522
57.0485096765
K= 2523
342.724249143
K= 2524
281.233406688
K= 2525
130.354274402
K= 2526
5408.44441055
K= 2527
120.100520429
K= 2528
97.6319683423
K= 2529
7152.81380308
K= 2530
5603.08560683
K= 2531
124.389918865
K= 2532
175.266439611
K= 2533
7774.05312605
K= 2534
85.3507245863
K= 2535
5301.77822368
K= 2536
4181.0281563
K= 2537
174.805266958
K= 2538
4583.95
K= 2539
302.590583052
K= 2540
145.191669136
K= 2541
148.879868716
K= 2542
4684.18026922
K= 2543
448.644591996
K= 2544
8554.80641822
K= 2545
6103.65572065
K= 2546
4157.20087601
K= 2547
6009.94021325
K= 2548
293.677755555
K= 2549
6126.08400754
K= 2550
8839.0
K= 2551
4307.83428932
K= 2552
368.521951422
K= 2553
138.368724267
K= 2554
1664.63869892
K= 2555
292.989427543
K= 2556
549.884616883
K= 2557
417.27387661
K= 2558
877.312850482
K= 2559
557.89475862
K= 2560
140.189338443
K= 2561
56.9431304156
K= 2562
178.010459117
K= 2563
111.926440213
K= 2564
148.019234315
K= 2565
17678.0
K= 2566
142.265467648
K= 2567
4585.85
K= 2568
167.794745149
K= 2569
152.308547034
K= 2570
5318.49929865
K= 2571
227.665691466
K= 2572
4626.40973008
K= 2573
8645.0
K= 2574
140.033289198
K= 2575
209.273975284
K= 2576
369.334207804
K= 2577
5026.48763852
K= 2578
8839.0
K= 2579
8792.83428932
K= 2580
4581.375
K= 2581
168.647690712
K= 2582
122.327529941
K= 2583
3054.04601186
K= 2584
112.217841903
K= 2585
162.680608148
K= 2586
8828.5
K= 2587
4474.77142857
K= 2588
149.97571157
K= 2589
127.330232353
K= 2590
118.625537568
K= 2591
486.327058835
K= 2592
327.955598812
K= 2593
89.6574630348
K= 2594
180.811956523
K= 2595
295.730369314
K= 2596
5321.62226516
K= 2597
236.775880054
K= 2598
174.805266958
K= 2599
4429.70430108
K= 2600
1555.73599188
K= 2601
223.325033218
K= 2602
3450.02791565
K= 2603
6383.8562568
K= 2604
921.441942844
K= 2605
1060.65293293
K= 2606
140.271410143
K= 2607
4307.83428932
K= 2608
497.485903919
K= 2609
4572.28094084
K= 2610
397.108530957
K= 2611
358.717128991
K= 2612
151.196571384
K= 2613
646.499552801
K= 2614
359.064055128
K= 2615
5332.27133669
K= 2616
130.258626147
K= 2617
5567.52025267
K= 2618
822.119651295
K= 2619
8839.0
K= 2620
366.179631487
K= 2621
181.810758514
K= 2622
67.4786406412
K= 2623
214.359218058
K= 2624
103.855201334
K= 2625
6752.57191289
K= 2626
4591.02592593
K= 2627
8124.6497909
K= 2628
151.129758952
K= 2629
162.160523348
K= 2630
5109.08029292
K= 2631
4570.02413212
K= 2632
572.163606377
K= 2633
8839.0
K= 2634
6752.57191289
K= 2635
4615.66304348
K= 2636
5756.40683021
K= 2637
390.99116401
K= 2638
135.171792805
K= 2639
5321.62226516
K= 2640
526.139395547
K= 2641
4307.83428932
K= 2642
392.906824712
K= 2643
408.214222672
K= 2644
4185.95968347
K= 2645
185.040709935
K= 2646
85.7954531041
K= 2647
4471.17142857
K= 2648
131.514857078
K= 2649
367.491644213
K= 2650
6342.14709701
K= 2651
1074.90578575
K= 2652
4646.25435519
K= 2653
268.256883771
K= 2654
264.573284916
K= 2655
125.177468423
K= 2656
4569.06617647
K= 2657
153.341722445
K= 2658
84.6632831797
K= 2659
5213.04408721
K= 2660
380.291800283
K= 2661
530.456054463
K= 2662
5321.62226516
K= 2663
151.424212899
K= 2664
445.123866919
K= 2665
5525.26433787
K= 2666
492.422548387
K= 2667
343.198671919
K= 2668
83.5896923643
K= 2669
227.992677484
K= 2670
120.416208203
K= 2671
102.518467777
K= 2672
8839.0
K= 2673
5496.17581251
K= 2674
322.083272727
K= 2675
309.699599162
K= 2676
331.809845075
K= 2677
135.684883693
K= 2678
5321.62226516
K= 2679
119.44785014
K= 2680
388.868611393
K= 2681
498.872548387
K= 2682
3693.89802607
K= 2683
4307.83428932
K= 2684
4307.83428932
K= 2685
523.99570118
K= 2686
8554.80641822
K= 2687
4307.83428932
K= 2688
270.533621581
K= 2689
5496.17581251
K= 2690
1081.48678002
K= 2691
4149.4985666
K= 2692
4524.07096774
K= 2693
817.011367375
K= 2694
5999.16148285
K= 2695
5311.53781168
K= 2696
188.049351472
K= 2697
953.286676806
K= 2698
281.401895715
K= 2699
137.492031017
K= 2700
131.960823873
K= 2701
5928.56157701
K= 2702
79.9529108907
K= 2703
239.661218932
K= 2704
8488.03229523
K= 2705
107.423689391
K= 2706
126.254846144
K= 2707
4291.52142857
K= 2708
5234.94370973
K= 2709
55.0619047618
K= 2710
661.361335186
K= 2711
4541.99444444
K= 2712
643.569545726
K= 2713
120.382288265
K= 2714
98.5937890023
K= 2715
164.551776321
K= 2716
6210.59265609
K= 2717
4583.27142857
K= 2718
210.804612303
K= 2719
87.8786582756
K= 2720
5321.62226516
K= 2721
296.6097273
K= 2722
507.176830503
K= 2723
384.263528956
K= 2724
8554.80641822
K= 2725
362.952332157
K= 2726
333.280366604
K= 2727
4568.35
K= 2728
459.68207528
K= 2729
339.596673595
K= 2730
318.415556304
K= 2731
5500.99546962
K= 2732
5228.83295405
K= 2733
443.245276772
K= 2734
6243.59265609
K= 2735
975.614823265
K= 2736
366.944967596
K= 2737
4531.43333333
K= 2738
981.906865383
K= 2739
112.308921831
K= 2740
174.305266958
K= 2741
269.798095272
K= 2742
156.050866251
K= 2743
177.861956522
K= 2744
229.731974937
K= 2745
297.404694633
K= 2746
4307.83428932
K= 2747
155.323275862
K= 2748
5496.17581251
K= 2749
6342.98093161
K= 2750
282.345291326
K= 2751
526.139395547
K= 2752
132.414982647
K= 2753
87.4722799498
K= 2754
8608.46666667
K= 2755
1480.73545158
K= 2756
5601.60914291
K= 2757
120.308548128
K= 2758
210.359571101
K= 2759
8839.0
K= 2760
500.980091947
K= 2761
151.291001118
K= 2762
5466.52287398
K= 2763
645.729170312
K= 2764
4510.10197079
K= 2765
83.0651294714
K= 2766
216.377458057
K= 2767
5476.95737445
K= 2768
105.661960214
K= 2769
6744.7505293
K= 2770
8542.05741249
K= 2771
4438.47399387
K= 2772
81.6445755132
K= 2773
435.226969822
K= 2774
154.26031072
K= 2775
8839.0
K= 2776
442.805834759
K= 2777
435.844594415
K= 2778
6666.56411905
K= 2779
4431.3
K= 2780
310.181272613
K= 2781
312.737064992
K= 2782
180.581999781
K= 2783
143.908009936
K= 2784
4571.49518717
K= 2785
369.24878069
K= 2786
478.590748547
K= 2787
8828.0
K= 2788
117.538410801
K= 2789
231.683751737
K= 2790
164.940841709
K= 2791
8636.35
K= 2792
1309.03188275
K= 2793
163.715237956
K= 2794
133.801550152
K= 2795
168.630516664
K= 2796
1207.94481247
K= 2797
126.820655108
K= 2798
88.4107108419
K= 2799
226.376404073
K= 2800
128.427601195
K= 2801
7514.55815727
K= 2802
8463.09952153
K= 2803
105.946815902
K= 2804
4307.83428932
K= 2805
74.894490066
K= 2806
4528.48333333
K= 2807
175.443101777
K= 2808
96.3785204991
K= 2809
286.255222689
K= 2810
5860.72123137
K= 2811
299.561668948
K= 2812
464.165820817
K= 2813
230.421399736
K= 2814
4571.87321341
K= 2815
4307.83428932
K= 2816
102.315283416
K= 2817
151.172366526
K= 2818
8650.98524586
K= 2819
1058.62790346
K= 2820
5039.783723
K= 2821
4381.17278592
K= 2822
395.68669305
K= 2823
4570.62213229
K= 2824
347.547001433
K= 2825
459.019363611
K= 2826
175.329496565
K= 2827
8395.93538647
K= 2828
84.205197475
K= 2829
82.2614692606
K= 2830
5321.62226516
K= 2831
4307.83428932
K= 2832
445.876259417
K= 2833
4517.38853963
K= 2834
4546.79806652
K= 2835
8839.0
K= 2836
1035.86991175
K= 2837
930.75443089
K= 2838
6752.57191289
K= 2839
5808.52887356
K= 2840
4529.81240578
K= 2841
6320.85044275
K= 2842
2409.65409694
K= 2843
174.383787458
K= 2844
115.899323121
K= 2845
305.50959275
K= 2846
146.857552828
K= 2847
86.1470170695
K= 2848
234.104976795
K= 2849
257.66507561
K= 2850
77.1089492183
K= 2851
338.880319183
K= 2852
927.580704448
K= 2853
8636.35
K= 2854
114.326860497
K= 2855
4448.65148893
K= 2856
111.454997336
K= 2857
96.0790994641
K= 2858
5808.52887356
K= 2859
75.4707323669
K= 2860
994.909507345
K= 2861
185.411411775
K= 2862
4524.27312588
K= 2863
8215.41762904
K= 2864
145.926681652
K= 2865
8038.60754606
K= 2866
369.089987384
K= 2867
112.061111111
K= 2868
944.874043239
K= 2869
145.146785864
K= 2870
470.563925468
K= 2871
994.168417156
K= 2872
5466.52287398
K= 2873
1270.6134937
K= 2874
333.280366604
K= 2875
342.681259141
K= 2876
526.139395547
K= 2877
53.4833333333
K= 2878
188.781649314
K= 2879
184.152647652
K= 2880
1034.71674165
K= 2881
5415.57906372
K= 2882
356.87217163
K= 2883
7472.27469857
K= 2884
149.277567648
K= 2885
149.119208869
K= 2886
188.470114919
K= 2887
154.860317464
K= 2888
151.163201946
K= 2889
142.773091764
K= 2890
65.0277435603
K= 2891
122.034425976
K= 2892
172.19580106
K= 2893
180.27058558
K= 2894
4307.83428932
K= 2895
180.426045629
K= 2896
16837.0914389
K= 2897
390.145206812
K= 2898
373.380651177
K= 2899
424.699509117
K= 2900
169.101503759
K= 2901
8630.0
K= 2902
4580.96113445
K= 2903
333.280366604
K= 2904
178.361956522
K= 2905
4181.0281563
K= 2906
388.868611393
K= 2907
3331.69529999
K= 2908
280.716057089
K= 2909
4528.53096774
K= 2910
517.843346187
K= 2911
453.528152591
K= 2912
274.701206994
K= 2913
76.1379289351
K= 2914
5321.62226516
K= 2915
5860.72123137
K= 2916
275.221515452
K= 2917
169.877379057
K= 2918
5949.61917857
K= 2919
107.967143514
K= 2920
526.567966976
K= 2921
8839.0
K= 2922
977.657890492
K= 2923
177.861956522
K= 2924
289.64249458
K= 2925
270.888307468
K= 2926
251.26291487
K= 2927
4575.0
K= 2928
251.184528781
K= 2929
273.600933193
K= 2930
276.146450088
K= 2931
431.445889706
K= 2932
522.639395547
K= 2933
5496.17581251
K= 2934
246.917996909
K= 2935
840.377187213
K= 2936
171.874412515
K= 2937
114.639598694
K= 2938
787.50411259
K= 2939
110.599754009
K= 2940
98.2668524665
K= 2941
372.852046758
K= 2942
310.232066329
K= 2943
133.397304643
K= 2944
93.9557197008
K= 2945
5369.93907355
K= 2946
388.868611393
K= 2947
5337.93421999
K= 2948
312.22888283
K= 2949
189.92780316
K= 2950
4448.83428932
K= 2951
625.433523912
K= 2952
319.504593345
K= 2953
499.866455584
K= 2954
5451.06014546
K= 2955
132.045053312
K= 2956
4307.83428932
K= 2957
5091.8414526
K= 2958
368.521951422
K= 2959
132.457961778
K= 2960
5719.13969956
K= 2961
7528.99875794
K= 2962
177.861956522
K= 2963
4568.72193363
K= 2964
349.17067496
K= 2965
67.3711474241
K= 2966
8591.10637097
K= 2967
352.503400223
K= 2968
413.94416071
K= 2969
1617.48760354
K= 2970
280.328557089
K= 2971
5300.5004647
K= 2972
4307.83428932
K= 2973
93.2560691154
K= 2974
76.6196398415
K= 2975
207.641035979
K= 2976
395.414728365
K= 2977
489.910020934
K= 2978
4441.17077975
K= 2979
177.861956522
K= 2980
64.4771728005
K= 2981
4427.65784314
K= 2982
87.38269466
K= 2983
371.566391033
K= 2984
86.6365210873
K= 2985
4398.39444444
K= 2986
107.908252087
K= 2987
4189.95968347
K= 2988
5457.74726516
K= 2989
5321.62226516
K= 2990
132.824358974
K= 2991
4307.83428932
K= 2992
174.460835745
K= 2993
332.135937511
K= 2994
191.529805735
K= 2995
4558.9485886
K= 2996
121.044411852
K= 2997
162.267051617
K= 2998
5107.27496926
K= 2999
4527.66454985
K= 3000
139.334049084
K= 3001
4049.80118533
K= 3002
95.7592983575
K= 3003
82.2900424068
K= 3004
6504.50868578
K= 3005
336.342368337
K= 3006
335.713158974
K= 3007
5321.62226516
K= 3008
200.736601254
K= 3009
318.718126351
K= 3010
5924.72123137
K= 3011
1243.07387309
K= 3012
5635.90400181
K= 3013
80.8847038657
K= 3014
182.361944976
K= 3015
5603.08560683
K= 3016
388.188577254
K= 3017
97.8250335414
K= 3018
136.78961379
K= 3019
8421.04571945
K= 3020
4553.60235352
K= 3021
5800.22728371
K= 3022
142.581107973
K= 3023
6819.52199743
K= 3024
1245.18290497
K= 3025
189.444664336
K= 3026
169.563498977
K= 3027
5402.92908122
K= 3028
67.9362299294
K= 3029
4378.33428932
K= 3030
4530.10849888
K= 3031
388.716151664
K= 3032
117.210276778
K= 3033
128.07630014
K= 3034
411.993852458
K= 3035
277.249525108
K= 3036
328.122324171
K= 3037
8839.0
K= 3038
1111.61645818
K= 3039
139.050578673
K= 3040
325.842418671
K= 3041
5321.62226516
K= 3042
5354.95239984
K= 3043
5321.62226516
K= 3044
8408.66356108
K= 3045
87.0903779998
K= 3046
416.737974912
K= 3047
132.809759554
K= 3048
4529.3726766
K= 3049
91.5286146231
K= 3050
312.344714104
K= 3051
87.6997785101
K= 3052
67.2408596835
K= 3053
3196.22414217
K= 3054
542.308026514
K= 3055
388.588878937
K= 3056
177.861956522
K= 3057
4307.83428932
K= 3058
2110.44810672
K= 3059
96.3833333333
K= 3060
526.139395547
K= 3061
6099.18656909
K= 3062
270.237368444
K= 3063
6164.25256356
K= 3064
280.328557089
K= 3065
4307.83428932
K= 3066
4572.70430108
K= 3067
73.6524798303
K= 3068
101.586562061
K= 3069
147.851731605
K= 3070
5476.95737445
K= 3071
313.3670914
K= 3072
8636.35
K= 3073
8839.0
K= 3074
8839.0
K= 3075
73.0470574918
K= 3076
84.7354808789
K= 3077
130.474327388
K= 3078
975.614823265
K= 3079
6210.59265609
K= 3080
69.6337911333
K= 3081
140.69925075
K= 3082
124.26854501
K= 3083
7126.04447312
K= 3084
4307.83428932
K= 3085
90.6979945236
K= 3086
79.7758998944
K= 3087
233.80119949
K= 3088
4536.19225516
K= 3089
390.893571261
K= 3090
644.158361811
K= 3091
6210.59265609
K= 3092
4541.99444444
K= 3093
133.065197116
K= 3094
174.305266959
K= 3095
252.570420555
K= 3096
105.780808999
K= 3097
151.736397349
K= 3098
177.861956522
K= 3099
193.131955116
K= 3100
94.3150807023
K= 3101
219.918445641
K= 3102
263.509838691
K= 3103
5514.67089041
K= 3104
102.165653388
K= 3105
177.861956522
K= 3106
169.438548944
K= 3107
4558.06812032
K= 3108
4583.9375
K= 3109
54.1427875749
K= 3110
6647.65048111
K= 3111
8839.0
K= 3112
4307.83428932
K= 3113
4287.69696552
K= 3114
202.212184896
K= 3115
182.228625946
K= 3116
101.455108588
K= 3117
156.713600293
K= 3118
0.0
K= 3119
112.608921831
K= 3120
455.044120424
K= 3121
4153.09237117
K= 3122
94.1581200344
K= 3123
336.242166412
K= 3124
0.0
K= 3125
4589.0625
K= 3126
1382.69434681
K= 3127
78.4660277087
K= 3128
4542.25286133
K= 3129
178.662730904
K= 3130
5476.95737445
K= 3131
105.485752775
K= 3132
584.488718764
K= 3133
200.999471011
K= 3134
151.351993801
K= 3135
119.87582973
K= 3136
140.603786223
K= 3137
356.579743672
K= 3138
4434.77142857
K= 3139
363.558735064
K= 3140
8627.47193363
K= 3141
188.581649314
K= 3142
103.434100594
K= 3143
4904.95446133
K= 3144
98.4748752402
K= 3145
136.097736699
K= 3146
174.305266959
K= 3147
4307.83428932
K= 3148
192.906713147
K= 3149
806.835267594
K= 3150
77.1292875373
K= 3151
6646.26533929
K= 3152
173.460900981
K= 3153
299.291684846
K= 3154
4476.27142857
K= 3155
8645.0
K= 3156
178.469799659
K= 3157
3896.01278129
K= 3158
180.778623188
K= 3159
1388.59782632
K= 3160
337.760177931
K= 3161
1120.35008837
K= 3162
73.2312699272
K= 3163
4220.9018387
K= 3164
194.386851809
K= 3165
8575.79834851
K= 3166
5083.47114188
K= 3167
127.245754443
K= 3168
8839.0
K= 3169
63.4315637117
K= 3170
4584.46666667
K= 3171
96.568273243
K= 3172
136.212514009
K= 3173
8839.0
K= 3174
137.140714956
K= 3175
279.842181879
K= 3176
4330.72976191
K= 3177
363.071138074
K= 3178
133.67349413
K= 3179
87.0038376295
K= 3180
370.27581655
K= 3181
4476.27142857
K= 3182
382.508126141
K= 3183
5496.17581251
K= 3184
481.208960288
K= 3185
273.879660719
K= 3186
113.737343953
K= 3187
106.291522953
K= 3188
120.964152811
K= 3189
101.332881663
K= 3190
100.726679434
K= 3191
8839.0
K= 3192
3192.56404237
K= 3193
6648.63453961
K= 3194
62.05108875
K= 3195
6210.59265609
K= 3196
6852.0916824
K= 3197
8938.0
K= 3198
140.994525814
K= 3199
6075.3991677
K= 3200
177.965872482
K= 3201
121.789201586
K= 3202
4181.0281563
K= 3203
179.801996093
K= 3204
171.271882278
K= 3205
5857.12123137
K= 3206
4307.83428932
K= 3207
101.483509506
K= 3208
4476.27142857
K= 3209
8839.0
K= 3210
583.139809768
K= 3211
499.866455584
K= 3212
661.861335186
K= 3213
4307.83428932
K= 3214
374.180690332
K= 3215
205.531277456
K= 3216
697.274391844
K= 3217
4307.83428932
K= 3218
92.916121283
K= 3219
89.1389565296
K= 3220
67.3351246541
K= 3221
314.934577922
K= 3222
5295.1782691
K= 3223
470.399360387
K= 3224
331.743619859
K= 3225
111.893642506
K= 3226
229.385110123
K= 3227
5296.82233155
K= 3228
0.0
K= 3229
497.766570126
K= 3230
782.965472048
K= 3231
5868.75606049
K= 3232
460.679340649
K= 3233
6160.84473064
K= 3234
7548.56333225
K= 3235
631.530498295
K= 3236
8839.0
K= 3237
154.706694806
K= 3238
4545.25833333
K= 3239
533.1455071
K= 3240
8636.35
K= 3241
287.089142303
K= 3242
158.176174176
K= 3243
162.18527668
K= 3244
6210.59265609
K= 3245
7980.19449824
K= 3246
2041.2836125
K= 3247
4307.83428932
K= 3248
4540.52777778
K= 3249
4611.80748551
K= 3250
216.033975124
K= 3251
177.005266958
K= 3252
351.654269316
K= 3253
368.26305778
K= 3254
4181.0281563
K= 3255
816.589387879
K= 3256
128.235808774
K= 3257
55.0265437586
K= 3258
214.739648314
K= 3259
48.7521787544
K= 3260
85.2516651826
K= 3261
6210.59265609
K= 3262
1008.45875452
K= 3263
342.220686529
K= 3264
154.298864358
K= 3265
0.0
K= 3266
182.417418947
K= 3267
252.540621849
K= 3268
69.2053665136
K= 3269
66.611688075
K= 3270
8839.0
K= 3271
105.228797862
K= 3272
5321.62226516
K= 3273
3202.41540466
K= 3274
143.139756162
K= 3275
4307.83428932
K= 3276
151.705266958
K= 3277
113.080390732
K= 3278
84.0757568942
K= 3279
114.293789541
K= 3280
338.794577126
K= 3281
182.147670807
K= 3282
161.967120791
K= 3283
131.839582751
K= 3284
4581.86666667
K= 3285
142.811705686
K= 3286
173.524277916
K= 3287
4473.55714286
K= 3288
2480.1485448
K= 3289
387.638878937
K= 3290
95.5389055534
K= 3291
143.906627763
K= 3292
180.27058558
K= 3293
73.5091845579
K= 3294
179.450852212
K= 3295
377.377547823
K= 3296
5466.99372665
K= 3297
221.853980586
K= 3298
3115.30935556
K= 3299
84.8685574229
K= 3300
147.309202897
K= 3301
108.904108997
K= 3302
4307.83428932
K= 3303
4528.48333333
K= 3304
213.886025954
K= 3305
5991.88151997
K= 3306
108.262611355
K= 3307
320.090771685
K= 3308
149.821882277
K= 3309
6715.31508438
K= 3310
127.972034722
K= 3311
166.488548944
K= 3312
179.461956522
K= 3313
4870.97876061
K= 3314
6752.57191289
K= 3315
96.634999078
K= 3316
8523.52813089
K= 3317
153.199109674
K= 3318
5567.52025267
K= 3319
175.266575069
K= 3320
119.31973361
K= 3321
395.758214776
K= 3322
4307.83428932
K= 3323
182.01966496
K= 3324
91.7342034042
K= 3325
129.113894611
K= 3326
129.216419887
K= 3327
1790.75224241
K= 3328
61.8796318509
K= 3329
100.901051237
K= 3330
84.6445458094
K= 3331
103.977425181
K= 3332
6160.84473064
K= 3333
1548.17938544
K= 3334
526.353669716
K= 3335
4476.27142857
K= 3336
162.218825206
K= 3337
228.035073981
K= 3338
5191.96834065
K= 3339
4839.89852213
K= 3340
4543.96541709
K= 3341
4158.9218776
K= 3342
8839.0
K= 3343
4583.19444444
K= 3344
362.913447128
K= 3345
166.16344495
K= 3346
2508.05964935
K= 3347
280.908751797
K= 3348
202.847784585
K= 3349
17678.0
K= 3350
1183.45492827
K= 3351
921.044730899
K= 3352
230.066302037
K= 3353
190.737539038
K= 3354
17678.0
K= 3355
90.5892344683
K= 3356
151.365160247
K= 3357
89.2508566417
K= 3358
5408.23927245
K= 3359
294.785997139
K= 3360
8442.7328019
K= 3361
6496.90636958
K= 3362
167.843498934
K= 3363
7792.50558696
K= 3364
4307.83428932
K= 3365
4307.83428932
K= 3366
129.028623188
K= 3367
5942.41403391
K= 3368
117.38931398
K= 3369
429.372237445
K= 3370
5567.52025267
K= 3371
264.966000737
K= 3372
163.561783208
K= 3373
201.882069272
K= 3374
498.872548387
K= 3375
5379.47740629
K= 3376
363.251207915
K= 3377
4429.85611925
K= 3378
153.682600026
K= 3379
4476.27142857
K= 3380
526.139395547
K= 3381
5567.52025267
K= 3382
5449.62226516
K= 3383
4307.83428932
K= 3384
457.615600849
K= 3385
144.571933625
K= 3386
5860.72123137
K= 3387
4307.83428932
K= 3388
4307.83428932
K= 3389
1298.37572223
K= 3390
120.243044759
K= 3391
2049.18827213
K= 3392
109.235714287
K= 3393
1208.52964169
K= 3394
473.621020613
K= 3395
5175.66609892
K= 3396
176.019552673
K= 3397
4307.83428932
K= 3398
153.3466811
K= 3399
320.042368337
K= 3400
8839.0
K= 3401
8839.0
K= 3402
4579.575
K= 3403
6446.12663627
K= 3404
6279.72316068
K= 3405
619.532298562
K= 3406
358.814557961
K= 3407
214.635384258
K= 3408
178.273622463
K= 3409
132.731623558
K= 3410
6396.94987806
K= 3411
158.164231857
K= 3412
127.705779282
K= 3413
780.989425431
K= 3414
388.188577254
K= 3415
94.7509613705
K= 3416
498.614063086
K= 3417
61.4223799465
K= 3418
4528.48333333
K= 3419
78.3773738979
K= 3420
124.572028095
K= 3421
108.707599293
K= 3422
469.513620514
K= 3423
178.161956522
K= 3424
5354.95239984
K= 3425
516.826817978
K= 3426
5621.31060683
K= 3427
108.057326498
K= 3428
333.280366604
K= 3429
58.0061637025
K= 3430
5860.72123137
K= 3431
191.479126416
K= 3432
4571.96666667
K= 3433
139.035515959
K= 3434
121.645144071
K= 3435
4564.88190462
K= 3436
8629.88235294
K= 3437
4567.7952381
K= 3438
347.118222114
K= 3439
4307.83428932
K= 3440
4307.83428932
K= 3441
178.482142857
K= 3442
496.414855823
K= 3443
150.734497212
K= 3444
8839.0
K= 3445
101.0
K= 3446
8839.0
K= 3447
149.957808835
K= 3448
378.382185424
K= 3449
114.424319295
K= 3450
324.832458219
K= 3451
8839.0
K= 3452
133.152388977
K= 3453
107.903026125
K= 3454
496.127428593
K= 3455
4574.31706944
K= 3456
334.405366604
K= 3457
108.954505913
K= 3458
4307.83428932
K= 3459
526.567966976
K= 3460
5860.72123137
K= 3461
53.4242424241
K= 3462
5342.3025805
K= 3463
8625.46666667
K= 3464
88.740653518
K= 3465
142.041591267
K= 3466
162.906855647
K= 3467
510.564753663
K= 3468
869.753614217
K= 3469
4307.83428932
K= 3470
109.630964617
K= 3471
136.481491035
K= 3472
380.141800283
K= 3473
5999.16148285
K= 3474
188.472289699
K= 3475
4307.83428932
K= 3476
8616.2700886
K= 3477
1964.59999163
K= 3478
103.067765719
K= 3479
102.747220436
K= 3480
5567.52025267
K= 3481
293.662965426
K= 3482
228.259226584
K= 3483
104.863405925
K= 3484
297.007609108
K= 3485
130.607223673
K= 3486
685.393250888
K= 3487
5321.62226516
K= 3488
5321.62226516
K= 3489
177.861956522
K= 3490
396.585486655
K= 3491
190.578147913
K= 3492
8839.0
K= 3493
856.529712304
K= 3494
8839.0
K= 3495
390.868611393
K= 3496
4568.16666667
K= 3497
8172.00618116
K= 3498
108.278027294
K= 3499
385.775858475
K= 3500
94.337669806
K= 3501
5767.56774459
K= 3502
4307.83428932
K= 3503
4476.27142857
K= 3504
7334.02319892
K= 3505
388.870502436
K= 3506
4475.42142857
K= 3507
8184.51164498
K= 3508
128.403436698
K= 3509
93.1652871149
K= 3510
6543.0914977
K= 3511
283.840811049
K= 3512
4307.83428932
K= 3513
1566.5394462
K= 3514
82.3761964611
K= 3515
273.660046659
K= 3516
473.621020613
K= 3517
325.691706198
K= 3518
157.812701047
K= 3519
96.5621538996
K= 3520
65.1235074354
K= 3521
4307.83428932
K= 3522
117.173398976
K= 3523
4307.83428932
K= 3524
74.8252982243
K= 3525
184.347670808
K= 3526
122.951895317
K= 3527
3226.68224451
K= 3528
280.444625458
K= 3529
5321.62226516
K= 3530
4678.46387396
K= 3531
384.176668003
K= 3532
6598.48643363
K= 3533
292.873141233
K= 3534
344.163576139
K= 3535
989.330200619
K= 3536
179.911956522
K= 3537
5321.62226516
K= 3538
303.178478986
K= 3539
5183.91609892
K= 3540
3519.49257864
K= 3541
387.422462655
K= 3542
136.210067242
K= 3543
405.279073879
K= 3544
8839.0
K= 3545
174.692030901
K= 3546
8839.0
K= 3547
4307.83428932
K= 3548
77.6191376622
K= 3549
54.391025641
K= 3550
5321.62226516
K= 3551
174.053705771
K= 3552
129.05195662
K= 3553
177.861956522
K= 3554
341.353944666
K= 3555
478.590748547
K= 3556
5466.52287398
K= 3557
329.912080125
K= 3558
107.061279922
K= 3559
4565.3802043
K= 3560
55.6039046609
K= 3561
113.304857316
K= 3562
127.404088475
K= 3563
5963.38145421
K= 3564
655.897821686
K= 3565
6491.96859718
K= 3566
101.278522307
K= 3567
387.515849982
K= 3568
318.912811105
K= 3569
8645.0
K= 3570
4307.83428932
K= 3571
4307.83428932
K= 3572
174.305266959
K= 3573
5802.1711695
K= 3574
5005.68605578
K= 3575
6229.34805862
K= 3576
4307.83428932
K= 3577
93.8048687752
K= 3578
238.655679543
K= 3579
303.277135279
K= 3580
397.608029954
K= 3581
373.999662319
K= 3582
6111.03971437
K= 3583
5860.72123137
K= 3584
174.305266959
K= 3585
1407.11132452
K= 3586
5289.19908973
K= 3587
229.032032538
K= 3588
66.2199027112
K= 3589
99.1554531514
K= 3590
4627.50394249
K= 3591
282.484056274
K= 3592
8839.0
K= 3593
8643.81818182
K= 3594
183.728096833
K= 3595
5481.77822368
K= 3596
92.2279874211
K= 3597
162.471933625
K= 3598
4307.83428932
K= 3599
105.643064606
K= 3600
244.325250845
Betweenness Centrality Improvement
[ 0.  0.  0. ...,  0.  0.  0.]
Top 20 BC Improvement
[2565 3349 3354 2896 2418 2441 3197 3209 3342 3270 3494 3400 3401 3236 3492
 3592 3546 3544 3111 3446]
Top 20 BC Improvement
[ 17678.          17678.          17678.          16837.09143889
  14366.8729138   12880.64072779   8938.           8839.           8839.
   8839.           8839.           8839.           8839.           8839.
   8839.           8839.           8839.           8839.           8839.
   8839.        ]
