txValue= 100
IGRAPH D--- 4619 68733 -- 
+ attr: pub_key (v), base_fee (e), capacity (e), fee_rate (e), txCost (e)
None
Our nodes starting connections: 
(4618, 2796)
(4618, 1223)
K= 3600
209.266983308
K= 3601
31.7054834054
K= 3602
1332.98443946
K= 3603
107.047084105
K= 3604
8607.5
K= 3605
262.763940967
K= 3606
4396.42857143
K= 3607
925.812306007
K= 3608
8827.0
K= 3609
85.1648973052
K= 3610
8827.0
K= 3611
4459.94444444
K= 3612
4528.0
K= 3613
8581.14275355
K= 3614
64.8756715506
K= 3615
4560.0
K= 3616
705.795475784
K= 3617
5166.04419634
K= 3618
32.2355782198
K= 3619
266.791259889
K= 3620
197.56060142
K= 3621
116.570238095
K= 3622
149.745289855
K= 3623
213.018752387
K= 3624
337.337386778
K= 3625
16.6913118421
K= 3626
6713.6670938
K= 3627
6353.01039053
K= 3628
458.27547984
K= 3629
294.856299591
K= 3630
15.1879568571
K= 3631
205.921848864
K= 3632
247.923916385
K= 3633
27.1586561099
K= 3634
337.337386778
K= 3635
483.839395548
K= 3636
178.651214379
K= 3637
107.908205391
K= 3638
56.4680799514
K= 3639
447.453412105
K= 3640
276.538114836
K= 3641
341.69323392
K= 3642
1117.9304303
K= 3643
4458.42857143
K= 3644
70.0523809524
K= 3645
84.2539682538
K= 3646
4574.58060225
K= 3647
3526.73146201
K= 3648
4522.93076923
K= 3649
4543.0
K= 3650
6353.01039053
K= 3651
5425.0454121
K= 3652
8677.0
K= 3653
776.842767944
K= 3654
5314.2844907
K= 3655
5608.43430426
K= 3656
6616.46697429
K= 3657
8171.80100574
K= 3658
80.642753553
K= 3659
97.2586632362
K= 3660
4347.0
K= 3661
59.6852494124
K= 3662
137.468478261
K= 3663
8641.84
K= 3664
7199.49667353
K= 3665
97.5152188221
K= 3666
141.596263083
K= 3667
4538.83551366
K= 3668
8827.0
K= 3669
200.202144506
K= 3670
34.2951666754
K= 3671
4456.42857143
K= 3672
410.895000435
K= 3673
4347.0
K= 3674
460.498068756
K= 3675
4524.80892857
K= 3676
108.168846988
K= 3677
30.0818717676
K= 3678
4443.252151
K= 3679
1867.43141138
K= 3680
246.295633941
K= 3681
52.3400183151
K= 3682
95.3179073401
K= 3683
340.622114865
K= 3684
317.754520878
K= 3685
424.446016932
K= 3686
97.3333333335
K= 3687
965.322985305
K= 3688
4347.0
K= 3689
64.2333333333
K= 3690
1503.18577682
K= 3691
5599.912605
K= 3692
76.9999999999
K= 3693
237.466327124
K= 3694
48.1477381396
K= 3695
41.2500000001
K= 3696
1596.051378
K= 3697
5182.20577746
K= 3698
5632.64980322
K= 3699
36.1291227291
K= 3700
4400.67980296
K= 3701
1261.54324858
K= 3702
255.803168805
K= 3703
29.8
K= 3704
64.4940476191
K= 3705
8677.0
K= 3706
259.851259417
K= 3707
401.851259417
K= 3708
66.8529220781
K= 3709
64.003387621
K= 3710
125.08652966
K= 3711
42.1558108559
K= 3712
6015.0252734
K= 3713
295.268191499
K= 3714
4587.02686922
K= 3715
4957.94486911
K= 3716
113.886408088
K= 3717
5631.64980322
K= 3718
29.253199663
K= 3719
8827.0
K= 3720
145.1750777
K= 3721
309.135751179
K= 3722
208.266980332
K= 3723
109.103609611
K= 3724
4836.82234022
K= 3725
5972.38770484
K= 3726
5215.74215884
K= 3727
139.548681582
K= 3728
203.52989477
K= 3729
159.440917022
K= 3730
316.087386778
K= 3731
28.8858340188
K= 3732
1352.5798421
K= 3733
65.7407894736
K= 3734
5867.44542373
K= 3735
246.923916385
K= 3736
260.991960158
K= 3737
4871.35589506
K= 3738
109.93348037
K= 3739
8827.0
K= 3740
5907.18082113
K= 3741
483.839395548
K= 3742
24.1764522027
K= 3743
79.4753632809
K= 3744
98.3831122167
K= 3745
60.875
K= 3746
327.488569109
K= 3747
613.313771051
K= 3748
111.624160626
K= 3749
224.487313919
K= 3750
68.9572871573
K= 3751
71.8500000001
K= 3752
28.2973877429
K= 3753
356.028040668
K= 3754
674.976749657
K= 3755
4413.77916667
K= 3756
23.9997416977
K= 3757
60.6096059113
K= 3758
8827.0
K= 3759
171.38827143
K= 3760
3055.96953402
K= 3761
483.839395548
K= 3762
644.387652226
K= 3763
116.142753553
K= 3764
4347.0
K= 3765
13.9073162946
K= 3766
4458.42857143
K= 3767
5608.43430426
K= 3768
292.711241011
K= 3769
129.23234319
K= 3770
125.549789115
K= 3771
49.2571428572
K= 3772
27.1507936508
K= 3773
5017.84362791
K= 3774
329.328781613
K= 3775
91.1666666667
K= 3776
55.1959706959
K= 3777
661.764270323
K= 3778
817.154667356
K= 3779
312.003835769
K= 3780
126.695354942
K= 3781
1926.22853225
K= 3782
400.813523568
K= 3783
309.856299591
K= 3784
6353.01039053
K= 3785
4347.0
K= 3786
321.045565076
K= 3787
70.6120490623
K= 3788
306.667420917
K= 3789
149.745289855
K= 3790
80.642753553
K= 3791
6353.01039053
K= 3792
89.7413959859
K= 3793
339.399738302
K= 3794
211.40906646
K= 3795
149.745289855
K= 3796
35.4135472939
K= 3797
109.042753553
K= 3798
6319.01039053
K= 3799
2460.20833282
K= 3800
191.695289855
K= 3801
337.783029674
K= 3802
52.0590889386
K= 3803
8827.0
K= 3804
4816.08511795
K= 3805
29.8197672209
K= 3806
465.800680778
K= 3807
286.5909073
K= 3808
631.072817761
K= 3809
115.176836756
K= 3810
8827.0
K= 3811
269.699511194
K= 3812
124.201786775
K= 3813
3632.32400757
K= 3814
46.0244227994
K= 3815
1725.80983128
K= 3816
18.979660477
K= 3817
1899.41507941
K= 3818
338.83876998
K= 3819
206.160639674
K= 3820
91.1067715419
K= 3821
447.453412105
K= 3822
69.45
K= 3823
8827.0
K= 3824
127.976086886
K= 3825
8827.0
K= 3826
28.6300804242
K= 3827
36.4223886328
K= 3828
106.694961218
K= 3829
7590.67589754
K= 3830
319.649696341
K= 3831
8676.0
K= 3832
165.369673382
K= 3833
29.5665266108
K= 3834
258.184592751
K= 3835
137.325490196
K= 3836
64.7117191064
K= 3837
6384.0810085
K= 3838
263.23916956
K= 3839
64.0
K= 3840
152.788537588
K= 3841
8648.81818182
K= 3842
8827.0
K= 3843
483.839395548
K= 3844
391.135567216
K= 3845
115.561378205
K= 3846
43.4500000001
K= 3847
4395.91881766
K= 3848
38.8516483516
K= 3849
396.862955254
K= 3850
4679.98690593
K= 3851
142.709201518
K= 3852
7991.53143936
K= 3853
55.7351330816
K= 3854
36.0942757241
K= 3855
337.934087584
K= 3856
5896.02807802
K= 3857
149.340143029
K= 3858
237.951637819
K= 3859
35.495670996
K= 3860
197.215738063
K= 3861
28.1659340659
K= 3862
8666.0
K= 3863
118.5
K= 3864
63.4095238094
K= 3865
2849.31129052
K= 3866
8827.0
K= 3867
149.745289855
K= 3868
114.847439328
K= 3869
5689.69346526
K= 3870
282.446016932
K= 3871
86.6632444537
K= 3872
237.302175372
K= 3873
4458.42857143
K= 3874
132.924267399
K= 3875
50.140909091
K= 3876
149.745289855
K= 3877
149.745289855
K= 3878
88.0
K= 3879
55.106307563
K= 3880
99.5518115943
K= 3881
25.2075757576
K= 3882
350.897369792
K= 3883
4347.0
K= 3884
40087.5472151
K= 3885
5972.38770484
K= 3886
149.745289855
K= 3887
41.1433843037
K= 3888
344.357126417
K= 3889
33.4123015872
K= 3890
5157.09349684
K= 3891
5006.72080181
K= 3892
104.262484699
K= 3893
33.1550493626
K= 3894
40.6210067709
K= 3895
4417.0
K= 3896
483.089395548
K= 3897
4425.22857143
K= 3898
611.201527926
K= 3899
4366.82608696
K= 3900
8827.0
K= 3901
582.693057344
K= 3902
4568.91666667
K= 3903
4565.8
K= 3904
179.103496113
K= 3905
408.11197336
K= 3906
6348.14006524
K= 3907
1492.27643947
K= 3908
8678.0
K= 3909
6002.83069621
K= 3910
198.885458549
K= 3911
89.0908424908
K= 3912
26.8389249638
K= 3913
1077.29543886
K= 3914
89.4074561403
K= 3915
71.5166666667
K= 3916
8663.91780822
K= 3917
3968.34090209
K= 3918
4458.42857143
K= 3919
149.745289855
K= 3920
43.4333333333
K= 3921
274.897976555
K= 3922
4909.38542758
K= 3923
309.048241361
K= 3924
116.142753553
K= 3925
70.5932900433
K= 3926
89.7883771661
K= 3927
348.139995188
K= 3928
45.6510639456
K= 3929
376.453412105
K= 3930
20.5970491925
K= 3931
652.426444359
K= 3932
97.1666666667
K= 3933
201.78998538
K= 3934
179.012519741
K= 3935
6775.43110662
K= 3936
43.2833333334
K= 3937
364.076108086
K= 3938
492.421101031
K= 3939
4531.35594543
K= 3940
1504.85612122
K= 3941
8625.06704078
K= 3942
127.976086886
K= 3943
4429.42857143
K= 3944
59.1666666666
K= 3945
247.821903264
K= 3946
5362.91030538
K= 3947
8627.39148831
K= 3948
158.516656065
K= 3949
1229.11501994
K= 3950
5427.38257173
K= 3951
445.440370123
K= 3952
223.74123372
K= 3953
280.283442417
K= 3954
65.7407894736
K= 3955
4534.58333333
K= 3956
304.451499085
K= 3957
63.6885697634
K= 3958
314.791259889
K= 3959
4347.0
K= 3960
8827.0
K= 3961
127.976086886
K= 3962
286.248913255
K= 3963
68.9333333335
K= 3964
401.601259417
K= 3965
1057.84694869
K= 3966
5976.41325283
K= 3967
34.3785714286
K= 3968
86.7993134647
K= 3969
5832.32210132
K= 3970
59.7197802609
K= 3971
80.142753553
K= 3972
213.238161608
K= 3973
111.559523809
K= 3974
233.481671188
K= 3975
5123.79419634
K= 3976
188.051324218
K= 3977
4379.42857143
K= 3978
65.2527777778
K= 3979
70.9333333335
K= 3980
292.7247338
K= 3981
5282.52932995
K= 3982
5896.02807802
K= 3983
306.667420917
K= 3984
58.8833333333
K= 3985
372.776931688
K= 3986
4561.77777778
K= 3987
221.825807327
K= 3988
311.374497343
K= 3989
5295.04419634
K= 3990
10528.626247
K= 3991
1247.12506093
K= 3992
4395.91881766
K= 3993
73.3166666668
K= 3994
5166.04419634
K= 3995
197.427232686
K= 3996
8678.0
K= 3997
104.30942022
K= 3998
1016.92300581
K= 3999
105.326086957
K= 4000
4556.57575758
K= 4001
199.698826041
K= 4002
2665.74527637
K= 4003
6442.01010894
K= 4004
37.1438040446
K= 4005
337.934087584
K= 4006
117.524821886
K= 4007
335.391303596
K= 4008
104.861671335
K= 4009
6056.67868788
K= 4010
311.880670767
K= 4011
55.9824561402
K= 4012
4562.83333333
K= 4013
80.642753553
K= 4014
4453.42857143
K= 4015
8657.0
K= 4016
5896.02807802
K= 4017
8827.0
K= 4018
4449.42857143
K= 4019
1888.85467219
K= 4020
169.524969398
K= 4021
256.039983872
K= 4022
8827.0
K= 4023
438.211022254
K= 4024
4347.0
K= 4025
1472.03695683
K= 4026
5663.43430426
K= 4027
125.638095238
K= 4028
60.5184704184
K= 4029
5343.66113077
K= 4030
37.8069948024
K= 4031
2457.14772314
K= 4032
5839.59496544
K= 4033
104.568056534
K= 4034
8827.0
K= 4035
3035.58311776
K= 4036
68.3220728587
K= 4037
340.941363287
K= 4038
6943.99271014
K= 4039
4687.50055699
K= 4040
1751.99246808
K= 4041
4347.0
K= 4042
96.335513655
K= 4043
8670.84375
K= 4044
109.674138545
K= 4045
5326.15191962
K= 4046
32.1619524532
K= 4047
415.282885679
K= 4048
267.505436646
K= 4049
95.4166666667
K= 4050
149.745289855
K= 4051
17952.1490408
K= 4052
4347.0
K= 4053
4347.0
K= 4054
23.8856782108
K= 4055
5090.34946188
K= 4056
109.042753553
K= 4057
64.2407894736
K= 4058
483.839395548
K= 4059
71.6833333335
K= 4060
6421.14472222
K= 4061
44.5432539684
K= 4062
159.707921186
K= 4063
311.969857786
K= 4064
4347.0
K= 4065
116.142753553
K= 4066
5737.56286352
K= 4067
267.991674334
K= 4068
8678.0
K= 4069
434.005308967
K= 4070
8827.0
K= 4071
426.941162159
K= 4072
424.446016932
K= 4073
162.782159375
K= 4074
298.368338929
K= 4075
288.47378487
K= 4076
231.195456668
K= 4077
261.20993636
K= 4078
8668.86812074
K= 4079
298.108393925
K= 4080
6195.09497
K= 4081
58.5615079365
K= 4082
96.5
K= 4083
204.560720407
K= 4084
5032.07415062
K= 4085
33.1859790209
K= 4086
78.2206349206
K= 4087
286.551807132
K= 4088
4568.22222222
K= 4089
4556.0
K= 4090
4193.84
K= 4091
152.365492708
K= 4092
483.089395548
K= 4093
8678.0
K= 4094
126.307380952
K= 4095
4551.87096774
K= 4096
5608.43430426
K= 4097
292.232559448
K= 4098
178.012519741
K= 4099
43.1666666666
K= 4100
69.8035714286
K= 4101
5906.16022789
K= 4102
39.9500000001
K= 4103
352.475497421
K= 4104
247.271743146
K= 4105
4608.12747788
K= 4106
189.13932919
K= 4107
64.1595238096
K= 4108
6298.61237169
K= 4109
8827.0
K= 4110
35.9798850572
K= 4111
8515.81799486
K= 4112
332.726436501
K= 4113
44.7642857142
K= 4114
101.667307692
K= 4115
8670.84375
K= 4116
15.2057199501
K= 4117
168.208695201
K= 4118
338.83876998
K= 4119
441.69389462
K= 4120
199.074458874
K= 4121
340.145541089
K= 4122
328.595260297
K= 4123
88.3935488805
K= 4124
5155.66919634
K= 4125
4553.0
K= 4126
17.3785458822
K= 4127
6171.51154427
K= 4128
5537.32012764
K= 4129
134.876623377
K= 4130
8558.99558193
K= 4131
62.7407894736
K= 4132
8425.97163153
K= 4133
442.882718598
K= 4134
271.055452438
K= 4135
8678.0
K= 4136
5264.69447441
K= 4137
6353.01039053
K= 4138
5588.57684254
K= 4139
92.5244730153
K= 4140
67.4166666667
K= 4141
8827.0
K= 4142
4347.0
K= 4143
110.066666667
K= 4144
6467.21564822
K= 4145
5896.02807802
K= 4146
5318.35036689
K= 4147
127.976086886
K= 4148
339.464254431
K= 4149
4316.42857143
K= 4150
313.316095566
K= 4151
742.359333226
K= 4152
67.9904761905
K= 4153
93.8166666668
K= 4154
30.5989028942
K= 4155
96.2657000462
K= 4156
721.352226031
K= 4157
505.351103765
K= 4158
136.821376812
K= 4159
343.052874131
K= 4160
4553.82608696
K= 4161
18.2269151275
K= 4162
205.986909435
K= 4163
5350.97451826
K= 4164
6583.81009271
K= 4165
125.691666667
K= 4166
1926.22853225
K= 4167
443.109806324
K= 4168
5575.8664969
K= 4169
54.4
K= 4170
73.3333333334
K= 4171
107.690476191
K= 4172
11395.5696117
K= 4173
72.7621645546
K= 4174
110.429151366
K= 4175
125.028344513
K= 4176
46.5049204078
K= 4177
103.508205391
K= 4178
8721.43718642
K= 4179
106.389855072
K= 4180
5311.40113085
K= 4181
5303.04758917
K= 4182
238.59047619
K= 4183
194.974862559
K= 4184
4726.98614655
K= 4185
16.1400500806
K= 4186
8678.0
K= 4187
141.620583161
K= 4188
6001.22170823
K= 4189
111.582327263
K= 4190
25.6376595626
K= 4191
701.168597059
K= 4192
61.9999999999
K= 4193
254.087795622
K= 4194
30.4810245312
K= 4195
4347.0
K= 4196
55.0626984126
K= 4197
483.839395548
K= 4198
55.8712021271
K= 4199
32.3461038962
K= 4200
5608.43430426
K= 4201
230.766077983
K= 4202
41.9270920686
K= 4203
149.745289855
K= 4204
39.3878255617
K= 4205
994.517343632
K= 4206
225.383333333
K= 4207
39.0111013986
K= 4208
8827.0
K= 4209
8968.50813614
K= 4210
6518.13009887
K= 4211
753.095731972
K= 4212
8678.0
K= 4213
4456.42857143
K= 4214
112.794300935
K= 4215
4903.69213796
K= 4216
149.745289855
K= 4217
319.04292839
K= 4218
76.457972583
K= 4219
4276.29977646
K= 4220
98.4554351396
K= 4221
434.350163644
K= 4222
83.0698215473
K= 4223
4557.0
K= 4224
521.730449233
K= 4225
5827.41584279
K= 4226
175.031525784
K= 4227
264.732070267
K= 4228
110.283100461
K= 4229
39.8631143855
K= 4230
141.695289855
K= 4231
691.110707173
K= 4232
4363.94444444
K= 4233
483.839395548
K= 4234
56.5579235725
K= 4235
337.934087584
K= 4236
44.1166666667
K= 4237
273.616095566
K= 4238
392.16712271
K= 4239
47.707393484
K= 4240
43.1969920805
K= 4241
3303.63939645
K= 4242
51.8004932866
K= 4243
60.5605012462
K= 4244
436.461671406
K= 4245
98.2143772894
K= 4246
161.238596349
K= 4247
227.487313919
K= 4248
88.0847120001
K= 4249
401.851259417
K= 4250
775.641385493
K= 4251
5413.83562918
K= 4252
80.642753553
K= 4253
5268.79356165
K= 4254
4347.0
K= 4255
149.745289855
K= 4256
116.142753553
K= 4257
4344.94444444
K= 4258
8676.91780822
K= 4259
24.0799173047
K= 4260
419.429262955
K= 4261
4545.41666667
K= 4262
5166.04419634
K= 4263
255.870719092
K= 4264
3604.35608159
K= 4265
483.839395548
K= 4266
137.370215521
K= 4267
212.707126249
K= 4268
135.249119769
K= 4269
4917.68187894
K= 4270
5745.13155966
K= 4271
334.931559365
K= 4272
8827.0
K= 4273
483.839395548
K= 4274
4347.0
K= 4275
28.8533189032
K= 4276
96.5
K= 4277
4513.85947205
K= 4278
37.6985098234
K= 4279
6079.77642663
K= 4280
4553.0
K= 4281
65.4634920636
K= 4282
17654.0
K= 4283
28.7253188906
K= 4284
4566.0
K= 4285
46.7876984128
K= 4286
1836.79572565
K= 4287
17674.192497
K= 4288
4724.5289096
K= 4289
2852.04356745
K= 4290
5020.01740257
K= 4291
81.0641651835
K= 4292
73.9102564103
K= 4293
2851.63115583
K= 4294
103.090476191
K= 4295
309.157343223
K= 4296
5198.52806263
K= 4297
8827.0
K= 4298
5896.02807802
K= 4299
432.123773298
K= 4300
5803.82727536
K= 4301
312.566354967
K= 4302
395.774947681
K= 4303
925.029015956
K= 4304
2210.93293869
K= 4305
332.538647703
K= 4306
116.744047619
K= 4307
60.3166666669
K= 4308
483.839395548
K= 4309
69.8095238095
K= 4310
5616.87089397
K= 4311
48.8261904763
K= 4312
4347.0
K= 4313
241.182920228
K= 4314
21.0374458875
K= 4315
198.070647253
K= 4316
125.028344513
K= 4317
703.318999036
K= 4318
149.745289855
K= 4319
64.4576801851
K= 4320
127.976086886
K= 4321
334.83876998
K= 4322
39.0155126418
K= 4323
212.217322633
K= 4324
40.0643939393
K= 4325
15.3773767897
K= 4326
92.2333333334
K= 4327
119.302831607
K= 4328
19.5638389388
K= 4329
219.432411172
K= 4330
98.1774891774
K= 4331
199.933057648
K= 4332
300.710508583
K= 4333
100.480064121
K= 4334
149.745289855
K= 4335
313.04292839
K= 4336
488.112890128
K= 4337
23.6408730159
K= 4338
121.369249639
K= 4339
5373.0157349
K= 4340
43.4500000001
K= 4341
415.906618716
K= 4342
4458.42857143
K= 4343
211.926576627
K= 4344
5386.77757951
K= 4345
69.3944444446
K= 4346
64.2958769874
K= 4347
4522.94444444
K= 4348
5017.84362791
K= 4349
483.839395548
K= 4350
325.224421979
K= 4351
87.1093717068
K= 4352
80.7135429172
K= 4353
447.260477323
K= 4354
4981.79419634
K= 4355
8448.94927536
K= 4356
5199.40665951
K= 4357
70.8333333334
K= 4358
245.324666533
K= 4359
39.5666666665
K= 4360
276.261751117
K= 4361
41.0820405084
K= 4362
5431.18820574
K= 4363
19.820614108
K= 4364
7825.60642866
K= 4365
8641.84
K= 4366
127.065460835
K= 4367
56.2536410354
K= 4368
101.240789474
K= 4369
86.4523809523
K= 4370
410.895000435
K= 4371
4512.94444444
K= 4372
44.4245238096
K= 4373
341.567911255
K= 4374
5229.97638081
K= 4375
945.40983387
K= 4376
26.9215728714
K= 4377
4531.86666667
K= 4378
4378.94444444
K= 4379
5295.04419634
K= 4380
356.516917138
K= 4381
5166.04419634
K= 4382
6019.9614109
K= 4383
298.929631487
K= 4384
13463.3913891
K= 4385
483.839395548
K= 4386
478.631939717
K= 4387
5115.5825129
K= 4388
5800.93217451
K= 4389
7679.66335448
K= 4390
28.2532768084
K= 4391
161.496265837
K= 4392
2956.91674718
K= 4393
38.5229076481
K= 4394
339.207830677
K= 4395
39.3373618127
K= 4396
8827.0
K= 4397
7471.17220687
K= 4398
130.07365611
K= 4399
410.895000435
K= 4400
96.6666666666
K= 4401
5295.04419634
K= 4402
6353.01039053
K= 4403
61.1366300365
K= 4404
8827.0
K= 4405
42.7000000002
K= 4406
102.5
K= 4407
1926.22853225
K= 4408
4196.95862069
K= 4409
483.839395548
K= 4410
5166.04419634
K= 4411
315.317068397
K= 4412
120.705627706
K= 4413
311.505436647
K= 4414
8678.0
K= 4415
4956.08646535
K= 4416
4380.94444444
K= 4417
488.403678699
K= 4418
483.839395548
K= 4419
297.675884246
K= 4420
295.093039198
K= 4421
49.8463536464
K= 4422
171.530788019
K= 4423
412.337972077
K= 4424
42.4269230769
K= 4425
5017.84362791
K= 4426
337.934087584
K= 4427
5131.17930467
K= 4428
137.591847265
K= 4429
268.516683598
K= 4430
4458.42857143
K= 4431
49.0841328903
K= 4432
101.240789474
K= 4433
76.1333333333
K= 4434
1182.06802315
K= 4435
119.873302039
K= 4436
1267.90528749
K= 4437
424.421920547
K= 4438
5427.38257173
K= 4439
800.383349785
K= 4440
39.8052532768
K= 4441
6718.0234892
K= 4442
207.366757492
K= 4443
30.2150908759
K= 4444
179.493316386
K= 4445
300.324149184
K= 4446
4347.0
K= 4447
8591.94927536
K= 4448
262.331188437
K= 4449
8827.0
K= 4450
4521.45
K= 4451
28.4399642026
K= 4452
84.7432900434
K= 4453
4514.01666667
K= 4454
8827.0
K= 4455
37.5736829048
K= 4456
483.839395548
K= 4457
35.2280563733
K= 4458
5608.43430426
K= 4459
210.8827168
K= 4460
5166.04419634
K= 4461
136.031463542
K= 4462
268.168799591
K= 4463
2386.84557542
K= 4464
66.1923208158
K= 4465
354.274835683
K= 4466
56.5833333334
K= 4467
5238.82456189
K= 4468
483.839395548
K= 4469
5077.57092068
K= 4470
8657.84
K= 4471
121.023088023
K= 4472
256.100926001
K= 4473
35.1190476189
K= 4474
89.2333333335
K= 4475
176.995493694
K= 4476
105.583062656
K= 4477
4347.0
K= 4478
6943.99271014
K= 4479
256.794364846
K= 4480
446.18775005
K= 4481
149.745289855
K= 4482
458.163059343
K= 4483
5157.09349684
K= 4484
98.392753553
K= 4485
265.982762232
K= 4486
4374.875
K= 4487
94.3619565218
K= 4488
276.640806737
K= 4489
707.134534695
K= 4490
924.160006492
K= 4491
96.7500000001
K= 4492
5218.12780185
K= 4493
1037.18214724
K= 4494
84.4166666667
K= 4495
4454.86666667
K= 4496
49.036745276
K= 4497
694.717346454
K= 4498
17291.3333333
K= 4499
4555.0
K= 4500
98.3497671277
K= 4501
194.416807687
K= 4502
1187.54887395
K= 4503
4499.43054723
K= 4504
44.5953823952
K= 4505
689.083455774
K= 4506
554.337646742
K= 4507
25.7958893446
K= 4508
90.5666666667
K= 4509
5373.0157349
K= 4510
4347.0
K= 4511
198.698826041
K= 4512
323.721030393
K= 4513
5773.21144825
K= 4514
165.008798531
K= 4515
339.464254431
K= 4516
149.745289855
K= 4517
390.311667102
K= 4518
397.795642805
K= 4519
125.101086886
K= 4520
249.923916385
K= 4521
242.42623545
K= 4522
4566.0
K= 4523
4908.06474556
K= 4524
6353.01039053
K= 4525
41.25
K= 4526
51.9404761902
K= 4527
5017.84362791
K= 4528
38.6271635703
K= 4529
266.040154408
K= 4530
149.745289855
K= 4531
8677.0
K= 4532
312.672103313
K= 4533
94.3181637806
K= 4534
105.830873193
K= 4535
5138.37300021
K= 4536
5346.49969101
K= 4537
85.801677072
K= 4538
28.6162525879
K= 4539
148.995289855
K= 4540
139.80942022
K= 4541
189.555108133
K= 4542
148.578623189
K= 4543
4503.7939443
K= 4544
4417.5
K= 4545
6536.38205591
K= 4546
1390.31238102
K= 4547
8678.0
K= 4548
63.9801324503
K= 4549
52.6752768453
K= 4550
65.0357142857
K= 4551
4347.0
K= 4552
4378.94444444
K= 4553
4856.30764045
K= 4554
126.606666667
K= 4555
8569.91583535
K= 4556
35.9998970027
K= 4557
8827.0
K= 4558
6205.51296037
K= 4559
8636.57197747
K= 4560
4347.0
K= 4561
1926.22853225
K= 4562
94.3619565218
K= 4563
4533.78310046
K= 4564
5166.04419634
K= 4565
81.1228511073
K= 4566
4512.94444444
K= 4567
23.7296037296
K= 4568
161.489977603
K= 4569
313.04292839
K= 4570
4347.0
K= 4571
162.643754962
K= 4572
4563.0
K= 4573
449.153435233
K= 4574
4347.0
K= 4575
2964.23418453
K= 4576
127.976086886
K= 4577
8543.03075767
K= 4578
4347.0
K= 4579
26.9139693879
K= 4580
312.246235915
K= 4581
270.422306022
K= 4582
4784.08278634
K= 4583
244.982762232
K= 4584
54.3243659117
K= 4585
110.648412699
K= 4586
17.5492424243
K= 4587
37.5633926955
K= 4588
493.504678783
K= 4589
152.365492708
K= 4590
111.724697683
K= 4591
3249.9202103
K= 4592
28.0555916307
K= 4593
285.079993104
K= 4594
23.0187737707
K= 4595
401.851259417
K= 4596
148.995289855
K= 4597
8580.0
K= 4598
199.698826041
K= 4599
777.225202983
K= 4600
8827.0
K= 4601
263.754865677
K= 4602
5373.0157349
K= 4603
39.724084249
K= 4604
82.1657232704
K= 4605
6396.48679508
K= 4606
116.142753553
K= 4607
314.891001265
K= 4608
268.379286051
K= 4609
4563.0
K= 4610
101.240789474
K= 4611
150.145289855
K= 4612
5431.12803834
K= 4613
4347.0
K= 4614
195.521047932
K= 4615
5975.27585187
K= 4616
11.0894415225
K= 4617
5597.29022674
Betweenness Centrality Improvement
[    0.             0.             0.         ...,    11.08944152
  5597.29022674     0.        ]
Top 20 BC Improvement
[3884 4051 4287 4282 4498 4384 4172 3990 4209 3825 4141 4449 3960 3719 4109
 3842 4557 4404 3739 4022]
