txValue= 100
IGRAPH D--- 4619 68733 -- 
+ attr: pub_key (v), base_fee (e), capacity (e), fee_rate (e), txCost (e)
None
IGRAPH D--- 4619 68733 -- 
+ attr: pub_key (v), base_fee (e), capacity (e), fee_rate (e), txCost (e)
None
Our nodes starting connections: 
(4618, 2796)
(4618, 1223)
(4618, 498)
(4618, 3265)
(4618, 3884)
K= 1200
361.505436647
K= 1201
292.788647703
K= 1202
34.1241626794
K= 1203
370.870502436
K= 1204
379.205195547
K= 1205
4322.8827639
K= 1206
109.137476392
K= 1207
264.423916385
K= 1208
271.762806638
K= 1209
55.0677406577
K= 1210
107.236646179
K= 1211
116.967160958
K= 1212
60.2245256735
K= 1213
146.588600292
K= 1214
4548.15952381
K= 1215
88.3907894737
K= 1216
128.700313283
K= 1217
2006.57781284
K= 1218
90.1592599294
K= 1219
165.978834383
K= 1220
66.7529072234
K= 1221
158.421933625
K= 1222
69.8777620929
K= 1223
753.579051126
K= 1224
311.861334755
K= 1225
256.870552914
K= 1226
4575.83333333
K= 1227
5924.90133711
K= 1228
220.909574545
K= 1229
8577.90440408
K= 1230
167.778623189
K= 1231
109.836999001
K= 1232
87.3261904762
K= 1233
300.90992554
K= 1234
209.043683875
K= 1235
286.203481093
K= 1236
54.642857143
K= 1237
6253.59155752
K= 1238
220.453131829
K= 1239
68.9016644278
K= 1240
157.421933625
K= 1241
424.289036831
K= 1242
8639.0
K= 1243
8747.0
K= 1244
5438.22442126
K= 1245
4526.73333333
K= 1246
132.161114427
K= 1247
418.206367227
K= 1248
136.311488201
K= 1249
59.3050125312
K= 1250
60.4870166536
K= 1251
330.933256299
K= 1252
100.293374623
K= 1253
302.003369517
K= 1254
8660.0
K= 1255
7194.35052116
K= 1256
5315.22933879
K= 1257
52.1906746036
K= 1258
6122.91465255
K= 1259
8839.0
K= 1260
78.7107142858
K= 1261
207.89423979
K= 1262
7896.69598224
K= 1263
261.083440194
K= 1264
4580.84375
K= 1265
112.598757067
K= 1266
4542.25833333
K= 1267
417.710663953
K= 1268
658.915483824
K= 1269
167.778623189
K= 1270
6058.49305077
K= 1271
142.346158124
K= 1272
110.011165864
K= 1273
145.069202324
K= 1274
509.389395548
K= 1275
34.4661596492
K= 1276
5294.09321158
K= 1277
6539.04654569
K= 1278
84.9728952437
K= 1279
137.995650249
K= 1280
31.4356547202
K= 1281
1494.69299189
K= 1282
4322.8827639
K= 1283
158.421933625
K= 1284
167.778623189
K= 1285
76.0768961295
K= 1286
421.641685452
K= 1287
167.528623189
K= 1288
5802.43034517
K= 1289
11.6867062601
K= 1290
167.778623189
K= 1291
5437.00352924
K= 1292
5308.5243033
K= 1293
8643.91780822
K= 1294
214.130171062
K= 1295
106.183333333
K= 1296
6656.09898377
K= 1297
4583.0
K= 1298
5123.6947182
K= 1299
290.203347653
K= 1300
29.3408702924
K= 1301
4201.00316173
K= 1302
4450.94444444
K= 1303
4577.1
K= 1304
26.8710785315
K= 1305
327.647991239
K= 1306
349.164708847
K= 1307
5315.54442478
K= 1308
236.214108293
K= 1309
139.54365804
K= 1310
327.378001422
K= 1311
102.874163173
K= 1312
298.454612663
K= 1313
176.122373994
K= 1314
370.630921098
K= 1315
345.860057281
K= 1316
326.817075345
K= 1317
348.071981036
K= 1318
35.8873376622
K= 1319
6656.09898377
K= 1320
2852.07279393
K= 1321
6480.53272789
K= 1322
5946.10366302
K= 1323
344.942703475
K= 1324
660.702770456
K= 1325
47.9928015396
K= 1326
24.6293154764
K= 1327
98.1154011681
K= 1328
201.61631457
K= 1329
8471.80136424
K= 1330
422.443438203
K= 1331
361.505436646
K= 1332
5924.90133711
K= 1333
357.900887096
K= 1334
5863.43034517
K= 1335
4037.57142857
K= 1336
167.028623189
K= 1337
216.511956522
K= 1338
66.7482503607
K= 1339
115.652380952
K= 1340
509.389395548
K= 1341
857.972270775
K= 1342
127.033646617
K= 1343
159.833333333
K= 1344
5855.74748785
K= 1345
8839.0
K= 1346
93.345299157
K= 1347
5440.89675505
K= 1348
167.751190476
K= 1349
40.8472832723
K= 1350
148.558980759
K= 1351
110.25530303
K= 1352
1561.18133652
K= 1353
961.436659511
K= 1354
331.187687729
K= 1355
191.069662598
K= 1356
179.990405044
K= 1357
198.574015406
K= 1358
24.1873118707
K= 1359
555.915540553
K= 1360
794.073414658
K= 1361
167.778623189
K= 1362
6421.82500039
K= 1363
217.971497775
K= 1364
36.8566017316
K= 1365
4239.82608696
K= 1366
167.778623189
K= 1367
106.525954324
K= 1368
5517.3636697
K= 1369
5753.28127406
K= 1370
127.376297037
K= 1371
57.2432502137
K= 1372
313.205168203
K= 1373
950.466971247
K= 1374
8839.0
K= 1375
253.918661276
K= 1376
392.375726108
K= 1377
25.6408771783
K= 1378
229.016895836
K= 1379
51.7311868687
K= 1380
115.826190476
K= 1381
33.6406963664
K= 1382
175.586750594
K= 1383
50.0211720868
K= 1384
4512.94444444
K= 1385
5594.85615947
K= 1386
5863.43034517
K= 1387
8660.0
K= 1388
8601.61202795
K= 1389
5268.57724345
K= 1390
303.782690839
K= 1391
377.308029954
K= 1392
238.161890423
K= 1393
8839.0
K= 1394
299.018961581
K= 1395
194.063004126
K= 1396
4912.79546746
K= 1397
48.5999999999
K= 1398
234.706010656
K= 1399
4322.8827639
K= 1400
278.813577254
K= 1401
111.088600292
K= 1402
83.3833333335
K= 1403
4460.57142857
K= 1404
4577.1
K= 1405
83.5049805251
K= 1406
506.728870527
K= 1407
96.0349206349
K= 1408
5560.32487284
K= 1409
5818.65155933
K= 1410
4322.8827639
K= 1411
236.364037674
K= 1412
4569.08333333
K= 1413
4449.57142857
K= 1414
300.903709642
K= 1415
4239.0
K= 1416
117.34197995
K= 1417
44.2024211899
K= 1418
5540.53372136
K= 1419
294.97534651
K= 1420
480.154653271
K= 1421
5470.77135676
K= 1422
99.1252164502
K= 1423
144.763463679
K= 1424
167.778623189
K= 1425
79.9493416303
K= 1426
360.506119251
K= 1427
5460.14208963
K= 1428
8309.58332282
K= 1429
171.925386088
K= 1430
31.7207792207
K= 1431
509.389395548
K= 1432
154.990615728
K= 1433
124.828605778
K= 1434
504.382762742
K= 1435
438.69662257
K= 1436
5707.47763749
K= 1437
5476.72131226
K= 1438
47.2000000003
K= 1439
1652.82414137
K= 1440
509.36884302
K= 1441
255.123798919
K= 1442
70.1769230767
K= 1443
8426.73498965
K= 1444
320.543348244
K= 1445
6122.91465255
K= 1446
125.816098793
K= 1447
8426.73498965
K= 1448
7291.31756866
K= 1449
91.0886002916
K= 1450
196.197926807
K= 1451
194.472387743
K= 1452
4431.25
K= 1453
22.2587854954
K= 1454
145.614258563
K= 1455
275.592978748
K= 1456
46.0059884562
K= 1457
50.8420329673
K= 1458
263.161890423
K= 1459
67.2626956503
K= 1460
325.521951421
K= 1461
509.389395548
K= 1462
36.9038273453
K= 1463
7147.29895512
K= 1464
498.439395547
K= 1465
8635.65569046
K= 1466
247.011320948
K= 1467
509.389395548
K= 1468
428.376259417
K= 1469
57.2570785495
K= 1470
157.778623188
K= 1471
772.091090414
K= 1472
97.9333333332
K= 1473
107.61697995
K= 1474
8660.0
K= 1475
115.749405526
K= 1476
41.8586805833
K= 1477
210.247918996
K= 1478
4393.3827639
K= 1479
288.153482415
K= 1480
17.0922032746
K= 1481
232.270254613
K= 1482
1999.5849799
K= 1483
115.683333333
K= 1484
4534.57362637
K= 1485
429.876259417
K= 1486
4469.57142857
K= 1487
192.449603642
K= 1488
30.4037124454
K= 1489
61.4165264841
K= 1490
116.648985671
K= 1491
68.1714553421
K= 1492
98.1801112631
K= 1493
222.400636188
K= 1494
5157.22943536
K= 1495
125.608902692
K= 1496
333.817075345
K= 1497
4322.8827639
K= 1498
45.2779942278
K= 1499
9091.09095842
K= 1500
151.688333334
K= 1501
37.5726390468
K= 1502
6087.54826981
K= 1503
6716.01542265
K= 1504
42.4063492062
K= 1505
167.778623189
K= 1506
2504.8617078
K= 1507
88.7725449989
K= 1508
17678.0
K= 1509
4322.8827639
K= 1510
4322.8827639
K= 1511
301.934577922
K= 1512
4777.31180844
K= 1513
315.601484813
K= 1514
303.256521083
K= 1515
5119.89518995
K= 1516
250.6
K= 1517
2899.08338113
K= 1518
277.310265021
K= 1519
274.21140566
K= 1520
4890.95896174
K= 1521
4322.8827639
K= 1522
75.6885280212
K= 1523
269.334214607
K= 1524
49.5071428571
K= 1525
509.389395548
K= 1526
69.5333333332
K= 1527
115.253102453
K= 1528
68.3689958591
K= 1529
158.278623188
K= 1530
65.3114938021
K= 1531
164.571381579
K= 1532
6471.01898051
K= 1533
5456.77135676
K= 1534
2005.97882154
K= 1535
20.6075631637
K= 1536
370.630921098
K= 1537
19.4488784648
K= 1538
8654.55513434
K= 1539
60.5786935288
K= 1540
33.1858977623
K= 1541
338.819992745
K= 1542
4196.29062796
K= 1543
103.353748006
K= 1544
262.102757138
K= 1545
96.0
K= 1546
207.395323815
K= 1547
8839.0
K= 1548
134.590530303
K= 1549
5268.57724345
K= 1550
884.729406598
K= 1551
1975.29377006
K= 1552
571.124415512
K= 1553
4574.6
K= 1554
5397.57724345
K= 1555
250.489470592
K= 1556
51.9299475265
K= 1557
41.9298175096
K= 1558
58.2957002302
K= 1559
6656.46148377
K= 1560
145.872567288
K= 1561
4322.8827639
K= 1562
281.192991852
K= 1563
149.723803767
K= 1564
305.234717218
K= 1565
7397.2824192
K= 1566
98.6544430167
K= 1567
842.20262396
K= 1568
4569.08333333
K= 1569
76.0246031747
K= 1570
101.808494287
K= 1571
4526.73333333
K= 1572
115.207051282
K= 1573
8989.13946332
K= 1574
56.3410912617
K= 1575
8653.0
K= 1576
104.412675948
K= 1577
8839.0
K= 1578
35.3945657634
K= 1579
5961.65580367
K= 1580
49.6041226746
K= 1581
2145.21599282
K= 1582
4511.0
K= 1583
4322.8827639
K= 1584
4322.8827639
K= 1585
459.111866212
K= 1586
77.5319966585
K= 1587
13.6995821273
K= 1588
58.4215608467
K= 1589
624.038844919
K= 1590
118.756746032
K= 1591
6116.76120258
K= 1592
7270.15834441
K= 1593
5444.44680169
K= 1594
83.3087662341
K= 1595
5883.89930748
K= 1596
8839.0
K= 1597
8660.0
K= 1598
68.7863171424
K= 1599
17678.0
K= 1600
4322.8827639
K= 1601
118.111111111
K= 1602
8839.0
K= 1603
92.6452380951
K= 1604
49.2977974649
K= 1605
4936.35330459
K= 1606
2128.30222154
K= 1607
152.784589483
K= 1608
21.4565141269
K= 1609
4322.8827639
K= 1610
40.1687085129
K= 1611
158.278623188
K= 1612
79.4512347865
K= 1613
50.2216984278
K= 1614
4437.50611925
K= 1615
4539.11111111
K= 1616
61.4004329004
K= 1617
5517.3636697
K= 1618
76.7504490392
K= 1619
398.627603923
K= 1620
297.556299591
K= 1621
58.2182539682
K= 1622
8731.13174603
K= 1623
8653.0
K= 1624
136.266163212
K= 1625
4248.64360699
K= 1626
263.547443931
K= 1627
12450.1161151
K= 1628
5089.54604574
K= 1629
4527.55535714
K= 1630
482.588677806
K= 1631
226.299247529
K= 1632
6028.26140506
K= 1633
6045.12591228
K= 1634
5697.55137693
K= 1635
84.8454302868
K= 1636
51.1939368482
K= 1637
146.588600292
K= 1638
6484.2360296
K= 1639
5517.3636697
K= 1640
361.228827394
K= 1641
4426.57142857
K= 1642
713.939481838
K= 1643
345.032926556
K= 1644
31.9179653679
K= 1645
5863.43034517
K= 1646
4322.8827639
K= 1647
5268.57724345
K= 1648
1915.91047284
K= 1649
124.808890489
K= 1650
5097.96309097
K= 1651
306.893379993
K= 1652
5624.39076659
K= 1653
5168.37721026
K= 1654
77.8690476189
K= 1655
299.116363007
K= 1656
97.2197802197
K= 1657
13144.0
K= 1658
55.4666666664
K= 1659
226.208890448
K= 1660
64.8434837093
K= 1661
5268.57724345
K= 1662
8660.0
K= 1663
5339.8051727
K= 1664
6086.33032109
K= 1665
34.2626442031
K= 1666
1360.95468699
K= 1667
4526.56666667
K= 1668
140.724542125
K= 1669
988.493841825
K= 1670
24.4413842058
K= 1671
5255.64159957
K= 1672
369.813577254
K= 1673
4507.09816017
K= 1674
447.075556688
K= 1675
238.8247157
K= 1676
117.787496516
K= 1677
78.1231877775
K= 1678
99.3340159839
K= 1679
1112.25832434
K= 1680
379.110628386
K= 1681
40.1252361244
K= 1682
244.019765238
K= 1683
6410.33367299
K= 1684
5707.47763749
K= 1685
124.879245642
K= 1686
4322.8827639
K= 1687
157.528623188
K= 1688
35.08804241
K= 1689
31.1237247892
K= 1690
54.0310689312
K= 1691
64.1884848486
K= 1692
238.72
K= 1693
51.9548045028
K= 1694
8839.0
K= 1695
377.308029954
K= 1696
368.99116401
K= 1697
332.058951839
K= 1698
281.423916385
K= 1699
82.391269841
K= 1700
9055.88888889
K= 1701
4336.94444444
K= 1702
6407.37308668
K= 1703
136.816446027
K= 1704
461.840748547
K= 1705
429.876259417
K= 1706
348.179631487
K= 1707
381.366993889
K= 1708
56.6684188035
K= 1709
4517.23333333
K= 1710
478.514175836
K= 1711
3322.35987076
K= 1712
255.582270714
K= 1713
4548.60952381
K= 1714
158.278623188
K= 1715
5268.57724345
K= 1716
8625.11270231
K= 1717
44.6626373626
K= 1718
117.042857143
K= 1719
213.822016447
K= 1720
36.8812030075
K= 1721
8624.89061629
K= 1722
98.5837124866
K= 1723
8646.95862069
K= 1724
285.263256108
K= 1725
129.454761905
K= 1726
370.988647703
K= 1727
8829.0
K= 1728
118.554752791
K= 1729
5274.84675841
K= 1730
6455.8723866
K= 1731
4534.94444444
K= 1732
370.630921098
K= 1733
50.0757666809
K= 1734
59.3728384111
K= 1735
5802.43034517
K= 1736
4469.57142857
K= 1737
52.6216791978
K= 1738
5830.77852391
K= 1739
157.150865801
K= 1740
46.9288317963
K= 1741
5031.86347611
K= 1742
4456.57142857
K= 1743
6242.25640232
K= 1744
49.2867683623
K= 1745
129.016326531
K= 1746
322.715142811
K= 1747
5474.65791022
K= 1748
39.0884249809
K= 1749
223.677777778
K= 1750
1118.97046698
K= 1751
49.9049228427
K= 1752
258.188618088
K= 1753
4259.57142857
K= 1754
4572.0
K= 1755
80.9762922932
K= 1756
59.4416666667
K= 1757
5626.29997545
K= 1758
5476.74649301
K= 1759
6067.08503124
K= 1760
2917.78946087
K= 1761
255.43085689
K= 1762
30.1651229722
K= 1763
5959.23927737
K= 1764
92.9285714285
K= 1765
7829.25504412
K= 1766
101.588600292
K= 1767
4322.8827639
K= 1768
479.122361151
K= 1769
41.4960317464
K= 1770
172.378940523
K= 1771
485.981206195
K= 1772
4175.01332613
K= 1773
8660.0
K= 1774
167.778623189
K= 1775
8839.0
K= 1776
166.994649004
K= 1777
4071.23084525
K= 1778
57.7407582689
K= 1779
384.115120058
K= 1780
4483.94444444
K= 1781
6082.63600032
K= 1782
142.6
K= 1783
39.0831352988
K= 1784
417.106062214
K= 1785
8626.69536129
K= 1786
296.87894997
K= 1787
101.696198561
K= 1788
37.7413323921
K= 1789
4322.8827639
K= 1790
373.332604278
K= 1791
296.05163845
K= 1792
5469.74031172
K= 1793
75.888888889
K= 1794
41.3539185286
K= 1795
279.52012987
K= 1796
165.312706019
K= 1797
255.579522857
K= 1798
274.976112551
K= 1799
127.128681939
K= 1800
165.181004141
K= 1801
133.371248196
K= 1802
8570.94927536
K= 1803
887.046514621
K= 1804
70.3595238099
K= 1805
208.232496587
K= 1806
167.528623189
K= 1807
158.278623188
K= 1808
215.579702682
K= 1809
80.4253616551
K= 1810
167.778623189
K= 1811
54.0128540619
K= 1812
8650.83333333
K= 1813
90.6922506335
K= 1814
252.872543196
K= 1815
39.8860195357
K= 1816
5013.03240972
K= 1817
1346.98032054
K= 1818
30.225
K= 1819
313.461661832
K= 1820
2754.80920293
K= 1821
102.507513838
K= 1822
167.778623189
K= 1823
5268.57724345
K= 1824
4281.03760733
K= 1825
8660.0
K= 1826
8657.62298959
K= 1827
64.1181917117
K= 1828
1542.98171215
K= 1829
94.5873015873
K= 1830
64.2583333331
K= 1831
150.266666667
K= 1832
61.5747913921
K= 1833
5802.43034517
K= 1834
6501.21562318
K= 1835
821.049561343
K= 1836
6656.09898377
K= 1837
204.392407716
K= 1838
156.779181737
K= 1839
46.5598151006
K= 1840
32.9461233353
K= 1841
171.648044353
K= 1842
449.678509929
K= 1843
74.2496031745
K= 1844
2922.71444848
K= 1845
61.661904762
K= 1846
167.778623189
K= 1847
8626.27595442
K= 1848
315.236399294
K= 1849
92.0959479443
K= 1850
32.5641806723
K= 1851
4322.8827639
K= 1852
33.7442252194
K= 1853
4469.57142857
K= 1854
184.33423895
K= 1855
343.613083085
K= 1856
262.374621557
K= 1857
653.868615455
K= 1858
286.912361753
K= 1859
5517.3636697
K= 1860
4322.8827639
K= 1861
1362.82945642
K= 1862
2145.21599282
K= 1863
4605.0
K= 1864
94.0610525098
K= 1865
5497.80460828
K= 1866
40.4049686444
K= 1867
182.045986352
K= 1868
4322.8827639
K= 1869
162.596211059
K= 1870
143.127407356
K= 1871
70.1989352386
K= 1872
215.501593197
K= 1873
4322.8827639
K= 1874
37.8403475911
K= 1875
5231.60837834
K= 1876
4577.8125
K= 1877
68.5881077695
K= 1878
48.3905852332
K= 1879
92.3784875757
K= 1880
156.130328989
K= 1881
8626.27595442
K= 1882
99.4027777779
K= 1883
228.294302861
K= 1884
183.754615928
K= 1885
881.710144147
K= 1886
3273.37952251
K= 1887
50.8014249641
K= 1888
321.15992554
K= 1889
336.806299591
K= 1890
8839.0
K= 1891
4529.49166667
K= 1892
254.489452491
K= 1893
8660.0
K= 1894
4282.57142857
K= 1895
4469.57142857
K= 1896
4566.82608696
K= 1897
5401.50880665
K= 1898
6656.09898377
K= 1899
130.758333333
K= 1900
339.280856103
K= 1901
4429.8
K= 1902
80.7043373095
K= 1903
8642.0
K= 1904
386.863990663
K= 1905
46.3983067373
K= 1906
121.991147741
K= 1907
46.2735636586
K= 1908
551.037363439
K= 1909
116.277340627
K= 1910
279.812816932
K= 1911
340.900887097
K= 1912
54.5553742009
K= 1913
167.778623189
K= 1914
368.124593223
K= 1915
347.958154196
K= 1916
137.468398271
K= 1917
58.917250941
K= 1918
53.475964776
K= 1919
6031.47977808
K= 1920
5704.60350936
K= 1921
5959.23927737
K= 1922
136.855266958
K= 1923
4549.14285714
K= 1924
37.7452412419
K= 1925
621.657775557
K= 1926
376.929331201
K= 1927
370.374593223
K= 1928
1027.78909136
K= 1929
95.1325757575
K= 1930
154.472360185
K= 1931
75.6396825397
K= 1932
681.340048879
K= 1933
6122.91465255
K= 1934
294.106386367
K= 1935
400.336707719
K= 1936
272.558352119
K= 1937
151.002538422
K= 1938
44.7270507268
K= 1939
279.2028287
K= 1940
4546.0
K= 1941
332.064036193
K= 1942
5101.33302969
K= 1943
129.613227206
K= 1944
8653.0
K= 1945
4564.20430108
K= 1946
97.1841269843
K= 1947
92.1195164856
K= 1948
1315.24779321
K= 1949
192.582159375
K= 1950
322.715142811
K= 1951
5397.57724345
K= 1952
4322.8827639
K= 1953
6025.21099204
K= 1954
21.6916147164
K= 1955
1159.28402138
K= 1956
325.562643873
K= 1957
36.769049758
K= 1958
66.8930424469
K= 1959
482.588677806
K= 1960
413.011240314
K= 1961
118.39638752
K= 1962
62.9332671956
K= 1963
74.7296878668
K= 1964
4576.91666667
K= 1965
67.8101479077
K= 1966
4322.8827639
K= 1967
108.13877551
K= 1968
4459.57142857
K= 1969
868.525342687
K= 1970
156.52308305
K= 1971
64.8216843905
K= 1972
5802.43034517
K= 1973
158.421933625
K= 1974
234.730013382
K= 1975
349.37570167
K= 1976
82.4097007226
K= 1977
475.388677806
K= 1978
5517.3636697
K= 1979
750.119857514
K= 1980
108.269313522
K= 1981
131.733333333
K= 1982
87.8000000003
K= 1983
11010.230815
K= 1984
293.054304029
K= 1985
99.995487734
K= 1986
4919.94345682
K= 1987
347.637789629
K= 1988
423.612787601
K= 1989
343.126261723
K= 1990
1280.48508008
K= 1991
4574.57142857
K= 1992
103.117855247
K= 1993
67.2346884054
K= 1994
6656.09898377
K= 1995
158.421933625
K= 1996
6122.91465255
K= 1997
54.3779775364
K= 1998
65.8060457516
K= 1999
167.028623189
K= 2000
38.3579004947
K= 2001
6090.33032109
K= 2002
5697.55137693
K= 2003
4322.8827639
K= 2004
7050.28564918
K= 2005
281.923055624
K= 2006
224.571428571
K= 2007
5339.68006914
K= 2008
7825.36680883
K= 2009
144.08245614
K= 2010
54.0630266074
K= 2011
72.4824561405
K= 2012
97.4161435789
K= 2013
60.9535695297
K= 2014
15.3045751032
K= 2015
5268.57724345
K= 2016
355.585186275
K= 2017
39.75
K= 2018
121.387230824
K= 2019
121.79762161
K= 2020
322.509255443
K= 2021
92.1909090908
K= 2022
4267.57142857
K= 2023
87.7666666667
K= 2024
4529.65833333
K= 2025
1372.11546582
K= 2026
2161.93961136
K= 2027
349.17570167
K= 2028
270.087584854
K= 2029
5946.10366302
K= 2030
54.4622236773
K= 2031
55.1156565655
K= 2032
17990.3360424
K= 2033
104.775432901
K= 2034
6408.26477782
K= 2035
6250.59114963
K= 2036
134.3361682
K= 2037
103.954678363
K= 2038
7845.55648698
K= 2039
349.37570167
K= 2040
287.939883843
K= 2041
4322.8827639
K= 2042
160.121428571
K= 2043
428.808041158
K= 2044
117.033646617
K= 2045
72.8181818182
K= 2046
8656.20077921
K= 2047
68.1627408543
K= 2048
4587.91666667
K= 2049
130.612179487
K= 2050
119.695289855
K= 2051
8425.6826087
K= 2052
509.389395548
K= 2053
385.950210072
K= 2054
167.778623189
K= 2055
8579.0
K= 2056
346.433735064
K= 2057
5456.77135676
K= 2058
33.0696978994
K= 2059
264.871266966
K= 2060
5678.72896137
K= 2061
500.155083747
K= 2062
56.6302150764
K= 2063
208.205388618
K= 2064
5863.43034517
K= 2065
367.975772957
K= 2066
104.052380953
K= 2067
122.840421456
K= 2068
342.990371899
K= 2069
4961.94345682
K= 2070
2560.57477538
K= 2071
321.15992554
K= 2072
198.086339762
K= 2073
295.251018005
K= 2074
131.200621118
K= 2075
5539.53372136
K= 2076
167.778623189
K= 2077
78.8295318943
K= 2078
107.933333333
K= 2079
8839.0
K= 2080
5995.3133934
K= 2081
87.660410831
K= 2082
6002.02543443
K= 2083
370.511553788
K= 2084
318.080968582
K= 2085
66.938658474
K= 2086
6656.09898377
K= 2087
4214.89442337
K= 2088
5625.68533875
K= 2089
108.462768038
K= 2090
113.612895623
K= 2091
7242.8469595
K= 2092
5987.94626688
K= 2093
4454.63892928
K= 2094
69.25
K= 2095
644.361146766
K= 2096
97.2
K= 2097
48.1248376623
K= 2098
538.373254896
K= 2099
5802.43034517
K= 2100
8839.0
K= 2101
174.300733536
K= 2102
371.99116401
K= 2103
4573.6
K= 2104
157.421933625
K= 2105
8623.66666667
K= 2106
6621.95268779
K= 2107
5560.32487284
K= 2108
395.112632422
K= 2109
498.904016651
K= 2110
674.962512285
K= 2111
442.131071154
K= 2112
8839.0
K= 2113
80.4611111111
K= 2114
30.0407907451
K= 2115
6358.31132518
K= 2116
77.7616012926
K= 2117
8839.0
K= 2118
50.4957282913
K= 2119
129.302737458
K= 2120
349.521951421
K= 2121
4587.91666667
K= 2122
116.565802305
K= 2123
4573.25
K= 2124
246.103882133
K= 2125
4359.60130719
K= 2126
8839.0
K= 2127
158.421933625
K= 2128
190.767393049
K= 2129
3996.2000085
K= 2130
114.920171009
K= 2131
343.116259889
K= 2132
4574.97894737
K= 2133
16.173102226
K= 2134
37.3660052911
K= 2135
4556.93939394
K= 2136
4322.8827639
K= 2137
193.443270486
K= 2138
122.690909091
K= 2139
4322.8827639
K= 2140
426.510238023
K= 2141
901.598746191
K= 2142
4322.8827639
K= 2143
31.3798850573
K= 2144
4517.23333333
K= 2145
1357.82080641
K= 2146
6440.43808335
K= 2147
4533.0547619
K= 2148
222.921414155
K= 2149
4513.21963499
K= 2150
5417.77451826
K= 2151
5733.2552225
K= 2152
4469.57142857
K= 2153
4576.57142857
K= 2154
134.662865228
K= 2155
4322.8827639
K= 2156
167.778623189
K= 2157
110.695289855
K= 2158
5968.23927737
K= 2159
9128.28171584
K= 2160
5288.6417171
K= 2161
118.727166577
K= 2162
170.631703081
K= 2163
184.39979416
K= 2164
52.3444444444
K= 2165
6184.78746027
K= 2166
274.451217968
K= 2167
349.17570167
K= 2168
4573.25
K= 2169
4610.78571429
K= 2170
99.4268543792
K= 2171
8646.14085792
K= 2172
22.3968253969
K= 2173
1745.51450582
K= 2174
7046.80755959
K= 2175
167.778623189
K= 2176
74.3313852814
K= 2177
42.3928571427
K= 2178
4175.0
K= 2179
111.57504431
K= 2180
59.8758271143
K= 2181
4580.0
K= 2182
130.49803239
K= 2183
33.2796296297
K= 2184
509.389395548
K= 2185
8839.0
K= 2186
8653.0
K= 2187
62.4537018421
K= 2188
1940.13273636
K= 2189
4582.0
K= 2190
185.533333333
K= 2191
297.288604095
K= 2192
97.5240765052
K= 2193
8898.05313398
K= 2194
163.528623189
K= 2195
4201.00316173
K= 2196
6361.41509983
K= 2197
329.494185181
K= 2198
66.6083333332
K= 2199
298.265241689
K= 2200
324.278695695
K= 2201
176.377200583
K= 2202
8839.0
K= 2203
102.865452848
K= 2204
4453.51904179
K= 2205
97.5786887782
K= 2206
4315.57142857
K= 2207
4525.62096774
K= 2208
137.511346053
K= 2209
5895.32827192
K= 2210
290.505436647
K= 2211
6656.09898377
K= 2212
198.574015406
K= 2213
4322.8827639
K= 2214
283.77469662
K= 2215
6433.89360339
K= 2216
8287.93226759
K= 2217
116.569047619
K= 2218
62.1639601144
K= 2219
4322.8827639
K= 2220
8839.0
K= 2221
509.389395548
K= 2222
8650.98013245
K= 2223
302.727855478
K= 2224
2452.59481567
K= 2225
5412.41216293
K= 2226
438.389395548
K= 2227
4322.8827639
K= 2228
17945.2923954
K= 2229
0.0
K= 2230
5257.23387203
K= 2231
356.229407455
K= 2232
133.212608481
K= 2233
5467.19827094
K= 2234
235.436921279
K= 2235
4437.50611925
K= 2236
8839.0
K= 2237
41.0044582901
K= 2238
311.689833362
K= 2239
414.329488121
K= 2240
102.528335479
K= 2241
324.809975089
K= 2242
56.3413347765
K= 2243
4133.0
K= 2244
6122.91465255
K= 2245
44.4832251081
K= 2246
57.4050176133
K= 2247
89.2823412701
K= 2248
261.729480032
K= 2249
97.4182788051
K= 2250
476.334024536
K= 2251
91.399060095
K= 2252
443.345000435
K= 2253
590.839563727
K= 2254
53.4471709759
K= 2255
78.7614669302
K= 2256
771.333819212
K= 2257
4583.0
K= 2258
349.521951421
K= 2259
509.389395548
K= 2260
8839.0
K= 2261
229.772315845
K= 2262
8660.0
K= 2263
66.9424242426
K= 2264
348.325886817
K= 2265
38.6647186149
K= 2266
64.9993626891
K= 2267
8566.25451203
K= 2268
215.556265393
K= 2269
40.8847222221
K= 2270
306.893379993
K= 2271
5616.56093761
K= 2272
300.846298154
K= 2273
5174.7313256
K= 2274
447.984268639
K= 2275
5250.00188578
K= 2276
34.4959856181
K= 2277
8654.18860029
K= 2278
151.526077641
K= 2279
167.778623189
K= 2280
5539.019465
K= 2281
8643.91780822
K= 2282
36.422317727
K= 2283
115.510248576
K= 2284
99.4611111111
K= 2285
4522.37865353
K= 2286
54.0666666667
K= 2287
296.783101564
K= 2288
114.938822752
K= 2289
250.520647253
K= 2290
6224.06263031
K= 2291
64.0376881077
K= 2292
5959.23927737
K= 2293
4587.91666667
K= 2294
5267.12269799
K= 2295
284.906706777
K= 2296
287.313572761
K= 2297
349.521951421
K= 2298
164.361956522
K= 2299
340.134021153
K= 2300
8839.0
K= 2301
6306.58443177
K= 2302
48.4488529445
K= 2303
988.493841825
K= 2304
199.533946759
K= 2305
5802.43034517
K= 2306
38.0127307335
K= 2307
157.421933625
K= 2308
86.9774891805
K= 2309
318.841139774
K= 2310
4636.91666667
K= 2311
4587.91666667
K= 2312
107.169547697
K= 2313
167.778623189
K= 2314
5802.43034517
K= 2315
5002.40361073
K= 2316
0.0
K= 2317
2412.2683315
K= 2318
32.679590731
K= 2319
435.777883122
K= 2320
102.214285714
K= 2321
5788.06405274
K= 2322
1391.98558918
K= 2323
98.5430292191
K= 2324
800.064742944
K= 2325
39.9250000003
K= 2326
901.632877573
K= 2327
5802.43034517
K= 2328
4973.10402082
K= 2329
8643.91780822
K= 2330
512.134329197
K= 2331
66.4358608782
K= 2332
720.764173247
K= 2333
31.0488436921
K= 2334
301.644400627
K= 2335
80.426190476
K= 2336
4566.0
K= 2337
39.1703102452
K= 2338
7895.02931557
K= 2339
6474.44421308
K= 2340
129.033646617
K= 2341
4322.8827639
K= 2342
73.9214285716
K= 2343
419.618067994
K= 2344
5268.57724345
K= 2345
368.993611393
K= 2346
329.43038163
K= 2347
159.542385378
K= 2348
4574.0
K= 2349
1027.13647115
K= 2350
8839.0
K= 2351
93.8791146337
K= 2352
429.876259417
K= 2353
8570.94927536
K= 2354
5621.62643177
K= 2355
167.778623189
K= 2356
199.676119069
K= 2357
509.389395548
K= 2358
292.82989233
K= 2359
4463.8827639
K= 2360
4799.77814175
K= 2361
167.778623189
K= 2362
5397.57724345
K= 2363
61.7029960379
K= 2364
95.3899246542
K= 2365
327.097484433
K= 2366
129.033646617
K= 2367
73.3938124096
K= 2368
97.3166666667
K= 2369
8516.30435978
K= 2370
250.331641904
K= 2371
361.077547822
K= 2372
35.3368451962
K= 2373
146.588600292
K= 2374
266.269064787
K= 2375
4573.27777778
K= 2376
7383.11976704
K= 2377
164.925992665
K= 2378
4322.8827639
K= 2379
4522.18809524
K= 2380
364.124593223
K= 2381
343.126261723
K= 2382
15702.6565698
K= 2383
167.778623189
K= 2384
90.7649703707
K= 2385
83.0527260178
K= 2386
57.4001545238
K= 2387
3154.19644171
K= 2388
74.9582447773
K= 2389
6114.22527726
K= 2390
163.538668563
K= 2391
4532.73333333
K= 2392
71.7066074597
K= 2393
281.196643658
K= 2394
5517.3636697
K= 2395
509.389395548
K= 2396
342.082016274
K= 2397
161.995289855
K= 2398
223.575709153
K= 2399
293.740815851
K= 2400
4570.0
Betweenness Centrality Improvement
[ 0.  0.  0. ...,  0.  0.  0.]
Top 20 BC Improvement
[2032 2228 1508 1599 2382 1657 1627 1983 2159 1499 1700 1573 2193 2112 2079
 2117 2100 1596 1577 2126]
Top 20 BC Improvement
[ 17990.33604242  17945.29239544  17678.          17678.          15702.65656983
  13144.          12450.1161151   11010.23081504   9128.28171584
   9091.09095842   9055.88888889   8989.13946332   8898.05313398   8839.
   8839.           8839.           8839.           8839.           8839.
   8839.        ]
