txValue= 100
IGRAPH D--- 4619 68733 -- 
+ attr: pub_key (v), base_fee (e), capacity (e), fee_rate (e), txCost (e)
None
IGRAPH D--- 4619 68733 -- 
+ attr: pub_key (v), base_fee (e), capacity (e), fee_rate (e), txCost (e)
None
Our nodes starting connections: 
(4618, 2796)
(4618, 1223)
(4618, 498)
(4618, 3265)
(4618, 3884)
(4618, 2836)
(4618, 2032)
K= 0
109.285155764
K= 1
115.768159122
K= 2
104.851400938
K= 3
729.529480441
K= 4
336.160283902
K= 5
526.050740531
K= 6
162.85914787
K= 7
106.884318973
K= 8
135.241538757
K= 9
112.490640461
K= 10
370.305436646
K= 11
115.183545279
K= 12
117.421933625
K= 13
63.0247721698
K= 14
193.107562349
K= 15
199.798548273
K= 16
197.69245336
K= 17
8839.0
K= 18
86.7829525614
K= 19
108.920632887
K= 20
125.454007797
K= 21
308.122519228
K= 22
5780.71857719
K= 23
165.77669553
K= 24
462.703100207
K= 25
63.2332571456
K= 26
273.981201085
K= 27
132.934457902
K= 28
5040.60647542
K= 29
70.5809827137
K= 30
124.278623188
K= 31
193.800790538
K= 32
201.13910893
K= 33
340.577633235
K= 34
94.3484236671
K= 35
89.8878464837
K= 36
8638.02225705
K= 37
101.072860143
K= 38
1381.02454758
K= 39
124.458656021
K= 40
5483.20038702
K= 41
8561.94927536
K= 42
8616.44444444
K= 43
294.957520196
K= 44
208.482144445
K= 45
598.920693094
K= 46
111.370898128
K= 47
185.918794531
K= 48
247.873284915
K= 49
4456.57564935
K= 50
131.758042136
K= 51
5309.5575503
K= 52
186.365830382
K= 53
121.035204489
K= 54
318.6020186
K= 55
5494.43964466
K= 56
974.041462764
K= 57
164.301335636
K= 58
97.857113329
K= 59
5439.35250891
K= 60
4525.54083483
K= 61
281.192683204
K= 62
180.669780449
K= 63
6693.04588267
K= 64
99.0460274039
K= 65
4728.91008745
K= 66
241.198500363
K= 67
6095.1369845
K= 68
168.055266958
K= 69
100.803958504
K= 70
5835.62531628
K= 71
1850.55897158
K= 72
5321.44165087
K= 73
50.285677552
K= 74
107.144984775
K= 75
140.177044974
K= 76
4269.08529118
K= 77
4315.83428932
K= 78
545.038690158
K= 79
356.846298154
K= 80
128.635336086
K= 81
5398.26045336
K= 82
6713.65721104
K= 83
6179.69288157
K= 84
263.769327392
K= 85
91.7626084111
K= 86
482.606289667
K= 87
712.08657404
K= 88
4439.0
K= 89
5128.43383955
K= 90
322.147074222
K= 91
101.821516407
K= 92
482.888677806
K= 93
136.249601087
K= 94
202.261956522
K= 95
218.736811613
K= 96
1814.58743594
K= 97
5532.41091092
K= 98
117.851439153
K= 99
85.9855280236
K= 100
4537.99444444
K= 101
803.134249887
K= 102
317.076285025
K= 103
86.7261091018
K= 104
5216.25132789
K= 105
5311.87998144
K= 106
517.389395547
K= 107
464.823742821
K= 108
4560.57142857
K= 109
241.172754473
K= 110
140.323568873
K= 111
8839.0
K= 112
517.389395547
K= 113
207.855303149
K= 114
86.9687541518
K= 115
175.397670807
K= 116
6333.00304531
K= 117
4315.83428932
K= 118
6345.60992829
K= 119
362.481235792
K= 120
592.443987237
K= 121
99.0696969688
K= 122
7102.33686441
K= 123
491.388947896
K= 124
8839.0
K= 125
232.045280217
K= 126
87.4649717644
K= 127
488.730420718
K= 128
147.950828731
K= 129
282.607450507
K= 130
309.542216468
K= 131
1012.7359272
K= 132
4545.46916653
K= 133
98.2835729918
K= 134
91.6333333331
K= 135
213.677377412
K= 136
151.489165966
K= 137
109.157491214
K= 138
355.190082647
K= 139
1065.43461259
K= 140
5178.85399608
K= 141
2492.79970632
K= 142
4315.83428932
K= 143
141.398148229
K= 144
175.397670807
K= 145
330.459679666
K= 146
56.4047312939
K= 147
163.652913736
K= 148
218.751341853
K= 149
5164.35459904
K= 150
5720.57445498
K= 151
562.6164903
K= 152
1726.0263701
K= 153
5379.88685588
K= 154
4597.40558643
K= 155
8839.0
K= 156
223.982843612
K= 157
385.645541089
K= 158
8644.5
K= 159
303.518587865
K= 160
474.59330458
K= 161
8653.0
K= 162
5560.10472209
K= 163
958.557053735
K= 164
290.614975238
K= 165
53.6812349802
K= 166
127.5097651
K= 167
169.60365491
K= 168
4447.23801754
K= 169
111.965365088
K= 170
4156.65641723
K= 171
283.007424645
K= 172
328.6607284
K= 173
147.02922788
K= 174
443.109596021
K= 175
84.1321852298
K= 176
5311.87998144
K= 177
5526.21663687
K= 178
98.7138301717
K= 179
4434.00611925
K= 180
100.113456988
K= 181
8839.0
K= 182
166.298701398
K= 183
339.790503042
K= 184
130.852898699
K= 185
4586.5
K= 186
965.729406598
K= 187
104.357569344
K= 188
8839.0
K= 189
107.647709779
K= 190
4477.0987013
K= 191
191.298499368
K= 192
4570.50430108
K= 193
6244.18746593
K= 194
127.870406708
K= 195
370.305436646
K= 196
8742.0
K= 197
123.437914566
K= 198
268.048729165
K= 199
132.139300219
K= 200
140.467791114
K= 201
458.3757158
K= 202
438.609596021
K= 203
5239.38424983
K= 204
3834.38446658
K= 205
123.623043217
K= 206
8839.0
K= 207
85.6470237677
K= 208
199.495120266
K= 209
8653.0
K= 210
116.05901772
K= 211
72.3905910961
K= 212
216.233034952
K= 213
133.224781267
K= 214
158.35721784
K= 215
4477.0987013
K= 216
101.523604183
K= 217
117.674399677
K= 218
6477.05949608
K= 219
156.031260339
K= 220
334.979205509
K= 221
194.140116644
K= 222
436.047659752
K= 223
4584.0987013
K= 224
477.498678328
K= 225
84.8996064798
K= 226
295.267693213
K= 227
4574.0
K= 228
4314.04350649
K= 229
4552.98791323
K= 230
5444.40230083
K= 231
5564.96088508
K= 232
202.260313774
K= 233
358.489673174
K= 234
84.7298286258
K= 235
2123.16215869
K= 236
183.957210005
K= 237
214.863016891
K= 238
6171.69288157
K= 239
217.294513926
K= 240
6032.41706047
K= 241
169.872984138
K= 242
107.938203693
K= 243
173.111956522
K= 244
120.911956521
K= 245
8644.32957292
K= 246
4574.59899017
K= 247
5999.71551989
K= 248
5538.43706686
K= 249
5105.87358526
K= 250
489.088677806
K= 251
177.486102828
K= 252
142.738600292
K= 253
301.787812732
K= 254
4315.83428932
K= 255
8839.0
K= 256
291.202414017
K= 257
350.614356961
K= 258
201.18995515
K= 259
197.465971533
K= 260
163.463086695
K= 261
152.771933625
K= 262
8839.0
K= 263
138.733838387
K= 264
6693.04588267
K= 265
106.446254152
K= 266
88.6810250209
K= 267
107.778526439
K= 268
167.736711535
K= 269
314.127905732
K= 270
1300.17196355
K= 271
4477.0987013
K= 272
4543.52776824
K= 273
8839.0
K= 274
455.835252887
K= 275
200.546638218
K= 276
236.018161231
K= 277
517.817966976
K= 278
7161.56010431
K= 279
143.245673981
K= 280
4477.0987013
K= 281
131.671082602
K= 282
144.71454277
K= 283
8561.94927536
K= 284
6476.36287651
K= 285
4917.7345313
K= 286
142.005075617
K= 287
168.120449943
K= 288
222.71477737
K= 289
512.066483528
K= 290
133.185096503
K= 291
517.389395547
K= 292
5301.65120921
K= 293
159.275204524
K= 294
109.064812751
K= 295
86.6372834134
K= 296
817.428733871
K= 297
346.38127374
K= 298
8642.0
K= 299
151.545878675
K= 300
115.315163404
K= 301
4526.62096774
K= 302
87.2892980635
K= 303
92.1678192199
K= 304
8839.0
K= 305
109.222034397
K= 306
558.110113966
K= 307
112.791744127
K= 308
59.4583333331
K= 309
146.571449331
K= 310
4315.83428932
K= 311
4560.59416653
K= 312
5457.31181792
K= 313
117.503853834
K= 314
517.389395547
K= 315
440.946434856
K= 316
117.794493758
K= 317
8839.0
K= 318
375.142045455
K= 319
173.615691427
K= 320
127.498646877
K= 321
837.56421134
K= 322
4584.50779221
K= 323
7252.60379877
K= 324
5940.75543823
K= 325
4315.83428932
K= 326
4475.42837163
K= 327
144.516254891
K= 328
83.097012018
K= 329
102.860302464
K= 330
121.169044368
K= 331
4578.69935065
K= 332
8839.0
K= 333
172.115413843
K= 334
289.558357139
K= 335
4534.77855328
K= 336
178.361768817
K= 337
5311.87998144
K= 338
210.442492095
K= 339
164.283296975
K= 340
368.842752522
K= 341
3409.44264913
K= 342
8640.04285714
K= 343
71.4927917261
K= 344
117.907140304
K= 345
1547.94552584
K= 346
4197.11999304
K= 347
4570.40377792
K= 348
4383.2684767
K= 349
51.1725970487
K= 350
311.992099647
K= 351
884.729552948
K= 352
206.538729579
K= 353
142.919985837
K= 354
128.433140944
K= 355
4315.83428932
K= 356
1203.48374471
K= 357
4315.83428932
K= 358
80.0178019074
K= 359
4205.11999304
K= 360
146.571449331
K= 361
118.860820425
K= 362
483.222246827
K= 363
149.643709978
K= 364
3541.08904118
K= 365
5954.95195299
K= 366
289.912193835
K= 367
378.956434397
K= 368
6693.04588267
K= 369
155.957079495
K= 370
8839.0
K= 371
188.071480166
K= 372
296.965185192
K= 373
5629.26341157
K= 374
5602.77676573
K= 375
312.217726725
K= 376
3970.44196679
K= 377
102.261495455
K= 378
274.009337203
K= 379
302.277172947
K= 380
96.2674276511
K= 381
59.1696969686
K= 382
691.178033134
K= 383
135.586206373
K= 384
49.5184655195
K= 385
517.389395547
K= 386
363.607900829
K= 387
4396.39444444
K= 388
203.119530847
K= 389
8866.0122385
K= 390
74.1346565916
K= 391
1629.29316931
K= 392
4393.05138019
K= 393
143.191310777
K= 394
8839.0
K= 395
517.389395547
K= 396
120.457205726
K= 397
291.298916385
K= 398
4580.26383017
K= 399
7170.78345584
K= 400
108.38214077
K= 401
144.207912311
K= 402
517.389395547
K= 403
445.676761345
K= 404
4585.18172269
K= 405
259.845647253
K= 406
8622.05526696
K= 407
353.558735064
K= 408
889.736099383
K= 409
8839.0
K= 410
5960.38873301
K= 411
5538.43706686
K= 412
6418.20154565
K= 413
8839.0
K= 414
84.9148202394
K= 415
132.158966369
K= 416
4496.56616162
K= 417
477.610020934
K= 418
173.111956522
K= 419
3566.79785776
K= 420
118.061494135
K= 421
92.2887701654
K= 422
317.930177558
K= 423
4526.62096774
K= 424
4630.7
K= 425
517.389395547
K= 426
144.419688198
K= 427
330.99045834
K= 428
369.202805068
K= 429
102.250530181
K= 430
329.3607284
K= 431
5776.12793645
K= 432
141.671482784
K= 433
655.30068288
K= 434
166.047362216
K= 435
8866.0122385
K= 436
7476.18173861
K= 437
338.284511268
K= 438
298.893953462
K= 439
517.389395547
K= 440
333.88145564
K= 441
175.98213196
K= 442
149.795972537
K= 443
163.019223484
K= 444
138.578305232
K= 445
4561.45833333
K= 446
8602.94927536
K= 447
5309.5575503
K= 448
108.046414325
K= 449
155.955808083
K= 450
8839.0
K= 451
6075.77418653
K= 452
141.018165483
K= 453
4989.09357303
K= 454
4345.01186939
K= 455
6179.69288157
K= 456
8839.0
K= 457
5862.97328922
K= 458
314.525697209
K= 459
517.389395547
K= 460
348.306299591
K= 461
4477.0987013
K= 462
4539.39719679
K= 463
801.401000701
K= 464
6179.69288157
K= 465
150.985754719
K= 466
4537.99444444
K= 467
104.234848485
K= 468
173.111956522
K= 469
104.766739844
K= 470
285.369285126
K= 471
166.839808797
K= 472
94.9343196822
K= 473
83.1299945362
K= 474
108.8673368
K= 475
5880.51593671
K= 476
5538.43706686
K= 477
517.389395547
K= 478
269.774382518
K= 479
691.466577919
K= 480
370.271361315
K= 481
163.111956522
K= 482
5486.99475507
K= 483
128.695633138
K= 484
531.397884164
K= 485
8562.44927536
K= 486
5311.87998144
K= 487
1508.92990293
K= 488
8357.5875823
K= 489
6756.6483154
K= 490
8680.03535354
K= 491
4585.18172269
K= 492
4315.83428932
K= 493
68.7583333331
K= 494
90.2403210788
K= 495
124.038634275
K= 496
4578.88095238
K= 497
114.71890142
K= 498
276.184788305
K= 499
173.111956522
K= 500
207.710763474
K= 501
4578.54241343
K= 502
91.0012755019
K= 503
4790.83334086
K= 504
148.517861025
K= 505
5871.19088581
K= 506
184.476696303
K= 507
155.30829726
K= 508
6441.90282069
K= 509
296.120344956
K= 510
5119.93722477
K= 511
260.547648232
K= 512
5437.78152585
K= 513
250.563332684
K= 514
151.013194691
K= 515
170.851423864
K= 516
351.626261723
K= 517
78.9701012218
K= 518
5825.51593671
K= 519
87.8715464983
K= 520
683.932500158
K= 521
138.540050297
K= 522
5398.26045336
K= 523
341.493562844
K= 524
224.045997613
K= 525
5139.61408477
K= 526
5974.64742608
K= 527
127.669166527
K= 528
5856.74013522
K= 529
315.547258173
K= 530
115.567236956
K= 531
5441.58304296
K= 532
5889.51593671
K= 533
139.118174603
K= 534
517.817966976
K= 535
4529.73333333
K= 536
152.992585309
K= 537
124.628775107
K= 538
5602.77676573
K= 539
358.39181944
K= 540
304.673248624
K= 541
125.226363496
K= 542
165.722162794
K= 543
6442.10348992
K= 544
135.844622526
K= 545
4636.00322581
K= 546
136.617913452
K= 547
8630.71428571
K= 548
1553.98671195
K= 549
177.011956522
K= 550
103.233940977
K= 551
3133.68173861
K= 552
6568.89892547
K= 553
8543.27954928
K= 554
159.601503759
K= 555
350.293556828
K= 556
122.690927131
K= 557
143.373825832
K= 558
5814.83452727
K= 559
4580.95
K= 560
160.167307246
K= 561
154.58527411
K= 562
5130.90077085
K= 563
6179.69288157
K= 564
1075.18094543
K= 565
164.133997542
K= 566
4315.83428932
K= 567
97.6553762971
K= 568
517.817966976
K= 569
416.005879704
K= 570
484.137190544
K= 571
5282.66679439
K= 572
150.15787704
K= 573
137.572373241
K= 574
326.881849562
K= 575
5483.20038702
K= 576
133.308222231
K= 577
101.018234085
K= 578
238.092336194
K= 579
265.952394869
K= 580
158.615851342
K= 581
202.813415329
K= 582
525.817966976
K= 583
401.542136499
K= 584
214.702383912
K= 585
298.957228188
K= 586
442.376259417
K= 587
8349.6558859
K= 588
116.796874908
K= 589
141.271953138
K= 590
177.287627883
K= 591
1582.28079024
K= 592
552.199430195
K= 593
6389.05337624
K= 594
4831.44386725
K= 595
151.344272968
K= 596
121.40782596
K= 597
376.420502436
K= 598
264.348358469
K= 599
164.042109064
K= 600
4527.76994463
K= 601
505.926270834
K= 602
348.196298154
K= 603
1161.55020624
K= 604
5184.53896886
K= 605
1106.87487412
K= 606
4587.6716811
K= 607
4315.83428932
K= 608
176.291946105
K= 609
204.731493288
K= 610
357.521951422
K= 611
4315.83428932
K= 612
390.90224156
K= 613
4530.32679739
K= 614
7874.50951713
K= 615
381.688647703
K= 616
4189.11999304
K= 617
68.7748278908
K= 618
111.895054433
K= 619
6332.71049312
K= 620
96.965365088
K= 621
163.04556277
K= 622
101.711310952
K= 623
170.334281567
K= 624
6484.48103089
K= 625
807.683298135
K= 626
152.424473732
K= 627
311.56196338
K= 628
4203.13955752
K= 629
4189.11999304
K= 630
4591.66666667
K= 631
303.17045156
K= 632
328.6607284
K= 633
5437.78152585
K= 634
6476.36287651
K= 635
7455.68650052
K= 636
6792.82601601
K= 637
1176.57719503
K= 638
4962.58091557
K= 639
11458.1857535
K= 640
4396.39444444
K= 641
6254.55753895
K= 642
228.623010349
K= 643
100.392971156
K= 644
5440.87998144
K= 645
370.905436647
K= 646
610.215819179
K= 647
5941.79898707
K= 648
6179.69288157
K= 649
4448.40213471
K= 650
7729.51363788
K= 651
107.937205436
K= 652
1297.9452053
K= 653
327.854980058
K= 654
83.7444861014
K= 655
4315.83428932
K= 656
173.111956522
K= 657
337.622300456
K= 658
305.564441796
K= 659
8839.0
K= 660
5392.12695705
K= 661
351.672483786
K= 662
967.627891241
K= 663
1835.77061483
K= 664
8515.05652743
K= 665
5440.87998144
K= 666
104.194166527
K= 667
93.3719336248
K= 668
4998.61408477
K= 669
110.207896626
K= 670
130.857814408
K= 671
196.509220422
K= 672
4575.66470588
K= 673
66.1949063396
K= 674
244.189962237
K= 675
55.6552453185
K= 676
5555.54806918
K= 677
350.818412351
K= 678
259.041664579
K= 679
92.6333333331
K= 680
5538.43706686
K= 681
2617.20591188
K= 682
163.168964967
K= 683
115.036019944
K= 684
4570.50430108
K= 685
164.805266958
K= 686
195.988764502
K= 687
276.575495682
K= 688
6147.29400595
K= 689
388.15424617
K= 690
4461.10703463
K= 691
6504.43754329
K= 692
68.7474604831
K= 693
4315.83428932
K= 694
138.173451728
K= 695
139.819959565
K= 696
111.965829652
K= 697
538.213940564
K= 698
4315.83428932
K= 699
167.095054767
K= 700
6358.26426268
K= 701
4335.30779221
K= 702
70.8572122664
K= 703
105.722204209
K= 704
4527.73333333
K= 705
194.569630277
K= 706
8630.71428571
K= 707
4315.83428932
K= 708
146.571449331
K= 709
277.690524779
K= 710
8839.0
K= 711
118.483609137
K= 712
379.630921098
K= 713
360.192473555
K= 714
4583.67878788
K= 715
8635.32957292
K= 716
234.290926762
K= 717
6318.82409809
K= 718
3868.80822041
K= 719
279.719689962
K= 720
114.340315431
K= 721
252.085955161
K= 722
98.5774135024
K= 723
5920.94608026
K= 724
149.069137302
K= 725
59.1483481915
K= 726
7853.14663657
K= 727
295.577453108
K= 728
5607.75179417
K= 729
328.6607284
K= 730
98.0904761904
K= 731
5973.95195299
K= 732
5454.81512284
K= 733
164.305266958
K= 734
98.9656255536
K= 735
4622.25155338
K= 736
986.913229232
K= 737
5999.71551989
K= 738
164.23224231
K= 739
223.20270568
K= 740
6338.73067523
K= 741
124.824683137
K= 742
3396.07338115
K= 743
102.622842392
K= 744
2576.1929057
K= 745
4560.62315357
K= 746
162.184742296
K= 747
173.611956522
K= 748
7437.4684049
K= 749
168.707261765
K= 750
106.742386052
K= 751
71.6549665487
K= 752
694.233468776
K= 753
5479.90861213
K= 754
3486.25087628
K= 755
104.16309315
K= 756
211.070984723
K= 757
784.5779219
K= 758
152.181693411
K= 759
147.716840618
K= 760
155.473024961
K= 761
516.703096104
K= 762
4616.42857143
K= 763
8839.0
K= 764
8653.0
K= 765
128.146278559
K= 766
377.298181189
K= 767
173.111956522
K= 768
366.804578223
K= 769
215.118508081
K= 770
5862.97328922
K= 771
973.26222886
K= 772
352.289266918
K= 773
299.630921098
K= 774
161.265965589
K= 775
464.890207413
K= 776
162.441546705
K= 777
1133.83725401
K= 778
5572.31626774
K= 779
197.918004239
K= 780
307.997287062
K= 781
484.964043914
K= 782
5125.12351885
K= 783
81.1282606443
K= 784
6606.42833908
K= 785
5825.51593671
K= 786
179.419547805
K= 787
338.493731874
K= 788
152.704369348
K= 789
81.4035537021
K= 790
162.981457553
K= 791
6674.26551565
K= 792
487.608883666
K= 793
352.376261723
K= 794
75.6230395201
K= 795
107.15914787
K= 796
1063.80048054
K= 797
3117.8108832
K= 798
8416.23498965
K= 799
327.916411318
K= 800
4470.7510748
K= 801
4477.0987013
K= 802
4545.28219911
K= 803
104.805934228
K= 804
463.553568752
K= 805
113.182400892
K= 806
86.9807495462
K= 807
143.916577114
K= 808
242.436921279
K= 809
81.7981798381
K= 810
6332.71049312
K= 811
350.076425035
K= 812
89.5143247093
K= 813
7921.4488649
K= 814
171.905916308
K= 815
4477.0987013
K= 816
442.538864765
K= 817
4315.83428932
K= 818
470.74456969
K= 819
292.313603624
K= 820
2415.97193362
K= 821
116.971933625
K= 822
8839.0
K= 823
336.929394585
K= 824
5308.9074985
K= 825
100.051182558
K= 826
382.260531813
K= 827
8319.51304025
K= 828
152.690880122
K= 829
279.819598471
K= 830
96.9093459443
K= 831
145.981457434
K= 832
122.028655009
K= 833
77.7912863855
K= 834
124.379410108
K= 835
124.278623188
K= 836
1031.07244647
K= 837
141.578885393
K= 838
126.863370635
K= 839
134.461841888
K= 840
6646.1929057
K= 841
309.414428115
K= 842
5219.87998144
K= 843
116.704878347
K= 844
594.682880195
K= 845
517.817966976
K= 846
74.7834909351
K= 847
922.054679048
K= 848
149.171933625
K= 849
351.929214874
K= 850
337.205503977
K= 851
317.411284397
K= 852
108.017188527
K= 853
5152.30092306
K= 854
466.401812337
K= 855
7139.20520256
K= 856
115.092946523
K= 857
133.076136135
K= 858
121.40894016
K= 859
103.157142857
K= 860
197.177393022
K= 861
430.808620258
K= 862
8493.32907648
K= 863
152.407258697
K= 864
308.74328604
K= 865
166.921197283
K= 866
4586.0
K= 867
4433.00611925
K= 868
6179.69288157
K= 869
4567.06969404
K= 870
5311.87998144
K= 871
1268.67762452
K= 872
150.260662526
K= 873
117.406071289
K= 874
328.6607284
K= 875
173.111956522
K= 876
275.1358985
K= 877
6953.23522336
K= 878
5311.87998144
K= 879
6453.12250193
K= 880
154.413854675
K= 881
195.308633338
K= 882
86.9618261851
K= 883
517.817966976
K= 884
4526.23333333
K= 885
270.873891415
K= 886
4598.525
K= 887
516.867966976
K= 888
378.880921098
K= 889
117.150957263
K= 890
70.7605838652
K= 891
358.82131241
K= 892
71.9444615319
K= 893
327.923525224
K= 894
105.325814536
K= 895
5940.75543823
K= 896
140.617803557
K= 897
5379.2435726
K= 898
4565.82608696
K= 899
129.937636396
K= 900
290.170724362
K= 901
303.77568386
K= 902
4477.0987013
K= 903
4315.83428932
K= 904
136.482144445
K= 905
657.871817596
K= 906
204.940691575
K= 907
83.9675703364
K= 908
310.353902727
K= 909
6075.77418653
K= 910
38.7501710614
K= 911
242.436921279
K= 912
165.292986257
K= 913
232.521610474
K= 914
4449.06916653
K= 915
343.257104923
K= 916
8653.0
K= 917
6014.35172489
K= 918
4527.73333333
K= 919
167.721933625
K= 920
104.547166376
K= 921
5845.62531628
K= 922
8653.0
K= 923
152.471933625
K= 924
6105.16159086
K= 925
99.621545098
K= 926
274.009337203
K= 927
1158.09963839
K= 928
298.133005438
K= 929
173.111956522
K= 930
88.2234260452
K= 931
98.8210987733
K= 932
86.340647048
K= 933
320.819982403
K= 934
178.189738386
K= 935
106.227893753
K= 936
8653.0
K= 937
176.822188182
K= 938
4579.25
K= 939
4523.91666667
K= 940
8622.83385753
K= 941
173.111956522
K= 942
6693.04588267
K= 943
214.013062648
K= 944
6488.67876842
K= 945
151.345456456
K= 946
164.640465294
K= 947
189.290070537
K= 948
6904.19447554
K= 949
4394.86111111
K= 950
107.787489371
K= 951
100.707929144
K= 952
480.119527766
K= 953
351.881493823
K= 954
4315.83428932
K= 955
5565.36930465
K= 956
315.846346051
K= 957
955.508465801
K= 958
79.6632030752
K= 959
155.196374867
K= 960
210.767858731
K= 961
7466.3409544
K= 962
164.680266958
K= 963
291.972321058
K= 964
5905.11029757
K= 965
8416.23498965
K= 966
352.340057302
K= 967
378.956434397
K= 968
346.245442973
K= 969
285.275395458
K= 970
193.054182121
K= 971
251.559231138
K= 972
5311.87998144
K= 973
432.359596021
K= 974
4394.86111111
K= 975
5164.35459904
K= 976
206.219070179
K= 977
130.596246026
K= 978
2416.47193362
K= 979
296.879370462
K= 980
4477.0987013
K= 981
5440.87998144
K= 982
294.59375662
K= 983
8839.0
K= 984
90.4000150673
K= 985
1315.62018692
K= 986
215.829688349
K= 987
1411.60446442
K= 988
272.036890423
K= 989
365.870907357
K= 990
4570.62318841
K= 991
88.8765411581
K= 992
8653.0
K= 993
79.4028104261
K= 994
83.6995437464
K= 995
222.476192407
K= 996
316.02766991
K= 997
156.234166206
K= 998
1134.21357192
K= 999
162.284966206
K= 1000
4315.83428932
K= 1001
839.303657578
K= 1002
8383.21299872
K= 1003
96.198929125
K= 1004
121.616902224
K= 1005
199.097789715
K= 1006
350.022157731
K= 1007
502.4303622
K= 1008
92.1917922272
K= 1009
8839.0
K= 1010
1534.14302598
K= 1011
127.713641843
K= 1012
1511.72260497
K= 1013
4315.83428932
K= 1014
100.359600144
K= 1015
8636.65985813
K= 1016
363.139851604
K= 1017
4574.0
K= 1018
517.389395547
K= 1019
4394.86111111
K= 1020
4538.99444444
K= 1021
4315.83428932
K= 1022
5871.19088581
K= 1023
4876.00849125
K= 1024
82.5469811966
K= 1025
214.11919712
K= 1026
4520.24724275
K= 1027
6287.3845103
K= 1028
1136.65169025
K= 1029
8839.0
K= 1030
139.718214134
K= 1031
7498.91905949
K= 1032
148.366916996
K= 1033
376.806836396
K= 1034
173.171740445
K= 1035
1150.03775418
K= 1036
100.926980345
K= 1037
167.908030302
K= 1038
431.072584123
K= 1039
461.413889376
K= 1040
56.4052320418
K= 1041
8630.71428571
K= 1042
88.650840161
K= 1043
4634.96947674
K= 1044
8829.83810203
K= 1045
292.977200583
K= 1046
4315.83428932
K= 1047
501.436322342
K= 1048
389.570930719
K= 1049
462.807269962
K= 1050
4189.11999304
K= 1051
178.663202754
K= 1052
813.067310451
K= 1053
168.67193013
K= 1054
525.10401275
K= 1055
4520.50430108
K= 1056
4475.07029221
K= 1057
255.415724076
K= 1058
359.389987384
K= 1059
123.022895433
K= 1060
101.046466776
K= 1061
154.394483918
K= 1062
140.843114789
K= 1063
227.972231689
K= 1064
205.726055293
K= 1065
1326.48878544
K= 1066
444.534958329
K= 1067
386.806143414
K= 1068
90.5753118298
K= 1069
4456.77231092
K= 1070
98.1473119472
K= 1071
6757.66832112
K= 1072
2342.73455305
K= 1073
187.73716088
K= 1074
4551.34214522
K= 1075
5758.30346814
K= 1076
121.240577724
K= 1077
173.111956522
K= 1078
210.412941753
K= 1079
5276.76262785
K= 1080
172.779458873
K= 1081
114.156604788
K= 1082
232.97190991
K= 1083
322.722785918
K= 1084
6179.69288157
K= 1085
337.070681097
K= 1086
6032.41706047
K= 1087
6179.69288157
K= 1088
358.390867874
K= 1089
1930.37370697
K= 1090
5926.59536675
K= 1091
256.438017984
K= 1092
317.627674886
K= 1093
8839.0
K= 1094
127.811895554
K= 1095
350.844417569
K= 1096
6625.57416377
K= 1097
517.889395547
K= 1098
623.294763738
K= 1099
8839.0
K= 1100
96.7015069267
K= 1101
4369.90854856
K= 1102
4478.5987013
K= 1103
8044.0138718
K= 1104
569.707491615
K= 1105
6558.39612588
K= 1106
118.135449568
K= 1107
8635.58333333
K= 1108
8839.0
K= 1109
7530.02436902
K= 1110
122.649869808
K= 1111
5172.94252566
K= 1112
6179.69288157
K= 1113
1292.85684474
K= 1114
176.741199312
K= 1115
67.443289137
K= 1116
7930.12148395
K= 1117
139.661582507
K= 1118
107.632974338
K= 1119
4465.86111111
K= 1120
1368.73746508
K= 1121
8384.96386657
K= 1122
1764.0599124
K= 1123
6182.38623755
K= 1124
328.8607284
K= 1125
5467.02930156
K= 1126
95.2129090942
K= 1127
192.076688497
K= 1128
5051.9554566
K= 1129
173.111956522
K= 1130
8643.44828722
K= 1131
452.846098215
K= 1132
143.632206432
K= 1133
163.111956522
K= 1134
5440.87998144
K= 1135
120.575238546
K= 1136
4315.83428932
K= 1137
196.588144617
K= 1138
4531.50069917
K= 1139
173.93013834
K= 1140
106.199081565
K= 1141
4297.94617434
K= 1142
4189.11999304
K= 1143
234.288942579
K= 1144
4868.62803778
K= 1145
168.30169553
K= 1146
8583.12857143
K= 1147
108.992068456
K= 1148
8839.0
K= 1149
5440.23712429
K= 1150
72.3288798361
K= 1151
6591.22065369
K= 1152
329.393500365
K= 1153
8839.0
K= 1154
162.032524585
K= 1155
58.8983638143
K= 1156
336.172345286
K= 1157
4637.27099567
K= 1158
131.333955942
K= 1159
4315.83428932
K= 1160
4578.64379085
K= 1161
315.926274322
K= 1162
5697.06246494
K= 1163
1167.36012893
K= 1164
4299.30656838
K= 1165
8839.0
K= 1166
391.07790105
K= 1167
4564.53335707
K= 1168
120.713055772
K= 1169
4386.52126489
K= 1170
121.52576391
K= 1171
173.111956522
K= 1172
4706.66286588
K= 1173
5505.32166088
K= 1174
301.487227706
K= 1175
6156.79073838
K= 1176
323.560293749
K= 1177
8839.0
K= 1178
185.93484245
K= 1179
144.024643696
K= 1180
74.4965871233
K= 1181
5430.70978568
K= 1182
241.140894136
K= 1183
117.914976945
K= 1184
57.4129115531
K= 1185
4579.91071429
K= 1186
274.458172109
K= 1187
66.4413769658
K= 1188
676.016858365
K= 1189
5310.87998144
K= 1190
188.160035644
K= 1191
164.605266958
K= 1192
5277.41771458
K= 1193
4525.87096774
K= 1194
5308.61527546
K= 1195
1709.42332717
K= 1196
8839.0
K= 1197
129.783340169
K= 1198
346.116802593
K= 1199
88.4679647563
Betweenness Centrality Improvement
[ 109.28515576  115.76815912  104.85140094 ...,    0.            0.            0.        ]
Top 20 BC Improvement
[ 639  435  389 1153  983 1165 1093 1148 1196 1099 1009 1108 1177 1029  456
  370  822  188  111  317]
Top 20 BC Improvement
[ 11458.18575352   8866.0122385    8866.0122385    8839.           8839.
   8839.           8839.           8839.           8839.           8839.
   8839.           8839.           8839.           8839.           8839.
   8839.           8839.           8839.           8839.           8839.        ]
