txValue= 100
IGRAPH D--- 4619 68733 -- 
+ attr: pub_key (v), base_fee (e), capacity (e), fee_rate (e), txCost (e)
None
IGRAPH D--- 4619 68733 -- 
+ attr: pub_key (v), base_fee (e), capacity (e), fee_rate (e), txCost (e)
None
Our nodes starting connections: 
(4618, 2796)
(4618, 1223)
(4618, 498)
(4618, 3265)
(4618, 3884)
K= 2400
4570.0
K= 2401
4579.33333333
K= 2402
5653.66572252
K= 2403
145.588600292
K= 2404
8839.0
K= 2405
99.3922563297
K= 2406
306.893379993
K= 2407
280.073624959
K= 2408
4276.94444444
K= 2409
134.82944664
K= 2410
50.8477932926
K= 2411
292.283973705
K= 2412
26.9506835559
K= 2413
5338.33686463
K= 2414
49.3124241894
K= 2415
8533.81274608
K= 2416
146.58006495
K= 2417
353.03072535
K= 2418
14280.5671913
K= 2419
4534.57362637
K= 2420
77.6229276898
K= 2421
279.530273055
K= 2422
4869.77555455
K= 2423
8550.20294498
K= 2424
4322.8827639
K= 2425
8.97922296578
K= 2426
7604.50595295
K= 2427
4472.57362637
K= 2428
8689.39365711
K= 2429
158.421933625
K= 2430
337.562717938
K= 2431
647.117838255
K= 2432
32.526695527
K= 2433
64.9860696411
K= 2434
3200.83267008
K= 2435
615.606254731
K= 2436
5910.41810577
K= 2437
4267.57142857
K= 2438
41.5763416507
K= 2439
4511.29822955
K= 2440
361.630921098
K= 2441
12713.7118605
K= 2442
301.019003304
K= 2443
119.324481075
K= 2444
75.8333333333
K= 2445
4486.81682719
K= 2446
127.171007152
K= 2447
367.630921098
K= 2448
7249.06892939
K= 2449
84.3205128206
K= 2450
4523.82608696
K= 2451
7833.68247769
K= 2452
42.8095207521
K= 2453
297.183478243
K= 2454
118.164285714
K= 2455
4322.8827639
K= 2456
8839.0
K= 2457
173.750325376
K= 2458
58.8190286567
K= 2459
190.503496503
K= 2460
39.2333333333
K= 2461
2184.99174531
K= 2462
2030.63362906
K= 2463
228.571414232
K= 2464
8839.0
K= 2465
5443.27189893
K= 2466
211.423916385
K= 2467
2414.08860029
K= 2468
96.5623007984
K= 2469
110.174696545
K= 2470
6002.02543443
K= 2471
4347.94444444
K= 2472
254.610950161
K= 2473
317.117230362
K= 2474
250.805844156
K= 2475
25.1972901152
K= 2476
33.5528499278
K= 2477
508.898871544
K= 2478
98.673550448
K= 2479
315.535466575
K= 2480
624.604356919
K= 2481
330.933256299
K= 2482
5517.3636697
K= 2483
509.389395548
K= 2484
5172.65240138
K= 2485
62.5714067871
K= 2486
8839.0
K= 2487
132.488086963
K= 2488
75.5197802198
K= 2489
350.886188156
K= 2490
111.639055704
K= 2491
5268.57724345
K= 2492
22.7414474415
K= 2493
181.822983857
K= 2494
4605.0
K= 2495
158.278623188
K= 2496
2830.11841054
K= 2497
509.389395548
K= 2498
4322.8827639
K= 2499
79.1016806723
K= 2500
167.778623189
K= 2501
167.445289855
K= 2502
4392.94444444
K= 2503
93.5291666667
K= 2504
117.028623189
K= 2505
509.389395548
K= 2506
62.7867063493
K= 2507
144.09914966
K= 2508
85.1622237783
K= 2509
6162.48593719
K= 2510
77.9095238094
K= 2511
136.775502377
K= 2512
482.588677806
K= 2513
5005.26035264
K= 2514
4209.64105458
K= 2515
4538.85714286
K= 2516
227.682377932
K= 2517
173.573992633
K= 2518
38.1600538308
K= 2519
124.774481075
K= 2520
186.485714285
K= 2521
17.0505013149
K= 2522
32.1162730241
K= 2523
305.186013482
K= 2524
213.624051283
K= 2525
91.0464035963
K= 2526
5366.74792089
K= 2527
84.8096920904
K= 2528
22.4908841156
K= 2529
7018.48289692
K= 2530
5553.17016831
K= 2531
108.070963641
K= 2532
111.787001107
K= 2533
7617.47031791
K= 2534
58.7336149958
K= 2535
5267.58427094
K= 2536
4196.29062796
K= 2537
158.421933625
K= 2538
4577.8
K= 2539
282.423916385
K= 2540
108.223549535
K= 2541
99.7632034634
K= 2542
4643.22809192
K= 2543
144.811433649
K= 2544
8570.94927536
K= 2545
6020.5805697
K= 2546
4099.98944296
K= 2547
5943.85997881
K= 2548
252.18086978
K= 2549
6016.68881776
K= 2550
8839.0
K= 2551
4322.8827639
K= 2552
349.521951421
K= 2553
55.2256470768
K= 2554
1524.34848277
K= 2555
276.358863113
K= 2556
404.212786265
K= 2557
398.255319187
K= 2558
857.757420992
K= 2559
517.300952336
K= 2560
123.946176049
K= 2561
37.4104978354
K= 2562
161.766605616
K= 2563
53.32360874
K= 2564
130.520613866
K= 2565
17678.0
K= 2566
124.570052264
K= 2567
4581.25
K= 2568
127.200313283
K= 2569
114.109837093
K= 2570
5265.2088224
K= 2571
206.00392676
K= 2572
4562.27835395
K= 2573
8660.0
K= 2574
95.3409090908
K= 2575
124.116968912
K= 2576
347.783029674
K= 2577
4978.82055216
K= 2578
8839.0
K= 2579
8807.8827639
K= 2580
4577.25
K= 2581
102.778844291
K= 2582
94.3205300514
K= 2583
3041.96339537
K= 2584
91.4459706959
K= 2585
154.180608148
K= 2586
8830.0
K= 2587
4463.57142857
K= 2588
95.8276901463
K= 2589
85.3705535663
K= 2590
96.5928571427
K= 2591
462.579451333
K= 2592
311.634156632
K= 2593
72.0602564104
K= 2594
167.778623189
K= 2595
276.47652316
K= 2596
5268.57724345
K= 2597
218.79553487
K= 2598
158.421933625
K= 2599
4422.20430108
K= 2600
1504.94905423
K= 2601
204.187313919
K= 2602
2984.60561084
K= 2603
6299.8114283
K= 2604
817.564886509
K= 2605
1013.95643668
K= 2606
115.916666667
K= 2607
4322.8827639
K= 2608
463.678664874
K= 2609
4569.53333333
K= 2610
370.99116401
K= 2611
340.802854823
K= 2612
130.979904718
K= 2613
621.01278073
K= 2614
339.114055128
K= 2615
5291.38995658
K= 2616
56.0439782439
K= 2617
5517.3636697
K= 2618
797.459751566
K= 2619
8839.0
K= 2620
348.179631487
K= 2621
163.333333333
K= 2622
44.24992785
K= 2623
196.766262613
K= 2624
78.4204609116
K= 2625
6656.09898377
K= 2626
4584.92592593
K= 2627
8134.77497533
K= 2628
27.4857410393
K= 2629
93.1148201744
K= 2630
5061.88255736
K= 2631
4542.57575758
K= 2632
543.071368495
K= 2633
8839.0
K= 2634
6656.09898377
K= 2635
4606.66304348
K= 2636
5686.65810593
K= 2637
370.99116401
K= 2638
101.221198561
K= 2639
5268.57724345
K= 2640
509.389395548
K= 2641
4322.8827639
K= 2642
370.606824712
K= 2643
390.306550042
K= 2644
4201.00316173
K= 2645
173.131136851
K= 2646
53.678169098
K= 2647
4462.57142857
K= 2648
114.633333333
K= 2649
325.521951421
K= 2650
6253.59155752
K= 2651
1058.10434077
K= 2652
4636.34483138
K= 2653
237.097407425
K= 2654
232.436921279
K= 2655
30.5726311196
K= 2656
4563.0
K= 2657
114.61697995
K= 2658
51.2402558965
K= 2659
5190.50182922
K= 2660
361.505436646
K= 2661
509.358228376
K= 2662
5268.57724345
K= 2663
73.357249322
K= 2664
427.376259417
K= 2665
5469.74031172
K= 2666
453.856534949
K= 2667
319.256161236
K= 2668
60.8218873516
K= 2669
214.065791185
K= 2670
66.9040394791
K= 2671
62.5191919191
K= 2672
8839.0
K= 2673
5444.44680169
K= 2674
296.632054575
K= 2675
290.954525094
K= 2676
314.67085171
K= 2677
23.0460373908
K= 2678
5268.57724345
K= 2679
103.871428571
K= 2680
368.993611393
K= 2681
460.306534949
K= 2682
3128.99782536
K= 2683
4322.8827639
K= 2684
4322.8827639
K= 2685
474.499261714
K= 2686
8570.94927536
K= 2687
4322.8827639
K= 2688
225.514445874
K= 2689
5444.44680169
K= 2690
1032.61110362
K= 2691
8647.9
K= 2692
4520.87096774
K= 2693
644.229194622
K= 2694
5924.90133711
K= 2695
5263.15751881
K= 2696
96.2491727318
K= 2697
918.993357641
K= 2698
261.083440194
K= 2699
115.019047619
K= 2700
119.760823872
K= 2701
5862.45877647
K= 2702
60.0210678214
K= 2703
204.798790826
K= 2704
8518.04373652
K= 2705
25.6523809525
K= 2706
97.6785714286
K= 2707
4285.57142857
K= 2708
5183.32105405
K= 2709
48.7333333335
K= 2710
636.161937164
K= 2711
4534.94444444
K= 2712
422.712296596
K= 2713
80.2625288599
K= 2714
60.8538220553
K= 2715
90.6730609465
K= 2716
6122.91465255
K= 2717
4576.57142857
K= 2718
148.810476975
K= 2719
62.5330808081
K= 2720
5268.57724345
K= 2721
273.483964363
K= 2722
483.449052725
K= 2723
368.763528956
K= 2724
8570.94927536
K= 2725
341.173760728
K= 2726
318.080968582
K= 2727
4563.0
K= 2728
430.552980507
K= 2729
297.579361756
K= 2730
298.308029954
K= 2731
5456.77135676
K= 2732
5193.42961863
K= 2733
392.640886754
K= 2734
6155.91465255
K= 2735
955.729406598
K= 2736
338.232844527
K= 2737
4526.73333333
K= 2738
960.094916392
K= 2739
97.6595238096
K= 2740
158.421933625
K= 2741
201.849851027
K= 2742
67.622660303
K= 2743
167.778623189
K= 2744
35.5224664608
K= 2745
127.777622079
K= 2746
4322.8827639
K= 2747
138.033333333
K= 2748
5444.44680169
K= 2749
6250.59114963
K= 2750
39.1267145182
K= 2751
509.389395548
K= 2752
102.445289855
K= 2753
57.1414692099
K= 2754
8623.41666667
K= 2755
1370.08728299
K= 2756
5557.11193186
K= 2757
79.1768292683
K= 2758
191.222071101
K= 2759
8839.0
K= 2760
482.588677806
K= 2761
129.976190476
K= 2762
5418.8768186
K= 2763
607.790345354
K= 2764
4500.94444444
K= 2765
59.7760632198
K= 2766
200.896208057
K= 2767
5440.89675505
K= 2768
65.3252132371
K= 2769
6604.50226795
K= 2770
8507.58006494
K= 2771
4410.20430108
K= 2772
49.8748091058
K= 2773
378.205843318
K= 2774
132.602579365
K= 2775
8839.0
K= 2776
384.848871927
K= 2777
392.779239528
K= 2778
6556.35950031
K= 2779
4428.0
K= 2780
288.471225461
K= 2781
284.519801243
K= 2782
151.744362522
K= 2783
104.419694394
K= 2784
4564.8
K= 2785
348.521951421
K= 2786
461.840748547
K= 2787
8831.0
K= 2788
68.4738095239
K= 2789
126.276983899
K= 2790
52.5880026922
K= 2791
8653.0
K= 2792
1295.36196933
K= 2793
137.772727273
K= 2794
115.826190476
K= 2795
138.660823872
K= 2796
783.312433074
K= 2797
86.2146586677
K= 2798
45.0318080967
K= 2799
148.936461687
K= 2800
107.003074017
K= 2801
7385.37726986
K= 2802
8409.09510523
K= 2803
44.2915852121
K= 2804
4322.8827639
K= 2805
28.6807761483
K= 2806
4526.73333333
K= 2807
157.939171217
K= 2808
87.3000000003
K= 2809
266.001984127
K= 2810
5802.43034517
K= 2811
283.651165377
K= 2812
427.796933572
K= 2813
223.607011679
K= 2814
4550.09615385
K= 2815
4322.8827639
K= 2816
36.5875856966
K= 2817
136.298124101
K= 2818
8661.67039992
K= 2819
1036.25489788
K= 2820
4995.72163231
K= 2821
4390.17278592
K= 2822
371.775558597
K= 2823
4568.0
K= 2824
336.472387743
K= 2825
442.084247747
K= 2826
91.3625290402
K= 2827
8414.82427536
K= 2828
52.768789544
K= 2829
33.9945846
K= 2830
5268.57724345
K= 2831
4322.8827639
K= 2832
429.876259417
K= 2833
4516.34687296
K= 2834
4544.14285714
K= 2835
8839.0
K= 2836
20183.7525795
K= 2837
881.551422932
K= 2838
6656.09898377
K= 2839
5753.28127406
K= 2840
4516.05198413
K= 2841
6242.25640232
K= 2842
2298.59163224
K= 2843
157.421933625
K= 2844
86.4718614719
K= 2845
287.20959275
K= 2846
129.475398914
K= 2847
61.8261904762
K= 2848
172.540622372
K= 2849
210.596196156
K= 2850
33.4794663665
K= 2851
309.19317026
K= 2852
879.435874565
K= 2853
8653.0
K= 2854
70.0468253968
K= 2855
4439.2332181
K= 2856
36.2743347869
K= 2857
79.5916666664
K= 2858
5753.28127406
K= 2859
45.195492906
K= 2860
961.383921991
K= 2861
148.331825153
K= 2862
4504.87096774
K= 2863
8125.51305973
K= 2864
132.347893773
K= 2865
7852.3612413
K= 2866
349.37570167
K= 2867
100.944444444
K= 2868
848.314017804
K= 2869
34.0706373279
K= 2870
450.61960334
K= 2871
957.485279388
K= 2872
5418.8768186
K= 2873
1225.4028743
K= 2874
318.080968582
K= 2875
320.672168232
K= 2876
509.389395548
K= 2877
48.7333333336
K= 2878
158.278623188
K= 2879
144.341125541
K= 2880
1017.16020077
K= 2881
5417.77451826
K= 2882
319.384957659
K= 2883
7332.55497734
K= 2884
135.671804342
K= 2885
141.039663414
K= 2886
152.943881248
K= 2887
137.199711403
K= 2888
118.933646617
K= 2889
92.9217444563
K= 2890
30.5035714287
K= 2891
85.2428571427
K= 2892
157.528623189
K= 2893
176.122373994
K= 2894
4322.8827639
K= 2895
160.333333333
K= 2896
16741.7059818
K= 2897
369.630921098
K= 2898
354.994553521
K= 2899
331.466946777
K= 2900
151.315789474
K= 2901
8647.0
K= 2902
4574.0
K= 2903
318.080968582
K= 2904
167.778623189
K= 2905
4196.29062796
K= 2906
368.993611393
K= 2907
2900.23163098
K= 2908
262.961890423
K= 2909
4523.62096774
K= 2910
490.932235075
K= 2911
379.160893685
K= 2912
231.436921279
K= 2913
30.9785714287
K= 2914
5268.57724345
K= 2915
5802.43034517
K= 2916
265.493482052
K= 2917
151.708331438
K= 2918
5859.51924773
K= 2919
52.2458645157
K= 2920
509.389395548
K= 2921
8839.0
K= 2922
955.486759539
K= 2923
167.778623189
K= 2924
218.841759273
K= 2925
259.527979492
K= 2926
227.724819631
K= 2927
4574.0
K= 2928
232.436921279
K= 2929
233.462188106
K= 2930
259.168661276
K= 2931
402.523057163
K= 2932
509.389395548
K= 2933
5444.44680169
K= 2934
231.458462034
K= 2935
806.189842236
K= 2936
164.277287221
K= 2937
99.4095238096
K= 2938
765.799570835
K= 2939
27.3932539683
K= 2940
68.394083694
K= 2941
356.940953868
K= 2942
140.86211779
K= 2943
94.2364468867
K= 2944
49.9076677259
K= 2945
5324.54442479
K= 2946
368.993611393
K= 2947
5288.6417171
K= 2948
293.286053118
K= 2949
158.278623188
K= 2950
4463.8827639
K= 2951
588.127110844
K= 2952
296.670502436
K= 2953
482.588677806
K= 2954
5409.82745478
K= 2955
115.321685999
K= 2956
4322.8827639
K= 2957
5039.67179687
K= 2958
349.521951422
K= 2959
78.719047619
K= 2960
5624.69059261
K= 2961
7422.2176934
K= 2962
167.778623189
K= 2963
4564.08860029
K= 2964
330.286059575
K= 2965
52.7324929972
K= 2966
8588.75723397
K= 2967
327.823913043
K= 2968
398.677636304
K= 2969
1600.98827468
K= 2970
263.161890423
K= 2971
5268.54258424
K= 2972
4322.8827639
K= 2973
69.0298913505
K= 2974
37.7781440783
K= 2975
158.278623188
K= 2976
374.108029954
K= 2977
470.735020934
K= 2978
4411.82608696
K= 2979
167.778623189
K= 2980
45.7841269843
K= 2981
4420.8
K= 2982
54.0944444443
K= 2983
346.071981036
K= 2984
43.2595238094
K= 2985
4391.94444444
K= 2986
61.0838051753
K= 2987
4205.00316174
K= 2988
5403.57724345
K= 2989
5268.57724345
K= 2990
115.916666667
K= 2991
4322.8827639
K= 2992
142.196409609
K= 2993
309.99568224
K= 2994
29.3382276697
K= 2995
4550.60833333
K= 2996
84.4295318943
K= 2997
120.356608335
K= 2998
5045.13832447
K= 2999
4519.63253968
K= 3000
34.3500774979
K= 3001
4023.13852174
K= 3002
47.5426831336
K= 3003
66.6333333332
K= 3004
6410.33367299
K= 3005
301.042368337
K= 3006
309.474470119
K= 3007
5268.57724345
K= 3008
121.331431069
K= 3009
304.452438248
K= 3010
5863.43034517
K= 3011
1202.60849849
K= 3012
5581.219465
K= 3013
35.2851910344
K= 3014
166.245289855
K= 3015
5553.17016831
K= 3016
369.813577254
K= 3017
22.7973441888
K= 3018
115.106052008
K= 3019
8370.85299091
K= 3020
4547.15952381
K= 3021
5730.5957094
K= 3022
65.2851370851
K= 3023
6693.77685482
K= 3024
1193.28967021
K= 3025
174.600299747
K= 3026
130.258246087
K= 3027
5341.96969347
K= 3028
21.4460067708
K= 3029
4393.3827639
K= 3030
4501.20430108
K= 3031
369.374593223
K= 3032
72.0786435785
K= 3033
69.2888136853
K= 3034
396.468094882
K= 3035
239.064975238
K= 3036
293.920373314
K= 3037
8839.0
K= 3038
1093.39368248
K= 3039
110.23428357
K= 3040
298.738106483
K= 3041
5268.57724345
K= 3042
5322.29495918
K= 3043
5268.57724345
K= 3044
8426.73498965
K= 3045
38.952980285
K= 3046
360.208381779
K= 3047
47.2692018509
K= 3048
4513.73572539
K= 3049
57.6095238094
K= 3050
295.54292839
K= 3051
51.1242830836
K= 3052
56.5500000003
K= 3053
2784.00873363
K= 3054
515.394407506
K= 3055
370.374593223
K= 3056
167.778623189
K= 3057
4322.8827639
K= 3058
2020.08815833
K= 3059
87.8000000002
K= 3060
509.389395548
K= 3061
6012.15799122
K= 3062
250.758881721
K= 3063
6085.73874934
K= 3064
263.161890423
K= 3065
4322.8827639
K= 3066
4563.20430108
K= 3067
65.449449527
K= 3068
56.4235009868
K= 3069
137.468398271
K= 3070
5440.89675505
K= 3071
293.731143296
K= 3072
8653.0
K= 3073
8839.0
K= 3074
8839.0
K= 3075
45.2772648105
K= 3076
57.3466588962
K= 3077
58.9895519514
K= 3078
955.729406598
K= 3079
6122.91465255
K= 3080
37.4388888888
K= 3081
106.688528139
K= 3082
114.948292448
K= 3083
6984.86013741
K= 3084
4322.8827639
K= 3085
32.2632756133
K= 3086
39.6420024418
K= 3087
199.451930331
K= 3088
4531.49285714
K= 3089
369.761753078
K= 3090
579.553013059
K= 3091
6122.91465255
K= 3092
4534.94444444
K= 3093
116.50952381
K= 3094
158.421933625
K= 3095
234.311619681
K= 3096
69.2228696743
K= 3097
125.392857143
K= 3098
167.778623189
K= 3099
115.125085272
K= 3100
66.2432539682
K= 3101
195.319047619
K= 3102
241.496094102
K= 3103
5457.99124355
K= 3104
81.081034483
K= 3105
167.778623189
K= 3106
128.700313283
K= 3107
4549.91666667
K= 3108
4576.9375
K= 3109
43.9107142856
K= 3110
6567.45874445
K= 3111
8839.0
K= 3112
4322.8827639
K= 3113
4267.0
K= 3114
163.129647599
K= 3115
164.073416571
K= 3116
83.0848943552
K= 3117
133.855266958
K= 3118
0.0
K= 3119
97.6595238096
K= 3120
401.116583111
K= 3121
8642.0
K= 3122
58.319013209
K= 3123
317.242166412
K= 3124
0.0
K= 3125
4583.0625
K= 3126
1318.41865076
K= 3127
32.719047619
K= 3128
4534.12060327
K= 3129
132.414389234
K= 3130
5440.89675505
K= 3131
97.0264807319
K= 3132
413.270052877
K= 3133
69.7193661411
K= 3134
39.0182624365
K= 3135
93.0886002916
K= 3136
126.143495935
K= 3137
333.643611394
K= 3138
4428.07142857
K= 3139
346.433735064
K= 3140
8645.58860029
K= 3141
158.278623188
K= 3142
19.0705988904
K= 3143
4864.34183252
K= 3144
88.6923076923
K= 3145
97.5511904762
K= 3146
158.421933625
K= 3147
4322.8827639
K= 3148
159.361172161
K= 3149
787.710718021
K= 3150
45.0416666666
K= 3151
6574.08551107
K= 3152
155.462280533
K= 3153
274.143770762
K= 3154
4469.57142857
K= 3155
8660.0
K= 3156
167.778623189
K= 3157
3856.45585488
K= 3158
167.695289855
K= 3159
1273.68947506
K= 3160
324.524463644
K= 3161
1102.26094639
K= 3162
51.5429384944
K= 3163
4162.35911017
K= 3164
154.361711386
K= 3165
8591.64683336
K= 3166
5059.30808767
K= 3167
102.127417027
K= 3168
8839.0
K= 3169
26.0955080594
K= 3170
4579.86666667
K= 3171
65.6091950163
K= 3172
120.694459416
K= 3173
8839.0
K= 3174
89.4940476189
K= 3175
260.964163613
K= 3176
4324.57142857
K= 3177
325.032777274
K= 3178
74.391212165
K= 3179
77.0666666665
K= 3180
351.062027733
K= 3181
4469.57142857
K= 3182
357.900887097
K= 3183
5444.44680169
K= 3184
444.93083182
K= 3185
255.779277349
K= 3186
49.7274178814
K= 3187
32.7620912543
K= 3188
26.7655844154
K= 3189
46.6650983073
K= 3190
49.4894957123
K= 3191
8839.0
K= 3192
2784.58990729
K= 3193
6501.21562318
K= 3194
39.5004329006
K= 3195
6122.91465255
K= 3196
6733.80175986
K= 3197
8934.0
K= 3198
70.5638593049
K= 3199
5989.48387808
K= 3200
123.058746319
K= 3201
75.8746753247
K= 3202
4196.29062796
K= 3203
159.748804219
K= 3204
129.033646617
K= 3205
5798.83034517
K= 3206
4322.8827639
K= 3207
68.4004329006
K= 3208
4469.57142857
K= 3209
8839.0
K= 3210
562.100024681
K= 3211
482.588677806
K= 3212
636.161937164
K= 3213
4322.8827639
K= 3214
348.466404618
K= 3215
171.661584664
K= 3216
646.920845997
K= 3217
4322.8827639
K= 3218
35.6266058829
K= 3219
35.8740481598
K= 3220
37.6837764084
K= 3221
302.934577922
K= 3222
5241.45928111
K= 3223
325.71414369
K= 3224
209.907761446
K= 3225
88.0023809525
K= 3226
200.883422205
K= 3227
5287.68491325
K= 3228
-1.16415321827e-10
K= 3229
459.200556688
K= 3230
742.791237502
K= 3231
5808.14928489
K= 3232
421.05959275
K= 3233
6086.14188353
K= 3234
7440.2176934
K= 3235
419.939801306
K= 3236
8839.0
K= 3237
85.919225834
K= 3238
4542.25833333
K= 3239
505.774668507
K= 3240
8653.0
K= 3241
246.06004666
K= 3242
102.691833167
K= 3243
129.9
K= 3244
6122.91465255
K= 3245
7895.19598224
K= 3246
1851.07358702
K= 3247
4322.8827639
K= 3248
4534.94444444
K= 3249
4600.78975608
K= 3250
193.443270486
K= 3251
158.421933625
K= 3252
332.729480032
K= 3253
348.325886817
K= 3254
4196.29062796
K= 3255
727.760912948
K= 3256
107.282261209
K= 3257
46.3166666668
K= 3258
180.864261123
K= 3259
39.5261046758
K= 3260
14.7737076652
K= 3261
6122.91465255
K= 3262
970.067651349
K= 3263
322.345686529
K= 3264
136.441796112
K= 3265
0.0
K= 3266
139.523688183
K= 3267
246.5704069
K= 3268
26.3547619049
K= 3269
47.3095238096
K= 3270
8839.0
K= 3271
15.5836917169
K= 3272
5268.57724345
K= 3273
3054.37170453
K= 3274
108.037220233
K= 3275
4322.8827639
K= 3276
137.821933625
K= 3277
80.0901885696
K= 3278
58.996861472
K= 3279
72.1375272333
K= 3280
309.149291005
K= 3281
167.778623189
K= 3282
145.588600292
K= 3283
88.0754842979
K= 3284
4576.36666667
K= 3285
96.954743557
K= 3286
127.035532593
K= 3287
4464.57142857
K= 3288
2469.44854479
K= 3289
367.124593223
K= 3290
79.4219676552
K= 3291
28.2251399349
K= 3292
176.122373994
K= 3293
38.8775333427
K= 3294
139.75
K= 3295
361.077547822
K= 3296
5432.4336829
K= 3297
203.853980586
K= 3298
2993.81508377
K= 3299
74.7666666668
K= 3300
104.914909495
K= 3301
88.9595238096
K= 3302
4322.8827639
K= 3303
4526.73333333
K= 3304
42.6458575161
K= 3305
5931.879692
K= 3306
88.9467171719
K= 3307
283.061078893
K= 3308
112.033646617
K= 3309
6597.7978244
K= 3310
111.776190476
K= 3311
128.700313283
K= 3312
167.778623189
K= 3313
4827.87900944
K= 3314
6656.09898377
K= 3315
52.0060245309
K= 3316
8513.49660589
K= 3317
106.777924431
K= 3318
5517.3636697
K= 3319
117.34197995
K= 3320
74.6097582976
K= 3321
371.358214776
K= 3322
4322.8827639
K= 3323
154.845228891
K= 3324
34.32760989
K= 3325
103.931348973
K= 3326
112.220551762
K= 3327
17655.8922029
K= 3328
32.5191331474
K= 3329
77.6794451466
K= 3330
55.6496320344
K= 3331
96.0
K= 3332
6086.14188353
K= 3333
1514.70969265
K= 3334
507.856062214
K= 3335
4469.57142857
K= 3336
51.9882924783
K= 3337
206.749849891
K= 3338
5143.07846756
K= 3339
4815.61957476
K= 3340
4541.08013035
K= 3341
4134.38052802
K= 3342
8839.0
K= 3343
4577.69444444
K= 3344
340.134021153
K= 3345
126.410626534
K= 3346
2482.38995656
K= 3347
236.526564649
K= 3348
178.053365018
K= 3349
17678.0
K= 3350
1139.93764828
K= 3351
900.974133671
K= 3352
137.734854632
K= 3353
158.278623188
K= 3354
17678.0
K= 3355
52.0629227052
K= 3356
115.105048573
K= 3357
46.641371722
K= 3358
5362.21345872
K= 3359
223.654215712
K= 3360
8464.31613523
K= 3361
6407.37308668
K= 3362
146.109937152
K= 3363
7683.94867603
K= 3364
4322.8827639
K= 3365
4322.8827639
K= 3366
120.445289855
K= 3367
5874.87999155
K= 3368
94.7007936509
K= 3369
388.535039278
K= 3370
5517.3636697
K= 3371
212.436921279
K= 3372
137.47831696
K= 3373
187.682069272
K= 3374
460.306534949
K= 3375
5326.86357835
K= 3376
343.519323858
K= 3377
4437.50611925
K= 3378
143.166666666
K= 3379
4469.57142857
K= 3380
509.389395548
K= 3381
5517.3636697
K= 3382
5396.57724345
K= 3383
4322.8827639
K= 3384
439.945000435
K= 3385
130.188600291
K= 3386
5802.43034517
K= 3387
4322.8827639
K= 3388
4322.8827639
K= 3389
1240.57850865
K= 3390
65.1128006049
K= 3391
1842.93569827
K= 3392
98.5714285714
K= 3393
1154.75547348
K= 3394
449.678509929
K= 3395
5138.96309097
K= 3396
158.421933625
K= 3397
4322.8827639
K= 3398
138.199711403
K= 3399
302.042368337
K= 3400
8839.0
K= 3401
8839.0
K= 3402
4575.875
K= 3403
6303.53754202
K= 3404
6184.78746027
K= 3405
582.882186337
K= 3406
321.965336939
K= 3407
179.75392676
K= 3408
123.288845756
K= 3409
100.274026655
K= 3410
6301.65498395
K= 3411
140.523232323
K= 3412
80.1882246837
K= 3413
764.489425432
K= 3414
369.813577254
K= 3415
32.3710702375
K= 3416
479.588677806
K= 3417
24.7305304171
K= 3418
4526.73333333
K= 3419
70.2060606063
K= 3420
98.8157872451
K= 3421
29.0192099179
K= 3422
442.345000435
K= 3423
167.778623189
K= 3424
5322.29495918
K= 3425
492.876817977
K= 3426
5571.17016831
K= 3427
41.6209078908
K= 3428
318.080968582
K= 3429
16.3473868236
K= 3430
5802.43034517
K= 3431
155.416455995
K= 3432
4568.86666667
K= 3433
120.031585398
K= 3434
64.9854720403
K= 3435
4556.93939394
K= 3436
8646.88235294
K= 3437
4559.83333333
K= 3438
330.933256299
K= 3439
4322.8827639
K= 3440
4322.8827639
K= 3441
159.833333333
K= 3442
459.963205072
K= 3443
127.492410923
K= 3444
8839.0
K= 3445
96.0
K= 3446
8839.0
K= 3447
89.6491228068
K= 3448
362.734577922
K= 3449
76.1467948719
K= 3450
311.395660695
K= 3451
8839.0
K= 3452
104.292157843
K= 3453
78.2999999998
K= 3454
473.6843637
K= 3455
4551.03364662
K= 3456
318.080968582
K= 3457
90.3492965368
K= 3458
4322.8827639
K= 3459
509.389395548
K= 3460
5802.43034517
K= 3461
48.2333333336
K= 3462
5296.28420592
K= 3463
8637.41666667
K= 3464
67.1889249641
K= 3465
62.5495726495
K= 3466
144.062043327
K= 3467
475.683967981
K= 3468
818.207265326
K= 3469
4322.8827639
K= 3470
26.7291206875
K= 3471
101.031089744
K= 3472
360.505436647
K= 3473
5924.90133711
K= 3474
165.051851468
K= 3475
4322.8827639
K= 3476
8629.07928558
K= 3477
1786.62958441
K= 3478
84.861000594
K= 3479
63.279572416
K= 3480
5517.3636697
K= 3481
285.896523125
K= 3482
209.280303105
K= 3483
90.5048145233
K= 3484
249.553520583
K= 3485
89.8780550524
K= 3486
663.623253846
K= 3487
5268.57724345
K= 3488
5268.57724345
K= 3489
167.778623189
K= 3490
368.19377576
K= 3491
53.0655507247
K= 3492
8839.0
K= 3493
759.909009269
K= 3494
8839.0
K= 3495
368.993611393
K= 3496
4561.91666667
K= 3497
8074.32949678
K= 3498
90.424975103
K= 3499
371.752646665
K= 3500
44.1950308463
K= 3501
5704.80424512
K= 3502
4322.8827639
K= 3503
4469.57142857
K= 3504
7196.18750569
K= 3505
370.870502436
K= 3506
4468.57142857
K= 3507
8183.60648888
K= 3508
65.1769230767
K= 3509
82.316666667
K= 3510
6451.61280671
K= 3511
266.295572954
K= 3512
4322.8827639
K= 3513
1509.23183701
K= 3514
36.631467965
K= 3515
259.56004666
K= 3516
449.678509929
K= 3517
297.487938506
K= 3518
29.6068532345
K= 3519
71.1149137854
K= 3520
32.1471139973
K= 3521
4322.8827639
K= 3522
103.315872626
K= 3523
4322.8827639
K= 3524
58.0087301588
K= 3525
167.778623189
K= 3526
81.8635854342
K= 3527
3215.53938737
K= 3528
238.747895011
K= 3529
5268.57724345
K= 3530
4638.0934502
K= 3531
365.926668002
K= 3532
6466.92850146
K= 3533
249.419247331
K= 3534
331.268220916
K= 3535
928.750633507
K= 3536
167.778623189
K= 3537
5268.57724345
K= 3538
290.523530971
K= 3539
5147.96309097
K= 3540
2945.31275669
K= 3541
362.813577254
K= 3542
90.7800947368
K= 3543
386.779073879
K= 3544
8839.0
K= 3545
134.662865228
K= 3546
8839.0
K= 3547
4322.8827639
K= 3548
61.8849206349
K= 3549
48.7333333336
K= 3550
5268.57724345
K= 3551
155.364991131
K= 3552
107.510714286
K= 3553
167.778623189
K= 3554
319.464545365
K= 3555
461.840748547
K= 3556
5418.8768186
K= 3557
313.315349603
K= 3558
92.4255129109
K= 3559
4563.18860029
K= 3560
27.8379835126
K= 3561
32.5777969005
K= 3562
78.7777746036
K= 3563
5895.32827192
K= 3564
584.417338346
K= 3565
6380.48913899
K= 3566
48.9229057492
K= 3567
368.813577254
K= 3568
294.188618088
K= 3569
8660.0
K= 3570
4322.8827639
K= 3571
4322.8827639
K= 3572
158.421933625
K= 3573
5754.14015966
K= 3574
4960.85556578
K= 3575
6135.80700846
K= 3576
4322.8827639
K= 3577
47.3277268056
K= 3578
221.530679543
K= 3579
284.986659411
K= 3580
377.108029954
K= 3581
714.777504534
K= 3582
6045.24174466
K= 3583
5802.43034517
K= 3584
158.421933625
K= 3585
1391.23671083
K= 3586
5236.3519841
K= 3587
211.432032538
K= 3588
32.2654876254
K= 3589
78.6225579976
K= 3590
4590.3030303
K= 3591
257.835141708
K= 3592
8839.0
K= 3593
8658.81818182
K= 3594
167.353978853
K= 3595
5447.58427094
K= 3596
38.4956640283
K= 3597
146.588600292
K= 3598
4322.8827639
K= 3599
66.3553571426
K= 3600
229.209186157
Betweenness Centrality Improvement
[ 0.  0.  0. ...,  0.  0.  0.]
Top 20 BC Improvement
[2836 3354 2565 3349 3327 2896 2418 2441 3197 3444 3451 3401 3400 3446 3342
 3592 3270 3544 3546 3494]
Top 20 BC Improvement
[ 20183.75257949  17678.          17678.          17678.          17655.89220285
  16741.70598182  14280.56719131  12713.71186045   8934.           8839.
   8839.           8839.           8839.           8839.           8839.
   8839.           8839.           8839.           8839.           8839.        ]
