txValue= 100
IGRAPH D--- 4619 68733 -- 
+ attr: pub_key (v), base_fee (e), capacity (e), fee_rate (e), txCost (e)
None
Our nodes starting connections: 
(4618, 2796)
(4618, 1223)
K= 0
46.05
K= 1
78.371723556
K= 2
38.7174603175
K= 3
563.947779996
K= 4
264.666666667
K= 5
434.86728829
K= 6
120.5
K= 7
42.0414962921
K= 8
47.3751776001
K= 9
53.5540429433
K= 10
338.83876998
K= 11
30.6499603172
K= 12
80.642753553
K= 13
33.4666666667
K= 14
139.8
K= 15
180.221622863
K= 16
147.828623188
K= 17
8827.0
K= 18
57.0349206348
K= 19
37.0207824185
K= 20
79.4265079364
K= 21
273.541163474
K= 22
5544.6916619
K= 23
126.976086886
K= 24
352.59756334
K= 25
22.9127557627
K= 26
221.290227983
K= 27
60.3596059113
K= 28
4924.6508665
K= 29
48.3283068785
K= 30
102.411956522
K= 31
133.9602649
K= 32
65.5507936507
K= 33
295.886030267
K= 34
42.1055555554
K= 35
71.545524957
K= 36
8669.95862069
K= 37
58.4952380953
K= 38
1352.71628344
K= 39
55.5761904762
K= 40
5302.65432143
K= 41
8591.94927536
K= 42
8647.94444444
K= 43
239.722315826
K= 44
179.012519741
K= 45
552.124986261
K= 46
66.4285714285
K= 47
117.614311279
K= 48
199.698826041
K= 49
4436.42857143
K= 50
27.7577725472
K= 51
5157.29604626
K= 52
127.108815959
K= 53
93.6176478346
K= 54
294.66367316
K= 55
5343.66113077
K= 56
932.670069396
K= 57
141.828916494
K= 58
61.6666666666
K= 59
5293.79419634
K= 60
4508.56062383
K= 61
154.231162145
K= 62
109.42099002
K= 63
6353.01039053
K= 64
71.5679012346
K= 65
4681.50055699
K= 66
227.44375386
K= 67
5837.47015141
K= 68
127.976086886
K= 69
40.3999999999
K= 70
5599.912605
K= 71
1680.13782403
K= 72
5211.20612918
K= 73
22.4170024419
K= 74
19.8227383726
K= 75
105.366666667
K= 76
4284.92457689
K= 77
4347.0
K= 78
473.127377173
K= 79
317.120107678
K= 80
73.1051502416
K= 81
5252.81301527
K= 82
6374.68961811
K= 83
5896.02807802
K= 84
239.419751436
K= 85
67.7761904763
K= 86
410.05426803
K= 87
647.574843837
K= 88
4425.0
K= 89
5024.01750593
K= 90
286.045151145
K= 91
67.5976190475
K= 92
441.253412105
K= 93
95.6999999998
K= 94
148.995289855
K= 95
177.894151472
K= 96
1602.5831779
K= 97
5358.59573709
K= 98
55.1115079365
K= 99
39.1619981325
K= 100
4521.94444444
K= 101
763.836958322
K= 102
230.4237569
K= 103
50.9634920635
K= 104
5085.440454
K= 105
5166.04419634
K= 106
483.839395548
K= 107
424.446016932
K= 108
4549.0
K= 109
179.698826041
K= 110
99.1644275079
K= 111
8827.0
K= 112
483.839395548
K= 113
174.143147446
K= 114
70.0
K= 115
149.745289855
K= 116
6027.76378651
K= 117
4347.0
K= 118
6027.82590694
K= 119
297.751213626
K= 120
532.711123784
K= 121
71.8500000001
K= 122
6725.95473235
K= 123
441.888947896
K= 124
8827.0
K= 125
159.978494642
K= 126
29.0822121205
K= 127
464.535921935
K= 128
93.5663568088
K= 129
35.8140804598
K= 130
273.059024995
K= 131
943.328169093
K= 132
4513.4
K= 133
40.9397546897
K= 134
71.8500000001
K= 135
169.888372426
K= 136
122.800680841
K= 137
74.4386604138
K= 138
341.26609567
K= 139
894.947940482
K= 140
5073.89377508
K= 141
2100.58493202
K= 142
4347.0
K= 143
16.5468882283
K= 144
149.745289855
K= 145
312.369122001
K= 146
29.5749278499
K= 147
33.3841498103
K= 148
181.023028783
K= 149
5021.63389331
K= 150
5514.41460012
K= 151
497.672594377
K= 152
1556.64523098
K= 153
5219.41355236
K= 154
4560.37175974
K= 155
8827.0
K= 156
9.10729922331
K= 157
340.145541089
K= 158
8677.0
K= 159
245.983735064
K= 160
377.513740789
K= 161
8678.0
K= 162
5413.38257173
K= 163
901.240387069
K= 164
250.948308571
K= 165
38.9214285713
K= 166
68.2777777778
K= 167
139.82916532
K= 168
4424.42857143
K= 169
60.8355136551
K= 170
8670.84375
K= 171
221.811749026
K= 172
298.108393925
K= 173
119.412948051
K= 174
389.690051465
K= 175
22.421067821
K= 176
5166.04419634
K= 177
5361.23943096
K= 178
82.9999999999
K= 179
4443.252151
K= 180
33.40223168
K= 181
8827.0
K= 182
72.638543161
K= 183
185.430723809
K= 184
56.5525303128
K= 185
4567.0
K= 186
929.029406598
K= 187
54.6642857143
K= 188
8827.0
K= 189
46.9428932179
K= 190
4458.42857143
K= 191
168.02653114
K= 192
4552.87096774
K= 193
5974.66485634
K= 194
63.3274013151
K= 195
338.83876998
K= 196
8760.0
K= 197
34.9936147186
K= 198
242.173821476
K= 199
70.9081029186
K= 200
33.8999999999
K= 201
358.177433932
K= 202
389.690051465
K= 203
5097.16768816
K= 204
3461.77974451
K= 205
89.3999999999
K= 206
8827.0
K= 207
60.2333333334
K= 208
157.057563487
K= 209
8678.0
K= 210
48.7499999999
K= 211
22.2943310656
K= 212
159.953756714
K= 213
67.6333333334
K= 214
131.712114275
K= 215
4458.42857143
K= 216
68.0
K= 217
37.2520544174
K= 218
6072.25070684
K= 219
116.244047619
K= 220
290.623319129
K= 221
59.3560840309
K= 222
84.1206830821
K= 223
4565.42857143
K= 224
395.368134455
K= 225
43.4999999999
K= 226
272.989741972
K= 227
4560.0
K= 228
4294.42857143
K= 229
4558.30204623
K= 230
5274.3514306
K= 231
5337.5935262
K= 232
167.810616805
K= 233
315.120107678
K= 234
42.5720884555
K= 235
1175.63684272
K= 236
136.821376812
K= 237
173.299107117
K= 238
5888.02807802
K= 239
180.121941534
K= 240
5774.40349095
K= 241
29.1423223835
K= 242
39.7599418554
K= 243
149.745289855
K= 244
99.7452898552
K= 245
8676.91780822
K= 246
4536.91964064
K= 247
5737.56286352
K= 248
5373.0157349
K= 249
4996.91468614
K= 250
446.453412105
K= 251
80.7078611157
K= 252
116.142753553
K= 253
256.517926084
K= 254
4347.0
K= 255
8827.0
K= 256
244.981029412
K= 257
316.04292839
K= 258
51.4080458706
K= 259
141.445289855
K= 260
80.7186006099
K= 261
116.142753553
K= 262
8827.0
K= 263
100.928467839
K= 264
6353.01039053
K= 265
70.0
K= 266
59.5301587302
K= 267
55.7761904763
K= 268
114.014915563
K= 269
269.131927624
K= 270
1270.42166711
K= 271
4458.42857143
K= 272
4522.93076923
K= 273
8827.0
K= 274
354.873351285
K= 275
166.273293076
K= 276
168.629518847
K= 277
483.839395548
K= 278
6731.00674757
K= 279
125.366669653
K= 280
4458.42857143
K= 281
106.743266486
K= 282
83.4010172143
K= 283
8591.94927536
K= 284
6171.51154427
K= 285
4826.67404506
K= 286
30.5361111112
K= 287
117.09558925
K= 288
209.234724178
K= 289
450.893726692
K= 290
51.8490740741
K= 291
483.839395548
K= 292
5162.04419634
K= 293
128.235384285
K= 294
75.5215948079
K= 295
32.4071506994
K= 296
763.114320666
K= 297
300.967987027
K= 298
8676.0
K= 299
95.2407894736
K= 300
26.3420634922
K= 301
4513.12096774
K= 302
36.0131886087
K= 303
69.3604651162
K= 304
8827.0
K= 305
31.7992443834
K= 306
483.935185648
K= 307
70.8571428572
K= 308
43.4500000001
K= 309
107.976086886
K= 310
4347.0
K= 311
4526.23333333
K= 312
5298.36178006
K= 313
78.7117190701
K= 314
483.839395548
K= 315
401.851259417
K= 316
55.1495853962
K= 317
8827.0
K= 318
335.386093074
K= 319
100.259149184
K= 320
39.7341991341
K= 321
713.730456745
K= 322
4565.42857143
K= 323
6853.14975685
K= 324
5723.46443428
K= 325
4347.0
K= 326
4456.42857143
K= 327
111.034186977
K= 328
32.4397186147
K= 329
30.0143217891
K= 330
59.9087443352
K= 331
4566.0
K= 332
8827.0
K= 333
138.599489401
K= 334
251.791673136
K= 335
4524.80892857
K= 336
148.611377195
K= 337
5166.04419634
K= 338
184.59031008
K= 339
110.935642637
K= 340
301.502186952
K= 341
2873.61533025
K= 342
8671.9
K= 343
23.5961537431
K= 344
95.843467981
K= 345
1493.02278788
K= 346
8641.84
K= 347
4504.07301587
K= 348
4329.97540984
K= 349
23.093397757
K= 350
273.541163474
K= 351
798.073282647
K= 352
68.6001721878
K= 353
84.7051213402
K= 354
59.8882987847
K= 355
4347.0
K= 356
1165.43664326
K= 357
4347.0
K= 358
39.3217643466
K= 359
8657.84
K= 360
107.976086886
K= 361
81.8824357049
K= 362
438.889689806
K= 363
106.75
K= 364
3025.80093528
K= 365
5715.16948215
K= 366
261.038584216
K= 367
337.337386778
K= 368
6353.01039053
K= 369
80.0200973146
K= 370
8827.0
K= 371
116.879938109
K= 372
250.14247558
K= 373
5404.99289007
K= 374
5431.18820574
K= 375
269.786774344
K= 376
3958.34672869
K= 377
49.4977011494
K= 378
231.923916385
K= 379
265.609838133
K= 380
48.078932179
K= 381
43.4500000001
K= 382
653.587113415
K= 383
80.5666666667
K= 384
24.8878111669
K= 385
483.839395548
K= 386
277.579238883
K= 387
4380.94444444
K= 388
173.79944229
K= 389
8884.50430199
K= 390
31.4054546769
K= 391
1489.65710176
K= 392
4404.09032756
K= 393
97.7134505697
K= 394
8827.0
K= 395
483.839395548
K= 396
75.3791534804
K= 397
249.923916385
K= 398
4564.0
K= 399
6786.51929108
K= 400
83.3500000001
K= 401
76.9442458112
K= 402
483.839395548
K= 403
398.398930491
K= 404
4563.0
K= 405
227.487313919
K= 406
8645.64275355
K= 407
315.317068397
K= 408
825.724456715
K= 409
8827.0
K= 410
5745.13155966
K= 411
5373.0157349
K= 412
6096.68009081
K= 413
8827.0
K= 414
68.0000000001
K= 415
82.4591775805
K= 416
4465.88888889
K= 417
436.176197405
K= 418
149.745289855
K= 419
3051.47174469
K= 420
62.6294124885
K= 421
65.8408557997
K= 422
87.7507300978
K= 423
4513.12096774
K= 424
4597.98333333
K= 425
483.839395548
K= 426
89.4074561403
K= 427
298.093039198
K= 428
338.786138401
K= 429
36.1567765566
K= 430
298.108393925
K= 431
5590.13440918
K= 432
64.767014569
K= 433
631.67202366
K= 434
131.111111111
K= 435
8884.50430199
K= 436
7097.9599333
K= 437
297.762964821
K= 438
263.734187554
K= 439
483.839395548
K= 440
279.655916564
K= 441
149.745289855
K= 442
60.5166666666
K= 443
125.016433794
K= 444
64.1090235601
K= 445
4542.83333333
K= 446
8632.94927536
K= 447
5157.29604626
K= 448
54.4214285713
K= 449
112.142753553
K= 450
8827.0
K= 451
5847.33628081
K= 452
47.2955755311
K= 453
4881.10079036
K= 454
4308.76470588
K= 455
5896.02807802
K= 456
8827.0
K= 457
5646.37700232
K= 458
286.653629262
K= 459
483.839395548
K= 460
315.856299591
K= 461
4458.42857143
K= 462
4525.85
K= 463
764.431070017
K= 464
5896.02807802
K= 465
115.195112615
K= 466
4518.94444444
K= 467
84.818181818
K= 468
149.745289855
K= 469
69.6111111112
K= 470
44.126831574
K= 471
132.554861897
K= 472
15.6994320005
K= 473
32.4831778128
K= 474
69.503968254
K= 475
5663.43430426
K= 476
5373.0157349
K= 477
483.839395548
K= 478
235.386245674
K= 479
586.320115647
K= 480
326.238569109
K= 481
149.745289855
K= 482
5351.37193648
K= 483
86.5331029185
K= 484
448.339037713
K= 485
8591.94927536
K= 486
5166.04419634
K= 487
1400.03440346
K= 488
8420.36030957
K= 489
6380.08355378
K= 490
8691.77777778
K= 491
4563.0
K= 492
4347.0
K= 493
57.7333333333
K= 494
54.4134920635
K= 495
88.2666666668
K= 496
4566.0
K= 497
81.676984127
K= 498
66943.150281
K= 499
149.745289855
K= 500
156.904761905
K= 501
4500.125
K= 502
41.5810587074
K= 503
4486.08483588
K= 504
100.234439146
K= 505
5648.80400068
K= 506
143.845743921
K= 507
109.042753553
K= 508
6102.57510109
K= 509
246.923916385
K= 510
5017.84362791
K= 511
226.906805741
K= 512
5311.52932995
K= 513
179.522062146
K= 514
89.0074561402
K= 515
95.8272435897
K= 516
319.04292839
K= 517
26.2572372071
K= 518
5608.43430426
K= 519
56.2641534391
K= 520
633.851915268
K= 521
65.4393939393
K= 522
5252.81301527
K= 523
304.83905441
K= 524
196.663690552
K= 525
5031.48480741
K= 526
5752.82235626
K= 527
62.9999999999
K= 528
5631.08926994
K= 529
246.58333258
K= 530
77.3976190477
K= 531
5307.51703356
K= 532
5663.43430426
K= 533
115.876507937
K= 534
483.839395548
K= 535
4521.45
K= 536
77.9824561402
K= 537
64.8833333333
K= 538
5431.18820574
K= 539
313.963825912
K= 540
251.514607333
K= 541
55.5416666666
K= 542
97.5333333333
K= 543
6120.68164474
K= 544
77.4089743587
K= 545
4599.50322581
K= 546
64.2499999999
K= 547
8663.0
K= 548
1341.58231784
K= 549
149.245289855
K= 550
42.205360326
K= 551
2761.4599333
K= 552
6211.33177571
K= 553
8460.98356169
K= 554
120.315789473
K= 555
309.157343223
K= 556
98.492753553
K= 557
125.323825832
K= 558
5600.67540219
K= 559
4564.8
K= 560
101.240789474
K= 561
126.605442177
K= 562
5011.21516745
K= 563
5896.02807802
K= 564
1000.96258837
K= 565
125.076086886
K= 566
4347.0
K= 567
34.7362745097
K= 568
483.839395548
K= 569
364.263304648
K= 570
413.059269809
K= 571
5142.71632963
K= 572
134.674276327
K= 573
120.315750916
K= 574
287.58293684
K= 575
5302.65432143
K= 576
89.235513655
K= 577
48.9999999999
K= 578
199.948795524
K= 579
225.542223333
K= 580
86.8351667767
K= 581
73.8034597066
K= 582
483.839395548
K= 583
378.941734936
K= 584
178.478968254
K= 585
255.504076927
K= 586
401.851259417
K= 587
8101.25595514
K= 588
78.7268805371
K= 589
97.0088492903
K= 590
146.911956522
K= 591
1541.02899244
K= 592
453.875429197
K= 593
6081.82214521
K= 594
4779.28550711
K= 595
130.127606302
K= 596
90.5
K= 597
332.337169103
K= 598
209.210612182
K= 599
127.976086886
K= 600
4516.5702381
K= 601
424.976600511
K= 602
309.120107678
K= 603
1123.05380031
K= 604
5062.99937601
K= 605
1069.10024103
K= 606
4559.75
K= 607
4347.0
K= 608
142.565266273
K= 609
118.997781251
K= 610
313.316095566
K= 611
4347.0
K= 612
276.005966744
K= 613
4515.94444444
K= 614
7595.70417404
K= 615
339.538647703
K= 616
8641.84
K= 617
37.4797463432
K= 618
57.09011544
K= 619
6001.22170823
K= 620
60.8355136551
K= 621
129.915151515
K= 622
52.2503968253
K= 623
89.235513655
K= 624
6158.64864222
K= 625
730.296934499
K= 626
116.142753553
K= 627
272.82071583
K= 628
4228.68044122
K= 629
8641.84
K= 630
4568.91666667
K= 631
264.378784893
K= 632
298.108393925
K= 633
5311.52932995
K= 634
6171.51154427
K= 635
7085.11469521
K= 636
6417.05247796
K= 637
1141.53463392
K= 638
4875.09533751
K= 639
11024.9053396
K= 640
4380.94444444
K= 641
5940.40001956
K= 642
158.32987013
K= 643
12.3474944044
K= 644
5295.04419634
K= 645
338.83876998
K= 646
233.498788083
K= 647
5716.10069098
K= 648
5896.02807802
K= 649
4447.95213471
K= 650
7327.74354501
K= 651
50.8121472094
K= 652
1171.53040875
K= 653
245.754992291
K= 654
38.0357142857
K= 655
4347.0
K= 656
149.745289855
K= 657
298.778710712
K= 658
277.40795489
K= 659
8827.0
K= 660
5268.38419068
K= 661
311.048241361
K= 662
825.859295671
K= 663
1678.62770396
K= 664
8388.14231656
K= 665
5295.04419634
K= 666
59.0666666667
K= 667
80.642753553
K= 668
4890.48480741
K= 669
59.9666666667
K= 670
106.791147741
K= 671
188.893438578
K= 672
4562.76470588
K= 673
25.1295634921
K= 674
106.249846067
K= 675
49.210918665
K= 676
5394.08488021
K= 677
309.572502894
K= 678
189.366666666
K= 679
71.8500000001
K= 680
5373.0157349
K= 681
2510.49370985
K= 682
91.8179014534
K= 683
73.5178932759
K= 684
4552.87096774
K= 685
127.976086886
K= 686
155.765969621
K= 687
258.655439184
K= 688
5880.98866872
K= 689
333.83876998
K= 690
4441.42857143
K= 691
6190.07980955
K= 692
34.4927678601
K= 693
4347.0
K= 694
81.7023809524
K= 695
121.444246805
K= 696
91.1789248904
K= 697
506.010843959
K= 698
4347.0
K= 699
142.537249828
K= 700
6030.7748782
K= 701
4316.42857143
K= 702
22.282361769
K= 703
58.9342118292
K= 704
4521.45
K= 705
148.995289855
K= 706
8663.0
K= 707
4347.0
K= 708
107.976086886
K= 709
245.386180324
K= 710
8827.0
K= 711
82.7666666666
K= 712
339.464254431
K= 713
326.328781613
K= 714
4567.87878788
K= 715
8667.91780822
K= 716
166.075753003
K= 717
5983.22852563
K= 718
3842.8268371
K= 719
245.200740651
K= 720
16.5985940717
K= 721
212.103379403
K= 722
72.0405618318
K= 723
5703.31239975
K= 724
99.0555324305
K= 725
30.2934203788
K= 726
7525.96875469
K= 727
218.085507106
K= 728
5389.85502045
K= 729
298.108393925
K= 730
69.9190476192
K= 731
5734.16948215
K= 732
5283.9613265
K= 733
127.976086886
K= 734
22.7284012282
K= 735
4492.00858707
K= 736
943.81806301
K= 737
5737.56286352
K= 738
101.240789474
K= 739
188.975448199
K= 740
6029.67397866
K= 741
81.4833333334
K= 742
3344.66097479
K= 743
31.6347841237
K= 744
2556.52623903
K= 745
4546.0
K= 746
106.256250834
K= 747
149.745289855
K= 748
7035.07036356
K= 749
122.054761905
K= 750
31.6083333334
K= 751
57.5652046141
K= 752
652.54395307
K= 753
5299.36254654
K= 754
2953.99281712
K= 755
80.25
K= 756
165.917897588
K= 757
745.569351284
K= 758
153.946703695
K= 759
56.0294791723
K= 760
106.101086886
K= 761
429.752011474
K= 762
4592.0
K= 763
8827.0
K= 764
8678.0
K= 765
92.6988935755
K= 766
337.783029674
K= 767
149.745289855
K= 768
329.328781613
K= 769
178.51251974
K= 770
5646.37700232
K= 771
932.04065503
K= 772
280.66723216
K= 773
262.464254431
K= 774
115.448826041
K= 775
431.660842333
K= 776
107.643154762
K= 777
1097.18357436
K= 778
5378.04825697
K= 779
159.676176484
K= 780
237.729593084
K= 781
430.718086407
K= 782
4981.79419634
K= 783
17.1098270151
K= 784
6286.35656073
K= 785
5608.43430426
K= 786
145.948944075
K= 787
288.582683983
K= 788
122.123348478
K= 789
46.2726714726
K= 790
60.044786569
K= 791
6284.07658693
K= 792
446.763755051
K= 793
319.04292839
K= 794
28.3167600372
K= 795
84.9999999999
K= 796
924.965022568
K= 797
2639.29298054
K= 798
8448.94927536
K= 799
263.347389092
K= 800
4441.42857143
K= 801
4458.42857143
K= 802
4511.9
K= 803
82.3089285714
K= 804
340.583385869
K= 805
86.9833333333
K= 806
32.0653343388
K= 807
86.7086996336
K= 808
199.698826041
K= 809
38.3190476191
K= 810
6001.22170823
K= 811
309.626425035
K= 812
61.5702380951
K= 813
7586.67589754
K= 814
127.976086886
K= 815
4458.42857143
K= 816
386.354586502
K= 817
4347.0
K= 818
371.284634976
K= 819
220.347445737
K= 820
2390.14275355
K= 821
80.642753553
K= 822
8827.0
K= 823
291.071960173
K= 824
5159.13077543
K= 825
25.4126984125
K= 826
340.633259086
K= 827
8034.14600845
K= 828
82.6245512657
K= 829
199.427154696
K= 830
52.8871491152
K= 831
109.042753553
K= 832
66.2205128206
K= 833
56.9000000001
K= 834
44.5333333333
K= 835
102.411956522
K= 836
995.849829508
K= 837
53.2713357941
K= 838
54.0707462337
K= 839
74.3508726258
K= 840
6670.52623903
K= 841
275.806094782
K= 842
5074.04419634
K= 843
54.6210673986
K= 844
533.55819894
K= 845
483.839395548
K= 846
31.8722194473
K= 847
854.17108586
K= 848
116.142753553
K= 849
312.085600155
K= 850
292.365842062
K= 851
280.524920761
K= 852
75.7444444445
K= 853
5046.16446906
K= 854
442.731666445
K= 855
6713.95926165
K= 856
47.1666666666
K= 857
61.4166666667
K= 858
98.088021896
K= 859
87.857142857
K= 860
65.8
K= 861
388.895000435
K= 862
8519.14275355
K= 863
105.090826432
K= 864
273.073378875
K= 865
71.1680672268
K= 866
4566.0
K= 867
4442.252151
K= 868
5896.02807802
K= 869
4554.16666667
K= 870
5166.04419634
K= 871
1191.60223652
K= 872
130.185662526
K= 873
68.519047619
K= 874
298.108393925
K= 875
149.745289855
K= 876
242.240665609
K= 877
6521.32733961
K= 878
5166.04419634
K= 879
6128.40924407
K= 880
136.028720305
K= 881
154.720916495
K= 882
44.9487914864
K= 883
483.839395548
K= 884
4521.45
K= 885
223.038805704
K= 886
4559.91666667
K= 887
482.989395548
K= 888
338.464254431
K= 889
48.5349927848
K= 890
30.9742128995
K= 891
335.034108729
K= 892
36.3055555556
K= 893
279.741382366
K= 894
84.9999999999
K= 895
5723.46443428
K= 896
115.324562304
K= 897
5204.71587026
K= 898
4547.82608696
K= 899
99.3286231884
K= 900
127.486465092
K= 901
245.887261326
K= 902
4458.42857143
K= 903
4347.0
K= 904
108.012519741
K= 905
620.34381753
K= 906
142.033898509
K= 907
22.0665947688
K= 908
272.385475147
K= 909
5847.33628081
K= 910
23.4834415584
K= 911
199.698826041
K= 912
127.976086886
K= 913
201.423098569
K= 914
4408.83333333
K= 915
333.184609583
K= 916
8678.0
K= 917
5737.12025467
K= 918
4521.45
K= 919
127.976086886
K= 920
70.8924242425
K= 921
5609.912605
K= 922
8678.0
K= 923
116.142753553
K= 924
5846.45099302
K= 925
58.8416666669
K= 926
231.923916385
K= 927
1053.92968983
K= 928
234.551876179
K= 929
149.745289855
K= 930
43.8666666667
K= 931
60.5007575759
K= 932
37.6678571429
K= 933
74.3579067724
K= 934
145.451648352
K= 935
57.2922077921
K= 936
8678.0
K= 937
25.3166196706
K= 938
4565.0
K= 939
4508.91666667
K= 940
8636.57197747
K= 941
149.745289855
K= 942
6353.01039053
K= 943
175.248044333
K= 944
6170.40727799
K= 945
55.9824561402
K= 946
148.828623189
K= 947
77.1724307628
K= 948
6504.41583523
K= 949
4380.94444444
K= 950
73.1857142857
K= 951
72.3589697827
K= 952
439.72302314
K= 953
311.88790408
K= 954
4347.0
K= 955
5371.92464476
K= 956
280.318586978
K= 957
918.312340749
K= 958
52.0000000001
K= 959
130.772565343
K= 960
179.012519741
K= 961
7096.44802854
K= 962
127.976086886
K= 963
244.417366057
K= 964
5697.78480583
K= 965
8448.94927536
K= 966
311.009249222
K= 967
337.337386778
K= 968
303.117263539
K= 969
257.613430127
K= 970
84.5085246877
K= 971
232.256558662
K= 972
5166.04419634
K= 973
389.690051465
K= 974
4380.94444444
K= 975
5021.63389331
K= 976
182.857165417
K= 977
94.5398983762
K= 978
2390.64275355
K= 979
176.293872573
K= 980
4458.42857143
K= 981
5295.04419634
K= 982
250.14247558
K= 983
8827.0
K= 984
32.6615384615
K= 985
1120.56080645
K= 986
185.188998842
K= 987
1229.57282354
K= 988
226.937714598
K= 989
328.180825032
K= 990
4560.72318841
K= 991
23.5305524456
K= 992
8678.0
K= 993
22.8856199356
K= 994
65.7000000001
K= 995
89.0687124911
K= 996
277.819444802
K= 997
120.173581764
K= 998
1096.84433284
K= 999
125.076086886
K= 1000
4347.0
K= 1001
797.609733854
K= 1002
8225.43192613
K= 1003
70.3333333331
K= 1004
71.45
K= 1005
141.695289855
K= 1006
210.229704203
K= 1007
457.847250564
K= 1008
26.9108499944
K= 1009
8827.0
K= 1010
1504.85612122
K= 1011
74.9833333333
K= 1012
1347.52950224
K= 1013
4347.0
K= 1014
82.4050806237
K= 1015
8657.68727602
K= 1016
295.999731633
K= 1017
4560.0
K= 1018
483.839395548
K= 1019
4380.94444444
K= 1020
4522.94444444
K= 1021
4347.0
K= 1022
5648.80400068
K= 1023
4790.62912719
K= 1024
64.7000000001
K= 1025
173.742961189
K= 1026
4510.17619048
K= 1027
5972.38770484
K= 1028
1038.89720931
K= 1029
8827.0
K= 1030
128.351892266
K= 1031
7090.38937687
K= 1032
80.5666666667
K= 1033
334.934087584
K= 1034
45.9044973543
K= 1035
1111.26341556
K= 1036
66.9976190476
K= 1037
137.905
K= 1038
377.362702721
K= 1039
7.99057703733
K= 1040
19.1384446435
K= 1041
8663.0
K= 1042
25.0366092242
K= 1043
4605.90697674
K= 1044
8824.80633148
K= 1045
239.202173773
K= 1046
4347.0
K= 1047
93.8970422932
K= 1048
273.268092772
K= 1049
423.279350266
K= 1050
8641.84
K= 1051
132.475970696
K= 1052
773.142209976
K= 1053
112.51452014
K= 1054
493.138956225
K= 1055
4503.87096774
K= 1056
4455.42857143
K= 1057
218.709168098
K= 1058
316.032844527
K= 1059
78.4785714285
K= 1060
62.2985667496
K= 1061
90.9432982787
K= 1062
73.4828042327
K= 1063
182.965400786
K= 1064
84.3194781659
K= 1065
1114.58579221
K= 1066
407.863289237
K= 1067
339.269779778
K= 1068
62.6416666667
K= 1069
4436.42857143
K= 1070
50.2564615939
K= 1071
6418.76454397
K= 1072
2286.40447917
K= 1073
123.432401063
K= 1074
4508.26785714
K= 1075
5524.26385444
K= 1076
74.1457781892
K= 1077
149.745289855
K= 1078
179.165499656
K= 1079
5134.60127139
K= 1080
137.905
K= 1081
44.825
K= 1082
197.762755583
K= 1083
284.718817664
K= 1084
5896.02807802
K= 1085
298.929631487
K= 1086
5774.40349095
K= 1087
5896.02807802
K= 1088
319.649696341
K= 1089
1722.73304765
K= 1090
5686.26958653
K= 1091
217.359537318
K= 1092
288.362533393
K= 1093
8827.0
K= 1094
111.906330081
K= 1095
285.90382247
K= 1096
6304.06789455
K= 1097
483.839395548
K= 1098
593.565762853
K= 1099
8827.0
K= 1100
41.8021505376
K= 1101
4344.94444444
K= 1102
4458.42857143
K= 1103
7708.29761539
K= 1104
164.6183295
K= 1105
6202.82732158
K= 1106
58.7357142855
K= 1107
8663.5
K= 1108
8827.0
K= 1109
7098.81736881
K= 1110
23.3276398436
K= 1111
4923.775524
K= 1112
5896.02807802
K= 1113
1201.14318244
K= 1114
149.578623188
K= 1115
42.0438653451
K= 1116
7589.00923088
K= 1117
68.4338143697
K= 1118
38.4293650794
K= 1119
4451.94444444
K= 1120
1336.69231357
K= 1121
8157.5404331
K= 1122
1581.23022556
K= 1123
5874.28990294
K= 1124
298.108393925
K= 1125
5311.40113085
K= 1126
24.8068666282
K= 1127
194.070188166
K= 1128
4928.84330356
K= 1129
149.745289855
K= 1130
8675.97101449
K= 1131
389.860265021
K= 1132
82.5432019936
K= 1133
149.745289855
K= 1134
5295.04419634
K= 1135
80.8928571426
K= 1136
4347.0
K= 1137
109.533333333
K= 1138
4529.72070614
K= 1139
149.745289855
K= 1140
41.1940379064
K= 1141
4255.82608696
K= 1142
8641.84
K= 1143
179.047019642
K= 1144
4763.70179944
K= 1145
127.976086886
K= 1146
8600.92857143
K= 1147
20.2238095237
K= 1148
8827.0
K= 1149
5295.04419634
K= 1150
21.1836145063
K= 1151
6231.54360048
K= 1152
290.148981657
K= 1153
8827.0
K= 1154
125.028344513
K= 1155
36.2523809524
K= 1156
237.863353671
K= 1157
4557.38376623
K= 1158
116.526030221
K= 1159
4347.0
K= 1160
4565.05555556
K= 1161
274.240573511
K= 1162
5489.80672547
K= 1163
368.6818908
K= 1164
4280.94444444
K= 1165
8827.0
K= 1166
244.148687913
K= 1167
4497.44028194
K= 1168
103.05340045
K= 1169
4369.85714286
K= 1170
77.0027768526
K= 1171
149.745289855
K= 1172
4664.13567417
K= 1173
5326.01453738
K= 1174
256.982762232
K= 1175
5809.26985819
K= 1176
292.40377201
K= 1177
8827.0
K= 1178
121.821428571
K= 1179
106.384848485
K= 1180
26.4109362857
K= 1181
5258.84599186
K= 1182
158.64602643
K= 1183
45.7333333333
K= 1184
43.2166666667
K= 1185
4565.91071429
K= 1186
222.082530799
K= 1187
21.6206542427
K= 1188
621.096472715
K= 1189
5165.04419634
K= 1190
167.244953319
K= 1191
127.976086886
K= 1192
5157.09349684
K= 1193
4492.87096774
K= 1194
5179.65674353
K= 1195
1485.56778025
K= 1196
8827.0
K= 1197
102.411956522
K= 1198
306.667420917
K= 1199
17.3058946016
K= 1200
338.83876998
Betweenness Centrality Improvement
[ 46.05        78.37172356  38.71746032 ...,   0.           0.           0.        ]
Top 20 BC Improvement
[ 498  639  435  389 1153  370  710  659  456  450  413  409  394 1148  332
  822  317  304 1165  273]
