txValue= 100
IGRAPH D--- 4619 68733 -- 
+ attr: pub_key (v), base_fee (e), capacity (e), fee_rate (e), txCost (e)
None
IGRAPH D--- 4619 68733 -- 
+ attr: pub_key (v), base_fee (e), capacity (e), fee_rate (e), txCost (e)
None
Our nodes starting connections: 
(4618, 2796)
(4618, 1223)
(4618, 498)
(4618, 3265)
(4618, 3884)
(4618, 2836)
K= 2400
4568.60714286
K= 2401
4579.33333333
K= 2402
5653.13000824
K= 2403
157.304076482
K= 2404
8839.0
K= 2405
100.64225633
K= 2406
309.893379993
K= 2407
301.153048945
K= 2408
4310.82024397
K= 2409
147.481827593
K= 2410
95.2388405409
K= 2411
306.71473001
K= 2412
48.9122933082
K= 2413
5338.83686463
K= 2414
114.682334276
K= 2415
8527.81274608
K= 2416
162.835699809
K= 2417
359.96039113
K= 2418
14301.5199755
K= 2419
4543.39632198
K= 2420
88.1513604168
K= 2421
281.493909419
K= 2422
4898.05898738
K= 2423
8544.20294499
K= 2424
4319.8827639
K= 2425
154.599640898
K= 2426
7602.23226874
K= 2427
4478.39632198
K= 2428
8689.39365711
K= 2429
158.421933625
K= 2430
340.937717938
K= 2431
708.75849406
K= 2432
110.988353651
K= 2433
116.542691159
K= 2434
3795.38799902
K= 2435
629.168757152
K= 2436
5913.21810577
K= 2437
4308.46041547
K= 2438
96.9925981512
K= 2439
4534.22375259
K= 2440
369.843909702
K= 2441
12713.3118605
K= 2442
310.516803062
K= 2443
148.975579976
K= 2444
91.4490419198
K= 2445
4653.53735565
K= 2446
187.146617155
K= 2447
371.778633711
K= 2448
7245.59524517
K= 2449
91.414185908
K= 2450
4533.95703934
K= 2451
7828.60555461
K= 2452
120.740127873
K= 2453
316.53051552
K= 2454
149.037900909
K= 2455
4319.8827639
K= 2456
8839.0
K= 2457
283.101769443
K= 2458
93.5926406464
K= 2459
192.199148677
K= 2460
68.4740865539
K= 2461
2576.3035712
K= 2462
2039.65225463
K= 2463
235.605907253
K= 2464
8839.0
K= 2465
5445.08618465
K= 2466
213.173916385
K= 2467
2412.58860029
K= 2468
130.408997794
K= 2469
142.552138077
K= 2470
6002.10292907
K= 2471
4379.243531
K= 2472
261.487763343
K= 2473
319.033897029
K= 2474
261.771080888
K= 2475
123.91672452
K= 2476
80.6508663477
K= 2477
539.389624764
K= 2478
131.414303669
K= 2479
369.629982115
K= 2480
629.871154701
K= 2481
333.552988459
K= 2482
5517.3636697
K= 2483
512.989395548
K= 2484
5174.86538999
K= 2485
96.5267884975
K= 2486
8839.0
K= 2487
234.408206295
K= 2488
83.6585938695
K= 2489
355.886188156
K= 2490
147.879808925
K= 2491
5296.46085381
K= 2492
138.280605007
K= 2493
193.056288816
K= 2494
4604.0
K= 2495
194.019376409
K= 2496
3296.8917314
K= 2497
512.389395548
K= 2498
4319.8827639
K= 2499
105.042583842
K= 2500
173.278623189
K= 2501
171.053623189
K= 2502
4391.86111111
K= 2503
105.751678734
K= 2504
129.007304026
K= 2505
512.389395548
K= 2506
90.4318892143
K= 2507
147.581292517
K= 2508
124.056823153
K= 2509
6164.12165147
K= 2510
85.6157155308
K= 2511
162.943173682
K= 2512
484.088677806
K= 2513
5010.19454838
K= 2514
4208.93517222
K= 2515
4542.82013146
K= 2516
240.236543406
K= 2517
176.38113549
K= 2518
116.779229932
K= 2519
127.774481075
K= 2520
207.984680741
K= 2521
125.719357069
K= 2522
61.416908114
K= 2523
330.417321151
K= 2524
279.256633875
K= 2525
117.391296068
K= 2526
5369.89911137
K= 2527
124.009084387
K= 2528
126.132902152
K= 2529
7015.48289692
K= 2530
5554.35359521
K= 2531
126.347000995
K= 2532
183.220415108
K= 2533
7618.5560322
K= 2534
80.4827500249
K= 2535
5269.89725954
K= 2536
4193.29062796
K= 2537
158.921933625
K= 2538
4577.95
K= 2539
286.298916385
K= 2540
133.579186083
K= 2541
152.267574046
K= 2542
4674.26194097
K= 2543
489.335927006
K= 2544
8565.94927536
K= 2545
6022.5305697
K= 2546
4098.58944296
K= 2547
5949.10997881
K= 2548
299.670642609
K= 2549
6015.26024633
K= 2550
8839.0
K= 2551
4319.8827639
K= 2552
352.521951422
K= 2553
153.169317022
K= 2554
1694.19275285
K= 2555
284.496536713
K= 2556
582.133611421
K= 2557
402.26365252
K= 2558
867.984691837
K= 2559
567.181675788
K= 2560
124.322263006
K= 2561
56.8380243181
K= 2562
175.183996495
K= 2563
125.363989098
K= 2564
134.66832648
K= 2565
17678.0
K= 2566
130.767815176
K= 2567
4578.85
K= 2568
154.449030535
K= 2569
141.033554345
K= 2570
5293.3378873
K= 2571
211.25392676
K= 2572
4561.8854968
K= 2573
8657.0
K= 2574
129.219834378
K= 2575
220.343468663
K= 2576
355.823084227
K= 2577
5004.93630538
K= 2578
8839.0
K= 2579
8804.8827639
K= 2580
4575.53571429
K= 2581
174.075165526
K= 2582
116.053444849
K= 2583
3047.53085568
K= 2584
103.726872615
K= 2585
156.680608148
K= 2586
8830.0
K= 2587
4474.27142857
K= 2588
157.40346009
K= 2589
121.191068692
K= 2590
113.180192922
K= 2591
473.292439937
K= 2592
317.267849758
K= 2593
78.7703884409
K= 2594
178.77862319
K= 2595
279.798677476
K= 2596
5296.46085381
K= 2597
238.49505107
K= 2598
158.921933625
K= 2599
4423.70430108
K= 2600
1508.07886288
K= 2601
205.325033218
K= 2602
3523.37495843
K= 2603
6299.8114283
K= 2604
948.839774592
K= 2605
1077.43376593
K= 2606
126.518564794
K= 2607
4319.8827639
K= 2608
473.656980994
K= 2609
4571.24632194
K= 2610
379.188201286
K= 2611
347.015843428
K= 2612
145.663238051
K= 2613
633.635476339
K= 2614
341.064055128
K= 2615
5291.38995658
K= 2616
141.124317359
K= 2617
5517.3636697
K= 2618
812.676448784
K= 2619
8839.0
K= 2620
349.846298154
K= 2621
166.515056022
K= 2622
71.6103190802
K= 2623
209.451217441
K= 2624
92.8134233766
K= 2625
6657.69898377
K= 2626
4585.02592593
K= 2627
8134.77497533
K= 2628
185.293791352
K= 2629
174.366469391
K= 2630
5067.16827165
K= 2631
4576.62799842
K= 2632
581.396346442
K= 2633
8839.0
K= 2634
6657.69898377
K= 2635
4606.66304348
K= 2636
5687.94382022
K= 2637
372.99116401
K= 2638
131.155999401
K= 2639
5296.46085381
K= 2640
512.389395548
K= 2641
4319.8827639
K= 2642
375.440158046
K= 2643
409.15856349
K= 2644
4198.00316173
K= 2645
184.008777515
K= 2646
91.0039412609
K= 2647
4470.67142857
K= 2648
117.158189915
K= 2649
360.762704642
K= 2650
6256.25822418
K= 2651
1061.46842238
K= 2652
4638.79483138
K= 2653
259.996302089
K= 2654
263.33692128
K= 2655
136.487020011
K= 2656
4563.1875
K= 2657
139.696344586
K= 2658
89.2568607124
K= 2659
5187.50182922
K= 2660
363.955436647
K= 2661
515.536799805
K= 2662
5296.46085381
K= 2663
162.305084461
K= 2664
435.089248022
K= 2665
5484.24031172
K= 2666
478.724206254
K= 2667
330.974291364
K= 2668
73.8941254601
K= 2669
224.286798119
K= 2670
139.436965499
K= 2671
111.20817761
K= 2672
8839.0
K= 2673
5445.51108741
K= 2674
314.953533146
K= 2675
299.425432509
K= 2676
325.678091737
K= 2677
161.19671068
K= 2678
5296.46085381
K= 2679
111.678289055
K= 2680
370.868611393
K= 2681
485.174206254
K= 2682
3780.34622228
K= 2683
4319.8827639
K= 2684
4319.8827639
K= 2685
523.519593661
K= 2686
8565.94927536
K= 2687
4319.8827639
K= 2688
259.033792683
K= 2689
5445.51108741
K= 2690
1035.61110362
K= 2691
8644.04285714
K= 2692
4518.07096774
K= 2693
846.432938347
K= 2694
5926.78001795
K= 2695
5262.88847119
K= 2696
217.747187318
K= 2697
946.376968004
K= 2698
268.562359188
K= 2699
123.839075632
K= 2700
130.260823873
K= 2701
5860.95877647
K= 2702
66.8738845105
K= 2703
232.431884702
K= 2704
8512.04373652
K= 2705
133.353549757
K= 2706
119.264189889
K= 2707
4290.57142857
K= 2708
5211.40900615
K= 2709
53.3119047622
K= 2710
647.052844373
K= 2711
4535.99444444
K= 2712
684.066199323
K= 2713
109.655056747
K= 2714
97.0827109843
K= 2715
168.634126399
K= 2716
6152.81465255
K= 2717
4582.77142857
K= 2718
213.73685816
K= 2719
85.0905886594
K= 2720
5296.46085381
K= 2721
280.903683344
K= 2722
491.399052725
K= 2723
371.163528956
K= 2724
8565.94927536
K= 2725
351.650683805
K= 2726
327.971875791
K= 2727
4562.35
K= 2728
451.786074384
K= 2729
331.284400691
K= 2730
300.438982335
K= 2731
5459.45893288
K= 2732
5198.54808448
K= 2733
440.757065571
K= 2734
6185.81465255
K= 2735
958.729406598
K= 2736
350.477681553
K= 2737
4534.73333333
K= 2738
967.744496224
K= 2739
106.750431018
K= 2740
158.421933625
K= 2741
287.986168865
K= 2742
175.022369921
K= 2743
170.778623189
K= 2744
282.183003285
K= 2745
322.317571395
K= 2746
4319.8827639
K= 2747
142.33470696
K= 2748
5445.51108741
K= 2749
6251.10024054
K= 2750
351.597671229
K= 2751
512.389395548
K= 2752
133.352709742
K= 2753
93.4831254231
K= 2754
8620.61666667
K= 2755
1514.63862498
K= 2756
5564.88693186
K= 2757
147.630002914
K= 2758
202.084140067
K= 2759
8839.0
K= 2760
485.288677806
K= 2761
135.587423191
K= 2762
5420.19943764
K= 2763
648.978187609
K= 2764
4504.12539683
K= 2765
76.3774699704
K= 2766
203.061725299
K= 2767
5445.20974365
K= 2768
104.138786249
K= 2769
6602.30226795
K= 2770
8505.08006494
K= 2771
4441.7450543
K= 2772
84.2156740634
K= 2773
432.131948786
K= 2774
153.493486573
K= 2775
8839.0
K= 2776
442.045843504
K= 2777
447.481855396
K= 2778
6556.10950031
K= 2779
4425.48214286
K= 2780
296.436462193
K= 2781
297.071037923
K= 2782
175.122136373
K= 2783
149.737626212
K= 2784
4566.90833333
K= 2785
353.517603595
K= 2786
464.840748547
K= 2787
8829.5
K= 2788
123.891611616
K= 2789
247.492808953
K= 2790
190.581994398
K= 2791
8648.58823529
K= 2792
1298.36196933
K= 2793
149.490857401
K= 2794
120.021525143
K= 2795
169.901577093
K= 2796
1183.46179165
K= 2797
120.643527543
K= 2798
95.3857004205
K= 2799
223.833612399
K= 2800
122.129376738
K= 2801
7381.71060319
K= 2802
8408.13081952
K= 2803
110.562687732
K= 2804
4319.8827639
K= 2805
72.7275256398
K= 2806
4526.73333333
K= 2807
164.118459206
K= 2808
89.4083333336
K= 2809
285.041284671
K= 2810
5800.93034516
K= 2811
289.875043605
K= 2812
462.265822234
K= 2813
228.976563737
K= 2814
4577.33562502
K= 2815
4319.8827639
K= 2816
112.138880887
K= 2817
137.981457435
K= 2818
8662.67039992
K= 2819
1049.89243062
K= 2820
5026.46238553
K= 2821
4387.17278592
K= 2822
380.884706466
K= 2823
4566.85994624
K= 2824
340.100842154
K= 2825
446.269363611
K= 2826
192.796519177
K= 2827
8408.82427536
K= 2828
92.8005587196
K= 2829
76.6379277825
K= 2830
5296.46085381
K= 2831
4319.8827639
K= 2832
432.876259417
K= 2833
4516.34687296
K= 2834
4544.62252292
K= 2835
8839.0
K= 2836
1036.92486881
K= 2837
887.477191769
K= 2838
6657.69898377
K= 2839
5761.28127406
K= 2840
4529.69534082
K= 2841
6245.85640232
K= 2842
2299.84163224
K= 2843
158.613600292
K= 2844
105.462224066
K= 2845
292.509592751
K= 2846
143.541085189
K= 2847
81.7051929225
K= 2848
232.817884323
K= 2849
277.542059812
K= 2850
84.3103112938
K= 2851
326.670351935
K= 2852
882.507626343
K= 2853
8648.58823529
K= 2854
116.512980443
K= 2855
4436.7332181
K= 2856
137.263686009
K= 2857
85.9321257686
K= 2858
5761.28127406
K= 2859
79.7490582052
K= 2860
980.828956368
K= 2861
176.970657905
K= 2862
4518.41186214
K= 2863
8121.63070679
K= 2864
143.89334832
K= 2865
7851.87552701
K= 2866
351.089987384
K= 2867
106.061111111
K= 2868
960.048786276
K= 2869
165.088465037
K= 2870
457.88144377
K= 2871
960.160208013
K= 2872
5420.19943764
K= 2873
1232.3040982
K= 2874
327.971875791
K= 2875
327.347925808
K= 2876
512.389395548
K= 2877
51.7333333336
K= 2878
189.719376409
K= 2879
189.810992747
K= 2880
1025.55110798
K= 2881
5415.81729901
K= 2882
352.430694596
K= 2883
7329.08129313
K= 2884
139.926659813
K= 2885
143.439663414
K= 2886
191.075541677
K= 2887
145.526984131
K= 2888
143.40467792
K= 2889
152.544706035
K= 2890
69.7280571803
K= 2891
115.963276143
K= 2892
171.184669137
K= 2893
178.806211767
K= 2894
4319.8827639
K= 2895
165.662768636
K= 2896
16740.5521357
K= 2897
372.145206812
K= 2898
357.406959536
K= 2899
446.863035213
K= 2900
153.101503759
K= 2901
8641.0
K= 2902
4578.32581454
K= 2903
327.971875791
K= 2904
171.278623189
K= 2905
4193.29062796
K= 2906
370.868611393
K= 2907
3406.99789804
K= 2908
265.436890423
K= 2909
4521.54161992
K= 2910
504.182235076
K= 2911
454.009982248
K= 2912
258.772635565
K= 2913
81.3214406032
K= 2914
5296.46085381
K= 2915
5800.93034516
K= 2916
268.254870419
K= 2917
153.994045723
K= 2918
5859.46924773
K= 2919
124.018276005
K= 2920
512.989395548
K= 2921
8839.0
K= 2922
960.772473825
K= 2923
170.778623189
K= 2924
261.794104597
K= 2925
263.29279754
K= 2926
236.581962489
K= 2927
4571.0
K= 2928
238.149909884
K= 2929
276.959345073
K= 2930
261.295144947
K= 2931
433.403507065
K= 2932
514.389395548
K= 2933
5445.51108741
K= 2934
243.650072822
K= 2935
808.439842236
K= 2936
174.168194429
K= 2937
109.060662006
K= 2938
773.211816034
K= 2939
126.412637745
K= 2940
92.0983585207
K= 2941
356.895680114
K= 2942
366.448233159
K= 2943
123.771944546
K= 2944
99.9949834209
K= 2945
5321.54442478
K= 2946
370.868611393
K= 2947
5288.37266949
K= 2948
300.430883093
K= 2949
192.287233552
K= 2950
4460.8827639
K= 2951
596.972046825
K= 2952
305.004593345
K= 2953
484.088677806
K= 2954
5408.45715403
K= 2955
120.228962136
K= 2956
4319.8827639
K= 2957
5069.46112152
K= 2958
352.521951422
K= 2959
142.846905239
K= 2960
5631.01202119
K= 2961
7425.2176934
K= 2962
170.778623189
K= 2963
4564.83860029
K= 2964
333.286059575
K= 2965
61.8374817475
K= 2966
8585.75723397
K= 2967
339.758436853
K= 2968
416.013256614
K= 2969
1608.70640481
K= 2970
265.036890423
K= 2971
5268.50027324
K= 2972
4319.8827639
K= 2973
88.6161768036
K= 2974
75.8357024225
K= 2975
213.589583925
K= 2976
388.880109467
K= 2977
475.254182242
K= 2978
4444.44184018
K= 2979
170.778623189
K= 2980
69.8264901632
K= 2981
4422.65784314
K= 2982
94.693530999
K= 2983
356.776419736
K= 2984
93.7799355281
K= 2985
4392.39444444
K= 2986
114.279183402
K= 2987
4202.00316173
K= 2988
5432.31799667
K= 2989
5296.46085381
K= 2990
116.824358974
K= 2991
4319.8827639
K= 2992
169.064080915
K= 2993
318.072495423
K= 2994
238.155689545
K= 2995
4556.88514652
K= 2996
114.528618448
K= 2997
170.061810145
K= 2998
5099.3047161
K= 2999
4528.45523529
K= 3000
166.792924432
K= 3001
4023.72675703
K= 3002
104.963366971
K= 3003
79.2521966717
K= 3004
6412.60153013
K= 3005
321.142368337
K= 3006
326.699716886
K= 3007
5296.46085381
K= 3008
204.325167053
K= 3009
309.786580956
K= 3010
5864.93034516
K= 3011
1206.35016516
K= 3012
5580.77779834
K= 3013
82.4383762294
K= 3014
178.243992746
K= 3015
5554.35359521
K= 3016
371.956434397
K= 3017
117.161152324
K= 3018
125.747782366
K= 3019
8372.77606784
K= 3020
4551.65435378
K= 3021
5731.27439024
K= 3022
157.742378892
K= 3023
6691.71435482
K= 3024
1195.48967021
K= 3025
186.896980353
K= 3026
165.263412475
K= 3027
5362.418503
K= 3028
82.6335449307
K= 3029
4390.3827639
K= 3030
4545.35633189
K= 3031
372.50186595
K= 3032
119.167384208
K= 3033
135.497977689
K= 3034
399.727185792
K= 3035
271.163918373
K= 3036
330.411126536
K= 3037
8839.0
K= 3038
1099.57103264
K= 3039
133.789191052
K= 3040
313.708545647
K= 3041
5296.46085381
K= 3042
5321.55216533
K= 3043
5296.46085381
K= 3044
8420.73498965
K= 3045
97.2415068987
K= 3046
416.419937605
K= 3047
163.244640571
K= 3048
4530.82641691
K= 3049
96.2411842381
K= 3050
295.916305013
K= 3051
90.9102736959
K= 3052
60.1809523812
K= 3053
3278.00079046
K= 3054
537.856152434
K= 3055
372.374593223
K= 3056
170.778623189
K= 3057
4319.8827639
K= 3058
2022.97639362
K= 3059
89.3000000003
K= 3060
512.389395548
K= 3061
6015.22465789
K= 3062
273.886443877
K= 3063
6085.98874934
K= 3064
265.036890423
K= 3065
4319.8827639
K= 3066
4566.70430108
K= 3067
67.1161161936
K= 3068
107.974720463
K= 3069
137.968398271
K= 3070
5445.20974365
K= 3071
301.068764618
K= 3072
8648.58823529
K= 3073
8839.0
K= 3074
8839.0
K= 3075
74.3124212243
K= 3076
83.0178246628
K= 3077
159.451739285
K= 3078
958.729406598
K= 3079
6152.81465255
K= 3080
75.8285203375
K= 3081
148.246220448
K= 3082
121.512743589
K= 3083
6985.22013741
K= 3084
4319.8827639
K= 3085
115.415341013
K= 3086
84.9138190567
K= 3087
224.939193253
K= 3088
4538.38376435
K= 3089
380.161753079
K= 3090
652.177112357
K= 3091
6152.81465255
K= 3092
4535.99444444
K= 3093
121.37812298
K= 3094
158.421933625
K= 3095
247.055178405
K= 3096
96.5488048414
K= 3097
140.216304724
K= 3098
170.778623189
K= 3099
214.134361557
K= 3100
100.043001271
K= 3101
205.109954827
K= 3102
248.960379816
K= 3103
5457.16281218
K= 3104
96.4577755125
K= 3105
170.778623189
K= 3106
160.56798459
K= 3107
4556.00465527
K= 3108
4577.9375
K= 3109
58.3073241154
K= 3110
6572.05874445
K= 3111
8839.0
K= 3112
4319.8827639
K= 3113
4292.24075322
K= 3114
206.485405007
K= 3115
168.053082351
K= 3116
100.16012102
K= 3117
149.938600293
K= 3118
0.0
K= 3119
107.050431018
K= 3120
451.648838554
K= 3121
8643.5
K= 3122
92.0386386858
K= 3123
320.242166413
K= 3124
0.0
K= 3125
4583.0625
K= 3126
1323.91865076
K= 3127
107.984521566
K= 3128
4536.45883856
K= 3129
184.8884919
K= 3130
5445.20974365
K= 3131
103.564644674
K= 3132
620.577421654
K= 3133
224.875774087
K= 3134
177.185606198
K= 3135
109.176695531
K= 3136
129.863336247
K= 3137
341.96941142
K= 3138
4434.27142857
K= 3139
347.71944935
K= 3140
8639.58860029
K= 3141
189.519376409
K= 3142
123.651641811
K= 3143
4874.17831564
K= 3144
99.8661014775
K= 3145
132.608693868
K= 3146
158.421933625
K= 3147
4319.8827639
K= 3148
201.57930229
K= 3149
791.98089346
K= 3150
81.4533549326
K= 3151
6573.9188444
K= 3152
158.109993146
K= 3153
290.531978413
K= 3154
4475.77142857
K= 3155
8657.0
K= 3156
171.386466326
K= 3157
3906.95927991
K= 3158
173.895289855
K= 3159
1429.69761105
K= 3160
332.810177931
K= 3161
1108.02618312
K= 3162
67.6969691848
K= 3163
4166.87042238
K= 3164
193.364266413
K= 3165
8586.54683336
K= 3166
5073.10757103
K= 3167
122.220818877
K= 3168
8839.0
K= 3169
65.4570865241
K= 3170
4580.46666667
K= 3171
95.5334173345
K= 3172
122.590963792
K= 3173
8839.0
K= 3174
125.423774134
K= 3175
269.545077135
K= 3176
4329.83928572
K= 3177
362.155220572
K= 3178
139.181193919
K= 3179
83.9996456987
K= 3180
356.643750422
K= 3181
4475.77142857
K= 3182
367.879203216
K= 3183
5445.51108741
K= 3184
487.94849004
K= 3185
259.905969078
K= 3186
145.81100148
K= 3187
112.579479375
K= 3188
158.797119009
K= 3189
106.276881837
K= 3190
103.391050632
K= 3191
8839.0
K= 3192
3266.53416088
K= 3193
6499.64419461
K= 3194
63.2750625738
K= 3195
6152.81465255
K= 3196
6736.80175987
K= 3197
8934.0
K= 3198
148.204331147
K= 3199
5989.69221142
K= 3200
185.959136634
K= 3201
123.67132368
K= 3202
4193.29062796
K= 3203
172.43941369
K= 3204
162.401317923
K= 3205
5797.33034516
K= 3206
4319.8827639
K= 3207
93.052841478
K= 3208
4475.77142857
K= 3209
8839.0
K= 3210
572.13174737
K= 3211
484.088677806
K= 3212
647.552844373
K= 3213
4319.8827639
K= 3214
356.180690332
K= 3215
201.402337885
K= 3216
711.878942614
K= 3217
4319.8827639
K= 3218
98.7210330779
K= 3219
109.186346852
K= 3220
70.57928184
K= 3221
302.934577922
K= 3222
5271.21789147
K= 3223
512.252257906
K= 3224
367.886107144
K= 3225
104.613983601
K= 3226
223.204114586
K= 3227
5287.60991325
K= 3228
0.0
K= 3229
484.068227993
K= 3230
777.944235921
K= 3231
5808.14928489
K= 3232
448.845307036
K= 3233
6085.74188353
K= 3234
7443.2176934
K= 3235
640.975250971
K= 3236
8839.0
K= 3237
157.139612005
K= 3238
4542.25833333
K= 3239
521.87929574
K= 3240
8648.58823529
K= 3241
282.903451395
K= 3242
169.006322674
K= 3243
161.464285714
K= 3244
6152.81465255
K= 3245
7890.11905916
K= 3246
1999.93054126
K= 3247
4319.8827639
K= 3248
4534.52777778
K= 3249
4603.60274469
K= 3250
202.992143701
K= 3251
162.921933625
K= 3252
337.467643974
K= 3253
355.258865849
K= 3254
4193.29062796
K= 3255
807.25166987
K= 3256
132.657487874
K= 3257
53.928359998
K= 3258
194.462118667
K= 3259
47.6232851269
K= 3260
105.669210388
K= 3261
6152.81465255
K= 3262
1006.95072701
K= 3263
324.220686529
K= 3264
138.789797131
K= 3265
0.0
K= 3266
177.313314618
K= 3267
249.776431236
K= 3268
82.612056387
K= 3269
69.3854965594
K= 3270
8839.0
K= 3271
128.691642113
K= 3272
5296.46085381
K= 3273
3055.42170453
K= 3274
138.500592501
K= 3275
4319.8827639
K= 3276
137.821933625
K= 3277
111.156793267
K= 3278
76.3180806969
K= 3279
104.650022445
K= 3280
340.614428234
K= 3281
175.064337475
K= 3282
146.196933625
K= 3283
139.952390596
K= 3284
4575.86666667
K= 3285
130.072440931
K= 3286
163.560244235
K= 3287
4473.05714286
K= 3288
2476.9485448
K= 3289
371.424593223
K= 3290
89.2890544917
K= 3291
173.455732487
K= 3292
178.806211767
K= 3293
76.1713297148
K= 3294
173.002657983
K= 3295
370.665783118
K= 3296
5433.9336829
K= 3297
203.853980586
K= 3298
2996.81508377
K= 3299
78.2750000003
K= 3300
151.30441293
K= 3301
103.458764351
K= 3302
4319.8827639
K= 3303
4526.73333333
K= 3304
251.559419574
K= 3305
5936.16540629
K= 3306
95.1522791027
K= 3307
312.926832113
K= 3308
135.901317922
K= 3309
6598.2478244
K= 3310
116.068702691
K= 3311
152.567984589
K= 3312
172.492908903
K= 3313
4855.68339902
K= 3314
6657.69898377
K= 3315
91.9546658107
K= 3316
8510.69660589
K= 3317
172.588845815
K= 3318
5517.3636697
K= 3319
169.450404476
K= 3320
119.567976451
K= 3321
377.758214776
K= 3322
4319.8827639
K= 3323
183.613160118
K= 3324
88.8807022157
K= 3325
126.855132245
K= 3326
124.247570623
K= 3327
1917.76286092
K= 3328
65.6784802513
K= 3329
104.929508839
K= 3330
79.5851952824
K= 3331
100.681722689
K= 3332
6085.74188353
K= 3333
1545.95044587
K= 3334
515.569050819
K= 3335
4475.77142857
K= 3336
174.351819621
K= 3337
217.233183225
K= 3338
5171.79422078
K= 3339
4817.48624143
K= 3340
4541.29270647
K= 3341
4162.87723362
K= 3342
8839.0
K= 3343
4579.19444444
K= 3344
348.060491743
K= 3345
164.825329335
K= 3346
2511.08070978
K= 3347
273.706032655
K= 3348
192.63897267
K= 3349
17678.0
K= 3350
1141.52588358
K= 3351
906.753421661
K= 3352
227.785556821
K= 3353
191.789551848
K= 3354
17678.0
K= 3355
93.3449183924
K= 3356
149.303036631
K= 3357
95.1936116709
K= 3358
5359.21345872
K= 3359
308.234195522
K= 3360
8458.31613523
K= 3361
6408.37308668
K= 3362
154.80166751
K= 3363
7682.54867603
K= 3364
4319.8827639
K= 3365
4319.8827639
K= 3366
121.945289855
K= 3367
5879.24322685
K= 3368
103.762005616
K= 3369
428.032396278
K= 3370
5517.3636697
K= 3371
263.247882016
K= 3372
169.093016699
K= 3373
189.996354987
K= 3374
485.174206254
K= 3375
5354.47933157
K= 3376
348.606165963
K= 3377
4436.09435455
K= 3378
145.898481076
K= 3379
4475.77142857
K= 3380
512.389395548
K= 3381
5517.3636697
K= 3382
5424.46085381
K= 3383
4319.8827639
K= 3384
447.256905197
K= 3385
130.188600292
K= 3386
5800.93034516
K= 3387
4319.8827639
K= 3388
4319.8827639
K= 3389
1252.57850865
K= 3390
115.852439961
K= 3391
2084.41588255
K= 3392
108.285714287
K= 3393
1158.08880682
K= 3394
459.396640058
K= 3395
5141.8888598
K= 3396
160.136219339
K= 3397
4319.8827639
K= 3398
138.963347766
K= 3399
302.042368337
K= 3400
8839.0
K= 3401
8839.0
K= 3402
4573.575
K= 3403
6303.45557481
K= 3404
6186.42207566
K= 3405
628.780905811
K= 3406
366.210187617
K= 3407
209.494679981
K= 3408
187.064424349
K= 3409
143.432930266
K= 3410
6302.15498395
K= 3411
151.788469056
K= 3412
127.682041193
K= 3413
767.489425432
K= 3414
371.956434397
K= 3415
114.33417726
K= 3416
485.80166641
K= 3417
69.5617586691
K= 3418
4526.73333333
K= 3419
74.6026292337
K= 3420
113.681164389
K= 3421
120.295660362
K= 3422
456.807576558
K= 3423
171.228623189
K= 3424
5321.55216533
K= 3425
503.876817978
K= 3426
5572.65611622
K= 3427
100.857663141
K= 3428
327.971875791
K= 3429
76.4072314176
K= 3430
5800.93034516
K= 3431
194.980122381
K= 3432
4567.96666667
K= 3433
126.069363954
K= 3434
129.247334397
K= 3435
4562.65752407
K= 3436
8640.88235294
K= 3437
4563.68225655
K= 3438
333.552988459
K= 3439
4319.8827639
K= 3440
4319.8827639
K= 3441
163.482142857
K= 3442
503.010917686
K= 3443
147.501042018
K= 3444
8839.0
K= 3445
97.0
K= 3446
8839.0
K= 3447
144.141638242
K= 3448
375.347566527
K= 3449
107.182292532
K= 3450
316.246776594
K= 3451
8839.0
K= 3452
130.669149439
K= 3453
108.84075322
K= 3454
485.932076314
K= 3455
4572.50965126
K= 3456
329.096875791
K= 3457
101.828962318
K= 3458
4319.8827639
K= 3459
512.989395548
K= 3460
5800.93034516
K= 3461
51.716666667
K= 3462
5299.50254841
K= 3463
8637.61666667
K= 3464
86.6176281781
K= 3465
139.15676759
K= 3466
157.610395384
K= 3467
503.879447449
K= 3468
871.836903591
K= 3469
4319.8827639
K= 3470
136.832954781
K= 3471
138.145244368
K= 3472
364.005436647
K= 3473
5926.78001795
K= 3474
183.803594544
K= 3475
4319.8827639
K= 3476
8623.07928558
K= 3477
2003.53416327
K= 3478
98.9825536823
K= 3479
101.165961456
K= 3480
5517.3636697
K= 3481
286.337322521
K= 3482
212.791652082
K= 3483
95.8704239934
K= 3484
293.023478344
K= 3485
119.853951466
K= 3486
672.847950263
K= 3487
5296.46085381
K= 3488
5296.46085381
K= 3489
170.778623189
K= 3490
384.075498449
K= 3491
221.204268882
K= 3492
8839.0
K= 3493
870.680433954
K= 3494
8839.0
K= 3495
372.868611393
K= 3496
4561.16666667
K= 3497
8076.20449678
K= 3498
101.530855178
K= 3499
374.752646665
K= 3500
97.6327097026
K= 3501
5705.48292595
K= 3502
4319.8827639
K= 3503
4475.77142857
K= 3504
7192.88750569
K= 3505
372.670502436
K= 3506
4474.92142857
K= 3507
8177.70818379
K= 3508
123.586615169
K= 3509
86.6143792806
K= 3510
6453.61280671
K= 3511
271.674144382
K= 3512
4319.8827639
K= 3513
1566.7208227
K= 3514
87.9063682326
K= 3515
261.16004666
K= 3516
459.396640058
K= 3517
331.618890073
K= 3518
200.086562676
K= 3519
89.4207880152
K= 3520
73.5451433556
K= 3521
4319.8827639
K= 3522
110.946825007
K= 3523
4319.8827639
K= 3524
79.9890262398
K= 3525
182.314337475
K= 3526
124.774299006
K= 3527
3217.03938737
K= 3528
286.980211349
K= 3529
5296.46085381
K= 3530
4669.60993951
K= 3531
376.00359108
K= 3532
6465.82424614
K= 3533
300.933695818
K= 3534
335.592823133
K= 3535
997.940578239
K= 3536
173.213238573
K= 3537
5296.46085381
K= 3538
295.172409199
K= 3539
5150.03171695
K= 3540
3647.53649941
K= 3541
376.686913528
K= 3542
125.309250636
K= 3543
389.279073878
K= 3544
8839.0
K= 3545
173.226237497
K= 3546
8839.0
K= 3547
4319.8827639
K= 3548
78.5498317704
K= 3549
52.6410256414
K= 3550
5296.46085381
K= 3551
162.397829324
K= 3552
126.5805071
K= 3553
170.778623189
K= 3554
326.056068857
K= 3555
464.840748547
K= 3556
5420.19943764
K= 3557
316.310081763
K= 3558
101.951270487
K= 3559
4561.49687097
K= 3560
58.9789491396
K= 3561
129.411021451
K= 3562
119.262519017
K= 3563
5899.39844736
K= 3564
646.499205195
K= 3565
6383.48913898
K= 3566
99.6785925681
K= 3567
371.283707124
K= 3568
303.144570469
K= 3569
8657.0
K= 3570
4319.8827639
K= 3571
4319.8827639
K= 3572
158.421933625
K= 3573
5753.15834147
K= 3574
4987.221319
K= 3575
6136.80700846
K= 3576
4319.8827639
K= 3577
89.8704252372
K= 3578
222.655679543
K= 3579
287.568200191
K= 3580
379.608029954
K= 3581
358.59966232
K= 3582
6049.24174466
K= 3583
5800.93034516
K= 3584
158.421933625
K= 3585
1393.66516524
K= 3586
5265.77130875
K= 3587
213.032032538
K= 3588
73.680328797
K= 3589
85.5899841104
K= 3590
4631.23284025
K= 3591
265.220855994
K= 3592
8839.0
K= 3593
8655.81818182
K= 3594
182.203271038
K= 3595
5449.89725954
K= 3596
87.3984874305
K= 3597
146.588600292
K= 3598
4319.8827639
K= 3599
109.582007899
K= 3600
238.957236222
Betweenness Centrality Improvement
[ 0.  0.  0. ...,  0.  0.  0.]
Top 20 BC Improvement
[2565 3349 3354 2896 2418 2441 3197 2672 3073 3342 2619 3400 2633 2404 3037
 2578 3401 3444 3446 3592]
Top 20 BC Improvement
[ 17678.          17678.          17678.          16740.55213567
  14301.51997548  12713.31186045   8934.           8839.           8839.
   8839.           8839.           8839.           8839.           8839.
   8839.           8839.           8839.           8839.           8839.
   8839.        ]
