txValue= 100
IGRAPH D--- 4619 68733 -- 
+ attr: pub_key (v), base_fee (e), capacity (e), fee_rate (e), txCost (e)
None
IGRAPH D--- 4619 68733 -- 
+ attr: pub_key (v), base_fee (e), capacity (e), fee_rate (e), txCost (e)
None
Our nodes starting connections: 
(4618, 2796)
(4618, 1223)
(4618, 498)
K= 0
49.0095238097
K= 1
85.0538664132
K= 2
49.0507936508
K= 3
597.573403616
K= 4
309.166666667
K= 5
453.983954956
K= 6
143.5
K= 7
50.3612283142
K= 8
50.5656537905
K= 9
64.4296993376
K= 10
353.58876998
K= 11
36.2214602658
K= 12
103.163600292
K= 13
44.0500000002
K= 14
165.430952381
K= 15
182.804956196
K= 16
158.578623189
K= 17
8827.0
K= 18
59.582553688
K= 19
42.8636395617
K= 20
90.0431746031
K= 21
294.517353951
K= 22
5646.08718871
K= 23
149.496933625
K= 24
370.629665146
K= 25
24.3102179257
K= 26
233.490227983
K= 27
62.6596059114
K= 28
4970.20405021
K= 29
54.0152116404
K= 30
113.528623189
K= 31
144.245979186
K= 32
76.2737229437
K= 33
316.695554077
K= 34
47.8984126982
K= 35
79.1621916238
K= 36
8655.95862069
K= 37
77.7491758242
K= 38
1368.06779859
K= 39
74.753968254
K= 40
5395.12590076
K= 41
8577.94927536
K= 42
8632.94444444
K= 43
258.226482492
K= 44
191.512519741
K= 45
570.030777221
K= 46
71.5714285715
K= 47
137.890501755
K= 48
221.698826041
K= 49
4442.57142857
K= 50
33.8250956078
K= 51
5233.20894521
K= 52
134.753260403
K= 53
99.8121856502
K= 54
298.16367316
K= 55
5411.76964027
K= 56
953.57524181
K= 57
152.428916494
K= 58
82.642857143
K= 59
5352.55838547
K= 60
4514.70151659
K= 61
169.019833633
K= 62
114.994031647
K= 63
6473.60281231
K= 64
79.6921436591
K= 65
4700.58970197
K= 66
232.894523091
K= 67
5945.50199524
K= 68
150.496933625
K= 69
42.5602564102
K= 70
5700.34471859
K= 71
1680.77024578
K= 72
5264.65083441
K= 73
24.2050976803
K= 74
21.1290465279
K= 75
125.042857143
K= 76
4275.06743404
K= 77
4331.97457181
K= 78
492.377377173
K= 79
340.370107678
K= 80
76.7384835753
K= 81
5313.87538095
K= 82
6502.88633227
K= 83
6006.31027569
K= 84
247.741180007
K= 85
79.8761904764
K= 86
428.547125173
K= 87
666.020081932
K= 88
4433.0
K= 89
5073.49349973
K= 90
309.122074222
K= 91
73.3142857142
K= 92
463.253412106
K= 93
112.985714286
K= 94
160.111956522
K= 95
199.477484806
K= 96
1707.15192652
K= 97
5437.98973091
K= 98
74.8831871348
K= 99
46.6000323207
K= 100
4528.94444444
K= 101
782.213148798
K= 102
250.257090233
K= 103
53.5277344877
K= 104
5139.46080702
K= 105
5224.55838547
K= 106
503.456062214
K= 107
437.362683599
K= 108
4555.0
K= 109
201.698826041
K= 110
120.886241233
K= 111
8827.0
K= 112
503.456062214
K= 113
185.693147446
K= 114
73.6595238096
K= 115
160.861956522
K= 116
6151.09352222
K= 117
4331.97457181
K= 118
6154.68747227
K= 119
317.322642197
K= 120
536.860644616
K= 121
82.9666666669
K= 122
6859.10895758
K= 123
466.888947896
K= 124
8827.0
K= 125
181.978494643
K= 126
35.9630355702
K= 127
467.050559433
K= 128
103.944426984
K= 129
38.821403692
K= 130
294.48326742
K= 131
966.454359569
K= 132
4515.51666667
K= 133
48.9996753243
K= 134
82.9666666669
K= 135
183.918691595
K= 136
133.400680841
K= 137
81.9838985087
K= 138
343.146671564
K= 139
898.205680177
K= 140
5127.03200624
K= 141
2258.31454619
K= 142
4331.97457181
K= 143
17.5259719569
K= 144
160.861956522
K= 145
313.69098005
K= 146
31.6773088025
K= 147
35.208652602
K= 148
202.056362116
K= 149
5079.67586022
K= 150
5607.87088564
K= 151
513.821079226
K= 152
1561.90358992
K= 153
5295.13682088
K= 154
4566.84435115
K= 155
8827.0
K= 156
9.62952144514
K= 157
363.39554109
K= 158
8662.0
K= 159
267.983735064
K= 160
395.556597931
K= 161
8663.0
K= 162
5487.80299356
K= 163
937.857053736
K= 164
274.198308571
K= 165
40.9214285712
K= 166
87.3888888889
K= 167
142.613267884
K= 168
4429.57142857
K= 169
65.3878652279
K= 170
8655.84375
K= 171
241.378838876
K= 172
306.751251068
K= 173
130.157392496
K= 174
411.556718132
K= 175
32.571067821
K= 176
5224.55838547
K= 177
5438.17387597
K= 178
88.0000000001
K= 179
4445.252151
K= 180
43.6000671779
K= 181
8827.0
K= 182
79.6604290365
K= 183
202.169506282
K= 184
63.4620541221
K= 185
4575.0
K= 186
950.129406598
K= 187
65.0226190477
K= 188
8827.0
K= 189
65.8112757123
K= 190
4464.57142857
K= 191
177.42653114
K= 192
4559.20430108
K= 193
6087.45036938
K= 194
83.7712902265
K= 195
353.58876998
K= 196
8751.0
K= 197
37.466895142
K= 198
246.257154809
K= 199
81.153936252
K= 200
56.8416666667
K= 201
376.409042601
K= 202
411.556718132
K= 203
5153.79652856
K= 204
3585.36441568
K= 205
110.233333333
K= 206
8827.0
K= 207
63.2932900434
K= 208
159.882227712
K= 209
8663.0
K= 210
68.3761904761
K= 211
24.0233353947
K= 212
182.953756714
K= 213
86.7464285714
K= 214
142.545447608
K= 215
4464.57142857
K= 216
80.0000000001
K= 217
41.3167369569
K= 218
6231.54727994
K= 219
138.110714286
K= 220
294.376890484
K= 221
64.7195760943
K= 222
89.8732392519
K= 223
4571.57142857
K= 224
414.451467789
K= 225
46.2916666666
K= 226
276.599998382
K= 227
4566.0
K= 228
4300.57142857
K= 229
4561.16014997
K= 230
5358.18328188
K= 231
5437.57541471
K= 232
182.310616805
K= 233
337.120107678
K= 234
49.4215215824
K= 235
1267.34016076
K= 236
147.054710145
K= 237
196.299107117
K= 238
5998.31027569
K= 239
184.779364504
K= 240
5888.10532639
K= 241
32.1693065104
K= 242
41.0904974111
K= 243
160.861956522
K= 244
110.661956522
K= 245
8661.91780822
K= 246
4540.49897634
K= 247
5845.97919333
K= 248
5450.04669573
K= 249
5047.56179422
K= 250
469.453412106
K= 251
84.6483049854
K= 252
130.163600292
K= 253
276.226259417
K= 254
4331.97457181
K= 255
8827.0
K= 256
265.064362745
K= 257
330.79292839
K= 258
58.466606917
K= 259
152.061956522
K= 260
92.830121898
K= 261
138.663600292
K= 262
8827.0
K= 263
123.449314578
K= 264
6473.60281231
K= 265
90.6595238096
K= 266
71.6093253972
K= 267
66.8595238099
K= 268
123.264915563
K= 269
288.092184035
K= 270
1287.50681203
K= 271
4464.57142857
K= 272
4525.97362637
K= 273
8827.0
K= 274
372.781669356
K= 275
186.173725976
K= 276
189.296185513
K= 277
503.456062214
K= 278
6890.4208863
K= 279
127.98333632
K= 280
4464.57142857
K= 281
116.765168195
K= 282
95.9176838814
K= 283
8577.94927536
K= 284
6277.52953819
K= 285
4869.52243441
K= 286
37.7694444444
K= 287
118.724787407
K= 288
215.234724178
K= 289
469.560393358
K= 290
61.6824074071
K= 291
503.456062214
K= 292
5220.55838547
K= 293
140.152050951
K= 294
85.4478894207
K= 295
42.2408808583
K= 296
743.708621365
K= 297
324.044910105
K= 298
8661.0
K= 299
116.300313283
K= 300
28.2777777776
K= 301
4520.62096774
K= 302
37.9679505138
K= 303
73.1937984497
K= 304
8827.0
K= 305
41.6584435173
K= 306
505.4869672
K= 307
75.5838345862
K= 308
51.7333333336
K= 309
130.496933625
K= 310
4331.97457181
K= 311
4528.275
K= 312
5376.26607652
K= 313
101.264749717
K= 314
503.456062214
K= 315
421.892926084
K= 316
63.6891491007
K= 317
8827.0
K= 318
357.55275974
K= 319
123.470476746
K= 320
58.687859801
K= 321
772.242429379
K= 322
4571.57142857
K= 323
7015.2406688
K= 324
5817.3276148
K= 325
4331.97457181
K= 326
4462.57142857
K= 327
119.72884298
K= 328
34.4017538017
K= 329
32.0670090429
K= 330
66.6674640075
K= 331
4572.25
K= 332
8827.0
K= 333
158.992346544
K= 334
269.071872103
K= 335
4528.80892857
K= 336
157.028043862
K= 337
5224.55838547
K= 338
196.483167222
K= 339
123.608147446
K= 340
321.811710762
K= 341
2877.57983659
K= 342
8656.9
K= 343
25.589581552
K= 344
103.879182267
K= 345
1509.32635931
K= 346
4213.77860839
K= 347
4505.98968254
K= 348
4334.97540984
K= 349
24.5081163719
K= 350
294.517353951
K= 351
802.15062936
K= 352
71.469224326
K= 353
105.308839828
K= 354
64.118311316
K= 355
4331.97457181
K= 356
1188.68664326
K= 357
4331.97457181
K= 358
46.4076770454
K= 359
4221.77860839
K= 360
130.496933625
K= 361
91.9006175234
K= 362
457.906356473
K= 363
127.376190476
K= 364
3024.38272733
K= 365
5818.45389784
K= 366
272.805250883
K= 367
360.480243921
K= 368
6473.60281231
K= 369
84.8756528702
K= 370
8827.0
K= 371
128.175420098
K= 372
269.825808913
K= 373
5510.36145231
K= 374
5517.68906659
K= 375
293.036774345
K= 376
3963.84672869
K= 377
59.8810344829
K= 378
252.583440194
K= 379
286.0265048
K= 380
67.6405553228
K= 381
46.0666666669
K= 382
673.017849346
K= 383
92.2928571429
K= 384
26.4350333895
K= 385
503.456062214
K= 386
295.990349994
K= 387
4387.94444444
K= 388
179.005474678
K= 389
8888.50430199
K= 390
37.7612149065
K= 391
1554.74101478
K= 392
4406.09032756
K= 393
108.36345057
K= 394
8827.0
K= 395
503.456062214
K= 396
95.2249868138
K= 397
273.173916385
K= 398
4569.25
K= 399
6923.33839351
K= 400
91.9928571428
K= 401
84.3386902555
K= 402
503.456062214
K= 403
417.085041602
K= 404
4569.0
K= 405
242.187313919
K= 406
8631.24693363
K= 407
338.567068397
K= 408
825.25168331
K= 409
8827.0
K= 410
5850.63464378
K= 411
5450.04669573
K= 412
6223.62407563
K= 413
8827.0
K= 414
71.4166666667
K= 415
93.4552607279
K= 416
4479.88888889
K= 417
459.176197405
K= 418
160.861956522
K= 419
3052.68314797
K= 420
72.5460791553
K= 421
69.7787678879
K= 422
98.0249680488
K= 423
4520.62096774
K= 424
4607.93333333
K= 425
503.456062214
K= 426
110.574122807
K= 427
312.735896341
K= 428
352.286138401
K= 429
43.61510989
K= 430
306.251251068
K= 431
5670.26550783
K= 432
72.2903629596
K= 433
632.343989472
K= 434
153.444444445
K= 435
8888.50430199
K= 436
7224.93169528
K= 437
318.07248863
K= 438
275.294443965
K= 439
503.456062214
K= 440
293.255916564
K= 441
160.861956522
K= 442
79.4166666666
K= 443
147.537280533
K= 444
68.7135177476
K= 445
4549.83333333
K= 446
8618.94927536
K= 447
5233.20894521
K= 448
56.3158730158
K= 449
134.663600292
K= 450
8827.0
K= 451
5952.29427101
K= 452
49.5148105077
K= 453
4920.24874305
K= 454
4314.76470588
K= 455
6006.31027569
K= 456
8827.0
K= 457
5737.47534562
K= 458
299.320295929
K= 459
503.456062214
K= 460
330.606299591
K= 461
4464.57142857
K= 462
4528.82619048
K= 463
782.458542544
K= 464
6006.31027569
K= 465
135.828878849
K= 466
4525.94444444
K= 467
90.8181818184
K= 468
160.861956522
K= 469
89.7194444445
K= 470
47.2179812139
K= 471
142.364385706
K= 472
16.7875633134
K= 473
38.253354858
K= 474
89.4253968254
K= 475
5762.56830022
K= 476
5450.04669573
K= 477
503.456062214
K= 478
246.602912341
K= 479
633.903931177
K= 480
337.321902442
K= 481
152.361956522
K= 482
5414.24989577
K= 483
92.4335358189
K= 484
456.89115282
K= 485
8577.94927536
K= 486
5224.55838547
K= 487
1381.52070838
K= 488
8388.36030957
K= 489
6511.92043012
K= 490
8685.27777778
K= 491
4569.0
K= 492
4331.97457181
K= 493
60.7749999999
K= 494
73.7100529099
K= 495
99.3857142859
K= 496
4572.16666667
K= 497
101.020524797
K= 498
135.557197102
K= 499
160.861956522
K= 500
182.46031746
K= 501
4501.725
K= 502
51.8714395685
K= 503
4486.56145926
K= 504
107.851105812
K= 505
5753.70323793
K= 506
166.845743921
K= 507
131.563600292
K= 508
6230.1313364
K= 509
270.173916385
K= 510
5066.60367608
K= 511
238.773472408
K= 512
5372.34614571
K= 513
181.569264774
K= 514
110.31697995
K= 515
110.607654845
K= 516
333.79292839
K= 517
27.3231102228
K= 518
5707.56830022
K= 519
64.3903439156
K= 520
644.985248601
K= 521
77.6060606062
K= 522
5313.87538095
K= 523
325.872387743
K= 524
208.863690552
K= 525
5069.3971072
K= 526
5855.69874851
K= 527
84.0000000001
K= 528
5722.67335074
K= 529
268.674241671
K= 530
98.007875458
K= 531
5371.49316932
K= 532
5762.56830022
K= 533
126.993174603
K= 534
503.456062214
K= 535
4524.06666667
K= 536
89.9824561405
K= 537
85.4028711487
K= 538
5517.68906659
K= 539
336.963825913
K= 540
273.381274
K= 541
66.767857143
K= 542
118.2
K= 543
6246.39242882
K= 544
98.0756410257
K= 545
4612.50322581
K= 546
84.2277777777
K= 547
8648.0
K= 548
1346.54076223
K= 549
160.361956522
K= 550
49.6482896188
K= 551
2888.43169528
K= 552
6348.58047439
K= 553
8493.75527305
K= 554
143.315789474
K= 555
330.82400989
K= 556
112.513600292
K= 557
133.607159165
K= 558
5699.41292162
K= 559
4571.8
K= 560
122.550313283
K= 561
139.272108844
K= 562
5059.09147522
K= 563
6006.31027569
K= 564
1040.51814392
K= 565
147.596933625
K= 566
4331.97457181
K= 567
39.1196078431
K= 568
503.456062214
K= 569
369.218860204
K= 570
434.225936476
K= 571
5198.91777635
K= 572
139.674276327
K= 573
127.182417583
K= 574
300.749603507
K= 575
5395.12590076
K= 576
99.4545318945
K= 577
61.1428571428
K= 578
223.001427103
K= 579
228.408096349
K= 580
96.9830022746
K= 581
77.7362224272
K= 582
503.456062214
K= 583
380.509988905
K= 584
198.320634921
K= 585
278.504076927
K= 586
421.892926084
K= 587
8174.71913966
K= 588
100.274711403
K= 589
107.292182623
K= 590
157.828623189
K= 591
1556.22899244
K= 592
499.875429197
K= 593
6205.70493725
K= 594
4807.32720058
K= 595
141.244272969
K= 596
102.5
K= 597
354.537169103
K= 598
216.354879581
K= 599
150.496933625
K= 600
4518.7702381
K= 601
428.976600511
K= 602
331.120107678
K= 603
1141.47046698
K= 604
5109.1005417
K= 605
1087.68249211
K= 606
4564.85
K= 607
4331.97457181
K= 608
152.98193294
K= 609
121.783495537
K= 610
336.416095566
K= 611
4331.97457181
K= 612
285.122098761
K= 613
4521.94444444
K= 614
7681.15678317
K= 615
361.788647703
K= 616
4205.77860839
K= 617
39.7086422952
K= 618
67.7234487735
K= 619
6124.98214176
K= 620
65.3878652279
K= 621
141.031818182
K= 622
54.8503968255
K= 623
109.787865228
K= 624
6287.90841855
K= 625
775.996934499
K= 626
138.663600292
K= 627
292.988547998
K= 628
4215.95170533
K= 629
4205.77860839
K= 630
4576.91666667
K= 631
287.54545156
K= 632
306.751251068
K= 633
5372.34614571
K= 634
6277.52953819
K= 635
7212.64836195
K= 636
6566.18879308
K= 637
1124.56761049
K= 638
4922.08716612
K= 639
11220.8756503
K= 640
4387.94444444
K= 641
6067.90093174
K= 642
192.308441559
K= 643
12.8780499602
K= 644
5353.55838547
K= 645
353.58876998
K= 646
242.215180213
K= 647
5820.85728963
K= 648
6006.31027569
K= 649
4454.95213471
K= 650
7462.30133925
K= 651
53.5457511055
K= 652
1172.58241366
K= 653
266.754992291
K= 654
40.4218614722
K= 655
4331.97457181
K= 656
160.861956522
K= 657
321.855633789
K= 658
286.491288223
K= 659
8827.0
K= 660
5327.87393555
K= 661
334.139150452
K= 662
868.59739091
K= 663
1667.79573232
K= 664
8412.2110801
K= 665
5353.55838547
K= 666
69.6833333333
K= 667
86.1636002918
K= 668
4928.3971072
K= 669
68.0666666664
K= 670
117.907814408
K= 671
190.960874475
K= 672
4569.76470588
K= 673
32.3319444447
K= 674
126.067575836
K= 675
51.0033545626
K= 676
5469.36832931
K= 677
332.572502894
K= 678
228.985714286
K= 679
82.9666666669
K= 680
5450.04669573
K= 681
2562.836567
K= 682
102.08456812
K= 683
85.032758271
K= 684
4559.20430108
K= 685
150.496933625
K= 686
166.321922002
K= 687
263.905439185
K= 688
5986.98355279
K= 689
348.58876998
K= 690
4446.57142857
K= 691
6319.97330971
K= 692
41.5344345267
K= 693
4331.97457181
K= 694
92.8690476192
K= 695
125.053949776
K= 696
101.95392489
K= 697
506.358850866
K= 698
4331.97457181
K= 699
153.137249828
K= 700
6163.40497879
K= 701
4322.57142857
K= 702
23.7172824037
K= 703
66.4175562628
K= 704
4524.06666667
K= 705
160.111956522
K= 706
8648.0
K= 707
4331.97457181
K= 708
130.496933625
K= 709
256.5123708
K= 710
8827.0
K= 711
103.90952381
K= 712
362.797587765
K= 713
347.862114946
K= 714
4575.87878788
K= 715
8652.91780822
K= 716
186.718610146
K= 717
6110.17392106
K= 718
3846.53661153
K= 719
264.876931127
K= 720
20.5958511569
K= 721
235.194288494
K= 722
82.8238951652
K= 723
5807.72679583
K= 724
105.956326081
K= 725
41.0878648232
K= 726
7639.16271605
K= 727
261.127200583
K= 728
5489.92024229
K= 729
306.751251068
K= 730
90.5738095238
K= 731
5837.45389784
K= 732
5358.95619875
K= 733
150.496933625
K= 734
33.4501183999
K= 735
4493.12374275
K= 736
961.115682058
K= 737
5845.97919333
K= 738
122.550313283
K= 739
202.22303675
K= 740
6157.47719594
K= 741
101.816666667
K= 742
3366.9704986
K= 743
33.4443561161
K= 744
2568.1929057
K= 745
4549.41666667
K= 746
114.206250834
K= 747
160.861956522
K= 748
7174.6991216
K= 749
132.671428571
K= 750
41.7805555556
K= 751
62.435494469
K= 752
674.18395307
K= 753
5391.83412587
K= 754
2955.14956132
K= 755
87.3928571428
K= 756
188.917897588
K= 757
767.091090414
K= 758
137.092894172
K= 759
77.6691617119
K= 760
128.677080684
K= 761
457.263470784
K= 762
4600.0
K= 763
8827.0
K= 764
8663.0
K= 765
94.9322269089
K= 766
360.783029674
K= 767
160.861956522
K= 768
350.862114946
K= 769
190.012519741
K= 770
5737.47534562
K= 771
950.190696387
K= 772
300.833898827
K= 773
284.797587765
K= 774
135.926603819
K= 775
450.605286778
K= 776
118.259821429
K= 777
1118.45630163
K= 778
5463.05630788
K= 779
170.414271723
K= 780
257.813247909
K= 781
452.083995497
K= 782
5040.2114467
K= 783
23.7939198229
K= 784
6396.72889164
K= 785
5707.56830022
K= 786
149.710452012
K= 787
296.006926407
K= 788
125.840015145
K= 789
53.8933063933
K= 790
64.6114532357
K= 791
6424.93405782
K= 792
468.763755051
K= 793
333.79292839
K= 794
30.352474323
K= 795
91.0000000001
K= 796
991.772621385
K= 797
2688.74878692
K= 798
8433.73498965
K= 799
285.490246235
K= 800
4446.48120301
K= 801
4464.57142857
K= 802
4514.01666667
K= 803
86.3089285715
K= 804
360.516964891
K= 805
99.792857143
K= 806
36.8421423669
K= 807
97.1253663003
K= 808
222.698826041
K= 809
41.4285714284
K= 810
6124.98214176
K= 811
332.626425035
K= 812
73.3910714285
K= 813
7701.22242301
K= 814
150.496933625
K= 815
4464.57142857
K= 816
406.447443645
K= 817
4331.97457181
K= 818
390.305765044
K= 819
238.743279071
K= 820
2404.16360029
K= 821
103.163600292
K= 822
8827.0
K= 823
310.849737951
K= 824
5236.7533634
K= 825
35.7369408369
K= 826
352.390834844
K= 827
8114.96589688
K= 828
98.2358667621
K= 829
222.907455614
K= 830
55.0954824486
K= 831
131.563600292
K= 832
82.1492709906
K= 833
68.0166666671
K= 834
51.4833333333
K= 835
113.528623189
K= 836
1015.82601998
K= 837
64.3386198991
K= 838
57.0824400957
K= 839
84.0871821498
K= 840
6661.1929057
K= 841
295.681094782
K= 842
5132.55838547
K= 843
63.8716557439
K= 844
552.074071956
K= 845
503.456062214
K= 846
33.1257908755
K= 847
873.839690511
K= 848
138.663600292
K= 849
335.228457298
K= 850
312.449175395
K= 851
300.566587428
K= 852
79.8500000002
K= 853
5094.92451723
K= 854
443.165618533
K= 855
6908.64607536
K= 856
67.1428571428
K= 857
72.5833333335
K= 858
103.438021896
K= 859
94.8571428572
K= 860
84.9880952383
K= 861
411.895000435
K= 862
8508.66360029
K= 863
115.805863887
K= 864
292.749569351
K= 865
90.3347338936
K= 866
4572.0
K= 867
4444.252151
K= 868
6006.31027569
K= 869
4557.5
K= 870
5224.55838547
K= 871
1191.05390045
K= 872
140.785662526
K= 873
79.5607142856
K= 874
306.751251068
K= 875
160.861956522
K= 876
254.823998942
K= 877
6680.42496657
K= 878
5224.55838547
K= 879
6249.94010647
K= 880
138.704910781
K= 881
176.054249829
K= 882
63.7730407356
K= 883
503.456062214
K= 884
4524.06666667
K= 885
226.238805704
K= 886
4571.91666667
K= 887
502.606062214
K= 888
361.797587765
K= 889
52.1807321336
K= 890
35.2199920568
K= 891
336.527772054
K= 892
37.9692852898
K= 893
306.408049033
K= 894
91.0
K= 895
5817.3276148
K= 896
127.407895637
K= 897
5285.69763313
K= 898
4554.82608696
K= 899
110.111956522
K= 900
128.096854703
K= 901
267.196785135
K= 902
4464.57142857
K= 903
4331.97457181
K= 904
120.512519741
K= 905
622.473434711
K= 906
162.400565175
K= 907
26.4423382283
K= 908
292.42833229
K= 909
5952.29427101
K= 910
25.191774892
K= 911
222.698826041
K= 912
150.496933625
K= 913
214.994527141
K= 914
4414.83333333
K= 915
335.25204548
K= 916
8663.0
K= 917
5844.00245234
K= 918
4524.06666667
K= 919
150.496933625
K= 920
82.0471861472
K= 921
5710.34471859
K= 922
8663.0
K= 923
138.663600292
K= 924
5961.4786159
K= 925
67.0440476191
K= 926
252.583440194
K= 927
1035.41110273
K= 928
245.418542846
K= 929
160.861956522
K= 930
46.8547619049
K= 931
70.7700558215
K= 932
48.5271164023
K= 933
75.8440168424
K= 934
153.594505494
K= 935
67.6255411255
K= 936
8663.0
K= 937
30.1898228027
K= 938
4572.0
K= 939
4516.91666667
K= 940
8635.23173073
K= 941
160.861956522
K= 942
6473.60281231
K= 943
198.32496741
K= 944
6296.89384584
K= 945
76.6253132833
K= 946
151.111956522
K= 947
88.7631234034
K= 948
6642.64151694
K= 949
4387.94444444
K= 950
93.5690476192
K= 951
78.554207878
K= 952
459.017467584
K= 953
335.01290408
K= 954
4331.97457181
K= 955
5457.70992849
K= 956
301.151920312
K= 957
937.330197892
K= 958
55.3095238097
K= 959
142.658279629
K= 960
191.512519741
K= 961
7217.53458129
K= 962
150.496933625
K= 963
265.209032724
K= 964
5788.17906413
K= 965
8433.73498965
K= 966
330.625915889
K= 967
360.480243921
K= 968
322.700596873
K= 969
263.422953937
K= 970
103.452969132
K= 971
233.4478147
K= 972
5224.55838547
K= 973
411.556718132
K= 974
4387.94444444
K= 975
5079.67586022
K= 976
193.757165417
K= 977
101.216821453
K= 978
2404.66360029
K= 979
209.226885709
K= 980
4464.57142857
K= 981
5353.55838547
K= 982
269.825808913
K= 983
8827.0
K= 984
34.5198717949
K= 985
1213.32680805
K= 986
195.477460381
K= 987
1326.80249596
K= 988
250.137714599
K= 989
349.714158366
K= 990
4566.62318841
K= 991
24.7385611036
K= 992
8663.0
K= 993
24.5058580309
K= 994
69.4916666667
K= 995
96.8240427006
K= 996
286.712301945
K= 997
131.54977224
K= 998
1114.9520048
K= 999
147.596933625
K= 1000
4331.97457181
K= 1001
820.709733854
K= 1002
8272.69911342
K= 1003
80.0333333333
K= 1004
79.7595238095
K= 1005
152.311956522
K= 1006
233.473803649
K= 1007
441.565922458
K= 1008
33.8695685985
K= 1009
8827.0
K= 1010
1521.65969265
K= 1011
83.1159090908
K= 1012
1348.16590066
K= 1013
4331.97457181
K= 1014
85.5264481454
K= 1015
8652.66334851
K= 1016
316.142588776
K= 1017
4566.0
K= 1018
503.456062214
K= 1019
4387.94444444
K= 1020
4529.94444444
K= 1021
4331.97457181
K= 1022
5753.70323793
K= 1023
4829.60157628
K= 1024
68.3250000001
K= 1025
186.326294523
K= 1026
4512.48730159
K= 1027
6094.322125
K= 1028
1039.16993064
K= 1029
8827.0
K= 1030
130.304370899
K= 1031
7238.05533455
K= 1032
100.876190476
K= 1033
358.184087584
K= 1034
47.0116402116
K= 1035
1131.74489704
K= 1036
75.6940476194
K= 1037
149.021666667
K= 1038
399.202808444
K= 1039
8.7007868276
K= 1040
20.5619294924
K= 1041
8648.0
K= 1042
43.4868669726
K= 1043
4618.90697674
K= 1044
8824.9537481
K= 1045
267.210533917
K= 1046
4331.97457181
K= 1047
101.335365927
K= 1048
291.235036939
K= 1049
427.196016932
K= 1050
4205.77860839
K= 1051
143.450970696
K= 1052
794.663949106
K= 1053
132.181186807
K= 1054
494.489725456
K= 1055
4509.20430108
K= 1056
4461.57142857
K= 1057
223.29276967
K= 1058
339.17570167
K= 1059
98.3983516482
K= 1060
74.4672135324
K= 1061
101.276631612
K= 1062
93.708994709
K= 1063
206.969143132
K= 1064
97.9855779593
K= 1065
1217.37107594
K= 1066
430.19662257
K= 1067
362.369779778
K= 1068
70.5877039627
K= 1069
4442.57142857
K= 1070
57.3842393717
K= 1071
6557.32893097
K= 1072
2299.48901465
K= 1073
126.075258206
K= 1074
4510.3952521
K= 1075
5624.14827014
K= 1076
94.7536863356
K= 1077
160.861956522
K= 1078
190.99883299
K= 1079
5190.39579857
K= 1080
149.021666667
K= 1081
51.6858716474
K= 1082
218.596088916
K= 1083
308.718817664
K= 1084
6006.31027569
K= 1085
319.57248863
K= 1086
5888.10532639
K= 1087
6006.31027569
K= 1088
339.325886817
K= 1089
1830.85359362
K= 1090
5788.21490872
K= 1091
223.409537319
K= 1092
301.52920006
K= 1093
8827.0
K= 1094
114.582520557
K= 1095
305.15382247
K= 1096
6438.99167531
K= 1097
503.456062214
K= 1098
605.23242952
K= 1099
8827.0
K= 1100
52.2465949819
K= 1101
4351.94444444
K= 1102
4464.57142857
K= 1103
7833.58744119
K= 1104
170.689760558
K= 1105
6337.87585927
K= 1106
69.8357142856
K= 1107
8649.0
K= 1108
8827.0
K= 1109
7251.11952116
K= 1110
24.2133541295
K= 1111
5010.78803752
K= 1112
6006.31027569
K= 1113
1183.70782346
K= 1114
160.695289855
K= 1115
49.542079631
K= 1116
7703.88908967
K= 1117
89.1298879683
K= 1118
45.6775793652
K= 1119
4458.94444444
K= 1120
1355.97231357
K= 1121
8240.2282249
K= 1122
1590.78656961
K= 1123
5992.7450111
K= 1124
306.751251068
K= 1125
5389.01402979
K= 1126
26.3556133063
K= 1127
177.866378642
K= 1128
4980.76762176
K= 1129
160.861956522
K= 1130
8660.97101449
K= 1131
412.060265021
K= 1132
103.095553566
K= 1133
152.361956522
K= 1134
5353.55838547
K= 1135
101.012637363
K= 1136
4331.97457181
K= 1137
131.431746032
K= 1138
4541.65931453
K= 1139
160.861956522
K= 1140
42.4357045731
K= 1141
4261.82608696
K= 1142
4205.77860839
K= 1143
192.609519642
K= 1144
4801.60900984
K= 1145
150.496933625
K= 1146
8590.92857143
K= 1147
21.5833333331
K= 1148
8827.0
K= 1149
5353.55838547
K= 1150
22.5436142739
K= 1151
6366.58979257
K= 1152
312.2918388
K= 1153
8827.0
K= 1154
146.549191252
K= 1155
38.8547619047
K= 1156
258.863353671
K= 1157
4578.96392496
K= 1158
122.080128191
K= 1159
4331.97457181
K= 1160
4572.05555556
K= 1161
285.550097321
K= 1162
5581.62026264
K= 1163
371.053509328
K= 1164
4286.94444444
K= 1165
8827.0
K= 1166
261.7857171
K= 1167
4499.86686924
K= 1168
107.305146482
K= 1169
4375.85714286
K= 1170
84.5456339958
K= 1171
160.861956522
K= 1172
4682.31150709
K= 1173
5415.3100058
K= 1174
279.082762232
K= 1175
5954.62728768
K= 1176
307.00377201
K= 1177
8827.0
K= 1178
130.221428572
K= 1179
128.051515152
K= 1180
36.6830147626
K= 1181
5343.29405951
K= 1182
162.727546293
K= 1183
56.7749999999
K= 1184
46.1761904763
K= 1185
4572.91071429
K= 1186
244.3325308
K= 1187
25.8734680954
K= 1188
639.617306048
K= 1189
5223.55838547
K= 1190
170.578286652
K= 1191
150.496933625
K= 1192
5210.36987806
K= 1193
4498.87096774
K= 1194
5245.16421402
K= 1195
1493.61404372
K= 1196
8827.0
K= 1197
113.528623189
K= 1198
326.917420917
K= 1199
18.2852596808
K= 1200
353.58876998
Betweenness Centrality Improvement
[ 49.00952381  85.05386641  49.05079365 ...,   0.           0.           0.        ]
Top 20 BC Improvement
[ 639  389  435 1153  111  822 1165  983 1196  332  370  394 1148  409  413
  659  155  450  456 1009]
