txValue= 100
IGRAPH D--- 4619 68733 -- 
+ attr: pub_key (v), base_fee (e), capacity (e), fee_rate (e), txCost (e)
None
IGRAPH D--- 4619 68733 -- 
+ attr: pub_key (v), base_fee (e), capacity (e), fee_rate (e), txCost (e)
None
Our nodes starting connections: 
(4618, 2796)
(4618, 1223)
(4618, 498)
(4618, 3265)
(4618, 3884)
(4618, 2836)
(4618, 2032)
(4618, 4051)
K= 2400
4574.2
K= 2401
4583.33333333
K= 2402
5694.20365833
K= 2403
170.081616589
K= 2404
8839.0
K= 2405
104.64225633
K= 2406
319.393379993
K= 2407
310.947373075
K= 2408
4306.37529766
K= 2409
155.966943457
K= 2410
100.814250907
K= 2411
315.510488767
K= 2412
48.2949530864
K= 2413
5377.77807694
K= 2414
115.993768052
K= 2415
8544.82849614
K= 2416
162.773194618
K= 2417
364.705480229
K= 2418
14361.3096224
K= 2419
4543.56677041
K= 2420
95.3958677844
K= 2421
293.466636691
K= 2422
4914.49484462
K= 2423
8538.43286321
K= 2424
4311.83428932
K= 2425
140.355549559
K= 2426
7680.66002205
K= 2427
4478.56677041
K= 2428
8682.51869873
K= 2429
171.305266958
K= 2430
353.937717938
K= 2431
697.073836608
K= 2432
104.581931581
K= 2433
116.792652414
K= 2434
3743.79861245
K= 2435
640.786876437
K= 2436
5960.49477754
K= 2437
4301.03862118
K= 2438
90.9849528385
K= 2439
4530.16335849
K= 2440
382.780553187
K= 2441
12832.8287678
K= 2442
320.376908666
K= 2443
143.887735467
K= 2444
93.4416702548
K= 2445
4631.97884492
K= 2446
188.510572707
K= 2447
386.269693397
K= 2448
7341.12730056
K= 2449
98.3103781776
K= 2450
4539.93361331
K= 2451
7881.79027224
K= 2452
113.851982859
K= 2453
316.909677098
K= 2454
154.74475822
K= 2455
4311.83428932
K= 2456
8839.0
K= 2457
270.738705413
K= 2458
96.0748396792
K= 2459
202.396829837
K= 2460
62.2864081203
K= 2461
2650.26185387
K= 2462
2056.99412404
K= 2463
243.457658644
K= 2464
8839.0
K= 2465
5488.60279074
K= 2466
228.073916385
K= 2467
2420.97193363
K= 2468
126.552082327
K= 2469
140.01565012
K= 2470
6057.59017182
K= 2471
4376.03242653
K= 2472
272.671954505
K= 2473
329.533897029
K= 2474
269.679346665
K= 2475
114.13824088
K= 2476
75.3614695955
K= 2477
543.201946331
K= 2478
127.359958568
K= 2479
371.003486675
K= 2480
640.952641113
K= 2481
344.13580961
K= 2482
5560.25228847
K= 2483
523.567966976
K= 2484
5196.40420434
K= 2485
99.6954446661
K= 2486
8839.0
K= 2487
232.184552451
K= 2488
89.1646522371
K= 2489
367.552854823
K= 2490
148.130592029
K= 2491
5316.89685888
K= 2492
123.506724018
K= 2493
205.458121548
K= 2494
4614.0
K= 2495
191.665031309
K= 2496
3241.15908417
K= 2497
523.139395547
K= 2498
4311.83428932
K= 2499
112.409173918
K= 2500
174.028623188
K= 2501
176.531163295
K= 2502
4397.86111111
K= 2503
115.928466891
K= 2504
131.075705416
K= 2505
523.139395547
K= 2506
86.850012962
K= 2507
152.982482993
K= 2508
120.355774756
K= 2509
6208.8845115
K= 2510
88.982583228
K= 2511
174.176009093
K= 2512
496.866455584
K= 2513
5035.86277501
K= 2514
4202.93214769
K= 2515
4546.75677495
K= 2516
256.50150419
K= 2517
188.38113549
K= 2518
107.949609463
K= 2519
133.357814408
K= 2520
213.250339686
K= 2521
114.391133368
K= 2522
59.9356616733
K= 2523
341.591333033
K= 2524
283.105553728
K= 2525
127.636250118
K= 2526
5406.21558983
K= 2527
122.407679497
K= 2528
102.152812194
K= 2529
7105.29386751
K= 2530
5592.65792935
K= 2531
125.901839591
K= 2532
180.605349659
K= 2533
7723.25157513
K= 2534
84.803269212
K= 2535
5296.6885777
K= 2536
4185.0281563
K= 2537
171.805266958
K= 2538
4583.95
K= 2539
301.298916385
K= 2540
142.461941877
K= 2541
146.865225975
K= 2542
4683.41619053
K= 2543
458.526840067
K= 2544
8558.94927536
K= 2545
6080.51432963
K= 2546
4147.40648039
K= 2547
5989.74551493
K= 2548
292.354759046
K= 2549
6096.98644807
K= 2550
8839.0
K= 2551
4311.83428932
K= 2552
365.521951422
K= 2553
144.167761379
K= 2554
1674.15986417
K= 2555
293.247628269
K= 2556
558.803434
K= 2557
414.282700139
K= 2558
874.946568891
K= 2559
559.222873449
K= 2560
137.189338443
K= 2561
57.2070529617
K= 2562
177.355372384
K= 2563
115.917823665
K= 2564
147.042719498
K= 2565
17678.0
K= 2566
141.714702134
K= 2567
4585.85
K= 2568
165.07167786
K= 2569
149.592832686
K= 2570
5313.77389237
K= 2571
226.25392676
K= 2572
4609.23478515
K= 2573
8649.0
K= 2574
137.481044437
K= 2575
214.91854172
K= 2576
367.335055589
K= 2577
5022.84391045
K= 2578
8839.0
K= 2579
8796.83428932
K= 2580
4581.375
K= 2581
168.299219011
K= 2582
122.94720108
K= 2583
3053.29979383
K= 2584
111.685946657
K= 2585
162.680608148
K= 2586
8828.5
K= 2587
4476.53296703
K= 2588
149.738565152
K= 2589
124.422437877
K= 2590
115.704108918
K= 2591
486.229083422
K= 2592
324.972082329
K= 2593
86.897485031
K= 2594
180.900418059
K= 2595
292.730369314
K= 2596
5316.89685888
K= 2597
238.35681071
K= 2598
171.805266958
K= 2599
4429.70430108
K= 2600
1550.35186642
K= 2601
220.325033218
K= 2602
3480.12279679
K= 2603
6363.69106013
K= 2604
927.35355184
K= 2605
1066.71872543
K= 2606
137.471410143
K= 2607
4311.83428932
K= 2608
491.589860774
K= 2609
4573.18296542
K= 2610
394.108530957
K= 2611
356.619153579
K= 2612
150.196571384
K= 2613
644.339258098
K= 2614
356.064055128
K= 2615
5327.93463619
K= 2616
131.091166835
K= 2617
5560.25228847
K= 2618
819.338291933
K= 2619
8839.0
K= 2620
364.846298154
K= 2621
178.810758514
K= 2622
70.8151304914
K= 2623
211.439259996
K= 2624
101.117087743
K= 2625
6719.30486163
K= 2626
4591.02592593
K= 2627
8128.29146203
K= 2628
159.476712071
K= 2629
164.363807467
K= 2630
5099.49584273
K= 2631
4570.14141526
K= 2632
573.522108014
K= 2633
8839.0
K= 2634
6719.30486163
K= 2635
4615.66304348
K= 2636
5739.62744223
K= 2637
387.99116401
K= 2638
132.262527741
K= 2639
5316.89685888
K= 2640
523.139395547
K= 2641
4311.83428932
K= 2642
390.106824712
K= 2643
408.134372648
K= 2644
4189.95968347
K= 2645
186.092142444
K= 2646
85.3772866047
K= 2647
4472.93296703
K= 2648
128.59151201
K= 2649
364.575026209
K= 2650
6319.19717759
K= 2651
1072.26917241
K= 2652
4646.25435519
K= 2653
270.282066585
K= 2654
276.300557643
K= 2655
127.023414392
K= 2656
4569.1875
K= 2657
150.612051428
K= 2658
86.4567419663
K= 2659
5211.96133762
K= 2660
378.955436647
K= 2661
527.536799805
K= 2662
5316.89685888
K= 2663
158.740509806
K= 2664
445.025891506
K= 2665
5516.43968939
K= 2666
489.675995914
K= 2667
340.25069897
K= 2668
83.7404077777
K= 2669
228.993525268
K= 2670
137.725909975
K= 2671
104.478954433
K= 2672
8839.0
K= 2673
5489.03097623
K= 2674
323.325254948
K= 2675
308.716212214
K= 2676
331.836961086
K= 2677
144.252041001
K= 2678
5316.89685888
K= 2679
118.471335324
K= 2680
385.868611393
K= 2681
496.125995914
K= 2682
3722.58495341
K= 2683
4311.83428932
K= 2684
4311.83428932
K= 2685
522.822531392
K= 2686
8558.94927536
K= 2687
4311.83428932
K= 2688
265.123969247
K= 2689
5489.03097623
K= 2690
1075.59194184
K= 2691
8636.04285714
K= 2692
4524.07096774
K= 2693
825.102900075
K= 2694
5983.05497982
K= 2695
5304.7929754
K= 2696
203.852451477
K= 2697
950.620058801
K= 2698
280.964191921
K= 2699
134.576770423
K= 2700
132.04928541
K= 2701
5909.89952985
K= 2702
77.0427605039
K= 2703
239.324674288
K= 2704
8495.03229523
K= 2705
123.374601482
K= 2706
126.428047086
K= 2707
4293.10989011
K= 2708
5230.78251682
K= 2709
55.0619047617
K= 2710
655.432553595
K= 2711
4541.99444444
K= 2712
656.063365268
K= 2713
117.712390724
K= 2714
96.0552696289
K= 2715
163.246569155
K= 2716
6204.55467454
K= 2717
4585.03296703
K= 2718
212.315322378
K= 2719
87.4155728214
K= 2720
5316.89685888
K= 2721
295.8597273
K= 2722
504.176830503
K= 2723
381.263528956
K= 2724
8558.94927536
K= 2725
363.189145342
K= 2726
330.351585013
K= 2727
4568.35
K= 2728
458.383992173
K= 2729
336.68005559
K= 2730
315.415556304
K= 2731
5497.68726835
K= 2732
5227.22934401
K= 2733
443.809077912
K= 2734
6237.55467454
K= 2735
972.896073265
K= 2736
363.944967596
K= 2737
4533.02179487
K= 2738
979.206865383
K= 2739
109.38014024
K= 2740
171.305266958
K= 2741
272.046160656
K= 2742
159.426880701
K= 2743
176.361956522
K= 2744
254.037286723
K= 2745
302.258291848
K= 2746
4311.83428932
K= 2747
154.626373626
K= 2748
5489.03097623
K= 2749
6313.90357666
K= 2750
303.33505296
K= 2751
523.139395547
K= 2752
130.998364642
K= 2753
87.6443616354
K= 2754
8612.5254902
K= 2755
1487.83043316
K= 2756
5594.91307619
K= 2757
135.052304372
K= 2758
211.060532638
K= 2759
8839.0
K= 2760
497.980091947
K= 2761
148.428685859
K= 2762
5458.69331534
K= 2763
647.532832224
K= 2764
4510.1019708
K= 2765
83.7037762738
K= 2766
215.496208057
K= 2767
5472.16772847
K= 2768
106.824643796
K= 2769
6707.44066799
K= 2770
8530.47249408
K= 2771
4438.55737586
K= 2772
83.2763572375
K= 2773
436.846802974
K= 2774
153.581529129
K= 2775
8839.0
K= 2776
444.572040931
K= 2777
438.90600935
K= 2778
6628.18916964
K= 2779
4431.3
K= 2780
307.29472797
K= 2781
309.887559863
K= 2782
180.082847566
K= 2783
147.551753927
K= 2784
4571.50254011
K= 2785
366.341431941
K= 2786
475.590748547
K= 2787
8828.0
K= 2788
119.119828447
K= 2789
234.06502514
K= 2790
171.031226731
K= 2791
8640.42105263
K= 2792
1306.78188275
K= 2793
160.767265007
K= 2794
130.964942423
K= 2795
167.213898659
K= 2796
1211.23657675
K= 2797
125.797663193
K= 2798
88.5521963104
K= 2799
227.062354781
K= 2800
128.044947596
K= 2801
7472.36473712
K= 2802
8446.34054066
K= 2803
107.655425398
K= 2804
4311.83428932
K= 2805
78.2232864748
K= 2806
4528.48333333
K= 2807
175.427399325
K= 2808
94.8858734402
K= 2809
284.886904157
K= 2810
5845.73222697
K= 2811
296.623069072
K= 2812
465.915452279
K= 2813
230.517320039
K= 2814
4572.00831954
K= 2815
4311.83428932
K= 2816
104.478699809
K= 2817
148.172366526
K= 2818
8654.63230468
K= 2819
1057.68828844
K= 2820
5038.58609196
K= 2821
4383.67278592
K= 2822
392.68669305
K= 2823
4570.62948523
K= 2824
346.406118832
K= 2825
456.019363611
K= 2826
182.906989936
K= 2827
8399.93538647
K= 2828
87.7565309301
K= 2829
84.9226104096
K= 2830
5316.89685888
K= 2831
4311.83428932
K= 2832
444.876259417
K= 2833
4517.38853963
K= 2834
4546.82659471
K= 2835
8839.0
K= 2836
1027.71861351
K= 2837
927.68146497
K= 2838
6719.30486163
K= 2839
5798.97834765
K= 2840
4530.7179177
K= 2841
6297.58104469
K= 2842
2372.82838136
K= 2843
171.391140399
K= 2844
115.34453428
K= 2845
304.50959275
K= 2846
147.533043024
K= 2847
83.4588771896
K= 2848
233.883218841
K= 2849
263.158279668
K= 2850
76.9162892615
K= 2851
337.499618845
K= 2852
922.874151831
K= 2853
8640.42105263
K= 2854
114.145405716
K= 2855
4448.65148893
K= 2856
116.897419136
K= 2857
95.104340604
K= 2858
5798.97834765
K= 2859
76.1374669626
K= 2860
992.209507345
K= 2861
183.590575259
K= 2862
4524.27312588
K= 2863
8189.21834998
K= 2864
146.015143189
K= 2865
7979.40024269
K= 2866
366.089987384
K= 2867
112.061111111
K= 2868
949.643241642
K= 2869
148.313100492
K= 2870
467.704475143
K= 2871
992.135125529
K= 2872
5458.69331534
K= 2873
1264.09490035
K= 2874
330.351585013
K= 2875
339.681259141
K= 2876
523.139395547
K= 2877
53.4833333332
K= 2878
187.365031309
K= 2879
183.568323837
K= 2880
1032.43081721
K= 2881
5416.65011635
K= 2882
355.57093824
K= 2883
7430.31058474
K= 2884
146.301052832
K= 2885
149.119208869
K= 2886
185.624715323
K= 2887
154.948779001
K= 2888
149.926177988
K= 2889
142.574632974
K= 2890
66.9308092418
K= 2891
119.14633616
K= 2892
172.31657131
K= 2893
180.357682354
K= 2894
4311.83428932
K= 2895
177.449530813
K= 2896
16805.6990896
K= 2897
387.145206812
K= 2898
370.406959536
K= 2899
426.991176836
K= 2900
166.101503759
K= 2901
8634.0
K= 2902
4580.96113445
K= 2903
330.351585013
K= 2904
176.861956522
K= 2905
4185.0281563
K= 2906
385.868611393
K= 2907
3357.10004109
K= 2908
277.728557089
K= 2909
4528.53096774
K= 2910
516.031807724
K= 2911
452.767882312
K= 2912
271.701206994
K= 2913
75.6156647101
K= 2914
5316.89685888
K= 2915
5845.73222697
K= 2916
273.986111811
K= 2917
166.877379057
K= 2918
5925.71043828
K= 2919
113.841479836
K= 2920
523.567966976
K= 2921
8839.0
K= 2922
974.939140492
K= 2923
176.361956522
K= 2924
283.256143075
K= 2925
269.721325966
K= 2926
249.958519264
K= 2927
4575.0
K= 2928
249.086553369
K= 2929
275.171069477
K= 2930
273.170144947
K= 2931
433.749487407
K= 2932
519.639395547
K= 2933
5489.03097623
K= 2934
245.98357993
K= 2935
837.913533638
K= 2936
171.945630924
K= 2937
114.941570185
K= 2938
784.748702394
K= 2939
112.194625296
K= 2940
96.9640933203
K= 2941
369.86460027
K= 2942
333.49113989
K= 2943
130.714374485
K= 2944
94.9442756213
K= 2945
5364.00690889
K= 2946
385.868611393
K= 2947
5331.00366943
K= 2948
312.169552769
K= 2949
188.551394945
K= 2950
4452.83428932
K= 2951
619.546979268
K= 2952
318.004593345
K= 2953
496.866455584
K= 2954
5446.91546608
K= 2955
131.082564755
K= 2956
4311.83428932
K= 2957
5088.1230202
K= 2958
365.521951422
K= 2959
132.866009709
K= 2960
5697.02397999
K= 2961
7494.95954975
K= 2962
176.361956522
K= 2963
4568.72193363
K= 2964
346.17067496
K= 2965
65.9321440517
K= 2966
8593.87879273
K= 2967
349.543610013
K= 2968
415.73698357
K= 2969
1615.66463059
K= 2970
277.328557089
K= 2971
5299.85160616
K= 2972
4311.83428932
K= 2973
90.4777322027
K= 2974
76.9941158086
K= 2975
206.294063821
K= 2976
393.316752952
K= 2977
486.919566858
K= 2978
4441.25416174
K= 2979
176.361956522
K= 2980
66.3303800152
K= 2981
4427.65784314
K= 2982
87.5633617213
K= 2983
368.747524972
K= 2984
86.1905796952
K= 2985
4398.39444444
K= 2986
107.573885418
K= 2987
4193.95968347
K= 2988
5453.02185888
K= 2989
5316.89685888
K= 2990
129.824358974
K= 2991
4311.83428932
K= 2992
173.964283272
K= 2993
329.256686584
K= 2994
212.725681037
K= 2995
4559.06933768
K= 2996
118.135146789
K= 2997
163.500707696
K= 2998
5105.98175308
K= 2999
4528.37568372
K= 3000
145.530951262
K= 3001
4041.58794921
K= 3002
96.9346273049
K= 3003
81.6625485441
K= 3004
6472.70553007
K= 3005
335.142368337
K= 3006
334.422369585
K= 3007
5316.89685888
K= 3008
203.815873329
K= 3009
317.234739403
K= 3010
5909.73222697
K= 3011
1237.5121882
K= 3012
5628.12855711
K= 3013
84.9596172041
K= 3014
181.763969563
K= 3015
5592.65792935
K= 3016
386.956434397
K= 3017
103.712716124
K= 3018
133.972670512
K= 3019
8405.34954479
K= 3020
4554.39302346
K= 3021
5784.97792354
K= 3022
144.036336396
K= 3023
6776.9845015
K= 3024
1235.00178364
K= 3025
189.595159207
K= 3026
167.699052641
K= 3027
5397.36277938
K= 3028
71.4700367338
K= 3029
4382.33428932
K= 3030
4546.89913323
K= 3031
387.50186595
K= 3032
114.373700711
K= 3033
130.248454487
K= 3034
411.393852458
K= 3035
274.409562035
K= 3036
328.294167703
K= 3037
8839.0
K= 3038
1108.97040308
K= 3039
140.244295031
K= 3040
323.991288257
K= 3041
5316.89685888
K= 3042
5354.23687634
K= 3043
5316.89685888
K= 3044
8412.66356108
K= 3045
90.2463314511
K= 3046
418.99252354
K= 3047
150.173294075
K= 3048
4530.66818096
K= 3049
90.9332150269
K= 3050
310.872598719
K= 3051
87.3087825212
K= 3052
65.7408596836
K= 3053
3228.47209932
K= 3054
543.439441069
K= 3055
387.374593223
K= 3056
176.361956522
K= 3057
4311.83428932
K= 3058
2082.43417378
K= 3059
94.8833333332
K= 3060
523.139395547
K= 3061
6075.65852365
K= 3062
271.960285496
K= 3063
6143.98464611
K= 3064
277.328557089
K= 3065
4311.83428932
K= 3066
4572.70430108
K= 3067
72.1827828604
K= 3068
103.601875929
K= 3069
146.351731605
K= 3070
5472.16772847
K= 3071
313.251234149
K= 3072
8640.42105263
K= 3073
8839.0
K= 3074
8839.0
K= 3075
74.9934619784
K= 3076
84.4627912169
K= 3077
145.781941469
K= 3078
972.896073265
K= 3079
6204.55467454
K= 3080
69.7785732524
K= 3081
156.414985014
K= 3082
125.393275362
K= 3083
7074.83679154
K= 3084
4311.83428932
K= 3085
105.589218234
K= 3086
79.4530583785
K= 3087
232.462180985
K= 3088
4536.26347357
K= 3089
389.482032798
K= 3090
644.646782107
K= 3091
6204.55467454
K= 3092
4541.99444444
K= 3093
132.366320821
K= 3094
171.305266958
K= 3095
249.641638964
K= 3096
104.893589383
K= 3097
149.780034762
K= 3098
176.361956522
K= 3099
212.162141905
K= 3100
95.8880104009
K= 3101
213.98966405
K= 3102
260.526015161
K= 3103
5504.54646636
K= 3104
100.714216181
K= 3105
176.361956522
K= 3106
168.280458008
K= 3107
4559.17993512
K= 3108
4583.9375
K= 3109
54.5081111562
K= 3110
6630.17397537
K= 3111
8839.0
K= 3112
4311.83428932
K= 3113
4288.32580206
K= 3114
202.6771679
K= 3115
179.257154134
K= 3116
103.983165748
K= 3117
156.80206183
K= 3118
0.0
K= 3119
109.68014024
K= 3120
453.157104321
K= 3121
4157.09237117
K= 3122
94.3246395622
K= 3123
333.242166413
K= 3124
1.16415321827e-10
K= 3125
4589.0625
K= 3126
1372.50419048
K= 3127
95.0667490797
K= 3128
4542.32391397
K= 3129
182.45998864
K= 3130
5472.16772847
K= 3131
105.847152899
K= 3132
595.03009425
K= 3133
211.418902001
K= 3134
171.91916473
K= 3135
118.550005553
K= 3136
137.65057277
K= 3137
353.650223318
K= 3138
4436.53296703
K= 3139
360.558735064
K= 3140
8631.47193363
K= 3141
187.165031309
K= 3142
106.992997995
K= 3143
4903.65019749
K= 3144
100.111408563
K= 3145
135.55885387
K= 3146
171.305266958
K= 3147
4311.83428932
K= 3148
206.186012926
K= 3149
804.169065503
K= 3150
78.3148050432
K= 3151
6629.33168324
K= 3152
170.484386165
K= 3153
297.823302494
K= 3154
4478.03296703
K= 3155
8649.0
K= 3156
176.969799659
K= 3157
3911.56847559
K= 3158
179.337446718
K= 3159
1406.15718432
K= 3160
337.848639467
K= 3161
1117.74479373
K= 3162
72.0369813467
K= 3163
4203.77671667
K= 3164
194.763644594
K= 3165
8579.88016669
K= 3166
5084.86029808
K= 3167
125.356821805
K= 3168
8839.0
K= 3169
65.5848189172
K= 3170
4584.46666667
K= 3171
96.7060548933
K= 3172
133.222170779
K= 3173
8839.0
K= 3174
134.597567536
K= 3175
279.196138733
K= 3176
4332.31822344
K= 3177
360.231075708
K= 3178
134.324828197
K= 3179
87.0626606201
K= 3180
368.939452914
K= 3181
4478.03296703
K= 3182
379.612082996
K= 3183
5489.03097623
K= 3184
481.379439058
K= 3185
270.905969078
K= 3186
116.723733263
K= 3187
110.731754132
K= 3188
145.273234115
K= 3189
102.970577711
K= 3190
103.020095929
K= 3191
8839.0
K= 3192
3216.52400704
K= 3193
6599.35882109
K= 3194
62.355452345
K= 3195
6204.55467454
K= 3196
6817.30451403
K= 3197
8938.0
K= 3198
146.514068237
K= 3199
6050.98349893
K= 3200
178.569872777
K= 3201
122.870931258
K= 3202
4185.0281563
K= 3203
179.998144513
K= 3204
170.113791341
K= 3205
5842.13222697
K= 3206
4311.83428932
K= 3207
100.470639621
K= 3208
4478.03296703
K= 3209
8839.0
K= 3210
583.226906542
K= 3211
496.866455584
K= 3212
655.932553595
K= 3213
4311.83428932
K= 3214
371.180690332
K= 3215
202.614659451
K= 3216
700.217193484
K= 3217
4311.83428932
K= 3218
96.9260742815
K= 3219
93.3117866137
K= 3220
69.2201255539
K= 3221
313.434577922
K= 3222
5290.7409018
K= 3223
481.316655059
K= 3224
358.734366475
K= 3225
112.095559399
K= 3226
227.97357166
K= 3227
5294.32233155
K= 3228
0.0
K= 3229
495.020017653
K= 3230
780.293443848
K= 3231
5860.15332998
K= 3232
460.138164179
K= 3233
6142.94446583
K= 3234
7514.31777486
K= 3235
638.120273557
K= 3236
8839.0
K= 3237
153.485925342
K= 3238
4545.25833333
K= 3239
530.290017666
K= 3240
8640.42105263
K= 3241
284.172524299
K= 3242
157.048935037
K= 3243
173.916996047
K= 3244
6204.55467454
K= 3245
7956.09077729
K= 3246
2033.91912815
K= 3247
4311.83428932
K= 3248
4540.52777778
K= 3249
4612.70951009
K= 3250
213.217031847
K= 3251
175.805266958
K= 3252
348.71566944
K= 3253
365.32188077
K= 3254
4185.0281563
K= 3255
815.028950436
K= 3256
130.513865934
K= 3257
55.0448958027
K= 3258
211.059636991
K= 3259
48.823023443
K= 3260
88.4364019594
K= 3261
6204.55467454
K= 3262
1007.07180162
K= 3263
339.220686529
K= 3264
151.307869147
K= 3265
0.0
K= 3266
179.683857664
K= 3267
252.721925361
K= 3268
71.2183599612
K= 3269
68.5625179793
K= 3270
8839.0
K= 3271
108.559646633
K= 3272
5316.89685888
K= 3273
3158.19823689
K= 3274
141.731961687
K= 3275
4311.83428932
K= 3276
148.705266958
K= 3277
114.560860021
K= 3278
84.3781178119
K= 3279
114.518744041
K= 3280
339.971483843
K= 3281
180.647670807
K= 3282
158.974473732
K= 3283
135.614915989
K= 3284
4581.86666667
K= 3285
142.868612328
K= 3286
173.560666702
K= 3287
4475.31868132
K= 3288
2480.98700633
K= 3289
386.424593223
K= 3290
94.1946975901
K= 3291
149.800283066
K= 3292
180.357682354
K= 3293
74.4699707431
K= 3294
176.614979549
K= 3295
377.537061992
K= 3296
5463.3722279
K= 3297
218.853980586
K= 3298
3087.02243104
K= 3299
83.3773809521
K= 3300
147.55266295
K= 3301
105.982680347
K= 3302
4311.83428932
K= 3303
4528.48333333
K= 3304
224.333993578
K= 3305
5978.49492032
K= 3306
106.833091002
K= 3307
318.73915368
K= 3308
147.075329804
K= 3309
6675.4237924
K= 3310
127.273158428
K= 3311
163.74199647
K= 3312
177.961956521
K= 3313
4869.35230059
K= 3314
6719.30486163
K= 3315
97.9953214645
K= 3316
8521.26017448
K= 3317
168.154386718
K= 3318
5560.25228847
K= 3319
172.603404591
K= 3320
118.315616529
K= 3321
392.758214776
K= 3322
4311.83428932
K= 3323
181.567677217
K= 3324
94.5852678992
K= 3325
131.300536036
K= 3326
129.02622854
K= 3327
1829.53941078
K= 3328
64.595498396
K= 3329
101.929922437
K= 3330
84.5092857152
K= 3331
103.977425181
K= 3332
6142.94446583
K= 3333
1545.26276743
K= 3334
524.255694303
K= 3335
4478.03296703
K= 3336
167.165767289
K= 3337
225.04389751
K= 3338
5187.98439342
K= 3339
4838.48624143
K= 3340
4543.96541709
K= 3341
4159.26612916
K= 3342
8839.0
K= 3343
4583.19444444
K= 3344
359.998186534
K= 3345
164.915164643
K= 3346
2507.39303135
K= 3347
280.402482339
K= 3348
202.920810539
K= 3349
17678.0
K= 3350
1178.00448227
K= 3351
918.87188559
K= 3352
228.261707802
K= 3353
189.435206747
K= 3354
17678.0
K= 3355
90.6348991583
K= 3356
152.18468315
K= 3357
91.8108765231
K= 3358
5401.20207749
K= 3359
293.808439679
K= 3360
8447.73280189
K= 3361
6468.15306375
K= 3362
165.026555656
K= 3363
7757.85663048
K= 3364
4311.83428932
K= 3365
4311.83428932
K= 3366
127.528623188
K= 3367
5931.22233459
K= 3368
114.527155803
K= 3369
426.60658624
K= 3370
5560.25228847
K= 3371
262.119028579
K= 3372
164.117509766
K= 3373
200.437241686
K= 3374
496.125995914
K= 3375
5375.04986094
K= 3376
360.257419095
K= 3377
4432.42717188
K= 3378
152.426245939
K= 3379
4478.03296703
K= 3380
523.139395547
K= 3381
5560.25228847
K= 3382
5444.89685888
K= 3383
4311.83428932
K= 3384
454.734177924
K= 3385
143.071933625
K= 3386
5845.73222697
K= 3387
4311.83428932
K= 3388
4311.83428932
K= 3389
1290.88506596
K= 3390
121.627920493
K= 3391
2057.61817582
K= 3392
110.824175824
K= 3393
1200.00436188
K= 3394
470.673047664
K= 3395
5174.093133
K= 3396
173.019552673
K= 3397
4311.83428932
K= 3398
151.8466811
K= 3399
317.042368337
K= 3400
8839.0
K= 3401
8839.0
K= 3402
4579.575
K= 3403
6395.70728244
K= 3404
6249.33251351
K= 3405
623.347339979
K= 3406
362.573076683
K= 3407
213.307001547
K= 3408
176.348197895
K= 3409
135.490900294
K= 3410
6368.52750169
K= 3411
156.863401499
K= 3412
127.960895072
K= 3413
777.989425431
K= 3414
386.956434397
K= 3415
102.085483177
K= 3416
496.516087673
K= 3417
65.4019395541
K= 3418
4528.48333333
K= 3419
77.8252673796
K= 3420
123.326616346
K= 3421
111.384236428
K= 3422
466.513620514
K= 3423
176.661956521
K= 3424
5354.23687634
K= 3425
515.415279515
K= 3426
5610.95398199
K= 3427
109.394263056
K= 3428
330.351585013
K= 3429
61.984298553
K= 3430
5845.73222697
K= 3431
191.260024736
K= 3432
4571.96666667
K= 3433
138.29497074
K= 3434
123.865391176
K= 3435
4564.93393167
K= 3436
8633.88235294
K= 3437
4567.80478402
K= 3438
344.13580961
K= 3439
4311.83428932
K= 3440
4311.83428932
K= 3441
175.482142857
K= 3442
509.754075271
K= 3443
150.102225939
K= 3444
8839.0
K= 3445
101.0
K= 3446
8839.0
K= 3447
147.294638357
K= 3448
377.784210011
K= 3449
111.741389137
K= 3450
321.8588161
K= 3451
8839.0
K= 3452
131.321879027
K= 3453
106.48640812
K= 3454
494.739375314
K= 3455
4574.57786991
K= 3456
331.476585013
K= 3457
109.571495638
K= 3458
4311.83428932
K= 3459
523.567966976
K= 3460
5845.73222697
K= 3461
53.424242424
K= 3462
5337.45714531
K= 3463
8629.5254902
K= 3464
88.6250681177
K= 3465
141.802083585
K= 3466
161.61534895
K= 3467
507.66068917
K= 3468
870.661901768
K= 3469
4311.83428932
K= 3470
126.702909694
K= 3471
136.464633879
K= 3472
378.805436647
K= 3473
5983.05497982
K= 3474
185.707455661
K= 3475
4311.83428932
K= 3476
8619.72111251
K= 3477
1977.03258709
K= 3478
100.197756927
K= 3479
103.341981629
K= 3480
5560.25228847
K= 3481
293.07283979
K= 3482
225.282711767
K= 3483
101.909740899
K= 3484
300.070607162
K= 3485
127.768152019
K= 3486
683.265521387
K= 3487
5316.89685888
K= 3488
5316.89685888
K= 3489
176.361956522
K= 3490
393.585486655
K= 3491
198.057726923
K= 3492
8839.0
K= 3493
859.826604751
K= 3494
8839.0
K= 3495
387.868611393
K= 3496
4568.16666667
K= 3497
8146.1854741
K= 3498
106.934895374
K= 3499
385.765891698
K= 3500
96.3382221994
K= 3501
5752.7831985
K= 3502
4311.83428932
K= 3503
4478.03296703
K= 3504
7281.75463854
K= 3505
387.670502436
K= 3506
4477.18296703
K= 3507
8184.43438918
K= 3508
125.910806795
K= 3509
91.6887722983
K= 3510
6517.21456459
K= 3511
280.840811049
K= 3512
4311.83428932
K= 3513
1564.82493285
K= 3514
85.6401621676
K= 3515
270.66004666
K= 3516
470.673047664
K= 3517
329.323170516
K= 3518
177.899750902
K= 3519
95.1984004257
K= 3520
65.8328624119
K= 3521
4311.83428932
K= 3522
116.173398976
K= 3523
4311.83428932
K= 3524
76.4660026351
K= 3525
184.436132345
K= 3526
121.979493487
K= 3527
3225.18224451
K= 3528
295.408662178
K= 3529
5316.89685888
K= 3530
4679.26747937
K= 3531
382.76512954
K= 3532
6564.57524032
K= 3533
306.910744663
K= 3534
341.180059656
K= 3535
994.320232008
K= 3536
178.411956522
K= 3537
5316.89685888
K= 3538
301.795434665
K= 3539
5182.23599015
K= 3540
3565.04394974
K= 3541
387.761968854
K= 3542
133.37711771
K= 3543
402.279073879
K= 3544
8839.0
K= 3545
173.371227374
K= 3546
8839.0
K= 3547
4311.83428932
K= 3548
78.7851019161
K= 3549
54.3910256409
K= 3550
5316.89685888
K= 3551
171.189368527
K= 3552
129.675441803
K= 3553
176.361956522
K= 3554
340.861736874
K= 3555
475.590748547
K= 3556
5458.69331534
K= 3557
326.929667621
K= 3558
105.926921633
K= 3559
4565.3802043
K= 3560
56.8697286462
K= 3561
115.538554329
K= 3562
128.458660168
K= 3563
5948.52820263
K= 3564
656.459957442
K= 3565
6456.47723123
K= 3566
100.625626025
K= 3567
386.283707124
K= 3568
315.912811105
K= 3569
8649.0
K= 3570
4311.83428932
K= 3571
4311.83428932
K= 3572
171.305266958
K= 3573
5795.37065095
K= 3574
5003.24043371
K= 3575
6203.69637361
K= 3576
4311.83428932
K= 3577
98.1990888828
K= 3578
235.655679543
K= 3579
300.379946088
K= 3580
394.608029954
K= 3581
371.749662319
K= 3582
6095.14253122
K= 3583
5845.73222697
K= 3584
171.305266958
K= 3585
1404.47044192
K= 3586
5284.9780674
K= 3587
226.032032538
K= 3588
70.4228030738
K= 3589
96.2104562497
K= 3590
4627.61346605
K= 3591
281.133951232
K= 3592
8839.0
K= 3593
8647.81818182
K= 3594
184.532095962
K= 3595
5476.6885777
K= 3596
93.1793170139
K= 3597
159.471933625
K= 3598
4311.83428932
K= 3599
102.794969045
K= 3600
241.396469253
Betweenness Centrality Improvement
[ 0.  0.  0. ...,  0.  0.  0.]
Top 20 BC Improvement
[2565 3349 3354 2896 2418 2441 3197 2619 2578 2486 2404 2633 2464 2456 2672
 2759 2775 2550 3037 3173]
Top 20 BC Improvement
[ 17678.          17678.          17678.          16805.69908957
  14361.30962239  12832.82876784   8938.           8839.           8839.
   8839.           8839.           8839.           8839.           8839.
   8839.           8839.           8839.           8839.           8839.
   8839.        ]
