txValue= 100
IGRAPH D--- 4619 68733 -- 
+ attr: pub_key (v), base_fee (e), capacity (e), fee_rate (e), txCost (e)
None
IGRAPH D--- 4619 68733 -- 
+ attr: pub_key (v), base_fee (e), capacity (e), fee_rate (e), txCost (e)
None
Our nodes starting connections: 
(4618, 2796)
(4618, 1223)
(4618, 498)
(4618, 3265)
(4618, 3884)
(4618, 2836)
(4618, 2032)
(4618, 4051)
(4618, 2228)
K= 1200
379.641800283
K= 1201
316.45601465
K= 1202
192.724393118
K= 1203
388.870502436
K= 1204
427.301542597
K= 1205
4307.83428932
K= 1206
152.25757306
K= 1207
282.690092855
K= 1208
289.539648268
K= 1209
168.758582431
K= 1210
158.054414232
K= 1211
134.164385996
K= 1212
106.301148458
K= 1213
164.471933625
K= 1214
4554.10235352
K= 1215
128.288902226
K= 1216
166.488548944
K= 1217
2046.49483333
K= 1218
139.771677873
K= 1219
177.362594975
K= 1220
96.7868556485
K= 1221
170.305266959
K= 1222
81.3372743565
K= 1223
1080.3882656
K= 1224
339.229554407
K= 1225
266.870552913
K= 1226
4582.33333333
K= 1227
5999.16148285
K= 1228
389.011596719
K= 1229
8579.66932555
K= 1230
180.811956523
K= 1231
138.029752633
K= 1232
127.188233926
K= 1233
331.002491882
K= 1234
227.543683875
K= 1235
303.717766807
K= 1236
68.4955144282
K= 1237
6342.14709701
K= 1238
248.733674556
K= 1239
98.5576425461
K= 1240
173.138600292
K= 1241
442.628212967
K= 1242
8622.71428571
K= 1243
8735.7
K= 1244
5473.00277274
K= 1245
4528.48333333
K= 1246
155.447596666
K= 1247
463.90787552
K= 1248
152.048404136
K= 1249
104.490448272
K= 1250
100.524681714
K= 1251
347.118222114
K= 1252
147.39303934
K= 1253
315.985814658
K= 1254
8645.0
K= 1255
7348.0509821
K= 1256
5370.77711752
K= 1257
74.4598341793
K= 1258
6210.59265608
K= 1259
8839.0
K= 1260
94.0564121301
K= 1261
245.513283231
K= 1262
7983.40878396
K= 1263
281.401895715
K= 1264
4590.84375
K= 1265
126.051450349
K= 1266
4545.25833333
K= 1267
424.916282294
K= 1268
717.318014975
K= 1269
177.861956522
K= 1270
6131.76737629
K= 1271
193.203331411
K= 1272
181.444756347
K= 1273
192.160522531
K= 1274
526.139395547
K= 1275
76.7681935552
K= 1276
5335.19303643
K= 1277
6670.34853743
K= 1278
233.344830752
K= 1279
213.505844096
K= 1280
36.5716813349
K= 1281
1504.84419982
K= 1282
4307.83428932
K= 1283
174.805266959
K= 1284
178.461956522
K= 1285
136.956214902
K= 1286
454.584399153
K= 1287
181.611956522
K= 1288
5860.72123137
K= 1289
134.006248293
K= 1290
178.761956522
K= 1291
5480.95359515
K= 1292
5354.48765765
K= 1293
8627.32957292
K= 1294
230.785380437
K= 1295
121.133333333
K= 1296
6752.57191289
K= 1297
4589.0
K= 1298
5174.03140657
K= 1299
307.334970868
K= 1300
116.769381541
K= 1301
4185.95968347
K= 1302
4458.63530413
K= 1303
4583.1
K= 1304
38.7165433902
K= 1305
380.772575754
K= 1306
439.689665566
K= 1307
5360.93907355
K= 1308
272.915811253
K= 1309
148.727748949
K= 1310
344.518914459
K= 1311
128.086444602
K= 1312
314.994555192
K= 1313
180.27058558
K= 1314
390.630921098
K= 1315
360.143390615
K= 1316
345.004575345
K= 1317
378.524323007
K= 1318
45.4919304891
K= 1319
6752.57191289
K= 1320
3308.67594308
K= 1321
6581.1449222
K= 1322
6010.68626213
K= 1323
369.885214158
K= 1324
707.078835012
K= 1325
84.5896743098
K= 1326
99.7581173575
K= 1327
140.491089523
K= 1328
219.91631457
K= 1329
8509.72583845
K= 1330
516.995838757
K= 1331
381.927514569
K= 1332
5999.16148285
K= 1333
389.029554713
K= 1334
5924.72123137
K= 1335
4065.03953258
K= 1336
196.492259552
K= 1337
228.845289855
K= 1338
114.854328712
K= 1339
132.051778974
K= 1340
526.139395547
K= 1341
883.659728555
K= 1342
166.963201946
K= 1343
176.187179487
K= 1344
5929.78377667
K= 1345
8839.0
K= 1346
103.868742491
K= 1347
5476.95737445
K= 1348
177.834523809
K= 1349
53.0626602651
K= 1350
196.4916343
K= 1351
148.262139943
K= 1352
1809.28128637
K= 1353
979.798608502
K= 1354
351.625704607
K= 1355
229.712722702
K= 1356
194.62861741
K= 1357
205.672226993
K= 1358
64.8323721822
K= 1359
598.420801914
K= 1360
838.036098017
K= 1361
177.861956522
K= 1362
6527.47471369
K= 1363
234.937833089
K= 1364
60.5436397371
K= 1365
4267.71893217
K= 1366
177.861956522
K= 1367
191.057778419
K= 1368
5567.52025267
K= 1369
5808.52887356
K= 1370
205.256340997
K= 1371
92.2298438941
K= 1372
330.288634292
K= 1373
964.570884877
K= 1374
8839.0
K= 1375
286.461385153
K= 1376
435.450577771
K= 1377
61.4263163983
K= 1378
256.959855234
K= 1379
69.8814719791
K= 1380
137.001550152
K= 1381
123.351067538
K= 1382
216.845368042
K= 1383
93.1728276219
K= 1384
4520.14306489
K= 1385
5645.41383078
K= 1386
5924.72123137
K= 1387
8645.0
K= 1388
8591.3705194
K= 1389
5321.62226516
K= 1390
341.303898782
K= 1391
397.808029954
K= 1392
276.42682131
K= 1393
8839.0
K= 1394
336.105319248
K= 1395
204.015858317
K= 1396
4965.91449259
K= 1397
78.1863594593
K= 1398
265.839981794
K= 1399
4307.83428932
K= 1400
296.193276503
K= 1401
126.971933625
K= 1402
91.9666666667
K= 1403
4469.65714286
K= 1404
4581.6
K= 1405
111.175806748
K= 1406
535.159108229
K= 1407
115.408837043
K= 1408
5604.01849147
K= 1409
5882.78305057
K= 1410
4307.83428932
K= 1411
256.571829882
K= 1412
4572.58333333
K= 1413
4456.68787087
K= 1414
320.93041893
K= 1415
4246.9459826
K= 1416
175.266575069
K= 1417
83.3473270749
K= 1418
5576.38911482
K= 1419
323.140200529
K= 1420
489.946253008
K= 1421
5514.99546962
K= 1422
125.100655573
K= 1423
166.815417093
K= 1424
179.111956522
K= 1425
111.784388443
K= 1426
376.728726753
K= 1427
5493.44514519
K= 1428
8367.02087956
K= 1429
180.506951133
K= 1430
97.905347478
K= 1431
526.567966976
K= 1432
184.819664206
K= 1433
142.087030086
K= 1434
522.748049856
K= 1435
454.023011331
K= 1436
5763.11266391
K= 1437
5517.64011977
K= 1438
55.1476075026
K= 1439
1711.68951958
K= 1440
603.591935499
K= 1441
271.573798919
K= 1442
88.4249850552
K= 1443
8408.66356108
K= 1444
339.03853541
K= 1445
6210.59265608
K= 1446
135.76155334
K= 1447
8408.66356108
K= 1448
7385.50335399
K= 1449
94.9719336252
K= 1450
227.304451687
K= 1451
205.047001433
K= 1452
4435.85
K= 1453
108.360112297
K= 1454
159.891043644
K= 1455
477.30305628
K= 1456
131.422703028
K= 1457
70.2570801416
K= 1458
281.328557089
K= 1459
167.298347681
K= 1460
364.741644213
K= 1461
526.139395547
K= 1462
78.1885437585
K= 1463
7309.20426626
K= 1464
535.859088339
K= 1465
8623.95584081
K= 1466
269.611970299
K= 1467
526.139395547
K= 1468
446.123866919
K= 1469
96.5892785103
K= 1470
211.179691443
K= 1471
793.05534708
K= 1472
134.122540905
K= 1473
150.56548465
K= 1474
8645.0
K= 1475
155.880706804
K= 1476
87.3300395841
K= 1477
245.473993754
K= 1478
4378.33428932
K= 1479
304.153482415
K= 1480
105.612488516
K= 1481
250.092632235
K= 1482
2016.77783705
K= 1483
135.843836904
K= 1484
4542.85563654
K= 1485
445.876259417
K= 1486
4476.27142857
K= 1487
224.852629767
K= 1488
100.299120185
K= 1489
114.545316334
K= 1490
159.896083115
K= 1491
94.3231989667
K= 1492
130.418346923
K= 1493
265.72274619
K= 1494
5199.42612304
K= 1495
144.108902692
K= 1496
352.004575345
K= 1497
4307.83428932
K= 1498
80.5539728702
K= 1499
9095.09095842
K= 1500
160.721666667
K= 1501
109.86177198
K= 1502
6181.22949752
K= 1503
6830.17682401
K= 1504
75.4620629181
K= 1505
177.861956522
K= 1506
2563.12095273
K= 1507
131.019141315
K= 1508
17678.0
K= 1509
4307.83428932
K= 1510
4307.83428932
K= 1511
313.934577922
K= 1512
4820.92035474
K= 1513
348.996837497
K= 1514
324.966709293
K= 1515
5169.67632278
K= 1516
286.386837558
K= 1517
3205.55283644
K= 1518
310.079957813
K= 1519
314.609117028
K= 1520
4932.72675734
K= 1521
4307.83428932
K= 1522
109.202389073
K= 1523
380.386960062
K= 1524
104.904360072
K= 1525
527.067966976
K= 1526
106.698213292
K= 1527
157.335663402
K= 1528
77.3518389963
K= 1529
191.031649314
K= 1530
123.92554408
K= 1531
197.68110835
K= 1532
6588.83908158
K= 1533
5500.99546962
K= 1534
2015.10938813
K= 1535
97.5554532394
K= 1536
394.080921098
K= 1537
59.5654860539
K= 1538
8636.684689
K= 1539
85.8229733547
K= 1540
90.7355194539
K= 1541
356.169928072
K= 1542
4181.0281563
K= 1543
146.698478163
K= 1544
291.241818147
K= 1545
114.502425182
K= 1546
267.119903931
K= 1547
8839.0
K= 1548
143.980774205
K= 1549
5321.62226516
K= 1550
903.614823265
K= 1551
2076.77086897
K= 1552
602.059088518
K= 1553
4584.1
K= 1554
5450.62226516
K= 1555
256.189470592
K= 1556
79.1451641666
K= 1557
165.883228137
K= 1558
127.990238296
K= 1559
6754.62532198
K= 1560
153.155900621
K= 1561
4307.83428932
K= 1562
297.688532296
K= 1563
189.258570618
K= 1564
332.998705631
K= 1565
7499.1307602
K= 1566
116.092725859
K= 1567
960.518255295
K= 1568
4573.58333333
K= 1569
101.976063684
K= 1570
159.494280206
K= 1571
4528.48333333
K= 1572
160.907873763
K= 1573
9036.74177455
K= 1574
93.7903522546
K= 1575
8636.35
K= 1576
124.198388926
K= 1577
8839.0
K= 1578
74.7283006469
K= 1579
6034.97153067
K= 1580
86.763903943
K= 1581
2222.27638518
K= 1582
4516.85705046
K= 1583
4307.83428932
K= 1584
4307.83428932
K= 1585
495.359336781
K= 1586
117.367873286
K= 1587
139.085761296
K= 1588
79.9309969004
K= 1589
660.096231274
K= 1590
177.229547853
K= 1591
6197.89805171
K= 1592
7369.54648244
K= 1593
5496.17581251
K= 1594
123.269501814
K= 1595
5952.47649373
K= 1596
8839.0
K= 1597
8645.0
K= 1598
134.108674907
K= 1599
17678.0
K= 1600
4307.83428932
K= 1601
138.729278022
K= 1602
8839.0
K= 1603
149.300579177
K= 1604
83.5225561082
K= 1605
4968.90963649
K= 1606
2163.35862548
K= 1607
171.984589484
K= 1608
88.9064718651
K= 1609
4307.83428932
K= 1610
124.612831153
K= 1611
190.081649314
K= 1612
94.9347965679
K= 1613
98.0863419182
K= 1614
4429.85611925
K= 1615
4544.12560386
K= 1616
116.794079772
K= 1617
5567.52025267
K= 1618
99.4123235559
K= 1619
457.809733897
K= 1620
340.109222519
K= 1621
103.326323413
K= 1622
8722.40194805
K= 1623
8636.35
K= 1624
145.036497986
K= 1625
4263.97208683
K= 1626
280.23546295
K= 1627
12534.8517908
K= 1628
6178.87362165
K= 1629
4557.14077761
K= 1630
499.866455584
K= 1631
251.26894032
K= 1632
6119.65417411
K= 1633
6114.80806357
K= 1634
5753.74747937
K= 1635
104.665425147
K= 1636
80.1860672086
K= 1637
162.471933625
K= 1638
6629.83049495
K= 1639
5567.52025267
K= 1640
381.502514601
K= 1641
4434.02142857
K= 1642
731.551775788
K= 1643
367.327639928
K= 1644
65.3615824759
K= 1645
5924.72123137
K= 1646
4307.83428932
K= 1647
5321.62226516
K= 1648
2077.38482433
K= 1649
134.021045877
K= 1650
5134.66609892
K= 1651
323.239533839
K= 1652
5680.66657511
K= 1653
5199.71886145
K= 1654
86.7934734055
K= 1655
322.316363007
K= 1656
116.492402317
K= 1657
13129.0
K= 1658
119.556641467
K= 1659
250.57111846
K= 1660
104.73823908
K= 1661
5321.62226516
K= 1662
8645.0
K= 1663
5383.84835296
K= 1664
6180.1615488
K= 1665
72.0471068312
K= 1666
1426.88792386
K= 1667
4531.48528675
K= 1668
150.807875458
K= 1669
1002.8462941
K= 1670
140.553672602
K= 1671
5294.64789719
K= 1672
388.188577254
K= 1673
4527.97693514
K= 1674
510.123982216
K= 1675
255.506858557
K= 1676
208.872423083
K= 1677
138.74213317
K= 1678
147.586349138
K= 1679
1128.08726523
K= 1680
432.364693647
K= 1681
95.1410179024
K= 1682
275.189810935
K= 1683
6504.50868578
K= 1684
5763.11266391
K= 1685
151.286342109
K= 1686
4307.83428932
K= 1687
205.494842218
K= 1688
93.5662944458
K= 1689
98.8429934151
K= 1690
84.1686022977
K= 1691
111.359250003
K= 1692
267.853928571
K= 1693
147.093712463
K= 1694
8839.0
K= 1695
397.808029954
K= 1696
393.86734294
K= 1697
375.683517107
K= 1698
300.040583052
K= 1699
133.498135644
K= 1700
9071.03888889
K= 1701
4346.30775613
K= 1702
6496.90636958
K= 1703
147.308112694
K= 1704
479.590748547
K= 1705
445.876259417
K= 1706
367.679631487
K= 1707
442.736394675
K= 1708
76.8709968855
K= 1709
4539.20302613
K= 1710
528.02625677
K= 1711
3525.0197508
K= 1712
272.932270715
K= 1713
4557.90957109
K= 1714
188.581649314
K= 1715
5321.62226516
K= 1716
8614.57070512
K= 1717
76.3614790834
K= 1718
141.092753945
K= 1719
222.823541129
K= 1720
81.6067472694
K= 1721
8608.24061629
K= 1722
140.865147456
K= 1723
8630.02225705
K= 1724
355.850522817
K= 1725
146.454761905
K= 1726
394.170515835
K= 1727
8828.25
K= 1728
127.204262595
K= 1729
5317.95369007
K= 1730
6560.89364336
K= 1731
4540.52777778
K= 1732
385.630921098
K= 1733
98.4793140253
K= 1734
94.7920092617
K= 1735
5860.72123137
K= 1736
4476.27142857
K= 1737
89.7319510726
K= 1738
5886.90306475
K= 1739
205.881030971
K= 1740
61.7958178534
K= 1741
5091.38150721
K= 1742
4468.59398496
K= 1743
6320.85044275
K= 1744
84.6516874947
K= 1745
170.911705048
K= 1746
342.328378106
K= 1747
5532.45678785
K= 1748
99.0091898208
K= 1749
254.337824931
K= 1750
1134.57353377
K= 1751
65.3629258903
K= 1752
301.179348936
K= 1753
4288.50700775
K= 1754
4574.8
K= 1755
124.9742788
K= 1756
95.167684551
K= 1757
5686.41690909
K= 1758
5534.93371653
K= 1759
6151.56727772
K= 1760
3362.10045612
K= 1761
284.000589566
K= 1762
76.7405391436
K= 1763
6050.76742676
K= 1764
138.170248546
K= 1765
7936.77069202
K= 1766
117.600505054
K= 1767
4307.83428932
K= 1768
507.532755126
K= 1769
64.6575888962
K= 1770
189.604752801
K= 1771
510.047001475
K= 1772
4161.1799928
K= 1773
8645.0
K= 1774
177.861956522
K= 1775
8839.0
K= 1776
214.891603921
K= 1777
4075.9301959
K= 1778
88.7717885962
K= 1779
401.224949118
K= 1780
4490.32777778
K= 1781
6157.48092587
K= 1782
201.47024367
K= 1783
101.313386727
K= 1784
478.585278816
K= 1785
8614.40385273
K= 1786
311.445999493
K= 1787
138.186078519
K= 1788
84.0475024107
K= 1789
4307.83428932
K= 1790
413.727729686
K= 1791
322.358218958
K= 1792
5525.26433787
K= 1793
116.850424315
K= 1794
55.921323257
K= 1795
294.290936718
K= 1796
226.527084912
K= 1797
298.815944799
K= 1798
291.271546139
K= 1799
184.404555244
K= 1800
181.702509517
K= 1801
172.52273647
K= 1802
8554.80641822
K= 1803
911.042653157
K= 1804
103.636099716
K= 1805
221.898349129
K= 1806
177.611956522
K= 1807
188.581649314
K= 1808
492.170842406
K= 1809
105.299814535
K= 1810
180.714588101
K= 1811
174.493370387
K= 1812
8634.2797619
K= 1813
195.527055419
K= 1814
296.002458204
K= 1815
129.040439459
K= 1816
5055.75533626
K= 1817
1461.5973608
K= 1818
71.789279818
K= 1819
328.580709451
K= 1820
2815.80880934
K= 1821
181.330744735
K= 1822
177.861956522
K= 1823
5321.62226516
K= 1824
4274.64871844
K= 1825
8645.0
K= 1826
8649.83132293
K= 1827
106.543997353
K= 1828
1596.02180074
K= 1829
108.283145834
K= 1830
71.1660256408
K= 1831
165.589798932
K= 1832
94.2869084274
K= 1833
5860.72123137
K= 1834
6648.63453961
K= 1835
846.896316736
K= 1836
6752.57191289
K= 1837
220.692407716
K= 1838
204.768578196
K= 1839
89.2391758434
K= 1840
97.8740317291
K= 1841
203.747128603
K= 1842
473.921020613
K= 1843
94.9790460382
K= 1844
2959.57048036
K= 1845
86.9934580233
K= 1846
177.861956522
K= 1847
8613.55916501
K= 1848
332.727239617
K= 1849
120.72249746
K= 1850
87.3275649205
K= 1851
4307.83428932
K= 1852
89.570978789
K= 1853
4476.27142857
K= 1854
204.330221554
K= 1855
370.678054913
K= 1856
281.160505899
K= 1857
680.88557875
K= 1858
325.189006424
K= 1859
5567.52025267
K= 1860
4307.83428932
K= 1861
1375.31570029
K= 1862
2222.27638518
K= 1863
4614.0
K= 1864
119.661348667
K= 1865
5541.83258301
K= 1866
189.246294087
K= 1867
200.236774872
K= 1868
4307.83428932
K= 1869
179.925060064
K= 1870
158.726652964
K= 1871
97.8192517185
K= 1872
278.515167162
K= 1873
4307.83428932
K= 1874
84.1983252218
K= 1875
5283.98056529
K= 1876
4581.7125
K= 1877
90.9782856654
K= 1878
134.755639833
K= 1879
109.261334781
K= 1880
170.719823869
K= 1881
8613.55916501
K= 1882
123.65559302
K= 1883
253.062572646
K= 1884
207.157646231
K= 1885
904.798304102
K= 1886
3761.72242038
K= 1887
65.8529732898
K= 1888
338.28279909
K= 1889
357.185998839
K= 1890
8839.0
K= 1891
4555.06848389
K= 1892
278.300267717
K= 1893
8645.0
K= 1894
4327.54735624
K= 1895
4476.72142857
K= 1896
4575.32608696
K= 1897
5435.741874
K= 1898
6752.57191289
K= 1899
167.188974784
K= 1900
357.866433133
K= 1901
4434.3
K= 1902
199.147927738
K= 1903
4151.09237117
K= 1904
447.406553698
K= 1905
72.7012361364
K= 1906
135.640645999
K= 1907
103.304339402
K= 1908
574.945356699
K= 1909
165.486968735
K= 1910
296.591994511
K= 1911
363.365268998
K= 1912
141.659982856
K= 1913
180.878623189
K= 1914
384.624593223
K= 1915
386.727846988
K= 1916
149.851731605
K= 1917
88.8074612744
K= 1918
112.435605582
K= 1919
6122.92520862
K= 1920
5800.48118773
K= 1921
6050.76742676
K= 1922
151.238600292
K= 1923
4562.34285714
K= 1924
112.608709154
K= 1925
653.340814941
K= 1926
400.379331202
K= 1927
388.588878937
K= 1928
1144.79584825
K= 1929
114.494776347
K= 1930
495.190766608
K= 1931
95.5118379932
K= 1932
714.571699781
K= 1933
6210.59265609
K= 1934
308.593255054
K= 1935
427.423071356
K= 1936
316.008199138
K= 1937
237.833540589
K= 1938
60.248854876
K= 1939
320.73455598
K= 1940
4556.36704227
K= 1941
365.344446338
K= 1942
5129.51889829
K= 1943
137.794058174
K= 1944
8636.35
K= 1945
4573.50430108
K= 1946
117.954601095
K= 1947
128.102740899
K= 1948
1332.53566843
K= 1949
232.10922765
K= 1950
340.869554576
K= 1951
5450.62226516
K= 1952
4307.83428932
K= 1953
6089.66543389
K= 1954
88.2364887857
K= 1955
1176.24028418
K= 1956
346.281093844
K= 1957
110.612667349
K= 1958
114.512218942
K= 1959
499.866455584
K= 1960
460.74602854
K= 1961
133.571059921
K= 1962
109.670799642
K= 1963
113.518720441
K= 1964
4583.3452381
K= 1965
93.37568192
K= 1966
4307.83428932
K= 1967
127.723741327
K= 1968
4469.80714286
K= 1969
887.646670912
K= 1970
172.847736053
K= 1971
229.04537265
K= 1972
5860.72123137
K= 1973
174.305266959
K= 1974
254.230013382
K= 1975
369.089987384
K= 1976
99.7205017024
K= 1977
492.666455584
K= 1978
5567.52025267
K= 1979
854.364547795
K= 1980
124.237933602
K= 1981
148.427655461
K= 1982
96.3833333333
K= 1983
11086.1895854
K= 1984
326.840173292
K= 1985
112.730609921
K= 1986
4962.3053862
K= 1987
387.964009729
K= 1988
609.490404622
K= 1989
360.959595056
K= 1990
1304.63477517
K= 1991
4582.31274824
K= 1992
117.001188581
K= 1993
121.970916326
K= 1994
6752.57191289
K= 1995
175.055266959
K= 1996
6210.59265609
K= 1997
93.2007951939
K= 1998
105.15403365
K= 1999
192.248320158
K= 2000
62.1799138852
K= 2001
6184.1615488
K= 2002
5753.74747937
K= 2003
4307.83428932
K= 2004
7178.17532959
K= 2005
314.430679066
K= 2006
294.172355586
K= 2007
5378.10752586
K= 2008
7936.61138466
K= 2009
162.70745614
K= 2010
88.6221427167
K= 2011
100.196632802
K= 2012
170.294341228
K= 2013
106.303496951
K= 2014
132.70093038
K= 2015
5321.62226516
K= 2016
370.251852941
K= 2017
92.7696879193
K= 2018
131.732618166
K= 2019
185.277655839
K= 2020
364.75837421
K= 2021
152.323410377
K= 2022
4273.52142857
K= 2023
129.040905346
K= 2024
4557.05487416
K= 2025
1441.96809494
K= 2026
2228.91417852
K= 2027
369.139987384
K= 2028
288.85498811
K= 2029
6010.68626213
K= 2030
124.919431295
K= 2031
95.3045426538
K= 2032
105.014146064
K= 2033
148.195192305
K= 2034
6492.18748659
K= 2035
6342.98093161
K= 2036
217.966566197
K= 2037
116.404678363
K= 2038
7965.83172313
K= 2039
369.089987384
K= 2040
307.211103967
K= 2041
4307.83428932
K= 2042
182.898824692
K= 2043
459.194940991
K= 2044
154.821882277
K= 2045
99.7696927919
K= 2046
8636.24754273
K= 2047
129.322595384
K= 2048
4594.91666667
K= 2049
149.317451344
K= 2050
128.878623188
K= 2051
8406.79371981
K= 2052
528.425109833
K= 2053
401.200210072
K= 2054
186.861956522
K= 2055
8564.0
K= 2056
364.058735064
K= 2057
5500.99546962
K= 2058
108.231600655
K= 2059
285.069647502
K= 2060
5734.91207278
K= 2061
555.689704054
K= 2062
84.7041138173
K= 2063
228.860575613
K= 2064
5924.72123137
K= 2065
386.1186301
K= 2066
128.999424565
K= 2067
141.601212546
K= 2068
359.204657613
K= 2069
5004.4853862
K= 2070
2953.96832567
K= 2071
338.28279909
K= 2072
249.334423952
K= 2073
354.981370379
K= 2074
148.620512216
K= 2075
5575.38911482
K= 2076
177.861956522
K= 2077
116.749224686
K= 2078
132.054462606
K= 2079
8839.0
K= 2080
6076.73456086
K= 2081
111.694991212
K= 2082
6086.917018
K= 2083
404.188562004
K= 2084
333.280366604
K= 2085
83.4222202554
K= 2086
6752.57191289
K= 2087
4292.88492373
K= 2088
5687.94339287
K= 2089
151.088479456
K= 2090
122.11283095
K= 2091
7359.66908814
K= 2092
6083.66823102
K= 2093
4457.63892928
K= 2094
105.365773987
K= 2095
706.77095056
K= 2096
107.374162806
K= 2097
158.73559673
K= 2098
555.373254897
K= 2099
5860.72123137
K= 2100
8839.0
K= 2101
194.900733536
K= 2102
391.99116401
K= 2103
4582.0
K= 2104
177.550454124
K= 2105
8608.29761905
K= 2106
6712.87485872
K= 2107
5604.01849147
K= 2108
437.982144588
K= 2109
535.093260034
K= 2110
765.131855423
K= 2111
474.898628205
K= 2112
8839.0
K= 2113
105.931636019
K= 2114
61.6521136245
K= 2115
6443.168286
K= 2116
119.65797852
K= 2117
8839.0
K= 2118
76.5296865774
K= 2119
163.427884059
K= 2120
368.521951422
K= 2121
4594.91666667
K= 2122
138.78513938
K= 2123
4578.85
K= 2124
266.875929457
K= 2125
4399.96464567
K= 2126
8839.0
K= 2127
176.079552673
K= 2128
212.910250192
K= 2129
4020.45541558
K= 2130
124.88207577
K= 2131
367.379530685
K= 2132
4579.14381806
K= 2133
115.561046377
K= 2134
76.954745702
K= 2135
4565.88190462
K= 2136
4307.83428932
K= 2137
216.033975124
K= 2138
132.990909091
K= 2139
4307.83428932
K= 2140
457.028466348
K= 2141
957.863899691
K= 2142
4307.83428932
K= 2143
56.7050047123
K= 2144
4539.20302613
K= 2145
1433.43486967
K= 2146
6532.0711402
K= 2147
61.7960422615
K= 2148
249.060093086
K= 2149
4532.92437362
K= 2150
5415.57906372
K= 2151
5787.1268373
K= 2152
4476.27142857
K= 2153
4583.27142857
K= 2154
170.935437493
K= 2155
4307.83428932
K= 2156
178.111956522
K= 2157
137.314986826
K= 2158
6059.76742676
K= 2159
9131.56693993
K= 2160
5337.93421999
K= 2161
353.510412767
K= 2162
191.319133707
K= 2163
216.623217374
K= 2164
64.3676440485
K= 2165
6279.72316068
K= 2166
299.02312622
K= 2167
369.389987384
K= 2168
4576.86074029
K= 2169
4616.78571429
K= 2170
135.087708193
K= 2171
8628.02419125
K= 2172
102.78370417
K= 2173
1897.18204796
K= 2174
7146.67602586
K= 2175
177.861956522
K= 2176
97.4304355991
K= 2177
73.8076710841
K= 2178
4161.35
K= 2179
144.194969728
K= 2180
124.522944309
K= 2181
4586.47742518
K= 2182
178.078896284
K= 2183
67.5119608964
K= 2184
526.139395547
K= 2185
8839.0
K= 2186
8636.35
K= 2187
172.916903232
K= 2188
2001.5102158
K= 2189
4591.5
K= 2190
203.856465598
K= 2191
320.241935308
K= 2192
111.418791825
K= 2193
8907.09480065
K= 2194
176.561956523
K= 2195
4185.95968347
K= 2196
6465.39272836
K= 2197
370.488105489
K= 2198
76.7485886038
K= 2199
316.181908355
K= 2200
344.320254136
K= 2201
215.98856422
K= 2202
8839.0
K= 2203
126.817148046
K= 2204
4497.45294251
K= 2205
124.304550704
K= 2206
4341.24112136
K= 2207
4530.12096774
K= 2208
146.805285447
K= 2209
5963.38145421
K= 2210
307.505436647
K= 2211
6752.57191289
K= 2212
204.172226993
K= 2213
4307.83428932
K= 2214
304.144056569
K= 2215
6536.77743201
K= 2216
8371.39229043
K= 2217
122.985714286
K= 2218
91.6495172094
K= 2219
4307.83428932
K= 2220
8839.0
K= 2221
526.139395547
K= 2222
8636.73013245
K= 2223
319.512573414
K= 2224
2508.2059784
K= 2225
5450.98062729
K= 2226
453.639395547
K= 2227
4307.83428932
K= 2228
93.9788762602
K= 2229
0.0
K= 2230
5286.77379025
K= 2231
383.685918772
K= 2232
177.715771262
K= 2233
5516.07821382
K= 2234
255.846012189
K= 2235
4429.85611925
K= 2236
8839.0
K= 2237
153.946622036
K= 2238
349.459526155
K= 2239
436.698703361
K= 2240
110.861668812
K= 2241
350.509975089
K= 2242
94.2743171889
K= 2243
4120.35
K= 2244
6210.59265609
K= 2245
59.4917384859
K= 2246
102.914672191
K= 2247
109.515199022
K= 2248
279.547826739
K= 2249
130.360611513
K= 2250
501.461802315
K= 2251
100.3616424
K= 2252
458.345000435
K= 2253
650.203497354
K= 2254
93.5265164874
K= 2255
248.652756383
K= 2256
822.459616282
K= 2257
4589.0
K= 2258
368.521951422
K= 2259
526.139395547
K= 2260
8839.0
K= 2261
261.162153421
K= 2262
8645.0
K= 2263
80.5959330143
K= 2264
372.26305778
K= 2265
58.0399569286
K= 2266
116.489868349
K= 2267
8548.16347562
K= 2268
253.467289635
K= 2269
53.8706267091
K= 2270
322.393379993
K= 2271
5666.27921918
K= 2272
318.317737782
K= 2273
5225.36079118
K= 2274
468.04948603
K= 2275
5282.12425353
K= 2276
85.5225739954
K= 2277
8639.07193363
K= 2278
168.909410975
K= 2279
177.861956522
K= 2280
5593.61309272
K= 2281
8627.32957292
K= 2282
83.6843493836
K= 2283
188.761834057
K= 2284
121.377620517
K= 2285
4540.44370572
K= 2286
97.2871838299
K= 2287
315.951721643
K= 2288
125.188822751
K= 2289
270.836556343
K= 2290
6368.78518664
K= 2291
83.503034988
K= 2292
6050.76742676
K= 2293
4594.91666667
K= 2294
5320.2927197
K= 2295
309.852860624
K= 2296
300.962764265
K= 2297
368.521951422
K= 2298
180.805915558
K= 2299
362.913447128
K= 2300
8839.0
K= 2301
6434.94471616
K= 2302
104.815671087
K= 2303
1002.8462941
K= 2304
215.867280092
K= 2305
5860.72123137
K= 2306
64.7762732364
K= 2307
177.205266958
K= 2308
99.7301824624
K= 2309
408.488553613
K= 2310
4646.91666667
K= 2311
4594.91666667
K= 2312
118.187983805
K= 2313
177.861956522
K= 2314
5860.72123137
K= 2315
5045.2566602
K= 2316
0.0
K= 2317
2554.37151931
K= 2318
52.1510582875
K= 2319
534.984393488
K= 2320
138.259075274
K= 2321
5887.44173111
K= 2322
1438.25598758
K= 2323
135.393651864
K= 2324
833.108978042
K= 2325
61.2839219528
K= 2326
921.056535098
K= 2327
5860.72123137
K= 2328
5021.25554738
K= 2329
8627.32957292
K= 2330
540.750906065
K= 2331
168.817621548
K= 2332
739.555171138
K= 2333
89.1150584274
K= 2334
324.938041431
K= 2335
104.869020188
K= 2336
4571.25
K= 2337
55.7746367902
K= 2338
7980.02783158
K= 2339
6575.00605081
K= 2340
167.621882277
K= 2341
4307.83428932
K= 2342
117.377835023
K= 2343
439.937427943
K= 2344
5321.62226516
K= 2345
388.868611393
K= 2346
343.545766246
K= 2347
285.23039697
K= 2348
4576.75
K= 2349
1044.33509752
K= 2350
8839.0
K= 2351
119.452520416
K= 2352
445.876259417
K= 2353
8554.80641822
K= 2354
5680.71708574
K= 2355
177.861956522
K= 2356
212.69295734
K= 2357
528.295285272
K= 2358
441.339865677
K= 2359
4448.83428932
K= 2360
4842.08686352
K= 2361
177.861956522
K= 2362
5450.62226516
K= 2363
74.7108061238
K= 2364
308.978793721
K= 2365
363.846876473
K= 2366
166.821882277
K= 2367
108.241413732
K= 2368
119.514237793
K= 2369
8510.42065853
K= 2370
268.546498983
K= 2371
377.377547823
K= 2372
68.5680327181
K= 2373
162.877196783
K= 2374
300.072090912
K= 2375
4576.27777778
K= 2376
7517.28956533
K= 2377
190.503756987
K= 2378
4307.83428932
K= 2379
4527.68809524
K= 2380
382.279788028
K= 2381
360.959595056
K= 2382
15874.9002652
K= 2383
177.861956522
K= 2384
167.715330183
K= 2385
108.803363823
K= 2386
90.0928980096
K= 2387
3674.19316299
K= 2388
98.3139668987
K= 2389
6182.38638054
K= 2390
186.398671745
K= 2391
4534.48333333
K= 2392
103.964186918
K= 2393
299.929926062
K= 2394
5567.52025267
K= 2395
526.567966976
K= 2396
361.082016274
K= 2397
191.966161843
K= 2398
249.716033105
K= 2399
326.46435458
K= 2400
4574.2
Betweenness Centrality Improvement
[ 0.  0.  0. ...,  0.  0.  0.]
Top 20 BC Improvement
[1508 1599 2382 1657 1627 1983 2159 1499 1700 1573 2193 2236 1694 2100 1775
 2220 2300 2079 2260 2117]
Top 20 BC Improvement
[ 17678.          17678.          15874.90026522  13129.          12534.85179076
  11086.18958538   9131.56693993   9095.09095842   9071.03888889
   9036.74177455   8907.09480065   8839.           8839.           8839.
   8839.           8839.           8839.           8839.           8839.
   8839.        ]
