txValue= 100
IGRAPH D--- 4619 68733 -- 
+ attr: pub_key (v), base_fee (e), capacity (e), fee_rate (e), txCost (e)
None
IGRAPH D--- 4619 68733 -- 
+ attr: pub_key (v), base_fee (e), capacity (e), fee_rate (e), txCost (e)
None
Our nodes starting connections: 
(4618, 2796)
(4618, 1223)
(4618, 498)
(4618, 3265)
(4618, 3884)
(4618, 2836)
(4618, 2032)
(4618, 4051)
K= 3600
241.396469253
K= 3601
54.5775195576
K= 3602
1466.02020835
K= 3603
128.737729764
K= 3604
8576.16666667
K= 3605
309.514789151
K= 3606
4417.26031762
K= 3607
937.616381363
K= 3608
8839.0
K= 3609
167.304815667
K= 3610
8839.0
K= 3611
4485.74444444
K= 3612
4572.61363636
K= 3613
8550.13860029
K= 3614
96.6407886876
K= 3615
4575.16363636
K= 3616
827.933337937
K= 3617
5316.89685888
K= 3618
84.447978922
K= 3619
314.824593223
K= 3620
240.621885784
K= 3621
147.828982003
K= 3622
173.778623188
K= 3623
257.415180959
K= 3624
388.122668163
K= 3625
53.5368503364
K= 3626
7186.78202574
K= 3627
6719.30486163
K= 3628
514.210232985
K= 3629
351.787945807
K= 3630
59.0034940384
K= 3631
258.154814287
K= 3632
297.489825476
K= 3633
44.9049023873
K= 3634
386.956434397
K= 3635
523.895239703
K= 3636
220.588262554
K= 3637
137.785750814
K= 3638
146.098610659
K= 3639
496.866455584
K= 3640
312.177054335
K= 3641
527.338476016
K= 3642
1190.56619276
K= 3643
4478.03296703
K= 3644
105.505365585
K= 3645
129.893945991
K= 3646
4613.88154618
K= 3647
4275.47501026
K= 3648
4543.56677041
K= 3649
4560.75
K= 3650
6719.30486163
K= 3651
5607.81878961
K= 3652
8640.42105263
K= 3653
1217.17061252
K= 3654
5496.95449099
K= 3655
5845.73222697
K= 3656
7061.11972438
K= 3657
8405.34954479
K= 3658
123.971933625
K= 3659
145.061359867
K= 3660
4311.83428932
K= 3661
120.560106397
K= 3662
162.311335404
K= 3663
4193.0281563
K= 3664
7585.3177879
K= 3665
137.074209969
K= 3666
171.685087868
K= 3667
4567.78260668
K= 3668
8839.0
K= 3669
295.457769618
K= 3670
95.2951616194
K= 3671
4476.03296703
K= 3672
469.345000435
K= 3673
4311.83428932
K= 3674
516.064113049
K= 3675
4535.18647399
K= 3676
169.115940015
K= 3677
100.142742175
K= 3678
4432.42717188
K= 3679
1952.74279304
K= 3680
282.569747713
K= 3681
103.00508771
K= 3682
116.31790734
K= 3683
397.657431742
K= 3684
410.639508479
K= 3685
470.673047664
K= 3686
134.001515949
K= 3687
1037.58668165
K= 3688
4311.83428932
K= 3689
122.821091085
K= 3690
2022.90079918
K= 3691
5864.46886869
K= 3692
103.63140406
K= 3693
298.975848979
K= 3694
116.502050956
K= 3695
68.5034245156
K= 3696
1736.07090012
K= 3697
5327.93463619
K= 3698
5894.50980426
K= 3699
80.503664054
K= 3700
4434.50968766
K= 3701
1313.23473338
K= 3702
277.833309045
K= 3703
64.503280931
K= 3704
112.540627788
K= 3705
8640.42105263
K= 3706
305.914720955
K= 3707
444.876259417
K= 3708
138.459954095
K= 3709
124.301373099
K= 3710
156.905312961
K= 3711
80.6445424132
K= 3712
6334.27742818
K= 3713
377.790817368
K= 3714
4637.17270255
K= 3715
5088.97902089
K= 3716
180.961788281
K= 3717
5895.27451015
K= 3718
173.15875973
K= 3719
8839.0
K= 3720
234.029243614
K= 3721
358.224833177
K= 3722
261.146137245
K= 3723
133.544643571
K= 3724
4949.18277134
K= 3725
6319.19717759
K= 3726
5455.3093933
K= 3727
215.57393827
K= 3728
240.456483867
K= 3729
209.014923705
K= 3730
367.3888633
K= 3731
113.162043961
K= 3732
1414.1300381
K= 3733
99.8253298037
K= 3734
6203.69637361
K= 3735
297.186126397
K= 3736
305.830999858
K= 3737
4966.27616325
K= 3738
140.603332414
K= 3739
8839.0
K= 3740
6216.02768799
K= 3741
523.139395547
K= 3742
57.036595696
K= 3743
108.574133905
K= 3744
173.636751354
K= 3745
73.7998453435
K= 3746
367.240574121
K= 3747
672.928245521
K= 3748
175.565621744
K= 3749
264.874218681
K= 3750
103.194741441
K= 3751
85.8833333332
K= 3752
90.6854431885
K= 3753
390.893039828
K= 3754
727.167840054
K= 3755
4446.83224145
K= 3756
100.189158337
K= 3757
86.9749245039
K= 3758
8839.0
K= 3759
180.357682354
K= 3760
3529.46088833
K= 3761
523.567966976
K= 3762
1125.49356062
K= 3763
160.183044736
K= 3764
4311.83428932
K= 3765
91.8896109241
K= 3766
4478.03296703
K= 3767
5845.73222697
K= 3768
334.311907428
K= 3769
168.637105095
K= 3770
163.452519362
K= 3771
91.3348573917
K= 3772
69.3958539198
K= 3773
5133.093133
K= 3774
369.648953686
K= 3775
138.245728466
K= 3776
93.7014261817
K= 3777
707.77526908
K= 3778
862.030320591
K= 3779
357.576994198
K= 3780
152.784598459
K= 3781
2202.85144024
K= 3782
448.859127963
K= 3783
349.156299591
K= 3784
6719.30486163
K= 3785
4311.83428932
K= 3786
373.81141158
K= 3787
112.65934505
K= 3788
337.758932592
K= 3789
181.260247119
K= 3790
125.584433625
K= 3791
6719.30486163
K= 3792
124.446373472
K= 3793
387.723267714
K= 3794
319.830291255
K= 3795
176.361956522
K= 3796
106.670535229
K= 3797
153.746933625
K= 3798
6677.59057592
K= 3799
2500.05449207
K= 3800
223.184062153
K= 3801
385.298181189
K= 3802
89.0511603848
K= 3803
8839.0
K= 3804
4950.22702789
K= 3805
92.1828424488
K= 3806
533.801309906
K= 3807
393.373951527
K= 3808
684.189187463
K= 3809
185.429229682
K= 3810
8839.0
K= 3811
317.042368337
K= 3812
174.418796705
K= 3813
4131.93092533
K= 3814
126.394407253
K= 3815
1907.15212279
K= 3816
168.630321344
K= 3817
2249.90055075
K= 3818
378.305436647
K= 3819
242.729687293
K= 3820
109.306771541
K= 3821
496.866455584
K= 3822
107.957898163
K= 3823
8839.0
K= 3824
171.305266958
K= 3825
8839.0
K= 3826
87.5675143891
K= 3827
62.3906296716
K= 3828
150.924605914
K= 3829
7960.305063
K= 3830
365.32188077
K= 3831
8638.0
K= 3832
228.310379026
K= 3833
45.9110289456
K= 3834
300.848365049
K= 3835
166.850490196
K= 3836
98.9446278703
K= 3837
6791.97786921
K= 3838
311.391550513
K= 3839
100.114592217
K= 3840
329.862940949
K= 3841
4189.95968347
K= 3842
8839.0
K= 3843
523.567966976
K= 3844
423.724031258
K= 3845
141.894011177
K= 3846
53.4833333332
K= 3847
4383.67278592
K= 3848
56.2517961746
K= 3849
411.61228541
K= 3850
4734.2120838
K= 3851
172.984109145
K= 3852
8320.2722379
K= 3853
143.382221424
K= 3854
150.226072649
K= 3855
385.868611393
K= 3856
6204.55467454
K= 3857
193.328093097
K= 3858
304.8376184
K= 3859
64.6916131766
K= 3860
240.457540664
K= 3861
68.7061064348
K= 3862
4155.09237117
K= 3863
208.425224674
K= 3864
170.659516789
K= 3865
3221.40450124
K= 3866
8839.0
K= 3867
176.361956522
K= 3868
159.649555229
K= 3869
5949.265885
K= 3870
327.673047664
K= 3871
121.191783787
K= 3872
303.903618999
K= 3873
4478.03296703
K= 3874
179.780089438
K= 3875
109.161740314
K= 3876
176.361956522
K= 3877
176.361956522
K= 3878
106.2
K= 3879
127.377335585
K= 3880
141.763974211
K= 3881
111.263718954
K= 3882
399.916060995
K= 3883
4311.83428932
K= 3884
323.110793832
K= 3885
6319.19717759
K= 3886
176.361956522
K= 3887
90.3956505047
K= 3888
399.123018206
K= 3889
71.9607234292
K= 3890
5291.46489736
K= 3891
5142.40062615
K= 3892
149.176926268
K= 3893
119.531957311
K= 3894
90.5595378899
K= 3895
4431.3
K= 3896
554.68160334
K= 3897
4444.83296703
K= 3898
733.117778594
K= 3899
4398.20325181
K= 3900
8839.0
K= 3901
627.404827973
K= 3902
4594.91666667
K= 3903
4582.2
K= 3904
245.475637553
K= 3905
631.52452547
K= 3906
6800.18423056
K= 3907
1555.65229526
K= 3908
8649.0
K= 3909
6380.11986187
K= 3910
248.943900107
K= 3911
183.947437916
K= 3912
94.8279008447
K= 3913
1280.1485342
K= 3914
142.99199647
K= 3915
95.8766048866
K= 3916
8627.41780822
K= 3917
4280.05319955
K= 3918
4478.03296703
K= 3919
176.111956522
K= 3920
151.546423931
K= 3921
313.142435053
K= 3922
5016.06619918
K= 3923
354.389150452
K= 3924
161.013600292
K= 3925
119.266408848
K= 3926
144.035208441
K= 3927
397.339619248
K= 3928
120.382324197
K= 3929
424.53312225
K= 3930
94.2921401612
K= 3931
716.524301937
K= 3932
139.106491762
K= 3933
290.321777641
K= 3934
215.723398497
K= 3935
7257.83904832
K= 3936
59.6929550574
K= 3937
445.533734925
K= 3938
688.318038955
K= 3939
4571.09789787
K= 3940
1538.64302598
K= 3941
8626.84234509
K= 3942
171.305266958
K= 3943
4450.93209108
K= 3944
120.974416165
K= 3945
297.699704385
K= 3946
5548.81476944
K= 3947
4167.95968347
K= 3948
184.560213293
K= 3949
1410.71768248
K= 3950
5591.61881869
K= 3951
561.382756279
K= 3952
275.012132971
K= 3953
313.55655166
K= 3954
100.575329804
K= 3955
4546.99576822
K= 3956
350.784832418
K= 3957
146.255167531
K= 3958
382.217722177
K= 3959
4311.83428932
K= 3960
8839.0
K= 3961
171.305266958
K= 3962
347.073796589
K= 3963
116.870238095
K= 3964
450.293626364
K= 3965
1113.92521751
K= 3966
6263.03598088
K= 3967
83.3783660004
K= 3968
161.574155696
K= 3969
6115.52639188
K= 3970
123.556037151
K= 3971
126.697423821
K= 3972
251.594254045
K= 3973
176.171572066
K= 3974
277.827453543
K= 3975
5274.52185888
K= 3976
246.598132321
K= 3977
4399.3372407
K= 3978
94.5290043042
K= 3979
91.5683825969
K= 3980
334.200069575
K= 3981
5421.16772847
K= 3982
6204.55467454
K= 3983
348.090915959
K= 3984
112.288705805
K= 3985
433.656478301
K= 3986
4575.17777778
K= 3987
262.074212864
K= 3988
359.998186534
K= 3989
5445.89685888
K= 3990
10831.1280241
K= 3991
1312.8766789
K= 3992
4383.67278592
K= 3993
134.341645148
K= 3994
5316.89685888
K= 3995
248.396543901
K= 3996
8649.0
K= 3997
147.700505054
K= 3998
1055.16759456
K= 3999
136.428789659
K= 4000
4582.0462409
K= 4001
249.736921279
K= 4002
3087.98416361
K= 4003
6871.39289967
K= 4004
115.944320873
K= 4005
385.868611393
K= 4006
171.944441264
K= 4007
382.917494072
K= 4008
149.004590298
K= 4009
6378.02257223
K= 4010
335.682469402
K= 4011
130.328374065
K= 4012
4582.33333333
K= 4013
124.799473732
K= 4014
4475.78296703
K= 4015
8655.0
K= 4016
6204.55467454
K= 4017
8839.0
K= 4018
4469.63296703
K= 4019
2210.04911453
K= 4020
215.403010083
K= 4021
283.967990822
K= 4022
8839.0
K= 4023
539.813862731
K= 4024
4311.83428932
K= 4025
1730.39950647
K= 4026
5909.73222697
K= 4027
168.153730583
K= 4028
114.445147926
K= 4029
5511.68726835
K= 4030
90.887160962
K= 4031
3033.8994052
K= 4032
6183.13980487
K= 4033
143.165874259
K= 4034
8839.0
K= 4035
3564.1691567
K= 4036
85.4421126144
K= 4037
394.808029954
K= 4038
7430.31058474
K= 4039
4739.75214393
K= 4040
1937.08101583
K= 4041
4311.83428932
K= 4042
150.449273348
K= 4043
4152.4725937
K= 4044
176.257851152
K= 4045
5510.14604916
K= 4046
85.5829261257
K= 4047
481.861349376
K= 4048
309.560564851
K= 4049
140.268927285
K= 4050
176.361956522
K= 4051
112.336946697
K= 4052
4311.83428932
K= 4053
4311.83428932
K= 4054
77.9104590723
K= 4055
5238.59560078
K= 4056
151.899473732
K= 4057
156.796109025
K= 4058
523.889395547
K= 4059
95.6257575756
K= 4060
6843.82609771
K= 4061
124.224007756
K= 4062
207.42155755
K= 4063
364.804793831
K= 4064
4311.83428932
K= 4065
160.138600292
K= 4066
6027.25422155
K= 4067
331.121662556
K= 4068
8649.0
K= 4069
507.9980511
K= 4070
8839.0
K= 4071
478.536967992
K= 4072
470.673047664
K= 4073
195.718979898
K= 4074
346.635262323
K= 4075
342.108844246
K= 4076
275.539394237
K= 4077
293.187714138
K= 4078
8640.58621919
K= 4079
330.351585013
K= 4080
6528.49094076
K= 4081
100.882208355
K= 4082
136.096775168
K= 4083
895.871021041
K= 4084
5132.75652957
K= 4085
76.6824203045
K= 4086
136.597641143
K= 4087
336.701807132
K= 4088
4587.72222222
K= 4089
4577.16666667
K= 4090
4185.0281563
K= 4091
204.553587946
K= 4092
552.253031911
K= 4093
8649.0
K= 4094
199.111732764
K= 4095
4572.50430108
K= 4096
5845.73222697
K= 4097
574.056543889
K= 4098
213.737684211
K= 4099
102.598878103
K= 4100
112.687351694
K= 4101
6238.8614699
K= 4102
103.923724285
K= 4103
452.898913048
K= 4104
268.067014436
K= 4105
4646.32236181
K= 4106
215.417177307
K= 4107
104.619757622
K= 4108
6664.28895508
K= 4109
8839.0
K= 4110
149.60762415
K= 4111
8574.0885172
K= 4112
378.123612818
K= 4113
100.202909869
K= 4114
122.141276371
K= 4115
4152.4725937
K= 4116
76.3274779968
K= 4117
210.63199544
K= 4118
378.305436647
K= 4119
471.645294996
K= 4120
273.193717684
K= 4121
368.145541089
K= 4122
367.549213059
K= 4123
169.297231434
K= 4124
5310.4359438
K= 4125
4571.75
K= 4126
90.2798478557
K= 4127
6501.02600088
K= 4128
5749.95884113
K= 4129
164.674761512
K= 4130
8559.24268387
K= 4131
98.0753298037
K= 4132
8469.39339099
K= 4133
482.348194788
K= 4134
318.890372938
K= 4135
8649.0
K= 4136
5405.47327287
K= 4137
6719.30486163
K= 4138
5831.50981887
K= 4139
127.419559664
K= 4140
109.499090874
K= 4141
8839.0
K= 4142
4311.83428932
K= 4143
159.258699633
K= 4144
6910.47759516
K= 4145
6204.55467454
K= 4146
5469.52352846
K= 4147
171.305266958
K= 4148
387.630921098
K= 4149
4335.10989011
K= 4150
366.021951422
K= 4151
1175.58706418
K= 4152
133.368311573
K= 4153
137.694337677
K= 4154
40.6689042446
K= 4155
131.00073045
K= 4156
870.729679065
K= 4157
575.428738864
K= 4158
180.774451598
K= 4159
361.59697568
K= 4160
4574.82608696
K= 4161
91.1103024998
K= 4162
243.81125584
K= 4163
5344.22906372
K= 4164
7044.41220472
K= 4165
151.400811235
K= 4166
2202.85144024
K= 4167
503.38509368
K= 4168
5839.79164906
K= 4169
71.9760328438
K= 4170
87.3348170036
K= 4171
139.171428571
K= 4172
11858.0907218
K= 4173
126.309217378
K= 4174
152.758331438
K= 4175
169.084905538
K= 4176
145.522904437
K= 4177
143.076902208
K= 4178
8692.2892427
K= 4179
150.206521739
K= 4180
5489.03097623
K= 4181
5485.14081749
K= 4182
329.958085696
K= 4183
243.012324028
K= 4184
4834.44986139
K= 4185
79.1057636476
K= 4186
8649.0
K= 4187
173.900648704
K= 4188
6368.52750169
K= 4189
180.468242558
K= 4190
108.182645914
K= 4191
738.712105767
K= 4192
98.6640606283
K= 4193
390.579633115
K= 4194
99.505078467
K= 4195
4311.83428932
K= 4196
116.509261891
K= 4197
523.139395547
K= 4198
156.842620859
K= 4199
40.3016594512
K= 4200
5845.73222697
K= 4201
291.017944706
K= 4202
117.707664356
K= 4203
176.361956522
K= 4204
118.809635485
K= 4205
1032.43081721
K= 4206
296.165854526
K= 4207
103.458961706
K= 4208
8839.0
K= 4209
9157.22052682
K= 4210
6981.24504604
K= 4211
806.936962028
K= 4212
8649.0
K= 4213
4476.03296703
K= 4214
167.553308789
K= 4215
5014.65337529
K= 4216
172.111956522
K= 4217
362.54292839
K= 4218
145.165654696
K= 4219
4242.61855636
K= 4220
134.088705816
K= 4221
510.513015251
K= 4222
137.83250898
K= 4223
4575.37857143
K= 4224
577.283007363
K= 4225
6124.22946624
K= 4226
203.851763879
K= 4227
304.642326677
K= 4228
158.497418746
K= 4229
74.0547973997
K= 4230
188.065031309
K= 4231
771.023105054
K= 4232
4386.76008616
K= 4233
523.567966976
K= 4234
161.214317999
K= 4235
382.45002165
K= 4236
66.673598652
K= 4237
323.148818958
K= 4238
493.610494129
K= 4239
109.587871964
K= 4240
122.93119525
K= 4241
3929.76349038
K= 4242
138.572502381
K= 4243
137.061990374
K= 4244
500.323914202
K= 4245
162.52646088
K= 4246
211.254737236
K= 4247
267.645647253
K= 4248
115.283280988
K= 4249
444.751259417
K= 4250
929.401802533
K= 4251
5592.50475475
K= 4252
96.4219336251
K= 4253
5444.99086183
K= 4254
4311.83428932
K= 4255
176.361956522
K= 4256
158.471933625
K= 4257
4363.39444444
K= 4258
8640.32957292
K= 4259
50.7836962315
K= 4260
458.917682868
K= 4261
4559.73047616
K= 4262
5316.89685888
K= 4263
360.513199019
K= 4264
3925.60807654
K= 4265
523.567966976
K= 4266
182.377575411
K= 4267
252.329150058
K= 4268
161.651822472
K= 4269
5030.74265996
K= 4270
5978.49492032
K= 4271
368.298226032
K= 4272
8839.0
K= 4273
523.139395547
K= 4274
4311.83428932
K= 4275
86.3112685592
K= 4276
135.69151201
K= 4277
4522.041247
K= 4278
90.129715198
K= 4279
6422.1642003
K= 4280
4570.75
K= 4281
98.1534747896
K= 4282
17678.0
K= 4283
75.5786671509
K= 4284
4583.1
K= 4285
97.6385672572
K= 4286
1932.75644674
K= 4287
1829.53941078
K= 4288
5006.48096494
K= 4289
3347.45914488
K= 4290
5159.09842964
K= 4291
156.640269488
K= 4292
138.407149569
K= 4293
3310.28564161
K= 4294
138.801190476
K= 4295
351.377363676
K= 4296
5318.58351611
K= 4297
8839.0
K= 4298
6204.55467454
K= 4299
497.10968696
K= 4300
6110.0365803
K= 4301
359.480640681
K= 4302
449.279330475
K= 4303
1044.6148373
K= 4304
2278.92871521
K= 4305
384.463935059
K= 4306
150.604369281
K= 4307
98.5285532884
K= 4308
523.567966976
K= 4309
89.2092870646
K= 4310
5856.7200215
K= 4311
67.1635549765
K= 4312
4311.83428932
K= 4313
279.569354305
K= 4314
132.428722777
K= 4315
233.147241959
K= 4316
174.795511598
K= 4317
746.96734763
K= 4318
176.361956522
K= 4319
110.595574548
K= 4320
171.305266958
K= 4321
374.276497307
K= 4322
75.5549654802
K= 4323
240.234671869
K= 4324
65.3724020546
K= 4325
88.7940970192
K= 4326
130.769921483
K= 4327
163.270783978
K= 4328
87.4556101429
K= 4329
269.458015392
K= 4330
206.569990999
K= 4331
246.331571635
K= 4332
345.480762593
K= 4333
235.775661648
K= 4334
176.361956522
K= 4335
352.79292839
K= 4336
528.106058202
K= 4337
94.9808273747
K= 4338
189.385994168
K= 4339
5560.25228847
K= 4340
51.4833333332
K= 4341
468.365120866
K= 4342
4478.03296703
K= 4343
255.762572352
K= 4344
5652.18873488
K= 4345
139.507458834
K= 4346
148.548662963
K= 4347
4541.99444444
K= 4348
5133.093133
K= 4349
523.567966976
K= 4350
353.874682904
K= 4351
132.51194245
K= 4352
127.826692578
K= 4353
495.760477323
K= 4354
5130.40825344
K= 4355
8412.66356108
K= 4356
5229.07951665
K= 4357
117.12324823
K= 4358
302.350550987
K= 4359
83.9852367825
K= 4360
316.779744319
K= 4361
96.9776454251
K= 4362
5622.05629593
K= 4363
52.1147143256
K= 4364
7765.80857151
K= 4365
4193.0281563
K= 4366
179.105512503
K= 4367
205.525300386
K= 4368
169.379277172
K= 4369
132.891388423
K= 4370
455.345000435
K= 4371
4537.74444444
K= 4372
141.023355279
K= 4373
385.934577922
K= 4374
5437.48290421
K= 4375
988.466727039
K= 4376
110.92064728
K= 4377
4549.91666667
K= 4378
4396.36111111
K= 4379
5445.89685888
K= 4380
417.621639975
K= 4381
5316.89685888
K= 4382
6331.11286303
K= 4383
343.528204266
K= 4384
13714.1423314
K= 4385
523.139395547
K= 4386
530.290600648
K= 4387
5255.77244983
K= 4388
6080.51432963
K= 4389
8421.73158419
K= 4390
193.53209328
K= 4391
211.284501221
K= 4392
3414.67638132
K= 4393
109.537688493
K= 4394
393.057403325
K= 4395
63.0505048102
K= 4396
8839.0
K= 4397
7868.21079773
K= 4398
152.449846586
K= 4399
463.858033016
K= 4400
166.784793313
K= 4401
5445.89685888
K= 4402
6719.30486163
K= 4403
103.722724388
K= 4404
8839.0
K= 4405
58.9105671694
K= 4406
150.487364412
K= 4407
2202.85144024
K= 4408
4163.20407524
K= 4409
523.139395547
K= 4410
5316.89685888
K= 4411
360.558735064
K= 4412
179.943425702
K= 4413
342.214758863
K= 4414
8649.0
K= 4415
5093.97468165
K= 4416
4399.39444444
K= 4417
540.390237276
K= 4418
523.139395547
K= 4419
364.52183574
K= 4420
328.735896341
K= 4421
153.313518423
K= 4422
220.547069532
K= 4423
482.354726117
K= 4424
72.5890843082
K= 4425
5133.093133
K= 4426
385.868611393
K= 4427
5274.35915652
K= 4428
157.333513932
K= 4429
310.591767375
K= 4430
4478.03296703
K= 4431
90.2037791653
K= 4432
159.74199647
K= 4433
140.935794392
K= 4434
1253.17753995
K= 4435
151.584370508
K= 4436
1312.14583412
K= 4437
471.248951278
K= 4438
5591.61881869
K= 4439
841.614043822
K= 4440
87.5566181617
K= 4441
7149.1868727
K= 4442
289.542904229
K= 4443
109.628937823
K= 4444
221.883258809
K= 4445
341.824149184
K= 4446
4311.83428932
K= 4447
8558.94927536
K= 4448
308.822855104
K= 4449
8839.0
K= 4450
4528.48333333
K= 4451
71.0329831704
K= 4452
155.656798627
K= 4453
4577.357793
K= 4454
8839.0
K= 4455
150.997754889
K= 4456
523.567966976
K= 4457
140.444251494
K= 4458
5845.73222697
K= 4459
301.586964283
K= 4460
5316.89685888
K= 4461
442.67577345
K= 4462
311.721546843
K= 4463
2421.65463166
K= 4464
114.041708261
K= 4465
401.687925358
K= 4466
97.8052920306
K= 4467
5364.2801641
K= 4468
523.139395547
K= 4469
5204.46690162
K= 4470
4201.0281563
K= 4471
188.065151018
K= 4472
296.419445618
K= 4473
74.1411305721
K= 4474
125.201356794
K= 4475
229.702802072
K= 4476
196.451544862
K= 4477
4311.83428932
K= 4478
7430.31058474
K= 4479
280.217453804
K= 4480
495.878659141
K= 4481
176.361956522
K= 4482
484.61243394
K= 4483
5291.46489736
K= 4484
139.055266958
K= 4485
316.688618088
K= 4486
4391.275
K= 4487
138.331697975
K= 4488
298.351044682
K= 4489
836.27011384
K= 4490
1024.65509696
K= 4491
154.135498994
K= 4492
5358.49236032
K= 4493
1213.49228782
K= 4494
128.014060557
K= 4495
4472.36666667
K= 4496
84.6845471574
K= 4497
715.915284381
K= 4498
17223.9285714
K= 4499
4546.28491803
K= 4500
141.955814736
K= 4501
228.350669815
K= 4502
1257.19712644
K= 4503
4541.02627707
K= 4504
102.770349537
K= 4505
735.574976349
K= 4506
670.132512992
K= 4507
77.2507791726
K= 4508
141.864514278
K= 4509
5560.25228847
K= 4510
4311.83428932
K= 4511
248.936921279
K= 4512
380.020358107
K= 4513
6050.98349893
K= 4514
208.210337002
K= 4515
388.080921098
K= 4516
176.361956522
K= 4517
432.513138928
K= 4518
419.759552482
K= 4519
173.58866077
K= 4520
300.798916385
K= 4521
290.100614786
K= 4522
4582.33333333
K= 4523
5002.50274174
K= 4524
6719.30486163
K= 4525
104.515826519
K= 4526
139.64884879
K= 4527
5133.093133
K= 4528
83.3665343954
K= 4529
302.980940452
K= 4530
176.733385093
K= 4531
8640.42105263
K= 4532
351.399109458
K= 4533
125.694349405
K= 4534
144.470248788
K= 4535
5283.50125974
K= 4536
5496.65420093
K= 4537
146.776642285
K= 4538
75.0614156765
K= 4539
178.80072882
K= 4540
187.849415457
K= 4541
206.263644597
K= 4542
177.478255277
K= 4543
4566.25342322
K= 4544
4382.33428932
K= 4545
6992.32173048
K= 4546
1544.30201939
K= 4547
8649.0
K= 4548
100.198620771
K= 4549
173.610760528
K= 4550
101.360578754
K= 4551
4311.83428932
K= 4552
4397.58675214
K= 4553
4976.96409693
K= 4554
157.374523809
K= 4555
8538.43286321
K= 4556
273.779694852
K= 4557
8839.0
K= 4558
6594.16620986
K= 4559
8620.561811
K= 4560
4311.83428932
K= 4561
2202.85144024
K= 4562
138.331697975
K= 4563
4553.32672275
K= 4564
5316.89685888
K= 4565
137.724615228
K= 4566
4533.49795322
K= 4567
96.3374839667
K= 4568
201.329954293
K= 4569
353.751261723
K= 4570
4311.83428932
K= 4571
300.010222799
K= 4572
4586.47742518
K= 4573
529.258197138
K= 4574
4311.83428932
K= 4575
3475.26857069
K= 4576
171.305266958
K= 4577
8573.49998447
K= 4578
4311.83428932
K= 4579
124.288641906
K= 4580
356.70544089
K= 4581
313.71963454
K= 4582
4870.79890519
K= 4583
311.741692875
K= 4584
115.257226136
K= 4585
136.97579365
K= 4586
81.8631583597
K= 4587
74.9485765917
K= 4588
580.000166585
K= 4589
184.103587946
K= 4590
137.413961561
K= 4591
3821.32830229
K= 4592
60.3159835853
K= 4593
333.95528548
K= 4594
83.1146845176
K= 4595
430.343292383
K= 4596
211.514054423
K= 4597
8540.90586323
K= 4598
249.436921279
K= 4599
815.641562623
K= 4600
8839.0
K= 4601
297.662790755
K= 4602
5560.25228847
K= 4603
90.4440309821
K= 4604
111.853141191
K= 4605
6776.9845015
K= 4606
148.138600292
K= 4607
351.712796137
K= 4608
323.129134513
K= 4609
4584.0
K= 4610
164.075329804
K= 4611
180.739381702
K= 4612
5637.5373195
K= 4613
4311.83428932
K= 4614
243.457658644
K= 4615
6405.54650171
K= 4616
126.800202837
K= 4617
5798.97834765
Betweenness Centrality Improvement
[    0.             0.             0.         ...,   126.80020284
  5798.97834765     0.        ]
Top 20 BC Improvement
[4282 4498 4384 4172 3990 4209 3866 4396 4141 4017 4404 3719 4109 4557 3739
 3960 3842 3758 4070 4034]
Top 20 BC Improvement
[ 17678.          17223.92857143  13714.14233138  11858.09072181
  10831.1280241    9157.22052682   8839.           8839.           8839.
   8839.           8839.           8839.           8839.           8839.
   8839.           8839.           8839.           8839.           8839.
   8839.        ]
