txValue= 100
IGRAPH D--- 4619 68733 -- 
+ attr: pub_key (v), base_fee (e), capacity (e), fee_rate (e), txCost (e)
None
IGRAPH D--- 4619 68733 -- 
+ attr: pub_key (v), base_fee (e), capacity (e), fee_rate (e), txCost (e)
None
Our nodes starting connections: 
(4618, 2796)
(4618, 1223)
(4618, 498)
K= 1200
353.58876998
K= 1201
283.788647703
K= 1202
33.3622579174
K= 1203
361.537169103
K= 1204
369.842408985
K= 1205
4331.97457181
K= 1206
105.762368167
K= 1207
255.173916385
K= 1208
264.862806638
K= 1209
54.0296392434
K= 1210
101.120816694
K= 1211
112.271922863
K= 1212
58.0801928721
K= 1213
138.663600292
K= 1214
4543.72619048
K= 1215
81.9074561405
K= 1216
122.550313283
K= 1217
1999.07781284
K= 1218
87.0169564965
K= 1219
163.388358193
K= 1220
63.4432900434
K= 1221
150.496933625
K= 1222
66.4785196688
K= 1223
745.885470186
K= 1224
304.978001422
K= 1225
253.134838628
K= 1226
4569.83333333
K= 1227
5818.45389784
K= 1228
213.161781816
K= 1229
8537.9667451
K= 1230
160.861956522
K= 1231
105.998041722
K= 1232
82.6595238094
K= 1233
295.20992554
K= 1234
195.966760798
K= 1235
274.786814426
K= 1236
51.7261904762
K= 1237
6094.322125
K= 1238
213.376208752
K= 1239
65.8051997813
K= 1240
149.496933625
K= 1241
420.797312668
K= 1242
8648.0
K= 1243
8751.0
K= 1244
5387.57264745
K= 1245
4524.06666667
K= 1246
123.49444776
K= 1247
413.909520272
K= 1248
129.591646931
K= 1249
56.4192982457
K= 1250
57.5599874329
K= 1251
321.599922966
K= 1252
96.9642079568
K= 1253
294.920036184
K= 1254
8663.0
K= 1255
6961.94105415
K= 1256
5250.69732933
K= 1257
49.2175324679
K= 1258
6006.31027569
K= 1259
8827.0
K= 1260
74.2773809526
K= 1261
205.89423979
K= 1262
7704.55575634
K= 1263
252.583440194
K= 1264
4574.84375
K= 1265
109.582090401
K= 1266
4538.775
K= 1267
416.343662418
K= 1268
657.780960015
K= 1269
160.861956522
K= 1270
5929.55632281
K= 1271
138.602095242
K= 1272
106.630580348
K= 1273
141.152535658
K= 1274
503.456062214
K= 1275
32.4875924798
K= 1276
5251.44786025
K= 1277
6375.64258902
K= 1278
81.2909583487
K= 1279
134.895650249
K= 1280
29.9463690058
K= 1281
1487.27632523
K= 1282
4331.97457181
K= 1283
150.496933625
K= 1284
160.861956522
K= 1285
74.7800503826
K= 1286
411.223384799
K= 1287
160.611956522
K= 1288
5707.56830022
K= 1289
11.3748014981
K= 1290
160.861956522
K= 1291
5378.65438199
K= 1292
5257.33211125
K= 1293
8652.91780822
K= 1294
210.880171062
K= 1295
99.4166666667
K= 1296
6473.60281231
K= 1297
4572.0
K= 1298
5079.67586022
K= 1299
283.362144224
K= 1300
28.1136775502
K= 1301
8633.81818182
K= 1302
4446.94444444
K= 1303
4572.1
K= 1304
25.4568288922
K= 1305
319.036138237
K= 1306
339.62958306
K= 1307
5251.7205272
K= 1308
233.581629661
K= 1309
134.54365804
K= 1310
319.878001422
K= 1311
100.579593038
K= 1312
288.62127933
K= 1313
173.455707328
K= 1314
362.797587765
K= 1315
338.082279503
K= 1316
319.692075346
K= 1317
339.45531437
K= 1318
34.0885281384
K= 1319
6473.60281231
K= 1320
2847.23388956
K= 1321
6306.98417114
K= 1322
5855.69874851
K= 1323
332.823851016
K= 1324
629.08760604
K= 1325
45.231007778
K= 1326
23.4531250001
K= 1327
94.4171743951
K= 1328
194.532981236
K= 1329
8379.96399605
K= 1330
412.997725677
K= 1331
353.58876998
K= 1332
5818.45389784
K= 1333
344.817553763
K= 1334
5762.56830022
K= 1335
4035.57142857
K= 1336
160.111956522
K= 1337
206.928623189
K= 1338
63.1295995673
K= 1339
107.319047619
K= 1340
503.456062214
K= 1341
843.172270775
K= 1342
120.550313283
K= 1343
151.75
K= 1344
5766.58915668
K= 1345
8827.0
K= 1346
88.4028237562
K= 1347
5394.34614571
K= 1348
160.83452381
K= 1349
38.681807082
K= 1350
145.318504569
K= 1351
106.85530303
K= 1352
1517.75222289
K= 1353
956.436659511
K= 1354
324.837687729
K= 1355
184.569662598
K= 1356
173.323738377
K= 1357
195.907348739
K= 1358
23.4135023468
K= 1359
551.55119917
K= 1360
753.726474427
K= 1361
160.861956522
K= 1362
6266.19946441
K= 1363
208.138164442
K= 1364
34.9581890334
K= 1365
4236.82608696
K= 1366
160.861956522
K= 1367
100.346564659
K= 1368
5450.04669573
K= 1369
5677.18663627
K= 1370
120.366991343
K= 1371
54.0526806527
K= 1372
306.951199949
K= 1373
941.933637914
K= 1374
8827.0
K= 1375
241.560818139
K= 1376
386.842392775
K= 1377
24.290469253
K= 1378
220.048394271
K= 1379
48.8240440118
K= 1380
111.00952381
K= 1381
32.1143912991
K= 1382
171.729174837
K= 1383
47.8491789656
K= 1384
4507.94444444
K= 1385
5532.47820222
K= 1386
5762.56830022
K= 1387
8663.0
K= 1388
8603.57179926
K= 1389
5224.55838547
K= 1390
292.712560969
K= 1391
364.141363287
K= 1392
227.137714599
K= 1393
8827.0
K= 1394
292.610657283
K= 1395
191.14633746
K= 1396
4888.17401155
K= 1397
46.0166666667
K= 1398
231.222677323
K= 1399
4331.97457181
K= 1400
269.480243921
K= 1401
103.163600292
K= 1402
78.7166666669
K= 1403
4455.57142857
K= 1404
4572.1
K= 1405
80.1195529412
K= 1406
498.333632432
K= 1407
90.0738095238
K= 1408
5493.57526135
K= 1409
5735.02753296
K= 1410
4331.97457181
K= 1411
227.221180531
K= 1412
4558.83333333
K= 1413
4444.57142857
K= 1414
294.812800551
K= 1415
4234.0
K= 1416
112.125313283
K= 1417
41.8203865581
K= 1418
5487.80299356
K= 1419
287.742013177
K= 1420
477.918183308
K= 1421
5411.76964027
K= 1422
93.3679292931
K= 1423
137.671797013
K= 1424
160.861956522
K= 1425
76.3130321066
K= 1426
354.252150997
K= 1427
5412.13406086
K= 1428
8173.09786525
K= 1429
166.925386088
K= 1430
30.5453823954
K= 1431
503.456062214
K= 1432
152.944511833
K= 1433
120.762905295
K= 1434
498.449429408
K= 1435
430.19662257
K= 1436
5630.22301558
K= 1437
5423.61445788
K= 1438
44.5333333337
K= 1439
1595.90160385
K= 1440
503.202563909
K= 1441
247.290465586
K= 1442
66.6214285711
K= 1443
8433.73498965
K= 1444
313.733824435
K= 1445
6006.31027569
K= 1446
120.816098794
K= 1447
8433.73498965
K= 1448
7082.4390867
K= 1449
86.1636002918
K= 1450
193.489593474
K= 1451
185.872387743
K= 1452
4425.25
K= 1453
20.7300475667
K= 1454
140.65592523
K= 1455
265.83007148
K= 1456
43.5595238095
K= 1457
47.7241758243
K= 1458
250.137714599
K= 1459
64.2568880133
K= 1460
314.416095566
K= 1461
503.456062214
K= 1462
35.6110013969
K= 1463
6913.56871463
K= 1464
493.456062214
K= 1465
8640.66765795
K= 1466
237.811320949
K= 1467
503.456062214
K= 1468
420.392926084
K= 1469
55.6355417529
K= 1470
151.811956522
K= 1471
767.091090414
K= 1472
93.25
K= 1473
103.233646617
K= 1474
8663.0
K= 1475
113.260516637
K= 1476
40.0819470832
K= 1477
208.247918996
K= 1478
4402.47457181
K= 1479
278.986815748
K= 1480
16.3452013875
K= 1481
219.532159375
K= 1482
1988.25164657
K= 1483
110.45
K= 1484
4525.97362637
K= 1485
421.892926084
K= 1486
4464.57142857
K= 1487
188.404149097
K= 1488
29.4151386826
K= 1489
58.6089507266
K= 1490
110.973378982
K= 1491
63.8452648659
K= 1492
93.7169799501
K= 1493
219.669175544
K= 1494
5106.03724331
K= 1495
118.908902692
K= 1496
326.692075346
K= 1497
4331.97457181
K= 1498
43.1527777776
K= 1499
9086.60112336
K= 1500
149.021666667
K= 1501
36.1393057135
K= 1502
5933.42441016
K= 1503
6517.70996774
K= 1504
38.2944444446
K= 1505
160.861956522
K= 1506
2446.70549691
K= 1507
84.9649692414
K= 1508
17654.0
K= 1509
4331.97457181
K= 1510
4331.97457181
K= 1511
292.734577922
K= 1512
4753.07463737
K= 1513
307.022119734
K= 1514
296.826126424
K= 1515
5075.87633198
K= 1516
239.2
K= 1517
2889.83997872
K= 1518
270.060265021
K= 1519
270.018548517
K= 1520
4868.16624912
K= 1521
4331.97457181
K= 1522
71.7913004698
K= 1523
264.582717274
K= 1524
47.1761904762
K= 1525
503.456062214
K= 1526
67.6499999999
K= 1527
109.429292929
K= 1528
64.7451863355
K= 1529
152.311956522
K= 1530
63.5132457308
K= 1531
159.595191103
K= 1532
6307.03048339
K= 1533
5397.76964027
K= 1534
2001.56215487
K= 1535
19.5420339765
K= 1536
362.797587765
K= 1537
18.3515941951
K= 1538
8663.2340107
K= 1539
57.6466422466
K= 1540
30.6990401753
K= 1541
329.819992745
K= 1542
4205.77860839
K= 1543
97.420414673
K= 1544
258.118957099
K= 1545
91.0000000001
K= 1546
205.215971743
K= 1547
8827.0
K= 1548
129.13219697
K= 1549
5224.55838547
K= 1550
879.129406598
K= 1551
1843.81801521
K= 1552
553.291082179
K= 1553
4568.6
K= 1554
5353.55838547
K= 1555
245.489470592
K= 1556
50.3052000517
K= 1557
39.7218886485
K= 1558
56.9210671607
K= 1559
6474.09388374
K= 1560
140.897567288
K= 1561
4331.97457181
K= 1562
275.245279434
K= 1563
143.723803767
K= 1564
299.033036546
K= 1565
7184.40501773
K= 1566
96.455633493
K= 1567
838.427151732
K= 1568
4558.83333333
K= 1569
72.046031746
K= 1570
100.097855569
K= 1571
4524.06666667
K= 1572
109.723717949
K= 1573
8987.73152681
K= 1574
54.1469187676
K= 1575
8662.0
K= 1576
102.323390234
K= 1577
8827.0
K= 1578
34.0055658743
K= 1579
5844.52482286
K= 1580
47.2730769231
K= 1581
2043.73301118
K= 1582
4506.0
K= 1583
4331.97457181
K= 1584
4331.97457181
K= 1585
448.976600511
K= 1586
73.6192982458
K= 1587
13.0501232528
K= 1588
55.1623015874
K= 1589
5071.853865
K= 1590
112.531493506
K= 1591
5986.98355279
K= 1592
7066.11535052
K= 1593
5389.01402979
K= 1594
78.0861471862
K= 1595
5790.88130636
K= 1596
8827.0
K= 1597
8663.0
K= 1598
67.6863171423
K= 1599
17654.0
K= 1600
4331.97457181
K= 1601
112.483333334
K= 1602
8827.0
K= 1603
88.5785714285
K= 1604
45.8318083817
K= 1605
4910.97023163
K= 1606
2111.9688882
K= 1607
144.784589483
K= 1608
20.5173931031
K= 1609
4331.97457181
K= 1610
38.647676767
K= 1611
152.311956522
K= 1612
77.6718697072
K= 1613
47.6868693678
K= 1614
4445.252151
K= 1615
4535.87777778
K= 1616
57.4242424243
K= 1617
5450.04669573
K= 1618
72.0212823724
K= 1619
389.263732663
K= 1620
290.689632925
K= 1621
55.0015873016
K= 1622
8734.51666667
K= 1623
8662.0
K= 1624
131.266163212
K= 1625
4197.01226727
K= 1626
259.441888375
K= 1627
12253.6251232
K= 1628
5090.23590361
K= 1629
4526.05535714
K= 1630
470.453412106
K= 1631
223.299247529
K= 1632
5905.21407988
K= 1633
5942.24275152
K= 1634
5620.25473405
K= 1635
82.3936626101
K= 1636
49.0168514337
K= 1637
138.663600292
K= 1638
6327.66409812
K= 1639
5450.04669573
K= 1640
350.688267953
K= 1641
4421.57142857
K= 1642
706.772815172
K= 1643
336.282926556
K= 1644
30.296176046
K= 1645
5762.56830022
K= 1646
4331.97457181
K= 1647
5224.55838547
K= 1648
1904.62379201
K= 1649
119.535974998
K= 1650
5066.60367608
K= 1651
295.604190804
K= 1652
5563.05087806
K= 1653
5127.68081591
K= 1654
73.4523809524
K= 1655
289.783029674
K= 1656
91.9261904763
K= 1657
13141.0
K= 1658
50.8499999999
K= 1659
222.112858702
K= 1660
61.4768170426
K= 1661
5224.55838547
K= 1662
8663.0
K= 1663
5276.51473714
K= 1664
5932.09107683
K= 1665
32.4391386389
K= 1666
1301.83844517
K= 1667
4523.9
K= 1668
136.380952381
K= 1669
982.327175159
K= 1670
23.3851495906
K= 1671
5215.04463427
K= 1672
360.480243921
K= 1673
4505.39765512
K= 1674
438.636667799
K= 1675
230.241382367
K= 1676
112.79506754
K= 1677
74.9342267385
K= 1678
94.3532467532
K= 1679
1104.09165768
K= 1680
368.672749598
K= 1681
37.6350861753
K= 1682
238.911431905
K= 1683
6246.39242882
K= 1684
5630.22301558
K= 1685
122.113769451
K= 1686
4331.97457181
K= 1687
151.561956522
K= 1688
33.4591463062
K= 1689
30.3721374876
K= 1690
51.4026196027
K= 1691
61.9642424244
K= 1692
226.653333333
K= 1693
50.6185759234
K= 1694
8827.0
K= 1695
364.141363287
K= 1696
359.79116401
K= 1697
320.927614942
K= 1698
272.173916385
K= 1699
77.6134920634
K= 1700
9045.88888889
K= 1701
4331.94444444
K= 1702
6261.84385427
K= 1703
130.645017456
K= 1704
452.105705812
K= 1705
421.892926084
K= 1706
340.370107678
K= 1707
372.908562717
K= 1708
53.6855738705
K= 1709
4515.51666667
K= 1710
470.366556788
K= 1711
3321.15485927
K= 1712
247.790604047
K= 1713
4538.72619048
K= 1714
152.311956522
K= 1715
5224.55838547
K= 1716
8630.23751108
K= 1717
40.2959706958
K= 1718
110.733333333
K= 1719
209.905349781
K= 1720
35.0812030074
K= 1721
8633.89061629
K= 1722
93.0591093119
K= 1723
8655.95862069
K= 1724
282.443328813
K= 1725
125.121428572
K= 1726
361.788647703
K= 1727
8823.0
K= 1728
113.054752791
K= 1729
5232.35674961
K= 1730
6277.00788571
K= 1731
4529.94444444
K= 1732
362.797587765
K= 1733
48.5543381096
K= 1734
56.6511351144
K= 1735
5707.56830022
K= 1736
4464.57142857
K= 1737
50.3928571426
K= 1738
5730.70822759
K= 1739
147.205627706
K= 1740
44.3383556057
K= 1741
5004.83108953
K= 1742
4451.57142857
K= 1743
6104.18483976
K= 1744
47.2320258823
K= 1745
122.532993197
K= 1746
314.848476145
K= 1747
5410.12590076
K= 1748
37.5838462263
K= 1749
212.722222222
K= 1750
1112.63713364
K= 1751
47.1215895093
K= 1752
247.082762232
K= 1753
4256.57142857
K= 1754
4567.0
K= 1755
78.1072446742
K= 1756
56.7749999998
K= 1757
5557.42756534
K= 1758
5419.78324071
K= 1759
5942.05036938
K= 1760
2910.56424108
K= 1761
252.664190223
K= 1762
29.0606815803
K= 1763
5845.97919333
K= 1764
87.4166666667
K= 1765
7597.96870182
K= 1766
94.6636002918
K= 1767
4331.97457181
K= 1768
468.400138928
K= 1769
38.5103174604
K= 1770
165.69560719
K= 1771
472.47644429
K= 1772
4183.50140056
K= 1773
8663.0
K= 1774
160.861956522
K= 1775
8827.0
K= 1776
156.697079907
K= 1777
4066.23084525
K= 1778
55.1681392213
K= 1779
376.948453391
K= 1780
4478.94444444
K= 1781
5951.70155097
K= 1782
135.95
K= 1783
37.7754082588
K= 1784
412.289395547
K= 1785
8631.08141702
K= 1786
292.604041658
K= 1787
97.5545318945
K= 1788
36.2610706997
K= 1789
4331.97457181
K= 1790
362.911049067
K= 1791
290.959971784
K= 1792
5412.12758661
K= 1793
71.1111111112
K= 1794
39.0424105921
K= 1795
274.936796537
K= 1796
164.565804309
K= 1797
253.370013332
K= 1798
269.330279217
K= 1799
120.867268842
K= 1800
158.485766046
K= 1801
126.65458153
K= 1802
8577.94927536
K= 1803
874.896439207
K= 1804
65.8420634922
K= 1805
203.032496587
K= 1806
160.861956522
K= 1807
152.311956522
K= 1808
210.782753806
K= 1809
76.5620680044
K= 1810
160.861956522
K= 1811
52.5962956201
K= 1812
8659.83333333
K= 1813
89.1133129047
K= 1814
247.043376529
K= 1815
38.4301587299
K= 1816
4989.45829161
K= 1817
1345.88754841
K= 1818
29.0083333332
K= 1819
307.39023326
K= 1820
2728.45920293
K= 1821
100.273447904
K= 1822
160.861956522
K= 1823
5224.55838547
K= 1824
4285.39088747
K= 1825
8663.0
K= 1826
8663.62298959
K= 1827
59.6641568498
K= 1828
1499.4753686
K= 1829
89.9206349207
K= 1830
60.7749999999
K= 1831
143.016666667
K= 1832
58.9257575757
K= 1833
5707.56830022
K= 1834
6312.08266079
K= 1835
812.582894676
K= 1836
6473.60281231
K= 1837
195.225741049
K= 1838
153.029181737
K= 1839
44.2248010949
K= 1840
31.1341545135
K= 1841
163.031377687
K= 1842
437.362683599
K= 1843
70.723809524
K= 1844
2887.89372399
K= 1845
58.4285714284
K= 1846
160.861956522
K= 1847
8607.4900813
K= 1848
303.90668178
K= 1849
88.7459479445
K= 1850
29.9442460318
K= 1851
4331.97457181
K= 1852
32.059992785
K= 1853
4464.57142857
K= 1854
176.556461173
K= 1855
341.85745538
K= 1856
255.091288223
K= 1857
644.901948789
K= 1858
275.984832949
K= 1859
5450.04669573
K= 1860
4331.97457181
K= 1861
1357.49612309
K= 1862
2043.73301118
K= 1863
4594.0
K= 1864
89.1149624888
K= 1865
5444.37902059
K= 1866
38.7329989473
K= 1867
176.379319686
K= 1868
4331.97457181
K= 1869
159.844993742
K= 1870
136.026088103
K= 1871
64.1917923815
K= 1872
213.220087774
K= 1873
4331.97457181
K= 1874
35.938307964
K= 1875
5190.04507745
K= 1876
4572.8125
K= 1877
65.7911236425
K= 1878
47.4583364362
K= 1879
89.5729320203
K= 1880
151.963662323
K= 1881
8607.4900813
K= 1882
95.3583333334
K= 1883
221.968112385
K= 1884
176.778425452
K= 1885
873.165699703
K= 1886
3265.80031525
K= 1887
49.1131854258
K= 1888
313.876592207
K= 1889
327.606299591
K= 1890
8827.0
K= 1891
4527.275
K= 1892
248.722785824
K= 1893
8663.0
K= 1894
4279.57142857
K= 1895
4464.57142857
K= 1896
4561.82608696
K= 1897
5355.53383698
K= 1898
6473.60281231
K= 1899
124.866666667
K= 1900
334.213270791
K= 1901
4424.8
K= 1902
79.9656468333
K= 1903
8651.0
K= 1904
384.43145098
K= 1905
44.2048252185
K= 1906
115.124481075
K= 1907
44.151207126
K= 1908
541.866331693
K= 1909
110.258708456
K= 1910
273.023531218
K= 1911
327.817553763
K= 1912
53.5887075342
K= 1913
160.861956522
K= 1914
358.79125989
K= 1915
340.758154197
K= 1916
131.563600292
K= 1917
55.8529411769
K= 1918
51.1805028303
K= 1919
5884.00896179
K= 1920
5617.21980021
K= 1921
5845.97919333
K= 1922
130.163600292
K= 1923
4539.14285714
K= 1924
35.4291229158
K= 1925
620.892603318
K= 1926
363.762664535
K= 1927
361.04125989
K= 1928
1024.6359385
K= 1929
90.8159090908
K= 1930
151.214650926
K= 1931
73.3396825397
K= 1932
672.814228894
K= 1933
6006.31027569
K= 1934
288.177497478
K= 1935
393.98670772
K= 1936
262.056718132
K= 1937
142.334681279
K= 1938
40.9080031078
K= 1939
274.270685843
K= 1940
4541.0
K= 1941
328.647369526
K= 1942
5074.9700975
K= 1943
127.8689112
K= 1944
8662.0
K= 1945
4559.20430108
K= 1946
93.7111111115
K= 1947
87.4772476434
K= 1948
1309.81445988
K= 1949
182.398826042
K= 1950
314.848476145
K= 1951
5353.55838547
K= 1952
4331.97457181
K= 1953
5910.59075421
K= 1954
20.6885743359
K= 1955
1151.11735471
K= 1956
316.41978673
K= 1957
35.4849981886
K= 1958
62.7821728815
K= 1959
470.453412106
K= 1960
411.441831945
K= 1961
113.87138752
K= 1962
59.8612433859
K= 1963
69.3845108215
K= 1964
4571.91666667
K= 1965
64.5880519481
K= 1966
4331.97457181
K= 1967
100.93877551
K= 1968
4454.57142857
K= 1969
858.058676021
K= 1970
148.59808305
K= 1971
61.862663143
K= 1972
5707.56830022
K= 1973
150.496933625
K= 1974
227.605013382
K= 1975
340.17570167
K= 1976
77.1008771932
K= 1977
463.253412106
K= 1978
5450.04669573
K= 1979
731.677677401
K= 1980
102.06763285
K= 1981
124.9
K= 1982
82.9666666669
K= 1983
10879.9366898
K= 1984
288.504304029
K= 1985
94.657392496
K= 1986
4896.12694339
K= 1987
346.501198151
K= 1988
414.474692363
K= 1989
333.79292839
K= 1990
1271.08508008
K= 1991
4569.57142857
K= 1992
96.4499981046
K= 1993
63.5401505904
K= 1994
6473.60281231
K= 1995
150.496933625
K= 1996
6006.31027569
K= 1997
51.2876095712
K= 1998
62.2972222223
K= 1999
160.111956522
K= 2000
36.0978605346
K= 2001
5936.09107683
K= 2002
5620.25473405
K= 2003
4331.97457181
K= 2004
6825.55802725
K= 2005
276.439722291
K= 2006
216.571428571
K= 2007
5289.70813006
K= 2008
7593.54370182
K= 2009
136.215789474
K= 2010
51.2106456548
K= 2011
66.8157894737
K= 2012
93.9502705629
K= 2013
58.91920112
K= 2014
14.4397399384
K= 2015
5224.55838547
K= 2016
348.275662465
K= 2017
37.85
K= 2018
116.114611777
K= 2019
120.353177166
K= 2020
316.142588776
K= 2021
88.5575757576
K= 2022
4262.57142857
K= 2023
83.3162698415
K= 2024
4527.275
K= 2025
1369.67826977
K= 2026
2111.12075338
K= 2027
340.17570167
K= 2028
264.615362632
K= 2029
5855.69874851
K= 2030
51.4159451659
K= 2031
51.9993867242
K= 2032
17986.7558127
K= 2033
100.886147187
K= 2034
6230.1313364
K= 2035
6103.44533501
K= 2036
126.698261059
K= 2037
98.8157894737
K= 2038
7599.79752538
K= 2039
340.17570167
K= 2040
282.189883843
K= 2041
4331.97457181
K= 2042
150.854761905
K= 2043
427.338596714
K= 2044
110.71697995
K= 2045
69.8181818184
K= 2046
8665.54600038
K= 2047
62.4069985573
K= 2048
4576.91666667
K= 2049
123.53003663
K= 2050
113.128623189
K= 2051
8432.6826087
K= 2052
503.456062214
K= 2053
377.769257691
K= 2054
160.861956522
K= 2055
8582.0
K= 2056
338.567068397
K= 2057
5397.76964027
K= 2058
31.4611455188
K= 2059
262.857305927
K= 2060
5601.44645247
K= 2061
477.924227891
K= 2062
53.8028341243
K= 2063
204.033960047
K= 2064
5762.56830022
K= 2065
358.725772958
K= 2066
99.2190476189
K= 2067
115.990421456
K= 2068
335.323705232
K= 2069
4938.12694339
K= 2070
2554.67668195
K= 2071
313.876592207
K= 2072
196.069524942
K= 2073
294.609096127
K= 2074
126.833954452
K= 2075
5486.80299356
K= 2076
160.861956522
K= 2077
73.8878652279
K= 2078
102.7
K= 2079
8827.0
K= 2080
5884.11200104
K= 2081
82.6492063493
K= 2082
5888.10532639
K= 2083
360.776019878
K= 2084
306.751251068
K= 2085
63.0164362518
K= 2086
6473.60281231
K= 2087
4171.32773934
K= 2088
5559.6410153
K= 2089
103.850502525
K= 2090
109.612895623
K= 2091
7036.8220702
K= 2092
5875.31995197
K= 2093
4449.63892928
K= 2094
66.25
K= 2095
625.414035065
K= 2096
92.2000000001
K= 2097
47.5748376623
K= 2098
527.477955751
K= 2099
5707.56830022
K= 2100
8827.0
K= 2101
168.189622425
K= 2102
362.79116401
K= 2103
4567.6
K= 2104
150.496933625
K= 2105
8630.66666667
K= 2106
6469.35450338
K= 2107
5493.57526135
K= 2108
393.368127996
K= 2109
489.762349985
K= 2110
674.199297378
K= 2111
433.720875794
K= 2112
8827.0
K= 2113
76.4666666669
K= 2114
28.633708938
K= 2115
6205.70493725
K= 2116
73.9081399881
K= 2117
8827.0
K= 2118
47.5242063493
K= 2119
123.225353813
K= 2120
336.416095566
K= 2121
4576.91666667
K= 2122
111.35028503
K= 2123
4567.25
K= 2124
237.601800238
K= 2125
4357.10130719
K= 2126
8827.0
K= 2127
150.496933625
K= 2128
183.624535907
K= 2129
3992.2000085
K= 2130
110.128504342
K= 2131
334.699593223
K= 2132
4560.97894737
K= 2133
15.5583776145
K= 2134
35.8993386244
K= 2135
4553.02272727
K= 2136
4331.97457181
K= 2137
183.259937153
K= 2138
117.75
K= 2139
4331.97457181
K= 2140
416.25139964
K= 2141
877.677317619
K= 2142
4331.97457181
K= 2143
29.9298850575
K= 2144
4515.51666667
K= 2145
1268.3691728
K= 2146
6265.51465221
K= 2147
4529.82619048
K= 2148
215.111890346
K= 2149
4511.55397843
K= 2150
5419.97451826
K= 2151
5645.62847479
K= 2152
4464.57142857
K= 2153
4571.57142857
K= 2154
129.721198561
K= 2155
4331.97457181
K= 2156
160.861956522
K= 2157
103.778623189
K= 2158
5854.97919333
K= 2159
9118.43171584
K= 2160
5233.20894521
K= 2161
115.400086382
K= 2162
166.32059197
K= 2163
177.323603684
K= 2164
49.9492063494
K= 2165
6030.53762262
K= 2166
266.090106857
K= 2167
340.17570167
K= 2168
4568.25
K= 2169
4599.66666667
K= 2170
96.1932324457
K= 2171
8655.21585792
K= 2172
21.7134920635
K= 2173
1744.64755556
K= 2174
6865.74705962
K= 2175
160.861956522
K= 2176
70.2170995672
K= 2177
41.0595238096
K= 2178
4184.0
K= 2179
105.595679231
K= 2180
57.3316458053
K= 2181
4569.0
K= 2182
121.259937152
K= 2183
31.7462962964
K= 2184
503.456062214
K= 2185
8827.0
K= 2186
8662.0
K= 2187
60.0013208898
K= 2188
1901.90012021
K= 2189
4574.0
K= 2190
174.366666667
K= 2191
295.452862969
K= 2192
94.221654853
K= 2193
8887.02895816
K= 2194
160.861956522
K= 2195
8633.81818182
K= 2196
6199.83352049
K= 2197
324.1639543
K= 2198
62.525
K= 2199
290.165241689
K= 2200
316.469171885
K= 2201
166.527200583
K= 2202
8827.0
K= 2203
97.1962184876
K= 2204
4452.11499723
K= 2205
93.8879749171
K= 2206
4312.57142857
K= 2207
4519.62096774
K= 2208
133.654960772
K= 2209
5788.21490872
K= 2210
282.58876998
K= 2211
6473.60281231
K= 2212
195.907348739
K= 2213
4331.97457181
K= 2214
272.941363287
K= 2215
6323.02805959
K= 2216
8114.96589688
K= 2217
112.819047619
K= 2218
59.6353886857
K= 2219
4331.97457181
K= 2220
8827.0
K= 2221
503.456062214
K= 2222
8659.98013245
K= 2223
296.37027972
K= 2224
2424.178149
K= 2225
5363.4758815
K= 2226
432.456062214
K= 2227
4331.97457181
K= 2228
17943.540485
K= 2229
52962.0
K= 2230
5221.41366453
K= 2231
346.049104425
K= 2232
129.664509841
K= 2233
5403.37437335
K= 2234
222.698826041
K= 2235
4445.252151
K= 2236
8827.0
K= 2237
40.2104768559
K= 2238
307.423166696
K= 2239
406.350916693
K= 2240
98.472779923
K= 2241
315.609975089
K= 2242
53.7119408371
K= 2243
4140.0
K= 2244
6006.31027569
K= 2245
41.9476190475
K= 2246
54.0473845602
K= 2247
85.7958333336
K= 2248
254.412813365
K= 2249
94.03304071
K= 2250
465.111802314
K= 2251
88.1642887362
K= 2252
434.095000435
K= 2253
589.171019772
K= 2254
51.6376471663
K= 2255
75.9517299653
K= 2256
738.170875873
K= 2257
4572.0
K= 2258
336.416095566
K= 2259
503.456062214
K= 2260
8827.0
K= 2261
226.950093624
K= 2262
8663.0
K= 2263
63.2257575761
K= 2264
339.325886817
K= 2265
36.1321789322
K= 2266
62.3053455608
K= 2267
8550.95744681
K= 2268
212.997626065
K= 2269
38.5815476191
K= 2270
295.604190804
K= 2271
5536.71402551
K= 2272
293.036774345
K= 2273
5137.75464804
K= 2274
435.535992777
K= 2275
5211.93956982
K= 2276
32.7050470419
K= 2277
8657.26360029
K= 2278
143.601077641
K= 2279
160.861956522
K= 2280
5447.2478285
K= 2281
8652.91780822
K= 2282
34.7007878232
K= 2283
113.371062068
K= 2284
94.4849206349
K= 2285
4520.01674877
K= 2286
51.8702380953
K= 2287
287.533101564
K= 2288
110.147156085
K= 2289
241.187313919
K= 2290
6004.65622084
K= 2291
62.4614976316
K= 2292
5845.97919333
K= 2293
4576.91666667
K= 2294
5223.15838547
K= 2295
277.040040111
K= 2296
283.163572761
K= 2297
336.416095566
K= 2298
157.445289855
K= 2299
332.017354486
K= 2300
8827.0
K= 2301
6141.21266159
K= 2302
46.9548053254
K= 2303
982.327175159
K= 2304
190.391089616
K= 2305
5707.56830022
K= 2306
35.9702704161
K= 2307
149.496933625
K= 2308
83.1636002918
K= 2309
309.749761464
K= 2310
4620.91666667
K= 2311
4576.91666667
K= 2312
101.264749717
K= 2313
160.861956522
K= 2314
5707.56830022
K= 2315
4971.57714557
K= 2316
52962.0
K= 2317
2217.47139993
K= 2318
30.6060809076
K= 2319
434.58110441
K= 2320
97.730952381
K= 2321
5700.34471859
K= 2322
1335.91143993
K= 2323
97.4985847748
K= 2324
771.038685169
K= 2325
37.7940476192
K= 2326
893.266210907
K= 2327
5707.56830022
K= 2328
4943.4889954
K= 2329
8652.91780822
K= 2330
501.395440308
K= 2331
63.0962154232
K= 2332
710.614173247
K= 2333
29.7377319315
K= 2334
296.089638722
K= 2335
74.2261904762
K= 2336
4561.0
K= 2337
36.4515873014
K= 2338
7702.88908967
K= 2339
6318.51391734
K= 2340
122.550313283
K= 2341
4331.97457181
K= 2342
69.2484126985
K= 2343
412.618067994
K= 2344
5224.55838547
K= 2345
361.184087584
K= 2346
323.196615396
K= 2347
154.902339637
K= 2348
4569.0
K= 2349
1017.38647115
K= 2350
8827.0
K= 2351
89.2993222038
K= 2352
421.892926084
K= 2353
8577.94927536
K= 2354
5558.86999486
K= 2355
160.861956522
K= 2356
193.433261926
K= 2357
503.456062214
K= 2358
283.170490621
K= 2359
4472.97457181
K= 2360
4777.40820559
K= 2361
160.861956522
K= 2362
5353.55838547
K= 2363
59.0566396164
K= 2364
92.2264933649
K= 2365
322.197484433
K= 2366
122.550313283
K= 2367
68.0104790763
K= 2368
92.775
K= 2369
8499.63795461
K= 2370
244.781641904
K= 2371
354.823579569
K= 2372
34.2701785294
K= 2373
138.663600292
K= 2374
264.185731454
K= 2375
4568.27777778
K= 2376
7165.33834188
K= 2377
157.779417895
K= 2378
4331.97457181
K= 2379
4517.18809524
K= 2380
354.79125989
K= 2381
333.79292839
K= 2382
15318.9568788
K= 2383
160.861956522
K= 2384
88.2705524084
K= 2385
78.4408212561
K= 2386
53.7513339
K= 2387
3146.73596516
K= 2388
72.3413400153
K= 2389
6012.66768749
K= 2390
157.538668563
K= 2391
4524.06666667
K= 2392
67.9763553588
K= 2393
272.946643658
K= 2394
5450.04669573
K= 2395
503.456062214
K= 2396
328.972367152
K= 2397
155.078623189
K= 2398
216.79237582
K= 2399
289.990815851
K= 2400
4565.0
Betweenness Centrality Improvement
[ 0.  0.  0. ...,  0.  0.  0.]
Top 20 BC Improvement
[2229 2316 2032 2228 1599 1508 2382 1657 1627 1983 2159 1499 1700 1573 2193
 2350 1374 1602 1345 2202]
