txValue= 100
IGRAPH D--- 4619 68733 -- 
+ attr: pub_key (v), base_fee (e), capacity (e), fee_rate (e), txCost (e)
None
IGRAPH D--- 4619 68733 -- 
+ attr: pub_key (v), base_fee (e), capacity (e), fee_rate (e), txCost (e)
None
Our nodes starting connections: 
(4618, 2796)
(4618, 1223)
(4618, 498)
(4618, 3265)
(4618, 3884)
(4618, 2836)
(4618, 2032)
(4618, 4051)
(4618, 2228)
K= 0
89.9711880503
K= 1
116.269428644
K= 2
97.5211261046
K= 3
733.947638701
K= 4
351.133315112
K= 5
513.020963766
K= 6
170.161134454
K= 7
104.629874143
K= 8
125.107723639
K= 9
115.221162667
K= 10
379.641800283
K= 11
103.789294685
K= 12
127.421933625
K= 13
60.2621848424
K= 14
189.141474533
K= 15
199.79735214
K= 16
186.712594327
K= 17
8839.0
K= 18
90.7095728396
K= 19
107.866340418
K= 20
122.354534062
K= 21
311.404107288
K= 22
5823.59477371
K= 23
174.405266959
K= 24
456.746393205
K= 25
67.2166829244
K= 26
275.462091012
K= 27
120.083786522
K= 28
5046.08086916
K= 29
74.6143752465
K= 30
129.028623188
K= 31
190.165671978
K= 32
181.586573704
K= 33
347.389671337
K= 34
91.1084040049
K= 35
94.1630359194
K= 36
8630.02225705
K= 37
109.263176296
K= 38
1388.76315382
K= 39
118.470049291
K= 40
5516.44012118
K= 41
8554.80641822
K= 42
8608.44444444
K= 43
296.798178486
K= 44
217.185887053
K= 45
603.817682283
K= 46
103.118394091
K= 47
192.631309042
K= 48
254.38692128
K= 49
4456.02976191
K= 50
117.065519096
K= 51
5337.93421999
K= 52
181.55359516
K= 53
129.253336027
K= 54
328.401665201
K= 55
5514.99546962
K= 56
983.893485089
K= 57
168.193013133
K= 58
104.305368056
K= 59
5449.14726516
K= 60
4527.58794549
K= 61
267.449606454
K= 62
184.054929665
K= 63
6752.57191289
K= 64
100.568063313
K= 65
4733.84022406
K= 66
242.909214649
K= 67
6148.5015457
K= 68
178.055266959
K= 69
90.2530233134
K= 70
5887.44173111
K= 71
1816.90996218
K= 72
5335.88855762
K= 73
45.8551325719
K= 74
89.9601572632
K= 75
150.041881938
K= 76
4262.6091007
K= 77
4307.83428932
K= 78
542.889855478
K= 79
366.179631487
K= 80
122.257602345
K= 81
5416.92908122
K= 82
6785.66879794
K= 83
6210.59265608
K= 84
267.957524099
K= 85
100.120418957
K= 86
480.392333812
K= 87
712.668930847
K= 88
4443.0
K= 89
5143.17854163
K= 90
331.582074222
K= 91
100.073388787
K= 92
492.666455584
K= 93
144.226382149
K= 94
192.248320158
K= 95
228.213116755
K= 96
1851.67823419
K= 97
5562.59221289
K= 98
122.109424159
K= 99
90.2410965424
K= 100
4540.99444444
K= 101
811.062598748
K= 102
311.189208646
K= 103
88.5433093474
K= 104
5224.14013678
K= 105
5321.62226516
K= 106
526.139395547
K= 107
473.621020613
K= 108
4562.57142857
K= 109
243.406614071
K= 110
148.698918264
K= 111
8839.0
K= 112
526.139395547
K= 113
216.284688661
K= 114
87.7931967214
K= 115
180.147670807
K= 116
6418.88746153
K= 117
4307.83428932
K= 118
6424.53499582
K= 119
358.597161901
K= 120
585.77529791
K= 121
100.333333334
K= 122
7181.34320309
K= 123
503.239694165
K= 124
8839.0
K= 125
230.344341281
K= 126
89.4026524228
K= 127
487.599259435
K= 128
143.559778396
K= 129
247.544724326
K= 130
315.828594755
K= 131
1014.53645346
K= 132
4539.20302613
K= 133
101.259114864
K= 134
96.3833333333
K= 135
220.895173971
K= 136
150.824826141
K= 137
109.562988274
K= 138
355.386990225
K= 139
1034.00200489
K= 140
5195.81907636
K= 141
2594.12977393
K= 142
4307.83428932
K= 143
125.676767505
K= 144
180.147670807
K= 145
329.280468324
K= 146
52.2260756085
K= 147
126.811149648
K= 148
221.725049821
K= 149
5174.03140657
K= 150
5767.83541245
K= 151
565.834325301
K= 152
1698.76123665
K= 153
5408.23927245
K= 154
4598.15427911
K= 155
8839.0
K= 156
185.042680413
K= 157
393.859826804
K= 158
8636.35
K= 159
306.747287505
K= 160
470.05853186
K= 161
8645.0
K= 162
5576.38911482
K= 163
975.307053735
K= 164
301.614975238
K= 165
51.9328732296
K= 166
125.497998046
K= 167
170.774789336
K= 168
4446.38205427
K= 169
106.199224686
K= 170
4148.4725937
K= 171
285.824421464
K= 172
333.280366604
K= 173
150.338453058
K= 174
451.371839679
K= 175
80.2749767876
K= 176
5321.62226516
K= 177
5554.84617229
K= 178
99.7476075018
K= 179
4429.85611925
K= 180
96.3010007782
K= 181
8839.0
K= 182
156.159010001
K= 183
324.583563942
K= 184
124.627354707
K= 185
4590.5
K= 186
975.614823265
K= 187
101.764040877
K= 188
8839.0
K= 189
108.790897544
K= 190
4476.27142857
K= 191
197.402930151
K= 192
4573.50430108
K= 193
6301.91837662
K= 194
123.875998108
K= 195
379.641800283
K= 196
8735.7
K= 197
106.744467431
K= 198
269.916933267
K= 199
128.35278107
K= 200
132.375393564
K= 201
456.021492098
K= 202
446.871839679
K= 203
5249.24993113
K= 204
3900.65214339
K= 205
132.514857078
K= 206
8839.0
K= 207
84.8776698122
K= 208
192.039343472
K= 209
8645.0
K= 210
118.038681472
K= 211
64.9903140797
K= 212
218.607935053
K= 213
130.730503265
K= 214
161.162855785
K= 215
4476.27142857
K= 216
110.357028114
K= 217
108.628527012
K= 218
6546.38651469
K= 219
165.448425794
K= 220
329.331788395
K= 221
168.033832483
K= 222
408.612874507
K= 223
4583.27142857
K= 224
465.622777271
K= 225
76.8338606451
K= 226
301.157448275
K= 227
4576.0
K= 228
4313.55714286
K= 229
4552.9011595
K= 230
5473.64809487
K= 231
5592.8908705
K= 232
207.209334755
K= 233
366.144959465
K= 234
80.041049663
K= 235
2086.0019032
K= 236
180.941069604
K= 237
223.665003476
K= 238
6202.59265608
K= 239
214.94370798
K= 240
6086.917018
K= 241
140.264253423
K= 242
91.6069831746
K= 243
177.861956522
K= 244
125.661956522
K= 245
8636.32957292
K= 246
4567.77290051
K= 247
6050.76742676
K= 248
5567.52025267
K= 249
5125.56724233
K= 250
498.866455584
K= 251
162.435715268
K= 252
151.238600292
K= 253
305.665405619
K= 254
4307.83428932
K= 255
8839.0
K= 256
296.695335491
K= 257
360.04292839
K= 258
189.075194984
K= 259
191.713467496
K= 260
163.085596321
K= 261
162.771933625
K= 262
8839.0
K= 263
146.733838387
K= 264
6752.57191289
K= 265
111.00047933
K= 266
96.7601435769
K= 267
95.7854452166
K= 268
168.6366829
K= 269
323.003506696
K= 270
1307.67196355
K= 271
4476.27142857
K= 272
4542.85563654
K= 273
8839.0
K= 274
448.484968987
K= 275
207.606276692
K= 276
234.633151661
K= 277
526.567966976
K= 278
7259.14888112
K= 279
143.054764892
K= 280
4476.27142857
K= 281
136.934676464
K= 282
152.474950081
K= 283
8554.80641822
K= 284
6525.61899328
K= 285
4930.3348766
K= 286
122.048718531
K= 287
163.02595856
K= 288
224.71477737
K= 289
517.543267621
K= 290
126.433838845
K= 291
526.139395547
K= 292
5311.32801674
K= 293
166.489314845
K= 294
112.002422723
K= 295
86.6530173329
K= 296
800.524764773
K= 297
349.683145399
K= 298
8634.0
K= 299
160.571882277
K= 300
106.110922128
K= 301
4530.62096774
K= 302
85.5002764467
K= 303
92.9511109978
K= 304
8839.0
K= 305
110.043403458
K= 306
562.415303293
K= 307
107.18749081
K= 308
63.7083333333
K= 309
154.341293573
K= 310
4307.83428932
K= 311
4554.82802612
K= 312
5476.33220275
K= 313
127.431069386
K= 314
526.139395547
K= 315
448.332149141
K= 316
112.214559171
K= 317
8839.0
K= 318
381.761093074
K= 319
176.645491591
K= 320
122.394058473
K= 321
855.090155757
K= 322
4583.87142857
K= 323
7324.10604881
K= 324
5968.74467006
K= 325
4307.83428932
K= 326
4474.57321429
K= 327
142.922394584
K= 328
80.7076377108
K= 329
98.6337765009
K= 330
117.423158275
K= 331
4581.69935065
K= 332
8839.0
K= 333
177.315436544
K= 334
296.027655386
K= 335
4535.39034186
K= 336
186.242379942
K= 337
5321.62226516
K= 338
220.224388112
K= 339
162.313872747
K= 340
367.9772478
K= 341
3366.30479899
K= 342
4149.4985666
K= 343
68.6784563542
K= 344
122.253740055
K= 345
1548.17938544
K= 346
4189.0281563
K= 347
4560.59940222
K= 348
4375.8948804
K= 349
51.6469285337
K= 350
315.211250145
K= 351
874.201569677
K= 352
182.623880228
K= 353
149.843425337
K= 354
119.425669698
K= 355
4307.83428932
K= 356
1213.06707804
K= 357
4307.83428932
K= 358
76.2253602139
K= 359
4197.0281563
K= 360
154.341293573
K= 361
118.66752425
K= 362
490.416890836
K= 363
158.748905711
K= 364
3499.4698385
K= 365
5999.16148285
K= 366
296.853871332
K= 367
388.188577254
K= 368
6752.57191289
K= 369
144.476131603
K= 370
8839.0
K= 371
184.834481384
K= 372
297.014683114
K= 373
5669.76722928
K= 374
5635.64877063
K= 375
320.974869583
K= 376
3974.12546432
K= 377
94.1642643171
K= 378
281.401895715
K= 379
307.960937413
K= 380
97.7646653032
K= 381
56.433333334
K= 382
698.589110252
K= 383
135.472046313
K= 384
48.8952010102
K= 385
526.139395547
K= 386
357.832714375
K= 387
4399.39444444
K= 388
202.153759035
K= 389
8857.7122385
K= 390
72.3949083186
K= 391
1659.62148589
K= 392
4386.90138019
K= 393
145.598762822
K= 394
8839.0
K= 395
526.139395547
K= 396
126.868072405
K= 397
300.590583051
K= 398
4581.6976075
K= 399
7246.25243068
K= 400
113.108921831
K= 401
140.23227503
K= 402
526.139395547
K= 403
451.58874312
K= 404
4586.47742518
K= 405
270.845647253
K= 406
8614.05526696
K= 407
364.558735064
K= 408
884.882112018
K= 409
8839.0
K= 410
5991.88151997
K= 411
5567.52025267
K= 412
6480.91274009
K= 413
8839.0
K= 414
85.6289305604
K= 415
130.442712347
K= 416
4502.53119658
K= 417
487.610020934
K= 418
177.861956522
K= 419
3516.25108107
K= 420
114.77952126
K= 421
88.2224946973
K= 422
287.103479526
K= 423
4530.62096774
K= 424
4634.7
K= 425
526.139395547
K= 426
153.445691801
K= 427
339.717850122
K= 428
378.539168704
K= 429
92.3021591344
K= 430
333.980366604
K= 431
5802.1711695
K= 432
133.930044104
K= 433
650.007816451
K= 434
176.009315134
K= 435
8857.7122385
K= 436
7548.56333225
K= 437
344.644104856
K= 438
304.988634018
K= 439
526.139395547
K= 440
335.517276022
K= 441
180.617846246
K= 442
145.415524736
K= 443
172.960900981
K= 444
133.465339395
K= 445
4564.45833333
K= 446
8595.80641822
K= 447
5337.93421999
K= 448
106.010680255
K= 449
160.969444448
K= 450
8839.0
K= 451
6111.03971437
K= 452
127.655047923
K= 453
4992.27816887
K= 454
4346.00322248
K= 455
6210.59265608
K= 456
8839.0
K= 457
5907.14146374
K= 458
320.136422629
K= 459
526.139395547
K= 460
359.306299591
K= 461
4476.27142857
K= 462
4537.91968035
K= 463
808.059479517
K= 464
6210.59265608
K= 465
157.131667138
K= 466
4540.99444444
K= 467
106.068181818
K= 468
177.861956522
K= 469
111.33496424
K= 470
250.164535889
K= 471
167.788955031
K= 472
80.2476041238
K= 473
76.2283318246
K= 474
114.472441523
K= 475
5915.72123137
K= 476
5567.52025267
K= 477
526.139395547
K= 478
272.720361087
K= 479
709.628034882
K= 480
375.628555103
K= 481
167.861956522
K= 482
5507.10895264
K= 483
125.651674562
K= 484
521.405902867
K= 485
8555.30641822
K= 486
5321.62226516
K= 487
1470.98417708
K= 488
8341.5875823
K= 489
6838.49406863
K= 490
8672.28535354
K= 491
4586.47742518
K= 492
4307.83428932
K= 493
70.2583333331
K= 494
96.0738690482
K= 495
125.910869884
K= 496
4581.5
K= 497
121.550719602
K= 498
269.03403058
K= 499
177.861956522
K= 500
225.203307198
K= 501
4570.60486275
K= 502
90.2616691799
K= 503
4752.49075148
K= 504
144.539756708
K= 505
5907.94760743
K= 506
191.976696303
K= 507
161.821933626
K= 508
6492.18748659
K= 509
305.340583052
K= 510
5134.66609892
K= 511
268.913032847
K= 512
5454.95737445
K= 513
231.116866064
K= 514
152.552834659
K= 515
167.807833055
K= 516
360.959595056
K= 517
71.2465683947
K= 518
5860.72123137
K= 519
91.9211930991
K= 520
687.73180665
K= 521
131.53661572
K= 522
5416.92908122
K= 523
346.054497573
K= 524
229.227259711
K= 525
5141.81921553
K= 526
6010.68626213
K= 527
129.33628943
K= 528
5873.31260105
K= 529
312.759934464
K= 530
121.456992017
K= 531
5466.52287398
K= 532
5924.72123137
K= 533
143.03484127
K= 534
526.567966976
K= 535
4529.48333333
K= 536
154.911762234
K= 537
130.270193914
K= 538
5635.64877063
K= 539
368.39181944
K= 540
307.843355258
K= 541
123.924864906
K= 542
157.676315104
K= 543
6504.50868578
K= 544
141.289197293
K= 545
4634.00322581
K= 546
134.49923748
K= 547
8622.71428571
K= 548
1529.78726913
K= 549
181.761956522
K= 550
98.3774744394
K= 551
3206.06333225
K= 552
6660.41146339
K= 553
8550.01979755
K= 554
169.601503759
K= 555
357.110750625
K= 556
127.107593798
K= 557
148.123825832
K= 558
5849.53303444
K= 559
4583.95
K= 560
168.450453706
K= 561
161.108073756
K= 562
5136.80424859
K= 563
6210.59265608
K= 564
1090.00393447
K= 565
174.126644601
K= 566
4307.83428932
K= 567
89.2514402433
K= 568
526.567966976
K= 569
409.340627478
K= 570
482.148478271
K= 571
5291.51980849
K= 572
153.510748188
K= 573
141.822373241
K= 574
320.274973305
K= 575
5516.44012118
K= 576
130.708748496
K= 577
102.634425976
K= 578
249.092336194
K= 579
272.888320425
K= 580
154.597630465
K= 581
188.528249005
K= 582
534.567966976
K= 583
400.391485742
K= 584
217.690990144
K= 585
305.910073537
K= 586
449.876259417
K= 587
8403.60278178
K= 588
125.830652238
K= 589
135.097296985
K= 590
181.250814697
K= 591
1587.47258136
K= 592
565.221399894
K= 593
6443.168286
K= 594
4843.44386725
K= 595
155.594272968
K= 596
131.20747256
K= 597
385.620502436
K= 598
268.860266872
K= 599
174.042109064
K= 600
4527.57916981
K= 601
493.088557561
K= 602
357.529631487
K= 603
1169.68157608
K= 604
5196.43584246
K= 605
1114.51711289
K= 606
4586.46855742
K= 607
4307.83428932
K= 608
180.572293644
K= 609
192.455309725
K= 610
368.521951422
K= 611
4307.83428932
K= 612
388.928144613
K= 613
4533.32163743
K= 614
7936.73286297
K= 615
392.688647703
K= 616
4181.0281563
K= 617
64.1647483887
K= 618
110.314501667
K= 619
6396.94987806
K= 620
91.1992246865
K= 621
164.309199135
K= 622
102.260784201
K= 623
167.203849448
K= 624
6551.38325559
K= 625
823.169012421
K= 626
162.417120791
K= 627
317.812074016
K= 628
4195.99524934
K= 629
4181.0281563
K= 630
4595.66666667
K= 631
312.67045156
K= 632
333.280366604
K= 633
5454.95737445
K= 634
6525.61899328
K= 635
7527.45527365
K= 636
6873.35583771
K= 637
1169.10471868
K= 638
4972.20586489
K= 639
11534.9052787
K= 640
4399.39444444
K= 641
6340.66469494
K= 642
240.14463734
K= 643
87.6407835623
K= 644
5450.62226516
K= 645
380.241800283
K= 646
576.140211144
K= 647
5984.30990172
K= 648
6210.59265608
K= 649
4447.85288098
K= 650
7806.86071944
K= 651
97.7525046243
K= 652
1283.20540178
K= 653
326.467405082
K= 654
76.7570019489
K= 655
4307.83428932
K= 656
177.861956522
K= 657
348.622300456
K= 658
312.145218784
K= 659
8839.0
K= 660
5410.91733926
K= 661
361.034983786
K= 662
985.375597681
K= 663
1811.16108853
K= 664
8534.96724449
K= 665
5450.62226516
K= 666
101.428026125
K= 667
95.3719336251
K= 668
5000.81921553
K= 669
104.812669443
K= 670
135.607814408
K= 671
197.138371191
K= 672
4578.66470588
K= 673
63.7269843759
K= 674
236.527291918
K= 675
56.1750337603
K= 676
5582.01981691
K= 677
360.160421219
K= 678
274.880514606
K= 679
97.3833333332
K= 680
5567.52025267
K= 681
2642.74304702
K= 682
161.586278954
K= 683
119.201818263
K= 684
4573.50430108
K= 685
174.805266959
K= 686
202.041793162
K= 687
283.012935324
K= 688
6197.89805171
K= 689
396.790609807
K= 690
4459.789986
K= 691
6571.7169746
K= 692
71.4822522908
K= 693
4307.83428932
K= 694
131.07656952
K= 695
136.642462525
K= 696
116.499162985
K= 697
534.77167916
K= 698
4307.83428932
K= 699
170.340757259
K= 700
6429.7881787
K= 701
4334.82142857
K= 702
62.6953925644
K= 703
103.798098978
K= 704
4528.48333333
K= 705
188.241345612
K= 706
8622.71428571
K= 707
4307.83428932
K= 708
154.341293574
K= 709
282.721077095
K= 710
8839.0
K= 711
126.946737318
K= 712
390.630921098
K= 713
366.122757285
K= 714
4587.67878788
K= 715
8627.32957292
K= 716
232.438702812
K= 717
6390.57128586
K= 718
3867.63380727
K= 719
288.091879868
K= 720
105.031452371
K= 721
260.89504607
K= 722
101.394964193
K= 723
5963.51054924
K= 724
145.201892863
K= 725
63.2967800539
K= 726
7909.51098176
K= 727
308.641089473
K= 728
5635.90400181
K= 729
333.280366604
K= 730
107.09047619
K= 731
6018.16148285
K= 732
5487.94864935
K= 733
174.305266959
K= 734
95.9301147469
K= 735
4602.86975189
K= 736
995.685533843
K= 737
6050.76742676
K= 738
169.771882278
K= 739
226.874479874
K= 740
6406.69663489
K= 741
129.68203495
K= 742
3394.21571524
K= 743
80.9332922607
K= 744
2578.9429057
K= 745
4561.20393056
K= 746
156.208926945
K= 747
178.361956522
K= 748
7524.69733476
K= 749
165.10778803
K= 750
98.0312961806
K= 751
72.4253758223
K= 752
701.447757463
K= 753
5513.14834629
K= 754
3410.55433482
K= 755
108.839874212
K= 756
218.840828965
K= 757
793.05534708
K= 758
150.923666058
K= 759
146.241152362
K= 760
163.121440632
K= 761
517.261787217
K= 762
4620.27272727
K= 763
8839.0
K= 764
8645.0
K= 765
128.129757826
K= 766
388.298181189
K= 767
177.861956522
K= 768
372.63247017
K= 769
220.335887053
K= 770
5907.14146374
K= 771
979.840260993
K= 772
357.56240987
K= 773
310.630921098
K= 774
169.760165601
K= 775
473.366397889
K= 776
156.658924481
K= 777
1143.59482977
K= 778
5597.15616167
K= 779
202.086438934
K= 780
304.948809301
K= 781
489.089742726
K= 782
5135.13365972
K= 783
74.1297533376
K= 784
6647.65048111
K= 785
5860.72123137
K= 786
183.359017786
K= 787
335.266121029
K= 788
157.152709587
K= 789
80.7300232645
K= 790
147.251601941
K= 791
6768.73428836
K= 792
497.460785496
K= 793
361.659595056
K= 794
67.4918272714
K= 795
107.811134454
K= 796
1087.04831614
K= 797
3087.48039499
K= 798
8408.66356108
K= 799
323.663907282
K= 800
4464.53309377
K= 801
4476.27142857
K= 802
4539.01605871
K= 803
113.134676836
K= 804
458.624203607
K= 805
121.898066518
K= 806
86.5878409786
K= 807
138.149635511
K= 808
252.436921279
K= 809
80.4012855027
K= 810
6396.94987806
K= 811
358.403348112
K= 812
97.6029229638
K= 813
7980.98021253
K= 814
178.419552674
K= 815
4476.27142857
K= 816
448.356967454
K= 817
4307.83428932
K= 818
470.68518768
K= 819
290.325865803
K= 820
2421.97193363
K= 821
126.971933625
K= 822
8839.0
K= 823
342.609785105
K= 824
5335.74965773
K= 825
92.4839958497
K= 826
389.774168178
K= 827
8371.39229043
K= 828
155.879571355
K= 829
288.832364039
K= 830
87.1670659973
K= 831
153.481457435
K= 832
123.25491897
K= 833
80.8996305492
K= 834
116.573775041
K= 835
129.028623188
K= 836
1037.39922753
K= 837
136.791102805
K= 838
121.593661518
K= 839
129.447718195
K= 840
6638.9429057
K= 841
316.914428115
K= 842
5229.62226516
K= 843
108.595822039
K= 844
600.656631148
K= 845
526.567966976
K= 846
74.399213185
K= 847
924.153999297
K= 848
156.671933625
K= 849
360.270123964
K= 850
343.239086596
K= 851
324.226310934
K= 852
110.196219628
K= 853
5168.55252449
K= 854
455.238735368
K= 855
7207.71953227
K= 856
114.441727514
K= 857
119.998649238
K= 858
123.071976509
K= 859
106.157142857
K= 860
176.285829051
K= 861
436.705680052
K= 862
8486.22193363
K= 863
157.706961372
K= 864
317.053406981
K= 865
164.697069006
K= 866
4589.0
K= 867
4428.85611925
K= 868
6210.59265608
K= 869
4567.86098879
K= 870
5321.62226516
K= 871
1253.76651397
K= 872
154.060662526
K= 873
117.389930887
K= 874
333.280366604
K= 875
177.861956522
K= 876
281.433176292
K= 877
7059.77030206
K= 878
5321.62226516
K= 879
6529.05142671
K= 880
154.055888823
K= 881
202.746245018
K= 882
91.1687753056
K= 883
526.567966976
K= 884
4526.98333333
K= 885
271.400797548
K= 886
4602.03522409
K= 887
525.617966976
K= 888
389.880921098
K= 889
118.252214881
K= 890
70.0629634201
K= 891
355.780380233
K= 892
70.8721314571
K= 893
338.923525224
K= 894
105.961134454
K= 895
5968.74467006
K= 896
144.335841139
K= 897
5397.2302272
K= 898
4568.32608696
K= 899
131.172582225
K= 900
249.008255426
K= 901
312.801687462
K= 902
4476.27142857
K= 903
4307.83428932
K= 904
145.185887053
K= 905
651.225736707
K= 906
201.161415172
K= 907
81.7380252854
K= 908
313.364690283
K= 909
6111.03971437
K= 910
39.2843918835
K= 911
252.436921279
K= 912
175.292986257
K= 913
240.91602574
K= 914
4444.30302613
K= 915
343.833273048
K= 916
8645.0
K= 917
6044.91816607
K= 918
4528.48333333
K= 919
177.721933625
K= 920
109.055133612
K= 921
5897.29173111
K= 922
8645.0
K= 923
162.471933625
K= 924
6152.03668537
K= 925
100.229512957
K= 926
281.401895715
K= 927
1141.06768162
K= 928
295.246680182
K= 929
177.861956522
K= 930
84.8011459811
K= 931
105.097971069
K= 932
94.1199237137
K= 933
291.30912732
K= 934
180.366503357
K= 935
102.13400049
K= 936
8645.0
K= 937
164.145476867
K= 938
4582.25
K= 939
4527.91666667
K= 940
8616.94570512
K= 941
177.861956522
K= 942
6752.57191289
K= 943
220.336795367
K= 944
6569.79281381
K= 945
148.185622689
K= 946
168.786403669
K= 947
166.715499933
K= 948
6988.52194509
K= 949
4397.86111111
K= 950
113.865368837
K= 951
103.39068879
K= 952
488.280394445
K= 953
362.881493823
K= 954
4307.83428932
K= 955
5597.69090558
K= 956
321.686196904
K= 957
961.964304587
K= 958
78.7004216431
K= 959
158.463041534
K= 960
219.471601338
K= 961
7538.36571321
K= 962
174.605266958
K= 963
295.203746096
K= 964
5942.41403391
K= 965
8408.66356108
K= 966
357.603693667
K= 967
388.188577254
K= 968
351.311520232
K= 969
289.939018625
K= 970
182.051388842
K= 971
249.080883994
K= 972
5321.62226516
K= 973
440.621839679
K= 974
4397.86111111
K= 975
5174.03140657
K= 976
213.152403512
K= 977
134.65009986
K= 978
2422.47193363
K= 979
301.359874111
K= 980
4476.27142857
K= 981
5450.62226516
K= 982
295.386111685
K= 983
8839.0
K= 984
82.0773412414
K= 985
1347.85805617
K= 986
224.742523371
K= 987
1444.46762308
K= 988
280.328557089
K= 989
371.692846923
K= 990
4572.62318841
K= 991
81.9676273291
K= 992
8645.0
K= 993
70.4890558659
K= 994
83.7030467055
K= 995
214.265762027
K= 996
323.861003243
K= 997
158.057272603
K= 998
1141.91733396
K= 999
172.284966207
K= 1000
4307.83428932
K= 1001
849.623132736
K= 1002
8410.18873649
K= 1003
95.9015367682
K= 1004
122.987909611
K= 1005
196.831649314
K= 1006
341.134038681
K= 1007
492.170171177
K= 1008
89.3345959617
K= 1009
8839.0
K= 1010
1541.64302598
K= 1011
126.994779233
K= 1012
1475.42511359
K= 1013
4307.83428932
K= 1014
100.003297086
K= 1015
8628.98000869
K= 1016
364.75837421
K= 1017
4576.0
K= 1018
526.139395547
K= 1019
4397.86111111
K= 1020
4541.99444444
K= 1021
4307.83428932
K= 1022
5907.94760743
K= 1023
4886.8076311
K= 1024
82.4776997078
K= 1025
222.773617769
K= 1026
4519.62112807
K= 1027
6342.14709701
K= 1028
1121.57821708
K= 1029
8839.0
K= 1030
139.800582493
K= 1031
7579.28356887
K= 1032
144.225060848
K= 1033
387.743727568
K= 1034
147.404990831
K= 1035
1158.54346335
K= 1036
108.749481657
K= 1037
169.171666667
K= 1038
437.933686083
K= 1039
390.502330818
K= 1040
54.1727228886
K= 1041
8622.71428571
K= 1042
91.5826162479
K= 1043
4638.84815321
K= 1044
8829.70348665
K= 1045
305.477200584
K= 1046
4307.83428932
K= 1047
439.900858597
K= 1048
386.136798682
K= 1049
467.151961449
K= 1050
4181.0281563
K= 1051
183.02253969
K= 1052
823.353692987
K= 1053
167.850096022
K= 1054
522.597225479
K= 1055
4523.50430108
K= 1056
4474.46260504
K= 1057
249.649583675
K= 1058
370.389987384
K= 1059
129.019395419
K= 1060
103.245397226
K= 1061
151.36430177
K= 1062
140.014822224
K= 1063
235.820218739
K= 1064
197.767639829
K= 1065
1366.81038636
K= 1066
454.023011331
K= 1067
394.319779779
K= 1068
91.7133847851
K= 1069
4455.88671569
K= 1070
92.3757065134
K= 1071
6822.39467576
K= 1072
2340.62801974
K= 1073
174.877196335
K= 1074
4542.8087438
K= 1075
5800.22728371
K= 1076
129.34338623
K= 1077
177.861956522
K= 1078
215.562983349
K= 1079
5285.79886209
K= 1080
173.921666667
K= 1081
108.76766181
K= 1082
241.788723772
K= 1083
328.722785918
K= 1084
6210.59265608
K= 1085
344.396497354
K= 1086
6086.917018
K= 1087
6210.59265608
K= 1088
368.26305778
K= 1089
1966.2531831
K= 1090
5963.38145421
K= 1091
258.029587655
K= 1092
325.92496872
K= 1093
8839.0
K= 1094
129.684085459
K= 1095
351.217072685
K= 1096
6687.69965902
K= 1097
526.639395547
K= 1098
633.294763738
K= 1099
8839.0
K= 1100
92.4730951694
K= 1101
4372.83576411
K= 1102
4477.77142857
K= 1103
8093.89611026
K= 1104
544.021925862
K= 1105
6641.9506823
K= 1106
119.267680863
K= 1107
8627.40789474
K= 1108
8839.0
K= 1109
7611.22903845
K= 1110
95.086684347
K= 1111
5206.62478316
K= 1112
6210.59265608
K= 1113
1280.01100231
K= 1114
181.447243268
K= 1115
69.8471561024
K= 1116
7990.02783158
K= 1117
148.01903601
K= 1118
103.926757387
K= 1119
4468.86111111
K= 1120
1375.79428326
K= 1121
8418.7204797
K= 1122
1721.23639616
K= 1123
6249.68852582
K= 1124
333.480366604
K= 1125
5496.17581251
K= 1126
84.0361454053
K= 1127
191.594340708
K= 1128
5058.23577275
K= 1129
177.861956522
K= 1130
8635.31716834
K= 1131
453.279957813
K= 1132
140.841470448
K= 1133
167.861956522
K= 1134
5450.62226516
K= 1135
124.008729045
K= 1136
4307.83428932
K= 1137
197.514674484
K= 1138
4531.25960871
K= 1139
178.68013834
K= 1140
95.3517436897
K= 1141
4293.02588698
K= 1142
4181.0281563
K= 1143
237.522802177
K= 1144
4872.45192237
K= 1145
177.308838387
K= 1146
8574.72857143
K= 1147
103.678433196
K= 1148
8839.0
K= 1149
5450.09726516
K= 1150
64.6032825232
K= 1151
6678.83510364
K= 1152
334.840892148
K= 1153
8839.0
K= 1154
171.542748675
K= 1155
58.6095297277
K= 1156
319.337540653
K= 1157
4629.18008658
K= 1158
133.303340067
K= 1159
4307.83428932
K= 1160
4581.45906433
K= 1161
320.293660286
K= 1162
5738.72655839
K= 1163
1076.04932658
K= 1164
4300.07133074
K= 1165
8839.0
K= 1166
376.514387815
K= 1167
4558.53748076
K= 1168
122.641028389
K= 1169
4389.12611724
K= 1170
124.300189384
K= 1171
177.861956522
K= 1172
4711.33093075
K= 1173
5530.58368169
K= 1174
312.428905203
K= 1175
6200.69997634
K= 1176
332.97877201
K= 1177
8839.0
K= 1178
177.385867505
K= 1179
151.239069317
K= 1180
74.8565988386
K= 1181
5451.06014546
K= 1182
235.774443474
K= 1183
113.258775202
K= 1184
56.4002414999
K= 1185
4582.91071429
K= 1186
284.422575823
K= 1187
66.0483222719
K= 1188
679.023908919
K= 1189
5320.62226516
K= 1190
193.458865965
K= 1191
174.605266959
K= 1192
5293.48532287
K= 1193
4527.87096774
K= 1194
5326.98781194
K= 1195
1676.03830619
K= 1196
8839.0
K= 1197
134.410202136
K= 1198
355.001172243
K= 1199
71.1413730938
Betweenness Centrality Improvement
[  89.97118805  116.26942864   97.5211261  ...,    0.            0.            0.        ]
Top 20 BC Improvement
[ 639  435  389  413  822 1009  394  983  409 1196 1153  332  450  456 1165
  659  155  710  763 1029]
Top 20 BC Improvement
[ 11534.90527866   8857.7122385    8857.7122385    8839.           8839.
   8839.           8839.           8839.           8839.           8839.
   8839.           8839.           8839.           8839.           8839.
   8839.           8839.           8839.           8839.           8839.        ]
