txValue= 100
IGRAPH D--- 4619 68733 -- 
+ attr: pub_key (v), base_fee (e), capacity (e), fee_rate (e), txCost (e)
None
IGRAPH D--- 4619 68733 -- 
+ attr: pub_key (v), base_fee (e), capacity (e), fee_rate (e), txCost (e)
None
Our nodes starting connections: 
(4618, 2796)
(4618, 1223)
(4618, 498)
(4618, 3265)
K= 2400
4565.0
K= 2401
4574.33333333
K= 2402
5586.30959383
K= 2403
138.663600292
K= 2404
8839.0
K= 2405
94.3922563298
K= 2406
295.604190804
K= 2407
275.297434483
K= 2408
4275.94444444
K= 2409
129.162779974
K= 2410
47.0843129003
K= 2411
286.256195928
K= 2412
25.6053289104
K= 2413
5283.71126995
K= 2414
47.0515006685
K= 2415
8473.53778143
K= 2416
143.746731617
K= 2417
345.930127946
K= 2418
14200.9115466
K= 2419
4531.97362637
K= 2420
73.0364197532
K= 2421
267.351701627
K= 2422
4839.06386868
K= 2423
8556.96961165
K= 2424
4331.97457181
K= 2425
8.66450435121
K= 2426
7403.79844182
K= 2427
4469.97362637
K= 2428
8697.65158808
K= 2429
150.496933625
K= 2430
328.362717938
K= 2431
646.204451731
K= 2432
31.2993867245
K= 2433
63.2517484068
K= 2434
3191.18831229
K= 2435
601.816969017
K= 2436
5796.12436796
K= 2437
4264.57142857
K= 2438
39.7457860952
K= 2439
4509.49346764
K= 2440
353.797587765
K= 2441
12428.1465278
K= 2442
295.152336638
K= 2443
116.657814408
K= 2444
71.4166666667
K= 2445
4486.42758694
K= 2446
124.606047224
K= 2447
359.797587765
K= 2448
7014.40150598
K= 2449
79.5000000001
K= 2450
4519.82608696
K= 2451
7681.09515028
K= 2452
41.3419061931
K= 2453
292.182727952
K= 2454
112.55
K= 2455
4331.97457181
K= 2456
8839.0
K= 2457
170.431418691
K= 2458
56.2213013839
K= 2459
183.378496504
K= 2460
37.5166666666
K= 2461
2091.38547414
K= 2462
2025.30029573
K= 2463
216.663905075
K= 2464
8839.0
K= 2465
5387.86234503
K= 2466
202.173916385
K= 2467
2404.66360029
K= 2468
94.8086932948
K= 2469
104.258029879
K= 2470
5888.10532639
K= 2471
4335.94444444
K= 2472
247.694283494
K= 2473
310.863262108
K= 2474
244.503463204
K= 2475
23.7595635444
K= 2476
31.5607864357
K= 2477
498.464528109
K= 2478
95.4580742576
K= 2479
306.651534847
K= 2480
614.804356919
K= 2481
321.599922966
K= 2482
5450.04669573
K= 2483
503.456062214
K= 2484
5136.55774627
K= 2485
56.9174746082
K= 2486
8839.0
K= 2487
130.535335035
K= 2488
71.392857143
K= 2489
339.214759585
K= 2490
106.554531895
K= 2491
5224.55838547
K= 2492
22.2995643246
K= 2493
174.795206079
K= 2494
4594.0
K= 2495
152.311956522
K= 2496
2822.44794078
K= 2497
503.456062214
K= 2498
4331.97457181
K= 2499
74.1928571428
K= 2500
160.861956522
K= 2501
160.861956522
K= 2502
4387.94444444
K= 2503
88.9625
K= 2504
110.111956522
K= 2505
503.456062214
K= 2506
59.7253968257
K= 2507
138.640816327
K= 2508
80.6677793339
K= 2509
6044.28852781
K= 2510
73.6595238096
K= 2511
130.088981304
K= 2512
470.453412106
K= 2513
4980.73840673
K= 2514
4216.5116451
K= 2515
4533.85714286
K= 2516
214.890711265
K= 2517
166.457325966
K= 2518
36.3327455632
K= 2519
117.907814408
K= 2520
176.985714286
K= 2521
16.0438230585
K= 2522
30.3459627788
K= 2523
297.369346816
K= 2524
204.881744347
K= 2525
86.467832168
K= 2526
5322.72726405
K= 2527
83.6748436056
K= 2528
21.2732073478
K= 2529
6805.56006298
K= 2530
5491.38510523
K= 2531
104.471929825
K= 2532
110.393229747
K= 2533
7380.36453852
K= 2534
54.6393689641
K= 2535
5221.30266745
K= 2536
4205.77860839
K= 2537
150.496933625
K= 2538
4571.8
K= 2539
273.173916385
K= 2540
102.740216202
K= 2541
95.5798701299
K= 2542
4625.97465612
K= 2543
140.517681965
K= 2544
8577.94927536
K= 2545
5906.23907554
K= 2546
4017.88598809
K= 2547
5853.46886674
K= 2548
249.18086978
K= 2549
5794.87663521
K= 2550
8839.0
K= 2551
4331.97457181
K= 2552
336.416095566
K= 2553
52.3347688394
K= 2554
1518.4639496
K= 2555
272.358863113
K= 2556
400.45145049
K= 2557
385.115925247
K= 2558
850.590754326
K= 2559
515.819681828
K= 2560
117.330266958
K= 2561
34.8819264066
K= 2562
157.59041514
K= 2563
50.7625024483
K= 2564
123.870613866
K= 2565
17678.0
K= 2566
118.444504268
K= 2567
4575.25
K= 2568
120.81697995
K= 2569
109.383646617
K= 2570
5221.33616325
K= 2571
198.137260094
K= 2572
4465.5953723
K= 2573
8669.0
K= 2574
90.417893218
K= 2575
120.843244029
K= 2576
340.783029674
K= 2577
4942.33086069
K= 2578
8839.0
K= 2579
8816.97457181
K= 2580
4572.25
K= 2581
99.0719363969
K= 2582
89.3705300513
K= 2583
3037.71339537
K= 2584
87.5602564105
K= 2585
149.180608148
K= 2586
8830.0
K= 2587
4458.57142857
K= 2588
93.4705513787
K= 2589
79.4288868997
K= 2590
91.2595238094
K= 2591
453.079451333
K= 2592
306.184156632
K= 2593
68.9059523812
K= 2594
160.861956522
K= 2595
267.143189826
K= 2596
5224.55838547
K= 2597
216.11021741
K= 2598
150.496933625
K= 2599
4417.20430108
K= 2600
1449.90222234
K= 2601
194.853980586
K= 2602
2977.00965946
K= 2603
6162.54720694
K= 2604
813.352564387
K= 2605
1013.8638977
K= 2606
108.0
K= 2607
4331.97457181
K= 2608
444.817553763
K= 2609
4565.2
K= 2610
361.79116401
K= 2611
329.131426252
K= 2612
126.318793606
K= 2613
613.304844222
K= 2614
329.914055128
K= 2615
5242.39313844
K= 2616
55.0601759352
K= 2617
5450.04669573
K= 2618
788.576418232
K= 2619
8839.0
K= 2620
340.370107678
K= 2621
155.333333333
K= 2622
41.168975469
K= 2623
191.18292928
K= 2624
73.7783040489
K= 2625
6479.60281231
K= 2626
4579.92592593
K= 2627
8138.74240371
K= 2628
26.5373516832
K= 2629
90.6552963649
K= 2630
5001.78471672
K= 2631
4539.40909091
K= 2632
542.539331177
K= 2633
8839.0
K= 2634
6479.60281231
K= 2635
4595.66304348
K= 2636
5598.87681345
K= 2637
361.79116401
K= 2638
97.5545318945
K= 2639
5224.55838547
K= 2640
503.456062214
K= 2641
4331.97457181
K= 2642
362.773491379
K= 2643
384.948216709
K= 2644
8633.81818182
K= 2645
169.55108366
K= 2646
50.4510836836
K= 2647
4457.57142857
K= 2648
110.233333333
K= 2649
314.416095566
K= 2650
6094.322125
K= 2651
1049.02100743
K= 2652
4625.21467154
K= 2653
233.047407425
K= 2654
219.698826041
K= 2655
29.6889843959
K= 2656
4558.0
K= 2657
108.71697995
K= 2658
48.9677691238
K= 2659
5154.05429985
K= 2660
353.58876998
K= 2661
497.408228377
K= 2662
5224.55838547
K= 2663
71.8159208067
K= 2664
419.392926084
K= 2665
5412.12758661
K= 2666
443.237935915
K= 2667
307.20628289
K= 2668
58.317125447
K= 2669
202.914074303
K= 2670
65.8603886855
K= 2671
59.8525252525
K= 2672
8839.0
K= 2673
5389.01402979
K= 2674
290.823231045
K= 2675
285.746191761
K= 2676
304.599621579
K= 2677
22.0302068163
K= 2678
5224.55838547
K= 2679
98.0
K= 2680
361.184087584
K= 2681
449.687935915
K= 2682
3118.82975817
K= 2683
4331.97457181
K= 2684
4331.97457181
K= 2685
465.329075378
K= 2686
8577.94927536
K= 2687
4331.97457181
K= 2688
217.222021632
K= 2689
5389.01402979
K= 2690
983.089264048
K= 2691
8656.9
K= 2692
4515.87096774
K= 2693
620.24613069
K= 2694
5818.45389784
K= 2695
5208.29239197
K= 2696
91.3723960361
K= 2697
911.243357641
K= 2698
252.583440194
K= 2699
108.95952381
K= 2700
112.951300063
K= 2701
5773.79894491
K= 2702
57.4353535357
K= 2703
197.443740321
K= 2704
8529.05599005
K= 2705
24.4761904763
K= 2706
92.3452380954
K= 2707
4280.57142857
K= 2708
5142.99411965
K= 2709
46.0666666669
K= 2710
613.502502137
K= 2711
4529.94444444
K= 2712
418.057176134
K= 2713
76.9429761905
K= 2714
56.8785714286
K= 2715
87.0205326019
K= 2716
6006.31027569
K= 2717
4571.57142857
K= 2718
146.841964439
K= 2719
58.531890332
K= 2720
5224.55838547
K= 2721
267.483964363
K= 2722
471.313787025
K= 2723
359.59686229
K= 2724
8577.94927536
K= 2725
333.340427394
K= 2726
306.751251068
K= 2727
4558.0
K= 2728
423.474012254
K= 2729
291.801583978
K= 2730
286.141363287
K= 2731
5397.76964027
K= 2732
5155.51844747
K= 2733
383.622061952
K= 2734
6039.31027569
K= 2735
950.129406598
K= 2736
330.032844527
K= 2737
4524.06666667
K= 2738
955.094916392
K= 2739
91.9928571429
K= 2740
150.496933625
K= 2741
199.236667333
K= 2742
65.9756278668
K= 2743
160.861956522
K= 2744
33.7166810698
K= 2745
123.697008249
K= 2746
4331.97457181
K= 2747
130.933333333
K= 2748
5389.01402979
K= 2749
6103.44533501
K= 2750
38.3663994865
K= 2751
503.456062214
K= 2752
96.4786231883
K= 2753
54.6597231781
K= 2754
8629.96854641
K= 2755
1368.14577733
K= 2756
5500.9349473
K= 2757
75.4268292685
K= 2758
184.559571101
K= 2759
8839.0
K= 2760
470.453412106
K= 2761
123.416666667
K= 2762
5371.49316932
K= 2763
598.553595705
K= 2764
4496.94444444
K= 2765
56.8675874849
K= 2766
193.81928498
K= 2767
5394.34614571
K= 2768
61.2773698965
K= 2769
6398.64794988
K= 2770
8424.68230281
K= 2771
4407.20430108
K= 2772
47.2242319052
K= 2773
368.683577413
K= 2774
128.110912699
K= 2775
8839.0
K= 2776
375.856253598
K= 2777
391.094424431
K= 2778
6382.61526024
K= 2779
4423.0
K= 2780
280.959320699
K= 2781
278.269801243
K= 2782
148.661029188
K= 2783
100.73457803
K= 2784
4560.8
K= 2785
335.416095566
K= 2786
452.105705812
K= 2787
8831.0
K= 2788
62.9547619049
K= 2789
124.550897486
K= 2790
51.2788480642
K= 2791
8662.0
K= 2792
1291.09530266
K= 2793
130.856060606
K= 2794
111.00952381
K= 2795
132.801300063
K= 2796
763.812511031
K= 2797
81.3152582099
K= 2798
43.0897751297
K= 2799
137.512413512
K= 2800
101.48640735
K= 2801
7168.38007398
K= 2802
8294.03886178
K= 2803
42.5979852934
K= 2804
4331.97457181
K= 2805
27.7261973935
K= 2806
4524.06666667
K= 2807
152.328060106
K= 2808
82.9666666669
K= 2809
262.473412698
K= 2810
5707.56830022
K= 2811
277.817832044
K= 2812
418.963600239
K= 2813
220.912497703
K= 2814
4547.09615385
K= 2815
4331.97457181
K= 2816
35.2717036619
K= 2817
128.563600292
K= 2818
8670.38969816
K= 2819
1028.75489788
K= 2820
4969.98335945
K= 2821
4397.91881766
K= 2822
358.60889193
K= 2823
4564.0
K= 2824
327.872387743
K= 2825
433.084247747
K= 2826
88.0064102338
K= 2827
8421.82427536
K= 2828
49.8369491622
K= 2829
31.7529360834
K= 2830
5224.55838547
K= 2831
4331.97457181
K= 2832
421.892926084
K= 2833
4514.74553818
K= 2834
4540.89285714
K= 2835
8839.0
K= 2836
19613.4743666
K= 2837
847.545288186
K= 2838
6479.60281231
K= 2839
5677.18663627
K= 2840
4513.93253968
K= 2841
6104.18483976
K= 2842
2167.25545442
K= 2843
150.496933625
K= 2844
81.8023809524
K= 2845
279.226259417
K= 2846
125.191490868
K= 2847
56.2428571427
K= 2848
167.391748282
K= 2849
209.916142965
K= 2850
31.5063603061
K= 2851
302.116247183
K= 2852
830.728693613
K= 2853
8662.0
K= 2854
67.5468253968
K= 2855
4428.67740724
K= 2856
34.7866040965
K= 2857
76.6083333332
K= 2858
5677.18663627
K= 2859
42.7236763238
K= 2860
956.383921991
K= 2861
142.99849182
K= 2862
4499.87096774
K= 2863
7970.50929111
K= 2864
126.88956044
K= 2865
7532.12405798
K= 2866
340.17570167
K= 2867
95.9444444445
K= 2868
841.353605172
K= 2869
32.2457648191
K= 2870
440.761270007
K= 2871
923.758400591
K= 2872
5371.49316932
K= 2873
1177.5982967
K= 2874
306.751251068
K= 2875
311.505501565
K= 2876
503.456062214
K= 2877
46.0666666669
K= 2878
152.311956522
K= 2879
139.957792208
K= 2880
1014.49353411
K= 2881
5419.97451826
K= 2882
314.184957659
K= 2883
7097.16994056
K= 2884
128.6039472
K= 2885
136.039663414
K= 2886
143.009098639
K= 2887
130.563600292
K= 2888
113.450313283
K= 2889
90.7443940288
K= 2890
29.0655483408
K= 2891
81.0428571429
K= 2892
150.611956522
K= 2893
173.455707327
K= 2894
4331.97457181
K= 2895
152.333333333
K= 2896
16491.6270385
K= 2897
361.797587765
K= 2898
342.671476598
K= 2899
327.880792755
K= 2900
143.315789474
K= 2901
8656.0
K= 2902
4569.0
K= 2903
306.751251068
K= 2904
160.861956522
K= 2905
4205.77860839
K= 2906
361.184087584
K= 2907
2891.99935826
K= 2908
250.137714599
K= 2909
4517.62096774
K= 2910
483.317482195
K= 2911
369.637574357
K= 2912
218.698826041
K= 2913
28.7396825399
K= 2914
5224.55838547
K= 2915
5707.56830022
K= 2916
258.800624909
K= 2917
143.783331438
K= 2918
5768.96769403
K= 2919
51.4406872605
K= 2920
503.456062214
K= 2921
8839.0
K= 2922
949.886759539
K= 2923
160.861956522
K= 2924
210.500807701
K= 2925
252.451789016
K= 2926
216.874819631
K= 2927
4569.0
K= 2928
219.698826041
K= 2929
231.50015512
K= 2930
246.810818139
K= 2931
398.592787521
K= 2932
503.456062214
K= 2933
5389.01402979
K= 2934
226.132271557
K= 2935
769.771571473
K= 2936
161.610620554
K= 2937
96.142857143
K= 2938
759.866237502
K= 2939
26.5654761905
K= 2940
64.4742424241
K= 2941
344.167144344
K= 2942
136.840855825
K= 2943
88.8531135534
K= 2944
47.9989244307
K= 2945
5260.7205272
K= 2946
361.184087584
K= 2947
5233.20894521
K= 2948
287.152719785
K= 2949
152.311956522
K= 2950
4472.97457181
K= 2951
575.038221955
K= 2952
287.337169103
K= 2953
470.453412106
K= 2954
5343.29405951
K= 2955
110.126447904
K= 2956
4331.97457181
K= 2957
5001.25062776
K= 2958
336.416095566
K= 2959
75.7857142857
K= 2960
5537.61741231
K= 2961
7214.020981
K= 2962
160.861956522
K= 2963
4559.16360029
K= 2964
323.174948464
K= 2965
49.7022408963
K= 2966
8552.89800336
K= 2967
314.990579711
K= 2968
384.828657583
K= 2969
1597.07160801
K= 2970
250.137714599
K= 2971
5230.11981502
K= 2972
4331.97457181
K= 2973
65.1544011544
K= 2974
34.750030525
K= 2975
152.311956522
K= 2976
360.941363287
K= 2977
458.176197405
K= 2978
4408.82608696
K= 2979
160.861956522
K= 2980
43.4222222224
K= 2981
4415.8
K= 2982
52.3777777777
K= 2983
337.45531437
K= 2984
41.176190476
K= 2985
4386.94444444
K= 2986
58.6273399013
K= 2987
8633.81818182
K= 2988
5359.55838547
K= 2989
5224.55838547
K= 2990
108.0
K= 2991
4331.97457181
K= 2992
137.441539479
K= 2993
304.221439816
K= 2994
28.0854830457
K= 2995
4546.525
K= 2996
79.4878652277
K= 2997
119.023275001
K= 2998
5025.19743816
K= 2999
4517.47301587
K= 3000
33.9415786866
K= 3001
3943.71931196
K= 3002
45.3624310328
K= 3003
63.1503968254
K= 3004
6246.39242882
K= 3005
291.842368337
K= 3006
303.700227695
K= 3007
5224.55838547
K= 3008
114.622885448
K= 3009
297.809581105
K= 3010
5768.56830022
K= 3011
1157.19629996
K= 3012
5489.92024229
K= 3013
34.0286642279
K= 3014
159.328623189
K= 3015
5491.38510523
K= 3016
360.480243921
K= 3017
21.2194008603
K= 3018
104.601529797
K= 3019
8245.81351926
K= 3020
4542.72619048
K= 3021
5624.14827014
K= 3022
62.5851370852
K= 3023
6544.17036718
K= 3024
1130.28764256
K= 3025
170.43363308
K= 3026
125.091579421
K= 3027
5299.87538095
K= 3028
20.7936258183
K= 3029
4402.47457181
K= 3030
4496.20430108
K= 3031
360.04125989
K= 3032
65.6119769118
K= 3033
64.5939174152
K= 3034
390.606190121
K= 3035
234.781641904
K= 3036
289.66640506
K= 3037
8839.0
K= 3038
1088.84368248
K= 3039
107.911664522
K= 3040
294.221439816
K= 3041
5224.55838547
K= 3042
5281.59856483
K= 3043
5224.55838547
K= 3044
8433.73498965
K= 3045
37.4015714901
K= 3046
350.125288395
K= 3047
44.8429614248
K= 3048
4511.41310634
K= 3049
54.7095238094
K= 3050
286.209595056
K= 3051
48.8691548783
K= 3052
52.0833333336
K= 3053
2775.10386753
K= 3054
504.798253659
K= 3055
361.04125989
K= 3056
160.861956522
K= 3057
4331.97457181
K= 3058
1887.06791534
K= 3059
82.9666666669
K= 3060
503.456062214
K= 3061
5901.38906635
K= 3062
248.111262674
K= 3063
5941.96424647
K= 3064
250.137714599
K= 3065
4331.97457181
K= 3066
4558.20430108
K= 3067
60.560560638
K= 3068
54.5804454314
K= 3069
131.563600292
K= 3070
5394.34614571
K= 3071
286.447809963
K= 3072
8662.0
K= 3073
8839.0
K= 3074
8839.0
K= 3075
43.4299958211
K= 3076
54.8165001663
K= 3077
57.1387583006
K= 3078
950.129406598
K= 3079
6006.31027569
K= 3080
35.7055555554
K= 3081
102.026623377
K= 3082
110.598292449
K= 3083
6792.14230879
K= 3084
4331.97457181
K= 3085
31.0632756135
K= 3086
36.7364468863
K= 3087
196.201930331
K= 3088
4528.82619048
K= 3089
360.428419745
K= 3090
577.440231177
K= 3091
6006.31027569
K= 3092
4529.94444444
K= 3093
111.042857143
K= 3094
150.496933625
K= 3095
227.861619681
K= 3096
65.0583333336
K= 3097
118.60952381
K= 3098
160.861956522
K= 3099
109.45262797
K= 3100
63.0170634919
K= 3101
183.985714286
K= 3102
232.384982991
K= 3103
5393.4592341
K= 3104
76.2584154353
K= 3105
160.861956522
K= 3106
122.550313283
K= 3107
4544.91666667
K= 3108
4571.9375
K= 3109
41.7749999999
K= 3110
6396.72889164
K= 3111
8839.0
K= 3112
4331.97457181
K= 3113
4264.0
K= 3114
157.476469527
K= 3115
157.956749904
K= 3116
78.3134657838
K= 3117
126.830266958
K= 3118
0.0
K= 3119
91.9928571429
K= 3120
391.855778638
K= 3121
8651.0
K= 3122
55.9267610167
K= 3123
309.492166413
K= 3124
0.0
K= 3125
4578.0625
K= 3126
1264.20080512
K= 3127
31.3023809524
K= 3128
4529.12060327
K= 3129
127.414389234
K= 3130
5394.34614571
K= 3131
93.717397107
K= 3132
412.00683989
K= 3133
66.2287988672
K= 3134
37.1977639335
K= 3135
85.1636002917
K= 3136
120.793495935
K= 3137
326.917420917
K= 3138
4422.57142857
K= 3139
338.567068397
K= 3140
8654.66360029
K= 3141
152.311956522
K= 3142
18.2867965816
K= 3143
4837.19203361
K= 3144
83.6923076923
K= 3145
94.9500000001
K= 3146
150.496933625
K= 3147
4331.97457181
K= 3148
152.844505494
K= 3149
781.244051355
K= 3150
42.8190476188
K= 3151
6396.94299876
K= 3152
147.537280533
K= 3153
270.143770762
K= 3154
4464.57142857
K= 3155
8669.0
K= 3156
160.861956522
K= 3157
3851.45585488
K= 3158
160.778623189
K= 3159
1272.67653726
K= 3160
318.27049539
K= 3161
1095.16094639
K= 3162
49.4265262517
K= 3163
4036.06567026
K= 3164
147.810392132
K= 3165
8597.58730955
K= 3166
5036.19525261
K= 3167
96.8746031745
K= 3168
8839.0
K= 3169
24.3386273583
K= 3170
4574.86666667
K= 3171
63.9853854924
K= 3172
115.649618146
K= 3173
8839.0
K= 3174
84.4829365079
K= 3175
254.842139804
K= 3176
4319.57142857
K= 3177
317.616110608
K= 3178
70.3159948987
K= 3179
72.4
K= 3180
343.145361066
K= 3181
4464.57142857
K= 3182
344.817553763
K= 3183
5389.01402979
K= 3184
443.214165154
K= 3185
242.663731131
K= 3186
47.9107512148
K= 3187
31.254585532
K= 3188
25.8989177488
K= 3189
44.4315485238
K= 3190
48.3557048362
K= 3191
8839.0
K= 3192
2782.86908176
K= 3193
6312.08266079
K= 3194
37.4361471864
K= 3195
6006.31027569
K= 3196
6543.15553803
K= 3197
8929.0
K= 3198
69.3376168716
K= 3199
5888.25142627
K= 3200
119.780968541
K= 3201
72.4504329005
K= 3202
4205.77860839
K= 3203
154.637693108
K= 3204
122.550313283
K= 3205
5703.96830022
K= 3206
4331.97457181
K= 3207
62.7004329006
K= 3208
4464.57142857
K= 3209
8839.0
K= 3210
547.90980321
K= 3211
470.453412106
K= 3212
613.502502137
K= 3213
4331.97457181
K= 3214
339.266404618
K= 3215
160.640372543
K= 3216
645.770304147
K= 3217
4331.97457181
K= 3218
34.0413757568
K= 3219
34.7388768981
K= 3220
35.6896686645
K= 3221
293.734577922
K= 3222
5200.23128517
K= 3223
325.350108602
K= 3224
205.221291029
K= 3225
82.8023809526
K= 3226
194.206499128
K= 3227
5284.51824659
K= 3228
0.0
K= 3229
449.495001133
K= 3230
738.957904169
K= 3231
5704.53645204
K= 3232
417.742926084
K= 3233
5971.00304482
K= 3234
7230.93169528
K= 3235
414.05180194
K= 3236
8839.0
K= 3237
81.814756327
K= 3238
4538.775
K= 3239
502.306292438
K= 3240
8662.0
K= 3241
236.037524137
K= 3242
96.7448634701
K= 3243
122.9
K= 3244
6006.31027569
K= 3245
7703.05575634
K= 3246
1804.62238673
K= 3247
4331.97457181
K= 3248
4529.94444444
K= 3249
4581.33446337
K= 3250
183.259937153
K= 3251
150.496933625
K= 3252
325.412813365
K= 3253
339.325886817
K= 3254
4205.77860839
K= 3255
710.135271922
K= 3256
104.832261209
K= 3257
43.6500000003
K= 3258
169.759407643
K= 3259
37.395152295
K= 3260
13.7931521094
K= 3261
6006.31027569
K= 3262
965.567651349
K= 3263
314.554019863
K= 3264
131.441796112
K= 3265
0.0
K= 3266
129.923688183
K= 3267
243.375125969
K= 3268
25.2547619048
K= 3269
44.5595238095
K= 3270
8839.0
K= 3271
14.1433376262
K= 3272
5224.55838547
K= 3273
2851.72978281
K= 3274
103.095553566
K= 3275
4331.97457181
K= 3276
131.563600292
K= 3277
77.8893482335
K= 3278
54.679004329
K= 3279
69.5455358913
K= 3280
306.023999718
K= 3281
160.861956522
K= 3282
138.663600292
K= 3283
86.2274487491
K= 3284
4571.36666667
K= 3285
93.3229653516
K= 3286
123.585532593
K= 3287
4459.57142857
K= 3288
2464.4485448
K= 3289
357.79125989
K= 3290
75.4377416533
K= 3291
27.3938138204
K= 3292
173.455707328
K= 3293
36.778859794
K= 3294
133.833333333
K= 3295
354.823579569
K= 3296
5385.26594459
K= 3297
194.853980586
K= 3298
7199.22731288
K= 3299
70.4000000003
K= 3300
103.017434747
K= 3301
83.7261904762
K= 3302
4331.97457181
K= 3303
4524.06666667
K= 3304
40.8252727204
K= 3305
5850.63464378
K= 3306
84.2611111114
K= 3307
278.394412226
K= 3308
105.550313283
K= 3309
6412.08098711
K= 3310
106.30952381
K= 3311
122.550313283
K= 3312
160.861956522
K= 3313
4792.0361564
K= 3314
6479.60281231
K= 3315
49.8253968253
K= 3316
8462.10935691
K= 3317
102.477924431
K= 3318
5450.04669573
K= 3319
112.125313283
K= 3320
71.510750361
K= 3321
362.108214776
K= 3322
4331.97457181
K= 3323
151.115466987
K= 3324
32.6729090353
K= 3325
99.9531743703
K= 3326
108.684440651
K= 3327
17662.4520208
K= 3328
31.1313265098
K= 3329
73.4564653486
K= 3330
53.0312698411
K= 3331
91.0
K= 3332
5971.00304482
K= 3333
1509.32635931
K= 3334
501.922728881
K= 3335
4464.57142857
K= 3336
50.7933762996
K= 3337
197.606992748
K= 3338
5108.54796626
K= 3339
4803.87671762
K= 3340
4537.92179701
K= 3341
4131.38052802
K= 3342
8839.0
K= 3343
4572.69444444
K= 3344
332.017354486
K= 3345
121.187114818
K= 3346
2479.38995656
K= 3347
226.805736355
K= 3348
172.386698351
K= 3349
17678.0
K= 3350
1094.4319209
K= 3351
889.501911449
K= 3352
129.269020867
K= 3353
152.311956522
K= 3354
17678.0
K= 3355
48.9825396828
K= 3356
111.42171524
K= 3357
44.2673688729
K= 3358
5295.13682088
K= 3359
212.896863717
K= 3360
8474.0499981
K= 3361
6261.84385427
K= 3362
135.926603819
K= 3363
7491.11839452
K= 3364
4331.97457181
K= 3365
4331.97457181
K= 3366
113.528623189
K= 3367
5788.17906413
K= 3368
91.2277777781
K= 3369
379.904086898
K= 3370
5450.04669573
K= 3371
201.698826041
K= 3372
133.747364579
K= 3373
180.998735939
K= 3374
449.687935915
K= 3375
5284.41541414
K= 3376
332.085990524
K= 3377
4445.252151
K= 3378
136.7
K= 3379
4464.57142857
K= 3380
503.456062214
K= 3381
5450.04669573
K= 3382
5352.55838547
K= 3383
4331.97457181
K= 3384
430.695000435
K= 3385
123.063600292
K= 3386
5707.56830022
K= 3387
4331.97457181
K= 3388
4331.97457181
K= 3389
1188.50150084
K= 3390
61.9819092742
K= 3391
1826.28736584
K= 3392
93.5714285714
K= 3393
1108.39959196
K= 3394
437.362683599
K= 3395
5107.60367608
K= 3396
150.496933625
K= 3397
4331.97457181
K= 3398
131.563600292
K= 3399
292.842368337
K= 3400
8839.0
K= 3401
8839.0
K= 3402
4561.875
K= 3403
6144.36559045
K= 3404
6030.53762262
K= 3405
581.364222462
K= 3406
320.368133163
K= 3407
173.887260093
K= 3408
119.005512422
K= 3409
97.4910901468
K= 3410
6124.98214176
K= 3411
135.43037518
K= 3412
78.4725348181
K= 3413
758.816806384
K= 3414
360.480243921
K= 3415
30.8057697166
K= 3416
467.453412106
K= 3417
23.5689309057
K= 3418
4524.06666667
K= 3419
67.4757575759
K= 3420
94.7536993329
K= 3421
27.7066391552
K= 3422
433.095000435
K= 3423
160.861956522
K= 3424
5281.59856483
K= 3425
483.21015131
K= 3426
5509.38510523
K= 3427
39.946710992
K= 3428
306.751251068
K= 3429
15.7596884108
K= 3430
5707.56830022
K= 3431
151.472672926
K= 3432
4563.86666667
K= 3433
112.781585399
K= 3434
61.6678163626
K= 3435
4553.02272727
K= 3436
8655.88235294
K= 3437
4553.83333333
K= 3438
321.599922966
K= 3439
4331.97457181
K= 3440
4331.97457181
K= 3441
151.666666667
K= 3442
454.029871738
K= 3443
124.713137418
K= 3444
8839.0
K= 3445
91.0
K= 3446
8839.0
K= 3447
85.7324561403
K= 3448
353.734577922
K= 3449
71.3158424908
K= 3450
305.902803552
K= 3451
8839.0
K= 3452
97.4731102233
K= 3453
74.4166666666
K= 3454
461.549097999
K= 3455
4548.05031328
K= 3456
306.751251068
K= 3457
86.3095238096
K= 3458
4331.97457181
K= 3459
503.456062214
K= 3460
5707.56830022
K= 3461
45.6666666669
K= 3462
5247.1766795
K= 3463
8643.96854641
K= 3464
63.3218614719
K= 3465
59.0531440781
K= 3466
140.823948089
K= 3467
464.910158458
K= 3468
816.658562639
K= 3469
4331.97457181
K= 3470
25.4857875869
K= 3471
99.3477564104
K= 3472
352.58876998
K= 3473
5818.45389784
K= 3474
160.979340645
K= 3475
4331.97457181
K= 3476
8630.83055306
K= 3477
1778.73007702
K= 3478
80.0776672607
K= 3479
59.8165565429
K= 3480
5450.04669573
K= 3481
280.459486088
K= 3482
200.113636439
K= 3483
84.7131478568
K= 3484
246.983740363
K= 3485
86.0797330568
K= 3486
653.789920512
K= 3487
5224.55838547
K= 3488
5224.55838547
K= 3489
160.861956522
K= 3490
358.94377576
K= 3491
50.3496777089
K= 3492
8839.0
K= 3493
726.21513654
K= 3494
8839.0
K= 3495
361.184087584
K= 3496
4556.91666667
K= 3497
7889.7649346
K= 3498
85.1964036747
K= 3499
370.640603416
K= 3500
41.2035103785
K= 3501
5612.7279933
K= 3502
4331.97457181
K= 3503
4464.57142857
K= 3504
6990.25203342
K= 3505
361.537169103
K= 3506
4463.57142857
K= 3507
8094.79512526
K= 3508
62.1269230769
K= 3509
77.4833333336
K= 3510
6261.76709752
K= 3511
258.162239621
K= 3512
4331.97457181
K= 3513
1506.56517034
K= 3514
34.5873974523
K= 3515
248.27085747
K= 3516
437.362683599
K= 3517
294.667700411
K= 3518
28.6049995325
K= 3519
68.2737049941
K= 3520
30.1827200579
K= 3521
4331.97457181
K= 3522
98.9249635352
K= 3523
4331.97457181
K= 3524
55.8841269843
K= 3525
160.861956522
K= 3526
78.6135854342
K= 3527
3210.53938737
K= 3528
236.114561678
K= 3529
5224.55838547
K= 3530
4623.43366799
K= 3531
358.815556891
K= 3532
6301.31119667
K= 3533
245.447086159
K= 3534
325.268220916
K= 3535
927.782710769
K= 3536
160.861956522
K= 3537
5224.55838547
K= 3538
286.373530971
K= 3539
5106.65129513
K= 3540
2942.77961023
K= 3541
353.480243921
K= 3542
84.8666340753
K= 3543
374.896720937
K= 3544
8839.0
K= 3545
129.721198561
K= 3546
8839.0
K= 3547
4331.97457181
K= 3548
59.436111111
K= 3549
46.0666666669
K= 3550
5224.55838547
K= 3551
149.448324464
K= 3552
100.766666667
K= 3553
160.861956522
K= 3554
313.259188223
K= 3555
452.105705812
K= 3556
5371.49316932
K= 3557
306.204238492
K= 3558
87.3881399116
K= 3559
4558.26360029
K= 3560
25.2479402225
K= 3561
31.3463150653
K= 3562
75.4948669724
K= 3563
5788.21490872
K= 3564
565.433490068
K= 3565
6225.239444
K= 3566
45.800683527
K= 3567
359.480243921
K= 3568
282.082762232
K= 3569
8669.0
K= 3570
4331.97457181
K= 3571
4331.97457181
K= 3572
150.496933625
K= 3573
5670.26550783
K= 3574
4932.86422062
K= 3575
5987.75854533
K= 3576
4331.97457181
K= 3577
45.3457310233
K= 3578
209.102108115
K= 3579
275.986659412
K= 3580
363.941363287
K= 3581
690.958123915
K= 3582
5952.29427101
K= 3583
5707.56830022
K= 3584
150.496933625
K= 3585
1383.8033775
K= 3586
5194.89052443
K= 3587
203.622508729
K= 3588
30.4662812762
K= 3589
74.2975579976
K= 3590
4585.3030303
K= 3591
250.001808375
K= 3592
8839.0
K= 3593
8667.81818182
K= 3594
163.06032806
K= 3595
5401.30266745
K= 3596
35.6384039271
K= 3597
138.663600292
K= 3598
4331.97457181
K= 3599
62.0886904759
K= 3600
217.87809442
Betweenness Centrality Improvement
[ 0.  0.  0. ...,  0.  0.  0.]
Top 20 BC Improvement
[2836 3349 2565 3354 3327 2896 2418 2441 3197 2921 3544 3494 3492 3401 3546
 3451 3446 3444 2404 3400]
Top 20 BC Improvement
[ 19613.47436661  17678.          17678.          17678.          17662.45202081
  16491.62703852  14200.91154662  12428.14652783   8929.           8839.
   8839.           8839.           8839.           8839.           8839.
   8839.           8839.           8839.           8839.           8839.        ]
