txValue= 100
IGRAPH D--- 4619 68733 -- 
+ attr: pub_key (v), base_fee (e), capacity (e), fee_rate (e), txCost (e)
None
IGRAPH D--- 4619 68733 -- 
+ attr: pub_key (v), base_fee (e), capacity (e), fee_rate (e), txCost (e)
None
Our nodes starting connections: 
(4618, 2796)
(4618, 1223)
(4618, 498)
(4618, 3265)
(4618, 3884)
K= 0
51.6761904763
K= 1
87.7410160247
K= 2
51.1146825398
K= 3
609.052700399
K= 4
323.5
K= 5
460.414907337
K= 6
150.7
K= 7
52.2577658183
K= 8
51.6981324231
K= 9
67.8290475095
K= 10
361.505436647
K= 11
37.8118879205
K= 12
111.088600292
K= 13
46.5333333336
K= 14
174.007142857
K= 15
185.78828953
K= 16
161.245289855
K= 17
8839.0
K= 18
63.4496171802
K= 19
45.0937344669
K= 20
95.8848412698
K= 21
298.874929708
K= 22
5752.53462797
K= 23
157.421933625
K= 24
379.667670197
K= 25
26.30089612
K= 26
238.28189465
K= 27
65.3929392444
K= 28
4998.49251239
K= 29
57.9445767197
K= 30
120.445289855
K= 31
150.245979186
K= 32
79.7837480063
K= 33
322.62888741
K= 34
51.3746031743
K= 35
83.6983027349
K= 36
8646.95862069
K= 37
82.540842491
K= 38
1376.31779859
K= 39
77.192063492
K= 40
5459.65791022
K= 41
8570.94927536
K= 42
8624.94444444
K= 43
263.219590261
K= 44
198.845853074
K= 45
579.928396269
K= 46
74.5714285714
K= 47
147.307046767
K= 48
234.436921279
K= 49
4447.57142857
K= 50
35.0512114567
K= 51
5288.6417171
K= 52
138.503260403
K= 53
104.500280888
K= 54
306.530339827
K= 55
5470.77135676
K= 56
961.741908477
K= 57
157.461059351
K= 58
88.1095238095
K= 59
5396.57724345
K= 60
4519.79450037
K= 61
173.703200965
K= 62
121.401054711
K= 63
6656.09898377
K= 64
82.4350008018
K= 65
4713.91283505
K= 66
237.89452309
K= 67
6064.41615468
K= 68
158.421933625
K= 69
44.5269230769
K= 70
5788.06405274
K= 71
1684.52898955
K= 72
5303.95487243
K= 73
25.3550976804
K= 74
22.6766766754
K= 75
131.409523809
K= 76
4270.06743404
K= 77
4322.8827639
K= 78
498.244043839
K= 79
348.179631487
K= 80
81.1782021897
K= 81
5355.96969347
K= 82
6680.33005118
K= 83
6122.91465255
K= 84
252.319751436
K= 85
83.0023809524
K= 86
434.31379184
K= 87
673.436748599
K= 88
4439.0
K= 89
5105.01178908
K= 90
315.522074222
K= 91
76.3658730155
K= 92
475.388677806
K= 93
121.741269841
K= 94
167.028623189
K= 95
211.835327943
K= 96
1785.97105086
K= 97
5512.95357167
K= 98
78.5518379284
K= 99
49.8461722918
K= 100
4533.94444444
K= 101
792.763148798
K= 102
255.73328071
K= 103
57.5356099455
K= 104
5176.01939392
K= 105
5268.57724345
K= 106
509.389395548
K= 107
449.67850993
K= 108
4559.0
K= 109
212.436921279
K= 110
126.824336471
K= 111
8839.0
K= 112
509.389395548
K= 113
192.612195065
K= 114
77.9095238096
K= 115
167.778623189
K= 116
6283.58395029
K= 117
4322.8827639
K= 118
6294.21376616
K= 119
321.989308864
K= 120
539.929347227
K= 121
87.8000000003
K= 122
7066.08657583
K= 123
476.388947896
K= 124
8839.0
K= 125
189.178494642
K= 126
37.9357474172
K= 127
469.493574718
K= 128
106.539329782
K= 129
39.4960068667
K= 130
300.80826742
K= 131
974.552725582
K= 132
4517.23333333
K= 133
51.6859126982
K= 134
87.8000000003
K= 135
189.733577579
K= 136
136.531968997
K= 137
83.9493746992
K= 138
345.403180056
K= 139
902.035333359
K= 140
5159.196449
K= 141
2435.49120843
K= 142
4322.8827639
K= 143
18.342819164
K= 144
167.778623189
K= 145
315.154627123
K= 146
33.4689754692
K= 147
37.1865964313
K= 148
207.181852312
K= 149
5123.6947182
K= 150
5693.79918042
K= 151
525.03536494
K= 152
1566.60970528
K= 153
5362.21345872
K= 154
4571.0155766
K= 155
8839.0
K= 156
10.2506576189
K= 157
372.645541089
K= 158
8653.0
K= 159
270.983735064
K= 160
403.664534439
K= 161
8660.0
K= 162
5540.53372136
K= 163
947.057053735
K= 164
282.114975238
K= 165
43.3214285714
K= 166
90.3354598617
K= 167
146.779934551
K= 168
4434.57142857
K= 169
68.3295318943
K= 170
8646.84375
K= 171
245.775538913
K= 172
318.080968582
K= 173
135.495487734
K= 174
422.975018786
K= 175
35.0353535353
K= 176
5268.57724345
K= 177
5504.71012027
K= 178
93.0
K= 179
4437.50611925
K= 180
46.0667338447
K= 181
8839.0
K= 182
81.4044397041
K= 183
206.417973764
K= 184
64.8393268494
K= 185
4583.0
K= 186
955.729406598
K= 187
67.6599206349
K= 188
8839.0
K= 189
69.317991219
K= 190
4469.57142857
K= 191
184.117440231
K= 192
4564.20430108
K= 193
6213.13613014
K= 194
86.8914671427
K= 195
361.505436647
K= 196
8747.0
K= 197
38.8089586342
K= 198
252.1980639
K= 199
84.0051267283
K= 200
60.1694444444
K= 201
385.418822119
K= 202
422.975018786
K= 203
5195.98929423
K= 204
3801.93134034
K= 205
114.633333333
K= 206
8839.0
K= 207
67.05995671
K= 208
162.133318982
K= 209
8660.0
K= 210
74.3345238094
K= 211
25.1161925376
K= 212
190.064867825
K= 213
91.1297619047
K= 214
147.818066656
K= 215
4469.57142857
K= 216
86.3095238096
K= 217
42.6340403899
K= 218
6444.25130832
K= 219
144.544047619
K= 220
297.473665006
K= 221
66.8906078403
K= 222
93.4433674571
K= 223
4576.57142857
K= 224
420.935197947
K= 225
48.5083333333
K= 226
281.719046001
K= 227
4571.0
K= 228
4305.57142857
K= 229
4557.12680212
K= 230
5422.29253102
K= 231
5539.519465
K= 232
190.143950139
K= 233
344.929631487
K= 234
51.9620686746
K= 235
1292.92020965
K= 236
151.388043478
K= 237
204.13244045
K= 238
6114.91465255
K= 239
188.608868245
K= 240
6002.02543443
K= 241
33.4449308859
K= 242
43.8777249497
K= 243
167.778623189
K= 244
117.578623189
K= 245
8652.91780822
K= 246
4543.44064301
K= 247
5959.23927737
K= 248
5517.3636697
K= 249
5085.5450807
K= 250
481.588677806
K= 251
85.8186095839
K= 252
136.855266958
K= 253
283.70959275
K= 254
4322.8827639
K= 255
8839.0
K= 256
273.547696079
K= 257
335.79292839
K= 258
59.902571416
K= 259
153.778623188
K= 260
98.6859602673
K= 261
146.588600292
K= 262
8839.0
K= 263
129.600505053
K= 264
6656.09898377
K= 265
95.7720238096
K= 266
75.4684523813
K= 267
69.9088203466
K= 268
127.13158223
K= 269
295.467184035
K= 270
1295.49014537
K= 271
4469.57142857
K= 272
4534.57362637
K= 273
8839.0
K= 274
381.66647368
K= 275
190.811821214
K= 276
194.71285218
K= 277
509.389395548
K= 278
7106.18619691
K= 279
132.054764891
K= 280
4469.57142857
K= 281
122.23977137
K= 282
101.812921976
K= 283
8570.94927536
K= 284
6443.12051019
K= 285
4895.36146103
K= 286
39.7011494252
K= 287
121.295422327
K= 288
220.21477737
K= 289
477.610393359
K= 290
62.7240740738
K= 291
509.389395548
K= 292
5264.00581488
K= 293
148.818717618
K= 294
90.1340046705
K= 295
43.9858636532
K= 296
744.775757007
K= 297
331.144910104
K= 298
8652.0
K= 299
122.783646617
K= 300
29.4444444444
K= 301
4526.62096774
K= 302
40.0338235295
K= 303
77.1104651162
K= 304
8839.0
K= 305
43.9424081637
K= 306
517.160776724
K= 307
80.2481203005
K= 308
56.1250000003
K= 309
136.088600292
K= 310
4322.8827639
K= 311
4530.65833333
K= 312
5434.3684791
K= 313
109.189749717
K= 314
509.389395548
K= 315
429.876259417
K= 316
67.9526097624
K= 317
8839.0
K= 318
366.75275974
K= 319
130.016684378
K= 320
60.725130863
K= 321
796.67069649
K= 322
4576.57142857
K= 323
7201.75021655
K= 324
5915.63078311
K= 325
4322.8827639
K= 326
4467.57142857
K= 327
124.39010029
K= 328
36.5814503817
K= 329
34.0177416436
K= 330
70.6196387996
K= 331
4577.25
K= 332
8839.0
K= 333
164.121134423
K= 334
282.041690473
K= 335
4531.80892857
K= 336
163.466535925
K= 337
5268.57724345
K= 338
203.042691032
K= 339
122.363973253
K= 340
328.145044095
K= 341
2889.36836207
K= 342
8647.9
K= 343
27.4670365532
K= 344
108.604182267
K= 345
1514.70969265
K= 346
4204.29062796
K= 347
4507.25634921
K= 348
4347.97540984
K= 349
25.8112299253
K= 350
298.874929708
K= 351
804.21475224
K= 352
74.6483865742
K= 353
109.879976001
K= 354
66.2004236481
K= 355
4322.8827639
K= 356
1196.85330992
K= 357
4322.8827639
K= 358
49.0326390715
K= 359
4212.29062796
K= 360
136.088600292
K= 361
93.6480058377
K= 362
463.019054886
K= 363
135.159523809
K= 364
3033.61242935
K= 365
5924.90133711
K= 366
280.638584217
K= 367
369.813577254
K= 368
6656.09898377
K= 369
87.1643433461
K= 370
8839.0
K= 371
132.63168587
K= 372
273.300051338
K= 373
5603.77959488
K= 374
5576.79732008
K= 375
300.846298154
K= 376
3968.84672869
K= 377
62.514367816
K= 378
261.083440194
K= 379
291.394560355
K= 380
70.4020873094
K= 381
48.7333333336
K= 382
680.951182679
K= 383
97.3928571427
K= 384
27.583770763
K= 385
509.389395548
K= 386
303.96138174
K= 387
4392.94444444
K= 388
183.366608866
K= 389
8873.0122385
K= 390
39.3818018592
K= 391
1606.07231182
K= 392
4397.55138019
K= 393
113.375355331
K= 394
8839.0
K= 395
509.389395548
K= 396
97.30117729
K= 397
282.423916385
K= 398
4574.25
K= 399
7127.86175734
K= 400
97.6595238096
K= 401
88.4160712078
K= 402
509.389395548
K= 403
423.398028615
K= 404
4580.0
K= 405
251.520647253
K= 406
8629.17193362
K= 407
346.433735064
K= 408
827.643864065
K= 409
8839.0
K= 410
5931.879692
K= 411
5517.3636697
K= 412
6386.19098953
K= 413
8839.0
K= 414
75.8333333333
K= 415
96.3537744364
K= 416
4489.88888889
K= 417
471.735020934
K= 418
167.778623189
K= 419
3060.15620467
K= 420
76.3627458218
K= 421
72.4855111445
K= 422
100.389786279
K= 423
4526.62096774
K= 424
4625.45
K= 425
509.389395548
K= 426
115.65745614
K= 427
320.602563008
K= 428
360.202805068
K= 429
46.0817765567
K= 430
317.580968582
K= 431
5754.14015966
K= 432
74.5827240708
K= 433
633.822777351
K= 434
158.444444444
K= 435
8873.0122385
K= 436
7440.2176934
K= 437
325.298679106
K= 438
281.169443965
K= 439
509.389395548
K= 440
298.380916564
K= 441
167.778623189
K= 442
82.9833333333
K= 443
155.462280533
K= 444
72.0999851126
K= 445
4554.83333333
K= 446
8611.94927536
K= 447
5288.6417171
K= 448
60.0325396825
K= 449
141.755266958
K= 450
8839.0
K= 451
6045.24174466
K= 452
51.702061407
K= 453
4945.35737767
K= 454
4319.76470588
K= 455
6122.91465255
K= 456
8839.0
K= 457
5835.45094962
K= 458
305.320295929
K= 459
509.389395548
K= 460
339.806299591
K= 461
4469.57142857
K= 462
4531.49285714
K= 463
791.191875877
K= 464
6122.91465255
K= 465
140.421735992
K= 466
4530.94444444
K= 467
95.8181818181
K= 468
167.778623189
K= 469
93.3027777778
K= 470
49.0288225787
K= 471
146.614385706
K= 472
17.6736744248
K= 473
40.0641954063
K= 474
93.7861111111
K= 475
5857.43034517
K= 476
5517.3636697
K= 477
509.389395548
K= 478
253.019579008
K= 479
665.559850333
K= 480
348.993331013
K= 481
159.278623189
K= 482
5466.80868831
K= 483
93.8168691525
K= 484
462.199488929
K= 485
8571.44927536
K= 486
5268.57724345
K= 487
1382.75238131
K= 488
8371.5875823
K= 489
6718.60041022
K= 490
8683.7020202
K= 491
4580.0
K= 492
4322.8827639
K= 493
64.2583333331
K= 494
77.9921957672
K= 495
106.502380952
K= 496
4577.16666667
K= 497
105.226477178
K= 498
143.177153627
K= 499
167.778623189
K= 500
191.876984127
K= 501
4502.625
K= 502
55.0575146044
K= 503
4486.77574497
K= 504
111.401105812
K= 505
5843.60559618
K= 506
176.012410588
K= 507
136.488600292
K= 508
6408.26477782
K= 509
279.423916385
K= 510
5097.96309097
K= 511
251.797648232
K= 512
5418.89675505
K= 513
183.506999261
K= 514
114.600313283
K= 515
115.956272061
K= 516
343.126261723
K= 517
28.7694274677
K= 518
5802.43034517
K= 519
68.3403439155
K= 520
652.521481813
K= 521
83.7727272728
K= 522
5355.96969347
K= 523
334.472387743
K= 524
217.630357219
K= 525
5097.15286607
K= 526
5946.10366302
K= 527
90.0
K= 528
5804.35504751
K= 529
275.924241671
K= 530
102.018589744
K= 531
5418.8768186
K= 532
5863.43034517
K= 533
133.78484127
K= 534
509.389395548
K= 535
4526.73333333
K= 536
93.8419799499
K= 537
88.9266806724
K= 538
5576.79732008
K= 539
350.14181944
K= 540
281.814607333
K= 541
70.9732142856
K= 542
123.816666667
K= 543
6410.33367299
K= 544
103.503418803
K= 545
4623.50322581
K= 546
88.811111111
K= 547
8639.0
K= 548
1351.10046338
K= 549
167.278623189
K= 550
52.5197903403
K= 551
3097.7176934
K= 552
6520.06552131
K= 553
8543.02111569
K= 554
151.315789474
K= 555
338.990676557
K= 556
118.643957434
K= 557
138.373825832
K= 558
5791.82985352
K= 559
4577.8
K= 560
129.033646617
K= 561
146.472108844
K= 562
5090.80344929
K= 563
6122.91465255
K= 564
1055.37528678
K= 565
154.521933625
K= 566
4322.8827639
K= 567
41.1849924584
K= 568
509.389395548
K= 569
370.899835661
K= 570
443.374084624
K= 571
5240.03853915
K= 572
144.447003599
K= 573
131.35934066
K= 574
307.366270174
K= 575
5459.65791022
K= 576
103.267627132
K= 577
65.3428571427
K= 578
230.092336194
K= 579
235.814048729
K= 580
99.0364533984
K= 581
78.6370938867
K= 582
509.389395548
K= 583
381.995927966
K= 584
203.512301587
K= 585
285.175505499
K= 586
429.876259417
K= 587
8326.66456433
K= 588
108.199711403
K= 589
110.146089827
K= 590
164.745289855
K= 591
1565.72899244
K= 592
525.923780845
K= 593
6358.31132518
K= 594
4826.17720058
K= 595
146.010939635
K= 596
108.357575758
K= 597
363.870502436
K= 598
219.171566247
K= 599
158.088600292
K= 600
4521.25238095
K= 601
439.111866212
K= 602
338.929631487
K= 603
1149.73713364
K= 604
5138.74284156
K= 605
1094.93249211
K= 606
4569.85
K= 607
4322.8827639
K= 608
158.420821829
K= 609
122.965638394
K= 610
349.521951421
K= 611
4322.8827639
K= 612
288.609748725
K= 613
4526.94444444
K= 614
7853.16813965
K= 615
370.988647703
K= 616
4196.29062796
K= 617
41.8453158861
K= 618
71.544083694
K= 619
6301.65498395
K= 620
68.3295318943
K= 621
146.390151515
K= 622
58.1527777776
K= 623
114.146198561
K= 624
6450.89855883
K= 625
794.496934499
K= 626
145.588600292
K= 627
298.765471074
K= 628
4208.33955752
K= 629
4196.29062796
K= 630
4587.91666667
K= 631
294.67045156
K= 632
318.080968582
K= 633
5418.89675505
K= 634
6443.12051019
K= 635
7422.33284491
K= 636
6739.73261358
K= 637
1126.10966488
K= 638
4947.38996263
K= 639
11399.7795933
K= 640
4392.94444444
K= 641
6205.0821649
K= 642
202.347835498
K= 643
13.5338400035
K= 644
5397.57724345
K= 645
361.505436647
K= 646
248.29795049
K= 647
5915.90637727
K= 648
6122.91465255
K= 649
4450.45213471
K= 650
7687.11088538
K= 651
55.976238396
K= 652
1176.68106214
K= 653
274.088325624
K= 654
42.1857503611
K= 655
4322.8827639
K= 656
167.778623189
K= 657
329.622300456
K= 658
293.774621557
K= 659
8839.0
K= 660
5372.19045448
K= 661
341.972483786
K= 662
890.485486147
K= 663
1676.29563808
K= 664
8506.99829732
K= 665
5397.57724345
K= 666
73.1249999999
K= 667
91.0886002916
K= 668
4956.15286607
K= 669
71.4261904759
K= 670
124.774481075
K= 671
193.627541142
K= 672
4574.76470588
K= 673
35.2470598845
K= 674
132.252945298
K= 675
53.1843069432
K= 676
5530.04318229
K= 677
340.43916956
K= 678
240.319047619
K= 679
87.8000000003
K= 680
5517.3636697
K= 681
2592.336567
K= 682
107.713933199
K= 683
88.0004358401
K= 684
4564.20430108
K= 685
158.421933625
K= 686
171.87949776
K= 687
268.905439184
K= 688
6116.76120258
K= 689
356.505436647
K= 690
4451.57142857
K= 691
6469.26336208
K= 692
43.6588101514
K= 693
4322.8827639
K= 694
98.3468253968
K= 695
128.946795825
K= 696
108.082496319
K= 697
508.302026136
K= 698
4322.8827639
K= 699
158.169392684
K= 700
6308.25058102
K= 701
4327.57142857
K= 702
24.9985344851
K= 703
68.8941875563
K= 704
4526.73333333
K= 705
167.028623189
K= 706
8639.0
K= 707
4322.8827639
K= 708
136.088600292
K= 709
261.59252953
K= 710
8839.0
K= 711
108.476190476
K= 712
370.630921098
K= 713
354.612114946
K= 714
4581.87878788
K= 715
8643.91780822
K= 716
193.046387924
K= 717
6288.43574338
K= 718
3848.57438209
K= 719
271.654708905
K= 720
21.4752223833
K= 721
242.985955161
K= 722
84.673895165
K= 723
5896.00419226
K= 724
111.187095312
K= 725
44.5061187914
K= 726
7828.66702924
K= 727
274.399422806
K= 728
5581.219465
K= 729
318.080968582
K= 730
93.7571428571
K= 731
5943.90133711
K= 732
5429.70234826
K= 733
158.421933625
K= 734
35.6796250044
K= 735
4493.60377938
K= 736
968.944253486
K= 737
5959.23927737
K= 738
129.033646617
K= 739
212.319810944
K= 740
6306.77490161
K= 741
106.216666667
K= 742
3372.23716527
K= 743
34.9157846874
K= 744
2573.1929057
K= 745
4553.83333333
K= 746
116.925549079
K= 747
167.778623189
K= 748
7393.25887159
K= 749
135.471428571
K= 750
45.033776844
K= 751
65.9075640659
K= 752
681.18395307
K= 753
5456.36613533
K= 754
2962.39078156
K= 755
92.7428571429
K= 756
199.346469017
K= 757
772.091090414
K= 758
139.822947363
K= 759
80.6108283784
K= 760
134.26874735
K= 761
474.933830465
K= 762
4611.0
K= 763
8839.0
K= 764
8660.0
K= 765
97.215560242
K= 766
370.116363007
K= 767
167.778623189
K= 768
357.612114946
K= 769
197.245853074
K= 770
5835.45094962
K= 771
955.657363053
K= 772
308.345803588
K= 773
292.630921098
K= 774
146.109937152
K= 775
457.223540746
K= 776
122.754265873
K= 777
1126.78963497
K= 778
5550.10028907
K= 779
177.073095252
K= 780
263.923711569
K= 781
457.763757402
K= 782
5084.23030467
K= 783
25.0354504337
K= 784
6567.45874445
K= 785
5802.43034517
K= 786
156.506693842
K= 787
300.24025974
K= 788
131.899538954
K= 789
55.0270365521
K= 790
66.7417562659
K= 791
6618.19292666
K= 792
479.097088385
K= 793
343.126261723
K= 794
32.1818754775
K= 795
96.0
K= 796
1029.89506644
K= 797
2693.06791979
K= 798
8426.73498965
K= 799
289.744214489
K= 800
4451.48120301
K= 801
4469.57142857
K= 802
4515.56666667
K= 803
91.5089285715
K= 804
369.306111459
K= 805
105.242857143
K= 806
39.5230258112
K= 807
99.7467948716
K= 808
235.436921279
K= 809
43.2535714286
K= 810
6301.65498395
K= 811
341.826425035
K= 812
76.3950757574
K= 813
7893.2626489
K= 814
158.421933625
K= 815
4469.57142857
K= 816
413.497443645
K= 817
4322.8827639
K= 818
400.090226624
K= 819
245.176612404
K= 820
2413.58860029
K= 821
111.088600292
K= 822
8839.0
K= 823
318.816404618
K= 824
5287.47359443
K= 825
37.4808802307
K= 826
365.224168177
K= 827
8287.93226759
K= 828
105.357112183
K= 829
235.745550852
K= 830
57.4788157818
K= 831
139.298124101
K= 832
86.2429217842
K= 833
71.617676768
K= 834
54.4504329002
K= 835
120.445289855
K= 836
1018.49268665
K= 837
68.4486254165
K= 838
58.0590789968
K= 839
86.6562297686
K= 840
6652.1929057
K= 841
301.289428116
K= 842
5176.57724345
K= 843
67.1017312239
K= 844
561.176184698
K= 845
509.389395548
K= 846
34.9419835064
K= 847
883.908066579
K= 848
145.288600292
K= 849
343.020123964
K= 850
320.932508729
K= 851
303.549920761
K= 852
82.9452380954
K= 853
5127.18393211
K= 854
443.653851614
K= 855
7090.11080739
K= 856
71.3428571427
K= 857
77.5333333332
K= 858
106.705698664
K= 859
99.8571428572
K= 860
87.8761904764
K= 861
418.895000435
K= 862
8501.58860029
K= 863
118.37895191
K= 864
298.816236018
K= 865
94.2264005602
K= 866
4583.0
K= 867
4436.50611925
K= 868
6122.91465255
K= 869
4562.16666667
K= 870
5268.57724345
K= 871
1192.74376605
K= 872
145.093995859
K= 873
83.1702380951
K= 874
318.080968582
K= 875
167.778623189
K= 876
262.990665609
K= 877
6896.81867654
K= 878
5268.57724345
K= 879
6421.46683711
K= 880
141.851630639
K= 881
182.887583162
K= 882
66.2872005951
K= 883
509.389395548
K= 884
4526.73333333
K= 885
232.488805704
K= 886
4590.91666667
K= 887
508.439395548
K= 888
369.630921098
K= 889
57.7956616484
K= 890
37.2291657262
K= 891
338.694438721
K= 892
40.7919043372
K= 893
319.241382366
K= 894
95.9999999999
K= 895
5915.63078311
K= 896
132.09122897
K= 897
5358.98075395
K= 898
4559.82608696
K= 899
117.028623189
K= 900
131.285650221
K= 901
273.513451802
K= 902
4469.57142857
K= 903
4322.8827639
K= 904
127.845853074
K= 905
624.587560351
K= 906
166.013660413
K= 907
27.709692363
K= 908
296.171189433
K= 909
6045.24174466
K= 910
26.1584415587
K= 911
235.436921279
K= 912
158.421933625
K= 913
221.39452714
K= 914
4418.83333333
K= 915
337.55204548
K= 916
8660.0
K= 917
5960.07349587
K= 918
4526.73333333
K= 919
158.421933625
K= 920
87.1893430098
K= 921
5798.06405274
K= 922
8660.0
K= 923
146.588600292
K= 924
6076.62201196
K= 925
70.9940836943
K= 926
261.083440194
K= 927
1035.96579872
K= 928
251.751876179
K= 929
167.778623189
K= 930
48.5214285715
K= 931
74.0533891548
K= 932
52.6414021166
K= 933
77.2386685797
K= 934
160.111172161
K= 935
70.9699855699
K= 936
8660.0
K= 937
31.7267416023
K= 938
4577.0
K= 939
4521.91666667
K= 940
8630.11270231
K= 941
167.778623189
K= 942
6656.09898377
K= 943
204.741634077
K= 944
6433.97651889
K= 945
81.0419799498
K= 946
158.028623189
K= 947
91.0277698681
K= 948
6857.55981091
K= 949
4392.94444444
K= 950
95.607142857
K= 951
81.7535113523
K= 952
464.130165997
K= 953
342.804570746
K= 954
4322.8827639
K= 955
5539.42263066
K= 956
308.276920311
K= 957
943.246864558
K= 958
58.5595238096
K= 959
146.910660582
K= 960
198.845853074
K= 961
7431.14900375
K= 962
158.421933625
K= 963
273.959032724
K= 964
5874.87999155
K= 965
8426.73498965
K= 966
339.403693667
K= 967
369.813577254
K= 968
331.566397739
K= 969
270.289620603
K= 970
105.469729169
K= 971
235.745433748
K= 972
5268.57724345
K= 973
422.975018786
K= 974
4392.94444444
K= 975
5123.6947182
K= 976
198.385736846
K= 977
104.348567485
K= 978
2414.08860029
K= 979
220.810762067
K= 980
4469.57142857
K= 981
5397.57724345
K= 982
273.300051338
K= 983
8839.0
K= 984
36.0698717947
K= 985
1284.22003036
K= 986
201.31746038
K= 987
1383.29717779
K= 988
263.161890423
K= 989
356.464158366
K= 990
4571.62318841
K= 991
25.542926183
K= 992
8660.0
K= 993
25.9426295928
K= 994
73.9083333333
K= 995
98.6370057825
K= 996
294.795635278
K= 997
135.20859577
K= 998
1120.36867146
K= 999
155.521933625
K= 1000
4322.8827639
K= 1001
831.224019569
K= 1002
8364.65319014
K= 1003
85.1769230766
K= 1004
83.5095238094
K= 1005
158.278623188
K= 1006
239.546219525
K= 1007
443.121915499
K= 1008
35.4072604101
K= 1009
8839.0
K= 1010
1528.14302598
K= 1011
85.3325757574
K= 1012
1349.87622193
K= 1013
4322.8827639
K= 1014
89.2264481452
K= 1015
8646.48715631
K= 1016
322.509255443
K= 1017
4571.0
K= 1018
509.389395548
K= 1019
4392.94444444
K= 1020
4534.94444444
K= 1021
4322.8827639
K= 1022
5843.60559618
K= 1023
4855.03282839
K= 1024
72.7416666666
K= 1025
198.402535658
K= 1026
4514.3202381
K= 1027
6253.59155752
K= 1028
1040.75468508
K= 1029
8839.0
K= 1030
132.92579947
K= 1031
7445.40716792
K= 1032
104.587301587
K= 1033
365.993611393
K= 1034
48.2283068781
K= 1035
1137.24489704
K= 1036
79.2233516485
K= 1037
155.938333334
K= 1038
405.094746576
K= 1039
9.039028586
K= 1040
21.5780003064
K= 1041
8639.0
K= 1042
46.0993772594
K= 1043
4629.90697674
K= 1044
8831.06484622
K= 1045
281.59386725
K= 1046
4322.8827639
K= 1047
103.074052241
K= 1048
300.27580579
K= 1049
439.511843263
K= 1050
4196.29062796
K= 1051
149.900970696
K= 1052
804.37823482
K= 1053
135.608964585
K= 1054
496.873350076
K= 1055
4514.20430108
K= 1056
4466.57142857
K= 1057
226.279890882
K= 1058
348.37570167
K= 1059
103.791208791
K= 1060
77.8465786118
K= 1061
106.709964945
K= 1062
97.7859177857
K= 1063
216.319568829
K= 1064
102.611713668
K= 1065
1297.41711145
K= 1066
438.69662257
K= 1067
371.569779778
K= 1068
74.3656801532
K= 1069
4447.57142857
K= 1070
59.2806679432
K= 1071
6706.08154863
K= 1072
2306.93068132
K= 1073
130.341924873
K= 1074
4512.41191877
K= 1075
5730.5957094
K= 1076
99.1973502659
K= 1077
167.778623189
K= 1078
196.99883299
K= 1079
5232.78126777
K= 1080
155.938333334
K= 1081
54.6433808047
K= 1082
222.94053336
K= 1083
314.972785918
K= 1084
6122.91465255
K= 1085
326.798679106
K= 1086
6002.02543443
K= 1087
6122.91465255
K= 1088
348.325886817
K= 1089
1900.54589537
K= 1090
5895.32827192
K= 1091
226.088202118
K= 1092
308.362533393
K= 1093
8839.0
K= 1094
119.249187224
K= 1095
311.112155804
K= 1096
6574.220318
K= 1097
509.389395548
K= 1098
617.501660289
K= 1099
8839.0
K= 1100
54.1965949819
K= 1101
4365.94444444
K= 1102
4469.57142857
K= 1103
8013.67871177
K= 1104
174.231733944
K= 1105
6507.77326254
K= 1106
73.3238095237
K= 1107
8640.0
K= 1108
8839.0
K= 1109
7480.50100061
K= 1110
25.0062112723
K= 1111
5142.62750918
K= 1112
6122.91465255
K= 1113
1185.2999498
K= 1114
167.611956522
K= 1115
52.6355351949
K= 1116
7902.02931557
K= 1117
93.3364019508
K= 1118
47.7990079365
K= 1119
4463.94444444
K= 1120
1361.3056469
K= 1121
8361.41783981
K= 1122
1597.51823545
K= 1123
6146.50098173
K= 1124
318.080968582
K= 1125
5444.44680169
K= 1126
28.044962062
K= 1127
181.096431834
K= 1128
5011.9799455
K= 1129
167.778623189
K= 1130
8651.97101449
K= 1131
419.310265021
K= 1132
106.037220233
K= 1133
159.278623189
K= 1134
5397.57724345
K= 1135
106.42021312
K= 1136
4322.8827639
K= 1137
137.023412698
K= 1138
4536.67133409
K= 1139
167.778623189
K= 1140
42.9952283824
K= 1141
4264.82608696
K= 1142
4196.29062796
K= 1143
198.353109385
K= 1144
4825.17450747
K= 1145
158.421933625
K= 1146
8587.92857143
K= 1147
23.3928571425
K= 1148
8839.0
K= 1149
5397.57724345
K= 1150
24.0423266724
K= 1151
6538.70997884
K= 1152
318.38274789
K= 1153
8839.0
K= 1154
154.140857919
K= 1155
40.7547619047
K= 1156
263.534782243
K= 1157
4592.31038961
K= 1158
127.005128191
K= 1159
4322.8827639
K= 1160
4577.05555556
K= 1161
291.352478273
K= 1162
5668.03436525
K= 1163
373.561036639
K= 1164
4288.94444444
K= 1165
8839.0
K= 1166
266.954132019
K= 1167
4501.03532162
K= 1168
112.571813149
K= 1169
4380.85714286
K= 1170
88.2769110521
K= 1171
167.778623189
K= 1172
4698.98691223
K= 1173
5483.38625833
K= 1174
292.188618088
K= 1175
6122.59311392
K= 1176
314.10377201
K= 1177
8839.0
K= 1178
136.554761905
K= 1179
134.084848485
K= 1180
39.7466983012
K= 1181
5409.82745478
K= 1182
167.06829395
K= 1183
59.9249999998
K= 1184
48.5761904762
K= 1185
4577.91071429
K= 1186
257.105258072
K= 1187
28.0616909837
K= 1188
651.042306048
K= 1189
5267.57724345
K= 1190
177.244953319
K= 1191
158.421933625
K= 1192
5254.70704698
K= 1193
4503.87096774
K= 1194
5290.52495357
K= 1195
1498.067267
K= 1196
8839.0
K= 1197
120.445289855
K= 1198
333.643611394
K= 1199
19.20541993
Betweenness Centrality Improvement
[ 51.67619048  87.74101602  51.11468254 ...,   0.           0.           0.        ]
Top 20 BC Improvement
[639 389 435 332 155 456 450 413 409  17 394 370 111 317 304 124 273 262
 255 206]
Top 20 BC Improvement
[ 11399.77959334   8873.0122385    8873.0122385    8839.           8839.
   8839.           8839.           8839.           8839.           8839.
   8839.           8839.           8839.           8839.           8839.
   8839.           8839.           8839.           8839.           8839.        ]
