txValue= 100
IGRAPH D--- 4619 68733 -- 
+ attr: pub_key (v), base_fee (e), capacity (e), fee_rate (e), txCost (e)
None
Our nodes starting connections: 
(4618, 2796)
(4618, 1223)
K= 1200
338.83876998
K= 1201
261.538647703
K= 1202
30.5384483935
K= 1203
338.337169103
K= 1204
351.703983059
K= 1205
4347.0
K= 1206
104.033895945
K= 1207
249.923916385
K= 1208
257.636616162
K= 1209
46.5195214048
K= 1210
89.2812243425
K= 1211
104.37906572
K= 1212
50.7218595389
K= 1213
116.142753553
K= 1214
4539.83333333
K= 1215
61.7407894736
K= 1216
101.240789474
K= 1217
1959.07781284
K= 1218
79.5098136391
K= 1219
158.743300487
K= 1220
52.961904762
K= 1221
127.976086886
K= 1222
56.1451863354
K= 1223
691.437249629
K= 1224
285.444668088
K= 1225
233.154944448
K= 1226
4562.83333333
K= 1227
5715.16948215
K= 1228
197.583431348
K= 1229
8526.41204327
K= 1230
149.745289855
K= 1231
82.0792631664
K= 1232
74.5166666666
K= 1233
275.817068397
K= 1234
172.966760798
K= 1235
252.786814426
K= 1236
48.3333333333
K= 1237
5972.38770484
K= 1238
191.309542085
K= 1239
57.24408867
K= 1240
126.976086886
K= 1241
416.740654337
K= 1242
8663.0
K= 1243
8760.0
K= 1244
5317.66131114
K= 1245
4521.45
K= 1246
117.89444776
K= 1247
411.620367021
K= 1248
121.239265978
K= 1249
36.6999999998
K= 1250
38.9386363638
K= 1251
300.266589632
K= 1252
76.9864301789
K= 1253
283.162460426
K= 1254
8678.0
K= 1255
6803.77515424
K= 1256
5160.65432143
K= 1257
41.7294372295
K= 1258
5896.02807802
K= 1259
8827.0
K= 1260
69.4107142857
K= 1261
196.560906456
K= 1262
7589.67589754
K= 1263
231.923916385
K= 1264
4566.84375
K= 1265
98.6320904004
K= 1266
4535.73333333
K= 1267
414.951984096
K= 1268
656.241709442
K= 1269
149.745289855
K= 1270
5833.40224676
K= 1271
136.708047623
K= 1272
94.6645630952
K= 1273
128.235868991
K= 1274
483.839395548
K= 1275
22.5769896772
K= 1276
5191.5452768
K= 1277
6232.84057372
K= 1278
70.8861464937
K= 1279
133.086126439
K= 1280
27.692377261
K= 1281
1472.20814341
K= 1282
4347.0
K= 1283
127.976086886
K= 1284
149.745289855
K= 1285
69.4254234983
K= 1286
389.356718132
K= 1287
149.495289855
K= 1288
5608.43430426
K= 1289
10.7622815621
K= 1290
149.745289855
K= 1291
5293.1999662
K= 1292
5192.12288344
K= 1293
8667.91780822
K= 1294
198.070647253
K= 1295
84.9166666666
K= 1296
6353.01039053
K= 1297
4566.0
K= 1298
5021.63389331
K= 1299
274.045048471
K= 1300
24.1841681711
K= 1301
8648.81818182
K= 1302
4440.94444444
K= 1303
4566.0
K= 1304
23.8367369962
K= 1305
300.663916015
K= 1306
321.641457276
K= 1307
5175.15191962
K= 1308
214.205439184
K= 1309
128.54365804
K= 1310
299.544668088
K= 1311
90.695826804
K= 1312
267.42127933
K= 1313
171.38827143
K= 1314
339.464254431
K= 1315
315.023455974
K= 1316
306.049218203
K= 1317
319.038647703
K= 1318
31.8476190477
K= 1319
6353.01039053
K= 1320
2849.9843951
K= 1321
6184.50012967
K= 1322
5752.82235626
K= 1323
319.907184349
K= 1324
575.497211533
K= 1325
39.3271857227
K= 1326
22.5697916667
K= 1327
85.7075784348
K= 1328
171.532981236
K= 1329
8328.71611145
K= 1330
394.876734135
K= 1331
338.83876998
K= 1332
5715.16948215
K= 1333
324.191363287
K= 1334
5663.43430426
K= 1335
4031.42857143
K= 1336
148.995289855
K= 1337
193.195289855
K= 1338
52.3720238094
K= 1339
95.6999999998
K= 1340
483.839395548
K= 1341
813.172270775
K= 1342
99.2407894736
K= 1343
130.5
K= 1344
5664.5860237
K= 1345
8827.0
K= 1346
77.1257335981
K= 1347
5333.52932995
K= 1348
149.717857143
K= 1349
36.5818070819
K= 1350
125.711361712
K= 1351
102.024350649
K= 1352
1377.50458533
K= 1353
936.156659511
K= 1354
312.444830586
K= 1355
172.819662598
K= 1356
168.790405044
K= 1357
193.839912842
K= 1358
15.9090714841
K= 1359
562.039947285
K= 1360
688.467512938
K= 1361
149.745289855
K= 1362
6139.09794967
K= 1363
200.885783489
K= 1364
32.4361111112
K= 1365
4231.82608696
K= 1366
149.745289855
K= 1367
79.6127082375
K= 1368
5373.0157349
K= 1369
5597.29022674
K= 1370
116.513419914
K= 1371
45.9518870019
K= 1372
296.14167614
K= 1373
921.707447438
K= 1374
8827.0
K= 1375
220.227484806
K= 1376
367.242392775
K= 1377
22.6283480406
K= 1378
195.821477855
K= 1379
42.5140873018
K= 1380
89.8666666667
K= 1381
30.3035681153
K= 1382
160.479174837
K= 1383
42.2614925781
K= 1384
4500.94444444
K= 1385
5449.21762821
K= 1386
5663.43430426
K= 1387
8678.0
K= 1388
8614.35289801
K= 1389
5166.04419634
K= 1390
270.65992939
K= 1391
340.941363287
K= 1392
205.937714598
K= 1393
8827.0
K= 1394
288.061116479
K= 1395
188.15067217
K= 1396
4851.10514473
K= 1397
35.4
K= 1398
211.639343989
K= 1399
4347.0
K= 1400
263.337386778
K= 1401
80.642753553
K= 1402
71.8500000001
K= 1403
4449.42857143
K= 1404
4566.0
K= 1405
59.5511478527
K= 1406
478.819346718
K= 1407
69.9190476192
K= 1408
5409.1271937
K= 1409
5645.5033268
K= 1410
4347.0
K= 1411
205.144257454
K= 1412
4553.66666667
K= 1413
4438.42857143
K= 1414
273.979467218
K= 1415
4229.0
K= 1416
91.4824561402
K= 1417
36.89776751
K= 1418
5413.38257173
K= 1419
275.808679844
K= 1420
476.075228485
K= 1421
5343.66113077
K= 1422
82.5734126985
K= 1423
115.150950274
K= 1424
149.745289855
K= 1425
57.0801948051
K= 1426
331.252150997
K= 1427
5343.94896538
K= 1428
8080.80722331
K= 1429
160.825386088
K= 1430
28.1850649349
K= 1431
483.839395548
K= 1432
150.825634718
K= 1433
109.600567633
K= 1434
478.832762742
K= 1435
407.863289237
K= 1436
5536.81962204
K= 1437
5353.62975804
K= 1438
42.2833333334
K= 1439
1527.48222498
K= 1440
487.787359542
K= 1441
224.290465586
K= 1442
58.1880952383
K= 1443
8448.94927536
K= 1444
299.156901358
K= 1445
5896.02807802
K= 1446
114.67324165
K= 1447
8448.94927536
K= 1448
6974.36401513
K= 1449
80.642753553
K= 1450
211.948164903
K= 1451
164.83905441
K= 1452
4417.75
K= 1453
19.6590731161
K= 1454
130.139258563
K= 1455
249.811997739
K= 1456
35.3761904761
K= 1457
39.1690476191
K= 1458
226.937714598
K= 1459
60.3969282
K= 1460
292.316095566
K= 1461
483.839395548
K= 1462
33.9992362589
K= 1463
6762.74493397
K= 1464
474.339395547
K= 1465
8642.09970857
K= 1466
214.477987615
K= 1467
483.839395548
K= 1468
400.68459275
K= 1469
47.7587301588
K= 1470
141.195289855
K= 1471
745.569351284
K= 1472
80.7499999999
K= 1473
82.1741228069
K= 1474
8678.0
K= 1475
93.8730166367
K= 1476
30.3424553249
K= 1477
203.970141218
K= 1478
4417.5
K= 1479
264.409892671
K= 1480
15.4088424847
K= 1481
197.698826041
K= 1482
1974.5849799
K= 1483
89.0833333335
K= 1484
4522.93076923
K= 1485
401.851259417
K= 1486
4458.42857143
K= 1487
166.404149096
K= 1488
28.1179824861
K= 1489
48.3820276498
K= 1490
98.8865287916
K= 1491
53.6829938036
K= 1492
89.4074561403
K= 1493
209.535589929
K= 1494
5041.63753931
K= 1495
97.0089026914
K= 1496
312.049218203
K= 1497
4347.0
K= 1498
37.9265873015
K= 1499
9079.73445669
K= 1500
137.905
K= 1501
34.715934066
K= 1502
5821.3208279
K= 1503
6383.29922593
K= 1504
35.4587301589
K= 1505
149.745289855
K= 1506
2352.66146675
K= 1507
65.0214285714
K= 1508
17654.0
K= 1509
4347.0
K= 1510
4347.0
K= 1511
269.567911255
K= 1512
4712.63917964
K= 1513
288.507238782
K= 1514
275.692522875
K= 1515
5004.02169634
K= 1516
195.133333333
K= 1517
2895.52125054
K= 1518
247.860265021
K= 1519
256.473093972
K= 1520
4830.74086419
K= 1521
4347.0
K= 1522
64.5349355837
K= 1523
242.701483018
K= 1524
36.6928571428
K= 1525
483.839395548
K= 1526
48.2333333333
K= 1527
93.2515151512
K= 1528
56.9785196688
K= 1529
141.695289855
K= 1530
52.4925886099
K= 1531
147.511857769
K= 1532
6164.45161459
K= 1533
5329.66113077
K= 1534
1991.31215487
K= 1535
18.4698954232
K= 1536
339.464254431
K= 1537
17.2544668493
K= 1538
8677.70264563
K= 1539
37.82997558
K= 1540
23.6300652776
K= 1541
308.153326078
K= 1542
8641.84
K= 1543
91.7333333333
K= 1544
248.971454601
K= 1545
84.9999999999
K= 1546
198.489505287
K= 1547
8827.0
K= 1548
123.115530303
K= 1549
5166.04419634
K= 1550
858.029406598
K= 1551
1702.91592658
K= 1552
512.624415512
K= 1553
4561.6
K= 1554
5295.04419634
K= 1555
239.489470592
K= 1556
47.2401206864
K= 1557
37.8844608584
K= 1558
53.2516630321
K= 1559
6352.43896196
K= 1560
130.297567288
K= 1561
4347.0
K= 1562
253.245279434
K= 1563
139.890470433
K= 1564
284.533036545
K= 1565
7063.92734806
K= 1566
93.6330144455
K= 1567
834.740196108
K= 1568
4553.66666667
K= 1569
67.1793650793
K= 1570
90.2406038067
K= 1571
4521.45
K= 1572
88.4570512821
K= 1573
8985.3186663
K= 1574
47.1207282913
K= 1575
8677.0
K= 1576
91.7062906665
K= 1577
8827.0
K= 1578
29.2465407435
K= 1579
5738.51447337
K= 1580
45.323076923
K= 1581
1926.22853225
K= 1582
4501.0
K= 1583
4347.0
K= 1584
4347.0
K= 1585
426.976600511
K= 1586
62.3666666667
K= 1587
12.3187129964
K= 1588
47.322222222
K= 1589
5001.54893447
K= 1590
95.935064935
K= 1591
5880.98866872
K= 1592
6937.35279044
K= 1593
5311.40113085
K= 1594
69.4861471861
K= 1595
5691.10147617
K= 1596
8827.0
K= 1597
8678.0
K= 1598
60.2672374594
K= 1599
17654.0
K= 1600
4347.0
K= 1601
92.2333333335
K= 1602
8827.0
K= 1603
69.1190476191
K= 1604
43.2623537421
K= 1605
4873.80096137
K= 1606
2070.07027069
K= 1607
121.784589483
K= 1608
19.1656073888
K= 1609
4347.0
K= 1610
33.4567409283
K= 1611
141.695289855
K= 1612
66.8774252629
K= 1613
37.2568542571
K= 1614
4443.252151
K= 1615
4532.93333333
K= 1616
49.6666666666
K= 1617
5373.0157349
K= 1618
60.8912698415
K= 1619
369.215757841
K= 1620
279.856299591
K= 1621
45.0182539681
K= 1622
8740.87380952
K= 1623
8677.0
K= 1624
126.141163212
K= 1625
4146.32388925
K= 1626
249.965697899
K= 1627
12122.5610227
K= 1628
5097.10150918
K= 1629
4523.8
K= 1630
447.453412105
K= 1631
218.099247528
K= 1632
5792.81123193
K= 1633
5833.25226159
K= 1634
5537.32012765
K= 1635
76.3365197527
K= 1636
43.0267720682
K= 1637
116.142753553
K= 1638
6186.24989801
K= 1639
5373.0157349
K= 1640
327.35493462
K= 1641
4415.42857143
K= 1642
686.796624695
K= 1643
315.49125989
K= 1644
28.6545093795
K= 1645
5663.43430426
K= 1646
4347.0
K= 1647
5166.04419634
K= 1648
1894.55806902
K= 1649
110.958384533
K= 1650
5017.84362791
K= 1651
274.949428899
K= 1652
5470.23616355
K= 1653
5061.17639853
K= 1654
69.8095238095
K= 1655
266.783029674
K= 1656
70.7833333333
K= 1657
13156.0
K= 1658
44.9999999999
K= 1659
211.405679771
K= 1660
51.6934837091
K= 1661
5166.04419634
K= 1662
8678.0
K= 1663
5202.43798755
K= 1664
5819.85113093
K= 1665
26.826043401
K= 1666
1214.22108613
K= 1667
4521.28333333
K= 1668
125.264285714
K= 1669
961.327175158
K= 1670
22.2728527088
K= 1671
5153.85120061
K= 1672
337.337386778
K= 1673
4503.77265512
K= 1674
417.993810656
K= 1675
208.408049033
K= 1676
97.3825145719
K= 1677
69.5834748585
K= 1678
73.8047619045
K= 1679
1080.89165768
K= 1680
347.686302711
K= 1681
30.5496370089
K= 1682
236.332096205
K= 1683
6120.68164474
K= 1684
5536.81962204
K= 1685
110.914527027
K= 1686
4347.0
K= 1687
140.945289855
K= 1688
31.4574656336
K= 1689
22.9087301588
K= 1690
47.7557942056
K= 1691
51.1642857144
K= 1692
198.653333333
K= 1693
47.0422432194
K= 1694
8827.0
K= 1695
340.941363287
K= 1696
337.457830677
K= 1697
298.380538919
K= 1698
248.923916385
K= 1699
66.6023809523
K= 1700
9031.88888889
K= 1701
4325.94444444
K= 1702
6134.72116726
K= 1703
119.870017456
K= 1704
432.489039145
K= 1705
401.851259417
K= 1706
317.120107678
K= 1707
354.687078072
K= 1708
45.9186507936
K= 1709
4513.4
K= 1710
451.219426141
K= 1711
3342.77191955
K= 1712
224.72393738
K= 1713
4534.58333333
K= 1714
141.695289855
K= 1715
5166.04419634
K= 1716
8631.57868888
K= 1717
37.8209706959
K= 1718
98.4
K= 1719
206.65534978
K= 1720
32.9023809523
K= 1721
8648.89061629
K= 1722
73.0671679199
K= 1723
8669.95862069
K= 1724
272.385392305
K= 1725
116.838095238
K= 1726
338.538647703
K= 1727
8823.0
K= 1728
101.938086124
K= 1729
5171.83872932
K= 1730
6150.06249028
K= 1731
4522.94444444
K= 1732
339.464254431
K= 1733
47.1055285858
K= 1734
38.0899054164
K= 1735
5608.43430426
K= 1736
4458.42857143
K= 1737
40.0650793649
K= 1738
5627.77159469
K= 1739
130.005627706
K= 1740
38.2944444445
K= 1741
4961.79121312
K= 1742
4445.42857143
K= 1743
5996.56353467
K= 1744
36.6731730688
K= 1745
101.241326531
K= 1746
300.248476145
K= 1747
5317.65432143
K= 1748
33.482619675
K= 1749
173.166666667
K= 1750
1094.10380031
K= 1751
44.1270516942
K= 1752
242.982762232
K= 1753
4252.42857143
K= 1754
4561.0
K= 1755
58.1379464286
K= 1756
51.9916666665
K= 1757
5465.16743687
K= 1758
5338.13999014
K= 1759
5832.66485634
K= 1760
2910.65134853
K= 1761
232.223714033
K= 1762
26.6041339615
K= 1763
5737.56286352
K= 1764
75.9166666666
K= 1765
7462.92943949
K= 1766
80.642753553
K= 1767
4347.0
K= 1768
450.091379627
K= 1769
28.0369047618
K= 1770
152.19560719
K= 1771
463.721762229
K= 1772
4196.88235294
K= 1773
8678.0
K= 1774
149.745289855
K= 1775
8827.0
K= 1776
139.398902645
K= 1777
4060.23084525
K= 1778
52.5800439829
K= 1779
357.531786724
K= 1780
4472.94444444
K= 1781
5840.03940567
K= 1782
114.533333333
K= 1783
28.0479551564
K= 1784
401.672728881
K= 1785
8642.69784729
K= 1786
287.135838656
K= 1787
84.5021803217
K= 1788
31.8918246682
K= 1789
4347.0
K= 1790
339.770156309
K= 1791
270.671876546
K= 1792
5329.55926247
K= 1793
52.3333333333
K= 1794
35.7645967396
K= 1795
266.39512987
K= 1796
162.774900194
K= 1797
243.56398706
K= 1798
248.163612551
K= 1799
98.997030747
K= 1800
147.452432712
K= 1801
107.446248196
K= 1802
8591.94927536
K= 1803
851.575010635
K= 1804
46.8833333333
K= 1805
196.946782301
K= 1806
149.745289855
K= 1807
141.695289855
K= 1808
194.016625108
K= 1809
56.830952381
K= 1810
149.745289855
K= 1811
50.8368068247
K= 1812
8674.83333333
K= 1813
87.7589478253
K= 1814
236.626709863
K= 1815
32.3952380953
K= 1816
4957.2772836
K= 1817
1347.95951632
K= 1818
26.844047619
K= 1819
284.32773326
K= 1820
2672.97781765
K= 1821
95.5148981207
K= 1822
149.745289855
K= 1823
5166.04419634
K= 1824
4283.9042208
K= 1825
8678.0
K= 1826
8669.48013245
K= 1827
56.0501009638
K= 1828
1416.11780554
K= 1829
77.4444444445
K= 1830
57.7333333333
K= 1831
120.85
K= 1832
48.3090909091
K= 1833
5608.43430426
K= 1834
6164.06262193
K= 1835
792.482894676
K= 1836
6353.01039053
K= 1837
172.225741049
K= 1838
141.029181737
K= 1839
36.9748010949
K= 1840
29.3351349059
K= 1841
169.587970709
K= 1842
424.446016932
K= 1843
62.1988095237
K= 1844
2840.95735578
K= 1845
50.1785714285
K= 1846
149.745289855
K= 1847
8615.74413117
K= 1848
295.263824637
K= 1849
69.0911860396
K= 1850
24.1936507936
K= 1851
4347.0
K= 1852
30.5361832612
K= 1853
4458.42857143
K= 1854
154.556461173
K= 1855
340.896185539
K= 1856
246.00795489
K= 1857
625.812402368
K= 1858
267.384832949
K= 1859
5373.0157349
K= 1860
4347.0
K= 1861
1338.21612309
K= 1862
1926.22853225
K= 1863
4582.0
K= 1864
77.1982958219
K= 1865
5373.55187067
K= 1866
36.1743978995
K= 1867
153.379319686
K= 1868
4347.0
K= 1869
156.619947208
K= 1870
112.840921831
K= 1871
61.2489352388
K= 1872
206.374929044
K= 1873
4347.0
K= 1874
29.0917461924
K= 1875
5132.39124516
K= 1876
4565.8125
K= 1877
46.2440476191
K= 1878
45.5076648856
K= 1879
81.8741224962
K= 1880
150.136702616
K= 1881
8615.74413117
K= 1882
75.3333333335
K= 1883
211.429223496
K= 1884
165.945092118
K= 1885
855.186863724
K= 1886
3265.2852005
K= 1887
43.3465187589
K= 1888
293.483735064
K= 1889
312.856299591
K= 1890
8827.0
K= 1891
4524.73333333
K= 1892
238.047071539
K= 1893
8678.0
K= 1894
4275.42857143
K= 1895
4458.42857143
K= 1896
4554.82608696
K= 1897
5280.2263247
K= 1898
6353.01039053
K= 1899
103.833333333
K= 1900
329.689063671
K= 1901
4417.8
K= 1902
78.7112817537
K= 1903
8666.0
K= 1904
380.993481947
K= 1905
38.220447608
K= 1906
104.707814408
K= 1907
34.1794122542
K= 1908
522.769109471
K= 1909
96.1813391747
K= 1910
253.340197885
K= 1911
324.191363287
K= 1912
52.7137075341
K= 1913
149.745289855
K= 1914
335.791259889
K= 1915
318.508154196
K= 1916
109.042753553
K= 1917
48.9862745099
K= 1918
32.5596237095
K= 1919
5774.53253594
K= 1920
5518.33314116
K= 1921
5737.56286352
K= 1922
116.142753553
K= 1923
4528.85714286
K= 1924
31.4195526694
K= 1925
619.271631332
K= 1926
340.671755444
K= 1927
337.791259889
K= 1928
1020.22915902
K= 1929
70.4333333335
K= 1930
149.48409041
K= 1931
67.2619047619
K= 1932
665.040878431
K= 1933
5896.02807802
K= 1934
277.884019217
K= 1935
374.070041053
K= 1936
240.690051465
K= 1937
135.168014612
K= 1938
30.133003108
K= 1939
264.96757229
K= 1940
4535.0
K= 1941
315.73070286
K= 1942
5036.80338524
K= 1943
127.374591532
K= 1944
8677.0
K= 1945
4552.87096774
K= 1946
73.127777778
K= 1947
75.5513124674
K= 1948
1289.61445988
K= 1949
162.032159375
K= 1950
300.248476145
K= 1951
5295.04419634
K= 1952
4347.0
K= 1953
5796.2729454
K= 1954
19.2875059595
K= 1955
1132.97449757
K= 1956
301.79478673
K= 1957
25.9223538886
K= 1958
52.0988395483
K= 1959
447.453412105
K= 1960
410.759399687
K= 1961
107.288054187
K= 1962
49.2769841268
K= 1963
61.5125920542
K= 1964
4563.91666667
K= 1965
53.3880952381
K= 1966
4347.0
K= 1967
79.6054421767
K= 1968
4448.42857143
K= 1969
835.725342687
K= 1970
126.045052404
K= 1971
54.6451627974
K= 1972
5608.43430426
K= 1973
127.976086886
K= 1974
212.962156239
K= 1975
317.032844527
K= 1976
68.600877193
K= 1977
441.253412105
K= 1978
5373.0157349
K= 1979
695.789662083
K= 1980
91.5009661835
K= 1981
104.566666667
K= 1982
71.8500000001
K= 1983
10718.6822146
K= 1984
269.129304029
K= 1985
83.9129480514
K= 1986
4859.78267059
K= 1987
345.17374201
K= 1988
380.848071286
K= 1989
319.04292839
K= 1990
1255.04222294
K= 1991
4563.42857143
K= 1992
74.9291513658
K= 1993
55.1340659342
K= 1994
6353.01039053
K= 1995
127.976086886
K= 1996
5896.02807802
K= 1997
49.3780857617
K= 1998
51.45
K= 1999
148.995289855
K= 2000
25.7454795821
K= 2001
5823.85113093
K= 2002
5537.32012765
K= 2003
4347.0
K= 2004
6676.20589239
K= 2005
263.796865148
K= 2006
206.571428571
K= 2007
5217.74991746
K= 2008
7459.30443949
K= 2009
113.215789473
K= 2010
41.0838383838
K= 2011
60.8157894736
K= 2012
88.3597943723
K= 2013
39.8517408029
K= 2014
13.659184383
K= 2015
5166.04419634
K= 2016
333.775662465
K= 2017
36.0000000001
K= 2018
108.055087968
K= 2019
110.619843832
K= 2020
295.999731633
K= 2021
68.0499999999
K= 2022
4257.42857143
K= 2023
71.9690476193
K= 2024
4525.06666667
K= 2025
1368.39080423
K= 2026
2039.60656425
K= 2027
317.032844527
K= 2028
255.555838823
K= 2029
5752.82235626
K= 2030
41.9556277056
K= 2031
41.8366161615
K= 2032
17980.585422
K= 2033
80.3432900433
K= 2034
6102.57510109
K= 2035
5984.69186231
K= 2036
109.630857932
K= 2037
75.6491228068
K= 2038
7461.75144186
K= 2039
317.032844527
K= 2040
275.089883843
K= 2041
4347.0
K= 2042
133.604761904
K= 2043
424.965845391
K= 2044
89.4074561403
K= 2045
64.8181818181
K= 2046
8683.0
K= 2047
50.4577922079
K= 2048
4568.91666667
K= 2049
106.576190476
K= 2050
102.011956522
K= 2051
8448.94927536
K= 2052
483.839395548
K= 2053
358.152591025
K= 2054
149.745289855
K= 2055
8581.0
K= 2056
315.317068397
K= 2057
5329.66113077
K= 2058
29.0593895213
K= 2059
261.643258308
K= 2060
5518.51184607
K= 2061
444.224227891
K= 2062
42.9001294457
K= 2063
183.450626713
K= 2064
5663.43430426
K= 2065
335.725772957
K= 2066
78.6595238094
K= 2067
104.295977012
K= 2068
312.18084809
K= 2069
4901.90767059
K= 2070
2554.4240355
K= 2071
293.483735064
K= 2072
191.929205077
K= 2073
314.089631128
K= 2074
124.383954451
K= 2075
5412.38257173
K= 2076
149.745289855
K= 2077
60.8355136551
K= 2078
81.8333333335
K= 2079
8827.0
K= 2080
5782.5959753
K= 2081
62.7575396827
K= 2082
5774.40349095
K= 2083
349.671654799
K= 2084
298.108393925
K= 2085
52.2219918075
K= 2086
6353.01039053
K= 2087
4071.53603627
K= 2088
5470.94056363
K= 2089
97.0201994953
K= 2090
98.5295622897
K= 2091
6912.79369347
K= 2092
5766.78233175
K= 2093
4443.63892928
K= 2094
62.0
K= 2095
586.912689383
K= 2096
86.0
K= 2097
46.6224567101
K= 2098
514.061289084
K= 2099
5608.43430426
K= 2100
8827.0
K= 2101
156.272955758
K= 2102
339.457830677
K= 2103
4560.6
K= 2104
127.976086886
K= 2105
8645.66666667
K= 2106
6345.36974225
K= 2107
5409.1271937
K= 2108
391.782903143
K= 2109
469.968051739
K= 2110
692.90203467
K= 2111
415.292074624
K= 2112
8827.0
K= 2113
64.8777777778
K= 2114
26.6218041762
K= 2115
6081.82214521
K= 2116
71.078293908
K= 2117
8827.0
K= 2118
39.9412698409
K= 2119
115.384444722
K= 2120
313.316095566
K= 2121
4568.91666667
K= 2122
100.904486711
K= 2123
4559.75
K= 2124
232.560252252
K= 2125
4353.49019608
K= 2126
8827.0
K= 2127
127.976086886
K= 2128
160.524535907
K= 2129
3985.7000085
K= 2130
101.845171008
K= 2131
314.157926556
K= 2132
4553.97894737
K= 2133
14.6161788472
K= 2134
28.7493386242
K= 2135
4548.60606061
K= 2136
4347.0
K= 2137
162.782159375
K= 2138
95.9166666667
K= 2139
4347.0
K= 2140
396.841118254
K= 2141
848.763278588
K= 2142
4347.0
K= 2143
28.1965517239
K= 2144
4513.4
K= 2145
1165.37243403
K= 2146
6137.65534296
K= 2147
4527.1
K= 2148
204.373795107
K= 2149
4509.16858974
K= 2150
5421.97451826
K= 2151
5550.93382388
K= 2152
4458.42857143
K= 2153
4565.42857143
K= 2154
108.168846988
K= 2155
4347.0
K= 2156
149.745289855
K= 2157
101.161956522
K= 2158
5746.56286352
K= 2159
9109.39002236
K= 2160
5157.29604626
K= 2161
112.11839354
K= 2162
146.29559197
K= 2163
156.29027035
K= 2164
47.549206349
K= 2165
5912.76430971
K= 2166
245.463916381
K= 2167
317.032844527
K= 2168
4563.0
K= 2169
4591.5
K= 2170
86.1269168167
K= 2171
8670.69501118
K= 2172
20.3634920635
K= 2173
1763.24074325
K= 2174
6735.17754834
K= 2175
149.745289855
K= 2176
59.2130952382
K= 2177
37.8333333334
K= 2178
4199.0
K= 2179
94.8012347867
K= 2180
54.8229877966
K= 2181
4563.0
K= 2182
101.282159374
K= 2183
29.787962963
K= 2184
483.839395548
K= 2185
8827.0
K= 2186
8677.0
K= 2187
54.6179875565
K= 2188
1846.69691762
K= 2189
4566.0
K= 2190
147.033333333
K= 2191
292.882059414
K= 2192
82.2780651092
K= 2193
8870.86229149
K= 2194
149.745289855
K= 2195
8648.81818182
K= 2196
6089.96221977
K= 2197
303.79774171
K= 2198
58.3166666668
K= 2199
281.272384546
K= 2200
301.802505218
K= 2201
157.485507106
K= 2202
8827.0
K= 2203
84.8595238096
K= 2204
4450.67731713
K= 2205
83.7187288854
K= 2206
4307.42857143
K= 2207
4512.12096774
K= 2208
123.054960772
K= 2209
5686.26958653
K= 2210
267.83876998
K= 2211
6353.01039053
K= 2212
193.839912842
K= 2213
4347.0
K= 2214
249.941363287
K= 2215
6167.8022617
K= 2216
8034.14600845
K= 2217
101.702380952
K= 2218
49.2907758909
K= 2219
4347.0
K= 2220
8827.0
K= 2221
483.839395548
K= 2222
8674.98013245
K= 2223
274.703613054
K= 2224
2344.2733871
K= 2225
5304.44036136
K= 2226
412.839395548
K= 2227
4347.0
K= 2228
17940.4694466
K= 2229
52962.0
K= 2230
5167.95449114
K= 2231
339.406247282
K= 2232
124.639661078
K= 2233
5326.15191962
K= 2234
199.698826041
K= 2235
4443.252151
K= 2236
8827.0
K= 2237
39.5492929519
K= 2238
288.298924271
K= 2239
397.696154788
K= 2240
87.3561132562
K= 2241
302.109975089
K= 2242
43.3163059162
K= 2243
4154.0
K= 2244
5896.02807802
K= 2245
31.4809523809
K= 2246
46.0063131314
K= 2247
65.3142857143
K= 2248
233.046146699
K= 2249
88.7080407097
K= 2250
442.968945171
K= 2251
85.2233715922
K= 2252
410.895000435
K= 2253
589.363900458
K= 2254
36.5629538406
K= 2255
72.0934179067
K= 2256
683.855300673
K= 2257
4566.0
K= 2258
313.316095566
K= 2259
483.839395548
K= 2260
8827.0
K= 2261
219.437593623
K= 2262
8678.0
K= 2263
56.3590909092
K= 2264
319.649696341
K= 2265
29.8321789323
K= 2266
59.0083309085
K= 2267
8564.95744681
K= 2268
205.946702622
K= 2269
35.3583333334
K= 2270
274.949428899
K= 2271
5446.09041649
K= 2272
269.786774344
K= 2273
5083.86592607
K= 2274
414.035992777
K= 2275
5160.01472447
K= 2276
27.2499456072
K= 2277
8672.74275355
K= 2278
129.31421365
K= 2279
149.745289855
K= 2280
5347.18260666
K= 2281
8667.91780822
K= 2282
29.763565601
K= 2283
109.589438137
K= 2284
73.9523809522
K= 2285
4517.57389163
K= 2286
41.7535714287
K= 2287
264.533101564
K= 2288
101.863822751
K= 2289
226.487313919
K= 2290
5837.94646263
K= 2291
60.328164298
K= 2292
5737.56286352
K= 2293
4568.91666667
K= 2294
5164.64419634
K= 2295
255.04004011
K= 2296
280.030306904
K= 2297
313.316095566
K= 2298
146.661956522
K= 2299
311.374497343
K= 2300
8827.0
K= 2301
6013.70628591
K= 2302
40.7524243728
K= 2303
961.327175158
K= 2304
167.391089616
K= 2305
5608.43430426
K= 2306
33.5812881563
K= 2307
126.976086886
K= 2308
60.642753553
K= 2309
291.779108228
K= 2310
4607.91666667
K= 2311
4568.91666667
K= 2312
78.7117190702
K= 2313
149.745289855
K= 2314
5608.43430426
K= 2315
4922.0813988
K= 2316
52962.0
K= 2317
2067.35630336
K= 2318
28.9148110661
K= 2319
453.411409318
K= 2320
77.2500000001
K= 2321
5599.912605
K= 2322
1253.04981506
K= 2323
95.9723942985
K= 2324
726.805409738
K= 2325
35.2607142858
K= 2326
873.09954424
K= 2327
5608.43430426
K= 2328
4897.37210659
K= 2329
8667.91780822
K= 2330
482.382552319
K= 2331
54.3373191491
K= 2332
688.280839914
K= 2333
24.6004606889
K= 2334
276.006305388
K= 2335
61.8333333335
K= 2336
4554.0
K= 2337
31.642063492
K= 2338
7587.50923088
K= 2339
6191.74345263
K= 2340
101.240789474
K= 2341
4347.0
K= 2342
57.6095238095
K= 2343
389.618067994
K= 2344
5166.04419634
K= 2345
337.934087584
K= 2346
299.996615396
K= 2347
142.597377776
K= 2348
4563.0
K= 2349
996.197077209
K= 2350
8827.0
K= 2351
74.7864370495
K= 2352
401.851259417
K= 2353
8591.94927536
K= 2354
5479.40143608
K= 2355
149.745289855
K= 2356
171.433261926
K= 2357
483.839395548
K= 2358
265.607539682
K= 2359
4488.0
K= 2360
4742.01820354
K= 2361
149.745289855
K= 2362
5295.04419634
K= 2363
51.1752386502
K= 2364
67.9696728805
K= 2365
303.073242009
K= 2366
101.240789474
K= 2367
52.6191370852
K= 2368
72.6083333334
K= 2369
8501.02945416
K= 2370
223.948308571
K= 2371
331.680722426
K= 2372
24.1590439277
K= 2373
116.142753553
K= 2374
244.197636216
K= 2375
4562.77777778
K= 2376
7024.10642853
K= 2377
145.827736546
K= 2378
4347.0
K= 2379
4510.18809524
K= 2380
332.791259889
K= 2381
319.04292839
K= 2382
15096.6105896
K= 2383
149.745289855
K= 2384
82.0428582621
K= 2385
67.7741545894
K= 2386
45.9580077816
K= 2387
3145.1231547
K= 2388
65.1438856579
K= 2389
5901.74297575
K= 2390
152.038668563
K= 2391
4521.45
K= 2392
62.2596886917
K= 2393
249.696643658
K= 2394
5373.0157349
K= 2395
483.839395548
K= 2396
306.872367152
K= 2397
148.578623189
K= 2398
203.959042486
K= 2399
270.157482518
K= 2400
4559.0
Betweenness Centrality Improvement
[ 0.  0.  0. ...,  0.  0.  0.]
Top 20 BC Improvement
[2229 2316 2032 2228 1508 1599 2382 1657 1627 1983 2159 1499 1700 1573 2193
 1890 1602 1596 2126 2300]
