txValue= 10000
IGRAPH D--- 4619 68733 -- 
+ attr: pub_key (v), base_fee (e), capacity (e), fee_rate (e), txCost (e)
None
Our nodes starting connections: 
(4618, 2796)
(4618, 1223)
(4618, 1163)
(4618, 498)
(4618, 3265)
(4618, 1589)
(4618, 4051)
(4618, 3246)
K= 2400
4610.0
K= 2401
4626.0
K= 2402
4859.91887171
K= 2403
171.0
K= 2404
8839.0
K= 2405
145.0
K= 2406
12.6000000001
K= 2407
11.8666666667
K= 2408
4411.19302039
K= 2409
153.166666667
K= 2410
41.6722222222
K= 2411
11.5952380954
K= 2412
4486.63809524
K= 2413
4773.15463528
K= 2414
22.6721804512
K= 2415
8603.0
K= 2416
79.5438871875
K= 2417
24.0333333334
K= 2418
13308.6662168
K= 2419
4493.16190476
K= 2420
114.754401154
K= 2421
321.916666667
K= 2422
4382.23649627
K= 2423
8496.33333333
K= 2424
4298.75
K= 2425
1.6333333333
K= 2426
4979.21111111
K= 2427
4487.16190476
K= 2428
8605.66666667
K= 2429
219.583333333
K= 2430
134.0
K= 2431
669.573338966
K= 2432
6.99215686298
K= 2433
35.7513888889
K= 2434
11667.8887641
K= 2435
4491.41991342
K= 2436
4883.46311328
K= 2437
4462.48483853
K= 2438
109.65
K= 2439
4486.21904762
K= 2440
353.404205307
K= 2441
9798.64761905
K= 2442
12.5166666668
K= 2443
20.70392835
K= 2444
11.2000000001
K= 2445
4482.29166667
K= 2446
6.20743145759
K= 2447
377.004816017
K= 2448
5141.16523312
K= 2449
15.6398268399
K= 2450
4571.0
K= 2451
5713.21704547
K= 2452
8.47439309058
K= 2453
432.4
K= 2454
37.329826051
K= 2455
4298.75
K= 2456
8839.0
K= 2457
27.8601302863
K= 2458
7.68895636522
K= 2459
181.533333334
K= 2460
20.70392835
K= 2461
199.007268171
K= 2462
8997.72229478
K= 2463
12.5166666668
K= 2464
8839.0
K= 2465
4825.1580223
K= 2466
398.383793821
K= 2467
4668.58333333
K= 2468
7.61343101342
K= 2469
20.70392835
K= 2470
4879.78316579
K= 2471
4536.98531345
K= 2472
11.2000000001
K= 2473
4130.0
K= 2474
25.0333333334
K= 2475
22.6133699634
K= 2476
8.13315018336
K= 2477
124.247351668
K= 2478
19.9971906164
K= 2479
4483.3681203
K= 2480
4488.43333333
K= 2481
4611.0
K= 2482
4780.5007992
K= 2483
4497.70392835
K= 2484
4842.02317262
K= 2485
29.1444807237
K= 2486
8839.0
K= 2487
23.4690616247
K= 2488
12.0166666668
K= 2489
75.4819578084
K= 2490
160.15
K= 2491
4612.75079365
K= 2492
10.4453314659
K= 2493
12.4333333335
K= 2494
8547.0
K= 2495
20.70392835
K= 2496
11660.4483259
K= 2497
4497.70392835
K= 2498
4298.75
K= 2499
9.95357142866
K= 2500
20.70392835
K= 2501
20.70392835
K= 2502
8584.61538462
K= 2503
9.40000000002
K= 2504
20.70392835
K= 2505
4497.70392835
K= 2506
10.0722222221
K= 2507
20.70392835
K= 2508
28.6346473043
K= 2509
4890.35833333
K= 2510
4487.43333333
K= 2511
176.702020202
K= 2512
574.258333333
K= 2513
4781.1772307
K= 2514
4241.2
K= 2515
4550.5
K= 2516
249.0
K= 2517
37.3098751093
K= 2518
10.8132376396
K= 2519
20.70392835
K= 2520
44.3585470086
K= 2521
4483.52540461
K= 2522
6.88184822432
K= 2523
144.0
K= 2524
4483.26240601
K= 2525
27.5166666668
K= 2526
4793.00028251
K= 2527
2631.73091281
K= 2528
10.6273363892
K= 2529
4950.01666667
K= 2530
4854.00481602
K= 2531
20.20392835
K= 2532
3435.36255372
K= 2533
4984.29126984
K= 2534
8.98247863248
K= 2535
4640.51519952
K= 2536
4142.16666667
K= 2537
219.583333333
K= 2538
4627.0
K= 2539
394.329533263
K= 2540
171.5
K= 2541
48.20392835
K= 2542
4448.33730159
K= 2543
96.8015327849
K= 2544
8558.0
K= 2545
4878.17777778
K= 2546
4877.95668498
K= 2547
4874.79404762
K= 2548
116.0
K= 2549
4570.83333333
K= 2550
8839.0
K= 2551
4298.75
K= 2552
4130.0
K= 2553
13.8185926976
K= 2554
6450.74635411
K= 2555
305.880088235
K= 2556
3606.83625098
K= 2557
4576.0
K= 2558
4499.86114739
K= 2559
4602.40986802
K= 2560
190.583333333
K= 2561
7.68650793645
K= 2562
21.3853516749
K= 2563
24.6072701808
K= 2564
181.083333333
K= 2565
17678.0
K= 2566
15.2895604396
K= 2567
8606.0
K= 2568
165.5
K= 2569
139.0
K= 2570
4609.75079365
K= 2571
378.150944619
K= 2572
4900.98131036
K= 2573
8614.0
K= 2574
10.6380952381
K= 2575
16.1778362397
K= 2576
322.285508102
K= 2577
4404.57864358
K= 2578
8839.0
K= 2579
8763.75
K= 2580
8607.0
K= 2581
29.7707509882
K= 2582
10.3333333333
K= 2583
4605.25
K= 2584
10.5721611723
K= 2585
446.008185907
K= 2586
8832.0
K= 2587
4894.31217949
K= 2588
27.8666666668
K= 2589
188.071905371
K= 2590
22.2597735036
K= 2591
4737.39324468
K= 2592
33.4963702173
K= 2593
10.0325757576
K= 2594
20.70392835
K= 2595
98.2904761906
K= 2596
4612.75079365
K= 2597
4374.12484128
K= 2598
219.333333333
K= 2599
4443.0
K= 2600
409.696842509
K= 2601
390.397198464
K= 2602
11664.2534438
K= 2603
4924.46190476
K= 2604
5479.69018715
K= 2605
908.481839384
K= 2606
146.619047619
K= 2607
4298.75
K= 2608
21.9333333333
K= 2609
4616.5
K= 2610
383.840573565
K= 2611
70.3626595628
K= 2612
20.6656846207
K= 2613
20.3238095238
K= 2614
387.747641808
K= 2615
4776.18423087
K= 2616
12.067099567
K= 2617
4780.5007992
K= 2618
4486.95357143
K= 2619
8839.0
K= 2620
4130.0
K= 2621
172.0
K= 2622
9.03571428591
K= 2623
22.8611473902
K= 2624
8.89597069612
K= 2625
5112.85146024
K= 2626
4841.0
K= 2627
8608.39444444
K= 2628
26.2625074273
K= 2629
19.4685221784
K= 2630
4853.0456761
K= 2631
4505.17570332
K= 2632
6022.00538349
K= 2633
8839.0
K= 2634
5112.85146024
K= 2635
8596.0
K= 2636
4868.24399635
K= 2637
385.745505225
K= 2638
157.65
K= 2639
4804.75079365
K= 2640
4497.70392835
K= 2641
4298.75
K= 2642
315.090930221
K= 2643
11.8500000002
K= 2644
4136.5
K= 2645
11629.7943723
K= 2646
12.6000000001
K= 2647
4876.18333333
K= 2648
11.8666666667
K= 2649
130.0
K= 2650
4877.91201299
K= 2651
4488.8
K= 2652
4663.20054073
K= 2653
9.71666666667
K= 2654
194.783333333
K= 2655
27.0761904764
K= 2656
2263.0006706
K= 2657
146.083333333
K= 2658
31.5616418548
K= 2659
4763.41269004
K= 2660
391.967225078
K= 2661
104.05881384
K= 2662
4612.75079365
K= 2663
15.5518170897
K= 2664
4507.5
K= 2665
4789.70380818
K= 2666
459.946811522
K= 2667
34.3833452419
K= 2668
10.1380952381
K= 2669
464.264044604
K= 2670
19.7737812912
K= 2671
25.0591040949
K= 2672
8839.0
K= 2673
4826.1580223
K= 2674
11.011904762
K= 2675
39.0653594184
K= 2676
404.522598431
K= 2677
4.23454106273
K= 2678
4612.75079365
K= 2679
129.0
K= 2680
4130.0
K= 2681
559.258333333
K= 2682
11674.8229638
K= 2683
4298.75
K= 2684
4298.75
K= 2685
4486.16666667
K= 2686
8558.0
K= 2687
4298.75
K= 2688
23.2000000001
K= 2689
4826.1580223
K= 2690
247.41298702
K= 2691
8602.0
K= 2692
4562.0
K= 2693
281.070671404
K= 2694
4859.09866245
K= 2695
4649.1580223
K= 2696
36.6297979798
K= 2697
4804.75079365
K= 2698
12.4333333335
K= 2699
11.5952380954
K= 2700
20.70392835
K= 2701
4880.93156755
K= 2702
10.1380952381
K= 2703
26.7703425231
K= 2704
8433.33333333
K= 2705
11.8000000002
K= 2706
11.5952380954
K= 2707
8549.0
K= 2708
4604.04630647
K= 2709
20.70392835
K= 2710
88.1270566852
K= 2711
8589.0
K= 2712
3164.8439351
K= 2713
10.0845238095
K= 2714
8.28826075885
K= 2715
42.473809524
K= 2716
4844.9015873
K= 2717
4201.0
K= 2718
17.1635177688
K= 2719
26.6867424244
K= 2720
4612.75079365
K= 2721
159.0
K= 2722
837.992857143
K= 2723
4130.0
K= 2724
8558.0
K= 2725
202.967434451
K= 2726
44.0635283425
K= 2727
4603.0
K= 2728
4489.55114943
K= 2729
327.750793651
K= 2730
384.158022298
K= 2731
4842.90841009
K= 2732
4831.983743
K= 2733
4483.5040107
K= 2734
4884.9015873
K= 2735
8607.0
K= 2736
147.0
K= 2737
4497.70392835
K= 2738
615.0
K= 2739
22.8611473902
K= 2740
219.583333333
K= 2741
28.5830565863
K= 2742
8.07222222211
K= 2743
20.70392835
K= 2744
19.25
K= 2745
73.0
K= 2746
4298.75
K= 2747
35.9893106015
K= 2748
4826.1580223
K= 2749
4906.8547619
K= 2750
38.90629975
K= 2751
4497.70392835
K= 2752
20.70392835
K= 2753
114.333333333
K= 2754
8601.0
K= 2755
6424.04769737
K= 2756
4871.94077312
K= 2757
37.1875466879
K= 2758
356.19882653
K= 2759
8839.0
K= 2760
562.258333333
K= 2761
12.5166666668
K= 2762
4850.92483994
K= 2763
38.6816239317
K= 2764
4806.1580223
K= 2765
7.51199813245
K= 2766
167.75
K= 2767
4847.51519952
K= 2768
7.03679653688
K= 2769
4764.65554029
K= 2770
8605.0
K= 2771
4595.0
K= 2772
10.5461700336
K= 2773
4483.44082166
K= 2774
18.4718409586
K= 2775
8839.0
K= 2776
4487.95635965
K= 2777
4158.15937783
K= 2778
4903.12619048
K= 2779
4456.0
K= 2780
12.5166666668
K= 2781
12.4666666668
K= 2782
32.7361905638
K= 2783
16.715018315
K= 2784
4599.0
K= 2785
377.670913836
K= 2786
4497.70392835
K= 2787
8831.0
K= 2788
15.4393162393
K= 2789
22.8065072183
K= 2790
15.5305121024
K= 2791
8607.0
K= 2792
8607.0
K= 2793
36.2697088781
K= 2794
12.4095238097
K= 2795
20.70392835
K= 2796
31.666896325
K= 2797
35.229978355
K= 2798
7.54670329671
K= 2799
49.6568867707
K= 2800
15.1666666667
K= 2801
5714.2003788
K= 2802
8605.0
K= 2803
12.0445658072
K= 2804
4298.75
K= 2805
6.97696176381
K= 2806
4497.70392835
K= 2807
11.2000000001
K= 2808
20.70392835
K= 2809
20.441892439
K= 2810
4874.42378455
K= 2811
12.5166666668
K= 2812
234.094920756
K= 2813
1069.08377073
K= 2814
4593.0
K= 2815
4298.75
K= 2816
12.231084318
K= 2817
185.333333333
K= 2818
8609.0
K= 2819
4489.46666667
K= 2820
4571.69830257
K= 2821
4130.0
K= 2822
142.0
K= 2823
4604.0
K= 2824
9.86904761917
K= 2825
150.196129776
K= 2826
35.1762362679
K= 2827
8390.0
K= 2828
21.5781177155
K= 2829
11.52481203
K= 2830
4612.75079365
K= 2831
4298.75
K= 2832
4569.0
K= 2833
4503.70392835
K= 2834
4489.01666667
K= 2835
8839.0
K= 2836
14891.5
K= 2837
445.745631031
K= 2838
5112.85146024
K= 2839
6516.43649672
K= 2840
4486.56666667
K= 2841
4924.06666667
K= 2842
542.573448773
K= 2843
217.083333333
K= 2844
9.44166666665
K= 2845
4394.0
K= 2846
126.933333333
K= 2847
22.3490453874
K= 2848
17.8977994228
K= 2849
3953.908066
K= 2850
10.161904762
K= 2851
139.0
K= 2852
369.296731459
K= 2853
8607.0
K= 2854
15.6569997052
K= 2855
4530.61245493
K= 2856
8958.36840659
K= 2857
139.369047619
K= 2858
6516.43649672
K= 2859
7.73836996336
K= 2860
614.0
K= 2861
41.4078566999
K= 2862
4543.0
K= 2863
6089.05067907
K= 2864
21.20392835
K= 2865
5186.60241247
K= 2866
4130.0
K= 2867
376.845219638
K= 2868
41.899821747
K= 2869
27.5404175101
K= 2870
4486.31904762
K= 2871
310.850295006
K= 2872
4814.92483994
K= 2873
370.515199521
K= 2874
44.0635283426
K= 2875
394.582572833
K= 2876
4497.70392835
K= 2877
20.70392835
K= 2878
20.70392835
K= 2879
22.8611473902
K= 2880
4499.86114739
K= 2881
8607.0
K= 2882
317.933865933
K= 2883
4971.1
K= 2884
180.333333333
K= 2885
6825.01379763
K= 2886
22.8611473902
K= 2887
190.583333333
K= 2888
53.5813353315
K= 2889
21.3775965255
K= 2890
12.5166666668
K= 2891
12.0166666668
K= 2892
20.70392835
K= 2893
982.817104063
K= 2894
4298.75
K= 2895
167.0
K= 2896
8274.64444444
K= 2897
434.801206236
K= 2898
349.844444444
K= 2899
321.692497564
K= 2900
174.0
K= 2901
8601.0
K= 2902
4621.0
K= 2903
44.0635283426
K= 2904
20.70392835
K= 2905
4142.16666667
K= 2906
4130.0
K= 2907
11663.7240304
K= 2908
147.0
K= 2909
4569.0
K= 2910
800.334387352
K= 2911
4483.15842799
K= 2912
147.583333333
K= 2913
29.2622326205
K= 2914
4804.75079365
K= 2915
4812.42378455
K= 2916
12.5166666668
K= 2917
206.583333333
K= 2918
4876.27630804
K= 2919
7.51666666672
K= 2920
4497.70392835
K= 2921
8839.0
K= 2922
4924.06050061
K= 2923
20.70392835
K= 2924
35.3908963585
K= 2925
9.86904761917
K= 2926
411.166666667
K= 2927
4639.83333333
K= 2928
190.616666667
K= 2929
7.19313725515
K= 2930
54.7548212897
K= 2931
16.2385081586
K= 2932
4497.70392835
K= 2933
4826.1580223
K= 2934
10.761904762
K= 2935
461.20264188
K= 2936
22.8611473902
K= 2937
12.4095238097
K= 2938
235.155814631
K= 2939
39.5274547295
K= 2940
10.0666666667
K= 2941
4462.0
K= 2942
74.9009107127
K= 2943
12.5166666668
K= 2944
15.5047979798
K= 2945
4580.5007992
K= 2946
4130.0
K= 2947
4672.1580223
K= 2948
11.3666666667
K= 2949
20.70392835
K= 2950
4450.75
K= 2951
25.0333333334
K= 2952
145.0
K= 2953
560.258333333
K= 2954
4680.34975857
K= 2955
9.56273911265
K= 2956
4298.75
K= 2957
4450.96316739
K= 2958
4130.0
K= 2959
53.9082967354
K= 2960
4684.06951786
K= 2961
5448.97868225
K= 2962
20.70392835
K= 2963
4661.58333333
K= 2964
393.557299605
K= 2965
5.47325581394
K= 2966
8613.0
K= 2967
41.4078566999
K= 2968
184.335945269
K= 2969
8607.0
K= 2970
4130.0
K= 2971
4815.01187819
K= 2972
4298.75
K= 2973
12.2666666668
K= 2974
10.2245370371
K= 2975
20.7384111086
K= 2976
304.711518497
K= 2977
285.093826193
K= 2978
4529.0
K= 2979
20.70392835
K= 2980
12.5166666668
K= 2981
4452.0
K= 2982
20.70392835
K= 2983
12.5166666668
K= 2984
21.8611473902
K= 2985
8584.0
K= 2986
7.69188034185
K= 2987
4143.5
K= 2988
4810.75079365
K= 2989
4612.75079365
K= 2990
151.583333333
K= 2991
4298.75
K= 2992
20.70392835
K= 2993
11.2000000001
K= 2994
14.7011494252
K= 2995
4494.2
K= 2996
181.65
K= 2997
3181.59980358
K= 2998
4791.34821559
K= 2999
4487.16190476
K= 3000
16.375
K= 3001
4129.0
K= 3002
12.8000000002
K= 3003
9.84444444452
K= 3004
4905.98344156
K= 3005
312.373477912
K= 3006
11.2000000001
K= 3007
4804.75079365
K= 3008
21.0793113421
K= 3009
39.0653594184
K= 3010
4880.42378455
K= 3011
641.668664534
K= 3012
4703.75833333
K= 3013
11.9453700322
K= 3014
20.20392835
K= 3015
4854.00481602
K= 3016
4130.0
K= 3017
8.27792889078
K= 3018
23.7723238596
K= 3019
4139.32222222
K= 3020
4487.36666667
K= 3021
4705.09866245
K= 3022
18.3919413921
K= 3023
4916.76319967
K= 3024
405.011237341
K= 3025
139.461466843
K= 3026
30.3106102231
K= 3027
4831.9882871
K= 3028
8.94166666665
K= 3029
4450.75
K= 3030
4492.25
K= 3031
406.641666667
K= 3032
34.9436819173
K= 3033
34.8942981856
K= 3034
349.844444444
K= 3035
11.8666666667
K= 3036
330.000793651
K= 3037
8839.0
K= 3038
4489.51666667
K= 3039
12.4333333335
K= 3040
11.2000000001
K= 3041
4612.75079365
K= 3042
4824.32899274
K= 3043
4612.75079365
K= 3044
8553.75
K= 3045
9.54600703856
K= 3046
4483.21500722
K= 3047
13.809196067
K= 3048
4485.04592075
K= 3049
22.8611473902
K= 3050
423.565873016
K= 3051
11.8961038961
K= 3052
20.70392835
K= 3053
11664.4514033
K= 3054
4486.25277778
K= 3055
4130.0
K= 3056
20.70392835
K= 3057
4298.75
K= 3058
426.228968254
K= 3059
20.70392835
K= 3060
4497.70392835
K= 3061
4885.35766733
K= 3062
290.816666667
K= 3063
4824.47619048
K= 3064
4130.0
K= 3065
4298.75
K= 3066
4595.0
K= 3067
23.3666666668
K= 3068
7.03140962776
K= 3069
191.583333333
K= 3070
4847.51519952
K= 3071
11.2000000001
K= 3072
8607.0
K= 3073
8839.0
K= 3074
8839.0
K= 3075
8.77291549032
K= 3076
10.161904762
K= 3077
33.8380952382
K= 3078
8607.0
K= 3079
4844.9015873
K= 3080
10.661904762
K= 3081
169.0
K= 3082
20.70392835
K= 3083
4949.25277778
K= 3084
4298.75
K= 3085
21.2887386171
K= 3086
9.95357142866
K= 3087
12.0166666668
K= 3088
4499.86114739
K= 3089
4164.0
K= 3090
3243.80956056
K= 3091
4844.9015873
K= 3092
8589.0
K= 3093
12.4095238097
K= 3094
219.583333333
K= 3095
22.8611473902
K= 3096
11.8666666667
K= 3097
11.3666666667
K= 3098
20.70392835
K= 3099
37.3783160001
K= 3100
9.08571428584
K= 3101
45.7222947804
K= 3102
250.42857143
K= 3103
4849.42155117
K= 3104
19.7631224712
K= 3105
20.70392835
K= 3106
82.520895771
K= 3107
4786.50037273
K= 3108
8604.0
K= 3109
12.2666666668
K= 3110
5075.59197725
K= 3111
8839.0
K= 3112
4298.75
K= 3113
4234.0
K= 3114
37.980952381
K= 3115
12.0166666668
K= 3116
11.8666666667
K= 3117
161.0
K= 3118
0.0
K= 3119
22.8611473902
K= 3120
4483.73776402
K= 3121
4132.36017094
K= 3122
7.21515151509
K= 3123
474.722222223
K= 3124
0.0
K= 3125
8614.0
K= 3126
448.593119336
K= 3127
4488.01666667
K= 3128
4865.39052753
K= 3129
70.106562137
K= 3130
4847.51519952
K= 3131
2351.52825971
K= 3132
410.696838874
K= 3133
24.2557932264
K= 3134
9.52495543682
K= 3135
201.666666667
K= 3136
37.1953018411
K= 3137
11.8000000002
K= 3138
8640.0
K= 3139
4130.0
K= 3140
8601.5
K= 3141
20.70392835
K= 3142
31.4000000001
K= 3143
4576.40530233
K= 3144
143.0
K= 3145
10.0325757576
K= 3146
219.583333333
K= 3147
4298.75
K= 3148
20.1660922412
K= 3149
326.994444444
K= 3150
21.5965642586
K= 3151
4925.73333333
K= 3152
209.333333333
K= 3153
122.0
K= 3154
4163.0
K= 3155
8614.0
K= 3156
20.70392835
K= 3157
4614.0
K= 3158
20.70392835
K= 3159
1050.57591316
K= 3160
148.0
K= 3161
4488.51666667
K= 3162
9.15714285732
K= 3163
4131.32222222
K= 3164
60.4624500501
K= 3165
8571.73552851
K= 3166
4784.64831549
K= 3167
36.9182261209
K= 3168
8839.0
K= 3169
7.68303870049
K= 3170
4626.0
K= 3171
51.6337126601
K= 3172
63.4338512791
K= 3173
8839.0
K= 3174
30.355657193
K= 3175
11.8666666667
K= 3176
4641.54814156
K= 3177
67.0817252276
K= 3178
20.3288613692
K= 3179
12.5166666668
K= 3180
134.0
K= 3181
4163.0
K= 3182
11.8666666667
K= 3183
4826.1580223
K= 3184
449.556781607
K= 3185
144.0
K= 3186
22.9839285716
K= 3187
6.2590218595
K= 3188
34.1031852205
K= 3189
9.95357142866
K= 3190
6.61417748919
K= 3191
8839.0
K= 3192
11658.8993106
K= 3193
4902.20508325
K= 3194
10.6380952381
K= 3195
4844.9015873
K= 3196
4960.8690078
K= 3197
9003.0
K= 3198
5.7501380262
K= 3199
4878.16860623
K= 3200
11.8500000002
K= 3201
13.3265873017
K= 3202
4142.16666667
K= 3203
9.00718355714
K= 3204
173.0
K= 3205
4805.42378455
K= 3206
4298.75
K= 3207
14.9195494865
K= 3208
4201.0
K= 3209
8839.0
K= 3210
2896.3478108
K= 3211
559.258333333
K= 3212
87.7937233518
K= 3213
4298.75
K= 3214
145.0
K= 3215
160.816666667
K= 3216
4938.36980125
K= 3217
4298.75
K= 3218
9.58147049276
K= 3219
12.4174963926
K= 3220
7.5863247863
K= 3221
426.525417651
K= 3222
4611.85027473
K= 3223
346.101759416
K= 3224
51.6394230769
K= 3225
12.5166666668
K= 3226
186.333333333
K= 3227
8832.0
K= 3228
0.0
K= 3229
553.925
K= 3230
214.328823072
K= 3231
4814.28867244
K= 3232
4488.73333333
K= 3233
4884.51825397
K= 3234
5454.97868225
K= 3235
103.246012325
K= 3236
8839.0
K= 3237
27.105657193
K= 3238
4622.0
K= 3239
175.717461218
K= 3240
8607.0
K= 3241
13.6000000001
K= 3242
34.6175505052
K= 3243
89.767857143
K= 3244
4884.9015873
K= 3245
5715.28371214
K= 3246
2.19722222222
K= 3247
4298.75
K= 3248
8589.0
K= 3249
4693.55457524
K= 3250
30.355657193
K= 3251
219.583333333
K= 3252
12.5166666668
K= 3253
12.5166666668
K= 3254
4142.16666667
K= 3255
8967.45021645
K= 3256
20.0523809524
K= 3257
20.20392835
K= 3258
33.1490016519
K= 3259
20.812080023
K= 3260
7.1198412698
K= 3261
4844.9015873
K= 3262
4486.00718356
K= 3263
4130.0
K= 3264
135.0
K= 3265
0.0
K= 3266
27.6866095739
K= 3267
2858.7287281
K= 3268
12.8000000002
K= 3269
11.1333333335
K= 3270
8839.0
K= 3271
7.15555555548
K= 3272
4612.75079365
K= 3273
478.494429182
K= 3274
111.0
K= 3275
4298.75
K= 3276
191.583333333
K= 3277
9.93968253979
K= 3278
9.18571428582
K= 3279
9.07500000007
K= 3280
282.881934812
K= 3281
20.70392835
K= 3282
171.0
K= 3283
16.0767912138
K= 3284
4620.0
K= 3285
14.3157894738
K= 3286
8.66908831906
K= 3287
4875.06050061
K= 3288
8606.0
K= 3289
401.280808081
K= 3290
14.8452380954
K= 3291
18.4055555556
K= 3292
182.14710609
K= 3293
6.60351403244
K= 3294
46.6389975453
K= 3295
4130.0
K= 3296
4827.82823924
K= 3297
4281.0
K= 3298
530.145238095
K= 3299
20.70392835
K= 3300
7.56343101338
K= 3301
21.2974296843
K= 3302
4298.75
K= 3303
4497.70392835
K= 3304
36.5117918988
K= 3305
4885.52916667
K= 3306
11.8000000002
K= 3307
327.750793651
K= 3308
155.5
K= 3309
4923.66666667
K= 3310
12.4095238097
K= 3311
82.5208957711
K= 3312
20.70392835
K= 3313
4432.27868742
K= 3314
5112.85146024
K= 3315
9.65714285732
K= 3316
8597.0
K= 3317
20.20392835
K= 3318
4780.5007992
K= 3319
147.0
K= 3320
7.81277056271
K= 3321
160.0
K= 3322
4298.75
K= 3323
7.55742296937
K= 3324
17.1258645378
K= 3325
9.84444444452
K= 3326
9.17777777789
K= 3327
17575.2
K= 3328
5.66666666674
K= 3329
19.6764705882
K= 3330
8.48268398282
K= 3331
615.0
K= 3332
4884.51825397
K= 3333
4595.0
K= 3334
4497.20392835
K= 3335
4163.0
K= 3336
15.6245746247
K= 3337
182.033333334
K= 3338
4598.41630592
K= 3339
4766.0
K= 3340
4507.46068605
K= 3341
301.086335404
K= 3342
8839.0
K= 3343
4587.68333333
K= 3344
11.5952380954
K= 3345
160.15
K= 3346
4592.0
K= 3347
4483.43655844
K= 3348
350.653172931
K= 3349
17678.0
K= 3350
370.848257
K= 3351
4488.2
K= 3352
56.6304388423
K= 3353
20.70392835
K= 3354
17678.0
K= 3355
19.397571478
K= 3356
88.1932900434
K= 3357
8.35026315774
K= 3358
4626.5007992
K= 3359
46.3397148746
K= 3360
8406.5
K= 3361
4898.07605402
K= 3362
151.416666667
K= 3363
5709.2497491
K= 3364
4298.75
K= 3365
4298.75
K= 3366
20.70392835
K= 3367
4880.68236671
K= 3368
10.0666666667
K= 3369
4484.0
K= 3370
4780.5007992
K= 3371
167.283333334
K= 3372
10.1380952381
K= 3373
180.0
K= 3374
469.279229104
K= 3375
4804.75079365
K= 3376
49.9245375587
K= 3377
4130.0
K= 3378
9.36904761917
K= 3379
4163.0
K= 3380
4497.70392835
K= 3381
4780.5007992
K= 3382
4803.75079365
K= 3383
4298.75
K= 3384
143.5
K= 3385
191.583333333
K= 3386
4874.42378455
K= 3387
4298.75
K= 3388
4298.75
K= 3389
676.628100466
K= 3390
21.5
K= 3391
6379.9404679
K= 3392
4130.0
K= 3393
369.024981092
K= 3394
67.4836639047
K= 3395
4800.24563103
K= 3396
219.583333333
K= 3397
4298.75
K= 3398
190.583333333
K= 3399
4281.0
K= 3400
8839.0
K= 3401
8839.0
K= 3402
4890.12448107
K= 3403
4926.83026777
K= 3404
4913.26468254
K= 3405
3628.54431704
K= 3406
3619.87805926
K= 3407
160.816666667
K= 3408
20.9874888476
K= 3409
8.36263736279
K= 3410
4891.45595238
K= 3411
12.5166666668
K= 3412
9.26904761908
K= 3413
4489.6
K= 3414
4130.0
K= 3415
6.00935251021
K= 3416
548.61547619
K= 3417
6.86456140352
K= 3418
4497.70392835
K= 3419
20.70392835
K= 3420
9.90726760018
K= 3421
6.45645363396
K= 3422
387.6712306
K= 3423
20.70392835
K= 3424
4824.32899274
K= 3425
752.522480592
K= 3426
4854.00481602
K= 3427
6.56474850816
K= 3428
44.0635283426
K= 3429
6.33333333337
K= 3430
4874.42378455
K= 3431
6.95415499539
K= 3432
500.0
K= 3433
11.2000000001
K= 3434
33.1194677872
K= 3435
4511.38334524
K= 3436
8601.0
K= 3437
4598.0
K= 3438
4611.0
K= 3439
4298.75
K= 3440
4298.75
K= 3441
173.0
K= 3442
4497.70392835
K= 3443
11.2000000001
K= 3444
8839.0
K= 3445
183.0
K= 3446
8839.0
K= 3447
116.0
K= 3448
136.5
K= 3449
10.661904762
K= 3450
33.5535130745
K= 3451
8839.0
K= 3452
35.4470167514
K= 3453
20.70392835
K= 3454
505.258333333
K= 3455
4619.5
K= 3456
44.0635283426
K= 3457
12.0166666668
K= 3458
4298.75
K= 3459
4497.70392835
K= 3460
4874.42378455
K= 3461
20.70392835
K= 3462
4824.99143803
K= 3463
8607.0
K= 3464
9.82857142866
K= 3465
115.5
K= 3466
22.3475922116
K= 3467
4396.0
K= 3468
862.61360623
K= 3469
4298.75
K= 3470
13.465452848
K= 3471
12.3666666667
K= 3472
386.656262381
K= 3473
4881.09866245
K= 3474
13.0845238095
K= 3475
4298.75
K= 3476
8604.0
K= 3477
54.878004835
K= 3478
16.2666666668
K= 3479
7.0499854791
K= 3480
4780.5007992
K= 3481
393.421551171
K= 3482
160.0
K= 3483
9.00718355714
K= 3484
7.19632450875
K= 3485
14.8
K= 3486
4485.4
K= 3487
4804.75079365
K= 3488
4612.75079365
K= 3489
20.70392835
K= 3490
142.0
K= 3491
25.3019685692
K= 3492
8839.0
K= 3493
526.990306598
K= 3494
8839.0
K= 3495
4023.33333333
K= 3496
4803.98800505
K= 3497
5974.66454613
K= 3498
26.1833333335
K= 3499
4569.0
K= 3500
7.952991453
K= 3501
4703.37737124
K= 3502
4278.75
K= 3503
4163.0
K= 3504
4967.90555556
K= 3505
348.454004329
K= 3506
4925.83333333
K= 3507
4151.0
K= 3508
27.4095238097
K= 3509
20.70392835
K= 3510
4906.08333333
K= 3511
37.4774031525
K= 3512
4298.75
K= 3513
4502.05910409
K= 3514
6.57922077936
K= 3515
12.6000000001
K= 3516
67.4836639047
K= 3517
11627.7175325
K= 3518
18.3480930835
K= 3519
8.25004162511
K= 3520
7.0
K= 3521
4298.75
K= 3522
20.70392835
K= 3523
4298.75
K= 3524
558.1
K= 3525
20.6604500891
K= 3526
10.6380952381
K= 3527
8607.0
K= 3528
11.0952380954
K= 3529
4612.75079365
K= 3530
4493.39998785
K= 3531
406.285714286
K= 3532
4841.51015401
K= 3533
27.7793083523
K= 3534
81.9830972159
K= 3535
11637.4986092
K= 3536
20.70392835
K= 3537
4612.75079365
K= 3538
12.5166666668
K= 3539
4800.24563103
K= 3540
11693.7613591
K= 3541
343.92421338
K= 3542
58.9208957711
K= 3543
162.890476191
K= 3544
8839.0
K= 3545
186.65
K= 3546
8839.0
K= 3547
4298.75
K= 3548
11.8666666667
K= 3549
20.70392835
K= 3550
4804.75079365
K= 3551
12.6000000001
K= 3552
40.4078566999
K= 3553
20.70392835
K= 3554
378.077707319
K= 3555
4497.70392835
K= 3556
4814.92483994
K= 3557
144.0
K= 3558
28.5261505721
K= 3559
4661.58333333
K= 3560
12.6000000001
K= 3561
12.9463477699
K= 3562
28.6139796847
K= 3563
4872.3740716
K= 3564
8963.05344079
K= 3565
4916.48809524
K= 3566
8.06904761912
K= 3567
408.03968254
K= 3568
384.158022298
K= 3569
8614.0
K= 3570
4298.75
K= 3571
4298.75
K= 3572
219.583333333
K= 3573
4869.48217893
K= 3574
4564.58828198
K= 3575
4903.41749639
K= 3576
4298.75
K= 3577
14.0458309806
K= 3578
165.583333333
K= 3579
61.4868131822
K= 3580
4130.0
K= 3581
86.5333333334
K= 3582
4895.07612943
K= 3583
4874.42378455
K= 3584
219.583333333
K= 3585
4486.86904762
K= 3586
4611.73690476
K= 3587
192.533333334
K= 3588
11.7083333333
K= 3589
10.9714285715
K= 3590
4542.5962234
K= 3591
320.123675751
K= 3592
8839.0
K= 3593
8613.0
K= 3594
19.9880952382
K= 3595
4846.51519952
K= 3596
10.4801235367
K= 3597
187.0
K= 3598
4298.75
K= 3599
10.6380952381
K= 3600
41.0384872917
Betweenness Centrality Improvement
[ 0.  0.  0. ...,  0.  0.  0.]
Top 20 BC Improvement
[3349 3354 2565 3327 2836 2418 3540 2682 2434 3053 2602 2907 2496 3192 3535
 2645 3517 2441 3197 2462]
