txValue= 10000
IGRAPH D--- 4619 68733 -- 
+ attr: pub_key (v), base_fee (e), capacity (e), fee_rate (e), txCost (e)
None
Our nodes starting connections: 
(4618, 2796)
(4618, 1223)
(4618, 1163)
K= 2350
8827.0
K= 2351
13.1864801864
K= 2352
4560.0
K= 2353
8592.0
K= 2354
4788.2242033
K= 2355
19.6487812911
K= 2356
170.366666667
K= 2357
4497.64878129
K= 2358
64.0781440781
K= 2359
4484.75
K= 2360
4396.29946627
K= 2361
19.6487812911
K= 2362
4790.51746032
K= 2363
4511.57011803
K= 2364
53.5208650207
K= 2365
468.11547619
K= 2366
35.7393772893
K= 2367
19.0499999999
K= 2368
8.97738095233
K= 2369
8586.0
K= 2370
10.7666666667
K= 2371
4163.0
K= 2372
13.7022042285
K= 2373
136.0
K= 2374
11.5
K= 2375
4611.0
K= 2376
5614.94791684
K= 2377
25.0381734006
K= 2378
4332.75
K= 2379
4613.0
K= 2380
373.267460317
K= 2381
4163.0
K= 2382
11186.8958337
K= 2383
19.6487812911
K= 2384
12.4011212921
K= 2385
18.8478751153
K= 2386
13.5080808081
K= 2387
11730.4871243
K= 2388
18.7047619048
K= 2389
4885.175
K= 2390
108.829166667
K= 2391
4552.67619048
K= 2392
11.3333333334
K= 2393
191.049603175
K= 2394
4762.96896159
K= 2395
4497.64878129
K= 2396
299.824730434
K= 2397
19.1487812911
K= 2398
32.2035807254
K= 2399
8.23571428563
K= 2400
4601.0
K= 2401
4612.0
K= 2402
4841.59823679
K= 2403
133.0
K= 2404
8827.0
K= 2405
135.0
K= 2406
11.5
K= 2407
10.7666666667
K= 2408
4400.40968705
K= 2409
116.5
K= 2410
23.9936507937
K= 2411
10.5000000001
K= 2412
4486.54285714
K= 2413
4756.01374104
K= 2414
5.62539682537
K= 2415
8637.0
K= 2416
78.7207767223
K= 2417
21.8333333333
K= 2418
13270.0434895
K= 2419
4487.06666667
K= 2420
94.3243145742
K= 2421
285.666666667
K= 2422
4369.00316293
K= 2423
8529.16666667
K= 2424
4332.75
K= 2425
0.633333333302
K= 2426
4950.2
K= 2427
4487.06666667
K= 2428
8638.66666667
K= 2429
176.083333333
K= 2430
125.0
K= 2431
669.055720925
K= 2432
5.8098039215
K= 2433
18.5847222222
K= 2434
11736.3887641
K= 2435
4491.28354978
K= 2436
4861.24922439
K= 2437
4451.85785441
K= 2438
102.65
K= 2439
4486.13571429
K= 2440
336.930497534
K= 2441
9754.78095238
K= 2442
11.4166666666
K= 2443
19.6487812911
K= 2444
10.1
K= 2445
4482.29166667
K= 2446
5.17436267412
K= 2447
357.648268398
K= 2448
5076.0529672
K= 2449
14.5398268398
K= 2450
4556.0
K= 2451
5614.88125018
K= 2452
7.43634961231
K= 2453
422.4
K= 2454
26.0720438079
K= 2455
4332.75
K= 2456
8827.0
K= 2457
24.707519792
K= 2458
6.6248538011
K= 2459
166.866666667
K= 2460
19.6487812911
K= 2461
48.517982456
K= 2462
8996.42614676
K= 2463
11.4166666666
K= 2464
8827.0
K= 2465
4808.94352304
K= 2466
377.631096681
K= 2467
4654.08333333
K= 2468
6.55299145298
K= 2469
19.6487812911
K= 2470
4859.01552787
K= 2471
4524.13531345
K= 2472
10.1
K= 2473
4163.0
K= 2474
22.8333333333
K= 2475
5.56863312121
K= 2476
7.06904761889
K= 2477
98.9854469062
K= 2478
18.966948681
K= 2479
4483.33145363
K= 2480
4488.33333333
K= 2481
4602.0
K= 2482
4762.96896159
K= 2483
4497.64878129
K= 2484
4826.49654924
K= 2485
26.451669872
K= 2486
8827.0
K= 2487
19.4690616246
K= 2488
10.9166666666
K= 2489
71.1363228877
K= 2490
146.9
K= 2491
4598.51746032
K= 2492
9.38489190547
K= 2493
11.3333333334
K= 2494
8580.0
K= 2495
19.6487812911
K= 2496
11728.9918042
K= 2497
4497.64878129
K= 2498
4332.75
K= 2499
8.85833333328
K= 2500
19.6487812911
K= 2501
19.6487812911
K= 2502
8620.0
K= 2503
8.31071428559
K= 2504
19.6487812911
K= 2505
4497.64878129
K= 2506
9.00404040399
K= 2507
19.6487812911
K= 2508
27.4932257356
K= 2509
4870.28452381
K= 2510
4487.33333333
K= 2511
138.202020202
K= 2512
532.758333333
K= 2513
4765.75105289
K= 2514
4272.03333333
K= 2515
4538.5
K= 2516
232.0
K= 2517
35.284586509
K= 2518
9.75609478226
K= 2519
19.6487812911
K= 2520
41.1211111111
K= 2521
4482.49777537
K= 2522
5.83282861626
K= 2523
134.0
K= 2524
4483.22933723
K= 2525
10.4166666666
K= 2526
4776.59569442
K= 2527
2651.84382535
K= 2528
9.37586580077
K= 2529
4921.26666667
K= 2530
4835.6482684
K= 2531
19.1487812911
K= 2532
3457.94602294
K= 2533
4952.36746032
K= 2534
6.91429681424
K= 2535
4625.98662809
K= 2536
8613.0
K= 2537
176.083333333
K= 2538
4615.0
K= 2539
374.054247015
K= 2540
134.0
K= 2541
19.1487812911
K= 2542
4435.40634921
K= 2543
85.2659663188
K= 2544
8592.0
K= 2545
4859.71388889
K= 2546
4858.35119048
K= 2547
4854.60833333
K= 2548
108.0
K= 2549
4541.91666667
K= 2550
8827.0
K= 2551
4332.75
K= 2552
4163.0
K= 2553
10.7700097016
K= 2554
6500.47575077
K= 2555
290.547783894
K= 2556
3635.84761461
K= 2557
4568.0
K= 2558
4499.21307338
K= 2559
4643.24421146
K= 2560
176.083333333
K= 2561
6.626068376
K= 2562
19.7326000204
K= 2563
22.4838935573
K= 2564
165.833333333
K= 2565
17654.0
K= 2566
14.1895604394
K= 2567
8640.0
K= 2568
128.0
K= 2569
129.0
K= 2570
4595.51746032
K= 2571
359.523728357
K= 2572
4878.18311688
K= 2573
8642.0
K= 2574
9.54285714286
K= 2575
13.1225777725
K= 2576
305.599321994
K= 2577
4392.84531025
K= 2578
8827.0
K= 2579
8791.75
K= 2580
8641.0
K= 2581
26.5421795595
K= 2582
9.33333333326
K= 2583
4598.0
K= 2584
9.4769230769
K= 2585
428.295410123
K= 2586
8826.0
K= 2587
4865.86217949
K= 2588
25.3333333333
K= 2589
147.782379679
K= 2590
20.6004284441
K= 2591
4721.91824468
K= 2592
31.3005449637
K= 2593
8.94329004316
K= 2594
19.6487812911
K= 2595
93.1467032966
K= 2596
4598.51746032
K= 2597
4414.96699912
K= 2598
175.833333333
K= 2599
4435.0
K= 2600
363.423658286
K= 2601
371.002446536
K= 2602
11732.7534438
K= 2603
4897.2952381
K= 2604
5520.39773633
K= 2605
911.967251646
K= 2606
130.0
K= 2607
4332.75
K= 2608
19.7440476191
K= 2609
4608.5
K= 2610
365.028478414
K= 2611
66.0836913087
K= 2612
19.6105375618
K= 2613
18.1333333332
K= 2614
368.194447991
K= 2615
4759.26331403
K= 2616
11.067099567
K= 2617
4762.96896159
K= 2618
4486.85833333
K= 2619
8827.0
K= 2620
4163.0
K= 2621
134.0
K= 2622
7.95238095219
K= 2623
21.2130733809
K= 2624
7.81263736251
K= 2625
5067.17493414
K= 2626
4819.0
K= 2627
8642.36111111
K= 2628
24.0980052627
K= 2629
16.6936868688
K= 2630
4835.88884404
K= 2631
4504.37547847
K= 2632
6068.93417137
K= 2633
8827.0
K= 2634
5067.17493414
K= 2635
8630.0
K= 2636
4848.65104318
K= 2637
367.813979442
K= 2638
145.4
K= 2639
4790.51746032
K= 2640
4497.64878129
K= 2641
4332.75
K= 2642
299.636810593
K= 2643
10.7500000001
K= 2644
8623.5
K= 2645
11698.1991342
K= 2646
11.5
K= 2647
4852.43333333
K= 2648
10.7666666667
K= 2649
119.0
K= 2650
4857.64801587
K= 2651
4488.7
K= 2652
4648.18098291
K= 2653
8.63888888888
K= 2654
173.866666667
K= 2655
9.03333333321
K= 2656
2246.8756706
K= 2657
129.5
K= 2658
29.7030602405
K= 2659
4746.81747468
K= 2660
372.373428391
K= 2661
94.1650653286
K= 2662
4598.51746032
K= 2663
13.4891572603
K= 2664
4499.5
K= 2665
4773.55027283
K= 2666
414.16529304
K= 2667
32.2559616778
K= 2668
9.04285714286
K= 2669
423.753971904
K= 2670
18.7737812911
K= 2671
23.4851763947
K= 2672
8827.0
K= 2673
4809.94352304
K= 2674
9.91666666663
K= 2675
36.5181421912
K= 2676
385.522598431
K= 2677
3.20012547832
K= 2678
4598.51746032
K= 2679
120.0
K= 2680
4163.0
K= 2681
521.758333333
K= 2682
11743.3229638
K= 2683
4332.75
K= 2684
4332.75
K= 2685
4486.08333333
K= 2686
8592.0
K= 2687
4332.75
K= 2688
20.9999999999
K= 2689
4809.94352304
K= 2690
220.580672796
K= 2691
8636.0
K= 2692
4552.0
K= 2693
234.028120899
K= 2694
4838.89221612
K= 2695
4631.94352304
K= 2696
34.3388888889
K= 2697
4790.51746032
K= 2698
11.3333333334
K= 2699
10.5000000001
K= 2700
19.6487812911
K= 2701
4861.56225255
K= 2702
9.04285714286
K= 2703
25.5381996658
K= 2704
8465.33333333
K= 2705
10.7000000001
K= 2706
10.5
K= 2707
8584.0
K= 2708
4589.76297314
K= 2709
19.6487812911
K= 2710
84.8309086665
K= 2711
8623.0
K= 2712
3187.76529152
K= 2713
7.99523809517
K= 2714
7.22782119841
K= 2715
38.0746031745
K= 2716
4828.32142857
K= 2717
4235.0
K= 2718
14.0260818712
K= 2719
25.4867424242
K= 2720
4598.51746032
K= 2721
145.0
K= 2722
784.60952381
K= 2723
4163.0
K= 2724
8592.0
K= 2725
185.422247285
K= 2726
42.4154543333
K= 2727
4590.0
K= 2728
4489.41666667
K= 2729
312.517460317
K= 2730
366.943523036
K= 2731
4824.55724251
K= 2732
4814.53773187
K= 2733
4483.46288515
K= 2734
4868.32142857
K= 2735
8641.0
K= 2736
135.0
K= 2737
4497.64878129
K= 2738
578.0
K= 2739
21.2130733809
K= 2740
176.083333333
K= 2741
23.82313621
K= 2742
7.00404040399
K= 2743
19.6487812911
K= 2744
15.25
K= 2745
65.0
K= 2746
4332.75
K= 2747
32.8216172032
K= 2748
4809.94352304
K= 2749
4882.47142857
K= 2750
34.9062997499
K= 2751
4497.64878129
K= 2752
19.6487812911
K= 2753
107.333333333
K= 2754
8635.0
K= 2755
6470.90808542
K= 2756
4853.83521756
K= 2757
30.9917214343
K= 2758
339.509415502
K= 2759
8827.0
K= 2760
523.758333333
K= 2761
11.4166666666
K= 2762
4833.45086096
K= 2763
36.361111111
K= 2764
4789.94352304
K= 2765
6.45155857212
K= 2766
153.25
K= 2767
4831.98662809
K= 2768
5.98777692881
K= 2769
4741.86607143
K= 2770
8638.0
K= 2771
4588.0
K= 2772
9.28367003356
K= 2773
4482.404155
K= 2774
17.4718409587
K= 2775
8827.0
K= 2776
4487.88027269
K= 2777
4186.95980451
K= 2778
4880.19285714
K= 2779
4448.0
K= 2780
11.4166666666
K= 2781
11.3666666667
K= 2782
31.1786148062
K= 2783
15.5483516483
K= 2784
4589.0
K= 2785
359.776967967
K= 2786
4497.64878129
K= 2787
8825.0
K= 2788
12.3111111111
K= 2789
5.75503662997
K= 2790
13.4333034684
K= 2791
8641.0
K= 2792
8641.0
K= 2793
32.2559616778
K= 2794
11.3095238095
K= 2795
19.6487812911
K= 2796
22.95
K= 2797
29.1585497835
K= 2798
6.4925366299
K= 2799
43.3116332609
K= 2800
13.0666666667
K= 2801
5614.86458351
K= 2802
8639.0
K= 2803
10.9672089533
K= 2804
4332.75
K= 2805
5.92549117538
K= 2806
4497.64878129
K= 2807
10.1
K= 2808
19.6487812911
K= 2809
19.1066224977
K= 2810
4854.68211788
K= 2811
11.4166666666
K= 2812
232.894920756
K= 2813
1068.02862367
K= 2814
4587.0
K= 2815
4332.75
K= 2816
11.1520329344
K= 2817
171.333333333
K= 2818
8635.0
K= 2819
4489.36666667
K= 2820
4558.58163591
K= 2821
4163.0
K= 2822
132.0
K= 2823
4595.0
K= 2824
8.78571428568
K= 2825
141.141963109
K= 2826
19.0368862459
K= 2827
8425.0
K= 2828
20.2974358974
K= 2829
10.4586744639
K= 2830
4598.51746032
K= 2831
4332.75
K= 2832
4560.0
K= 2833
4497.64878129
K= 2834
4488.91666667
K= 2835
8827.0
K= 2836
14813.0
K= 2837
428.991441852
K= 2838
5067.17493414
K= 2839
6400.65797221
K= 2840
4486.47738095
K= 2841
4901.25
K= 2842
489.788833389
K= 2843
173.583333333
K= 2844
8.35238095233
K= 2845
4385.0
K= 2846
118.666666667
K= 2847
20.8373193754
K= 2848
14.8294233544
K= 2849
3984.52775464
K= 2850
9.06666666665
K= 2851
130.0
K= 2852
352.716852521
K= 2853
8641.0
K= 2854
14.5327082073
K= 2855
4516.13627648
K= 2856
8958.26007326
K= 2857
129.333333333
K= 2858
6400.65797221
K= 2859
6.68122710614
K= 2860
577.0
K= 2861
39.2975625824
K= 2862
4533.0
K= 2863
5963.1787961
K= 2864
19.6487812911
K= 2865
5139.69531957
K= 2866
4163.0
K= 2867
359.47252603
K= 2868
23.3606060605
K= 2869
13.9571783908
K= 2870
4486.23571429
K= 2871
294.427288152
K= 2872
4797.45086096
K= 2873
353.986628092
K= 2874
42.4154543332
K= 2875
375.058475706
K= 2876
4497.64878129
K= 2877
19.6487812911
K= 2878
19.6487812911
K= 2879
21.2130733809
K= 2880
4499.21307338
K= 2881
8641.0
K= 2882
302.979104028
K= 2883
4939.85
K= 2884
164.833333333
K= 2885
6878.43592576
K= 2886
21.2130733809
K= 2887
175.083333333
K= 2888
34.8657509157
K= 2889
20.0023761308
K= 2890
11.4166666666
K= 2891
10.9166666666
K= 2892
19.6487812911
K= 2893
981.761957004
K= 2894
4332.75
K= 2895
129.0
K= 2896
17268.0
K= 2897
409.847659783
K= 2898
331.344444444
K= 2899
301.617199944
K= 2900
135.0
K= 2901
8636.0
K= 2902
4612.0
K= 2903
42.4154543332
K= 2904
19.6487812911
K= 2905
8613.0
K= 2906
4163.0
K= 2907
11732.2240304
K= 2908
136.0
K= 2909
4557.0
K= 2910
749.984387352
K= 2911
4483.12739351
K= 2912
132.0
K= 2913
28.1622326203
K= 2914
4790.51746032
K= 2915
4792.68211788
K= 2916
11.4166666666
K= 2917
164.083333333
K= 2918
4856.63581785
K= 2919
5.47862318833
K= 2920
4497.64878129
K= 2921
8827.0
K= 2922
4901.81150794
K= 2923
19.6487812911
K= 2924
30.1908963583
K= 2925
8.78571428568
K= 2926
352.166666667
K= 2927
4627.0
K= 2928
170.366666667
K= 2929
6.14166666649
K= 2930
40.4582095681
K= 2931
14.1103030302
K= 2932
4497.64878129
K= 2933
4809.94352304
K= 2934
9.66666666663
K= 2935
442.498964882
K= 2936
21.2130733809
K= 2937
11.3095238095
K= 2938
224.605657573
K= 2939
38.0679611681
K= 2940
8.97738095233
K= 2941
4454.0
K= 2942
63.3630359786
K= 2943
11.4166666666
K= 2944
12.4155122655
K= 2945
4563.96896159
K= 2946
4163.0
K= 2947
4656.94352304
K= 2948
10.2666666667
K= 2949
19.6487812911
K= 2950
4484.75
K= 2951
22.8333333333
K= 2952
135.0
K= 2953
522.758333333
K= 2954
4662.82549118
K= 2955
7.61551689054
K= 2956
4332.75
K= 2957
4438.67983405
K= 2958
4163.0
K= 2959
36.1981957253
K= 2960
4665.65163671
K= 2961
5370.36114357
K= 2962
19.6487812911
K= 2963
4647.08333333
K= 2964
372.802720834
K= 2965
4.47325581382
K= 2966
8641.0
K= 2967
39.2975625824
K= 2968
183.518327228
K= 2969
8641.0
K= 2970
4163.0
K= 2971
4797.03445412
K= 2972
4332.75
K= 2973
11.1666666666
K= 2974
9.09953703696
K= 2975
19.6487812911
K= 2976
291.454996757
K= 2977
266.218826193
K= 2978
4509.0
K= 2979
19.6487812911
K= 2980
11.4166666666
K= 2981
4443.0
K= 2982
19.6487812911
K= 2983
11.4166666666
K= 2984
20.2130733809
K= 2985
8619.0
K= 2986
6.62777777773
K= 2987
8631.5
K= 2988
4790.51746032
K= 2989
4598.51746032
K= 2990
135.0
K= 2991
4332.75
K= 2992
19.6487812911
K= 2993
10.1
K= 2994
10.5
K= 2995
4488.1
K= 2996
140.65
K= 2997
3204.4159652
K= 2998
4776.47440607
K= 2999
4487.06666667
K= 3000
15.375
K= 3001
4162.0
K= 3002
10.7
K= 3003
8.76111111103
K= 3004
4880.9468254
K= 3005
296.352877898
K= 3006
10.1
K= 3007
4790.51746032
K= 3008
17.5734432234
K= 3009
36.5181421912
K= 3010
4854.68211788
K= 3011
595.860858948
K= 3012
4682.90833333
K= 3013
10.8663186486
K= 3014
19.1487812911
K= 3015
4835.6482684
K= 3016
4163.0
K= 3017
5.24486010778
K= 3018
22.3961333835
K= 3019
8635.0
K= 3020
4487.26666667
K= 3021
4685.89221612
K= 3022
17.2252747252
K= 3023
4892.57867586
K= 3024
385.50418552
K= 3025
143.694800176
K= 3026
27.4412060161
K= 3027
4813.89439821
K= 3028
7.86388888885
K= 3029
4484.75
K= 3030
4485.25
K= 3031
385.325
K= 3032
32.9436819172
K= 3033
31.6572536511
K= 3034
331.344444444
K= 3035
10.7666666667
K= 3036
314.767460317
K= 3037
8827.0
K= 3038
4489.41666667
K= 3039
11.3333333334
K= 3040
10.1
K= 3041
4598.51746032
K= 3042
4806.34492016
K= 3043
4598.51746032
K= 3044
8588.75
K= 3045
8.5139873341
K= 3046
4483.18193843
K= 3047
11.7156288156
K= 3048
4484.98181818
K= 3049
21.2130733809
K= 3050
398.846825397
K= 3051
8.83566433552
K= 3052
19.6487812911
K= 3053
11732.9514033
K= 3054
4486.16349206
K= 3055
4163.0
K= 3056
19.6487812911
K= 3057
4332.75
K= 3058
402.00515873
K= 3059
19.6487812911
K= 3060
4497.64878129
K= 3061
4865.56645854
K= 3062
289.733333333
K= 3063
4806.92619048
K= 3064
4163.0
K= 3065
4332.75
K= 3066
4586.0
K= 3067
22.1666666666
K= 3068
5.98462600191
K= 3069
176.083333333
K= 3070
4831.98662809
K= 3071
10.1
K= 3072
8641.0
K= 3073
8827.0
K= 3074
8827.0
K= 3075
6.71247592976
K= 3076
9.06666666665
K= 3077
32.6825396825
K= 3078
8641.0
K= 3079
4828.32142857
K= 3080
9.56666666665
K= 3081
132.0
K= 3082
19.6487812911
K= 3083
4922.29166667
K= 3084
4332.75
K= 3085
18.7575558213
K= 3086
8.85833333328
K= 3087
10.9166666666
K= 3088
4499.21307338
K= 3089
4197.0
K= 3090
3262.41028206
K= 3091
4828.32142857
K= 3092
8623.0
K= 3093
11.3095238095
K= 3094
176.083333333
K= 3095
21.2130733809
K= 3096
10.7666666667
K= 3097
10.2666666667
K= 3098
19.6487812911
K= 3099
30.2524559528
K= 3100
8.00793650793
K= 3101
42.4261467617
K= 3102
233.833333334
K= 3103
4830.70723552
K= 3104
18.7287309368
K= 3105
19.6487812911
K= 3106
35.7393772893
K= 3107
4770.96189234
K= 3108
8638.0
K= 3109
11.1666666666
K= 3110
5040.0774627
K= 3111
8827.0
K= 3112
4332.75
K= 3113
4228.0
K= 3114
35.6000000001
K= 3115
10.9166666666
K= 3116
10.7666666667
K= 3117
147.0
K= 3118
52962.0
K= 3119
21.2130733809
K= 3120
4483.35764706
K= 3121
8637.0
K= 3122
6.16098484839
K= 3123
447.844444445
K= 3124
52962.0
K= 3125
8642.0
K= 3126
422.072620093
K= 3127
4488.91666667
K= 3128
4843.44465812
K= 3129
49.5833333333
K= 3130
4831.98662809
K= 3131
2367.17401994
K= 3132
407.581354358
K= 3133
20.2557932263
K= 3134
6.22348484828
K= 3135
175.166666667
K= 3136
30.2994765877
K= 3137
10.7
K= 3138
8675.0
K= 3139
4163.0
K= 3140
8635.5
K= 3141
19.6487812911
K= 3142
13.9771929824
K= 3143
4561.81193657
K= 3144
134.0
K= 3145
8.94329004316
K= 3146
176.083333333
K= 3147
4332.75
K= 3148
19.1228021978
K= 3149
311.238492063
K= 3150
20.3196735022
K= 3151
4896.55
K= 3152
165.833333333
K= 3153
114.0
K= 3154
4197.0
K= 3155
8642.0
K= 3156
19.6487812911
K= 3157
4606.0
K= 3158
19.6487812911
K= 3159
1081.89476698
K= 3160
137.0
K= 3161
4488.41666667
K= 3162
8.07936507929
K= 3163
4156.0
K= 3164
43.3719738594
K= 3165
8605.73552851
K= 3166
4769.42591424
K= 3167
34.9182261208
K= 3168
8827.0
K= 3169
6.62589584314
K= 3170
4612.0
K= 3171
51.6337126601
K= 3172
50.1179061135
K= 3173
8827.0
K= 3174
21.3961333835
K= 3175
10.7666666667
K= 3176
4623.00766537
K= 3177
64.4176749829
K= 3178
18.2352941176
K= 3179
11.4166666666
K= 3180
125.0
K= 3181
4197.0
K= 3182
10.7666666667
K= 3183
4809.94352304
K= 3184
448.720384548
K= 3185
134.0
K= 3186
19.8283730159
K= 3187
5.22595307638
K= 3188
18.3531852204
K= 3189
8.85833333328
K= 3190
5.5761340108
K= 3191
8827.0
K= 3192
11727.3993106
K= 3193
4879.58603563
K= 3194
9.54285714286
K= 3195
4828.32142857
K= 3196
4934.66695652
K= 3197
8978.0
K= 3198
4.72936507931
K= 3199
4858.71634199
K= 3200
10.7499999999
K= 3201
11.7373015871
K= 3202
8613.0
K= 3203
7.61551689054
K= 3204
135.0
K= 3205
4785.68211788
K= 3206
4332.75
K= 3207
12.7720238095
K= 3208
4235.0
K= 3209
8827.0
K= 3210
2877.89129232
K= 3211
521.758333333
K= 3212
84.4975753332
K= 3213
4332.75
K= 3214
135.0
K= 3215
147.483333333
K= 3216
4963.79858087
K= 3217
4332.75
K= 3218
8.55384125898
K= 3219
10.9897655962
K= 3220
6.52222222206
K= 3221
403.164842671
K= 3222
4597.61694139
K= 3223
345.813997477
K= 3224
43.2435897435
K= 3225
11.4166666666
K= 3226
171.333333333
K= 3227
8826.0
K= 3228
52962.0
K= 3229
516.425
K= 3230
203.967224709
K= 3231
4798.55963203
K= 3232
4479.0
K= 3233
4864.12777778
K= 3234
5370.36114357
K= 3235
84.7281551817
K= 3236
8827.0
K= 3237
24.7294667169
K= 3238
4613.0
K= 3239
168.301340999
K= 3240
8641.0
K= 3241
11.5
K= 3242
22.3333333333
K= 3243
60.0083333333
K= 3244
4868.32142857
K= 3245
5616.94791684
K= 3246
22370.7444444
K= 3247
4332.75
K= 3248
8623.0
K= 3249
4678.020678
K= 3250
22.3961333835
K= 3251
176.083333333
K= 3252
11.4166666666
K= 3253
11.4166666666
K= 3254
8613.0
K= 3255
8967.3047619
K= 3256
18.4523809524
K= 3257
19.1487812911
K= 3258
29.6798840048
K= 3259
18.7843489305
K= 3260
6.05940170935
K= 3261
4828.32142857
K= 3262
4485.61551689
K= 3263
4163.0
K= 3264
127.0
K= 3265
52962.0
K= 3266
22.3961333835
K= 3267
2867.20339691
K= 3268
10.7
K= 3269
10.0333333333
K= 3270
8827.0
K= 3271
6.08737373736
K= 3272
4598.51746032
K= 3273
449.629960318
K= 3274
104.0
K= 3275
4332.75
K= 3276
176.083333333
K= 3277
8.8444444444
K= 3278
8.10793650791
K= 3279
7.99722222215
K= 3280
304.958651356
K= 3281
19.6487812911
K= 3282
133.0
K= 3283
13.4977848033
K= 3284
4611.0
K= 3285
12.2222222221
K= 3286
6.54408831906
K= 3287
4853.81150794
K= 3288
8641.0
K= 3289
382.971717172
K= 3290
13.7500000001
K= 3291
16.4055555556
K= 3292
181.091959031
K= 3293
5.56398834067
K= 3294
36.7452490338
K= 3295
4163.0
K= 3296
4810.98313851
K= 3297
4314.0
K= 3298
4967.28333333
K= 3299
19.6487812911
K= 3300
6.50299145293
K= 3301
19.6404437179
K= 3302
4332.75
K= 3303
4497.64878129
K= 3304
31.3666540178
K= 3305
4865.44880952
K= 3306
10.7
K= 3307
312.517460317
K= 3308
134.0
K= 3309
4896.08333333
K= 3310
11.3095238095
K= 3311
35.7393772893
K= 3312
19.6487812911
K= 3313
4417.01202076
K= 3314
5067.17493414
K= 3315
7.57936507929
K= 3316
8631.0
K= 3317
19.1487812911
K= 3318
4762.96896159
K= 3319
111.0
K= 3320
6.75233100227
K= 3321
147.0
K= 3322
4332.75
K= 3323
6.50595238083
K= 3324
15.046813154
K= 3325
8.76111111115
K= 3326
8.09444444429
K= 3327
17609.0
K= 3328
4.33333333326
K= 3329
18.6764705882
K= 3330
7.40995670983
K= 3331
578.0
K= 3332
4864.12777778
K= 3333
4588.0
K= 3334
4497.14878129
K= 3335
4197.0
K= 3336
11.98000148
K= 3337
167.366666667
K= 3338
4585.18297258
K= 3339
4747.0
K= 3340
4505.19474089
K= 3341
264.086335404
K= 3342
8827.0
K= 3343
4575.9
K= 3344
10.5
K= 3345
147.9
K= 3346
4585.0
K= 3347
4483.39989177
K= 3348
336.42232045
K= 3349
17654.0
K= 3350
352.289354402
K= 3351
4488.1
K= 3352
46.8730757375
K= 3353
19.6487812911
K= 3354
17654.0
K= 3355
18.3631799435
K= 3356
87.1099567098
K= 3357
5.31359649124
K= 3358
4609.96896159
K= 3359
37.6982696529
K= 3360
8440.5
K= 3361
4875.22605402
K= 3362
135.0
K= 3363
5604.73586564
K= 3364
4332.75
K= 3365
4332.75
K= 3366
19.6487812911
K= 3367
4860.93142043
K= 3368
8.97738095233
K= 3369
4484.0
K= 3370
4762.96896159
K= 3371
147.366666667
K= 3372
9.04285714286
K= 3373
165.0
K= 3374
423.497710623
K= 3375
4790.51746032
K= 3376
47.1620416639
K= 3377
4163.0
K= 3378
8.28571428568
K= 3379
4197.0
K= 3380
4497.64878129
K= 3381
4762.96896159
K= 3382
4789.51746032
K= 3383
4332.75
K= 3384
134.0
K= 3385
176.083333333
K= 3386
4854.68211788
K= 3387
4332.75
K= 3388
4332.75
K= 3389
630.527884015
K= 3390
4.5
K= 3391
6430.53053878
K= 3392
4163.0
K= 3393
346.357266746
K= 3394
63.4699167042
K= 3395
4784.49144185
K= 3396
176.083333333
K= 3397
4332.75
K= 3398
175.083333333
K= 3399
4314.0
K= 3400
8827.0
K= 3401
8827.0
K= 3402
4866.74035409
K= 3403
4901.3579623
K= 3404
4889.52301587
K= 3405
3648.38242416
K= 3406
3642.73966298
K= 3407
147.483333333
K= 3408
19.5523171012
K= 3409
7.29445554432
K= 3410
4868.62857143
K= 3411
11.4166666666
K= 3412
7.53571428568
K= 3413
4489.5
K= 3414
4163.0
K= 3415
4.98172327667
K= 3416
512.11547619
K= 3417
5.81777777767
K= 3418
4497.64878129
K= 3419
19.6487812911
K= 3420
8.54536283819
K= 3421
5.41841015581
K= 3422
368.403396351
K= 3423
19.6487812911
K= 3424
4806.34492016
K= 3425
706.506195945
K= 3426
4835.6482684
K= 3427
5.52522281639
K= 3428
42.4154543333
K= 3429
5.33333333326
K= 3430
4854.68211788
K= 3431
5.90941815323
K= 3432
463.0
K= 3433
10.1
K= 3434
15.7528011203
K= 3435
4510.25596168
K= 3436
8636.0
K= 3437
4586.0
K= 3438
4602.0
K= 3439
4332.75
K= 3440
4332.75
K= 3441
135.0
K= 3442
4497.64878129
K= 3443
10.1
K= 3444
8827.0
K= 3445
168.0
K= 3446
8827.0
K= 3447
109.0
K= 3448
125.5
K= 3449
9.56666666665
K= 3450
31.3576878208
K= 3451
8827.0
K= 3452
33.4470167514
K= 3453
19.6487812911
K= 3454
468.758333333
K= 3455
4611.0
K= 3456
42.4154543333
K= 3457
10.9166666666
K= 3458
4332.75
K= 3459
4497.64878129
K= 3460
4854.68211788
K= 3461
19.6487812911
K= 3462
4807.11753619
K= 3463
8635.0
K= 3464
8.73333333328
K= 3465
108.0
K= 3466
21.0642588781
K= 3467
4389.0
K= 3468
849.571745765
K= 3469
4332.75
K= 3470
11.379738562
K= 3471
10.2666666667
K= 3472
369.135623361
K= 3473
4860.89221612
K= 3474
10.9952380952
K= 3475
4332.75
K= 3476
8638.0
K= 3477
48.6142884787
K= 3478
14.1666666666
K= 3479
5.99851489079
K= 3480
4762.96896159
K= 3481
373.707235517
K= 3482
146.0
K= 3483
7.61551689054
K= 3484
6.14215784206
K= 3485
13.7
K= 3486
4484.31071429
K= 3487
4790.51746032
K= 3488
4598.51746032
K= 3489
19.6487812911
K= 3490
133.0
K= 3491
20.1815384616
K= 3492
8827.0
K= 3493
524.575341154
K= 3494
8827.0
K= 3495
4052.16666667
K= 3496
4786.16924603
K= 3497
5873.85257723
K= 3498
24.9833333333
K= 3499
4560.0
K= 3500
6.88888888876
K= 3501
4684.39707515
K= 3502
4312.75
K= 3503
4197.0
K= 3504
4934.60555556
K= 3505
329.752813853
K= 3506
4901.83333333
K= 3507
4185.0
K= 3508
10.3095238095
K= 3509
19.6487812911
K= 3510
4878.25
K= 3511
35.3817682319
K= 3512
4332.75
K= 3513
4501.48517639
K= 3514
5.53809523804
K= 3515
11.5
K= 3516
63.4699167042
K= 3517
11696.1603896
K= 3518
16.1936813185
K= 3519
5.9615800865
K= 3520
5.99999999988
K= 3521
4332.75
K= 3522
19.6487812911
K= 3523
4332.75
K= 3524
525.166666667
K= 3525
19.6053030302
K= 3526
9.54285714286
K= 3527
8641.0
K= 3528
10.0
K= 3529
4598.51746032
K= 3530
4481.73973144
K= 3531
386.0
K= 3532
4821.8633365
K= 3533
25.8910983744
K= 3534
75.0872719621
K= 3535
11705.9605657
K= 3536
19.6487812911
K= 3537
4598.51746032
K= 3538
11.4166666666
K= 3539
4784.49144185
K= 3540
11762.3048373
K= 3541
329.165880047
K= 3542
39.1393772893
K= 3543
135.746428572
K= 3544
8827.0
K= 3545
145.4
K= 3546
8827.0
K= 3547
4332.75
K= 3548
10.7666666667
K= 3549
19.6487812911
K= 3550
4790.51746032
K= 3551
11.5
K= 3552
39.2975625824
K= 3553
19.6487812911
K= 3554
359.058355415
K= 3555
4497.64878129
K= 3556
4797.45086096
K= 3557
135.0
K= 3558
26.4028216951
K= 3559
4647.08333333
K= 3560
11.5
K= 3561
11.8434065933
K= 3562
11.4868055285
K= 3563
4852.40037879
K= 3564
8962.99818232
K= 3565
4886.83452381
K= 3566
7.00086580066
K= 3567
386.477777778
K= 3568
366.943523036
K= 3569
8642.0
K= 3570
4332.75
K= 3571
4332.75
K= 3572
176.083333333
K= 3573
4850.91789322
K= 3574
4550.62161531
K= 3575
4879.95559163
K= 3576
4332.75
K= 3577
12.9249518597
K= 3578
145.0
K= 3579
52.4806429779
K= 3580
4163.0
K= 3581
78.8333333334
K= 3582
4874.26819292
K= 3583
4854.68211788
K= 3584
176.083333333
K= 3585
4486.78571429
K= 3586
4597.50357143
K= 3587
176.866666667
K= 3588
10.6190476189
K= 3589
8.87619047612
K= 3590
4540.55113959
K= 3591
302.505170885
K= 3592
8827.0
K= 3593
8641.0
K= 3594
18.8214285714
K= 3595
4831.98662809
K= 3596
8.44345686992
K= 3597
145.0
K= 3598
4332.75
K= 3599
9.54285714286
K= 3600
39.3904132823
K= 3601
16.6214285714
K= 3602
541.800582701
K= 3603
149.166666667
K= 3604
8580.5
K= 3605
346.691575708
K= 3606
4696.49144185
K= 3607
5730.60386846
K= 3608
8827.0
K= 3609
34.1978274564
K= 3610
8827.0
K= 3611
4711.46953781
K= 3612
4566.0
K= 3613
8616.0
K= 3614
14.8777777777
K= 3615
4605.0
K= 3616
8965.01919192
K= 3617
4598.51746032
K= 3618
8.89145101712
K= 3619
385.855688784
K= 3620
10.7666666667
K= 3621
17.3628730917
K= 3622
19.6487812911
K= 3623
126.0
K= 3624
411.471428571
K= 3625
5.90000000002
K= 3626
4921.57527473
K= 3627
5067.17493414
K= 3628
4574.4
K= 3629
311.517460317
K= 3630
7.53571428568
K= 3631
334.587929683
K= 3632
401.626190476
K= 3633
9.91666666663
K= 3634
4163.0
K= 3635
4497.64878129
K= 3636
8.61551689054
K= 3637
7.61551689054
K= 3638
12.3596259956
K= 3639
521.758333333
K= 3640
25.3791077407
K= 3641
4481.56248709
K= 3642
6568.11788902
K= 3643
4235.0
K= 3644
8.83333333326
K= 3645
9.25
K= 3646
4718.34619395
K= 3647
11750.8518856
K= 3648
4487.06666667
K= 3649
4576.0
K= 3650
5067.17493414
K= 3651
4832.92653319
K= 3652
8641.0
K= 3653
256.458143079
K= 3654
4638.59823679
K= 3655
4854.68211788
K= 3656
4902.07478992
K= 3657
8635.0
K= 3658
176.083333333
K= 3659
21.155436361
K= 3660
4332.75
K= 3661
7.43956043944
K= 3662
19.6487812911
K= 3663
8628.0
K= 3664
5881.61334752
K= 3665
8.89999999991
K= 3666
10.9839876342
K= 3667
4624.9
K= 3668
8827.0
K= 3669
4484.05209682
K= 3670
23.0454545454
K= 3671
4412.46549459
K= 3672
339.548809524
K= 3673
4332.75
K= 3674
4488.56666667
K= 3675
4485.61551689
K= 3676
146.9
K= 3677
5.7509803921
K= 3678
4163.0
K= 3679
4692.0
K= 3680
6.75404040399
K= 3681
6.65238095226
K= 3682
383.321154238
K= 3683
137.25
K= 3684
4476.91666667
K= 3685
63.4699167042
K= 3686
10.2666666667
K= 3687
4557.0
K= 3688
4332.75
K= 3689
11.5
K= 3690
710.084094318
K= 3691
4834.65163671
K= 3692
119.333333333
K= 3693
43.9938861922
K= 3694
12.5856337704
K= 3695
70.7595238094
K= 3696
5993.41480954
K= 3697
4759.26331403
K= 3698
4851.29358768
K= 3699
5.12620468473
K= 3700
4364.5
K= 3701
4612.0
K= 3702
21.2130733809
K= 3703
19.5932257356
K= 3704
8.97738095233
K= 3705
8641.0
K= 3706
4368.0
K= 3707
4560.0
K= 3708
17.332001332
K= 3709
5.13695652166
K= 3710
168.583333333
K= 3711
13.0444444445
K= 3712
4883.38650794
K= 3713
4483.54749695
K= 3714
4811.70818903
K= 3715
4782.63932179
K= 3716
8.27662337641
K= 3717
5234.58717536
K= 3718
18.4998420299
K= 3719
8827.0
K= 3720
49.0555555555
K= 3721
8.97738095233
K= 3722
130.0
K= 3723
133.0
K= 3724
4545.49015746
K= 3725
4857.64801587
K= 3726
4853.56225255
K= 3727
7.61551689054
K= 3728
134.0
K= 3729
139.180982906
K= 3730
10.7666666667
K= 3731
5.37558356684
K= 3732
4509.42362189
K= 3733
134.0
K= 3734
4879.95559163
K= 3735
354.457595496
K= 3736
309.475274725
K= 3737
4559.8789534
K= 3738
166.833333333
K= 3739
8827.0
K= 3740
4887.97619048
K= 3741
4497.64878129
K= 3742
7.86904761894
K= 3743
7.61551689054
K= 3744
11.5
K= 3745
21.5333333333
K= 3746
67.0836913087
K= 3747
558.376979707
K= 3748
12.1932900432
K= 3749
370.598236791
K= 3750
23.95
K= 3751
19.6487812911
K= 3752
5.77529978764
K= 3753
11819.6138502
K= 3754
4486.78571429
K= 3755
4393.0
K= 3756
5.06937830686
K= 3757
19.0676948052
K= 3758
8827.0
K= 3759
181.091959031
K= 3760
11737.4480241
K= 3761
4497.64878129
K= 3762
36.3560606061
K= 3763
172.083333333
K= 3764
4332.75
K= 3765
5.18986928102
K= 3766
4197.0
K= 3767
4854.68211788
K= 3768
3773.95695141
K= 3769
157.866666667
K= 3770
10.4166666666
K= 3771
6.48856837605
K= 3772
10.1666666666
K= 3773
4735.49144185
K= 3774
75.0872719621
K= 3775
11.4166666666
K= 3776
19.6487812911
K= 3777
4489.16666667
K= 3778
334.879761905
K= 3779
11.3095238095
K= 3780
171.952380952
K= 3781
512.760768398
K= 3782
4483.0
K= 3783
354.519494423
K= 3784
5067.17493414
K= 3785
4332.75
K= 3786
26.793695777
K= 3787
12.3826839826
K= 3788
10.7
K= 3789
19.6487812911
K= 3790
175.083333333
K= 3791
5067.17493414
K= 3792
30.3666666666
K= 3793
164.0
K= 3794
11.4166666666
K= 3795
19.6487812911
K= 3796
10.9257703081
K= 3797
147.0
K= 3798
5031.17493414
K= 3799
4586.5
K= 3800
39.2975625824
K= 3801
4163.0
K= 3802
7.10238095222
K= 3803
8827.0
K= 3804
4379.68452381
K= 3805
9.34617224871
K= 3806
4486.17738095
K= 3807
4482.16666667
K= 3808
4542.2
K= 3809
4.48121595674
K= 3810
8827.0
K= 3811
4314.0
K= 3812
21.2130733809
K= 3813
7455.55961073
K= 3814
8.73333333328
K= 3815
5999.34357015
K= 3816
12.7472084465
K= 3817
654.833333333
K= 3818
4163.0
K= 3819
384.426190476
K= 3820
18.966948681
K= 3821
522.758333333
K= 3822
11.3095238095
K= 3823
8827.0
K= 3824
176.083333333
K= 3825
8827.0
K= 3826
12.0
K= 3827
8.03571428568
K= 3828
111.430982906
K= 3829
5615.94791684
K= 3830
11.4166666666
K= 3831
8640.0
K= 3832
40.4582095681
K= 3833
4.47325581382
K= 3834
4364.0
K= 3835
19.6487812911
K= 3836
14.8099567099
K= 3837
4894.08333333
K= 3838
393.448809524
K= 3839
114.0
K= 3840
8.27782030497
K= 3841
8623.5
K= 3842
8827.0
K= 3843
4497.64878129
K= 3844
4422.67467648
K= 3845
19.1228021978
K= 3846
19.6487812911
K= 3847
4163.0
K= 3848
18.6228021978
K= 3849
8.77499999991
K= 3850
4813.85108794
K= 3851
35.4486233923
K= 3852
8635.0
K= 3853
8.68748832855
K= 3854
23.7
K= 3855
421.766666667
K= 3856
4828.32142857
K= 3857
9.91666666663
K= 3858
106.0
K= 3859
16.1888888888
K= 3860
51.8563492064
K= 3861
15.3714285714
K= 3862
8633.0
K= 3863
83.8273809524
K= 3864
53.7164285714
K= 3865
4895.38333333
K= 3866
8827.0
K= 3867
19.6487812911
K= 3868
128.332915788
K= 3869
755.833369408
K= 3870
53.9074167042
K= 3871
13.2666666667
K= 3872
288.208440429
K= 3873
4197.0
K= 3874
19.6487812911
K= 3875
10.9166666666
K= 3876
19.6487812911
K= 3877
19.6487812911
K= 3878
4601.0
K= 3879
21.1005952382
K= 3880
19.6487812911
K= 3881
10.4570239889
K= 3882
4497.64878129
K= 3883
4332.75
K= 3884
40235.7583333
K= 3885
4857.64801587
K= 3886
19.6487812911
K= 3887
19.0886219315
K= 3888
357.364739715
K= 3889
10.8266233765
K= 3890
4821.80288078
K= 3891
4594.39853839
K= 3892
137.583333333
K= 3893
10.6452941176
K= 3894
7.24431818165
K= 3895
4448.0
K= 3896
4497.64878129
K= 3897
8481.71666667
K= 3898
377.858283909
K= 3899
4385.5
K= 3900
8827.0
K= 3901
4486.15
K= 3902
8642.0
K= 3903
4612.0
K= 3904
172.576623376
K= 3905
193.103968254
K= 3906
4890.33734295
K= 3907
8975.83333333
K= 3908
8642.0
K= 3909
4821.49285714
K= 3910
176.866666667
K= 3911
19.1487812911
K= 3912
15.638095238
K= 3913
456.040645466
K= 3914
35.7393772893
K= 3915
21.2130733809
K= 3916
8626.0
K= 3917
4968.60643419
K= 3918
4197.0
K= 3919
19.6487812911
K= 3920
29.3359384919
K= 3921
259.329711472
K= 3922
4583.95432052
K= 3923
146.0
K= 3924
134.0
K= 3925
10.9166666666
K= 3926
179.481182796
K= 3927
268.0
K= 3928
8.45064770163
K= 3929
369.758333333
K= 3930
5.28418788896
K= 3931
237.879761905
K= 3932
11.3095238095
K= 3933
28.1540404039
K= 3934
7.61551689054
K= 3935
4954.28174603
K= 3936
19.6487812911
K= 3937
4483.27509698
K= 3938
67.3985855218
K= 3939
4659.30531917
K= 3940
4613.0
K= 3941
8641.0
K= 3942
176.083333333
K= 3943
4746.34492016
K= 3944
9.5
K= 3945
134.0
K= 3946
4688.59823679
K= 3947
8624.83333333
K= 3948
21.2130733809
K= 3949
4552.51746032
K= 3950
4845.81397944
K= 3951
24.8828485355
K= 3952
136.6625
K= 3953
34.8245060494
K= 3954
136.0
K= 3955
4489.41666667
K= 3956
126.0
K= 3957
12.296969697
K= 3958
108.5
K= 3959
4332.75
K= 3960
8827.0
K= 3961
176.083333333
K= 3962
29.854061618
K= 3963
17.6487812911
K= 3964
4535.0
K= 3965
4486.78571429
K= 3966
4871.29404762
K= 3967
17.3958975965
K= 3968
10.2889610387
K= 3969
4849.73040432
K= 3970
4.8158881733
K= 3971
176.083333333
K= 3972
400.416206023
K= 3973
13.7620915032
K= 3974
7.06286393339
K= 3975
4551.51746032
K= 3976
31.5005449638
K= 3977
4680.49144185
K= 3978
10.7499999999
K= 3979
19.6487812911
K= 3980
390.982031857
K= 3981
4754.98662809
K= 3982
4828.32142857
K= 3983
10.7
K= 3984
19.6487812911
K= 3985
11.4166666666
K= 3986
4611.0
K= 3987
51.5583694084
K= 3988
10.5
K= 3989
4790.51746032
K= 3990
9535.1290475
K= 3991
4487.06666667
K= 3992
4163.0
K= 3993
26.0624999999
K= 3994
4598.51746032
K= 3995
26.0720438079
K= 3996
8642.0
K= 3997
175.083333333
K= 3998
219.443290043
K= 3999
110.583333333
K= 4000
4506.26121313
K= 4001
175.866666667
K= 4002
568.009523809
K= 4003
5052.13935019
K= 4004
8.57705627684
K= 4005
4163.0
K= 4006
32.9214507715
K= 4007
132.166666667
K= 4008
19.6487812911
K= 4009
4903.58333333
K= 4010
4249.71146147
K= 4011
109.0
K= 4012
4623.0
K= 4013
146.0
K= 4014
4735.96675722
K= 4015
8626.0
K= 4016
4828.32142857
K= 4017
8827.0
K= 4018
4621.0
K= 4019
478.233766233
K= 4020
328.166666667
K= 4021
130.485166851
K= 4022
8827.0
K= 4023
4494.08002458
K= 4024
4332.75
K= 4025
392.931420431
K= 4026
4854.68211788
K= 4027
39.2975625824
K= 4028
15.0080808081
K= 4029
4847.55724251
K= 4030
6.14948107442
K= 4031
6126.57587095
K= 4032
4867.76203359
K= 4033
10.1
K= 4034
8827.0
K= 4035
11734.563816
K= 4036
135.0
K= 4037
4163.0
K= 4038
4939.85
K= 4039
4822.85376174
K= 4040
4842.30180457
K= 4041
4332.75
K= 4042
111.0
K= 4043
8638.0
K= 4044
115.257575757
K= 4045
4716.96896159
K= 4046
12.9062478303
K= 4047
2507.95348306
K= 4048
4347.0
K= 4049
10.5
K= 4050
19.6487812911
K= 4051
22396.0282051
K= 4052
4332.75
K= 4053
4332.75
K= 4054
5.94196645438
K= 4055
4790.51746032
K= 4056
147.0
K= 4057
133.0
K= 4058
4497.64878129
K= 4059
19.6487812911
K= 4060
4899.20601425
K= 4061
12.569783811
K= 4062
360.275689077
K= 4063
10.7666666667
K= 4064
4332.75
K= 4065
134.0
K= 4066
4804.54880952
K= 4067
10.1
K= 4068
8642.0
K= 4069
4945.619984
K= 4070
8827.0
K= 4071
333.879761905
K= 4072
63.4699167042
K= 4073
22.3961333835
K= 4074
26.793695777
K= 4075
293.791788278
K= 4076
10.9166666666
K= 4077
35.0762126762
K= 4078
8643.78904332
K= 4079
42.4154543333
K= 4080
4884.18521708
K= 4081
8.09821428568
K= 4082
10.7666666667
K= 4083
134.742857143
K= 4084
4760.58125963
K= 4085
6.79503662989
K= 4086
67.8873638344
K= 4087
370.907544571
K= 4088
4623.0
K= 4089
4601.0
K= 4090
4317.75
K= 4091
168.666666667
K= 4092
4497.64878129
K= 4093
8642.0
K= 4094
17.4836059773
K= 4095
4613.0
K= 4096
4792.68211788
K= 4097
149.757142857
K= 4098
7.36551689054
K= 4099
7.9928571427
K= 4100
8.83333333326
K= 4101
4878.00770341
K= 4102
8.73333333316
K= 4103
4482.88467492
K= 4104
6.71832611819
K= 4105
4760.38281709
K= 4106
26.0707210185
K= 4107
10.3443001442
K= 4108
4906.04256474
K= 4109
8827.0
K= 4110
23.22760655
K= 4111
8636.0
K= 4112
327.688993317
K= 4113
15.9897219512
K= 4114
19.6487812911
K= 4115
8638.0
K= 4116
4.99360870605
K= 4117
11.4166666666
K= 4118
4163.0
K= 4119
10.6303030303
K= 4120
59.7476089721
K= 4121
4148.0
K= 4122
2283.11687408
K= 4123
19.5484848485
K= 4124
4589.51746032
K= 4125
4592.0
K= 4126
5.82392031769
K= 4127
4885.36666667
K= 4128
4834.46448264
K= 4129
19.646969697
K= 4130
8542.42857143
K= 4131
529.663369963
K= 4132
649.111111111
K= 4133
4497.64878129
K= 4134
101.0
K= 4135
8642.0
K= 4136
4852.75336092
K= 4137
5067.17493414
K= 4138
4855.81728827
K= 4139
6.0
K= 4140
12.4166666666
K= 4141
8827.0
K= 4142
4332.75
K= 4143
91.7857142858
K= 4144
4913.70565351
K= 4145
4868.32142857
K= 4146
4833.45086096
K= 4147
176.083333333
K= 4148
4163.0
K= 4149
4364.0
K= 4150
386.0
K= 4151
385.861904762
K= 4152
8.52500000002
K= 4153
10.1
K= 4154
9.91666666663
K= 4155
125.0
K= 4156
8958.73015873
K= 4157
3299.98378505
K= 4158
19.6487812911
K= 4159
3649.08045055
K= 4160
4608.0
K= 4161
10.0068321873
K= 4162
4163.0
K= 4163
8641.0
K= 4164
4929.46666667
K= 4165
17.4718409586
K= 4166
512.760768398
K= 4167
428.333333333
K= 4168
4854.65163671
K= 4169
124.0
K= 4170
40.4582095681
K= 4171
112.5
K= 4172
9721.86284086
K= 4173
7.11551689054
K= 4174
136.0
K= 4175
167.083333333
K= 4176
22.4359514838
K= 4177
7.61551689054
K= 4178
8643.90238095
K= 4179
172.866666666
K= 4180
4809.94352304
K= 4181
4802.94352304
K= 4182
42.2666666666
K= 4183
341.783184583
K= 4184
4478.89071429
K= 4185
8.03571428568
K= 4186
8642.0
K= 4187
19.1487812911
K= 4188
4876.62857143
K= 4189
11.3946433479
K= 4190
8.48792270513
K= 4191
4569.99098124
K= 4192
196.0
K= 4193
4482.19166667
K= 4194
7.34126984118
K= 4195
4332.75
K= 4196
31.7
K= 4197
4497.64878129
K= 4198
5.78663177253
K= 4199
18.8240915382
K= 4200
4792.68211788
K= 4201
10.9787975815
K= 4202
7.44646464626
K= 4203
19.6487812911
K= 4204
7.33333333326
K= 4205
4499.21307338
K= 4206
63.6392201425
K= 4207
10.9952380952
K= 4208
8827.0
K= 4209
13436.6690476
K= 4210
4909.60119048
K= 4211
313.344444444
K= 4212
8642.0
K= 4213
4199.0
K= 4214
10.7
K= 4215
4548.04166667
K= 4216
19.6487812911
K= 4217
383.298646318
K= 4218
15.1712732527
K= 4219
6259.76736355
K= 4220
19.6487812911
K= 4221
118.158988566
K= 4222
11.5
K= 4223
4591.5
K= 4224
4485.23571429
K= 4225
4828.32142857
K= 4226
133.0
K= 4227
4163.0
K= 4228
161.833333333
K= 4229
9.59999999998
K= 4230
19.6487812911
K= 4231
5700.0856374
K= 4232
4416.0
K= 4233
4497.64878129
K= 4234
13.8148135568
K= 4235
381.201035484
K= 4236
19.9493049248
K= 4237
11.5
K= 4238
47.4628173619
K= 4239
7.64682539681
K= 4240
9.45855614974
K= 4241
11753.6854331
K= 4242
8930.58962149
K= 4243
20.4638434029
K= 4244
4484.72455322
K= 4245
18.6200757576
K= 4246
8.78571428568
K= 4247
4163.0
K= 4248
16.717442645
K= 4249
4526.0
K= 4250
361.761353543
K= 4251
4834.61493506
K= 4252
176.083333333
K= 4253
4645.6482684
K= 4254
4332.75
K= 4255
19.6487812911
K= 4256
135.5
K= 4257
8411.0
K= 4258
8641.0
K= 4259
7.59884559875
K= 4260
4489.5
K= 4261
4489.41666667
K= 4262
4598.51746032
K= 4263
4480.17769726
K= 4264
4134.0
K= 4265
4497.64878129
K= 4266
11.5475579974
K= 4267
380.309754543
K= 4268
19.6487812911
K= 4269
4549.075
K= 4270
4865.44880952
K= 4271
359.968961594
K= 4272
8827.0
K= 4273
4497.64878129
K= 4274
4332.75
K= 4275
6.07348484837
K= 4276
10.7666666667
K= 4277
4497.14878129
K= 4278
6.1800366299
K= 4279
4898.91190476
K= 4280
4590.0
K= 4281
9.04285714286
K= 4282
17654.0
K= 4283
16.2577749047
K= 4284
8641.0
K= 4285
8.73333333328
K= 4286
6523.07467207
K= 4287
17609.0
K= 4288
2488.24349633
K= 4289
11734.3083684
K= 4290
4584.56520506
K= 4291
4.90578401263
K= 4292
11.4166666666
K= 4293
11727.1574384
K= 4294
119.0
K= 4295
62.5181421912
K= 4296
4829.10563032
K= 4297
8827.0
K= 4298
4828.32142857
K= 4299
4484.58472222
K= 4300
4866.08765702
K= 4301
134.0
K= 4302
4487.06666667
K= 4303
4509.77262834
K= 4304
4506.26121313
K= 4305
365.977680391
K= 4306
26.5467588695
K= 4307
11.4166666666
K= 4308
4497.64878129
K= 4309
9.91666666663
K= 4310
4845.69319292
K= 4311
8.47738095233
K= 4312
4332.75
K= 4313
9.06666666665
K= 4314
8.51587301586
K= 4315
10.9166666666
K= 4316
167.083333333
K= 4317
4483.49199382
K= 4318
19.6487812911
K= 4319
10.5
K= 4320
176.083333333
K= 4321
353.986628092
K= 4322
9.31904761889
K= 4323
10.5666666667
K= 4324
22.3939966314
K= 4325
6.21805555536
K= 4326
11.4166666666
K= 4327
155.833333333
K= 4328
7.10238095222
K= 4329
5.98216947587
K= 4330
28.9884068427
K= 4331
391.8
K= 4332
35.7105281543
K= 4333
27.661495489
K= 4334
19.6487812911
K= 4335
351.219777706
K= 4336
5016.68192045
K= 4337
9.94126984128
K= 4338
19.3563897489
K= 4339
4762.96896159
K= 4340
19.6487812911
K= 4341
4486.78571429
K= 4342
4197.0
K= 4343
118.666666667
K= 4344
4674.4789923
K= 4345
8.97738095233
K= 4346
5.12149298971
K= 4347
8623.0
K= 4348
4735.49144185
K= 4349
4497.64878129
K= 4350
528.866666666
K= 4351
7.96111111098
K= 4352
21.3620492994
K= 4353
515.425
K= 4354
4398.51746032
K= 4355
8588.75
K= 4356
4791.0
K= 4357
10.7
K= 4358
11.4166666666
K= 4359
21.0196735022
K= 4360
1753.30683835
K= 4361
6.0
K= 4362
4838.05424701
K= 4363
6.19134199119
K= 4364
8349.75
K= 4365
8628.0
K= 4366
32.884326337
K= 4367
32.6666666666
K= 4368
35.7393772893
K= 4369
10.7
K= 4370
4163.0
K= 4371
4812.69648495
K= 4372
78.1095238097
K= 4373
4163.0
K= 4374
4595.94939952
K= 4375
580.25
K= 4376
14.3636363636
K= 4377
4577.0
K= 4378
4707.19285714
K= 4379
4790.51746032
K= 4380
45.6761467617
K= 4381
4790.51746032
K= 4382
4896.66666667
K= 4383
9.91666666663
K= 4384
13438.0227273
K= 4385
4497.64878129
K= 4386
4485.13419913
K= 4387
4733.77697613
K= 4388
4859.71388889
K= 4389
5312.61904762
K= 4390
14.3489316435
K= 4391
10.5
K= 4392
11733.3063119
K= 4393
14.6444444444
K= 4394
4197.0
K= 4395
68.5891818387
K= 4396
8827.0
K= 4397
4921.17698413
K= 4398
19.6487812911
K= 4399
135.0
K= 4400
22.9999999999
K= 4401
4790.51746032
K= 4402
5067.17493414
K= 4403
38.1979853481
K= 4404
8827.0
K= 4405
21.6487812911
K= 4406
11.3333333334
K= 4407
512.760768398
K= 4408
4329.75
K= 4409
4497.64878129
K= 4410
4598.51746032
K= 4411
419.578675856
K= 4412
42.4261467617
K= 4413
9.76666666672
K= 4414
8642.0
K= 4415
4553.00316293
K= 4416
8620.0
K= 4417
4486.10793651
K= 4418
4497.64878129
K= 4419
47.5284995544
K= 4420
351.878692556
K= 4421
6.7260683761
K= 4422
129.0
K= 4423
4483.79414981
K= 4424
7.73571428563
K= 4425
4735.49144185
K= 4426
4163.0
K= 4427
4598.50357143
K= 4428
19.6487812911
K= 4429
36.9849394453
K= 4430
4197.0
K= 4431
11.2646575646
K= 4432
142.365079365
K= 4433
42.4261467617
K= 4434
5922.54658082
K= 4435
85.5108225107
K= 4436
4487.06666667
K= 4437
63.4699167042
K= 4438
4845.81397944
K= 4439
393.333333333
K= 4440
15.3055555554
K= 4441
4918.91666667
K= 4442
29.6694805194
K= 4443
6.03431372542
K= 4444
11.3095238095
K= 4445
4162.0
K= 4446
4332.75
K= 4447
8592.0
K= 4448
367.488240443
K= 4449
8827.0
K= 4450
4497.64878129
K= 4451
6.71661671659
K= 4452
134.0
K= 4453
4498.2368829
K= 4454
8827.0
K= 4455
20.864145703
K= 4456
4497.64878129
K= 4457
37.465778177
K= 4458
4792.68211788
K= 4459
6.75404040399
K= 4460
4790.51746032
K= 4461
3380.7679281
K= 4462
443.133333333
K= 4463
4653.08333333
K= 4464
29.8576923794
K= 4465
282.034152527
K= 4466
11.4166666666
K= 4467
4754.89162504
K= 4468
4497.64878129
K= 4469
4653.34492016
K= 4470
8628.0
K= 4471
48.3616161614
K= 4472
31.2548933016
K= 4473
10.7666666667
K= 4474
10.2666666667
K= 4475
4160.0
K= 4476
26.5444444444
K= 4477
4332.75
K= 4478
4939.85
K= 4479
21.2130733809
K= 4480
802.336904762
K= 4481
19.6487812911
K= 4482
3964.05562087
K= 4483
4821.80288078
K= 4484
175.583333333
K= 4485
4314.0
K= 4486
4584.96275457
K= 4487
19.6487812911
K= 4488
280.074856248
K= 4489
361.142538201
K= 4490
900.335419775
K= 4491
11.4166666666
K= 4492
4830.61379868
K= 4493
17897.6071429
K= 4494
11.4166666666
K= 4495
4590.5
K= 4496
36.813073593
K= 4497
5641.86835619
K= 4498
17250.0
K= 4499
4602.0
K= 4500
162.833333333
K= 4501
11810.2706439
K= 4502
448.808441558
K= 4503
4483.86777778
K= 4504
16.3714285714
K= 4505
4487.56666667
K= 4506
4503.45657878
K= 4507
18.6764705882
K= 4508
126.5
K= 4509
4762.96896159
K= 4510
4332.75
K= 4511
173.333333333
K= 4512
354.816666667
K= 4513
4864.71634199
K= 4514
8.23571428563
K= 4515
400.001190476
K= 4516
19.6487812911
K= 4517
11.4166666666
K= 4518
11702.5372294
K= 4519
131.0
K= 4520
399.926923077
K= 4521
20.3333333333
K= 4522
8641.0
K= 4523
4732.28555986
K= 4524
5067.17493414
K= 4525
20.7333333333
K= 4526
8.97738095233
K= 4527
4735.49144185
K= 4528
15.2441017316
K= 4529
8.09444444429
K= 4530
19.6487812911
K= 4531
8641.0
K= 4532
10.2666666667
K= 4533
8.0944444444
K= 4534
8.47738095233
K= 4535
4596.51746032
K= 4536
4844.93150899
K= 4537
30.6123070483
K= 4538
10.6666666667
K= 4539
19.6487812911
K= 4540
169.583333333
K= 4541
547.860096985
K= 4542
19.1487812911
K= 4543
4483.01515152
K= 4544
4484.75
K= 4545
4908.7046398
K= 4546
561.698995268
K= 4547
8642.0
K= 4548
301.762012987
K= 4549
22.5573593072
K= 4550
6.2199134198
K= 4551
4332.75
K= 4552
8616.0
K= 4553
4771.80979853
K= 4554
124.583333333
K= 4555
8529.16666667
K= 4556
15.2392620239
K= 4557
8827.0
K= 4558
4710.28253968
K= 4559
8635.0
K= 4560
4332.75
K= 4561
512.760768398
K= 4562
19.6487812911
K= 4563
4588.0
K= 4564
4790.51746032
K= 4565
16.8792631011
K= 4566
4827.73040432
K= 4567
8.73333333328
K= 4568
166.866666667
K= 4569
137.0
K= 4570
4332.75
K= 4571
48.424549062
K= 4572
4612.0
K= 4573
283.0
K= 4574
4332.75
K= 4575
11741.8484627
K= 4576
176.083333333
K= 4577
8639.0
K= 4578
4332.75
K= 4579
11.0
K= 4580
4162.80071155
K= 4581
8.01111111115
K= 4582
4561.87655549
K= 4583
312.517460317
K= 4584
20.4999999999
K= 4585
19.6487812911
K= 4586
7.73571428563
K= 4587
6.62904040399
K= 4588
463.833333333
K= 4589
176.866666667
K= 4590
40.7050597549
K= 4591
11740.4812934
K= 4592
12.0805555555
K= 4593
4485.87619048
K= 4594
8.84490591101
K= 4595
469.4
K= 4596
19.6487812911
K= 4597
8582.0
K= 4598
176.866666667
K= 4599
4489.41666667
K= 4600
8827.0
K= 4601
10.1
K= 4602
4762.96896159
K= 4603
5.72179487173
K= 4604
39.2830461205
K= 4605
4892.57867586
K= 4606
176.083333333
K= 4607
134.0
K= 4608
8.87619047612
K= 4609
4654.86666667
K= 4610
35.7393772893
K= 4611
19.6487812911
K= 4612
4898.13041011
K= 4613
4332.75
K= 4614
11.4166666666
K= 4615
4918.15357143
K= 4616
5.33333333337
K= 4617
6400.65797221
Betweenness Centrality Improvement
[  0.00000000e+00   0.00000000e+00   0.00000000e+00 ...,   5.33333333e+00
   6.40065797e+03   0.00000000e+00]
Top 20 BC Improvement
[3265 3118 3228 3124 3884 4051 3246 4493 3349 3354 2565 4282 3327 4287 2896
 4498 2836 4384 4209 2418]
