txValue= 10000
IGRAPH D--- 4619 68733 -- 
+ attr: pub_key (v), base_fee (e), capacity (e), fee_rate (e), txCost (e)
None
Our nodes starting connections: 
(4618, 2796)
(4618, 1223)
K= 0
16.2642625521
K= 1
5.97738095222
K= 2
8.30952380947
K= 3
46.7458444333
K= 4
220.0
K= 5
4494.28257576
K= 6
109.0
K= 7
9.47619047621
K= 8
4483.02222222
K= 9
7.2655122655
K= 10
4196.0
K= 11
7.37928538292
K= 12
137.25
K= 13
16.2825757576
K= 14
16.8333333333
K= 15
231.727027027
K= 16
16.2825757576
K= 17
8827.0
K= 18
4.37485380098
K= 19
6.48122710607
K= 20
16.2825757576
K= 21
8.30952380947
K= 22
4636.6537851
K= 23
136.25
K= 24
4480.10472429
K= 25
4.4830387003
K= 26
8.41666666663
K= 27
16.6666666665
K= 28
4490.88819967
K= 29
8.41666666663
K= 30
16.2825757576
K= 31
1054.35883911
K= 32
1220.71803254
K= 33
8.30952380947
K= 34
17.0265724472
K= 35
13.1333333333
K= 36
8671.0
K= 37
4.8008658007
K= 38
4503.35068392
K= 39
5.64682539681
K= 40
4785.34109761
K= 41
8625.0
K= 42
8668.25
K= 43
3.62777777773
K= 44
4.721102971
K= 45
4484.525
K= 46
4300.0
K= 47
8.5
K= 48
137.0
K= 49
4529.0
K= 50
13.0156362486
K= 51
4608.241187
K= 52
15.6332814707
K= 53
18.4758786964
K= 54
16.7333333333
K= 55
4798.71061552
K= 56
4592.0
K= 57
16.2825757576
K= 58
8.30952380947
K= 59
4747.8984127
K= 60
4496.02702703
K= 61
16.576470995
K= 62
16.5291666666
K= 63
4991.86063354
K= 64
20.4334968474
K= 65
4775.90441109
K= 66
2800.49751392
K= 67
4801.4137987
K= 68
136.75
K= 69
25.3212049061
K= 70
4783.11213644
K= 71
3813.47600984
K= 72
4726.07813403
K= 73
4483.10793651
K= 74
3.33192779718
K= 75
8.41666666663
K= 76
8681.33970978
K= 77
4367.0
K= 78
4483.4
K= 79
4196.0
K= 80
40.8333333333
K= 81
4781.54167222
K= 82
4845.7452381
K= 83
4818.88571429
K= 84
23.2260901236
K= 85
5.97738095222
K= 86
4492.39537037
K= 87
4486.33333333
K= 88
4438.0
K= 89
4692.52679643
K= 90
302.288095238
K= 91
16.3333333333
K= 92
447.105555556
K= 93
34.0604978355
K= 94
16.2825757576
K= 95
32.5850593852
K= 96
409.59963339
K= 97
4747.43450618
K= 98
6.78003246745
K= 99
5.00793650793
K= 100
5416.79293876
K= 101
4485.58333333
K= 102
5.73571428563
K= 103
5.60714285704
K= 104
4550.76648352
K= 105
4555.8984127
K= 106
4494.28257576
K= 107
56.6647790102
K= 108
4567.0
K= 109
112.9
K= 110
28.3572462024
K= 111
8827.0
K= 112
4494.28257576
K= 113
4.15727040416
K= 114
8.33333333337
K= 115
16.2825757576
K= 116
4773.56394716
K= 117
4367.0
K= 118
4819.64129048
K= 119
8.41666666663
K= 120
434.806429586
K= 121
16.2825757576
K= 122
5086.06770753
K= 123
857.261399711
K= 124
8827.0
K= 125
87.0
K= 126
3.06457431451
K= 127
287.338664114
K= 128
18.3227663279
K= 129
1.51785714284
K= 130
23.7964199589
K= 131
4506.02541903
K= 132
4494.28257576
K= 133
4.21247592987
K= 134
16.2825757576
K= 135
7.95995670988
K= 136
16.2825757576
K= 137
5.95238095219
K= 138
7899.32727273
K= 139
756.218858225
K= 140
4705.59273055
K= 141
428.869138304
K= 142
4367.0
K= 143
6.7565911212
K= 144
16.2825757576
K= 145
3235.71003134
K= 146
6.51111111103
K= 147
8.01948051935
K= 148
5.78571428568
K= 149
4402.8984127
K= 150
4796.93720483
K= 151
11.7047619048
K= 152
3778.54192711
K= 153
4561.23514166
K= 154
4507.78038351
K= 155
8827.0
K= 156
2.33333333326
K= 157
116.0
K= 158
8674.0
K= 159
267.222525063
K= 160
4482.66071429
K= 161
8675.0
K= 162
4800.73731999
K= 163
8972.28257576
K= 164
372.21984127
K= 165
16.2825757576
K= 166
8.41666666663
K= 167
105.00703579
K= 168
4715.34303121
K= 169
111.4
K= 170
8671.0
K= 171
7.34722222213
K= 172
38.2326298701
K= 173
8.33333333337
K= 174
61.6949016482
K= 175
7.50000000012
K= 176
4747.8984127
K= 177
4713.23514166
K= 178
131.933333333
K= 179
4196.0
K= 180
3.53571428568
K= 181
8827.0
K= 182
2.77993897779
K= 183
15.4884615385
K= 184
3.0
K= 185
4594.0
K= 186
8674.0
K= 187
7.76666666672
K= 188
8827.0
K= 189
3.61029978783
K= 190
8644.0
K= 191
103.0
K= 192
4588.0
K= 193
4820.96547619
K= 194
10.0683140726
K= 195
4196.0
K= 196
8804.14285714
K= 197
16.607142857
K= 198
27.441847858
K= 199
17.8333333333
K= 200
66.0
K= 201
4480.26015914
K= 202
61.6949016482
K= 203
4553.8984127
K= 204
978.976530578
K= 205
7.76666666672
K= 206
8827.0
K= 207
7.76666666672
K= 208
8.57499999995
K= 209
8675.0
K= 210
7.76666666672
K= 211
2.28799019603
K= 212
109.0
K= 213
7.76666666672
K= 214
5.78571428568
K= 215
8644.0
K= 216
8.3666666667
K= 217
16.2116472396
K= 218
4631.91666667
K= 219
21.3077665704
K= 220
2363.50288377
K= 221
7.56666666665
K= 222
67.9411764705
K= 223
8644.0
K= 224
4483.53571429
K= 225
8.41666666663
K= 226
6.4769230769
K= 227
4584.0
K= 228
4588.97044891
K= 229
4409.75
K= 230
4727.71863607
K= 231
4561.45
K= 232
137.0
K= 233
304.441806619
K= 234
20.3677846615
K= 235
332.0
K= 236
16.2825757576
K= 237
109.0
K= 238
4770.88571429
K= 239
2226.48421358
K= 240
4805.7640785
K= 241
12.4952380952
K= 242
4.38888888876
K= 243
16.2825757576
K= 244
16.2825757576
K= 245
8674.0
K= 246
4588.15
K= 247
4770.46746032
K= 248
4714.23514166
K= 249
4583.00776669
K= 250
468.248412698
K= 251
2.98753724177
K= 252
137.25
K= 253
4294.0
K= 254
4367.0
K= 255
8827.0
K= 256
7.76666666672
K= 257
325.112136443
K= 258
13.8666666666
K= 259
18.2825757576
K= 260
7.78063851176
K= 261
110.0
K= 262
8827.0
K= 263
137.25
K= 264
4991.86063354
K= 265
8.33333333337
K= 266
6.49999999988
K= 267
15.8629329003
K= 268
5.721102971
K= 269
5.97738095222
K= 270
4589.0
K= 271
8606.0
K= 272
4484.56666667
K= 273
8827.0
K= 274
4481.46904762
K= 275
32.5850593852
K= 276
24.6819911083
K= 277
4494.28257576
K= 278
4858.87456427
K= 279
16.2825757576
K= 280
8606.0
K= 281
16.9999999999
K= 282
25.4508239838
K= 283
8625.0
K= 284
4833.95
K= 285
4664.51112662
K= 286
8.30952380947
K= 287
2303.35961611
K= 288
250.047619048
K= 289
4486.16666667
K= 290
22.4451324388
K= 291
4494.28257576
K= 292
4551.8984127
K= 293
7.76666666672
K= 294
11.3261083743
K= 295
4.28856837598
K= 296
3524.51246638
K= 297
4165.0
K= 298
8673.0
K= 299
101.0
K= 300
5.09126984118
K= 301
4530.5
K= 302
13.0499999999
K= 303
25.3137027716
K= 304
8827.0
K= 305
3.26720918249
K= 306
4483.77777778
K= 307
10.0158730159
K= 308
16.2825757576
K= 309
110.0
K= 310
4367.0
K= 311
4566.0
K= 312
4760.25986763
K= 313
133.15
K= 314
4538.34285714
K= 315
4522.0
K= 316
23.78663098
K= 317
8827.0
K= 318
107.0
K= 319
11.3983957219
K= 320
3.84946524061
K= 321
264.300962726
K= 322
8642.0
K= 323
4855.10836941
K= 324
4806.59444444
K= 325
4367.0
K= 326
4785.4718254
K= 327
7.78571428568
K= 328
3.89848484844
K= 329
5.00793650793
K= 330
18.5833333333
K= 331
4589.0
K= 332
8827.0
K= 333
8.3666666667
K= 334
53.1774891773
K= 335
4482.72110297
K= 336
22.9527795875
K= 337
4555.8984127
K= 338
8.3666666667
K= 339
14.3333333333
K= 340
8.30952380947
K= 341
7901.72857143
K= 342
8669.0
K= 343
6.26272851799
K= 344
2.38199068478
K= 345
4566.0
K= 346
8661.0
K= 347
4482.65238095
K= 348
4258.0
K= 349
7.76666666672
K= 350
8.30952380947
K= 351
32.519949495
K= 352
10.7726449275
K= 353
65.9500000001
K= 354
15.8313458763
K= 355
4367.0
K= 356
8674.0
K= 357
4367.0
K= 358
5.08888888871
K= 359
8661.0
K= 360
110.0
K= 361
4.72943722946
K= 362
4492.45833333
K= 363
12.7746031747
K= 364
7905.79834237
K= 365
4789.6537851
K= 366
300.700699212
K= 367
4196.0
K= 368
4991.86063354
K= 369
5.76111111103
K= 370
8827.0
K= 371
29.6804286785
K= 372
5.10793650791
K= 373
4626.09336219
K= 374
4789.93575729
K= 375
315.021583174
K= 376
4493.0
K= 377
15.8072552447
K= 378
8.33333333337
K= 379
8.41666666663
K= 380
3.82467532472
K= 381
16.2825757576
K= 382
4486.30952381
K= 383
7.76666666672
K= 384
8.41666666663
K= 385
4494.28257576
K= 386
4483.07460317
K= 387
8653.0
K= 388
2739.77054085
K= 389
8390.0
K= 390
9.47142857139
K= 391
498.987049204
K= 392
4196.0
K= 393
5.97738095222
K= 394
8827.0
K= 395
4494.28257576
K= 396
18.864320518
K= 397
4196.0
K= 398
4607.0
K= 399
4870.28333333
K= 400
17.0302489178
K= 401
6.89292929287
K= 402
4494.28257576
K= 403
4483.4
K= 404
4587.0
K= 405
361.705411198
K= 406
8669.0
K= 407
339.607217015
K= 408
5.0
K= 409
8827.0
K= 410
4814.51865079
K= 411
4714.23514166
K= 412
4836.83333333
K= 413
8827.0
K= 414
7.76666666672
K= 415
7.78571428568
K= 416
12564.0
K= 417
239.376262626
K= 418
16.2825757576
K= 419
7904.48909152
K= 420
16.2075757575
K= 421
8965.53504662
K= 422
24.6302559428
K= 423
4592.5
K= 424
4602.25
K= 425
4494.28257576
K= 426
27.5985653234
K= 427
312.189935065
K= 428
146.193370279
K= 429
7.76666666672
K= 430
37.7326298701
K= 431
4798.1988456
K= 432
5.46904761903
K= 433
410.400742953
K= 434
108.0
K= 435
8390.0
K= 436
5258.78296864
K= 437
7.58333333337
K= 438
5.76111111103
K= 439
4494.28257576
K= 440
265.898412698
K= 441
16.2825757576
K= 442
6.49999999988
K= 443
129.25
K= 444
25.4621553884
K= 445
4545.0
K= 446
8674.0
K= 447
4608.241187
K= 448
6.54285714275
K= 449
113.0
K= 450
8827.0
K= 451
4820.20112943
K= 452
9.0080808081
K= 453
4502.3702381
K= 454
4267.0
K= 455
4778.88571429
K= 456
8827.0
K= 457
4792.66624754
K= 458
28.4010349715
K= 459
4494.28257576
K= 460
4196.0
K= 461
8606.0
K= 462
4495.03024892
K= 463
4486.30952381
K= 464
4778.88571429
K= 465
10.1505005242
K= 466
4631.66666667
K= 467
109.0
K= 468
16.2825757576
K= 469
8.41666666663
K= 470
17.2999999999
K= 471
8.41666666663
K= 472
4.50404040387
K= 473
7.50404040387
K= 474
6.49999999988
K= 475
4803.91273449
K= 476
4714.23514166
K= 477
4494.28257576
K= 478
5.97738095222
K= 479
292.855713476
K= 480
59.7273421024
K= 481
16.2825757576
K= 482
4788.98614719
K= 483
15.9488529015
K= 484
2753.40711713
K= 485
8674.0
K= 486
4747.8984127
K= 487
1168.73509849
K= 488
8506.0
K= 489
8674.0
K= 490
8673.0
K= 491
4587.0
K= 492
4367.0
K= 493
3552.76121968
K= 494
5.63571428566
K= 495
33.8938311689
K= 496
8674.0
K= 497
95.5833333334
K= 498
66966.3333333
K= 499
16.2825757576
K= 500
16.8333333333
K= 501
4492.60263158
K= 502
3.80049117538
K= 503
4480.33333333
K= 504
42.75
K= 505
4800.86450216
K= 506
108.0
K= 507
137.25
K= 508
4839.32460317
K= 509
325.112136443
K= 510
4691.66012977
K= 511
320.487049204
K= 512
4786.20110055
K= 513
537.18527694
K= 514
108.0
K= 515
12.7655913978
K= 516
4196.0
K= 517
5.43523809523
K= 518
4741.91273449
K= 519
8.3666666667
K= 520
4483.75
K= 521
24.9562917044
K= 522
4781.54167222
K= 523
5.78571428568
K= 524
33.0449134199
K= 525
4741.39857698
K= 526
4804.9797619
K= 527
84.0
K= 528
4791.80642136
K= 529
94.0
K= 530
6.4769230769
K= 531
4750.17203777
K= 532
4803.91273449
K= 533
16.2825757576
K= 534
4494.28257576
K= 535
4494.28257576
K= 536
27.3985653234
K= 537
6.49999999988
K= 538
4789.93575729
K= 539
110.0
K= 540
21.4646896472
K= 541
27.2865301366
K= 542
8.41666666663
K= 543
4829.23571429
K= 544
19.2472441994
K= 545
8663.0
K= 546
18.864320518
K= 547
8659.0
K= 548
3801.67127739
K= 549
16.2825757576
K= 550
3.48859649117
K= 551
953.782968638
K= 552
4826.88615747
K= 553
8670.0
K= 554
110.0
K= 555
54.9885492116
K= 556
111.0
K= 557
16.2825757576
K= 558
4740.91273449
K= 559
4587.0
K= 560
109.0
K= 561
100.833333333
K= 562
4550.65110837
K= 563
4778.88571429
K= 564
8960.30635606
K= 565
131.75
K= 566
4367.0
K= 567
5.12222222204
K= 568
4494.28257576
K= 569
281.861974369
K= 570
372.30259137
K= 571
4746.18412698
K= 572
109.0
K= 573
58.842857143
K= 574
95.0833333335
K= 575
4785.34109761
K= 576
113.15
K= 577
8.41666666663
K= 578
381.108369409
K= 579
160.0
K= 580
8.90698453283
K= 581
5.15629530174
K= 582
4494.28257576
K= 583
177.270634921
K= 584
25.3506839188
K= 585
106.0
K= 586
4532.0
K= 587
5956.80529426
K= 588
133.25
K= 589
14.3583333333
K= 590
16.2825757576
K= 591
4580.0
K= 592
227.0
K= 593
4822.40793651
K= 594
9228.5
K= 595
16.2825757576
K= 596
8.3666666667
K= 597
306.143309319
K= 598
3.28873056464
K= 599
137.25
K= 600
4486.33333333
K= 601
587.830998805
K= 602
309.134953432
K= 603
4767.10692828
K= 604
4751.31452206
K= 605
4485.5
K= 606
4774.68140807
K= 607
4367.0
K= 608
5.14722222206
K= 609
16.0776090319
K= 610
4196.0
K= 611
4367.0
K= 612
4478.74414576
K= 613
4781.1354616
K= 614
4949.36666667
K= 615
110.0
K= 616
8646.0
K= 617
15.5333333333
K= 618
8.41666666663
K= 619
4818.22857143
K= 620
113.15
K= 621
16.2825757576
K= 622
8.16666666663
K= 623
113.083333333
K= 624
4848.33333333
K= 625
408.794934641
K= 626
108.0
K= 627
5.6095238094
K= 628
4234.1
K= 629
8646.0
K= 630
8666.0
K= 631
4194.0
K= 632
38.2326298701
K= 633
4733.20110055
K= 634
4833.95
K= 635
5257.17185753
K= 636
4857.43780664
K= 637
763.98458011
K= 638
4557.39433604
K= 639
9509.05887446
K= 640
8653.0
K= 641
4815.85291291
K= 642
33.6666666666
K= 643
4.66666666663
K= 644
4747.8984127
K= 645
115.0
K= 646
86.5154637905
K= 647
4803.86269841
K= 648
4778.88571429
K= 649
4340.5
K= 650
5316.49493381
K= 651
18.8994107743
K= 652
3743.09838193
K= 653
259.658600526
K= 654
15.5187271063
K= 655
4367.0
K= 656
16.2825757576
K= 657
4196.0
K= 658
7.76666666672
K= 659
8827.0
K= 660
4789.20069921
K= 661
378.592664702
K= 662
77.3240005648
K= 663
3816.12795249
K= 664
6620.53993636
K= 665
4747.8984127
K= 666
16.2825757576
K= 667
110.0
K= 668
4531.39857698
K= 669
8.16666666663
K= 670
16.2825757576
K= 671
523.554004329
K= 672
4584.0
K= 673
7.10793650791
K= 674
35.4081010607
K= 675
17.2224358974
K= 676
4751.15660173
K= 677
320.710615521
K= 678
34.0604978355
K= 679
16.2825757576
K= 680
4714.23514166
K= 681
13444.7
K= 682
13.4583333333
K= 683
23.8101612227
K= 684
4563.0
K= 685
137.25
K= 686
5.62662337651
K= 687
285.324490597
K= 688
4820.10357143
K= 689
303.541672217
K= 690
4711.17203777
K= 691
4850.93333333
K= 692
3.95111642743
K= 693
4367.0
K= 694
8.41666666663
K= 695
2201.07609319
K= 696
8.5
K= 697
7902.91971753
K= 698
4367.0
K= 699
16.2825757576
K= 700
4825.27993183
K= 701
570.130015732
K= 702
4483.97738095
K= 703
5.58834586455
K= 704
4494.28257576
K= 705
17.2825757576
K= 706
8659.0
K= 707
4367.0
K= 708
83.0
K= 709
5.99523809506
K= 710
8827.0
K= 711
8.30952380947
K= 712
4196.0
K= 713
65.7308452608
K= 714
4589.0
K= 715
8664.0
K= 716
8.41666666663
K= 717
4690.18333333
K= 718
4488.53174603
K= 719
8.41666666663
K= 720
3.17192567594
K= 721
4196.0
K= 722
8.41666666663
K= 723
2467.46291801
K= 724
34.4333333333
K= 725
15.4583333333
K= 726
5425.12931927
K= 727
234.0
K= 728
4634.45
K= 729
38.2326298701
K= 730
8.5
K= 731
4811.6537851
K= 732
4793.87257559
K= 733
137.25
K= 734
4.44999999995
K= 735
4481.06325156
K= 736
4483.78571429
K= 737
4757.46746032
K= 738
109.0
K= 739
465.142857143
K= 740
4829.52287157
K= 741
7.76666666672
K= 742
4521.67275698
K= 743
5.99134199135
K= 744
4587.0
K= 745
4485.76666667
K= 746
7.33333333337
K= 747
16.2825757576
K= 748
5424.62764491
K= 749
59.9
K= 750
4.221629248
K= 751
6.971102971
K= 752
209.333333333
K= 753
4782.34109761
K= 754
7903.29725576
K= 755
17.0302489178
K= 756
84.0
K= 757
553.0
K= 758
2242.56330656
K= 759
104.083333333
K= 760
108.0
K= 761
4685.40110618
K= 762
8673.0
K= 763
8827.0
K= 764
8675.0
K= 765
15.3335752214
K= 766
4196.0
K= 767
16.2825757576
K= 768
68.9374109172
K= 769
4.721102971
K= 770
4792.66624754
K= 771
4494.23502868
K= 772
8.41666666663
K= 773
311.235141656
K= 774
18.864320518
K= 775
4493.75508569
K= 776
16.2825757576
K= 777
8674.0
K= 778
4593.09805195
K= 779
106.0
K= 780
8.56666666665
K= 781
4490.39537037
K= 782
4355.8984127
K= 783
5.46086261258
K= 784
4969.35152106
K= 785
4803.91273449
K= 786
15.2067779507
K= 787
82.0
K= 788
16.7333333333
K= 789
3.0
K= 790
5.78571428568
K= 791
4842.27619048
K= 792
367.556299256
K= 793
368.436628954
K= 794
3.89015151514
K= 795
109.0
K= 796
4621.74602719
K= 797
106.0
K= 798
8623.0
K= 799
269.898412698
K= 800
4711.17203777
K= 801
8606.0
K= 802
4494.28257576
K= 803
4.721102971
K= 804
4480.76198135
K= 805
8.41666666663
K= 806
3.27670243825
K= 807
15.5805916305
K= 808
137.0
K= 809
4486.41666667
K= 810
4818.22857143
K= 811
4196.0
K= 812
5.09884559875
K= 813
5422.69847824
K= 814
137.25
K= 815
8606.0
K= 816
135.083405483
K= 817
4367.0
K= 818
4483.29279757
K= 819
4492.39537037
K= 820
4615.25
K= 821
109.0
K= 822
8827.0
K= 823
8.41666666663
K= 824
4777.25321618
K= 825
8.5
K= 826
319.103790885
K= 827
5735.61980695
K= 828
8.04862155381
K= 829
105.0
K= 830
84.0
K= 831
110.0
K= 832
9.1330808081
K= 833
16.2825757576
K= 834
6.39999999991
K= 835
16.2825757576
K= 836
4494.03024892
K= 837
9.36363636353
K= 838
7.56666666665
K= 839
6.54285714275
K= 840
8674.0
K= 841
101.0
K= 842
542.090079365
K= 843
19.5302489178
K= 844
4481.3409233
K= 845
4494.28257576
K= 846
3.89848484844
K= 847
4737.05183575
K= 848
137.25
K= 849
4196.0
K= 850
7.76666666672
K= 851
109.0
K= 852
16.8333333333
K= 853
4739.66012977
K= 854
7901.26342071
K= 855
5058.1017316
K= 856
8.30952380947
K= 857
8.41666666663
K= 858
16.2825757576
K= 859
130.0
K= 860
21.5853778386
K= 861
250.334746259
K= 862
8589.0
K= 863
3.70281189377
K= 864
8.41666666663
K= 865
28.5140186996
K= 866
4588.0
K= 867
4196.0
K= 868
8674.0
K= 869
4483.73571429
K= 870
4555.8984127
K= 871
3726.19290191
K= 872
16.2825757576
K= 873
88.0
K= 874
38.2326298701
K= 875
16.2825757576
K= 876
24.6053111632
K= 877
4847.68416306
K= 878
4747.8984127
K= 879
4787.18333333
K= 880
2265.34108824
K= 881
104.5
K= 882
4.21066433575
K= 883
4494.28257576
K= 884
4494.28257576
K= 885
8.41666666663
K= 886
4692.0
K= 887
4494.28257576
K= 888
317.527777778
K= 889
11.2999999999
K= 890
5.64999999991
K= 891
3091.31088451
K= 892
4.22162924788
K= 893
57.1537145001
K= 894
109.0
K= 895
4814.59444444
K= 896
4.721102971
K= 897
4604.56494339
K= 898
4594.0
K= 899
16.2825757576
K= 900
12.0573870573
K= 901
110.0
K= 902
8606.0
K= 903
4367.0
K= 904
4.721102971
K= 905
3490.48229487
K= 906
5.78571428568
K= 907
2.98586080573
K= 908
8.61014492752
K= 909
4820.20112943
K= 910
8.3666666667
K= 911
137.0
K= 912
137.25
K= 913
305.882966685
K= 914
4368.0
K= 915
299.540280961
K= 916
8675.0
K= 917
4625.88571429
K= 918
4494.28257576
K= 919
139.760974244
K= 920
4.615151515
K= 921
4803.11213644
K= 922
8675.0
K= 923
137.25
K= 924
6321.21805063
K= 925
5.85238095222
K= 926
8.33333333337
K= 927
840.378325182
K= 928
157.716666667
K= 929
16.2825757576
K= 930
11.5714285714
K= 931
5.62662337651
K= 932
4.2816239316
K= 933
18.2079040547
K= 934
15.8920329671
K= 935
5.73571428563
K= 936
8675.0
K= 937
9.00298492564
K= 938
497.954551821
K= 939
4803.91273449
K= 940
8668.0
K= 941
16.2825757576
K= 942
4991.86063354
K= 943
343.25
K= 944
4836.07764063
K= 945
27.5985653234
K= 946
16.2825757576
K= 947
18.5228639783
K= 948
4725.03333333
K= 949
8653.0
K= 950
5.94329004316
K= 951
16.2825757576
K= 952
4493.45833333
K= 953
416.016666667
K= 954
4367.0
K= 955
4802.56676114
K= 956
100.0
K= 957
4486.30952381
K= 958
8.41666666663
K= 959
22.6825757575
K= 960
4.721102971
K= 961
5258.67185753
K= 962
110.0
K= 963
8.41666666663
K= 964
4810.6762617
K= 965
8623.0
K= 966
4494.28257576
K= 967
4196.0
K= 968
4493.81104312
K= 969
17.0302489178
K= 970
5.10793650791
K= 971
262.6270055
K= 972
4747.8984127
K= 973
61.6949016481
K= 974
8653.0
K= 975
4402.8984127
K= 976
105.5
K= 977
5.66388888878
K= 978
4615.25
K= 979
25.8166666667
K= 980
8606.0
K= 981
4747.8984127
K= 982
5.10793650791
K= 983
8827.0
K= 984
4481.40171571
K= 985
348.353079399
K= 986
318.136644332
K= 987
359.092884702
K= 988
4196.0
K= 989
68.9374109172
K= 990
4613.33333333
K= 991
5.74999999988
K= 992
8675.0
K= 993
11.126984127
K= 994
8.41666666663
K= 995
13.2538047974
K= 996
28.6484348985
K= 997
6.56666666665
K= 998
4485.76666667
K= 999
134.25
K= 1000
4367.0
K= 1001
8674.0
K= 1002
8209.44578793
K= 1003
5.78571428568
K= 1004
8.30952380947
K= 1005
16.2825757576
K= 1006
34.1728097724
K= 1007
2695.19208366
K= 1008
2.74414575868
K= 1009
8827.0
K= 1010
4588.0
K= 1011
25.4508239838
K= 1012
3765.08066107
K= 1013
4367.0
K= 1014
2152.69735192
K= 1015
8672.0
K= 1016
7.50000000012
K= 1017
4584.0
K= 1018
4494.28257576
K= 1019
8653.0
K= 1020
8656.0
K= 1021
4367.0
K= 1022
4800.86450216
K= 1023
4532.93017511
K= 1024
8.41666666663
K= 1025
24.6053111632
K= 1026
4484.5
K= 1027
4808.36071429
K= 1028
703.213083894
K= 1029
8827.0
K= 1030
2748.45327566
K= 1031
4905.63333333
K= 1032
8.30952380947
K= 1033
311.4745116
K= 1034
4.90238095226
K= 1035
4586.0
K= 1036
5.96349206334
K= 1037
16.2825757576
K= 1038
39.7175617358
K= 1039
0.599999999977
K= 1040
6.63571428566
K= 1041
8674.0
K= 1042
3.32774806884
K= 1043
6313.8756706
K= 1044
8823.0
K= 1045
282.666666667
K= 1046
4367.0
K= 1047
35.9659222384
K= 1048
4481.11637427
K= 1049
55.6647790102
K= 1050
8646.0
K= 1051
16.2825757576
K= 1052
8674.0
K= 1053
9.72374847368
K= 1054
3132.49489896
K= 1055
4478.0
K= 1056
6246.8756706
K= 1057
302.356935521
K= 1058
361.006035144
K= 1059
6.54285714275
K= 1060
7.59821428568
K= 1061
15.4583333333
K= 1062
7.76666666672
K= 1063
111.0
K= 1064
25.0981878755
K= 1065
4791.56676114
K= 1066
47.0917027417
K= 1067
348.819715806
K= 1068
5.97738095222
K= 1069
4714.18993506
K= 1070
6.56666666665
K= 1071
4835.78809524
K= 1072
4586.08333333
K= 1073
16.6969155844
K= 1074
4482.29273504
K= 1075
4636.6537851
K= 1076
7.84444444429
K= 1077
16.2825757576
K= 1078
5.14722222206
K= 1079
4554.35952381
K= 1080
16.2825757576
K= 1081
3.80098039203
K= 1082
7.76666666672
K= 1083
110.0
K= 1084
4818.88571429
K= 1085
7.58333333337
K= 1086
4805.7640785
K= 1087
4818.88571429
K= 1088
8.41666666663
K= 1089
450.369067028
K= 1090
4802.66565657
K= 1091
6.39999999991
K= 1092
26.5572462024
K= 1093
8827.0
K= 1094
2264.48973689
K= 1095
30.3241161617
K= 1096
4840.27034632
K= 1097
4494.28257576
K= 1098
376.562464986
K= 1099
8827.0
K= 1100
15.4583333333
K= 1101
4562.4531618
K= 1102
5031.13299762
K= 1103
4908.05
K= 1104
56.0
K= 1105
4822.26739649
K= 1106
5.74999999988
K= 1107
8665.0
K= 1108
8827.0
K= 1109
4874.50833333
K= 1110
13.0478341012
K= 1111
8667.0
K= 1112
4778.88571429
K= 1113
981.171794192
K= 1114
16.2825757576
K= 1115
4.81753246742
K= 1116
5425.46097824
K= 1117
4.54444444436
K= 1118
15.2075757575
K= 1119
8825.0
K= 1120
4614.5
K= 1121
6235.36557116
K= 1122
3879.90351753
K= 1123
4765.75
K= 1124
38.2326298701
K= 1125
4761.241187
K= 1126
12.0560364474
K= 1127
2453.84692779
K= 1128
4744.09496696
K= 1129
16.2825757576
K= 1130
8673.0
K= 1131
269.898412698
K= 1132
85.0
K= 1133
16.2825757576
K= 1134
4747.8984127
K= 1135
6.54285714275
K= 1136
4367.0
K= 1137
55.1971306474
K= 1138
4395.5
K= 1139
16.2825757576
K= 1140
4484.16666667
K= 1141
4204.0
K= 1142
8646.0
K= 1143
88.0
K= 1144
4525.76428571
K= 1145
117.0
K= 1146
8631.0
K= 1147
5.60238095233
K= 1148
8827.0
K= 1149
4747.8984127
K= 1150
3.26605975721
K= 1151
4828.21851759
K= 1152
285.253211228
K= 1153
8827.0
K= 1154
132.25
K= 1155
7.76666666672
K= 1156
252.964921973
K= 1157
5090.18809524
K= 1158
151.166666667
K= 1159
4367.0
K= 1160
4605.0
K= 1161
5.76111111103
K= 1162
4797.83166472
K= 1163
147123.35404
K= 1164
4471.40162183
K= 1165
8827.0
K= 1166
14.1178347579
K= 1167
4484.37799534
K= 1168
75.3363784911
K= 1169
4358.0
K= 1170
15.7550856902
K= 1171
16.2825757576
K= 1172
4775.30743247
K= 1173
4626.89329004
K= 1174
104.0
K= 1175
4636.37619048
K= 1176
356.336065689
K= 1177
8827.0
K= 1178
42.9293792951
K= 1179
28.8774381005
K= 1180
6.57767056522
K= 1181
4615.15241425
K= 1182
16.907142857
K= 1183
81.0
K= 1184
16.8713186813
K= 1185
8673.0
K= 1186
285.333333333
K= 1187
8.93015873001
K= 1188
4485.76666667
K= 1189
4552.8984127
K= 1190
25.2235627067
K= 1191
137.25
K= 1192
4773.17525831
K= 1193
8674.0
K= 1194
4610.64933446
K= 1195
3795.82664234
K= 1196
8827.0
K= 1197
16.2825757576
K= 1198
8.3666666667
K= 1199
4481.02222222
K= 1200
4196.0
K= 1201
300.640907156
K= 1202
8958.30385965
K= 1203
4196.0
K= 1204
4482.61533642
K= 1205
4367.0
K= 1206
5.09914529906
K= 1207
320.677251716
K= 1208
17.0302489178
K= 1209
10.3991452991
K= 1210
9.0
K= 1211
7.76666666672
K= 1212
4.58241758228
K= 1213
134.25
K= 1214
4485.76666667
K= 1215
27.1074175823
K= 1216
27.5985653234
K= 1217
17344.0
K= 1218
14.9
K= 1219
2826.88788212
K= 1220
4.37777777761
K= 1221
137.25
K= 1222
16.2825757576
K= 1223
0.0
K= 1224
4.615151515
K= 1225
6.59999999998
K= 1226
4592.0
K= 1227
4789.6537851
K= 1228
37.9553571428
K= 1229
8445.0
K= 1230
16.2825757576
K= 1231
10.1251082249
K= 1232
17.0302489178
K= 1233
8.3666666667
K= 1234
136.0
K= 1235
4584.0
K= 1236
8.3666666667
K= 1237
4808.36071429
K= 1238
133.239225988
K= 1239
14.3544317512
K= 1240
108.0
K= 1241
586.91955267
K= 1242
8659.0
K= 1243
8804.14285714
K= 1244
4799.27743065
K= 1245
4494.28257576
K= 1246
11.5222222222
K= 1247
3005.93793869
K= 1248
121.043040293
K= 1249
17.2833278792
K= 1250
3.53207475203
K= 1251
4577.0
K= 1252
37.7286410361
K= 1253
311.900222816
K= 1254
8675.0
K= 1255
4884.35555556
K= 1256
4632.34109761
K= 1257
5.10793650791
K= 1258
4778.88571429
K= 1259
8827.0
K= 1260
21.3487232607
K= 1261
41.0761904761
K= 1262
5424.37764491
K= 1263
8.33333333337
K= 1264
8669.0
K= 1265
16.2825757576
K= 1266
4588.0
K= 1267
1691.09972234
K= 1268
3330.80009337
K= 1269
16.2825757576
K= 1270
4805.17619048
K= 1271
2.33333333326
K= 1272
23.4119501779
K= 1273
23.2638674621
K= 1274
4494.28257576
K= 1275
7.49345238099
K= 1276
4780.72451269
K= 1277
4825.60393259
K= 1278
15.0166666666
K= 1279
26.3345099346
K= 1280
12.16374269
K= 1281
4507.01264507
K= 1282
4367.0
K= 1283
136.25
K= 1284
16.2825757576
K= 1285
14.2297607861
K= 1286
60.6472826005
K= 1287
16.2825757576
K= 1288
4741.91273449
K= 1289
12.065905359
K= 1290
16.2825757576
K= 1291
4641.90710805
K= 1292
4684.03158329
K= 1293
8664.0
K= 1294
8.41666666663
K= 1295
110.0
K= 1296
4991.86063354
K= 1297
4588.0
K= 1298
4402.8984127
K= 1299
107.284544073
K= 1300
3.89848484844
K= 1301
8657.0
K= 1302
4647.04147918
K= 1303
8674.0
K= 1304
5.99523809506
K= 1305
4482.29749695
K= 1306
4480.8499179
K= 1307
4510.23514166
K= 1308
6.56666666665
K= 1309
371.203358209
K= 1310
5.73571428563
K= 1311
5.08888888871
K= 1312
56.9923505298
K= 1313
503.482575757
K= 1314
4196.0
K= 1315
379.85
K= 1316
311.235141656
K= 1317
9.41666666663
K= 1318
14.3953703704
K= 1319
4991.86063354
K= 1320
7899.70224595
K= 1321
4840.66666667
K= 1322
4819.9797619
K= 1323
25.4508239838
K= 1324
294.863114286
K= 1325
8.16666666663
K= 1326
8.5
K= 1327
14.3999999999
K= 1328
109.0
K= 1329
8672.0
K= 1330
4480.54162118
K= 1331
366.788095238
K= 1332
4789.6537851
K= 1333
7.76666666672
K= 1334
4803.91273449
K= 1335
4009.61111111
K= 1336
16.2825757576
K= 1337
32.5651515152
K= 1338
9.89166666672
K= 1339
34.0604978355
K= 1340
4494.28257576
K= 1341
347.333333333
K= 1342
107.0
K= 1343
74.2595238094
K= 1344
4816.19260326
K= 1345
8827.0
K= 1346
18.304314888
K= 1347
4786.20110055
K= 1348
60.342857143
K= 1349
4493.28257576
K= 1350
5.09126984118
K= 1351
7.56666666665
K= 1352
160.332161578
K= 1353
553.0
K= 1354
7.76666666672
K= 1355
4.721102971
K= 1356
25.2706839187
K= 1357
503.482575757
K= 1358
4.39999999991
K= 1359
2470.39510992
K= 1360
312.134728696
K= 1361
16.2825757576
K= 1362
4850.8276455
K= 1363
79.9661273616
K= 1364
4483.97738095
K= 1365
4129.0
K= 1366
16.2825757576
K= 1367
8.89089987671
K= 1368
4714.23514166
K= 1369
6124.27513595
K= 1370
11.4714285714
K= 1371
4.72181818169
K= 1372
108.0
K= 1373
4507.02541903
K= 1374
8827.0
K= 1375
31.4826062827
K= 1376
8.41666666663
K= 1377
12.3038129354
K= 1378
10.5075757576
K= 1379
5.62662337651
K= 1380
8.30952380947
K= 1381
8948.12973693
K= 1382
8.3666666667
K= 1383
7.47993848252
K= 1384
4733.18993506
K= 1385
4798.82460689
K= 1386
4803.91273449
K= 1387
8675.0
K= 1388
8666.0
K= 1389
4747.8984127
K= 1390
266.88956044
K= 1391
4196.0
K= 1392
259.614754207
K= 1393
8827.0
K= 1394
10.9999999999
K= 1395
3026.14696769
K= 1396
4521.34992219
K= 1397
51.9
K= 1398
97.0
K= 1399
4367.0
K= 1400
309.152414252
K= 1401
137.25
K= 1402
16.2825757576
K= 1403
4760.14920635
K= 1404
8825.0
K= 1405
10.7497076024
K= 1406
4483.65
K= 1407
8.5
K= 1408
4768.15241425
K= 1409
4762.47380952
K= 1410
4367.0
K= 1411
245.612882848
K= 1412
4576.66666667
K= 1413
4746.34109761
K= 1414
103.071428571
K= 1415
4281.0
K= 1416
27.5985653234
K= 1417
4.32222222211
K= 1418
4767.73731999
K= 1419
7.76666666672
K= 1420
2607.48437865
K= 1421
4798.71061552
K= 1422
5.58600054216
K= 1423
109.0
K= 1424
16.2825757576
K= 1425
4.43956043944
K= 1426
114.0
K= 1427
4759.14895003
K= 1428
8045.89844638
K= 1429
4288.9962292
K= 1430
9.11334396608
K= 1431
4494.28257576
K= 1432
2801.14403066
K= 1433
7.58333333337
K= 1434
4494.28257576
K= 1435
47.0917027417
K= 1436
4808.67179667
K= 1437
4770.88574524
K= 1438
16.2825757576
K= 1439
498.987049204
K= 1440
4478.0
K= 1441
4196.0
K= 1442
8.16666666663
K= 1443
8623.0
K= 1444
154.290909091
K= 1445
4778.88571429
K= 1446
8603.0
K= 1447
8623.0
K= 1448
5227.77260147
K= 1449
137.25
K= 1450
94.2459587607
K= 1451
5.78571428568
K= 1452
4427.0
K= 1453
8.48274853767
K= 1454
8.30952380947
K= 1455
1337.01870016
K= 1456
17.0302489178
K= 1457
5.09884559875
K= 1458
706.618659725
K= 1459
12.7837787761
K= 1460
269.033150183
K= 1461
4494.28257576
K= 1462
3.75503662997
K= 1463
4759.57222222
K= 1464
4494.28257576
K= 1465
8672.0
K= 1466
121.5
K= 1467
4494.28257576
K= 1468
4478.0
K= 1469
7.5
K= 1470
16.2825757576
K= 1471
553.0
K= 1472
92.0
K= 1473
79.0
K= 1474
8675.0
K= 1475
8.41666666663
K= 1476
3.04425411741
K= 1477
195.73486283
K= 1478
4519.0
K= 1479
4347.0
K= 1480
7.52207707323
K= 1481
104.0
K= 1482
4599.5
K= 1483
8.41666666663
K= 1484
4484.56666667
K= 1485
4535.0
K= 1486
8606.0
K= 1487
88.0
K= 1488
4.50404040387
K= 1489
8.41666666663
K= 1490
11.1457228188
K= 1491
4.39914529899
K= 1492
110.0
K= 1493
3.26605975721
K= 1494
4531.03158329
K= 1495
106.0
K= 1496
4196.0
K= 1497
4367.0
K= 1498
14.3953703704
K= 1499
13251.0
K= 1500
16.2825757576
K= 1501
5.79285714275
K= 1502
4815.5
K= 1503
4840.23333333
K= 1504
6.52499999991
K= 1505
16.2825757576
K= 1506
4803.33707662
K= 1507
5.74999999988
K= 1508
17654.0
K= 1509
4367.0
K= 1510
4367.0
K= 1511
4347.0
K= 1512
4347.25252314
K= 1513
4481.80098039
K= 1514
7.79285714275
K= 1515
4385.8984127
K= 1516
177.733333333
K= 1517
3861.08050834
K= 1518
269.601262626
K= 1519
262.468304142
K= 1520
4461.46228673
K= 1521
4367.0
K= 1522
37.5161399802
K= 1523
23.111111111
K= 1524
8.41666666663
K= 1525
4494.28257576
K= 1526
88.0
K= 1527
9.30476190476
K= 1528
16.2825757576
K= 1529
16.2825757576
K= 1530
13.9997791424
K= 1531
4.721102971
K= 1532
8669.0
K= 1533
4775.71061552
K= 1534
4510.58505939
K= 1535
5.97061419196
K= 1536
4196.0
K= 1537
3.24486928096
K= 1538
8669.125
K= 1539
5.10793650791
K= 1540
3.09102934087
K= 1541
48.3815864648
K= 1542
8646.0
K= 1543
5.95238095219
K= 1544
8.51111111103
K= 1545
109.0
K= 1546
2.88659585163
K= 1547
8827.0
K= 1548
16.2825757576
K= 1549
4555.8984127
K= 1550
8673.0
K= 1551
343.491269841
K= 1552
11.4714285714
K= 1553
4588.0
K= 1554
4747.8984127
K= 1555
220.0
K= 1556
5.63888888876
K= 1557
12.1820105821
K= 1558
11.004120879
K= 1559
4991.86063354
K= 1560
16.2825757576
K= 1561
4367.0
K= 1562
102.0
K= 1563
25.6375880827
K= 1564
106.0
K= 1565
5255.00519086
K= 1566
8.41666666663
K= 1567
3550.23087503
K= 1568
4576.66666667
K= 1569
12.7999999999
K= 1570
3.21423751686
K= 1571
4494.28257576
K= 1572
109.0
K= 1573
8960.0
K= 1574
3.1531780276
K= 1575
8674.0
K= 1576
6.54285714275
K= 1577
8827.0
K= 1578
9.46249999991
K= 1579
4811.51587302
K= 1580
16.2825757576
K= 1581
454.060822511
K= 1582
4506.5
K= 1583
4367.0
K= 1584
4367.0
K= 1585
420.605555556
K= 1586
5.74999999988
K= 1587
8.23529411759
K= 1588
2.5
K= 1589
40371.8824084
K= 1590
28.6785320274
K= 1591
4820.10357143
K= 1592
5103.17185753
K= 1593
4761.241187
K= 1594
17.0302489178
K= 1595
4763.7004329
K= 1596
8827.0
K= 1597
8675.0
K= 1598
17.1205000837
K= 1599
17654.0
K= 1600
4367.0
K= 1601
8.3666666667
K= 1602
8827.0
K= 1603
8.33333333337
K= 1604
5.62712462968
K= 1605
4606.90851523
K= 1606
17344.0
K= 1607
112.0
K= 1608
8.16666666663
K= 1609
4367.0
K= 1610
10.4909090908
K= 1611
16.2825757576
K= 1612
15.4583333333
K= 1613
3.28957090073
K= 1614
4196.0
K= 1615
4507.50675056
K= 1616
18.2049350649
K= 1617
4714.23514166
K= 1618
4.89597069588
K= 1619
4479.78669468
K= 1620
8.3666666667
K= 1621
8.41666666663
K= 1622
8684.03024892
K= 1623
8674.0
K= 1624
2594.12855481
K= 1625
4191.0
K= 1626
24.7244795725
K= 1627
12846.0
K= 1628
4514.27853769
K= 1629
4484.51111111
K= 1630
464.248412698
K= 1631
8155.4984127
K= 1632
4816.45176768
K= 1633
4841.02828283
K= 1634
4785.96677022
K= 1635
5.76111111103
K= 1636
9.60838559282
K= 1637
109.0
K= 1638
4826.91145526
K= 1639
4714.23514166
K= 1640
10.1579365078
K= 1641
8551.0
K= 1642
4495.03024892
K= 1643
8.41666666663
K= 1644
6.54285714275
K= 1645
4803.91273449
K= 1646
4367.0
K= 1647
4555.8984127
K= 1648
7941.89546986
K= 1649
23.0884190237
K= 1650
4691.66012977
K= 1651
8.5
K= 1652
4785.19617605
K= 1653
4591.4531618
K= 1654
4484.58333333
K= 1655
110.0
K= 1656
8.41666666663
K= 1657
13153.0
K= 1658
18.8325408448
K= 1659
4.57070707052
K= 1660
7.76666666672
K= 1661
4747.8984127
K= 1662
8675.0
K= 1663
4559.12969939
K= 1664
4810.5
K= 1665
4.50206043944
K= 1666
587.308850197
K= 1667
4494.28257576
K= 1668
16.2825757576
K= 1669
4482.72110297
K= 1670
5.59911339905
K= 1671
4695.65481415
K= 1672
4196.0
K= 1673
4482.57070707
K= 1674
414.272222222
K= 1675
28.57685725
K= 1676
21.1499999999
K= 1677
7.0
K= 1678
15.4253246752
K= 1679
8674.0
K= 1680
442.723747089
K= 1681
2.98695652164
K= 1682
313.588095238
K= 1683
4829.23571429
K= 1684
4808.67179667
K= 1685
5.14722222206
K= 1686
4367.0
K= 1687
16.2825757576
K= 1688
8.41666666663
K= 1689
3.5385964911
K= 1690
22.7
K= 1691
6.81286393327
K= 1692
116.0
K= 1693
14.1723242253
K= 1694
8827.0
K= 1695
4196.0
K= 1696
302.713181117
K= 1697
262.495689033
K= 1698
364.283333333
K= 1699
5.96349206334
K= 1700
9521.46026529
K= 1701
4534.11491205
K= 1702
4824.49199918
K= 1703
8.5
K= 1704
4494.28257576
K= 1705
4535.0
K= 1706
342.116803896
K= 1707
4482.24646465
K= 1708
4.38472222211
K= 1709
4494.28257576
K= 1710
4483.09126984
K= 1711
2286.43641541
K= 1712
368.520743146
K= 1713
4486.41666667
K= 1714
16.2825757576
K= 1715
4747.8984127
K= 1716
8667.28489191
K= 1717
15.3094988344
K= 1718
8.3666666667
K= 1719
3061.87253468
K= 1720
5.97738095233
K= 1721
8674.0
K= 1722
8.46299533802
K= 1723
8671.0
K= 1724
7.33830409357
K= 1725
16.1575757576
K= 1726
316.0127006
K= 1727
8823.0
K= 1728
16.2825757576
K= 1729
4637.70428255
K= 1730
4843.18333333
K= 1731
8656.0
K= 1732
4189.0
K= 1733
7.76666666672
K= 1734
3.36176364671
K= 1735
4803.91273449
K= 1736
8606.0
K= 1737
5.76111111103
K= 1738
4809.46666667
K= 1739
34.0604978355
K= 1740
5.60714285704
K= 1741
4546.98199147
K= 1742
4745.32255474
K= 1743
4850.25
K= 1744
5.86101489072
K= 1745
23.8848597266
K= 1746
113.0
K= 1747
4804.34109761
K= 1748
4.32222222211
K= 1749
16.8333333333
K= 1750
4486.41666667
K= 1751
5.90238095226
K= 1752
85.0
K= 1753
4242.0
K= 1754
8673.0
K= 1755
4.88154761901
K= 1756
9.0
K= 1757
4773.25331613
K= 1758
4747.0203228
K= 1759
4667.96547619
K= 1760
7905.43102231
K= 1761
5.76111111103
K= 1762
3.62495134061
K= 1763
4757.46746032
K= 1764
7.76666666672
K= 1765
4913.26666667
K= 1766
137.25
K= 1767
4367.0
K= 1768
4483.07936508
K= 1769
5.07936507929
K= 1770
109.0
K= 1771
11.5222222223
K= 1772
4214.0
K= 1773
8675.0
K= 1774
16.2825757576
K= 1775
8827.0
K= 1776
37.8599630762
K= 1777
4485.0
K= 1778
106.0
K= 1779
4494.28257576
K= 1780
4691.71461894
K= 1781
4819.79087302
K= 1782
13.7440476191
K= 1783
3.61623931618
K= 1784
4475.28257576
K= 1785
8672.0
K= 1786
3136.68090141
K= 1787
93.0
K= 1788
8.39999999991
K= 1789
4367.0
K= 1790
128.41988417
K= 1791
5.94329004316
K= 1792
8674.0
K= 1793
8.41666666663
K= 1794
3.30733754917
K= 1795
107.0
K= 1796
2991.48816352
K= 1797
8.02601646702
K= 1798
29.2695710722
K= 1799
24.9285714285
K= 1800
16.2825757576
K= 1801
86.0
K= 1802
8625.0
K= 1803
4484.76666667
K= 1804
5.63571428566
K= 1805
7896.51030303
K= 1806
16.2825757576
K= 1807
16.2825757576
K= 1808
45.3632233306
K= 1809
5.09126984118
K= 1810
16.2825757576
K= 1811
6.5
K= 1812
8672.0
K= 1813
5.76111111103
K= 1814
5.09126984118
K= 1815
4.22606837598
K= 1816
4740.7540517
K= 1817
3774.21932175
K= 1818
6.39999999991
K= 1819
332.39690613
K= 1820
13432.1428571
K= 1821
5.00793650793
K= 1822
16.2825757576
K= 1823
4747.8984127
K= 1824
4451.63333333
K= 1825
8675.0
K= 1826
9420.01912934
K= 1827
20.4509803921
K= 1828
416.54591167
K= 1829
8.30952380947
K= 1830
110.0
K= 1831
42.9417027417
K= 1832
16.2825757576
K= 1833
4803.91273449
K= 1834
4823.99754357
K= 1835
4483.75
K= 1836
4991.86063354
K= 1837
137.0
K= 1838
25.3599148928
K= 1839
8.77499999991
K= 1840
5.04886128369
K= 1841
32.4151515152
K= 1842
56.6647790102
K= 1843
8.16666666663
K= 1844
4711.93377553
K= 1845
8.16666666663
K= 1846
16.2825757576
K= 1847
8669.0
K= 1848
37.7326298701
K= 1849
8.41666666663
K= 1850
6.40000000002
K= 1851
4367.0
K= 1852
13.2292812666
K= 1853
8644.0
K= 1854
104.0
K= 1855
345.078175454
K= 1856
7.76666666672
K= 1857
4484.54285714
K= 1858
38.2326298701
K= 1859
4714.23514166
K= 1860
4367.0
K= 1861
4611.0
K= 1862
454.060822511
K= 1863
8612.0
K= 1864
16.3333333333
K= 1865
4789.88574524
K= 1866
13.1214285714
K= 1867
105.0
K= 1868
4367.0
K= 1869
98.2095238095
K= 1870
110.0
K= 1871
4.39579018869
K= 1872
7.58092433284
K= 1873
4367.0
K= 1874
3.06536796538
K= 1875
4552.68571429
K= 1876
8673.0
K= 1877
7.10288147652
K= 1878
6.0
K= 1879
5.09884559875
K= 1880
124.778437816
K= 1881
8669.0
K= 1882
5.95238095219
K= 1883
8.41666666663
K= 1884
99.0
K= 1885
4483.14722222
K= 1886
7904.43816119
K= 1887
9.76666666672
K= 1888
8.3666666667
K= 1889
309.152414252
K= 1890
8827.0
K= 1891
4562.0
K= 1892
5.63571428566
K= 1893
8675.0
K= 1894
4440.01928529
K= 1895
4815.53333333
K= 1896
4580.0
K= 1897
4792.03325867
K= 1898
4991.86063354
K= 1899
5.78571428568
K= 1900
151.983285995
K= 1901
4429.0
K= 1902
3.98888888885
K= 1903
8666.0
K= 1904
2371.05092899
K= 1905
4.05016552075
K= 1906
16.2825757576
K= 1907
3.6552773664
K= 1908
4482.90238095
K= 1909
18.9141773131
K= 1910
6.51111111103
K= 1911
7.76666666672
K= 1912
5.63571428566
K= 1913
16.2825757576
K= 1914
431.283333333
K= 1915
269.731746032
K= 1916
4614.25
K= 1917
16.2825757576
K= 1918
3.61481481476
K= 1919
4823.74981596
K= 1920
4803.11213644
K= 1921
4757.46746032
K= 1922
137.25
K= 1923
5029.08973856
K= 1924
3.88777056278
K= 1925
6.54285714286
K= 1926
4165.0
K= 1927
409.355555556
K= 1928
3615.44646203
K= 1929
5.79285714275
K= 1930
69.2280251592
K= 1931
16.4923100425
K= 1932
738.607667805
K= 1933
4778.88571429
K= 1934
110.0
K= 1935
107.0
K= 1936
49.1591873624
K= 1937
15.2041986686
K= 1938
8.5
K= 1939
7.76666666672
K= 1940
4526.0
K= 1941
25.184157317
K= 1942
4763.18486197
K= 1943
134.542167585
K= 1944
8674.0
K= 1945
4563.0
K= 1946
5.97738095222
K= 1947
19.8936868687
K= 1948
4507.36071429
K= 1949
18.864320518
K= 1950
338.64547452
K= 1951
4747.8984127
K= 1952
4367.0
K= 1953
4812.50873016
K= 1954
3.80265567754
K= 1955
4351.0
K= 1956
340.059139853
K= 1957
3.10014652018
K= 1958
16.1575757576
K= 1959
490.248412698
K= 1960
325.893910284
K= 1961
16.2825757576
K= 1962
4481.80844156
K= 1963
7.33333333337
K= 1964
4833.62301587
K= 1965
4.37485380098
K= 1966
4367.0
K= 1967
110.0
K= 1968
4811.6529433
K= 1969
272.617857143
K= 1970
133.15
K= 1971
31.5495492191
K= 1972
4803.91273449
K= 1973
137.25
K= 1974
4196.0
K= 1975
4196.0
K= 1976
28.3184212846
K= 1977
657.340697211
K= 1978
4714.23514166
K= 1979
8955.69221675
K= 1980
123.333333333
K= 1981
5.73571428563
K= 1982
16.2825757576
K= 1983
9462.85995116
K= 1984
80.0
K= 1985
8.33333333337
K= 1986
4455.05183575
K= 1987
2336.76462859
K= 1988
20.1428571428
K= 1989
4196.0
K= 1990
4483.56666667
K= 1991
4783.4531618
K= 1992
127.25
K= 1993
5.63888888876
K= 1994
4991.86063354
K= 1995
137.25
K= 1996
4778.88571429
K= 1997
12.8166666667
K= 1998
5.14722222206
K= 1999
16.2825757576
K= 2000
6.56666666665
K= 2001
4817.5
K= 2002
4785.96677022
K= 2003
4367.0
K= 2004
4880.41666667
K= 2005
8.30952380947
K= 2006
210.0
K= 2007
4632.8683695
K= 2008
4913.26666667
K= 2009
110.0
K= 2010
3.79503662989
K= 2011
79.0
K= 2012
6.0
K= 2013
3.88777056278
K= 2014
4.43956043944
K= 2015
4747.8984127
K= 2016
86.8333333334
K= 2017
25.1127667653
K= 2018
15.9575757575
K= 2019
8.5
K= 2020
7.5
K= 2021
8.41666666663
K= 2022
4512.23514166
K= 2023
4.615151515
K= 2024
4564.0
K= 2025
1273.21193123
K= 2026
4747.8984127
K= 2027
401.916666667
K= 2028
8.3666666667
K= 2029
4804.9797619
K= 2030
14.8357142856
K= 2031
3.43227513228
K= 2032
17915.3478261
K= 2033
7.76666666672
K= 2034
4839.32460317
K= 2035
4830.71190476
K= 2036
22.1070707071
K= 2037
84.0
K= 2038
4908.53333333
K= 2039
4196.0
K= 2040
53.1479409479
K= 2041
4367.0
K= 2042
32.3588966066
K= 2043
2906.33110528
K= 2044
27.5985653234
K= 2045
171.0
K= 2046
8672.0
K= 2047
12.7999999999
K= 2048
8675.0
K= 2049
16.3333333333
K= 2050
16.2825757576
K= 2051
8623.0
K= 2052
4494.28257576
K= 2053
4494.28257576
K= 2054
16.2825757576
K= 2055
8568.0
K= 2056
347.819083694
K= 2057
4775.71061552
K= 2058
9.72665903892
K= 2059
7889.91634199
K= 2060
4769.96677022
K= 2061
557.647391289
K= 2062
6.09914529906
K= 2063
5.97738095222
K= 2064
4803.91273449
K= 2065
4195.0
K= 2066
5.97738095222
K= 2067
24.2933815104
K= 2068
331.33977591
K= 2069
4502.05183575
K= 2070
7899.44174762
K= 2071
8.3666666667
K= 2072
3.99134199135
K= 2073
2846.56517947
K= 2074
16.2825757576
K= 2075
4766.73731999
K= 2076
16.2825757576
K= 2077
111.15
K= 2078
8.41666666663
K= 2079
8827.0
K= 2080
4795.80189435
K= 2081
5.09884559875
K= 2082
4805.7640785
K= 2083
4482.28856838
K= 2084
38.2326298701
K= 2085
15.4583333333
K= 2086
4991.86063354
K= 2087
18150.4285714
K= 2088
4801.02993633
K= 2089
23.7440476191
K= 2090
15.8110431235
K= 2091
5188.50242624
K= 2092
4814.83202022
K= 2093
398.0
K= 2094
253.62373869
K= 2095
8959.57338936
K= 2096
300.723034538
K= 2097
14.2087471415
K= 2098
385.166666667
K= 2099
4741.91273449
K= 2100
8827.0
K= 2101
261.302635063
K= 2102
4196.0
K= 2103
4592.0
K= 2104
134.25
K= 2105
8659.0
K= 2106
4835.5
K= 2107
4768.15241425
K= 2108
2305.8327455
K= 2109
4485.57792208
K= 2110
564.623472136
K= 2111
4482.73737374
K= 2112
8827.0
K= 2113
6.49999999988
K= 2114
14.2919565217
K= 2115
4822.40793651
K= 2116
9.21595607221
K= 2117
8827.0
K= 2118
4.57546897535
K= 2119
38.9
K= 2120
4196.0
K= 2121
8675.0
K= 2122
8.3257142856
K= 2123
4592.0
K= 2124
121.851488002
K= 2125
4265.11348105
K= 2126
8827.0
K= 2127
138.25
K= 2128
314.386531569
K= 2129
4368.33333333
K= 2130
16.2825757576
K= 2131
8.41666666663
K= 2132
4577.0
K= 2133
21.0185185183
K= 2134
16.9965589965
K= 2135
4503.45082398
K= 2136
4367.0
K= 2137
18.864320518
K= 2138
30.1713786214
K= 2139
4367.0
K= 2140
4482.22757937
K= 2141
358.216533466
K= 2142
4367.0
K= 2143
4493.95757576
K= 2144
4494.28257576
K= 2145
340.526399211
K= 2146
4814.44196311
K= 2147
4480.78571429
K= 2148
300.809275886
K= 2149
4483.07936508
K= 2150
8674.0
K= 2151
4796.06896159
K= 2152
8606.0
K= 2153
8644.0
K= 2154
111.4
K= 2155
4367.0
K= 2156
16.2825757576
K= 2157
16.2825757576
K= 2158
4770.46746032
K= 2159
9218.5
K= 2160
4608.241187
K= 2161
31.2928321678
K= 2162
5.95238095219
K= 2163
4.53571428568
K= 2164
5.78571428568
K= 2165
4831.90634921
K= 2166
7.76666666672
K= 2167
355.226190476
K= 2168
4587.0
K= 2169
4600.0
K= 2170
2.25
K= 2171
8671.0
K= 2172
8.30952380947
K= 2173
3773.43159206
K= 2174
5087.04923774
K= 2175
16.2825757576
K= 2176
4.56286393327
K= 2177
7.76666666672
K= 2178
4196.0
K= 2179
15.4583333333
K= 2180
6.96669508377
K= 2181
4587.0
K= 2182
18.262300316
K= 2183
7.76666666672
K= 2184
4494.28257576
K= 2185
8827.0
K= 2186
8674.0
K= 2187
14.8233294653
K= 2188
4739.03614719
K= 2189
4590.0
K= 2190
85.8834054834
K= 2191
2988.46052753
K= 2192
8.30952380947
K= 2193
16791.0
K= 2194
16.2825757576
K= 2195
8657.0
K= 2196
4837.27857143
K= 2197
10.3666666667
K= 2198
7.76666666672
K= 2199
29.0254190256
K= 2200
331.387928704
K= 2201
4707.0
K= 2202
8827.0
K= 2203
12.7999999999
K= 2204
4455.26015914
K= 2205
4.29273504263
K= 2206
4516.8984127
K= 2207
4529.5
K= 2208
16.2825757576
K= 2209
4802.66565657
K= 2210
389.85
K= 2211
4991.86063354
K= 2212
503.482575757
K= 2213
4367.0
K= 2214
262.660129766
K= 2215
5077.482374
K= 2216
5735.61980695
K= 2217
16.2825757576
K= 2218
4.38888888876
K= 2219
4367.0
K= 2220
8827.0
K= 2221
4494.28257576
K= 2222
12867.0
K= 2223
26.5572462024
K= 2224
13493.1209957
K= 2225
4787.98614719
K= 2226
4494.28257576
K= 2227
4367.0
K= 2228
17911.6914968
K= 2229
52962.0
K= 2230
4777.38542054
K= 2231
11.9222222222
K= 2232
20.5645828837
K= 2233
4668.23514166
K= 2234
110.0
K= 2235
4196.0
K= 2236
8827.0
K= 2237
4.20192307688
K= 2238
88.0
K= 2239
201.836378491
K= 2240
16.2825757576
K= 2241
317.843335724
K= 2242
11.5222222222
K= 2243
4196.0
K= 2244
4818.88571429
K= 2245
4.25233100227
K= 2246
3.88777056278
K= 2247
6.4769230769
K= 2248
8.41666666663
K= 2249
3.0
K= 2250
650.302863668
K= 2251
2182.1317405
K= 2252
4196.0
K= 2253
3534.29718032
K= 2254
12.3333333333
K= 2255
29.25
K= 2256
269.416331708
K= 2257
8675.0
K= 2258
4196.0
K= 2259
4494.28257576
K= 2260
8827.0
K= 2261
5.00793650793
K= 2262
8675.0
K= 2263
16.2825757576
K= 2264
8.41666666663
K= 2265
8.16666666663
K= 2266
17.0333333333
K= 2267
8607.0
K= 2268
5.43294287415
K= 2269
4481.0
K= 2270
8.5
K= 2271
4729.28241342
K= 2272
333.781699279
K= 2273
4550.41178266
K= 2274
76.4317066453
K= 2275
4757.41893196
K= 2276
2.90074175817
K= 2277
8674.0
K= 2278
137.25
K= 2279
16.2825757576
K= 2280
4634.45
K= 2281
8664.0
K= 2282
4.16899766901
K= 2283
9.56007325999
K= 2284
5.96349206334
K= 2285
4493.80725524
K= 2286
6.5
K= 2287
108.0
K= 2288
16.2825757576
K= 2289
354.925
K= 2290
4854.24249639
K= 2291
16.4166666666
K= 2292
4757.46746032
K= 2293
8675.0
K= 2294
4554.8984127
K= 2295
101.0
K= 2296
2337.65725479
K= 2297
4196.0
K= 2298
16.2825757576
K= 2299
7.5
K= 2300
8827.0
K= 2301
4818.24921245
K= 2302
14.5666666667
K= 2303
4482.72110297
K= 2304
137.0
K= 2305
4741.91273449
K= 2306
3.9925366299
K= 2307
109.0
K= 2308
110.0
K= 2309
4479.64455113
K= 2310
4771.0
K= 2311
8675.0
K= 2312
133.083333333
K= 2313
16.2825757576
K= 2314
4741.91273449
K= 2315
4744.09496696
K= 2316
52962.0
K= 2317
408.814978355
K= 2318
4.73444976076
K= 2319
482.35437712
K= 2320
8.41666666663
K= 2321
4783.11213644
K= 2322
676.295321345
K= 2323
2728.57714406
K= 2324
385.423446352
K= 2325
5.53888888878
K= 2326
4485.76666667
K= 2327
4803.91273449
K= 2328
4534.14785354
K= 2329
8674.0
K= 2330
4482.80844156
K= 2331
22.9740909874
K= 2332
200.817857143
K= 2333
8.71753246745
K= 2334
7.76666666672
K= 2335
7.76666666672
K= 2336
4563.0
K= 2337
15.6704260048
K= 2338
5425.62764491
K= 2339
9293.5074245
K= 2340
110.0
K= 2341
4367.0
K= 2342
5.97738095222
K= 2343
262.660129766
K= 2344
4555.8984127
K= 2345
4196.0
K= 2346
978.576530578
K= 2347
15.684339582
K= 2348
4615.0
K= 2349
8674.0
K= 2350
8827.0
Betweenness Centrality Improvement
[ 16.26426255   5.97738095   8.30952381 ...,   0.           0.           0.        ]
Top 20 BC Improvement
[1163  498 2316 2229 1589 2087 2032 2228 1508 1599 1606 1217 2193 2224  681
 1820 1499 1657 2222 1627]
