txValue= 10000
IGRAPH D--- 4619 68733 -- 
+ attr: pub_key (v), base_fee (e), capacity (e), fee_rate (e), txCost (e)
None
Our nodes starting connections: 
(4618, 2796)
(4618, 1223)
(4618, 1163)
(4618, 498)
(4618, 3265)
(4618, 1589)
(4618, 4051)
(4618, 3246)
(4618, 2087)
K= 0
21.6034018927
K= 1
12.7666666666
K= 2
16.4095238094
K= 3
131.035130148
K= 4
302.0
K= 5
4499.70392835
K= 6
150.0
K= 7
18.5714285715
K= 8
4494.09494949
K= 9
19.8766233766
K= 10
4129.0
K= 11
16.1620046647
K= 12
227.583333333
K= 13
25.20392835
K= 14
35.0333333334
K= 15
378.227027027
K= 16
25.8150394611
K= 17
8839.0
K= 18
10.9246706507
K= 19
29.5383699634
K= 20
24.70392835
K= 21
16.4095238094
K= 22
4705.09866245
K= 23
226.583333333
K= 24
4482.42945974
K= 25
11.0401815575
K= 26
16.5166666666
K= 27
25.3666666667
K= 28
4544.39058062
K= 29
16.5166666666
K= 30
26.3150394611
K= 31
1288.97178173
K= 32
960.956960281
K= 33
15.9095238094
K= 34
26.1891283552
K= 35
24.3238095237
K= 36
8601.0
K= 37
12.2023809524
K= 38
4512.77609107
K= 39
13.2301587302
K= 40
4854.32631308
K= 41
8554.0
K= 42
8603.375
K= 43
10.2102756893
K= 44
15.1738502238
K= 45
4487.6202381
K= 46
4339.0
K= 47
17.6
K= 48
202.25
K= 49
4572.0
K= 50
30.5346994073
K= 51
4672.1580223
K= 52
25.1749891886
K= 53
28.9793187052
K= 54
27.9333333335
K= 55
4868.90841009
K= 56
4634.0
K= 57
26.3150394611
K= 58
16.4095238094
K= 59
4807.83412698
K= 60
4532.65202703
K= 61
45.3057382953
K= 62
53.6534090911
K= 63
5117.33972921
K= 64
31.3684253453
K= 65
4843.36625768
K= 66
3572.27339592
K= 67
4872.61351426
K= 68
227.083333333
K= 69
35.9520194419
K= 70
4857.13201786
K= 71
6560.52796823
K= 72
4790.07903646
K= 73
4486.35238095
K= 74
6.69612881343
K= 75
17.5166666666
K= 76
8598.78470367
K= 77
4294.75
K= 78
4486.4952381
K= 79
4129.0
K= 80
55.6666666667
K= 81
4847.9882871
K= 82
4925.20357143
K= 83
4887.23492063
K= 84
34.9809607753
K= 85
13.0666666667
K= 86
4494.97184096
K= 87
4490.43333333
K= 88
4482.33333333
K= 89
4757.1622977
K= 90
375.525
K= 91
24.5333333334
K= 92
550.11547619
K= 93
51.7222947804
K= 94
26.3150394611
K= 95
61.0595831946
K= 96
507.283739912
K= 97
4810.07211313
K= 98
15.2589285714
K= 99
11.9190476191
K= 100
5677.37332899
K= 101
4488.51190476
K= 102
13.3190476191
K= 103
12.6904761905
K= 104
4609.83553114
K= 105
4615.83412698
K= 106
4499.70392835
K= 107
73.3304776303
K= 108
4604.0
K= 109
174.233333334
K= 110
45.2402348209
K= 111
8839.0
K= 112
4499.70392835
K= 113
14.505069827
K= 114
13.4333333333
K= 115
26.2715612003
K= 116
4846.80284715
K= 117
4294.75
K= 118
4897.86621596
K= 119
16.5166666666
K= 120
529.056659589
K= 121
26.4817061278
K= 122
5250.44463625
K= 123
1056.36457431
K= 124
8839.0
K= 125
122.0
K= 126
9.31250310992
K= 127
379.068809652
K= 128
29.4690049501
K= 129
29.0636904762
K= 130
36.8336131679
K= 131
4519.53930791
K= 132
4499.70392835
K= 133
10.7252964425
K= 134
26.3150394611
K= 135
21.0016233767
K= 136
25.8150394611
K= 137
12.875
K= 138
11623.7851371
K= 139
764.083551207
K= 140
4769.32003824
K= 141
556.233741675
K= 142
4294.75
K= 143
14.522329259
K= 144
26.2715612003
K= 145
4549.91423051
K= 146
12.3920634921
K= 147
15.439775442
K= 148
18.3690476191
K= 149
4460.33412698
K= 150
4867.72734386
K= 151
25.8833333332
K= 152
6361.29396429
K= 153
4626.5007992
K= 154
4543.79160284
K= 155
8839.0
K= 156
7.67424242431
K= 157
166.0
K= 158
8603.0
K= 159
329.97966792
K= 160
4487.24404762
K= 161
8610.0
K= 162
4865.74550523
K= 163
8977.70392835
K= 164
469.709126985
K= 165
21.20392835
K= 166
16.0166666666
K= 167
111.702649715
K= 168
4779.82609714
K= 169
160.15
K= 170
8600.0
K= 171
13.1775252523
K= 172
47.5635283425
K= 173
16.4333333333
K= 174
82.9726831939
K= 175
15.5952380953
K= 176
4807.83412698
K= 177
4782.5007992
K= 178
184.611111111
K= 179
4129.0
K= 180
9.61904761905
K= 181
8839.0
K= 182
9.65612945403
K= 183
46.2546231546
K= 184
12.0
K= 185
4641.0
K= 186
8603.0
K= 187
15.5333333333
K= 188
8839.0
K= 189
10.1701881451
K= 190
4197.0
K= 191
142.0
K= 192
4625.0
K= 193
4896.19761905
K= 194
19.2791704779
K= 195
4129.0
K= 196
8787.14285714
K= 197
28.1428571428
K= 198
42.0895432179
K= 199
47.2000000001
K= 200
130.0
K= 201
4483.4504902
K= 202
82.9726831939
K= 203
4613.83412698
K= 204
1277.53443489
K= 205
15.5333333333
K= 206
8839.0
K= 207
12.5333333333
K= 208
14.0035714287
K= 209
8610.0
K= 210
15.5333333333
K= 211
10.3055340557
K= 212
149.0
K= 213
15.5333333333
K= 214
13.8690476191
K= 215
4197.0
K= 216
15.9666666666
K= 217
25.2311651609
K= 218
4702.0
K= 219
40.3160897192
K= 220
2838.91969776
K= 221
14.0
K= 222
128.188001868
K= 223
4197.0
K= 224
4486.61904762
K= 225
14.5166666666
K= 226
14.2388278388
K= 227
4623.0
K= 228
4656.72346918
K= 229
4394.39285714
K= 230
4797.08546236
K= 231
4634.75833333
K= 232
198.533333334
K= 233
372.028669647
K= 234
36.5299592101
K= 235
671.036886724
K= 236
26.3150394611
K= 237
150.0
K= 238
4839.23492063
K= 239
2623.68416401
K= 240
4882.85459436
K= 241
24.2666666665
K= 242
10.7863247861
K= 243
26.3150394611
K= 244
26.3150394611
K= 245
8603.0
K= 246
4635.65
K= 247
4840.19098124
K= 248
4783.5007992
K= 249
4645.99624233
K= 250
581.258333333
K= 251
9.22790117899
K= 252
197.583333333
K= 253
4327.0
K= 254
4294.75
K= 255
8839.0
K= 256
15.5333333333
K= 257
403.132017864
K= 258
34.1131313131
K= 259
29.5150394611
K= 260
23.726764522
K= 261
183.0
K= 262
8839.0
K= 263
202.583333333
K= 264
5117.33972921
K= 265
17.4333333333
K= 266
13.7619047619
K= 267
25.1615777338
K= 268
15.0071835571
K= 269
13.7333333333
K= 270
4626.0
K= 271
4159.0
K= 272
4495.16190476
K= 273
8839.0
K= 274
4483.82142857
K= 275
48.9080680431
K= 276
38.3160046823
K= 277
4499.70392835
K= 278
4944.81460756
K= 279
25.70392835
K= 280
4159.0
K= 281
31.2000000001
K= 282
39.6944446818
K= 283
8554.0
K= 284
4918.5
K= 285
4723.61633046
K= 286
16.4095238094
K= 287
2702.34282285
K= 288
423.547619048
K= 289
4488.76666667
K= 290
34.0993520396
K= 291
4499.70392835
K= 292
4611.83412698
K= 293
14.8666666667
K= 294
26.5292219273
K= 295
11.6347222221
K= 296
5437.96824739
K= 297
4163.0
K= 298
8602.0
K= 299
171.0
K= 300
24.0690476191
K= 301
4575.0
K= 302
36.5738095237
K= 303
35.8401602405
K= 304
8839.0
K= 305
25.446732992
K= 306
4500.57264957
K= 307
14.5714285715
K= 308
25.70392835
K= 309
193.083333333
K= 310
4294.75
K= 311
4597.0
K= 312
4828.25570399
K= 313
222.9
K= 314
4559.32619048
K= 315
4557.0
K= 316
41.5396993423
K= 317
8839.0
K= 318
156.0
K= 319
30.1454545455
K= 320
10.2984848482
K= 321
341.517744018
K= 322
8603.0
K= 323
4951.17420635
K= 324
4880.03968254
K= 325
4294.75
K= 326
4857.56587302
K= 327
18.7023809524
K= 328
10.152651515
K= 329
11.4190476191
K= 330
29.4083333334
K= 331
4630.0
K= 332
8839.0
K= 333
15.7999999999
K= 334
75.7707953207
K= 335
4488.00718356
K= 336
35.7224220578
K= 337
4615.83412698
K= 338
15.8
K= 339
32.0333333333
K= 340
16.4095238094
K= 341
11645.78763
K= 342
8598.0
K= 343
11.8010883064
K= 344
10.7921561695
K= 345
4598.0
K= 346
4153.16666667
K= 347
4484.96648352
K= 348
4293.6
K= 349
14.3666666667
K= 350
16.4095238094
K= 351
45.6825248413
K= 352
31.7541264091
K= 353
95.616666667
K= 354
25.0985719834
K= 355
4294.75
K= 356
8603.0
K= 357
4294.75
K= 358
12.8282828281
K= 359
4153.16666667
K= 360
193.083333333
K= 361
12.7935397935
K= 362
4498.17647059
K= 363
22.9523809524
K= 364
11658.1941308
K= 365
4862.09866245
K= 366
369.319584493
K= 367
4129.0
K= 368
5117.33972921
K= 369
12.4444444445
K= 370
8839.0
K= 371
48.4936052682
K= 372
12.3523809523
K= 373
4695.28589466
K= 374
4860.32953326
K= 375
386.085250297
K= 376
4498.0
K= 377
25.1060281387
K= 378
16.4333333332
K= 379
16.5166666666
K= 380
10.1961342749
K= 381
22.70392835
K= 382
4490.40952381
K= 383
15.0333333333
K= 384
47.5166666666
K= 385
4499.70392835
K= 386
4485.88571429
K= 387
8577.36538462
K= 388
3401.17345783
K= 389
8256.0
K= 390
19.15
K= 391
599.950049278
K= 392
4129.0
K= 393
13.2333333333
K= 394
8839.0
K= 395
4499.70392835
K= 396
33.2199429072
K= 397
4129.0
K= 398
4656.5
K= 399
4966.21666667
K= 400
26.3611473902
K= 401
16.4570318569
K= 402
4499.70392835
K= 403
4486.4952381
K= 404
4630.0
K= 405
447.958897989
K= 406
8603.5
K= 407
417.206044004
K= 408
11.8
K= 409
8839.0
K= 410
4888.52916667
K= 411
4783.5007992
K= 412
4915.16666667
K= 413
8839.0
K= 414
11.9666666667
K= 415
19.011904762
K= 416
12424.3238095
K= 417
295.343826193
K= 418
26.3150394611
K= 419
11642.6260457
K= 420
25.6216772993
K= 421
4506.86996882
K= 422
63.6793907163
K= 423
4637.0
K= 424
4657.25
K= 425
4499.70392835
K= 426
89.6097846599
K= 427
383.004816017
K= 428
211.893620906
K= 429
14.8666666667
K= 430
47.0635283425
K= 431
4867.48217893
K= 432
12.0437229436
K= 433
491.174388182
K= 434
178.0
K= 435
8256.0
K= 436
5458.19434714
K= 437
14.011904762
K= 438
12.4444444444
K= 439
4499.70392835
K= 440
328.834126984
K= 441
26.3150394611
K= 442
13.7619047619
K= 443
217.333333333
K= 444
52.8192982455
K= 445
4590.0
K= 446
8603.0
K= 447
4672.1580223
K= 448
13.9714285715
K= 449
163.0
K= 450
8839.0
K= 451
4894.07612943
K= 452
21.6444444443
K= 453
4560.4297619
K= 454
4300.5
K= 455
4847.23492063
K= 456
8839.0
K= 457
4865.07146732
K= 458
42.4104209358
K= 459
4499.70392835
K= 460
4129.0
K= 461
4159.0
K= 462
4499.86114739
K= 463
4490.40952381
K= 464
4847.23492063
K= 465
19.9853679957
K= 466
4734.8
K= 467
148.0
K= 468
26.3150394611
K= 469
16.5166666666
K= 470
42.0689542486
K= 471
16.0166666666
K= 472
8.27222222206
K= 473
15.0722222221
K= 474
13.5952380953
K= 475
4877.42378455
K= 476
4783.5007992
K= 477
4499.70392835
K= 478
12.9
K= 479
368.96484046
K= 480
76.1745643247
K= 481
26.3150394611
K= 482
4855.43158369
K= 483
24.8473707478
K= 484
3556.99731906
K= 485
8603.0
K= 486
4807.83412698
K= 487
1329.44545539
K= 488
8418.74603175
K= 489
8609.0
K= 490
8612.0
K= 491
4630.0
K= 492
4294.75
K= 493
3592.96121968
K= 494
12.5857142856
K= 495
47.986288097
K= 496
8603.0
K= 497
160.916666667
K= 498
8.52266355196
K= 499
26.3150394611
K= 500
33.0333333334
K= 501
4501.89956007
K= 502
10.2686284302
K= 503
4481.60656214
K= 504
62.2166666667
K= 505
4871.85396132
K= 506
148.0
K= 507
197.583333333
K= 508
4921.21904762
K= 509
403.132017864
K= 510
4753.32896436
K= 511
393.105604834
K= 512
4850.51519952
K= 513
1053.1826092
K= 514
147.5
K= 515
34.4059422751
K= 516
4129.0
K= 517
12.4763636363
K= 518
4815.42378455
K= 519
16.4666666667
K= 520
4486.56666667
K= 521
40.7054883484
K= 522
4847.9882871
K= 523
13.3690476191
K= 524
51.1163419915
K= 525
4800.73905317
K= 526
4878.79404762
K= 527
145.0
K= 528
4860.22224026
K= 529
139.0
K= 530
14.2388278388
K= 531
4816.92483994
K= 532
4883.42378455
K= 533
25.70392835
K= 534
4499.70392835
K= 535
4499.70392835
K= 536
59.40978466
K= 537
14.2619047619
K= 538
4860.32953326
K= 539
153.0
K= 540
33.7916941147
K= 541
40.7170856922
K= 542
15.85
K= 543
4908.98344156
K= 544
45.6254899903
K= 545
4125.0
K= 546
36.1889905263
K= 547
8588.0
K= 548
6531.04343553
K= 549
26.3150394611
K= 550
9.53333333344
K= 551
1147.19434714
K= 552
4906.38486007
K= 553
8601.0
K= 554
181.0
K= 555
76.6543945061
K= 556
156.0
K= 557
25.70392835
K= 558
4814.42378455
K= 559
4630.0
K= 560
179.0
K= 561
157.1
K= 562
4610.50348933
K= 563
4847.23492063
K= 564
8965.58398763
K= 565
221.083333333
K= 566
4294.75
K= 567
13.9509018757
K= 568
4499.70392835
K= 569
331.939815474
K= 570
429.335924703
K= 571
4805.11984127
K= 572
154.0
K= 573
83.6833333335
K= 574
131.25
K= 575
4854.32631308
K= 576
166.15
K= 577
16.0166666666
K= 578
481.17420635
K= 579
221.357142857
K= 580
39.0283613446
K= 581
12.9052397686
K= 582
4499.70392835
K= 583
279.191269841
K= 584
38.7760910712
K= 585
146.0
K= 586
4569.0
K= 587
6385.7013867
K= 588
220.083333333
K= 589
20.9348039215
K= 590
26.3150394611
K= 591
4613.5
K= 592
310.333333333
K= 593
4898.02222222
K= 594
9341.16666667
K= 595
25.70392835
K= 596
16.4666666667
K= 597
378.567261262
K= 598
9.6124883286
K= 599
227.583333333
K= 600
4490.43333333
K= 601
695.193300393
K= 602
381.56319737
K= 603
4827.00396967
K= 604
4817.34014525
K= 605
4489.0952381
K= 606
4839.70847853
K= 607
4294.75
K= 608
12.7199494948
K= 609
25.3273767564
K= 610
4129.0
K= 611
4294.75
K= 612
4481.94423957
K= 613
4853.57201742
K= 614
5066.45
K= 615
152.0
K= 616
4138.16666667
K= 617
22.7333333334
K= 618
16.5166666666
K= 619
4894.45595238
K= 620
163.15
K= 621
25.6604500891
K= 622
29.7666666666
K= 623
162.933333333
K= 624
4925.6
K= 625
524.827474323
K= 626
179.0
K= 627
12.1679653678
K= 628
4169.6625
K= 629
4138.16666667
K= 630
8601.5
K= 631
4127.0
K= 632
47.5635283425
K= 633
4797.51519952
K= 634
4918.5
K= 635
5450.7499027
K= 636
4948.81240981
K= 637
957.459541064
K= 638
4609.61050779
K= 639
9637.08249154
K= 640
8577.36538462
K= 641
4893.52393796
K= 642
67.0666666667
K= 643
10.0
K= 644
4807.83412698
K= 645
166.0
K= 646
205.92160352
K= 647
4875.04676435
K= 648
4847.23492063
K= 649
4355.66666667
K= 650
5587.43170025
K= 651
28.2690631805
K= 652
6504.5516601
K= 653
318.514430807
K= 654
19.2478937729
K= 655
4294.75
K= 656
26.3150394611
K= 657
4129.0
K= 658
14.8666666667
K= 659
8839.0
K= 660
4858.44257473
K= 661
468.72513501
K= 662
128.998567815
K= 663
6271.60615569
K= 664
7172.44734899
K= 665
4807.83412698
K= 666
25.70392835
K= 667
149.0
K= 668
4590.73905317
K= 669
15.2898954703
K= 670
26.1281707742
K= 671
1023.28853263
K= 672
4621.0
K= 673
14.4357142857
K= 674
87.9560079066
K= 675
24.2251929742
K= 676
4817.95719697
K= 677
394.908410088
K= 678
111.72229478
K= 679
26.3150394611
K= 680
4783.5007992
K= 681
13460.9857143
K= 682
21.3340463458
K= 683
47.7603241917
K= 684
4600.0
K= 685
227.583333333
K= 686
12.5432900434
K= 687
351.465475071
K= 688
4894.14880952
K= 689
374.05495377
K= 690
4775.92483994
K= 691
4935.23333333
K= 692
10.255283094
K= 693
4294.75
K= 694
16.5166666666
K= 695
2573.9922236
K= 696
17.6
K= 697
11631.628079
K= 698
4294.75
K= 699
26.3150394611
K= 700
4905.03808201
K= 701
714.86697287
K= 702
4487.23333333
K= 703
13.171679198
K= 704
4499.70392835
K= 705
28.3150394611
K= 706
8588.0
K= 707
4294.75
K= 708
148.0
K= 709
13.7511904761
K= 710
8839.0
K= 711
16.4095238094
K= 712
4129.0
K= 713
84.4451413021
K= 714
4636.0
K= 715
8593.0
K= 716
18.5166666666
K= 717
4765.18333333
K= 718
4497.6984127
K= 719
17.5166666666
K= 720
15.1053128027
K= 721
4129.0
K= 722
16.5166666666
K= 723
2552.73295317
K= 724
54.1424242426
K= 725
24.6764705882
K= 726
5722.31729723
K= 727
330.0
K= 728
4706.75833333
K= 729
47.5635283425
K= 730
17.6
K= 731
4884.09866245
K= 732
4861.94605125
K= 733
227.583333333
K= 734
28.8818181818
K= 735
4483.23917749
K= 736
4487.86904762
K= 737
4827.19098124
K= 738
180.0
K= 739
292.571428571
K= 740
4904.93204573
K= 741
15.5333333333
K= 742
4537.74638569
K= 743
13.6913419913
K= 744
4624.0
K= 745
4488.86666667
K= 746
13.761904762
K= 747
26.3150394611
K= 748
5721.97359504
K= 749
84.4666666667
K= 750
10.8154021417
K= 751
15.9000407
K= 752
291.379761905
K= 753
4851.32631308
K= 754
11650.1604497
K= 755
26.3611473902
K= 756
126.416666667
K= 757
623.0
K= 758
2648.13108935
K= 759
186.7
K= 760
191.083333333
K= 761
4736.88205856
K= 762
8602.0
K= 763
8839.0
K= 764
8610.0
K= 765
23.2301425665
K= 766
4129.0
K= 767
26.3150394611
K= 768
87.7628180697
K= 769
15.1321835571
K= 770
4865.07146732
K= 771
4499.81908257
K= 772
31.6833333332
K= 773
384.500799201
K= 774
35.9032762406
K= 775
4498.99719062
K= 776
25.70392835
K= 777
8603.0
K= 778
4653.60995671
K= 779
143.5
K= 780
20.4952380953
K= 781
4497.47184096
K= 782
4413.33412698
K= 783
13.909095603
K= 784
5080.00882289
K= 785
4877.42378455
K= 786
24.8609610574
K= 787
112.5
K= 788
26.9333333335
K= 789
11.0
K= 790
17.8690476191
K= 791
4931.07142857
K= 792
466.28963259
K= 793
459.44838109
K= 794
6.8082887698
K= 795
147.0
K= 796
4688.13764657
K= 797
199.592261905
K= 798
8546.75
K= 799
333.834126984
K= 800
4775.12483994
K= 801
4159.0
K= 802
4499.70392835
K= 803
15.1738502238
K= 804
4485.97108597
K= 805
16.0166666666
K= 806
9.61474591622
K= 807
24.794041923
K= 808
205.95
K= 809
4490.01666667
K= 810
4894.45595238
K= 811
4129.0
K= 812
12.0766233767
K= 813
5720.55503443
K= 814
227.333333333
K= 815
4159.0
K= 816
176.164195527
K= 817
4294.75
K= 818
4486.31462139
K= 819
4495.47184096
K= 820
4671.58333333
K= 821
180.0
K= 822
8839.0
K= 823
16.5166666666
K= 824
4844.93234216
K= 825
32.6
K= 826
391.593572631
K= 827
6089.60114381
K= 828
21.7603174604
K= 829
157.563095238
K= 830
112.5
K= 831
151.0
K= 832
18.6027777776
K= 833
25.70392835
K= 834
13.4952380953
K= 835
26.3150394611
K= 836
4498.86114739
K= 837
38.6585081584
K= 838
34.9999999995
K= 839
10.9714285715
K= 840
8603.0
K= 841
141.0
K= 842
675.025793651
K= 843
27.6111473902
K= 844
4483.74711566
K= 845
4499.70392835
K= 846
10.202651515
K= 847
4793.95659766
K= 848
197.583333333
K= 849
4129.0
K= 850
15.5333333333
K= 851
150.0
K= 852
30.2833333334
K= 853
4805.32896436
K= 854
11634.7250409
K= 855
5204.66046176
K= 856
16.4095238094
K= 857
16.5166666666
K= 858
25.20392835
K= 859
169.0
K= 860
42.7631593844
K= 861
313.336055435
K= 862
8547.5
K= 863
10.285164835
K= 864
17.5166666666
K= 865
47.8123735312
K= 866
4631.0
K= 867
4129.0
K= 868
8603.0
K= 869
4487.31904762
K= 870
4615.83412698
K= 871
6204.19381874
K= 872
25.70392835
K= 873
124.0
K= 874
47.5635283425
K= 875
26.3150394611
K= 876
38.4906101992
K= 877
4937.73459596
K= 878
4807.83412698
K= 879
4859.45
K= 880
2744.98906205
K= 881
140.5
K= 882
11.6044372295
K= 883
4499.70392835
K= 884
4499.70392835
K= 885
15.0166666666
K= 886
4756.0
K= 887
4499.70392835
K= 888
395.161111111
K= 889
39.4666666666
K= 890
11.9
K= 891
4230.1074091
K= 892
7.94873547507
K= 893
88.4800443368
K= 894
147.0
K= 895
4888.03968254
K= 896
14.0071835571
K= 897
4671.518288
K= 898
4640.0
K= 899
26.3150394611
K= 900
22.5311965811
K= 901
152.0
K= 902
4159.0
K= 903
4294.75
K= 904
15.1738502238
K= 905
5318.95716026
K= 906
13.8690476191
K= 907
9.26072357746
K= 908
18.7387163561
K= 909
4894.07612943
K= 910
15.8
K= 911
205.95
K= 912
227.583333333
K= 913
376.174246363
K= 914
4408.0
K= 915
387.066775741
K= 916
8610.0
K= 917
4690.23492063
K= 918
4499.70392835
K= 919
231.673443996
K= 920
11.6833333332
K= 921
4877.13201786
K= 922
8610.0
K= 923
227.583333333
K= 924
6795.41315845
K= 925
12.275
K= 926
16.4333333333
K= 927
944.125389182
K= 928
196.178571429
K= 929
26.3150394611
K= 930
20.7903828198
K= 931
12.70995671
K= 932
10.9253968253
K= 933
41.5371602941
K= 934
25.5827589078
K= 935
13.3190476191
K= 936
8610.0
K= 937
30.06102064
K= 938
572.361694678
K= 939
4877.42378455
K= 940
8597.0
K= 941
26.3150394611
K= 942
5117.33972921
K= 943
423.345238095
K= 944
4921.52926327
K= 945
59.5328615831
K= 946
25.3150394611
K= 947
43.0981979404
K= 948
4824.35
K= 949
8577.36538462
K= 950
13.5325757575
K= 951
26.0308514269
K= 952
4498.67647059
K= 953
525.778571428
K= 954
4294.75
K= 955
4879.65610051
K= 956
140.0
K= 957
4490.40952381
K= 958
13.5166666666
K= 959
33.6991664452
K= 960
15.0877696378
K= 961
5458.08323603
K= 962
181.0
K= 963
15.85
K= 964
4883.68236671
K= 965
8546.75
K= 966
4499.70392835
K= 967
4129.0
K= 968
4499.07040742
K= 969
25.8611473902
K= 970
12.3523809523
K= 971
492.570260328
K= 972
4807.83412698
K= 973
82.9726831939
K= 974
8577.36538462
K= 975
4460.33412698
K= 976
148.45
K= 977
12.275
K= 978
4671.58333333
K= 979
77.8631332119
K= 980
4159.0
K= 981
4807.83412698
K= 982
12.3523809523
K= 983
8839.0
K= 984
4486.62051671
K= 985
432.891807498
K= 986
390.35824288
K= 987
440.901521984
K= 988
4129.0
K= 989
87.7628180697
K= 990
4668.2
K= 991
12.7333333334
K= 992
8610.0
K= 993
20.4492063492
K= 994
12.85
K= 995
32.6423646114
K= 996
42.1623237875
K= 997
15.1619047619
K= 998
4489.53333333
K= 999
223.583333333
K= 1000
4294.75
K= 1001
8603.0
K= 1002
8393.49357295
K= 1003
13.8690476191
K= 1004
16.4095238094
K= 1005
26.3150394611
K= 1006
71.1573312366
K= 1007
3531.78897257
K= 1008
8.96255458565
K= 1009
8839.0
K= 1010
4625.0
K= 1011
39.4801589674
K= 1012
6595.00823606
K= 1013
4294.75
K= 1014
2501.20337516
K= 1015
8601.0
K= 1016
15.0952380953
K= 1017
4623.0
K= 1018
4499.70392835
K= 1019
8577.36538462
K= 1020
8585.0
K= 1021
4294.75
K= 1022
4871.85396132
K= 1023
4590.11443846
K= 1024
12.35
K= 1025
39.7048959134
K= 1026
4487.76190476
K= 1027
4880.91201299
K= 1028
890.815279529
K= 1029
8839.0
K= 1030
3594.18778947
K= 1031
5012.92857143
K= 1032
16.4095238094
K= 1033
382.213651115
K= 1034
11.0584415585
K= 1035
4625.0
K= 1036
13.5527777778
K= 1037
26.3150394611
K= 1038
55.75673645
K= 1039
4.10000000009
K= 1040
13.219047619
K= 1041
8603.0
K= 1042
9.66397705732
K= 1043
6250.09806694
K= 1044
8829.2
K= 1045
427.766666667
K= 1046
4294.75
K= 1047
83.685834347
K= 1048
4483.36604103
K= 1049
71.7128305715
K= 1050
4138.16666667
K= 1051
26.3150394611
K= 1052
8603.0
K= 1053
18.5070818071
K= 1054
4379.71895943
K= 1055
4514.0
K= 1056
6213.09806694
K= 1057
356.13601918
K= 1058
447.107270252
K= 1059
13.6380952381
K= 1060
17.381547619
K= 1061
25.6007130125
K= 1062
15.5333333333
K= 1063
157.0
K= 1064
44.6425557639
K= 1065
4862.65610051
K= 1066
104.021464647
K= 1067
431.659929646
K= 1068
13.0666666667
K= 1069
4777.00481602
K= 1070
15.1619047619
K= 1071
4917.86050061
K= 1072
4633.53333333
K= 1073
25.384956914
K= 1074
4484.78174603
K= 1075
4705.09866245
K= 1076
18.4186868687
K= 1077
26.3150394611
K= 1078
12.2199494948
K= 1079
4614.12857143
K= 1080
26.3495222197
K= 1081
10.5166666667
K= 1082
15.5333333333
K= 1083
153.0
K= 1084
4887.23492063
K= 1085
14.511904762
K= 1086
4882.85459436
K= 1087
4887.23492063
K= 1088
17.5166666666
K= 1089
561.61828161
K= 1090
4875.3740716
K= 1091
12.9952380953
K= 1092
40.5402348208
K= 1093
8839.0
K= 1094
2705.98322722
K= 1095
45.0246890875
K= 1096
4920.87038239
K= 1097
4499.70392835
K= 1098
464.07730015
K= 1099
8839.0
K= 1100
24.6764705882
K= 1101
4627.36581445
K= 1102
752.162303704
K= 1103
5012.6952381
K= 1104
146.668272283
K= 1105
4903.27633061
K= 1106
13.2333333334
K= 1107
8596.0
K= 1108
8839.0
K= 1109
4972.50753968
K= 1110
21.3094677869
K= 1111
8604.32222222
K= 1112
4847.23492063
K= 1113
1161.6705662
K= 1114
26.3150394611
K= 1115
11.419047619
K= 1116
5728.68788075
K= 1117
18.0111111111
K= 1118
39.4079314857
K= 1119
8749.36538462
K= 1120
4668.5
K= 1121
6663.42158397
K= 1122
6566.50221089
K= 1123
4838.75
K= 1124
47.5635283425
K= 1125
4829.1580223
K= 1126
22.1445643303
K= 1127
2922.52425151
K= 1128
4803.97552252
K= 1129
26.3150394611
K= 1130
8602.0
K= 1131
333.834126984
K= 1132
117.0
K= 1133
26.3150394611
K= 1134
4807.83412698
K= 1135
14.6380952381
K= 1136
4294.75
K= 1137
99.2195693194
K= 1138
4388.33333333
K= 1139
26.3150394611
K= 1140
4487.76666667
K= 1141
4242.0
K= 1142
4138.16666667
K= 1143
124.0
K= 1144
4582.85694444
K= 1145
196.0
K= 1146
8599.0
K= 1147
13.1857142857
K= 1148
8839.0
K= 1149
4807.83412698
K= 1150
6.54558356665
K= 1151
4911.07827589
K= 1152
352.72401059
K= 1153
8839.0
K= 1154
218.583333333
K= 1155
11.3666666666
K= 1156
315.069450451
K= 1157
5233.31984127
K= 1158
209.116208791
K= 1159
4294.75
K= 1160
4657.0
K= 1161
12.2444444444
K= 1162
4869.2662549
K= 1163
61.0372997487
K= 1164
4527.6788754
K= 1165
8839.0
K= 1166
41.3035468971
K= 1167
4505.85923482
K= 1168
110.591374665
K= 1169
4389.0
K= 1170
25.3893474792
K= 1171
26.3150394611
K= 1172
4848.9006622
K= 1173
4702.78185415
K= 1174
151.0
K= 1175
4714.23571429
K= 1176
437.380773758
K= 1177
8839.0
K= 1178
62.5833882291
K= 1179
50.543283395
K= 1180
15.1214536338
K= 1181
4680.34975857
K= 1182
37.7162337663
K= 1183
116.0
K= 1184
25.1328571429
K= 1185
8602.0
K= 1186
373.879761905
K= 1187
18.0695526695
K= 1188
4489.53333333
K= 1189
4612.83412698
K= 1190
38.7018143648
K= 1191
227.583333333
K= 1192
4842.62381946
K= 1193
8603.0
K= 1194
4675.57038085
K= 1195
6507.1025775
K= 1196
8839.0
K= 1197
26.3150394611
K= 1198
15.8
K= 1199
4483.09494949
K= 1200
4129.0
Betweenness Centrality Improvement
[ 21.60340189  12.76666667  16.40952381 ...,   0.           0.           0.        ]
Top 20 BC Improvement
[ 681  416  364  754  341  419  854  697  138  639  594  163  564 1099 1093
  456  111  413  409  394]
