txValue= 10000
IGRAPH D--- 4619 68733 -- 
+ attr: pub_key (v), base_fee (e), capacity (e), fee_rate (e), txCost (e)
None
Our nodes starting connections: 
(4618, 2796)
(4618, 1223)
(4618, 1163)
(4618, 498)
(4618, 3265)
(4618, 1589)
(4618, 4051)
(4618, 3246)
K= 0
21.6034018927
K= 1
9.2666666666
K= 2
12.4095238097
K= 3
96.0351301476
K= 4
290.0
K= 5
4497.70392835
K= 6
144.0
K= 7
15.5714285716
K= 8
4488.09494949
K= 9
13.3766233767
K= 10
4130.0
K= 11
13.1620046648
K= 12
219.583333333
K= 13
20.20392835
K= 14
25.0333333334
K= 15
375.227027027
K= 16
20.20392835
K= 17
8839.0
K= 18
7.63895636518
K= 19
26.5383699634
K= 20
19.70392835
K= 21
12.4095238097
K= 22
4705.09866245
K= 23
218.583333333
K= 24
4482.26279307
K= 25
7.70684822428
K= 26
12.5166666668
K= 27
23.3666666668
K= 28
4541.39058062
K= 29
12.5166666668
K= 30
20.70392835
K= 31
1276.63844839
K= 32
950.956960281
K= 33
11.9095238097
K= 34
22.855795022
K= 35
19.3238095238
K= 36
8605.0
K= 37
8.86904761917
K= 38
4510.69637022
K= 39
9.23015873029
K= 40
4851.42155117
K= 41
8558.0
K= 42
8604.375
K= 43
6.92456140358
K= 44
9.56273911276
K= 45
4486.95357143
K= 46
4336.0
K= 47
12.6000000001
K= 48
195.416666667
K= 49
4569.0
K= 50
24.5346994075
K= 51
4672.1580223
K= 52
19.8624891884
K= 53
23.5933537929
K= 54
22.9333333335
K= 55
4865.90841009
K= 56
4631.0
K= 57
20.70392835
K= 58
12.4095238097
K= 59
4804.75079365
K= 60
4529.65202703
K= 61
33.3057382954
K= 62
38.6534090911
K= 63
5112.85146024
K= 64
26.3684253453
K= 65
4840.36625768
K= 66
3572.16228481
K= 67
4869.61351426
K= 68
219.083333333
K= 69
33.9103527751
K= 70
4854.06951786
K= 71
6567.92796823
K= 72
4787.07903646
K= 73
4485.68571429
K= 74
6.5143106319
K= 75
12.5166666668
K= 76
8603.59422748
K= 77
4298.75
K= 78
4486.4952381
K= 79
4130.0
K= 80
55.6666666667
K= 81
4846.9882871
K= 82
4922.20357143
K= 83
4884.9015873
K= 84
29.9477095437
K= 85
9.56666666665
K= 86
4494.97184096
K= 87
4489.43333333
K= 88
4479.33333333
K= 89
4753.07896436
K= 90
369.525
K= 91
24.5333333334
K= 92
542.11547619
K= 93
45.7222947804
K= 94
20.70392835
K= 95
54.5730031079
K= 96
499.950406578
K= 97
4807.07211313
K= 98
11.9732142858
K= 99
8.41904761922
K= 100
5673.32769407
K= 101
4488.01190476
K= 102
9.31904761924
K= 103
9.02380952402
K= 104
4606.7521978
K= 105
4612.75079365
K= 106
4497.70392835
K= 107
67.4836639047
K= 108
4601.0
K= 109
167.4
K= 110
38.65206568
K= 111
8839.0
K= 112
4497.70392835
K= 113
8.89395871584
K= 114
12.4333333335
K= 115
20.6604500891
K= 116
4843.65999001
K= 117
4298.75
K= 118
4894.78288263
K= 119
12.5166666668
K= 120
528.756659589
K= 121
20.8705950166
K= 122
5244.62759912
K= 123
1045.36457431
K= 124
8839.0
K= 125
116.0
K= 126
6.18750311004
K= 127
378.068809652
K= 128
24.4690049503
K= 129
10.9136904762
K= 130
31.7867320201
K= 131
4514.47740315
K= 132
4497.70392835
K= 133
7.43958215695
K= 134
20.70392835
K= 135
14.5016233767
K= 136
20.8150394611
K= 137
9.375
K= 138
11638.2851371
K= 139
763.333551207
K= 140
4766.32003824
K= 141
548.408344849
K= 142
4298.75
K= 143
11.5223292591
K= 144
20.6604500891
K= 145
4553.02801692
K= 146
11.7253968255
K= 147
12.4397754422
K= 148
11.3690476192
K= 149
4458.75079365
K= 150
4864.72734386
K= 151
19.8833333333
K= 152
6368.62729762
K= 153
4626.5007992
K= 154
4538.70271395
K= 155
8839.0
K= 156
4.67424242431
K= 157
160.0
K= 158
8607.0
K= 159
323.896334587
K= 160
4485.24404762
K= 161
8614.0
K= 162
4862.74550523
K= 163
8975.70392835
K= 164
463.459126985
K= 165
19.20392835
K= 166
12.0166666668
K= 167
110.774078287
K= 168
4779.82609714
K= 169
157.15
K= 170
8604.0
K= 171
12.5108585859
K= 172
44.0635283425
K= 173
12.4333333335
K= 174
77.2726831938
K= 175
12.0952380954
K= 176
4804.75079365
K= 177
4779.5007992
K= 178
181.611111111
K= 179
4130.0
K= 180
6.61904761917
K= 181
8839.0
K= 182
6.65612945403
K= 183
31.2546231546
K= 184
7.0
K= 185
4638.0
K= 186
8607.0
K= 187
11.8666666667
K= 188
8839.0
K= 189
6.98836996348
K= 190
4201.0
K= 191
136.0
K= 192
4622.0
K= 193
4893.19761905
K= 194
15.6125038115
K= 195
4130.0
K= 196
8788.14285714
K= 197
28.142857143
K= 198
37.0339876623
K= 199
40.2000000001
K= 200
120.0
K= 201
4483.4504902
K= 202
77.2726831938
K= 203
4610.75079365
K= 204
1269.5187922
K= 205
11.8666666667
K= 206
8839.0
K= 207
11.8666666667
K= 208
13.0035714287
K= 209
8614.0
K= 210
11.8666666667
K= 211
5.30553405569
K= 212
143.0
K= 213
11.8666666667
K= 214
9.86904761917
K= 215
4201.0
K= 216
11.9666666668
K= 217
20.7311651608
K= 218
4704.0
K= 219
34.1110632642
K= 220
2844.91969776
K= 221
11.0000000001
K= 222
128.188001867
K= 223
4201.0
K= 224
4486.61904762
K= 225
12.5166666668
K= 226
10.5721611723
K= 227
4620.0
K= 228
4656.78229271
K= 229
4393.39285714
K= 230
4794.08546236
K= 231
4631.75833333
K= 232
192.533333334
K= 233
366.028669647
K= 234
32.5299592102
K= 235
503.436886724
K= 236
20.70392835
K= 237
144.0
K= 238
4836.9015873
K= 239
2627.18416401
K= 240
4879.78316579
K= 241
21.2666666667
K= 242
7.452991453
K= 243
20.70392835
K= 244
20.70392835
K= 245
8607.0
K= 246
4632.65
K= 247
4837.19098124
K= 248
4780.5007992
K= 249
4644.99624233
K= 250
573.258333333
K= 251
6.09456784558
K= 252
191.583333333
K= 253
4324.0
K= 254
4298.75
K= 255
8839.0
K= 256
11.8666666667
K= 257
397.069517864
K= 258
28.1131313131
K= 259
23.90392835
K= 260
15.5162382063
K= 261
175.0
K= 262
8839.0
K= 263
196.583333333
K= 264
5112.85146024
K= 265
13.4333333335
K= 266
10.0952380953
K= 267
20.1615777338
K= 268
10.0071835571
K= 269
10.0666666667
K= 270
4623.0
K= 271
4163.0
K= 272
4493.16190476
K= 273
8839.0
K= 274
4483.6547619
K= 275
43.7548212897
K= 276
33.2278355415
K= 277
4497.70392835
K= 278
4942.02294089
K= 279
20.70392835
K= 280
4163.0
K= 281
24.2000000002
K= 282
34.0976309561
K= 283
8558.0
K= 284
4915.5
K= 285
4721.53299712
K= 286
12.4095238097
K= 287
2704.77615618
K= 288
420.547619048
K= 289
4488.76666667
K= 290
28.5993520397
K= 291
4497.70392835
K= 292
4608.75079365
K= 293
11.2000000001
K= 294
18.5292219274
K= 295
8.34900793643
K= 296
5443.0521115
K= 297
4164.0
K= 298
8606.0
K= 299
163.0
K= 300
23.6690476192
K= 301
4572.0
K= 302
34.5738095238
K= 303
33.7850131817
K= 304
8839.0
K= 305
22.3038758492
K= 306
4493.90598291
K= 307
14.5714285716
K= 308
20.70392835
K= 309
186.083333333
K= 310
4298.75
K= 311
4594.0
K= 312
4825.25570399
K= 313
214.9
K= 314
4556.82619048
K= 315
4554.0
K= 316
33.5126723152
K= 317
8839.0
K= 318
150.0
K= 319
21.1454545455
K= 320
7.09848484851
K= 321
330.434410685
K= 322
8607.0
K= 323
4948.20992064
K= 324
4877.03968254
K= 325
4298.75
K= 326
4857.56587302
K= 327
13.2023809525
K= 328
7.15265151509
K= 329
8.41904761922
K= 330
26.4083333334
K= 331
4627.0
K= 332
8839.0
K= 333
11.8000000002
K= 334
65.4930175432
K= 335
4486.00718356
K= 336
30.7224220576
K= 337
4612.75079365
K= 338
11.8000000002
K= 339
26.0333333334
K= 340
12.4095238097
K= 341
11660.78763
K= 342
8602.0
K= 343
11.5510883065
K= 344
5.40326728055
K= 345
4595.0
K= 346
4157.16666667
K= 347
4484.96648352
K= 348
4290.6
K= 349
10.7000000001
K= 350
12.4095238097
K= 351
41.6825248412
K= 352
22.7541264091
K= 353
88.9500000003
K= 354
20.0985719834
K= 355
4298.75
K= 356
8607.0
K= 357
4298.75
K= 358
9.16161616158
K= 359
4157.16666667
K= 360
186.083333333
K= 361
9.29353979358
K= 362
4496.17647059
K= 363
19.2857142858
K= 364
11672.6051429
K= 365
4859.09866245
K= 366
363.319584493
K= 367
4130.0
K= 368
5112.85146024
K= 369
9.04444444447
K= 370
8839.0
K= 371
40.4436052681
K= 372
8.68571428582
K= 373
4692.28589466
K= 374
4857.32953326
K= 375
380.085250297
K= 376
4496.0
K= 377
20.1060281385
K= 378
12.4333333335
K= 379
12.5166666668
K= 380
7.01431609329
K= 381
20.70392835
K= 382
4489.40952381
K= 383
11.3666666667
K= 384
40.5166666668
K= 385
4497.70392835
K= 386
4485.48571429
K= 387
8584.61538462
K= 388
3402.84131497
K= 389
8258.0
K= 390
14.6500000001
K= 391
591.950049278
K= 392
4130.0
K= 393
9.56666666665
K= 394
8839.0
K= 395
4497.70392835
K= 396
27.6866095739
K= 397
4130.0
K= 398
4653.5
K= 399
4962.88333333
K= 400
22.8611473902
K= 401
12.4570318571
K= 402
4497.70392835
K= 403
4486.4952381
K= 404
4627.0
K= 405
442.015716171
K= 406
8607.5
K= 407
411.296953095
K= 408
11.0
K= 409
8839.0
K= 410
4885.52916667
K= 411
4780.5007992
K= 412
4913.16666667
K= 413
8839.0
K= 414
11.3
K= 415
13.511904762
K= 416
12435.4666667
K= 417
288.093826193
K= 418
20.70392835
K= 419
11657.6260457
K= 420
20.6216772993
K= 421
4498.86996882
K= 422
48.1793907163
K= 423
4634.0
K= 424
4654.25
K= 425
4497.70392835
K= 426
82.520895771
K= 427
377.004816017
K= 428
205.893620906
K= 429
11.2000000001
K= 430
43.5635283425
K= 431
4864.48217893
K= 432
8.8619047621
K= 433
491.736292944
K= 434
170.0
K= 435
8258.0
K= 436
5454.97868225
K= 437
10.511904762
K= 438
9.04444444447
K= 439
4497.70392835
K= 440
322.750793651
K= 441
20.70392835
K= 442
10.0952380953
K= 443
209.333333333
K= 444
52.8192982456
K= 445
4587.0
K= 446
8607.0
K= 447
4672.1580223
K= 448
9.9714285715
K= 449
157.0
K= 450
8839.0
K= 451
4891.07612943
K= 452
15.6444444444
K= 453
4557.34642857
K= 454
4297.5
K= 455
4844.9015873
K= 456
8839.0
K= 457
4862.16670542
K= 458
37.368754269
K= 459
4497.70392835
K= 460
4130.0
K= 461
4163.0
K= 462
4499.86114739
K= 463
4489.40952381
K= 464
4844.9015873
K= 465
16.3187013293
K= 466
4731.3
K= 467
145.0
K= 468
20.70392835
K= 469
12.5166666668
K= 470
33.0689542484
K= 471
12.0166666668
K= 472
8.27222222206
K= 473
12.0722222221
K= 474
9.92857142864
K= 475
4874.42378455
K= 476
4780.5007992
K= 477
4497.70392835
K= 478
9.40000000002
K= 479
362.131507127
K= 480
70.3626595628
K= 481
20.70392835
K= 482
4852.43158369
K= 483
19.2848707478
K= 484
3557.34134716
K= 485
8607.0
K= 486
4804.75079365
K= 487
1330.11022811
K= 488
8426.88888889
K= 489
8613.0
K= 490
8613.0
K= 491
4627.0
K= 492
4298.75
K= 493
3586.76121968
K= 494
8.9190476191
K= 495
44.486288097
K= 496
8607.0
K= 497
152.916666667
K= 498
6.35599688522
K= 499
20.70392835
K= 500
25.0333333334
K= 501
4496.89956007
K= 502
7.01862843044
K= 503
4481.60656214
K= 504
57.2166666667
K= 505
4868.85396132
K= 506
142.0
K= 507
191.583333333
K= 508
4918.21904762
K= 509
397.069517864
K= 510
4751.24563103
K= 511
387.105604834
K= 512
4847.51519952
K= 513
1051.1826092
K= 514
141.5
K= 515
25.4059422752
K= 516
4130.0
K= 517
9.47636363655
K= 518
4812.42378455
K= 519
12.4666666668
K= 520
4486.16666667
K= 521
34.8586746228
K= 522
4846.9882871
K= 523
9.36904761917
K= 524
45.3663419914
K= 525
4797.65571983
K= 526
4875.79404762
K= 527
138.0
K= 528
4857.22224026
K= 529
133.0
K= 530
10.5721611723
K= 531
4814.92483994
K= 532
4880.42378455
K= 533
20.70392835
K= 534
4497.70392835
K= 535
4497.70392835
K= 536
54.320895771
K= 537
10.5952380953
K= 538
4857.32953326
K= 539
147.0
K= 540
28.7295248025
K= 541
35.6551809303
K= 542
11.8500000002
K= 543
4905.98344156
K= 544
40.5898774547
K= 545
4129.0
K= 546
30.3556571929
K= 547
8592.0
K= 548
6538.19589858
K= 549
20.70392835
K= 550
6.53333333344
K= 551
1143.97868225
K= 552
4903.39921414
K= 553
8603.0
K= 554
173.0
K= 555
70.3986927517
K= 556
150.0
K= 557
20.70392835
K= 558
4811.42378455
K= 559
4627.0
K= 560
171.0
K= 561
149.433333333
K= 562
4607.42015599
K= 563
4844.9015873
K= 564
8965.58398763
K= 565
213.083333333
K= 566
4298.75
K= 567
10.2842352092
K= 568
4497.70392835
K= 569
327.939815474
K= 570
422.335924703
K= 571
4802.03650794
K= 572
149.0
K= 573
78.1833333335
K= 574
125.25
K= 575
4851.42155117
K= 576
160.15
K= 577
12.0166666668
K= 578
475.209920636
K= 579
213.357142857
K= 580
31.0283613446
K= 581
9.81828324683
K= 582
4497.70392835
K= 583
278.791269841
K= 584
33.6963702174
K= 585
140.0
K= 586
4566.0
K= 587
6382.20558469
K= 588
212.083333333
K= 589
17.9348039215
K= 590
20.70392835
K= 591
4610.5
K= 592
298.333333333
K= 593
4895.02222222
K= 594
9335.16666667
K= 595
20.70392835
K= 596
12.4666666668
K= 597
372.567261262
K= 598
6.46963118587
K= 599
219.583333333
K= 600
4489.43333333
K= 601
687.109967059
K= 602
375.56319737
K= 603
4825.00396967
K= 604
4816.34014525
K= 605
4488.5952381
K= 606
4837.70847853
K= 607
4298.75
K= 608
8.71994949493
K= 609
20.3273767564
K= 610
4130.0
K= 611
4298.75
K= 612
4480.34423957
K= 613
4850.57201742
K= 614
5064.45
K= 615
146.0
K= 616
4142.16666667
K= 617
21.4
K= 618
12.5166666668
K= 619
4891.45595238
K= 620
160.15
K= 621
20.6604500891
K= 622
26.7666666668
K= 623
156.783333333
K= 624
4922.6
K= 625
513.077474323
K= 626
171.0
K= 627
8.88225108234
K= 628
4170.6625
K= 629
4142.16666667
K= 630
8605.5
K= 631
4128.0
K= 632
44.0635283425
K= 633
4794.51519952
K= 634
4915.5
K= 635
5447.53423781
K= 636
4946.04574315
K= 637
956.626207731
K= 638
4609.61050779
K= 639
9631.08249154
K= 640
8584.61538462
K= 641
4890.4572713
K= 642
50.0666666668
K= 643
9.99999999988
K= 644
4804.75079365
K= 645
160.0
K= 646
156.52160352
K= 647
4872.04676435
K= 648
4844.9015873
K= 649
4354.66666667
K= 650
5579.93205148
K= 651
25.2690631807
K= 652
6512.6443102
K= 653
312.414430807
K= 654
19.2478937728
K= 655
4298.75
K= 656
20.70392835
K= 657
4130.0
K= 658
11.2000000001
K= 659
8839.0
K= 660
4855.44257473
K= 661
463.582277867
K= 662
109.921901149
K= 663
6280.75615569
K= 664
7170.31165136
K= 665
4804.75079365
K= 666
20.70392835
K= 667
146.0
K= 668
4587.65571983
K= 669
12.2898954705
K= 670
20.70392835
K= 671
1021.28853263
K= 672
4618.0
K= 673
10.9357142858
K= 674
62.9560079066
K= 675
22.2251929742
K= 676
4814.95719697
K= 677
388.908410087
K= 678
101.72229478
K= 679
20.70392835
K= 680
4780.5007992
K= 681
13451.9857143
K= 682
17.9098039215
K= 683
36.7603241919
K= 684
4597.0
K= 685
219.583333333
K= 686
9.04329004348
K= 687
346.382141738
K= 688
4891.14880952
K= 689
370.05495377
K= 690
4774.92483994
K= 691
4932.23333333
K= 692
7.00528309401
K= 693
4298.75
K= 694
12.5166666668
K= 695
2574.57228896
K= 696
12.6000000001
K= 697
11642.628079
K= 698
4298.75
K= 699
20.70392835
K= 700
4901.93808201
K= 701
709.121228815
K= 702
4486.56666667
K= 703
9.67167919816
K= 704
4497.70392835
K= 705
22.70392835
K= 706
8592.0
K= 707
4298.75
K= 708
141.0
K= 709
10.0845238095
K= 710
8839.0
K= 711
12.4095238097
K= 712
4130.0
K= 713
78.6654204482
K= 714
4633.0
K= 715
8597.0
K= 716
13.5166666668
K= 717
4765.18333333
K= 718
4495.1984127
K= 719
12.5166666668
K= 720
9.10531280283
K= 721
4130.0
K= 722
12.5166666668
K= 723
2543.63555683
K= 724
51.3424242425
K= 725
19.6764705882
K= 726
5714.62741433
K= 727
318.0
K= 728
4703.75833333
K= 729
44.0635283425
K= 730
12.6000000001
K= 731
4881.09866245
K= 732
4858.94605125
K= 733
219.583333333
K= 734
25.45
K= 735
4483.23917749
K= 736
4486.86904762
K= 737
4824.19098124
K= 738
172.0
K= 739
608.642857143
K= 740
4902.21776002
K= 741
11.8666666667
K= 742
4532.62274037
K= 743
10.6913419914
K= 744
4621.0
K= 745
4488.2
K= 746
10.761904762
K= 747
20.70392835
K= 748
5714.28371213
K= 749
78.9666666667
K= 750
7.48206880828
K= 751
13.9000407
K= 752
284.379761905
K= 753
4848.42155117
K= 754
11665.2130813
K= 755
22.8611473902
K= 756
120.583333333
K= 757
615.0
K= 758
2649.75966078
K= 759
178.7
K= 760
184.083333333
K= 761
4733.88205856
K= 762
8606.0
K= 763
8839.0
K= 764
8614.0
K= 765
20.2301425664
K= 766
4130.0
K= 767
20.70392835
K= 768
81.9830972158
K= 769
9.52107244602
K= 770
4862.16670542
K= 771
4497.81908257
K= 772
27.6833333335
K= 773
378.500799201
K= 774
30.0699429072
K= 775
4496.99719062
K= 776
20.70392835
K= 777
8607.0
K= 778
4653.60995671
K= 779
137.5
K= 780
13.9952380954
K= 781
4494.47184096
K= 782
4411.75079365
K= 783
10.6971390814
K= 784
5075.59197725
K= 785
4874.42378455
K= 786
19.2498499461
K= 787
107.5
K= 788
21.9333333335
K= 789
7.0
K= 790
10.8690476192
K= 791
4927.73809524
K= 792
458.78963259
K= 793
453.567428709
K= 794
6.60828877008
K= 795
144.0
K= 796
4685.13764657
K= 797
199.592261905
K= 798
8553.75
K= 799
327.750793651
K= 800
4774.92483994
K= 801
4163.0
K= 802
4497.70392835
K= 803
9.56273911276
K= 804
4485.97108597
K= 805
12.0166666668
K= 806
6.41474591638
K= 807
19.7940419229
K= 808
199.116666667
K= 809
4489.01666667
K= 810
4891.45595238
K= 811
4130.0
K= 812
8.67662337678
K= 813
5712.86515153
K= 814
219.333333333
K= 815
4163.0
K= 816
169.664195527
K= 817
4298.75
K= 818
4485.64795472
K= 819
4495.47184096
K= 820
4668.58333333
K= 821
172.0
K= 822
8839.0
K= 823
12.5166666668
K= 824
4841.93234216
K= 825
27.6000000001
K= 826
385.593572631
K= 827
6085.41752505
K= 828
15.3603174605
K= 829
151.229761905
K= 830
110.5
K= 831
145.0
K= 832
14.9361111111
K= 833
20.70392835
K= 834
10.4952380953
K= 835
20.70392835
K= 836
4498.86114739
K= 837
32.6585081586
K= 838
31.9999999997
K= 839
9.9714285715
K= 840
8607.0
K= 841
135.0
K= 842
666.942460317
K= 843
27.6111473902
K= 844
4483.54711566
K= 845
4497.70392835
K= 846
7.20265151514
K= 847
4790.87326433
K= 848
191.583333333
K= 849
4130.0
K= 850
11.8666666667
K= 851
144.0
K= 852
23.0333333334
K= 853
4800.24563103
K= 854
11645.5583742
K= 855
5198.66046176
K= 856
12.4095238097
K= 857
12.5166666668
K= 858
20.20392835
K= 859
166.0
K= 860
37.0631593843
K= 861
308.236055435
K= 862
8551.5
K= 863
7.08516483521
K= 864
12.5166666668
K= 865
42.1254687691
K= 866
4628.0
K= 867
4130.0
K= 868
8607.0
K= 869
4486.31904762
K= 870
4612.75079365
K= 871
6209.78905683
K= 872
20.70392835
K= 873
118.0
K= 874
44.0635283425
K= 875
20.70392835
K= 876
33.4489435324
K= 877
4934.53459596
K= 878
4804.75079365
K= 879
4856.45
K= 880
2746.53629913
K= 881
134.5
K= 882
8.27110389608
K= 883
4497.70392835
K= 884
4497.70392835
K= 885
11.0166666668
K= 886
4754.0
K= 887
4497.70392835
K= 888
389.661111111
K= 889
33.4666666667
K= 890
8.90000000002
K= 891
4233.49887251
K= 892
7.6154021417
K= 893
80.0197502191
K= 894
144.0
K= 895
4885.03968254
K= 896
9.00718355714
K= 897
4671.518288
K= 898
4637.0
K= 899
20.70392835
K= 900
17.6145299145
K= 901
146.0
K= 902
4163.0
K= 903
4298.75
K= 904
9.56273911276
K= 905
5324.19245438
K= 906
9.86904761917
K= 907
6.10687742359
K= 908
13.7387163562
K= 909
4891.07612943
K= 910
11.8000000002
K= 911
199.116666667
K= 912
219.583333333
K= 913
371.174246363
K= 914
4405.0
K= 915
384.566775741
K= 916
8614.0
K= 917
4690.9015873
K= 918
4497.70392835
K= 919
223.673443996
K= 920
8.18333333323
K= 921
4874.06951786
K= 922
8614.0
K= 923
219.583333333
K= 924
6793.22284506
K= 925
9.27500000002
K= 926
12.4333333335
K= 927
944.789254729
K= 928
189.345238095
K= 929
20.70392835
K= 930
18.7903828199
K= 931
9.20995671011
K= 932
7.67539682542
K= 933
35.0371602942
K= 934
20.1660922411
K= 935
9.31904761924
K= 936
8614.0
K= 937
21.06102064
K= 938
564.361694678
K= 939
4874.42378455
K= 940
8601.0
K= 941
20.70392835
K= 942
5112.85146024
K= 943
417.345238095
K= 944
4918.58567352
K= 945
54.4439726941
K= 946
19.70392835
K= 947
31.0981979405
K= 948
4823.85
K= 949
8584.61538462
K= 950
10.0325757576
K= 951
20.70392835
K= 952
4496.67647059
K= 953
519.778571428
K= 954
4298.75
K= 955
4876.71860051
K= 956
134.0
K= 957
4489.40952381
K= 958
12.5166666668
K= 959
28.6991664453
K= 960
9.47665852669
K= 961
5454.86757114
K= 962
173.0
K= 963
11.8500000002
K= 964
4880.68236671
K= 965
8553.75
K= 966
4497.70392835
K= 967
4130.0
K= 968
4497.07040742
K= 969
22.8611473902
K= 970
8.68571428582
K= 971
492.570260328
K= 972
4804.75079365
K= 973
77.2726831938
K= 974
8584.61538462
K= 975
4458.75079365
K= 976
141.25
K= 977
8.94166666665
K= 978
4668.58333333
K= 979
56.863133212
K= 980
4163.0
K= 981
4804.75079365
K= 982
8.68571428582
K= 983
8839.0
K= 984
4484.62051671
K= 985
426.891807498
K= 986
384.35824288
K= 987
433.830093413
K= 988
4130.0
K= 989
81.9830972158
K= 990
4665.2
K= 991
9.33333333337
K= 992
8614.0
K= 993
20.4492063493
K= 994
11.8500000002
K= 995
23.1066503259
K= 996
37.1004190255
K= 997
10.161904762
K= 998
4488.86666667
K= 999
215.583333333
K= 1000
4298.75
K= 1001
8607.0
K= 1002
8397.07135073
K= 1003
9.86904761917
K= 1004
12.4095238097
K= 1005
20.70392835
K= 1006
53.8239979033
K= 1007
3532.54947678
K= 1008
5.8673164905
K= 1009
8839.0
K= 1010
4622.0
K= 1011
34.3833452419
K= 1012
6603.26537892
K= 1013
4298.75
K= 1014
2506.20337516
K= 1015
8605.0
K= 1016
11.5952380954
K= 1017
4620.0
K= 1018
4497.70392835
K= 1019
8584.61538462
K= 1020
8589.0
K= 1021
4298.75
K= 1022
4868.85396132
K= 1023
4591.03110513
K= 1024
11.3500000002
K= 1025
34.1632292466
K= 1026
4487.0952381
K= 1027
4877.91201299
K= 1028
891.243850958
K= 1029
8839.0
K= 1030
3595.76507885
K= 1031
5008.92857143
K= 1032
12.4095238097
K= 1033
376.213651115
K= 1034
7.72510822525
K= 1035
4621.0
K= 1036
10.0527777778
K= 1037
20.70392835
K= 1038
50.1658273591
K= 1039
4.09999999998
K= 1040
12.2190476191
K= 1041
8607.0
K= 1042
6.51013090357
K= 1043
6251.0006706
K= 1044
8829.2
K= 1045
416.766666667
K= 1046
4298.75
K= 1047
63.2407254507
K= 1048
4483.24839397
K= 1049
65.8660168458
K= 1050
4142.16666667
K= 1051
20.70392835
K= 1052
8607.0
K= 1053
14.5070818071
K= 1054
4383.96087771
K= 1055
4511.0
K= 1056
6214.0006706
K= 1057
353.13601918
K= 1058
441.18419333
K= 1059
9.9714285715
K= 1060
12.3815476191
K= 1061
20.1764705882
K= 1062
11.8666666667
K= 1063
148.0
K= 1064
37.1425557641
K= 1065
4859.71860051
K= 1066
97.0214646464
K= 1067
425.701596312
K= 1068
9.56666666665
K= 1069
4777.00481602
K= 1070
10.161904762
K= 1071
4915.06050061
K= 1072
4630.53333333
K= 1073
22.384956914
K= 1074
4484.49603175
K= 1075
4705.09866245
K= 1076
15.0186868687
K= 1077
20.70392835
K= 1078
8.5532828283
K= 1079
4611.0452381
K= 1080
20.7384111086
K= 1081
7.18333333358
K= 1082
11.8666666667
K= 1083
147.0
K= 1084
4884.9015873
K= 1085
11.011904762
K= 1086
4879.78316579
K= 1087
4884.9015873
K= 1088
12.5166666668
K= 1089
554.223544768
K= 1090
4872.3740716
K= 1091
9.99523809529
K= 1092
35.4520656801
K= 1093
8839.0
K= 1094
2707.5304643
K= 1095
39.9541762671
K= 1096
4918.03704906
K= 1097
4497.70392835
K= 1098
456.410633484
K= 1099
8839.0
K= 1100
19.6764705882
K= 1101
4627.32899274
K= 1102
748.586029686
K= 1103
5010.1952381
K= 1104
103.668272283
K= 1105
4900.18542152
K= 1106
9.83333333337
K= 1107
8600.0
K= 1108
8839.0
K= 1109
4969.67420635
K= 1110
18.309467787
K= 1111
8608.32222222
K= 1112
4844.9015873
K= 1113
1162.23680551
K= 1114
20.70392835
K= 1115
8.08571428573
K= 1116
5720.99799785
K= 1117
11.6111111111
K= 1118
34.4079314857
K= 1119
8756.61538462
K= 1120
4665.5
K= 1121
6661.27766863
K= 1122
6575.30221089
K= 1123
4835.75
K= 1124
44.0635283425
K= 1125
4826.1580223
K= 1126
18.3826595685
K= 1127
2926.67290016
K= 1128
4800.89218918
K= 1129
20.70392835
K= 1130
8606.0
K= 1131
327.750793651
K= 1132
112.0
K= 1133
20.70392835
K= 1134
4804.75079365
K= 1135
10.6380952381
K= 1136
4298.75
K= 1137
92.0417915415
K= 1138
4387.33333333
K= 1139
20.70392835
K= 1140
4487.76666667
K= 1141
4239.0
K= 1142
4142.16666667
K= 1143
118.0
K= 1144
4579.77361111
K= 1145
188.0
K= 1146
8603.0
K= 1147
9.68571428582
K= 1148
8839.0
K= 1149
4804.75079365
K= 1150
6.40272642393
K= 1151
4907.95327589
K= 1152
346.72401059
K= 1153
8839.0
K= 1154
211.583333333
K= 1155
10.7000000001
K= 1156
307.636117118
K= 1157
5226.6531746
K= 1158
206.116208791
K= 1159
4298.75
K= 1160
4654.0
K= 1161
8.84444444452
K= 1162
4866.32686096
K= 1163
58.1400775266
K= 1164
4528.59554206
K= 1165
8839.0
K= 1166
29.3035468973
K= 1167
4505.85923482
K= 1168
108.529552004
K= 1169
4389.0
K= 1170
19.9971906164
K= 1171
20.70392835
K= 1172
4845.9006622
K= 1173
4699.78185415
K= 1174
145.0
K= 1175
4711.23571429
K= 1176
431.534619912
K= 1177
8839.0
K= 1178
58.4590496047
K= 1179
44.2875816405
K= 1180
11.9214536339
K= 1181
4680.34975857
K= 1182
27.7162337664
K= 1183
110.0
K= 1184
22.1328571429
K= 1185
8606.0
K= 1186
365.879761905
K= 1187
15.0695526698
K= 1188
4488.86666667
K= 1189
4609.75079365
K= 1190
33.1803857933
K= 1191
219.583333333
K= 1192
4839.62381946
K= 1193
8607.0
K= 1194
4675.57038085
K= 1195
6516.3025775
K= 1196
8839.0
K= 1197
20.70392835
K= 1198
11.8000000002
K= 1199
4483.09494949
K= 1200
4130.0
Betweenness Centrality Improvement
[ 21.60340189   9.26666667  12.40952381 ...,   0.           0.           0.        ]
Top 20 BC Improvement
[ 681  416  364  754  341  419  854  697  138  639  594  163  564  262 1009
 1148 1153  124  983  111]
