txValue= 10000
IGRAPH D--- 4619 68733 -- 
+ attr: pub_key (v), base_fee (e), capacity (e), fee_rate (e), txCost (e)
None
Our nodes starting connections: 
(4618, 2796)
(4618, 1223)
(4618, 1163)
(4618, 498)
(4618, 2229)
(4618, 1589)
K= 0
21.6034018927
K= 1
9.2666666666
K= 2
12.4095238094
K= 3
96.0351301475
K= 4
284.0
K= 5
4497.70392835
K= 6
141.0
K= 7
15.5714285714
K= 8
4488.09494949
K= 9
13.3766233766
K= 10
4140.0
K= 11
13.1620046648
K= 12
202.583333333
K= 13
20.20392835
K= 14
25.0333333332
K= 15
372.227027027
K= 16
20.20392835
K= 17
8839.0
K= 18
7.63895636518
K= 19
26.5383699633
K= 20
19.70392835
K= 21
12.4095238094
K= 22
4699.01532912
K= 23
201.583333333
K= 24
4482.26279307
K= 25
7.70684822404
K= 26
12.5166666666
K= 27
23.3666666665
K= 28
4537.39058062
K= 29
12.5166666666
K= 30
20.70392835
K= 31
1260.63844839
K= 32
926.956960281
K= 33
11.9095238094
K= 34
22.8557950219
K= 35
19.3238095237
K= 36
8615.0
K= 37
8.86904761894
K= 38
4510.52970355
K= 39
9.23015873018
K= 40
4846.12344902
K= 41
8568.0
K= 42
8614.375
K= 43
6.92456140346
K= 44
9.00718355714
K= 45
4486.95357143
K= 46
4332.0
K= 47
12.6
K= 48
189.166666667
K= 49
4564.0
K= 50
24.5346994072
K= 51
4668.69862164
K= 52
19.8624891884
K= 53
23.1388083383
K= 54
22.9333333332
K= 55
4860.46250955
K= 56
4626.0
K= 57
20.70392835
K= 58
12.4095238094
K= 59
4800.75079365
K= 60
4526.65202703
K= 61
33.3057382954
K= 62
38.6534090908
K= 63
5102.6363642
K= 64
26.3157937663
K= 65
4835.36625768
K= 66
3585.21784037
K= 67
4863.90061744
K= 68
202.083333333
K= 69
33.7083325731
K= 70
4848.34394636
K= 71
6586.36546823
K= 72
4782.07903646
K= 73
4485.68571429
K= 74
6.51431063178
K= 75
12.5166666666
K= 76
8619.4096121
K= 77
4308.75
K= 78
4486.4952381
K= 79
4140.0
K= 80
55.6666666666
K= 81
4841.9882871
K= 82
4914.53095238
K= 83
4879.44047619
K= 84
29.7657031444
K= 85
9.56666666665
K= 86
4494.97184096
K= 87
4489.43333333
K= 88
4474.33333333
K= 89
4748.90026376
K= 90
363.048809524
K= 91
24.5333333332
K= 92
527.11547619
K= 93
45.7222947803
K= 94
20.70392835
K= 95
51.2480031078
K= 96
487.056335432
K= 97
4801.53186068
K= 98
11.9732142857
K= 99
8.41904761898
K= 100
5653.15875021
K= 101
4488.01190476
K= 102
9.31904761901
K= 103
9.02380952367
K= 104
4602.7521978
K= 105
4608.75079365
K= 106
4497.70392835
K= 107
65.3723002683
K= 108
4598.0
K= 109
162.15
K= 110
38.4023330597
K= 111
8839.0
K= 112
4497.70392835
K= 113
8.33840316022
K= 114
12.4333333333
K= 115
20.6604500891
K= 116
4837.34289044
K= 117
4308.75
K= 118
4889.5766232
K= 119
12.5166666666
K= 120
529.432446182
K= 121
20.8705950166
K= 122
5225.00614113
K= 123
1022.03124098
K= 124
8839.0
K= 125
114.0
K= 126
6.1875031098
K= 127
378.345699187
K= 128
24.4690049503
K= 129
10.9136904762
K= 130
31.6368111823
K= 131
4514.20954601
K= 132
4497.70392835
K= 133
7.43958215695
K= 134
20.70392835
K= 135
14.5016233765
K= 136
20.8150394611
K= 137
9.37499999988
K= 138
11674.2851371
K= 139
764.623024891
K= 140
4763.06773055
K= 141
533.343001859
K= 142
4308.75
K= 143
11.5223292588
K= 144
20.6604500891
K= 145
4562.68331995
K= 146
11.7253968253
K= 147
13.439775442
K= 148
11.3690476191
K= 149
4454.75079365
K= 150
4859.21548719
K= 151
19.8833333333
K= 152
6392.93979762
K= 153
4620.91773042
K= 154
4538.22652348
K= 155
8839.0
K= 156
4.6742424242
K= 157
156.0
K= 158
8617.0
K= 159
319.896334586
K= 160
4485.24404762
K= 161
8624.0
K= 162
4857.74550523
K= 163
8975.70392835
K= 164
453.771031746
K= 165
19.20392835
K= 166
12.0166666666
K= 167
110.774078287
K= 168
4774.56945829
K= 169
153.15
K= 170
8614.0
K= 171
12.5108585858
K= 172
44.0635283425
K= 173
12.4333333333
K= 174
75.7139530351
K= 175
12.0952380953
K= 176
4800.75079365
K= 177
4773.91773042
K= 178
176.611111111
K= 179
4140.0
K= 180
6.61904761905
K= 181
8839.0
K= 182
6.65612945403
K= 183
31.2556332556
K= 184
7.0
K= 185
4633.0
K= 186
8617.0
K= 187
11.8666666667
K= 188
8839.0
K= 189
6.98836996325
K= 190
4211.0
K= 191
133.0
K= 192
4619.0
K= 193
4887.39761905
K= 194
15.6125038114
K= 195
4140.0
K= 196
8793.14285714
K= 197
28.1428571427
K= 198
36.7903979188
K= 199
40.1999999998
K= 200
107.0
K= 201
4483.45702614
K= 202
75.7139530351
K= 203
4606.75079365
K= 204
1244.36250087
K= 205
11.8666666667
K= 206
8839.0
K= 207
11.8666666667
K= 208
13.0035714284
K= 209
8624.0
K= 210
11.8666666667
K= 211
5.30553405569
K= 212
140.0
K= 213
11.8666666667
K= 214
9.86904761905
K= 215
4211.0
K= 216
11.9666666667
K= 217
20.7311651608
K= 218
4695.5
K= 219
32.4366368133
K= 220
2853.41325446
K= 221
10.9999999999
K= 222
128.188001867
K= 223
4211.0
K= 224
4486.61904762
K= 225
12.5166666666
K= 226
10.5721611721
K= 227
4617.0
K= 228
4651.38024143
K= 229
4391.39285714
K= 230
4789.70820523
K= 231
4626.75833333
K= 232
187.533333333
K= 233
361.028669646
K= 234
32.5309693111
K= 235
504.436886724
K= 236
20.70392835
K= 237
141.0
K= 238
4831.44047619
K= 239
2635.5854798
K= 240
4874.57259858
K= 241
21.2666666666
K= 242
7.45299145288
K= 243
20.70392835
K= 244
20.70392835
K= 245
8617.0
K= 246
4628.65
K= 247
4830.86825397
K= 248
4774.91773042
K= 249
4639.78922626
K= 250
556.258333333
K= 251
6.09456784569
K= 252
186.583333333
K= 253
4321.0
K= 254
4308.75
K= 255
8839.0
K= 256
11.8666666667
K= 257
391.34394636
K= 258
28.1131313131
K= 259
23.90392835
K= 260
15.5162382062
K= 261
160.0
K= 262
8839.0
K= 263
186.583333333
K= 264
5102.6363642
K= 265
13.4333333333
K= 266
10.0952380951
K= 267
20.1615777338
K= 268
10.0071835571
K= 269
10.0666666667
K= 270
4620.0
K= 271
4173.0
K= 272
4493.16190476
K= 273
8839.0
K= 274
4483.6547619
K= 275
43.4298212896
K= 276
33.0369264507
K= 277
4497.70392835
K= 278
4934.9759712
K= 279
20.70392835
K= 280
4173.0
K= 281
24.1999999998
K= 282
33.1583452419
K= 283
8568.0
K= 284
4908.23333333
K= 285
4717.42420648
K= 286
12.4095238094
K= 287
2713.40115618
K= 288
417.547619047
K= 289
4488.76666667
K= 290
28.5993520396
K= 291
4497.70392835
K= 292
4604.75079365
K= 293
11.2
K= 294
18.5292219274
K= 295
8.34900793654
K= 296
5465.38544484
K= 297
4174.0
K= 298
8616.0
K= 299
148.0
K= 300
23.669047619
K= 301
4567.0
K= 302
34.5738095237
K= 303
33.5600131818
K= 304
8839.0
K= 305
22.3038758492
K= 306
4493.90598291
K= 307
14.5714285714
K= 308
20.70392835
K= 309
170.083333333
K= 310
4308.75
K= 311
4592.0
K= 312
4819.94801168
K= 313
197.9
K= 314
4555.74285714
K= 315
4551.0
K= 316
33.3857492383
K= 317
8839.0
K= 318
145.0
K= 319
21.1454545454
K= 320
7.09848484839
K= 321
326.35031575
K= 322
8617.0
K= 323
4937.2765873
K= 324
4871.23968254
K= 325
4308.75
K= 326
4850.11309524
K= 327
13.2023809524
K= 328
7.15265151509
K= 329
8.41904761898
K= 330
26.4083333332
K= 331
4623.0
K= 332
8839.0
K= 333
11.7999999999
K= 334
65.493017543
K= 335
4486.00718356
K= 336
30.6224220577
K= 337
4608.75079365
K= 338
11.7999999999
K= 339
26.0333333333
K= 340
12.4095238094
K= 341
11696.78763
K= 342
8612.0
K= 343
11.5510883064
K= 344
5.40326728055
K= 345
4593.0
K= 346
4167.16666667
K= 347
4484.96648352
K= 348
4286.6
K= 349
10.7000000001
K= 350
12.4095238094
K= 351
41.6825248412
K= 352
22.7541264088
K= 353
87.6166666669
K= 354
20.0985719833
K= 355
4308.75
K= 356
8617.0
K= 357
4308.75
K= 358
9.16161616158
K= 359
4167.16666667
K= 360
170.083333333
K= 361
9.29353979346
K= 362
4496.17647059
K= 363
19.2857142857
K= 364
11708.6051429
K= 365
4853.01532912
K= 366
358.108274969
K= 367
4140.0
K= 368
5102.6363642
K= 369
9.04444444447
K= 370
8839.0
K= 371
40.2186052682
K= 372
8.6857142857
K= 373
4686.97117605
K= 374
4851.91171717
K= 375
374.867393154
K= 376
4496.0
K= 377
20.1060281385
K= 378
12.4333333333
K= 379
12.5166666666
K= 380
7.01431609318
K= 381
20.70392835
K= 382
4489.40952381
K= 383
11.3666666667
K= 384
28.5166666666
K= 385
4497.70392835
K= 386
4485.48571429
K= 387
8595.0
K= 388
3411.70688101
K= 389
8278.0
K= 390
14.6499999999
K= 391
578.063185567
K= 392
4140.0
K= 393
9.56666666665
K= 394
8839.0
K= 395
4497.70392835
K= 396
26.9723238596
K= 397
4140.0
K= 398
4648.5
K= 399
4955.58333333
K= 400
22.8611473901
K= 401
12.457031857
K= 402
4497.70392835
K= 403
4486.4952381
K= 404
4624.0
K= 405
435.602371182
K= 406
8617.5
K= 407
405.360006769
K= 408
11.0
K= 409
8839.0
K= 410
4879.70357143
K= 411
4774.91773042
K= 412
4903.23333333
K= 413
8839.0
K= 414
11.2999999999
K= 415
13.5119047619
K= 416
12454.6666667
K= 417
282.552159526
K= 418
20.70392835
K= 419
11693.6260457
K= 420
20.6216772993
K= 421
8970.86996882
K= 422
48.1793907161
K= 423
4629.0
K= 424
4649.25
K= 425
4497.70392835
K= 426
70.0447052948
K= 427
371.442316017
K= 428
200.893620906
K= 429
11.2
K= 430
43.5635283425
K= 431
4858.91075036
K= 432
8.86190476187
K= 433
492.823457694
K= 434
155.0
K= 435
8278.0
K= 436
5432.44857818
K= 437
10.5119047618
K= 438
9.04444444436
K= 439
4497.70392835
K= 440
319.750793651
K= 441
20.70392835
K= 442
10.0952380951
K= 443
192.333333333
K= 444
52.8192982457
K= 445
4583.0
K= 446
8617.0
K= 447
4668.69862164
K= 448
9.97142857127
K= 449
152.0
K= 450
8839.0
K= 451
4885.40946276
K= 452
15.6444444444
K= 453
4553.34642857
K= 454
4294.5
K= 455
4839.44047619
K= 456
8839.0
K= 457
4856.30361018
K= 458
37.0834007337
K= 459
4497.70392835
K= 460
4140.0
K= 461
4173.0
K= 462
4499.86114739
K= 463
4489.40952381
K= 464
4839.44047619
K= 465
16.3187013292
K= 466
4722.21666667
K= 467
142.0
K= 468
20.70392835
K= 469
12.5166666666
K= 470
33.075490196
K= 471
12.0166666666
K= 472
8.27222222218
K= 473
12.0722222222
K= 474
9.92857142841
K= 475
4868.50711788
K= 476
4774.91773042
K= 477
4497.70392835
K= 478
9.39999999991
K= 479
355.798173793
K= 480
67.8448024199
K= 481
20.70392835
K= 482
4847.20241703
K= 483
19.2848707477
K= 484
3563.77651833
K= 485
8617.0
K= 486
4800.75079365
K= 487
1340.82654017
K= 488
8442.66666667
K= 489
8623.0
K= 490
8623.0
K= 491
4624.0
K= 492
4308.75
K= 493
3583.76121968
K= 494
8.91904761898
K= 495
44.486288097
K= 496
8617.0
K= 497
138.416666667
K= 498
6.19726672641
K= 499
20.70392835
K= 500
25.0333333332
K= 501
4496.89956007
K= 502
7.01862843032
K= 503
4481.60656214
K= 504
56.8833333333
K= 505
4863.54221889
K= 506
139.0
K= 507
186.583333333
K= 508
4911.30238095
K= 509
391.34394636
K= 510
4747.06693043
K= 511
381.718741123
K= 512
4842.51519952
K= 513
1051.1826092
K= 514
138.5
K= 515
25.405942275
K= 516
4140.0
K= 517
9.47636363632
K= 518
4806.50711788
K= 519
12.4666666667
K= 520
4486.16666667
K= 521
32.7473109864
K= 522
4841.9882871
K= 523
9.36904761905
K= 524
44.8663419914
K= 525
4793.65571983
K= 526
4870.46071429
K= 527
124.0
K= 528
4852.01688312
K= 529
129.0
K= 530
10.5721611721
K= 531
4809.58108994
K= 532
4874.50711788
K= 533
20.70392835
K= 534
4497.70392835
K= 535
4497.70392835
K= 536
53.8447052948
K= 537
10.5952380951
K= 538
4851.91171717
K= 539
144.0
K= 540
28.5935598901
K= 541
35.3873237874
K= 542
11.8499999999
K= 543
4898.53571429
K= 544
40.4477205919
K= 545
8606.0
K= 546
29.1056571929
K= 547
8602.0
K= 548
6558.61695122
K= 549
20.70392835
K= 550
6.53333333333
K= 551
1121.44857818
K= 552
4897.27102428
K= 553
8613.0
K= 554
158.0
K= 555
70.1133392163
K= 556
146.0
K= 557
20.70392835
K= 558
4805.50711788
K= 559
4622.0
K= 560
156.0
K= 561
137.766666667
K= 562
4603.42015599
K= 563
4839.44047619
K= 564
8965.58398763
K= 565
196.083333333
K= 566
4308.75
K= 567
10.2842352092
K= 568
4497.70392835
K= 569
327.939815474
K= 570
409.335924703
K= 571
4798.03650794
K= 572
144.0
K= 573
77.1000000001
K= 574
123.0
K= 575
4846.12344902
K= 576
156.15
K= 577
12.0166666666
K= 578
464.276587302
K= 579
204.357142857
K= 580
31.0283613446
K= 581
9.81828324671
K= 582
4497.70392835
K= 583
278.791269841
K= 584
33.5297035505
K= 585
137.0
K= 586
4563.0
K= 587
6327.69549143
K= 588
195.083333333
K= 589
17.9348039215
K= 590
20.70392835
K= 591
4607.5
K= 592
292.333333333
K= 593
4888.85555556
K= 594
9325.16666667
K= 595
20.70392835
K= 596
12.4666666667
K= 597
367.462708951
K= 598
6.46963118576
K= 599
202.583333333
K= 600
4489.43333333
K= 601
671.109967059
K= 602
370.093695433
K= 603
4820.00396967
K= 604
4811.34014525
K= 605
4488.5952381
K= 606
4832.47912035
K= 607
4308.75
K= 608
8.71994949493
K= 609
20.3273767564
K= 610
4140.0
K= 611
4308.75
K= 612
4480.34423957
K= 613
4844.77695709
K= 614
5055.7
K= 615
143.0
K= 616
4152.16666667
K= 617
21.3999999999
K= 618
12.5166666666
K= 619
4883.96150794
K= 620
156.15
K= 621
20.6604500891
K= 622
26.7666666666
K= 623
152.783333333
K= 624
4916.66666667
K= 625
502.442950514
K= 626
156.0
K= 627
8.8822510821
K= 628
4179.6625
K= 629
4152.16666667
K= 630
8615.5
K= 631
4138.0
K= 632
44.0635283425
K= 633
4789.51519952
K= 634
4908.23333333
K= 635
5425.00413373
K= 636
4936.14217172
K= 637
957.420845282
K= 638
4604.61050779
K= 639
9621.40272964
K= 640
8595.0
K= 641
4884.64301692
K= 642
50.0666666667
K= 643
9.99999999988
K= 644
4800.75079365
K= 645
155.0
K= 646
156.52160352
K= 647
4866.03009768
K= 648
4839.44047619
K= 649
4352.66666667
K= 650
5553.48774369
K= 651
25.2690631808
K= 652
6532.6443102
K= 653
308.414430807
K= 654
19.2478937728
K= 655
4308.75
K= 656
20.70392835
K= 657
4140.0
K= 658
11.2
K= 659
8839.0
K= 660
4850.22035251
K= 661
456.245373105
K= 662
102.288567815
K= 663
6299.73692492
K= 664
7090.94222215
K= 665
4800.75079365
K= 666
20.70392835
K= 667
143.0
K= 668
4583.65571983
K= 669
12.2898954703
K= 670
20.70392835
K= 671
1021.28853263
K= 672
4615.0
K= 673
10.9357142857
K= 674
63.9560079066
K= 675
22.2251929742
K= 676
4809.39469697
K= 677
383.46250955
K= 678
77.7222947803
K= 679
20.70392835
K= 680
4774.91773042
K= 681
13451.9857143
K= 682
17.9098039215
K= 683
36.7603241917
K= 684
4594.0
K= 685
202.583333333
K= 686
9.04329004313
K= 687
341.347774812
K= 688
4885.14880952
K= 689
365.05495377
K= 690
4769.58108994
K= 691
4923.65
K= 692
7.00528309401
K= 693
4308.75
K= 694
12.5166666666
K= 695
2586.25410714
K= 696
12.6
K= 697
11678.628079
K= 698
4308.75
K= 699
20.70392835
K= 700
4895.48231278
K= 701
694.099151076
K= 702
4486.56666667
K= 703
9.67167919793
K= 704
4497.70392835
K= 705
22.70392835
K= 706
8602.0
K= 707
4308.75
K= 708
127.0
K= 709
10.0845238095
K= 710
8839.0
K= 711
12.4095238094
K= 712
4140.0
K= 713
77.7987537814
K= 714
4628.0
K= 715
8607.0
K= 716
13.5166666666
K= 717
4757.91666667
K= 718
4495.1984127
K= 719
12.5166666666
K= 720
9.1053128026
K= 721
4140.0
K= 722
12.5166666666
K= 723
2534.55506232
K= 724
51.3424242424
K= 725
19.6764705882
K= 726
5686.13351035
K= 727
308.0
K= 728
4698.75833333
K= 729
44.0635283425
K= 730
12.6
K= 731
4875.01532912
K= 732
4853.6206836
K= 733
202.583333333
K= 734
25.45
K= 735
4483.23917749
K= 736
4486.86904762
K= 737
4817.86825397
K= 738
157.0
K= 739
596.642857143
K= 740
4895.80535021
K= 741
11.8666666667
K= 742
4532.25872757
K= 743
10.6913419912
K= 744
4618.0
K= 745
4488.2
K= 746
10.7619047618
K= 747
20.70392835
K= 748
5685.6136224
K= 749
78.1333333334
K= 750
7.48206880828
K= 751
13.9000407
K= 752
270.379761905
K= 753
4843.12344902
K= 754
11701.2565596
K= 755
22.8611473902
K= 756
117.333333333
K= 757
600.0
K= 758
2658.16097657
K= 759
162.7
K= 760
168.083333333
K= 761
4729.88205856
K= 762
8616.0
K= 763
8839.0
K= 764
8624.0
K= 765
20.2301425664
K= 766
4140.0
K= 767
20.70392835
K= 768
81.1164305491
K= 769
8.96551689052
K= 770
4856.30361018
K= 771
4497.81908257
K= 772
27.6833333332
K= 773
372.917730418
K= 774
28.8199429072
K= 775
4496.99719062
K= 776
20.70392835
K= 777
8617.0
K= 778
4647.94329004
K= 779
134.5
K= 780
13.9952380952
K= 781
4494.47184096
K= 782
4407.75079365
K= 783
10.6971390812
K= 784
5067.80656989
K= 785
4868.50711788
K= 786
19.249849946
K= 787
105.5
K= 788
21.9333333332
K= 789
7.0
K= 790
10.8690476191
K= 791
4920.44285714
K= 792
443.78963259
K= 793
446.540047757
K= 794
6.60828876996
K= 795
141.0
K= 796
4679.91912805
K= 797
199.592261905
K= 798
8563.75
K= 799
323.750793651
K= 800
4769.58108994
K= 801
4173.0
K= 802
4497.70392835
K= 803
9.00718355714
K= 804
4485.97108597
K= 805
12.0166666666
K= 806
6.4147459165
K= 807
19.7940419229
K= 808
192.866666667
K= 809
4489.01666667
K= 810
4883.96150794
K= 811
4140.0
K= 812
8.67662337655
K= 813
5684.19506179
K= 814
202.333333333
K= 815
4173.0
K= 816
160.99752886
K= 817
4308.75
K= 818
4485.64795472
K= 819
4495.47184096
K= 820
4663.58333333
K= 821
157.0
K= 822
8839.0
K= 823
12.5166666666
K= 824
4836.72503823
K= 825
27.6
K= 826
380.233155965
K= 827
6054.5643623
K= 828
15.3603174603
K= 829
146.979761905
K= 830
108.5
K= 831
142.0
K= 832
14.9361111111
K= 833
20.70392835
K= 834
10.4952380952
K= 835
20.70392835
K= 836
4498.86114739
K= 837
32.6585081584
K= 838
31.9999999997
K= 839
9.97142857127
K= 840
8617.0
K= 841
132.0
K= 842
650.942460317
K= 843
27.6111473902
K= 844
4483.54711566
K= 845
4497.70392835
K= 846
7.20265151514
K= 847
4786.87326433
K= 848
186.583333333
K= 849
4140.0
K= 850
11.8666666667
K= 851
141.0
K= 852
23.0333333332
K= 853
4796.06693043
K= 854
11681.6018525
K= 855
5187.26046176
K= 856
12.4095238094
K= 857
12.5166666666
K= 858
20.20392835
K= 859
163.0
K= 860
35.5044292256
K= 861
304.195005104
K= 862
8561.5
K= 863
7.08516483498
K= 864
12.5166666666
K= 865
41.2095596781
K= 866
4625.0
K= 867
4140.0
K= 868
8617.0
K= 869
4486.31904762
K= 870
4608.75079365
K= 871
6228.76982606
K= 872
20.70392835
K= 873
116.0
K= 874
44.0635283425
K= 875
20.70392835
K= 876
33.2239435323
K= 877
4926.66792929
K= 878
4800.75079365
K= 879
4849.18333333
K= 880
2755.02985583
K= 881
131.5
K= 882
8.27110389608
K= 883
4497.70392835
K= 884
4497.70392835
K= 885
11.0166666666
K= 886
4749.0
K= 887
4497.70392835
K= 888
381.461111111
K= 889
33.4666666666
K= 890
8.90000000002
K= 891
4249.55442807
K= 892
7.61540214159
K= 893
76.369750219
K= 894
141.0
K= 895
4879.23968254
K= 896
9.00718355714
K= 897
4666.21059569
K= 898
4633.0
K= 899
20.70392835
K= 900
17.6145299145
K= 901
143.0
K= 902
4173.0
K= 903
4308.75
K= 904
9.00718355714
K= 905
5336.03090255
K= 906
9.86904761905
K= 907
6.10687742371
K= 908
13.738716356
K= 909
4885.40946276
K= 910
11.7999999999
K= 911
192.866666667
K= 912
202.583333333
K= 913
365.959960649
K= 914
4401.0
K= 915
384.035525741
K= 916
8624.0
K= 917
4685.44047619
K= 918
4497.70392835
K= 919
206.673443996
K= 920
8.18333333335
K= 921
4868.34394636
K= 922
8624.0
K= 923
202.583333333
K= 924
6746.60700127
K= 925
9.27499999991
K= 926
12.4333333333
K= 927
945.982529399
K= 928
180.178571429
K= 929
20.70392835
K= 930
18.7969187674
K= 931
9.20995670988
K= 932
7.6753968253
K= 933
35.0371602942
K= 934
20.1660922411
K= 935
9.31904761901
K= 936
8624.0
K= 937
21.0610206398
K= 938
549.361694678
K= 939
4868.50711788
K= 940
8611.0
K= 941
20.70392835
K= 942
5102.6363642
K= 943
409.5
K= 944
4912.80494606
K= 945
53.9677822179
K= 946
19.70392835
K= 947
31.0981979405
K= 948
4815.41666667
K= 949
8595.0
K= 950
10.0325757575
K= 951
20.70392835
K= 952
4496.67647059
K= 953
508.111904762
K= 954
4308.75
K= 955
4871.22756868
K= 956
131.0
K= 957
4489.40952381
K= 958
12.5166666666
K= 959
28.6991664452
K= 960
8.92110297107
K= 961
5432.33746707
K= 962
158.0
K= 963
11.8499999999
K= 964
4875.00867928
K= 965
8563.75
K= 966
4497.70392835
K= 967
4140.0
K= 968
4497.07040742
K= 969
22.8611473901
K= 970
8.6857142857
K= 971
492.570260328
K= 972
4800.75079365
K= 973
75.7139530351
K= 974
8595.0
K= 975
4454.75079365
K= 976
136.5
K= 977
8.94166666665
K= 978
4663.58333333
K= 979
56.8641433128
K= 980
4173.0
K= 981
4800.75079365
K= 982
8.6857142857
K= 983
8839.0
K= 984
4484.62051671
K= 985
421.49780093
K= 986
379.281914377
K= 987
426.800903524
K= 988
4140.0
K= 989
81.1164305491
K= 990
4660.2
K= 991
9.33333333326
K= 992
8624.0
K= 993
20.4492063491
K= 994
11.8499999999
K= 995
23.1066503258
K= 996
36.8325618827
K= 997
10.1619047618
K= 998
4488.86666667
K= 999
198.583333333
K= 1000
4308.75
K= 1001
8617.0
K= 1002
8365.91750273
K= 1003
9.86904761905
K= 1004
12.4095238094
K= 1005
20.70392835
K= 1006
53.8239979031
K= 1007
3547.92447677
K= 1008
5.86731649027
K= 1009
8839.0
K= 1010
4619.0
K= 1011
34.1583452418
K= 1012
6623.68643155
K= 1013
4308.75
K= 1014
2521.57837516
K= 1015
8615.0
K= 1016
11.5952380951
K= 1017
4617.0
K= 1018
4497.70392835
K= 1019
8595.0
K= 1020
8599.0
K= 1021
4308.75
K= 1022
4863.54221889
K= 1023
4586.91560378
K= 1024
11.3499999999
K= 1025
33.2239435323
K= 1026
4487.0952381
K= 1027
4871.63928571
K= 1028
892.331015709
K= 1029
8839.0
K= 1030
3613.19841218
K= 1031
5000.42857143
K= 1032
12.4095238094
K= 1033
370.732448107
K= 1034
7.72510822501
K= 1035
4618.0
K= 1036
10.0527777778
K= 1037
20.70392835
K= 1038
49.347645541
K= 1039
4.09999999998
K= 1040
12.219047619
K= 1041
8617.0
K= 1042
6.51013090345
K= 1043
6257.8756706
K= 1044
8829.2
K= 1045
394.766666666
K= 1046
4308.75
K= 1047
63.2407254507
K= 1048
4483.24839397
K= 1049
63.7546532095
K= 1050
4152.16666667
K= 1051
20.70392835
K= 1052
8617.0
K= 1053
14.507081807
K= 1054
4394.93587771
K= 1055
4508.0
K= 1056
6220.8756706
K= 1057
349.13601918
K= 1058
435.137446449
K= 1059
9.97142857127
K= 1060
12.381547619
K= 1061
20.1764705882
K= 1062
11.8666666667
K= 1063
145.0
K= 1064
37.1425557641
K= 1065
4854.22756868
K= 1066
90.6214646464
K= 1067
419.524488698
K= 1068
9.56666666665
K= 1069
4771.44231602
K= 1070
10.1619047618
K= 1071
4909.96526251
K= 1072
4626.53333333
K= 1073
22.3849569139
K= 1074
4484.49603175
K= 1075
4699.01532912
K= 1076
15.0186868687
K= 1077
20.70392835
K= 1078
8.55328282819
K= 1079
4607.0452381
K= 1080
20.7384111086
K= 1081
7.18333333312
K= 1082
11.8666666667
K= 1083
144.0
K= 1084
4879.44047619
K= 1085
11.0119047618
K= 1086
4874.57259858
K= 1087
4879.44047619
K= 1088
12.5166666666
K= 1089
541.286914732
K= 1090
4866.30669192
K= 1091
9.99523809517
K= 1092
35.2023330597
K= 1093
8839.0
K= 1094
2716.024021
K= 1095
39.5299338427
K= 1096
4912.94776335
K= 1097
4497.70392835
K= 1098
446.410633484
K= 1099
8839.0
K= 1100
19.6764705882
K= 1101
4622.2320821
K= 1102
728.534335891
K= 1103
5001.69523809
K= 1104
103.668272283
K= 1105
4893.9089813
K= 1106
9.83333333337
K= 1107
8609.0
K= 1108
8839.0
K= 1109
4960.40753968
K= 1110
18.3094677869
K= 1111
8610.0
K= 1112
4839.44047619
K= 1113
1163.80405698
K= 1114
20.70392835
K= 1115
8.08571428561
K= 1116
5692.32790811
K= 1117
11.6111111111
K= 1118
34.4079314857
K= 1119
8767.0
K= 1120
4660.5
K= 1121
6623.35337936
K= 1122
6596.55221089
K= 1123
4828.48333333
K= 1124
44.0635283425
K= 1125
4822.69862164
K= 1126
18.3826595686
K= 1127
2935.25497086
K= 1128
4796.89218918
K= 1129
20.70392835
K= 1130
8616.0
K= 1131
323.750793651
K= 1132
110.0
K= 1133
20.70392835
K= 1134
4800.75079365
K= 1135
10.638095238
K= 1136
4308.75
K= 1137
91.0894105892
K= 1138
4385.33333333
K= 1139
20.70392835
K= 1140
4487.76666667
K= 1141
4236.0
K= 1142
4152.16666667
K= 1143
116.0
K= 1144
4575.77361111
K= 1145
171.0
K= 1146
8613.0
K= 1147
9.6857142857
K= 1148
8839.0
K= 1149
4800.75079365
K= 1150
6.40272642393
K= 1151
4901.08383145
K= 1152
341.544420019
K= 1153
8839.0
K= 1154
194.583333333
K= 1155
10.7
K= 1156
303.636117118
K= 1157
5215.73095238
K= 1158
201.116208791
K= 1159
4308.75
K= 1160
4649.0
K= 1161
8.8444444444
K= 1162
4860.92352763
K= 1163
54.8984108598
K= 1164
4526.48016281
K= 1165
8839.0
K= 1166
29.3100828447
K= 1167
4505.85923482
K= 1168
108.347545605
K= 1169
4386.0
K= 1170
19.9971906164
K= 1171
20.70392835
K= 1172
4840.9006622
K= 1173
4694.33575525
K= 1174
140.0
K= 1175
4703.96904762
K= 1176
425.381123409
K= 1177
8839.0
K= 1178
58.1871197801
K= 1179
44.0022281052
K= 1180
11.921453634
K= 1181
4674.94975857
K= 1182
27.7162337662
K= 1183
109.0
K= 1184
22.1328571428
K= 1185
8616.0
K= 1186
350.879761905
K= 1187
15.0695526694
K= 1188
4488.86666667
K= 1189
4605.75079365
K= 1190
33.0137191265
K= 1191
202.583333333
K= 1192
4834.39058116
K= 1193
8617.0
K= 1194
4670.32038085
K= 1195
6536.32263522
K= 1196
8839.0
K= 1197
20.70392835
K= 1198
11.7999999999
K= 1199
4483.09494949
K= 1200
4140.0
K= 1201
361.111160709
K= 1202
8961.32700983
K= 1203
4140.0
K= 1204
4487.21827759
K= 1205
4308.75
K= 1206
8.42187257181
K= 1207
380.327307023
K= 1208
22.8611473901
K= 1209
21.7717902266
K= 1210
20.5583333333
K= 1211
11.8666666667
K= 1212
8.13956043939
K= 1213
198.583333333
K= 1214
4488.36666667
K= 1215
68.1728937731
K= 1216
70.0447052948
K= 1217
17230.0
K= 1218
20.5952380953
K= 1219
3572.95426545
K= 1220
7.69188034185
K= 1221
202.583333333
K= 1222
20.20392835
K= 1223
28.761296014
K= 1224
8.18333333335
K= 1225
10.6952380951
K= 1226
4631.0
K= 1227
4853.01532912
K= 1228
76.3675222723
K= 1229
8416.0
K= 1230
20.70392835
K= 1231
20.2143939394
K= 1232
22.8611473901
K= 1233
11.7999999999
K= 1234
186.533333333
K= 1235
4615.0
K= 1236
12.7999999999
K= 1237
4871.63928571
K= 1238
180.349146623
K= 1239
18.2854726894
K= 1240
156.0
K= 1241
1111.30543967
K= 1242
8602.0
K= 1243
8793.14285714
K= 1244
4856.25163472
K= 1245
4497.70392835
K= 1246
17.7781746031
K= 1247
4018.34082231
K= 1248
151.966439116
K= 1249
24.1049955118
K= 1250
6.68792270531
K= 1251
4608.0
K= 1252
47.5446477194
K= 1253
375.413562255
K= 1254
8624.0
K= 1255
4966.28412698
K= 1256
4692.12344902
K= 1257
8.6857142857
K= 1258
4839.44047619
K= 1259
8839.0
K= 1260
27.9290290778
K= 1261
53.6498015873
K= 1262
5685.39933668
K= 1263
12.4333333333
K= 1264
8612.0
K= 1265
20.70392835
K= 1266
4619.0
K= 1267
2531.77302324
K= 1268
4869.2175291
K= 1269
20.70392835
K= 1270
4867.98015873
K= 1271
6.08333333326
K= 1272
30.9957697156
K= 1273
32.6612437925
K= 1274
4497.70392835
K= 1275
13.2345779219
K= 1276
4840.31507828
K= 1277
4903.86975375
K= 1278
23.4756410255
K= 1279
34.1591131091
K= 1280
14.9185784975
K= 1281
4516.17485272
K= 1282
4308.75
K= 1283
201.583333333
K= 1284
20.70392835
K= 1285
21.6908589471
K= 1286
74.5830006541
K= 1287
20.70392835
K= 1288
4806.50711788
K= 1289
20.1900432901
K= 1290
20.70392835
K= 1291
4703.92809889
K= 1292
4742.40958336
K= 1293
8607.0
K= 1294
12.0166666666
K= 1295
142.0
K= 1296
5102.6363642
K= 1297
4625.0
K= 1298
4454.75079365
K= 1299
154.010437879
K= 1300
7.20265151514
K= 1301
4146.5
K= 1302
4706.70013409
K= 1303
8617.0
K= 1304
10.0845238095
K= 1305
4485.55793651
K= 1306
4482.96701747
K= 1307
4569.91773042
K= 1308
10.1619047618
K= 1309
434.962412426
K= 1310
9.31904761901
K= 1311
9.16161616158
K= 1312
73.4721537386
K= 1313
982.817104063
K= 1314
4140.0
K= 1315
465.6
K= 1316
372.917730418
K= 1317
17.0166666666
K= 1318
18.4718409585
K= 1319
5102.6363642
K= 1320
11695.1826463
K= 1321
4911.66666667
K= 1322
4885.46071429
K= 1323
34.1583452418
K= 1324
357.634630223
K= 1325
12.2666666666
K= 1326
12.1
K= 1327
29.7333333333
K= 1328
141.0
K= 1329
8615.0
K= 1330
4482.62132897
K= 1331
441.965262515
K= 1332
4853.01532912
K= 1333
11.8666666667
K= 1334
4874.50711788
K= 1335
4057.73333333
K= 1336
20.70392835
K= 1337
40.4078566999
K= 1338
15.4500000001
K= 1339
44.7222947803
K= 1340
4497.70392835
K= 1341
415.577651515
K= 1342
153.5
K= 1343
104.457142857
K= 1344
4880.86680227
K= 1345
8839.0
K= 1346
24.7256674804
K= 1347
4842.51519952
K= 1348
78.7428571429
K= 1349
4497.70392835
K= 1350
8.36904761894
K= 1351
10.9999999999
K= 1352
234.266503819
K= 1353
600.0
K= 1354
11.3666666667
K= 1355
9.00718355714
K= 1356
33.4497035505
K= 1357
982.817104063
K= 1358
6.99523809517
K= 1359
3087.56038615
K= 1360
376.440105267
K= 1361
20.70392835
K= 1362
4925.93716931
K= 1363
90.6032188649
K= 1364
4486.4
K= 1365
4156.0
K= 1366
20.70392835
K= 1367
33.4668258027
K= 1368
4774.91773042
K= 1369
6475.52268523
K= 1370
16.3047619046
K= 1371
8.28592074581
K= 1372
140.5
K= 1373
4514.20954601
K= 1374
8839.0
K= 1375
49.9940348539
K= 1376
12.5166666666
K= 1377
20.0207390648
K= 1378
17.6700757575
K= 1379
9.20995670988
K= 1380
12.4095238094
K= 1381
8950.28892496
K= 1382
11.7999999999
K= 1383
13.5818181818
K= 1384
4791.44231602
K= 1385
4861.15708789
K= 1386
4874.50711788
K= 1387
8624.0
K= 1388
8609.0
K= 1389
4800.75079365
K= 1390
320.875274725
K= 1391
4140.0
K= 1392
308.805230397
K= 1393
8839.0
K= 1394
19.8809523807
K= 1395
4017.96420768
K= 1396
4573.60230314
K= 1397
68.8
K= 1398
124.5
K= 1399
4308.75
K= 1400
370.949758575
K= 1401
202.583333333
K= 1402
20.70392835
K= 1403
4820.33968254
K= 1404
8768.0
K= 1405
17.8779127306
K= 1406
4487.06666667
K= 1407
12.6
K= 1408
4828.94975857
K= 1409
4821.68095238
K= 1410
4308.75
K= 1411
297.668951779
K= 1412
4610.33333333
K= 1413
4806.12344902
K= 1414
134.116883117
K= 1415
4310.0
K= 1416
70.0447052948
K= 1417
7.88632478635
K= 1418
4824.74550523
K= 1419
11.2
K= 1420
3358.07504939
K= 1421
4860.46250955
K= 1422
11.4623880626
K= 1423
141.0
K= 1424
20.70392835
K= 1425
7.99670329655
K= 1426
150.5
K= 1427
4817.19880193
K= 1428
8311.51357711
K= 1429
4232.9962292
K= 1430
14.7497076023
K= 1431
4497.70392835
K= 1432
3573.31236705
K= 1433
11.0119047618
K= 1434
4497.70392835
K= 1435
90.6214646464
K= 1436
4870.6989232
K= 1437
4829.2852938
K= 1438
20.20392835
K= 1439
578.063185567
K= 1440
4482.83333333
K= 1441
4140.0
K= 1442
11.5999999999
K= 1443
8563.75
K= 1444
218.755194805
K= 1445
4839.44047619
K= 1446
4176.0
K= 1447
8563.75
K= 1448
5391.30665485
K= 1449
186.583333333
K= 1450
103.345958761
K= 1451
9.86904761905
K= 1452
4462.0
K= 1453
14.8060818713
K= 1454
11.9095238094
K= 1455
1570.40098736
K= 1456
22.8611473901
K= 1457
8.34329004318
K= 1458
903.099477237
K= 1459
29.1857779624
K= 1460
321.885531135
K= 1461
4497.70392835
K= 1462
7.05650721816
K= 1463
4845.11746032
K= 1464
4497.70392835
K= 1465
8615.03571429
K= 1466
163.0
K= 1467
4497.70392835
K= 1468
4506.5
K= 1469
11.5952380953
K= 1470
20.70392835
K= 1471
600.0
K= 1472
124.5
K= 1473
121.5
K= 1474
8624.0
K= 1475
11.8499999999
K= 1476
6.20028860017
K= 1477
203.668377916
K= 1478
4460.75
K= 1479
4291.0
K= 1480
13.1491675266
K= 1481
137.333333333
K= 1482
4639.5
K= 1483
12.5166666666
K= 1484
4493.16190476
K= 1485
4566.0
K= 1486
4173.0
K= 1487
116.0
K= 1488
9.23888888885
K= 1489
12.5166666666
K= 1490
20.8617212174
K= 1491
7.29658119648
K= 1492
143.0
K= 1493
6.39363551489
K= 1494
4588.40958336
K= 1495
145.0
K= 1496
4140.0
K= 1497
4308.75
K= 1498
18.4718409585
K= 1499
13225.0
K= 1500
20.70392835
K= 1501
9.20952380938
K= 1502
4878.56666667
K= 1503
4910.65
K= 1504
10.6202380952
K= 1505
20.70392835
K= 1506
4866.21176211
K= 1507
9.16666666663
K= 1508
17678.0
K= 1509
4308.75
K= 1510
4308.75
K= 1511
4290.0
K= 1512
4398.53823743
K= 1513
4484.1
K= 1514
12.3261904761
K= 1515
4437.75079365
K= 1516
243.023809524
K= 1517
7134.19254769
K= 1518
323.286976912
K= 1519
315.53219303
K= 1520
4512.98609626
K= 1521
4308.75
K= 1522
50.2869103587
K= 1523
50.1005244754
K= 1524
27.5166666666
K= 1525
4497.70392835
K= 1526
120.333333333
K= 1527
15.8329670329
K= 1528
20.8705950166
K= 1529
20.70392835
K= 1530
25.4274107212
K= 1531
9.00718355714
K= 1532
8613.0
K= 1533
4837.46250955
K= 1534
4520.42982129
K= 1535
11.2530514681
K= 1536
4140.0
K= 1537
6.3913650075
K= 1538
8614.70192308
K= 1539
8.4357142857
K= 1540
6.24909812398
K= 1541
62.3600066554
K= 1542
4152.16666667
K= 1543
9.54166666663
K= 1544
12.8063492063
K= 1545
141.0
K= 1546
5.98491517932
K= 1547
8839.0
K= 1548
20.70392835
K= 1549
4608.75079365
K= 1550
8616.0
K= 1551
409.193001443
K= 1552
18.638095238
K= 1553
4626.0
K= 1554
4800.75079365
K= 1555
282.0
K= 1556
9.21666666667
K= 1557
21.9988692609
K= 1558
19.1772301227
K= 1559
5103.6363642
K= 1560
20.70392835
K= 1561
4308.75
K= 1562
130.333333333
K= 1563
33.6937860511
K= 1564
136.0
K= 1565
5422.6708004
K= 1566
12.5166666666
K= 1567
5618.66222725
K= 1568
4610.91666667
K= 1569
19.6571428571
K= 1570
6.41699012998
K= 1571
4497.70392835
K= 1572
141.0
K= 1573
8965.0
K= 1574
6.79199381708
K= 1575
8617.0
K= 1576
9.97142857127
K= 1577
8839.0
K= 1578
14.3077380952
K= 1579
4875.7765873
K= 1580
20.0372616834
K= 1581
538.536525974
K= 1582
4549.2
K= 1583
4308.75
K= 1584
4308.75
K= 1585
497.61547619
K= 1586
9.83333333326
K= 1587
15.3288613691
K= 1588
6.0
K= 1589
3.40086826496
K= 1590
51.1484394348
K= 1591
4885.14880952
K= 1592
5269.71841945
K= 1593
4822.69862164
K= 1594
22.8611473901
K= 1595
4819.78733766
K= 1596
8839.0
K= 1597
8624.0
K= 1598
37.4390186021
K= 1599
17678.0
K= 1600
4308.75
K= 1601
11.7999999999
K= 1602
8839.0
K= 1603
12.4333333333
K= 1604
10.2249750249
K= 1605
4661.03932332
K= 1606
17230.0
K= 1607
163.0
K= 1608
10.7666666666
K= 1609
4308.75
K= 1610
16.9528138528
K= 1611
20.70392835
K= 1612
20.6764705882
K= 1613
6.45261437912
K= 1614
4140.0
K= 1615
4516.05566421
K= 1616
22.471232656
K= 1617
4774.91773042
K= 1618
8.96869796864
K= 1619
4483.16904762
K= 1620
12.4666666667
K= 1621
12.5166666666
K= 1622
8632.86114739
K= 1623
8617.0
K= 1624
3066.82648929
K= 1625
4135.0
K= 1626
32.7809831316
K= 1627
12738.3333333
K= 1628
8104.54214436
K= 1629
4487.60634921
K= 1630
548.258333333
K= 1631
11980.5023088
K= 1632
4881.00800588
K= 1633
4912.00606061
K= 1634
4847.13908581
K= 1635
9.34444444452
K= 1636
16.3267220279
K= 1637
157.0
K= 1638
4896.20448423
K= 1639
4774.91773042
K= 1640
17.3053724053
K= 1641
8525.0
K= 1642
4499.86114739
K= 1643
11.8499999999
K= 1644
8.97142857127
K= 1645
4874.50711788
K= 1646
4308.75
K= 1647
4608.75079365
K= 1648
11777.7268646
K= 1649
30.425762045
K= 1650
4747.06693043
K= 1651
12.6
K= 1652
4849.17125652
K= 1653
4649.2320821
K= 1654
4487.07072829
K= 1655
142.0
K= 1656
12.5166666666
K= 1657
13108.0
K= 1658
24.256262247
K= 1659
7.97222222213
K= 1660
11.2000000001
K= 1661
4800.75079365
K= 1662
8624.0
K= 1663
4618.75206249
K= 1664
4873.56666667
K= 1665
8.55920329655
K= 1666
696.903403483
K= 1667
4497.70392835
K= 1668
20.70392835
K= 1669
4486.00718356
K= 1670
11.3155666945
K= 1671
4753.38100462
K= 1672
4140.0
K= 1673
4484.83888889
K= 1674
491.282142857
K= 1675
40.2848751094
K= 1676
45.0904761904
K= 1677
19.0
K= 1678
26.4298701297
K= 1679
8617.0
K= 1680
526.436869261
K= 1681
6.10039738193
K= 1682
358.685896471
K= 1683
4898.53571429
K= 1684
4870.6989232
K= 1685
8.71994949493
K= 1686
4308.75
K= 1687
20.70392835
K= 1688
12.5166666666
K= 1689
6.78333333321
K= 1690
34.0
K= 1691
12.1310457516
K= 1692
160.0
K= 1693
26.9907239561
K= 1694
8839.0
K= 1695
4140.0
K= 1696
359.629758634
K= 1697
315.709577922
K= 1698
434.2
K= 1699
10.0527777778
K= 1700
9641.62338008
K= 1701
4593.4162776
K= 1702
4891.20343497
K= 1703
12.6
K= 1704
4497.70392835
K= 1705
4566.0
K= 1706
410.662024318
K= 1707
4489.00669856
K= 1708
7.69882478635
K= 1709
4497.70392835
K= 1710
4486.16904762
K= 1711
2892.24584986
K= 1712
438.088997114
K= 1713
4495.51666667
K= 1714
20.70392835
K= 1715
4800.75079365
K= 1716
8612.34533147
K= 1717
34.5288440725
K= 1718
12.4666666667
K= 1719
4100.01045524
K= 1720
9.30238095229
K= 1721
8617.0
K= 1722
15.5838744588
K= 1723
8615.0
K= 1724
13.4277777777
K= 1725
20.5237812912
K= 1726
381.701228511
K= 1727
8829.0
K= 1728
20.70392835
K= 1729
4689.30208933
K= 1730
4911.91666667
K= 1731
8599.0
K= 1732
4133.0
K= 1733
11.2
K= 1734
6.65128933836
K= 1735
4868.50711788
K= 1736
4173.0
K= 1737
9.84444444452
K= 1738
4875.84126984
K= 1739
45.7580090661
K= 1740
9.02380952367
K= 1741
4598.88155857
K= 1742
4804.45172548
K= 1743
4918.23333333
K= 1744
10.912485479
K= 1745
56.815425506
K= 1746
148.0
K= 1747
4865.12344902
K= 1748
7.58632478619
K= 1749
25.0333333332
K= 1750
4489.51666667
K= 1751
10.3084415583
K= 1752
111.0
K= 1753
4272.5
K= 1754
8616.0
K= 1755
9.2876082249
K= 1756
18.0
K= 1757
4834.99366321
K= 1758
4801.07187819
K= 1759
4733.39761905
K= 1760
11708.3580257
K= 1761
9.17777777766
K= 1762
7.40473688359
K= 1763
4817.86825397
K= 1764
10.7
K= 1765
5008.57857143
K= 1766
185.583333333
K= 1767
4308.75
K= 1768
4486.15714286
K= 1769
9.15714285709
K= 1770
139.0
K= 1771
17.6888888888
K= 1772
4157.0
K= 1773
8624.0
K= 1774
20.70392835
K= 1775
8839.0
K= 1776
52.7707796288
K= 1777
4518.0
K= 1778
134.0
K= 1779
4497.70392835
K= 1780
4752.44577225
K= 1781
4885.94130592
K= 1782
21.9333333333
K= 1783
6.91302294191
K= 1784
4480.07892835
K= 1785
8615.0
K= 1786
4254.09967179
K= 1787
127.0
K= 1788
12.7452380952
K= 1789
4308.75
K= 1790
170.537347978
K= 1791
9.36590909073
K= 1792
8617.0
K= 1793
12.0166666666
K= 1794
6.85725838703
K= 1795
137.5
K= 1796
3978.49904878
K= 1797
15.7583466991
K= 1798
38.2185601395
K= 1799
34.7285714286
K= 1800
20.70392835
K= 1801
117.547619048
K= 1802
8568.0
K= 1803
4488.36666667
K= 1804
9.05238095229
K= 1805
11672.3570563
K= 1806
21.70392835
K= 1807
20.70392835
K= 1808
96.6235392699
K= 1809
8.31190476182
K= 1810
20.70392835
K= 1811
18.875
K= 1812
8615.0
K= 1813
24.8444444444
K= 1814
9.16904761898
K= 1815
23.7865079365
K= 1816
4791.91794059
K= 1817
6630.21665551
K= 1818
9.82857142843
K= 1819
397.135324158
K= 1820
13444.4761905
K= 1821
8.45476190466
K= 1822
20.70392835
K= 1823
4800.75079365
K= 1824
4430.17586263
K= 1825
8624.0
K= 1826
9549.2288363
K= 1827
30.6977640179
K= 1828
494.206870155
K= 1829
12.4095238094
K= 1830
142.0
K= 1831
71.5441308692
K= 1832
20.70392835
K= 1833
4868.50711788
K= 1834
4894.9574642
K= 1835
4486.83333333
K= 1836
5102.6363642
K= 1837
187.533333333
K= 1838
34.067436151
K= 1839
15.9952380952
K= 1840
8.83088098804
K= 1841
40.2433545985
K= 1842
65.3723002683
K= 1843
12.2666666666
K= 1844
4768.75141329
K= 1845
11.5999999999
K= 1846
20.70392835
K= 1847
8612.0
K= 1848
43.2007832445
K= 1849
12.0166666666
K= 1850
10.4952380952
K= 1851
4308.75
K= 1852
16.7779620544
K= 1853
4211.0
K= 1854
133.0
K= 1855
401.035707981
K= 1856
11.2
K= 1857
4486.97142857
K= 1858
44.0635283425
K= 1859
4774.91773042
K= 1860
4308.75
K= 1861
4656.03333333
K= 1862
538.536525974
K= 1863
8556.0
K= 1864
24.5333333331
K= 1865
4849.2852938
K= 1866
41.88091133
K= 1867
146.0
K= 1868
4308.75
K= 1869
159.484848485
K= 1870
156.0
K= 1871
7.63864733151
K= 1872
15.0570112894
K= 1873
4308.75
K= 1874
6.22238766972
K= 1875
4605.52142857
K= 1876
8616.0
K= 1877
12.5685181789
K= 1878
13.5
K= 1879
8.67662337655
K= 1880
130.647681843
K= 1881
8612.0
K= 1882
10.0416666666
K= 1883
12.5166666666
K= 1884
130.0
K= 1885
4485.71994949
K= 1886
11707.2394624
K= 1887
13.1166666667
K= 1888
11.7999999999
K= 1889
370.949758575
K= 1890
8839.0
K= 1891
4589.0
K= 1892
9.71904761903
K= 1893
8624.0
K= 1894
4487.13519438
K= 1895
449.166666666
K= 1896
4619.0
K= 1897
4854.52950614
K= 1898
5102.6363642
K= 1899
9.86904761905
K= 1900
213.76037336
K= 1901
4461.0
K= 1902
9.22222222213
K= 1903
8609.0
K= 1904
3034.30071309
K= 1905
7.3073083777
K= 1906
20.20392835
K= 1907
23.7000142087
K= 1908
4485.97510823
K= 1909
28.3663341759
K= 1910
10.6063492063
K= 1911
11.8666666667
K= 1912
8.3023809524
K= 1913
20.70392835
K= 1914
525.928571428
K= 1915
323.465079365
K= 1916
4662.58333333
K= 1917
20.70392835
K= 1918
6.86159844045
K= 1919
4895.97428316
K= 1920
4867.34394636
K= 1921
4817.86825397
K= 1922
186.583333333
K= 1923
5140.52973088
K= 1924
7.18924115098
K= 1925
10.638095238
K= 1926
4174.0
K= 1927
492.284126985
K= 1928
5746.27605257
K= 1929
9.20952380949
K= 1930
119.785569513
K= 1931
22.0451989347
K= 1932
874.16270902
K= 1933
4839.44047619
K= 1934
142.0
K= 1935
137.0
K= 1936
63.1437559908
K= 1937
19.2334325397
K= 1938
12.6
K= 1939
11.3666666667
K= 1940
4556.0
K= 1941
33.6815336477
K= 1942
4813.61105245
K= 1943
178.106501641
K= 1944
8617.0
K= 1945
4594.0
K= 1946
10.0666666667
K= 1947
27.8618230867
K= 1948
4516.23214286
K= 1949
29.1056571929
K= 1950
404.071950339
K= 1951
4800.75079365
K= 1952
4308.75
K= 1953
4876.68333333
K= 1954
7.02079293237
K= 1955
4378.0
K= 1956
411.401696377
K= 1957
6.29883289116
K= 1958
21.0237812912
K= 1959
589.631666667
K= 1960
383.734499763
K= 1961
20.70392835
K= 1962
4485.20995671
K= 1963
11.4285714285
K= 1964
4902.59206349
K= 1965
7.68895636522
K= 1966
4308.75
K= 1967
158.0
K= 1968
4875.08678168
K= 1969
302.244047619
K= 1970
197.9
K= 1971
60.164916122
K= 1972
4868.50711788
K= 1973
202.583333333
K= 1974
4140.0
K= 1975
4140.0
K= 1976
38.159395588
K= 1977
768.033206608
K= 1978
4774.91773042
K= 1979
8959.89844385
K= 1980
169.2
K= 1981
9.31904761901
K= 1982
20.70392835
K= 1983
9587.32641151
K= 1984
107.0
K= 1985
12.4333333333
K= 1986
4504.87326433
K= 1987
2860.38838229
K= 1988
75.9238095238
K= 1989
4140.0
K= 1990
4486.16190476
K= 1991
4842.2320821
K= 1992
175.583333333
K= 1993
24.7166666667
K= 1994
5102.6363642
K= 1995
202.583333333
K= 1996
4839.44047619
K= 1997
20.7023809523
K= 1998
8.21994949493
K= 1999
20.70392835
K= 2000
10.1619047618
K= 2001
4880.56666667
K= 2002
4847.13908581
K= 2003
4308.75
K= 2004
4955.58333333
K= 2005
12.4095238094
K= 2006
270.0
K= 2007
4693.24680356
K= 2008
5008.57857143
K= 2009
144.0
K= 2010
6.97150721808
K= 2011
105.5
K= 2012
11.4
K= 2013
7.27257448423
K= 2014
7.33003662992
K= 2015
4800.75079365
K= 2016
111.784482758
K= 2017
33.482074752
K= 2018
20.1992424242
K= 2019
12.6
K= 2020
11.5952380951
K= 2021
12.5166666666
K= 2022
4573.91773042
K= 2023
8.0166666666
K= 2024
4589.25
K= 2025
1402.18853782
K= 2026
4800.75079365
K= 2027
478.25
K= 2028
11.7999999999
K= 2029
4870.46071429
K= 2030
24.0886904761
K= 2031
6.67340067332
K= 2032
17928.6956422
K= 2033
26.8666666667
K= 2034
4911.30238095
K= 2035
4899.42857143
K= 2036
40.3142807385
K= 2037
112.0
K= 2038
5002.34523809
K= 2039
4140.0
K= 2040
64.5580461208
K= 2041
4308.75
K= 2042
43.0702157905
K= 2043
3778.20096885
K= 2044
54.0447052948
K= 2045
225.0
K= 2046
8612.75
K= 2047
19.6571428571
K= 2048
8624.0
K= 2049
24.5333333332
K= 2050
20.70392835
K= 2051
8563.75
K= 2052
4497.66045009
K= 2053
4497.70392835
K= 2054
20.70392835
K= 2055
8537.0
K= 2056
415.698088023
K= 2057
4837.46250955
K= 2058
18.1407894735
K= 2059
11663.5395363
K= 2060
4831.13908581
K= 2061
656.703753538
K= 2062
10.6718725717
K= 2063
10.0666666667
K= 2064
4874.50711788
K= 2065
4139.0
K= 2066
9.2666666666
K= 2067
31.7143841188
K= 2068
394.397910831
K= 2069
4551.87326433
K= 2070
11693.6194996
K= 2071
11.7999999999
K= 2072
7.29848484835
K= 2073
3697.61329039
K= 2074
20.20392835
K= 2075
4823.74550523
K= 2076
20.70392835
K= 2077
162.15
K= 2078
12.5166666666
K= 2079
8839.0
K= 2080
4857.13917096
K= 2081
9.17662337655
K= 2082
4874.57259858
K= 2083
4484.5156746
K= 2084
44.0635283425
K= 2085
19.6764705882
K= 2086
5102.6363642
K= 2087
18240.4869048
K= 2088
4863.93115357
K= 2089
53.7440476191
K= 2090
20.0704074152
K= 2091
5344.29688671
K= 2092
4885.75406575
K= 2093
484.0
K= 2094
304.366595833
K= 2095
8964.07142857
K= 2096
359.733791724
K= 2097
18.2388546685
K= 2098
459.266666666
K= 2099
4806.50711788
K= 2100
8839.0
K= 2101
314.973993008
K= 2102
4140.0
K= 2103
4630.0
K= 2104
199.583333333
K= 2105
8602.0
K= 2106
4905.23333333
K= 2107
4828.94975857
K= 2108
2800.22930206
K= 2109
4491.71428571
K= 2110
630.887916694
K= 2111
4485.8014763
K= 2112
8839.0
K= 2113
10.0952380951
K= 2114
17.4550000001
K= 2115
4888.85555556
K= 2116
14.5995310245
K= 2117
8839.0
K= 2118
8.21507936495
K= 2119
61.7269230768
K= 2120
4140.0
K= 2121
8624.0
K= 2122
17.4479365079
K= 2123
4628.0
K= 2124
141.295494687
K= 2125
4273.47160439
K= 2126
8839.0
K= 2127
204.422619048
K= 2128
375.724423307
K= 2129
4399.33333333
K= 2130
20.70392835
K= 2131
11.8499999999
K= 2132
4613.0
K= 2133
39.8185185184
K= 2134
21.5526695527
K= 2135
4511.15834524
K= 2136
4308.75
K= 2137
29.1056571929
K= 2138
41.033283383
K= 2139
4308.75
K= 2140
4484.40972222
K= 2141
357.318010085
K= 2142
4308.75
K= 2143
4497.19924242
K= 2144
4497.70392835
K= 2145
412.165056022
K= 2146
4884.69612978
K= 2147
4483.86904762
K= 2148
357.59294723
K= 2149
4485.65714286
K= 2150
8617.0
K= 2151
4858.2936692
K= 2152
4173.0
K= 2153
4211.0
K= 2154
170.4
K= 2155
4308.75
K= 2156
20.70392835
K= 2157
20.70392835
K= 2158
4830.86825397
K= 2159
9309.16666667
K= 2160
4668.69862164
K= 2161
54.3220456729
K= 2162
10.0416666666
K= 2163
10.269047619
K= 2164
8.86904761905
K= 2165
4902.30873016
K= 2166
11.8666666667
K= 2167
424.326190476
K= 2168
4618.0
K= 2169
4640.0
K= 2170
5.44999999995
K= 2171
8611.5
K= 2172
12.9095238094
K= 2173
6597.3337811
K= 2174
5227.85557254
K= 2175
20.70392835
K= 2176
7.83104575158
K= 2177
11.3666666667
K= 2178
4140.0
K= 2179
19.6764705882
K= 2180
13.5524093695
K= 2181
4624.0
K= 2182
28.1901449274
K= 2183
11.8666666667
K= 2184
4497.70392835
K= 2185
8839.0
K= 2186
8617.0
K= 2187
18.6524495457
K= 2188
4790.83852814
K= 2189
4629.0
K= 2190
126.088261738
K= 2191
3883.38088353
K= 2192
12.4095238094
K= 2193
16668.3333333
K= 2194
20.70392835
K= 2195
4146.5
K= 2196
4912.57857143
K= 2197
14.2999999999
K= 2198
11.2
K= 2199
37.2095460097
K= 2200
396.205408187
K= 2201
4779.0
K= 2202
8839.0
K= 2203
20.9904761905
K= 2204
4457.44105976
K= 2205
8.35317460319
K= 2206
4568.75079365
K= 2207
4566.0
K= 2208
20.70392835
K= 2209
4866.30669192
K= 2210
461.75
K= 2211
5102.6363642
K= 2212
982.817104063
K= 2213
4308.75
K= 2214
319.066930432
K= 2215
5200.39724328
K= 2216
6054.5643623
K= 2217
20.70392835
K= 2218
7.952991453
K= 2219
4308.75
K= 2220
8839.0
K= 2221
4497.70392835
K= 2222
12753.0
K= 2223
35.2023330597
K= 2224
13513.4445896
K= 2225
4846.20241703
K= 2226
4497.70392835
K= 2227
4308.75
K= 2228
17916.1077179
K= 2229
0.0
K= 2230
4832.40379998
K= 2231
19.5815628816
K= 2232
26.8631543122
K= 2233
4728.91773042
K= 2234
147.333333333
K= 2235
4140.0
K= 2236
8839.0
K= 2237
9.3168299091
K= 2238
115.0
K= 2239
226.473808231
K= 2240
20.70392835
K= 2241
376.183820672
K= 2242
18.6888888888
K= 2243
4140.0
K= 2244
4879.44047619
K= 2245
7.56277056271
K= 2246
7.1059078176
K= 2247
10.5721611721
K= 2248
12.5166666666
K= 2249
7.0
K= 2250
722.445963515
K= 2251
2561.73898254
K= 2252
4140.0
K= 2253
5631.27538868
K= 2254
17.5333333332
K= 2255
49.7443181818
K= 2256
325.13930581
K= 2257
8624.0
K= 2258
4140.0
K= 2259
4497.70392835
K= 2260
8839.0
K= 2261
8.41904761898
K= 2262
8624.0
K= 2263
20.70392835
K= 2264
12.5166666666
K= 2265
12.2666666666
K= 2266
25.3106442576
K= 2267
8567.5
K= 2268
9.57406841521
K= 2269
4484.0
K= 2270
12.6
K= 2271
4793.4152417
K= 2272
397.744433158
K= 2273
4603.09749695
K= 2274
92.8856593218
K= 2275
4817.58387882
K= 2276
6.04026196036
K= 2277
8623.0
K= 2278
194.75
K= 2279
20.70392835
K= 2280
4698.75833333
K= 2281
8607.0
K= 2282
8.22943722946
K= 2283
16.1630144365
K= 2284
9.25277777773
K= 2285
4497.10602814
K= 2286
9.92857142841
K= 2287
140.0
K= 2288
20.70392835
K= 2289
424.075
K= 2290
4931.11736597
K= 2291
21.7499999999
K= 2292
4817.86825397
K= 2293
8624.0
K= 2294
4607.75079365
K= 2295
132.0
K= 2296
2765.92802927
K= 2297
4140.0
K= 2298
20.70392835
K= 2299
11.5952380951
K= 2300
8839.0
K= 2301
4886.66847703
K= 2302
19.761904762
K= 2303
4486.00718356
K= 2304
187.533333333
K= 2305
4806.50711788
K= 2306
7.24670329655
K= 2307
157.0
K= 2308
154.083333333
K= 2309
4482.75623317
K= 2310
4836.0
K= 2311
8624.0
K= 2312
181.616666667
K= 2313
20.70392835
K= 2314
4806.50711788
K= 2315
4796.89218918
K= 2316
2.0
K= 2317
497.800692641
K= 2318
8.79855232476
K= 2319
481.970500333
K= 2320
27.5166666666
K= 2321
4848.34394636
K= 2322
764.277934288
K= 2323
3394.12128636
K= 2324
463.205870097
K= 2325
9.6166666667
K= 2326
4488.2
K= 2327
4868.50711788
K= 2328
4586.93832973
K= 2329
8617.0
K= 2330
4485.12662338
K= 2331
41.4663840672
K= 2332
239.075595238
K= 2333
14.8468253968
K= 2334
11.8666666667
K= 2335
11.3666666667
K= 2336
4601.0
K= 2337
21.0127253419
K= 2338
5686.6136224
K= 2339
9360.15727595
K= 2340
159.0
K= 2341
4308.75
K= 2342
25.0666666667
K= 2343
319.066930432
K= 2344
4608.75079365
K= 2345
4140.0
K= 2346
1243.50535801
K= 2347
31.9116123093
K= 2348
4663.53333333
K= 2349
8617.0
K= 2350
8839.0
Betweenness Centrality Improvement
[ 21.60340189   9.26666667  12.40952381 ...,   0.           0.           0.        ]
Top 20 BC Improvement
[2087 2032 2228 1599 1508 1217 1606 2193 2224  681 1820 1499 1657 2222 1627
  416 1631 1648  364 1760]
