txValue= 10000
IGRAPH D--- 4619 68733 -- 
+ attr: pub_key (v), base_fee (e), capacity (e), fee_rate (e), txCost (e)
None
Our nodes starting connections: 
(4618, 2796)
(4618, 1223)
(4618, 1163)
(4618, 498)
(4618, 2229)
K= 2350
8839.0
K= 2351
13.3073593073
K= 2352
4566.0
K= 2353
8577.0
K= 2354
4798.03657703
K= 2355
19.70392835
K= 2356
178.033333333
K= 2357
4497.70392835
K= 2358
64.5459803354
K= 2359
4469.75
K= 2360
4405.2966885
K= 2361
19.70392835
K= 2362
4800.75079365
K= 2363
4511.57011803
K= 2364
53.5208650208
K= 2365
489.11547619
K= 2366
53.0447052949
K= 2367
19.2404761905
K= 2368
9.06666666665
K= 2369
8571.0
K= 2370
10.8666666667
K= 2371
4148.0
K= 2372
13.7519118309
K= 2373
159.0
K= 2374
11.6
K= 2375
4616.0
K= 2376
5685.40774005
K= 2377
25.0933204595
K= 2378
4317.75
K= 2379
4619.0
K= 2380
386.100793651
K= 2381
4148.0
K= 2382
11327.8154801
K= 2383
19.70392835
K= 2384
12.4237693759
K= 2385
18.9001626972
K= 2386
13.6444444444
K= 2387
11698.4871243
K= 2388
18.8833333333
K= 2389
4901.80833333
K= 2390
113.829166667
K= 2391
4561.74285714
K= 2392
11.4333333333
K= 2393
204.632936508
K= 2394
4774.91773042
K= 2395
4497.70392835
K= 2396
308.852910013
K= 2397
19.20392835
K= 2398
33.1059642895
K= 2399
8.31904761912
K= 2400
4607.0
K= 2401
4623.0
K= 2402
4854.47442727
K= 2403
155.0
K= 2404
8839.0
K= 2405
141.0
K= 2406
11.6
K= 2407
10.8666666667
K= 2408
4408.19302039
K= 2409
136.666666667
K= 2410
24.1722222222
K= 2411
10.5952380953
K= 2412
4486.63809524
K= 2413
4767.81486266
K= 2414
5.67218045122
K= 2415
8622.0
K= 2416
78.8207767223
K= 2417
22.0333333333
K= 2418
13299.6662168
K= 2419
4493.16190476
K= 2420
103.611544012
K= 2421
306.416666667
K= 2422
4379.23649627
K= 2423
8515.33333333
K= 2424
4317.75
K= 2425
0.633333333302
K= 2426
4971.81111111
K= 2427
4487.16190476
K= 2428
8623.66666667
K= 2429
201.583333333
K= 2430
130.0
K= 2431
669.055720925
K= 2432
5.85882352933
K= 2433
18.7513888889
K= 2434
11704.3887641
K= 2435
4491.41991342
K= 2436
4874.90358947
K= 2437
4459.48483853
K= 2438
105.65
K= 2439
4486.21904762
K= 2440
347.404205307
K= 2441
9784.08095238
K= 2442
11.5166666667
K= 2443
19.70392835
K= 2444
10.2
K= 2445
4482.29166667
K= 2446
5.20743145735
K= 2447
370.442316017
K= 2448
5125.67311354
K= 2449
14.6398268399
K= 2450
4564.0
K= 2451
5685.34107338
K= 2452
7.47439309058
K= 2453
428.4
K= 2454
34.7710958924
K= 2455
4317.75
K= 2456
8839.0
K= 2457
24.8601302863
K= 2458
6.68895636534
K= 2459
175.533333333
K= 2460
19.70392835
K= 2461
109.851315789
K= 2462
8997.72229478
K= 2463
11.5166666667
K= 2464
8839.0
K= 2465
4821.69862164
K= 2466
391.618037518
K= 2467
4663.58333333
K= 2468
6.61343101354
K= 2469
19.70392835
K= 2470
4874.57259858
K= 2471
4533.98531345
K= 2472
10.2
K= 2473
4148.0
K= 2474
23.0333333333
K= 2475
5.61336996336
K= 2476
7.13315018301
K= 2477
117.664018335
K= 2478
18.9971906164
K= 2479
4483.3681203
K= 2480
4488.43333333
K= 2481
4608.0
K= 2482
4774.91773042
K= 2483
4497.70392835
K= 2484
4837.02317262
K= 2485
27.1444807235
K= 2486
8839.0
K= 2487
19.4690616247
K= 2488
11.0166666667
K= 2489
71.9641006655
K= 2490
155.15
K= 2491
4608.75079365
K= 2492
9.44533146603
K= 2493
11.4333333333
K= 2494
8565.0
K= 2495
19.70392835
K= 2496
11696.9918042
K= 2497
4497.70392835
K= 2498
4317.75
K= 2499
8.95357142843
K= 2500
19.70392835
K= 2501
19.70392835
K= 2502
8605.0
K= 2503
8.39999999991
K= 2504
19.70392835
K= 2505
4497.70392835
K= 2506
9.07222222222
K= 2507
19.70392835
K= 2508
27.6346473043
K= 2509
4885.35833333
K= 2510
4487.43333333
K= 2511
159.702020202
K= 2512
556.758333333
K= 2513
4777.05184654
K= 2514
4258.2
K= 2515
4545.5
K= 2516
242.0
K= 2517
36.0848751095
K= 2518
9.81323763949
K= 2519
19.70392835
K= 2520
42.3585470086
K= 2521
4482.52540461
K= 2522
5.88184822421
K= 2523
140.0
K= 2524
4483.26240602
K= 2525
10.5166666667
K= 2526
4788.68671579
K= 2527
2639.89799201
K= 2528
9.42733638908
K= 2529
4939.6
K= 2530
4848.44231602
K= 2531
19.20392835
K= 2532
3444.20382356
K= 2533
4974.12460318
K= 2534
6.98247863248
K= 2535
4636.51519952
K= 2536
4161.16666667
K= 2537
201.583333333
K= 2538
4622.0
K= 2539
387.91171717
K= 2540
155.5
K= 2541
35.20392835
K= 2542
4444.33730159
K= 2543
85.2659663189
K= 2544
8577.0
K= 2545
4871.71111111
K= 2546
4871.85265568
K= 2547
4869.46071429
K= 2548
113.0
K= 2549
4561.73333333
K= 2550
8839.0
K= 2551
4317.75
K= 2552
4148.0
K= 2553
10.8185926977
K= 2554
6474.07968744
K= 2555
300.769501065
K= 2556
3611.84761461
K= 2557
4573.0
K= 2558
4499.86114739
K= 2559
4619.34421146
K= 2560
184.583333333
K= 2561
6.68650793645
K= 2562
20.3853516749
K= 2563
22.6072701807
K= 2564
175.083333333
K= 2565
17678.0
K= 2566
14.2895604395
K= 2567
8625.0
K= 2568
149.5
K= 2569
135.0
K= 2570
4605.75079365
K= 2571
372.150944619
K= 2572
4894.95887446
K= 2573
8633.0
K= 2574
9.63809523801
K= 2575
13.1778362396
K= 2576
317.12182364
K= 2577
4401.57864358
K= 2578
8839.0
K= 2579
8782.75
K= 2580
8626.0
K= 2581
26.7707509882
K= 2582
9.33333333337
K= 2583
4602.75
K= 2584
9.57216117217
K= 2585
440.226935907
K= 2586
8832.0
K= 2587
4885.01217949
K= 2588
25.5333333333
K= 2589
171.071905371
K= 2590
21.2597735036
K= 2591
4732.39324468
K= 2592
32.3297035504
K= 2593
9.03257575759
K= 2594
19.70392835
K= 2595
95.4571428571
K= 2596
4608.75079365
K= 2597
4391.02743868
K= 2598
201.333333333
K= 2599
4441.0
K= 2600
391.44684251
K= 2601
384.015204203
K= 2602
11700.7534438
K= 2603
4916.02857143
K= 2604
5496.77200533
K= 2605
908.839978919
K= 2606
141.333333333
K= 2607
4317.75
K= 2608
19.9333333335
K= 2609
4613.5
K= 2610
377.659950455
K= 2611
66.9114690867
K= 2612
19.6656846207
K= 2613
18.3238095238
K= 2614
381.277848497
K= 2615
4770.87728971
K= 2616
11.067099567
K= 2617
4774.91773042
K= 2618
4486.95357143
K= 2619
8839.0
K= 2620
4148.0
K= 2621
156.0
K= 2622
8.03571428568
K= 2623
21.8611473902
K= 2624
7.895970696
K= 2625
5102.6363642
K= 2626
4836.0
K= 2627
8627.36111111
K= 2628
24.2625074271
K= 2629
16.7351888451
K= 2630
4847.93853325
K= 2631
4505.03717518
K= 2632
6040.13417137
K= 2633
8839.0
K= 2634
5102.6363642
K= 2635
8615.0
K= 2636
4862.8395136
K= 2637
379.745505226
K= 2638
153.65
K= 2639
4800.75079365
K= 2640
4497.70392835
K= 2641
4317.75
K= 2642
309.090930221
K= 2643
10.8500000001
K= 2644
8608.5
K= 2645
11666.2943723
K= 2646
11.6
K= 2647
4869.91666667
K= 2648
10.8666666667
K= 2649
126.0
K= 2650
4871.63928571
K= 2651
4488.8
K= 2652
4657.20054073
K= 2653
8.71666666667
K= 2654
187.533333333
K= 2655
9.07619047619
K= 2656
2254.8756706
K= 2657
140.833333333
K= 2658
29.9544989979
K= 2659
4758.41269004
K= 2660
385.493125714
K= 2661
100.80881384
K= 2662
4608.75079365
K= 2663
13.5518170896
K= 2664
4504.5
K= 2665
4784.11650659
K= 2666
431.470621046
K= 2667
33.1583452419
K= 2668
9.13809523801
K= 2669
451.146175996
K= 2670
18.7737812912
K= 2671
23.970215206
K= 2672
8839.0
K= 2673
4822.69862164
K= 2674
10.0119047619
K= 2675
37.780005883
K= 2676
397.522598431
K= 2677
3.23454106285
K= 2678
4608.75079365
K= 2679
125.0
K= 2680
4148.0
K= 2681
543.758333333
K= 2682
11711.3229638
K= 2683
4317.75
K= 2684
4317.75
K= 2685
4486.16666667
K= 2686
8577.0
K= 2687
4317.75
K= 2688
21.2
K= 2689
4822.69862164
K= 2690
239.669363426
K= 2691
8621.0
K= 2692
4558.0
K= 2693
234.028120899
K= 2694
4853.01532912
K= 2695
4644.69862164
K= 2696
34.6297979798
K= 2697
4800.75079365
K= 2698
11.4333333333
K= 2699
10.5952380953
K= 2700
19.70392835
K= 2701
4875.26490088
K= 2702
9.13809523801
K= 2703
25.770342523
K= 2704
8465.33333333
K= 2705
10.8
K= 2706
10.5952380953
K= 2707
8569.0
K= 2708
4600.04630647
K= 2709
19.70392835
K= 2710
86.1270566852
K= 2711
8608.0
K= 2712
3155.76529152
K= 2713
8.08452380949
K= 2714
7.28826075885
K= 2715
38.4380952381
K= 2716
4839.44047619
K= 2717
4220.0
K= 2718
14.0968511021
K= 2719
25.6867424241
K= 2720
4608.75079365
K= 2721
153.0
K= 2722
816.492857143
K= 2723
4148.0
K= 2724
8577.0
K= 2725
194.756374269
K= 2726
43.0635283426
K= 2727
4598.0
K= 2728
4489.51666667
K= 2729
322.750793651
K= 2730
379.698621641
K= 2731
4837.46250955
K= 2732
4826.77354487
K= 2733
4483.5040107
K= 2734
4879.44047619
K= 2735
8626.0
K= 2736
143.0
K= 2737
4497.70392835
K= 2738
600.0
K= 2739
21.8611473902
K= 2740
201.583333333
K= 2741
24.0205565863
K= 2742
7.07222222222
K= 2743
19.70392835
K= 2744
15.25
K= 2745
65.0
K= 2746
4317.75
K= 2747
33.8471537387
K= 2748
4822.69862164
K= 2749
4899.42857143
K= 2750
34.90629975
K= 2751
4497.70392835
K= 2752
19.70392835
K= 2753
111.333333333
K= 2754
8620.0
K= 2755
6444.33201109
K= 2756
4866.94077312
K= 2757
32.020880021
K= 2758
350.19882653
K= 2759
8839.0
K= 2760
546.758333333
K= 2761
11.5166666667
K= 2762
4845.58108994
K= 2763
36.6816239316
K= 2764
4802.69862164
K= 2765
6.51199813257
K= 2766
161.75
K= 2767
4842.51519952
K= 2768
6.03679653676
K= 2769
4758.56863553
K= 2770
8623.0
K= 2771
4593.0
K= 2772
9.33783670026
K= 2773
4482.44082166
K= 2774
17.4718409586
K= 2775
8839.0
K= 2776
4487.95635965
K= 2777
4173.31215561
K= 2778
4896.32619048
K= 2779
4454.0
K= 2780
11.5166666667
K= 2781
11.4666666667
K= 2782
31.6361905638
K= 2783
15.5483516484
K= 2784
4596.0
K= 2785
371.670913836
K= 2786
4497.70392835
K= 2787
8831.0
K= 2788
12.4393162393
K= 2789
5.80650721828
K= 2790
13.5305121024
K= 2791
8626.0
K= 2792
8626.0
K= 2793
33.1583452419
K= 2794
11.4095238096
K= 2795
19.70392835
K= 2796
25.6166666667
K= 2797
29.1585497836
K= 2798
6.54670329671
K= 2799
43.622404012
K= 2800
13.1666666666
K= 2801
5686.32440671
K= 2802
8624.0
K= 2803
11.0445658071
K= 2804
4317.75
K= 2805
5.97696176369
K= 2806
4497.70392835
K= 2807
10.2
K= 2808
19.70392835
K= 2809
19.441892439
K= 2810
4868.50711788
K= 2811
11.5166666667
K= 2812
233.094920756
K= 2813
1068.08377073
K= 2814
4591.0
K= 2815
4317.75
K= 2816
11.2310843178
K= 2817
179.333333333
K= 2818
8626.0
K= 2819
4489.46666667
K= 2820
4567.69830257
K= 2821
4148.0
K= 2822
138.0
K= 2823
4601.0
K= 2824
8.86904761905
K= 2825
146.196129776
K= 2826
19.1762362679
K= 2827
8410.0
K= 2828
20.5156177157
K= 2829
10.52481203
K= 2830
4608.75079365
K= 2831
4317.75
K= 2832
4566.0
K= 2833
4503.70392835
K= 2834
4489.01666667
K= 2835
8839.0
K= 2836
14869.5
K= 2837
440.566930431
K= 2838
5102.6363642
K= 2839
6475.3393519
K= 2840
4486.56666667
K= 2841
4918.23333333
K= 2842
523.090115439
K= 2843
199.083333333
K= 2844
8.44166666665
K= 2845
4391.0
K= 2846
123.433333333
K= 2847
21.3133311017
K= 2848
14.8977994228
K= 2849
3970.258066
K= 2850
9.16190476192
K= 2851
135.0
K= 2852
365.130471023
K= 2853
8626.0
K= 2854
14.6569997054
K= 2855
4526.61245493
K= 2856
8958.36840659
K= 2857
135.333333333
K= 2858
6475.3393519
K= 2859
6.73836996325
K= 2860
599.0
K= 2861
39.4078566999
K= 2862
4539.0
K= 2863
6045.50201438
K= 2864
19.70392835
K= 2865
5173.94856632
K= 2866
4148.0
K= 2867
370.645033033
K= 2868
23.5664884135
K= 2869
14.0476014181
K= 2870
4486.31904762
K= 2871
304.850295006
K= 2872
4809.58108994
K= 2873
364.515199521
K= 2874
43.0635283426
K= 2875
388.108409362
K= 2876
4497.70392835
K= 2877
19.70392835
K= 2878
19.70392835
K= 2879
21.8611473902
K= 2880
4499.86114739
K= 2881
8626.0
K= 2882
312.933865933
K= 2883
4960.68333333
K= 2884
174.333333333
K= 2885
6852.00735434
K= 2886
21.8611473902
K= 2887
184.583333333
K= 2888
36.1051448554
K= 2889
20.3775965255
K= 2890
11.5166666667
K= 2891
11.0166666667
K= 2892
19.70392835
K= 2893
981.817104063
K= 2894
4317.75
K= 2895
151.0
K= 2896
17238.0
K= 2897
426.974283159
K= 2898
337.344444445
K= 2899
301.911247564
K= 2900
158.0
K= 2901
8621.0
K= 2902
4618.0
K= 2903
43.0635283426
K= 2904
19.70392835
K= 2905
4161.16666667
K= 2906
4148.0
K= 2907
11700.2240304
K= 2908
143.0
K= 2909
4564.0
K= 2910
781.961768304
K= 2911
4483.15842799
K= 2912
142.333333333
K= 2913
28.2622326204
K= 2914
4800.75079365
K= 2915
4806.50711788
K= 2916
11.5166666667
K= 2917
188.583333333
K= 2918
4870.56330323
K= 2919
5.5166666666
K= 2920
4497.70392835
K= 2921
8839.0
K= 2922
4918.96526251
K= 2923
19.70392835
K= 2924
30.3908963584
K= 2925
8.86904761905
K= 2926
387.166666667
K= 2927
4635.0
K= 2928
183.366666667
K= 2929
6.1931372548
K= 2930
50.4298212897
K= 2931
14.2385081585
K= 2932
4497.70392835
K= 2933
4822.69862164
K= 2934
9.76190476189
K= 2935
454.974236083
K= 2936
21.8611473902
K= 2937
11.4095238096
K= 2938
225.473808232
K= 2939
38.3274547296
K= 2940
9.06666666665
K= 2941
4460.0
K= 2942
63.879193541
K= 2943
11.5166666667
K= 2944
12.5047979798
K= 2945
4575.91773042
K= 2946
4148.0
K= 2947
4669.69862164
K= 2948
10.3666666667
K= 2949
19.70392835
K= 2950
4469.75
K= 2951
23.0333333333
K= 2952
141.0
K= 2953
544.758333333
K= 2954
4675.94975857
K= 2955
8.00718355714
K= 2956
4317.75
K= 2957
4447.96316739
K= 2958
4148.0
K= 2959
36.9082967354
K= 2960
4679.34394636
K= 2961
5426.44857818
K= 2962
19.70392835
K= 2963
4656.58333333
K= 2964
387.072304382
K= 2965
4.47325581394
K= 2966
8632.0
K= 2967
39.4078566999
K= 2968
183.818327228
K= 2969
8626.0
K= 2970
4148.0
K= 2971
4809.91705528
K= 2972
4317.75
K= 2973
11.2666666667
K= 2974
9.09953703696
K= 2975
19.70392835
K= 2976
298.711518497
K= 2977
279.552159526
K= 2978
4523.0
K= 2979
19.70392835
K= 2980
11.5166666667
K= 2981
4450.0
K= 2982
19.70392835
K= 2983
11.5166666667
K= 2984
20.8611473902
K= 2985
8604.0
K= 2986
6.69188034197
K= 2987
8616.5
K= 2988
4806.75079365
K= 2989
4608.75079365
K= 2990
146.333333333
K= 2991
4317.75
K= 2992
19.70392835
K= 2993
10.2
K= 2994
10.5
K= 2995
4494.2
K= 2996
164.65
K= 2997
3190.77440676
K= 2998
4786.34821559
K= 2999
4487.16190476
K= 3000
15.375
K= 3001
4147.0
K= 3002
10.7999999999
K= 3003
8.84444444452
K= 3004
4898.53571429
K= 3005
306.088829518
K= 3006
10.2
K= 3007
4800.75079365
K= 3008
17.7137941007
K= 3009
37.780005883
K= 3010
4874.50711788
K= 3011
623.668664534
K= 3012
4698.75833333
K= 3013
10.945370032
K= 3014
19.20392835
K= 3015
4848.44231602
K= 3016
4148.0
K= 3017
5.27792889089
K= 3018
22.7723238597
K= 3019
8620.0
K= 3020
4487.36666667
K= 3021
4700.01532912
K= 3022
17.3919413919
K= 3023
4910.00724728
K= 3024
398.904570675
K= 3025
138.461466843
K= 3026
28.6641455767
K= 3027
4826.32162044
K= 3028
7.94166666665
K= 3029
4469.75
K= 3030
4489.25
K= 3031
399.975
K= 3032
32.9436819173
K= 3033
31.8942981855
K= 3034
337.344444444
K= 3035
10.8666666667
K= 3036
325.000793651
K= 3037
8839.0
K= 3038
4489.51666667
K= 3039
11.4333333333
K= 3040
10.2
K= 3041
4608.75079365
K= 3042
4819.2320821
K= 3043
4608.75079365
K= 3044
8573.75
K= 3045
8.54600703856
K= 3046
4483.21500722
K= 3047
11.8091960672
K= 3048
4485.04592075
K= 3049
21.8611473902
K= 3050
415.113095238
K= 3051
8.89610389608
K= 3052
19.70392835
K= 3053
11700.9514033
K= 3054
4486.25277778
K= 3055
4148.0
K= 3056
19.70392835
K= 3057
4317.75
K= 3058
418.312301587
K= 3059
19.70392835
K= 3060
4497.70392835
K= 3061
4879.25052448
K= 3062
289.816666667
K= 3063
4817.66666667
K= 3064
4148.0
K= 3065
4317.75
K= 3066
4592.0
K= 3067
22.3666666666
K= 3068
6.03140962764
K= 3069
185.583333333
K= 3070
4842.51519952
K= 3071
10.2
K= 3072
8626.0
K= 3073
8839.0
K= 3074
8839.0
K= 3075
6.77291549032
K= 3076
9.16190476192
K= 3077
32.838095238
K= 3078
8626.0
K= 3079
4839.44047619
K= 3080
9.66190476192
K= 3081
153.0
K= 3082
19.70392835
K= 3083
4939.40277778
K= 3084
4317.75
K= 3085
18.7887386171
K= 3086
8.95357142843
K= 3087
11.0166666667
K= 3088
4499.86114739
K= 3089
4182.0
K= 3090
3251.26663127
K= 3091
4839.44047619
K= 3092
8608.0
K= 3093
11.4095238096
K= 3094
201.583333333
K= 3095
21.8611473902
K= 3096
10.8666666667
K= 3097
10.3666666667
K= 3098
19.70392835
K= 3099
30.378316
K= 3100
8.08571428573
K= 3101
43.7222947804
K= 3102
244.428571429
K= 3103
4844.12344902
K= 3104
18.7631224713
K= 3105
19.70392835
K= 3106
53.0447052949
K= 3107
4781.50037273
K= 3108
8623.0
K= 3109
11.2666666667
K= 3110
5067.80656989
K= 3111
8839.0
K= 3112
4317.75
K= 3113
4233.0
K= 3114
35.9809523812
K= 3115
11.0166666667
K= 3116
10.8666666667
K= 3117
155.0
K= 3118
2.0
K= 3119
21.8611473902
K= 3120
4483.40443068
K= 3121
8622.0
K= 3122
6.21515151509
K= 3123
465.455555556
K= 3124
2.0
K= 3125
8633.0
K= 3126
440.361567625
K= 3127
4489.01666667
K= 3128
4858.76926129
K= 3129
50.0833333334
K= 3130
4842.51519952
K= 3131
2355.54068661
K= 3132
407.625410302
K= 3133
20.2557932264
K= 3134
6.27495543659
K= 3135
183.666666667
K= 3136
35.3286351743
K= 3137
10.7999999999
K= 3138
8660.0
K= 3139
4148.0
K= 3140
8620.5
K= 3141
19.70392835
K= 3142
14.0666666667
K= 3143
4573.27597743
K= 3144
139.0
K= 3145
9.03257575759
K= 3146
201.583333333
K= 3147
4317.75
K= 3148
19.1660922412
K= 3149
314.994444444
K= 3150
20.5965642587
K= 3151
4915.88333333
K= 3152
191.333333333
K= 3153
119.0
K= 3154
4182.0
K= 3155
8633.0
K= 3156
19.70392835
K= 3157
4611.0
K= 3158
19.70392835
K= 3159
1058.0090527
K= 3160
144.0
K= 3161
4488.51666667
K= 3162
8.15714285721
K= 3163
4141.0
K= 3164
43.4624500501
K= 3165
8590.73552851
K= 3166
4779.64831549
K= 3167
34.918226121
K= 3168
8839.0
K= 3169
6.68303870037
K= 3170
4623.0
K= 3171
51.6337126601
K= 3172
57.3096088551
K= 3173
8839.0
K= 3174
27.1056571931
K= 3175
10.8666666667
K= 3176
4635.82952685
K= 3177
65.2930740098
K= 3178
18.3288613692
K= 3179
11.5166666667
K= 3180
130.0
K= 3181
4182.0
K= 3182
10.8666666667
K= 3183
4822.69862164
K= 3184
448.775531607
K= 3185
140.0
K= 3186
19.9839285713
K= 3187
5.2590218595
K= 3188
26.3531852206
K= 3189
8.95357142843
K= 3190
5.61417748919
K= 3191
8839.0
K= 3192
11695.3993106
K= 3193
4894.9574642
K= 3194
9.63809523801
K= 3195
4839.44047619
K= 3196
4953.53567447
K= 3197
8998.0
K= 3198
4.75013802631
K= 3199
4872.15165945
K= 3200
10.85
K= 3201
11.8265873016
K= 3202
4161.16666667
K= 3203
8.00718355714
K= 3204
157.0
K= 3205
4799.50711788
K= 3206
4317.75
K= 3207
12.8672619046
K= 3208
4220.0
K= 3209
8839.0
K= 3210
2898.99662033
K= 3211
543.758333333
K= 3212
85.7937233518
K= 3213
4317.75
K= 3214
141.0
K= 3215
155.816666667
K= 3216
4949.0826693
K= 3217
4317.75
K= 3218
8.58147049265
K= 3219
11.0841630592
K= 3220
6.5863247863
K= 3221
419.392828019
K= 3222
4607.85027473
K= 3223
345.834349004
K= 3224
43.2435897436
K= 3225
11.5166666667
K= 3226
180.333333333
K= 3227
8832.0
K= 3228
2.0
K= 3229
538.425
K= 3230
204.690294933
K= 3231
4808.48867244
K= 3232
4484.0
K= 3233
4877.78015873
K= 3234
5432.44857818
K= 3235
84.7281551819
K= 3236
8839.0
K= 3237
25.105657193
K= 3238
4619.0
K= 3239
168.317461218
K= 3240
8626.0
K= 3241
11.6
K= 3242
22.5333333333
K= 3243
78.6011904762
K= 3244
4879.44047619
K= 3245
5687.40774005
K= 3246
22370.7444444
K= 3247
4317.75
K= 3248
8608.0
K= 3249
4687.55457524
K= 3250
28.1056571931
K= 3251
201.583333333
K= 3252
11.5166666667
K= 3253
11.5166666667
K= 3254
4161.16666667
K= 3255
8967.45021645
K= 3256
18.5523809524
K= 3257
19.20392835
K= 3258
30.8548840049
K= 3259
18.8120800231
K= 3260
6.1198412698
K= 3261
4839.44047619
K= 3262
4486.00718356
K= 3263
4148.0
K= 3264
131.0
K= 3265
0.0
K= 3266
25.9723238596
K= 3267
2861.20339691
K= 3268
10.7999999999
K= 3269
10.1333333333
K= 3270
8839.0
K= 3271
6.1555555556
K= 3272
4608.75079365
K= 3273
470.065857754
K= 3274
108.0
K= 3275
4317.75
K= 3276
185.583333333
K= 3277
8.93968253955
K= 3278
8.1857142857
K= 3279
8.07499999995
K= 3280
281.759434812
K= 3281
19.70392835
K= 3282
155.0
K= 3283
13.5767912137
K= 3284
4617.0
K= 3285
12.3157894737
K= 3286
6.93575498578
K= 3287
4870.96526251
K= 3288
8626.0
K= 3289
394.847474748
K= 3290
13.8452380953
K= 3291
16.4055555556
K= 3292
181.14710609
K= 3293
5.60351403244
K= 3294
43.3889975453
K= 3295
4148.0
K= 3296
4822.82823924
K= 3297
4299.0
K= 3298
4989.62857143
K= 3299
19.70392835
K= 3300
6.56343101349
K= 3301
20.2974296843
K= 3302
4317.75
K= 3303
4497.70392835
K= 3304
31.5117918989
K= 3305
4879.70357143
K= 3306
10.7999999999
K= 3307
322.750793651
K= 3308
139.5
K= 3309
4913.08333333
K= 3310
11.4095238096
K= 3311
53.0447052949
K= 3312
19.70392835
K= 3313
4427.27868742
K= 3314
5102.6363642
K= 3315
7.65714285721
K= 3316
8616.0
K= 3317
19.20392835
K= 3318
4774.91773042
K= 3319
132.0
K= 3320
6.81277056283
K= 3321
155.0
K= 3322
4317.75
K= 3323
6.55742296914
K= 3324
15.1258645375
K= 3325
8.84444444452
K= 3326
8.17777777778
K= 3327
17594.2
K= 3328
4.33333333326
K= 3329
18.6764705882
K= 3330
7.4826839827
K= 3331
600.0
K= 3332
4877.78015873
K= 3333
4593.0
K= 3334
4497.20392835
K= 3335
4182.0
K= 3336
12.0055270056
K= 3337
176.033333334
K= 3338
4594.41630592
K= 3339
4759.0
K= 3340
4507.12735272
K= 3341
287.086335404
K= 3342
8839.0
K= 3343
4584.85
K= 3344
10.5952380953
K= 3345
155.15
K= 3346
4590.0
K= 3347
4483.43655844
K= 3348
346.653172931
K= 3349
17678.0
K= 3350
364.452993316
K= 3351
4488.2
K= 3352
47.297105509
K= 3353
19.70392835
K= 3354
17678.0
K= 3355
18.397571478
K= 3356
87.1932900433
K= 3357
5.35026315798
K= 3358
4621.91773042
K= 3359
38.0063815411
K= 3360
8426.5
K= 3361
4891.20343497
K= 3362
146.333333333
K= 3363
5681.36285728
K= 3364
4317.75
K= 3365
4317.75
K= 3366
19.70392835
K= 3367
4875.00867928
K= 3368
9.06666666665
K= 3369
4484.0
K= 3370
4774.91773042
K= 3371
161.033333333
K= 3372
9.13809523801
K= 3373
174.0
K= 3374
440.803038628
K= 3375
4800.75079365
K= 3376
47.6464423207
K= 3377
4148.0
K= 3378
8.36904761905
K= 3379
4182.0
K= 3380
4497.70392835
K= 3381
4774.91773042
K= 3382
4799.75079365
K= 3383
4317.75
K= 3384
139.5
K= 3385
185.583333333
K= 3386
4868.50711788
K= 3387
4317.75
K= 3388
4317.75
K= 3389
657.740056987
K= 3390
4.5
K= 3391
6398.53053878
K= 3392
4148.0
K= 3393
361.190228831
K= 3394
64.3723002684
K= 3395
4796.06693043
K= 3396
201.583333333
K= 3397
4317.75
K= 3398
184.583333333
K= 3399
4299.0
K= 3400
8839.0
K= 3401
8839.0
K= 3402
4883.08281441
K= 3403
4920.00442695
K= 3404
4907.30873016
K= 3405
3636.44563283
K= 3406
3629.10315504
K= 3407
155.816666667
K= 3408
19.9874888476
K= 3409
7.36263736268
K= 3410
4883.96150794
K= 3411
11.5166666667
K= 3412
7.53571428568
K= 3413
4489.6
K= 3414
4148.0
K= 3415
5.00935251021
K= 3416
533.11547619
K= 3417
5.86456140352
K= 3418
4497.70392835
K= 3419
19.70392835
K= 3420
8.78821998113
K= 3421
5.45645363408
K= 3422
381.308663396
K= 3423
19.70392835
K= 3424
4819.2320821
K= 3425
735.602373066
K= 3426
4848.44231602
K= 3427
5.56474850816
K= 3428
43.0635283426
K= 3429
5.33333333326
K= 3430
4868.50711788
K= 3431
5.9541549955
K= 3432
484.0
K= 3433
10.2
K= 3434
15.919467787
K= 3435
4511.15834524
K= 3436
8621.0
K= 3437
4594.0
K= 3438
4608.0
K= 3439
4317.75
K= 3440
4317.75
K= 3441
157.0
K= 3442
4497.70392835
K= 3443
10.2
K= 3444
8839.0
K= 3445
177.0
K= 3446
8839.0
K= 3447
113.0
K= 3448
130.5
K= 3449
9.66190476192
K= 3450
32.3868464075
K= 3451
8839.0
K= 3452
33.4470167514
K= 3453
19.70392835
K= 3454
490.758333333
K= 3455
4616.5
K= 3456
43.0635283426
K= 3457
11.0166666667
K= 3458
4317.75
K= 3459
4497.70392835
K= 3460
4868.50711788
K= 3461
19.70392835
K= 3462
4819.71675676
K= 3463
8626.0
K= 3464
8.82857142843
K= 3465
112.5
K= 3466
21.3475922116
K= 3467
4394.0
K= 3468
846.471745765
K= 3469
4317.75
K= 3470
11.4654528478
K= 3471
10.3666666667
K= 3472
380.323783749
K= 3473
4875.01532912
K= 3474
11.0845238095
K= 3475
4317.75
K= 3476
8623.0
K= 3477
48.7530048349
K= 3478
14.2666666667
K= 3479
6.0499854791
K= 3480
4774.91773042
K= 3481
387.12344902
K= 3482
154.0
K= 3483
8.00718355714
K= 3484
6.19632450875
K= 3485
13.7999999999
K= 3486
4484.4
K= 3487
4800.75079365
K= 3488
4608.75079365
K= 3489
19.70392835
K= 3490
138.0
K= 3491
20.3019685691
K= 3492
8839.0
K= 3493
524.990306598
K= 3494
8839.0
K= 3495
4038.33333333
K= 3496
4797.75416667
K= 3497
5948.48368803
K= 3498
25.1833333333
K= 3499
4566.0
K= 3500
6.952991453
K= 3501
4698.45461483
K= 3502
4297.75
K= 3503
4182.0
K= 3504
4957.72222222
K= 3505
341.787337662
K= 3506
4916.75
K= 3507
4170.0
K= 3508
10.4095238096
K= 3509
19.70392835
K= 3510
4899.08333333
K= 3511
36.2095460097
K= 3512
4317.75
K= 3513
4501.97021521
K= 3514
5.57922077924
K= 3515
11.6
K= 3516
64.3723002684
K= 3517
11664.2175325
K= 3518
16.3480930834
K= 3519
6.250041625
K= 3520
6.0
K= 3521
4317.75
K= 3522
19.70392835
K= 3523
4317.75
K= 3524
544.6
K= 3525
19.6604500891
K= 3526
9.63809523801
K= 3527
8626.0
K= 3528
10.0952380953
K= 3529
4608.75079365
K= 3530
4490.39998785
K= 3531
400.285714286
K= 3532
4834.84943972
K= 3533
26.6433434398
K= 3534
80.1164305488
K= 3535
11673.9986092
K= 3536
19.70392835
K= 3537
4608.75079365
K= 3538
11.5166666667
K= 3539
4796.06693043
K= 3540
11730.3048373
K= 3541
337.92421338
K= 3542
40.4447052949
K= 3543
154.890476191
K= 3544
8839.0
K= 3545
169.65
K= 3546
8839.0
K= 3547
4317.75
K= 3548
10.8666666667
K= 3549
19.70392835
K= 3550
4800.75079365
K= 3551
11.6
K= 3552
39.4078566999
K= 3553
19.70392835
K= 3554
371.87529227
K= 3555
4497.70392835
K= 3556
4809.58108994
K= 3557
140.0
K= 3558
26.5261505722
K= 3559
4656.58333333
K= 3560
11.6
K= 3561
11.9463477698
K= 3562
11.5782653989
K= 3563
4866.30669192
K= 3564
8963.05344079
K= 3565
4908.54285714
K= 3566
7.06904761901
K= 3567
401.23968254
K= 3568
379.698621641
K= 3569
8633.0
K= 3570
4317.75
K= 3571
4317.75
K= 3572
201.583333333
K= 3573
4863.91075036
K= 3574
4560.58828198
K= 3575
4895.8520202
K= 3576
4317.75
K= 3577
13.0458309806
K= 3578
158.333333333
K= 3579
59.4037472287
K= 3580
4148.0
K= 3581
79.5333333333
K= 3582
4889.40946276
K= 3583
4868.50711788
K= 3584
201.583333333
K= 3585
4486.86904762
K= 3586
4607.73690476
K= 3587
186.533333333
K= 3588
10.7083333333
K= 3589
8.97142857127
K= 3590
4542.37400117
K= 3591
312.950876329
K= 3592
8839.0
K= 3593
8632.0
K= 3594
18.9880952381
K= 3595
4842.51519952
K= 3596
8.48012353666
K= 3597
169.0
K= 3598
4317.75
K= 3599
9.63809523801
K= 3600
40.0384872917
K= 3601
16.7999999999
K= 3602
552.973462018
K= 3603
157.166666667
K= 3604
8567.66666667
K= 3605
359.384697957
K= 3606
4708.06693043
K= 3607
5698.60386846
K= 3608
8839.0
K= 3609
34.4429254958
K= 3610
8839.0
K= 3611
4723.11911971
K= 3612
4571.0
K= 3613
8602.0
K= 3614
15.0232323232
K= 3615
4612.0
K= 3616
8965.12752525
K= 3617
4608.75079365
K= 3618
8.9294944955
K= 3619
399.926348108
K= 3620
10.8666666667
K= 3621
17.3628730918
K= 3622
19.70392835
K= 3623
131.0
K= 3624
428.428571429
K= 3625
5.99523809517
K= 3626
4941.50860806
K= 3627
5102.6363642
K= 3628
4580.4
K= 3629
321.750793651
K= 3630
7.61904761905
K= 3631
344.990806962
K= 3632
417.397619047
K= 3633
10.0119047619
K= 3634
4148.0
K= 3635
4497.70392835
K= 3636
9.00718355714
K= 3637
8.00718355714
K= 3638
12.4007836528
K= 3639
543.758333333
K= 3640
25.984625579
K= 3641
4481.5780873
K= 3642
6536.17310636
K= 3643
4220.0
K= 3644
8.92857142841
K= 3645
9.34523809527
K= 3646
4729.77952728
K= 3647
11718.8518856
K= 3648
4493.16190476
K= 3649
4584.0
K= 3650
5102.6363642
K= 3651
4845.58133117
K= 3652
8626.0
K= 3653
256.45814308
K= 3654
4651.47442727
K= 3655
4868.50711788
K= 3656
4920.37478992
K= 3657
8620.0
K= 3658
201.583333333
K= 3659
21.8014782276
K= 3660
4317.75
K= 3661
7.49670329667
K= 3662
19.70392835
K= 3663
4176.16666667
K= 3664
5956.70731756
K= 3665
8.99523809517
K= 3666
11.5839876344
K= 3667
4633.15
K= 3668
8839.0
K= 3669
4484.10111643
K= 3670
23.2377622377
K= 3671
4408.39702038
K= 3672
352.868253968
K= 3673
4317.75
K= 3674
4488.66666667
K= 3675
4486.00718356
K= 3676
171.15
K= 3677
5.79999999993
K= 3678
4148.0
K= 3679
4700.0
K= 3680
6.82222222222
K= 3681
6.72510822513
K= 3682
399.017582809
K= 3683
142.25
K= 3684
4476.91666667
K= 3685
64.3723002684
K= 3686
10.3666666667
K= 3687
4560.0
K= 3688
4317.75
K= 3689
11.6
K= 3690
710.084094318
K= 3691
4848.34394636
K= 3692
124.333333333
K= 3693
47.6357680055
K= 3694
12.6964803312
K= 3695
73.0095238095
K= 3696
5966.74814288
K= 3697
4770.87728971
K= 3698
4864.77695709
K= 3699
5.16906182771
K= 3700
4369.5
K= 3701
4618.0
K= 3702
21.8611473902
K= 3703
19.6483727945
K= 3704
9.06666666665
K= 3705
8626.0
K= 3706
4374.0
K= 3707
4566.0
K= 3708
17.332001332
K= 3709
5.16897622612
K= 3710
176.083333333
K= 3711
13.1726495727
K= 3712
4900.10555556
K= 3713
4483.60793651
K= 3714
4824.79909812
K= 3715
4792.77265512
K= 3716
8.36590909085
K= 3717
5261.55391418
K= 3718
18.6814125428
K= 3719
8839.0
K= 3720
49.6
K= 3721
9.06666666665
K= 3722
136.0
K= 3723
139.0
K= 3724
4555.34015746
K= 3725
4871.63928571
K= 3726
4867.26490088
K= 3727
8.00718355714
K= 3728
139.0
K= 3729
150.533874062
K= 3730
10.8666666667
K= 3731
5.41225023346
K= 3732
4510.45278047
K= 3733
139.5
K= 3734
4895.8520202
K= 3735
366.472726621
K= 3736
319.591941392
K= 3737
4568.9289534
K= 3738
175.333333333
K= 3739
8839.0
K= 3740
4904.80952381
K= 3741
4497.70392835
K= 3742
7.95238095231
K= 3743
8.00718355714
K= 3744
11.6
K= 3745
21.7333333334
K= 3746
67.9114690865
K= 3747
558.567455898
K= 3748
12.2825757576
K= 3749
383.474427267
K= 3750
24.2
K= 3751
19.70392835
K= 3752
5.82003663003
K= 3753
11792.2471835
K= 3754
4486.86904762
K= 3755
4398.0
K= 3756
5.09778739791
K= 3757
19.1060281387
K= 3758
8839.0
K= 3759
181.14710609
K= 3760
11705.4480241
K= 3761
4497.70392835
K= 3762
36.3560606061
K= 3763
181.583333333
K= 3764
4317.75
K= 3765
5.23272642388
K= 3766
4182.0
K= 3767
4868.50711788
K= 3768
3759.66149686
K= 3769
167.533333333
K= 3770
10.5166666667
K= 3771
6.5490079365
K= 3772
10.2666666667
K= 3773
4747.06693043
K= 3774
80.1164305488
K= 3775
11.5166666667
K= 3776
19.70392835
K= 3777
4489.26666667
K= 3778
356.879761905
K= 3779
11.4095238096
K= 3780
179.952380952
K= 3781
537.536525974
K= 3782
4488.0
K= 3783
366.583908967
K= 3784
5102.6363642
K= 3785
4317.75
K= 3786
27.5935598901
K= 3787
12.4969696971
K= 3788
10.7999999999
K= 3789
19.70392835
K= 3790
200.583333333
K= 3791
5102.6363642
K= 3792
30.5666666667
K= 3793
173.0
K= 3794
11.5166666667
K= 3795
19.70392835
K= 3796
11.0080213904
K= 3797
155.0
K= 3798
5060.6363642
K= 3799
4590.5
K= 3800
39.4078566999
K= 3801
4148.0
K= 3802
7.17510822508
K= 3803
8839.0
K= 3804
4389.96785714
K= 3805
9.39090909099
K= 3806
4486.26666667
K= 3807
4482.16666667
K= 3808
4548.2
K= 3809
4.71151898708
K= 3810
8839.0
K= 3811
4299.0
K= 3812
21.8611473902
K= 3813
7423.55961073
K= 3814
8.82857142843
K= 3815
5967.34357015
K= 3816
12.7971177024
K= 3817
689.833333333
K= 3818
4148.0
K= 3819
398.683333333
K= 3820
18.9971906164
K= 3821
544.758333333
K= 3822
11.4095238096
K= 3823
8839.0
K= 3824
201.583333333
K= 3825
8839.0
K= 3826
12.0
K= 3827
8.11904761905
K= 3828
115.450540729
K= 3829
5686.40774005
K= 3830
11.5166666667
K= 3831
8625.0
K= 3832
42.4298212897
K= 3833
4.47325581394
K= 3834
4370.0
K= 3835
19.70392835
K= 3836
14.8992424242
K= 3837
4910.08333333
K= 3838
407.703571429
K= 3839
121.0
K= 3840
8.29776711354
K= 3841
8608.5
K= 3842
8839.0
K= 3843
4497.70392835
K= 3844
4409.07204923
K= 3845
19.1660922412
K= 3846
19.70392835
K= 3847
4148.0
K= 3848
18.6660922412
K= 3849
8.8583333334
K= 3850
4825.31358388
K= 3851
36.5224908261
K= 3852
8620.0
K= 3853
8.73034547153
K= 3854
23.9857142856
K= 3855
441.266666667
K= 3856
4839.44047619
K= 3857
10.0119047619
K= 3858
111.0
K= 3859
16.3555555556
K= 3860
53.994888445
K= 3861
15.5499999999
K= 3862
8618.0
K= 3863
93.6345238095
K= 3864
53.7164285715
K= 3865
4913.53333333
K= 3866
8839.0
K= 3867
19.70392835
K= 3868
133.34389638
K= 3869
785.520670996
K= 3870
54.8098002684
K= 3871
13.3666666667
K= 3872
297.029869001
K= 3873
4182.0
K= 3874
19.70392835
K= 3875
11.0166666667
K= 3876
19.70392835
K= 3877
19.70392835
K= 3878
4607.0
K= 3879
21.2791666667
K= 3880
19.70392835
K= 3881
10.5236235454
K= 3882
4497.70392835
K= 3883
4317.75
K= 3884
40235.7583333
K= 3885
4871.63928571
K= 3886
19.70392835
K= 3887
19.128477004
K= 3888
354.164739715
K= 3889
10.9099567099
K= 3890
4834.39058116
K= 3891
4604.27234791
K= 3892
161.083333333
K= 3893
10.7160633485
K= 3894
7.30842074589
K= 3895
4454.0
K= 3896
4497.70392835
K= 3897
8458.71666667
K= 3898
393.459768734
K= 3899
4393.5
K= 3900
8839.0
K= 3901
4486.23333333
K= 3902
8633.0
K= 3903
4619.0
K= 3904
172.65995671
K= 3905
221.509523809
K= 3906
4907.07083767
K= 3907
8976.03333333
K= 3908
8633.0
K= 3909
4840.60952381
K= 3910
191.866666667
K= 3911
19.20392835
K= 3912
15.7835497835
K= 3913
476.384693085
K= 3914
45.0447052949
K= 3915
21.8611473902
K= 3916
8611.0
K= 3917
4989.94156789
K= 3918
4182.0
K= 3919
19.70392835
K= 3920
30.0807251822
K= 3921
270.091616234
K= 3922
4595.35193956
K= 3923
154.0
K= 3924
156.0
K= 3925
11.0166666667
K= 3926
204.981182796
K= 3927
280.0
K= 3928
8.4886911799
K= 3929
391.758333333
K= 3930
5.31957250449
K= 3931
258.879761905
K= 3932
11.4095238096
K= 3933
28.4222222222
K= 3934
8.00718355714
K= 3935
4971.71325864
K= 3936
19.70392835
K= 3937
4483.3104816
K= 3938
67.8792876841
K= 3939
4669.7386525
K= 3940
4619.0
K= 3941
8632.0
K= 3942
201.583333333
K= 3943
4759.2320821
K= 3944
9.59523809515
K= 3945
140.0
K= 3946
4701.47442727
K= 3947
8609.83333333
K= 3948
21.8611473902
K= 3949
4562.75079365
K= 3950
4863.74550523
K= 3951
25.0596366597
K= 3952
142.6625
K= 3953
35.474073149
K= 3954
142.0
K= 3955
4489.51666667
K= 3956
131.0
K= 3957
12.4053030303
K= 3958
113.5
K= 3959
4317.75
K= 3960
8839.0
K= 3961
201.583333333
K= 3962
30.584076048
K= 3963
17.70392835
K= 3964
4541.0
K= 3965
4486.86904762
K= 3966
4888.18452381
K= 3967
17.3958975965
K= 3968
10.357142857
K= 3969
4863.90061744
K= 3970
4.83905890491
K= 3971
201.583333333
K= 3972
416.184506677
K= 3973
13.8902966315
K= 3974
7.13104575162
K= 3975
4561.75079365
K= 3976
32.5297035504
K= 3977
4692.06693043
K= 3978
10.85
K= 3979
19.70392835
K= 3980
406.071664447
K= 3981
4765.51519952
K= 3982
4839.44047619
K= 3983
10.7999999999
K= 3984
19.70392835
K= 3985
11.5166666667
K= 3986
4617.0
K= 3987
53.5227633478
K= 3988
10.5952380953
K= 3989
4800.75079365
K= 3990
9554.69512938
K= 3991
4487.16190476
K= 3992
4148.0
K= 3993
26.2625
K= 3994
4608.75079365
K= 3995
26.7710958924
K= 3996
8633.0
K= 3997
184.583333333
K= 3998
238.018106893
K= 3999
122.616666667
K= 4000
4513.12936379
K= 4001
190.866666667
K= 4002
602.242857143
K= 4003
5085.34663648
K= 4004
8.63122294366
K= 4005
4148.0
K= 4006
33.7492285493
K= 4007
138.333333333
K= 4008
19.70392835
K= 4009
4927.23333333
K= 4010
4237.55950068
K= 4011
113.5
K= 4012
4631.0
K= 4013
170.0
K= 4014
4747.898283
K= 4015
8626.0
K= 4016
4839.44047619
K= 4017
8839.0
K= 4018
4628.0
K= 4019
511.169480519
K= 4020
343.166666667
K= 4021
130.66373828
K= 4022
8839.0
K= 4023
4494.10938064
K= 4024
4317.75
K= 4025
407.008679283
K= 4026
4874.50711788
K= 4027
39.4078566999
K= 4028
15.1444444444
K= 4029
4860.46250955
K= 4030
6.19626470027
K= 4031
6099.90920428
K= 4032
4882.98341221
K= 4033
10.2
K= 4034
8839.0
K= 4035
11702.563816
K= 4036
140.0
K= 4037
4148.0
K= 4038
4960.68333333
K= 4039
4834.36625768
K= 4040
4855.70218972
K= 4041
4317.75
K= 4042
117.0
K= 4043
8623.0
K= 4044
127.840909091
K= 4045
4728.91773042
K= 4046
12.983895183
K= 4047
2504.75348306
K= 4048
4332.0
K= 4049
10.5952380953
K= 4050
19.70392835
K= 4051
22396.1991453
K= 4052
4317.75
K= 4053
4317.75
K= 4054
5.98670329666
K= 4055
4800.75079365
K= 4056
155.0
K= 4057
154.0
K= 4058
4497.70392835
K= 4059
19.70392835
K= 4060
4924.01207485
K= 4061
12.6906629318
K= 4062
372.862431039
K= 4063
10.8666666667
K= 4064
4317.75
K= 4065
156.0
K= 4066
4817.86825397
K= 4067
10.2
K= 4068
8633.0
K= 4069
4921.64839309
K= 4070
8839.0
K= 4071
355.879761905
K= 4072
64.3723002684
K= 4073
22.7723238597
K= 4074
27.5935598901
K= 4075
304.050860141
K= 4076
11.0166666667
K= 4077
35.9039904542
K= 4078
8628.81333481
K= 4079
43.0635283426
K= 4080
4901.10274955
K= 4081
8.18154761905
K= 4082
10.8666666667
K= 4083
134.742857143
K= 4084
4773.10453363
K= 4085
6.8465072182
K= 4086
67.8873638344
K= 4087
384.616266328
K= 4088
4630.2
K= 4089
4607.0
K= 4090
4317.75
K= 4091
183.0
K= 4092
4497.70392835
K= 4093
8633.0
K= 4094
17.5288440726
K= 4095
4619.0
K= 4096
4806.50711788
K= 4097
149.757142857
K= 4098
7.75718355714
K= 4099
8.07619047619
K= 4100
8.92857142841
K= 4101
4893.80261683
K= 4102
8.81666666677
K= 4103
4482.92134159
K= 4104
6.78650793654
K= 4105
4771.9006622
K= 4106
26.8539195389
K= 4107
10.422077922
K= 4108
4924.36637427
K= 4109
8839.0
K= 4110
23.682670136
K= 4111
8621.0
K= 4112
338.035421888
K= 4113
16.1081985728
K= 4114
19.70392835
K= 4115
8623.0
K= 4116
5.02123793971
K= 4117
11.5166666667
K= 4118
4148.0
K= 4119
10.7386363635
K= 4120
67.6736223653
K= 4121
4148.0
K= 4122
2286.05973122
K= 4123
19.6484848486
K= 4124
4599.75079365
K= 4125
4600.0
K= 4126
5.86865715997
K= 4127
4908.23333333
K= 4128
4847.13908581
K= 4129
19.7021167558
K= 4130
8544.0
K= 4131
551.163369963
K= 4132
697.266666667
K= 4133
4497.70392835
K= 4134
104.0
K= 4135
8633.0
K= 4136
4872.09170679
K= 4137
5102.6363642
K= 4138
4869.4697126
K= 4139
6.0
K= 4140
12.5166666667
K= 4141
8839.0
K= 4142
4317.75
K= 4143
94.885714286
K= 4144
4932.41755827
K= 4145
4879.44047619
K= 4146
4845.58108994
K= 4147
201.583333333
K= 4148
4148.0
K= 4149
4349.0
K= 4150
400.285714286
K= 4151
411.092857143
K= 4152
8.62023809517
K= 4153
10.2
K= 4154
10.0119047619
K= 4155
130.0
K= 4156
8958.84444444
K= 4157
3288.29518856
K= 4158
19.70392835
K= 4159
3617.38045055
K= 4160
4616.0
K= 4161
10.0609988541
K= 4162
4148.0
K= 4163
8626.0
K= 4164
4955.1
K= 4165
17.4718409586
K= 4166
537.536525974
K= 4167
449.083333333
K= 4168
4868.34394636
K= 4169
129.5
K= 4170
42.4298212897
K= 4171
116.016666667
K= 4172
9750.01735857
K= 4173
7.50718355714
K= 4174
159.0
K= 4175
191.583333333
K= 4176
22.5277529026
K= 4177
8.00718355714
K= 4178
8628.97510823
K= 4179
187.533333333
K= 4180
4822.69862164
K= 4181
4815.69862164
K= 4182
42.6666666667
K= 4183
352.006597281
K= 4184
4487.74785714
K= 4185
8.11904761905
K= 4186
8633.0
K= 4187
19.20392835
K= 4188
4891.96150794
K= 4189
11.4736947315
K= 4190
8.53470633097
K= 4191
4573.94487734
K= 4192
204.0
K= 4193
4482.19166667
K= 4194
7.41904761898
K= 4195
4317.75
K= 4196
32.0
K= 4197
4497.70392835
K= 4198
5.8176662554
K= 4199
18.8543334736
K= 4200
4806.50711788
K= 4201
11.0462938109
K= 4202
7.51919191913
K= 4203
19.70392835
K= 4204
7.33333333326
K= 4205
4499.86114739
K= 4206
65.5834421704
K= 4207
11.0845238095
K= 4208
8839.0
K= 4209
13436.6690476
K= 4210
4928.46785714
K= 4211
319.344444444
K= 4212
8633.0
K= 4213
4184.0
K= 4214
10.7999999999
K= 4215
4557.94404762
K= 4216
19.70392835
K= 4217
398.469727066
K= 4218
15.2844142783
K= 4219
6241.56736355
K= 4220
19.70392835
K= 4221
128.25614482
K= 4222
11.6
K= 4223
4597.5
K= 4224
4485.30844156
K= 4225
4839.44047619
K= 4226
138.0
K= 4227
4148.0
K= 4228
171.333333333
K= 4229
9.69999999995
K= 4230
19.70392835
K= 4231
5676.21371622
K= 4232
4424.0
K= 4233
4497.70392835
K= 4234
13.8581539375
K= 4235
395.610112518
K= 4236
20.3235964228
K= 4237
11.6
K= 4238
47.9012128358
K= 4239
7.73015873018
K= 4240
9.50533977547
K= 4241
11721.6854331
K= 4242
8930.69610872
K= 4243
20.5919222208
K= 4244
4484.78499279
K= 4245
18.6615777338
K= 4246
8.86904761905
K= 4247
4148.0
K= 4248
17.2000433778
K= 4249
4531.0
K= 4250
379.699622107
K= 4251
4847.39469697
K= 4252
185.583333333
K= 4253
4658.44231602
K= 4254
4317.75
K= 4255
19.70392835
K= 4256
141.5
K= 4257
8411.0
K= 4258
8626.0
K= 4259
7.67662337667
K= 4260
4489.6
K= 4261
4489.51666667
K= 4262
4608.75079365
K= 4263
4480.21076605
K= 4264
4119.0
K= 4265
4497.70392835
K= 4266
11.6202852703
K= 4267
393.397910831
K= 4268
19.70392835
K= 4269
4558.99166667
K= 4270
4879.70357143
K= 4271
371.917730418
K= 4272
8839.0
K= 4273
4497.70392835
K= 4274
4317.75
K= 4275
6.12765151518
K= 4276
10.8666666667
K= 4277
4497.20392835
K= 4278
6.2342032966
K= 4279
4917.22857143
K= 4280
4598.0
K= 4281
9.13809523801
K= 4282
17678.0
K= 4283
16.3758450496
K= 4284
8626.0
K= 4285
8.82857142843
K= 4286
6491.27571976
K= 4287
17594.2
K= 4288
2587.48007489
K= 4289
11702.3083684
K= 4290
4594.43901458
K= 4291
4.93130953819
K= 4292
11.5166666667
K= 4293
11695.1574384
K= 4294
123.516666667
K= 4295
69.1133392163
K= 4296
4839.62458457
K= 4297
8839.0
K= 4298
4839.44047619
K= 4299
4484.64882479
K= 4300
4881.85341729
K= 4301
140.0
K= 4302
4487.16190476
K= 4303
4510.67501191
K= 4304
4507.12936379
K= 4305
379.018392463
K= 4306
27.2870991731
K= 4307
11.5166666667
K= 4308
4497.70392835
K= 4309
10.0119047619
K= 4310
4860.55112943
K= 4311
8.56666666665
K= 4312
4317.75
K= 4313
9.16190476192
K= 4314
8.67142857134
K= 4315
11.0166666667
K= 4316
190.583333333
K= 4317
4483.79199382
K= 4318
19.70392835
K= 4319
10.6000000001
K= 4320
201.583333333
K= 4321
364.515199521
K= 4322
9.39177489176
K= 4323
10.6666666667
K= 4324
22.7701871075
K= 4325
6.2821581196
K= 4326
11.5166666667
K= 4327
180.333333333
K= 4328
7.17510822508
K= 4329
6.02690631815
K= 4330
29.2381422925
K= 4331
406.25
K= 4332
36.784395588
K= 4333
27.7136156369
K= 4334
19.70392835
K= 4335
362.841591432
K= 4336
4992.68192045
K= 4337
10.0190476191
K= 4338
19.4086773307
K= 4339
4774.91773042
K= 4340
19.70392835
K= 4341
4486.86904762
K= 4342
4182.0
K= 4343
122.333333333
K= 4344
4694.63186051
K= 4345
9.06666666665
K= 4346
5.15252747247
K= 4347
8608.0
K= 4348
4747.06693043
K= 4349
4497.70392835
K= 4350
540.866666667
K= 4351
8.04444444447
K= 4352
21.7382397755
K= 4353
537.425
K= 4354
4408.75079365
K= 4355
8573.75
K= 4356
4813.0
K= 4357
10.7999999999
K= 4358
11.5166666667
K= 4359
21.2965642586
K= 4360
1759.8092193
K= 4361
6.0
K= 4362
4851.91171717
K= 4363
6.24848484842
K= 4364
8318.75
K= 4365
4176.16666667
K= 4366
33.8435755109
K= 4367
32.6666666666
K= 4368
53.0447052949
K= 4369
10.7999999999
K= 4370
4148.0
K= 4371
4824.62414063
K= 4372
81.3714285719
K= 4373
4148.0
K= 4374
4606.00732435
K= 4375
602.25
K= 4376
14.4918414918
K= 4377
4584.0
K= 4378
4723.32619048
K= 4379
4800.75079365
K= 4380
46.9722947804
K= 4381
4800.75079365
K= 4382
4914.83333333
K= 4383
10.0119047619
K= 4384
13438.0227273
K= 4385
4497.70392835
K= 4386
4485.20238095
K= 4387
4742.70782676
K= 4388
4871.71111111
K= 4389
5343.45238095
K= 4390
14.401750852
K= 4391
10.5952380953
K= 4392
11701.3063119
K= 4393
14.7726495727
K= 4394
4182.0
K= 4395
70.9469650441
K= 4396
8839.0
K= 4397
4941.00555556
K= 4398
19.70392835
K= 4399
141.0
K= 4400
23.2
K= 4401
4800.75079365
K= 4402
5102.6363642
K= 4403
38.2845654346
K= 4404
8839.0
K= 4405
21.70392835
K= 4406
11.4333333333
K= 4407
537.536525974
K= 4408
4314.75
K= 4409
4497.70392835
K= 4410
4608.75079365
K= 4411
437.007247284
K= 4412
43.7222947804
K= 4413
9.8666666667
K= 4414
8633.0
K= 4415
4563.23649627
K= 4416
8605.0
K= 4417
4486.18571429
K= 4418
4497.70392835
K= 4419
48.2553614938
K= 4420
364.071756509
K= 4421
6.78650793654
K= 4422
134.0
K= 4423
4483.84093344
K= 4424
7.81904761901
K= 4425
4747.06693043
K= 4426
4148.0
K= 4427
4608.73690476
K= 4428
19.70392835
K= 4429
38.1160291891
K= 4430
4182.0
K= 4431
11.3287601287
K= 4432
148.422222222
K= 4433
43.7222947804
K= 4434
5895.87991415
K= 4435
88.8647186146
K= 4436
4487.16190476
K= 4437
64.3723002684
K= 4438
4863.74550523
K= 4439
414.333333333
K= 4440
15.3696581196
K= 4441
4942.58333333
K= 4442
29.8982919254
K= 4443
6.08333333326
K= 4444
11.4095238096
K= 4445
4147.0
K= 4446
4317.75
K= 4447
8577.0
K= 4448
380.659236114
K= 4449
8839.0
K= 4450
4497.70392835
K= 4451
6.77705627715
K= 4452
155.5
K= 4453
4498.88495691
K= 4454
8839.0
K= 4455
20.9455946463
K= 4456
4497.70392835
K= 4457
37.6951928596
K= 4458
4806.50711788
K= 4459
6.82222222222
K= 4460
4800.75079365
K= 4461
3367.05364239
K= 4462
461.766666667
K= 4463
4662.58333333
K= 4464
30.7979620772
K= 4465
282.224628717
K= 4466
11.5166666667
K= 4467
4767.66787657
K= 4468
4497.70392835
K= 4469
4666.2320821
K= 4470
4176.16666667
K= 4471
48.8388888888
K= 4472
32.1572768658
K= 4473
10.8666666667
K= 4474
10.3666666667
K= 4475
4145.0
K= 4476
26.5444444444
K= 4477
4317.75
K= 4478
4960.68333333
K= 4479
21.8611473902
K= 4480
836.653571429
K= 4481
19.70392835
K= 4482
3940.14490658
K= 4483
4834.39058116
K= 4484
185.083333333
K= 4485
4299.0
K= 4486
4596.79752078
K= 4487
19.70392835
K= 4488
280.265332439
K= 4489
373.70560789
K= 4490
895.157258856
K= 4491
11.5166666667
K= 4492
4842.72303009
K= 4493
17897.6071429
K= 4494
11.5166666667
K= 4495
4596.5
K= 4496
36.813073593
K= 4497
5615.30168952
K= 4498
17220.0
K= 4499
4608.0
K= 4500
172.333333333
K= 4501
11782.3635231
K= 4502
464.876623377
K= 4503
4483.9145614
K= 4504
16.5499999999
K= 4505
4487.66190476
K= 4506
4504.38984314
K= 4507
18.6764705882
K= 4508
131.5
K= 4509
4774.91773042
K= 4510
4317.75
K= 4511
187.666666667
K= 4512
374.816666667
K= 4513
4878.15165945
K= 4514
8.31904761912
K= 4515
416.186904762
K= 4516
19.70392835
K= 4517
11.5166666667
K= 4518
11670.6205628
K= 4519
153.0
K= 4520
415.448351648
K= 4521
20.5238095239
K= 4522
8626.0
K= 4523
4743.65845032
K= 4524
5102.6363642
K= 4525
20.9333333333
K= 4526
9.06666666665
K= 4527
4747.06693043
K= 4528
15.356354696
K= 4529
8.17777777778
K= 4530
19.70392835
K= 4531
8626.0
K= 4532
10.3666666667
K= 4533
8.17777777778
K= 4534
8.56666666665
K= 4535
4606.75079365
K= 4536
4856.82269045
K= 4537
32.0369264508
K= 4538
10.7666666667
K= 4539
19.70392835
K= 4540
195.083333333
K= 4541
562.380518231
K= 4542
19.20392835
K= 4543
4483.07925408
K= 4544
4469.75
K= 4545
4927.31178266
K= 4546
574.075462865
K= 4547
8633.0
K= 4548
311.847727273
K= 4549
22.7287878788
K= 4550
6.27408008662
K= 4551
4317.75
K= 4552
8601.0
K= 4553
4781.66975524
K= 4554
136.766666667
K= 4555
8515.33333333
K= 4556
15.2392620241
K= 4557
8839.0
K= 4558
4728.84920635
K= 4559
8620.0
K= 4560
4317.75
K= 4561
537.536525974
K= 4562
19.70392835
K= 4563
4595.0
K= 4564
4800.75079365
K= 4565
16.8792631013
K= 4566
4841.90061744
K= 4567
8.82857142843
K= 4568
175.533333333
K= 4569
144.0
K= 4570
4317.75
K= 4571
48.4245490622
K= 4572
4624.0
K= 4573
298.0
K= 4574
4317.75
K= 4575
11709.8484627
K= 4576
201.583333333
K= 4577
8624.0
K= 4578
4317.75
K= 4579
11.0
K= 4580
4147.82623707
K= 4581
8.09444444452
K= 4582
4571.80711105
K= 4583
322.750793651
K= 4584
20.6904761905
K= 4585
19.70392835
K= 4586
7.81904761912
K= 4587
6.69722222222
K= 4588
488.333333333
K= 4589
186.533333333
K= 4590
41.4883930883
K= 4591
11708.4812934
K= 4592
12.1638888889
K= 4593
4485.97142857
K= 4594
8.89392551885
K= 4595
474.9
K= 4596
19.70392835
K= 4597
8567.0
K= 4598
191.866666667
K= 4599
4489.51666667
K= 4600
8839.0
K= 4601
10.2
K= 4602
4774.91773042
K= 4603
5.76465201459
K= 4604
40.9873973251
K= 4605
4910.00724728
K= 4606
185.583333333
K= 4607
140.0
K= 4608
8.97142857127
K= 4609
4670.53333333
K= 4610
53.0447052949
K= 4611
19.70392835
K= 4612
4917.87802916
K= 4613
4317.75
K= 4614
11.5166666667
K= 4615
4937.13690476
K= 4616
5.33333333337
K= 4617
6475.3393519
Betweenness Centrality Improvement
[  0.00000000e+00   0.00000000e+00   0.00000000e+00 ...,   5.33333333e+00
   6.47533935e+03   0.00000000e+00]
Top 20 BC Improvement
[3884 4051 3246 4493 2565 3349 3354 4282 3327 4287 2896 4498 2836 4384 4209
 2418 3753 4501 3540 4241]
