txValue= 10000
IGRAPH D--- 4619 68733 -- 
+ attr: pub_key (v), base_fee (e), capacity (e), fee_rate (e), txCost (e)
None
Our nodes starting connections: 
(4618, 2796)
(4618, 1223)
(4618, 1163)
K= 0
20.1361274037
K= 1
8.17738095229
K= 2
11.3095238095
K= 3
83.4458444333
K= 4
270.0
K= 5
4497.64878129
K= 6
134.0
K= 7
14.4761904762
K= 8
4486.02222222
K= 9
11.2988455988
K= 10
4163.0
K= 11
12.0935710974
K= 12
176.083333333
K= 13
19.1487812911
K= 14
22.8333333333
K= 15
367.227027027
K= 16
19.1487812911
K= 17
8827.0
K= 18
6.57485380105
K= 19
9.48122710618
K= 20
19.6487812911
K= 21
11.3095238096
K= 22
4685.89221612
K= 23
175.083333333
K= 24
4482.22972429
K= 25
6.64970536693
K= 26
11.4166666667
K= 27
21.1666666666
K= 28
4529.50724728
K= 29
11.4166666666
K= 30
19.6487812911
K= 31
1218.55114681
K= 32
877.99542182
K= 33
10.8095238096
K= 34
21.2085565742
K= 35
18.1333333332
K= 36
8639.0
K= 37
7.8008658007
K= 38
4509.50054496
K= 39
8.14682539681
K= 40
4832.70723552
K= 41
8592.0
K= 42
8637.375
K= 43
5.87777777773
K= 44
7.61551689054
K= 45
4486.85833333
K= 46
4326.0
K= 47
11.5
K= 48
174.333333333
K= 49
4558.0
K= 50
21.2781362487
K= 51
4656.94352304
K= 52
18.8303052803
K= 53
21.7799494795
K= 54
21.7333333333
K= 55
4847.55724251
K= 56
4619.0
K= 57
19.6487812911
K= 58
11.3095238096
K= 59
4790.51746032
K= 60
4520.52702703
K= 61
27.1668601809
K= 62
32.4867424242
K= 63
5067.17493414
K= 64
24.8658455261
K= 65
4823.85376174
K= 66
3602.09284037
K= 67
4849.73040432
K= 68
175.583333333
K= 69
31.7083736431
K= 70
4834.65163671
K= 71
6615.13327126
K= 72
4771.65241308
K= 73
4485.60793651
K= 74
5.47478494013
K= 75
11.4166666666
K= 76
8656.3877867
K= 77
4332.75
K= 78
4486.4
K= 79
4163.0
K= 80
52.1666666666
K= 81
4828.89439821
K= 82
4896.57857143
K= 83
4868.32142857
K= 84
27.9589260012
K= 85
8.47738095233
K= 86
4494.97184096
K= 87
4489.33333333
K= 88
4468.0
K= 89
4736.35810852
K= 90
348.539285714
K= 91
22.3333333333
K= 92
505.61547619
K= 93
42.4261467617
K= 94
19.6487812911
K= 95
40.4582095681
K= 96
464.576104552
K= 97
4790.79491486
K= 98
10.9050324674
K= 99
7.34126984118
K= 100
5590.95159618
K= 101
4487.91666667
K= 102
8.23571428563
K= 103
7.9404761903
K= 104
4592.46886447
K= 105
4598.51746032
K= 106
4497.64878129
K= 107
63.4699167042
K= 108
4592.0
K= 109
147.483333333
K= 110
34.8125621423
K= 111
8827.0
K= 112
4497.64878129
K= 113
6.91340316029
K= 114
11.3333333334
K= 115
19.6053030302
K= 116
4824.05241425
K= 117
4332.75
K= 118
4873.16594499
K= 119
11.4166666667
K= 120
528.811567062
K= 121
19.6487812911
K= 122
5179.25234302
K= 123
977.715367965
K= 124
8827.0
K= 125
109.0
K= 126
5.15548340546
K= 127
377.709335551
K= 128
22.9157677708
K= 129
3.85119047621
K= 130
29.8738044858
K= 131
4512.38176823
K= 132
4497.64878129
K= 133
6.3791425965
K= 134
19.6487812911
K= 135
12.4182900431
K= 136
19.6487812911
K= 137
8.28571428556
K= 138
11706.689899
K= 139
762.885524891
K= 140
4750.57606388
K= 141
500.948705959
K= 142
4332.75
K= 143
10.333514198
K= 144
19.6053030302
K= 145
4586.41059268
K= 146
9.51111111115
K= 147
11.0028138529
K= 148
8.78571428568
K= 149
4445.51746032
K= 150
4846.23674695
K= 151
17.7047619048
K= 152
6419.77313095
K= 153
4609.96896159
K= 154
4519.92119547
K= 155
8827.0
K= 156
3.67424242431
K= 157
147.0
K= 158
8641.0
K= 159
309.663001253
K= 160
4485.16071429
K= 161
8642.0
K= 162
4845.81397944
K= 163
8975.64878129
K= 164
433.337698413
K= 165
19.1487812911
K= 166
10.9166666666
K= 167
112.874078287
K= 168
4763.03932127
K= 169
144.15
K= 170
8638.0
K= 171
11.4381313131
K= 172
42.4154543333
K= 173
11.3333333334
K= 174
66.0149009508
K= 175
10.5000000001
K= 176
4790.51746032
K= 177
4761.96896159
K= 178
168.211111111
K= 179
4163.0
K= 180
5.53571428568
K= 181
8827.0
K= 182
4.92279612075
K= 183
26.1138583638
K= 184
6.0
K= 185
4625.0
K= 186
8641.0
K= 187
10.7666666667
K= 188
8827.0
K= 189
5.94363312109
K= 190
4235.0
K= 191
126.0
K= 192
4613.0
K= 193
4871.62619048
K= 194
14.4401089443
K= 195
4163.0
K= 196
8808.14285714
K= 197
25.607142857
K= 198
34.7165304852
K= 199
22.8333333333
K= 200
84.0
K= 201
4482.36015914
K= 202
66.0149009508
K= 203
4596.51746032
K= 204
1168.08605064
K= 205
10.7666666667
K= 206
8827.0
K= 207
10.7666666667
K= 208
10.9083333333
K= 209
8642.0
K= 210
10.7666666667
K= 211
4.30553405569
K= 212
133.0
K= 213
10.7666666667
K= 214
8.78571428568
K= 215
4235.0
K= 216
10.8666666667
K= 217
18.451345341
K= 218
4681.0
K= 219
26.6367727001
K= 220
2876.41835307
K= 221
9.90000000002
K= 222
115.941176471
K= 223
4235.0
K= 224
4486.53571429
K= 225
11.4166666667
K= 226
9.47692307702
K= 227
4610.0
K= 228
4638.02934454
K= 229
4397.39285714
K= 230
4776.95278937
K= 231
4609.90833333
K= 232
176.866666667
K= 233
349.65142097
K= 234
31.2487370425
K= 235
378.608730159
K= 236
19.6487812911
K= 237
134.0
K= 238
4820.32142857
K= 239
2645.86729799
K= 240
4859.01552787
K= 241
19.0952380951
K= 242
6.38888888888
K= 243
19.6487812911
K= 244
19.6487812911
K= 245
8641.0
K= 246
4622.4
K= 247
4817.54880952
K= 248
4762.96896159
K= 249
4629.26835325
K= 250
531.758333333
K= 251
5.06446031877
K= 252
176.083333333
K= 253
4317.0
K= 254
4332.75
K= 255
8827.0
K= 256
10.7666666667
K= 257
376.651636709
K= 258
26.013131313
K= 259
22.848781291
K= 260
12.4624566935
K= 261
136.0
K= 262
8827.0
K= 263
176.083333333
K= 264
5067.17493414
K= 265
11.3333333334
K= 266
9.0
K= 267
19.1200757576
K= 268
8.61551689054
K= 269
8.97738095233
K= 270
4614.0
K= 271
4197.0
K= 272
4487.06666667
K= 273
8827.0
K= 274
4483.61190476
K= 275
40.4582095681
K= 276
30.6123070483
K= 277
4497.64878129
K= 278
4916.22517755
K= 279
19.6487812911
K= 280
4197.0
K= 281
23.0
K= 282
31.2559616778
K= 283
8592.0
K= 284
4885.36666667
K= 285
4706.20635028
K= 286
11.3095238096
K= 287
2724.84698951
K= 288
409.714285714
K= 289
4488.66666667
K= 290
25.8201324389
K= 291
4497.64878129
K= 292
4594.51746032
K= 293
10.1
K= 294
16.4030314513
K= 295
7.2885683761
K= 296
5497.17404133
K= 297
4197.0
K= 298
8640.0
K= 299
126.0
K= 300
6.59126984118
K= 301
4560.0
K= 302
17.0499999999
K= 303
31.7432921436
K= 304
8827.0
K= 305
5.26720918261
K= 306
4489.77777778
K= 307
14.4158730159
K= 308
19.6487812911
K= 309
144.583333333
K= 310
4332.75
K= 311
4588.0
K= 312
4806.87973331
K= 313
171.4
K= 314
4552.67619048
K= 315
4545.0
K= 316
30.5501387038
K= 317
8827.0
K= 318
137.0
K= 319
17.9983957219
K= 320
6.04946524056
K= 321
311.83643668
K= 322
8641.0
K= 323
4918.20916306
K= 324
4856.47777778
K= 325
4332.75
K= 326
4834.8468254
K= 327
11.1190476191
K= 328
6.09848484839
K= 329
7.34126984118
K= 330
25.2083333333
K= 331
4616.0
K= 332
8827.0
K= 333
10.7
K= 334
64.2761057782
K= 335
4485.61551689
K= 336
28.9525264163
K= 337
4598.51746032
K= 338
10.7
K= 339
23.3333333333
K= 340
11.3095238096
K= 341
11729.28763
K= 342
8636.0
K= 343
10.4849507402
K= 344
4.40326728055
K= 345
4588.0
K= 346
8628.0
K= 347
4484.90238095
K= 348
4280.45
K= 349
9.60000000009
K= 350
11.3095238096
K= 351
39.2443368468
K= 352
18.4207930756
K= 353
82.3666666668
K= 354
19.0616489066
K= 355
4332.75
K= 356
8641.0
K= 357
4332.75
K= 358
8.08888888883
K= 359
8628.0
K= 360
144.583333333
K= 361
7.22943722934
K= 362
4495.17647059
K= 363
18.1079365079
K= 364
11741.1051429
K= 365
4838.89221612
K= 366
344.94831826
K= 367
4163.0
K= 368
5067.17493414
K= 369
7.9611111111
K= 370
8827.0
K= 371
37.2992690486
K= 372
7.60793650791
K= 373
4674.32786103
K= 374
4838.05424702
K= 375
361.116054472
K= 376
4496.0
K= 377
19.0676948052
K= 378
11.3333333334
K= 379
11.4166666667
K= 380
5.96753246745
K= 381
19.6487812911
K= 382
4489.30952381
K= 383
10.2666666667
K= 384
11.4166666666
K= 385
4497.64878129
K= 386
4484.90793651
K= 387
8620.0
K= 388
3435.64021434
K= 389
8324.0
K= 390
13.5547619049
K= 391
564.669231319
K= 392
4163.0
K= 393
8.47738095233
K= 394
8827.0
K= 395
4497.64878129
K= 396
22.3961333835
K= 397
4163.0
K= 398
4641.5
K= 399
4934.36666667
K= 400
21.2130733809
K= 401
10.3929292929
K= 402
4497.64878129
K= 403
4486.4
K= 404
4612.0
K= 405
417.922598667
K= 406
8634.5
K= 407
389.582735941
K= 408
9.0
K= 409
8827.0
K= 410
4865.44880952
K= 411
4762.96896159
K= 412
4888.66666667
K= 413
8827.0
K= 414
10.1
K= 415
10.4285714285
K= 416
12502.5
K= 417
268.218826193
K= 418
19.6487812911
K= 419
11726.1260457
K= 420
19.571969697
K= 421
8968.68331916
K= 422
41.1793907161
K= 423
4622.0
K= 424
4634.25
K= 425
4497.64878129
K= 426
35.7393772893
K= 427
357.648268398
K= 428
189.340989327
K= 429
10.1
K= 430
41.9154543333
K= 431
4845.91789322
K= 432
7.81904761901
K= 433
494.928219599
K= 434
133.0
K= 435
8324.0
K= 436
5370.36114357
K= 437
9.41666666663
K= 438
7.9611111111
K= 439
4497.64878129
K= 440
308.517460317
K= 441
19.6487812911
K= 442
9.0
K= 443
165.833333333
K= 444
34.4621553886
K= 445
4575.0
K= 446
8641.0
K= 447
4656.94352304
K= 448
8.87619047612
K= 449
143.0
K= 450
8827.0
K= 451
4870.26819292
K= 452
13.5080808081
K= 453
4542.39404762
K= 454
4290.5
K= 455
4828.32142857
K= 456
8827.0
K= 457
4842.55663859
K= 458
34.821537042
K= 459
4497.64878129
K= 460
4163.0
K= 461
4197.0
K= 462
4499.21307338
K= 463
4489.30952381
K= 464
4828.32142857
K= 465
15.2060560797
K= 466
4700.38333333
K= 467
134.0
K= 468
19.6487812911
K= 469
11.4166666667
K= 470
29.6833333332
K= 471
10.9166666666
K= 472
6.20404040394
K= 473
11.004040404
K= 474
8.83333333326
K= 475
4854.68211788
K= 476
4762.96896159
K= 477
4497.64878129
K= 478
8.31071428559
K= 479
337.084284905
K= 480
66.0836913087
K= 481
19.6487812911
K= 482
4834.44448052
K= 483
18.2375023267
K= 484
3576.72438369
K= 485
8641.0
K= 486
4790.51746032
K= 487
1364.27401492
K= 488
8473.0
K= 489
8641.0
K= 490
8640.0
K= 491
4612.0
K= 492
4332.75
K= 493
3577.76121968
K= 494
7.83571428561
K= 495
42.1901400784
K= 496
8641.0
K= 497
117.166666667
K= 498
66990.3333333
K= 499
19.6487812911
K= 500
21.8333333333
K= 501
4495.83389452
K= 502
5.96715784213
K= 503
4481.58333333
K= 504
53.8333333334
K= 505
4851.00574703
K= 506
132.0
K= 507
176.083333333
K= 508
4892.82460317
K= 509
376.651636709
K= 510
4735.49144185
K= 511
368.324786874
K= 512
4831.98662809
K= 513
1050.10751533
K= 514
132.0
K= 515
21.2655913978
K= 516
4163.0
K= 517
8.43523809523
K= 518
4792.68211788
K= 519
11.3666666667
K= 520
4486.08333333
K= 521
30.8864293987
K= 522
4828.89439821
K= 523
8.28571428568
K= 524
42.471103896
K= 525
4783.60571983
K= 526
4855.60833333
K= 527
104.0
K= 528
4840.26125541
K= 529
120.0
K= 530
9.4769230769
K= 531
4797.45086096
K= 532
4854.68211788
K= 533
19.6487812911
K= 534
4497.64878129
K= 535
4497.64878129
K= 536
35.5393772892
K= 537
9.5
K= 538
4838.05424702
K= 539
136.0
K= 540
26.793695777
K= 541
33.5595460096
K= 542
10.7499999999
K= 543
4880.9468254
K= 544
22.7374610797
K= 545
8630.0
K= 546
22.3961333835
K= 547
8626.0
K= 548
6586.78361788
K= 549
19.6487812911
K= 550
5.48859649117
K= 551
1065.36114357
K= 552
4881.31940465
K= 553
8637.0
K= 554
134.0
K= 555
62.5181421912
K= 556
138.0
K= 557
19.6487812911
K= 558
4791.68211788
K= 559
4615.0
K= 560
133.0
K= 561
124.583333333
K= 562
4593.12015599
K= 563
4828.32142857
K= 564
8964.98398763
K= 565
169.583333333
K= 566
4332.75
K= 567
8.12222222215
K= 568
4497.64878129
K= 569
326.687434522
K= 570
389.30259137
K= 571
4787.8031746
K= 572
136.0
K= 573
73.0333333334
K= 574
117.566666667
K= 575
4832.70723552
K= 576
146.9
K= 577
10.9166666667
K= 578
444.20916306
K= 579
198.0
K= 580
12.906984533
K= 581
8.78129530174
K= 582
4497.64878129
K= 583
278.707936508
K= 584
31.5005449638
K= 585
130.0
K= 586
4557.0
K= 587
6226.67366005
K= 588
170.583333333
K= 589
16.9348039216
K= 590
19.6487812911
K= 591
4602.5
K= 592
278.333333333
K= 593
4874.00079365
K= 594
9306.16666667
K= 595
19.6487812911
K= 596
11.3666666667
K= 597
354.596465801
K= 598
5.4315877076
K= 599
176.083333333
K= 600
4489.33333333
K= 601
662.743300393
K= 602
357.283390534
K= 603
4810.65873158
K= 604
4798.27002985
K= 605
4488.5
K= 606
4820.94686228
K= 607
4332.75
K= 608
7.64722222218
K= 609
19.0596213636
K= 610
4163.0
K= 611
4332.75
K= 612
4480.32106884
K= 613
4831.29358768
K= 614
5033.03333333
K= 615
136.0
K= 616
8613.0
K= 617
20.2
K= 618
11.4166666666
K= 619
4868.62857143
K= 620
146.9
K= 621
19.6053030302
K= 622
9.66666666674
K= 623
144.533333333
K= 624
4900.66666667
K= 625
480.597712419
K= 626
133.0
K= 627
7.80952380935
K= 628
4202.6625
K= 629
8613.0
K= 630
8633.0
K= 631
4161.0
K= 632
42.4154543333
K= 633
4778.98662809
K= 634
4885.36666667
K= 635
5368.75003246
K= 636
4916.55277778
K= 637
980.790593182
K= 638
4597.34918375
K= 639
9598.761704
K= 640
8620.0
K= 641
4868.48066759
K= 642
45.6666666666
K= 643
7.99999999988
K= 644
4790.51746032
K= 645
146.0
K= 646
125.515463791
K= 647
4853.88009768
K= 648
4828.32142857
K= 649
4358.66666667
K= 650
5487.8135083
K= 651
24.2008813627
K= 652
6556.43739614
K= 653
298.61244668
K= 654
18.9478937729
K= 655
4332.75
K= 656
19.6487812911
K= 657
4163.0
K= 658
10.1
K= 659
8827.0
K= 660
4837.52064491
K= 661
436.877332812
K= 662
96.2051346103
K= 663
6330.74610752
K= 664
6983.73201743
K= 665
4790.51746032
K= 666
19.6487812911
K= 667
136.0
K= 668
4573.60571983
K= 669
11.1666666667
K= 670
19.6487812911
K= 671
1020.23338558
K= 672
4609.0
K= 673
9.85793650791
K= 674
53.5747677273
K= 675
21.1895804387
K= 676
4796.61493506
K= 677
369.557242505
K= 678
42.4261467617
K= 679
19.6487812911
K= 680
4762.96896159
K= 681
13450.7
K= 682
16.1764705882
K= 683
32.6702392194
K= 684
4588.0
K= 685
176.083333333
K= 686
7.95995670988
K= 687
328.884869742
K= 688
4869.69642857
K= 689
350.894398214
K= 690
4758.45086096
K= 691
4904.6
K= 692
5.95111642731
K= 693
4332.75
K= 694
11.4166666666
K= 695
2597.65410714
K= 696
11.5
K= 697
11710.9068024
K= 698
4332.75
K= 699
19.6487812911
K= 700
4879.4470314
K= 701
653.700712486
K= 702
4486.47738095
K= 703
8.58834586455
K= 704
4497.64878129
K= 705
21.6487812911
K= 706
8626.0
K= 707
4332.75
K= 708
104.0
K= 709
8.99523809517
K= 710
8827.0
K= 711
11.3095238095
K= 712
4163.0
K= 713
71.7695951946
K= 714
4620.0
K= 715
8631.0
K= 716
11.4166666667
K= 717
4741.43333333
K= 718
4494.03174603
K= 719
11.4166666667
K= 720
6.00525900931
K= 721
4163.0
K= 722
11.4166666667
K= 723
2519.0047613
K= 724
45.8333333334
K= 725
18.6764705882
K= 726
5616.4850597
K= 727
292.0
K= 728
4682.90833333
K= 729
42.4154543333
K= 730
11.5
K= 731
4860.89221612
K= 732
4840.13257731
K= 733
176.083333333
K= 734
8.44999999995
K= 735
4483.20610871
K= 736
4486.78571429
K= 737
4804.54880952
K= 738
134.0
K= 739
575.642857143
K= 740
4880.87049062
K= 741
10.7666666667
K= 742
4531.52242626
K= 743
9.63419913407
K= 744
4612.0
K= 745
4488.1
K= 746
9.66666666663
K= 747
19.6487812911
K= 748
5615.94791684
K= 749
74.65
K= 750
6.42162924784
K= 751
11.5083740334
K= 752
247.879761905
K= 753
4829.70723552
K= 754
11733.7565596
K= 755
21.2130733809
K= 756
105.0
K= 757
578.0
K= 758
2689.56097657
K= 759
137.283333333
K= 760
142.583333333
K= 761
4723.10824904
K= 762
8640.0
K= 763
8827.0
K= 764
8642.0
K= 765
18.8613190369
K= 766
4163.0
K= 767
19.6487812911
K= 768
75.0872719622
K= 769
7.61551689054
K= 770
4842.55663859
K= 771
4497.55357734
K= 772
10.4166666667
K= 773
359.968961594
K= 774
22.3961333835
K= 775
4496.96694868
K= 776
19.6487812911
K= 777
8641.0
K= 778
4637.53614719
K= 779
128.5
K= 780
11.9
K= 781
4493.47184096
K= 782
4398.51746032
K= 783
9.6517717035
K= 784
5040.0774627
K= 785
4854.68211788
K= 786
18.2379486825
K= 787
100.5
K= 788
20.7333333333
K= 789
6.0
K= 790
8.78571428568
K= 791
4903.24285714
K= 792
422.122965923
K= 793
427.424571567
K= 794
5.55681818177
K= 795
134.0
K= 796
4668.63881804
K= 797
173.666666667
K= 798
8588.75
K= 799
312.517460317
K= 800
4758.45086096
K= 801
4197.0
K= 802
4497.64878129
K= 803
7.61551689054
K= 804
4484.91582751
K= 805
10.9166666666
K= 806
5.37670243823
K= 807
18.7940419229
K= 808
176.866666667
K= 809
4488.91666667
K= 810
4868.62857143
K= 811
4163.0
K= 812
7.59884559875
K= 813
5614.4460229
K= 814
175.833333333
K= 815
4197.0
K= 816
150.701136364
K= 817
4332.75
K= 818
4485.59269625
K= 819
4495.47184096
K= 820
4654.08333333
K= 821
134.0
K= 822
8827.0
K= 823
11.4166666666
K= 824
4824.20054354
K= 825
10.5
K= 826
366.857770811
K= 827
5966.99953184
K= 828
13.2708437762
K= 829
131.2
K= 830
104.0
K= 831
135.0
K= 832
13.7997474747
K= 833
19.6487812911
K= 834
9.40000000002
K= 835
19.6487812911
K= 836
4498.21307338
K= 837
13.3636363636
K= 838
9.56666666665
K= 839
8.87619047612
K= 840
8641.0
K= 841
126.0
K= 842
623.709126984
K= 843
25.7130733809
K= 844
4483.50758997
K= 845
4497.64878129
K= 846
6.14848484844
K= 847
4778.92088337
K= 848
176.083333333
K= 849
4163.0
K= 850
10.7666666667
K= 851
134.0
K= 852
22.8333333333
K= 853
4783.49144185
K= 854
11714.1018525
K= 855
5159.31601732
K= 856
11.3095238096
K= 857
11.4166666667
K= 858
19.1487812911
K= 859
156.0
K= 860
25.8053771412
K= 861
291.783868253
K= 862
8585.5
K= 863
6.03614522715
K= 864
11.4166666667
K= 865
35.8784699345
K= 866
4613.0
K= 867
4163.0
K= 868
8641.0
K= 869
4486.23571429
K= 870
4598.51746032
K= 871
6252.71100253
K= 872
19.6487812911
K= 873
110.0
K= 874
42.4154543333
K= 875
19.6487812911
K= 876
31.3215599683
K= 877
4908.85364358
K= 878
4790.51746032
K= 879
4834.85
K= 880
2765.85842726
K= 881
126.5
K= 882
7.21066433564
K= 883
4497.64878129
K= 884
4497.64878129
K= 885
10.9166666667
K= 886
4738.0
K= 887
4497.64878129
K= 888
365.411111111
K= 889
15.2999999999
K= 890
7.81666666665
K= 891
4263.71011912
K= 892
6.55496258114
K= 893
70.5691730184
K= 894
134.0
K= 895
4864.47777778
K= 896
7.61551689054
K= 897
4652.16088809
K= 898
4625.0
K= 899
19.6487812911
K= 900
14.5573870573
K= 901
136.0
K= 902
4197.0
K= 903
4332.75
K= 904
7.61551689054
K= 905
5350.9579127
K= 906
8.78571428568
K= 907
5.07676989678
K= 908
12.643478261
K= 909
4870.26819292
K= 910
10.7
K= 911
176.866666667
K= 912
176.083333333
K= 913
353.00425904
K= 914
4394.0
K= 915
379.968859075
K= 916
8642.0
K= 917
4675.32142857
K= 918
4497.64878129
K= 919
180.156807577
K= 920
7.11515151511
K= 921
4854.65163671
K= 922
8642.0
K= 923
176.083333333
K= 924
6652.88051594
K= 925
8.18571428559
K= 926
11.3333333334
K= 927
953.387291303
K= 928
171.733333334
K= 929
19.6487812911
K= 930
16.5714285714
K= 931
8.12662337651
K= 932
6.61495726486
K= 933
32.6818560191
K= 934
19.1228021978
K= 935
8.23571428563
K= 936
8642.0
K= 937
15.6974293701
K= 938
526.861694678
K= 939
4854.68211788
K= 940
8635.0
K= 941
19.6487812911
K= 942
5067.17493414
K= 943
394.033333333
K= 944
4890.39984721
K= 945
35.6624542124
K= 946
19.6487812911
K= 947
26.7728639782
K= 948
4794.25
K= 949
8620.0
K= 950
8.94329004316
K= 951
19.6487812911
K= 952
4496.67647059
K= 953
486.35
K= 954
4332.75
K= 955
4851.59454413
K= 956
125.0
K= 957
4489.30952381
K= 958
10.4166666667
K= 959
27.5487812912
K= 960
7.52943630447
K= 961
5370.25003246
K= 962
135.0
K= 963
10.7499999999
K= 964
4860.93142043
K= 965
8588.75
K= 966
4497.64878129
K= 967
4163.0
K= 968
4497.07040742
K= 969
21.2130733809
K= 970
7.60793650791
K= 971
491.191851237
K= 972
4790.51746032
K= 973
66.0149009508
K= 974
8620.0
K= 975
4445.51746032
K= 976
130.5
K= 977
7.86388888885
K= 978
4654.08333333
K= 979
47.4357142857
K= 980
4197.0
K= 981
4790.51746032
K= 982
7.60793650791
K= 983
8827.0
K= 984
4484.56210033
K= 985
408.596257636
K= 986
365.168677162
K= 987
408.002054172
K= 988
4163.0
K= 989
75.0872719622
K= 990
4650.86666667
K= 991
8.25
K= 992
8642.0
K= 993
18.126984127
K= 994
10.75
K= 995
20.0371381306
K= 996
35.0047841048
K= 997
9.06666666677
K= 998
4488.76666667
K= 999
172.083333333
K= 1000
4332.75
K= 1001
8641.0
K= 1002
8352.71263808
K= 1003
8.78571428568
K= 1004
11.3095238095
K= 1005
19.6487812911
K= 1006
47.9728097724
K= 1007
3579.52023083
K= 1008
4.84414575866
K= 1009
8827.0
K= 1010
4613.0
K= 1011
32.2559616778
K= 1012
6650.44487741
K= 1013
4332.75
K= 1014
2532.48313706
K= 1015
8639.0
K= 1016
10.5000000001
K= 1017
4610.0
K= 1018
4497.64878129
K= 1019
8620.0
K= 1020
8623.0
K= 1021
4332.75
K= 1022
4851.00574703
K= 1023
4576.50792604
K= 1024
10.25
K= 1025
31.3215599683
K= 1026
4487.0
K= 1027
4857.64801587
K= 1028
874.331015709
K= 1029
8827.0
K= 1030
3639.31507885
K= 1031
4976.26666667
K= 1032
11.3095238095
K= 1033
356.978479854
K= 1034
6.65238095226
K= 1035
4611.0
K= 1036
8.96349206346
K= 1037
19.6487812911
K= 1038
44.7407267973
K= 1039
1.59999999998
K= 1040
10.1357142857
K= 1041
8641.0
K= 1042
5.4706052118
K= 1043
6281.8756706
K= 1044
8823.2
K= 1045
360.666666667
K= 1046
4332.75
K= 1047
53.1782254507
K= 1048
4483.21637427
K= 1049
61.9699167042
K= 1050
8613.0
K= 1051
19.6487812911
K= 1052
8641.0
K= 1053
12.4237484736
K= 1054
4418.67177514
K= 1055
4503.0
K= 1056
6245.8756706
K= 1057
339.88601918
K= 1058
416.466685005
K= 1059
8.87619047612
K= 1060
10.2982142856
K= 1061
18.6764705882
K= 1062
10.7666666667
K= 1063
137.0
K= 1064
33.8874735897
K= 1065
4840.59454413
K= 1066
71.2956709958
K= 1067
402.796988419
K= 1068
8.47738095233
K= 1069
4759.6482684
K= 1070
9.06666666665
K= 1071
4892.81150794
K= 1072
4618.28333333
K= 1073
20.7368829047
K= 1074
4484.43559219
K= 1075
4685.89221612
K= 1076
12.9353535353
K= 1077
19.6487812911
K= 1078
7.48055555543
K= 1079
4596.81190476
K= 1080
19.6487812911
K= 1081
6.13431372528
K= 1082
10.7666666667
K= 1083
136.0
K= 1084
4868.32142857
K= 1085
9.91666666663
K= 1086
4859.01552787
K= 1087
4868.32142857
K= 1088
11.4166666667
K= 1089
511.039460857
K= 1090
4852.40037879
K= 1091
8.90000000002
K= 1092
32.6125621423
K= 1093
8827.0
K= 1094
2726.85259243
K= 1095
37.5844752471
K= 1096
4896.09974747
K= 1097
4497.64878129
K= 1098
432.901109675
K= 1099
8827.0
K= 1100
18.6764705882
K= 1101
4608.34492016
K= 1102
683.996300591
K= 1103
4978.85
K= 1104
85.4646825397
K= 1105
4877.19357726
K= 1106
8.75
K= 1107
8632.0
K= 1108
8827.0
K= 1109
4939.92976191
K= 1110
17.1430721964
K= 1111
8634.0
K= 1112
4828.32142857
K= 1113
1187.30405698
K= 1114
19.6487812911
K= 1115
7.01753246738
K= 1116
5616.78125018
K= 1117
9.61111111112
K= 1118
17.3767486899
K= 1119
8792.0
K= 1120
4651.83333333
K= 1121
6539.85013414
K= 1122
6624.80221089
K= 1123
4811.33333333
K= 1124
42.4154543333
K= 1125
4809.94352304
K= 1126
17.2782586695
K= 1127
2966.15497086
K= 1128
4786.60885585
K= 1129
19.6487812911
K= 1130
8640.0
K= 1131
312.517460317
K= 1132
105.0
K= 1133
19.6487812911
K= 1134
4790.51746032
K= 1135
9.54285714286
K= 1136
4332.75
K= 1137
71.4787545789
K= 1138
4381.66666667
K= 1139
19.6487812911
K= 1140
4486.66666667
K= 1141
4230.0
K= 1142
8613.0
K= 1143
110.0
K= 1144
4565.92777778
K= 1145
146.0
K= 1146
8630.0
K= 1147
8.60238095233
K= 1148
8827.0
K= 1149
4790.51746032
K= 1150
5.3660597573
K= 1151
4883.96994256
K= 1152
328.993211228
K= 1153
8827.0
K= 1154
169.083333333
K= 1155
9.59999999998
K= 1156
292.810160068
K= 1157
5193.05952381
K= 1158
192.116208791
K= 1159
4332.75
K= 1160
4640.0
K= 1161
7.76111111115
K= 1162
4846.82530798
K= 1163
51.8779626806
K= 1164
4515.07218319
K= 1165
8827.0
K= 1166
23.9178347578
K= 1167
4489.71132867
K= 1168
106.479394947
K= 1169
4381.0
K= 1170
18.966948681
K= 1171
19.6487812911
K= 1172
4823.38281709
K= 1173
4675.25541126
K= 1174
132.0
K= 1175
4687.26904762
K= 1176
407.473511576
K= 1177
8827.0
K= 1178
53.587391554
K= 1179
36.4070310801
K= 1180
10.8455277081
K= 1181
4662.82549118
K= 1182
24.498051948
K= 1183
103.0
K= 1184
20.5164550263
K= 1185
8640.0
K= 1186
327.879761905
K= 1187
13.9968253967
K= 1188
4488.76666667
K= 1189
4595.51746032
K= 1190
31.0775721032
K= 1191
176.083333333
K= 1192
4821.80288078
K= 1193
8641.0
K= 1194
4659.05284565
K= 1195
6559.68864202
K= 1196
8827.0
K= 1197
19.6487812911
K= 1198
10.7
K= 1199
4483.02222222
K= 1200
4163.0
K= 1201
348.663946012
K= 1202
8961.2562406
K= 1203
4163.0
K= 1204
4487.11533642
K= 1205
4332.75
K= 1206
7.34914529906
K= 1207
368.25140727
K= 1208
21.2130733809
K= 1209
17.7092902266
K= 1210
17.5583333333
K= 1211
10.7666666667
K= 1212
7.08241758228
K= 1213
172.083333333
K= 1214
4488.26666667
K= 1215
34.1062271062
K= 1216
35.7393772893
K= 1217
17278.0
K= 1218
19.4
K= 1219
3586.21066628
K= 1220
6.62777777773
K= 1221
176.083333333
K= 1222
19.1487812911
K= 1223
28.9279626807
K= 1224
7.11515151511
K= 1225
9.60000000009
K= 1226
4623.0
K= 1227
4838.89221612
K= 1228
68.2008556057
K= 1229
8423.0
K= 1230
19.6487812911
K= 1231
17.125108225
K= 1232
21.2130733809
K= 1233
10.7
K= 1234
175.866666667
K= 1235
4609.0
K= 1236
10.7
K= 1237
4857.64801587
K= 1238
170.9076048
K= 1239
17.0060595102
K= 1240
133.0
K= 1241
1111.44514555
K= 1242
8626.0
K= 1243
8808.14285714
K= 1244
4844.33491898
K= 1245
4497.64878129
K= 1246
16.5222222222
K= 1247
4041.19796517
K= 1248
142.747391497
K= 1249
20.5692812261
K= 1250
5.64318586315
K= 1251
4602.0
K= 1252
44.792266767
K= 1253
361.121101937
K= 1254
8642.0
K= 1255
4948.95555556
K= 1256
4679.70723552
K= 1257
7.60793650791
K= 1258
4828.32142857
K= 1259
8827.0
K= 1260
26.1568960571
K= 1261
50.7553571427
K= 1262
5615.69791684
K= 1263
11.3333333334
K= 1264
8636.0
K= 1265
19.6487812911
K= 1266
4613.0
K= 1267
2531.85635658
K= 1268
4883.08779937
K= 1269
19.6487812911
K= 1270
4854.40873016
K= 1271
4.08333333326
K= 1272
29.3495518625
K= 1273
30.0255268952
K= 1274
4497.64878129
K= 1275
11.9934523809
K= 1276
4827.77522321
K= 1277
4881.28201927
K= 1278
18.2833333332
K= 1279
31.3456210458
K= 1280
13.8688708951
K= 1281
4515.04376297
K= 1282
4332.75
K= 1283
175.083333333
K= 1284
19.6487812911
K= 1285
19.5900171964
K= 1286
64.8839485699
K= 1287
19.6487812911
K= 1288
4792.68211788
K= 1289
18.0659053591
K= 1290
19.6487812911
K= 1291
4691.15330027
K= 1292
4731.40771234
K= 1293
8631.0
K= 1294
10.9166666666
K= 1295
135.0
K= 1296
5067.17493414
K= 1297
4613.0
K= 1298
4445.51746032
K= 1299
151.629485498
K= 1300
6.14848484832
K= 1301
8623.5
K= 1302
4695.17818464
K= 1303
8641.0
K= 1304
8.99523809517
K= 1305
4484.49749695
K= 1306
4482.94082699
K= 1307
4558.96896159
K= 1308
9.06666666665
K= 1309
421.587137701
K= 1310
8.23571428563
K= 1311
8.08888888883
K= 1312
66.1132838699
K= 1313
981.761957004
K= 1314
4163.0
K= 1315
446.266666667
K= 1316
359.968961594
K= 1317
13.9166666666
K= 1318
17.4718409587
K= 1319
5067.17493414
K= 1320
11727.6826463
K= 1321
4892.16666667
K= 1322
4870.60833333
K= 1323
32.2559616778
K= 1324
340.662641427
K= 1325
11.1666666666
K= 1326
11.0
K= 1327
26.4
K= 1328
134.0
K= 1329
8639.0
K= 1330
4482.60412118
K= 1331
423.811507936
K= 1332
4838.89221612
K= 1333
10.7666666667
K= 1334
4854.68211788
K= 1335
4050.97777778
K= 1336
19.6487812911
K= 1337
39.2975625824
K= 1338
13.3500000001
K= 1339
42.4261467617
K= 1340
4497.64878129
K= 1341
397.577651515
K= 1342
130.5
K= 1343
93.1467032966
K= 1344
4866.82307231
K= 1345
8827.0
K= 1346
22.6705204216
K= 1347
4831.98662809
K= 1348
74.6761904763
K= 1349
4496.64878129
K= 1350
7.29126984114
K= 1351
9.90000000002
K= 1352
195.351606023
K= 1353
578.0
K= 1354
10.2666666667
K= 1355
7.61551689054
K= 1356
31.4205449637
K= 1357
981.761957004
K= 1358
5.90000000002
K= 1359
3115.69011842
K= 1360
359.812455544
K= 1361
19.6487812911
K= 1362
4905.5776455
K= 1363
88.4032188649
K= 1364
4486.31071429
K= 1365
4151.0
K= 1366
19.6487812911
K= 1367
14.3908998767
K= 1368
4762.96896159
K= 1369
6400.65797221
K= 1370
14.138095238
K= 1371
7.22181818169
K= 1372
133.5
K= 1373
4513.38176823
K= 1374
8827.0
K= 1375
39.0224231324
K= 1376
11.4166666667
K= 1377
18.6649240465
K= 1378
15.5700757576
K= 1379
8.12662337651
K= 1380
11.3095238095
K= 1381
8950.25473693
K= 1382
10.7
K= 1383
11.4799384824
K= 1384
4778.6482684
K= 1385
4848.09024849
K= 1386
4854.68211788
K= 1387
8642.0
K= 1388
8633.0
K= 1389
4790.51746032
K= 1390
309.591941392
K= 1391
4163.0
K= 1392
298.817135159
K= 1393
8827.0
K= 1394
16.4523809523
K= 1395
4031.97794394
K= 1396
4563.65230314
K= 1397
65.3166666667
K= 1398
119.5
K= 1399
4332.75
K= 1400
356.825491175
K= 1401
176.083333333
K= 1402
19.6487812911
K= 1403
4807.98571429
K= 1404
8792.0
K= 1405
15.7497076024
K= 1406
4485.98333333
K= 1407
11.5
K= 1408
4815.82549118
K= 1409
4810.99047619
K= 1410
4332.75
K= 1411
287.27994634
K= 1412
4599.58333333
K= 1413
4793.70723552
K= 1414
128.116883117
K= 1415
4304.0
K= 1416
35.7393772893
K= 1417
6.82222222211
K= 1418
4812.81397944
K= 1419
10.1
K= 1420
3369.67028748
K= 1421
4847.55724251
K= 1422
10.0338166341
K= 1423
134.0
K= 1424
19.6487812911
K= 1425
6.93956043944
K= 1426
142.5
K= 1427
4804.22560948
K= 1428
8291.59342285
K= 1429
4255.9962292
K= 1430
12.613343966
K= 1431
4497.64878129
K= 1432
3597.06236705
K= 1433
9.91666666663
K= 1434
4497.64878129
K= 1435
71.2956709957
K= 1436
4858.49329549
K= 1437
4819.08186453
K= 1438
19.1487812911
K= 1439
564.669231319
K= 1440
4479.83333333
K= 1441
4163.0
K= 1442
10.4999999999
K= 1443
8588.75
K= 1444
202.321861472
K= 1445
4828.32142857
K= 1446
4200.0
K= 1447
8588.75
K= 1448
5338.19963873
K= 1449
176.083333333
K= 1450
135.245958761
K= 1451
8.78571428568
K= 1452
4456.0
K= 1453
13.7327485379
K= 1454
10.8095238096
K= 1455
1464.37584302
K= 1456
21.2130733809
K= 1457
7.26551226538
K= 1458
845.026455588
K= 1459
23.0958999882
K= 1460
310.652197802
K= 1461
4497.64878129
K= 1462
6.00503662997
K= 1463
4824.12222222
K= 1464
4497.64878129
K= 1465
8639.0
K= 1466
153.5
K= 1467
4497.64878129
K= 1468
4501.5
K= 1469
10.5000000001
K= 1470
19.6487812911
K= 1471
578.0
K= 1472
117.5
K= 1473
100.0
K= 1474
8642.0
K= 1475
10.7499999999
K= 1476
5.16925411741
K= 1477
202.228788605
K= 1478
4484.75
K= 1479
4314.0
K= 1480
12.1080419855
K= 1481
127.0
K= 1482
4631.5
K= 1483
11.4166666667
K= 1484
4487.06666667
K= 1485
4560.0
K= 1486
4197.0
K= 1487
110.0
K= 1488
6.83737373725
K= 1489
11.4166666666
K= 1490
17.7171513902
K= 1491
6.23247863236
K= 1492
136.0
K= 1493
5.35696884827
K= 1494
4578.40771234
K= 1495
137.0
K= 1496
4163.0
K= 1497
4332.75
K= 1498
17.4718409587
K= 1499
13243.0
K= 1500
19.6487812911
K= 1501
8.12619047612
K= 1502
4864.2
K= 1503
4893.81666667
K= 1504
9.52500000002
K= 1505
19.6487812911
K= 1506
4852.34624609
K= 1507
8.08333333326
K= 1508
17654.0
K= 1509
4332.75
K= 1510
4332.75
K= 1511
4314.0
K= 1512
4389.63823743
K= 1513
4484.05098039
K= 1514
11.2428571428
K= 1515
4428.51746032
K= 1516
220.0
K= 1517
7166.35921436
K= 1518
312.053643579
K= 1519
304.415526364
K= 1520
4503.84800102
K= 1521
4332.75
K= 1522
47.1721144405
K= 1523
40.6005244754
K= 1524
10.4166666666
K= 1525
4497.64878129
K= 1526
110.0
K= 1527
13.7047619048
K= 1528
19.6487812911
K= 1529
19.6487812911
K= 1530
23.3190773879
K= 1531
7.61551689042
K= 1532
8637.0
K= 1533
4824.55724251
K= 1534
4518.45820957
K= 1535
10.1928364142
K= 1536
4163.0
K= 1537
5.3559803922
K= 1538
8637.70192308
K= 1539
7.35793650791
K= 1540
5.21602934098
K= 1541
54.4369024048
K= 1542
8613.0
K= 1543
8.45238095231
K= 1544
11.7111111111
K= 1545
134.0
K= 1546
4.9580244231
K= 1547
8827.0
K= 1548
19.6487812911
K= 1549
4598.51746032
K= 1550
8640.0
K= 1551
393.75530303
K= 1552
16.4714285714
K= 1553
4618.0
K= 1554
4790.51746032
K= 1555
269.0
K= 1556
8.13888888888
K= 1557
17.7534391534
K= 1558
17.0629444085
K= 1559
5067.17493414
K= 1560
19.6487812911
K= 1561
4332.75
K= 1562
124.333333333
K= 1563
31.1040151337
K= 1564
129.0
K= 1565
5366.58336579
K= 1566
11.4166666666
K= 1567
5644.7147716
K= 1568
4600.16666667
K= 1569
17.4666666666
K= 1570
5.3570946597
K= 1571
4497.64878129
K= 1572
134.0
K= 1573
8965.0
K= 1574
5.49199381704
K= 1575
8641.0
K= 1576
8.87619047612
K= 1577
8827.0
K= 1578
13.2125
K= 1579
4861.95198413
K= 1580
18.9821146245
K= 1581
512.760768398
K= 1582
4541.53333333
K= 1583
4332.75
K= 1584
4332.75
K= 1585
476.11547619
K= 1586
8.75
K= 1587
12.2352941176
K= 1588
5.0
K= 1589
40420.0972894
K= 1590
32.7526061015
K= 1591
4869.69642857
K= 1592
5214.63098484
K= 1593
4809.94352304
K= 1594
21.2130733809
K= 1595
4807.75281385
K= 1596
8827.0
K= 1597
8642.0
K= 1598
19.4390186021
K= 1599
17654.0
K= 1600
4332.75
K= 1601
10.7
K= 1602
8827.0
K= 1603
11.3333333334
K= 1604
9.18023818277
K= 1605
4650.57883669
K= 1606
17278.0
K= 1607
139.0
K= 1608
9.66666666663
K= 1609
4332.75
K= 1610
14.8575757577
K= 1611
19.6487812911
K= 1612
18.6764705882
K= 1613
5.41457090084
K= 1614
4163.0
K= 1615
4514.74524903
K= 1616
21.0998558447
K= 1617
4762.96896159
K= 1618
7.89597069588
K= 1619
4482.12002801
K= 1620
11.3666666667
K= 1621
11.4166666666
K= 1622
8655.21307338
K= 1623
8641.0
K= 1624
3067.96458452
K= 1625
4158.0
K= 1626
30.5551070006
K= 1627
12780.0
K= 1628
8136.70881103
K= 1629
4487.51111111
K= 1630
524.758333333
K= 1631
12002.7689755
K= 1632
4866.28803141
K= 1633
4893.76796537
K= 1634
4834.46448264
K= 1635
8.26111111115
K= 1636
15.2333855928
K= 1637
134.0
K= 1638
4880.1235067
K= 1639
4762.96896159
K= 1640
15.1579365078
K= 1641
8550.0
K= 1642
4499.21307338
K= 1643
10.75
K= 1644
8.87619047612
K= 1645
4854.68211788
K= 1646
4332.75
K= 1647
4598.51746032
K= 1648
11810.2268646
K= 1649
28.8002820145
K= 1650
4735.49144185
K= 1651
11.5
K= 1652
4835.32010212
K= 1653
4637.34492016
K= 1654
4486.91666667
K= 1655
135.0
K= 1656
11.4166666667
K= 1657
13120.0
K= 1658
22.8173339651
K= 1659
6.9040404039
K= 1660
10.1000000001
K= 1661
4790.51746032
K= 1662
8642.0
K= 1663
4607.82661457
K= 1664
4859.2
K= 1665
7.50206043955
K= 1666
666.688107667
K= 1667
4497.64878129
K= 1668
19.6487812911
K= 1669
4485.61551689
K= 1670
8.76578006579
K= 1671
4740.66507056
K= 1672
4163.0
K= 1673
4484.77070707
K= 1674
469.782142857
K= 1675
35.284586509
K= 1676
36.0904761904
K= 1677
16.0
K= 1678
23.2253246751
K= 1679
8641.0
K= 1680
503.770202594
K= 1681
5.07028985501
K= 1682
352.435896471
K= 1683
4880.9468254
K= 1684
4858.49329549
K= 1685
7.64722222218
K= 1686
4332.75
K= 1687
19.6487812911
K= 1688
11.4166666666
K= 1689
5.73859649105
K= 1690
31.7
K= 1691
11.0628639334
K= 1692
150.0
K= 1693
24.9223242253
K= 1694
8827.0
K= 1695
4163.0
K= 1696
348.087683873
K= 1697
304.93814935
K= 1698
415.566666667
K= 1699
8.96349206346
K= 1700
9617.36651967
K= 1701
4582.71492478
K= 1702
4875.22605402
K= 1703
11.5
K= 1704
4497.64878129
K= 1705
4560.0
K= 1706
394.969252115
K= 1707
4486.91313131
K= 1708
6.63472222222
K= 1709
4497.64878129
K= 1710
4486.09126984
K= 1711
2915.91251653
K= 1712
420.569949495
K= 1713
4489.41666667
K= 1714
19.6487812911
K= 1715
4790.51746032
K= 1716
8636.28489191
K= 1717
17.4836059774
K= 1718
11.3666666667
K= 1719
4113.75503002
K= 1720
8.17738095229
K= 1721
8641.0
K= 1722
13.462995338
K= 1723
8639.0
K= 1724
12.3383040935
K= 1725
19.5237812911
K= 1726
367.734758585
K= 1727
8823.0
K= 1728
19.6487812911
K= 1729
4679.70297636
K= 1730
4894.43333333
K= 1731
8623.0
K= 1732
4156.0
K= 1733
10.1
K= 1734
5.61176364659
K= 1735
4854.68211788
K= 1736
4197.0
K= 1737
8.76111111115
K= 1738
4861.24642857
K= 1739
42.4261467617
K= 1740
7.9404761903
K= 1741
4588.94108238
K= 1742
4792.6332033
K= 1743
4901.25
K= 1744
9.86101489083
K= 1745
30.7786141147
K= 1746
140.0
K= 1747
4851.70723552
K= 1748
6.52222222218
K= 1749
22.8333333333
K= 1750
4489.41666667
K= 1751
9.23571428552
K= 1752
105.0
K= 1753
4267.5
K= 1754
8640.0
K= 1755
7.21488095226
K= 1756
16.0
K= 1757
4821.94899219
K= 1758
4789.84563039
K= 1759
4718.62619048
K= 1760
11740.8580257
K= 1761
8.0944444444
K= 1762
6.08510854456
K= 1763
4804.54880952
K= 1764
9.59999999998
K= 1765
4985.23333333
K= 1766
175.083333333
K= 1767
4332.75
K= 1768
4486.07936508
K= 1769
8.07936507941
K= 1770
133.0
K= 1771
16.5222222222
K= 1772
4181.0
K= 1773
8642.0
K= 1774
19.6487812911
K= 1775
8827.0
K= 1776
48.4256120023
K= 1777
4512.0
K= 1778
129.5
K= 1779
4497.64878129
K= 1780
4740.38268617
K= 1781
4870.87622655
K= 1782
18.7440476191
K= 1783
5.86623931618
K= 1784
4478.64878129
K= 1785
8639.0
K= 1786
4267.27784464
K= 1787
119.0
K= 1788
11.65
K= 1789
4332.75
K= 1790
157.301236867
K= 1791
8.27662337653
K= 1792
8641.0
K= 1793
10.9166666666
K= 1794
5.6263060061
K= 1795
130.5
K= 1796
3992.65802314
K= 1797
13.7010164671
K= 1798
36.0080695465
K= 1799
32.4285714285
K= 1800
19.6487812911
K= 1801
107.5
K= 1802
8592.0
K= 1803
4487.26666667
K= 1804
7.96904761891
K= 1805
11704.6665801
K= 1806
19.6487812911
K= 1807
19.6487812911
K= 1808
80.8847816195
K= 1809
7.23412698403
K= 1810
19.6487812911
K= 1811
12.875
K= 1812
8639.0
K= 1813
7.76111111115
K= 1814
8.09126984118
K= 1815
5.7260683761
K= 1816
4782.94651202
K= 1817
6658.89246737
K= 1818
8.73333333328
K= 1819
381.794698776
K= 1820
13444.1428571
K= 1821
7.34126984118
K= 1822
19.6487812911
K= 1823
4790.51746032
K= 1824
4463.17586263
K= 1825
8642.0
K= 1826
9542.1633601
K= 1827
27.4509803922
K= 1828
472.392521014
K= 1829
11.3095238095
K= 1830
135.0
K= 1831
52.4055916306
K= 1832
19.6487812911
K= 1833
4854.68211788
K= 1834
4879.58603563
K= 1835
4486.75
K= 1836
5067.17493414
K= 1837
176.866666667
K= 1838
32.1650525868
K= 1839
13.9
K= 1840
7.79886128369
K= 1841
39.1439393939
K= 1842
63.4699167042
K= 1843
11.1666666666
K= 1844
4758.21598239
K= 1845
10.5
K= 1846
19.6487812911
K= 1847
8636.0
K= 1848
41.5527092352
K= 1849
10.9166666667
K= 1850
9.40000000002
K= 1851
4332.75
K= 1852
15.7779620545
K= 1853
4235.0
K= 1854
127.0
K= 1855
400.001225223
K= 1856
10.1
K= 1857
4486.87619048
K= 1858
42.4154543333
K= 1859
4762.96896159
K= 1860
4332.75
K= 1861
4648.36666667
K= 1862
512.760768398
K= 1863
8580.0
K= 1864
22.3333333333
K= 1865
4838.08186453
K= 1866
21.788095238
K= 1867
137.0
K= 1868
4332.75
K= 1869
158.384848485
K= 1870
134.0
K= 1871
6.39579018857
K= 1872
12.9809243329
K= 1873
4332.75
K= 1874
5.19036796538
K= 1875
4595.3047619
K= 1876
8640.0
K= 1877
11.4917703654
K= 1878
12.5
K= 1879
7.59884559875
K= 1880
132.752443747
K= 1881
8636.0
K= 1882
8.95238095231
K= 1883
11.4166666666
K= 1884
124.0
K= 1885
4485.64722222
K= 1886
11739.7394624
K= 1887
12.0166666667
K= 1888
10.7
K= 1889
356.825491175
K= 1890
8827.0
K= 1891
4584.0
K= 1892
8.63571428566
K= 1893
8642.0
K= 1894
4480.4283762
K= 1895
429.866666667
K= 1896
4611.0
K= 1897
4842.35769241
K= 1898
5067.17493414
K= 1899
8.78571428568
K= 1900
209.633796783
K= 1901
4455.0
K= 1902
6.48888888885
K= 1903
8633.0
K= 1904
3044.63571727
K= 1905
6.25016552059
K= 1906
19.1487812911
K= 1907
5.65527736652
K= 1908
4485.90238095
K= 1909
25.1475106465
K= 1910
9.51111111115
K= 1911
10.7666666667
K= 1912
7.21904761903
K= 1913
19.6487812911
K= 1914
502.75
K= 1915
312.231746032
K= 1916
4653.08333333
K= 1917
19.6487812911
K= 1918
5.81481481472
K= 1919
4878.84765978
K= 1920
4854.65163671
K= 1921
4804.54880952
K= 1922
176.083333333
K= 1923
5118.11139755
K= 1924
6.13777056278
K= 1925
9.54285714286
K= 1926
4197.0
K= 1927
473.955555556
K= 1928
5772.53738999
K= 1929
8.12619047612
K= 1930
105.262640544
K= 1931
19.4120376364
K= 1932
861.16270902
K= 1933
4828.32142857
K= 1934
135.0
K= 1935
131.0
K= 1936
53.479186665
K= 1937
18.2334325396
K= 1938
11.5
K= 1939
10.2666666667
K= 1940
4550.0
K= 1941
31.7791500835
K= 1942
4804.2681953
K= 1943
170.742471891
K= 1944
8641.0
K= 1945
4588.0
K= 1946
8.97738095233
K= 1947
25.7598924022
K= 1948
4515.13690476
K= 1949
22.3961333835
K= 1950
388.891488154
K= 1951
4790.51746032
K= 1952
4332.75
K= 1953
4862.60277778
K= 1954
5.96932234417
K= 1955
4373.0
K= 1956
394.094690882
K= 1957
5.26681318681
K= 1958
19.0237812911
K= 1959
564.131666667
K= 1960
382.647314889
K= 1961
19.6487812911
K= 1962
4484.14177489
K= 1963
10.3333333334
K= 1964
4885.23968254
K= 1965
6.6248538011
K= 1966
4332.75
K= 1967
135.0
K= 1968
4862.23670953
K= 1969
289.627380952
K= 1970
171.4
K= 1971
53.9905490717
K= 1972
4854.68211788
K= 1973
176.083333333
K= 1974
4163.0
K= 1975
4163.0
K= 1976
36.1688614876
K= 1977
739.584437784
K= 1978
4762.96896159
K= 1979
8959.8460629
K= 1980
160.866666666
K= 1981
8.23571428563
K= 1982
19.6487812911
K= 1983
9562.15313479
K= 1984
102.0
K= 1985
11.3333333334
K= 1986
4496.92088337
K= 1987
2871.95504896
K= 1988
48.3928571428
K= 1989
4163.0
K= 1990
4486.06666667
K= 1991
4829.34492016
K= 1992
166.083333333
K= 1993
7.63888888888
K= 1994
5067.17493414
K= 1995
176.083333333
K= 1996
4828.32142857
K= 1997
19.1023809523
K= 1998
7.14722222218
K= 1999
19.6487812911
K= 2000
9.06666666665
K= 2001
4866.2
K= 2002
4834.46448264
K= 2003
4332.75
K= 2004
4935.33333333
K= 2005
11.3095238096
K= 2006
258.0
K= 2007
4681.32597023
K= 2008
4985.23333333
K= 2009
136.0
K= 2010
5.92003663001
K= 2011
98.5
K= 2012
10.4
K= 2013
6.22110389604
K= 2014
5.77289377281
K= 2015
4790.51746032
K= 2016
107.333333333
K= 2017
30.6081930783
K= 2018
19.1992424242
K= 2019
11.5
K= 2020
10.5000000001
K= 2021
11.4166666666
K= 2022
4560.96896159
K= 2023
6.94848484837
K= 2024
4585.25
K= 2025
1407.93853782
K= 2026
4790.51746032
K= 2027
456.833333333
K= 2028
10.7
K= 2029
4855.60833333
K= 2030
21.8357142856
K= 2031
5.63227513223
K= 2032
17921.3478261
K= 2033
9.76666666672
K= 2034
4892.82460317
K= 2035
4882.47142857
K= 2036
33.5070707072
K= 2037
105.0
K= 2038
4980.33333333
K= 2039
4163.0
K= 2040
61.8536949162
K= 2041
4332.75
K= 2042
40.1046342023
K= 2043
3791.57145325
K= 2044
35.7393772893
K= 2045
215.0
K= 2046
8637.75
K= 2047
17.4666666666
K= 2048
8642.0
K= 2049
22.3333333333
K= 2050
19.6487812911
K= 2051
8588.75
K= 2052
4497.60530303
K= 2053
4497.64878129
K= 2054
19.6487812911
K= 2055
8539.0
K= 2056
398.656818182
K= 2057
4824.55724251
K= 2058
16.0266590387
K= 2059
11695.9823935
K= 2060
4818.46448264
K= 2061
637.305794355
K= 2062
9.43247863231
K= 2063
8.97738095233
K= 2064
4854.68211788
K= 2065
4162.0
K= 2066
8.17738095229
K= 2067
29.9660255328
K= 2068
380.309754543
K= 2069
4543.92088337
K= 2070
11726.1194996
K= 2071
10.7
K= 2072
6.24134199123
K= 2073
3729.3618198
K= 2074
19.1487812911
K= 2075
4811.81397944
K= 2076
19.6487812911
K= 2077
144.9
K= 2078
11.4166666666
K= 2079
8827.0
K= 2080
4843.29237054
K= 2081
8.09884559875
K= 2082
4859.01552787
K= 2083
4484.45523504
K= 2084
42.4154543333
K= 2085
18.6764705882
K= 2086
5067.17493414
K= 2087
18223.3535714
K= 2088
4850.42079858
K= 2089
48.7440476191
K= 2090
19.0704074152
K= 2091
5288.42743835
K= 2092
4869.55402893
K= 2093
462.0
K= 2094
295.426119643
K= 2095
8963.97338936
K= 2096
346.431592164
K= 2097
16.2388546685
K= 2098
445.5
K= 2099
4792.68211788
K= 2100
8827.0
K= 2101
303.539967774
K= 2102
4163.0
K= 2103
4622.0
K= 2104
173.083333333
K= 2105
8626.0
K= 2106
4887.91666667
K= 2107
4815.82549118
K= 2108
2823.42956661
K= 2109
4491.57792208
K= 2110
654.321779128
K= 2111
4485.73737374
K= 2112
8827.0
K= 2113
9.0
K= 2114
16.455
K= 2115
4874.00079365
K= 2116
13.1492894056
K= 2117
8827.0
K= 2118
7.07546897535
K= 2119
59.1499999998
K= 2120
4163.0
K= 2121
8642.0
K= 2122
16.4479365079
K= 2123
4621.0
K= 2124
143.350040141
K= 2125
4272.4097407
K= 2126
8827.0
K= 2127
178.083333333
K= 2128
362.05775664
K= 2129
4393.33333333
K= 2130
19.6487812911
K= 2131
10.7499999999
K= 2132
4605.0
K= 2133
38.6851851851
K= 2134
20.5093795094
K= 2135
4510.25596168
K= 2136
4332.75
K= 2137
22.3961333835
K= 2138
38.8895715395
K= 2139
4332.75
K= 2140
4484.35257937
K= 2141
349.185398649
K= 2142
4332.75
K= 2143
4497.19924242
K= 2144
4497.64878129
K= 2145
397.289445522
K= 2146
4868.30862978
K= 2147
4483.78571429
K= 2148
346.174610056
K= 2149
4485.57936508
K= 2150
8641.0
K= 2151
4845.39673937
K= 2152
4197.0
K= 2153
4235.0
K= 2154
145.15
K= 2155
4332.75
K= 2156
19.6487812911
K= 2157
19.6487812911
K= 2158
4817.54880952
K= 2159
9292.16666667
K= 2160
4656.94352304
K= 2161
47.7042790542
K= 2162
8.95238095231
K= 2163
7.53571428568
K= 2164
7.78571428568
K= 2165
4884.52301587
K= 2166
10.7666666667
K= 2167
407.192857143
K= 2168
4612.0
K= 2169
4631.0
K= 2170
4.44999999995
K= 2171
8635.5
K= 2172
10.8095238095
K= 2173
6629.50044776
K= 2174
5181.64258386
K= 2175
19.6487812911
K= 2176
6.76286393334
K= 2177
10.2666666667
K= 2178
4163.0
K= 2179
18.6764705882
K= 2180
11.4666950838
K= 2181
4612.0
K= 2182
21.7663354037
K= 2183
10.7666666667
K= 2184
4497.64878129
K= 2185
8827.0
K= 2186
8641.0
K= 2187
17.4327619033
K= 2188
4781.07186147
K= 2189
4621.0
K= 2190
104.811183261
K= 2191
3897.21782046
K= 2192
11.3095238095
K= 2193
16729.8333333
K= 2194
19.6487812911
K= 2195
8623.5
K= 2196
4888.77857143
K= 2197
13.2
K= 2198
10.1
K= 2199
35.3817682319
K= 2200
381.051161496
K= 2201
4765.0
K= 2202
8827.0
K= 2203
18.7999999999
K= 2204
4457.40301628
K= 2205
7.29273504275
K= 2206
4559.51746032
K= 2207
4559.0
K= 2208
19.6487812911
K= 2209
4852.40037879
K= 2210
442.683333333
K= 2211
5067.17493414
K= 2212
981.761957004
K= 2213
4332.75
K= 2214
306.491441853
K= 2215
5174.88704607
K= 2216
5966.99953184
K= 2217
19.6487812911
K= 2218
6.88888888888
K= 2219
4332.75
K= 2220
8827.0
K= 2221
4497.64878129
K= 2222
12801.0
K= 2223
32.6125621423
K= 2224
13509.8522935
K= 2225
4833.44448052
K= 2226
4497.64878129
K= 2227
4332.75
K= 2228
17916.0248302
K= 2229
52962.0
K= 2230
4820.67700511
K= 2231
17.4222222222
K= 2232
25.2679162171
K= 2233
4716.96896159
K= 2234
135.0
K= 2235
4163.0
K= 2236
8827.0
K= 2237
8.3168299091
K= 2238
109.0
K= 2239
224.605657573
K= 2240
19.6487812911
K= 2241
364.203135422
K= 2242
17.5222222222
K= 2243
4163.0
K= 2244
4868.32142857
K= 2245
6.50233100227
K= 2246
6.05443722941
K= 2247
9.4769230769
K= 2248
11.4166666666
K= 2249
5.0
K= 2250
695.171126757
K= 2251
2572.37707778
K= 2252
4163.0
K= 2253
5655.17005651
K= 2254
16.3333333333
K= 2255
46.6818181818
K= 2256
313.990141231
K= 2257
8642.0
K= 2258
4163.0
K= 2259
4497.64878129
K= 2260
8827.0
K= 2261
7.34126984118
K= 2262
8642.0
K= 2263
19.6487812911
K= 2264
11.4166666667
K= 2265
11.1666666666
K= 2266
23.1047619047
K= 2267
8573.5
K= 2268
8.53294287424
K= 2269
4484.0
K= 2270
11.5
K= 2271
4779.73537157
K= 2272
382.986414011
K= 2273
4592.86416361
K= 2274
82.9264101483
K= 2275
4803.79526784
K= 2276
5.01185286941
K= 2277
8641.0
K= 2278
176.25
K= 2279
19.6487812911
K= 2280
4682.90833333
K= 2281
8631.0
K= 2282
6.16899766889
K= 2283
14.06007326
K= 2284
8.16349206341
K= 2285
4497.06769481
K= 2286
8.83333333326
K= 2287
133.0
K= 2288
19.6487812911
K= 2289
406.041666667
K= 2290
4913.39694472
K= 2291
21.6499999999
K= 2292
4804.54880952
K= 2293
8642.0
K= 2294
4597.51746032
K= 2295
126.0
K= 2296
2777.32802927
K= 2297
4163.0
K= 2298
19.6487812911
K= 2299
10.5000000001
K= 2300
8827.0
K= 2301
4871.27832552
K= 2302
17.5666666668
K= 2303
4485.61551689
K= 2304
176.866666667
K= 2305
4792.68211788
K= 2306
6.19253662985
K= 2307
134.0
K= 2308
144.583333333
K= 2309
4481.73546022
K= 2310
4819.0
K= 2311
8642.0
K= 2312
171.116666667
K= 2313
19.6487812911
K= 2314
4792.68211788
K= 2315
4786.60885585
K= 2316
52962.0
K= 2317
476.372914863
K= 2318
7.73444976064
K= 2319
503.923064435
K= 2320
10.4166666667
K= 2321
4834.65163671
K= 2322
754.874088134
K= 2323
3407.42313821
K= 2324
451.934523627
K= 2325
8.5388888889
K= 2326
4488.1
K= 2327
4854.68211788
K= 2328
4576.67166306
K= 2329
8641.0
K= 2330
4485.05844156
K= 2331
36.3074243207
K= 2332
220.025595238
K= 2333
12.6675324674
K= 2334
10.7666666667
K= 2335
10.2666666667
K= 2336
4593.0
K= 2337
19.6265754109
K= 2338
5616.94791684
K= 2339
9346.0824245
K= 2340
136.0
K= 2341
4332.75
K= 2342
7.97738095233
K= 2343
306.491441852
K= 2344
4598.51746032
K= 2345
4163.0
K= 2346
1167.22890778
K= 2347
26.2979759456
K= 2348
4654.86666667
K= 2349
8641.0
K= 2350
8827.0
Betweenness Centrality Improvement
[ 20.1361274    8.17738095  11.30952381 ...,   0.           0.           0.        ]
Top 20 BC Improvement
[ 498 2229 2316 1589 2087 2032 2228 1599 1508 1217 1606 2193 2224  681 1820
 1499 1657 2222 1627  416]
