txValue= 10000
IGRAPH D--- 4619 68733 -- 
+ attr: pub_key (v), base_fee (e), capacity (e), fee_rate (e), txCost (e)
None
Our nodes starting connections: 
(4618, 2796)
(4618, 1223)
(4618, 1163)
(4618, 498)
(4618, 2229)
(4618, 1589)
(4618, 4051)
K= 0
21.6034018927
K= 1
9.26666666672
K= 2
12.4095238096
K= 3
96.0351301475
K= 4
288.0
K= 5
4497.70392835
K= 6
143.0
K= 7
15.5714285715
K= 8
4488.09494949
K= 9
13.3766233767
K= 10
4135.0
K= 11
13.1620046648
K= 12
210.583333333
K= 13
20.20392835
K= 14
25.0333333334
K= 15
374.227027027
K= 16
20.20392835
K= 17
8839.0
K= 18
7.63895636529
K= 19
26.5383699634
K= 20
19.70392835
K= 21
12.4095238096
K= 22
4703.09866245
K= 23
209.583333333
K= 24
4482.26279307
K= 25
7.70684822428
K= 26
12.5166666667
K= 27
23.3666666668
K= 28
4539.39058062
K= 29
12.5166666667
K= 30
20.70392835
K= 31
1268.63844839
K= 32
936.956960281
K= 33
11.9095238096
K= 34
22.8557950219
K= 35
19.3238095237
K= 36
8610.0
K= 37
8.86904761905
K= 38
4510.61303688
K= 39
9.23015873029
K= 40
4849.37476755
K= 41
8563.0
K= 42
8609.375
K= 43
6.92456140358
K= 44
9.56273911265
K= 45
4486.95357143
K= 46
4334.0
K= 47
12.6000000001
K= 48
193.416666667
K= 49
4567.0
K= 50
24.5346994076
K= 51
4672.1580223
K= 52
19.8624891884
K= 53
23.5933537928
K= 54
22.9333333335
K= 55
4863.90841009
K= 56
4629.0
K= 57
20.70392835
K= 58
12.4095238096
K= 59
4802.75079365
K= 60
4528.65202703
K= 61
33.3057382953
K= 62
38.6534090909
K= 63
5108.79877132
K= 64
26.3157937663
K= 65
4838.36625768
K= 66
3579.71784037
K= 67
4867.61351426
K= 68
210.083333333
K= 69
33.8194436841
K= 70
4852.06951786
K= 71
6578.86546823
K= 72
4785.07903646
K= 73
4485.68571429
K= 74
6.5143106319
K= 75
12.5166666667
K= 76
8611.59422748
K= 77
4303.75
K= 78
4486.4952381
K= 79
4135.0
K= 80
55.6666666667
K= 81
4844.9882871
K= 82
4920.20357143
K= 83
4882.8015873
K= 84
29.9000904962
K= 85
9.56666666665
K= 86
4494.97184096
K= 87
4489.43333333
K= 88
4477.33333333
K= 89
4751.05901756
K= 90
367.525
K= 91
24.5333333334
K= 92
534.11547619
K= 93
45.7222947803
K= 94
20.70392835
K= 95
52.6980031078
K= 96
495.617073245
K= 97
4805.07211313
K= 98
11.9732142858
K= 99
8.41904761922
K= 100
5665.45585348
K= 101
4488.01190476
K= 102
9.31904761912
K= 103
9.0238095239
K= 104
4604.7521978
K= 105
4610.75079365
K= 106
4497.70392835
K= 107
66.7473002683
K= 108
4600.0
K= 109
165.4
K= 110
38.5611565891
K= 111
8839.0
K= 112
4497.70392835
K= 113
8.89395871584
K= 114
12.4333333335
K= 115
20.6604500891
K= 116
4841.65999001
K= 117
4303.75
K= 118
4892.78288263
K= 119
12.5166666667
K= 120
529.374306648
K= 121
20.8705950166
K= 122
5237.29103325
K= 123
1034.36457431
K= 124
8839.0
K= 125
115.0
K= 126
6.18750311004
K= 127
378.287559652
K= 128
24.4690049503
K= 129
10.9136904762
K= 130
31.7391129725
K= 131
4514.35240315
K= 132
4497.70392835
K= 133
7.43958215695
K= 134
20.70392835
K= 135
14.5016233767
K= 136
20.8150394611
K= 137
9.375
K= 138
11659.2851371
K= 139
764.623024891
K= 140
4766.32003824
K= 141
542.813106754
K= 142
4303.75
K= 143
11.5223292591
K= 144
20.6604500891
K= 145
4560.90301692
K= 146
11.7253968255
K= 147
12.4397754422
K= 148
11.3690476192
K= 149
4456.75079365
K= 150
4862.72734386
K= 151
19.8833333333
K= 152
6382.62729762
K= 153
4624.5007992
K= 154
4538.55985681
K= 155
8839.0
K= 156
4.6742424242
K= 157
159.0
K= 158
8612.0
K= 159
321.896334586
K= 160
4485.24404762
K= 161
8619.0
K= 162
4860.74550523
K= 163
8975.70392835
K= 164
461.459126985
K= 165
19.20392835
K= 166
12.0166666667
K= 167
110.774078287
K= 168
4777.82609714
K= 169
155.15
K= 170
8609.0
K= 171
12.5108585859
K= 172
44.0635283425
K= 173
12.4333333335
K= 174
76.4282387494
K= 175
12.0952380954
K= 176
4802.75079365
K= 177
4777.5007992
K= 178
179.611111111
K= 179
4135.0
K= 180
6.61904761917
K= 181
8839.0
K= 182
6.65612945403
K= 183
31.2546231546
K= 184
7.0
K= 185
4636.0
K= 186
8612.0
K= 187
11.8666666667
K= 188
8839.0
K= 189
6.98836996336
K= 190
4206.0
K= 191
135.0
K= 192
4621.0
K= 193
4891.19761905
K= 194
15.6125038114
K= 195
4135.0
K= 196
8791.14285714
K= 197
28.142857143
K= 198
36.9570645854
K= 199
40.2000000001
K= 200
112.0
K= 201
4483.4504902
K= 202
76.4282387494
K= 203
4608.75079365
K= 204
1259.36624004
K= 205
11.8666666667
K= 206
8839.0
K= 207
11.8666666667
K= 208
13.0035714287
K= 209
8619.0
K= 210
11.8666666667
K= 211
5.30553405569
K= 212
142.0
K= 213
11.8666666667
K= 214
9.86904761917
K= 215
4206.0
K= 216
11.9666666668
K= 217
20.7311651608
K= 218
4702.0
K= 219
33.5199701467
K= 220
2852.79469776
K= 221
11.0
K= 222
128.188001867
K= 223
4206.0
K= 224
4486.61904762
K= 225
12.5166666667
K= 226
10.5721611723
K= 227
4619.0
K= 228
4654.74690809
K= 229
4391.39285714
K= 230
4792.08546236
K= 231
4629.75833333
K= 232
190.533333333
K= 233
364.028669647
K= 234
32.5299592102
K= 235
503.436886724
K= 236
20.70392835
K= 237
143.0
K= 238
4834.8015873
K= 239
2635.05916401
K= 240
4877.78316579
K= 241
21.2666666666
K= 242
7.452991453
K= 243
20.70392835
K= 244
20.70392835
K= 245
8612.0
K= 246
4630.65
K= 247
4835.19098124
K= 248
4778.5007992
K= 249
4642.99624233
K= 250
564.258333333
K= 251
6.09456784558
K= 252
189.583333333
K= 253
4323.0
K= 254
4303.75
K= 255
8839.0
K= 256
11.8666666667
K= 257
395.069517864
K= 258
28.1131313131
K= 259
23.90392835
K= 260
15.5162382064
K= 261
167.0
K= 262
8839.0
K= 263
189.583333333
K= 264
5108.79877132
K= 265
13.4333333335
K= 266
10.0952380953
K= 267
20.1615777338
K= 268
10.0071835571
K= 269
10.0666666667
K= 270
4622.0
K= 271
4168.0
K= 272
4493.16190476
K= 273
8839.0
K= 274
4483.6547619
K= 275
43.6298212897
K= 276
33.1369264505
K= 277
4497.70392835
K= 278
4939.92294089
K= 279
20.70392835
K= 280
4168.0
K= 281
24.2000000002
K= 282
33.9976309561
K= 283
8563.0
K= 284
4913.5
K= 285
4719.51786815
K= 286
12.4095238096
K= 287
2712.65115618
K= 288
419.547619048
K= 289
4488.76666667
K= 290
28.5993520397
K= 291
4497.70392835
K= 292
4606.75079365
K= 293
11.2000000001
K= 294
18.5292219274
K= 295
8.34900793643
K= 296
5457.0521115
K= 297
4169.0
K= 298
8611.0
K= 299
155.0
K= 300
23.6690476191
K= 301
4570.0
K= 302
34.5738095238
K= 303
33.6850131818
K= 304
8839.0
K= 305
22.3038758492
K= 306
4493.90598291
K= 307
14.5714285716
K= 308
20.70392835
K= 309
177.083333333
K= 310
4303.75
K= 311
4593.0
K= 312
4823.25570399
K= 313
205.9
K= 314
4556.49285714
K= 315
4553.0
K= 316
33.4626723152
K= 317
8839.0
K= 318
148.0
K= 319
21.1454545455
K= 320
7.09848484863
K= 321
328.434410685
K= 322
8612.0
K= 323
4946.10992064
K= 324
4875.03968254
K= 325
4303.75
K= 326
4855.56587302
K= 327
13.2023809525
K= 328
7.15265151521
K= 329
8.41904761922
K= 330
26.4083333334
K= 331
4625.0
K= 332
8839.0
K= 333
11.8000000002
K= 334
65.4930175432
K= 335
4486.00718356
K= 336
30.6224220577
K= 337
4610.75079365
K= 338
11.8000000002
K= 339
26.0333333334
K= 340
12.4095238096
K= 341
11681.78763
K= 342
8607.0
K= 343
11.5510883064
K= 344
5.40326728055
K= 345
4594.0
K= 346
4162.16666667
K= 347
4484.96648352
K= 348
4288.6
K= 349
10.7000000001
K= 350
12.4095238096
K= 351
41.6825248412
K= 352
22.7541264091
K= 353
87.9500000003
K= 354
20.0985719833
K= 355
4303.75
K= 356
8612.0
K= 357
4303.75
K= 358
9.16161616158
K= 359
4162.16666667
K= 360
177.083333333
K= 361
9.29353979358
K= 362
4496.17647059
K= 363
19.2857142858
K= 364
11693.6051429
K= 365
4857.09866245
K= 366
361.319584493
K= 367
4135.0
K= 368
5108.79877132
K= 369
9.04444444459
K= 370
8839.0
K= 371
40.3436052682
K= 372
8.68571428582
K= 373
4690.28589466
K= 374
4855.32953326
K= 375
378.085250297
K= 376
4496.0
K= 377
20.1060281385
K= 378
12.4333333335
K= 379
12.5166666667
K= 380
7.01431609318
K= 381
20.70392835
K= 382
4489.40952381
K= 383
11.3666666667
K= 384
33.5166666667
K= 385
4497.70392835
K= 386
4485.48571429
K= 387
8589.61538462
K= 388
3410.71631497
K= 389
8268.0
K= 390
14.6500000001
K= 391
586.450049278
K= 392
4135.0
K= 393
9.56666666665
K= 394
8839.0
K= 395
4497.70392835
K= 396
27.6866095739
K= 397
4135.0
K= 398
4651.5
K= 399
4960.88333333
K= 400
22.8611473901
K= 401
12.4570318571
K= 402
4497.70392835
K= 403
4486.4952381
K= 404
4626.0
K= 405
439.932382837
K= 406
8612.5
K= 407
409.239810238
K= 408
11.0
K= 409
8839.0
K= 410
4883.52916667
K= 411
4778.5007992
K= 412
4911.08333333
K= 413
8839.0
K= 414
11.3
K= 415
13.511904762
K= 416
12445.4666667
K= 417
286.218826193
K= 418
20.70392835
K= 419
11678.6260457
K= 420
20.6216772993
K= 421
4498.86996882
K= 422
48.1793907161
K= 423
4632.0
K= 424
4652.25
K= 425
4497.70392835
K= 426
75.3780386281
K= 427
375.004816017
K= 428
203.893620906
K= 429
11.2000000001
K= 430
43.5635283425
K= 431
4862.48217893
K= 432
8.8619047621
K= 433
492.708515166
K= 434
162.0
K= 435
8268.0
K= 436
5446.23135342
K= 437
10.511904762
K= 438
9.04444444459
K= 439
4497.70392835
K= 440
321.750793651
K= 441
20.70392835
K= 442
10.0952380953
K= 443
200.333333333
K= 444
52.8192982456
K= 445
4586.0
K= 446
8612.0
K= 447
4672.1580223
K= 448
9.9714285715
K= 449
155.0
K= 450
8839.0
K= 451
4889.07612943
K= 452
15.6444444444
K= 453
4555.34642857
K= 454
4296.5
K= 455
4842.8015873
K= 456
8839.0
K= 457
4860.10956256
K= 458
37.277845178
K= 459
4497.70392835
K= 460
4135.0
K= 461
4168.0
K= 462
4499.86114739
K= 463
4489.40952381
K= 464
4842.8015873
K= 465
16.3187013293
K= 466
4729.3
K= 467
144.0
K= 468
20.70392835
K= 469
12.5166666667
K= 470
33.0689542484
K= 471
12.0166666667
K= 472
8.27222222218
K= 473
12.0722222221
K= 474
9.92857142864
K= 475
4872.42378455
K= 476
4778.5007992
K= 477
4497.70392835
K= 478
9.40000000002
K= 479
360.131507127
K= 480
69.2376595627
K= 481
20.70392835
K= 482
4850.43158369
K= 483
19.2848707477
K= 484
3562.60534716
K= 485
8612.0
K= 486
4802.75079365
K= 487
1332.49320684
K= 488
8432.66666667
K= 489
8618.0
K= 490
8618.0
K= 491
4626.0
K= 492
4303.75
K= 493
3585.76121968
K= 494
8.91904761922
K= 495
44.486288097
K= 496
8612.0
K= 497
144.916666667
K= 498
6.35599688522
K= 499
20.70392835
K= 500
25.0333333334
K= 501
4496.89956007
K= 502
7.01862843044
K= 503
4481.60656214
K= 504
56.8833333333
K= 505
4866.85396132
K= 506
141.0
K= 507
189.583333333
K= 508
4916.21904762
K= 509
395.069517864
K= 510
4749.22568422
K= 511
385.105604834
K= 512
4845.51519952
K= 513
1051.1826092
K= 514
140.5
K= 515
25.4059422751
K= 516
4135.0
K= 517
9.47636363655
K= 518
4810.42378455
K= 519
12.4666666668
K= 520
4486.16666667
K= 521
34.1223109864
K= 522
4844.9882871
K= 523
9.36904761917
K= 524
45.1163419914
K= 525
4795.65571983
K= 526
4873.79404762
K= 527
130.0
K= 528
4855.22224026
K= 529
131.0
K= 530
10.5721611723
K= 531
4812.92483994
K= 532
4878.42378455
K= 533
20.70392835
K= 534
4497.70392835
K= 535
4497.70392835
K= 536
54.1780386282
K= 537
10.5952380953
K= 538
4855.32953326
K= 539
146.0
K= 540
28.6768932235
K= 541
35.5301809303
K= 542
11.8500000001
K= 543
4903.98344156
K= 544
40.5310539253
K= 545
4134.0
K= 546
30.3556571929
K= 547
8597.0
K= 548
6549.61695122
K= 549
20.70392835
K= 550
6.53333333344
K= 551
1135.23135342
K= 552
4901.33511158
K= 553
8608.0
K= 554
165.0
K= 555
70.3077836607
K= 556
148.0
K= 557
20.70392835
K= 558
4809.42378455
K= 559
4625.0
K= 560
163.0
K= 561
141.433333333
K= 562
4605.42015599
K= 563
4842.8015873
K= 564
8965.58398763
K= 565
204.083333333
K= 566
4303.75
K= 567
10.2842352092
K= 568
4497.70392835
K= 569
327.939815474
K= 570
414.335924703
K= 571
4800.03650794
K= 572
147.0
K= 573
77.8500000001
K= 574
124.25
K= 575
4849.37476755
K= 576
158.15
K= 577
12.0166666667
K= 578
473.109920636
K= 579
208.857142857
K= 580
31.0283613446
K= 581
9.81828324683
K= 582
4497.70392835
K= 583
278.791269841
K= 584
33.6130368839
K= 585
139.0
K= 586
4565.0
K= 587
6355.63978428
K= 588
203.083333333
K= 589
17.9348039215
K= 590
20.70392835
K= 591
4609.5
K= 592
296.333333333
K= 593
4893.02222222
K= 594
9331.16666667
K= 595
20.70392835
K= 596
12.4666666668
K= 597
370.567261262
K= 598
6.46963118576
K= 599
210.583333333
K= 600
4489.43333333
K= 601
678.109967059
K= 602
373.56319737
K= 603
4823.00396967
K= 604
4814.34014525
K= 605
4488.5952381
K= 606
4835.70847853
K= 607
4303.75
K= 608
8.71994949493
K= 609
20.3273767564
K= 610
4135.0
K= 611
4303.75
K= 612
4480.34423957
K= 613
4848.57201742
K= 614
5062.45
K= 615
145.0
K= 616
4147.16666667
K= 617
21.4
K= 618
12.5166666667
K= 619
4889.45595238
K= 620
158.15
K= 621
20.6604500891
K= 622
26.7666666667
K= 623
154.783333333
K= 624
4920.6
K= 625
509.982236228
K= 626
163.0
K= 627
8.88225108245
K= 628
4174.6625
K= 629
4147.16666667
K= 630
8610.5
K= 631
4133.0
K= 632
44.0635283425
K= 633
4792.51519952
K= 634
4913.5
K= 635
5438.78690897
K= 636
4943.94574315
K= 637
957.243854789
K= 638
4607.61050779
K= 639
9627.08249154
K= 640
8589.61538462
K= 641
4888.4572713
K= 642
50.0666666668
K= 643
9.99999999988
K= 644
4802.75079365
K= 645
158.0
K= 646
156.52160352
K= 647
4870.04676435
K= 648
4842.8015873
K= 649
4352.66666667
K= 650
5569.35451699
K= 651
25.2690631807
K= 652
6524.31097687
K= 653
310.414430807
K= 654
19.2478937728
K= 655
4303.75
K= 656
20.70392835
K= 657
4135.0
K= 658
11.2000000001
K= 659
8839.0
K= 660
4853.44257473
K= 661
461.498944533
K= 662
107.455234482
K= 663
6290.98692492
K= 664
7120.47283694
K= 665
4802.75079365
K= 666
20.70392835
K= 667
145.0
K= 668
4585.65571983
K= 669
12.2898954704
K= 670
20.70392835
K= 671
1021.28853263
K= 672
4617.0
K= 673
10.9357142858
K= 674
62.9560079066
K= 675
22.2251929742
K= 676
4812.95719697
K= 677
386.908410087
K= 678
87.7222947803
K= 679
20.70392835
K= 680
4778.5007992
K= 681
13451.9857143
K= 682
17.9098039215
K= 683
36.7603241918
K= 684
4596.0
K= 685
210.583333333
K= 686
9.04329004337
K= 687
344.382141737
K= 688
4889.14880952
K= 689
368.05495377
K= 690
4772.92483994
K= 691
4930.23333333
K= 692
7.00528309401
K= 693
4303.75
K= 694
12.5166666667
K= 695
2578.75410714
K= 696
12.6000000001
K= 697
11663.628079
K= 698
4303.75
K= 699
20.70392835
K= 700
4899.93808201
K= 701
702.583408779
K= 702
4486.56666667
K= 703
9.67167919804
K= 704
4497.70392835
K= 705
22.70392835
K= 706
8597.0
K= 707
4303.75
K= 708
133.0
K= 709
10.0845238095
K= 710
8839.0
K= 711
12.4095238096
K= 712
4135.0
K= 713
77.8820871147
K= 714
4631.0
K= 715
8602.0
K= 716
13.5166666667
K= 717
4763.18333333
K= 718
4495.1984127
K= 719
12.5166666667
K= 720
9.10531280271
K= 721
4135.0
K= 722
12.5166666667
K= 723
2541.63555683
K= 724
51.3424242425
K= 725
19.6764705882
K= 726
5702.7776212
K= 727
314.0
K= 728
4701.75833333
K= 729
44.0635283425
K= 730
12.6000000001
K= 731
4879.09866245
K= 732
4856.94605125
K= 733
210.583333333
K= 734
25.45
K= 735
4483.23917749
K= 736
4486.86904762
K= 737
4822.19098124
K= 738
164.0
K= 739
603.642857143
K= 740
4900.12252192
K= 741
11.8666666667
K= 742
4532.52750228
K= 743
10.6913419914
K= 744
4620.0
K= 745
4488.2
K= 746
10.761904762
K= 747
20.70392835
K= 748
5702.34813402
K= 749
78.6333333333
K= 750
7.4820688084
K= 751
13.9000407
K= 752
276.379761905
K= 753
4846.37476755
K= 754
11686.2130813
K= 755
22.8611473901
K= 756
119.583333333
K= 757
607.0
K= 758
2657.63466078
K= 759
169.7
K= 760
175.083333333
K= 761
4731.88205856
K= 762
8611.0
K= 763
8839.0
K= 764
8619.0
K= 765
20.2301425664
K= 766
4135.0
K= 767
20.70392835
K= 768
81.1997638824
K= 769
9.52107244602
K= 770
4860.10956256
K= 771
4497.81908257
K= 772
27.6833333335
K= 773
376.500799201
K= 774
30.0699429072
K= 775
4496.99719062
K= 776
20.70392835
K= 777
8612.0
K= 778
4651.60995671
K= 779
136.5
K= 780
13.9952380954
K= 781
4494.47184096
K= 782
4409.75079365
K= 783
10.6971390813
K= 784
5071.80165944
K= 785
4872.42378455
K= 786
19.249849946
K= 787
106.5
K= 788
21.9333333335
K= 789
7.0
K= 790
10.8690476192
K= 791
4925.73809524
K= 792
450.78963259
K= 793
451.472190614
K= 794
6.60828877008
K= 795
143.0
K= 796
4683.13764657
K= 797
199.592261905
K= 798
8558.75
K= 799
325.750793651
K= 800
4772.92483994
K= 801
4168.0
K= 802
4497.70392835
K= 803
9.56273911265
K= 804
4485.97108597
K= 805
12.0166666667
K= 806
6.41474591638
K= 807
19.7940419229
K= 808
197.116666667
K= 809
4489.01666667
K= 810
4889.45595238
K= 811
4135.0
K= 812
8.67662337667
K= 813
5700.92957341
K= 814
210.333333333
K= 815
4168.0
K= 816
165.99752886
K= 817
4303.75
K= 818
4485.64795472
K= 819
4495.47184096
K= 820
4666.58333333
K= 821
164.0
K= 822
8839.0
K= 823
12.5166666667
K= 824
4839.93234215
K= 825
27.6000000001
K= 826
383.593572631
K= 827
6069.68770703
K= 828
15.3603174604
K= 829
150.229761905
K= 830
109.5
K= 831
144.0
K= 832
14.9361111111
K= 833
20.70392835
K= 834
10.4952380953
K= 835
20.70392835
K= 836
4498.86114739
K= 837
32.6585081586
K= 838
31.9999999997
K= 839
9.9714285715
K= 840
8612.0
K= 841
134.0
K= 842
657.942460317
K= 843
27.6111473902
K= 844
4483.54711566
K= 845
4497.70392835
K= 846
7.20265151514
K= 847
4788.87326433
K= 848
189.583333333
K= 849
4135.0
K= 850
11.8666666667
K= 851
143.0
K= 852
23.0333333334
K= 853
4798.22568422
K= 854
11666.5583742
K= 855
5194.66046176
K= 856
12.4095238096
K= 857
12.5166666667
K= 858
20.20392835
K= 859
165.0
K= 860
36.2187149399
K= 861
306.223410186
K= 862
8556.5
K= 863
7.08516483521
K= 864
12.5166666667
K= 865
42.0345596782
K= 866
4627.0
K= 867
4135.0
K= 868
8612.0
K= 869
4486.31904762
K= 870
4610.75079365
K= 871
6220.01982606
K= 872
20.70392835
K= 873
117.0
K= 874
44.0635283425
K= 875
20.70392835
K= 876
33.3489435323
K= 877
4932.53459596
K= 878
4802.75079365
K= 879
4854.45
K= 880
2754.41129913
K= 881
133.5
K= 882
8.27110389608
K= 883
4497.70392835
K= 884
4497.70392835
K= 885
11.0166666667
K= 886
4752.0
K= 887
4497.70392835
K= 888
387.561111111
K= 889
33.4666666667
K= 890
8.90000000002
K= 891
4242.05442807
K= 892
7.6154021417
K= 893
79.119750219
K= 894
143.0
K= 895
4883.03968254
K= 896
9.00718355714
K= 897
4669.518288
K= 898
4636.0
K= 899
20.70392835
K= 900
17.6145299145
K= 901
145.0
K= 902
4168.0
K= 903
4303.75
K= 904
9.56273911265
K= 905
5333.73790892
K= 906
9.86904761917
K= 907
6.10687742359
K= 908
13.7387163562
K= 909
4889.07612943
K= 910
11.8000000002
K= 911
197.116666667
K= 912
210.583333333
K= 913
369.174246363
K= 914
4403.0
K= 915
384.785525741
K= 916
8619.0
K= 917
4688.8015873
K= 918
4497.70392835
K= 919
214.673443996
K= 920
8.18333333323
K= 921
4872.06951786
K= 922
8619.0
K= 923
210.583333333
K= 924
6767.25222983
K= 925
9.27500000002
K= 926
12.4333333335
K= 927
945.924389864
K= 928
185.511904762
K= 929
20.70392835
K= 930
18.7903828199
K= 931
9.20995670999
K= 932
7.67539682542
K= 933
35.0371602941
K= 934
20.1660922411
K= 935
9.31904761912
K= 936
8619.0
K= 937
21.06102064
K= 938
556.361694678
K= 939
4872.42378455
K= 940
8606.0
K= 941
20.70392835
K= 942
5108.79877132
K= 943
415.345238095
K= 944
4916.52157096
K= 945
54.3011155513
K= 946
19.70392835
K= 947
31.0981979405
K= 948
4821.85
K= 949
8589.61538462
K= 950
10.0325757576
K= 951
20.70392835
K= 952
4496.67647059
K= 953
517.695238095
K= 954
4303.75
K= 955
4874.67907482
K= 956
133.0
K= 957
4489.40952381
K= 958
12.5166666667
K= 959
28.6991664453
K= 960
9.47665852669
K= 961
5446.12024231
K= 962
165.0
K= 963
11.8500000001
K= 964
4878.68236671
K= 965
8558.75
K= 966
4497.70392835
K= 967
4135.0
K= 968
4497.07040742
K= 969
22.8611473901
K= 970
8.68571428582
K= 971
492.570260328
K= 972
4802.75079365
K= 973
76.4282387494
K= 974
8589.61538462
K= 975
4456.75079365
K= 976
139.75
K= 977
8.94166666677
K= 978
4666.58333333
K= 979
56.863133212
K= 980
4168.0
K= 981
4802.75079365
K= 982
8.68571428582
K= 983
8839.0
K= 984
4484.62051671
K= 985
424.891807498
K= 986
382.35824288
K= 987
431.246895032
K= 988
4135.0
K= 989
81.1997638824
K= 990
4663.2
K= 991
9.33333333337
K= 992
8619.0
K= 993
20.4492063493
K= 994
11.8500000001
K= 995
23.1066503259
K= 996
36.9754190255
K= 997
10.161904762
K= 998
4488.86666667
K= 999
206.583333333
K= 1000
4303.75
K= 1001
8612.0
K= 1002
8383.62980741
K= 1003
9.86904761917
K= 1004
12.4095238096
K= 1005
20.70392835
K= 1006
53.8239979033
K= 1007
3540.42447678
K= 1008
5.8673164905
K= 1009
8839.0
K= 1010
4621.0
K= 1011
34.2833452418
K= 1012
6614.68643155
K= 1013
4303.75
K= 1014
2514.07837516
K= 1015
8610.0
K= 1016
11.5952380954
K= 1017
4619.0
K= 1018
4497.70392835
K= 1019
8589.61538462
K= 1020
8594.0
K= 1021
4303.75
K= 1022
4866.85396132
K= 1023
4589.03110513
K= 1024
11.3500000001
K= 1025
34.0632292466
K= 1026
4487.0952381
K= 1027
4875.91201299
K= 1028
892.21607318
K= 1029
8839.0
K= 1030
3604.86507885
K= 1031
5006.8452381
K= 1032
12.4095238096
K= 1033
374.213651115
K= 1034
7.72510822525
K= 1035
4620.0
K= 1036
10.0527777778
K= 1037
20.70392835
K= 1038
49.8021909954
K= 1039
4.09999999998
K= 1040
12.2190476191
K= 1041
8612.0
K= 1042
6.51013090357
K= 1043
6256.0006706
K= 1044
8829.2
K= 1045
405.766666667
K= 1046
4303.75
K= 1047
63.2407254507
K= 1048
4483.24839397
K= 1049
65.1296532095
K= 1050
4147.16666667
K= 1051
20.70392835
K= 1052
8612.0
K= 1053
14.5070818071
K= 1054
4393.06087771
K= 1055
4510.0
K= 1056
6219.0006706
K= 1057
351.13601918
K= 1058
439.111466057
K= 1059
9.9714285715
K= 1060
12.3815476191
K= 1061
20.1764705882
K= 1062
11.8666666667
K= 1063
147.0
K= 1064
37.1425557641
K= 1065
4857.67907482
K= 1066
93.3214646465
K= 1067
423.62886904
K= 1068
9.56666666665
K= 1069
4775.00481602
K= 1070
10.161904762
K= 1071
4912.96526251
K= 1072
4628.53333333
K= 1073
22.3849569139
K= 1074
4484.49603175
K= 1075
4703.09866245
K= 1076
15.0186868687
K= 1077
20.70392835
K= 1078
8.5532828283
K= 1079
4609.0452381
K= 1080
20.7384111086
K= 1081
7.18333333347
K= 1082
11.8666666667
K= 1083
146.0
K= 1084
4882.8015873
K= 1085
11.011904762
K= 1086
4877.78316579
K= 1087
4882.8015873
K= 1088
12.5166666667
K= 1089
549.829771874
K= 1090
4870.3740716
K= 1091
9.99523809529
K= 1092
35.361156589
K= 1093
8839.0
K= 1094
2715.4054643
K= 1095
39.8632671761
K= 1096
4915.94776335
K= 1097
4497.70392835
K= 1098
452.07730015
K= 1099
8839.0
K= 1100
19.6764705882
K= 1101
4625.29975887
K= 1102
741.368615264
K= 1103
5008.11190476
K= 1104
103.668272283
K= 1105
4898.18542152
K= 1106
9.83333333337
K= 1107
8604.0
K= 1108
8839.0
K= 1109
4967.57420635
K= 1110
18.309467787
K= 1111
8605.0
K= 1112
4842.8015873
K= 1113
1163.5262792
K= 1114
20.70392835
K= 1115
8.08571428584
K= 1116
5709.06241973
K= 1117
11.6111111111
K= 1118
34.4079314857
K= 1119
8761.61538462
K= 1120
4663.5
K= 1121
6640.66001337
K= 1122
6586.23971089
K= 1123
4833.75
K= 1124
44.0635283425
K= 1125
4826.1580223
K= 1126
18.3826595686
K= 1127
2934.54790016
K= 1128
4798.89218918
K= 1129
20.70392835
K= 1130
8611.0
K= 1131
325.750793651
K= 1132
111.0
K= 1133
20.70392835
K= 1134
4802.75079365
K= 1135
10.6380952381
K= 1136
4303.75
K= 1137
91.7560772558
K= 1138
4385.33333333
K= 1139
20.70392835
K= 1140
4487.76666667
K= 1141
4238.0
K= 1142
4147.16666667
K= 1143
117.0
K= 1144
4577.77361111
K= 1145
179.0
K= 1146
8608.0
K= 1147
9.68571428582
K= 1148
8839.0
K= 1149
4802.75079365
K= 1150
6.40272642393
K= 1151
4905.95327589
K= 1152
344.72401059
K= 1153
8839.0
K= 1154
202.583333333
K= 1155
10.7000000001
K= 1156
305.636117118
K= 1157
5222.4531746
K= 1158
204.116208791
K= 1159
4303.75
K= 1160
4652.0
K= 1161
8.84444444452
K= 1162
4864.29019429
K= 1163
56.5650775266
K= 1164
4528.59554206
K= 1165
8839.0
K= 1166
29.3035468971
K= 1167
4505.85923482
K= 1168
108.481932957
K= 1169
4388.0
K= 1170
19.9971906164
K= 1171
20.70392835
K= 1172
4843.9006622
K= 1173
4697.78185415
K= 1174
143.0
K= 1175
4709.23571429
K= 1176
429.46189264
K= 1177
8839.0
K= 1178
58.3537864469
K= 1179
44.1966725496
K= 1180
11.9214536339
K= 1181
4678.34975857
K= 1182
27.7162337664
K= 1183
110.0
K= 1184
22.1328571428
K= 1185
8611.0
K= 1186
357.879761905
K= 1187
15.0695526697
K= 1188
4488.86666667
K= 1189
4607.75079365
K= 1190
33.0970524598
K= 1191
210.583333333
K= 1192
4837.62381946
K= 1193
8612.0
K= 1194
4673.57038085
K= 1195
6527.03591083
K= 1196
8839.0
K= 1197
20.70392835
K= 1198
11.8000000002
K= 1199
4483.09494949
K= 1200
4135.0
K= 1201
364.278765018
K= 1202
8961.32700983
K= 1203
4135.0
K= 1204
4487.21827759
K= 1205
4303.75
K= 1206
8.42187257193
K= 1207
383.549264695
K= 1208
22.8611473902
K= 1209
21.7717902266
K= 1210
20.5583333333
K= 1211
11.8666666667
K= 1212
8.13956043962
K= 1213
206.583333333
K= 1214
4488.36666667
K= 1215
73.5062271064
K= 1216
75.3780386281
K= 1217
17220.0
K= 1218
20.5952380951
K= 1219
3571.85334802
K= 1220
7.69188034185
K= 1221
210.583333333
K= 1222
20.20392835
K= 1223
28.761296014
K= 1224
8.18333333323
K= 1225
10.6952380954
K= 1226
4634.0
K= 1227
4857.09866245
K= 1228
76.3675222724
K= 1229
8413.0
K= 1230
20.7039283499
K= 1231
20.2143939394
K= 1232
22.8611473901
K= 1233
11.8000000002
K= 1234
189.533333333
K= 1235
4617.0
K= 1236
12.8000000002
K= 1237
4875.91201299
K= 1238
183.360257734
K= 1239
18.2854726894
K= 1240
162.0
K= 1241
1111.30543967
K= 1242
8597.0
K= 1243
8791.14285714
K= 1244
4859.25163472
K= 1245
4497.70392835
K= 1246
17.7781746032
K= 1247
4016.97330095
K= 1248
157.609296259
K= 1249
24.1049955118
K= 1250
6.68792270543
K= 1251
4610.0
K= 1252
47.5446477194
K= 1253
378.413562255
K= 1254
8619.0
K= 1255
4973.11746032
K= 1256
4695.37476755
K= 1257
8.68571428582
K= 1258
4842.8015873
K= 1259
8839.0
K= 1260
28.0123624111
K= 1261
53.6498015873
K= 1262
5702.1338483
K= 1263
12.4333333335
K= 1264
8607.0
K= 1265
20.70392835
K= 1266
4621.0
K= 1267
2524.27302324
K= 1268
4867.6175291
K= 1269
20.70392835
K= 1270
4872.76944444
K= 1271
6.08333333326
K= 1272
31.0545932451
K= 1273
33.5005295068
K= 1274
4497.70392835
K= 1275
13.2345779223
K= 1276
4843.5506514
K= 1277
4908.33844062
K= 1278
23.4756410256
K= 1279
34.1591131091
K= 1280
14.9185784975
K= 1281
4516.37485272
K= 1282
4303.75
K= 1283
209.583333333
K= 1284
20.70392835
K= 1285
21.6908589473
K= 1286
75.2972863684
K= 1287
20.70392835
K= 1288
4810.42378455
K= 1289
20.19004329
K= 1290
20.70392835
K= 1291
4707.46058681
K= 1292
4745.81377366
K= 1293
8602.0
K= 1294
12.0166666667
K= 1295
144.0
K= 1296
5108.79877132
K= 1297
4627.0
K= 1298
4456.75079365
K= 1299
153.952298344
K= 1300
7.20265151502
K= 1301
4141.5
K= 1302
4709.96775423
K= 1303
8612.0
K= 1304
10.0845238095
K= 1305
4485.55793651
K= 1306
4482.96701747
K= 1307
4573.5007992
K= 1308
10.161904762
K= 1309
438.462412426
K= 1310
9.31904761912
K= 1311
9.16161616158
K= 1312
74.5554870721
K= 1313
982.817104063
K= 1314
4135.0
K= 1315
474.016666666
K= 1316
376.500799201
K= 1317
17.0166666667
K= 1318
18.4718409585
K= 1319
5108.79877132
K= 1320
11680.139168
K= 1321
4919.75
K= 1322
4888.79404762
K= 1323
34.2833452418
K= 1324
361.975539314
K= 1325
12.2666666668
K= 1326
12.1000000001
K= 1327
29.7333333333
K= 1328
143.0
K= 1329
8610.0
K= 1330
4482.62132897
K= 1331
444.965262515
K= 1332
4857.09866245
K= 1333
11.8666666667
K= 1334
4878.42378455
K= 1335
4059.73333333
K= 1336
20.70392835
K= 1337
40.4078566999
K= 1338
15.4500000001
K= 1339
44.7222947803
K= 1340
4497.70392835
K= 1341
423.577651515
K= 1342
160.5
K= 1343
110.957142857
K= 1344
4884.67038623
K= 1345
8839.0
K= 1346
24.7256674804
K= 1347
4845.51519952
K= 1348
79.4928571429
K= 1349
4497.70392835
K= 1350
8.36904761917
K= 1351
11.0
K= 1352
234.266503819
K= 1353
607.0
K= 1354
11.3666666667
K= 1355
9.56273911265
K= 1356
33.5330368839
K= 1357
982.817104063
K= 1358
6.99523809529
K= 1359
3086.89712085
K= 1360
380.292322015
K= 1361
20.70392835
K= 1362
4930.93716931
K= 1363
90.603218865
K= 1364
4486.4
K= 1365
4158.0
K= 1366
20.70392835
K= 1367
33.4668258027
K= 1368
4778.5007992
K= 1369
6490.68267958
K= 1370
16.3047619049
K= 1371
8.28592074593
K= 1372
142.5
K= 1373
4514.35240315
K= 1374
8839.0
K= 1375
51.444034854
K= 1376
12.5166666667
K= 1377
20.0207390649
K= 1378
17.6700757577
K= 1379
9.20995670999
K= 1380
12.4095238096
K= 1381
8950.28892496
K= 1382
11.8000000002
K= 1383
13.5818181819
K= 1384
4795.00481602
K= 1385
4864.63533187
K= 1386
4878.42378455
K= 1387
8619.0
K= 1388
8604.0
K= 1389
4802.75079365
K= 1390
322.875274725
K= 1391
4135.0
K= 1392
310.805230397
K= 1393
8839.0
K= 1394
19.8809523809
K= 1395
4009.63087434
K= 1396
4575.60230314
K= 1397
69.2999999999
K= 1398
126.5
K= 1399
4303.75
K= 1400
374.349758575
K= 1401
210.583333333
K= 1402
20.70392835
K= 1403
4824.42907648
K= 1404
8763.0
K= 1405
17.8779127307
K= 1406
4487.06666667
K= 1407
12.6000000001
K= 1408
4832.34975857
K= 1409
4824.97186147
K= 1410
4303.75
K= 1411
300.783237493
K= 1412
4611.83333333
K= 1413
4809.37476755
K= 1414
136.116883117
K= 1415
4312.0
K= 1416
75.3780386281
K= 1417
7.88632478635
K= 1418
4827.74550523
K= 1419
11.2000000001
K= 1420
3349.74171606
K= 1421
4863.90841009
K= 1422
11.4623880626
K= 1423
143.0
K= 1424
20.70392835
K= 1425
7.99670329678
K= 1426
153.5
K= 1427
4820.19880193
K= 1428
8339.69540745
K= 1429
4227.9962292
K= 1430
19.7497076023
K= 1431
4497.70392835
K= 1432
3572.17600341
K= 1433
11.011904762
K= 1434
4497.70392835
K= 1435
93.3214646465
K= 1436
4874.40428034
K= 1437
4832.64793117
K= 1438
20.20392835
K= 1439
586.450049278
K= 1440
4482.83333333
K= 1441
4135.0
K= 1442
11.6000000001
K= 1443
8558.75
K= 1444
221.755194805
K= 1445
4842.8015873
K= 1446
4171.0
K= 1447
8558.75
K= 1448
5404.76679433
K= 1449
189.583333333
K= 1450
103.345958761
K= 1451
9.86904761917
K= 1452
4465.0
K= 1453
14.8060818714
K= 1454
11.9095238097
K= 1455
1585.39445142
K= 1456
22.8611473902
K= 1457
8.3432900433
K= 1458
915.365905782
K= 1459
29.1857779624
K= 1460
323.885531135
K= 1461
4497.70392835
K= 1462
7.05650721828
K= 1463
4851.25079365
K= 1464
4497.70392835
K= 1465
8610.03571429
K= 1466
166.0
K= 1467
4497.70392835
K= 1468
4508.5
K= 1469
11.5952380954
K= 1470
20.70392835
K= 1471
607.0
K= 1472
126.5
K= 1473
127.5
K= 1474
8619.0
K= 1475
11.8500000001
K= 1476
6.2002886004
K= 1477
203.668377916
K= 1478
4455.75
K= 1479
4286.0
K= 1480
13.1491675267
K= 1481
140.583333333
K= 1482
4642.5
K= 1483
12.5166666667
K= 1484
4493.16190476
K= 1485
4568.0
K= 1486
4168.0
K= 1487
117.0
K= 1488
9.23888888885
K= 1489
12.5166666667
K= 1490
20.8617212175
K= 1491
7.2965811966
K= 1492
145.0
K= 1493
6.39363551489
K= 1494
4591.81377366
K= 1495
148.0
K= 1496
4135.0
K= 1497
4303.75
K= 1498
18.4718409586
K= 1499
13222.0
K= 1500
20.70392835
K= 1501
9.20952380961
K= 1502
4883.57857143
K= 1503
4916.4
K= 1504
10.6202380953
K= 1505
20.70392835
K= 1506
4869.65775362
K= 1507
9.16666666674
K= 1508
17678.0
K= 1509
4303.75
K= 1510
4303.75
K= 1511
4285.0
K= 1512
4400.53823743
K= 1513
4484.1
K= 1514
12.3261904763
K= 1515
4439.75079365
K= 1516
248.523809524
K= 1517
7124.74810325
K= 1518
325.286976912
K= 1519
317.532193031
K= 1520
4514.98609626
K= 1521
4303.75
K= 1522
50.2869103588
K= 1523
50.1005244754
K= 1524
27.5166666667
K= 1525
4497.70392835
K= 1526
122.583333333
K= 1527
15.8329670331
K= 1528
20.8705950166
K= 1529
20.70392835
K= 1530
25.4274107213
K= 1531
9.00718355714
K= 1532
8608.0
K= 1533
4840.90841009
K= 1534
4520.62982129
K= 1535
11.2530514682
K= 1536
4135.0
K= 1537
6.39136500773
K= 1538
8609.70192308
K= 1539
8.43571428582
K= 1540
6.24909812422
K= 1541
63.3521635181
K= 1542
4147.16666667
K= 1543
9.54166666663
K= 1544
12.8063492064
K= 1545
143.0
K= 1546
5.98491517943
K= 1547
8839.0
K= 1548
20.70392835
K= 1549
4610.75079365
K= 1550
8611.0
K= 1551
413.33030303
K= 1552
18.6380952382
K= 1553
4629.0
K= 1554
4802.75079365
K= 1555
286.0
K= 1556
9.21666666667
K= 1557
21.9988692611
K= 1558
19.1772301227
K= 1559
5109.79877132
K= 1560
20.70392835
K= 1561
4303.75
K= 1562
132.333333333
K= 1563
33.8526095805
K= 1564
138.0
K= 1565
5436.45357564
K= 1566
12.5166666668
K= 1567
5611.16222725
K= 1568
4612.41666667
K= 1569
19.6571428571
K= 1570
6.41699012986
K= 1571
4497.70392835
K= 1572
143.0
K= 1573
8965.0
K= 1574
6.79199381708
K= 1575
8612.0
K= 1576
9.9714285715
K= 1577
8839.0
K= 1578
14.3077380953
K= 1579
4881.12709235
K= 1580
20.0372616834
K= 1581
547.558961871
K= 1582
4552.2
K= 1583
4303.75
K= 1584
4303.75
K= 1585
503.61547619
K= 1586
9.83333333337
K= 1587
15.3288613692
K= 1588
6.0
K= 1589
3.47487301845
K= 1590
51.1484394348
K= 1591
4889.14880952
K= 1592
5283.50119469
K= 1593
4826.1580223
K= 1594
22.8611473901
K= 1595
4823.45400433
K= 1596
8839.0
K= 1597
8619.0
K= 1598
37.4390186021
K= 1599
17678.0
K= 1600
4303.75
K= 1601
11.8000000002
K= 1602
8839.0
K= 1603
12.4333333335
K= 1604
10.2249750252
K= 1605
4663.16511697
K= 1606
17220.0
K= 1607
170.0
K= 1608
10.7666666667
K= 1609
4303.75
K= 1610
16.9528138529
K= 1611
20.70392835
K= 1612
20.6764705882
K= 1613
6.45261437912
K= 1614
4135.0
K= 1615
4516.25566421
K= 1616
23.1855183704
K= 1617
4778.5007992
K= 1618
8.96869796887
K= 1619
4483.16904762
K= 1620
12.4666666668
K= 1621
12.5166666667
K= 1622
8627.86114739
K= 1623
8612.0
K= 1624
3069.16322398
K= 1625
4130.0
K= 1626
32.7809831317
K= 1627
12733.3333333
K= 1628
8094.22964436
K= 1629
4487.60634921
K= 1630
555.258333333
K= 1631
11967.5023088
K= 1632
4885.09292652
K= 1633
4917.9012987
K= 1634
4850.792288
K= 1635
9.34444444452
K= 1636
16.3267220281
K= 1637
164.0
K= 1638
4900.88255441
K= 1639
4778.5007992
K= 1640
17.3053724052
K= 1641
8520.0
K= 1642
4499.86114739
K= 1643
11.8500000001
K= 1644
8.9714285715
K= 1645
4878.42378455
K= 1646
4303.75
K= 1647
4610.75079365
K= 1648
11762.6833863
K= 1649
30.4257620451
K= 1650
4749.22568422
K= 1651
12.6000000001
K= 1652
4852.89208985
K= 1653
4652.29975887
K= 1654
4487.06419234
K= 1655
144.0
K= 1656
12.5166666668
K= 1657
13103.0
K= 1658
29.3038812946
K= 1659
7.97222222213
K= 1660
11.2000000001
K= 1661
4802.75079365
K= 1662
8619.0
K= 1663
4622.28309698
K= 1664
4878.57857143
K= 1665
8.55920329678
K= 1666
705.280596465
K= 1667
4497.70392835
K= 1668
20.70392835
K= 1669
4486.00718356
K= 1670
11.3155666945
K= 1671
4756.66517408
K= 1672
4135.0
K= 1673
4484.83888889
K= 1674
497.282142857
K= 1675
42.9098751094
K= 1676
45.0904761906
K= 1677
19.0
K= 1678
26.4298701298
K= 1679
8612.0
K= 1680
533.436869261
K= 1681
6.10039738193
K= 1682
362.352563137
K= 1683
4903.98344156
K= 1684
4874.40428034
K= 1685
8.71994949493
K= 1686
4303.75
K= 1687
20.70392835
K= 1688
12.5166666667
K= 1689
6.78333333344
K= 1690
34.0
K= 1691
12.1310457515
K= 1692
170.0
K= 1693
26.9907239563
K= 1694
8839.0
K= 1695
4135.0
K= 1696
362.623222686
K= 1697
317.709577922
K= 1698
439.628571429
K= 1699
10.0527777778
K= 1700
9648.32043977
K= 1701
4596.82378676
K= 1702
4895.9867683
K= 1703
12.6000000001
K= 1704
4497.70392835
K= 1705
4568.0
K= 1706
414.838465421
K= 1707
4489.00669856
K= 1708
7.69882478635
K= 1709
4497.70392835
K= 1710
4486.16904762
K= 1711
2891.53877916
K= 1712
442.213997114
K= 1713
4495.51666667
K= 1714
20.70392835
K= 1715
4802.75079365
K= 1716
8607.34533147
K= 1717
34.5288440725
K= 1718
12.4666666668
K= 1719
4092.51045524
K= 1720
9.3023809524
K= 1721
8612.0
K= 1722
15.5838744589
K= 1723
8610.0
K= 1724
13.4277777779
K= 1725
20.5237812912
K= 1726
384.982937106
K= 1727
8829.0
K= 1728
20.70392835
K= 1729
4692.58396068
K= 1730
4917.18333333
K= 1731
8594.0
K= 1732
4133.0
K= 1733
11.2000000001
K= 1734
6.65128933836
K= 1735
4872.42378455
K= 1736
4168.0
K= 1737
9.84444444452
K= 1738
4880.39484127
K= 1739
45.7580090661
K= 1740
9.0238095239
K= 1741
4600.88155857
K= 1742
4807.91401138
K= 1743
4922.06666667
K= 1744
10.9124854791
K= 1745
61.926536617
K= 1746
151.0
K= 1747
4868.37476755
K= 1748
7.58632478642
K= 1749
25.0333333334
K= 1750
4489.51666667
K= 1751
10.3084415586
K= 1752
112.0
K= 1753
4274.5
K= 1754
8611.0
K= 1755
9.28760822536
K= 1756
18.0
K= 1757
4838.50491862
K= 1758
4804.42785995
K= 1759
4737.19761905
K= 1760
11693.3580257
K= 1761
9.17777777789
K= 1762
7.40473688359
K= 1763
4822.19098124
K= 1764
10.7000000001
K= 1765
5017.57857143
K= 1766
188.583333333
K= 1767
4303.75
K= 1768
4486.15714286
K= 1769
9.15714285721
K= 1770
141.0
K= 1771
17.6888888889
K= 1772
4152.0
K= 1773
8619.0
K= 1774
20.70392835
K= 1775
8839.0
K= 1776
52.770779629
K= 1777
4520.0
K= 1778
136.0
K= 1779
4497.70392835
K= 1780
4755.953794
K= 1781
4890.30569986
K= 1782
21.9333333332
K= 1783
6.91302294203
K= 1784
4480.07892835
K= 1785
8610.0
K= 1786
4246.59967179
K= 1787
129.0
K= 1788
12.7452380953
K= 1789
4303.75
K= 1790
175.037347978
K= 1791
9.36590909096
K= 1792
8612.0
K= 1793
12.0166666667
K= 1794
6.85725838703
K= 1795
139.5
K= 1796
3976.87206466
K= 1797
15.7583466992
K= 1798
38.4185601396
K= 1799
34.7285714286
K= 1800
20.70392835
K= 1801
119.797619048
K= 1802
8563.0
K= 1803
4488.36666667
K= 1804
9.05238095252
K= 1805
11657.3570563
K= 1806
21.70392835
K= 1807
20.70392835
K= 1808
96.622529169
K= 1809
8.31190476194
K= 1810
20.70392835
K= 1811
18.875
K= 1812
8610.0
K= 1813
24.8444444445
K= 1814
9.1690476191
K= 1815
23.7865079364
K= 1816
4793.91794059
K= 1817
6621.21665551
K= 1818
9.82857142866
K= 1819
400.612988716
K= 1820
13444.4761905
K= 1821
8.4547619049
K= 1822
20.70392835
K= 1823
4802.75079365
K= 1824
4429.17586263
K= 1825
8619.0
K= 1826
9550.2288363
K= 1827
30.697764018
K= 1828
502.5406127
K= 1829
12.4095238096
K= 1830
144.0
K= 1831
76.7941308692
K= 1832
20.70392835
K= 1833
4872.42378455
K= 1834
4900.20508325
K= 1835
4486.83333333
K= 1836
5108.79877132
K= 1837
190.533333333
K= 1838
34.192436151
K= 1839
15.9952380953
K= 1840
8.83088098804
K= 1841
40.2433545985
K= 1842
66.7473002683
K= 1843
12.2666666667
K= 1844
4771.75141329
K= 1845
11.6000000001
K= 1846
20.70392835
K= 1847
8607.0
K= 1848
43.2007832445
K= 1849
12.0166666667
K= 1850
10.4952380953
K= 1851
4303.75
K= 1852
16.7779620544
K= 1853
4206.0
K= 1854
135.0
K= 1855
401.035707982
K= 1856
11.2000000001
K= 1857
4486.97142857
K= 1858
44.0635283425
K= 1859
4778.5007992
K= 1860
4303.75
K= 1861
4659.03333333
K= 1862
547.558961871
K= 1863
8551.0
K= 1864
24.5333333334
K= 1865
4852.64793117
K= 1866
41.88091133
K= 1867
148.0
K= 1868
4303.75
K= 1869
159.484848485
K= 1870
163.0
K= 1871
7.63864733151
K= 1872
15.0570112894
K= 1873
4303.75
K= 1874
6.22238766996
K= 1875
4607.52142857
K= 1876
8611.0
K= 1877
12.568518179
K= 1878
13.5
K= 1879
8.67662337667
K= 1880
130.647681843
K= 1881
8607.0
K= 1882
10.0416666666
K= 1883
12.5166666667
K= 1884
132.0
K= 1885
4485.71994949
K= 1886
11692.2394624
K= 1887
13.1166666667
K= 1888
11.8000000002
K= 1889
374.349758575
K= 1890
8839.0
K= 1891
4590.0
K= 1892
9.71904761915
K= 1893
8619.0
K= 1894
4489.13519438
K= 1895
455.25
K= 1896
4622.0
K= 1897
4857.62041523
K= 1898
5108.79877132
K= 1899
9.86904761917
K= 1900
213.76037336
K= 1901
4463.0
K= 1902
9.22222222213
K= 1903
4133.36017094
K= 1904
3033.68215639
K= 1905
7.30730837805
K= 1906
20.20392835
K= 1907
23.7000142087
K= 1908
4485.97510823
K= 1909
28.366334176
K= 1910
10.6063492064
K= 1911
11.8666666667
K= 1912
8.30238095252
K= 1913
20.7039283499
K= 1914
533.011904762
K= 1915
325.465079365
K= 1916
4665.58333333
K= 1917
20.70392835
K= 1918
6.86159844068
K= 1919
4900.80120624
K= 1920
4871.06951786
K= 1921
4822.19098124
K= 1922
189.583333333
K= 1923
5146.52973088
K= 1924
7.18924115109
K= 1925
10.6380952381
K= 1926
4169.0
K= 1927
499.117460318
K= 1928
5737.52605257
K= 1929
9.20952380961
K= 1930
118.785569514
K= 1931
22.0451989347
K= 1932
878.16270902
K= 1933
4842.8015873
K= 1934
144.0
K= 1935
139.0
K= 1936
63.858041705
K= 1937
20.4834325397
K= 1938
12.6000000001
K= 1939
11.3666666667
K= 1940
4558.0
K= 1941
33.8065336477
K= 1942
4816.61105245
K= 1943
178.711764799
K= 1944
8612.0
K= 1945
4596.0
K= 1946
10.0666666667
K= 1947
27.861823087
K= 1948
4516.23214286
K= 1949
30.3556571929
K= 1950
407.63807588
K= 1951
4802.75079365
K= 1952
4303.75
K= 1953
4881.26111111
K= 1954
7.0207929326
K= 1955
4380.0
K= 1956
415.422424668
K= 1957
6.29883289116
K= 1958
21.0237812911
K= 1959
597.631666667
K= 1960
383.676360228
K= 1961
20.70392835
K= 1962
4485.20995671
K= 1963
11.4285714286
K= 1964
4905.21468254
K= 1965
7.68895636522
K= 1966
4303.75
K= 1967
165.0
K= 1968
4878.08678168
K= 1969
307.994047619
K= 1970
205.9
K= 1971
60.1649161222
K= 1972
4872.42378455
K= 1973
210.583333333
K= 1974
4135.0
K= 1975
4135.0
K= 1976
38.3260622545
K= 1977
776.616275391
K= 1978
4778.5007992
K= 1979
8959.89844386
K= 1980
172.2
K= 1981
9.31904761912
K= 1982
20.7039283499
K= 1983
9594.2142903
K= 1984
108.0
K= 1985
12.4333333335
K= 1986
4506.87326433
K= 1987
2859.72511699
K= 1988
82.6557197593
K= 1989
4135.0
K= 1990
4486.16190476
K= 1991
4845.29975887
K= 1992
178.583333333
K= 1993
24.7166666667
K= 1994
5108.79877132
K= 1995
210.583333333
K= 1996
4842.8015873
K= 1997
20.7023809524
K= 1998
8.21994949493
K= 1999
20.70392835
K= 2000
10.161904762
K= 2001
4885.57857143
K= 2002
4850.792288
K= 2003
4303.75
K= 2004
4964.08333333
K= 2005
12.4095238096
K= 2006
284.0
K= 2007
4696.5801369
K= 2008
5017.57857143
K= 2009
146.0
K= 2010
6.97150721832
K= 2011
111.5
K= 2012
11.4
K= 2013
7.27257448446
K= 2014
7.33003663016
K= 2015
4802.75079365
K= 2016
113.284482758
K= 2017
33.5931858631
K= 2018
20.1992424242
K= 2019
12.6000000001
K= 2020
11.5952380954
K= 2021
12.5166666667
K= 2022
4577.5007992
K= 2023
8.0166666666
K= 2024
4590.25
K= 2025
1402.07359529
K= 2026
4802.75079365
K= 2027
486.75
K= 2028
11.8000000002
K= 2029
4873.79404762
K= 2030
24.0886904761
K= 2031
6.67340067367
K= 2032
17928.6956422
K= 2033
26.8666666667
K= 2034
4916.21904762
K= 2035
4904.8547619
K= 2036
39.3142807385
K= 2037
113.0
K= 2038
5009.92857143
K= 2039
4135.0
K= 2040
65.3636016764
K= 2041
4303.75
K= 2042
43.0702157905
K= 2043
3776.99561171
K= 2044
54.3780386281
K= 2045
227.0
K= 2046
8607.75
K= 2047
19.6571428571
K= 2048
8619.0
K= 2049
24.5333333334
K= 2050
20.70392835
K= 2051
8558.75
K= 2052
4497.66045009
K= 2053
4497.70392835
K= 2054
20.70392835
K= 2055
8532.0
K= 2056
420.145815296
K= 2057
4840.90841009
K= 2058
18.1407894737
K= 2059
11648.5395363
K= 2060
4834.792288
K= 2061
662.703753538
K= 2062
10.6718725719
K= 2063
10.0666666667
K= 2064
4878.42378455
K= 2065
4134.0
K= 2066
9.26666666672
K= 2067
33.0643841188
K= 2068
398.138387021
K= 2069
4553.87326433
K= 2070
11678.6194996
K= 2071
11.8000000002
K= 2072
7.29848484858
K= 2073
3696.44211922
K= 2074
20.20392835
K= 2075
4826.74550523
K= 2076
20.70392835
K= 2077
169.15
K= 2078
12.5166666667
K= 2079
8839.0
K= 2080
4860.7711154
K= 2081
9.17662337667
K= 2082
4877.78316579
K= 2083
4484.5156746
K= 2084
44.0635283425
K= 2085
19.6764705882
K= 2086
5108.79877132
K= 2087
18244.9869048
K= 2088
4867.36959443
K= 2089
53.7440476191
K= 2090
20.0704074152
K= 2091
5355.09536869
K= 2092
4889.69489699
K= 2093
491.0
K= 2094
306.366595833
K= 2095
8964.07142857
K= 2096
362.797678148
K= 2097
18.2388546685
K= 2098
465.766666666
K= 2099
4810.42378455
K= 2100
8839.0
K= 2101
318.122141156
K= 2102
4135.0
K= 2103
4633.0
K= 2104
207.583333333
K= 2105
8597.0
K= 2106
4913.16666667
K= 2107
4832.34975857
K= 2108
2799.70298627
K= 2109
4491.71428571
K= 2110
630.887916694
K= 2111
4485.8014763
K= 2112
8839.0
K= 2113
10.0952380953
K= 2114
17.4550000001
K= 2115
4893.02222222
K= 2116
14.5995310245
K= 2117
8839.0
K= 2118
8.21507936495
K= 2119
61.7269230769
K= 2120
4135.0
K= 2121
8619.0
K= 2122
17.447936508
K= 2123
4631.0
K= 2124
141.237355152
K= 2125
4273.5827155
K= 2126
8839.0
K= 2127
212.422619048
K= 2128
378.724423307
K= 2129
4401.33333333
K= 2130
20.70392835
K= 2131
11.8500000001
K= 2132
4615.0
K= 2133
39.8185185186
K= 2134
21.5526695527
K= 2135
4511.28334524
K= 2136
4303.75
K= 2137
30.3556571929
K= 2138
41.033283383
K= 2139
4303.75
K= 2140
4484.40972222
K= 2141
363.901343419
K= 2142
4303.75
K= 2143
4497.19924242
K= 2144
4497.70392835
K= 2145
416.133193277
K= 2146
4892.62946311
K= 2147
4483.86904762
K= 2148
360.59294723
K= 2149
4485.65714286
K= 2150
8612.0
K= 2151
4862.51201715
K= 2152
4168.0
K= 2153
4206.0
K= 2154
177.4
K= 2155
4303.75
K= 2156
20.70392835
K= 2157
20.70392835
K= 2158
4835.19098124
K= 2159
9315.16666667
K= 2160
4672.1580223
K= 2161
54.3155097254
K= 2162
10.0416666666
K= 2163
10.2690476191
K= 2164
8.86904761917
K= 2165
4906.26468254
K= 2166
11.8666666667
K= 2167
429.126190476
K= 2168
4620.0
K= 2169
4643.0
K= 2170
5.45000000007
K= 2171
8606.5
K= 2172
12.9095238096
K= 2173
6588.5837811
K= 2174
5240.13783309
K= 2175
20.70392835
K= 2176
7.83104575158
K= 2177
11.3666666667
K= 2178
4135.0
K= 2179
19.6764705882
K= 2180
13.5524093697
K= 2181
4626.0
K= 2182
29.4401449274
K= 2183
11.8666666667
K= 2184
4497.70392835
K= 2185
8839.0
K= 2186
8612.0
K= 2187
18.6524495457
K= 2188
4792.83852814
K= 2189
4632.0
K= 2190
131.588261738
K= 2191
3882.01336216
K= 2192
12.4095238096
K= 2193
16658.3333333
K= 2194
20.70392835
K= 2195
4141.5
K= 2196
4917.59047619
K= 2197
14.3000000002
K= 2198
11.2000000001
K= 2199
37.3524031525
K= 2200
399.785061867
K= 2201
4785.0
K= 2202
8839.0
K= 2203
20.9904761905
K= 2204
4457.44105976
K= 2205
8.35317460308
K= 2206
4570.75079365
K= 2207
4569.0
K= 2208
20.70392835
K= 2209
4870.3740716
K= 2210
467.016666667
K= 2211
5108.79877132
K= 2212
982.817104063
K= 2213
4303.75
K= 2214
321.225684222
K= 2215
5207.3160446
K= 2216
6069.68770703
K= 2217
20.70392835
K= 2218
7.952991453
K= 2219
4303.75
K= 2220
8839.0
K= 2221
4497.70392835
K= 2222
12743.0
K= 2223
35.361156589
K= 2224
13513.4445896
K= 2225
4849.43158369
K= 2226
4497.70392835
K= 2227
4303.75
K= 2228
17916.1077179
K= 2229
0.0
K= 2230
4835.40379998
K= 2231
19.5815628816
K= 2232
26.8631543124
K= 2233
4732.5007992
K= 2234
150.583333333
K= 2235
4135.0
K= 2236
8839.0
K= 2237
9.31682990922
K= 2238
116.0
K= 2239
231.608195583
K= 2240
20.70392835
K= 2241
379.183820672
K= 2242
18.6888888889
K= 2243
4135.0
K= 2244
4882.8015873
K= 2245
7.56277056271
K= 2246
7.10590781772
K= 2247
10.5721611723
K= 2248
12.5166666667
K= 2249
7.0
K= 2250
730.445963515
K= 2251
2561.07571723
K= 2252
4135.0
K= 2253
5623.77538868
K= 2254
17.5333333334
K= 2255
49.7443181819
K= 2256
327.13930581
K= 2257
8619.0
K= 2258
4135.0
K= 2259
4497.70392835
K= 2260
8839.0
K= 2261
8.41904761922
K= 2262
8619.0
K= 2263
20.70392835
K= 2264
12.5166666667
K= 2265
12.2666666667
K= 2266
25.3106442578
K= 2267
8562.5
K= 2268
9.57406841533
K= 2269
4484.0
K= 2270
12.6000000001
K= 2271
4797.12952742
K= 2272
401.185077698
K= 2273
4605.09749695
K= 2274
94.7398259885
K= 2275
4819.64637882
K= 2276
6.04026196024
K= 2277
8618.0
K= 2278
202.75
K= 2279
20.70392835
K= 2280
4701.75833333
K= 2281
8602.0
K= 2282
8.22943722946
K= 2283
16.1630144365
K= 2284
9.25277777785
K= 2285
4497.10602814
K= 2286
9.92857142864
K= 2287
142.0
K= 2288
20.70392835
K= 2289
429.086904762
K= 2290
4936.44355644
K= 2291
21.75
K= 2292
4822.19098124
K= 2293
8619.0
K= 2294
4609.75079365
K= 2295
134.0
K= 2296
2765.13595006
K= 2297
4135.0
K= 2298
20.70392835
K= 2299
11.5952380954
K= 2300
8839.0
K= 2301
4890.65511888
K= 2302
19.7619047619
K= 2303
4486.00718356
K= 2304
190.533333333
K= 2305
4810.42378455
K= 2306
7.24670329678
K= 2307
164.0
K= 2308
156.083333333
K= 2309
4482.75623317
K= 2310
4839.0
K= 2311
8619.0
K= 2312
184.616666667
K= 2313
20.70392835
K= 2314
4810.42378455
K= 2315
4798.89218918
K= 2316
2.0
K= 2317
503.984025974
K= 2318
8.79855232488
K= 2319
481.912360798
K= 2320
27.5166666667
K= 2321
4852.06951786
K= 2322
772.277934288
K= 2323
3392.95011519
K= 2324
466.147730562
K= 2325
9.6166666667
K= 2326
4488.2
K= 2327
4872.42378455
K= 2328
4587.93832973
K= 2329
8612.0
K= 2330
4485.12662338
K= 2331
41.4663840674
K= 2332
241.575595238
K= 2333
14.8468253969
K= 2334
11.8666666667
K= 2335
11.3666666667
K= 2336
4604.0
K= 2337
21.0127253419
K= 2338
5703.34813402
K= 2339
9366.50727595
K= 2340
166.0
K= 2341
4303.75
K= 2342
25.0666666667
K= 2343
321.225684222
K= 2344
4610.75079365
K= 2345
4135.0
K= 2346
1258.50909718
K= 2347
31.9116123092
K= 2348
4666.53333333
K= 2349
8612.0
K= 2350
8839.0
Betweenness Centrality Improvement
[ 21.60340189   9.26666667  12.40952381 ...,   0.           0.           0.        ]
Top 20 BC Improvement
[2087 2032 2228 1508 1599 1606 1217 2193 2224  681 1820 1499 1657 2222 1627
  416 1631 1648  364 1760]
