txValue= 10000
IGRAPH D--- 4619 68733 -- 
+ attr: pub_key (v), base_fee (e), capacity (e), fee_rate (e), txCost (e)
None
Our nodes starting connections: 
(4618, 2796)
(4618, 1223)
K= 2350
8827.0
K= 2351
8.51981351979
K= 2352
4535.0
K= 2353
8625.0
K= 2354
4742.17632479
K= 2355
16.2825757576
K= 2356
133.0
K= 2357
4494.28257576
K= 2358
38.078144078
K= 2359
4519.0
K= 2360
4355.89232342
K= 2361
16.2825757576
K= 2362
4747.8984127
K= 2363
4505.4967847
K= 2364
39.1413127412
K= 2365
412.605555556
K= 2366
27.5985653234
K= 2367
13.0499999999
K= 2368
5.97738095222
K= 2369
8619.0
K= 2370
7.76666666672
K= 2371
4164.0
K= 2372
12.1637426901
K= 2373
110.0
K= 2374
8.5
K= 2375
4587.0
K= 2376
5423.62764491
K= 2377
20.3450757576
K= 2378
4367.0
K= 2379
4588.0
K= 2380
325.475
K= 2381
4196.0
K= 2382
10804.2552898
K= 2383
16.2825757576
K= 2384
6.79397843499
K= 2385
16.0381108056
K= 2386
9.0080808081
K= 2387
7901.58333333
K= 2388
13.7047619048
K= 2389
4833.85833333
K= 2390
76.0
K= 2391
4538.34285714
K= 2392
8.33333333337
K= 2393
142.827380952
K= 2394
4714.23514166
K= 2395
4494.28257576
K= 2396
256.308404518
K= 2397
16.2825757576
K= 2398
25.4222525551
K= 2399
5.73571428563
K= 2400
4576.0
K= 2401
4587.0
K= 2402
4792.82092989
K= 2403
108.0
K= 2404
8827.0
K= 2405
110.0
K= 2406
8.5
K= 2407
7.76666666672
K= 2408
4363.51087753
K= 2409
95.0833333334
K= 2410
16.4936507937
K= 2411
7.5
K= 2412
4484.54285714
K= 2413
4707.82320422
K= 2414
3.62539682537
K= 2415
8670.0
K= 2416
61.8903447537
K= 2417
16.8333333333
K= 2418
13149.0530133
K= 2419
4484.56666667
K= 2420
75.7071428571
K= 2421
243.333333333
K= 2422
4327.55078198
K= 2423
8557.0
K= 2424
4367.0
K= 2425
0.0999999999767
K= 2426
4885.05
K= 2427
4484.56666667
K= 2428
8669.5
K= 2429
137.25
K= 2430
100.0
K= 2431
571.428783614
K= 2432
3.8098039215
K= 2433
13.5847222222
K= 2434
7902.01190476
K= 2435
4486.61688312
K= 2436
4810.29107143
K= 2437
4412.84039409
K= 2438
77.4
K= 2439
4483.63571429
K= 2440
291.561715868
K= 2441
9650.97142857
K= 2442
8.41666666663
K= 2443
16.2825757576
K= 2444
7.76666666672
K= 2445
4480.16666667
K= 2446
3.09102934087
K= 2447
312.189935065
K= 2448
4951.86638679
K= 2449
10.5095238095
K= 2450
4525.0
K= 2451
5423.57764491
K= 2452
5.29349246935
K= 2453
253.6
K= 2454
21.7520445053
K= 2455
4367.0
K= 2456
8827.0
K= 2457
15.1539483634
K= 2458
4.3748538011
K= 2459
127.0
K= 2460
16.2825757576
K= 2461
32.0
K= 2462
8988.06049784
K= 2463
8.41666666663
K= 2464
8827.0
K= 2465
4760.241187
K= 2466
328.731421356
K= 2467
4615.25
K= 2468
4.30299145298
K= 2469
16.2825757576
K= 2470
4805.7640785
K= 2471
4481.74959917
K= 2472
7.76666666672
K= 2473
4196.0
K= 2474
16.8333333333
K= 2475
3.56863312109
K= 2476
4.73571428563
K= 2477
75.2690476191
K= 2478
15.7550856902
K= 2479
4481.18859649
K= 2480
4485.33333333
K= 2481
4577.0
K= 2482
4714.23514166
K= 2483
4494.28257576
K= 2484
4779.74525524
K= 2485
20.5188454089
K= 2486
8827.0
K= 2487
11.6671568627
K= 2488
8.41666666663
K= 2489
63.7799736814
K= 2490
113.15
K= 2491
4555.8984127
K= 2492
6.38489190536
K= 2493
8.33333333337
K= 2494
8612.0
K= 2495
16.2825757576
K= 2496
7904.06606452
K= 2497
4494.28257576
K= 2498
4367.0
K= 2499
6.52500000002
K= 2500
16.2825757576
K= 2501
16.2825757576
K= 2502
8653.0
K= 2503
5.97738095233
K= 2504
16.2825757576
K= 2505
4494.28257576
K= 2506
5.50404040387
K= 2507
16.2825757576
K= 2508
22.127020202
K= 2509
4821.76785714
K= 2510
4484.33333333
K= 2511
111.111111111
K= 2512
469.248412698
K= 2513
4725.28914813
K= 2514
4301.66666667
K= 2515
4510.0
K= 2516
190.0
K= 2517
28.57685725
K= 2518
6.08942811575
K= 2519
16.2825757576
K= 2520
33.8142857143
K= 2521
4480.87277537
K= 2522
3.70782861626
K= 2523
109.0
K= 2524
4481.10433723
K= 2525
8.41666666663
K= 2526
4729.44761111
K= 2527
2273.38952764
K= 2528
5.87586580089
K= 2529
4854.85
K= 2530
4790.18993506
K= 2531
16.2825757576
K= 2532
2762.89718334
K= 2533
4888.40793651
K= 2534
4.58096348087
K= 2535
4580.20110055
K= 2536
8646.0
K= 2537
137.25
K= 2538
4587.0
K= 2539
325.935757286
K= 2540
109.0
K= 2541
16.2825757576
K= 2542
4395.45396825
K= 2543
56.9965218743
K= 2544
8625.0
K= 2545
4810.47222222
K= 2546
4809.00198413
K= 2547
4803.9797619
K= 2548
86.0
K= 2549
4490.66666667
K= 2550
8827.0
K= 2551
4367.0
K= 2552
4196.0
K= 2553
7.57000970165
K= 2554
3812.69421811
K= 2555
248.862452805
K= 2556
2757.2876084
K= 2557
4545.0
K= 2558
4495.03024892
K= 2559
3264.22101259
K= 2560
137.25
K= 2561
4.29273504263
K= 2562
16.0449783549
K= 2563
14.0553221288
K= 2564
129.25
K= 2565
17654.0
K= 2566
10.5705128205
K= 2567
8673.0
K= 2568
105.0
K= 2569
106.0
K= 2570
4552.8984127
K= 2571
311.632555761
K= 2572
4826.72748918
K= 2573
8675.0
K= 2574
6.54285714275
K= 2575
7.84555074549
K= 2576
261.830299629
K= 2577
4354.39292929
K= 2578
8827.0
K= 2579
8826.0
K= 2580
8674.0
K= 2581
18.0088462263
K= 2582
4.66666666663
K= 2583
4575.16666667
K= 2584
6.4769230769
K= 2585
379.797347075
K= 2586
8826.0
K= 2587
4805.93479854
K= 2588
18.3333333333
K= 2589
114.534046346
K= 2590
16.5844065518
K= 2591
4677.15276849
K= 2592
25.3506839188
K= 2593
5.94329004316
K= 2594
16.2825757576
K= 2595
74.2595238094
K= 2596
4555.8984127
K= 2597
3160.7544901
K= 2598
137.25
K= 2599
4410.0
K= 2600
299.316876179
K= 2601
322.81042239
K= 2602
7901.15
K= 2603
4844.16190476
K= 2604
3594.65763165
K= 2605
724.441861403
K= 2606
109.0
K= 2607
4367.0
K= 2608
13.7440476191
K= 2609
4585.0
K= 2610
316.963437203
K= 2611
60.2273421024
K= 2612
16.2538942052
K= 2613
13.1333333333
K= 2614
319.989010811
K= 2615
4711.11591941
K= 2616
5.64285714284
K= 2617
4714.23514166
K= 2618
4484.525
K= 2619
8827.0
K= 2620
4196.0
K= 2621
109.0
K= 2622
5.61904761894
K= 2623
17.0302489178
K= 2624
5.61263736256
K= 2625
4991.86063354
K= 2626
4771.0
K= 2627
8674.11111111
K= 2628
15.5070961717
K= 2629
13.9698773448
K= 2630
4786.24694404
K= 2631
4499.78216448
K= 2632
4141.68566774
K= 2633
8827.0
K= 2634
4991.86063354
K= 2635
8663.0
K= 2636
4799.58092296
K= 2637
322.73731999
K= 2638
111.65
K= 2639
4747.8984127
K= 2640
4494.28257576
K= 2641
4367.0
K= 2642
255.894759311
K= 2643
8.41666666663
K= 2644
8657.0
K= 2645
7892.21428571
K= 2646
8.5
K= 2647
4801.18333333
K= 2648
7.76666666672
K= 2649
93.0
K= 2650
4808.36071429
K= 2651
4486.36666667
K= 2652
4609.60405983
K= 2653
5.63888888876
K= 2654
135.0
K= 2655
5.53333333321
K= 2656
2216.8756706
K= 2657
106.0
K= 2658
22.3202159564
K= 2659
4700.32345968
K= 2660
323.014022628
K= 2661
83.7801022077
K= 2662
4555.8984127
K= 2663
7.98598265706
K= 2664
4476.0
K= 2665
4728.36235986
K= 2666
372.621703297
K= 2667
25.4508239838
K= 2668
6.54285714275
K= 2669
347.208002829
K= 2670
16.1575757576
K= 2671
19.3378920446
K= 2672
8827.0
K= 2673
4761.241187
K= 2674
7.58333333337
K= 2675
28.9885492116
K= 2676
314.862791783
K= 2677
1.05726833548
K= 2678
4555.8984127
K= 2679
97.0
K= 2680
4196.0
K= 2681
463.248412698
K= 2682
7902.42135595
K= 2683
4367.0
K= 2684
4367.0
K= 2685
4483.75
K= 2686
8625.0
K= 2687
4367.0
K= 2688
16.3333333333
K= 2689
4761.241187
K= 2690
173.177036341
K= 2691
8669.0
K= 2692
4524.0
K= 2693
138.604700855
K= 2694
4789.6537851
K= 2695
4583.241187
K= 2696
22.0888888889
K= 2697
4747.8984127
K= 2698
8.33333333337
K= 2699
7.5
K= 2700
16.2825757576
K= 2701
4811.3086599
K= 2702
6.54285714275
K= 2703
18.4548663325
K= 2704
8500.0
K= 2705
8.3666666667
K= 2706
7.5
K= 2707
8552.0
K= 2708
4547.06059219
K= 2709
16.2825757576
K= 2710
76.4652597402
K= 2711
8656.0
K= 2712
2550.74257723
K= 2713
5.99523809506
K= 2714
4.22782119841
K= 2715
28.2079365079
K= 2716
4778.88571429
K= 2717
8644.0
K= 2718
8.35941520461
K= 2719
18.9242424242
K= 2720
4555.8984127
K= 2721
114.0
K= 2722
699.873412698
K= 2723
4196.0
K= 2724
8625.0
K= 2725
143.048913952
K= 2726
38.2326298701
K= 2727
4560.0
K= 2728
4486.41666667
K= 2729
269.898412698
K= 2730
318.241186999
K= 2731
4775.71061552
K= 2732
4766.43660165
K= 2733
4481.35177404
K= 2734
4818.88571429
K= 2735
8674.0
K= 2736
104.0
K= 2737
4494.28257576
K= 2738
553.0
K= 2739
17.0302489178
K= 2740
137.25
K= 2741
15.0017076386
K= 2742
4.50404040387
K= 2743
16.2825757576
K= 2744
11.0
K= 2745
37.5
K= 2746
4367.0
K= 2747
25.9673505297
K= 2748
4761.241187
K= 2749
4830.71190476
K= 2750
21.4847799542
K= 2751
4494.28257576
K= 2752
16.2825757576
K= 2753
87.0
K= 2754
8668.0
K= 2755
3772.01295678
K= 2756
4807.125
K= 2757
25.0418603894
K= 2758
295.655664933
K= 2759
8827.0
K= 2760
464.248412698
K= 2761
8.41666666663
K= 2762
4786.17203777
K= 2763
23.611111111
K= 2764
4741.241187
K= 2765
4.28489190538
K= 2766
121.25
K= 2767
4786.20110055
K= 2768
3.84491978609
K= 2769
4683.17599206
K= 2770
8671.0
K= 2771
4566.0
K= 2772
5.97255892248
K= 2773
4480.26129785
K= 2774
14.3953703704
K= 2775
8827.0
K= 2776
4483.54693936
K= 2777
3089.64087052
K= 2778
4828.22619048
K= 2779
4423.0
K= 2780
8.41666666663
K= 2781
8.3666666667
K= 2782
25.2022347535
K= 2783
8.54835164826
K= 2784
4563.0
K= 2785
314.757421119
K= 2786
4494.28257576
K= 2787
8825.0
K= 2788
8.64444444445
K= 2789
3.75503662997
K= 2790
8.32219235727
K= 2791
8674.0
K= 2792
8674.0
K= 2793
25.4508239838
K= 2794
8.30952380947
K= 2795
16.2825757576
K= 2796
0.0
K= 2797
17.3214285714
K= 2798
3.9925366299
K= 2799
27.1449665944
K= 2800
10.3666666667
K= 2801
5423.12764491
K= 2802
8672.0
K= 2803
6.76720895339
K= 2804
4367.0
K= 2805
3.80049117538
K= 2806
4494.28257576
K= 2807
7.76666666672
K= 2808
16.2825757576
K= 2809
15.5991280061
K= 2810
4803.91273449
K= 2811
8.41666666663
K= 2812
184.066507665
K= 2813
547.082575757
K= 2814
4565.0
K= 2815
4367.0
K= 2816
6.65203293436
K= 2817
133.5
K= 2818
8667.0
K= 2819
4486.36666667
K= 2820
4519.39115972
K= 2821
4196.0
K= 2822
107.0
K= 2823
4570.0
K= 2824
5.78571428568
K= 2825
113.941963109
K= 2826
12.5368862459
K= 2827
8458.0
K= 2828
15.2974358974
K= 2829
6.25867446384
K= 2830
4555.8984127
K= 2831
4367.0
K= 2832
4535.0
K= 2833
4494.28257576
K= 2834
4486.41666667
K= 2835
8827.0
K= 2836
14658.5
K= 2837
344.660129766
K= 2838
4991.86063354
K= 2839
6124.27513595
K= 2840
4483.97738095
K= 2841
4850.25
K= 2842
414.712085137
K= 2843
134.75
K= 2844
5.85238095222
K= 2845
4360.0
K= 2846
96.8333333334
K= 2847
16.7087243837
K= 2848
8.45442335436
K= 2849
2964.52980553
K= 2850
6.56666666665
K= 2851
107.0
K= 2852
306.689950002
K= 2853
8674.0
K= 2854
10.5327082073
K= 2855
4468.06474616
K= 2856
8953.86007326
K= 2857
106.0
K= 2858
6124.27513595
K= 2859
4.48122710607
K= 2860
552.0
K= 2861
32.5651515152
K= 2862
4506.0
K= 2863
5713.93223487
K= 2864
16.2825757576
K= 2865
5029.49963192
K= 2866
4196.0
K= 2867
312.314442312
K= 2868
15.3606060606
K= 2869
8.39835486142
K= 2870
4483.73571429
K= 2871
253.758059797
K= 2872
4750.17203777
K= 2873
308.201100547
K= 2874
38.2326298701
K= 2875
326.383123278
K= 2876
4494.28257576
K= 2877
16.2825757576
K= 2878
16.2825757576
K= 2879
17.0302489178
K= 2880
4495.03024892
K= 2881
8674.0
K= 2882
260.943389742
K= 2883
4871.1
K= 2884
129.25
K= 2885
6452.07307022
K= 2886
17.0302489178
K= 2887
136.25
K= 2888
27.3018620267
K= 2889
16.1038054033
K= 2890
8.41666666663
K= 2891
8.41666666663
K= 2892
16.2825757576
K= 2893
503.482575757
K= 2894
4367.0
K= 2895
106.0
K= 2896
17334.0
K= 2897
354.74981596
K= 2898
288.5
K= 2899
223.567822821
K= 2900
110.0
K= 2901
8669.0
K= 2902
4587.0
K= 2903
38.2326298701
K= 2904
16.2825757576
K= 2905
8646.0
K= 2906
4196.0
K= 2907
7902.70905029
K= 2908
110.0
K= 2909
4527.5
K= 2910
699.250332518
K= 2911
4481.0162824
K= 2912
107.0
K= 2913
23.9830659536
K= 2914
4747.8984127
K= 2915
4741.91273449
K= 2916
8.41666666663
K= 2917
127.25
K= 2918
4805.70452919
K= 2919
3.37862318836
K= 2920
4494.28257576
K= 2921
8827.0
K= 2922
4844.78809524
K= 2923
16.2825757576
K= 2924
20.0813725491
K= 2925
5.78571428568
K= 2926
274.5
K= 2927
4596.0
K= 2928
133.0
K= 2929
4.30833333323
K= 2930
32.5850593852
K= 2931
9.44363636361
K= 2932
4494.28257576
K= 2933
4761.241187
K= 2934
7.33333333337
K= 2935
367.547240602
K= 2936
17.0302489178
K= 2937
8.30952380947
K= 2938
201.836378491
K= 2939
35.4647772447
K= 2940
5.97738095222
K= 2941
4429.0
K= 2942
48.9047026453
K= 2943
8.41666666663
K= 2944
8.07460317446
K= 2945
4515.23514166
K= 2946
4196.0
K= 2947
4608.241187
K= 2948
7.76666666672
K= 2949
16.2825757576
K= 2950
4519.0
K= 2951
16.8333333333
K= 2952
110.0
K= 2953
464.248412698
K= 2954
4615.15241425
K= 2955
4.721102971
K= 2956
4367.0
K= 2957
4396.9774531
K= 2958
4196.0
K= 2959
30.2139767237
K= 2960
4614.11213644
K= 2961
5258.78296864
K= 2962
16.2825757576
K= 2963
4608.25
K= 2964
323.609666154
K= 2965
2.44999999995
K= 2966
8672.0
K= 2967
32.5651515152
K= 2968
153.159670812
K= 2969
8674.0
K= 2970
4196.0
K= 2971
4751.15572145
K= 2972
4367.0
K= 2973
8.16666666663
K= 2974
5.0625
K= 2975
16.2825757576
K= 2976
251.094441202
K= 2977
238.376262626
K= 2978
4457.0
K= 2979
16.2825757576
K= 2980
8.41666666663
K= 2981
4417.0
K= 2982
16.2825757576
K= 2983
8.41666666663
K= 2984
17.0302489178
K= 2985
8652.0
K= 2986
4.37777777761
K= 2987
8665.0
K= 2988
4747.8984127
K= 2989
4555.8984127
K= 2990
110.0
K= 2991
4367.0
K= 2992
16.2825757576
K= 2993
7.76666666672
K= 2994
6.0
K= 2995
4485.76666667
K= 2996
107.9
K= 2997
2612.84119981
K= 2998
4735.58912468
K= 2999
4484.56666667
K= 3000
9.0
K= 3001
4195.0
K= 3002
8.3666666667
K= 3003
5.76111111103
K= 3004
4829.23571429
K= 3005
252.448455186
K= 3006
7.76666666672
K= 3007
4747.8984127
K= 3008
10.9734432234
K= 3009
28.9885492116
K= 3010
4803.91273449
K= 3011
532.674523544
K= 3012
4634.45
K= 3013
6.66631864861
K= 3014
16.2825757576
K= 3015
4790.18993506
K= 3016
4196.0
K= 3017
3.13374899665
K= 3018
18.864320518
K= 3019
8668.0
K= 3020
4484.76666667
K= 3021
4636.6537851
K= 3022
11.2252747252
K= 3023
4833.43065998
K= 3024
335.953250916
K= 3025
119.690139355
K= 3026
22.214008214
K= 3027
4766.54167222
K= 3028
5.66388888878
K= 3029
4519.0
K= 3030
4463.0
K= 3031
335.575
K= 3032
28.7907407407
K= 3033
20.1572536509
K= 3034
288.5
K= 3035
7.76666666672
K= 3036
271.898412698
K= 3037
8827.0
K= 3038
4486.41666667
K= 3039
8.33333333337
K= 3040
7.76666666672
K= 3041
4555.8984127
K= 3042
4760.4531618
K= 3043
4555.8984127
K= 3044
8623.0
K= 3045
5.12113019126
K= 3046
4481.09102934
K= 3047
7.21562881558
K= 3048
4482.73181818
K= 3049
17.0302489178
K= 3050
349.471825397
K= 3051
6.16899766901
K= 3052
16.2825757576
K= 3053
7903.37086288
K= 3054
4483.96349206
K= 3055
4196.0
K= 3056
16.2825757576
K= 3057
4367.0
K= 3058
350.169444444
K= 3059
16.2825757576
K= 3060
4494.28257576
K= 3061
4814.83681874
K= 3062
144.9
K= 3063
4761.8
K= 3064
4196.0
K= 3065
4367.0
K= 3066
4561.0
K= 3067
16.6666666665
K= 3068
3.65129266854
K= 3069
137.25
K= 3070
4786.20110055
K= 3071
7.76666666672
K= 3072
8674.0
K= 3073
8827.0
K= 3074
8827.0
K= 3075
4.21247592987
K= 3076
6.56666666665
K= 3077
11.0158730157
K= 3078
8674.0
K= 3079
4778.88571429
K= 3080
6.56666666665
K= 3081
108.0
K= 3082
16.2825757576
K= 3083
4858.09166667
K= 3084
4367.0
K= 3085
15.5783891546
K= 3086
6.52499999991
K= 3087
8.41666666663
K= 3088
4495.03024892
K= 3089
4165.0
K= 3090
2559.82765789
K= 3091
4778.88571429
K= 3092
8656.0
K= 3093
8.30952380947
K= 3094
137.25
K= 3095
17.0302489178
K= 3096
7.76666666672
K= 3097
7.76666666672
K= 3098
16.2825757576
K= 3099
18.4597209101
K= 3100
5.00793650793
K= 3101
34.0604978355
K= 3102
187.166666667
K= 3103
4783.34109761
K= 3104
15.64956427
K= 3105
16.2825757576
K= 3106
27.5985653234
K= 3107
4725.18986216
K= 3108
8671.0
K= 3109
8.16666666663
K= 3110
4969.35152106
K= 3111
8827.0
K= 3112
4367.0
K= 3113
4205.0
K= 3114
25.6000000001
K= 3115
8.41666666663
K= 3116
7.76666666672
K= 3117
117.0
K= 3118
52962.0
K= 3119
17.0302489178
K= 3120
4481.15764706
K= 3121
8670.0
K= 3122
3.96098484844
K= 3123
384.477777778
K= 3124
52962.0
K= 3125
8675.0
K= 3126
371.591901114
K= 3127
4486.41666667
K= 3128
4792.74386447
K= 3129
42.0833333333
K= 3130
4786.20110055
K= 3131
2053.89952664
K= 3132
323.894688645
K= 3133
10.4469696969
K= 3134
3.89015151514
K= 3135
138.25
K= 3136
24.2385044316
K= 3137
8.3666666667
K= 3138
8643.0
K= 3139
4196.0
K= 3140
8671.0
K= 3141
16.2825757576
K= 3142
8.97719298245
K= 3143
4518.1083857
K= 3144
109.0
K= 3145
5.94329004316
K= 3146
137.25
K= 3147
4367.0
K= 3148
15.8920329669
K= 3149
269.644047619
K= 3150
17.4641473142
K= 3151
4843.3
K= 3152
129.25
K= 3153
92.0
K= 3154
8606.0
K= 3155
8675.0
K= 3156
16.2825757576
K= 3157
4582.0
K= 3158
16.2825757576
K= 3159
854.718555096
K= 3160
110.0
K= 3161
4485.41666667
K= 3162
5.07936507929
K= 3163
4189.0
K= 3164
36.6904262404
K= 3165
8636.19886184
K= 3166
4724.79048722
K= 3167
28.7701869052
K= 3168
8827.0
K= 3169
4.4830387003
K= 3170
4587.0
K= 3171
26.6337126601
K= 3172
37.1199494951
K= 3173
8827.0
K= 3174
17.864320518
K= 3175
7.76666666672
K= 3176
4574.89072121
K= 3177
56.7856361159
K= 3178
11.2352941176
K= 3179
8.41666666663
K= 3180
100.0
K= 3181
8606.0
K= 3182
7.76666666672
K= 3183
4761.241187
K= 3184
381.682102584
K= 3185
109.0
K= 3186
14.0158730159
K= 3187
3.10095307638
K= 3188
15.6242474916
K= 3189
6.52500000002
K= 3190
3.40946734417
K= 3191
8827.0
K= 3192
7902.88333333
K= 3193
4823.99754357
K= 3194
6.54285714275
K= 3195
4778.88571429
K= 3196
4882.50028986
K= 3197
8946.0
K= 3198
2.66269841266
K= 3199
4808.93447386
K= 3200
8.41666666663
K= 3201
8.01349206339
K= 3202
8646.0
K= 3203
4.721102971
K= 3204
110.0
K= 3205
4734.91273449
K= 3206
4367.0
K= 3207
8.60535714286
K= 3208
8644.0
K= 3209
8827.0
K= 3210
2155.58109736
K= 3211
463.248412698
K= 3212
76.131926407
K= 3213
4367.0
K= 3214
110.0
K= 3215
112.9
K= 3216
3367.5740151
K= 3217
4367.0
K= 3218
5.10013755527
K= 3219
7.80643226288
K= 3220
4.32222222211
K= 3221
348.692381999
K= 3222
4555.24789377
K= 3223
318.757600319
K= 3224
24.0769230769
K= 3225
8.41666666663
K= 3226
134.0
K= 3227
8826.0
K= 3228
52962.0
K= 3229
457.915079365
K= 3230
181.337467509
K= 3231
4753.95248918
K= 3232
4456.0
K= 3233
4814.23015873
K= 3234
5258.78296864
K= 3235
38.4886281547
K= 3236
8827.0
K= 3237
20.864320518
K= 3238
4588.0
K= 3239
158.217056277
K= 3240
8674.0
K= 3241
8.5
K= 3242
16.3333333333
K= 3243
48.35
K= 3244
4818.88571429
K= 3245
5425.62764491
K= 3246
22359.7777778
K= 3247
4367.0
K= 3248
8656.0
K= 3249
4632.98221646
K= 3250
18.864320518
K= 3251
137.25
K= 3252
8.41666666663
K= 3253
8.41666666663
K= 3254
8646.0
K= 3255
8963.63809524
K= 3256
12.1666666667
K= 3257
16.2825757576
K= 3258
20.4966422466
K= 3259
15.5158261743
K= 3260
4.22606837598
K= 3261
4778.88571429
K= 3262
4482.72110297
K= 3263
4196.0
K= 3264
104.0
K= 3265
52962.0
K= 3266
18.864320518
K= 3267
2377.13475502
K= 3268
8.3666666667
K= 3269
8.3666666667
K= 3270
8827.0
K= 3271
4.50404040387
K= 3272
4555.8984127
K= 3273
387.139484127
K= 3274
84.0
K= 3275
4367.0
K= 3276
137.25
K= 3277
6.51111111115
K= 3278
5.10793650791
K= 3279
5.66388888878
K= 3280
250.546590479
K= 3281
16.2825757576
K= 3282
108.0
K= 3283
8.84091345826
K= 3284
4586.0
K= 3285
7.22222222213
K= 3286
3.64967439964
K= 3287
4796.78809524
K= 3288
8642.0
K= 3289
334.046969697
K= 3290
9.50000000012
K= 3291
8.70555555553
K= 3292
130.047294372
K= 3293
3.36398834072
K= 3294
29.5067505593
K= 3295
4164.0
K= 3296
4766.04815683
K= 3297
4347.0
K= 3298
4897.15
K= 3299
16.2825757576
K= 3300
4.30299145298
K= 3301
16.6185721199
K= 3302
4367.0
K= 3303
4494.28257576
K= 3304
20.4777651289
K= 3305
4814.51865079
K= 3306
8.3666666667
K= 3307
269.898412698
K= 3308
109.0
K= 3309
4842.66666667
K= 3310
8.30952380947
K= 3311
27.5985653234
K= 3312
16.2825757576
K= 3313
4374.97630647
K= 3314
4991.86063354
K= 3315
5.07936507929
K= 3316
8664.0
K= 3317
16.2825757576
K= 3318
4714.23514166
K= 3319
88.0
K= 3320
4.25233100227
K= 3321
116.0
K= 3322
4367.0
K= 3323
4.30595238088
K= 3324
8.88655674388
K= 3325
5.76111111103
K= 3326
5.76111111103
K= 3327
17636.0
K= 3328
2.5
K= 3329
15.4583333333
K= 3330
4.90995670983
K= 3331
553.0
K= 3332
4814.23015873
K= 3333
4566.0
K= 3334
4494.28257576
K= 3335
8606.0
K= 3336
6.88909238914
K= 3337
129.5
K= 3338
4542.73059163
K= 3339
4697.0
K= 3340
4501.09173882
K= 3341
202.086335404
K= 3342
8827.0
K= 3343
4558.33333333
K= 3344
7.5
K= 3345
115.15
K= 3346
4563.0
K= 3347
4481.27489177
K= 3348
292.182290094
K= 3349
17654.0
K= 3350
303.686852226
K= 3351
4485.76666667
K= 3352
30.2309188747
K= 3353
16.2825757576
K= 3354
17654.0
K= 3355
15.6688522125
K= 3356
48.2766233765
K= 3357
3.18859649124
K= 3358
4561.23514166
K= 3359
25.6406938954
K= 3360
8476.0
K= 3361
4824.49199918
K= 3362
110.0
K= 3363
5420.3661575
K= 3364
4367.0
K= 3365
4367.0
K= 3366
16.2825757576
K= 3367
4810.6762617
K= 3368
5.97738095222
K= 3369
4481.0
K= 3370
4714.23514166
K= 3371
112.833333333
K= 3372
6.54285714286
K= 3373
129.0
K= 3374
381.846978022
K= 3375
4747.8984127
K= 3376
42.3602023962
K= 3377
4196.0
K= 3378
5.78571428568
K= 3379
8606.0
K= 3380
4494.28257576
K= 3381
4714.23514166
K= 3382
4746.8984127
K= 3383
4367.0
K= 3384
109.0
K= 3385
137.25
K= 3386
4803.91273449
K= 3387
4367.0
K= 3388
4367.0
K= 3389
565.937652508
K= 3390
2.5
K= 3391
3783.19968512
K= 3392
4164.0
K= 3393
303.055665015
K= 3394
56.6647790102
K= 3395
4740.66012977
K= 3396
137.25
K= 3397
4367.0
K= 3398
137.25
K= 3399
4347.0
K= 3400
8827.0
K= 3401
8827.0
K= 3402
4816.17686203
K= 3403
4845.78440906
K= 3404
4836.90634921
K= 3405
2677.26411183
K= 3406
2864.82602884
K= 3407
112.9
K= 3408
16.1794483033
K= 3409
4.79445554432
K= 3410
4818.22857143
K= 3411
8.41666666663
K= 3412
4.53571428568
K= 3413
4486.5
K= 3414
4196.0
K= 3415
2.90480019967
K= 3416
455.105555556
K= 3417
3.61777777772
K= 3418
4494.28257576
K= 3419
16.2825757576
K= 3420
5.43425172707
K= 3421
3.27555301297
K= 3422
319.556769367
K= 3423
16.2825757576
K= 3424
4760.4531618
K= 3425
658.870248434
K= 3426
4790.18993506
K= 3427
3.32522281632
K= 3428
38.2326298701
K= 3429
3.0
K= 3430
4803.91273449
K= 3431
3.65941815323
K= 3432
399.0
K= 3433
7.76666666672
K= 3434
11.0861344537
K= 3435
4503.45082398
K= 3436
8669.0
K= 3437
4556.0
K= 3438
4577.0
K= 3439
4367.0
K= 3440
4367.0
K= 3441
110.0
K= 3442
4494.28257576
K= 3443
7.76666666672
K= 3444
8827.0
K= 3445
132.0
K= 3446
8827.0
K= 3447
87.0
K= 3448
101.0
K= 3449
6.56666666665
K= 3450
25.2792553473
K= 3451
8827.0
K= 3452
28.367965368
K= 3453
16.2825757576
K= 3454
445.758333333
K= 3455
4586.0
K= 3456
38.2326298701
K= 3457
8.41666666663
K= 3458
4367.0
K= 3459
4494.28257576
K= 3460
4803.91273449
K= 3461
16.2825757576
K= 3462
4760.13027483
K= 3463
8668.0
K= 3464
6.40000000002
K= 3465
87.0
K= 3466
17.6952621343
K= 3467
4367.0
K= 3468
679.13877171
K= 3469
4367.0
K= 3470
6.87973856204
K= 3471
7.76666666672
K= 3472
321.964203489
K= 3473
4811.6537851
K= 3474
7.85238095222
K= 3475
4367.0
K= 3476
8672.0
K= 3477
26.3920662566
K= 3478
10.1666666666
K= 3479
3.79851489072
K= 3480
4714.23514166
K= 3481
326.341097612
K= 3482
117.0
K= 3483
4.721102971
K= 3484
3.97549117531
K= 3485
10.5
K= 3486
4481.97738095
K= 3487
4747.8984127
K= 3488
4555.8984127
K= 3489
16.2825757576
K= 3490
109.0
K= 3491
11.8482051283
K= 3492
8827.0
K= 3493
438.644635079
K= 3494
8827.0
K= 3495
4082.0
K= 3496
4741.74464286
K= 3497
5652.67031947
K= 3498
18.7333333333
K= 3499
4535.0
K= 3500
4.38888888876
K= 3501
4635.20223388
K= 3502
4347.0
K= 3503
8606.0
K= 3504
4869.63888889
K= 3505
285.7004329
K= 3506
4849.75
K= 3507
4218.0
K= 3508
8.30952380947
K= 3509
16.2825757576
K= 3510
4826.91666667
K= 3511
29.0254190256
K= 3512
4367.0
K= 3513
4497.33789204
K= 3514
3.3952380952
K= 3515
8.5
K= 3516
56.6647790102
K= 3517
7889.96558442
K= 3518
11.26510989
K= 3519
2.34920634911
K= 3520
3.0
K= 3521
4367.0
K= 3522
16.2825757576
K= 3523
4367.0
K= 3524
508.333333333
K= 3525
16.2825757576
K= 3526
6.54285714275
K= 3527
8674.0
K= 3528
7.50000000012
K= 3529
4555.8984127
K= 3530
4446.86116001
K= 3531
337.666666667
K= 3532
4771.89189683
K= 3533
20.7525684352
K= 3534
68.9374109172
K= 3535
7899.85412444
K= 3536
16.2825757576
K= 3537
4555.8984127
K= 3538
8.41666666663
K= 3539
4740.66012977
K= 3540
7919.0434659
K= 3541
286.010354992
K= 3542
29.66523199
K= 3543
109.60952381
K= 3544
8827.0
K= 3545
111.65
K= 3546
8827.0
K= 3547
4367.0
K= 3548
7.76666666672
K= 3549
16.2825757576
K= 3550
4747.8984127
K= 3551
8.5
K= 3552
32.5651515152
K= 3553
16.2825757576
K= 3554
310.957500659
K= 3555
4494.28257576
K= 3556
4750.17203777
K= 3557
110.0
K= 3558
20.7866161615
K= 3559
4609.25
K= 3560
8.5
K= 3561
7.51007326005
K= 3562
7.48680552852
K= 3563
4802.66565657
K= 3564
8958.79818232
K= 3565
4834.7952381
K= 3566
4.8008658007
K= 3567
336.594444444
K= 3568
318.241186999
K= 3569
8675.0
K= 3570
4367.0
K= 3571
4367.0
K= 3572
137.25
K= 3573
4803.1988456
K= 3574
4508.11605976
K= 3575
4828.54209957
K= 3576
4367.0
K= 3577
8.42495185975
K= 3578
115.0
K= 3579
46.5142159268
K= 3580
4196.0
K= 3581
58.8333333334
K= 3582
4824.20112943
K= 3583
4803.91273449
K= 3584
137.25
K= 3585
4483.78571429
K= 3586
4554.88452381
K= 3587
137.0
K= 3588
6.95238095219
K= 3589
6.54285714275
K= 3590
4527.04557682
K= 3591
260.701450999
K= 3592
8827.0
K= 3593
8674.0
K= 3594
13.5714285714
K= 3595
4786.20110055
K= 3596
5.30059972708
K= 3597
115.0
K= 3598
4367.0
K= 3599
6.54285714275
K= 3600
35.2075888192
K= 3601
11.9547619048
K= 3602
476.334656861
K= 3603
118.166666667
K= 3604
8609.5
K= 3605
301.027545251
K= 3606
4652.66012977
K= 3607
3622.8796045
K= 3608
8827.0
K= 3609
21.102589361
K= 3610
8827.0
K= 3611
4663.10201201
K= 3612
4542.0
K= 3613
8616.0
K= 3614
10.2111111111
K= 3615
4578.0
K= 3616
8961.7969697
K= 3617
4555.8984127
K= 3618
5.34797275614
K= 3619
334.38261186
K= 3620
7.76666666672
K= 3621
14.3160894661
K= 3622
16.2825757576
K= 3623
101.0
K= 3624
359.711904762
K= 3625
4.40000000002
K= 3626
4860.5014652
K= 3627
4991.86063354
K= 3628
4549.0
K= 3629
269.398412698
K= 3630
5.53571428568
K= 3631
288.872931191
K= 3632
350.96547619
K= 3633
7.58333333337
K= 3634
4196.0
K= 3635
4494.28257576
K= 3636
5.721102971
K= 3637
4.721102971
K= 3638
7.37153075752
K= 3639
463.248412698
K= 3640
20.4496317318
K= 3641
4479.49105852
K= 3642
3777.1554625
K= 3643
8644.0
K= 3644
6.49999999988
K= 3645
7.58333333337
K= 3646
4670.27608813
K= 3647
7907.59576154
K= 3648
4484.56666667
K= 3649
4547.0
K= 3650
4991.86063354
K= 3651
4784.67956349
K= 3652
8674.0
K= 3653
137.897246272
K= 3654
4589.82092989
K= 3655
4803.91273449
K= 3656
4845.20177404
K= 3657
8668.0
K= 3658
137.25
K= 3659
16.980418046
K= 3660
4367.0
K= 3661
4.43956043944
K= 3662
16.2825757576
K= 3663
8661.0
K= 3664
5663.66367264
K= 3665
6.56666666665
K= 3666
6.30635605531
K= 3667
4591.15
K= 3668
8827.0
K= 3669
4481.85209682
K= 3670
14.0454545454
K= 3671
4758.73731999
K= 3672
292.467460317
K= 3673
4367.0
K= 3674
4485.56666667
K= 3675
4482.72110297
K= 3676
113.15
K= 3677
3.7509803921
K= 3678
4196.0
K= 3679
9085.0
K= 3680
4.50404040387
K= 3681
4.90238095226
K= 3682
326.355731372
K= 3683
111.083333333
K= 3684
4475.33333333
K= 3685
56.6647790102
K= 3686
7.76666666672
K= 3687
4541.0
K= 3688
4367.0
K= 3689
8.5
K= 3690
407.682282724
K= 3691
4783.11213644
K= 3692
98.0
K= 3693
40.4326077976
K= 3694
8.08563377033
K= 3695
55.9428571429
K= 3696
3622.1941923
K= 3697
4711.11591941
K= 3698
4801.1354616
K= 3699
3.48334754189
K= 3700
4345.0
K= 3701
4587.0
K= 3702
17.0302489178
K= 3703
16.227020202
K= 3704
5.97738095222
K= 3705
8674.0
K= 3706
4343.0
K= 3707
4535.0
K= 3708
14.2908757909
K= 3709
3.0536231884
K= 3710
132.25
K= 3711
8.64444444445
K= 3712
4830.39365079
K= 3713
4481.29749695
K= 3714
4765.28672439
K= 3715
4740.08694084
K= 3716
5.94329004316
K= 3717
5134.27092319
K= 3718
13.5276198076
K= 3719
8827.0
K= 3720
35.0555555555
K= 3721
5.97738095222
K= 3722
107.0
K= 3723
109.0
K= 3724
4503.10444317
K= 3725
4808.36071429
K= 3726
4803.3086599
K= 3727
4.721102971
K= 3728
109.0
K= 3729
112.604059829
K= 3730
7.76666666672
K= 3731
3.23272642388
K= 3732
4503.35068392
K= 3733
109.0
K= 3734
4828.54209957
K= 3735
307.302754082
K= 3736
267.272893773
K= 3737
4520.43173118
K= 3738
129.25
K= 3739
8827.0
K= 3740
4836.40952381
K= 3741
4494.28257576
K= 3742
5.53571428568
K= 3743
4.721102971
K= 3744
8.5
K= 3745
15.5333333333
K= 3746
60.7273421024
K= 3747
470.841217669
K= 3748
8.02662337641
K= 3749
321.820929887
K= 3750
16.95
K= 3751
16.2825757576
K= 3752
3.60863312113
K= 3753
7990.31
K= 3754
4483.78571429
K= 3755
4371.0
K= 3756
2.92652116413
K= 3757
15.8072552447
K= 3758
8827.0
K= 3759
130.047294372
K= 3760
7903.27410727
K= 3761
4494.28257576
K= 3762
21.7727272727
K= 3763
134.25
K= 3764
4367.0
K= 3765
3.48986928095
K= 3766
8606.0
K= 3767
4803.91273449
K= 3768
2904.06787356
K= 3769
118.0
K= 3770
8.41666666663
K= 3771
4.28856837598
K= 3772
8.16666666663
K= 3773
4691.66012977
K= 3774
68.9374109172
K= 3775
8.41666666663
K= 3776
16.2825757576
K= 3777
4486.16666667
K= 3778
292.333333333
K= 3779
8.30952380947
K= 3780
136.285714286
K= 3781
454.060822511
K= 3782
4458.0
K= 3783
305.853971992
K= 3784
4991.86063354
K= 3785
4367.0
K= 3786
21.4646896472
K= 3787
7.98268398258
K= 3788
8.3666666667
K= 3789
16.2825757576
K= 3790
137.25
K= 3791
4991.86063354
K= 3792
21.8666666666
K= 3793
129.0
K= 3794
8.41666666663
K= 3795
16.2825757576
K= 3796
6.70354808588
K= 3797
117.0
K= 3798
4955.86063354
K= 3799
4565.0
K= 3800
32.5651515152
K= 3801
4196.0
K= 3802
4.90238095226
K= 3803
8827.0
K= 3804
4337.16071429
K= 3805
5.58859649114
K= 3806
4483.97738095
K= 3807
4480.33333333
K= 3808
4518.0
K= 3809
2.88559918606
K= 3810
8827.0
K= 3811
4347.0
K= 3812
17.0302489178
K= 3813
4104.99083654
K= 3814
6.39999999991
K= 3815
3708.64394493
K= 3816
7.53292273229
K= 3817
583.666666667
K= 3818
4196.0
K= 3819
336.483333333
K= 3820
15.7550856902
K= 3821
464.248412698
K= 3822
8.30952380947
K= 3823
8827.0
K= 3824
137.25
K= 3825
8827.0
K= 3826
6.0
K= 3827
5.53571428568
K= 3828
89.604059829
K= 3829
5424.62764491
K= 3830
8.41666666663
K= 3831
8673.0
K= 3832
32.5850593852
K= 3833
2.44999999995
K= 3834
4341.0
K= 3835
16.2825757576
K= 3836
10.1432900431
K= 3837
4840.66666667
K= 3838
342.518650794
K= 3839
89.0
K= 3840
4.67782030487
K= 3841
8657.0
K= 3842
8827.0
K= 3843
4494.28257576
K= 3844
3137.04021102
K= 3845
15.8920329671
K= 3846
16.2825757576
K= 3847
4196.0
K= 3848
15.8920329669
K= 3849
5.77499999991
K= 3850
4765.90262855
K= 3851
27.8600879513
K= 3852
8668.0
K= 3853
5.4874883286
K= 3854
19.2
K= 3855
369.766666667
K= 3856
4778.88571429
K= 3857
7.58333333337
K= 3858
84.0
K= 3859
11.5222222222
K= 3860
42.5591269841
K= 3861
11.7047619048
K= 3862
8666.0
K= 3863
66.8852564102
K= 3864
45.8172222222
K= 3865
4843.8
K= 3866
8827.0
K= 3867
16.2825757576
K= 3868
104.332915787
K= 3869
667.973412698
K= 3870
47.1022790102
K= 3871
9.76666666672
K= 3872
248.006059477
K= 3873
8606.0
K= 3874
16.2825757576
K= 3875
8.41666666663
K= 3876
16.2825757576
K= 3877
16.2825757576
K= 3878
4576.0
K= 3879
15.7672619048
K= 3880
16.2825757576
K= 3881
6.25702398899
K= 3882
4494.28257576
K= 3883
4367.0
K= 3884
40229.5333333
K= 3885
4808.36071429
K= 3886
16.2825757576
K= 3887
15.8578527007
K= 3888
277.922388085
K= 3889
6.62662337651
K= 3890
4773.17525831
K= 3891
4552.32278081
K= 3892
103.0
K= 3893
6.42307189538
K= 3894
4.74431818177
K= 3895
4423.0
K= 3896
4494.28257576
K= 3897
8640.0
K= 3898
330.242798761
K= 3899
4357.0
K= 3900
8827.0
K= 3901
4483.81666667
K= 3902
8675.0
K= 3903
4586.0
K= 3904
170.826623376
K= 3905
146.051190476
K= 3906
4834.60135583
K= 3907
8970.83333333
K= 3908
8675.0
K= 3909
4775.04285714
K= 3910
137.0
K= 3911
16.2825757576
K= 3912
9.63809523801
K= 3913
400.822441447
K= 3914
27.5985653234
K= 3915
17.0302489178
K= 3916
8659.0
K= 3917
4903.28638416
K= 3918
8606.0
K= 3919
16.2825757576
K= 3920
23.0028172955
K= 3921
373.638095238
K= 3922
4541.30432052
K= 3923
116.0
K= 3924
109.0
K= 3925
8.41666666663
K= 3926
139.583333333
K= 3927
220.0
K= 3928
5.32564770151
K= 3929
311.248412698
K= 3930
3.1841878891
K= 3931
198.333333333
K= 3932
8.30952380947
K= 3933
21.2373737373
K= 3934
4.721102971
K= 3935
4889.01507937
K= 3936
16.2825757576
K= 3937
4481.18418789
K= 3938
43.5652521885
K= 3939
4616.24202662
K= 3940
4588.0
K= 3941
8674.0
K= 3942
137.25
K= 3943
4700.4531618
K= 3944
6.49999999988
K= 3945
109.0
K= 3946
4639.82092989
K= 3947
8657.0
K= 3948
17.0302489178
K= 3949
4509.8984127
K= 3950
4800.73731999
K= 3951
15.8828485355
K= 3952
110.1
K= 3953
28.7657148406
K= 3954
110.0
K= 3955
4486.41666667
K= 3956
101.0
K= 3957
7.796969697
K= 3958
86.0
K= 3959
4367.0
K= 3960
8827.0
K= 3961
137.25
K= 3962
24.161884711
K= 3963
14.2825757576
K= 3964
4510.0
K= 3965
4483.78571429
K= 3966
4820.04404762
K= 3967
14.6538955325
K= 3968
6.78896103881
K= 3969
4801.4137987
K= 3970
2.74445960193
K= 3971
137.25
K= 3972
344.780815923
K= 3973
8.76209150325
K= 3974
4.56286393327
K= 3975
4508.8984127
K= 3976
25.3506839188
K= 3977
4636.66012977
K= 3978
8.41666666663
K= 3979
16.2825757576
K= 3980
340.911000111
K= 3981
4709.20110055
K= 3982
4778.88571429
K= 3983
8.3666666667
K= 3984
16.2825757576
K= 3985
8.41666666663
K= 3986
4585.0
K= 3987
42.5944805194
K= 3988
7.5
K= 3989
4747.8984127
K= 3990
9450.60741008
K= 3991
4484.56666667
K= 3992
4196.0
K= 3993
18.8958333333
K= 3994
4555.8984127
K= 3995
21.7520445053
K= 3996
8675.0
K= 3997
137.25
K= 3998
189.981385281
K= 3999
89.1666666666
K= 4000
4501.33637849
K= 4001
137.0
K= 4002
497.433333333
K= 4003
4974.09084387
K= 4004
5.94848484849
K= 4005
4196.0
K= 4006
26.7484348984
K= 4007
107.666666667
K= 4008
16.2825757576
K= 4009
4851.75
K= 4010
3027.59253618
K= 4011
87.0
K= 4012
4592.0
K= 4013
116.0
K= 4014
4756.67065332
K= 4015
8659.0
K= 4016
4778.88571429
K= 4017
8827.0
K= 4018
4592.0
K= 4019
404.150829726
K= 4020
250.5
K= 4021
103.678001771
K= 4022
8827.0
K= 4023
4491.53100497
K= 4024
4367.0
K= 4025
342.676261701
K= 4026
4803.91273449
K= 4027
32.5651515152
K= 4028
9.0080808081
K= 4029
4798.71061552
K= 4030
3.64948107442
K= 4031
3754.1976605
K= 4032
4815.61122979
K= 4033
7.76666666672
K= 4034
8827.0
K= 4035
7904.81769389
K= 4036
106.0
K= 4037
4196.0
K= 4038
4871.1
K= 4039
4774.90441109
K= 4040
4792.75086996
K= 4041
4367.0
K= 4042
88.0
K= 4043
8671.0
K= 4044
93.0075757577
K= 4045
4668.23514166
K= 4046
8.7062478303
K= 4047
1802.713675
K= 4048
4315.0
K= 4049
7.5
K= 4050
16.2825757576
K= 4051
22386.8615385
K= 4052
4367.0
K= 4053
4367.0
K= 4054
3.60863312101
K= 4055
4747.8984127
K= 4056
117.0
K= 4057
108.0
K= 4058
4494.28257576
K= 4059
16.2825757576
K= 4060
4844.27127774
K= 4061
8.56978381099
K= 4062
312.474630876
K= 4063
7.76666666672
K= 4064
4367.0
K= 4065
109.0
K= 4066
4757.46746032
K= 4067
7.76666666672
K= 4068
8675.0
K= 4069
3367.42641421
K= 4070
8827.0
K= 4071
291.333333333
K= 4072
56.6647790102
K= 4073
18.864320518
K= 4074
21.4646896473
K= 4075
248.101434124
K= 4076
8.41666666663
K= 4077
28.7198634699
K= 4078
8674.78904332
K= 4079
38.2326298702
K= 4080
4831.18370193
K= 4081
5.59821428568
K= 4082
7.76666666672
K= 4083
83.9999999999
K= 4084
4714.88451076
K= 4085
3.79503662989
K= 4086
57.5814814814
K= 4087
323.005988492
K= 4088
4593.0
K= 4089
4577.0
K= 4090
4352.0
K= 4091
132.333333333
K= 4092
4494.28257576
K= 4093
8675.0
K= 4094
15.3094988344
K= 4095
4588.0
K= 4096
4741.91273449
K= 4097
54.8571428572
K= 4098
4.471102971
K= 4099
5.79285714275
K= 4100
6.49999999988
K= 4101
4826.78770951
K= 4102
5.73333333328
K= 4103
4481.21800826
K= 4104
4.57546897535
K= 4105
4712.30743247
K= 4106
21.2250793092
K= 4107
7.14430014428
K= 4108
4847.12391395
K= 4109
8827.0
K= 4110
18.8814178712
K= 4111
8669.0
K= 4112
285.42232665
K= 4113
10.8988128604
K= 4114
16.2825757576
K= 4115
8671.0
K= 4116
2.89360870607
K= 4117
8.41666666663
K= 4118
4196.0
K= 4119
7.796969697
K= 4120
47.592839918
K= 4121
4181.0
K= 4122
1735.80169456
K= 4123
12.5484848485
K= 4124
4546.8984127
K= 4125
4562.0
K= 4126
3.65725365106
K= 4127
4833.95
K= 4128
4785.96677022
K= 4129
16.2825757576
K= 4130
8574.33333333
K= 4131
483.674481074
K= 4132
529.277777778
K= 4133
4494.28257576
K= 4134
82.0
K= 4135
8675.0
K= 4136
4804.67399584
K= 4137
4991.86063354
K= 4138
4806.46701354
K= 4139
3.0
K= 4140
9.41666666663
K= 4141
8827.0
K= 4142
4367.0
K= 4143
71.8364468864
K= 4144
4855.81956738
K= 4145
4818.88571429
K= 4146
4786.17203777
K= 4147
137.25
K= 4148
4196.0
K= 4149
4332.0
K= 4150
337.666666667
K= 4151
290.99047619
K= 4152
6.52499999991
K= 4153
7.76666666672
K= 4154
7.58333333337
K= 4155
100.0
K= 4156
8954.33015873
K= 4157
2592.11614946
K= 4158
16.2825757576
K= 4159
2835.48717865
K= 4160
4577.0
K= 4161
6.10016552068
K= 4162
4196.0
K= 4163
8674.0
K= 4164
4875.63333333
K= 4165
14.3953703704
K= 4166
454.060822511
K= 4167
386.166666667
K= 4168
4803.11213644
K= 4169
100.0
K= 4170
32.5850593852
K= 4171
90.6666666667
K= 4172
9621.3525234
K= 4173
4.721102971
K= 4174
106.0
K= 4175
130.25
K= 4176
12.9359514838
K= 4177
4.721102971
K= 4178
8674.90238095
K= 4179
135.333333333
K= 4180
4761.241187
K= 4181
4754.241187
K= 4182
30.2666666666
K= 4183
296.51502219
K= 4184
4437.73833333
K= 4185
5.53571428568
K= 4186
8675.0
K= 4187
16.2825757576
K= 4188
4826.22857143
K= 4189
6.72797668132
K= 4190
5.62125603855
K= 4191
4551.70714286
K= 4192
153.0
K= 4193
4480.125
K= 4194
5.00793650793
K= 4195
4367.0
K= 4196
22.7
K= 4197
4494.28257576
K= 4198
3.02905601484
K= 4199
15.7550856902
K= 4200
4741.91273449
K= 4201
6.38788849069
K= 4202
5.113131313
K= 4203
16.2825757576
K= 4204
4.0
K= 4205
4495.03024892
K= 4206
51.0907467532
K= 4207
7.85238095222
K= 4208
8827.0
K= 4209
13434.25
K= 4210
4848.57619048
K= 4211
272.5
K= 4212
8675.0
K= 4213
8603.0
K= 4214
8.3666666667
K= 4215
4507.93452381
K= 4216
16.2825757576
K= 4217
331.869442559
K= 4218
10.5601621417
K= 4219
5821.05599823
K= 4220
16.2825757576
K= 4221
105.198990659
K= 4222
8.5
K= 4223
4567.0
K= 4224
4482.90238095
K= 4225
4778.88571429
K= 4226
110.0
K= 4227
4196.0
K= 4228
126.25
K= 4229
7.76666666672
K= 4230
16.2825757576
K= 4231
3610.83436126
K= 4232
4386.0
K= 4233
4494.28257576
K= 4234
8.41096740309
K= 4235
332.933575167
K= 4236
16.0663077653
K= 4237
8.5
K= 4238
40.4283117329
K= 4239
5.64682539681
K= 4240
6.29188948299
K= 4241
7902.73333333
K= 4242
8927.58962149
K= 4243
12.1002070393
K= 4244
4482.22455322
K= 4245
15.8629329003
K= 4246
5.78571428568
K= 4247
4196.0
K= 4248
14.1591093118
K= 4249
4501.0
K= 4250
313.8937199
K= 4251
4789.15660173
K= 4252
137.25
K= 4253
4600.18993506
K= 4254
4367.0
K= 4255
16.2825757576
K= 4256
110.0
K= 4257
8444.0
K= 4258
8674.0
K= 4259
5.09884559875
K= 4260
4486.5
K= 4261
4486.41666667
K= 4262
4555.8984127
K= 4263
4478.07769726
K= 4264
4165.0
K= 4265
4494.28257576
K= 4266
7.2420024419
K= 4267
331.33977591
K= 4268
16.2825757576
K= 4269
4508.96785714
K= 4270
4814.51865079
K= 4271
311.235141656
K= 4272
8827.0
K= 4273
4494.28257576
K= 4274
4367.0
K= 4275
3.94848484849
K= 4276
7.76666666672
K= 4277
4494.28257576
K= 4278
3.98003662983
K= 4279
4847.16190476
K= 4280
4560.0
K= 4281
6.54285714275
K= 4282
17654.0
K= 4283
9.97206061904
K= 4284
8674.0
K= 4285
6.39999999991
K= 4286
3785.01919687
K= 4287
17636.0
K= 4288
2180.30893335
K= 4289
7899.91666667
K= 4290
4542.48944748
K= 4291
2.82245067926
K= 4292
8.41666666663
K= 4293
7901.5376666
K= 4294
95.1666666667
K= 4295
54.9885492116
K= 4296
4784.85312629
K= 4297
8827.0
K= 4298
4778.88571429
K= 4299
4482.38472222
K= 4300
4813.42056515
K= 4301
109.0
K= 4302
4484.56666667
K= 4303
4503.13415732
K= 4304
4501.33637849
K= 4305
317.40949135
K= 4306
21.4089620931
K= 4307
8.41666666663
K= 4308
4494.28257576
K= 4309
7.58333333337
K= 4310
4795.07222222
K= 4311
5.97738095222
K= 4312
4367.0
K= 4313
6.56666666665
K= 4314
6.01587301586
K= 4315
8.41666666663
K= 4316
132.25
K= 4317
4481.15317803
K= 4318
16.2825757576
K= 4319
8.16666666674
K= 4320
137.25
K= 4321
308.201100548
K= 4322
6.81904761901
K= 4323
7.56666666665
K= 4324
18.864320518
K= 4325
4.38472222211
K= 4326
8.41666666663
K= 4327
119.25
K= 4328
4.90238095226
K= 4329
3.64883614262
K= 4330
18.8455496997
K= 4331
341.183333333
K= 4332
28.1934212846
K= 4333
15.8381238414
K= 4334
16.2825757576
K= 4335
302.903519536
K= 4336
3395.26908593
K= 4337
7.10793650791
K= 4338
16.046541264
K= 4339
4714.23514166
K= 4340
16.2825757576
K= 4341
4483.78571429
K= 4342
8606.0
K= 4343
96.1666666667
K= 4344
4626.41520551
K= 4345
5.97738095222
K= 4346
3.03815965634
K= 4347
8656.0
K= 4348
4691.66012977
K= 4349
4494.28257576
K= 4350
326.2
K= 4351
5.76111111103
K= 4352
17.8309871847
K= 4353
456.915079365
K= 4354
4355.8984127
K= 4355
8623.0
K= 4356
4791.0
K= 4357
8.3666666667
K= 4358
8.41666666663
K= 4359
17.6641473141
K= 4360
1464.6149185
K= 4361
3.0
K= 4362
4789.93575729
K= 4363
3.99134199135
K= 4364
8384.0
K= 4365
8661.0
K= 4366
26.4660464887
K= 4367
19.9999999999
K= 4368
27.5985653234
K= 4369
8.3666666667
K= 4370
4196.0
K= 4371
4763.53058973
K= 4372
62.7333333334
K= 4373
4196.0
K= 4374
4547.73444225
K= 4375
555.0
K= 4376
9.36363636353
K= 4377
4549.0
K= 4378
4655.22619048
K= 4379
4747.8984127
K= 4380
36.0604978355
K= 4381
4747.8984127
K= 4382
4844.0
K= 4383
7.58333333337
K= 4384
17871.2727273
K= 4385
4494.28257576
K= 4386
4482.8008658
K= 4387
4692.59364279
K= 4388
4810.47222222
K= 4389
5206.11904762
K= 4390
7.6822649769
K= 4391
7.50000000012
K= 4392
7901.03614078
K= 4393
9.64444444445
K= 4394
4165.0
K= 4395
55.17576467
K= 4396
8827.0
K= 4397
4854.85555556
K= 4398
16.2825757576
K= 4399
110.0
K= 4400
17.3333333333
K= 4401
4747.8984127
K= 4402
4991.86063354
K= 4403
31.7840659341
K= 4404
8827.0
K= 4405
17.2825757576
K= 4406
8.33333333337
K= 4407
454.060822511
K= 4408
4364.0
K= 4409
4494.28257576
K= 4410
4555.8984127
K= 4411
360.430659983
K= 4412
34.0604978355
K= 4413
7.76666666672
K= 4414
8675.0
K= 4415
4511.55078198
K= 4416
8653.0
K= 4417
4483.10793651
K= 4418
4494.28257576
K= 4419
42.1489510724
K= 4420
303.273809805
K= 4421
4.22606837598
K= 4422
105.166666667
K= 4423
4481.65129267
K= 4424
5.53571428568
K= 4425
4691.66012977
K= 4426
4196.0
K= 4427
4555.88452381
K= 4428
16.2825757576
K= 4429
29.0126450732
K= 4430
8606.0
K= 4431
6.84041514026
K= 4432
114.165079365
K= 4433
34.0604978355
K= 4434
3589.31007283
K= 4435
69.2547619047
K= 4436
4484.56666667
K= 4437
56.6647790102
K= 4438
4800.73731999
K= 4439
329.833333333
K= 4440
8.72222222213
K= 4441
4865.25
K= 4442
20.0944805194
K= 4443
3.78431372542
K= 4444
8.30952380947
K= 4445
4195.0
K= 4446
4367.0
K= 4447
8625.0
K= 4448
318.708398546
K= 4449
8827.0
K= 4450
4494.28257576
K= 4451
4.21661671659
K= 4452
109.0
K= 4453
4494.69691558
K= 4454
8827.0
K= 4455
12.6101206583
K= 4456
4494.28257576
K= 4457
22.6324448436
K= 4458
4741.91273449
K= 4459
4.50404040387
K= 4460
4747.8984127
K= 4461
2714.86499999
K= 4462
390.466666667
K= 4463
4614.25
K= 4464
23.7724207065
K= 4465
245.490783162
K= 4466
8.41666666663
K= 4467
4707.11508491
K= 4468
4494.28257576
K= 4469
4607.4531618
K= 4470
8661.0
K= 4471
32.0282828283
K= 4472
24.5386444966
K= 4473
7.76666666672
K= 4474
7.76666666672
K= 4475
4193.0
K= 4476
14.6
K= 4477
4367.0
K= 4478
4871.1
K= 4479
17.0302489178
K= 4480
717.076984127
K= 4481
16.2825757576
K= 4482
2904.06532495
K= 4483
4773.17525831
K= 4484
136.75
K= 4485
4347.0
K= 4486
4540.22043218
K= 4487
16.2825757576
K= 4488
223.760301358
K= 4489
312.843687626
K= 4490
841.210825903
K= 4491
8.41666666663
K= 4492
4784.33857417
K= 4493
17884.8571429
K= 4494
8.41666666663
K= 4495
4546.0
K= 4496
30.113073593
K= 4497
3599.21754055
K= 4498
17316.0
K= 4499
4577.0
K= 4500
126.25
K= 4501
7984.04055728
K= 4502
446.808441558
K= 4503
4481.61777778
K= 4504
11.7047619048
K= 4505
4484.56666667
K= 4506
4498.95027044
K= 4507
15.4583333333
K= 4508
103.0
K= 4509
4714.23514166
K= 4510
4367.0
K= 4511
135.0
K= 4512
321.0
K= 4513
4814.93447386
K= 4514
5.73571428563
K= 4515
348.275
K= 4516
16.2825757576
K= 4517
8.41666666663
K= 4518
7896.38571429
K= 4519
106.0
K= 4520
347.834065934
K= 4521
14.8333333333
K= 4522
8674.0
K= 4523
4688.71348989
K= 4524
4991.86063354
K= 4525
16.7333333333
K= 4526
5.97738095222
K= 4527
4691.66012977
K= 4528
10.2486471861
K= 4529
5.76111111103
K= 4530
16.2825757576
K= 4531
8674.0
K= 4532
7.76666666672
K= 4533
5.76111111103
K= 4534
5.97738095233
K= 4535
4553.8984127
K= 4536
4799.88539456
K= 4537
24.6819911082
K= 4538
8.33333333337
K= 4539
16.2825757576
K= 4540
131.75
K= 4541
485.085165804
K= 4542
16.2825757576
K= 4543
4480.68181818
K= 4544
4519.0
K= 4545
4851.15470085
K= 4546
496.047051683
K= 4547
8675.0
K= 4548
259.40487013
K= 4549
14.0573593072
K= 4550
3.96991341992
K= 4551
4367.0
K= 4552
8649.0
K= 4553
4730.51932234
K= 4554
100.833333333
K= 4555
8557.0
K= 4556
13.071899878
K= 4557
8827.0
K= 4558
4657.91587302
K= 4559
8668.0
K= 4560
4367.0
K= 4561
454.060822511
K= 4562
16.2825757576
K= 4563
4563.0
K= 4564
4747.8984127
K= 4565
14.3141180957
K= 4566
4779.4137987
K= 4567
6.40000000002
K= 4568
127.0
K= 4569
107.0
K= 4570
4367.0
K= 4571
27.2942460317
K= 4572
4587.0
K= 4573
226.0
K= 4574
4367.0
K= 4575
7901.5452381
K= 4576
137.25
K= 4577
8672.0
K= 4578
4367.0
K= 4579
6.0
K= 4580
4193.80071155
K= 4581
5.76111111103
K= 4582
4520.76544438
K= 4583
269.898412698
K= 4584
14.9999999999
K= 4585
16.2825757576
K= 4586
5.73571428563
K= 4587
4.62904040387
K= 4588
402.166666667
K= 4589
137.0
K= 4590
25.2495652495
K= 4591
7905.42542574
K= 4592
7.83055555541
K= 4593
4483.54285714
K= 4594
5.7199059109
K= 4595
444.4
K= 4596
16.2825757576
K= 4597
8615.0
K= 4598
137.0
K= 4599
4486.41666667
K= 4600
8827.0
K= 4601
7.76666666672
K= 4602
4714.23514166
K= 4603
3.47179487173
K= 4604
30.5926961927
K= 4605
4833.43065998
K= 4606
137.25
K= 4607
109.0
K= 4608
6.54285714275
K= 4609
4615.0
K= 4610
27.5985653234
K= 4611
16.2825757576
K= 4612
4813.97889496
K= 4613
4367.0
K= 4614
8.41666666663
K= 4615
4864.00357143
K= 4616
3.0
K= 4617
6124.27513595
Betweenness Centrality Improvement
[  0.00000000e+00   0.00000000e+00   0.00000000e+00 ...,   3.00000000e+00
   6.12427514e+03   0.00000000e+00]
Top 20 BC Improvement
[3228 3124 3118 3265 3884 4051 3246 4493 4384 3354 3349 4282 2565 3327 4287
 2896 4498 2836 4209 2418]
