txValue= 10000
IGRAPH D--- 4619 68733 -- 
+ attr: pub_key (v), base_fee (e), capacity (e), fee_rate (e), txCost (e)
None
Our nodes starting connections: 
(4618, 2796)
(4618, 1223)
(4618, 1163)
(4618, 498)
(4618, 2229)
(4618, 1589)
(4618, 4051)
K= 2350
8839.0
K= 2351
15.3073593074
K= 2352
4568.0
K= 2353
8563.0
K= 2354
4801.18203158
K= 2355
20.70392835
K= 2356
182.033333333
K= 2357
4497.70392835
K= 2358
69.5459803353
K= 2359
4455.75
K= 2360
4406.2966885
K= 2361
20.70392835
K= 2362
4802.75079365
K= 2363
4511.57011803
K= 2364
62.9593570844
K= 2365
495.61547619
K= 2366
75.3780386281
K= 2367
21.2404761905
K= 2368
10.0666666667
K= 2369
8557.0
K= 2370
11.8666666667
K= 2371
4135.0
K= 2372
14.7519118309
K= 2373
167.0
K= 2374
12.6000000001
K= 2375
4618.0
K= 2376
5701.34813402
K= 2377
27.0933204596
K= 2378
4303.75
K= 2379
4620.0
K= 2380
390.900793651
K= 2381
4135.0
K= 2382
11359.696268
K= 2383
20.70392835
K= 2384
14.4237693759
K= 2385
19.9001626971
K= 2386
14.6444444444
K= 2387
11682.9871243
K= 2388
20.8833333333
K= 2389
4905.80833333
K= 2390
120.495833333
K= 2391
4562.49285714
K= 2392
12.4333333335
K= 2393
208.632936508
K= 2394
4778.5007992
K= 2395
4497.70392835
K= 2396
313.409829134
K= 2397
20.20392835
K= 2398
34.2309642894
K= 2399
9.31904761912
K= 2400
4609.0
K= 2401
4625.0
K= 2402
4857.91887171
K= 2403
163.0
K= 2404
8839.0
K= 2405
144.0
K= 2406
12.6000000001
K= 2407
11.8666666667
K= 2408
4409.19302039
K= 2409
145.166666667
K= 2410
41.6722222222
K= 2411
11.5952380954
K= 2412
4486.63809524
K= 2413
4771.15463528
K= 2414
22.6721804512
K= 2415
8608.0
K= 2416
79.7626371875
K= 2417
24.0333333334
K= 2418
13302.6662168
K= 2419
4493.16190476
K= 2420
110.254401154
K= 2421
313.916666667
K= 2422
4380.23649627
K= 2423
8501.33333333
K= 2424
4303.75
K= 2425
1.63333333342
K= 2426
4977.11111111
K= 2427
4487.16190476
K= 2428
8610.66666667
K= 2429
210.583333333
K= 2430
133.0
K= 2431
669.99758139
K= 2432
6.99215686298
K= 2433
35.7513888889
K= 2434
11688.8887641
K= 2435
4491.41991342
K= 2436
4881.46311328
K= 2437
4460.48483853
K= 2438
107.65
K= 2439
4486.21904762
K= 2440
351.404205307
K= 2441
9794.44761905
K= 2442
12.5166666667
K= 2443
20.7039283499
K= 2444
11.2000000001
K= 2445
4482.29166667
K= 2446
6.20743145747
K= 2447
375.004816017
K= 2448
5136.53123526
K= 2449
15.6398268399
K= 2450
4567.0
K= 2451
5701.28146735
K= 2452
8.47439309058
K= 2453
431.4
K= 2454
36.4853816065
K= 2455
4303.75
K= 2456
8839.0
K= 2457
27.8601302864
K= 2458
7.68895636522
K= 2459
179.533333333
K= 2460
20.70392835
K= 2461
189.829490393
K= 2462
8997.72229478
K= 2463
12.5166666667
K= 2464
8839.0
K= 2465
4825.1580223
K= 2466
396.383793821
K= 2467
4666.58333333
K= 2468
7.61343101342
K= 2469
20.70392835
K= 2470
4877.78316579
K= 2471
4536.98531345
K= 2472
11.2000000001
K= 2473
4135.0
K= 2474
25.0333333334
K= 2475
22.6133699634
K= 2476
8.13315018336
K= 2477
121.414018335
K= 2478
19.9971906164
K= 2479
4483.3681203
K= 2480
4488.43333333
K= 2481
4610.0
K= 2482
4778.5007992
K= 2483
4497.70392835
K= 2484
4840.02317262
K= 2485
29.1444807237
K= 2486
8839.0
K= 2487
23.4690616246
K= 2488
12.0166666667
K= 2489
74.3569578084
K= 2490
158.15
K= 2491
4610.75079365
K= 2492
10.4453314658
K= 2493
12.4333333335
K= 2494
8551.0
K= 2495
20.70392835
K= 2496
11681.4483259
K= 2497
4497.70392835
K= 2498
4303.75
K= 2499
9.95357142866
K= 2500
20.70392835
K= 2501
20.70392835
K= 2502
8589.61538462
K= 2503
9.40000000002
K= 2504
20.70392835
K= 2505
4497.70392835
K= 2506
10.0722222221
K= 2507
20.70392835
K= 2508
28.6346473043
K= 2509
4888.35833333
K= 2510
4487.43333333
K= 2511
168.702020202
K= 2512
565.258333333
K= 2513
4779.1772307
K= 2514
4246.2
K= 2515
4548.5
K= 2516
247.0
K= 2517
37.2098751094
K= 2518
10.8132376396
K= 2519
20.70392835
K= 2520
44.3585470085
K= 2521
4483.52540461
K= 2522
6.88184822432
K= 2523
143.0
K= 2524
4483.26240601
K= 2525
27.5166666667
K= 2526
4791.00028251
K= 2527
2639.60591281
K= 2528
10.6273363892
K= 2529
4948.01666667
K= 2530
4852.00481602
K= 2531
20.20392835
K= 2532
3443.91810927
K= 2533
4982.20793651
K= 2534
8.98247863248
K= 2535
4638.51519952
K= 2536
4147.16666667
K= 2537
210.583333333
K= 2538
4625.0
K= 2539
392.329533263
K= 2540
163.5
K= 2541
41.20392835
K= 2542
4446.33730159
K= 2543
96.8015327848
K= 2544
8563.0
K= 2545
4876.17777778
K= 2546
4875.95668498
K= 2547
4872.79404762
K= 2548
115.0
K= 2549
4568.83333333
K= 2550
8839.0
K= 2551
4303.75
K= 2552
4135.0
K= 2553
13.8185926977
K= 2554
6464.74635411
K= 2555
303.880088235
K= 2556
3614.71125098
K= 2557
4575.0
K= 2558
4499.86114739
K= 2559
4611.95532257
K= 2560
188.583333333
K= 2561
7.68650793645
K= 2562
21.3853516749
K= 2563
24.6072701809
K= 2564
179.083333333
K= 2565
17678.0
K= 2566
15.2895604396
K= 2567
8611.0
K= 2568
157.5
K= 2569
138.0
K= 2570
4607.75079365
K= 2571
376.150944619
K= 2572
4898.98131036
K= 2573
8619.0
K= 2574
10.6380952381
K= 2575
16.1778362396
K= 2576
320.267688396
K= 2577
4402.57864358
K= 2578
8839.0
K= 2579
8768.75
K= 2580
8612.0
K= 2581
29.7707509882
K= 2582
10.3333333333
K= 2583
4604.25
K= 2584
10.5721611723
K= 2585
444.226935907
K= 2586
8832.0
K= 2587
4892.31217949
K= 2588
27.8666666668
K= 2589
179.071905371
K= 2590
22.2597735035
K= 2591
4735.39324468
K= 2592
33.4130368839
K= 2593
10.0325757576
K= 2594
20.70392835
K= 2595
97.9571428573
K= 2596
4610.75079365
K= 2597
4383.67029583
K= 2598
210.333333333
K= 2599
4442.0
K= 2600
400.696842509
K= 2601
388.397198464
K= 2602
11685.2534438
K= 2603
4922.46190476
K= 2604
5488.79018715
K= 2605
909.281839384
K= 2606
145.619047619
K= 2607
4303.75
K= 2608
21.9333333332
K= 2609
4615.5
K= 2610
381.840573565
K= 2611
69.2376595628
K= 2612
20.6656846207
K= 2613
20.3238095237
K= 2614
385.747641808
K= 2615
4774.18423087
K= 2616
12.0670995672
K= 2617
4778.5007992
K= 2618
4486.95357143
K= 2619
8839.0
K= 2620
4135.0
K= 2621
164.0
K= 2622
9.0357142858
K= 2623
22.8611473901
K= 2624
8.89597069612
K= 2625
5108.79877132
K= 2626
4839.0
K= 2627
8613.39444444
K= 2628
26.2625074273
K= 2629
19.4685221782
K= 2630
4851.0456761
K= 2631
4505.12808427
K= 2632
6031.55083804
K= 2633
8839.0
K= 2634
5108.79877132
K= 2635
8601.0
K= 2636
4866.20732969
K= 2637
383.745505225
K= 2638
155.65
K= 2639
4802.75079365
K= 2640
4497.70392835
K= 2641
4303.75
K= 2642
313.090930221
K= 2643
11.8500000001
K= 2644
4141.5
K= 2645
11650.7943723
K= 2646
12.6000000001
K= 2647
4874.18333333
K= 2648
11.8666666667
K= 2649
129.0
K= 2650
4875.91201299
K= 2651
4488.8
K= 2652
4661.20054073
K= 2653
9.71666666667
K= 2654
192.783333333
K= 2655
27.0761904763
K= 2656
2261.0006706
K= 2657
145.083333333
K= 2658
31.5259275691
K= 2659
4761.41269004
K= 2660
389.967225078
K= 2661
103.25881384
K= 2662
4610.75079365
K= 2663
15.5518170897
K= 2664
4506.5
K= 2665
4787.70380818
K= 2666
452.803954379
K= 2667
34.2833452418
K= 2668
10.1380952381
K= 2669
457.264044604
K= 2670
19.7737812912
K= 2671
25.0257707614
K= 2672
8839.0
K= 2673
4826.1580223
K= 2674
11.011904762
K= 2675
38.9744503273
K= 2676
402.522598431
K= 2677
4.23454106273
K= 2678
4610.75079365
K= 2679
128.0
K= 2680
4135.0
K= 2681
551.258333333
K= 2682
11695.8229638
K= 2683
4303.75
K= 2684
4303.75
K= 2685
4486.16666667
K= 2686
8563.0
K= 2687
4303.75
K= 2688
23.2000000001
K= 2689
4826.1580223
K= 2690
244.635209242
K= 2691
8607.0
K= 2692
4560.0
K= 2693
281.070671404
K= 2694
4857.09866245
K= 2695
4649.1580223
K= 2696
36.6297979798
K= 2697
4802.75079365
K= 2698
12.4333333335
K= 2699
11.5952380954
K= 2700
20.7039283499
K= 2701
4878.93156755
K= 2702
10.1380952381
K= 2703
26.7703425231
K= 2704
8445.33333333
K= 2705
11.8000000002
K= 2706
11.5952380954
K= 2707
8554.0
K= 2708
4602.04630647
K= 2709
20.70392835
K= 2710
88.1270566852
K= 2711
8594.0
K= 2712
3172.7189351
K= 2713
10.0845238095
K= 2714
8.28826075885
K= 2715
42.4738095239
K= 2716
4842.8015873
K= 2717
4206.0
K= 2718
17.1635177688
K= 2719
26.6867424244
K= 2720
4610.75079365
K= 2721
157.0
K= 2722
828.992857143
K= 2723
4135.0
K= 2724
8563.0
K= 2725
200.967434451
K= 2726
44.0635283425
K= 2727
4601.0
K= 2728
4489.55114943
K= 2729
325.750793651
K= 2730
384.158022298
K= 2731
4840.90841009
K= 2732
4829.983743
K= 2733
4483.5040107
K= 2734
4882.8015873
K= 2735
8612.0
K= 2736
147.0
K= 2737
4497.70392835
K= 2738
607.0
K= 2739
22.8611473901
K= 2740
210.583333333
K= 2741
28.5830565862
K= 2742
8.07222222211
K= 2743
20.70392835
K= 2744
19.25
K= 2745
74.0
K= 2746
4303.75
K= 2747
35.9304870721
K= 2748
4826.1580223
K= 2749
4904.8547619
K= 2750
38.90629975
K= 2751
4497.70392835
K= 2752
20.7039283499
K= 2753
113.333333333
K= 2754
8606.0
K= 2755
6435.16534442
K= 2756
4869.94077312
K= 2757
37.1042133545
K= 2758
354.19882653
K= 2759
8839.0
K= 2760
554.258333333
K= 2761
12.5166666667
K= 2762
4848.92483994
K= 2763
38.6816239317
K= 2764
4806.1580223
K= 2765
7.51199813245
K= 2766
165.75
K= 2767
4845.51519952
K= 2768
7.03679653688
K= 2769
4762.5603022
K= 2770
8610.0
K= 2771
4594.0
K= 2772
10.5461700336
K= 2773
4483.44082166
K= 2774
18.4718409585
K= 2775
8839.0
K= 2776
4487.95635965
K= 2777
4166.03437783
K= 2778
4901.12619048
K= 2779
4455.0
K= 2780
12.5166666667
K= 2781
12.4666666668
K= 2782
32.6361905638
K= 2783
16.7150183149
K= 2784
4598.0
K= 2785
375.670913836
K= 2786
4497.70392835
K= 2787
8831.0
K= 2788
15.4393162393
K= 2789
22.8065072183
K= 2790
15.5305121023
K= 2791
8612.0
K= 2792
8612.0
K= 2793
35.5333452418
K= 2794
12.4095238096
K= 2795
20.70392835
K= 2796
31.0446741027
K= 2797
35.229978355
K= 2798
7.5467032966
K= 2799
49.6568867706
K= 2800
15.1666666667
K= 2801
5702.26480068
K= 2802
8610.0
K= 2803
12.0445658073
K= 2804
4303.75
K= 2805
6.97696176381
K= 2806
4497.70392835
K= 2807
11.2000000001
K= 2808
20.70392835
K= 2809
20.4418924389
K= 2810
4872.42378455
K= 2811
12.5166666667
K= 2812
234.094920756
K= 2813
1069.08377073
K= 2814
4592.0
K= 2815
4303.75
K= 2816
12.231084318
K= 2817
183.333333333
K= 2818
8614.0
K= 2819
4489.46666667
K= 2820
4569.69830257
K= 2821
4135.0
K= 2822
141.0
K= 2823
4603.0
K= 2824
9.86904761917
K= 2825
149.196129776
K= 2826
35.1762362679
K= 2827
8395.0
K= 2828
21.5781177155
K= 2829
11.5248120301
K= 2830
4610.75079365
K= 2831
4303.75
K= 2832
4568.0
K= 2833
4503.70392835
K= 2834
4489.01666667
K= 2835
8839.0
K= 2836
14885.5
K= 2837
443.725684222
K= 2838
5108.79877132
K= 2839
6490.68267958
K= 2840
4486.56666667
K= 2841
4922.06666667
K= 2842
533.473448773
K= 2843
208.083333333
K= 2844
9.44166666665
K= 2845
4393.0
K= 2846
125.933333333
K= 2847
22.3490453874
K= 2848
17.8977994228
K= 2849
3963.008066
K= 2850
10.161904762
K= 2851
138.0
K= 2852
369.296731459
K= 2853
8612.0
K= 2854
15.6569997052
K= 2855
4528.61245493
K= 2856
8958.36840659
K= 2857
138.369047619
K= 2858
6490.68267958
K= 2859
7.73836996348
K= 2860
606.0
K= 2861
41.4078566999
K= 2862
4541.0
K= 2863
6074.18160153
K= 2864
21.20392835
K= 2865
5182.60241247
K= 2866
4135.0
K= 2867
374.845219638
K= 2868
41.8998217469
K= 2869
27.54041751
K= 2870
4486.31904762
K= 2871
308.850295006
K= 2872
4812.92483994
K= 2873
368.51519952
K= 2874
44.0635283425
K= 2875
392.582572833
K= 2876
4497.70392835
K= 2877
20.70392835
K= 2878
20.70392835
K= 2879
22.8611473901
K= 2880
4499.86114739
K= 2881
8612.0
K= 2882
315.933865933
K= 2883
4969.1
K= 2884
178.333333333
K= 2885
6837.88879763
K= 2886
22.8611473901
K= 2887
188.583333333
K= 2888
53.4384781887
K= 2889
21.3775965254
K= 2890
12.5166666667
K= 2891
12.0166666667
K= 2892
20.70392835
K= 2893
982.817104063
K= 2894
4303.75
K= 2895
159.0
K= 2896
17210.0
K= 2897
432.801206236
K= 2898
345.344444444
K= 2899
321.911247564
K= 2900
166.0
K= 2901
8606.0
K= 2902
4620.0
K= 2903
44.0635283425
K= 2904
20.70392835
K= 2905
4147.16666667
K= 2906
4135.0
K= 2907
11684.7240304
K= 2908
146.0
K= 2909
4567.0
K= 2910
791.245101637
K= 2911
4483.15842799
K= 2912
146.583333333
K= 2913
29.2622326204
K= 2914
4802.75079365
K= 2915
4810.42378455
K= 2916
12.5166666667
K= 2917
197.583333333
K= 2918
4874.27630804
K= 2919
7.51666666672
K= 2920
4497.70392835
K= 2921
8839.0
K= 2922
4921.96526251
K= 2923
20.70392835
K= 2924
35.3908963585
K= 2925
9.86904761917
K= 2926
400.166666667
K= 2927
4637.83333333
K= 2928
188.616666667
K= 2929
7.19313725503
K= 2930
52.8798212897
K= 2931
16.2385081586
K= 2932
4497.70392835
K= 2933
4826.1580223
K= 2934
10.761904762
K= 2935
459.20264188
K= 2936
22.8611473901
K= 2937
12.4095238096
K= 2938
231.608195583
K= 2939
39.5274547295
K= 2940
10.0666666667
K= 2941
4461.0
K= 2942
74.9009107127
K= 2943
12.5166666667
K= 2944
15.5047979798
K= 2945
4578.5007992
K= 2946
4135.0
K= 2947
4672.1580223
K= 2948
11.3666666667
K= 2949
20.70392835
K= 2950
4455.75
K= 2951
25.0333333334
K= 2952
144.0
K= 2953
552.258333333
K= 2954
4678.34975857
K= 2955
9.56273911265
K= 2956
4303.75
K= 2957
4448.96316739
K= 2958
4135.0
K= 2959
53.9082967354
K= 2960
4682.06951786
K= 2961
5440.23135342
K= 2962
20.70392835
K= 2963
4659.58333333
K= 2964
391.557299605
K= 2965
5.47325581394
K= 2966
8618.0
K= 2967
41.4078566999
K= 2968
184.760187694
K= 2969
8612.0
K= 2970
4135.0
K= 2971
4812.98424896
K= 2972
4303.75
K= 2973
12.2666666667
K= 2974
10.2245370371
K= 2975
20.7384111086
K= 2976
302.711518497
K= 2977
283.218826193
K= 2978
4527.0
K= 2979
20.70392835
K= 2980
12.5166666667
K= 2981
4451.0
K= 2982
20.70392835
K= 2983
12.5166666667
K= 2984
21.8611473901
K= 2985
8589.0
K= 2986
7.69188034185
K= 2987
4148.5
K= 2988
4808.75079365
K= 2989
4610.75079365
K= 2990
150.583333333
K= 2991
4303.75
K= 2992
20.70392835
K= 2993
11.2000000001
K= 2994
14.7011494252
K= 2995
4494.2
K= 2996
172.65
K= 2997
3190.15535914
K= 2998
4789.34821559
K= 2999
4487.16190476
K= 3000
16.375
K= 3001
4134.0
K= 3002
12.8000000002
K= 3003
9.84444444452
K= 3004
4903.98344156
K= 3005
310.373477912
K= 3006
11.2000000001
K= 3007
4802.75079365
K= 3008
21.079311342
K= 3009
38.9744503273
K= 3010
4878.42378455
K= 3011
632.668664534
K= 3012
4701.75833333
K= 3013
11.9453700323
K= 3014
20.20392835
K= 3015
4852.00481602
K= 3016
4135.0
K= 3017
8.27792889078
K= 3018
23.7723238595
K= 3019
8606.0
K= 3020
4487.36666667
K= 3021
4703.09866245
K= 3022
18.3919413921
K= 3023
4914.76319967
K= 3024
403.011237341
K= 3025
139.461466843
K= 3026
30.2197011322
K= 3027
4829.9882871
K= 3028
8.94166666677
K= 3029
4455.75
K= 3030
4491.25
K= 3031
404.641666667
K= 3032
34.9436819173
K= 3033
34.8942981856
K= 3034
345.344444444
K= 3035
11.8666666667
K= 3036
328.000793651
K= 3037
8839.0
K= 3038
4489.51666667
K= 3039
12.4333333335
K= 3040
11.2000000001
K= 3041
4610.75079365
K= 3042
4822.29975887
K= 3043
4610.75079365
K= 3044
8558.75
K= 3045
9.54600703844
K= 3046
4483.21500722
K= 3047
13.809196067
K= 3048
4485.04592075
K= 3049
22.8611473901
K= 3050
421.565873016
K= 3051
11.8961038961
K= 3052
20.70392835
K= 3053
11685.4514033
K= 3054
4486.25277778
K= 3055
4135.0
K= 3056
20.70392835
K= 3057
4303.75
K= 3058
424.228968254
K= 3059
20.70392835
K= 3060
4497.70392835
K= 3061
4883.35766733
K= 3062
290.816666667
K= 3063
4822.47619048
K= 3064
4135.0
K= 3065
4303.75
K= 3066
4594.0
K= 3067
23.3666666668
K= 3068
7.03140962776
K= 3069
189.583333333
K= 3070
4845.51519952
K= 3071
11.2000000001
K= 3072
8612.0
K= 3073
8839.0
K= 3074
8839.0
K= 3075
8.77291549032
K= 3076
10.1619047619
K= 3077
33.8380952382
K= 3078
8612.0
K= 3079
4842.8015873
K= 3080
10.661904762
K= 3081
161.0
K= 3082
20.7039283499
K= 3083
4947.15277778
K= 3084
4303.75
K= 3085
21.2887386171
K= 3086
9.95357142866
K= 3087
12.0166666667
K= 3088
4499.86114739
K= 3089
4169.0
K= 3090
3251.55956056
K= 3091
4842.8015873
K= 3092
8594.0
K= 3093
12.4095238096
K= 3094
210.583333333
K= 3095
22.8611473901
K= 3096
11.8666666667
K= 3097
11.3666666667
K= 3098
20.70392835
K= 3099
37.378316
K= 3100
9.08571428584
K= 3101
45.7222947803
K= 3102
248.42857143
K= 3103
4847.37476755
K= 3104
19.7631224712
K= 3105
20.70392835
K= 3106
75.3780386281
K= 3107
4784.50037273
K= 3108
8609.0
K= 3109
12.2666666667
K= 3110
5071.80165944
K= 3111
8839.0
K= 3112
4303.75
K= 3113
4233.0
K= 3114
37.9809523809
K= 3115
12.0166666667
K= 3116
11.8666666667
K= 3117
159.0
K= 3118
2.0
K= 3119
22.8611473901
K= 3120
4483.73776402
K= 3121
4137.36017094
K= 3122
7.21515151521
K= 3123
472.622222223
K= 3124
2.0
K= 3125
8619.0
K= 3126
445.893119336
K= 3127
4488.01666667
K= 3128
4863.39052753
K= 3129
70.106562137
K= 3130
4845.51519952
K= 3131
2355.51437082
K= 3132
410.696838874
K= 3133
24.2557932263
K= 3134
9.52495543682
K= 3135
192.666666667
K= 3136
36.4119685077
K= 3137
11.8000000002
K= 3138
8645.0
K= 3139
4135.0
K= 3140
8606.5
K= 3141
20.70392835
K= 3142
31.4000000001
K= 3143
4574.40530233
K= 3144
142.0
K= 3145
10.0325757576
K= 3146
210.583333333
K= 3147
4303.75
K= 3148
20.1660922411
K= 3149
322.494444444
K= 3150
21.5965642586
K= 3151
4923.73333333
K= 3152
200.333333333
K= 3153
122.0
K= 3154
4168.0
K= 3155
8619.0
K= 3156
20.70392835
K= 3157
4613.0
K= 3158
20.70392835
K= 3159
1058.45091316
K= 3160
147.0
K= 3161
4488.51666667
K= 3162
9.15714285721
K= 3163
4128.0
K= 3164
60.4624500501
K= 3165
8576.73552851
K= 3166
4782.64831549
K= 3167
36.9182261209
K= 3168
8839.0
K= 3169
7.68303870049
K= 3170
4625.0
K= 3171
51.6337126601
K= 3172
60.9005179459
K= 3173
8839.0
K= 3174
30.3556571929
K= 3175
11.8666666667
K= 3176
4639.46480823
K= 3177
66.3453615913
K= 3178
20.3288613692
K= 3179
12.5166666667
K= 3180
133.0
K= 3181
4168.0
K= 3182
11.8666666667
K= 3183
4826.1580223
K= 3184
449.775531607
K= 3185
143.0
K= 3186
22.9839285716
K= 3187
6.25902185938
K= 3188
32.3531852205
K= 3189
9.95357142866
K= 3190
6.61417748919
K= 3191
8839.0
K= 3192
11679.8993106
K= 3193
4900.20508325
K= 3194
10.6380952381
K= 3195
4842.8015873
K= 3196
4958.8690078
K= 3197
9001.0
K= 3198
5.7501380262
K= 3199
4876.07932052
K= 3200
11.8500000001
K= 3201
13.3265873017
K= 3202
4147.16666667
K= 3203
9.00718355714
K= 3204
165.0
K= 3205
4803.42378455
K= 3206
4303.75
K= 3207
14.9195494865
K= 3208
4206.0
K= 3209
8839.0
K= 3210
2900.07995366
K= 3211
551.258333333
K= 3212
87.7937233518
K= 3213
4303.75
K= 3214
144.0
K= 3215
158.816666667
K= 3216
4947.46980125
K= 3217
4303.75
K= 3218
9.58147049276
K= 3219
12.4174963926
K= 3220
7.58632478642
K= 3221
424.457235833
K= 3222
4609.85027473
K= 3223
346.719406475
K= 3224
51.6394230769
K= 3225
12.5166666667
K= 3226
184.333333333
K= 3227
8832.0
K= 3228
2.0
K= 3229
545.925
K= 3230
210.781204024
K= 3231
4812.28867244
K= 3232
4487.73333333
K= 3233
4882.51825397
K= 3234
5446.23135342
K= 3235
105.246012325
K= 3236
8839.0
K= 3237
27.1056571929
K= 3238
4621.0
K= 3239
174.317461218
K= 3240
8612.0
K= 3241
13.6000000001
K= 3242
34.6175505052
K= 3243
82.267857143
K= 3244
4882.8015873
K= 3245
5703.34813402
K= 3246
22372.7444444
K= 3247
4303.75
K= 3248
8594.0
K= 3249
4691.55457524
K= 3250
30.3556571929
K= 3251
210.583333333
K= 3252
12.5166666667
K= 3253
12.5166666667
K= 3254
4147.16666667
K= 3255
8967.45021645
K= 3256
20.0523809524
K= 3257
20.20392835
K= 3258
33.1490016519
K= 3259
20.812080023
K= 3260
7.1198412698
K= 3261
4842.8015873
K= 3262
4486.00718356
K= 3263
4135.0
K= 3264
134.0
K= 3265
0.0
K= 3266
27.6866095738
K= 3267
2862.87346494
K= 3268
12.8000000002
K= 3269
11.1333333335
K= 3270
8839.0
K= 3271
7.15555555548
K= 3272
4610.75079365
K= 3273
476.394429182
K= 3274
110.0
K= 3275
4303.75
K= 3276
189.583333333
K= 3277
9.93968253979
K= 3278
9.18571428582
K= 3279
9.07500000007
K= 3280
282.819434812
K= 3281
20.70392835
K= 3282
163.0
K= 3283
16.0767912138
K= 3284
4619.0
K= 3285
14.3157894737
K= 3286
8.66908831894
K= 3287
4872.96526251
K= 3288
8611.0
K= 3289
399.280808081
K= 3290
14.8452380954
K= 3291
18.4055555556
K= 3292
182.14710609
K= 3293
6.60351403255
K= 3294
45.8389975453
K= 3295
4135.0
K= 3296
4825.82823924
K= 3297
4286.0
K= 3298
528.061904762
K= 3299
20.7039283499
K= 3300
7.56343101349
K= 3301
21.2974296843
K= 3302
4303.75
K= 3303
4497.70392835
K= 3304
36.5117918988
K= 3305
4883.52916667
K= 3306
11.8000000002
K= 3307
325.750793651
K= 3308
147.5
K= 3309
4921.66666667
K= 3310
12.4095238096
K= 3311
75.3780386281
K= 3312
20.70392835
K= 3313
4430.27868742
K= 3314
5108.79877132
K= 3315
9.65714285721
K= 3316
8602.0
K= 3317
20.20392835
K= 3318
4778.5007992
K= 3319
139.0
K= 3320
7.81277056271
K= 3321
159.0
K= 3322
4303.75
K= 3323
7.55742296937
K= 3324
17.1258645377
K= 3325
9.84444444452
K= 3326
9.17777777789
K= 3327
17580.2
K= 3328
5.66666666663
K= 3329
19.6764705882
K= 3330
8.48268398282
K= 3331
607.0
K= 3332
4882.51825397
K= 3333
4594.0
K= 3334
4497.20392835
K= 3335
4168.0
K= 3336
15.6245746246
K= 3337
180.033333333
K= 3338
4596.41630592
K= 3339
4764.0
K= 3340
4507.12735272
K= 3341
294.086335404
K= 3342
8839.0
K= 3343
4587.18333333
K= 3344
11.5952380954
K= 3345
158.15
K= 3346
4591.0
K= 3347
4483.43655844
K= 3348
350.653172931
K= 3349
17678.0
K= 3350
368.848257
K= 3351
4488.2
K= 3352
56.6304388422
K= 3353
20.70392835
K= 3354
17678.0
K= 3355
19.397571478
K= 3356
88.1932900434
K= 3357
8.35026315774
K= 3358
4624.5007992
K= 3359
46.3397148746
K= 3360
8411.5
K= 3361
4895.9867683
K= 3362
150.416666667
K= 3363
5697.34064335
K= 3364
4303.75
K= 3365
4303.75
K= 3366
20.7039283499
K= 3367
4878.68236671
K= 3368
10.0666666667
K= 3369
4484.0
K= 3370
4778.5007992
K= 3371
165.283333333
K= 3372
10.1380952381
K= 3373
178.0
K= 3374
462.136371961
K= 3375
4802.75079365
K= 3376
49.5512042253
K= 3377
4135.0
K= 3378
9.36904761917
K= 3379
4168.0
K= 3380
4497.70392835
K= 3381
4778.5007992
K= 3382
4801.75079365
K= 3383
4303.75
K= 3384
142.5
K= 3385
189.583333333
K= 3386
4872.42378455
K= 3387
4303.75
K= 3388
4303.75
K= 3389
667.628100466
K= 3390
21.5
K= 3391
6391.05811496
K= 3392
4135.0
K= 3393
366.486519553
K= 3394
66.7473002683
K= 3395
4798.22568422
K= 3396
210.583333333
K= 3397
4303.75
K= 3398
188.583333333
K= 3399
4286.0
K= 3400
8839.0
K= 3401
8839.0
K= 3402
4888.12448107
K= 3403
4924.83026777
K= 3404
4911.26468254
K= 3405
3636.41931704
K= 3406
3628.43361481
K= 3407
158.816666667
K= 3408
20.9874888475
K= 3409
8.36263736268
K= 3410
4889.45595238
K= 3411
12.5166666667
K= 3412
9.26904761908
K= 3413
4489.6
K= 3414
4135.0
K= 3415
6.00935251021
K= 3416
540.61547619
K= 3417
6.86456140364
K= 3418
4497.70392835
K= 3419
20.70392835
K= 3420
9.90726760007
K= 3421
6.45645363396
K= 3422
385.6712306
K= 3423
20.70392835
K= 3424
4822.29975887
K= 3425
743.522480592
K= 3426
4852.00481602
K= 3427
6.56474850827
K= 3428
44.0635283425
K= 3429
6.33333333337
K= 3430
4872.42378455
K= 3431
6.95415499539
K= 3432
492.0
K= 3433
11.2000000001
K= 3434
33.1194677872
K= 3435
4511.28334524
K= 3436
8606.0
K= 3437
4596.0
K= 3438
4610.0
K= 3439
4303.75
K= 3440
4303.75
K= 3441
165.0
K= 3442
4497.70392835
K= 3443
11.2000000001
K= 3444
8839.0
K= 3445
181.0
K= 3446
8839.0
K= 3447
115.0
K= 3448
134.5
K= 3449
10.661904762
K= 3450
33.470179741
K= 3451
8839.0
K= 3452
35.4470167514
K= 3453
20.70392835
K= 3454
497.258333333
K= 3455
4618.5
K= 3456
44.0635283425
K= 3457
12.0166666667
K= 3458
4303.75
K= 3459
4497.70392835
K= 3460
4872.42378455
K= 3461
20.70392835
K= 3462
4822.99143803
K= 3463
8612.0
K= 3464
9.82857142866
K= 3465
114.5
K= 3466
22.3475922116
K= 3467
4395.0
K= 3468
863.41360623
K= 3469
4303.75
K= 3470
13.465452848
K= 3471
12.3666666667
K= 3472
384.656262381
K= 3473
4879.09866245
K= 3474
13.0845238095
K= 3475
4303.75
K= 3476
8609.0
K= 3477
54.878004835
K= 3478
16.2666666667
K= 3479
7.04998547921
K= 3480
4778.5007992
K= 3481
391.374767545
K= 3482
158.0
K= 3483
9.00718355714
K= 3484
7.19632450875
K= 3485
14.8
K= 3486
4485.4
K= 3487
4802.75079365
K= 3488
4610.75079365
K= 3489
20.70392835
K= 3490
141.0
K= 3491
25.3019685692
K= 3492
8839.0
K= 3493
526.990306598
K= 3494
8839.0
K= 3495
4027.33333333
K= 3496
4801.98800505
K= 3497
5962.09341067
K= 3498
26.1833333335
K= 3499
4568.0
K= 3500
7.952991453
K= 3501
4701.37737124
K= 3502
4283.75
K= 3503
4168.0
K= 3504
4965.90555556
K= 3505
346.454004329
K= 3506
4923.75
K= 3507
4156.0
K= 3508
27.4095238096
K= 3509
20.70392835
K= 3510
4904.08333333
K= 3511
37.3524031525
K= 3512
4303.75
K= 3513
4502.02577076
K= 3514
6.57922077936
K= 3515
12.6000000001
K= 3516
66.7473002683
K= 3517
11648.7175325
K= 3518
18.3480930835
K= 3519
8.250041625
K= 3520
7.0
K= 3521
4303.75
K= 3522
20.70392835
K= 3523
4303.75
K= 3524
550.1
K= 3525
20.6604500891
K= 3526
10.6380952381
K= 3527
8612.0
K= 3528
11.0952380954
K= 3529
4610.75079365
K= 3530
4491.39998785
K= 3531
404.285714286
K= 3532
4839.4208683
K= 3533
27.7266767733
K= 3534
81.1997638823
K= 3535
11658.4986092
K= 3536
20.70392835
K= 3537
4610.75079365
K= 3538
12.5166666667
K= 3539
4798.22568422
K= 3540
11714.7613591
K= 3541
341.92421338
K= 3542
58.7780386282
K= 3543
159.057142857
K= 3544
8839.0
K= 3545
177.65
K= 3546
8839.0
K= 3547
4303.75
K= 3548
11.8666666667
K= 3549
20.70392835
K= 3550
4802.75079365
K= 3551
12.6000000001
K= 3552
40.4078566999
K= 3553
20.70392835
K= 3554
376.077707319
K= 3555
4497.70392835
K= 3556
4812.92483994
K= 3557
143.0
K= 3558
28.5261505721
K= 3559
4659.58333333
K= 3560
12.6000000001
K= 3561
12.9463477699
K= 3562
28.6139796847
K= 3563
4870.3740716
K= 3564
8963.05344079
K= 3565
4914.38809524
K= 3566
8.06904761912
K= 3567
406.03968254
K= 3568
384.158022298
K= 3569
8619.0
K= 3570
4303.75
K= 3571
4303.75
K= 3572
210.583333333
K= 3573
4867.48217893
K= 3574
4562.58828198
K= 3575
4901.32821068
K= 3576
4303.75
K= 3577
14.0458309806
K= 3578
163.583333333
K= 3579
61.3959040913
K= 3580
4135.0
K= 3581
86.5333333334
K= 3582
4893.07612943
K= 3583
4872.42378455
K= 3584
210.583333333
K= 3585
4486.86904762
K= 3586
4609.73690476
K= 3587
190.533333333
K= 3588
11.7083333333
K= 3589
10.9714285715
K= 3590
4542.5962234
K= 3591
318.123675751
K= 3592
8839.0
K= 3593
8618.0
K= 3594
19.9880952382
K= 3595
4844.51519952
K= 3596
10.4801235365
K= 3597
178.0
K= 3598
4303.75
K= 3599
10.6380952381
K= 3600
41.0384872915
K= 3601
17.7999999999
K= 3602
562.209875061
K= 3603
161.166666667
K= 3604
8553.66666667
K= 3605
363.4275551
K= 3606
4709.22568422
K= 3607
5690.93720179
K= 3608
8839.0
K= 3609
36.4429254956
K= 3610
8839.0
K= 3611
4726.44739464
K= 3612
4573.0
K= 3613
8588.0
K= 3614
16.0232323232
K= 3615
4614.0
K= 3616
8965.12752525
K= 3617
4610.75079365
K= 3618
10.9294944954
K= 3619
404.732510573
K= 3620
11.8666666667
K= 3621
18.3628730917
K= 3622
21.20392835
K= 3623
134.0
K= 3624
434.854761905
K= 3625
6.99523809529
K= 3626
4947.35860806
K= 3627
5108.79877132
K= 3628
4583.4
K= 3629
324.750793651
K= 3630
8.61904761917
K= 3631
348.990806962
K= 3632
422.197619047
K= 3633
11.011904762
K= 3634
4135.0
K= 3635
4497.70392835
K= 3636
10.5627391126
K= 3637
9.56273911265
K= 3638
13.4007836528
K= 3639
551.258333333
K= 3640
27.0372571578
K= 3641
4481.5780873
K= 3642
6527.87823457
K= 3643
4206.0
K= 3644
9.92857142864
K= 3645
10.3452380954
K= 3646
4732.77952728
K= 3647
11703.3518856
K= 3648
4493.16190476
K= 3649
4587.0
K= 3650
5108.79877132
K= 3651
4848.9146645
K= 3652
8612.0
K= 3653
300.063473689
K= 3654
4653.91887171
K= 3655
4872.42378455
K= 3656
4925.27359944
K= 3657
8606.0
K= 3658
210.583333333
K= 3659
22.7770879837
K= 3660
4303.75
K= 3661
8.49670329678
K= 3662
20.70392835
K= 3663
4162.16666667
K= 3664
5977.96049945
K= 3665
9.99523809541
K= 3666
12.5839876343
K= 3667
4635.15
K= 3668
8839.0
K= 3669
4484.172545
K= 3670
28.2377622379
K= 3671
4406.89702038
K= 3672
358.190981241
K= 3673
4303.75
K= 3674
4488.66666667
K= 3675
4486.00718356
K= 3676
179.15
K= 3677
22.8000000002
K= 3678
4135.0
K= 3679
4703.0
K= 3680
7.82222222211
K= 3681
7.72510822525
K= 3682
404.967979635
K= 3683
145.25
K= 3684
4480.91666667
K= 3685
66.7473002683
K= 3686
11.3666666667
K= 3687
4560.0
K= 3688
4303.75
K= 3689
12.6000000001
K= 3690
743.000738249
K= 3691
4852.06951786
K= 3692
127.333333333
K= 3693
48.6357680055
K= 3694
14.73096309
K= 3695
79.5095238095
K= 3696
5958.05696641
K= 3697
4774.18423087
K= 3698
4868.57201742
K= 3699
6.16906182771
K= 3700
4370.5
K= 3701
4620.0
K= 3702
22.8611473901
K= 3703
20.6483727944
K= 3704
10.0666666667
K= 3705
8612.0
K= 3706
4375.0
K= 3707
4568.0
K= 3708
18.3320013318
K= 3709
6.16897622624
K= 3710
185.083333333
K= 3711
14.2083638584
K= 3712
4905.20555556
K= 3713
4483.60793651
K= 3714
4830.06320069
K= 3715
4794.77265512
K= 3716
10.365909091
K= 3717
5269.14403484
K= 3718
20.1814125427
K= 3719
8839.0
K= 3720
54.6000000001
K= 3721
10.0666666667
K= 3722
139.0
K= 3723
142.0
K= 3724
4558.34015746
K= 3725
4875.91201299
K= 3726
4870.93156755
K= 3727
9.56273911265
K= 3728
142.0
K= 3729
155.498159777
K= 3730
11.8666666667
K= 3731
6.41225023346
K= 3732
4511.53611381
K= 3733
142.5
K= 3734
4901.32821068
K= 3735
370.722726621
K= 3736
322.591941392
K= 3737
4570.9289534
K= 3738
179.333333333
K= 3739
8839.0
K= 3740
4909.6047619
K= 3741
4497.70392835
K= 3742
8.95238095254
K= 3743
9.00718355714
K= 3744
14.1000000001
K= 3745
22.7333333334
K= 3746
70.3043262294
K= 3747
559.509316363
K= 3748
13.2825757575
K= 3749
387.918871711
K= 3750
25.2000000001
K= 3751
20.70392835
K= 3752
6.82003662991
K= 3753
11777.7471835
K= 3754
4486.86904762
K= 3755
4399.0
K= 3756
6.0977873978
K= 3757
20.1060281385
K= 3758
8839.0
K= 3759
182.14710609
K= 3760
11689.9480241
K= 3761
4497.70392835
K= 3762
50.4983370288
K= 3763
185.583333333
K= 3764
4303.75
K= 3765
7.23272642412
K= 3766
4168.0
K= 3767
4872.42378455
K= 3768
3752.41149686
K= 3769
171.533333333
K= 3770
11.5166666667
K= 3771
7.5490079365
K= 3772
11.2666666667
K= 3773
4749.22568422
K= 3774
81.1997638823
K= 3775
12.5166666667
K= 3776
20.70392835
K= 3777
4489.26666667
K= 3778
364.879761905
K= 3779
12.4095238096
K= 3780
183.752380952
K= 3781
547.558961871
K= 3782
4489.0
K= 3783
371.070651391
K= 3784
5108.79877132
K= 3785
4303.75
K= 3786
28.6768932235
K= 3787
14.4969696971
K= 3788
11.8000000002
K= 3789
20.70392835
K= 3790
209.583333333
K= 3791
5108.79877132
K= 3792
31.5666666668
K= 3793
177.0
K= 3794
12.5166666667
K= 3795
20.70392835
K= 3796
13.0080213905
K= 3797
159.0
K= 3798
5066.79877132
K= 3799
4591.5
K= 3800
40.4078566999
K= 3801
4135.0
K= 3802
8.17510822532
K= 3803
8839.0
K= 3804
4392.96785714
K= 3805
11.390909091
K= 3806
4486.26666667
K= 3807
4482.16666667
K= 3808
4550.2
K= 3809
21.711518987
K= 3810
8839.0
K= 3811
4286.0
K= 3812
22.8611473902
K= 3813
7414.55064256
K= 3814
9.82857142866
K= 3815
5956.86440349
K= 3816
15.7971177027
K= 3817
700.833333333
K= 3818
4135.0
K= 3819
404.216666666
K= 3820
19.9971906164
K= 3821
552.258333333
K= 3822
12.4095238096
K= 3823
8839.0
K= 3824
210.583333333
K= 3825
8839.0
K= 3826
15.0
K= 3827
9.11904761917
K= 3828
119.450540729
K= 3829
5702.3838483
K= 3830
12.5166666667
K= 3831
8611.0
K= 3832
43.6298212897
K= 3833
5.47325581394
K= 3834
4371.0
K= 3835
20.70392835
K= 3836
16.8992424243
K= 3837
4914.16666667
K= 3838
412.529166667
K= 3839
124.0
K= 3840
11.5269337801
K= 3841
4141.5
K= 3842
8839.0
K= 3843
4497.70392835
K= 3844
4402.07204923
K= 3845
20.1660922411
K= 3846
20.70392835
K= 3847
4135.0
K= 3848
19.6660922411
K= 3849
9.8583333334
K= 3850
4828.31358388
K= 3851
37.6891574926
K= 3852
8606.0
K= 3853
9.73034547176
K= 3854
26.9857142859
K= 3855
449.266666667
K= 3856
4842.8015873
K= 3857
11.011904762
K= 3858
113.0
K= 3859
17.3555555556
K= 3860
56.244888445
K= 3861
16.5499999999
K= 3862
4133.36017094
K= 3863
104.467857143
K= 3864
57.7164285714
K= 3865
4918.71666667
K= 3866
8839.0
K= 3867
20.70392835
K= 3868
136.34389638
K= 3869
795.848448773
K= 3870
57.1223002683
K= 3871
14.3666666667
K= 3872
300.029869001
K= 3873
4168.0
K= 3874
20.70392835
K= 3875
12.0166666667
K= 3876
20.70392835
K= 3877
20.70392835
K= 3878
4609.0
K= 3879
39.2791666667
K= 3880
20.7039283499
K= 3881
11.5236235458
K= 3882
4497.70392835
K= 3883
4303.75
K= 3884
5.9916666667
K= 3885
4875.91201299
K= 3886
20.70392835
K= 3887
20.128477004
K= 3888
356.164739715
K= 3889
12.9099567099
K= 3890
4837.62381946
K= 3891
4606.27234791
K= 3892
169.083333333
K= 3893
12.7160633486
K= 3894
8.30842074601
K= 3895
4455.0
K= 3896
4497.70392835
K= 3897
8441.21666667
K= 3898
400.128259285
K= 3899
4397.5
K= 3900
8839.0
K= 3901
4486.23333333
K= 3902
8619.0
K= 3903
4621.0
K= 3904
173.65995671
K= 3905
232.110236822
K= 3906
4911.44356494
K= 3907
8976.03333333
K= 3908
8619.0
K= 3909
4848.45476191
K= 3910
197.116666667
K= 3911
20.20392835
K= 3912
19.7835497836
K= 3913
486.783502608
K= 3914
67.3780386281
K= 3915
22.8611473901
K= 3916
8597.0
K= 3917
4995.6085953
K= 3918
4168.0
K= 3919
20.70392835
K= 3920
31.0807251821
K= 3921
274.424949567
K= 3922
4597.56898336
K= 3923
158.0
K= 3924
164.0
K= 3925
12.0166666667
K= 3926
214.981182796
K= 3927
285.0
K= 3928
9.6136911799
K= 3929
398.258333333
K= 3930
6.31957250449
K= 3931
265.546428571
K= 3932
12.4095238096
K= 3933
29.4222222222
K= 3934
9.56273911265
K= 3935
4978.54659197
K= 3936
20.70392835
K= 3937
4483.3104816
K= 3938
97.2159003261
K= 3939
4671.7386525
K= 3940
4621.0
K= 3941
8618.0
K= 3942
210.583333333
K= 3943
4761.29975887
K= 3944
10.5952380953
K= 3945
143.0
K= 3946
4703.91887171
K= 3947
4141.66666667
K= 3948
22.8611473901
K= 3949
4564.75079365
K= 3950
4866.74550523
K= 3951
45.148922374
K= 3952
146.6625
K= 3953
37.724073149
K= 3954
145.0
K= 3955
4489.51666667
K= 3956
134.5
K= 3957
14.9053030303
K= 3958
115.5
K= 3959
4303.75
K= 3960
8839.0
K= 3961
210.583333333
K= 3962
31.7090760478
K= 3963
19.4372616833
K= 3964
4543.0
K= 3965
4487.86904762
K= 3966
4893.18452381
K= 3967
18.3958975964
K= 3968
13.3571428572
K= 3969
4867.61351426
K= 3970
5.83905890526
K= 3971
210.583333333
K= 3972
421.857233949
K= 3973
15.8902966315
K= 3974
8.13104575151
K= 3975
4563.75079365
K= 3976
33.6130368839
K= 3977
4693.22568422
K= 3978
11.8500000001
K= 3979
20.70392835
K= 3980
410.898770674
K= 3981
4768.51519952
K= 3982
4842.8015873
K= 3983
11.8000000002
K= 3984
22.70392835
K= 3985
12.5166666667
K= 3986
4619.0
K= 3987
54.7727633478
K= 3988
11.5952380954
K= 3989
4802.75079365
K= 3990
9561.26655795
K= 3991
4487.16190476
K= 3992
4135.0
K= 3993
27.2625000001
K= 3994
4610.75079365
K= 3995
27.7710958922
K= 3996
8619.0
K= 3997
188.583333333
K= 3998
244.351440227
K= 3999
130.116666667
K= 4000
4513.26375114
K= 4001
196.116666667
K= 4002
613.426190476
K= 4003
5095.41330315
K= 4004
10.6312229437
K= 4005
4135.0
K= 4006
34.8920856921
K= 4007
142.333333333
K= 4008
20.70392835
K= 4009
4931.16666667
K= 4010
4229.36902449
K= 4011
115.5
K= 4012
4634.0
K= 4013
179.0
K= 4014
4748.23161634
K= 4015
8612.0
K= 4016
4842.8015873
K= 4017
8839.0
K= 4018
4630.0
K= 4019
521.552813852
K= 4020
350.166666667
K= 4021
131.66373828
K= 4022
8839.0
K= 4023
4494.84271397
K= 4024
4303.75
K= 4025
411.682366707
K= 4026
4878.42378455
K= 4027
41.4078566999
K= 4028
16.1444444444
K= 4029
4863.90841009
K= 4030
7.19626470027
K= 4031
6097.74974465
K= 4032
4886.75169206
K= 4033
11.2000000001
K= 4034
8839.0
K= 4035
11687.063816
K= 4036
143.0
K= 4037
4135.0
K= 4038
4969.1
K= 4039
4837.36625768
K= 4040
4858.80885639
K= 4041
4303.75
K= 4042
119.0
K= 4043
8609.0
K= 4044
135.340909091
K= 4045
4732.5007992
K= 4046
15.9838951828
K= 4047
2497.08681639
K= 4048
4319.0
K= 4049
11.5952380954
K= 4050
20.70392835
K= 4051
5.19170927128
K= 4052
4303.75
K= 4053
4303.75
K= 4054
6.98670329666
K= 4055
4801.75079365
K= 4056
159.0
K= 4057
162.0
K= 4058
4498.20392835
K= 4059
20.70392835
K= 4060
4929.46279635
K= 4061
29.6906629319
K= 4062
377.016277193
K= 4063
11.9023809524
K= 4064
4303.75
K= 4065
164.0
K= 4066
4822.19098124
K= 4067
11.2000000001
K= 4068
8619.0
K= 4069
4919.6824067
K= 4070
8839.0
K= 4071
363.879761905
K= 4072
66.7473002683
K= 4073
24.8556571929
K= 4074
28.6768932235
K= 4075
308.104945905
K= 4076
12.0166666667
K= 4077
37.046847597
K= 4078
8615.81333481
K= 4079
44.0635283425
K= 4080
4905.44870914
K= 4081
9.18154761917
K= 4082
11.8666666667
K= 4083
182.427399267
K= 4084
4776.15149758
K= 4085
8.25126912305
K= 4086
69.8873638344
K= 4087
388.954501622
K= 4088
4633.2
K= 4089
4609.0
K= 4090
4303.75
K= 4091
188.083333333
K= 4092
4497.70392835
K= 4093
8619.0
K= 4094
34.5288440725
K= 4095
4621.0
K= 4096
4810.42378455
K= 4097
163.757142857
K= 4098
9.31273911265
K= 4099
9.07619047631
K= 4100
9.92857142864
K= 4101
4897.97079865
K= 4102
9.81666666665
K= 4103
4482.92134159
K= 4104
7.78650793631
K= 4105
4774.9006622
K= 4106
27.9372528723
K= 4107
11.4220779223
K= 4108
4928.86875522
K= 4109
8839.0
K= 4110
24.6826701359
K= 4111
8607.0
K= 4112
342.035421888
K= 4113
17.1081985728
K= 4114
20.70392835
K= 4115
8609.0
K= 4116
6.0212379396
K= 4117
12.5166666667
K= 4118
4135.0
K= 4119
11.7386363636
K= 4120
69.8782259458
K= 4121
4135.0
K= 4122
2280.70258837
K= 4123
22.6961038962
K= 4124
4602.75079365
K= 4125
4603.0
K= 4126
6.86865715985
K= 4127
4913.5
K= 4128
4850.792288
K= 4129
20.7021167558
K= 4130
8539.0
K= 4131
558.83003663
K= 4132
713.433333333
K= 4133
4497.70392835
K= 4134
106.0
K= 4135
8619.0
K= 4136
4875.37742107
K= 4137
5108.79877132
K= 4138
4873.37278277
K= 4139
7.0
K= 4140
13.5166666667
K= 4141
8839.0
K= 4142
4303.75
K= 4143
97.385714286
K= 4144
4937.10684399
K= 4145
4882.8015873
K= 4146
4848.92483994
K= 4147
210.583333333
K= 4148
4135.0
K= 4149
4335.0
K= 4150
404.285714286
K= 4151
427.329997453
K= 4152
25.6202380953
K= 4153
11.2000000001
K= 4154
11.011904762
K= 4155
133.0
K= 4156
8961.84444444
K= 4157
3288.58811785
K= 4158
20.70392835
K= 4159
3616.5160025
K= 4160
4619.0
K= 4161
11.060998854
K= 4162
4135.0
K= 4163
8612.0
K= 4164
4962.18333333
K= 4165
18.4718409585
K= 4166
547.558961871
K= 4167
456.583333333
K= 4168
4872.06951786
K= 4169
132.5
K= 4170
43.6298212897
K= 4171
119.016666667
K= 4172
9757.36473341
K= 4173
8.50718355714
K= 4174
168.0
K= 4175
201.583333333
K= 4176
24.5277529026
K= 4177
9.56273911265
K= 4178
8615.97510823
K= 4179
192.783333333
K= 4180
4826.1580223
K= 4181
4819.1580223
K= 4182
46.6666666666
K= 4183
356.006597281
K= 4184
4490.48119048
K= 4185
9.11904761917
K= 4186
8619.0
K= 4187
20.20392835
K= 4188
4897.45595238
K= 4189
12.4736947316
K= 4190
10.8680396643
K= 4191
4574.58773449
K= 4192
208.0
K= 4193
4482.19166667
K= 4194
10.4190476192
K= 4195
4303.75
K= 4196
34.0
K= 4197
4497.70392835
K= 4198
6.81766625529
K= 4199
19.8543334736
K= 4200
4810.42378455
K= 4201
12.0462938108
K= 4202
8.51919191924
K= 4203
20.70392835
K= 4204
8.5
K= 4205
4499.86114739
K= 4206
68.5834421704
K= 4207
12.0845238095
K= 4208
8839.0
K= 4209
13438.1496032
K= 4210
4936.59642857
K= 4211
327.344444444
K= 4212
8619.0
K= 4213
4170.0
K= 4214
11.8000000002
K= 4215
4559.94404762
K= 4216
20.70392835
K= 4217
403.381443581
K= 4218
16.2844142786
K= 4219
6220.21022069
K= 4220
21.70392835
K= 4221
129.970430534
K= 4222
12.6000000001
K= 4223
4599.5
K= 4224
4485.30844156
K= 4225
4842.8015873
K= 4226
141.0
K= 4227
4135.0
K= 4228
175.333333333
K= 4229
10.7000000001
K= 4230
20.70392835
K= 4231
5668.06788289
K= 4232
4426.0
K= 4233
4497.70392835
K= 4234
14.8581539377
K= 4235
400.213380492
K= 4236
21.3235964228
K= 4237
12.6000000001
K= 4238
60.878485563
K= 4239
24.7301587303
K= 4240
28.8386731087
K= 4241
11706.1854331
K= 4242
8946.69610872
K= 4243
24.5919222209
K= 4244
4484.78499278
K= 4245
19.6615777338
K= 4246
9.86904761917
K= 4247
4135.0
K= 4248
19.4500433779
K= 4249
4533.0
K= 4250
385.109622107
K= 4251
4850.95719697
K= 4252
189.583333333
K= 4253
4661.00481602
K= 4254
4303.75
K= 4255
20.70392835
K= 4256
144.5
K= 4257
8395.44444444
K= 4258
8612.0
K= 4259
8.67662337667
K= 4260
4489.6
K= 4261
4489.51666667
K= 4262
4610.75079365
K= 4263
4481.21076605
K= 4264
4106.0
K= 4265
4497.70392835
K= 4266
12.6202852704
K= 4267
398.138387021
K= 4268
20.70392835
K= 4269
4560.99166667
K= 4270
4883.52916667
K= 4271
376.500799201
K= 4272
8839.0
K= 4273
4497.70392835
K= 4274
4303.75
K= 4275
7.12765151507
K= 4276
11.8666666667
K= 4277
4497.20392835
K= 4278
7.23420329671
K= 4279
4922.4952381
K= 4280
4601.0
K= 4281
10.1380952381
K= 4282
17678.0
K= 4283
17.3758450496
K= 4284
8612.0
K= 4285
9.82857142866
K= 4286
6482.77571976
K= 4287
17580.2
K= 4288
2610.55337556
K= 4289
11686.8083684
K= 4290
4596.43901458
K= 4291
5.93130953843
K= 4292
12.5166666667
K= 4293
11679.6574384
K= 4294
126.516666667
K= 4295
70.3077836607
K= 4296
4842.62458457
K= 4297
8839.0
K= 4298
4842.8015873
K= 4299
4484.64882479
K= 4300
4885.98161083
K= 4301
143.0
K= 4302
4487.16190476
K= 4303
4510.80001191
K= 4304
4507.26375114
K= 4305
383.549484961
K= 4306
29.3704325064
K= 4307
12.5166666667
K= 4308
4497.70392835
K= 4309
11.011904762
K= 4310
4863.96779609
K= 4311
9.56666666665
K= 4312
4303.75
K= 4313
10.1619047619
K= 4314
11.6714285716
K= 4315
12.0166666667
K= 4316
194.583333333
K= 4317
4483.79199382
K= 4318
20.70392835
K= 4319
11.6000000001
K= 4320
210.583333333
K= 4321
368.51519952
K= 4322
11.391774892
K= 4323
11.6666666666
K= 4324
23.7701871074
K= 4325
7.28215811972
K= 4326
12.5166666667
K= 4327
189.333333333
K= 4328
8.17510822532
K= 4329
7.02690631815
K= 4330
33.5714756257
K= 4331
412.211904762
K= 4332
37.9510622545
K= 4333
32.713615637
K= 4334
20.70392835
K= 4335
367.174924765
K= 4336
4984.44858712
K= 4337
11.0190476192
K= 4338
20.4086773306
K= 4339
4778.5007992
K= 4340
20.70392835
K= 4341
4487.86904762
K= 4342
4168.0
K= 4343
124.833333333
K= 4344
4698.14600574
K= 4345
10.0666666667
K= 4346
6.15252747259
K= 4347
8594.0
K= 4348
4749.22568422
K= 4349
4497.70392835
K= 4350
542.866666667
K= 4351
9.04444444459
K= 4352
22.7382397754
K= 4353
544.925
K= 4354
4409.75079365
K= 4355
8558.75
K= 4356
4818.0
K= 4357
11.8000000002
K= 4358
13.5166666667
K= 4359
22.2965642585
K= 4360
1762.47954897
K= 4361
7.0
K= 4362
4855.32953326
K= 4363
7.24848484865
K= 4364
8299.75
K= 4365
4162.16666667
K= 4366
35.0310755107
K= 4367
35.6666666666
K= 4368
75.3780386281
K= 4369
11.8000000002
K= 4370
4135.0
K= 4371
4827.76699777
K= 4372
82.7047619052
K= 4373
4135.0
K= 4374
4608.17106704
K= 4375
610.25
K= 4376
16.9918414919
K= 4377
4587.0
K= 4378
4727.12619048
K= 4379
4802.75079365
K= 4380
49.9722947803
K= 4381
4802.75079365
K= 4382
4919.33333333
K= 4383
11.011904762
K= 4384
13440.1338384
K= 4385
4497.70392835
K= 4386
4485.20238095
K= 4387
4745.88964494
K= 4388
4876.17777778
K= 4389
5351.31904762
K= 4390
15.401750852
K= 4391
11.5952380953
K= 4392
11685.7628336
K= 4393
32.7726495727
K= 4394
4169.0
K= 4395
76.9769728821
K= 4396
8839.0
K= 4397
4947.83888889
K= 4398
20.70392835
K= 4399
144.0
K= 4400
25.2000000001
K= 4401
4802.75079365
K= 4402
5108.79877132
K= 4403
39.2845654344
K= 4404
8839.0
K= 4405
22.70392835
K= 4406
12.4333333335
K= 4407
547.558961871
K= 4408
4300.75
K= 4409
4497.70392835
K= 4410
4610.75079365
K= 4411
442.763199665
K= 4412
45.7222947803
K= 4413
10.8666666667
K= 4414
8619.0
K= 4415
4564.23649627
K= 4416
8589.8
K= 4417
4486.18571429
K= 4418
4497.70392835
K= 4419
49.969647208
K= 4420
368.458111821
K= 4421
7.78650793643
K= 4422
137.0
K= 4423
4483.84093344
K= 4424
8.81904761924
K= 4425
4749.22568422
K= 4426
4135.0
K= 4427
4610.73690476
K= 4428
20.70392835
K= 4429
39.316029189
K= 4430
4168.0
K= 4431
13.3287601291
K= 4432
152.422222222
K= 4433
45.7222947803
K= 4434
5893.81559254
K= 4435
90.5075757573
K= 4436
4487.16190476
K= 4437
66.7473002683
K= 4438
4866.74550523
K= 4439
422.333333333
K= 4440
18.3696581197
K= 4441
4948.51666667
K= 4442
32.8982919257
K= 4443
7.08333333349
K= 4444
12.4095238096
K= 4445
4134.0
K= 4446
4303.75
K= 4447
8563.0
K= 4448
384.888402781
K= 4449
8839.0
K= 4450
4497.70392835
K= 4451
7.77705627703
K= 4452
164.5
K= 4453
4498.88495691
K= 4454
8839.0
K= 4455
23.9455946464
K= 4456
4497.70392835
K= 4457
39.6951928597
K= 4458
4810.42378455
K= 4459
7.82222222211
K= 4460
4802.75079365
K= 4461
3368.88605829
K= 4462
467.766666667
K= 4463
4665.58333333
K= 4464
31.8812954106
K= 4465
283.166489183
K= 4466
12.5166666667
K= 4467
4770.66787657
K= 4468
4497.70392835
K= 4469
4668.29975887
K= 4470
4162.16666667
K= 4471
51.8388888889
K= 4472
33.2822768657
K= 4473
11.8666666667
K= 4474
11.3666666667
K= 4475
4132.0
K= 4476
32.5444444445
K= 4477
4303.75
K= 4478
4969.1
K= 4479
22.8611473901
K= 4480
847.420238095
K= 4481
20.70392835
K= 4482
3939.17373541
K= 4483
4837.62381946
K= 4484
189.083333333
K= 4485
4286.0
K= 4486
4599.41329791
K= 4487
20.70392835
K= 4488
282.207192904
K= 4489
378.427830111
K= 4490
895.98680431
K= 4491
12.5166666667
K= 4492
4846.02382374
K= 4493
17898.765873
K= 4494
12.5166666667
K= 4495
4597.5
K= 4496
37.813073593
K= 4497
5607.63502285
K= 4498
17192.0
K= 4499
4610.0
K= 4500
176.333333333
K= 4501
11767.8635231
K= 4502
469.876623377
K= 4503
4483.9145614
K= 4504
18.6124999999
K= 4505
4487.66190476
K= 4506
4506.45234314
K= 4507
19.6764705882
K= 4508
134.5
K= 4509
4778.5007992
K= 4510
4303.75
K= 4511
192.916666667
K= 4512
382.816666667
K= 4513
4882.07932052
K= 4514
9.31904761912
K= 4515
424.85952381
K= 4516
20.70392835
K= 4517
12.5166666667
K= 4518
11655.1205628
K= 4519
161.0
K= 4520
420.704304029
K= 4521
22.0238095239
K= 4522
8612.0
K= 4523
4745.73893373
K= 4524
5108.79877132
K= 4525
37.9333333335
K= 4526
10.0666666667
K= 4527
4749.22568422
K= 4528
17.3563546962
K= 4529
9.17777777789
K= 4530
20.70392835
K= 4531
8612.0
K= 4532
11.3666666667
K= 4533
9.17777777789
K= 4534
9.56666666665
K= 4535
4608.75079365
K= 4536
4859.82269045
K= 4537
33.4702597839
K= 4538
11.7666666668
K= 4539
20.70392835
K= 4540
204.083333333
K= 4541
568.706708707
K= 4542
20.20392835
K= 4543
4484.07925408
K= 4544
4455.75
K= 4545
4932.03956044
K= 4546
582.414589424
K= 4547
8619.0
K= 4548
314.847727273
K= 4549
25.728787879
K= 4550
7.2740800865
K= 4551
4303.75
K= 4552
8585.61538462
K= 4553
4784.40308858
K= 4554
142.433333333
K= 4555
8501.33333333
K= 4556
16.2392620241
K= 4557
8839.0
K= 4558
4732.94444444
K= 4559
8606.0
K= 4560
4303.75
K= 4561
547.558961871
K= 4562
20.70392835
K= 4563
4597.0
K= 4564
4802.75079365
K= 4565
18.8792631011
K= 4566
4845.61351426
K= 4567
9.82857142866
K= 4568
179.533333333
K= 4569
148.0
K= 4570
4303.75
K= 4571
56.6754329005
K= 4572
4626.0
K= 4573
305.0
K= 4574
4303.75
K= 4575
11694.3484627
K= 4576
210.583333333
K= 4577
8610.0
K= 4578
4303.75
K= 4579
12.1666666666
K= 4580
4135.82623707
K= 4581
9.09444444452
K= 4582
4574.80711105
K= 4583
325.750793651
K= 4584
22.7529761904
K= 4585
20.70392835
K= 4586
8.81904761912
K= 4587
23.1972222221
K= 4588
496.333333333
K= 4589
191.497619048
K= 4590
42.524107374
K= 4591
11692.9812934
K= 4592
13.1638888889
K= 4593
4485.97142857
K= 4594
10.893925519
K= 4595
482.9
K= 4596
20.70392835
K= 4597
8556.36017094
K= 4598
197.116666667
K= 4599
4489.51666667
K= 4600
8839.0
K= 4601
11.2000000001
K= 4602
4778.5007992
K= 4603
6.76465201483
K= 4604
43.9040639916
K= 4605
4914.76319967
K= 4606
194.583333333
K= 4607
143.0
K= 4608
9.9714285715
K= 4609
4673.53333333
K= 4610
75.3780386281
K= 4611
20.70392835
K= 4612
4922.87802916
K= 4613
4303.75
K= 4614
12.5166666667
K= 4615
4943.0702381
K= 4616
6.33333333337
K= 4617
6490.68267958
Betweenness Centrality Improvement
[  0.00000000e+00   0.00000000e+00   0.00000000e+00 ...,   6.33333333e+00
   6.49068268e+03   0.00000000e+00]
Top 20 BC Improvement
[3246 4493 3354 3349 2565 4282 4287 3327 2896 4498 2836 4384 4209 2418 3753
 4501 3540 4241 3647 2682]
