txValue= 10000
IGRAPH D--- 4619 68733 -- 
+ attr: pub_key (v), base_fee (e), capacity (e), fee_rate (e), txCost (e)
None
Our nodes starting connections: 
(4618, 2796)
(4618, 1223)
(4618, 1163)
(4618, 498)
(4618, 3265)
(4618, 1589)
K= 2350
8839.0
K= 2351
15.3073593072
K= 2352
4566.0
K= 2353
8568.0
K= 2354
4798.03657703
K= 2355
20.70392835
K= 2356
179.033333333
K= 2357
4497.70392835
K= 2358
69.5459803354
K= 2359
4460.75
K= 2360
4404.2966885
K= 2361
20.70392835
K= 2362
4800.75079365
K= 2363
4511.57011803
K= 2364
62.9593570842
K= 2365
489.61547619
K= 2366
70.0447052948
K= 2367
21.2404761905
K= 2368
10.0666666667
K= 2369
8562.0
K= 2370
11.8666666667
K= 2371
4140.0
K= 2372
14.7519118309
K= 2373
160.0
K= 2374
12.6
K= 2375
4616.0
K= 2376
5684.6136224
K= 2377
27.0933204595
K= 2378
4308.75
K= 2379
4618.0
K= 2380
387.100793651
K= 2381
4140.0
K= 2382
11326.2272448
K= 2383
20.70392835
K= 2384
14.4237693758
K= 2385
19.9001626971
K= 2386
14.6444444444
K= 2387
11697.9871243
K= 2388
20.8833333333
K= 2389
4901.80833333
K= 2390
114.495833333
K= 2391
4561.74285714
K= 2392
12.4333333333
K= 2393
205.632936508
K= 2394
4774.91773042
K= 2395
4497.70392835
K= 2396
309.852910012
K= 2397
20.20392835
K= 2398
34.1059642894
K= 2399
9.31904761901
K= 2400
4607.0
K= 2401
4623.0
K= 2402
4854.47442727
K= 2403
156.0
K= 2404
8839.0
K= 2405
142.0
K= 2406
12.6
K= 2407
11.8666666667
K= 2408
4408.19302039
K= 2409
138.666666667
K= 2410
41.6722222222
K= 2411
11.5952380951
K= 2412
4486.63809524
K= 2413
4767.81486266
K= 2414
22.6721804511
K= 2415
8613.0
K= 2416
79.8207767223
K= 2417
24.0333333332
K= 2418
13296.6662168
K= 2419
4493.16190476
K= 2420
104.611544011
K= 2421
307.416666667
K= 2422
4378.23649627
K= 2423
8505.33333333
K= 2424
4308.75
K= 2425
1.6333333333
K= 2426
4971.81111111
K= 2427
4487.16190476
K= 2428
8615.66666667
K= 2429
202.583333333
K= 2430
131.0
K= 2431
670.055720925
K= 2432
6.99215686275
K= 2433
35.7513888888
K= 2434
11703.8887641
K= 2435
4491.41991342
K= 2436
4875.90358947
K= 2437
4458.48483853
K= 2438
106.65
K= 2439
4486.21904762
K= 2440
348.404205307
K= 2441
9784.08095238
K= 2442
12.5166666666
K= 2443
20.70392835
K= 2444
11.2
K= 2445
4482.29166667
K= 2446
6.20743145724
K= 2447
371.442316017
K= 2448
5124.67311354
K= 2449
15.6398268398
K= 2450
4564.0
K= 2451
5684.54695573
K= 2452
8.47439309058
K= 2453
429.4
K= 2454
35.7710958922
K= 2455
4308.75
K= 2456
8839.0
K= 2457
27.8601302863
K= 2458
7.68895636522
K= 2459
176.533333333
K= 2460
20.70392835
K= 2461
134.670760234
K= 2462
8997.72229478
K= 2463
12.5166666666
K= 2464
8839.0
K= 2465
4821.69862164
K= 2466
392.618037518
K= 2467
4663.58333333
K= 2468
7.61343101342
K= 2469
20.70392835
K= 2470
4874.57259858
K= 2471
4534.98531345
K= 2472
11.2
K= 2473
4140.0
K= 2474
25.0333333332
K= 2475
22.6133699634
K= 2476
8.13315018301
K= 2477
118.664018335
K= 2478
19.9971906164
K= 2479
4483.3681203
K= 2480
4488.43333333
K= 2481
4608.0
K= 2482
4774.91773042
K= 2483
4497.70392835
K= 2484
4837.02317262
K= 2485
29.1444807234
K= 2486
8839.0
K= 2487
23.4690616246
K= 2488
12.0166666666
K= 2489
72.9641006655
K= 2490
156.15
K= 2491
4608.75079365
K= 2492
10.4453314659
K= 2493
12.4333333333
K= 2494
8556.0
K= 2495
20.70392835
K= 2496
11696.4918042
K= 2497
4497.70392835
K= 2498
4308.75
K= 2499
9.95357142843
K= 2500
20.70392835
K= 2501
20.70392835
K= 2502
8595.0
K= 2503
9.39999999991
K= 2504
20.70392835
K= 2505
4497.70392835
K= 2506
10.0722222222
K= 2507
20.70392835
K= 2508
28.6346473043
K= 2509
4885.35833333
K= 2510
4487.43333333
K= 2511
161.702020202
K= 2512
557.258333333
K= 2513
4777.05184654
K= 2514
4250.2
K= 2515
4545.5
K= 2516
243.0
K= 2517
37.0848751094
K= 2518
10.8132376394
K= 2519
20.70392835
K= 2520
44.3585470085
K= 2521
4483.52540461
K= 2522
6.88184822409
K= 2523
141.0
K= 2524
4483.26240602
K= 2525
27.5166666666
K= 2526
4787.68671579
K= 2527
2640.39799201
K= 2528
10.627336389
K= 2529
4939.6
K= 2530
4848.44231602
K= 2531
20.20392835
K= 2532
3444.87049022
K= 2533
4974.12460318
K= 2534
8.98247863236
K= 2535
4635.51519952
K= 2536
4152.16666667
K= 2537
202.583333333
K= 2538
4622.0
K= 2539
388.911717171
K= 2540
156.5
K= 2541
36.20392835
K= 2542
4444.33730159
K= 2543
96.8015327848
K= 2544
8568.0
K= 2545
4871.71111111
K= 2546
4871.85265568
K= 2547
4869.46071429
K= 2548
114.0
K= 2549
4560.73333333
K= 2550
8839.0
K= 2551
4308.75
K= 2552
4140.0
K= 2553
13.8185926976
K= 2554
6473.91302077
K= 2555
301.769501065
K= 2556
3615.84761461
K= 2557
4573.0
K= 2558
4499.86114739
K= 2559
4619.45532257
K= 2560
185.583333333
K= 2561
7.68650793645
K= 2562
21.3853516749
K= 2563
24.6072701807
K= 2564
176.083333333
K= 2565
17678.0
K= 2566
15.2895604394
K= 2567
8616.0
K= 2568
150.5
K= 2569
136.0
K= 2570
4605.75079365
K= 2571
373.150944619
K= 2572
4894.95887446
K= 2573
8624.0
K= 2574
10.638095238
K= 2575
16.1778362395
K= 2576
318.12182364
K= 2577
4400.57864358
K= 2578
8839.0
K= 2579
8773.75
K= 2580
8617.0
K= 2581
29.770750988
K= 2582
10.3333333333
K= 2583
4602.75
K= 2584
10.5721611721
K= 2585
441.226935907
K= 2586
8832.0
K= 2587
4884.01217949
K= 2588
27.8666666666
K= 2589
172.071905371
K= 2590
22.2597735035
K= 2591
4732.39324468
K= 2592
33.3297035506
K= 2593
10.0325757575
K= 2594
20.70392835
K= 2595
96.4571428571
K= 2596
4608.75079365
K= 2597
4391.17029583
K= 2598
202.333333333
K= 2599
4440.0
K= 2600
392.446842509
K= 2601
385.015204203
K= 2602
11700.2534438
K= 2603
4916.02857143
K= 2604
5497.54018715
K= 2605
909.339978919
K= 2606
142.369047619
K= 2607
4308.75
K= 2608
21.9333333333
K= 2609
4613.5
K= 2610
378.659950455
K= 2611
67.84480242
K= 2612
20.6656846207
K= 2613
20.3238095237
K= 2614
382.277848497
K= 2615
4770.87728971
K= 2616
12.067099567
K= 2617
4774.91773042
K= 2618
4486.95357143
K= 2619
8839.0
K= 2620
4140.0
K= 2621
157.0
K= 2622
9.03571428556
K= 2623
22.8611473901
K= 2624
8.89597069588
K= 2625
5102.6363642
K= 2626
4836.0
K= 2627
8618.39444444
K= 2628
26.2625074271
K= 2629
19.4685221782
K= 2630
4847.93853325
K= 2631
4505.03717518
K= 2632
6040.30083804
K= 2633
8839.0
K= 2634
5102.6363642
K= 2635
8606.0
K= 2636
4862.8395136
K= 2637
380.745505225
K= 2638
154.65
K= 2639
4800.75079365
K= 2640
4497.70392835
K= 2641
4308.75
K= 2642
310.090930221
K= 2643
11.85
K= 2644
4146.5
K= 2645
11665.7943723
K= 2646
12.6
K= 2647
4868.91666667
K= 2648
11.8666666667
K= 2649
127.0
K= 2650
4871.63928571
K= 2651
4488.8
K= 2652
4658.20054073
K= 2653
9.71666666667
K= 2654
188.533333333
K= 2655
27.0761904761
K= 2656
2254.8756706
K= 2657
141.833333333
K= 2658
31.4544989977
K= 2659
4758.41269004
K= 2660
386.493125714
K= 2661
101.80881384
K= 2662
4608.75079365
K= 2663
15.5518170896
K= 2664
4504.5
K= 2665
4784.11650659
K= 2666
447.470621046
K= 2667
34.1583452418
K= 2668
10.138095238
K= 2669
451.146175996
K= 2670
19.7737812912
K= 2671
24.970215206
K= 2672
8839.0
K= 2673
4822.69862164
K= 2674
11.0119047618
K= 2675
38.780005883
K= 2676
398.522598431
K= 2677
4.23454106273
K= 2678
4608.75079365
K= 2679
126.0
K= 2680
4140.0
K= 2681
544.258333333
K= 2682
11710.8229638
K= 2683
4308.75
K= 2684
4308.75
K= 2685
4486.16666667
K= 2686
8568.0
K= 2687
4308.75
K= 2688
23.1999999998
K= 2689
4822.69862164
K= 2690
240.669363425
K= 2691
8612.0
K= 2692
4558.0
K= 2693
281.071681505
K= 2694
4853.01532912
K= 2695
4645.69862164
K= 2696
36.6297979798
K= 2697
4800.75079365
K= 2698
12.4333333333
K= 2699
11.5952380953
K= 2700
20.70392835
K= 2701
4875.26490088
K= 2702
10.138095238
K= 2703
26.770342523
K= 2704
8455.33333333
K= 2705
11.8
K= 2706
11.5952380951
K= 2707
8559.0
K= 2708
4600.04630647
K= 2709
20.70392835
K= 2710
88.1270566852
K= 2711
8599.0
K= 2712
3173.4260058
K= 2713
10.0845238095
K= 2714
8.28826075885
K= 2715
42.4738095236
K= 2716
4839.44047619
K= 2717
4211.0
K= 2718
17.1635177686
K= 2719
26.6867424241
K= 2720
4608.75079365
K= 2721
154.0
K= 2722
816.992857143
K= 2723
4140.0
K= 2724
8568.0
K= 2725
197.756374269
K= 2726
44.0635283425
K= 2727
4598.0
K= 2728
4489.55114943
K= 2729
323.750793651
K= 2730
380.698621641
K= 2731
4837.46250955
K= 2732
4826.77354487
K= 2733
4483.5040107
K= 2734
4879.44047619
K= 2735
8617.0
K= 2736
144.0
K= 2737
4497.70392835
K= 2738
600.0
K= 2739
22.8611473901
K= 2740
202.583333333
K= 2741
28.5830565862
K= 2742
8.07222222222
K= 2743
20.70392835
K= 2744
19.2499999999
K= 2745
74.0
K= 2746
4308.75
K= 2747
35.8471537386
K= 2748
4822.69862164
K= 2749
4899.42857143
K= 2750
38.9062997499
K= 2751
4497.70392835
K= 2752
20.70392835
K= 2753
112.333333333
K= 2754
8611.0
K= 2755
6444.16534442
K= 2756
4866.94077312
K= 2757
37.0208800212
K= 2758
351.19882653
K= 2759
8839.0
K= 2760
547.258333333
K= 2761
12.5166666666
K= 2762
4845.58108994
K= 2763
38.6816239316
K= 2764
4802.69862164
K= 2765
7.51199813257
K= 2766
162.75
K= 2767
4842.51519952
K= 2768
7.03679653665
K= 2769
4757.56863553
K= 2770
8615.0
K= 2771
4593.0
K= 2772
10.5461700336
K= 2773
4483.44082166
K= 2774
18.4718409585
K= 2775
8839.0
K= 2776
4487.95635965
K= 2777
4173.53437783
K= 2778
4896.32619048
K= 2779
4453.0
K= 2780
12.5166666666
K= 2781
12.4666666667
K= 2782
32.6361905638
K= 2783
16.7150183149
K= 2784
4596.0
K= 2785
372.670913836
K= 2786
4497.70392835
K= 2787
8831.0
K= 2788
15.4393162392
K= 2789
22.8065072182
K= 2790
15.5305121023
K= 2791
8617.0
K= 2792
8617.0
K= 2793
34.1583452418
K= 2794
12.4095238094
K= 2795
20.70392835
K= 2796
27.7315672861
K= 2797
35.229978355
K= 2798
7.5467032966
K= 2799
49.6568867705
K= 2800
15.1666666666
K= 2801
5685.53028906
K= 2802
8615.0
K= 2803
12.044565807
K= 2804
4308.75
K= 2805
6.97696176369
K= 2806
4497.70392835
K= 2807
11.2
K= 2808
20.70392835
K= 2809
20.4418924389
K= 2810
4868.50711788
K= 2811
12.5166666666
K= 2812
234.094920756
K= 2813
1069.08377073
K= 2814
4591.0
K= 2815
4308.75
K= 2816
12.2310843178
K= 2817
180.333333333
K= 2818
8619.0
K= 2819
4489.46666667
K= 2820
4567.69830257
K= 2821
4140.0
K= 2822
139.0
K= 2823
4601.0
K= 2824
9.86904761905
K= 2825
147.196129776
K= 2826
35.1762362679
K= 2827
8400.0
K= 2828
21.5781177157
K= 2829
11.52481203
K= 2830
4608.75079365
K= 2831
4308.75
K= 2832
4566.0
K= 2833
4503.70392835
K= 2834
4489.01666667
K= 2835
8839.0
K= 2836
14869.5
K= 2837
441.566930432
K= 2838
5102.6363642
K= 2839
6475.52268523
K= 2840
4486.56666667
K= 2841
4918.23333333
K= 2842
524.090115439
K= 2843
200.083333333
K= 2844
9.44166666665
K= 2845
4391.0
K= 2846
124.433333333
K= 2847
22.3490453872
K= 2848
17.8977994228
K= 2849
3970.508066
K= 2850
10.1619047618
K= 2851
136.0
K= 2852
366.130471023
K= 2853
8617.0
K= 2854
15.6569997052
K= 2855
4525.61245493
K= 2856
8958.36840659
K= 2857
136.369047619
K= 2858
6475.52268523
K= 2859
7.73836996325
K= 2860
599.0
K= 2861
41.4078566999
K= 2862
4539.0
K= 2863
6045.79020228
K= 2864
21.20392835
K= 2865
5172.94856632
K= 2866
4140.0
K= 2867
371.645033032
K= 2868
41.8998217467
K= 2869
27.54041751
K= 2870
4486.31904762
K= 2871
305.850295006
K= 2872
4809.58108994
K= 2873
365.51519952
K= 2874
44.0635283425
K= 2875
389.108409362
K= 2876
4497.70392835
K= 2877
20.70392835
K= 2878
20.70392835
K= 2879
22.8611473901
K= 2880
4499.86114739
K= 2881
8617.0
K= 2882
313.933865933
K= 2883
4960.68333333
K= 2884
175.333333333
K= 2885
6843.50735434
K= 2886
22.8611473901
K= 2887
185.583333333
K= 2888
53.1051448553
K= 2889
21.3775965254
K= 2890
12.5166666666
K= 2891
12.0166666666
K= 2892
20.70392835
K= 2893
982.817104063
K= 2894
4308.75
K= 2895
152.0
K= 2896
17220.0
K= 2897
427.974283159
K= 2898
338.344444444
K= 2899
321.911247564
K= 2900
159.0
K= 2901
8611.0
K= 2902
4618.0
K= 2903
44.0635283425
K= 2904
20.70392835
K= 2905
4152.16666667
K= 2906
4140.0
K= 2907
11699.7240304
K= 2908
144.0
K= 2909
4564.0
K= 2910
781.461768304
K= 2911
4483.15842799
K= 2912
143.333333333
K= 2913
29.2622326203
K= 2914
4800.75079365
K= 2915
4806.50711788
K= 2916
12.5166666666
K= 2917
189.583333333
K= 2918
4870.56330323
K= 2919
7.5166666666
K= 2920
4497.70392835
K= 2921
8839.0
K= 2922
4918.96526251
K= 2923
20.70392835
K= 2924
35.3908963584
K= 2925
9.86904761905
K= 2926
389.166666667
K= 2927
4634.83333333
K= 2928
184.366666667
K= 2929
7.19313725468
K= 2930
51.4298212896
K= 2931
16.2385081584
K= 2932
4497.70392835
K= 2933
4822.69862164
K= 2934
10.7619047618
K= 2935
455.974236083
K= 2936
22.8611473901
K= 2937
12.4095238094
K= 2938
226.473808231
K= 2939
39.5274547295
K= 2940
10.0666666667
K= 2941
4459.0
K= 2942
74.9019208136
K= 2943
12.5166666666
K= 2944
15.5047979798
K= 2945
4574.91773042
K= 2946
4140.0
K= 2947
4668.69862164
K= 2948
11.3666666667
K= 2949
20.70392835
K= 2950
4460.75
K= 2951
25.0333333332
K= 2952
142.0
K= 2953
545.258333333
K= 2954
4674.94975857
K= 2955
9.00718355714
K= 2956
4308.75
K= 2957
4446.96316739
K= 2958
4140.0
K= 2959
53.9082967354
K= 2960
4678.34394636
K= 2961
5426.44857818
K= 2962
20.70392835
K= 2963
4656.58333333
K= 2964
388.072304382
K= 2965
5.47325581394
K= 2966
8623.0
K= 2967
41.4078566999
K= 2968
184.818327228
K= 2969
8617.0
K= 2970
4140.0
K= 2971
4809.91705528
K= 2972
4308.75
K= 2973
12.2666666666
K= 2974
10.224537037
K= 2975
20.7384111086
K= 2976
299.711518497
K= 2977
280.552159526
K= 2978
4523.0
K= 2979
20.70392835
K= 2980
12.5166666666
K= 2981
4449.0
K= 2982
20.70392835
K= 2983
12.5166666666
K= 2984
21.8611473901
K= 2985
8594.0
K= 2986
7.69188034185
K= 2987
4153.5
K= 2988
4806.75079365
K= 2989
4608.75079365
K= 2990
147.333333333
K= 2991
4308.75
K= 2992
20.70392835
K= 2993
11.2
K= 2994
14.7011494252
K= 2995
4494.2
K= 2996
165.65
K= 2997
3191.10774009
K= 2998
4787.34821559
K= 2999
4487.16190476
K= 3000
16.375
K= 3001
4139.0
K= 3002
12.7999999999
K= 3003
9.84444444452
K= 3004
4898.53571429
K= 3005
307.088829517
K= 3006
11.2
K= 3007
4800.75079365
K= 3008
21.079311342
K= 3009
38.780005883
K= 3010
4874.50711788
K= 3011
624.668664534
K= 3012
4698.75833333
K= 3013
11.945370032
K= 3014
20.20392835
K= 3015
4848.44231602
K= 3016
4140.0
K= 3017
8.27792889089
K= 3018
23.7723238595
K= 3019
8611.0
K= 3020
4487.36666667
K= 3021
4699.01532912
K= 3022
18.3919413919
K= 3023
4910.00724728
K= 3024
399.904570675
K= 3025
139.461466843
K= 3026
29.6641455767
K= 3027
4826.9882871
K= 3028
8.94166666665
K= 3029
4460.75
K= 3030
4489.25
K= 3031
400.975
K= 3032
34.9436819173
K= 3033
34.8942981855
K= 3034
338.344444444
K= 3035
11.8666666667
K= 3036
326.000793651
K= 3037
8839.0
K= 3038
4489.51666667
K= 3039
12.4333333333
K= 3040
11.2
K= 3041
4608.75079365
K= 3042
4819.2320821
K= 3043
4608.75079365
K= 3044
8563.75
K= 3045
9.54600703844
K= 3046
4483.21500721
K= 3047
13.809196067
K= 3048
4485.04592075
K= 3049
22.8611473901
K= 3050
416.113095238
K= 3051
11.8961038961
K= 3052
20.70392835
K= 3053
11700.4514033
K= 3054
4486.25277778
K= 3055
4140.0
K= 3056
20.70392835
K= 3057
4308.75
K= 3058
419.312301587
K= 3059
20.70392835
K= 3060
4497.70392835
K= 3061
4879.25052448
K= 3062
290.816666667
K= 3063
4817.66666667
K= 3064
4140.0
K= 3065
4308.75
K= 3066
4592.0
K= 3067
23.3666666665
K= 3068
7.03140962764
K= 3069
186.583333333
K= 3070
4842.51519952
K= 3071
11.2
K= 3072
8617.0
K= 3073
8839.0
K= 3074
8839.0
K= 3075
8.77291549032
K= 3076
10.1619047618
K= 3077
33.838095238
K= 3078
8617.0
K= 3079
4839.44047619
K= 3080
10.6619047618
K= 3081
154.0
K= 3082
20.70392835
K= 3083
4940.40277778
K= 3084
4308.75
K= 3085
21.2887386171
K= 3086
9.95357142843
K= 3087
12.0166666666
K= 3088
4499.86114739
K= 3089
4174.0
K= 3090
3252.26663127
K= 3091
4839.44047619
K= 3092
8599.0
K= 3093
12.4095238094
K= 3094
202.583333333
K= 3095
22.8611473901
K= 3096
11.8666666667
K= 3097
11.3666666667
K= 3098
20.70392835
K= 3099
37.3783159999
K= 3100
9.08571428573
K= 3101
45.7222947803
K= 3102
245.42857143
K= 3103
4844.12344902
K= 3104
19.7631224712
K= 3105
20.70392835
K= 3106
70.0447052948
K= 3107
4781.50037273
K= 3108
8614.0
K= 3109
12.2666666666
K= 3110
5067.80656989
K= 3111
8839.0
K= 3112
4308.75
K= 3113
4232.0
K= 3114
37.980952381
K= 3115
12.0166666666
K= 3116
11.8666666667
K= 3117
156.0
K= 3118
0.0
K= 3119
22.8611473901
K= 3120
4483.73776402
K= 3121
8613.0
K= 3122
7.21515151509
K= 3123
466.455555556
K= 3124
0.0
K= 3125
8624.0
K= 3126
441.361567625
K= 3127
4488.01666667
K= 3128
4858.76926129
K= 3129
70.1065621369
K= 3130
4842.51519952
K= 3131
2356.04068661
K= 3132
410.696838874
K= 3133
24.2557932263
K= 3134
8.27495543659
K= 3135
184.666666667
K= 3136
36.3286351743
K= 3137
11.7999999999
K= 3138
8650.0
K= 3139
4140.0
K= 3140
8611.5
K= 3141
20.70392835
K= 3142
31.4
K= 3143
4572.27597743
K= 3144
140.0
K= 3145
10.0325757575
K= 3146
202.583333333
K= 3147
4308.75
K= 3148
20.1660922411
K= 3149
315.994444444
K= 3150
21.5965642586
K= 3151
4915.88333333
K= 3152
192.333333333
K= 3153
120.0
K= 3154
4173.0
K= 3155
8624.0
K= 3156
20.70392835
K= 3157
4611.0
K= 3158
20.70392835
K= 3159
1058.5090527
K= 3160
145.0
K= 3161
4488.51666667
K= 3162
9.15714285709
K= 3163
4133.0
K= 3164
60.4624500499
K= 3165
8581.73552851
K= 3166
4779.64831549
K= 3167
36.9182261209
K= 3168
8839.0
K= 3169
7.68303870026
K= 3170
4623.0
K= 3171
51.6337126601
K= 3172
58.3096088549
K= 3173
8839.0
K= 3174
29.1056571929
K= 3175
11.8666666667
K= 3176
4634.82952685
K= 3177
66.2930740097
K= 3178
20.3288613691
K= 3179
12.5166666666
K= 3180
131.0
K= 3181
4173.0
K= 3182
11.8666666667
K= 3183
4822.69862164
K= 3184
449.775531607
K= 3185
141.0
K= 3186
22.9839285713
K= 3187
6.2590218595
K= 3188
27.3531852205
K= 3189
9.95357142843
K= 3190
6.61417748907
K= 3191
8839.0
K= 3192
11694.8993106
K= 3193
4894.9574642
K= 3194
10.638095238
K= 3195
4839.44047619
K= 3196
4953.53567447
K= 3197
8998.0
K= 3198
5.75013802631
K= 3199
4872.15165945
K= 3200
11.8499999999
K= 3201
13.3265873014
K= 3202
4152.16666667
K= 3203
9.00718355714
K= 3204
158.0
K= 3205
4799.50711788
K= 3206
4308.75
K= 3207
14.926085434
K= 3208
4211.0
K= 3209
8839.0
K= 3210
2899.24662033
K= 3211
544.258333333
K= 3212
87.7937233517
K= 3213
4308.75
K= 3214
142.0
K= 3215
156.816666667
K= 3216
4949.22552644
K= 3217
4308.75
K= 3218
9.58147049253
K= 3219
12.4174963926
K= 3220
7.5863247863
K= 3221
420.392828019
K= 3222
4607.85027473
K= 3223
346.834349004
K= 3224
51.6394230769
K= 3225
12.5166666666
K= 3226
181.333333333
K= 3227
8832.0
K= 3228
0.0
K= 3229
538.925
K= 3230
205.690294933
K= 3231
4808.48867244
K= 3232
4485.73333333
K= 3233
4877.78015873
K= 3234
5432.44857818
K= 3235
105.246012325
K= 3236
8839.0
K= 3237
27.1056571929
K= 3238
4619.0
K= 3239
169.317461218
K= 3240
8617.0
K= 3241
13.6
K= 3242
34.6185606059
K= 3243
79.6011904762
K= 3244
4879.44047619
K= 3245
5686.6136224
K= 3246
22372.7444444
K= 3247
4308.75
K= 3248
8599.0
K= 3249
4688.55457524
K= 3250
29.1056571929
K= 3251
202.583333333
K= 3252
12.5166666666
K= 3253
12.5166666666
K= 3254
4152.16666667
K= 3255
8967.45021645
K= 3256
20.0523809524
K= 3257
20.20392835
K= 3258
32.8548840048
K= 3259
20.812080023
K= 3260
7.1198412698
K= 3261
4839.44047619
K= 3262
4486.00718356
K= 3263
4140.0
K= 3264
132.0
K= 3265
0.0
K= 3266
26.9723238595
K= 3267
2861.53673025
K= 3268
12.7999999999
K= 3269
11.1333333333
K= 3270
8839.0
K= 3271
7.1555555556
K= 3272
4608.75079365
K= 3273
471.065857754
K= 3274
109.0
K= 3275
4308.75
K= 3276
186.583333333
K= 3277
9.93968253955
K= 3278
9.1857142857
K= 3279
9.07499999995
K= 3280
282.719434812
K= 3281
20.70392835
K= 3282
156.0
K= 3283
16.0767912137
K= 3284
4617.0
K= 3285
14.3157894736
K= 3286
8.66908831894
K= 3287
4869.96526251
K= 3288
8616.0
K= 3289
395.847474747
K= 3290
14.8452380953
K= 3291
18.4055555556
K= 3292
182.14710609
K= 3293
6.60351403232
K= 3294
44.3889975453
K= 3295
4140.0
K= 3296
4822.82823924
K= 3297
4291.0
K= 3298
521.628571428
K= 3299
20.70392835
K= 3300
7.56343101338
K= 3301
21.2974296843
K= 3302
4308.75
K= 3303
4497.70392835
K= 3304
36.5117918989
K= 3305
4879.70357143
K= 3306
11.7999999999
K= 3307
323.750793651
K= 3308
140.5
K= 3309
4913.08333333
K= 3310
12.4095238094
K= 3311
70.0447052948
K= 3312
20.70392835
K= 3313
4428.27868742
K= 3314
5102.6363642
K= 3315
9.65714285709
K= 3316
8607.0
K= 3317
20.20392835
K= 3318
4774.91773042
K= 3319
133.0
K= 3320
7.81277056271
K= 3321
156.0
K= 3322
4308.75
K= 3323
7.55742296902
K= 3324
17.1258645375
K= 3325
9.84444444452
K= 3326
9.17777777778
K= 3327
17585.2
K= 3328
5.66666666651
K= 3329
19.6764705882
K= 3330
8.48268398258
K= 3331
600.0
K= 3332
4877.78015873
K= 3333
4593.0
K= 3334
4497.20392835
K= 3335
4173.0
K= 3336
15.6245746246
K= 3337
177.033333333
K= 3338
4594.41630592
K= 3339
4760.0
K= 3340
4507.12735272
K= 3341
287.086335404
K= 3342
8839.0
K= 3343
4585.85
K= 3344
11.5952380951
K= 3345
156.15
K= 3346
4590.0
K= 3347
4483.43655844
K= 3348
347.653172931
K= 3349
17678.0
K= 3350
365.452993315
K= 3351
4488.2
K= 3352
56.6304388422
K= 3353
20.70392835
K= 3354
17678.0
K= 3355
19.397571478
K= 3356
88.1932900432
K= 3357
8.35026315786
K= 3358
4620.91773042
K= 3359
46.3397148744
K= 3360
8416.5
K= 3361
4891.20343497
K= 3362
147.166666667
K= 3363
5680.5914287
K= 3364
4308.75
K= 3365
4308.75
K= 3366
20.70392835
K= 3367
4875.00867928
K= 3368
10.0666666667
K= 3369
4484.0
K= 3370
4774.91773042
K= 3371
162.033333333
K= 3372
10.138095238
K= 3373
175.0
K= 3374
456.803038628
K= 3375
4800.75079365
K= 3376
48.6464423205
K= 3377
4140.0
K= 3378
9.36904761905
K= 3379
4173.0
K= 3380
4497.70392835
K= 3381
4774.91773042
K= 3382
4799.75079365
K= 3383
4308.75
K= 3384
140.5
K= 3385
186.583333333
K= 3386
4868.50711788
K= 3387
4308.75
K= 3388
4308.75
K= 3389
658.740056987
K= 3390
21.5
K= 3391
6399.81566101
K= 3392
4140.0
K= 3393
362.190228831
K= 3394
65.3723002683
K= 3395
4796.06693043
K= 3396
202.583333333
K= 3397
4308.75
K= 3398
185.583333333
K= 3399
4291.0
K= 3400
8839.0
K= 3401
8839.0
K= 3402
4884.08281441
K= 3403
4920.00442695
K= 3404
4907.30873016
K= 3405
3636.94563283
K= 3406
3629.76982171
K= 3407
156.816666667
K= 3408
20.9874888475
K= 3409
8.36263736256
K= 3410
4883.96150794
K= 3411
12.5166666666
K= 3412
9.26904761896
K= 3413
4489.6
K= 3414
4140.0
K= 3415
6.0093525101
K= 3416
533.61547619
K= 3417
6.8645614034
K= 3418
4497.70392835
K= 3419
20.70392835
K= 3420
9.90726760007
K= 3421
6.45645363408
K= 3422
382.308663396
K= 3423
20.70392835
K= 3424
4819.2320821
K= 3425
735.102373066
K= 3426
4848.44231602
K= 3427
6.56474850804
K= 3428
44.0635283425
K= 3429
6.33333333326
K= 3430
4868.50711788
K= 3431
6.95415499539
K= 3432
485.0
K= 3433
11.2
K= 3434
33.119467787
K= 3435
4511.15834524
K= 3436
8611.0
K= 3437
4594.0
K= 3438
4608.0
K= 3439
4308.75
K= 3440
4308.75
K= 3441
158.0
K= 3442
4497.70392835
K= 3443
11.2
K= 3444
8839.0
K= 3445
178.0
K= 3446
8839.0
K= 3447
114.0
K= 3448
131.5
K= 3449
10.6619047618
K= 3450
33.3868464077
K= 3451
8839.0
K= 3452
35.4470167514
K= 3453
20.70392835
K= 3454
490.258333333
K= 3455
4616.5
K= 3456
44.0635283425
K= 3457
12.0166666666
K= 3458
4308.75
K= 3459
4497.70392835
K= 3460
4868.50711788
K= 3461
20.70392835
K= 3462
4819.71675676
K= 3463
8617.0
K= 3464
9.82857142843
K= 3465
113.5
K= 3466
22.3475922116
K= 3467
4394.0
K= 3468
863.471745765
K= 3469
4308.75
K= 3470
13.4654528478
K= 3471
12.3666666667
K= 3472
381.323783748
K= 3473
4875.01532912
K= 3474
13.0845238095
K= 3475
4308.75
K= 3476
8614.0
K= 3477
54.8780048348
K= 3478
16.2666666666
K= 3479
7.04998547898
K= 3480
4774.91773042
K= 3481
388.12344902
K= 3482
155.0
K= 3483
9.00718355714
K= 3484
7.19632450875
K= 3485
14.7999999999
K= 3486
4485.4
K= 3487
4800.75079365
K= 3488
4608.75079365
K= 3489
20.70392835
K= 3490
139.0
K= 3491
25.3019685689
K= 3492
8839.0
K= 3493
526.990306598
K= 3494
8839.0
K= 3495
4031.33333333
K= 3496
4797.75416667
K= 3497
5948.71793711
K= 3498
26.1833333332
K= 3499
4566.0
K= 3500
7.95299145288
K= 3501
4697.45461483
K= 3502
4288.75
K= 3503
4173.0
K= 3504
4957.72222222
K= 3505
342.787337663
K= 3506
4915.75
K= 3507
4161.0
K= 3508
27.4095238094
K= 3509
20.70392835
K= 3510
4899.08333333
K= 3511
37.2095460097
K= 3512
4308.75
K= 3513
4501.97021521
K= 3514
6.57922077912
K= 3515
12.6
K= 3516
65.3723002683
K= 3517
11663.7175325
K= 3518
18.3480930832
K= 3519
8.25004162488
K= 3520
7.0
K= 3521
4308.75
K= 3522
20.70392835
K= 3523
4308.75
K= 3524
544.6
K= 3525
20.6604500891
K= 3526
10.638095238
K= 3527
8617.0
K= 3528
11.0952380951
K= 3529
4608.75079365
K= 3530
4490.39998785
K= 3531
401.285714286
K= 3532
4834.84943972
K= 3533
27.6433434399
K= 3534
81.116430549
K= 3535
11673.4986092
K= 3536
20.70392835
K= 3537
4608.75079365
K= 3538
12.5166666666
K= 3539
4796.06693043
K= 3540
11729.8048373
K= 3541
338.92421338
K= 3542
58.4447052948
K= 3543
155.890476191
K= 3544
8839.0
K= 3545
170.65
K= 3546
8839.0
K= 3547
4308.75
K= 3548
11.8666666667
K= 3549
20.70392835
K= 3550
4800.75079365
K= 3551
12.6
K= 3552
40.4078566999
K= 3553
20.70392835
K= 3554
372.87529227
K= 3555
4497.70392835
K= 3556
4809.58108994
K= 3557
141.0
K= 3558
28.5261505722
K= 3559
4656.58333333
K= 3560
12.6
K= 3561
12.9463477698
K= 3562
28.6139796845
K= 3563
4866.30669192
K= 3564
8963.05344079
K= 3565
4908.54285714
K= 3566
8.06904761889
K= 3567
402.23968254
K= 3568
380.698621641
K= 3569
8624.0
K= 3570
4308.75
K= 3571
4308.75
K= 3572
202.583333333
K= 3573
4863.91075036
K= 3574
4560.58828198
K= 3575
4895.8520202
K= 3576
4308.75
K= 3577
14.0458309805
K= 3578
159.333333333
K= 3579
60.4037472286
K= 3580
4140.0
K= 3581
86.5333333332
K= 3582
4889.40946276
K= 3583
4868.50711788
K= 3584
202.583333333
K= 3585
4486.86904762
K= 3586
4607.73690476
K= 3587
187.533333333
K= 3588
11.7083333331
K= 3589
10.9714285713
K= 3590
4542.37400117
K= 3591
314.950876329
K= 3592
8839.0
K= 3593
8623.0
K= 3594
19.988095238
K= 3595
4841.51519952
K= 3596
10.4801235365
K= 3597
170.0
K= 3598
4308.75
K= 3599
10.638095238
K= 3600
41.0384872915
K= 3601
17.7999999999
K= 3602
553.973462018
K= 3603
158.166666667
K= 3604
8558.66666667
K= 3605
360.384697957
K= 3606
4707.06693043
K= 3607
5698.43720179
K= 3608
8839.0
K= 3609
36.4429254957
K= 3610
8839.0
K= 3611
4723.11911971
K= 3612
4571.0
K= 3613
8593.0
K= 3614
16.0232323231
K= 3615
4612.0
K= 3616
8965.12752525
K= 3617
4608.75079365
K= 3618
10.9294944954
K= 3619
400.926348108
K= 3620
11.8666666667
K= 3621
18.3628730917
K= 3622
21.20392835
K= 3623
132.0
K= 3624
429.428571428
K= 3625
6.99523809517
K= 3626
4941.50860806
K= 3627
5102.6363642
K= 3628
4581.4
K= 3629
322.750793651
K= 3630
8.61904761905
K= 3631
345.990806962
K= 3632
418.397619047
K= 3633
11.0119047618
K= 3634
4140.0
K= 3635
4497.70392835
K= 3636
10.0071835571
K= 3637
9.00718355714
K= 3638
13.4007836527
K= 3639
544.258333333
K= 3640
26.9846255787
K= 3641
4481.5780873
K= 3642
6536.2115679
K= 3643
4211.0
K= 3644
9.92857142841
K= 3645
10.3452380951
K= 3646
4729.77952728
K= 3647
11718.3518856
K= 3648
4493.16190476
K= 3649
4584.0
K= 3650
5102.6363642
K= 3651
4845.58133117
K= 3652
8617.0
K= 3653
300.063473689
K= 3654
4650.47442727
K= 3655
4868.50711788
K= 3656
4919.37478992
K= 3657
8611.0
K= 3658
202.583333333
K= 3659
22.7770879837
K= 3660
4308.75
K= 3661
8.49670329655
K= 3662
20.70392835
K= 3663
4167.16666667
K= 3664
5956.94065089
K= 3665
9.99523809506
K= 3666
12.5839876343
K= 3667
4633.15
K= 3668
8839.0
K= 3669
4484.172545
K= 3670
28.2377622377
K= 3671
4408.89702038
K= 3672
353.868253968
K= 3673
4308.75
K= 3674
4488.66666667
K= 3675
4486.00718356
K= 3676
172.15
K= 3677
22.7999999999
K= 3678
4140.0
K= 3679
4701.0
K= 3680
7.82222222222
K= 3681
7.72510822501
K= 3682
400.017582809
K= 3683
143.25
K= 3684
4480.91666667
K= 3685
65.3723002683
K= 3686
11.3666666667
K= 3687
4560.0
K= 3688
4308.75
K= 3689
12.6
K= 3690
743.000738249
K= 3691
4848.34394636
K= 3692
125.333333333
K= 3693
48.6357680055
K= 3694
14.7309630897
K= 3695
74.0095238095
K= 3696
5966.80696641
K= 3697
4770.87728971
K= 3698
4864.77695709
K= 3699
6.16906182759
K= 3700
4369.5
K= 3701
4618.0
K= 3702
22.8611473901
K= 3703
20.6483727944
K= 3704
10.0666666667
K= 3705
8617.0
K= 3706
4373.0
K= 3707
4566.0
K= 3708
18.3320013318
K= 3709
6.16897622601
K= 3710
177.083333333
K= 3711
14.2083638584
K= 3712
4900.10555556
K= 3713
4483.60793651
K= 3714
4825.79909812
K= 3715
4792.77265512
K= 3716
10.3659090907
K= 3717
5261.55391418
K= 3718
20.1814125427
K= 3719
8839.0
K= 3720
54.6
K= 3721
10.0666666667
K= 3722
137.0
K= 3723
140.0
K= 3724
4556.34015746
K= 3725
4871.63928571
K= 3726
4867.26490088
K= 3727
9.00718355714
K= 3728
140.0
K= 3729
152.248159777
K= 3730
11.8666666667
K= 3731
6.41225023346
K= 3732
4511.45278047
K= 3733
140.5
K= 3734
4895.8520202
K= 3735
367.472726621
K= 3736
320.591941392
K= 3737
4568.9289534
K= 3738
176.333333333
K= 3739
8839.0
K= 3740
4904.80952381
K= 3741
4497.70392835
K= 3742
8.95238095231
K= 3743
9.00718355714
K= 3744
14.1
K= 3745
22.7333333333
K= 3746
68.9114690865
K= 3747
559.567455897
K= 3748
13.2825757575
K= 3749
384.474427267
K= 3750
25.2
K= 3751
20.70392835
K= 3752
6.82003662991
K= 3753
11791.7471835
K= 3754
4486.86904762
K= 3755
4398.0
K= 3756
6.09778739791
K= 3757
20.1060281385
K= 3758
8839.0
K= 3759
182.14710609
K= 3760
11704.9480241
K= 3761
4497.70392835
K= 3762
50.4983370288
K= 3763
182.583333333
K= 3764
4308.75
K= 3765
7.23272642388
K= 3766
4173.0
K= 3767
4868.50711788
K= 3768
3759.91149686
K= 3769
168.533333333
K= 3770
11.5166666666
K= 3771
7.5490079365
K= 3772
11.2666666666
K= 3773
4747.06693043
K= 3774
81.116430549
K= 3775
12.5166666666
K= 3776
20.70392835
K= 3777
4489.26666667
K= 3778
357.879761905
K= 3779
12.4095238094
K= 3780
180.752380952
K= 3781
538.536525974
K= 3782
4487.0
K= 3783
367.583908967
K= 3784
5102.6363642
K= 3785
4308.75
K= 3786
28.5935598901
K= 3787
14.4969696969
K= 3788
11.7999999999
K= 3789
20.70392835
K= 3790
201.583333333
K= 3791
5102.6363642
K= 3792
31.5666666665
K= 3793
174.0
K= 3794
12.5166666666
K= 3795
20.70392835
K= 3796
13.0080213903
K= 3797
156.0
K= 3798
5060.6363642
K= 3799
4590.5
K= 3800
40.4078566999
K= 3801
4140.0
K= 3802
8.17510822497
K= 3803
8839.0
K= 3804
4390.96785714
K= 3805
11.3909090909
K= 3806
4486.26666667
K= 3807
4482.16666667
K= 3808
4548.2
K= 3809
21.711518987
K= 3810
8839.0
K= 3811
4291.0
K= 3812
22.8611473901
K= 3813
7424.86314256
K= 3814
9.82857142843
K= 3815
5967.17690349
K= 3816
15.7971177024
K= 3817
690.833333333
K= 3818
4140.0
K= 3819
399.683333333
K= 3820
19.9971906164
K= 3821
545.258333333
K= 3822
12.4095238094
K= 3823
8839.0
K= 3824
202.583333333
K= 3825
8839.0
K= 3826
15.0
K= 3827
9.11904761905
K= 3828
118.450540729
K= 3829
5685.64933668
K= 3830
12.5166666666
K= 3831
8616.0
K= 3832
43.4298212896
K= 3833
5.47325581394
K= 3834
4369.0
K= 3835
20.70392835
K= 3836
16.8992424242
K= 3837
4910.08333333
K= 3838
408.703571429
K= 3839
122.0
K= 3840
12.5269337801
K= 3841
4146.5
K= 3842
8839.0
K= 3843
4497.70392835
K= 3844
4409.57204923
K= 3845
20.1660922411
K= 3846
20.70392835
K= 3847
4140.0
K= 3848
19.6660922411
K= 3849
9.85833333328
K= 3850
4825.31358388
K= 3851
37.522490826
K= 3852
8611.0
K= 3853
9.73034547153
K= 3854
26.9857142856
K= 3855
442.266666667
K= 3856
4839.44047619
K= 3857
11.0119047618
K= 3858
112.0
K= 3859
17.3555555554
K= 3860
55.994888445
K= 3861
16.5499999999
K= 3862
8609.0
K= 3863
98.1345238095
K= 3864
57.7164285714
K= 3865
4913.53333333
K= 3866
8839.0
K= 3867
20.70392835
K= 3868
134.34389638
K= 3869
786.520670996
K= 3870
55.7473002683
K= 3871
14.3666666667
K= 3872
298.029869001
K= 3873
4173.0
K= 3874
20.70392835
K= 3875
12.0166666666
K= 3876
20.70392835
K= 3877
20.70392835
K= 3878
4607.0
K= 3879
39.2791666667
K= 3880
20.70392835
K= 3881
11.5236235454
K= 3882
4497.70392835
K= 3883
4308.75
K= 3884
5.9916666667
K= 3885
4871.63928571
K= 3886
20.70392835
K= 3887
20.128477004
K= 3888
356.164739715
K= 3889
12.9099567098
K= 3890
4834.39058116
K= 3891
4604.27234791
K= 3892
162.083333333
K= 3893
12.7160633483
K= 3894
8.30842074589
K= 3895
4453.0
K= 3896
4497.70392835
K= 3897
8448.71666667
K= 3898
394.537546512
K= 3899
4394.5
K= 3900
8839.0
K= 3901
4486.23333333
K= 3902
8624.0
K= 3903
4619.0
K= 3904
173.65995671
K= 3905
222.509523809
K= 3906
4907.07083767
K= 3907
8976.03333333
K= 3908
8624.0
K= 3909
4840.60952381
K= 3910
192.866666667
K= 3911
20.20392835
K= 3912
19.7835497834
K= 3913
477.384693085
K= 3914
62.0447052948
K= 3915
22.8611473901
K= 3916
8602.0
K= 3917
4989.94156789
K= 3918
4173.0
K= 3919
20.70392835
K= 3920
31.0807251821
K= 3921
271.091616234
K= 3922
4594.35193956
K= 3923
155.0
K= 3924
157.0
K= 3925
12.0166666666
K= 3926
206.981182796
K= 3927
281.0
K= 3928
9.6136911799
K= 3929
391.258333333
K= 3930
6.31957250449
K= 3931
259.546428571
K= 3932
12.4095238094
K= 3933
29.4222222221
K= 3934
9.00718355714
K= 3935
4971.71325864
K= 3936
20.70392835
K= 3937
4483.3104816
K= 3938
97.2169104271
K= 3939
4669.7386525
K= 3940
4619.0
K= 3941
8623.0
K= 3942
202.583333333
K= 3943
4758.2320821
K= 3944
10.5952380951
K= 3945
141.0
K= 3946
4700.47442727
K= 3947
4146.66666667
K= 3948
22.8611473901
K= 3949
4562.75079365
K= 3950
4863.74550523
K= 3951
45.148922374
K= 3952
144.6625
K= 3953
36.474073149
K= 3954
143.0
K= 3955
4489.51666667
K= 3956
132.5
K= 3957
14.9053030303
K= 3958
114.5
K= 3959
4308.75
K= 3960
8839.0
K= 3961
202.583333333
K= 3962
31.5840760478
K= 3963
19.4372616833
K= 3964
4541.0
K= 3965
4487.86904762
K= 3966
4888.18452381
K= 3967
18.3958975964
K= 3968
13.3571428569
K= 3969
4863.90061744
K= 3970
5.83905890491
K= 3971
202.583333333
K= 3972
417.184506677
K= 3973
15.8902966314
K= 3974
8.13104575162
K= 3975
4561.75079365
K= 3976
33.5297035505
K= 3977
4691.06693043
K= 3978
11.8499999999
K= 3979
20.70392835
K= 3980
407.071664447
K= 3981
4765.51519952
K= 3982
4839.44047619
K= 3983
11.7999999999
K= 3984
22.70392835
K= 3985
12.5166666666
K= 3986
4617.0
K= 3987
54.5227633477
K= 3988
11.5952380951
K= 3989
4800.75079365
K= 3990
9554.69512938
K= 3991
4487.16190476
K= 3992
4140.0
K= 3993
27.2624999998
K= 3994
4608.75079365
K= 3995
27.7710958922
K= 3996
8624.0
K= 3997
185.583333333
K= 3998
239.018106893
K= 3999
123.616666667
K= 4000
4513.12936379
K= 4001
191.866666667
K= 4002
603.242857143
K= 4003
5085.34663648
K= 4004
10.6312229435
K= 4005
4140.0
K= 4006
34.7492285493
K= 4007
140.333333333
K= 4008
20.70392835
K= 4009
4927.23333333
K= 4010
4237.70235783
K= 4011
114.5
K= 4012
4631.0
K= 4013
171.0
K= 4014
4746.898283
K= 4015
8617.0
K= 4016
4839.44047619
K= 4017
8839.0
K= 4018
4627.0
K= 4019
512.169480519
K= 4020
344.166666667
K= 4021
131.66373828
K= 4022
8839.0
K= 4023
4494.84271397
K= 4024
4308.75
K= 4025
408.008679283
K= 4026
4874.50711788
K= 4027
41.4078566999
K= 4028
16.1444444444
K= 4029
4860.46250955
K= 4030
7.19626470015
K= 4031
6106.49974465
K= 4032
4882.98341222
K= 4033
11.2
K= 4034
8839.0
K= 4035
11702.063816
K= 4036
141.0
K= 4037
4140.0
K= 4038
4960.68333333
K= 4039
4834.36625768
K= 4040
4855.70218972
K= 4041
4308.75
K= 4042
118.0
K= 4043
8614.0
K= 4044
128.840909091
K= 4045
4728.91773042
K= 4046
15.9838951828
K= 4047
2504.58681639
K= 4048
4324.0
K= 4049
11.5952380953
K= 4050
20.70392835
K= 4051
22399.2806961
K= 4052
4308.75
K= 4053
4308.75
K= 4054
6.98670329654
K= 4055
4799.75079365
K= 4056
156.0
K= 4057
155.0
K= 4058
4498.20392835
K= 4059
20.70392835
K= 4060
4924.01207485
K= 4061
29.6906629318
K= 4062
373.862431039
K= 4063
11.9023809524
K= 4064
4308.75
K= 4065
157.0
K= 4066
4817.86825397
K= 4067
11.2
K= 4068
8624.0
K= 4069
4921.79125024
K= 4070
8839.0
K= 4071
356.879761905
K= 4072
65.3723002683
K= 4073
23.6056571929
K= 4074
28.5935598902
K= 4075
306.050860141
K= 4076
12.0166666666
K= 4077
36.903990454
K= 4078
8620.81333481
K= 4079
44.0635283425
K= 4080
4901.10274955
K= 4081
9.18154761905
K= 4082
11.8666666667
K= 4083
183.427399267
K= 4084
4773.10453363
K= 4085
8.25126912293
K= 4086
69.8873638344
K= 4087
385.616266327
K= 4088
4630.2
K= 4089
4607.0
K= 4090
4308.75
K= 4091
183.833333333
K= 4092
4497.70392835
K= 4093
8624.0
K= 4094
34.5288440725
K= 4095
4619.0
K= 4096
4806.50711788
K= 4097
163.757142857
K= 4098
8.75718355714
K= 4099
9.07619047607
K= 4100
9.92857142841
K= 4101
4893.80261683
K= 4102
9.81666666665
K= 4103
4482.92134159
K= 4104
7.78650793643
K= 4105
4771.9006622
K= 4106
27.8539195389
K= 4107
11.422077922
K= 4108
4924.36637427
K= 4109
8839.0
K= 4110
24.6826701359
K= 4111
8612.0
K= 4112
339.035421888
K= 4113
17.1081985726
K= 4114
20.70392835
K= 4115
8614.0
K= 4116
6.0212379396
K= 4117
12.5166666666
K= 4118
4140.0
K= 4119
11.7386363635
K= 4120
69.6736223652
K= 4121
4140.0
K= 4122
2286.20258837
K= 4123
22.6961038961
K= 4124
4600.75079365
K= 4125
4600.0
K= 4126
6.86865715985
K= 4127
4908.23333333
K= 4128
4847.13908581
K= 4129
20.7021167558
K= 4130
8544.0
K= 4131
551.83003663
K= 4132
699.433333333
K= 4133
4497.70392835
K= 4134
105.0
K= 4135
8624.0
K= 4136
4872.09170679
K= 4137
5102.6363642
K= 4138
4869.4697126
K= 4139
7.0
K= 4140
13.5166666666
K= 4141
8839.0
K= 4142
4308.75
K= 4143
95.885714286
K= 4144
4932.41755827
K= 4145
4879.44047619
K= 4146
4845.58108994
K= 4147
202.583333333
K= 4148
4140.0
K= 4149
4340.0
K= 4150
401.285714286
K= 4151
413.092857143
K= 4152
25.6202380952
K= 4153
11.2
K= 4154
11.0119047618
K= 4155
131.0
K= 4156
8961.84444444
K= 4157
3289.29518856
K= 4158
20.70392835
K= 4159
3617.72135964
K= 4160
4616.0
K= 4161
11.060998854
K= 4162
4140.0
K= 4163
8617.0
K= 4164
4955.1
K= 4165
18.4718409585
K= 4166
538.536525974
K= 4167
450.083333333
K= 4168
4868.34394636
K= 4169
130.5
K= 4170
43.4298212896
K= 4171
117.016666667
K= 4172
9750.01735857
K= 4173
8.50718355714
K= 4174
160.0
K= 4175
193.583333333
K= 4176
24.5277529025
K= 4177
9.00718355714
K= 4178
8620.97510823
K= 4179
188.533333333
K= 4180
4822.69862164
K= 4181
4815.69862164
K= 4182
46.6666666666
K= 4183
353.006597281
K= 4184
4488.48119048
K= 4185
9.11904761905
K= 4186
8624.0
K= 4187
20.20392835
K= 4188
4891.96150794
K= 4189
12.4736947315
K= 4190
10.8680396642
K= 4191
4573.94487734
K= 4192
206.0
K= 4193
4482.19166667
K= 4194
10.419047619
K= 4195
4308.75
K= 4196
34.0
K= 4197
4497.70392835
K= 4198
6.81766625529
K= 4199
19.8543334736
K= 4200
4806.50711788
K= 4201
12.0462938108
K= 4202
8.51919191901
K= 4203
20.70392835
K= 4204
8.49999999988
K= 4205
4499.86114739
K= 4206
68.5834421704
K= 4207
12.0845238095
K= 4208
8839.0
K= 4209
13437.7940476
K= 4210
4928.46785714
K= 4211
320.344444444
K= 4212
8624.0
K= 4213
4175.0
K= 4214
11.7999999999
K= 4215
4557.94404762
K= 4216
20.70392835
K= 4217
399.469727066
K= 4218
16.2844142783
K= 4219
6232.71022069
K= 4220
21.70392835
K= 4221
129.25614482
K= 4222
12.6
K= 4223
4597.5
K= 4224
4485.30844156
K= 4225
4839.44047619
K= 4226
139.0
K= 4227
4140.0
K= 4228
172.333333333
K= 4229
10.7
K= 4230
20.70392835
K= 4231
5676.40121622
K= 4232
4423.0
K= 4233
4497.70392835
K= 4234
14.8581539375
K= 4235
396.610112518
K= 4236
21.3235964228
K= 4237
12.6
K= 4238
60.9012128357
K= 4239
24.7301587302
K= 4240
28.8386731087
K= 4241
11721.1854331
K= 4242
8946.69610872
K= 4243
24.5919222207
K= 4244
4484.78499278
K= 4245
19.6615777338
K= 4246
9.86904761905
K= 4247
4140.0
K= 4248
18.2000433778
K= 4249
4531.0
K= 4250
380.699622107
K= 4251
4847.39469697
K= 4252
186.583333333
K= 4253
4657.44231602
K= 4254
4308.75
K= 4255
20.70392835
K= 4256
142.5
K= 4257
8401.0
K= 4258
8617.0
K= 4259
8.67662337655
K= 4260
4489.6
K= 4261
4489.51666667
K= 4262
4608.75079365
K= 4263
4481.21076605
K= 4264
4111.0
K= 4265
4497.70392835
K= 4266
12.6202852702
K= 4267
394.397910831
K= 4268
20.70392835
K= 4269
4558.99166667
K= 4270
4879.70357143
K= 4271
372.917730418
K= 4272
8839.0
K= 4273
4497.70392835
K= 4274
4308.75
K= 4275
7.12765151507
K= 4276
11.8666666667
K= 4277
4497.20392835
K= 4278
7.2342032966
K= 4279
4917.22857143
K= 4280
4598.0
K= 4281
10.138095238
K= 4282
17678.0
K= 4283
17.3758450495
K= 4284
8617.0
K= 4285
9.82857142843
K= 4286
6491.1090531
K= 4287
17585.2
K= 4288
2588.24674155
K= 4289
11701.8083684
K= 4290
4594.43901458
K= 4291
5.93130953819
K= 4292
12.5166666666
K= 4293
11694.6574384
K= 4294
124.516666667
K= 4295
70.1133392163
K= 4296
4839.62458457
K= 4297
8839.0
K= 4298
4839.44047619
K= 4299
4484.64882479
K= 4300
4881.85341729
K= 4301
141.0
K= 4302
4487.16190476
K= 4303
4510.67501191
K= 4304
4507.12936379
K= 4305
380.018392463
K= 4306
28.2870991731
K= 4307
12.5166666666
K= 4308
4497.70392835
K= 4309
11.0119047618
K= 4310
4860.55112943
K= 4311
9.56666666665
K= 4312
4308.75
K= 4313
10.1619047618
K= 4314
11.6714285713
K= 4315
12.0166666666
K= 4316
191.583333333
K= 4317
4483.79199382
K= 4318
20.70392835
K= 4319
11.6
K= 4320
202.583333333
K= 4321
365.51519952
K= 4322
11.3917748916
K= 4323
11.6666666666
K= 4324
23.7701871074
K= 4325
7.28215811949
K= 4326
12.5166666666
K= 4327
181.333333333
K= 4328
8.17510822497
K= 4329
7.02690631803
K= 4330
33.5714756257
K= 4331
407.25
K= 4332
37.7843955879
K= 4333
32.7136156368
K= 4334
20.70392835
K= 4335
363.841591432
K= 4336
4992.78192045
K= 4337
11.0190476191
K= 4338
20.4086773306
K= 4339
4774.91773042
K= 4340
20.70392835
K= 4341
4487.86904762
K= 4342
4173.0
K= 4343
123.333333333
K= 4344
4694.63186051
K= 4345
10.0666666667
K= 4346
6.15252747235
K= 4347
8599.0
K= 4348
4747.06693043
K= 4349
4497.70392835
K= 4350
540.866666667
K= 4351
9.04444444436
K= 4352
22.7382397754
K= 4353
537.925
K= 4354
4407.75079365
K= 4355
8563.75
K= 4356
4813.0
K= 4357
11.7999999999
K= 4358
13.5166666666
K= 4359
22.2965642585
K= 4360
1760.8092193
K= 4361
6.99999999988
K= 4362
4851.91171717
K= 4363
7.2484848483
K= 4364
8309.75
K= 4365
4167.16666667
K= 4366
34.8435755107
K= 4367
35.6666666666
K= 4368
70.0447052948
K= 4369
11.7999999999
K= 4370
4140.0
K= 4371
4824.62414063
K= 4372
82.3714285719
K= 4373
4140.0
K= 4374
4605.00732435
K= 4375
603.25
K= 4376
16.9918414918
K= 4377
4584.0
K= 4378
4722.32619048
K= 4379
4800.75079365
K= 4380
49.9722947803
K= 4381
4800.75079365
K= 4382
4914.83333333
K= 4383
11.0119047618
K= 4384
13440.1338384
K= 4385
4497.70392835
K= 4386
4485.20238095
K= 4387
4742.70782676
K= 4388
4871.71111111
K= 4389
5343.45238095
K= 4390
15.4017508519
K= 4391
11.5952380951
K= 4392
11700.8063119
K= 4393
32.7726495726
K= 4394
4174.0
K= 4395
71.946965044
K= 4396
8839.0
K= 4397
4941.00555556
K= 4398
20.70392835
K= 4399
142.0
K= 4400
25.1999999998
K= 4401
4800.75079365
K= 4402
5102.6363642
K= 4403
39.2845654344
K= 4404
8839.0
K= 4405
22.70392835
K= 4406
12.4333333333
K= 4407
538.536525974
K= 4408
4305.75
K= 4409
4497.70392835
K= 4410
4608.75079365
K= 4411
438.007247284
K= 4412
45.7222947803
K= 4413
10.8666666667
K= 4414
8624.0
K= 4415
4562.23649627
K= 4416
8595.0
K= 4417
4486.18571429
K= 4418
4497.70392835
K= 4419
49.2553614937
K= 4420
365.071756509
K= 4421
7.78650793654
K= 4422
135.0
K= 4423
4483.84093344
K= 4424
8.81904761901
K= 4425
4747.06693043
K= 4426
4140.0
K= 4427
4608.73690476
K= 4428
20.70392835
K= 4429
39.1160291891
K= 4430
4173.0
K= 4431
13.3287601287
K= 4432
150.422222222
K= 4433
45.7222947803
K= 4434
5896.67991415
K= 4435
89.8647186145
K= 4436
4487.16190476
K= 4437
65.3723002683
K= 4438
4863.74550523
K= 4439
415.333333333
K= 4440
18.3696581195
K= 4441
4942.58333333
K= 4442
33.8982919253
K= 4443
7.08333333326
K= 4444
12.4095238094
K= 4445
4139.0
K= 4446
4308.75
K= 4447
8568.0
K= 4448
381.659236114
K= 4449
8839.0
K= 4450
4497.70392835
K= 4451
7.77705627703
K= 4452
157.5
K= 4453
4498.88495691
K= 4454
8839.0
K= 4455
23.9455946463
K= 4456
4497.70392835
K= 4457
39.6951928596
K= 4458
4806.50711788
K= 4459
7.82222222222
K= 4460
4800.75079365
K= 4461
3369.98697572
K= 4462
462.766666667
K= 4463
4662.58333333
K= 4464
31.7979620771
K= 4465
283.224628717
K= 4466
12.5166666666
K= 4467
4767.66787657
K= 4468
4497.70392835
K= 4469
4665.2320821
K= 4470
4167.16666667
K= 4471
51.8388888887
K= 4472
33.1572768657
K= 4473
11.8666666667
K= 4474
11.3666666667
K= 4475
4137.0
K= 4476
32.5444444444
K= 4477
4308.75
K= 4478
4960.68333333
K= 4479
22.8611473901
K= 4480
837.153571428
K= 4481
20.70392835
K= 4482
3940.34490658
K= 4483
4834.39058116
K= 4484
186.083333333
K= 4485
4291.0
K= 4486
4595.79752078
K= 4487
20.70392835
K= 4488
282.265332439
K= 4489
374.705607889
K= 4490
896.157258856
K= 4491
12.5166666666
K= 4492
4842.72303009
K= 4493
17898.6071429
K= 4494
12.5166666666
K= 4495
4595.5
K= 4496
37.813073593
K= 4497
5615.13502285
K= 4498
17202.0
K= 4499
4608.0
K= 4500
173.333333333
K= 4501
11781.8635231
K= 4502
464.876623377
K= 4503
4483.9145614
K= 4504
18.6124999999
K= 4505
4487.66190476
K= 4506
4506.38984314
K= 4507
19.6764705882
K= 4508
132.5
K= 4509
4774.91773042
K= 4510
4308.75
K= 4511
188.666666667
K= 4512
375.816666667
K= 4513
4878.15165945
K= 4514
9.31904761901
K= 4515
417.186904762
K= 4516
20.70392835
K= 4517
12.5166666666
K= 4518
11670.1205628
K= 4519
154.0
K= 4520
416.448351648
K= 4521
22.0238095238
K= 4522
8617.0
K= 4523
4743.65845032
K= 4524
5102.6363642
K= 4525
37.9333333332
K= 4526
10.0666666667
K= 4527
4747.06693043
K= 4528
18.356354696
K= 4529
9.17777777766
K= 4530
20.70392835
K= 4531
8617.0
K= 4532
11.3666666667
K= 4533
9.17777777778
K= 4534
9.56666666665
K= 4535
4606.75079365
K= 4536
4856.82269045
K= 4537
33.370259784
K= 4538
11.7666666667
K= 4539
20.70392835
K= 4540
196.083333333
K= 4541
563.38051823
K= 4542
20.20392835
K= 4543
4484.07925408
K= 4544
4460.75
K= 4545
4927.31178266
K= 4546
575.075462865
K= 4547
8624.0
K= 4548
312.847727273
K= 4549
25.7287878786
K= 4550
7.2740800865
K= 4551
4308.75
K= 4552
8591.0
K= 4553
4782.40308858
K= 4554
138.766666667
K= 4555
8505.33333333
K= 4556
16.2392620241
K= 4557
8839.0
K= 4558
4727.84920635
K= 4559
8611.0
K= 4560
4308.75
K= 4561
538.536525974
K= 4562
20.70392835
K= 4563
4595.0
K= 4564
4800.75079365
K= 4565
18.8792631011
K= 4566
4841.90061744
K= 4567
9.82857142843
K= 4568
176.533333333
K= 4569
145.0
K= 4570
4308.75
K= 4571
56.6764430015
K= 4572
4624.0
K= 4573
300.0
K= 4574
4308.75
K= 4575
11709.3484627
K= 4576
202.583333333
K= 4577
8615.0
K= 4578
4308.75
K= 4579
12.1666666666
K= 4580
4140.82623707
K= 4581
9.0944444444
K= 4582
4572.80711105
K= 4583
323.750793651
K= 4584
22.7529761904
K= 4585
20.70392835
K= 4586
8.81904761901
K= 4587
23.1972222222
K= 4588
489.333333333
K= 4589
187.247619048
K= 4590
42.524107374
K= 4591
11707.9812934
K= 4592
13.1638888889
K= 4593
4485.97142857
K= 4594
10.8939255188
K= 4595
475.9
K= 4596
20.70392835
K= 4597
8558.0
K= 4598
192.866666667
K= 4599
4489.51666667
K= 4600
8839.0
K= 4601
11.2
K= 4602
4774.91773042
K= 4603
6.76465201459
K= 4604
41.987397325
K= 4605
4910.00724728
K= 4606
186.583333333
K= 4607
141.0
K= 4608
9.97142857127
K= 4609
4670.53333333
K= 4610
70.0447052948
K= 4611
20.70392835
K= 4612
4918.87802916
K= 4613
4308.75
K= 4614
12.5166666666
K= 4615
4937.13690476
K= 4616
6.33333333337
K= 4617
6475.52268523
Betweenness Centrality Improvement
[  0.00000000e+00   0.00000000e+00   0.00000000e+00 ...,   6.33333333e+00
   6.47552269e+03   0.00000000e+00]
Top 20 BC Improvement
[4051 3246 4493 2565 4282 3354 3349 3327 4287 2896 4498 2836 4384 4209 2418
 3753 4501 3540 4241 3647]
