txValue= 10000
IGRAPH D--- 4619 68733 -- 
+ attr: pub_key (v), base_fee (e), capacity (e), fee_rate (e), txCost (e)
None
Our nodes starting connections: 
(4618, 2796)
(4618, 1223)
(4618, 1163)
(4618, 498)
(4618, 2229)
K= 0
20.6034018928
K= 1
8.2666666666
K= 2
11.4095238096
K= 3
83.4458444334
K= 4
282.0
K= 5
4497.70392835
K= 6
140.0
K= 7
14.5714285715
K= 8
4486.09494949
K= 9
11.3766233766
K= 10
4148.0
K= 11
12.1620046649
K= 12
201.583333333
K= 13
19.20392835
K= 14
23.0333333333
K= 15
371.227027027
K= 16
19.20392835
K= 17
8839.0
K= 18
6.63895636529
K= 19
9.53836996329
K= 20
19.70392835
K= 21
11.4095238096
K= 22
4700.01532912
K= 23
200.583333333
K= 24
4482.26279307
K= 25
6.70684822416
K= 26
11.5166666667
K= 27
21.3666666666
K= 28
4537.22391395
K= 29
11.5166666667
K= 30
19.70392835
K= 31
1258.63844839
K= 32
910.123626948
K= 33
10.9095238096
K= 34
21.855795022
K= 35
18.3238095238
K= 36
8624.0
K= 37
7.86904761905
K= 38
4510.52970355
K= 39
8.23015873018
K= 40
4846.12344902
K= 41
8577.0
K= 42
8622.375
K= 43
5.92456140358
K= 44
8.00718355714
K= 45
4486.95357143
K= 46
4333.0
K= 47
11.6
K= 48
188.333333333
K= 49
4565.0
K= 50
21.4156517882
K= 51
4669.69862164
K= 52
18.8624891884
K= 53
22.1388083383
K= 54
21.9333333333
K= 55
4860.46250955
K= 56
4626.0
K= 57
19.70392835
K= 58
11.4095238096
K= 59
4800.75079365
K= 60
4525.52702703
K= 61
27.3057382955
K= 62
32.4867424242
K= 63
5102.6363642
K= 64
25.3157937663
K= 65
4835.36625768
K= 66
3585.09284037
K= 67
4863.90061744
K= 68
201.083333333
K= 69
32.7083325731
K= 70
4848.34394636
K= 71
6586.5321349
K= 72
4782.07903646
K= 73
4485.68571429
K= 74
5.5143106319
K= 75
11.5166666667
K= 76
8636.4096121
K= 77
4317.75
K= 78
4486.4952381
K= 79
4148.0
K= 80
52.6666666667
K= 81
4841.32162044
K= 82
4914.53095238
K= 83
4879.44047619
K= 84
28.7657031446
K= 85
8.56666666665
K= 86
4494.97184096
K= 87
4489.43333333
K= 88
4475.33333333
K= 89
4747.90026376
K= 90
362.048809524
K= 91
22.5333333333
K= 92
526.61547619
K= 93
43.7222947804
K= 94
19.70392835
K= 95
50.4298212897
K= 96
486.056335432
K= 97
4801.53186068
K= 98
10.9732142857
K= 99
7.41904761898
K= 100
5653.02541687
K= 101
4488.01190476
K= 102
8.31904761912
K= 103
8.02380952379
K= 104
4602.7521978
K= 105
4608.75079365
K= 106
4497.70392835
K= 107
64.3723002684
K= 108
4598.0
K= 109
161.15
K= 110
36.4023330599
K= 111
8839.0
K= 112
4497.70392835
K= 113
7.21340316033
K= 114
11.4333333333
K= 115
19.6604500891
K= 116
4837.34289044
K= 117
4317.75
K= 118
4889.5766232
K= 119
11.5166666667
K= 120
528.932446183
K= 121
19.70392835
K= 122
5225.00614113
K= 123
1021.03124098
K= 124
8839.0
K= 125
113.0
K= 126
5.18750310992
K= 127
377.845699187
K= 128
22.9690049504
K= 129
3.85119047621
K= 130
30.6368111824
K= 131
4513.20954601
K= 132
4497.70392835
K= 133
6.43958215695
K= 134
19.70392835
K= 135
12.5016233766
K= 136
19.70392835
K= 137
8.37499999988
K= 138
11674.7851371
K= 139
759.956358225
K= 140
4763.06773055
K= 141
532.343001859
K= 142
4317.75
K= 143
10.3556625923
K= 144
19.6604500891
K= 145
4562.48331995
K= 146
9.6063492063
K= 147
11.1064421086
K= 148
8.86904761905
K= 149
4455.75079365
K= 150
4859.21548719
K= 151
17.8833333333
K= 152
6393.10646429
K= 153
4621.91773042
K= 154
4521.22652348
K= 155
8839.0
K= 156
3.67424242431
K= 157
155.0
K= 158
8626.0
K= 159
318.896334586
K= 160
4485.24404762
K= 161
8633.0
K= 162
4857.74550523
K= 163
8975.70392835
K= 164
452.771031746
K= 165
19.20392835
K= 166
11.0166666667
K= 167
109.774078287
K= 168
4775.56945829
K= 169
152.15
K= 170
8623.0
K= 171
11.5108585859
K= 172
43.0635283426
K= 173
11.4333333333
K= 174
74.7139530352
K= 175
10.5952380953
K= 176
4800.75079365
K= 177
4773.91773042
K= 178
175.611111111
K= 179
4148.0
K= 180
5.61904761905
K= 181
8839.0
K= 182
4.92279612075
K= 183
26.1138583638
K= 184
6.0
K= 185
4633.0
K= 186
8626.0
K= 187
10.8666666667
K= 188
8839.0
K= 189
5.98836996336
K= 190
4220.0
K= 191
132.0
K= 192
4619.0
K= 193
4887.39761905
K= 194
14.5500038115
K= 195
4148.0
K= 196
8802.14285714
K= 197
25.8571428572
K= 198
35.7903979189
K= 199
23.0333333333
K= 200
105.0
K= 201
4482.39820261
K= 202
74.7139530352
K= 203
4606.75079365
K= 204
1243.20694531
K= 205
10.8666666667
K= 206
8839.0
K= 207
10.8666666667
K= 208
11.0035714285
K= 209
8633.0
K= 210
10.8666666667
K= 211
4.30553405569
K= 212
139.0
K= 213
10.8666666667
K= 214
8.86904761905
K= 215
4220.0
K= 216
10.9666666667
K= 217
18.7311651608
K= 218
4694.5
K= 219
31.4366368132
K= 220
2852.67515922
K= 221
10.0
K= 222
115.941176471
K= 223
4220.0
K= 224
4486.61904762
K= 225
11.5166666667
K= 226
9.57216117217
K= 227
4617.0
K= 228
4652.38024143
K= 229
4398.39285714
K= 230
4789.70820523
K= 231
4625.75833333
K= 232
186.533333333
K= 233
360.028669647
K= 234
31.4415753719
K= 235
378.608730159
K= 236
19.70392835
K= 237
140.0
K= 238
4831.44047619
K= 239
2634.0854798
K= 240
4874.57259858
K= 241
19.2666666667
K= 242
6.452991453
K= 243
19.70392835
K= 244
19.70392835
K= 245
8626.0
K= 246
4628.65
K= 247
4830.86825397
K= 248
4774.91773042
K= 249
4640.78922626
K= 250
555.758333333
K= 251
5.09456784569
K= 252
185.583333333
K= 253
4322.0
K= 254
4317.75
K= 255
8839.0
K= 256
10.8666666667
K= 257
390.34394636
K= 258
26.0131313131
K= 259
22.90392835
K= 260
12.5162382062
K= 261
159.0
K= 262
8839.0
K= 263
185.583333333
K= 264
5102.6363642
K= 265
11.4333333333
K= 266
9.09523809515
K= 267
19.1615777338
K= 268
9.00718355714
K= 269
9.06666666665
K= 270
4620.0
K= 271
4182.0
K= 272
4493.16190476
K= 273
8839.0
K= 274
4483.6547619
K= 275
42.4298212897
K= 276
32.0369264508
K= 277
4497.70392835
K= 278
4934.9759712
K= 279
19.70392835
K= 280
4182.0
K= 281
23.2
K= 282
32.1583452419
K= 283
8577.0
K= 284
4908.23333333
K= 285
4717.42420648
K= 286
11.4095238096
K= 287
2712.90115618
K= 288
416.714285714
K= 289
4488.76666667
K= 290
26.064869281
K= 291
4497.70392835
K= 292
4604.75079365
K= 293
10.2
K= 294
16.5292219275
K= 295
7.34900793654
K= 296
5465.21877817
K= 297
4182.0
K= 298
8625.0
K= 299
147.0
K= 300
6.6690476191
K= 301
4567.0
K= 302
17.2404761905
K= 303
32.5600131818
K= 304
8839.0
K= 305
5.30387584923
K= 306
4489.90598291
K= 307
14.5714285714
K= 308
19.70392835
K= 309
169.083333333
K= 310
4317.75
K= 311
4592.0
K= 312
4819.94801168
K= 313
196.9
K= 314
4555.74285714
K= 315
4551.0
K= 316
31.3857492383
K= 317
8839.0
K= 318
144.0
K= 319
18.1454545454
K= 320
6.09848484839
K= 321
323.35031575
K= 322
8626.0
K= 323
4937.2765873
K= 324
4871.23968254
K= 325
4317.75
K= 326
4851.11309524
K= 327
11.2023809524
K= 328
6.15265151509
K= 329
7.41904761898
K= 330
25.4083333333
K= 331
4623.0
K= 332
8839.0
K= 333
10.7999999999
K= 334
64.493017543
K= 335
4486.00718356
K= 336
29.6224220578
K= 337
4608.75079365
K= 338
10.7999999999
K= 339
23.5333333333
K= 340
11.4095238096
K= 341
11697.28763
K= 342
8621.0
K= 343
10.5510883065
K= 344
4.40326728055
K= 345
4593.0
K= 346
4176.16666667
K= 347
4484.96648352
K= 348
4285.6
K= 349
9.70000000007
K= 350
11.4095238096
K= 351
39.3491915079
K= 352
18.4207930757
K= 353
85.6166666669
K= 354
19.0985719834
K= 355
4317.75
K= 356
8626.0
K= 357
4317.75
K= 358
8.16161616158
K= 359
4176.16666667
K= 360
169.083333333
K= 361
7.29353979358
K= 362
4495.17647059
K= 363
18.2857142857
K= 364
11709.1051429
K= 365
4853.01532912
K= 366
357.10827497
K= 367
4148.0
K= 368
5102.6363642
K= 369
8.04444444447
K= 370
8839.0
K= 371
38.0995576491
K= 372
7.6857142857
K= 373
4686.97117605
K= 374
4851.91171717
K= 375
373.867393154
K= 376
4496.0
K= 377
19.1060281385
K= 378
11.4333333333
K= 379
11.5166666667
K= 380
6.01431609329
K= 381
19.70392835
K= 382
4489.40952381
K= 383
10.3666666667
K= 384
27.5166666667
K= 385
4497.70392835
K= 386
4484.98571429
K= 387
8605.0
K= 388
3411.87354768
K= 389
8294.0
K= 390
13.65
K= 391
577.063185568
K= 392
4148.0
K= 393
8.56666666665
K= 394
8839.0
K= 395
4497.70392835
K= 396
25.9723238597
K= 397
4148.0
K= 398
4648.5
K= 399
4955.58333333
K= 400
21.8611473902
K= 401
10.457031857
K= 402
4497.70392835
K= 403
4486.4952381
K= 404
4624.0
K= 405
434.602371182
K= 406
8626.5
K= 407
404.360006769
K= 408
9.0
K= 409
8839.0
K= 410
4879.70357143
K= 411
4774.91773042
K= 412
4903.23333333
K= 413
8839.0
K= 414
10.2
K= 415
10.5119047619
K= 416
12473.6666667
K= 417
281.552159526
K= 418
19.70392835
K= 419
11694.1260457
K= 420
19.6216772994
K= 421
8968.70330215
K= 422
41.1793907163
K= 423
4629.0
K= 424
4649.25
K= 425
4497.70392835
K= 426
53.0447052949
K= 427
370.442316017
K= 428
199.893620906
K= 429
10.2
K= 430
42.5635283426
K= 431
4858.91075036
K= 432
7.86190476187
K= 433
491.823457695
K= 434
154.0
K= 435
8294.0
K= 436
5432.44857818
K= 437
9.51190476189
K= 438
8.04444444447
K= 439
4497.70392835
K= 440
318.750793651
K= 441
19.70392835
K= 442
9.09523809515
K= 443
191.333333333
K= 444
34.8192982457
K= 445
4583.0
K= 446
8626.0
K= 447
4669.69862164
K= 448
8.97142857127
K= 449
151.0
K= 450
8839.0
K= 451
4885.40946276
K= 452
13.6444444444
K= 453
4552.34642857
K= 454
4295.5
K= 455
4839.44047619
K= 456
8839.0
K= 457
4856.30361018
K= 458
36.0834007337
K= 459
4497.70392835
K= 460
4148.0
K= 461
4182.0
K= 462
4499.86114739
K= 463
4489.40952381
K= 464
4839.44047619
K= 465
15.3187013292
K= 466
4722.21666667
K= 467
140.0
K= 468
19.70392835
K= 469
11.5166666667
K= 470
29.6833333333
K= 471
11.0166666667
K= 472
6.27222222218
K= 473
11.0722222222
K= 474
8.92857142841
K= 475
4868.50711788
K= 476
4774.91773042
K= 477
4497.70392835
K= 478
8.39999999991
K= 479
354.798173794
K= 480
66.9114690867
K= 481
19.70392835
K= 482
4847.20241703
K= 483
18.2848707478
K= 484
3562.93128024
K= 485
8626.0
K= 486
4800.75079365
K= 487
1340.32654017
K= 488
8452.66666667
K= 489
8632.0
K= 490
8631.0
K= 491
4624.0
K= 492
4317.75
K= 493
3583.76121968
K= 494
7.91904761898
K= 495
43.486288097
K= 496
8626.0
K= 497
137.416666667
K= 498
5.33333333337
K= 499
19.70392835
K= 500
22.0333333333
K= 501
4495.86507731
K= 502
6.01862843032
K= 503
4481.58333333
K= 504
55.8833333333
K= 505
4863.54221889
K= 506
138.0
K= 507
185.583333333
K= 508
4910.30238095
K= 509
390.34394636
K= 510
4747.06693043
K= 511
380.718741123
K= 512
4842.51519952
K= 513
1050.1826092
K= 514
137.5
K= 515
21.4059422751
K= 516
4148.0
K= 517
8.47636363632
K= 518
4806.50711788
K= 519
11.4666666667
K= 520
4486.16666667
K= 521
31.7473109865
K= 522
4841.32162044
K= 523
8.36904761905
K= 524
43.8663419915
K= 525
4793.65571983
K= 526
4870.46071429
K= 527
123.0
K= 528
4851.01688312
K= 529
127.0
K= 530
9.57216117217
K= 531
4809.58108994
K= 532
4874.50711788
K= 533
19.70392835
K= 534
4497.70392835
K= 535
4497.70392835
K= 536
36.8447052948
K= 537
9.59523809515
K= 538
4851.91171717
K= 539
143.0
K= 540
27.5935598901
K= 541
34.3873237874
K= 542
10.85
K= 543
4898.53571429
K= 544
23.4477205918
K= 545
8615.0
K= 546
28.105657193
K= 547
8611.0
K= 548
6558.78361788
K= 549
19.70392835
K= 550
5.53333333333
K= 551
1121.44857818
K= 552
4897.27102428
K= 553
8622.0
K= 554
157.0
K= 555
69.1133392163
K= 556
145.0
K= 557
19.70392835
K= 558
4805.50711788
K= 559
4622.0
K= 560
155.0
K= 561
136.766666667
K= 562
4603.42015599
K= 563
4839.44047619
K= 564
8965.58398763
K= 565
195.083333333
K= 566
4317.75
K= 567
8.19494949491
K= 568
4497.70392835
K= 569
327.439815474
K= 570
409.30259137
K= 571
4798.03650794
K= 572
143.0
K= 573
76.1000000001
K= 574
122.0
K= 575
4846.12344902
K= 576
155.15
K= 577
11.0166666667
K= 578
463.276587302
K= 579
203.5
K= 580
13.0283613447
K= 581
8.81828324671
K= 582
4497.70392835
K= 583
278.791269841
K= 584
32.5297035504
K= 585
136.0
K= 586
4563.0
K= 587
6327.42271366
K= 588
194.083333333
K= 589
16.9348039215
K= 590
19.70392835
K= 591
4607.5
K= 592
290.333333333
K= 593
4888.85555556
K= 594
9325.16666667
K= 595
19.70392835
K= 596
11.4666666667
K= 597
366.462708951
K= 598
5.46963118587
K= 599
201.583333333
K= 600
4489.43333333
K= 601
671.60996706
K= 602
369.093695433
K= 603
4820.00396967
K= 604
4810.60681192
K= 605
4488.5952381
K= 606
4832.47912035
K= 607
4317.75
K= 608
7.71994949493
K= 609
19.3273767564
K= 610
4148.0
K= 611
4317.75
K= 612
4480.34423957
K= 613
4844.77695709
K= 614
5055.7
K= 615
142.0
K= 616
4161.16666667
K= 617
20.4
K= 618
11.5166666667
K= 619
4883.96150794
K= 620
155.15
K= 621
19.6604500891
K= 622
9.76666666672
K= 623
151.783333333
K= 624
4916.66666667
K= 625
500.442950514
K= 626
155.0
K= 627
7.88225108222
K= 628
4187.6625
K= 629
4161.16666667
K= 630
8624.0
K= 631
4146.0
K= 632
43.0635283426
K= 633
4789.51519952
K= 634
4908.23333333
K= 635
5425.00413373
K= 636
4935.14217172
K= 637
956.790593182
K= 638
4605.61050779
K= 639
9621.40272964
K= 640
8605.0
K= 641
4884.64301692
K= 642
46.0666666668
K= 643
8.0
K= 644
4800.75079365
K= 645
154.0
K= 646
125.515463791
K= 647
4866.03009768
K= 648
4839.44047619
K= 649
4360.66666667
K= 650
5553.48774369
K= 651
24.2690631808
K= 652
6532.53032665
K= 653
307.414430807
K= 654
19.2478937729
K= 655
4317.75
K= 656
19.70392835
K= 657
4148.0
K= 658
10.2
K= 659
8839.0
K= 660
4850.22035251
K= 661
455.245373105
K= 662
97.2885678153
K= 663
6299.2598979
K= 664
7092.65247856
K= 665
4800.75079365
K= 666
19.70392835
K= 667
142.0
K= 668
4583.65571983
K= 669
11.2666666667
K= 670
19.70392835
K= 671
1020.28853263
K= 672
4615.0
K= 673
9.9357142857
K= 674
53.8042221924
K= 675
21.2251929742
K= 676
4809.39469697
K= 677
382.46250955
K= 678
75.7222947804
K= 679
19.70392835
K= 680
4774.91773042
K= 681
13450.9857143
K= 682
16.1764705882
K= 683
32.7603241918
K= 684
4594.0
K= 685
201.583333333
K= 686
8.04329004325
K= 687
340.347774812
K= 688
4885.14880952
K= 689
363.321620437
K= 690
4770.58108994
K= 691
4923.65
K= 692
6.00528309413
K= 693
4317.75
K= 694
11.5166666667
K= 695
2585.75410714
K= 696
11.6
K= 697
11679.128079
K= 698
4317.75
K= 699
19.70392835
K= 700
4895.48231278
K= 701
694.099151077
K= 702
4486.56666667
K= 703
8.67167919804
K= 704
4497.70392835
K= 705
21.70392835
K= 706
8611.0
K= 707
4317.75
K= 708
126.0
K= 709
9.08452380949
K= 710
8839.0
K= 711
11.4095238096
K= 712
4148.0
K= 713
76.7987537812
K= 714
4628.0
K= 715
8616.0
K= 716
11.5166666667
K= 717
4758.91666667
K= 718
4494.13174603
K= 719
11.5166666667
K= 720
6.10531280271
K= 721
4148.0
K= 722
11.5166666667
K= 723
2533.55506232
K= 724
46.3424242424
K= 725
18.6764705882
K= 726
5686.927628
K= 727
306.0
K= 728
4698.75833333
K= 729
43.0635283426
K= 730
11.6
K= 731
4875.01532912
K= 732
4853.6206836
K= 733
201.583333333
K= 734
8.45000000007
K= 735
4483.23917749
K= 736
4486.86904762
K= 737
4817.86825397
K= 738
156.0
K= 739
594.642857143
K= 740
4895.80535021
K= 741
10.8666666667
K= 742
4533.25872757
K= 743
9.6913419913
K= 744
4618.0
K= 745
4488.2
K= 746
9.76190476189
K= 747
19.70392835
K= 748
5686.40774005
K= 749
77.1333333334
K= 750
6.4820688084
K= 751
11.9000407
K= 752
269.879761905
K= 753
4843.12344902
K= 754
11701.7565596
K= 755
21.8611473902
K= 756
116.333333333
K= 757
600.0
K= 758
2657.66097657
K= 759
161.533333333
K= 760
167.083333333
K= 761
4729.88205856
K= 762
8625.0
K= 763
8839.0
K= 764
8633.0
K= 765
19.2301425665
K= 766
4148.0
K= 767
19.70392835
K= 768
80.116430549
K= 769
7.96551689052
K= 770
4856.30361018
K= 771
4497.81908257
K= 772
10.5166666667
K= 773
371.917730418
K= 774
28.105657193
K= 775
4496.99719062
K= 776
19.70392835
K= 777
8626.0
K= 778
4648.94329004
K= 779
133.5
K= 780
11.9952380953
K= 781
4493.47184096
K= 782
4408.75079365
K= 783
9.69713908131
K= 784
5067.80656989
K= 785
4868.50711788
K= 786
18.2498499461
K= 787
104.5
K= 788
20.9333333333
K= 789
6.0
K= 790
8.86904761905
K= 791
4920.44285714
K= 792
443.122965923
K= 793
445.540047757
K= 794
5.60828876996
K= 795
140.0
K= 796
4680.91912805
K= 797
173.666666667
K= 798
8573.75
K= 799
322.750793651
K= 800
4770.58108994
K= 801
4182.0
K= 802
4497.70392835
K= 803
8.00718355714
K= 804
4484.97108597
K= 805
11.0166666667
K= 806
5.4147459165
K= 807
18.7940419229
K= 808
191.866666667
K= 809
4489.01666667
K= 810
4883.96150794
K= 811
4148.0
K= 812
7.67662337667
K= 813
5684.98917944
K= 814
201.333333333
K= 815
4182.0
K= 816
159.99752886
K= 817
4317.75
K= 818
4485.64795472
K= 819
4495.47184096
K= 820
4663.58333333
K= 821
156.0
K= 822
8839.0
K= 823
11.5166666667
K= 824
4836.72503823
K= 825
10.6
K= 826
379.233155965
K= 827
6055.16886764
K= 828
13.3603174604
K= 829
143.533333333
K= 830
107.5
K= 831
141.0
K= 832
13.9361111111
K= 833
19.70392835
K= 834
9.49523809517
K= 835
19.70392835
K= 836
4498.86114739
K= 837
13.4918414918
K= 838
9.66666666674
K= 839
8.97142857127
K= 840
8626.0
K= 841
131.0
K= 842
649.942460318
K= 843
26.3611473902
K= 844
4483.54711566
K= 845
4497.70392835
K= 846
6.20265151514
K= 847
4786.87326433
K= 848
185.583333333
K= 849
4148.0
K= 850
10.8666666667
K= 851
140.0
K= 852
23.0333333333
K= 853
4795.06693043
K= 854
11682.1018525
K= 855
5186.76046176
K= 856
11.4095238096
K= 857
11.5166666667
K= 858
19.20392835
K= 859
163.0
K= 860
34.5044292257
K= 861
303.195005104
K= 862
8570.5
K= 863
6.08516483498
K= 864
11.5166666667
K= 865
40.2095596781
K= 866
4625.0
K= 867
4148.0
K= 868
8626.0
K= 869
4486.31904762
K= 870
4608.75079365
K= 871
6228.71100253
K= 872
19.70392835
K= 873
115.0
K= 874
43.0635283426
K= 875
19.70392835
K= 876
32.2239435324
K= 877
4926.66792929
K= 878
4800.75079365
K= 879
4849.18333333
K= 880
2754.52985583
K= 881
130.5
K= 882
7.2711038962
K= 883
4497.70392835
K= 884
4497.70392835
K= 885
11.0166666667
K= 886
4748.0
K= 887
4497.70392835
K= 888
380.461111111
K= 889
15.4666666667
K= 890
7.90000000002
K= 891
4249.35442807
K= 892
6.6154021417
K= 893
75.369750219
K= 894
140.0
K= 895
4879.23968254
K= 896
8.00718355714
K= 897
4665.21059569
K= 898
4633.0
K= 899
19.70392835
K= 900
14.6145299146
K= 901
142.0
K= 902
4182.0
K= 903
4317.75
K= 904
8.00718355714
K= 905
5336.19756922
K= 906
8.86904761905
K= 907
5.10687742382
K= 908
12.7387163561
K= 909
4885.40946276
K= 910
10.7999999999
K= 911
191.866666667
K= 912
201.583333333
K= 913
364.959960648
K= 914
4401.0
K= 915
383.035525741
K= 916
8633.0
K= 917
4686.44047619
K= 918
4497.70392835
K= 919
205.673443996
K= 920
7.18333333335
K= 921
4868.34394636
K= 922
8633.0
K= 923
201.583333333
K= 924
6746.60700127
K= 925
8.27499999991
K= 926
11.4333333333
K= 927
929.387291303
K= 928
179.511904762
K= 929
19.70392835
K= 930
16.738095238
K= 931
8.20995670999
K= 932
6.67539682542
K= 933
32.7448838716
K= 934
19.1660922412
K= 935
8.31904761912
K= 936
8633.0
K= 937
15.7276873066
K= 938
548.861694678
K= 939
4868.50711788
K= 940
8620.0
K= 941
19.70392835
K= 942
5102.6363642
K= 943
408.5
K= 944
4912.80494606
K= 945
36.967782218
K= 946
19.70392835
K= 947
27.0356979406
K= 948
4816.41666667
K= 949
8605.0
K= 950
9.03257575759
K= 951
19.70392835
K= 952
4496.67647059
K= 953
507.111904762
K= 954
4317.75
K= 955
4871.22756868
K= 956
130.0
K= 957
4489.40952381
K= 958
10.5166666667
K= 959
27.6991664452
K= 960
7.92110297119
K= 961
5432.33746707
K= 962
157.0
K= 963
10.85
K= 964
4875.00867928
K= 965
8573.75
K= 966
4497.70392835
K= 967
4148.0
K= 968
4497.07040742
K= 969
21.8611473902
K= 970
7.6857142857
K= 971
491.570260328
K= 972
4800.75079365
K= 973
74.7139530352
K= 974
8605.0
K= 975
4455.75079365
K= 976
135.5
K= 977
7.94166666665
K= 978
4663.58333333
K= 979
47.7164160401
K= 980
4182.0
K= 981
4800.75079365
K= 982
7.6857142857
K= 983
8839.0
K= 984
4484.58480243
K= 985
420.49780093
K= 986
378.281914378
K= 987
425.800903524
K= 988
4148.0
K= 989
80.116430549
K= 990
4660.2
K= 991
8.33333333337
K= 992
8633.0
K= 993
18.2825396825
K= 994
10.85
K= 995
20.1066503258
K= 996
35.8325618827
K= 997
9.16190476192
K= 998
4488.86666667
K= 999
197.583333333
K= 1000
4317.75
K= 1001
8626.0
K= 1002
8371.96793563
K= 1003
8.86904761905
K= 1004
11.4095238096
K= 1005
19.70392835
K= 1006
48.3239979031
K= 1007
3547.70856768
K= 1008
4.86731649027
K= 1009
8839.0
K= 1010
4619.0
K= 1011
33.1583452419
K= 1012
6623.85309821
K= 1013
4317.75
K= 1014
2520.57837516
K= 1015
8624.0
K= 1016
10.5952380953
K= 1017
4617.0
K= 1018
4497.70392835
K= 1019
8605.0
K= 1020
8608.0
K= 1021
4317.75
K= 1022
4863.54221889
K= 1023
4587.91560378
K= 1024
10.35
K= 1025
32.2239435324
K= 1026
4487.0952381
K= 1027
4871.63928571
K= 1028
874.331015709
K= 1029
8839.0
K= 1030
3612.94841218
K= 1031
4999.42857143
K= 1032
11.4095238096
K= 1033
369.732448108
K= 1034
6.72510822513
K= 1035
4617.0
K= 1036
9.05277777778
K= 1037
19.70392835
K= 1038
48.347645541
K= 1039
1.59999999998
K= 1040
10.219047619
K= 1041
8626.0
K= 1042
5.51013090357
K= 1043
6266.8756706
K= 1044
8829.2
K= 1045
393.766666667
K= 1046
4317.75
K= 1047
53.1782254508
K= 1048
4483.24839397
K= 1049
62.8723002684
K= 1050
4161.16666667
K= 1051
19.70392835
K= 1052
8626.0
K= 1053
12.5070818071
K= 1054
4394.73587771
K= 1055
4508.0
K= 1056
6230.8756706
K= 1057
348.13601918
K= 1058
434.137446449
K= 1059
8.97142857127
K= 1060
10.381547619
K= 1061
18.6764705882
K= 1062
10.8666666667
K= 1063
143.0
K= 1064
34.1425557641
K= 1065
4854.22756868
K= 1066
89.6214646465
K= 1067
418.524488697
K= 1068
8.56666666665
K= 1069
4772.44231602
K= 1070
9.16190476192
K= 1071
4909.96526251
K= 1072
4626.53333333
K= 1073
21.384956914
K= 1074
4484.49603175
K= 1075
4700.01532912
K= 1076
13.0186868687
K= 1077
19.70392835
K= 1078
7.55328282819
K= 1079
4607.0452381
K= 1080
19.70392835
K= 1081
6.18333333323
K= 1082
10.8666666667
K= 1083
143.0
K= 1084
4879.44047619
K= 1085
10.0119047619
K= 1086
4874.57259858
K= 1087
4879.44047619
K= 1088
11.5166666667
K= 1089
540.286914732
K= 1090
4866.30669192
K= 1091
8.99523809517
K= 1092
34.2023330599
K= 1093
8839.0
K= 1094
2715.524021
K= 1095
38.5299338427
K= 1096
4912.94776335
K= 1097
4497.70392835
K= 1098
445.410633484
K= 1099
8839.0
K= 1100
18.6764705882
K= 1101
4621.2320821
K= 1102
728.534335891
K= 1103
5001.6952381
K= 1104
85.4646825397
K= 1105
4893.9089813
K= 1106
8.83333333337
K= 1107
8617.0
K= 1108
8839.0
K= 1109
4960.40753968
K= 1110
17.309467787
K= 1111
8619.0
K= 1112
4839.44047619
K= 1113
1163.30405698
K= 1114
19.70392835
K= 1115
7.08571428561
K= 1116
5693.12202576
K= 1117
9.61111111112
K= 1118
17.4079314857
K= 1119
8777.0
K= 1120
4660.5
K= 1121
6623.08671269
K= 1122
6596.80221089
K= 1123
4828.48333333
K= 1124
43.0635283426
K= 1125
4822.69862164
K= 1126
17.3826595686
K= 1127
2934.25497086
K= 1128
4796.89218918
K= 1129
19.70392835
K= 1130
8625.0
K= 1131
322.750793651
K= 1132
109.0
K= 1133
19.70392835
K= 1134
4800.75079365
K= 1135
9.63809523801
K= 1136
4317.75
K= 1137
74.0894105893
K= 1138
4393.83333333
K= 1139
19.70392835
K= 1140
4486.76666667
K= 1141
4237.0
K= 1142
4161.16666667
K= 1143
115.0
K= 1144
4575.77361111
K= 1145
170.0
K= 1146
8622.0
K= 1147
8.6857142857
K= 1148
8839.0
K= 1149
4800.75079365
K= 1150
5.40272642393
K= 1151
4901.08383145
K= 1152
340.544420019
K= 1153
8839.0
K= 1154
193.583333333
K= 1155
9.69999999995
K= 1156
301.636117118
K= 1157
5215.73095238
K= 1158
200.116208791
K= 1159
4317.75
K= 1160
4649.0
K= 1161
7.84444444452
K= 1162
4860.92352763
K= 1163
54.5446293473
K= 1164
4526.48016281
K= 1165
8839.0
K= 1166
24.0501098901
K= 1167
4489.83220779
K= 1168
107.347545605
K= 1169
4387.0
K= 1170
18.9971906164
K= 1171
19.70392835
K= 1172
4840.9006622
K= 1173
4694.33575525
K= 1174
139.0
K= 1175
4703.96904762
K= 1176
424.381123409
K= 1177
8839.0
K= 1178
55.1871197803
K= 1179
43.0022281052
K= 1180
10.921453634
K= 1181
4675.94975857
K= 1182
24.7162337663
K= 1183
108.0
K= 1184
21.1328571429
K= 1185
8625.0
K= 1186
349.879761905
K= 1187
14.0695526695
K= 1188
4488.86666667
K= 1189
4605.75079365
K= 1190
32.0137191263
K= 1191
201.583333333
K= 1192
4834.39058116
K= 1193
8626.0
K= 1194
4671.32038085
K= 1195
6535.95737921
K= 1196
8839.0
K= 1197
19.70392835
K= 1198
10.7999999999
K= 1199
4483.09494949
K= 1200
4148.0
K= 1201
360.111160709
K= 1202
8961.32700983
K= 1203
4148.0
K= 1204
4487.21827759
K= 1205
4317.75
K= 1206
7.42187257193
K= 1207
379.327307023
K= 1208
21.8611473902
K= 1209
17.7092902267
K= 1210
17.5583333333
K= 1211
10.8666666667
K= 1212
7.13956043951
K= 1213
197.583333333
K= 1214
4488.36666667
K= 1215
51.1728937732
K= 1216
53.0447052949
K= 1217
17248.0
K= 1218
19.5952380954
K= 1219
3572.68103665
K= 1220
6.69188034197
K= 1221
201.583333333
K= 1222
19.20392835
K= 1223
28.9279626807
K= 1224
7.18333333335
K= 1225
9.69523809524
K= 1226
4631.0
K= 1227
4853.01532912
K= 1228
68.2008556057
K= 1229
8425.0
K= 1230
19.70392835
K= 1231
17.2143939394
K= 1232
21.8611473902
K= 1233
10.7999999999
K= 1234
185.533333333
K= 1235
4615.0
K= 1236
10.7999999999
K= 1237
4871.63928571
K= 1238
179.349146623
K= 1239
17.2854726895
K= 1240
155.0
K= 1241
1111.55543967
K= 1242
8611.0
K= 1243
8802.14285714
K= 1244
4856.25163472
K= 1245
4497.70392835
K= 1246
16.6888888889
K= 1247
4017.67415565
K= 1248
150.966439116
K= 1249
23.1049955118
K= 1250
5.68792270531
K= 1251
4608.0
K= 1252
45.5446477195
K= 1253
374.413562255
K= 1254
8633.0
K= 1255
4966.28412698
K= 1256
4693.12344902
K= 1257
7.6857142857
K= 1258
4839.44047619
K= 1259
8839.0
K= 1260
26.9290290776
K= 1261
52.6498015873
K= 1262
5686.15774005
K= 1263
11.4333333333
K= 1264
8621.0
K= 1265
19.70392835
K= 1266
4619.0
K= 1267
2531.93968991
K= 1268
4869.0175291
K= 1269
19.70392835
K= 1270
4867.98015873
K= 1271
4.08333333337
K= 1272
29.9179919381
K= 1273
30.9279104593
K= 1274
4497.70392835
K= 1275
12.034577922
K= 1276
4840.31507828
K= 1277
4903.86975375
K= 1278
18.4756410256
K= 1279
31.9591131093
K= 1280
13.9185784976
K= 1281
4516.17485272
K= 1282
4317.75
K= 1283
200.583333333
K= 1284
19.70392835
K= 1285
19.6908589472
K= 1286
73.5830006542
K= 1287
19.70392835
K= 1288
4806.50711788
K= 1289
18.1900432901
K= 1290
19.70392835
K= 1291
4703.92809889
K= 1292
4742.40958336
K= 1293
8616.0
K= 1294
11.0166666667
K= 1295
141.0
K= 1296
5102.6363642
K= 1297
4625.0
K= 1298
4455.75079365
K= 1299
151.915199783
K= 1300
6.20265151514
K= 1301
8608.5
K= 1302
4706.70013409
K= 1303
8626.0
K= 1304
9.08452380949
K= 1305
4484.55793651
K= 1306
4482.96701747
K= 1307
4570.91773042
K= 1308
9.16190476192
K= 1309
433.962412426
K= 1310
8.31904761912
K= 1311
8.16161616158
K= 1312
72.4721537387
K= 1313
981.817104063
K= 1314
4148.0
K= 1315
464.6
K= 1316
371.917730418
K= 1317
14.0166666667
K= 1318
17.4718409586
K= 1319
5102.6363642
K= 1320
11695.6826463
K= 1321
4911.66666667
K= 1322
4885.46071429
K= 1323
33.1583452419
K= 1324
356.801296889
K= 1325
11.2666666667
K= 1326
11.1
K= 1327
26.4
K= 1328
140.0
K= 1329
8624.0
K= 1330
4482.62132897
K= 1331
440.965262515
K= 1332
4853.01532912
K= 1333
10.8666666667
K= 1334
4874.50711788
K= 1335
4058.73333333
K= 1336
19.70392835
K= 1337
39.4078566999
K= 1338
13.4500000001
K= 1339
43.7222947804
K= 1340
4497.70392835
K= 1341
414.577651515
K= 1342
152.5
K= 1343
103.457142857
K= 1344
4880.86680227
K= 1345
8839.0
K= 1346
22.7256674805
K= 1347
4842.51519952
K= 1348
77.7428571429
K= 1349
4496.70392835
K= 1350
7.36904761905
K= 1351
10.0
K= 1352
197.104003819
K= 1353
600.0
K= 1354
10.3666666667
K= 1355
8.00718355714
K= 1356
32.4497035504
K= 1357
981.817104063
K= 1358
5.99523809517
K= 1359
3086.89371949
K= 1360
375.531014358
K= 1361
19.70392835
K= 1362
4923.93716931
K= 1363
88.6032188649
K= 1364
4486.4
K= 1365
4157.0
K= 1366
19.70392835
K= 1367
14.4668258028
K= 1368
4774.91773042
K= 1369
6475.3393519
K= 1370
14.3047619046
K= 1371
7.28592074593
K= 1372
139.5
K= 1373
4514.20954601
K= 1374
8839.0
K= 1375
48.994034854
K= 1376
11.5166666667
K= 1377
18.758834303
K= 1378
15.6700757577
K= 1379
8.20995670999
K= 1380
11.4095238096
K= 1381
8950.28892496
K= 1382
10.7999999999
K= 1383
11.5818181818
K= 1384
4791.44231602
K= 1385
4861.15708789
K= 1386
4874.50711788
K= 1387
8633.0
K= 1388
8618.0
K= 1389
4800.75079365
K= 1390
319.875274725
K= 1391
4148.0
K= 1392
307.805230397
K= 1393
8839.0
K= 1394
16.5476190475
K= 1395
4017.71420768
K= 1396
4573.60230314
K= 1397
67.8
K= 1398
123.5
K= 1399
4317.75
K= 1400
369.949758575
K= 1401
201.583333333
K= 1402
19.70392835
K= 1403
4821.33968254
K= 1404
8777.0
K= 1405
15.8779127306
K= 1406
4486.06666667
K= 1407
11.6
K= 1408
4828.94975857
K= 1409
4821.68095238
K= 1410
4317.75
K= 1411
296.668951779
K= 1412
4610.33333333
K= 1413
4807.12344902
K= 1414
133.116883117
K= 1415
4309.0
K= 1416
53.0447052949
K= 1417
6.88632478635
K= 1418
4824.74550523
K= 1419
10.2
K= 1420
3358.24171606
K= 1421
4860.46250955
K= 1422
10.4623880627
K= 1423
140.0
K= 1424
19.70392835
K= 1425
6.99670329667
K= 1426
149.5
K= 1427
4816.10951621
K= 1428
8318.13421203
K= 1429
4240.9962292
K= 1430
12.7497076024
K= 1431
4497.70392835
K= 1432
3573.06236705
K= 1433
10.0119047619
K= 1434
4497.70392835
K= 1435
89.6214646465
K= 1436
4870.6989232
K= 1437
4830.2852938
K= 1438
19.20392835
K= 1439
577.063185568
K= 1440
4479.83333333
K= 1441
4148.0
K= 1442
10.6
K= 1443
8573.75
K= 1444
217.755194805
K= 1445
4839.44047619
K= 1446
4185.0
K= 1447
8573.75
K= 1448
5392.30665485
K= 1449
185.583333333
K= 1450
103.345958761
K= 1451
8.86904761905
K= 1452
4463.0
K= 1453
13.8060818714
K= 1454
10.9095238096
K= 1455
1560.61299717
K= 1456
21.8611473902
K= 1457
7.3432900433
K= 1458
902.099477237
K= 1459
23.1857779626
K= 1460
320.885531135
K= 1461
4497.70392835
K= 1462
6.05650721828
K= 1463
4846.11746032
K= 1464
4497.70392835
K= 1465
8624.0
K= 1466
161.5
K= 1467
4497.70392835
K= 1468
4506.5
K= 1469
10.5952380953
K= 1470
19.70392835
K= 1471
600.0
K= 1472
123.5
K= 1473
120.5
K= 1474
8633.0
K= 1475
10.85
K= 1476
5.20028860029
K= 1477
202.668377917
K= 1478
4469.75
K= 1479
4299.0
K= 1480
12.1491675267
K= 1481
136.333333333
K= 1482
4639.5
K= 1483
11.5166666667
K= 1484
4493.16190476
K= 1485
4566.0
K= 1486
4182.0
K= 1487
115.0
K= 1488
6.90555555548
K= 1489
11.5166666667
K= 1490
17.8617212174
K= 1491
6.2965811966
K= 1492
142.0
K= 1493
5.39363551489
K= 1494
4589.40958336
K= 1495
144.0
K= 1496
4148.0
K= 1497
4317.75
K= 1498
17.4718409586
K= 1499
13234.0
K= 1500
19.70392835
K= 1501
8.20952380949
K= 1502
4878.56666667
K= 1503
4910.65
K= 1504
9.62023809517
K= 1505
19.70392835
K= 1506
4866.21176211
K= 1507
8.16666666663
K= 1508
17678.0
K= 1509
4317.75
K= 1510
4317.75
K= 1511
4299.0
K= 1512
4399.53823743
K= 1513
4484.1
K= 1514
11.3261904762
K= 1515
4438.75079365
K= 1516
241.023809524
K= 1517
7134.35921436
K= 1518
322.286976912
K= 1519
314.532193031
K= 1520
4512.98609626
K= 1521
4317.75
K= 1522
47.2869103588
K= 1523
40.6005244756
K= 1524
10.5166666667
K= 1525
4497.70392835
K= 1526
119.333333333
K= 1527
13.8329670329
K= 1528
19.70392835
K= 1529
19.70392835
K= 1530
23.4274107213
K= 1531
8.00718355714
K= 1532
8622.0
K= 1533
4837.46250955
K= 1534
4520.42982129
K= 1535
10.2530514682
K= 1536
4148.0
K= 1537
5.39136500761
K= 1538
8622.70192308
K= 1539
7.4357142857
K= 1540
5.2490981241
K= 1541
61.3600066556
K= 1542
4161.16666667
K= 1543
8.54166666663
K= 1544
11.8063492063
K= 1545
140.0
K= 1546
4.98491517943
K= 1547
8839.0
K= 1548
19.70392835
K= 1549
4608.75079365
K= 1550
8625.0
K= 1551
408.193001443
K= 1552
16.638095238
K= 1553
4625.0
K= 1554
4800.75079365
K= 1555
281.0
K= 1556
8.21666666667
K= 1557
17.8738692609
K= 1558
17.1772301228
K= 1559
5102.6363642
K= 1560
19.70392835
K= 1561
4317.75
K= 1562
129.333333333
K= 1563
32.6937860512
K= 1564
135.0
K= 1565
5422.6708004
K= 1566
11.5166666667
K= 1567
5618.20944947
K= 1568
4610.91666667
K= 1569
17.6571428571
K= 1570
5.39376132644
K= 1571
4497.70392835
K= 1572
140.0
K= 1573
8965.0
K= 1574
5.79199381708
K= 1575
8626.0
K= 1576
8.97142857127
K= 1577
8839.0
K= 1578
13.3077380952
K= 1579
4875.7765873
K= 1580
19.0372616834
K= 1581
537.536525974
K= 1582
4549.2
K= 1583
4317.75
K= 1584
4317.75
K= 1585
497.11547619
K= 1586
8.83333333337
K= 1587
12.3288613692
K= 1588
5.0
K= 1589
40431.5120648
K= 1590
33.0859394348
K= 1591
4885.14880952
K= 1592
5270.71841945
K= 1593
4822.69862164
K= 1594
21.8611473902
K= 1595
4819.78733766
K= 1596
8839.0
K= 1597
8633.0
K= 1598
19.4390186023
K= 1599
17678.0
K= 1600
4317.75
K= 1601
10.7999999999
K= 1602
8839.0
K= 1603
11.4333333333
K= 1604
9.22497502505
K= 1605
4661.03932332
K= 1606
17248.0
K= 1607
162.0
K= 1608
9.76666666672
K= 1609
4317.75
K= 1610
14.9528138528
K= 1611
19.70392835
K= 1612
18.6764705882
K= 1613
5.45261437923
K= 1614
4148.0
K= 1615
4516.05566421
K= 1616
21.4712326562
K= 1617
4774.91773042
K= 1618
7.96869796875
K= 1619
4482.16904762
K= 1620
11.4666666667
K= 1621
11.5166666667
K= 1622
8640.86114739
K= 1623
8626.0
K= 1624
3066.49315595
K= 1625
4143.0
K= 1626
31.7809831317
K= 1627
12755.3333333
K= 1628
8104.70881103
K= 1629
4487.60634921
K= 1630
547.758333333
K= 1631
11981.0023088
K= 1632
4881.00800588
K= 1633
4912.00606061
K= 1634
4847.13908581
K= 1635
8.34444444452
K= 1636
15.326722028
K= 1637
156.0
K= 1638
4896.20448423
K= 1639
4774.91773042
K= 1640
15.3053724054
K= 1641
8535.0
K= 1642
4499.86114739
K= 1643
10.85
K= 1644
8.97142857127
K= 1645
4874.50711788
K= 1646
4317.75
K= 1647
4608.75079365
K= 1648
11778.2268646
K= 1649
28.9257620451
K= 1650
4747.06693043
K= 1651
11.6
K= 1652
4849.17125652
K= 1653
4650.2320821
K= 1654
4487.01190476
K= 1655
141.0
K= 1656
11.5166666667
K= 1657
13117.0
K= 1658
23.256262247
K= 1659
6.97222222213
K= 1660
10.2000000001
K= 1661
4800.75079365
K= 1662
8633.0
K= 1663
4619.75206249
K= 1664
4873.56666667
K= 1665
7.55920329667
K= 1666
696.236736816
K= 1667
4497.70392835
K= 1668
19.70392835
K= 1669
4486.00718356
K= 1670
8.81556669448
K= 1671
4753.38100462
K= 1672
4148.0
K= 1673
4484.83888889
K= 1674
490.782142857
K= 1675
39.2848751094
K= 1676
36.0904761906
K= 1677
16.0
K= 1678
23.4298701298
K= 1679
8626.0
K= 1680
525.770202594
K= 1681
5.10039738193
K= 1682
357.685896471
K= 1683
4898.53571429
K= 1684
4870.6989232
K= 1685
7.71994949493
K= 1686
4317.75
K= 1687
19.70392835
K= 1688
11.5166666667
K= 1689
5.78333333333
K= 1690
32.0
K= 1691
11.1310457516
K= 1692
158.0
K= 1693
24.9907239563
K= 1694
8839.0
K= 1695
4148.0
K= 1696
358.504268438
K= 1697
314.709577922
K= 1698
433.2
K= 1699
9.05277777778
K= 1700
9641.62338008
K= 1701
4594.4162776
K= 1702
4891.20343497
K= 1703
11.6
K= 1704
4497.70392835
K= 1705
4566.0
K= 1706
409.662024318
K= 1707
4487.00669856
K= 1708
6.69882478635
K= 1709
4497.70392835
K= 1710
4486.16904762
K= 1711
2889.24584986
K= 1712
437.088997114
K= 1713
4495.51666667
K= 1714
19.70392835
K= 1715
4800.75079365
K= 1716
8621.34533147
K= 1717
17.5288440726
K= 1718
11.4666666667
K= 1719
4099.91954615
K= 1720
8.2666666666
K= 1721
8626.0
K= 1722
13.5838744588
K= 1723
8624.0
K= 1724
12.4277777778
K= 1725
19.5237812912
K= 1726
380.701228511
K= 1727
8829.0
K= 1728
19.70392835
K= 1729
4689.30208933
K= 1730
4911.91666667
K= 1731
8608.0
K= 1732
4141.0
K= 1733
10.2
K= 1734
5.65128933848
K= 1735
4868.50711788
K= 1736
4182.0
K= 1737
8.84444444452
K= 1738
4875.84126984
K= 1739
43.7222947804
K= 1740
8.02380952379
K= 1741
4598.88155857
K= 1742
4805.45172548
K= 1743
4918.23333333
K= 1744
9.91248547914
K= 1745
39.8154255061
K= 1746
147.0
K= 1747
4865.12344902
K= 1748
6.5863247863
K= 1749
23.0333333333
K= 1750
4489.51666667
K= 1751
9.30844155839
K= 1752
110.0
K= 1753
4273.5
K= 1754
8625.0
K= 1755
7.28760822501
K= 1756
16.0
K= 1757
4834.99366321
K= 1758
4801.0361639
K= 1759
4734.39761905
K= 1760
11708.8580257
K= 1761
8.17777777778
K= 1762
6.40473688371
K= 1763
4817.86825397
K= 1764
9.69999999995
K= 1765
5008.57857143
K= 1766
184.583333333
K= 1767
4317.75
K= 1768
4486.15714286
K= 1769
8.15714285721
K= 1770
138.0
K= 1771
16.6888888889
K= 1772
4166.0
K= 1773
8633.0
K= 1774
19.70392835
K= 1775
8839.0
K= 1776
49.7707796288
K= 1777
4518.0
K= 1778
134.0
K= 1779
4497.70392835
K= 1780
4752.44577225
K= 1781
4885.94130592
K= 1782
18.9333333335
K= 1783
5.91302294203
K= 1784
4478.70392835
K= 1785
8624.0
K= 1786
4253.84967179
K= 1787
126.0
K= 1788
11.7452380952
K= 1789
4317.75
K= 1790
169.634570201
K= 1791
8.36590909085
K= 1792
8626.0
K= 1793
11.0166666667
K= 1794
5.85725838714
K= 1795
136.5
K= 1796
3978.29904878
K= 1797
13.7583466991
K= 1798
37.2185601395
K= 1799
32.7285714287
K= 1800
19.70392835
K= 1801
116.833333333
K= 1802
8577.0
K= 1803
4487.36666667
K= 1804
8.05238095229
K= 1805
11672.8570563
K= 1806
19.70392835
K= 1807
19.70392835
K= 1808
80.8847816197
K= 1809
7.31190476194
K= 1810
19.70392835
K= 1811
12.875
K= 1812
8624.0
K= 1813
7.84444444452
K= 1814
8.1690476191
K= 1815
5.78650793654
K= 1816
4792.91794059
K= 1817
6630.13973243
K= 1818
8.82857142843
K= 1819
396.135324158
K= 1820
13444.4761905
K= 1821
7.41904761898
K= 1822
19.70392835
K= 1823
4800.75079365
K= 1824
4439.17586263
K= 1825
8633.0
K= 1826
9557.2288363
K= 1827
27.697764018
K= 1828
493.206870155
K= 1829
11.4095238096
K= 1830
141.0
K= 1831
70.5441308692
K= 1832
19.70392835
K= 1833
4868.50711788
K= 1834
4894.9574642
K= 1835
4486.83333333
K= 1836
5102.6363642
K= 1837
186.533333333
K= 1838
33.067436151
K= 1839
13.9952380952
K= 1840
7.83088098816
K= 1841
39.2433545986
K= 1842
64.3723002684
K= 1843
11.2666666667
K= 1844
4768.75141329
K= 1845
10.6
K= 1846
19.70392835
K= 1847
8621.0
K= 1848
42.2007832446
K= 1849
11.0166666667
K= 1850
9.49523809517
K= 1851
4317.75
K= 1852
15.7779620545
K= 1853
4220.0
K= 1854
132.0
K= 1855
400.001225223
K= 1856
10.2
K= 1857
4486.97142857
K= 1858
43.0635283425
K= 1859
4774.91773042
K= 1860
4317.75
K= 1861
4656.03333333
K= 1862
537.536525974
K= 1863
8565.0
K= 1864
22.5333333333
K= 1865
4849.2852938
K= 1866
21.7880952382
K= 1867
145.0
K= 1868
4317.75
K= 1869
158.484848485
K= 1870
155.0
K= 1871
6.63864733151
K= 1872
13.0570112894
K= 1873
4317.75
K= 1874
5.22238766972
K= 1875
4605.52142857
K= 1876
8625.0
K= 1877
11.568518179
K= 1878
12.5
K= 1879
7.67662337667
K= 1880
129.647681843
K= 1881
8621.0
K= 1882
9.04166666663
K= 1883
11.5166666667
K= 1884
129.0
K= 1885
4485.71994949
K= 1886
11707.7394624
K= 1887
12.1166666667
K= 1888
10.7999999999
K= 1889
369.949758575
K= 1890
8839.0
K= 1891
4589.0
K= 1892
8.71904761903
K= 1893
8633.0
K= 1894
4488.13519438
K= 1895
449.166666667
K= 1896
4619.0
K= 1897
4854.52950614
K= 1898
5102.6363642
K= 1899
8.86904761905
K= 1900
210.76037336
K= 1901
4462.0
K= 1902
6.48888888897
K= 1903
8618.0
K= 1904
3033.30071309
K= 1905
6.30730837781
K= 1906
19.20392835
K= 1907
5.70001420868
K= 1908
4485.97510823
K= 1909
25.3663341759
K= 1910
9.6063492063
K= 1911
10.8666666667
K= 1912
7.3023809524
K= 1913
19.70392835
K= 1914
524.928571429
K= 1915
322.465079365
K= 1916
4662.58333333
K= 1917
19.70392835
K= 1918
5.86159844056
K= 1919
4895.97428316
K= 1920
4868.34394636
K= 1921
4817.86825397
K= 1922
185.583333333
K= 1923
5141.52973088
K= 1924
6.18924115098
K= 1925
9.63809523801
K= 1926
4182.0
K= 1927
491.284126985
K= 1928
5746.02605257
K= 1929
8.20952380949
K= 1930
105.618902847
K= 1931
20.0451989349
K= 1932
873.16270902
K= 1933
4839.44047619
K= 1934
141.0
K= 1935
136.0
K= 1936
62.1782387495
K= 1937
18.2334325397
K= 1938
11.6
K= 1939
10.3666666667
K= 1940
4556.0
K= 1941
32.6815336477
K= 1942
4813.61105245
K= 1943
177.106501641
K= 1944
8626.0
K= 1945
4594.0
K= 1946
9.06666666665
K= 1947
25.8618230869
K= 1948
4516.23214286
K= 1949
28.105657193
K= 1950
403.071950339
K= 1951
4800.75079365
K= 1952
4317.75
K= 1953
4876.68333333
K= 1954
6.02079293248
K= 1955
4379.0
K= 1956
410.401696377
K= 1957
5.29883289128
K= 1958
19.0237812912
K= 1959
589.131666667
K= 1960
382.698785477
K= 1961
19.70392835
K= 1962
4484.20995671
K= 1963
10.4285714286
K= 1964
4902.59206349
K= 1965
6.68895636534
K= 1966
4317.75
K= 1967
157.0
K= 1968
4876.08678168
K= 1969
301.244047619
K= 1970
196.9
K= 1971
54.1024161221
K= 1972
4868.50711788
K= 1973
201.583333333
K= 1974
4148.0
K= 1975
4148.0
K= 1976
37.159395588
K= 1977
767.533206608
K= 1978
4774.91773042
K= 1979
8959.89844385
K= 1980
168.2
K= 1981
8.31904761912
K= 1982
19.70392835
K= 1983
9587.30368424
K= 1984
106.0
K= 1985
11.4333333333
K= 1986
4504.87326433
K= 1987
2860.05504896
K= 1988
48.3928571428
K= 1989
4148.0
K= 1990
4486.16190476
K= 1991
4842.2320821
K= 1992
174.583333333
K= 1993
7.71666666667
K= 1994
5102.6363642
K= 1995
201.583333333
K= 1996
4839.44047619
K= 1997
19.2023809524
K= 1998
7.21994949493
K= 1999
19.70392835
K= 2000
9.16190476192
K= 2001
4880.56666667
K= 2002
4847.13908581
K= 2003
4317.75
K= 2004
4955.58333333
K= 2005
11.4095238096
K= 2006
268.0
K= 2007
4694.24680356
K= 2008
5008.57857143
K= 2009
143.0
K= 2010
5.9715072182
K= 2011
104.5
K= 2012
10.4
K= 2013
6.27257448423
K= 2014
5.83003663004
K= 2015
4800.75079365
K= 2016
110.75
K= 2017
31.482074752
K= 2018
19.1992424243
K= 2019
11.6
K= 2020
10.5952380953
K= 2021
11.5166666667
K= 2022
4572.91773042
K= 2023
7.0166666666
K= 2024
4589.25
K= 2025
1400.18853782
K= 2026
4800.75079365
K= 2027
477.25
K= 2028
10.7999999999
K= 2029
4870.46071429
K= 2030
22.0261904763
K= 2031
5.67340067332
K= 2032
17921.4944928
K= 2033
9.8666666667
K= 2034
4910.30238095
K= 2035
4899.42857143
K= 2036
33.7797979799
K= 2037
111.0
K= 2038
5002.3452381
K= 2039
4148.0
K= 2040
63.5580461208
K= 2041
4317.75
K= 2042
40.9749776954
K= 2043
3777.86763552
K= 2044
37.0447052949
K= 2045
225.0
K= 2046
8622.75
K= 2047
17.6571428571
K= 2048
8633.0
K= 2049
22.5333333333
K= 2050
19.70392835
K= 2051
8573.75
K= 2052
4497.66045009
K= 2053
4497.70392835
K= 2054
19.70392835
K= 2055
8546.0
K= 2056
414.698088023
K= 2057
4837.46250955
K= 2058
16.1407894737
K= 2059
11664.0395363
K= 2060
4831.13908581
K= 2061
654.703753538
K= 2062
9.50520590518
K= 2063
9.06666666665
K= 2064
4874.50711788
K= 2065
4147.0
K= 2066
8.2666666666
K= 2067
30.7143841189
K= 2068
393.397910831
K= 2069
4551.87326433
K= 2070
11694.1194996
K= 2071
10.7999999999
K= 2072
6.29848484846
K= 2073
3697.41329039
K= 2074
19.20392835
K= 2075
4823.74550523
K= 2076
19.70392835
K= 2077
161.15
K= 2078
11.5166666667
K= 2079
8839.0
K= 2080
4857.13917096
K= 2081
8.17662337667
K= 2082
4874.57259858
K= 2083
4484.5156746
K= 2084
43.0635283425
K= 2085
18.6764705882
K= 2086
5102.6363642
K= 2087
18237.4869048
K= 2088
4863.93115357
K= 2089
48.7440476191
K= 2090
19.0704074153
K= 2091
5344.29688671
K= 2092
4884.75406574
K= 2093
483.0
K= 2094
303.366595833
K= 2095
8964.07142857
K= 2096
358.733791724
K= 2097
16.2388546685
K= 2098
458.266666666
K= 2099
4806.50711788
K= 2100
8839.0
K= 2101
313.973993008
K= 2102
4148.0
K= 2103
4629.0
K= 2104
198.583333333
K= 2105
8611.0
K= 2106
4905.23333333
K= 2107
4828.94975857
K= 2108
2799.72930206
K= 2109
4491.71428571
K= 2110
630.387916694
K= 2111
4485.8014763
K= 2112
8839.0
K= 2113
9.09523809515
K= 2114
16.4550000001
K= 2115
4888.85555556
K= 2116
13.2661976912
K= 2117
8839.0
K= 2118
7.1436507937
K= 2119
59.7269230769
K= 2120
4148.0
K= 2121
8633.0
K= 2122
16.4479365079
K= 2123
4628.0
K= 2124
140.295494687
K= 2125
4273.47160439
K= 2126
8839.0
K= 2127
203.333333333
K= 2128
374.724423307
K= 2129
4399.33333333
K= 2130
19.70392835
K= 2131
10.85
K= 2132
4612.0
K= 2133
38.6851851851
K= 2134
20.5526695529
K= 2135
4511.15834524
K= 2136
4317.75
K= 2137
28.105657193
K= 2138
40.0332833831
K= 2139
4317.75
K= 2140
4484.40972222
K= 2141
354.318010085
K= 2142
4317.75
K= 2143
4497.19924242
K= 2144
4497.70392835
K= 2145
411.165056022
K= 2146
4883.69612978
K= 2147
4483.86904762
K= 2148
356.59294723
K= 2149
4485.65714286
K= 2150
8626.0
K= 2151
4858.2936692
K= 2152
4182.0
K= 2153
4220.0
K= 2154
169.4
K= 2155
4317.75
K= 2156
19.70392835
K= 2157
19.70392835
K= 2158
4830.86825397
K= 2159
9309.16666667
K= 2160
4669.69862164
K= 2161
47.7042790542
K= 2162
9.04166666663
K= 2163
7.53571428568
K= 2164
7.86904761905
K= 2165
4902.30873016
K= 2166
10.8666666667
K= 2167
423.326190476
K= 2168
4618.0
K= 2169
4640.0
K= 2170
4.44999999995
K= 2171
8620.5
K= 2172
10.9095238096
K= 2173
6597.50044776
K= 2174
5227.85557254
K= 2175
19.70392835
K= 2176
6.83104575158
K= 2177
10.3666666667
K= 2178
4148.0
K= 2179
18.6764705882
K= 2180
11.5524093695
K= 2181
4624.0
K= 2182
27.4758592132
K= 2183
10.8666666667
K= 2184
4497.70392835
K= 2185
8839.0
K= 2186
8626.0
K= 2187
17.6524495458
K= 2188
4790.83852814
K= 2189
4629.0
K= 2190
125.088261738
K= 2191
3883.04755019
K= 2192
11.4095238096
K= 2193
16694.3333333
K= 2194
19.70392835
K= 2195
8608.5
K= 2196
4912.57857143
K= 2197
13.2999999999
K= 2198
10.2
K= 2199
36.2095460097
K= 2200
395.205408187
K= 2201
4779.0
K= 2202
8839.0
K= 2203
18.9904761905
K= 2204
4457.44105976
K= 2205
7.35317460319
K= 2206
4569.75079365
K= 2207
4566.0
K= 2208
19.70392835
K= 2209
4866.30669192
K= 2210
460.75
K= 2211
5102.6363642
K= 2212
981.817104063
K= 2213
4317.75
K= 2214
318.066930431
K= 2215
5200.39724328
K= 2216
6055.16886764
K= 2217
19.70392835
K= 2218
6.952991453
K= 2219
4317.75
K= 2220
8839.0
K= 2221
4497.70392835
K= 2222
12771.0
K= 2223
34.2023330599
K= 2224
13512.4445896
K= 2225
4846.20241703
K= 2226
4497.70392835
K= 2227
4317.75
K= 2228
17916.1077179
K= 2229
0.0
K= 2230
4832.40379998
K= 2231
17.5815628817
K= 2232
25.3631543122
K= 2233
4728.91773042
K= 2234
146.333333333
K= 2235
4148.0
K= 2236
8839.0
K= 2237
8.31682990922
K= 2238
114.0
K= 2239
225.473808232
K= 2240
19.70392835
K= 2241
375.183820672
K= 2242
17.6888888889
K= 2243
4148.0
K= 2244
4879.44047619
K= 2245
6.56277056283
K= 2246
6.1059078176
K= 2247
9.57216117217
K= 2248
11.5166666667
K= 2249
5.0
K= 2250
722.945963515
K= 2251
2560.73898254
K= 2252
4148.0
K= 2253
5631.19846561
K= 2254
16.5333333333
K= 2255
46.6818181818
K= 2256
323.13930581
K= 2257
8633.0
K= 2258
4148.0
K= 2259
4497.70392835
K= 2260
8839.0
K= 2261
7.41904761898
K= 2262
8633.0
K= 2263
19.70392835
K= 2264
11.5166666667
K= 2265
11.2666666667
K= 2266
23.3106442577
K= 2267
8558.5
K= 2268
8.57406841533
K= 2269
4484.0
K= 2270
11.6
K= 2271
4793.4152417
K= 2272
396.744433158
K= 2273
4603.09749695
K= 2274
91.885659322
K= 2275
4816.58387882
K= 2276
5.04026196036
K= 2277
8632.0
K= 2278
193.75
K= 2279
19.70392835
K= 2280
4698.75833333
K= 2281
8616.0
K= 2282
6.22943722946
K= 2283
14.1630144366
K= 2284
8.25277777773
K= 2285
4497.10602814
K= 2286
8.92857142841
K= 2287
139.0
K= 2288
19.70392835
K= 2289
423.075
K= 2290
4931.11736597
K= 2291
21.75
K= 2292
4817.86825397
K= 2293
8633.0
K= 2294
4607.75079365
K= 2295
131.0
K= 2296
2765.42802927
K= 2297
4148.0
K= 2298
19.70392835
K= 2299
10.5952380953
K= 2300
8839.0
K= 2301
4886.66847703
K= 2302
17.761904762
K= 2303
4486.00718356
K= 2304
186.533333333
K= 2305
4806.50711788
K= 2306
6.24670329667
K= 2307
156.0
K= 2308
153.083333333
K= 2309
4481.75623317
K= 2310
4836.0
K= 2311
8633.0
K= 2312
180.616666667
K= 2313
19.70392835
K= 2314
4806.50711788
K= 2315
4796.89218918
K= 2316
2.0
K= 2317
496.800692641
K= 2318
7.79855232488
K= 2319
479.970500333
K= 2320
10.5166666667
K= 2321
4848.34394636
K= 2322
764.777934288
K= 2323
3393.87128636
K= 2324
462.205870097
K= 2325
8.6166666667
K= 2326
4488.2
K= 2327
4868.50711788
K= 2328
4586.93832973
K= 2329
8626.0
K= 2330
4485.12662338
K= 2331
36.4663840673
K= 2332
238.075595238
K= 2333
12.7357142856
K= 2334
10.8666666667
K= 2335
10.3666666667
K= 2336
4601.0
K= 2337
20.0127253419
K= 2338
5687.40774005
K= 2339
9360.15727595
K= 2340
158.0
K= 2341
4317.75
K= 2342
8.06666666665
K= 2343
318.066930431
K= 2344
4608.75079365
K= 2345
4148.0
K= 2346
1242.34980245
K= 2347
26.4116123094
K= 2348
4663.53333333
K= 2349
8626.0
K= 2350
8839.0
Betweenness Centrality Improvement
[ 20.60340189   8.26666667  11.40952381 ...,   0.           0.           0.        ]
Top 20 BC Improvement
[1589 2087 2032 2228 1508 1599 1606 1217 2193 2224  681 1820 1499 1657 2222
 1627  416 1631 1648  364]
